06/08/2022 10:48:14.842 - oc_logger - INFO - The optimization direction is minimization
06/08/2022 10:48:14.842 - oc_logger - INFO - QuOCS version number: 0.0.22
06/08/2022 10:48:15.441 - oc_logger - INFO - Function evaluation number: 1, FoM: 0.59368752477903
06/08/2022 10:48:15.810 - oc_logger - INFO - Function evaluation number: 2, FoM: 0.576302919027458
06/08/2022 10:48:16.271 - oc_logger - INFO - Function evaluation number: 3, FoM: 0.549951393517145
06/08/2022 10:48:16.681 - oc_logger - INFO - Function evaluation number: 4, FoM: 0.5287912425705914
06/08/2022 10:48:17.009 - oc_logger - INFO - Function evaluation number: 5, FoM: 0.4900537688161961
06/08/2022 10:48:17.354 - oc_logger - INFO - Function evaluation number: 6, FoM: 0.4558649754297067
06/08/2022 10:48:17.733 - oc_logger - INFO - Function evaluation number: 7, FoM: 0.3829777704620009
06/08/2022 10:48:18.055 - oc_logger - INFO - Function evaluation number: 8, FoM: 0.3068777999719051
06/08/2022 10:48:18.396 - oc_logger - INFO - Function evaluation number: 9, FoM: 0.172404810993674
06/08/2022 10:48:18.725 - oc_logger - INFO - Function evaluation number: 10, FoM: 0.06746083353686438
06/08/2022 10:48:19.087 - oc_logger - INFO - Function evaluation number: 11, FoM: 0.061056913633475096
06/08/2022 10:48:19.419 - oc_logger - INFO - Function evaluation number: 12, FoM: 0.06139445547964817
06/08/2022 10:48:19.756 - oc_logger - INFO - Function evaluation number: 13, FoM: 0.17086083297051702
06/08/2022 10:48:20.076 - oc_logger - INFO - Function evaluation number: 14, FoM: 0.008597077712811041
06/08/2022 10:48:20.439 - oc_logger - INFO - Function evaluation number: 15, FoM: 0.07708198851947556
06/08/2022 10:48:20.766 - oc_logger - INFO - Function evaluation number: 16, FoM: 0.06764959984041052
06/08/2022 10:48:21.086 - oc_logger - INFO - Function evaluation number: 17, FoM: 0.07236453681347577
06/08/2022 10:48:21.465 - oc_logger - INFO - Function evaluation number: 18, FoM: 0.03941223611815858
06/08/2022 10:48:21.788 - oc_logger - INFO - Function evaluation number: 19, FoM: 0.06599138675844285
06/08/2022 10:48:22.110 - oc_logger - INFO - Function evaluation number: 20, FoM: 0.01571406759822669
06/08/2022 10:48:22.484 - oc_logger - INFO - Function evaluation number: 21, FoM: 0.05905021306406111
06/08/2022 10:48:22.878 - oc_logger - INFO - Function evaluation number: 22, FoM: 0.019937228165150422
06/08/2022 10:48:23.214 - oc_logger - INFO - Function evaluation number: 23, FoM: 0.029598371602250206
06/08/2022 10:48:23.574 - oc_logger - INFO - Function evaluation number: 24, FoM: 0.008824020250069786
06/08/2022 10:48:23.902 - oc_logger - INFO - Function evaluation number: 25, FoM: 0.029779276487525763
06/08/2022 10:48:24.277 - oc_logger - INFO - Function evaluation number: 26, FoM: 0.003099616068438782
06/08/2022 10:48:24.606 - oc_logger - INFO - Function evaluation number: 27, FoM: 0.0033485160502602085
06/08/2022 10:48:24.944 - oc_logger - INFO - Function evaluation number: 28, FoM: 0.015847338701908797
06/08/2022 10:48:25.305 - oc_logger - INFO - Function evaluation number: 29, FoM: 0.002789579680146259
06/08/2022 10:48:25.631 - oc_logger - INFO - Function evaluation number: 30, FoM: 0.00302625426162928
06/08/2022 10:48:25.972 - oc_logger - INFO - Function evaluation number: 31, FoM: 0.008711183352778207
06/08/2022 10:48:26.312 - oc_logger - INFO - Function evaluation number: 32, FoM: 7.01194334981059e-05
06/08/2022 10:48:26.707 - oc_logger - INFO - Function evaluation number: 33, FoM: 0.00031420444190333185
06/08/2022 10:48:27.054 - oc_logger - INFO - Function evaluation number: 34, FoM: 0.003223416052056227
06/08/2022 10:48:27.425 - oc_logger - INFO - Function evaluation number: 35, FoM: 0.0013054186676619839
06/08/2022 10:48:27.780 - oc_logger - INFO - Function evaluation number: 36, FoM: 0.0017011511701374715
06/08/2022 10:48:28.179 - oc_logger - INFO - Function evaluation number: 37, FoM: 0.0005585437549222583
06/08/2022 10:48:28.544 - oc_logger - INFO - Function evaluation number: 38, FoM: 0.000944750160543073
06/08/2022 10:48:28.876 - oc_logger - INFO - Function evaluation number: 39, FoM: 0.00018391160449726662
06/08/2022 10:48:29.272 - oc_logger - INFO - Function evaluation number: 40, FoM: 0.000424811795509461
06/08/2022 10:48:29.626 - oc_logger - INFO - Function evaluation number: 41, FoM: 0.0001281163127634377
06/08/2022 10:48:29.965 - oc_logger - INFO - Function evaluation number: 42, FoM: 0.00038226924599238377
06/08/2022 10:48:30.315 - oc_logger - INFO - Function evaluation number: 43, FoM: 4.258832296843984e-05
06/08/2022 10:48:30.748 - oc_logger - INFO - Function evaluation number: 44, FoM: 9.985655566357998e-05
06/08/2022 10:48:31.089 - oc_logger - INFO - Function evaluation number: 45, FoM: 4.321410247021262e-05
06/08/2022 10:48:31.415 - oc_logger - INFO - Function evaluation number: 46, FoM: 0.0001558756153146046
06/08/2022 10:48:31.759 - oc_logger - INFO - Function evaluation number: 47, FoM: 1.3527520953626748e-05
06/08/2022 10:48:32.214 - oc_logger - INFO - Function evaluation number: 48, FoM: 1.4368971680611686e-05
06/08/2022 10:48:32.530 - oc_logger - INFO - Function evaluation number: 49, FoM: 7.03446626599824e-05
06/08/2022 10:48:32.871 - oc_logger - INFO - Function evaluation number: 50, FoM: 1.4378367430678551e-05
06/08/2022 10:48:33.286 - oc_logger - INFO - Function evaluation number: 51, FoM: 4.208812603545553e-05
06/08/2022 10:48:33.639 - oc_logger - INFO - Function evaluation number: 52, FoM: 2.6756674320616014e-07
06/08/2022 10:48:33.974 - oc_logger - INFO - Function evaluation number: 53, FoM: 7.518117612903552e-07
06/08/2022 10:48:34.308 - oc_logger - INFO - Function evaluation number: 54, FoM: 1.4745149376382827e-05
06/08/2022 10:48:34.675 - oc_logger - INFO - Function evaluation number: 55, FoM: 6.457897955391978e-06
06/08/2022 10:48:35.000 - oc_logger - INFO - Function evaluation number: 56, FoM: 7.67843722360162e-06
06/08/2022 10:48:35.340 - oc_logger - INFO - Function evaluation number: 57, FoM: 2.92345030661334e-06
06/08/2022 10:48:35.697 - oc_logger - INFO - Function evaluation number: 58, FoM: 4.144717281828747e-06
06/08/2022 10:48:36.094 - oc_logger - INFO - Function evaluation number: 59, FoM: 1.1563174460160752e-06
06/08/2022 10:48:36.430 - oc_logger - INFO - Function evaluation number: 60, FoM: 2.3777663498147916e-06
06/08/2022 10:48:36.766 - oc_logger - INFO - Function evaluation number: 61, FoM: 2.7277375791445735e-07
06/08/2022 10:48:37.161 - oc_logger - INFO - Function evaluation number: 62, FoM: 1.1584720577273444e-06
06/08/2022 10:48:37.508 - oc_logger - INFO - Function evaluation number: 63, FoM: 4.4399044485388117e-07
06/08/2022 10:48:37.839 - oc_logger - INFO - Function evaluation number: 64, FoM: 5.110922421946995e-07
06/08/2022 10:48:38.160 - oc_logger - INFO - Function evaluation number: 65, FoM: 2.476608922385992e-07
06/08/2022 10:48:38.532 - oc_logger - INFO - Function evaluation number: 66, FoM: 7.616096444618137e-07
06/08/2022 10:48:38.874 - oc_logger - INFO - Function evaluation number: 67, FoM: 1.032243956977652e-08
06/08/2022 10:48:39.230 - oc_logger - INFO - Function evaluation number: 68, FoM: 1.3788947494930426e-07
06/08/2022 10:48:39.576 - oc_logger - INFO - Function evaluation number: 69, FoM: 3.526271825649019e-07
06/08/2022 10:48:39.955 - oc_logger - INFO - Function evaluation number: 70, FoM: 1.037114971680353e-07
06/08/2022 10:48:40.275 - oc_logger - INFO - Function evaluation number: 71, FoM: 1.4883846288782365e-07
06/08/2022 10:48:40.610 - oc_logger - INFO - Function evaluation number: 72, FoM: 2.5885040888518063e-08
06/08/2022 10:48:40.977 - oc_logger - INFO - Function evaluation number: 73, FoM: 1.0629943225648475e-07
06/08/2022 10:48:41.292 - oc_logger - INFO - Function evaluation number: 74, FoM: 5.133147440439245e-08
06/08/2022 10:48:41.629 - oc_logger - INFO - Function evaluation number: 75, FoM: 5.367398703270965e-08
06/08/2022 10:48:41.955 - oc_logger - INFO - Function evaluation number: 76, FoM: 2.5110787005289126e-08
06/08/2022 10:48:42.330 - oc_logger - INFO - Function evaluation number: 77, FoM: 3.5755344240939735e-08
06/08/2022 10:48:42.656 - oc_logger - INFO - Function evaluation number: 78, FoM: 4.575422263286555e-10
06/08/2022 10:48:42.657 - oc_logger - INFO - Figure of merit : 4.575422263286555e-10
06/08/2022 10:48:42.657 - oc_logger - INFO - parameters : [7.04260774 0.56597122]
06/08/2022 10:48:42.657 - oc_logger - INFO - terminate_reason : Convergence of the simplex.
