06/08/2022 08:32:25.933 - oc_logger - INFO - The optimization direction is minimization
06/08/2022 08:32:25.934 - oc_logger - INFO - QuOCS version number: 0.0.22
06/08/2022 08:32:25.952 - oc_logger - INFO - Function evaluation number: 1, FoM: 0.5936875247790295
06/08/2022 08:32:25.960 - oc_logger - INFO - Function evaluation number: 2, FoM: 0.6000269000704239
06/08/2022 08:32:25.964 - oc_logger - INFO - Function evaluation number: 3, FoM: 0.6295175858665107
06/08/2022 08:32:25.968 - oc_logger - INFO - Function evaluation number: 4, FoM: 0.5545733988547334
06/08/2022 08:32:25.975 - oc_logger - INFO - Function evaluation number: 5, FoM: 0.5038030166977738
06/08/2022 08:32:25.979 - oc_logger - INFO - Function evaluation number: 6, FoM: 0.4942388939083818
06/08/2022 08:32:25.983 - oc_logger - INFO - Function evaluation number: 7, FoM: 0.42732807301909526
06/08/2022 08:32:25.989 - oc_logger - INFO - Function evaluation number: 8, FoM: 0.3024341060737181
06/08/2022 08:32:25.994 - oc_logger - INFO - Function evaluation number: 9, FoM: 0.13459782777980833
06/08/2022 08:32:25.998 - oc_logger - INFO - Function evaluation number: 10, FoM: 0.059436263160972835
06/08/2022 08:32:26.003 - oc_logger - INFO - Function evaluation number: 11, FoM: 0.06676690343608382
06/08/2022 08:32:26.013 - oc_logger - INFO - Function evaluation number: 12, FoM: 0.07543155930386769
06/08/2022 08:32:26.019 - oc_logger - INFO - Function evaluation number: 13, FoM: 0.06994927877342172
06/08/2022 08:32:26.025 - oc_logger - INFO - Function evaluation number: 14, FoM: 0.002484657961829395
06/08/2022 08:32:26.030 - oc_logger - INFO - Function evaluation number: 15, FoM: 0.07400011295770959
06/08/2022 08:32:26.034 - oc_logger - INFO - Function evaluation number: 16, FoM: 0.3428672127830218
06/08/2022 08:32:26.040 - oc_logger - INFO - Function evaluation number: 17, FoM: 0.060947642367189525
06/08/2022 08:32:26.049 - oc_logger - INFO - Function evaluation number: 18, FoM: 0.1721915380954192
06/08/2022 08:32:26.054 - oc_logger - INFO - Function evaluation number: 19, FoM: 0.026122560745744705
06/08/2022 08:32:26.059 - oc_logger - INFO - Function evaluation number: 20, FoM: 0.06171423175660551
06/08/2022 08:32:26.064 - oc_logger - INFO - Function evaluation number: 21, FoM: 0.019272364235803474
06/08/2022 08:32:26.069 - oc_logger - INFO - Function evaluation number: 22, FoM: 0.0497468188564526
06/08/2022 08:32:26.074 - oc_logger - INFO - Function evaluation number: 23, FoM: 0.01000659657756442
06/08/2022 08:32:26.081 - oc_logger - INFO - Function evaluation number: 24, FoM: 0.028300453503082634
06/08/2022 08:32:26.087 - oc_logger - INFO - Function evaluation number: 25, FoM: 0.006064331218740282
06/08/2022 08:32:26.094 - oc_logger - INFO - Function evaluation number: 26, FoM: 0.01432679975447615
06/08/2022 08:32:26.099 - oc_logger - INFO - Function evaluation number: 27, FoM: 0.004240862104410104
06/08/2022 08:32:26.105 - oc_logger - INFO - Function evaluation number: 28, FoM: 0.0122941725629655
06/08/2022 08:32:26.110 - oc_logger - INFO - Function evaluation number: 29, FoM: 0.0012875191476479086
06/08/2022 08:32:26.114 - oc_logger - INFO - Function evaluation number: 30, FoM: 0.0031054025150777376
06/08/2022 08:32:26.120 - oc_logger - INFO - Function evaluation number: 31, FoM: 0.0012381394196810946
06/08/2022 08:32:26.128 - oc_logger - INFO - Function evaluation number: 32, FoM: 0.005089093867204797
06/08/2022 08:32:26.133 - oc_logger - INFO - Function evaluation number: 33, FoM: 0.0006210399400679023
06/08/2022 08:32:26.138 - oc_logger - INFO - Function evaluation number: 34, FoM: 0.0006688356470372359
06/08/2022 08:32:26.147 - oc_logger - INFO - Function evaluation number: 35, FoM: 0.0025085957677666304
06/08/2022 08:32:26.151 - oc_logger - INFO - Function evaluation number: 36, FoM: 0.00029397413535370287
06/08/2022 08:32:26.158 - oc_logger - INFO - Function evaluation number: 37, FoM: 0.0003431168947790608
06/08/2022 08:32:26.167 - oc_logger - INFO - Function evaluation number: 38, FoM: 0.0012625509780178623
06/08/2022 08:32:26.174 - oc_logger - INFO - Function evaluation number: 39, FoM: 0.0001520092575533205
06/08/2022 08:32:26.179 - oc_logger - INFO - Function evaluation number: 40, FoM: 0.0001999229908555833
06/08/2022 08:32:26.183 - oc_logger - INFO - Function evaluation number: 41, FoM: 0.0006452150503941656
06/08/2022 08:32:26.189 - oc_logger - INFO - Function evaluation number: 42, FoM: 5.870965023369035e-05
06/08/2022 08:32:26.195 - oc_logger - INFO - Function evaluation number: 43, FoM: 0.00010779310685993249
06/08/2022 08:32:26.201 - oc_logger - INFO - Function evaluation number: 44, FoM: 0.0003182675710879934
06/08/2022 08:32:26.206 - oc_logger - INFO - Function evaluation number: 45, FoM: 3.4556791872697445e-05
06/08/2022 08:32:26.211 - oc_logger - INFO - Function evaluation number: 46, FoM: 8.250001490384129e-05
06/08/2022 08:32:26.216 - oc_logger - INFO - Function evaluation number: 47, FoM: 3.541075012547523e-05
06/08/2022 08:32:26.224 - oc_logger - INFO - Function evaluation number: 48, FoM: 0.000128764997681996
06/08/2022 08:32:26.229 - oc_logger - INFO - Function evaluation number: 49, FoM: 1.1792996124970756e-05
06/08/2022 08:32:26.237 - oc_logger - INFO - Function evaluation number: 50, FoM: 1.2948754114616712e-05
06/08/2022 08:32:26.244 - oc_logger - INFO - Function evaluation number: 51, FoM: 5.911463363317271e-05
06/08/2022 08:32:26.250 - oc_logger - INFO - Function evaluation number: 52, FoM: 1.1150935072645751e-05
06/08/2022 08:32:26.255 - oc_logger - INFO - Function evaluation number: 53, FoM: 1.193995982484708e-05
06/08/2022 08:32:26.260 - oc_logger - INFO - Function evaluation number: 54, FoM: 5.882351499009175e-06
06/08/2022 08:32:26.265 - oc_logger - INFO - Function evaluation number: 55, FoM: 2.885800426932761e-05
06/08/2022 08:32:26.271 - oc_logger - INFO - Function evaluation number: 56, FoM: 1.608577783529519e-06
06/08/2022 08:32:26.277 - oc_logger - INFO - Function evaluation number: 57, FoM: 7.1268404655544515e-06
06/08/2022 08:32:26.282 - oc_logger - INFO - Function evaluation number: 58, FoM: 2.460665797565653e-06
06/08/2022 08:32:26.285 - oc_logger - INFO - Function evaluation number: 59, FoM: 9.922380522109364e-06
06/08/2022 08:32:26.293 - oc_logger - INFO - Function evaluation number: 60, FoM: 1.9313318522229395e-06
06/08/2022 08:32:26.296 - oc_logger - INFO - Function evaluation number: 61, FoM: 2.725668720948704e-06
06/08/2022 08:32:26.300 - oc_logger - INFO - Function evaluation number: 62, FoM: 1.1394908412398763e-06
06/08/2022 08:32:26.305 - oc_logger - INFO - Function evaluation number: 63, FoM: 4.672458003951441e-06
06/08/2022 08:32:26.308 - oc_logger - INFO - Function evaluation number: 64, FoM: 2.821708575684312e-07
06/08/2022 08:32:26.309 - oc_logger - INFO - Figure of merit : 2.821708575684312e-07
06/08/2022 08:32:26.310 - oc_logger - INFO - parameters : [ 5.7142778  -0.41151998]
06/08/2022 08:32:26.310 - oc_logger - INFO - terminate_reason : Convergence of the simplex.
