06/06/2022 06:23:15.898 - oc_logger - INFO - The optimization direction is minimization
06/06/2022 06:23:15.898 - oc_logger - INFO - QuOCS version number: 0.0.22
06/06/2022 06:23:15.898 - oc_logger - INFO - Direct search start time has been reset.
06/06/2022 06:23:15.902 - oc_logger - INFO - New record achieved. Previous FoM: 10000000000.0, new best FoM : 0.5221193463888141
06/06/2022 06:23:15.902 - oc_logger - INFO - Function evaluation number: 1, SI: 1, Sub-iteration number: 0, FoM: 0.5221193463888141
06/06/2022 06:23:15.908 - oc_logger - INFO - New record achieved. Previous FoM: 0.5221193463888141, new best FoM : 0.5168504646765315
06/06/2022 06:23:15.908 - oc_logger - INFO - Function evaluation number: 2, SI: 1, Sub-iteration number: 0, FoM: 0.5168504646765315
06/06/2022 06:23:15.912 - oc_logger - INFO - Function evaluation number: 3, SI: 1, Sub-iteration number: 0, FoM: 0.5283151826489038
06/06/2022 06:23:15.915 - oc_logger - INFO - New record achieved. Previous FoM: 0.5168504646765315, new best FoM : 0.5082097012529161
06/06/2022 06:23:15.915 - oc_logger - INFO - Function evaluation number: 4, SI: 1, Sub-iteration number: 1, FoM: 0.5082097012529161
06/06/2022 06:23:15.919 - oc_logger - INFO - New record achieved. Previous FoM: 0.5082097012529161, new best FoM : 0.4941559400615264
06/06/2022 06:23:15.919 - oc_logger - INFO - Function evaluation number: 5, SI: 1, Sub-iteration number: 1, FoM: 0.4941559400615264
06/06/2022 06:23:15.923 - oc_logger - INFO - New record achieved. Previous FoM: 0.4941559400615264, new best FoM : 0.48478019487165835
06/06/2022 06:23:15.923 - oc_logger - INFO - Function evaluation number: 6, SI: 1, Sub-iteration number: 2, FoM: 0.48478019487165835
06/06/2022 06:23:15.926 - oc_logger - INFO - New record achieved. Previous FoM: 0.48478019487165835, new best FoM : 0.4577527111627263
06/06/2022 06:23:15.926 - oc_logger - INFO - Function evaluation number: 7, SI: 1, Sub-iteration number: 2, FoM: 0.4577527111627263
06/06/2022 06:23:15.930 - oc_logger - INFO - New record achieved. Previous FoM: 0.4577527111627263, new best FoM : 0.42041301311537405
06/06/2022 06:23:15.930 - oc_logger - INFO - Function evaluation number: 8, SI: 1, Sub-iteration number: 3, FoM: 0.42041301311537405
06/06/2022 06:23:15.934 - oc_logger - INFO - New record achieved. Previous FoM: 0.42041301311537405, new best FoM : 0.35038501430833324
06/06/2022 06:23:15.934 - oc_logger - INFO - Function evaluation number: 9, SI: 1, Sub-iteration number: 3, FoM: 0.35038501430833324
06/06/2022 06:23:15.937 - oc_logger - INFO - New record achieved. Previous FoM: 0.35038501430833324, new best FoM : 0.2909054812462285
06/06/2022 06:23:15.937 - oc_logger - INFO - Function evaluation number: 10, SI: 1, Sub-iteration number: 4, FoM: 0.2909054812462285
06/06/2022 06:23:15.941 - oc_logger - INFO - New record achieved. Previous FoM: 0.2909054812462285, new best FoM : 0.16565059027211038
06/06/2022 06:23:15.941 - oc_logger - INFO - Function evaluation number: 11, SI: 1, Sub-iteration number: 4, FoM: 0.16565059027211038
06/06/2022 06:23:15.945 - oc_logger - INFO - New record achieved. Previous FoM: 0.16565059027211038, new best FoM : 0.056106947350730296
06/06/2022 06:23:15.945 - oc_logger - INFO - Function evaluation number: 12, SI: 1, Sub-iteration number: 5, FoM: 0.056106947350730296
06/06/2022 06:23:15.949 - oc_logger - INFO - New record achieved. Previous FoM: 0.056106947350730296, new best FoM : 0.020358291654567262
06/06/2022 06:23:15.949 - oc_logger - INFO - Function evaluation number: 13, SI: 1, Sub-iteration number: 5, FoM: 0.020358291654567262
06/06/2022 06:23:15.952 - oc_logger - INFO - Function evaluation number: 14, SI: 1, Sub-iteration number: 6, FoM: 0.05981698300414773
06/06/2022 06:23:15.955 - oc_logger - INFO - Function evaluation number: 15, SI: 1, Sub-iteration number: 7, FoM: 0.39036610816334816
06/06/2022 06:23:15.958 - oc_logger - INFO - New record achieved. Previous FoM: 0.020358291654567262, new best FoM : 0.0025202526821300753
06/06/2022 06:23:15.958 - oc_logger - INFO - Function evaluation number: 16, SI: 1, Sub-iteration number: 7, FoM: 0.0025202526821300753
06/06/2022 06:23:15.961 - oc_logger - INFO - Function evaluation number: 17, SI: 1, Sub-iteration number: 8, FoM: 0.13305703775208655
06/06/2022 06:23:15.964 - oc_logger - INFO - Function evaluation number: 18, SI: 1, Sub-iteration number: 8, FoM: 0.0081298115790156
06/06/2022 06:23:15.967 - oc_logger - INFO - Function evaluation number: 19, SI: 1, Sub-iteration number: 9, FoM: 0.016173459997728568
06/06/2022 06:23:15.970 - oc_logger - INFO - Function evaluation number: 20, SI: 1, Sub-iteration number: 9, FoM: 0.01882400780248994
06/06/2022 06:23:15.973 - oc_logger - INFO - Function evaluation number: 21, SI: 1, Sub-iteration number: 9, FoM: 0.02040778337460969
06/06/2022 06:23:15.975 - oc_logger - INFO - Function evaluation number: 22, SI: 1, Sub-iteration number: 9, FoM: 0.016795762940945203
06/06/2022 06:23:15.978 - oc_logger - INFO - Function evaluation number: 23, SI: 1, Sub-iteration number: 10, FoM: 0.017034572226148126
06/06/2022 06:23:15.980 - oc_logger - INFO - New record achieved. Previous FoM: 0.0025202526821300753, new best FoM : 0.002243744246868018
06/06/2022 06:23:15.980 - oc_logger - INFO - Function evaluation number: 24, SI: 1, Sub-iteration number: 10, FoM: 0.002243744246868018
06/06/2022 06:23:15.983 - oc_logger - INFO - Function evaluation number: 25, SI: 1, Sub-iteration number: 11, FoM: 0.03587698600555267
06/06/2022 06:23:15.986 - oc_logger - INFO - Function evaluation number: 26, SI: 1, Sub-iteration number: 11, FoM: 0.009100105894290333
06/06/2022 06:23:15.989 - oc_logger - INFO - Function evaluation number: 27, SI: 1, Sub-iteration number: 12, FoM: 0.01745577346964511
06/06/2022 06:23:15.992 - oc_logger - INFO - Function evaluation number: 28, SI: 1, Sub-iteration number: 12, FoM: 0.003821654570926425
06/06/2022 06:23:15.995 - oc_logger - INFO - Function evaluation number: 29, SI: 1, Sub-iteration number: 13, FoM: 0.009483859388040083
06/06/2022 06:23:15.997 - oc_logger - INFO - New record achieved. Previous FoM: 0.002243744246868018, new best FoM : 0.0008340624859748402
06/06/2022 06:23:15.997 - oc_logger - INFO - Function evaluation number: 30, SI: 1, Sub-iteration number: 13, FoM: 0.0008340624859748402
06/06/2022 06:23:16.001 - oc_logger - INFO - Function evaluation number: 31, SI: 1, Sub-iteration number: 14, FoM: 0.0010935247892329691
06/06/2022 06:23:16.004 - oc_logger - INFO - Function evaluation number: 32, SI: 1, Sub-iteration number: 15, FoM: 0.003943864706760447
06/06/2022 06:23:16.006 - oc_logger - INFO - New record achieved. Previous FoM: 0.0008340624859748402, new best FoM : 0.0006114956067105881
06/06/2022 06:23:16.006 - oc_logger - INFO - Function evaluation number: 33, SI: 1, Sub-iteration number: 15, FoM: 0.0006114956067105881
06/06/2022 06:23:16.010 - oc_logger - INFO - Function evaluation number: 34, SI: 1, Sub-iteration number: 16, FoM: 0.0008801535920447412
06/06/2022 06:23:16.013 - oc_logger - INFO - New record achieved. Previous FoM: 0.0006114956067105881, new best FoM : 0.00037863126088366617
06/06/2022 06:23:16.013 - oc_logger - INFO - Function evaluation number: 35, SI: 1, Sub-iteration number: 16, FoM: 0.00037863126088366617
06/06/2022 06:23:16.017 - oc_logger - INFO - Function evaluation number: 36, SI: 1, Sub-iteration number: 17, FoM: 0.0018645648152459948
06/06/2022 06:23:16.019 - oc_logger - INFO - New record achieved. Previous FoM: 0.00037863126088366617, new best FoM : 0.00017476486376422073
06/06/2022 06:23:16.019 - oc_logger - INFO - Function evaluation number: 37, SI: 1, Sub-iteration number: 17, FoM: 0.00017476486376422073
06/06/2022 06:23:16.023 - oc_logger - INFO - Function evaluation number: 38, SI: 1, Sub-iteration number: 18, FoM: 0.0004025168010763913
06/06/2022 06:23:16.026 - oc_logger - INFO - New record achieved. Previous FoM: 0.00017476486376422073, new best FoM : 0.00015156471938637672
06/06/2022 06:23:16.026 - oc_logger - INFO - Function evaluation number: 39, SI: 1, Sub-iteration number: 18, FoM: 0.00015156471938637672
06/06/2022 06:23:16.030 - oc_logger - INFO - Function evaluation number: 40, SI: 1, Sub-iteration number: 19, FoM: 0.0006984088502610675
06/06/2022 06:23:16.033 - oc_logger - INFO - New record achieved. Previous FoM: 0.00015156471938637672, new best FoM : 0.00010689476142200505
06/06/2022 06:23:16.033 - oc_logger - INFO - Function evaluation number: 41, SI: 1, Sub-iteration number: 19, FoM: 0.00010689476142200505
06/06/2022 06:23:16.034 - oc_logger - INFO - SI 1 finished - Number of evaluations: 41, Best FoM: 0.00010689476142200505, Terminate reason: Convergence of the simplex.

06/06/2022 06:23:16.034 - oc_logger - INFO - Figure of merit : 0.00010689476142200505
06/06/2022 06:23:16.034 - oc_logger - INFO - Std : 0.0
06/06/2022 06:23:16.035 - oc_logger - INFO - total number of function evaluations : 41
06/06/2022 06:23:16.035 - oc_logger - INFO - dcrab_freq_list : [array([], dtype=float64)]
06/06/2022 06:23:16.035 - oc_logger - INFO - dcrab_para_list : [array([5.97513067, 3.31964899])]
06/06/2022 06:23:16.035 - oc_logger - INFO - terminate_reason : Convergence of the simplex.
