06/08/2022 10:49:13.755 - oc_logger - INFO - The optimization direction is minimization
06/08/2022 10:49:13.756 - oc_logger - INFO - QuOCS version number: 0.0.22
06/08/2022 10:49:14.368 - oc_logger - INFO - Function evaluation number: 1, FoM: 0.59368752477903
06/08/2022 10:49:14.736 - oc_logger - INFO - Function evaluation number: 2, FoM: 0.5796390514281506
06/08/2022 10:49:15.187 - oc_logger - INFO - Function evaluation number: 3, FoM: 0.5485153716337897
06/08/2022 10:49:15.676 - oc_logger - INFO - Function evaluation number: 4, FoM: 0.531309230304335
06/08/2022 10:49:16.045 - oc_logger - INFO - Function evaluation number: 5, FoM: 0.4942206379539429
06/08/2022 10:49:16.374 - oc_logger - INFO - Function evaluation number: 6, FoM: 0.45376970782404635
06/08/2022 10:49:16.756 - oc_logger - INFO - Function evaluation number: 7, FoM: 0.3769863148966336
06/08/2022 10:49:17.089 - oc_logger - INFO - Function evaluation number: 8, FoM: 0.3077457397212725
06/08/2022 10:49:17.407 - oc_logger - INFO - Function evaluation number: 9, FoM: 0.17464062851158269
06/08/2022 10:49:17.740 - oc_logger - INFO - Function evaluation number: 10, FoM: 0.060428182429326904
06/08/2022 10:49:18.137 - oc_logger - INFO - Function evaluation number: 11, FoM: 0.06537101093691366
06/08/2022 10:49:18.460 - oc_logger - INFO - Function evaluation number: 12, FoM: 0.057187671821414154
06/08/2022 10:49:18.793 - oc_logger - INFO - Function evaluation number: 13, FoM: 0.04536717939022261
06/08/2022 10:49:19.110 - oc_logger - INFO - Function evaluation number: 14, FoM: 0.027735880803692492
06/08/2022 10:49:19.487 - oc_logger - INFO - Function evaluation number: 15, FoM: 0.36465123386697096
06/08/2022 10:49:19.816 - oc_logger - INFO - Function evaluation number: 16, FoM: 0.4635842131625604
06/08/2022 10:49:20.135 - oc_logger - INFO - Function evaluation number: 17, FoM: 0.07287839534963236
06/08/2022 10:49:20.500 - oc_logger - INFO - Function evaluation number: 18, FoM: 0.013645174768197377
06/08/2022 10:49:20.829 - oc_logger - INFO - Function evaluation number: 19, FoM: 0.07636563737675472
06/08/2022 10:49:21.164 - oc_logger - INFO - Function evaluation number: 20, FoM: 0.235942801206369
06/08/2022 10:49:21.485 - oc_logger - INFO - Function evaluation number: 21, FoM: 0.05911562993786812
06/08/2022 10:49:21.869 - oc_logger - INFO - Function evaluation number: 22, FoM: 0.10915519168721877
06/08/2022 10:49:22.195 - oc_logger - INFO - Function evaluation number: 23, FoM: 0.032118645453357075
06/08/2022 10:49:22.529 - oc_logger - INFO - Function evaluation number: 24, FoM: 0.05358523682480398
06/08/2022 10:49:22.869 - oc_logger - INFO - Function evaluation number: 25, FoM: 0.014401017651363146
06/08/2022 10:49:23.258 - oc_logger - INFO - Function evaluation number: 26, FoM: 0.04594413865134195
06/08/2022 10:49:23.597 - oc_logger - INFO - Function evaluation number: 27, FoM: 0.005707954310570917
06/08/2022 10:49:23.936 - oc_logger - INFO - Function evaluation number: 28, FoM: 0.006548795222742987
06/08/2022 10:49:24.333 - oc_logger - INFO - Function evaluation number: 29, FoM: 0.028191185935807384
06/08/2022 10:49:24.662 - oc_logger - INFO - Function evaluation number: 30, FoM: 0.004056457005570557
06/08/2022 10:49:24.993 - oc_logger - INFO - Function evaluation number: 31, FoM: 0.00485356853867458
06/08/2022 10:49:25.348 - oc_logger - INFO - Function evaluation number: 32, FoM: 0.014024230333195664
06/08/2022 10:49:25.733 - oc_logger - INFO - Function evaluation number: 33, FoM: 0.0005527393845593531
06/08/2022 10:49:26.067 - oc_logger - INFO - Function evaluation number: 34, FoM: 0.0013742326369187152
06/08/2022 10:49:26.387 - oc_logger - INFO - Function evaluation number: 35, FoM: 0.006127251692133906
06/08/2022 10:49:26.711 - oc_logger - INFO - Function evaluation number: 36, FoM: 0.0015654776481925925
06/08/2022 10:49:27.081 - oc_logger - INFO - Function evaluation number: 37, FoM: 0.0035267178719832204
06/08/2022 10:49:27.393 - oc_logger - INFO - Function evaluation number: 38, FoM: 0.00030614493673186693
06/08/2022 10:49:27.711 - oc_logger - INFO - Function evaluation number: 39, FoM: 0.0011182128422848603
06/08/2022 10:49:28.069 - oc_logger - INFO - Function evaluation number: 40, FoM: 0.0004992466521429595
06/08/2022 10:49:28.385 - oc_logger - INFO - Function evaluation number: 41, FoM: 0.001353044414324378
06/08/2022 10:49:28.710 - oc_logger - INFO - Function evaluation number: 42, FoM: 7.414753934031904e-05
06/08/2022 10:49:29.048 - oc_logger - INFO - Function evaluation number: 43, FoM: 0.00026845795888352786
06/08/2022 10:49:29.420 - oc_logger - INFO - Function evaluation number: 44, FoM: 0.0006495401592470085
06/08/2022 10:49:29.762 - oc_logger - INFO - Function evaluation number: 45, FoM: 6.775936102032531e-05
06/08/2022 10:49:30.103 - oc_logger - INFO - Function evaluation number: 46, FoM: 0.0002608269658253004
06/08/2022 10:49:30.423 - oc_logger - INFO - Function evaluation number: 47, FoM: 0.00012906842938287255
06/08/2022 10:49:30.788 - oc_logger - INFO - Function evaluation number: 48, FoM: 0.00013557414491027764
06/08/2022 10:49:31.125 - oc_logger - INFO - Function evaluation number: 49, FoM: 6.304845258364722e-05
06/08/2022 10:49:31.463 - oc_logger - INFO - Function evaluation number: 50, FoM: 0.0002046394009151964
06/08/2022 10:49:31.847 - oc_logger - INFO - Function evaluation number: 51, FoM: 4.280702011416615e-06
06/08/2022 10:49:32.193 - oc_logger - INFO - Function evaluation number: 52, FoM: 9.486506430289587e-06
06/08/2022 10:49:32.512 - oc_logger - INFO - Function evaluation number: 53, FoM: 7.679144869099375e-05
06/08/2022 10:49:32.849 - oc_logger - INFO - Function evaluation number: 54, FoM: 2.8131046748258726e-05
06/08/2022 10:49:33.226 - oc_logger - INFO - Function evaluation number: 55, FoM: 4.17888953061496e-05
06/08/2022 10:49:33.566 - oc_logger - INFO - Function evaluation number: 56, FoM: 1.066170414110168e-05
06/08/2022 10:49:33.906 - oc_logger - INFO - Function evaluation number: 57, FoM: 2.4298265813960107e-05
06/08/2022 10:49:34.254 - oc_logger - INFO - Function evaluation number: 58, FoM: 1.9243724480588753e-06
06/08/2022 10:49:34.630 - oc_logger - INFO - Function evaluation number: 59, FoM: 6.827336474835022e-06
06/08/2022 10:49:34.968 - oc_logger - INFO - Function evaluation number: 60, FoM: 2.8729198184862526e-06
06/08/2022 10:49:35.298 - oc_logger - INFO - Function evaluation number: 61, FoM: 9.117947009862348e-06
06/08/2022 10:49:35.682 - oc_logger - INFO - Function evaluation number: 62, FoM: 9.26648739185687e-07
06/08/2022 10:49:36.032 - oc_logger - INFO - Function evaluation number: 63, FoM: 1.954222306199682e-06
06/08/2022 10:49:36.397 - oc_logger - INFO - Function evaluation number: 64, FoM: 7.104003821867266e-07
06/08/2022 10:49:36.741 - oc_logger - INFO - Function evaluation number: 65, FoM: 3.5567784028023297e-06
06/08/2022 10:49:37.136 - oc_logger - INFO - Function evaluation number: 66, FoM: 5.606423407744643e-07
06/08/2022 10:49:37.137 - oc_logger - INFO - Figure of merit : 5.606423407744643e-07
06/08/2022 10:49:37.137 - oc_logger - INFO - parameters : [ 7.01572591 -0.05627689]
06/08/2022 10:49:37.137 - oc_logger - INFO - terminate_reason : Convergence of the simplex.
