06/05/2022 12:54:10.968 - oc_logger - INFO - The optimization direction is minimization
06/05/2022 12:54:10.971 - oc_logger - INFO - QuOCS version number: 0.0.22
06/05/2022 12:54:10.971 - oc_logger - INFO - Direct search start time has been reset.
06/05/2022 12:54:11.317 - oc_logger - INFO - New record achieved. Previous FoM: 10000000000.0, new best FoM : -0.9736910538037644
06/05/2022 12:54:11.317 - oc_logger - INFO - Function evaluation number: 1, SI: 1, Sub-iteration number: 0, FoM: -0.9736910538037644
06/05/2022 12:54:11.714 - oc_logger - INFO - Function evaluation number: 2, SI: 1, Sub-iteration number: 0, FoM: -0.9732624048460958
06/05/2022 12:54:12.034 - oc_logger - INFO - New record achieved. Previous FoM: -0.9736910538037644, new best FoM : -0.9750658355980335
06/05/2022 12:54:12.035 - oc_logger - INFO - Function evaluation number: 3, SI: 1, Sub-iteration number: 0, FoM: -0.9750658355980335
06/05/2022 12:54:12.321 - oc_logger - INFO - Function evaluation number: 4, SI: 1, Sub-iteration number: 0, FoM: -0.9735243895408666
06/05/2022 12:54:12.698 - oc_logger - INFO - Function evaluation number: 5, SI: 1, Sub-iteration number: 0, FoM: -0.9738907742780867
06/05/2022 12:54:13.282 - oc_logger - INFO - Function evaluation number: 6, SI: 1, Sub-iteration number: 0, FoM: -0.9740303479665635
06/05/2022 12:54:13.842 - oc_logger - INFO - Function evaluation number: 7, SI: 1, Sub-iteration number: 0, FoM: -0.973873513345254
06/05/2022 12:54:14.287 - oc_logger - INFO - Function evaluation number: 8, SI: 1, Sub-iteration number: 0, FoM: -0.9737931172563199
06/05/2022 12:54:14.728 - oc_logger - INFO - Function evaluation number: 9, SI: 1, Sub-iteration number: 0, FoM: -0.9733661168392176
06/05/2022 12:54:15.102 - oc_logger - INFO - Function evaluation number: 10, SI: 1, Sub-iteration number: 1, FoM: -0.9745431401598377
06/05/2022 12:54:15.417 - oc_logger - INFO - Function evaluation number: 11, SI: 1, Sub-iteration number: 2, FoM: -0.9747325171226595
06/05/2022 12:54:15.739 - oc_logger - INFO - Function evaluation number: 12, SI: 1, Sub-iteration number: 3, FoM: -0.9748764323052828
06/05/2022 12:54:16.083 - oc_logger - INFO - Function evaluation number: 13, SI: 1, Sub-iteration number: 4, FoM: -0.9750061223894863
06/05/2022 12:54:16.436 - oc_logger - INFO - New record achieved. Previous FoM: -0.9750658355980335, new best FoM : -0.9752056729387323
06/05/2022 12:54:16.436 - oc_logger - INFO - Function evaluation number: 14, SI: 1, Sub-iteration number: 5, FoM: -0.9752056729387323
06/05/2022 12:54:16.824 - oc_logger - INFO - New record achieved. Previous FoM: -0.9752056729387323, new best FoM : -0.975379226349064
06/05/2022 12:54:16.824 - oc_logger - INFO - Function evaluation number: 15, SI: 1, Sub-iteration number: 5, FoM: -0.975379226349064
06/05/2022 12:54:17.079 - oc_logger - INFO - New record achieved. Previous FoM: -0.975379226349064, new best FoM : -0.9754977033738702
06/05/2022 12:54:17.079 - oc_logger - INFO - Function evaluation number: 16, SI: 1, Sub-iteration number: 6, FoM: -0.9754977033738702
06/05/2022 12:54:17.509 - oc_logger - INFO - New record achieved. Previous FoM: -0.9754977033738702, new best FoM : -0.9756965277702222
06/05/2022 12:54:17.509 - oc_logger - INFO - Function evaluation number: 17, SI: 1, Sub-iteration number: 6, FoM: -0.9756965277702222
06/05/2022 12:54:17.827 - oc_logger - INFO - New record achieved. Previous FoM: -0.9756965277702222, new best FoM : -0.9759228697753952
06/05/2022 12:54:17.827 - oc_logger - INFO - Function evaluation number: 18, SI: 1, Sub-iteration number: 7, FoM: -0.9759228697753952
06/05/2022 12:54:18.156 - oc_logger - INFO - New record achieved. Previous FoM: -0.9759228697753952, new best FoM : -0.9761701628326527
06/05/2022 12:54:18.156 - oc_logger - INFO - Function evaluation number: 19, SI: 1, Sub-iteration number: 7, FoM: -0.9761701628326527
06/05/2022 12:54:18.495 - oc_logger - INFO - New record achieved. Previous FoM: -0.9761701628326527, new best FoM : -0.9763126574302279
06/05/2022 12:54:18.495 - oc_logger - INFO - Function evaluation number: 20, SI: 1, Sub-iteration number: 8, FoM: -0.9763126574302279
06/05/2022 12:54:18.776 - oc_logger - INFO - New record achieved. Previous FoM: -0.9763126574302279, new best FoM : -0.9765894307878589
06/05/2022 12:54:18.776 - oc_logger - INFO - Function evaluation number: 21, SI: 1, Sub-iteration number: 8, FoM: -0.9765894307878589
06/05/2022 12:54:19.107 - oc_logger - INFO - Function evaluation number: 22, SI: 1, Sub-iteration number: 9, FoM: -0.9763261991588792
06/05/2022 12:54:19.411 - oc_logger - INFO - Function evaluation number: 23, SI: 1, Sub-iteration number: 10, FoM: -0.9765342110506423
06/05/2022 12:54:19.715 - oc_logger - INFO - New record achieved. Previous FoM: -0.9765894307878589, new best FoM : -0.9768011723193596
06/05/2022 12:54:19.715 - oc_logger - INFO - Function evaluation number: 24, SI: 1, Sub-iteration number: 11, FoM: -0.9768011723193596
06/05/2022 12:54:19.991 - oc_logger - INFO - New record achieved. Previous FoM: -0.9768011723193596, new best FoM : -0.977035344039597
06/05/2022 12:54:19.991 - oc_logger - INFO - Function evaluation number: 25, SI: 1, Sub-iteration number: 11, FoM: -0.977035344039597
06/05/2022 12:54:20.244 - oc_logger - INFO - New record achieved. Previous FoM: -0.977035344039597, new best FoM : -0.9771731383825704
06/05/2022 12:54:20.244 - oc_logger - INFO - Function evaluation number: 26, SI: 1, Sub-iteration number: 12, FoM: -0.9771731383825704
06/05/2022 12:54:20.498 - oc_logger - INFO - New record achieved. Previous FoM: -0.9771731383825704, new best FoM : -0.977435801392696
06/05/2022 12:54:20.498 - oc_logger - INFO - Function evaluation number: 27, SI: 1, Sub-iteration number: 12, FoM: -0.977435801392696
06/05/2022 12:54:20.743 - oc_logger - INFO - New record achieved. Previous FoM: -0.977435801392696, new best FoM : -0.977696219238833
06/05/2022 12:54:20.743 - oc_logger - INFO - Function evaluation number: 28, SI: 1, Sub-iteration number: 13, FoM: -0.977696219238833
06/05/2022 12:54:21.040 - oc_logger - INFO - New record achieved. Previous FoM: -0.977696219238833, new best FoM : -0.9780138726652496
06/05/2022 12:54:21.040 - oc_logger - INFO - Function evaluation number: 29, SI: 1, Sub-iteration number: 13, FoM: -0.9780138726652496
06/05/2022 12:54:21.282 - oc_logger - INFO - New record achieved. Previous FoM: -0.9780138726652496, new best FoM : -0.9780375025956429
06/05/2022 12:54:21.282 - oc_logger - INFO - Function evaluation number: 30, SI: 1, Sub-iteration number: 14, FoM: -0.9780375025956429
06/05/2022 12:54:21.551 - oc_logger - INFO - New record achieved. Previous FoM: -0.9780375025956429, new best FoM : -0.9783570120765988
06/05/2022 12:54:21.552 - oc_logger - INFO - Function evaluation number: 31, SI: 1, Sub-iteration number: 14, FoM: -0.9783570120765988
06/05/2022 12:54:21.895 - oc_logger - INFO - New record achieved. Previous FoM: -0.9783570120765988, new best FoM : -0.9783866457151714
06/05/2022 12:54:21.896 - oc_logger - INFO - Function evaluation number: 32, SI: 1, Sub-iteration number: 15, FoM: -0.9783866457151714
06/05/2022 12:54:22.231 - oc_logger - INFO - New record achieved. Previous FoM: -0.9783866457151714, new best FoM : -0.9787097487569181
06/05/2022 12:54:22.231 - oc_logger - INFO - Function evaluation number: 33, SI: 1, Sub-iteration number: 15, FoM: -0.9787097487569181
06/05/2022 12:54:22.503 - oc_logger - INFO - Function evaluation number: 34, SI: 1, Sub-iteration number: 16, FoM: -0.9785613428537377
06/05/2022 12:54:22.736 - oc_logger - INFO - New record achieved. Previous FoM: -0.9787097487569181, new best FoM : -0.9789542085757952
06/05/2022 12:54:22.736 - oc_logger - INFO - Function evaluation number: 35, SI: 1, Sub-iteration number: 17, FoM: -0.9789542085757952
06/05/2022 12:54:22.970 - oc_logger - INFO - New record achieved. Previous FoM: -0.9789542085757952, new best FoM : -0.9792697042760037
06/05/2022 12:54:22.970 - oc_logger - INFO - Function evaluation number: 36, SI: 1, Sub-iteration number: 17, FoM: -0.9792697042760037
06/05/2022 12:54:23.286 - oc_logger - INFO - New record achieved. Previous FoM: -0.9792697042760037, new best FoM : -0.9794219259592513
06/05/2022 12:54:23.287 - oc_logger - INFO - Function evaluation number: 37, SI: 1, Sub-iteration number: 18, FoM: -0.9794219259592513
06/05/2022 12:54:23.868 - oc_logger - INFO - New record achieved. Previous FoM: -0.9794219259592513, new best FoM : -0.9797670854341045
06/05/2022 12:54:23.869 - oc_logger - INFO - Function evaluation number: 38, SI: 1, Sub-iteration number: 18, FoM: -0.9797670854341045
06/05/2022 12:54:24.412 - oc_logger - INFO - New record achieved. Previous FoM: -0.9797670854341045, new best FoM : -0.9801300175165014
06/05/2022 12:54:24.412 - oc_logger - INFO - Function evaluation number: 39, SI: 1, Sub-iteration number: 19, FoM: -0.9801300175165014
06/05/2022 12:54:24.691 - oc_logger - INFO - New record achieved. Previous FoM: -0.9801300175165014, new best FoM : -0.9805480125865695
06/05/2022 12:54:24.691 - oc_logger - INFO - Function evaluation number: 40, SI: 1, Sub-iteration number: 19, FoM: -0.9805480125865695
06/05/2022 12:54:24.964 - oc_logger - INFO - New record achieved. Previous FoM: -0.9805480125865695, new best FoM : -0.9805682739462315
06/05/2022 12:54:24.964 - oc_logger - INFO - Function evaluation number: 41, SI: 1, Sub-iteration number: 20, FoM: -0.9805682739462315
06/05/2022 12:54:25.273 - oc_logger - INFO - New record achieved. Previous FoM: -0.9805682739462315, new best FoM : -0.9809854380151831
06/05/2022 12:54:25.274 - oc_logger - INFO - Function evaluation number: 42, SI: 1, Sub-iteration number: 20, FoM: -0.9809854380151831
06/05/2022 12:54:25.512 - oc_logger - INFO - New record achieved. Previous FoM: -0.9809854380151831, new best FoM : -0.9810540105991806
06/05/2022 12:54:25.512 - oc_logger - INFO - Function evaluation number: 43, SI: 1, Sub-iteration number: 21, FoM: -0.9810540105991806
06/05/2022 12:54:25.760 - oc_logger - INFO - New record achieved. Previous FoM: -0.9810540105991806, new best FoM : -0.9814801415460352
06/05/2022 12:54:25.760 - oc_logger - INFO - Function evaluation number: 44, SI: 1, Sub-iteration number: 21, FoM: -0.9814801415460352
06/05/2022 12:54:26.021 - oc_logger - INFO - Function evaluation number: 45, SI: 1, Sub-iteration number: 22, FoM: -0.9813558310574074
