17/06/2022 19:27:33.425 - oc_logger - INFO - The optimization direction is minimization
17/06/2022 19:27:33.427 - oc_logger - INFO - QuOCS version number: 0.0.27
17/06/2022 19:27:33.427 - oc_logger - INFO - Direct search start time has been reset.
17/06/2022 19:27:33.571 - oc_logger - INFO - New record achieved. Previous FoM: 10000000000.0, new best FoM : 0.9674566088432687
17/06/2022 19:27:33.571 - oc_logger - INFO - Function evaluation number: 1, SI: 1, Sub-iteration number: 0, FoM: 0.9674566088432687
17/06/2022 19:27:33.725 - oc_logger - INFO - New record achieved. Previous FoM: 0.9674566088432687, new best FoM : 0.9652550896614198
17/06/2022 19:27:33.725 - oc_logger - INFO - Function evaluation number: 2, SI: 1, Sub-iteration number: 0, FoM: 0.9652550896614198
17/06/2022 19:27:33.880 - oc_logger - INFO - Function evaluation number: 3, SI: 1, Sub-iteration number: 0, FoM: 0.9656752712450123
17/06/2022 19:27:34.029 - oc_logger - INFO - Function evaluation number: 4, SI: 1, Sub-iteration number: 0, FoM: 0.967347740912456
17/06/2022 19:27:34.180 - oc_logger - INFO - New record achieved. Previous FoM: 0.9652550896614198, new best FoM : 0.9551818181302097
17/06/2022 19:27:34.180 - oc_logger - INFO - Function evaluation number: 5, SI: 1, Sub-iteration number: 0, FoM: 0.9551818181302097
17/06/2022 19:27:34.329 - oc_logger - INFO - Function evaluation number: 6, SI: 1, Sub-iteration number: 0, FoM: 0.9554518884077354
17/06/2022 19:27:34.481 - oc_logger - INFO - Function evaluation number: 7, SI: 1, Sub-iteration number: 0, FoM: 0.9683031656794063
17/06/2022 19:27:34.649 - oc_logger - INFO - Function evaluation number: 8, SI: 1, Sub-iteration number: 0, FoM: 0.9679621556791528
17/06/2022 19:27:34.790 - oc_logger - INFO - Function evaluation number: 9, SI: 1, Sub-iteration number: 0, FoM: 0.9687738308331514
17/06/2022 19:27:34.935 - oc_logger - INFO - New record achieved. Previous FoM: 0.9551818181302097, new best FoM : 0.9521743730372397
17/06/2022 19:27:34.935 - oc_logger - INFO - Function evaluation number: 10, SI: 1, Sub-iteration number: 1, FoM: 0.9521743730372397
17/06/2022 19:27:35.079 - oc_logger - INFO - New record achieved. Previous FoM: 0.9521743730372397, new best FoM : 0.9474908456197962
17/06/2022 19:27:35.079 - oc_logger - INFO - Function evaluation number: 11, SI: 1, Sub-iteration number: 1, FoM: 0.9474908456197962
17/06/2022 19:27:35.225 - oc_logger - INFO - Function evaluation number: 12, SI: 1, Sub-iteration number: 2, FoM: 0.9522973013505143
17/06/2022 19:27:35.374 - oc_logger - INFO - New record achieved. Previous FoM: 0.9474908456197962, new best FoM : 0.9464464524859681
17/06/2022 19:27:35.374 - oc_logger - INFO - Function evaluation number: 13, SI: 1, Sub-iteration number: 3, FoM: 0.9464464524859681
17/06/2022 19:27:35.511 - oc_logger - INFO - New record achieved. Previous FoM: 0.9464464524859681, new best FoM : 0.9416633169071449
17/06/2022 19:27:35.511 - oc_logger - INFO - Function evaluation number: 14, SI: 1, Sub-iteration number: 3, FoM: 0.9416633169071449
17/06/2022 19:27:35.656 - oc_logger - INFO - New record achieved. Previous FoM: 0.9416633169071449, new best FoM : 0.9394549830744771
17/06/2022 19:27:35.656 - oc_logger - INFO - Function evaluation number: 15, SI: 1, Sub-iteration number: 4, FoM: 0.9394549830744771
17/06/2022 19:27:35.814 - oc_logger - INFO - New record achieved. Previous FoM: 0.9394549830744771, new best FoM : 0.9335013447311205
17/06/2022 19:27:35.814 - oc_logger - INFO - Function evaluation number: 16, SI: 1, Sub-iteration number: 4, FoM: 0.9335013447311205
17/06/2022 19:27:35.957 - oc_logger - INFO - New record achieved. Previous FoM: 0.9335013447311205, new best FoM : 0.9297540340745084
17/06/2022 19:27:35.957 - oc_logger - INFO - Function evaluation number: 17, SI: 1, Sub-iteration number: 5, FoM: 0.9297540340745084
17/06/2022 19:27:36.103 - oc_logger - INFO - New record achieved. Previous FoM: 0.9297540340745084, new best FoM : 0.9221888128376002
17/06/2022 19:27:36.103 - oc_logger - INFO - Function evaluation number: 18, SI: 1, Sub-iteration number: 5, FoM: 0.9221888128376002
17/06/2022 19:27:36.242 - oc_logger - INFO - New record achieved. Previous FoM: 0.9221888128376002, new best FoM : 0.9180886319361773
17/06/2022 19:27:36.242 - oc_logger - INFO - Function evaluation number: 19, SI: 1, Sub-iteration number: 6, FoM: 0.9180886319361773
17/06/2022 19:27:36.393 - oc_logger - INFO - New record achieved. Previous FoM: 0.9180886319361773, new best FoM : 0.9085419683120821
17/06/2022 19:27:36.393 - oc_logger - INFO - Function evaluation number: 20, SI: 1, Sub-iteration number: 6, FoM: 0.9085419683120821
17/06/2022 19:27:36.529 - oc_logger - INFO - New record achieved. Previous FoM: 0.9085419683120821, new best FoM : 0.8962800972914535
17/06/2022 19:27:36.529 - oc_logger - INFO - Function evaluation number: 21, SI: 1, Sub-iteration number: 7, FoM: 0.8962800972914535
17/06/2022 19:27:36.667 - oc_logger - INFO - New record achieved. Previous FoM: 0.8962800972914535, new best FoM : 0.8820137149412006
17/06/2022 19:27:36.667 - oc_logger - INFO - Function evaluation number: 22, SI: 1, Sub-iteration number: 7, FoM: 0.8820137149412006
17/06/2022 19:27:36.809 - oc_logger - INFO - Function evaluation number: 23, SI: 1, Sub-iteration number: 8, FoM: 0.9012660927778706
17/06/2022 19:27:36.949 - oc_logger - INFO - Function evaluation number: 24, SI: 1, Sub-iteration number: 9, FoM: 0.8829957352197734
17/06/2022 19:27:37.088 - oc_logger - INFO - New record achieved. Previous FoM: 0.8820137149412006, new best FoM : 0.8665315530885681
17/06/2022 19:27:37.089 - oc_logger - INFO - Function evaluation number: 25, SI: 1, Sub-iteration number: 10, FoM: 0.8665315530885681
17/06/2022 19:27:37.235 - oc_logger - INFO - New record achieved. Previous FoM: 0.8665315530885681, new best FoM : 0.8516228637158314
17/06/2022 19:27:37.235 - oc_logger - INFO - Function evaluation number: 26, SI: 1, Sub-iteration number: 10, FoM: 0.8516228637158314
17/06/2022 19:27:37.377 - oc_logger - INFO - New record achieved. Previous FoM: 0.8516228637158314, new best FoM : 0.8441302145720578
17/06/2022 19:27:37.377 - oc_logger - INFO - Function evaluation number: 27, SI: 1, Sub-iteration number: 11, FoM: 0.8441302145720578
17/06/2022 19:27:37.525 - oc_logger - INFO - New record achieved. Previous FoM: 0.8441302145720578, new best FoM : 0.8261153183069372
17/06/2022 19:27:37.525 - oc_logger - INFO - Function evaluation number: 28, SI: 1, Sub-iteration number: 11, FoM: 0.8261153183069372
17/06/2022 19:27:37.663 - oc_logger - INFO - New record achieved. Previous FoM: 0.8261153183069372, new best FoM : 0.8202839009543291
17/06/2022 19:27:37.663 - oc_logger - INFO - Function evaluation number: 29, SI: 1, Sub-iteration number: 12, FoM: 0.8202839009543291
17/06/2022 19:27:37.810 - oc_logger - INFO - New record achieved. Previous FoM: 0.8202839009543291, new best FoM : 0.7998383377937991
17/06/2022 19:27:37.810 - oc_logger - INFO - Function evaluation number: 30, SI: 1, Sub-iteration number: 12, FoM: 0.7998383377937991
17/06/2022 19:27:37.951 - oc_logger - INFO - New record achieved. Previous FoM: 0.7998383377937991, new best FoM : 0.7955928854803879
17/06/2022 19:27:37.951 - oc_logger - INFO - Function evaluation number: 31, SI: 1, Sub-iteration number: 13, FoM: 0.7955928854803879
17/06/2022 19:27:38.110 - oc_logger - INFO - New record achieved. Previous FoM: 0.7955928854803879, new best FoM : 0.7732464529123338
17/06/2022 19:27:38.110 - oc_logger - INFO - Function evaluation number: 32, SI: 1, Sub-iteration number: 13, FoM: 0.7732464529123338
17/06/2022 19:27:38.254 - oc_logger - INFO - New record achieved. Previous FoM: 0.7732464529123338, new best FoM : 0.768814927331726
17/06/2022 19:27:38.254 - oc_logger - INFO - Function evaluation number: 33, SI: 1, Sub-iteration number: 14, FoM: 0.768814927331726
17/06/2022 19:27:38.392 - oc_logger - INFO - New record achieved. Previous FoM: 0.768814927331726, new best FoM : 0.7441372678915272
17/06/2022 19:27:38.392 - oc_logger - INFO - Function evaluation number: 34, SI: 1, Sub-iteration number: 14, FoM: 0.7441372678915272
17/06/2022 19:27:38.538 - oc_logger - INFO - New record achieved. Previous FoM: 0.7441372678915272, new best FoM : 0.7433908782751062
17/06/2022 19:27:38.538 - oc_logger - INFO - Function evaluation number: 35, SI: 1, Sub-iteration number: 15, FoM: 0.7433908782751062
17/06/2022 19:27:38.679 - oc_logger - INFO - New record achieved. Previous FoM: 0.7433908782751062, new best FoM : 0.7176402464990701
17/06/2022 19:27:38.679 - oc_logger - INFO - Function evaluation number: 36, SI: 1, Sub-iteration number: 15, FoM: 0.7176402464990701
17/06/2022 19:27:38.830 - oc_logger - INFO - New record achieved. Previous FoM: 0.7176402464990701, new best FoM : 0.701365099574974
17/06/2022 19:27:38.830 - oc_logger - INFO - Function evaluation number: 37, SI: 1, Sub-iteration number: 16, FoM: 0.701365099574974
17/06/2022 19:27:38.975 - oc_logger - INFO - New record achieved. Previous FoM: 0.701365099574974, new best FoM : 0.6708748654710162
17/06/2022 19:27:38.975 - oc_logger - INFO - Function evaluation number: 38, SI: 1, Sub-iteration number: 16, FoM: 0.6708748654710162
17/06/2022 19:27:39.115 - oc_logger - INFO - Function evaluation number: 39, SI: 1, Sub-iteration number: 17, FoM: 0.6728920188300498
17/06/2022 19:27:39.260 - oc_logger - INFO - New record achieved. Previous FoM: 0.6708748654710162, new best FoM : 0.6085707685293822
17/06/2022 19:27:39.261 - oc_logger - INFO - Function evaluation number: 40, SI: 1, Sub-iteration number: 18, FoM: 0.6085707685293822
17/06/2022 19:27:39.405 - oc_logger - INFO - New record achieved. Previous FoM: 0.6085707685293822, new best FoM : 0.5689475635659712
17/06/2022 19:27:39.405 - oc_logger - INFO - Function evaluation number: 41, SI: 1, Sub-iteration number: 18, FoM: 0.5689475635659712
17/06/2022 19:27:39.547 - oc_logger - INFO - Function evaluation number: 42, SI: 1, Sub-iteration number: 19, FoM: 0.5740113745643831
17/06/2022 19:27:39.682 - oc_logger - INFO - New record achieved. Previous FoM: 0.5689475635659712, new best FoM : 0.5439249666691108
17/06/2022 19:27:39.682 - oc_logger - INFO - Function evaluation number: 43, SI: 1, Sub-iteration number: 20, FoM: 0.5439249666691108
17/06/2022 19:27:39.824 - oc_logger - INFO - New record achieved. Previous FoM: 0.5439249666691108, new best FoM : 0.5071399013509175
17/06/2022 19:27:39.824 - oc_logger - INFO - Function evaluation number: 44, SI: 1, Sub-iteration number: 20, FoM: 0.5071399013509175
17/06/2022 19:27:39.964 - oc_logger - INFO - New record achieved. Previous FoM: 0.5071399013509175, new best FoM : 0.49591853886587234
17/06/2022 19:27:39.964 - oc_logger - INFO - Function evaluation number: 45, SI: 1, Sub-iteration number: 21, FoM: 0.49591853886587234
17/06/2022 19:27:40.102 - oc_logger - INFO - New record achieved. Previous FoM: 0.49591853886587234, new best FoM : 0.4565279165530479
17/06/2022 19:27:40.102 - oc_logger - INFO - Function evaluation number: 46, SI: 1, Sub-iteration number: 21, FoM: 0.4565279165530479
17/06/2022 19:27:40.240 - oc_logger - INFO - New record achieved. Previous FoM: 0.4565279165530479, new best FoM : 0.444588476696285
17/06/2022 19:27:40.240 - oc_logger - INFO - Function evaluation number: 47, SI: 1, Sub-iteration number: 22, FoM: 0.444588476696285
17/06/2022 19:27:40.388 - oc_logger - INFO - New record achieved. Previous FoM: 0.444588476696285, new best FoM : 0.4029717110664399
17/06/2022 19:27:40.388 - oc_logger - INFO - Function evaluation number: 48, SI: 1, Sub-iteration number: 22, FoM: 0.4029717110664399
17/06/2022 19:27:40.524 - oc_logger - INFO - New record achieved. Previous FoM: 0.4029717110664399, new best FoM : 0.4028498755259674
17/06/2022 19:27:40.524 - oc_logger - INFO - Function evaluation number: 49, SI: 1, Sub-iteration number: 23, FoM: 0.4028498755259674
17/06/2022 19:27:40.658 - oc_logger - INFO - New record achieved. Previous FoM: 0.4028498755259674, new best FoM : 0.36541380396589307
17/06/2022 19:27:40.659 - oc_logger - INFO - Function evaluation number: 50, SI: 1, Sub-iteration number: 23, FoM: 0.36541380396589307
17/06/2022 19:27:40.805 - oc_logger - INFO - New record achieved. Previous FoM: 0.36541380396589307, new best FoM : 0.35039255886378895
17/06/2022 19:27:40.805 - oc_logger - INFO - Function evaluation number: 51, SI: 1, Sub-iteration number: 24, FoM: 0.35039255886378895
17/06/2022 19:27:40.948 - oc_logger - INFO - New record achieved. Previous FoM: 0.35039255886378895, new best FoM : 0.314415134780761
17/06/2022 19:27:40.948 - oc_logger - INFO - Function evaluation number: 52, SI: 1, Sub-iteration number: 24, FoM: 0.314415134780761
17/06/2022 19:27:41.088 - oc_logger - INFO - New record achieved. Previous FoM: 0.314415134780761, new best FoM : 0.29367067662995505
17/06/2022 19:27:41.088 - oc_logger - INFO - Function evaluation number: 53, SI: 1, Sub-iteration number: 25, FoM: 0.29367067662995505
17/06/2022 19:27:41.230 - oc_logger - INFO - New record achieved. Previous FoM: 0.29367067662995505, new best FoM : 0.25309174617926133
17/06/2022 19:27:41.230 - oc_logger - INFO - Function evaluation number: 54, SI: 1, Sub-iteration number: 25, FoM: 0.25309174617926133
17/06/2022 19:27:41.369 - oc_logger - INFO - New record achieved. Previous FoM: 0.25309174617926133, new best FoM : 0.22154746158397154
17/06/2022 19:27:41.369 - oc_logger - INFO - Function evaluation number: 55, SI: 1, Sub-iteration number: 26, FoM: 0.22154746158397154
17/06/2022 19:27:41.515 - oc_logger - INFO - New record achieved. Previous FoM: 0.22154746158397154, new best FoM : 0.18527067206905212
17/06/2022 19:27:41.515 - oc_logger - INFO - Function evaluation number: 56, SI: 1, Sub-iteration number: 26, FoM: 0.18527067206905212
17/06/2022 19:27:41.661 - oc_logger - INFO - Function evaluation number: 57, SI: 1, Sub-iteration number: 27, FoM: 0.2181131448604211
17/06/2022 19:27:41.804 - oc_logger - INFO - New record achieved. Previous FoM: 0.18527067206905212, new best FoM : 0.1601235411957893
17/06/2022 19:27:41.804 - oc_logger - INFO - Function evaluation number: 58, SI: 1, Sub-iteration number: 28, FoM: 0.1601235411957893
17/06/2022 19:27:41.944 - oc_logger - INFO - New record achieved. Previous FoM: 0.1601235411957893, new best FoM : 0.13653414683428755
17/06/2022 19:27:41.944 - oc_logger - INFO - Function evaluation number: 59, SI: 1, Sub-iteration number: 28, FoM: 0.13653414683428755
17/06/2022 19:27:42.089 - oc_logger - INFO - New record achieved. Previous FoM: 0.13653414683428755, new best FoM : 0.12218214466695665
17/06/2022 19:27:42.089 - oc_logger - INFO - Function evaluation number: 60, SI: 1, Sub-iteration number: 29, FoM: 0.12218214466695665
17/06/2022 19:27:42.233 - oc_logger - INFO - New record achieved. Previous FoM: 0.12218214466695665, new best FoM : 0.10112633790990311
17/06/2022 19:27:42.233 - oc_logger - INFO - Function evaluation number: 61, SI: 1, Sub-iteration number: 29, FoM: 0.10112633790990311
17/06/2022 19:27:42.367 - oc_logger - INFO - Function evaluation number: 62, SI: 1, Sub-iteration number: 30, FoM: 0.1191520258502754
17/06/2022 19:27:42.512 - oc_logger - INFO - Function evaluation number: 63, SI: 1, Sub-iteration number: 31, FoM: 0.1572947492691288
17/06/2022 19:27:42.655 - oc_logger - INFO - Function evaluation number: 64, SI: 1, Sub-iteration number: 32, FoM: 0.10270229286989918
17/06/2022 19:27:42.793 - oc_logger - INFO - New record achieved. Previous FoM: 0.10112633790990311, new best FoM : 0.08961415907199777
17/06/2022 19:27:42.793 - oc_logger - INFO - Function evaluation number: 65, SI: 1, Sub-iteration number: 33, FoM: 0.08961415907199777
17/06/2022 19:27:42.937 - oc_logger - INFO - Function evaluation number: 66, SI: 1, Sub-iteration number: 33, FoM: 0.09926829305820606
17/06/2022 19:27:43.084 - oc_logger - INFO - Function evaluation number: 67, SI: 1, Sub-iteration number: 34, FoM: 0.1873874927350433
17/06/2022 19:27:43.229 - oc_logger - INFO - Function evaluation number: 68, SI: 1, Sub-iteration number: 35, FoM: 0.15717156121698306
17/06/2022 19:27:43.371 - oc_logger - INFO - Function evaluation number: 69, SI: 1, Sub-iteration number: 36, FoM: 0.1526772921850763
17/06/2022 19:27:43.516 - oc_logger - INFO - Function evaluation number: 70, SI: 1, Sub-iteration number: 37, FoM: 0.14373082454000186
17/06/2022 19:27:43.656 - oc_logger - INFO - New record achieved. Previous FoM: 0.08961415907199777, new best FoM : 0.04615452637695794
17/06/2022 19:27:43.656 - oc_logger - INFO - Function evaluation number: 71, SI: 1, Sub-iteration number: 38, FoM: 0.04615452637695794
17/06/2022 19:27:43.798 - oc_logger - INFO - New record achieved. Previous FoM: 0.04615452637695794, new best FoM : 0.036652843706036387
17/06/2022 19:27:43.798 - oc_logger - INFO - Function evaluation number: 72, SI: 1, Sub-iteration number: 38, FoM: 0.036652843706036387
17/06/2022 19:27:43.943 - oc_logger - INFO - Function evaluation number: 73, SI: 1, Sub-iteration number: 39, FoM: 0.1759972762197608
17/06/2022 19:27:44.081 - oc_logger - INFO - Function evaluation number: 74, SI: 1, Sub-iteration number: 39, FoM: 0.11981946140823108
17/06/2022 19:27:44.225 - oc_logger - INFO - Function evaluation number: 75, SI: 1, Sub-iteration number: 40, FoM: 0.1921548299506861
17/06/2022 19:27:44.375 - oc_logger - INFO - Function evaluation number: 76, SI: 1, Sub-iteration number: 40, FoM: 0.11341468881575756
17/06/2022 19:27:44.517 - oc_logger - INFO - Function evaluation number: 77, SI: 1, Sub-iteration number: 41, FoM: 0.160862696833859
17/06/2022 19:27:44.654 - oc_logger - INFO - Function evaluation number: 78, SI: 1, Sub-iteration number: 41, FoM: 0.11326824394506896
17/06/2022 19:27:44.794 - oc_logger - INFO - Function evaluation number: 79, SI: 1, Sub-iteration number: 42, FoM: 0.08976443825429847
17/06/2022 19:27:44.938 - oc_logger - INFO - Function evaluation number: 80, SI: 1, Sub-iteration number: 43, FoM: 0.08593382183079357
17/06/2022 19:27:45.080 - oc_logger - INFO - Function evaluation number: 81, SI: 1, Sub-iteration number: 44, FoM: 0.049284374886939486
17/06/2022 19:27:45.219 - oc_logger - INFO - Function evaluation number: 82, SI: 1, Sub-iteration number: 45, FoM: 0.11913895204654956
17/06/2022 19:27:45.359 - oc_logger - INFO - Function evaluation number: 83, SI: 1, Sub-iteration number: 45, FoM: 0.08940729006840864
17/06/2022 19:27:45.500 - oc_logger - INFO - Function evaluation number: 84, SI: 1, Sub-iteration number: 46, FoM: 0.06531476822906235
17/06/2022 19:27:45.643 - oc_logger - INFO - Function evaluation number: 85, SI: 1, Sub-iteration number: 47, FoM: 0.03999106527728746
17/06/2022 19:27:45.788 - oc_logger - INFO - New record achieved. Previous FoM: 0.036652843706036387, new best FoM : 0.032045480765588774
17/06/2022 19:27:45.788 - oc_logger - INFO - Function evaluation number: 86, SI: 1, Sub-iteration number: 48, FoM: 0.032045480765588774
17/06/2022 19:27:45.928 - oc_logger - INFO - New record achieved. Previous FoM: 0.032045480765588774, new best FoM : 0.031076313033739145
17/06/2022 19:27:45.928 - oc_logger - INFO - Function evaluation number: 87, SI: 1, Sub-iteration number: 48, FoM: 0.031076313033739145
17/06/2022 19:27:46.069 - oc_logger - INFO - Function evaluation number: 88, SI: 1, Sub-iteration number: 49, FoM: 0.09357305099557278
17/06/2022 19:27:46.218 - oc_logger - INFO - Function evaluation number: 89, SI: 1, Sub-iteration number: 49, FoM: 0.06815941211885479
17/06/2022 19:27:46.358 - oc_logger - INFO - Function evaluation number: 90, SI: 1, Sub-iteration number: 50, FoM: 0.044817140287338075
17/06/2022 19:27:46.506 - oc_logger - INFO - New record achieved. Previous FoM: 0.031076313033739145, new best FoM : 0.01576285760552132
17/06/2022 19:27:46.506 - oc_logger - INFO - Function evaluation number: 91, SI: 1, Sub-iteration number: 51, FoM: 0.01576285760552132
17/06/2022 19:27:46.650 - oc_logger - INFO - New record achieved. Previous FoM: 0.01576285760552132, new best FoM : 0.014512638276517276
17/06/2022 19:27:46.650 - oc_logger - INFO - Function evaluation number: 92, SI: 1, Sub-iteration number: 51, FoM: 0.014512638276517276
17/06/2022 19:27:46.797 - oc_logger - INFO - Function evaluation number: 93, SI: 1, Sub-iteration number: 52, FoM: 0.026516601042700705
17/06/2022 19:27:46.942 - oc_logger - INFO - Function evaluation number: 94, SI: 1, Sub-iteration number: 53, FoM: 0.021665888028781444
17/06/2022 19:27:47.081 - oc_logger - INFO - Function evaluation number: 95, SI: 1, Sub-iteration number: 54, FoM: 0.02540885965544859
17/06/2022 19:27:47.230 - oc_logger - INFO - New record achieved. Previous FoM: 0.014512638276517276, new best FoM : 0.008567330749536972
17/06/2022 19:27:47.230 - oc_logger - INFO - Function evaluation number: 96, SI: 1, Sub-iteration number: 55, FoM: 0.008567330749536972
17/06/2022 19:27:47.372 - oc_logger - INFO - Function evaluation number: 97, SI: 1, Sub-iteration number: 55, FoM: 0.01116252007645624
17/06/2022 19:27:47.519 - oc_logger - INFO - Function evaluation number: 98, SI: 1, Sub-iteration number: 56, FoM: 0.04217395060687301
17/06/2022 19:27:47.665 - oc_logger - INFO - Function evaluation number: 99, SI: 1, Sub-iteration number: 56, FoM: 0.026698239152081582
17/06/2022 19:27:47.798 - oc_logger - INFO - Function evaluation number: 100, SI: 1, Sub-iteration number: 57, FoM: 0.039510097125816546
17/06/2022 19:27:47.939 - oc_logger - INFO - Function evaluation number: 101, SI: 1, Sub-iteration number: 57, FoM: 0.025312209227402294
17/06/2022 19:27:47.939 - oc_logger - INFO - SI 1 finished - Number of evaluations: 101, Best FoM: 0.008567330749536972, Terminate reason: Exceeded number of allowed function evaluations per direct search.

17/06/2022 19:27:47.939 - oc_logger - INFO - Direct search start time has been reset.
17/06/2022 19:27:48.083 - oc_logger - INFO - Function evaluation number: 102, SI: 2, Sub-iteration number: 0, FoM: 0.008567330749536972
17/06/2022 19:27:48.218 - oc_logger - INFO - Function evaluation number: 103, SI: 2, Sub-iteration number: 0, FoM: 0.01706568411237086
17/06/2022 19:27:48.358 - oc_logger - INFO - New record achieved. Previous FoM: 0.008567330749536972, new best FoM : 0.004003622070664403
17/06/2022 19:27:48.358 - oc_logger - INFO - Function evaluation number: 104, SI: 2, Sub-iteration number: 0, FoM: 0.004003622070664403
17/06/2022 19:27:48.499 - oc_logger - INFO - Function evaluation number: 105, SI: 2, Sub-iteration number: 0, FoM: 0.007013112424192225
17/06/2022 19:27:48.645 - oc_logger - INFO - New record achieved. Previous FoM: 0.004003622070664403, new best FoM : 0.0038372098879962957
17/06/2022 19:27:48.645 - oc_logger - INFO - Function evaluation number: 106, SI: 2, Sub-iteration number: 0, FoM: 0.0038372098879962957
17/06/2022 19:27:48.769 - oc_logger - INFO - Function evaluation number: 107, SI: 2, Sub-iteration number: 0, FoM: 0.006066605361672139
17/06/2022 19:27:48.914 - oc_logger - INFO - Function evaluation number: 108, SI: 2, Sub-iteration number: 0, FoM: 0.019706681809836146
17/06/2022 19:27:49.048 - oc_logger - INFO - Function evaluation number: 109, SI: 2, Sub-iteration number: 0, FoM: 0.009062007285353002
17/06/2022 19:27:49.187 - oc_logger - INFO - Function evaluation number: 110, SI: 2, Sub-iteration number: 0, FoM: 0.008751967275165806
17/06/2022 19:27:49.330 - oc_logger - INFO - New record achieved. Previous FoM: 0.0038372098879962957, new best FoM : 0.0037124776260613057
17/06/2022 19:27:49.330 - oc_logger - INFO - Function evaluation number: 111, SI: 2, Sub-iteration number: 1, FoM: 0.0037124776260613057
17/06/2022 19:27:49.478 - oc_logger - INFO - Function evaluation number: 112, SI: 2, Sub-iteration number: 1, FoM: 0.004544661652656656
17/06/2022 19:27:49.624 - oc_logger - INFO - Function evaluation number: 113, SI: 2, Sub-iteration number: 2, FoM: 0.006302057889374102
17/06/2022 19:27:49.770 - oc_logger - INFO - Function evaluation number: 114, SI: 2, Sub-iteration number: 3, FoM: 0.004812737263566902
17/06/2022 19:27:49.916 - oc_logger - INFO - Function evaluation number: 115, SI: 2, Sub-iteration number: 4, FoM: 0.004657064347372009
17/06/2022 19:27:50.051 - oc_logger - INFO - Function evaluation number: 116, SI: 2, Sub-iteration number: 5, FoM: 0.00657519850898125
17/06/2022 19:27:50.183 - oc_logger - INFO - Function evaluation number: 117, SI: 2, Sub-iteration number: 6, FoM: 0.007574280886825879
17/06/2022 19:27:50.320 - oc_logger - INFO - Function evaluation number: 118, SI: 2, Sub-iteration number: 6, FoM: 0.005077462411271716
17/06/2022 19:27:50.460 - oc_logger - INFO - Function evaluation number: 119, SI: 2, Sub-iteration number: 7, FoM: 0.008004855731745253
17/06/2022 19:27:50.601 - oc_logger - INFO - Function evaluation number: 120, SI: 2, Sub-iteration number: 7, FoM: 0.0048062061437974535
17/06/2022 19:27:50.745 - oc_logger - INFO - Function evaluation number: 121, SI: 2, Sub-iteration number: 8, FoM: 0.00938746703931359
17/06/2022 19:27:50.893 - oc_logger - INFO - Function evaluation number: 122, SI: 2, Sub-iteration number: 8, FoM: 0.004531013099941861
17/06/2022 19:27:51.033 - oc_logger - INFO - Function evaluation number: 123, SI: 2, Sub-iteration number: 9, FoM: 0.006614484591601633
17/06/2022 19:27:51.175 - oc_logger - INFO - Function evaluation number: 124, SI: 2, Sub-iteration number: 9, FoM: 0.004644187595627902
17/06/2022 19:27:51.315 - oc_logger - INFO - Function evaluation number: 125, SI: 2, Sub-iteration number: 10, FoM: 0.005130873253702539
17/06/2022 19:27:51.442 - oc_logger - INFO - Function evaluation number: 126, SI: 2, Sub-iteration number: 10, FoM: 0.004220909822856278
17/06/2022 19:27:51.589 - oc_logger - INFO - Function evaluation number: 127, SI: 2, Sub-iteration number: 11, FoM: 0.004231117627131464
17/06/2022 19:27:51.732 - oc_logger - INFO - Function evaluation number: 128, SI: 2, Sub-iteration number: 12, FoM: 0.005720170466151697
17/06/2022 19:27:51.870 - oc_logger - INFO - Function evaluation number: 129, SI: 2, Sub-iteration number: 12, FoM: 0.003986547180611533
17/06/2022 19:27:52.016 - oc_logger - INFO - Function evaluation number: 130, SI: 2, Sub-iteration number: 13, FoM: 0.005881484948179305
17/06/2022 19:27:52.159 - oc_logger - INFO - Function evaluation number: 131, SI: 2, Sub-iteration number: 13, FoM: 0.003889890914640648
17/06/2022 19:27:52.303 - oc_logger - INFO - Function evaluation number: 132, SI: 2, Sub-iteration number: 14, FoM: 0.005097057432777885
17/06/2022 19:27:52.452 - oc_logger - INFO - Function evaluation number: 133, SI: 2, Sub-iteration number: 14, FoM: 0.0039546268996409895
17/06/2022 19:27:52.591 - oc_logger - INFO - Function evaluation number: 134, SI: 2, Sub-iteration number: 15, FoM: 0.004730147994196798
17/06/2022 19:27:52.734 - oc_logger - INFO - Function evaluation number: 135, SI: 2, Sub-iteration number: 15, FoM: 0.003920759343313374
17/06/2022 19:27:52.869 - oc_logger - INFO - Function evaluation number: 136, SI: 2, Sub-iteration number: 16, FoM: 0.004650015199497481
17/06/2022 19:27:53.014 - oc_logger - INFO - Function evaluation number: 137, SI: 2, Sub-iteration number: 16, FoM: 0.0037606920297184043
17/06/2022 19:27:53.153 - oc_logger - INFO - Function evaluation number: 138, SI: 2, Sub-iteration number: 17, FoM: 0.004458194826170603
17/06/2022 19:27:53.293 - oc_logger - INFO - Function evaluation number: 139, SI: 2, Sub-iteration number: 17, FoM: 0.0037722712212170384
17/06/2022 19:27:53.435 - oc_logger - INFO - Function evaluation number: 140, SI: 2, Sub-iteration number: 18, FoM: 0.004004007715354141
17/06/2022 19:27:53.578 - oc_logger - INFO - New record achieved. Previous FoM: 0.0037124776260613057, new best FoM : 0.00368986753424283
17/06/2022 19:27:53.578 - oc_logger - INFO - Function evaluation number: 141, SI: 2, Sub-iteration number: 18, FoM: 0.00368986753424283
17/06/2022 19:27:53.716 - oc_logger - INFO - Function evaluation number: 142, SI: 2, Sub-iteration number: 19, FoM: 0.0045030238713448245
17/06/2022 19:27:53.867 - oc_logger - INFO - New record achieved. Previous FoM: 0.00368986753424283, new best FoM : 0.003637727259945378
17/06/2022 19:27:53.867 - oc_logger - INFO - Function evaluation number: 143, SI: 2, Sub-iteration number: 19, FoM: 0.003637727259945378
17/06/2022 19:27:54.014 - oc_logger - INFO - Function evaluation number: 144, SI: 2, Sub-iteration number: 20, FoM: 0.00415071456963112
17/06/2022 19:27:54.160 - oc_logger - INFO - Function evaluation number: 145, SI: 2, Sub-iteration number: 20, FoM: 0.0036503853504765704
17/06/2022 19:27:54.304 - oc_logger - INFO - Function evaluation number: 146, SI: 2, Sub-iteration number: 21, FoM: 0.0039713968817503
17/06/2022 19:27:54.444 - oc_logger - INFO - Function evaluation number: 147, SI: 2, Sub-iteration number: 21, FoM: 0.0036458163112597086
17/06/2022 19:27:54.589 - oc_logger - INFO - Function evaluation number: 148, SI: 2, Sub-iteration number: 22, FoM: 0.004481082488943522
17/06/2022 19:27:54.732 - oc_logger - INFO - New record achieved. Previous FoM: 0.003637727259945378, new best FoM : 0.0035857796134383113
17/06/2022 19:27:54.732 - oc_logger - INFO - Function evaluation number: 149, SI: 2, Sub-iteration number: 22, FoM: 0.0035857796134383113
17/06/2022 19:27:54.876 - oc_logger - INFO - Function evaluation number: 150, SI: 2, Sub-iteration number: 23, FoM: 0.003974420360193354
17/06/2022 19:27:55.018 - oc_logger - INFO - Function evaluation number: 151, SI: 2, Sub-iteration number: 23, FoM: 0.003601400934007404
17/06/2022 19:27:55.155 - oc_logger - INFO - Function evaluation number: 152, SI: 2, Sub-iteration number: 24, FoM: 0.003974436448034968
17/06/2022 19:27:55.300 - oc_logger - INFO - New record achieved. Previous FoM: 0.0035857796134383113, new best FoM : 0.003565782835799669
17/06/2022 19:27:55.300 - oc_logger - INFO - Function evaluation number: 153, SI: 2, Sub-iteration number: 24, FoM: 0.003565782835799669
17/06/2022 19:27:55.444 - oc_logger - INFO - Function evaluation number: 154, SI: 2, Sub-iteration number: 25, FoM: 0.0038822856711528964
17/06/2022 19:27:55.585 - oc_logger - INFO - Function evaluation number: 155, SI: 2, Sub-iteration number: 25, FoM: 0.0035668366719912026
17/06/2022 19:27:55.732 - oc_logger - INFO - Function evaluation number: 156, SI: 2, Sub-iteration number: 26, FoM: 0.0037415721784345157
17/06/2022 19:27:55.874 - oc_logger - INFO - New record achieved. Previous FoM: 0.003565782835799669, new best FoM : 0.0035520771970897203
17/06/2022 19:27:55.874 - oc_logger - INFO - Function evaluation number: 157, SI: 2, Sub-iteration number: 26, FoM: 0.0035520771970897203
17/06/2022 19:27:56.021 - oc_logger - INFO - Function evaluation number: 158, SI: 2, Sub-iteration number: 27, FoM: 0.0036311480583444133
17/06/2022 19:27:56.165 - oc_logger - INFO - Function evaluation number: 159, SI: 2, Sub-iteration number: 28, FoM: 0.003922427317979205
17/06/2022 19:27:56.303 - oc_logger - INFO - New record achieved. Previous FoM: 0.0035520771970897203, new best FoM : 0.0034988741067075724
17/06/2022 19:27:56.303 - oc_logger - INFO - Function evaluation number: 160, SI: 2, Sub-iteration number: 28, FoM: 0.0034988741067075724
17/06/2022 19:27:56.446 - oc_logger - INFO - Function evaluation number: 161, SI: 2, Sub-iteration number: 29, FoM: 0.003636574228163658
17/06/2022 19:27:56.596 - oc_logger - INFO - Function evaluation number: 162, SI: 2, Sub-iteration number: 30, FoM: 0.0036550516632926078
17/06/2022 19:27:56.742 - oc_logger - INFO - Function evaluation number: 163, SI: 2, Sub-iteration number: 30, FoM: 0.0035147013017869932
17/06/2022 19:27:56.883 - oc_logger - INFO - Function evaluation number: 164, SI: 2, Sub-iteration number: 31, FoM: 0.0036328374027735366
17/06/2022 19:27:57.025 - oc_logger - INFO - Function evaluation number: 165, SI: 2, Sub-iteration number: 31, FoM: 0.003512410621161033
17/06/2022 19:27:57.170 - oc_logger - INFO - Function evaluation number: 166, SI: 2, Sub-iteration number: 32, FoM: 0.0036864518401180657
17/06/2022 19:27:57.313 - oc_logger - INFO - Function evaluation number: 167, SI: 2, Sub-iteration number: 32, FoM: 0.0035066431014860733
17/06/2022 19:27:57.458 - oc_logger - INFO - Function evaluation number: 168, SI: 2, Sub-iteration number: 33, FoM: 0.003808310182823904
17/06/2022 19:27:57.597 - oc_logger - INFO - New record achieved. Previous FoM: 0.0034988741067075724, new best FoM : 0.003479983650078511
17/06/2022 19:27:57.597 - oc_logger - INFO - Function evaluation number: 169, SI: 2, Sub-iteration number: 33, FoM: 0.003479983650078511
17/06/2022 19:27:57.743 - oc_logger - INFO - Function evaluation number: 170, SI: 2, Sub-iteration number: 34, FoM: 0.0036397481603438475
17/06/2022 19:27:57.890 - oc_logger - INFO - Function evaluation number: 171, SI: 2, Sub-iteration number: 34, FoM: 0.0034861321992311067
17/06/2022 19:27:58.036 - oc_logger - INFO - Function evaluation number: 172, SI: 2, Sub-iteration number: 35, FoM: 0.0037738018109382265
17/06/2022 19:27:58.181 - oc_logger - INFO - New record achieved. Previous FoM: 0.003479983650078511, new best FoM : 0.003464716984919347
17/06/2022 19:27:58.181 - oc_logger - INFO - Function evaluation number: 173, SI: 2, Sub-iteration number: 35, FoM: 0.003464716984919347
17/06/2022 19:27:58.331 - oc_logger - INFO - Function evaluation number: 174, SI: 2, Sub-iteration number: 36, FoM: 0.0036766752021635263
17/06/2022 19:27:58.478 - oc_logger - INFO - Function evaluation number: 175, SI: 2, Sub-iteration number: 36, FoM: 0.0034730528859477916
17/06/2022 19:27:58.623 - oc_logger - INFO - New record achieved. Previous FoM: 0.003464716984919347, new best FoM : 0.0034627298221709957
17/06/2022 19:27:58.623 - oc_logger - INFO - Function evaluation number: 176, SI: 2, Sub-iteration number: 37, FoM: 0.0034627298221709957
17/06/2022 19:27:58.770 - oc_logger - INFO - Function evaluation number: 177, SI: 2, Sub-iteration number: 37, FoM: 0.003509849980697588
17/06/2022 19:27:58.908 - oc_logger - INFO - Function evaluation number: 178, SI: 2, Sub-iteration number: 38, FoM: 0.003554125649674944
17/06/2022 19:27:59.049 - oc_logger - INFO - New record achieved. Previous FoM: 0.0034627298221709957, new best FoM : 0.0034502353076297787
17/06/2022 19:27:59.049 - oc_logger - INFO - Function evaluation number: 179, SI: 2, Sub-iteration number: 38, FoM: 0.0034502353076297787
17/06/2022 19:27:59.194 - oc_logger - INFO - Function evaluation number: 180, SI: 2, Sub-iteration number: 39, FoM: 0.003585751167097584
17/06/2022 19:27:59.339 - oc_logger - INFO - New record achieved. Previous FoM: 0.0034502353076297787, new best FoM : 0.0034462073560175277
17/06/2022 19:27:59.339 - oc_logger - INFO - Function evaluation number: 181, SI: 2, Sub-iteration number: 39, FoM: 0.0034462073560175277
17/06/2022 19:27:59.481 - oc_logger - INFO - Function evaluation number: 182, SI: 2, Sub-iteration number: 40, FoM: 0.003572708466037633
17/06/2022 19:27:59.625 - oc_logger - INFO - New record achieved. Previous FoM: 0.0034462073560175277, new best FoM : 0.0034443611087816572
17/06/2022 19:27:59.625 - oc_logger - INFO - Function evaluation number: 183, SI: 2, Sub-iteration number: 40, FoM: 0.0034443611087816572
17/06/2022 19:27:59.768 - oc_logger - INFO - Function evaluation number: 184, SI: 2, Sub-iteration number: 41, FoM: 0.0034683255074637875
17/06/2022 19:27:59.917 - oc_logger - INFO - Function evaluation number: 185, SI: 2, Sub-iteration number: 42, FoM: 0.00346179130188351
17/06/2022 19:28:00.061 - oc_logger - INFO - Function evaluation number: 186, SI: 2, Sub-iteration number: 43, FoM: 0.0034792782121271237
17/06/2022 19:28:00.206 - oc_logger - INFO - New record achieved. Previous FoM: 0.0034443611087816572, new best FoM : 0.003433839984749998
17/06/2022 19:28:00.206 - oc_logger - INFO - Function evaluation number: 187, SI: 2, Sub-iteration number: 43, FoM: 0.003433839984749998
17/06/2022 19:28:00.348 - oc_logger - INFO - Function evaluation number: 188, SI: 2, Sub-iteration number: 44, FoM: 0.003491799844657195
17/06/2022 19:28:00.501 - oc_logger - INFO - New record achieved. Previous FoM: 0.003433839984749998, new best FoM : 0.003429030361226326
17/06/2022 19:28:00.501 - oc_logger - INFO - Function evaluation number: 189, SI: 2, Sub-iteration number: 44, FoM: 0.003429030361226326
17/06/2022 19:28:00.650 - oc_logger - INFO - Function evaluation number: 190, SI: 2, Sub-iteration number: 45, FoM: 0.0034738238625248163
17/06/2022 19:28:00.792 - oc_logger - INFO - New record achieved. Previous FoM: 0.003429030361226326, new best FoM : 0.003427879809974277
17/06/2022 19:28:00.793 - oc_logger - INFO - Function evaluation number: 191, SI: 2, Sub-iteration number: 45, FoM: 0.003427879809974277
17/06/2022 19:28:00.941 - oc_logger - INFO - Function evaluation number: 192, SI: 2, Sub-iteration number: 46, FoM: 0.0035388410379004753
17/06/2022 19:28:01.084 - oc_logger - INFO - New record achieved. Previous FoM: 0.003427879809974277, new best FoM : 0.003420406620454175
17/06/2022 19:28:01.084 - oc_logger - INFO - Function evaluation number: 193, SI: 2, Sub-iteration number: 46, FoM: 0.003420406620454175
17/06/2022 19:28:01.225 - oc_logger - INFO - Function evaluation number: 194, SI: 2, Sub-iteration number: 47, FoM: 0.0036290155116033285
17/06/2022 19:28:01.371 - oc_logger - INFO - New record achieved. Previous FoM: 0.003420406620454175, new best FoM : 0.003412396904642012
17/06/2022 19:28:01.372 - oc_logger - INFO - Function evaluation number: 195, SI: 2, Sub-iteration number: 47, FoM: 0.003412396904642012
17/06/2022 19:28:01.521 - oc_logger - INFO - Function evaluation number: 196, SI: 2, Sub-iteration number: 48, FoM: 0.0035713865123763178
17/06/2022 19:28:01.660 - oc_logger - INFO - Function evaluation number: 197, SI: 2, Sub-iteration number: 48, FoM: 0.0034174891983197453
17/06/2022 19:28:01.805 - oc_logger - INFO - Function evaluation number: 198, SI: 2, Sub-iteration number: 49, FoM: 0.003418097123653485
17/06/2022 19:28:01.948 - oc_logger - INFO - New record achieved. Previous FoM: 0.003412396904642012, new best FoM : 0.003389062687330746
17/06/2022 19:28:01.948 - oc_logger - INFO - Function evaluation number: 199, SI: 2, Sub-iteration number: 50, FoM: 0.003389062687330746
17/06/2022 19:28:02.088 - oc_logger - INFO - Function evaluation number: 200, SI: 2, Sub-iteration number: 50, FoM: 0.003397713905501032
17/06/2022 19:28:02.236 - oc_logger - INFO - Function evaluation number: 201, SI: 2, Sub-iteration number: 51, FoM: 0.0034445357038207502
17/06/2022 19:28:02.377 - oc_logger - INFO - Function evaluation number: 202, SI: 2, Sub-iteration number: 51, FoM: 0.0034135580817264977
17/06/2022 19:28:02.377 - oc_logger - INFO - SI 2 finished - Number of evaluations: 101, Best FoM: 0.003389062687330746, Terminate reason: Exceeded number of allowed function evaluations per direct search.

17/06/2022 19:28:02.378 - oc_logger - INFO - Direct search start time has been reset.
17/06/2022 19:28:02.523 - oc_logger - INFO - Function evaluation number: 203, SI: 3, Sub-iteration number: 0, FoM: 0.003389062687330746
17/06/2022 19:28:02.667 - oc_logger - INFO - Function evaluation number: 204, SI: 3, Sub-iteration number: 0, FoM: 0.003481558818824282
17/06/2022 19:28:02.807 - oc_logger - INFO - Function evaluation number: 205, SI: 3, Sub-iteration number: 0, FoM: 0.00651865545644803
17/06/2022 19:28:02.953 - oc_logger - INFO - Function evaluation number: 206, SI: 3, Sub-iteration number: 0, FoM: 0.0053774536998832945
17/06/2022 19:28:03.076 - oc_logger - INFO - Function evaluation number: 207, SI: 3, Sub-iteration number: 0, FoM: 0.00875790377584118
17/06/2022 19:28:03.219 - oc_logger - INFO - Function evaluation number: 208, SI: 3, Sub-iteration number: 0, FoM: 0.00629309831669056
17/06/2022 19:28:03.368 - oc_logger - INFO - Function evaluation number: 209, SI: 3, Sub-iteration number: 0, FoM: 0.00521049363286008
17/06/2022 19:28:03.513 - oc_logger - INFO - Function evaluation number: 210, SI: 3, Sub-iteration number: 0, FoM: 0.004294123857309096
17/06/2022 19:28:03.657 - oc_logger - INFO - Function evaluation number: 211, SI: 3, Sub-iteration number: 0, FoM: 0.003943218984690966
17/06/2022 19:28:03.799 - oc_logger - INFO - Function evaluation number: 212, SI: 3, Sub-iteration number: 1, FoM: 0.00921792893468909
17/06/2022 19:28:03.948 - oc_logger - INFO - Function evaluation number: 213, SI: 3, Sub-iteration number: 1, FoM: 0.005966651177823468
17/06/2022 19:28:04.079 - oc_logger - INFO - Function evaluation number: 214, SI: 3, Sub-iteration number: 2, FoM: 0.006339458075731663
17/06/2022 19:28:04.222 - oc_logger - INFO - Function evaluation number: 215, SI: 3, Sub-iteration number: 2, FoM: 0.004834694574417986
17/06/2022 19:28:04.366 - oc_logger - INFO - Function evaluation number: 216, SI: 3, Sub-iteration number: 3, FoM: 0.00468643772143984
17/06/2022 19:28:04.507 - oc_logger - INFO - Function evaluation number: 217, SI: 3, Sub-iteration number: 4, FoM: 0.0061289124449763754
17/06/2022 19:28:04.656 - oc_logger - INFO - Function evaluation number: 218, SI: 3, Sub-iteration number: 4, FoM: 0.004561939027257433
17/06/2022 19:28:04.798 - oc_logger - INFO - Function evaluation number: 219, SI: 3, Sub-iteration number: 5, FoM: 0.006532888502751244
17/06/2022 19:28:04.942 - oc_logger - INFO - Function evaluation number: 220, SI: 3, Sub-iteration number: 5, FoM: 0.004184555230266285
17/06/2022 19:28:05.087 - oc_logger - INFO - Function evaluation number: 221, SI: 3, Sub-iteration number: 6, FoM: 0.00562261555963961
17/06/2022 19:28:05.236 - oc_logger - INFO - Function evaluation number: 222, SI: 3, Sub-iteration number: 6, FoM: 0.004181399288930243
17/06/2022 19:28:05.372 - oc_logger - INFO - Function evaluation number: 223, SI: 3, Sub-iteration number: 7, FoM: 0.00495914575605394
17/06/2022 19:28:05.517 - oc_logger - INFO - Function evaluation number: 224, SI: 3, Sub-iteration number: 7, FoM: 0.0040203176734601165
17/06/2022 19:28:05.655 - oc_logger - INFO - Function evaluation number: 225, SI: 3, Sub-iteration number: 8, FoM: 0.0052569889553337745
17/06/2022 19:28:05.796 - oc_logger - INFO - Function evaluation number: 226, SI: 3, Sub-iteration number: 8, FoM: 0.0039110596060848435
17/06/2022 19:28:05.942 - oc_logger - INFO - Function evaluation number: 227, SI: 3, Sub-iteration number: 9, FoM: 0.00498650340180351
17/06/2022 19:28:06.084 - oc_logger - INFO - Function evaluation number: 228, SI: 3, Sub-iteration number: 9, FoM: 0.0038678051033000926
17/06/2022 19:28:06.230 - oc_logger - INFO - Function evaluation number: 229, SI: 3, Sub-iteration number: 10, FoM: 0.004957587115549278
17/06/2022 19:28:06.374 - oc_logger - INFO - Function evaluation number: 230, SI: 3, Sub-iteration number: 10, FoM: 0.003717064884996346
17/06/2022 19:28:06.517 - oc_logger - INFO - Function evaluation number: 231, SI: 3, Sub-iteration number: 11, FoM: 0.004688075407001113
17/06/2022 19:28:06.658 - oc_logger - INFO - Function evaluation number: 232, SI: 3, Sub-iteration number: 11, FoM: 0.0036817729931676313
17/06/2022 19:28:06.792 - oc_logger - INFO - Function evaluation number: 233, SI: 3, Sub-iteration number: 12, FoM: 0.004515155676419136
17/06/2022 19:28:06.935 - oc_logger - INFO - Function evaluation number: 234, SI: 3, Sub-iteration number: 12, FoM: 0.0036986764874444855
17/06/2022 19:28:07.073 - oc_logger - INFO - Function evaluation number: 235, SI: 3, Sub-iteration number: 13, FoM: 0.004201018641989962
17/06/2022 19:28:07.220 - oc_logger - INFO - Function evaluation number: 236, SI: 3, Sub-iteration number: 13, FoM: 0.0036336286877336477
17/06/2022 19:28:07.358 - oc_logger - INFO - Function evaluation number: 237, SI: 3, Sub-iteration number: 14, FoM: 0.004455042817197663
17/06/2022 19:28:07.500 - oc_logger - INFO - Function evaluation number: 238, SI: 3, Sub-iteration number: 14, FoM: 0.003571142408493877
17/06/2022 19:28:07.642 - oc_logger - INFO - Function evaluation number: 239, SI: 3, Sub-iteration number: 15, FoM: 0.004099602201094066
17/06/2022 19:28:07.784 - oc_logger - INFO - Function evaluation number: 240, SI: 3, Sub-iteration number: 15, FoM: 0.003582965223028034
17/06/2022 19:28:07.933 - oc_logger - INFO - Function evaluation number: 241, SI: 3, Sub-iteration number: 16, FoM: 0.004113362780790331
17/06/2022 19:28:08.072 - oc_logger - INFO - Function evaluation number: 242, SI: 3, Sub-iteration number: 16, FoM: 0.0035585732037696216
17/06/2022 19:28:08.219 - oc_logger - INFO - Function evaluation number: 243, SI: 3, Sub-iteration number: 17, FoM: 0.003996312558775195
17/06/2022 19:28:08.360 - oc_logger - INFO - Function evaluation number: 244, SI: 3, Sub-iteration number: 17, FoM: 0.003483825597343837
17/06/2022 19:28:08.505 - oc_logger - INFO - Function evaluation number: 245, SI: 3, Sub-iteration number: 18, FoM: 0.0038651228604121846
17/06/2022 19:28:08.654 - oc_logger - INFO - Function evaluation number: 246, SI: 3, Sub-iteration number: 18, FoM: 0.003486609327410295
17/06/2022 19:28:08.797 - oc_logger - INFO - Function evaluation number: 247, SI: 3, Sub-iteration number: 19, FoM: 0.003980505712483207
17/06/2022 19:28:08.940 - oc_logger - INFO - Function evaluation number: 248, SI: 3, Sub-iteration number: 19, FoM: 0.0034668539782487517
17/06/2022 19:28:09.079 - oc_logger - INFO - Function evaluation number: 249, SI: 3, Sub-iteration number: 20, FoM: 0.0037293737235535307
17/06/2022 19:28:09.221 - oc_logger - INFO - Function evaluation number: 250, SI: 3, Sub-iteration number: 20, FoM: 0.003462524481880669
17/06/2022 19:28:09.368 - oc_logger - INFO - Function evaluation number: 251, SI: 3, Sub-iteration number: 21, FoM: 0.003608189985114474
17/06/2022 19:28:09.509 - oc_logger - INFO - Function evaluation number: 252, SI: 3, Sub-iteration number: 21, FoM: 0.003444391145719705
17/06/2022 19:28:09.653 - oc_logger - INFO - Function evaluation number: 253, SI: 3, Sub-iteration number: 22, FoM: 0.003818202696623252
17/06/2022 19:28:09.796 - oc_logger - INFO - Function evaluation number: 254, SI: 3, Sub-iteration number: 22, FoM: 0.003420469773092405
17/06/2022 19:28:09.941 - oc_logger - INFO - Function evaluation number: 255, SI: 3, Sub-iteration number: 23, FoM: 0.003724611755084317
17/06/2022 19:28:10.086 - oc_logger - INFO - Function evaluation number: 256, SI: 3, Sub-iteration number: 23, FoM: 0.003422217875314826
17/06/2022 19:28:10.231 - oc_logger - INFO - Function evaluation number: 257, SI: 3, Sub-iteration number: 24, FoM: 0.00363816470546785
17/06/2022 19:28:10.373 - oc_logger - INFO - Function evaluation number: 258, SI: 3, Sub-iteration number: 24, FoM: 0.0033902011174172797
17/06/2022 19:28:10.522 - oc_logger - INFO - Function evaluation number: 259, SI: 3, Sub-iteration number: 25, FoM: 0.003574265210704697
17/06/2022 19:28:10.668 - oc_logger - INFO - Function evaluation number: 260, SI: 3, Sub-iteration number: 25, FoM: 0.0033940031193155917
17/06/2022 19:28:10.810 - oc_logger - INFO - New record achieved. Previous FoM: 0.003389062687330746, new best FoM : 0.0033803362426026995
17/06/2022 19:28:10.810 - oc_logger - INFO - Function evaluation number: 261, SI: 3, Sub-iteration number: 26, FoM: 0.0033803362426026995
17/06/2022 19:28:10.953 - oc_logger - INFO - Function evaluation number: 262, SI: 3, Sub-iteration number: 26, FoM: 0.003426654828813658
17/06/2022 19:28:11.095 - oc_logger - INFO - Function evaluation number: 263, SI: 3, Sub-iteration number: 27, FoM: 0.0035246691794160734
17/06/2022 19:28:11.239 - oc_logger - INFO - Function evaluation number: 264, SI: 3, Sub-iteration number: 27, FoM: 0.0033833889175302057
17/06/2022 19:28:11.374 - oc_logger - INFO - Function evaluation number: 265, SI: 3, Sub-iteration number: 28, FoM: 0.0034401226922673445
17/06/2022 19:28:11.513 - oc_logger - INFO - Function evaluation number: 266, SI: 3, Sub-iteration number: 29, FoM: 0.0035290073944087563
17/06/2022 19:28:11.657 - oc_logger - INFO - New record achieved. Previous FoM: 0.0033803362426026995, new best FoM : 0.0033694678892214336
17/06/2022 19:28:11.657 - oc_logger - INFO - Function evaluation number: 267, SI: 3, Sub-iteration number: 29, FoM: 0.0033694678892214336
17/06/2022 19:28:11.805 - oc_logger - INFO - Function evaluation number: 268, SI: 3, Sub-iteration number: 30, FoM: 0.003460942596834049
17/06/2022 19:28:11.951 - oc_logger - INFO - Function evaluation number: 269, SI: 3, Sub-iteration number: 30, FoM: 0.0033728739514520267
17/06/2022 19:28:12.092 - oc_logger - INFO - Function evaluation number: 270, SI: 3, Sub-iteration number: 31, FoM: 0.0034972521055884886
17/06/2022 19:28:12.237 - oc_logger - INFO - New record achieved. Previous FoM: 0.0033694678892214336, new best FoM : 0.0033597678143985066
17/06/2022 19:28:12.237 - oc_logger - INFO - Function evaluation number: 271, SI: 3, Sub-iteration number: 31, FoM: 0.0033597678143985066
17/06/2022 19:28:12.381 - oc_logger - INFO - Function evaluation number: 272, SI: 3, Sub-iteration number: 32, FoM: 0.003467716198619075
17/06/2022 19:28:12.520 - oc_logger - INFO - Function evaluation number: 273, SI: 3, Sub-iteration number: 32, FoM: 0.003361419193994797
17/06/2022 19:28:12.657 - oc_logger - INFO - Function evaluation number: 274, SI: 3, Sub-iteration number: 33, FoM: 0.0035218279537621022
17/06/2022 19:28:12.802 - oc_logger - INFO - New record achieved. Previous FoM: 0.0033597678143985066, new best FoM : 0.0033425745701487486
17/06/2022 19:28:12.802 - oc_logger - INFO - Function evaluation number: 275, SI: 3, Sub-iteration number: 33, FoM: 0.0033425745701487486
17/06/2022 19:28:12.950 - oc_logger - INFO - Function evaluation number: 276, SI: 3, Sub-iteration number: 34, FoM: 0.003423727773696039
17/06/2022 19:28:13.092 - oc_logger - INFO - Function evaluation number: 277, SI: 3, Sub-iteration number: 34, FoM: 0.0033491403262252417
17/06/2022 19:28:13.237 - oc_logger - INFO - New record achieved. Previous FoM: 0.0033425745701487486, new best FoM : 0.0032739976285480754
17/06/2022 19:28:13.237 - oc_logger - INFO - Function evaluation number: 278, SI: 3, Sub-iteration number: 35, FoM: 0.0032739976285480754
17/06/2022 19:28:13.380 - oc_logger - INFO - New record achieved. Previous FoM: 0.0032739976285480754, new best FoM : 0.003270650911310735
17/06/2022 19:28:13.380 - oc_logger - INFO - Function evaluation number: 279, SI: 3, Sub-iteration number: 35, FoM: 0.003270650911310735
17/06/2022 19:28:13.524 - oc_logger - INFO - Function evaluation number: 280, SI: 3, Sub-iteration number: 36, FoM: 0.0033275188071371087
17/06/2022 19:28:13.665 - oc_logger - INFO - Function evaluation number: 281, SI: 3, Sub-iteration number: 37, FoM: 0.0034686628201229253
17/06/2022 19:28:13.807 - oc_logger - INFO - Function evaluation number: 282, SI: 3, Sub-iteration number: 37, FoM: 0.0033296709850946238
17/06/2022 19:28:13.955 - oc_logger - INFO - Function evaluation number: 283, SI: 3, Sub-iteration number: 38, FoM: 0.0033996410479664174
17/06/2022 19:28:14.092 - oc_logger - INFO - Function evaluation number: 284, SI: 3, Sub-iteration number: 38, FoM: 0.003331092609442976
17/06/2022 19:28:14.240 - oc_logger - INFO - Function evaluation number: 285, SI: 3, Sub-iteration number: 39, FoM: 0.0033357792895214455
17/06/2022 19:28:14.395 - oc_logger - INFO - Function evaluation number: 286, SI: 3, Sub-iteration number: 40, FoM: 0.0034225102394686013
17/06/2022 19:28:14.582 - oc_logger - INFO - Function evaluation number: 287, SI: 3, Sub-iteration number: 40, FoM: 0.003320872234356731
17/06/2022 19:28:14.725 - oc_logger - INFO - Function evaluation number: 288, SI: 3, Sub-iteration number: 41, FoM: 0.0032877012117568105
17/06/2022 19:28:14.873 - oc_logger - INFO - Function evaluation number: 289, SI: 3, Sub-iteration number: 42, FoM: 0.0032866926429540033
17/06/2022 19:28:15.018 - oc_logger - INFO - Function evaluation number: 290, SI: 3, Sub-iteration number: 43, FoM: 0.0032945976903441254
17/06/2022 19:28:15.160 - oc_logger - INFO - Function evaluation number: 291, SI: 3, Sub-iteration number: 44, FoM: 0.0033405890503156455
17/06/2022 19:28:15.296 - oc_logger - INFO - Function evaluation number: 292, SI: 3, Sub-iteration number: 44, FoM: 0.0033029888573763433
17/06/2022 19:28:15.431 - oc_logger - INFO - New record achieved. Previous FoM: 0.003270650911310735, new best FoM : 0.003266646621424396
17/06/2022 19:28:15.431 - oc_logger - INFO - Function evaluation number: 293, SI: 3, Sub-iteration number: 45, FoM: 0.003266646621424396
17/06/2022 19:28:15.566 - oc_logger - INFO - Function evaluation number: 294, SI: 3, Sub-iteration number: 45, FoM: 0.0032743552147483923
17/06/2022 19:28:15.706 - oc_logger - INFO - Function evaluation number: 295, SI: 3, Sub-iteration number: 46, FoM: 0.003268459384134337
17/06/2022 19:28:15.843 - oc_logger - INFO - Function evaluation number: 296, SI: 3, Sub-iteration number: 47, FoM: 0.0033042520291832744
17/06/2022 19:28:15.982 - oc_logger - INFO - New record achieved. Previous FoM: 0.003266646621424396, new best FoM : 0.0032398949185679093
17/06/2022 19:28:15.982 - oc_logger - INFO - Function evaluation number: 297, SI: 3, Sub-iteration number: 48, FoM: 0.0032398949185679093
17/06/2022 19:28:16.129 - oc_logger - INFO - Function evaluation number: 298, SI: 3, Sub-iteration number: 48, FoM: 0.0032447785681763985
17/06/2022 19:28:16.272 - oc_logger - INFO - Function evaluation number: 299, SI: 3, Sub-iteration number: 49, FoM: 0.0033062908119430023
17/06/2022 19:28:16.415 - oc_logger - INFO - Function evaluation number: 300, SI: 3, Sub-iteration number: 49, FoM: 0.003274673805817807
17/06/2022 19:28:16.558 - oc_logger - INFO - New record achieved. Previous FoM: 0.0032398949185679093, new best FoM : 0.003230891259624724
17/06/2022 19:28:16.558 - oc_logger - INFO - Function evaluation number: 301, SI: 3, Sub-iteration number: 50, FoM: 0.003230891259624724
17/06/2022 19:28:16.699 - oc_logger - INFO - Function evaluation number: 302, SI: 3, Sub-iteration number: 50, FoM: 0.003234512586667071
17/06/2022 19:28:16.699 - oc_logger - INFO - SI 3 finished - Number of evaluations: 100, Best FoM: 0.003230891259624724, Terminate reason: Exceeded number of allowed function evaluations per direct search.

17/06/2022 19:28:16.699 - oc_logger - INFO - Direct search start time has been reset.
17/06/2022 19:28:16.845 - oc_logger - INFO - Function evaluation number: 303, SI: 4, Sub-iteration number: 0, FoM: 0.003230891259624724
17/06/2022 19:28:16.995 - oc_logger - INFO - Function evaluation number: 304, SI: 4, Sub-iteration number: 0, FoM: 0.004227356426522277
17/06/2022 19:28:17.139 - oc_logger - INFO - Function evaluation number: 305, SI: 4, Sub-iteration number: 0, FoM: 0.004921694625551032
17/06/2022 19:28:17.289 - oc_logger - INFO - Function evaluation number: 306, SI: 4, Sub-iteration number: 0, FoM: 0.005744299385903706
17/06/2022 19:28:17.432 - oc_logger - INFO - Function evaluation number: 307, SI: 4, Sub-iteration number: 0, FoM: 0.008683905542716808
17/06/2022 19:28:17.574 - oc_logger - INFO - Function evaluation number: 308, SI: 4, Sub-iteration number: 0, FoM: 0.00711351399073501
17/06/2022 19:28:17.714 - oc_logger - INFO - Function evaluation number: 309, SI: 4, Sub-iteration number: 0, FoM: 0.004612866518362568
17/06/2022 19:28:17.860 - oc_logger - INFO - Function evaluation number: 310, SI: 4, Sub-iteration number: 0, FoM: 0.0032770486344220195
17/06/2022 19:28:18.002 - oc_logger - INFO - Function evaluation number: 311, SI: 4, Sub-iteration number: 0, FoM: 0.004555412566627615
17/06/2022 19:28:18.142 - oc_logger - INFO - Function evaluation number: 312, SI: 4, Sub-iteration number: 1, FoM: 0.008249608442630674
17/06/2022 19:28:18.285 - oc_logger - INFO - Function evaluation number: 313, SI: 4, Sub-iteration number: 1, FoM: 0.005559630775343383
17/06/2022 19:28:18.429 - oc_logger - INFO - Function evaluation number: 314, SI: 4, Sub-iteration number: 2, FoM: 0.00914967999548899
17/06/2022 19:28:18.567 - oc_logger - INFO - Function evaluation number: 315, SI: 4, Sub-iteration number: 2, FoM: 0.004892581577516153
17/06/2022 19:28:18.706 - oc_logger - INFO - Function evaluation number: 316, SI: 4, Sub-iteration number: 3, FoM: 0.00739843883628577
17/06/2022 19:28:18.851 - oc_logger - INFO - Function evaluation number: 317, SI: 4, Sub-iteration number: 3, FoM: 0.004276473698584415
17/06/2022 19:28:18.994 - oc_logger - INFO - Function evaluation number: 318, SI: 4, Sub-iteration number: 4, FoM: 0.005221753088194836
17/06/2022 19:28:19.136 - oc_logger - INFO - Function evaluation number: 319, SI: 4, Sub-iteration number: 4, FoM: 0.00411405574365753
17/06/2022 19:28:19.273 - oc_logger - INFO - Function evaluation number: 320, SI: 4, Sub-iteration number: 5, FoM: 0.005960135895443197
17/06/2022 19:28:19.415 - oc_logger - INFO - Function evaluation number: 321, SI: 4, Sub-iteration number: 5, FoM: 0.003907806705355177
17/06/2022 19:28:19.556 - oc_logger - INFO - Function evaluation number: 322, SI: 4, Sub-iteration number: 6, FoM: 0.005670564219781182
17/06/2022 19:28:19.697 - oc_logger - INFO - Function evaluation number: 323, SI: 4, Sub-iteration number: 6, FoM: 0.003928009411486522
17/06/2022 19:28:19.836 - oc_logger - INFO - Function evaluation number: 324, SI: 4, Sub-iteration number: 7, FoM: 0.00486410725563724
17/06/2022 19:28:19.981 - oc_logger - INFO - Function evaluation number: 325, SI: 4, Sub-iteration number: 7, FoM: 0.003840344438103882
17/06/2022 19:28:20.125 - oc_logger - INFO - Function evaluation number: 326, SI: 4, Sub-iteration number: 8, FoM: 0.005220783003607288
17/06/2022 19:28:20.268 - oc_logger - INFO - Function evaluation number: 327, SI: 4, Sub-iteration number: 8, FoM: 0.003765287402283657
17/06/2022 19:28:20.411 - oc_logger - INFO - Function evaluation number: 328, SI: 4, Sub-iteration number: 9, FoM: 0.004699584658412914
17/06/2022 19:28:20.558 - oc_logger - INFO - Function evaluation number: 329, SI: 4, Sub-iteration number: 9, FoM: 0.003664339583379972
17/06/2022 19:28:20.701 - oc_logger - INFO - Function evaluation number: 330, SI: 4, Sub-iteration number: 10, FoM: 0.005100983148199956
17/06/2022 19:28:20.839 - oc_logger - INFO - Function evaluation number: 331, SI: 4, Sub-iteration number: 10, FoM: 0.0036021347802245307
17/06/2022 19:28:20.984 - oc_logger - INFO - Function evaluation number: 332, SI: 4, Sub-iteration number: 11, FoM: 0.004234277737130143
17/06/2022 19:28:21.125 - oc_logger - INFO - Function evaluation number: 333, SI: 4, Sub-iteration number: 11, FoM: 0.00361441243053251
17/06/2022 19:28:21.266 - oc_logger - INFO - Function evaluation number: 334, SI: 4, Sub-iteration number: 12, FoM: 0.004228441092341773
17/06/2022 19:28:21.407 - oc_logger - INFO - Function evaluation number: 335, SI: 4, Sub-iteration number: 12, FoM: 0.0035123837786075196
17/06/2022 19:28:21.545 - oc_logger - INFO - Function evaluation number: 336, SI: 4, Sub-iteration number: 13, FoM: 0.004524200713816318
17/06/2022 19:28:21.689 - oc_logger - INFO - Function evaluation number: 337, SI: 4, Sub-iteration number: 13, FoM: 0.00347376038858771
17/06/2022 19:28:21.837 - oc_logger - INFO - Function evaluation number: 338, SI: 4, Sub-iteration number: 14, FoM: 0.003882726200686415
17/06/2022 19:28:21.982 - oc_logger - INFO - Function evaluation number: 339, SI: 4, Sub-iteration number: 14, FoM: 0.00349444765712692
17/06/2022 19:28:22.120 - oc_logger - INFO - Function evaluation number: 340, SI: 4, Sub-iteration number: 15, FoM: 0.004007993714743252
17/06/2022 19:28:22.260 - oc_logger - INFO - Function evaluation number: 341, SI: 4, Sub-iteration number: 15, FoM: 0.0034381164886764237
17/06/2022 19:28:22.396 - oc_logger - INFO - Function evaluation number: 342, SI: 4, Sub-iteration number: 16, FoM: 0.0039044601948943214
17/06/2022 19:28:22.542 - oc_logger - INFO - Function evaluation number: 343, SI: 4, Sub-iteration number: 16, FoM: 0.0033936048277952713
17/06/2022 19:28:22.684 - oc_logger - INFO - Function evaluation number: 344, SI: 4, Sub-iteration number: 17, FoM: 0.003730323506690114
17/06/2022 19:28:22.828 - oc_logger - INFO - Function evaluation number: 345, SI: 4, Sub-iteration number: 17, FoM: 0.0033801431984795682
17/06/2022 19:28:22.961 - oc_logger - INFO - Function evaluation number: 346, SI: 4, Sub-iteration number: 18, FoM: 0.003902331949789728
17/06/2022 19:28:23.106 - oc_logger - INFO - Function evaluation number: 347, SI: 4, Sub-iteration number: 18, FoM: 0.003358695929720379
17/06/2022 19:28:23.249 - oc_logger - INFO - Function evaluation number: 348, SI: 4, Sub-iteration number: 19, FoM: 0.003696118167665574
17/06/2022 19:28:23.392 - oc_logger - INFO - Function evaluation number: 349, SI: 4, Sub-iteration number: 19, FoM: 0.0033279175307061593
17/06/2022 19:28:23.539 - oc_logger - INFO - Function evaluation number: 350, SI: 4, Sub-iteration number: 20, FoM: 0.0035279936355241404
17/06/2022 19:28:23.683 - oc_logger - INFO - Function evaluation number: 351, SI: 4, Sub-iteration number: 20, FoM: 0.0033320105221382734
17/06/2022 19:28:23.829 - oc_logger - INFO - Function evaluation number: 352, SI: 4, Sub-iteration number: 21, FoM: 0.0037388847680579484
17/06/2022 19:28:23.966 - oc_logger - INFO - Function evaluation number: 353, SI: 4, Sub-iteration number: 21, FoM: 0.0033018864098210976
17/06/2022 19:28:24.107 - oc_logger - INFO - Function evaluation number: 354, SI: 4, Sub-iteration number: 22, FoM: 0.003501620605722011
17/06/2022 19:28:24.247 - oc_logger - INFO - Function evaluation number: 355, SI: 4, Sub-iteration number: 22, FoM: 0.003302734586504208
17/06/2022 19:28:24.391 - oc_logger - INFO - Function evaluation number: 356, SI: 4, Sub-iteration number: 23, FoM: 0.0035479998574423632
17/06/2022 19:28:24.537 - oc_logger - INFO - Function evaluation number: 357, SI: 4, Sub-iteration number: 23, FoM: 0.0032749169019673507
17/06/2022 19:28:24.679 - oc_logger - INFO - Function evaluation number: 358, SI: 4, Sub-iteration number: 24, FoM: 0.0034441082235515674
17/06/2022 19:28:24.825 - oc_logger - INFO - Function evaluation number: 359, SI: 4, Sub-iteration number: 24, FoM: 0.0032763200045923258
17/06/2022 19:28:25.035 - oc_logger - INFO - Function evaluation number: 360, SI: 4, Sub-iteration number: 25, FoM: 0.003480881037626782
17/06/2022 19:28:25.199 - oc_logger - INFO - Function evaluation number: 361, SI: 4, Sub-iteration number: 25, FoM: 0.00326139926154434
17/06/2022 19:28:25.392 - oc_logger - INFO - Function evaluation number: 362, SI: 4, Sub-iteration number: 26, FoM: 0.0033296032354387384
17/06/2022 19:28:25.524 - oc_logger - INFO - Function evaluation number: 363, SI: 4, Sub-iteration number: 26, FoM: 0.0032577601016268165
17/06/2022 19:28:25.670 - oc_logger - INFO - Function evaluation number: 364, SI: 4, Sub-iteration number: 27, FoM: 0.0034114841481238667
17/06/2022 19:28:25.815 - oc_logger - INFO - Function evaluation number: 365, SI: 4, Sub-iteration number: 27, FoM: 0.0032501397658887266
17/06/2022 19:28:25.939 - oc_logger - INFO - Function evaluation number: 366, SI: 4, Sub-iteration number: 28, FoM: 0.0033513050388777055
17/06/2022 19:28:26.082 - oc_logger - INFO - Function evaluation number: 367, SI: 4, Sub-iteration number: 28, FoM: 0.003241190918904735
17/06/2022 19:28:26.221 - oc_logger - INFO - Function evaluation number: 368, SI: 4, Sub-iteration number: 29, FoM: 0.003333561537649965
17/06/2022 19:28:26.357 - oc_logger - INFO - Function evaluation number: 369, SI: 4, Sub-iteration number: 29, FoM: 0.003242188867769058
17/06/2022 19:28:26.497 - oc_logger - INFO - Function evaluation number: 370, SI: 4, Sub-iteration number: 30, FoM: 0.0032817914948994886
17/06/2022 19:28:26.634 - oc_logger - INFO - Function evaluation number: 371, SI: 4, Sub-iteration number: 30, FoM: 0.0032327152704839657
17/06/2022 19:28:26.780 - oc_logger - INFO - Function evaluation number: 372, SI: 4, Sub-iteration number: 31, FoM: 0.0033684038211911904
17/06/2022 19:28:26.922 - oc_logger - INFO - New record achieved. Previous FoM: 0.003230891259624724, new best FoM : 0.0032250659213337585
17/06/2022 19:28:26.922 - oc_logger - INFO - Function evaluation number: 373, SI: 4, Sub-iteration number: 31, FoM: 0.0032250659213337585
17/06/2022 19:28:27.069 - oc_logger - INFO - Function evaluation number: 374, SI: 4, Sub-iteration number: 32, FoM: 0.003325515730261408
17/06/2022 19:28:27.213 - oc_logger - INFO - Function evaluation number: 375, SI: 4, Sub-iteration number: 32, FoM: 0.0032282608449153427
17/06/2022 19:28:27.356 - oc_logger - INFO - Function evaluation number: 376, SI: 4, Sub-iteration number: 33, FoM: 0.0033383876915381583
17/06/2022 19:28:27.504 - oc_logger - INFO - New record achieved. Previous FoM: 0.0032250659213337585, new best FoM : 0.00321982111836272
17/06/2022 19:28:27.504 - oc_logger - INFO - Function evaluation number: 377, SI: 4, Sub-iteration number: 33, FoM: 0.00321982111836272
17/06/2022 19:28:27.643 - oc_logger - INFO - Function evaluation number: 378, SI: 4, Sub-iteration number: 34, FoM: 0.0032547970423499883
17/06/2022 19:28:27.785 - oc_logger - INFO - Function evaluation number: 379, SI: 4, Sub-iteration number: 34, FoM: 0.0032230444031158267
17/06/2022 19:28:27.925 - oc_logger - INFO - Function evaluation number: 380, SI: 4, Sub-iteration number: 35, FoM: 0.003311217219655993
17/06/2022 19:28:28.066 - oc_logger - INFO - New record achieved. Previous FoM: 0.00321982111836272, new best FoM : 0.0032159791706865004
17/06/2022 19:28:28.066 - oc_logger - INFO - Function evaluation number: 381, SI: 4, Sub-iteration number: 35, FoM: 0.0032159791706865004
17/06/2022 19:28:28.209 - oc_logger - INFO - Function evaluation number: 382, SI: 4, Sub-iteration number: 36, FoM: 0.003314128888065926
17/06/2022 19:28:28.351 - oc_logger - INFO - New record achieved. Previous FoM: 0.0032159791706865004, new best FoM : 0.003211585639720571
17/06/2022 19:28:28.351 - oc_logger - INFO - Function evaluation number: 383, SI: 4, Sub-iteration number: 36, FoM: 0.003211585639720571
17/06/2022 19:28:28.498 - oc_logger - INFO - Function evaluation number: 384, SI: 4, Sub-iteration number: 37, FoM: 0.0032369079734744233
17/06/2022 19:28:28.644 - oc_logger - INFO - Function evaluation number: 385, SI: 4, Sub-iteration number: 37, FoM: 0.00321484802022709
17/06/2022 19:28:28.787 - oc_logger - INFO - Function evaluation number: 386, SI: 4, Sub-iteration number: 38, FoM: 0.003236728834106306
17/06/2022 19:28:28.934 - oc_logger - INFO - Function evaluation number: 387, SI: 4, Sub-iteration number: 38, FoM: 0.0032127577250311568
17/06/2022 19:28:29.079 - oc_logger - INFO - New record achieved. Previous FoM: 0.003211585639720571, new best FoM : 0.0032080888912168204
17/06/2022 19:28:29.079 - oc_logger - INFO - Function evaluation number: 388, SI: 4, Sub-iteration number: 39, FoM: 0.0032080888912168204
17/06/2022 19:28:29.225 - oc_logger - INFO - Function evaluation number: 389, SI: 4, Sub-iteration number: 39, FoM: 0.003219365260434759
17/06/2022 19:28:29.359 - oc_logger - INFO - Function evaluation number: 390, SI: 4, Sub-iteration number: 40, FoM: 0.003210487944358631
17/06/2022 19:28:29.509 - oc_logger - INFO - Function evaluation number: 391, SI: 4, Sub-iteration number: 41, FoM: 0.003210216499787477
17/06/2022 19:28:29.650 - oc_logger - INFO - Function evaluation number: 392, SI: 4, Sub-iteration number: 42, FoM: 0.0032202107163091798
17/06/2022 19:28:29.791 - oc_logger - INFO - New record achieved. Previous FoM: 0.0032080888912168204, new best FoM : 0.0032034812848258376
17/06/2022 19:28:29.791 - oc_logger - INFO - Function evaluation number: 393, SI: 4, Sub-iteration number: 42, FoM: 0.0032034812848258376
17/06/2022 19:28:29.940 - oc_logger - INFO - Function evaluation number: 394, SI: 4, Sub-iteration number: 43, FoM: 0.00326438425705311
17/06/2022 19:28:30.081 - oc_logger - INFO - New record achieved. Previous FoM: 0.0032034812848258376, new best FoM : 0.0031998266225854444
17/06/2022 19:28:30.081 - oc_logger - INFO - Function evaluation number: 395, SI: 4, Sub-iteration number: 43, FoM: 0.0031998266225854444
17/06/2022 19:28:30.225 - oc_logger - INFO - Function evaluation number: 396, SI: 4, Sub-iteration number: 44, FoM: 0.003212334517738502
17/06/2022 19:28:30.367 - oc_logger - INFO - Function evaluation number: 397, SI: 4, Sub-iteration number: 45, FoM: 0.0032314793437966394
17/06/2022 19:28:30.507 - oc_logger - INFO - New record achieved. Previous FoM: 0.0031998266225854444, new best FoM : 0.0031998123689067626
17/06/2022 19:28:30.507 - oc_logger - INFO - Function evaluation number: 398, SI: 4, Sub-iteration number: 45, FoM: 0.0031998123689067626
17/06/2022 19:28:30.657 - oc_logger - INFO - New record achieved. Previous FoM: 0.0031998123689067626, new best FoM : 0.003188533155261908
17/06/2022 19:28:30.658 - oc_logger - INFO - Function evaluation number: 399, SI: 4, Sub-iteration number: 46, FoM: 0.003188533155261908
17/06/2022 19:28:30.799 - oc_logger - INFO - Function evaluation number: 400, SI: 4, Sub-iteration number: 46, FoM: 0.003192740307646824
17/06/2022 19:28:30.799 - oc_logger - INFO - Setting is_running state: False
17/06/2022 19:28:30.799 - oc_logger - INFO - SI 4 finished - Number of evaluations: 99, Best FoM: 0.003188533155261908, Terminate reason: Optimization time for direct search exceeded limit.

17/06/2022 19:28:30.799 - oc_logger - INFO - Figure of merit : 0.003188533155261908
17/06/2022 19:28:30.800 - oc_logger - INFO - Std : 0.0
17/06/2022 19:28:30.800 - oc_logger - INFO - total number of function evaluations : 400
17/06/2022 19:28:30.800 - oc_logger - INFO - dcrab_freq_list : [array([[0.19619188, 0.54502215, 0.90343474, 1.2848157 ]]), array([[0.38863902, 0.57768559, 1.07556871, 1.50012843]]), array([[0.27199676, 0.7412373 , 0.8198952 , 1.4879307 ]]), array([[0.28165342, 0.6709518 , 0.89785339, 1.27533401]])]
17/06/2022 19:28:30.800 - oc_logger - INFO - dcrab_para_list : [array([-0.75069123,  0.99408884,  1.3872984 ,  1.76488665,  2.3798651 ,
       -1.0873567 , -1.45321063, -2.8920756 ]), array([ 0.02303038,  0.05831577,  0.14472381,  0.2005023 ,  0.15082553,
       -0.02074759,  0.01868718, -0.09691561]), array([-0.05337535, -0.03405777,  0.19123822, -0.00186636, -0.09367685,
        0.14008467,  0.38217582, -0.1216567 ]), array([-0.0255002 ,  0.08853473,  0.0145375 ,  0.00540444,  0.0396236 ,
        0.04964026,  0.10079147,  0.07627143])]
17/06/2022 19:28:30.800 - oc_logger - INFO - terminate_reason : Optimization time for direct search exceeded limit.
17/06/2022 19:28:30.800 - oc_logger - INFO - Termination Reason : Maximum number of total function evaluations reached
