06/08/2022 08:39:38.234 - oc_logger - INFO - The optimization direction is minimization
06/08/2022 08:39:38.234 - oc_logger - INFO - QuOCS version number: 0.0.22
06/08/2022 08:39:38.238 - oc_logger - INFO - Function evaluation number: 1, FoM: 0.5936875247790295
06/08/2022 08:39:38.244 - oc_logger - INFO - Function evaluation number: 2, FoM: 0.5558233454428133
06/08/2022 08:39:38.249 - oc_logger - INFO - Function evaluation number: 3, FoM: 0.5668020301195402
06/08/2022 08:39:38.253 - oc_logger - INFO - Function evaluation number: 4, FoM: 0.5238386810220487
06/08/2022 08:39:38.257 - oc_logger - INFO - Function evaluation number: 5, FoM: 0.4817932927962706
06/08/2022 08:39:38.260 - oc_logger - INFO - Function evaluation number: 6, FoM: 0.4680535499149434
06/08/2022 08:39:38.265 - oc_logger - INFO - Function evaluation number: 7, FoM: 0.41021328169034055
06/08/2022 08:39:38.268 - oc_logger - INFO - Function evaluation number: 8, FoM: 0.31693715731031935
06/08/2022 08:39:38.273 - oc_logger - INFO - Function evaluation number: 9, FoM: 0.18280938752305198
06/08/2022 08:39:38.276 - oc_logger - INFO - Function evaluation number: 10, FoM: 0.10982225119712663
06/08/2022 08:39:38.280 - oc_logger - INFO - Function evaluation number: 11, FoM: 0.027812525894264972
06/08/2022 08:39:38.284 - oc_logger - INFO - Function evaluation number: 12, FoM: 0.07349060354581738
06/08/2022 08:39:38.288 - oc_logger - INFO - Function evaluation number: 13, FoM: 0.0565106533227715
06/08/2022 08:39:38.292 - oc_logger - INFO - Function evaluation number: 14, FoM: 0.06464630697794571
06/08/2022 08:39:38.295 - oc_logger - INFO - Function evaluation number: 15, FoM: 0.06735983423067649
06/08/2022 08:39:38.300 - oc_logger - INFO - Function evaluation number: 16, FoM: 0.06973985751795131
06/08/2022 08:39:38.304 - oc_logger - INFO - Function evaluation number: 17, FoM: 0.06889622923349892
06/08/2022 08:39:38.307 - oc_logger - INFO - Function evaluation number: 18, FoM: 0.06151882053699764
06/08/2022 08:39:38.311 - oc_logger - INFO - Function evaluation number: 19, FoM: 0.16254222720395084
06/08/2022 08:39:38.316 - oc_logger - INFO - Function evaluation number: 20, FoM: 0.039097430748551876
06/08/2022 08:39:38.320 - oc_logger - INFO - Function evaluation number: 21, FoM: 0.07474454460934221
06/08/2022 08:39:38.324 - oc_logger - INFO - Function evaluation number: 22, FoM: 0.008038239869837538
06/08/2022 08:39:38.327 - oc_logger - INFO - Function evaluation number: 23, FoM: 0.023936819902267925
06/08/2022 08:39:38.332 - oc_logger - INFO - Function evaluation number: 24, FoM: 0.07097267287401632
06/08/2022 08:39:38.336 - oc_logger - INFO - Function evaluation number: 25, FoM: 0.007551501909974778
06/08/2022 08:39:38.339 - oc_logger - INFO - Function evaluation number: 26, FoM: 0.02092615556571431
06/08/2022 08:39:38.343 - oc_logger - INFO - Function evaluation number: 27, FoM: 0.010806593277775445
06/08/2022 08:39:38.348 - oc_logger - INFO - Function evaluation number: 28, FoM: 0.011654687982975198
06/08/2022 08:39:38.352 - oc_logger - INFO - Function evaluation number: 29, FoM: 0.0054636712605313775
06/08/2022 08:39:38.356 - oc_logger - INFO - Function evaluation number: 30, FoM: 0.019797589080323474
06/08/2022 08:39:38.359 - oc_logger - INFO - Function evaluation number: 31, FoM: 0.0006090462560730536
06/08/2022 08:39:38.363 - oc_logger - INFO - Function evaluation number: 32, FoM: 0.0028128967236180635
06/08/2022 08:39:38.368 - oc_logger - INFO - Function evaluation number: 33, FoM: 0.009184329594910556
06/08/2022 08:39:38.372 - oc_logger - INFO - Function evaluation number: 34, FoM: 0.0019173278530226767
06/08/2022 08:39:38.375 - oc_logger - INFO - Function evaluation number: 35, FoM: 0.004055093681823774
06/08/2022 08:39:38.379 - oc_logger - INFO - Function evaluation number: 36, FoM: 0.001067740351320845
06/08/2022 08:39:38.383 - oc_logger - INFO - Function evaluation number: 37, FoM: 0.003637528139491475
06/08/2022 08:39:38.387 - oc_logger - INFO - Function evaluation number: 38, FoM: 0.0005451645464964461
06/08/2022 08:39:38.390 - oc_logger - INFO - Function evaluation number: 39, FoM: 0.0009983898727770057
06/08/2022 08:39:38.395 - oc_logger - INFO - Function evaluation number: 40, FoM: 0.0004846147145589619
06/08/2022 08:39:38.399 - oc_logger - INFO - Function evaluation number: 41, FoM: 0.0016317303020079166
06/08/2022 08:39:38.403 - oc_logger - INFO - Function evaluation number: 42, FoM: 4.615591853918133e-05
06/08/2022 08:39:38.407 - oc_logger - INFO - Function evaluation number: 43, FoM: 0.0001070265980556151
06/08/2022 08:39:38.410 - oc_logger - INFO - Function evaluation number: 44, FoM: 0.0006394923598620483
06/08/2022 08:39:38.415 - oc_logger - INFO - Function evaluation number: 45, FoM: 0.00020426124293471126
06/08/2022 08:39:38.418 - oc_logger - INFO - Function evaluation number: 46, FoM: 0.000357792758940767
06/08/2022 08:39:38.421 - oc_logger - INFO - Function evaluation number: 47, FoM: 6.391603774980048e-05
06/08/2022 08:39:38.426 - oc_logger - INFO - Function evaluation number: 48, FoM: 0.00012455700851754514
06/08/2022 08:39:38.429 - oc_logger - INFO - Function evaluation number: 49, FoM: 4.90275236170179e-05
06/08/2022 08:39:38.434 - oc_logger - INFO - Function evaluation number: 50, FoM: 0.00015915111045627928
06/08/2022 08:39:38.437 - oc_logger - INFO - Function evaluation number: 51, FoM: 8.182984728710707e-06
06/08/2022 08:39:38.442 - oc_logger - INFO - Function evaluation number: 52, FoM: 1.100457809544153e-05
06/08/2022 08:39:38.446 - oc_logger - INFO - Function evaluation number: 53, FoM: 6.535930132689494e-05
06/08/2022 08:39:38.450 - oc_logger - INFO - Function evaluation number: 54, FoM: 1.8268679223165663e-05
06/08/2022 08:39:38.454 - oc_logger - INFO - Function evaluation number: 55, FoM: 3.7488931137863446e-05
06/08/2022 08:39:38.458 - oc_logger - INFO - Function evaluation number: 56, FoM: 4.327168019568894e-06
06/08/2022 08:39:38.462 - oc_logger - INFO - Function evaluation number: 57, FoM: 7.218740497472176e-06
06/08/2022 08:39:38.466 - oc_logger - INFO - Function evaluation number: 58, FoM: 1.969197636231268e-05
06/08/2022 08:39:38.470 - oc_logger - INFO - Function evaluation number: 59, FoM: 1.214771587321195e-06
06/08/2022 08:39:38.474 - oc_logger - INFO - Function evaluation number: 60, FoM: 4.03303721752124e-06
06/08/2022 08:39:38.478 - oc_logger - INFO - Function evaluation number: 61, FoM: 9.61293747780978e-06
06/08/2022 08:39:38.483 - oc_logger - INFO - Function evaluation number: 62, FoM: 8.420098571715329e-07
06/08/2022 08:39:38.488 - oc_logger - INFO - Function evaluation number: 63, FoM: 3.7352462596285108e-06
06/08/2022 08:39:38.492 - oc_logger - INFO - Function evaluation number: 64, FoM: 1.7613026608298554e-06
06/08/2022 08:39:38.495 - oc_logger - INFO - Function evaluation number: 65, FoM: 2.1228346513968432e-06
06/08/2022 08:39:38.500 - oc_logger - INFO - Function evaluation number: 66, FoM: 7.823004269935652e-07
06/08/2022 08:39:38.502 - oc_logger - INFO - Figure of merit : 7.823004269935652e-07
06/08/2022 08:39:38.503 - oc_logger - INFO - parameters : [ 5.68870645 -1.03808712]
06/08/2022 08:39:38.503 - oc_logger - INFO - terminate_reason : Convergence of the simplex.
