06/05/2022 02:06:26.026 - oc_logger - INFO - The optimization direction is minimization
06/05/2022 02:06:26.028 - oc_logger - INFO - QuOCS version number: 0.0.22
06/05/2022 02:06:26.028 - oc_logger - INFO - Direct search start time has been reset.
06/05/2022 02:06:26.163 - oc_logger - INFO - New record achieved. Previous FoM: 10000000000.0, new best FoM : 0.7323441036043131
06/05/2022 02:06:26.163 - oc_logger - INFO - Function evaluation number: 1, SI: 1, Sub-iteration number: 0, FoM: 0.7323441036043131
06/05/2022 02:06:26.298 - oc_logger - INFO - New record achieved. Previous FoM: 0.7323441036043131, new best FoM : 0.7299570741363088
06/05/2022 02:06:26.299 - oc_logger - INFO - Function evaluation number: 2, SI: 1, Sub-iteration number: 0, FoM: 0.7299570741363088
06/05/2022 02:06:26.432 - oc_logger - INFO - Function evaluation number: 3, SI: 1, Sub-iteration number: 0, FoM: 0.7322857391277615
06/05/2022 02:06:26.562 - oc_logger - INFO - New record achieved. Previous FoM: 0.7299570741363088, new best FoM : 0.7284733457229491
06/05/2022 02:06:26.562 - oc_logger - INFO - Function evaluation number: 4, SI: 1, Sub-iteration number: 0, FoM: 0.7284733457229491
06/05/2022 02:06:26.697 - oc_logger - INFO - New record achieved. Previous FoM: 0.7284733457229491, new best FoM : 0.7209405225333279
06/05/2022 02:06:26.697 - oc_logger - INFO - Function evaluation number: 5, SI: 1, Sub-iteration number: 0, FoM: 0.7209405225333279
06/05/2022 02:06:26.831 - oc_logger - INFO - Function evaluation number: 6, SI: 1, Sub-iteration number: 0, FoM: 0.7326228574152749
06/05/2022 02:06:26.960 - oc_logger - INFO - Function evaluation number: 7, SI: 1, Sub-iteration number: 0, FoM: 0.7308676806868566
06/05/2022 02:06:27.084 - oc_logger - INFO - Function evaluation number: 8, SI: 1, Sub-iteration number: 0, FoM: 0.7299845905110149
06/05/2022 02:06:27.220 - oc_logger - INFO - Function evaluation number: 9, SI: 1, Sub-iteration number: 0, FoM: 0.7351072346011418
06/05/2022 02:06:27.349 - oc_logger - INFO - Function evaluation number: 10, SI: 1, Sub-iteration number: 1, FoM: 0.7244815078783928
06/05/2022 02:06:27.481 - oc_logger - INFO - Function evaluation number: 11, SI: 1, Sub-iteration number: 2, FoM: 0.7250648065292375
06/05/2022 02:06:27.605 - oc_logger - INFO - Function evaluation number: 12, SI: 1, Sub-iteration number: 3, FoM: 0.7228264216978909
06/05/2022 02:06:27.743 - oc_logger - INFO - New record achieved. Previous FoM: 0.7209405225333279, new best FoM : 0.7178877804166552
06/05/2022 02:06:27.744 - oc_logger - INFO - Function evaluation number: 13, SI: 1, Sub-iteration number: 4, FoM: 0.7178877804166552
06/05/2022 02:06:27.877 - oc_logger - INFO - New record achieved. Previous FoM: 0.7178877804166552, new best FoM : 0.7153250468867633
06/05/2022 02:06:27.877 - oc_logger - INFO - Function evaluation number: 14, SI: 1, Sub-iteration number: 4, FoM: 0.7153250468867633
06/05/2022 02:06:28.011 - oc_logger - INFO - Function evaluation number: 15, SI: 1, Sub-iteration number: 5, FoM: 0.7189821150222222
06/05/2022 02:06:28.132 - oc_logger - INFO - Function evaluation number: 16, SI: 1, Sub-iteration number: 6, FoM: 0.7165003515897166
06/05/2022 02:06:28.265 - oc_logger - INFO - New record achieved. Previous FoM: 0.7153250468867633, new best FoM : 0.7122508113126038
06/05/2022 02:06:28.265 - oc_logger - INFO - Function evaluation number: 17, SI: 1, Sub-iteration number: 7, FoM: 0.7122508113126038
06/05/2022 02:06:28.396 - oc_logger - INFO - New record achieved. Previous FoM: 0.7122508113126038, new best FoM : 0.7097330464878981
06/05/2022 02:06:28.396 - oc_logger - INFO - Function evaluation number: 18, SI: 1, Sub-iteration number: 7, FoM: 0.7097330464878981
06/05/2022 02:06:28.533 - oc_logger - INFO - Function evaluation number: 19, SI: 1, Sub-iteration number: 8, FoM: 0.7105111017950342
06/05/2022 02:06:28.666 - oc_logger - INFO - Function evaluation number: 20, SI: 1, Sub-iteration number: 9, FoM: 0.7101824002978339
06/05/2022 02:06:28.792 - oc_logger - INFO - New record achieved. Previous FoM: 0.7097330464878981, new best FoM : 0.7061224266324475
06/05/2022 02:06:28.792 - oc_logger - INFO - Function evaluation number: 21, SI: 1, Sub-iteration number: 10, FoM: 0.7061224266324475
06/05/2022 02:06:28.980 - oc_logger - INFO - New record achieved. Previous FoM: 0.7061224266324475, new best FoM : 0.7035828672993042
06/05/2022 02:06:28.980 - oc_logger - INFO - Function evaluation number: 22, SI: 1, Sub-iteration number: 10, FoM: 0.7035828672993042
06/05/2022 02:06:29.115 - oc_logger - INFO - New record achieved. Previous FoM: 0.7035828672993042, new best FoM : 0.7030488276697351
06/05/2022 02:06:29.115 - oc_logger - INFO - Function evaluation number: 23, SI: 1, Sub-iteration number: 11, FoM: 0.7030488276697351
06/05/2022 02:06:29.242 - oc_logger - INFO - New record achieved. Previous FoM: 0.7030488276697351, new best FoM : 0.7003448821935221
06/05/2022 02:06:29.242 - oc_logger - INFO - Function evaluation number: 24, SI: 1, Sub-iteration number: 11, FoM: 0.7003448821935221
06/05/2022 02:06:29.377 - oc_logger - INFO - New record achieved. Previous FoM: 0.7003448821935221, new best FoM : 0.6987488397755894
06/05/2022 02:06:29.377 - oc_logger - INFO - Function evaluation number: 25, SI: 1, Sub-iteration number: 12, FoM: 0.6987488397755894
06/05/2022 02:06:29.508 - oc_logger - INFO - New record achieved. Previous FoM: 0.6987488397755894, new best FoM : 0.6954777702705004
06/05/2022 02:06:29.508 - oc_logger - INFO - Function evaluation number: 26, SI: 1, Sub-iteration number: 12, FoM: 0.6954777702705004
06/05/2022 02:06:29.637 - oc_logger - INFO - New record achieved. Previous FoM: 0.6954777702705004, new best FoM : 0.6941791005394093
06/05/2022 02:06:29.637 - oc_logger - INFO - Function evaluation number: 27, SI: 1, Sub-iteration number: 13, FoM: 0.6941791005394093
06/05/2022 02:06:29.770 - oc_logger - INFO - New record achieved. Previous FoM: 0.6941791005394093, new best FoM : 0.6903969244828643
06/05/2022 02:06:29.770 - oc_logger - INFO - Function evaluation number: 28, SI: 1, Sub-iteration number: 13, FoM: 0.6903969244828643
06/05/2022 02:06:29.902 - oc_logger - INFO - Function evaluation number: 29, SI: 1, Sub-iteration number: 14, FoM: 0.6914939843517185
06/05/2022 02:06:30.038 - oc_logger - INFO - New record achieved. Previous FoM: 0.6903969244828643, new best FoM : 0.6885883919653523
06/05/2022 02:06:30.038 - oc_logger - INFO - Function evaluation number: 30, SI: 1, Sub-iteration number: 15, FoM: 0.6885883919653523
06/05/2022 02:06:30.188 - oc_logger - INFO - New record achieved. Previous FoM: 0.6885883919653523, new best FoM : 0.6853357249385743
06/05/2022 02:06:30.188 - oc_logger - INFO - Function evaluation number: 31, SI: 1, Sub-iteration number: 15, FoM: 0.6853357249385743
06/05/2022 02:06:30.324 - oc_logger - INFO - New record achieved. Previous FoM: 0.6853357249385743, new best FoM : 0.6831926506960118
06/05/2022 02:06:30.324 - oc_logger - INFO - Function evaluation number: 32, SI: 1, Sub-iteration number: 16, FoM: 0.6831926506960118
06/05/2022 02:06:30.463 - oc_logger - INFO - New record achieved. Previous FoM: 0.6831926506960118, new best FoM : 0.6789108705034899
06/05/2022 02:06:30.463 - oc_logger - INFO - Function evaluation number: 33, SI: 1, Sub-iteration number: 16, FoM: 0.6789108705034899
06/05/2022 02:06:30.592 - oc_logger - INFO - New record achieved. Previous FoM: 0.6789108705034899, new best FoM : 0.6771133920360963
06/05/2022 02:06:30.592 - oc_logger - INFO - Function evaluation number: 34, SI: 1, Sub-iteration number: 17, FoM: 0.6771133920360963
06/05/2022 02:06:30.724 - oc_logger - INFO - New record achieved. Previous FoM: 0.6771133920360963, new best FoM : 0.6724052422620572
06/05/2022 02:06:30.724 - oc_logger - INFO - Function evaluation number: 35, SI: 1, Sub-iteration number: 17, FoM: 0.6724052422620572
06/05/2022 02:06:30.850 - oc_logger - INFO - New record achieved. Previous FoM: 0.6724052422620572, new best FoM : 0.6676619522414312
06/05/2022 02:06:30.850 - oc_logger - INFO - Function evaluation number: 36, SI: 1, Sub-iteration number: 18, FoM: 0.6676619522414312
06/05/2022 02:06:30.984 - oc_logger - INFO - New record achieved. Previous FoM: 0.6676619522414312, new best FoM : 0.6617183686667643
06/05/2022 02:06:30.984 - oc_logger - INFO - Function evaluation number: 37, SI: 1, Sub-iteration number: 18, FoM: 0.6617183686667643
06/05/2022 02:06:31.115 - oc_logger - INFO - Function evaluation number: 38, SI: 1, Sub-iteration number: 19, FoM: 0.66360821764637
06/05/2022 02:06:31.242 - oc_logger - INFO - New record achieved. Previous FoM: 0.6617183686667643, new best FoM : 0.6570206645711502
06/05/2022 02:06:31.243 - oc_logger - INFO - Function evaluation number: 39, SI: 1, Sub-iteration number: 20, FoM: 0.6570206645711502
06/05/2022 02:06:31.372 - oc_logger - INFO - New record achieved. Previous FoM: 0.6570206645711502, new best FoM : 0.650776582881823
06/05/2022 02:06:31.372 - oc_logger - INFO - Function evaluation number: 40, SI: 1, Sub-iteration number: 20, FoM: 0.650776582881823
06/05/2022 02:06:31.502 - oc_logger - INFO - Function evaluation number: 41, SI: 1, Sub-iteration number: 21, FoM: 0.6525683641173066
06/05/2022 02:06:31.624 - oc_logger - INFO - New record achieved. Previous FoM: 0.650776582881823, new best FoM : 0.6461163619230217
06/05/2022 02:06:31.624 - oc_logger - INFO - Function evaluation number: 42, SI: 1, Sub-iteration number: 22, FoM: 0.6461163619230217
06/05/2022 02:06:31.759 - oc_logger - INFO - New record achieved. Previous FoM: 0.6461163619230217, new best FoM : 0.6398529781759064
06/05/2022 02:06:31.759 - oc_logger - INFO - Function evaluation number: 43, SI: 1, Sub-iteration number: 22, FoM: 0.6398529781759064
06/05/2022 02:06:31.887 - oc_logger - INFO - New record achieved. Previous FoM: 0.6398529781759064, new best FoM : 0.6346255424558542
06/05/2022 02:06:31.887 - oc_logger - INFO - Function evaluation number: 44, SI: 1, Sub-iteration number: 23, FoM: 0.6346255424558542
06/05/2022 02:06:32.018 - oc_logger - INFO - New record achieved. Previous FoM: 0.6346255424558542, new best FoM : 0.6270941090363685
06/05/2022 02:06:32.019 - oc_logger - INFO - Function evaluation number: 45, SI: 1, Sub-iteration number: 23, FoM: 0.6270941090363685
06/05/2022 02:06:32.150 - oc_logger - INFO - New record achieved. Previous FoM: 0.6270941090363685, new best FoM : 0.6194672976976238
06/05/2022 02:06:32.150 - oc_logger - INFO - Function evaluation number: 46, SI: 1, Sub-iteration number: 24, FoM: 0.6194672976976238
06/05/2022 02:06:32.286 - oc_logger - INFO - New record achieved. Previous FoM: 0.6194672976976238, new best FoM : 0.6094230544563383
06/05/2022 02:06:32.286 - oc_logger - INFO - Function evaluation number: 47, SI: 1, Sub-iteration number: 24, FoM: 0.6094230544563383
06/05/2022 02:06:32.421 - oc_logger - INFO - Function evaluation number: 48, SI: 1, Sub-iteration number: 25, FoM: 0.6132898612717675
06/05/2022 02:06:32.560 - oc_logger - INFO - New record achieved. Previous FoM: 0.6094230544563383, new best FoM : 0.6063621121344449
06/05/2022 02:06:32.560 - oc_logger - INFO - Function evaluation number: 49, SI: 1, Sub-iteration number: 26, FoM: 0.6063621121344449
06/05/2022 02:06:32.688 - oc_logger - INFO - New record achieved. Previous FoM: 0.6063621121344449, new best FoM : 0.5977067741335087
06/05/2022 02:06:32.688 - oc_logger - INFO - Function evaluation number: 50, SI: 1, Sub-iteration number: 26, FoM: 0.5977067741335087
06/05/2022 02:06:32.818 - oc_logger - INFO - New record achieved. Previous FoM: 0.5977067741335087, new best FoM : 0.5975673335793017
06/05/2022 02:06:32.819 - oc_logger - INFO - Function evaluation number: 51, SI: 1, Sub-iteration number: 27, FoM: 0.5975673335793017
06/05/2022 02:06:32.954 - oc_logger - INFO - New record achieved. Previous FoM: 0.5975673335793017, new best FoM : 0.5885585997206024
06/05/2022 02:06:32.955 - oc_logger - INFO - Function evaluation number: 52, SI: 1, Sub-iteration number: 27, FoM: 0.5885585997206024
06/05/2022 02:06:33.088 - oc_logger - INFO - New record achieved. Previous FoM: 0.5885585997206024, new best FoM : 0.5789892130964097
06/05/2022 02:06:33.088 - oc_logger - INFO - Function evaluation number: 53, SI: 1, Sub-iteration number: 28, FoM: 0.5789892130964097
06/05/2022 02:06:33.221 - oc_logger - INFO - New record achieved. Previous FoM: 0.5789892130964097, new best FoM : 0.5673631081454193
06/05/2022 02:06:33.222 - oc_logger - INFO - Function evaluation number: 54, SI: 1, Sub-iteration number: 28, FoM: 0.5673631081454193
06/05/2022 02:06:33.352 - oc_logger - INFO - Function evaluation number: 55, SI: 1, Sub-iteration number: 29, FoM: 0.567905839219486
06/05/2022 02:06:33.482 - oc_logger - INFO - New record achieved. Previous FoM: 0.5673631081454193, new best FoM : 0.5497706530952167
06/05/2022 02:06:33.483 - oc_logger - INFO - Function evaluation number: 56, SI: 1, Sub-iteration number: 30, FoM: 0.5497706530952167
06/05/2022 02:06:33.619 - oc_logger - INFO - New record achieved. Previous FoM: 0.5497706530952167, new best FoM : 0.5364922818452155
06/05/2022 02:06:33.619 - oc_logger - INFO - Function evaluation number: 57, SI: 1, Sub-iteration number: 30, FoM: 0.5364922818452155
06/05/2022 02:06:33.754 - oc_logger - INFO - New record achieved. Previous FoM: 0.5364922818452155, new best FoM : 0.5348327135327418
06/05/2022 02:06:33.754 - oc_logger - INFO - Function evaluation number: 58, SI: 1, Sub-iteration number: 31, FoM: 0.5348327135327418
06/05/2022 02:06:33.890 - oc_logger - INFO - New record achieved. Previous FoM: 0.5348327135327418, new best FoM : 0.521365288007452
06/05/2022 02:06:33.890 - oc_logger - INFO - Function evaluation number: 59, SI: 1, Sub-iteration number: 31, FoM: 0.521365288007452
06/05/2022 02:06:34.024 - oc_logger - INFO - New record achieved. Previous FoM: 0.521365288007452, new best FoM : 0.519407929683922
06/05/2022 02:06:34.024 - oc_logger - INFO - Function evaluation number: 60, SI: 1, Sub-iteration number: 32, FoM: 0.519407929683922
06/05/2022 02:06:34.139 - oc_logger - INFO - New record achieved. Previous FoM: 0.519407929683922, new best FoM : 0.5051957254915536
06/05/2022 02:06:34.139 - oc_logger - INFO - Function evaluation number: 61, SI: 1, Sub-iteration number: 32, FoM: 0.5051957254915536
06/05/2022 02:06:34.256 - oc_logger - INFO - Function evaluation number: 62, SI: 1, Sub-iteration number: 33, FoM: 0.5062121801991339
06/05/2022 02:06:34.386 - oc_logger - INFO - New record achieved. Previous FoM: 0.5051957254915536, new best FoM : 0.48906439713701455
06/05/2022 02:06:34.387 - oc_logger - INFO - Function evaluation number: 63, SI: 1, Sub-iteration number: 34, FoM: 0.48906439713701455
06/05/2022 02:06:34.516 - oc_logger - INFO - New record achieved. Previous FoM: 0.48906439713701455, new best FoM : 0.47441001593037924
06/05/2022 02:06:34.516 - oc_logger - INFO - Function evaluation number: 64, SI: 1, Sub-iteration number: 34, FoM: 0.47441001593037924
06/05/2022 02:06:34.650 - oc_logger - INFO - New record achieved. Previous FoM: 0.47441001593037924, new best FoM : 0.46474001545089416
06/05/2022 02:06:34.650 - oc_logger - INFO - Function evaluation number: 65, SI: 1, Sub-iteration number: 35, FoM: 0.46474001545089416
06/05/2022 02:06:34.781 - oc_logger - INFO - New record achieved. Previous FoM: 0.46474001545089416, new best FoM : 0.44722666367245545
06/05/2022 02:06:34.781 - oc_logger - INFO - Function evaluation number: 66, SI: 1, Sub-iteration number: 35, FoM: 0.44722666367245545
06/05/2022 02:06:34.914 - oc_logger - INFO - New record achieved. Previous FoM: 0.44722666367245545, new best FoM : 0.4427397956422442
06/05/2022 02:06:34.914 - oc_logger - INFO - Function evaluation number: 67, SI: 1, Sub-iteration number: 36, FoM: 0.4427397956422442
06/05/2022 02:06:35.041 - oc_logger - INFO - New record achieved. Previous FoM: 0.4427397956422442, new best FoM : 0.4254226072459053
06/05/2022 02:06:35.041 - oc_logger - INFO - Function evaluation number: 68, SI: 1, Sub-iteration number: 36, FoM: 0.4254226072459053
06/05/2022 02:06:35.176 - oc_logger - INFO - Function evaluation number: 69, SI: 1, Sub-iteration number: 37, FoM: 0.4297684784401483
06/05/2022 02:06:35.308 - oc_logger - INFO - New record achieved. Previous FoM: 0.4254226072459053, new best FoM : 0.40419766775919896
06/05/2022 02:06:35.308 - oc_logger - INFO - Function evaluation number: 70, SI: 1, Sub-iteration number: 38, FoM: 0.40419766775919896
06/05/2022 02:06:35.436 - oc_logger - INFO - New record achieved. Previous FoM: 0.40419766775919896, new best FoM : 0.38874248399992395
06/05/2022 02:06:35.437 - oc_logger - INFO - Function evaluation number: 71, SI: 1, Sub-iteration number: 38, FoM: 0.38874248399992395
06/05/2022 02:06:35.573 - oc_logger - INFO - Function evaluation number: 72, SI: 1, Sub-iteration number: 39, FoM: 0.39083038578909757
06/05/2022 02:06:35.705 - oc_logger - INFO - New record achieved. Previous FoM: 0.38874248399992395, new best FoM : 0.36822205701948385
06/05/2022 02:06:35.705 - oc_logger - INFO - Function evaluation number: 73, SI: 1, Sub-iteration number: 40, FoM: 0.36822205701948385
06/05/2022 02:06:35.838 - oc_logger - INFO - New record achieved. Previous FoM: 0.36822205701948385, new best FoM : 0.35031300201538285
06/05/2022 02:06:35.838 - oc_logger - INFO - Function evaluation number: 74, SI: 1, Sub-iteration number: 40, FoM: 0.35031300201538285
06/05/2022 02:06:35.971 - oc_logger - INFO - Function evaluation number: 75, SI: 1, Sub-iteration number: 41, FoM: 0.35257738893262436
06/05/2022 02:06:36.099 - oc_logger - INFO - New record achieved. Previous FoM: 0.35031300201538285, new best FoM : 0.31959912517996114
06/05/2022 02:06:36.099 - oc_logger - INFO - Function evaluation number: 76, SI: 1, Sub-iteration number: 42, FoM: 0.31959912517996114
06/05/2022 02:06:36.232 - oc_logger - INFO - New record achieved. Previous FoM: 0.31959912517996114, new best FoM : 0.30154097021587534
06/05/2022 02:06:36.232 - oc_logger - INFO - Function evaluation number: 77, SI: 1, Sub-iteration number: 42, FoM: 0.30154097021587534
06/05/2022 02:06:36.359 - oc_logger - INFO - Function evaluation number: 78, SI: 1, Sub-iteration number: 43, FoM: 0.30785451515432216
06/05/2022 02:06:36.486 - oc_logger - INFO - Function evaluation number: 79, SI: 1, Sub-iteration number: 44, FoM: 0.32266042615340373
06/05/2022 02:06:36.620 - oc_logger - INFO - New record achieved. Previous FoM: 0.30154097021587534, new best FoM : 0.2945467337353781
06/05/2022 02:06:36.620 - oc_logger - INFO - Function evaluation number: 80, SI: 1, Sub-iteration number: 45, FoM: 0.2945467337353781
06/05/2022 02:06:36.756 - oc_logger - INFO - New record achieved. Previous FoM: 0.2945467337353781, new best FoM : 0.2845193566460543
06/05/2022 02:06:36.756 - oc_logger - INFO - Function evaluation number: 81, SI: 1, Sub-iteration number: 45, FoM: 0.2845193566460543
06/05/2022 02:06:36.876 - oc_logger - INFO - New record achieved. Previous FoM: 0.2845193566460543, new best FoM : 0.2807870808673538
06/05/2022 02:06:36.876 - oc_logger - INFO - Function evaluation number: 82, SI: 1, Sub-iteration number: 46, FoM: 0.2807870808673538
06/05/2022 02:06:37.016 - oc_logger - INFO - New record achieved. Previous FoM: 0.2807870808673538, new best FoM : 0.27535142508799415
06/05/2022 02:06:37.016 - oc_logger - INFO - Function evaluation number: 83, SI: 1, Sub-iteration number: 46, FoM: 0.27535142508799415
06/05/2022 02:06:37.154 - oc_logger - INFO - New record achieved. Previous FoM: 0.27535142508799415, new best FoM : 0.26882013217804257
06/05/2022 02:06:37.154 - oc_logger - INFO - Function evaluation number: 84, SI: 1, Sub-iteration number: 47, FoM: 0.26882013217804257
06/05/2022 02:06:37.286 - oc_logger - INFO - New record achieved. Previous FoM: 0.26882013217804257, new best FoM : 0.2615835131046177
06/05/2022 02:06:37.286 - oc_logger - INFO - Function evaluation number: 85, SI: 1, Sub-iteration number: 47, FoM: 0.2615835131046177
06/05/2022 02:06:37.415 - oc_logger - INFO - New record achieved. Previous FoM: 0.2615835131046177, new best FoM : 0.23511549052502612
06/05/2022 02:06:37.415 - oc_logger - INFO - Function evaluation number: 86, SI: 1, Sub-iteration number: 48, FoM: 0.23511549052502612
06/05/2022 02:06:37.551 - oc_logger - INFO - New record achieved. Previous FoM: 0.23511549052502612, new best FoM : 0.22412684460236687
06/05/2022 02:06:37.551 - oc_logger - INFO - Function evaluation number: 87, SI: 1, Sub-iteration number: 48, FoM: 0.22412684460236687
06/05/2022 02:06:37.685 - oc_logger - INFO - Function evaluation number: 88, SI: 1, Sub-iteration number: 49, FoM: 0.25241132988879866
06/05/2022 02:06:37.821 - oc_logger - INFO - Function evaluation number: 89, SI: 1, Sub-iteration number: 50, FoM: 0.27761302584423364
06/05/2022 02:06:37.948 - oc_logger - INFO - New record achieved. Previous FoM: 0.22412684460236687, new best FoM : 0.21197694360588115
06/05/2022 02:06:37.948 - oc_logger - INFO - Function evaluation number: 90, SI: 1, Sub-iteration number: 51, FoM: 0.21197694360588115
06/05/2022 02:06:38.084 - oc_logger - INFO - New record achieved. Previous FoM: 0.21197694360588115, new best FoM : 0.2030990454235223
06/05/2022 02:06:38.084 - oc_logger - INFO - Function evaluation number: 91, SI: 1, Sub-iteration number: 51, FoM: 0.2030990454235223
06/05/2022 02:06:38.212 - oc_logger - INFO - Function evaluation number: 92, SI: 1, Sub-iteration number: 52, FoM: 0.2536040050819689
06/05/2022 02:06:38.345 - oc_logger - INFO - Function evaluation number: 93, SI: 1, Sub-iteration number: 53, FoM: 0.29317329798898983
06/05/2022 02:06:38.475 - oc_logger - INFO - Function evaluation number: 94, SI: 1, Sub-iteration number: 53, FoM: 0.26843735378035705
06/05/2022 02:06:38.609 - oc_logger - INFO - Function evaluation number: 95, SI: 1, Sub-iteration number: 54, FoM: 0.27267939934260754
06/05/2022 02:06:38.735 - oc_logger - INFO - Function evaluation number: 96, SI: 1, Sub-iteration number: 55, FoM: 0.21031233405982053
06/05/2022 02:06:38.866 - oc_logger - INFO - Function evaluation number: 97, SI: 1, Sub-iteration number: 56, FoM: 0.22827001705404815
06/05/2022 02:06:38.989 - oc_logger - INFO - Function evaluation number: 98, SI: 1, Sub-iteration number: 57, FoM: 0.2433487260525149
06/05/2022 02:06:39.121 - oc_logger - INFO - Function evaluation number: 99, SI: 1, Sub-iteration number: 58, FoM: 0.22189624637205163
06/05/2022 02:06:39.253 - oc_logger - INFO - New record achieved. Previous FoM: 0.2030990454235223, new best FoM : 0.19125253693656585
06/05/2022 02:06:39.253 - oc_logger - INFO - Function evaluation number: 100, SI: 1, Sub-iteration number: 59, FoM: 0.19125253693656585
06/05/2022 02:06:39.388 - oc_logger - INFO - New record achieved. Previous FoM: 0.19125253693656585, new best FoM : 0.1869499060482922
06/05/2022 02:06:39.388 - oc_logger - INFO - Function evaluation number: 101, SI: 1, Sub-iteration number: 59, FoM: 0.1869499060482922
06/05/2022 02:06:39.520 - oc_logger - INFO - Function evaluation number: 102, SI: 1, Sub-iteration number: 60, FoM: 0.2002145459017225
06/05/2022 02:06:39.653 - oc_logger - INFO - New record achieved. Previous FoM: 0.1869499060482922, new best FoM : 0.1709078149861627
06/05/2022 02:06:39.653 - oc_logger - INFO - Function evaluation number: 103, SI: 1, Sub-iteration number: 61, FoM: 0.1709078149861627
06/05/2022 02:06:39.784 - oc_logger - INFO - New record achieved. Previous FoM: 0.1709078149861627, new best FoM : 0.16646480675627162
06/05/2022 02:06:39.784 - oc_logger - INFO - Function evaluation number: 104, SI: 1, Sub-iteration number: 61, FoM: 0.16646480675627162
06/05/2022 02:06:39.913 - oc_logger - INFO - Function evaluation number: 105, SI: 1, Sub-iteration number: 62, FoM: 0.19045002665197497
06/05/2022 02:06:40.044 - oc_logger - INFO - Function evaluation number: 106, SI: 1, Sub-iteration number: 63, FoM: 0.21840723708507326
06/05/2022 02:06:40.179 - oc_logger - INFO - New record achieved. Previous FoM: 0.16646480675627162, new best FoM : 0.1519549940389645
06/05/2022 02:06:40.179 - oc_logger - INFO - Function evaluation number: 107, SI: 1, Sub-iteration number: 64, FoM: 0.1519549940389645
06/05/2022 02:06:40.308 - oc_logger - INFO - New record achieved. Previous FoM: 0.1519549940389645, new best FoM : 0.14480887156374178
06/05/2022 02:06:40.308 - oc_logger - INFO - Function evaluation number: 108, SI: 1, Sub-iteration number: 64, FoM: 0.14480887156374178
06/05/2022 02:06:40.439 - oc_logger - INFO - Function evaluation number: 109, SI: 1, Sub-iteration number: 65, FoM: 0.17289568590001225
06/05/2022 02:06:40.567 - oc_logger - INFO - Function evaluation number: 110, SI: 1, Sub-iteration number: 66, FoM: 0.20924218721160914
06/05/2022 02:06:40.704 - oc_logger - INFO - Function evaluation number: 111, SI: 1, Sub-iteration number: 67, FoM: 0.1509493715155522
06/05/2022 02:06:40.826 - oc_logger - INFO - Function evaluation number: 112, SI: 1, Sub-iteration number: 68, FoM: 0.18666141112249235
06/05/2022 02:06:40.951 - oc_logger - INFO - New record achieved. Previous FoM: 0.14480887156374178, new best FoM : 0.13443154307811034
06/05/2022 02:06:40.951 - oc_logger - INFO - Function evaluation number: 113, SI: 1, Sub-iteration number: 69, FoM: 0.13443154307811034
06/05/2022 02:06:41.074 - oc_logger - INFO - New record achieved. Previous FoM: 0.13443154307811034, new best FoM : 0.1289723862185257
06/05/2022 02:06:41.074 - oc_logger - INFO - Function evaluation number: 114, SI: 1, Sub-iteration number: 69, FoM: 0.1289723862185257
06/05/2022 02:06:41.212 - oc_logger - INFO - Function evaluation number: 115, SI: 1, Sub-iteration number: 70, FoM: 0.16548965446109676
06/05/2022 02:06:41.344 - oc_logger - INFO - Function evaluation number: 116, SI: 1, Sub-iteration number: 71, FoM: 0.1296605411712739
06/05/2022 02:06:41.473 - oc_logger - INFO - Function evaluation number: 117, SI: 1, Sub-iteration number: 72, FoM: 0.13373641156977223
06/05/2022 02:06:41.599 - oc_logger - INFO - Function evaluation number: 118, SI: 1, Sub-iteration number: 73, FoM: 0.15536800183678223
06/05/2022 02:06:41.726 - oc_logger - INFO - New record achieved. Previous FoM: 0.1289723862185257, new best FoM : 0.12204321362439863
06/05/2022 02:06:41.726 - oc_logger - INFO - Function evaluation number: 119, SI: 1, Sub-iteration number: 74, FoM: 0.12204321362439863
06/05/2022 02:06:41.856 - oc_logger - INFO - New record achieved. Previous FoM: 0.12204321362439863, new best FoM : 0.11932261165146774
06/05/2022 02:06:41.856 - oc_logger - INFO - Function evaluation number: 120, SI: 1, Sub-iteration number: 74, FoM: 0.11932261165146774
06/05/2022 02:06:41.991 - oc_logger - INFO - New record achieved. Previous FoM: 0.11932261165146774, new best FoM : 0.11043502953275897
06/05/2022 02:06:41.991 - oc_logger - INFO - Function evaluation number: 121, SI: 1, Sub-iteration number: 75, FoM: 0.11043502953275897
06/05/2022 02:06:42.127 - oc_logger - INFO - New record achieved. Previous FoM: 0.11043502953275897, new best FoM : 0.10455363110298121
06/05/2022 02:06:42.127 - oc_logger - INFO - Function evaluation number: 122, SI: 1, Sub-iteration number: 75, FoM: 0.10455363110298121
06/05/2022 02:06:42.262 - oc_logger - INFO - Function evaluation number: 123, SI: 1, Sub-iteration number: 76, FoM: 0.1179950786358348
06/05/2022 02:06:42.395 - oc_logger - INFO - Function evaluation number: 124, SI: 1, Sub-iteration number: 77, FoM: 0.16611153435902426
06/05/2022 02:06:42.522 - oc_logger - INFO - Function evaluation number: 125, SI: 1, Sub-iteration number: 77, FoM: 0.14336995035607736
06/05/2022 02:06:42.654 - oc_logger - INFO - Function evaluation number: 126, SI: 1, Sub-iteration number: 78, FoM: 0.11488518530868952
06/05/2022 02:06:42.786 - oc_logger - INFO - Function evaluation number: 127, SI: 1, Sub-iteration number: 79, FoM: 0.1122013237881827
06/05/2022 02:06:42.911 - oc_logger - INFO - Function evaluation number: 128, SI: 1, Sub-iteration number: 80, FoM: 0.12931544494900638
06/05/2022 02:06:43.044 - oc_logger - INFO - New record achieved. Previous FoM: 0.10455363110298121, new best FoM : 0.09426850969574052
06/05/2022 02:06:43.044 - oc_logger - INFO - Function evaluation number: 129, SI: 1, Sub-iteration number: 81, FoM: 0.09426850969574052
06/05/2022 02:06:43.176 - oc_logger - INFO - New record achieved. Previous FoM: 0.09426850969574052, new best FoM : 0.08990574386317685
06/05/2022 02:06:43.176 - oc_logger - INFO - Function evaluation number: 130, SI: 1, Sub-iteration number: 81, FoM: 0.08990574386317685
06/05/2022 02:06:43.308 - oc_logger - INFO - Function evaluation number: 131, SI: 1, Sub-iteration number: 82, FoM: 0.10027363499384478
06/05/2022 02:06:43.434 - oc_logger - INFO - Function evaluation number: 132, SI: 1, Sub-iteration number: 83, FoM: 0.1190731906940643
06/05/2022 02:06:43.564 - oc_logger - INFO - Function evaluation number: 133, SI: 1, Sub-iteration number: 84, FoM: 0.09178332127658284
06/05/2022 02:06:43.689 - oc_logger - INFO - New record achieved. Previous FoM: 0.08990574386317685, new best FoM : 0.08449495230090831
06/05/2022 02:06:43.689 - oc_logger - INFO - Function evaluation number: 134, SI: 1, Sub-iteration number: 85, FoM: 0.08449495230090831
06/05/2022 02:06:43.824 - oc_logger - INFO - New record achieved. Previous FoM: 0.08449495230090831, new best FoM : 0.08058018535668277
06/05/2022 02:06:43.824 - oc_logger - INFO - Function evaluation number: 135, SI: 1, Sub-iteration number: 85, FoM: 0.08058018535668277
06/05/2022 02:06:43.946 - oc_logger - INFO - Function evaluation number: 136, SI: 1, Sub-iteration number: 86, FoM: 0.11086098616388351
06/05/2022 02:06:44.080 - oc_logger - INFO - Function evaluation number: 137, SI: 1, Sub-iteration number: 87, FoM: 0.08386939290132489
06/05/2022 02:06:44.211 - oc_logger - INFO - New record achieved. Previous FoM: 0.08058018535668277, new best FoM : 0.0762693841680453
06/05/2022 02:06:44.212 - oc_logger - INFO - Function evaluation number: 138, SI: 1, Sub-iteration number: 88, FoM: 0.0762693841680453
06/05/2022 02:06:44.348 - oc_logger - INFO - New record achieved. Previous FoM: 0.0762693841680453, new best FoM : 0.07139215769265805
06/05/2022 02:06:44.348 - oc_logger - INFO - Function evaluation number: 139, SI: 1, Sub-iteration number: 88, FoM: 0.07139215769265805
06/05/2022 02:06:44.478 - oc_logger - INFO - New record achieved. Previous FoM: 0.07139215769265805, new best FoM : 0.06472914389689655
06/05/2022 02:06:44.478 - oc_logger - INFO - Function evaluation number: 140, SI: 1, Sub-iteration number: 89, FoM: 0.06472914389689655
06/05/2022 02:06:44.611 - oc_logger - INFO - New record achieved. Previous FoM: 0.06472914389689655, new best FoM : 0.05955455730176307
06/05/2022 02:06:44.611 - oc_logger - INFO - Function evaluation number: 141, SI: 1, Sub-iteration number: 89, FoM: 0.05955455730176307
06/05/2022 02:06:44.746 - oc_logger - INFO - Function evaluation number: 142, SI: 1, Sub-iteration number: 90, FoM: 0.07467128669099032
06/05/2022 02:06:44.879 - oc_logger - INFO - Function evaluation number: 143, SI: 1, Sub-iteration number: 91, FoM: 0.0673745108500019
06/05/2022 02:06:45.004 - oc_logger - INFO - New record achieved. Previous FoM: 0.05955455730176307, new best FoM : 0.05133325960697388
06/05/2022 02:06:45.004 - oc_logger - INFO - Function evaluation number: 144, SI: 1, Sub-iteration number: 92, FoM: 0.05133325960697388
06/05/2022 02:06:45.124 - oc_logger - INFO - New record achieved. Previous FoM: 0.05133325960697388, new best FoM : 0.04523461106505178
06/05/2022 02:06:45.124 - oc_logger - INFO - Function evaluation number: 145, SI: 1, Sub-iteration number: 92, FoM: 0.04523461106505178
06/05/2022 02:06:45.252 - oc_logger - INFO - Function evaluation number: 146, SI: 1, Sub-iteration number: 93, FoM: 0.06024585445274411
06/05/2022 02:06:45.382 - oc_logger - INFO - New record achieved. Previous FoM: 0.04523461106505178, new best FoM : 0.04013567541290475
06/05/2022 02:06:45.382 - oc_logger - INFO - Function evaluation number: 147, SI: 1, Sub-iteration number: 94, FoM: 0.04013567541290475
06/05/2022 02:06:45.512 - oc_logger - INFO - New record achieved. Previous FoM: 0.04013567541290475, new best FoM : 0.03697595566456935
06/05/2022 02:06:45.512 - oc_logger - INFO - Function evaluation number: 148, SI: 1, Sub-iteration number: 94, FoM: 0.03697595566456935
06/05/2022 02:06:45.641 - oc_logger - INFO - Function evaluation number: 149, SI: 1, Sub-iteration number: 95, FoM: 0.04185491413234399
06/05/2022 02:06:45.764 - oc_logger - INFO - New record achieved. Previous FoM: 0.03697595566456935, new best FoM : 0.019849591825198742
06/05/2022 02:06:45.764 - oc_logger - INFO - Function evaluation number: 150, SI: 1, Sub-iteration number: 96, FoM: 0.019849591825198742
06/05/2022 02:06:45.898 - oc_logger - INFO - New record achieved. Previous FoM: 0.019849591825198742, new best FoM : 0.015776837218649864
06/05/2022 02:06:45.898 - oc_logger - INFO - Function evaluation number: 151, SI: 1, Sub-iteration number: 96, FoM: 0.015776837218649864
06/05/2022 02:06:46.027 - oc_logger - INFO - Function evaluation number: 152, SI: 1, Sub-iteration number: 97, FoM: 0.03714705841502519
06/05/2022 02:06:46.156 - oc_logger - INFO - Function evaluation number: 153, SI: 1, Sub-iteration number: 98, FoM: 0.020579099871873452
06/05/2022 02:06:46.286 - oc_logger - INFO - Function evaluation number: 154, SI: 1, Sub-iteration number: 99, FoM: 0.020315638442351958
06/05/2022 02:06:46.407 - oc_logger - INFO - New record achieved. Previous FoM: 0.015776837218649864, new best FoM : 0.014754833275486767
06/05/2022 02:06:46.407 - oc_logger - INFO - Function evaluation number: 155, SI: 1, Sub-iteration number: 100, FoM: 0.014754833275486767
06/05/2022 02:06:46.522 - oc_logger - INFO - Function evaluation number: 156, SI: 1, Sub-iteration number: 100, FoM: 0.014812326329523007
06/05/2022 02:06:46.653 - oc_logger - INFO - New record achieved. Previous FoM: 0.014754833275486767, new best FoM : 0.011837378178489733
06/05/2022 02:06:46.653 - oc_logger - INFO - Function evaluation number: 157, SI: 1, Sub-iteration number: 101, FoM: 0.011837378178489733
06/05/2022 02:06:46.784 - oc_logger - INFO - New record achieved. Previous FoM: 0.011837378178489733, new best FoM : 0.010607978411975694
06/05/2022 02:06:46.785 - oc_logger - INFO - Function evaluation number: 158, SI: 1, Sub-iteration number: 101, FoM: 0.010607978411975694
06/05/2022 02:06:46.916 - oc_logger - INFO - Function evaluation number: 159, SI: 1, Sub-iteration number: 102, FoM: 0.02540648829100789
06/05/2022 02:06:47.048 - oc_logger - INFO - Function evaluation number: 160, SI: 1, Sub-iteration number: 103, FoM: 0.015695908360512156
06/05/2022 02:06:47.181 - oc_logger - INFO - New record achieved. Previous FoM: 0.010607978411975694, new best FoM : 0.00962409604349701
06/05/2022 02:06:47.181 - oc_logger - INFO - Function evaluation number: 161, SI: 1, Sub-iteration number: 104, FoM: 0.00962409604349701
06/05/2022 02:06:47.305 - oc_logger - INFO - New record achieved. Previous FoM: 0.00962409604349701, new best FoM : 0.00781992404827847
06/05/2022 02:06:47.305 - oc_logger - INFO - Function evaluation number: 162, SI: 1, Sub-iteration number: 104, FoM: 0.00781992404827847
06/05/2022 02:06:47.429 - oc_logger - INFO - New record achieved. Previous FoM: 0.00781992404827847, new best FoM : 0.002301226657233202
06/05/2022 02:06:47.429 - oc_logger - INFO - Function evaluation number: 163, SI: 1, Sub-iteration number: 105, FoM: 0.002301226657233202
06/05/2022 02:06:47.557 - oc_logger - INFO - New record achieved. Previous FoM: 0.002301226657233202, new best FoM : 0.0012729830836355482
06/05/2022 02:06:47.557 - oc_logger - INFO - Function evaluation number: 164, SI: 1, Sub-iteration number: 105, FoM: 0.0012729830836355482
06/05/2022 02:06:47.743 - oc_logger - INFO - Function evaluation number: 165, SI: 1, Sub-iteration number: 106, FoM: 0.0034837028030497708
06/05/2022 02:06:47.875 - oc_logger - INFO - New record achieved. Previous FoM: 0.0012729830836355482, new best FoM : 0.0008016957890617515
06/05/2022 02:06:47.875 - oc_logger - INFO - Function evaluation number: 166, SI: 1, Sub-iteration number: 107, FoM: 0.0008016957890617515
06/05/2022 02:06:48.013 - oc_logger - INFO - New record achieved. Previous FoM: 0.0008016957890617515, new best FoM : 0.0005310125638335883
06/05/2022 02:06:48.013 - oc_logger - INFO - Function evaluation number: 167, SI: 1, Sub-iteration number: 107, FoM: 0.0005310125638335883
06/05/2022 02:06:48.143 - oc_logger - INFO - Function evaluation number: 168, SI: 1, Sub-iteration number: 108, FoM: 0.0056634711938844395
06/05/2022 02:06:48.279 - oc_logger - INFO - Function evaluation number: 169, SI: 1, Sub-iteration number: 109, FoM: 0.003796070525226125
06/05/2022 02:06:48.407 - oc_logger - INFO - Function evaluation number: 170, SI: 1, Sub-iteration number: 110, FoM: 0.0006763904149168498
06/05/2022 02:06:48.543 - oc_logger - INFO - Function evaluation number: 171, SI: 1, Sub-iteration number: 111, FoM: 0.00171143193937906
06/05/2022 02:06:48.676 - oc_logger - INFO - Function evaluation number: 172, SI: 1, Sub-iteration number: 112, FoM: 0.005339505202815342
06/05/2022 02:06:48.808 - oc_logger - INFO - Function evaluation number: 173, SI: 1, Sub-iteration number: 113, FoM: 0.009156456399681656
06/05/2022 02:06:48.935 - oc_logger - INFO - Function evaluation number: 174, SI: 1, Sub-iteration number: 113, FoM: 0.0037246878471048905
06/05/2022 02:06:49.067 - oc_logger - INFO - Function evaluation number: 175, SI: 1, Sub-iteration number: 114, FoM: 0.0034850120870792978
06/05/2022 02:06:49.177 - oc_logger - INFO - Function evaluation number: 176, SI: 1, Sub-iteration number: 115, FoM: 0.009729547121949733
06/05/2022 02:06:49.300 - oc_logger - INFO - Function evaluation number: 177, SI: 1, Sub-iteration number: 115, FoM: 0.0022499279314341925
06/05/2022 02:06:49.431 - oc_logger - INFO - Function evaluation number: 178, SI: 1, Sub-iteration number: 116, FoM: 0.010166503403102767
06/05/2022 02:06:49.566 - oc_logger - INFO - Function evaluation number: 179, SI: 1, Sub-iteration number: 116, FoM: 0.001556172709954895
06/05/2022 02:06:49.691 - oc_logger - INFO - Function evaluation number: 180, SI: 1, Sub-iteration number: 117, FoM: 0.004104163379723524
06/05/2022 02:06:49.816 - oc_logger - INFO - Function evaluation number: 181, SI: 1, Sub-iteration number: 117, FoM: 0.0017044035318841688
06/05/2022 02:06:49.941 - oc_logger - INFO - Function evaluation number: 182, SI: 1, Sub-iteration number: 118, FoM: 0.004572818340533136
06/05/2022 02:06:50.075 - oc_logger - INFO - Function evaluation number: 183, SI: 1, Sub-iteration number: 118, FoM: 0.0015463450353115915
06/05/2022 02:06:50.206 - oc_logger - INFO - Function evaluation number: 184, SI: 1, Sub-iteration number: 119, FoM: 0.0014779954994441624
06/05/2022 02:06:50.332 - oc_logger - INFO - Function evaluation number: 185, SI: 1, Sub-iteration number: 120, FoM: 0.003273569927231157
06/05/2022 02:06:50.449 - oc_logger - INFO - Function evaluation number: 186, SI: 1, Sub-iteration number: 120, FoM: 0.0010146918401130467
06/05/2022 02:06:50.584 - oc_logger - INFO - Function evaluation number: 187, SI: 1, Sub-iteration number: 121, FoM: 0.00295666220548374
06/05/2022 02:06:50.712 - oc_logger - INFO - Function evaluation number: 188, SI: 1, Sub-iteration number: 121, FoM: 0.0006341626456438654
06/05/2022 02:06:50.847 - oc_logger - INFO - Function evaluation number: 189, SI: 1, Sub-iteration number: 122, FoM: 0.0025275665065934705
06/05/2022 02:06:50.983 - oc_logger - INFO - Function evaluation number: 190, SI: 1, Sub-iteration number: 122, FoM: 0.0007142850426073988
06/05/2022 02:06:51.115 - oc_logger - INFO - Function evaluation number: 191, SI: 1, Sub-iteration number: 123, FoM: 0.0017155314897890905
06/05/2022 02:06:51.305 - oc_logger - INFO - Function evaluation number: 192, SI: 1, Sub-iteration number: 123, FoM: 0.0007910514060552876
06/05/2022 02:06:51.428 - oc_logger - INFO - Function evaluation number: 193, SI: 1, Sub-iteration number: 124, FoM: 0.0032192527136500892
06/05/2022 02:06:51.551 - oc_logger - INFO - Function evaluation number: 194, SI: 1, Sub-iteration number: 124, FoM: 0.0005577780770719132
06/05/2022 02:06:51.680 - oc_logger - INFO - Function evaluation number: 195, SI: 1, Sub-iteration number: 125, FoM: 0.0033176797729513874
06/05/2022 02:06:51.805 - oc_logger - INFO - Function evaluation number: 196, SI: 1, Sub-iteration number: 125, FoM: 0.0006552215038260201
06/05/2022 02:06:51.935 - oc_logger - INFO - Function evaluation number: 197, SI: 1, Sub-iteration number: 126, FoM: 0.0005927906059605137
06/05/2022 02:06:52.065 - oc_logger - INFO - Function evaluation number: 198, SI: 1, Sub-iteration number: 127, FoM: 0.0007149746825784176
06/05/2022 02:06:52.199 - oc_logger - INFO - Function evaluation number: 199, SI: 1, Sub-iteration number: 128, FoM: 0.0011363879098607033
06/05/2022 02:06:52.325 - oc_logger - INFO - New record achieved. Previous FoM: 0.0005310125638335883, new best FoM : 0.0003364155489411491
06/05/2022 02:06:52.325 - oc_logger - INFO - Function evaluation number: 200, SI: 1, Sub-iteration number: 128, FoM: 0.0003364155489411491
06/05/2022 02:06:52.447 - oc_logger - INFO - Function evaluation number: 201, SI: 1, Sub-iteration number: 129, FoM: 0.0009489505730329029
06/05/2022 02:06:52.575 - oc_logger - INFO - New record achieved. Previous FoM: 0.0003364155489411491, new best FoM : 0.0002904571259669808
06/05/2022 02:06:52.575 - oc_logger - INFO - Function evaluation number: 202, SI: 1, Sub-iteration number: 129, FoM: 0.0002904571259669808
06/05/2022 02:06:52.710 - oc_logger - INFO - Function evaluation number: 203, SI: 1, Sub-iteration number: 130, FoM: 0.0011700799408788098
06/05/2022 02:06:52.845 - oc_logger - INFO - New record achieved. Previous FoM: 0.0002904571259669808, new best FoM : 0.0002650408560030959
06/05/2022 02:06:52.845 - oc_logger - INFO - Function evaluation number: 204, SI: 1, Sub-iteration number: 130, FoM: 0.0002650408560030959
06/05/2022 02:06:52.983 - oc_logger - INFO - Function evaluation number: 205, SI: 1, Sub-iteration number: 131, FoM: 0.0014779635700595817
06/05/2022 02:06:53.111 - oc_logger - INFO - Function evaluation number: 206, SI: 1, Sub-iteration number: 131, FoM: 0.0003316581710324229
06/05/2022 02:06:53.234 - oc_logger - INFO - Function evaluation number: 207, SI: 1, Sub-iteration number: 132, FoM: 0.0012245377930195644
06/05/2022 02:06:53.356 - oc_logger - INFO - Function evaluation number: 208, SI: 1, Sub-iteration number: 132, FoM: 0.00027688006167814194
06/05/2022 02:06:53.479 - oc_logger - INFO - Function evaluation number: 209, SI: 1, Sub-iteration number: 133, FoM: 0.0008744311007945482
06/05/2022 02:06:53.601 - oc_logger - INFO - New record achieved. Previous FoM: 0.0002650408560030959, new best FoM : 0.00024661279117632606
06/05/2022 02:06:53.601 - oc_logger - INFO - Function evaluation number: 210, SI: 1, Sub-iteration number: 133, FoM: 0.00024661279117632606
06/05/2022 02:06:53.725 - oc_logger - INFO - Function evaluation number: 211, SI: 1, Sub-iteration number: 134, FoM: 0.0015941107480406114
06/05/2022 02:06:53.855 - oc_logger - INFO - Function evaluation number: 212, SI: 1, Sub-iteration number: 134, FoM: 0.00026318705054972913
06/05/2022 02:06:53.983 - oc_logger - INFO - Function evaluation number: 213, SI: 1, Sub-iteration number: 135, FoM: 0.0010585124437297866
06/05/2022 02:06:54.116 - oc_logger - INFO - New record achieved. Previous FoM: 0.00024661279117632606, new best FoM : 0.00023804653859316183
06/05/2022 02:06:54.116 - oc_logger - INFO - Function evaluation number: 214, SI: 1, Sub-iteration number: 135, FoM: 0.00023804653859316183
06/05/2022 02:06:54.237 - oc_logger - INFO - Function evaluation number: 215, SI: 1, Sub-iteration number: 136, FoM: 0.0002814305298483033
06/05/2022 02:06:54.362 - oc_logger - INFO - Function evaluation number: 216, SI: 1, Sub-iteration number: 137, FoM: 0.0008629893743580253
06/05/2022 02:06:54.491 - oc_logger - INFO - New record achieved. Previous FoM: 0.00023804653859316183, new best FoM : 0.00011258278530079657
06/05/2022 02:06:54.491 - oc_logger - INFO - Function evaluation number: 217, SI: 1, Sub-iteration number: 137, FoM: 0.00011258278530079657
06/05/2022 02:06:54.620 - oc_logger - INFO - Function evaluation number: 218, SI: 1, Sub-iteration number: 138, FoM: 0.00046173543375704895
06/05/2022 02:06:54.753 - oc_logger - INFO - Function evaluation number: 219, SI: 1, Sub-iteration number: 138, FoM: 0.00019588491103283978
06/05/2022 02:06:54.883 - oc_logger - INFO - Function evaluation number: 220, SI: 1, Sub-iteration number: 139, FoM: 0.0003965498829326952
06/05/2022 02:06:55.017 - oc_logger - INFO - Function evaluation number: 221, SI: 1, Sub-iteration number: 139, FoM: 0.00013150859282418104
06/05/2022 02:06:55.152 - oc_logger - INFO - Function evaluation number: 222, SI: 1, Sub-iteration number: 140, FoM: 0.0004535487335454169
06/05/2022 02:06:55.290 - oc_logger - INFO - Function evaluation number: 223, SI: 1, Sub-iteration number: 140, FoM: 0.0001841476129941233
06/05/2022 02:06:55.424 - oc_logger - INFO - Function evaluation number: 224, SI: 1, Sub-iteration number: 141, FoM: 0.0008043986677184201
06/05/2022 02:06:55.561 - oc_logger - INFO - New record achieved. Previous FoM: 0.00011258278530079657, new best FoM : 9.69489756548203e-05
06/05/2022 02:06:55.561 - oc_logger - INFO - Function evaluation number: 225, SI: 1, Sub-iteration number: 141, FoM: 9.69489756548203e-05
06/05/2022 02:06:55.693 - oc_logger - INFO - Function evaluation number: 226, SI: 1, Sub-iteration number: 142, FoM: 0.0004929748747228846
06/05/2022 02:06:55.819 - oc_logger - INFO - New record achieved. Previous FoM: 9.69489756548203e-05, new best FoM : 8.212588476952387e-05
06/05/2022 02:06:55.819 - oc_logger - INFO - Function evaluation number: 227, SI: 1, Sub-iteration number: 142, FoM: 8.212588476952387e-05
06/05/2022 02:06:55.948 - oc_logger - INFO - Function evaluation number: 228, SI: 1, Sub-iteration number: 143, FoM: 0.0005624415694470697
06/05/2022 02:06:56.083 - oc_logger - INFO - Function evaluation number: 229, SI: 1, Sub-iteration number: 143, FoM: 0.00011135654318450428
06/05/2022 02:06:56.208 - oc_logger - INFO - Function evaluation number: 230, SI: 1, Sub-iteration number: 144, FoM: 0.00027612843703817
06/05/2022 02:06:56.345 - oc_logger - INFO - Function evaluation number: 231, SI: 1, Sub-iteration number: 144, FoM: 0.00012958467994028666
06/05/2022 02:06:56.472 - oc_logger - INFO - Function evaluation number: 232, SI: 1, Sub-iteration number: 145, FoM: 0.00016997350603265016
06/05/2022 02:06:56.610 - oc_logger - INFO - Function evaluation number: 233, SI: 1, Sub-iteration number: 146, FoM: 0.0003401332973185234
06/05/2022 02:06:56.748 - oc_logger - INFO - Function evaluation number: 234, SI: 1, Sub-iteration number: 146, FoM: 0.00011012197348325703
06/05/2022 02:06:56.882 - oc_logger - INFO - Function evaluation number: 235, SI: 1, Sub-iteration number: 147, FoM: 0.0002907804587860552
06/05/2022 02:06:57.014 - oc_logger - INFO - Function evaluation number: 236, SI: 1, Sub-iteration number: 147, FoM: 8.84173168187452e-05
06/05/2022 02:06:57.150 - oc_logger - INFO - Function evaluation number: 237, SI: 1, Sub-iteration number: 148, FoM: 0.00017593425687290054
06/05/2022 02:06:57.272 - oc_logger - INFO - New record achieved. Previous FoM: 8.212588476952387e-05, new best FoM : 7.462717028872135e-05
06/05/2022 02:06:57.273 - oc_logger - INFO - Function evaluation number: 238, SI: 1, Sub-iteration number: 148, FoM: 7.462717028872135e-05
06/05/2022 02:06:57.398 - oc_logger - INFO - Function evaluation number: 239, SI: 1, Sub-iteration number: 149, FoM: 0.00014969818049703765
06/05/2022 02:06:57.520 - oc_logger - INFO - New record achieved. Previous FoM: 7.462717028872135e-05, new best FoM : 6.033738658550725e-05
06/05/2022 02:06:57.521 - oc_logger - INFO - Function evaluation number: 240, SI: 1, Sub-iteration number: 149, FoM: 6.033738658550725e-05
06/05/2022 02:06:57.652 - oc_logger - INFO - Function evaluation number: 241, SI: 1, Sub-iteration number: 150, FoM: 0.00019783127967887282
06/05/2022 02:06:57.786 - oc_logger - INFO - New record achieved. Previous FoM: 6.033738658550725e-05, new best FoM : 5.72036989283653e-05
06/05/2022 02:06:57.786 - oc_logger - INFO - Function evaluation number: 242, SI: 1, Sub-iteration number: 150, FoM: 5.72036989283653e-05
06/05/2022 02:06:57.918 - oc_logger - INFO - Function evaluation number: 243, SI: 1, Sub-iteration number: 151, FoM: 0.00015653999956111164
06/05/2022 02:06:58.052 - oc_logger - INFO - New record achieved. Previous FoM: 5.72036989283653e-05, new best FoM : 4.6237113548341924e-05
06/05/2022 02:06:58.052 - oc_logger - INFO - Function evaluation number: 244, SI: 1, Sub-iteration number: 151, FoM: 4.6237113548341924e-05
06/05/2022 02:06:58.185 - oc_logger - INFO - Function evaluation number: 245, SI: 1, Sub-iteration number: 152, FoM: 0.00020099268356521538
06/05/2022 02:06:58.319 - oc_logger - INFO - New record achieved. Previous FoM: 4.6237113548341924e-05, new best FoM : 4.52009827092148e-05
06/05/2022 02:06:58.319 - oc_logger - INFO - Function evaluation number: 246, SI: 1, Sub-iteration number: 152, FoM: 4.52009827092148e-05
06/05/2022 02:06:58.451 - oc_logger - INFO - Function evaluation number: 247, SI: 1, Sub-iteration number: 153, FoM: 0.00017036971935557865
06/05/2022 02:06:58.575 - oc_logger - INFO - Function evaluation number: 248, SI: 1, Sub-iteration number: 153, FoM: 4.887990588331448e-05
06/05/2022 02:06:58.707 - oc_logger - INFO - Function evaluation number: 249, SI: 1, Sub-iteration number: 154, FoM: 0.00018091128611630314
06/05/2022 02:06:58.842 - oc_logger - INFO - New record achieved. Previous FoM: 4.52009827092148e-05, new best FoM : 3.8233576912460876e-05
06/05/2022 02:06:58.842 - oc_logger - INFO - Function evaluation number: 250, SI: 1, Sub-iteration number: 154, FoM: 3.8233576912460876e-05
06/05/2022 02:06:58.976 - oc_logger - INFO - Function evaluation number: 251, SI: 1, Sub-iteration number: 155, FoM: 0.00012384532511722224
06/05/2022 02:06:59.103 - oc_logger - INFO - Function evaluation number: 252, SI: 1, Sub-iteration number: 155, FoM: 3.99235647690066e-05
06/05/2022 02:06:59.229 - oc_logger - INFO - Function evaluation number: 253, SI: 1, Sub-iteration number: 156, FoM: 9.150891376685788e-05
06/05/2022 02:06:59.353 - oc_logger - INFO - New record achieved. Previous FoM: 3.8233576912460876e-05, new best FoM : 3.196332242350053e-05
06/05/2022 02:06:59.353 - oc_logger - INFO - Function evaluation number: 254, SI: 1, Sub-iteration number: 156, FoM: 3.196332242350053e-05
06/05/2022 02:06:59.485 - oc_logger - INFO - Function evaluation number: 255, SI: 1, Sub-iteration number: 157, FoM: 8.815795862071596e-05
06/05/2022 02:06:59.612 - oc_logger - INFO - Function evaluation number: 256, SI: 1, Sub-iteration number: 157, FoM: 3.2900921314582554e-05
06/05/2022 02:06:59.744 - oc_logger - INFO - Function evaluation number: 257, SI: 1, Sub-iteration number: 158, FoM: 5.933970025506774e-05
06/05/2022 02:06:59.880 - oc_logger - INFO - New record achieved. Previous FoM: 3.196332242350053e-05, new best FoM : 2.7717416847927723e-05
06/05/2022 02:06:59.880 - oc_logger - INFO - Function evaluation number: 258, SI: 1, Sub-iteration number: 158, FoM: 2.7717416847927723e-05
06/05/2022 02:07:00.013 - oc_logger - INFO - Function evaluation number: 259, SI: 1, Sub-iteration number: 159, FoM: 0.00012431639079979462
06/05/2022 02:07:00.150 - oc_logger - INFO - New record achieved. Previous FoM: 2.7717416847927723e-05, new best FoM : 2.2670858870643684e-05
06/05/2022 02:07:00.151 - oc_logger - INFO - Function evaluation number: 260, SI: 1, Sub-iteration number: 159, FoM: 2.2670858870643684e-05
06/05/2022 02:07:00.286 - oc_logger - INFO - Function evaluation number: 261, SI: 1, Sub-iteration number: 160, FoM: 6.380545521045278e-05
06/05/2022 02:07:00.416 - oc_logger - INFO - New record achieved. Previous FoM: 2.2670858870643684e-05, new best FoM : 2.1395458117412502e-05
06/05/2022 02:07:00.417 - oc_logger - INFO - Function evaluation number: 262, SI: 1, Sub-iteration number: 160, FoM: 2.1395458117412502e-05
06/05/2022 02:07:00.549 - oc_logger - INFO - Function evaluation number: 263, SI: 1, Sub-iteration number: 161, FoM: 4.2653538915637945e-05
06/05/2022 02:07:00.683 - oc_logger - INFO - Function evaluation number: 264, SI: 1, Sub-iteration number: 162, FoM: 5.1274988301375224e-05
06/05/2022 02:07:00.816 - oc_logger - INFO - New record achieved. Previous FoM: 2.1395458117412502e-05, new best FoM : 2.0173446504734294e-05
06/05/2022 02:07:00.817 - oc_logger - INFO - Function evaluation number: 265, SI: 1, Sub-iteration number: 162, FoM: 2.0173446504734294e-05
06/05/2022 02:07:00.947 - oc_logger - INFO - Function evaluation number: 266, SI: 1, Sub-iteration number: 163, FoM: 4.370811611242864e-05
06/05/2022 02:07:01.081 - oc_logger - INFO - Function evaluation number: 267, SI: 1, Sub-iteration number: 163, FoM: 2.062389931922759e-05
06/05/2022 02:07:01.209 - oc_logger - INFO - Function evaluation number: 268, SI: 1, Sub-iteration number: 164, FoM: 4.4359092213230866e-05
06/05/2022 02:07:01.343 - oc_logger - INFO - New record achieved. Previous FoM: 2.0173446504734294e-05, new best FoM : 1.8966809883447233e-05
06/05/2022 02:07:01.343 - oc_logger - INFO - Function evaluation number: 269, SI: 1, Sub-iteration number: 164, FoM: 1.8966809883447233e-05
06/05/2022 02:07:01.473 - oc_logger - INFO - Function evaluation number: 270, SI: 1, Sub-iteration number: 165, FoM: 6.978017713688e-05
06/05/2022 02:07:01.605 - oc_logger - INFO - New record achieved. Previous FoM: 1.8966809883447233e-05, new best FoM : 1.527080529228897e-05
06/05/2022 02:07:01.605 - oc_logger - INFO - Function evaluation number: 271, SI: 1, Sub-iteration number: 165, FoM: 1.527080529228897e-05
06/05/2022 02:07:01.741 - oc_logger - INFO - Function evaluation number: 272, SI: 1, Sub-iteration number: 166, FoM: 7.881303863188638e-05
06/05/2022 02:07:01.878 - oc_logger - INFO - New record achieved. Previous FoM: 1.527080529228897e-05, new best FoM : 1.2240957670828223e-05
06/05/2022 02:07:01.878 - oc_logger - INFO - Function evaluation number: 273, SI: 1, Sub-iteration number: 166, FoM: 1.2240957670828223e-05
06/05/2022 02:07:02.005 - oc_logger - INFO - Function evaluation number: 274, SI: 1, Sub-iteration number: 167, FoM: 8.53122816023566e-05
06/05/2022 02:07:02.140 - oc_logger - INFO - Function evaluation number: 275, SI: 1, Sub-iteration number: 167, FoM: 1.226322449066064e-05
06/05/2022 02:07:02.271 - oc_logger - INFO - Function evaluation number: 276, SI: 1, Sub-iteration number: 168, FoM: 4.4273930604799006e-05
06/05/2022 02:07:02.405 - oc_logger - INFO - New record achieved. Previous FoM: 1.2240957670828223e-05, new best FoM : 1.1964307612188918e-05
06/05/2022 02:07:02.406 - oc_logger - INFO - Function evaluation number: 277, SI: 1, Sub-iteration number: 168, FoM: 1.1964307612188918e-05
06/05/2022 02:07:02.536 - oc_logger - INFO - Function evaluation number: 278, SI: 1, Sub-iteration number: 169, FoM: 2.544359123746176e-05
06/05/2022 02:07:02.665 - oc_logger - INFO - New record achieved. Previous FoM: 1.1964307612188918e-05, new best FoM : 1.1134371588172876e-05
06/05/2022 02:07:02.665 - oc_logger - INFO - Function evaluation number: 279, SI: 1, Sub-iteration number: 169, FoM: 1.1134371588172876e-05
06/05/2022 02:07:02.794 - oc_logger - INFO - New record achieved. Previous FoM: 1.1134371588172876e-05, new best FoM : 9.961715600415033e-06
06/05/2022 02:07:02.794 - oc_logger - INFO - Function evaluation number: 280, SI: 1, Sub-iteration number: 170, FoM: 9.961715600415033e-06
06/05/2022 02:07:02.925 - oc_logger - INFO - Function evaluation number: 281, SI: 1, Sub-iteration number: 170, FoM: 1.654706992149091e-05
06/05/2022 02:07:03.052 - oc_logger - INFO - Function evaluation number: 282, SI: 1, Sub-iteration number: 171, FoM: 2.425057477328796e-05
06/05/2022 02:07:03.185 - oc_logger - INFO - New record achieved. Previous FoM: 9.961715600415033e-06, new best FoM : 9.380038858308737e-06
06/05/2022 02:07:03.186 - oc_logger - INFO - Function evaluation number: 283, SI: 1, Sub-iteration number: 171, FoM: 9.380038858308737e-06
06/05/2022 02:07:03.308 - oc_logger - INFO - Function evaluation number: 284, SI: 1, Sub-iteration number: 172, FoM: 3.0363968740898528e-05
06/05/2022 02:07:03.439 - oc_logger - INFO - New record achieved. Previous FoM: 9.380038858308737e-06, new best FoM : 8.225951344309479e-06
06/05/2022 02:07:03.439 - oc_logger - INFO - Function evaluation number: 285, SI: 1, Sub-iteration number: 172, FoM: 8.225951344309479e-06
06/05/2022 02:07:03.569 - oc_logger - INFO - Function evaluation number: 286, SI: 1, Sub-iteration number: 173, FoM: 2.561013830360004e-05
06/05/2022 02:07:03.697 - oc_logger - INFO - Function evaluation number: 287, SI: 1, Sub-iteration number: 173, FoM: 8.542974691883032e-06
06/05/2022 02:07:03.820 - oc_logger - INFO - Function evaluation number: 288, SI: 1, Sub-iteration number: 174, FoM: 2.774566214369667e-05
06/05/2022 02:07:03.951 - oc_logger - INFO - New record achieved. Previous FoM: 8.225951344309479e-06, new best FoM : 6.164910917538791e-06
06/05/2022 02:07:03.951 - oc_logger - INFO - Function evaluation number: 289, SI: 1, Sub-iteration number: 174, FoM: 6.164910917538791e-06
06/05/2022 02:07:04.078 - oc_logger - INFO - Function evaluation number: 290, SI: 1, Sub-iteration number: 175, FoM: 2.140488249713357e-05
06/05/2022 02:07:04.211 - oc_logger - INFO - Function evaluation number: 291, SI: 1, Sub-iteration number: 175, FoM: 6.509571495616484e-06
06/05/2022 02:07:04.343 - oc_logger - INFO - Function evaluation number: 292, SI: 1, Sub-iteration number: 176, FoM: 1.9673784818929896e-05
06/05/2022 02:07:04.475 - oc_logger - INFO - New record achieved. Previous FoM: 6.164910917538791e-06, new best FoM : 5.158802862004208e-06
06/05/2022 02:07:04.475 - oc_logger - INFO - Function evaluation number: 293, SI: 1, Sub-iteration number: 176, FoM: 5.158802862004208e-06
06/05/2022 02:07:04.609 - oc_logger - INFO - Function evaluation number: 294, SI: 1, Sub-iteration number: 177, FoM: 2.3982959273305404e-05
06/05/2022 02:07:04.746 - oc_logger - INFO - New record achieved. Previous FoM: 5.158802862004208e-06, new best FoM : 4.693328668814445e-06
06/05/2022 02:07:04.746 - oc_logger - INFO - Function evaluation number: 295, SI: 1, Sub-iteration number: 177, FoM: 4.693328668814445e-06
06/05/2022 02:07:04.877 - oc_logger - INFO - Function evaluation number: 296, SI: 1, Sub-iteration number: 178, FoM: 1.065663854515897e-05
06/05/2022 02:07:05.007 - oc_logger - INFO - Function evaluation number: 297, SI: 1, Sub-iteration number: 178, FoM: 4.996112545563314e-06
06/05/2022 02:07:05.136 - oc_logger - INFO - Function evaluation number: 298, SI: 1, Sub-iteration number: 179, FoM: 1.610270375185241e-05
06/05/2022 02:07:05.260 - oc_logger - INFO - New record achieved. Previous FoM: 4.693328668814445e-06, new best FoM : 4.4822406465305775e-06
06/05/2022 02:07:05.260 - oc_logger - INFO - Function evaluation number: 299, SI: 1, Sub-iteration number: 179, FoM: 4.4822406465305775e-06
06/05/2022 02:07:05.384 - oc_logger - INFO - Function evaluation number: 300, SI: 1, Sub-iteration number: 180, FoM: 1.8138227311781385e-05
06/05/2022 02:07:05.517 - oc_logger - INFO - New record achieved. Previous FoM: 4.4822406465305775e-06, new best FoM : 3.679903950337682e-06
06/05/2022 02:07:05.517 - oc_logger - INFO - Function evaluation number: 301, SI: 1, Sub-iteration number: 180, FoM: 3.679903950337682e-06
06/05/2022 02:07:05.645 - oc_logger - INFO - Function evaluation number: 302, SI: 1, Sub-iteration number: 181, FoM: 1.923643048717949e-05
06/05/2022 02:07:05.779 - oc_logger - INFO - New record achieved. Previous FoM: 3.679903950337682e-06, new best FoM : 3.1768281649746655e-06
06/05/2022 02:07:05.779 - oc_logger - INFO - Function evaluation number: 303, SI: 1, Sub-iteration number: 181, FoM: 3.1768281649746655e-06
06/05/2022 02:07:05.904 - oc_logger - INFO - Function evaluation number: 304, SI: 1, Sub-iteration number: 182, FoM: 1.218825981774696e-05
06/05/2022 02:07:06.037 - oc_logger - INFO - Function evaluation number: 305, SI: 1, Sub-iteration number: 182, FoM: 3.5945029368544823e-06
06/05/2022 02:07:06.159 - oc_logger - INFO - Function evaluation number: 306, SI: 1, Sub-iteration number: 183, FoM: 1.5926678369249103e-05
06/05/2022 02:07:06.288 - oc_logger - INFO - Function evaluation number: 307, SI: 1, Sub-iteration number: 183, FoM: 3.2359302980511373e-06
06/05/2022 02:07:06.417 - oc_logger - INFO - Function evaluation number: 308, SI: 1, Sub-iteration number: 184, FoM: 4.146915048464095e-06
06/05/2022 02:07:06.548 - oc_logger - INFO - Function evaluation number: 309, SI: 1, Sub-iteration number: 185, FoM: 6.540289724910053e-06
06/05/2022 02:07:06.670 - oc_logger - INFO - New record achieved. Previous FoM: 3.1768281649746655e-06, new best FoM : 2.310920957926399e-06
06/05/2022 02:07:06.670 - oc_logger - INFO - Function evaluation number: 310, SI: 1, Sub-iteration number: 185, FoM: 2.310920957926399e-06
06/05/2022 02:07:06.798 - oc_logger - INFO - Function evaluation number: 311, SI: 1, Sub-iteration number: 186, FoM: 8.575693951740071e-06
06/05/2022 02:07:06.923 - oc_logger - INFO - New record achieved. Previous FoM: 2.310920957926399e-06, new best FoM : 2.045485389179369e-06
06/05/2022 02:07:06.923 - oc_logger - INFO - Function evaluation number: 312, SI: 1, Sub-iteration number: 186, FoM: 2.045485389179369e-06
06/05/2022 02:07:07.053 - oc_logger - INFO - Function evaluation number: 313, SI: 1, Sub-iteration number: 187, FoM: 9.668299835952077e-06
06/05/2022 02:07:07.184 - oc_logger - INFO - New record achieved. Previous FoM: 2.045485389179369e-06, new best FoM : 1.8133137540399247e-06
06/05/2022 02:07:07.185 - oc_logger - INFO - Function evaluation number: 314, SI: 1, Sub-iteration number: 187, FoM: 1.8133137540399247e-06
06/05/2022 02:07:07.312 - oc_logger - INFO - Function evaluation number: 315, SI: 1, Sub-iteration number: 188, FoM: 6.58583270041202e-06
06/05/2022 02:07:07.441 - oc_logger - INFO - Function evaluation number: 316, SI: 1, Sub-iteration number: 188, FoM: 2.000856899608827e-06
06/05/2022 02:07:07.574 - oc_logger - INFO - Function evaluation number: 317, SI: 1, Sub-iteration number: 189, FoM: 3.922102132736249e-06
06/05/2022 02:07:07.704 - oc_logger - INFO - Function evaluation number: 318, SI: 1, Sub-iteration number: 189, FoM: 1.8342748696609235e-06
06/05/2022 02:07:07.832 - oc_logger - INFO - Function evaluation number: 319, SI: 1, Sub-iteration number: 190, FoM: 7.370312709809035e-06
06/05/2022 02:07:07.966 - oc_logger - INFO - New record achieved. Previous FoM: 1.8133137540399247e-06, new best FoM : 1.4260112141117887e-06
06/05/2022 02:07:07.966 - oc_logger - INFO - Function evaluation number: 320, SI: 1, Sub-iteration number: 190, FoM: 1.4260112141117887e-06
06/05/2022 02:07:08.104 - oc_logger - INFO - Function evaluation number: 321, SI: 1, Sub-iteration number: 191, FoM: 5.50536093679721e-06
06/05/2022 02:07:08.229 - oc_logger - INFO - Function evaluation number: 322, SI: 1, Sub-iteration number: 191, FoM: 1.5486254885122008e-06
06/05/2022 02:07:08.360 - oc_logger - INFO - Function evaluation number: 323, SI: 1, Sub-iteration number: 192, FoM: 5.721649839696141e-06
06/05/2022 02:07:08.480 - oc_logger - INFO - Function evaluation number: 324, SI: 1, Sub-iteration number: 192, FoM: 1.6302044324456588e-06
06/05/2022 02:07:08.613 - oc_logger - INFO - Function evaluation number: 325, SI: 1, Sub-iteration number: 193, FoM: 7.649167062195872e-06
06/05/2022 02:07:08.740 - oc_logger - INFO - New record achieved. Previous FoM: 1.4260112141117887e-06, new best FoM : 1.1497261303006212e-06
06/05/2022 02:07:08.740 - oc_logger - INFO - Function evaluation number: 326, SI: 1, Sub-iteration number: 193, FoM: 1.1497261303006212e-06
06/05/2022 02:07:08.874 - oc_logger - INFO - Function evaluation number: 327, SI: 1, Sub-iteration number: 194, FoM: 2.0024651699035445e-06
06/05/2022 02:07:09.000 - oc_logger - INFO - Function evaluation number: 328, SI: 1, Sub-iteration number: 195, FoM: 2.266631750735826e-06
06/05/2022 02:07:09.131 - oc_logger - INFO - New record achieved. Previous FoM: 1.1497261303006212e-06, new best FoM : 9.710790873640462e-07
06/05/2022 02:07:09.131 - oc_logger - INFO - Function evaluation number: 329, SI: 1, Sub-iteration number: 195, FoM: 9.710790873640462e-07
06/05/2022 02:07:09.262 - oc_logger - INFO - Function evaluation number: 330, SI: 1, Sub-iteration number: 196, FoM: 2.0786029346631096e-06
06/05/2022 02:07:09.394 - oc_logger - INFO - New record achieved. Previous FoM: 9.710790873640462e-07, new best FoM : 9.561330790441858e-07
06/05/2022 02:07:09.394 - oc_logger - INFO - Function evaluation number: 331, SI: 1, Sub-iteration number: 196, FoM: 9.561330790441858e-07
06/05/2022 02:07:09.513 - oc_logger - INFO - Function evaluation number: 332, SI: 1, Sub-iteration number: 197, FoM: 4.779917461283922e-06
06/05/2022 02:07:09.649 - oc_logger - INFO - New record achieved. Previous FoM: 9.561330790441858e-07, new best FoM : 7.682137738163064e-07
06/05/2022 02:07:09.649 - oc_logger - INFO - Function evaluation number: 333, SI: 1, Sub-iteration number: 197, FoM: 7.682137738163064e-07
06/05/2022 02:07:09.780 - oc_logger - INFO - Function evaluation number: 334, SI: 1, Sub-iteration number: 198, FoM: 2.0327696023114683e-06
06/05/2022 02:07:09.913 - oc_logger - INFO - Function evaluation number: 335, SI: 1, Sub-iteration number: 198, FoM: 8.739254345746517e-07
06/05/2022 02:07:10.049 - oc_logger - INFO - Function evaluation number: 336, SI: 1, Sub-iteration number: 199, FoM: 1.3972240521242796e-06
06/05/2022 02:07:10.178 - oc_logger - INFO - Function evaluation number: 337, SI: 1, Sub-iteration number: 200, FoM: 2.3473950464536486e-06
06/05/2022 02:07:10.310 - oc_logger - INFO - New record achieved. Previous FoM: 7.682137738163064e-07, new best FoM : 7.062932620982565e-07
06/05/2022 02:07:10.310 - oc_logger - INFO - Function evaluation number: 338, SI: 1, Sub-iteration number: 200, FoM: 7.062932620982565e-07
06/05/2022 02:07:10.446 - oc_logger - INFO - Function evaluation number: 339, SI: 1, Sub-iteration number: 201, FoM: 2.4513960819039227e-06
06/05/2022 02:07:10.559 - oc_logger - INFO - New record achieved. Previous FoM: 7.062932620982565e-07, new best FoM : 6.536557016767475e-07
06/05/2022 02:07:10.559 - oc_logger - INFO - Function evaluation number: 340, SI: 1, Sub-iteration number: 201, FoM: 6.536557016767475e-07
06/05/2022 02:07:10.690 - oc_logger - INFO - Function evaluation number: 341, SI: 1, Sub-iteration number: 202, FoM: 1.5964085225972369e-06
06/05/2022 02:07:10.816 - oc_logger - INFO - Function evaluation number: 342, SI: 1, Sub-iteration number: 202, FoM: 6.568795666295202e-07
06/05/2022 02:07:10.945 - oc_logger - INFO - Function evaluation number: 343, SI: 1, Sub-iteration number: 203, FoM: 1.8634317145993506e-06
06/05/2022 02:07:11.072 - oc_logger - INFO - New record achieved. Previous FoM: 6.536557016767475e-07, new best FoM : 6.143065602870479e-07
06/05/2022 02:07:11.072 - oc_logger - INFO - Function evaluation number: 344, SI: 1, Sub-iteration number: 203, FoM: 6.143065602870479e-07
06/05/2022 02:07:11.208 - oc_logger - INFO - Function evaluation number: 345, SI: 1, Sub-iteration number: 204, FoM: 1.547257655665213e-06
06/05/2022 02:07:11.334 - oc_logger - INFO - New record achieved. Previous FoM: 6.143065602870479e-07, new best FoM : 5.052751836931435e-07
06/05/2022 02:07:11.334 - oc_logger - INFO - Function evaluation number: 346, SI: 1, Sub-iteration number: 204, FoM: 5.052751836931435e-07
06/05/2022 02:07:11.467 - oc_logger - INFO - Function evaluation number: 347, SI: 1, Sub-iteration number: 205, FoM: 1.5120793001033306e-06
06/05/2022 02:07:11.598 - oc_logger - INFO - New record achieved. Previous FoM: 5.052751836931435e-07, new best FoM : 4.089779777061153e-07
06/05/2022 02:07:11.598 - oc_logger - INFO - Function evaluation number: 348, SI: 1, Sub-iteration number: 205, FoM: 4.089779777061153e-07
06/05/2022 02:07:11.731 - oc_logger - INFO - Function evaluation number: 349, SI: 1, Sub-iteration number: 206, FoM: 1.3595556771495154e-06
06/05/2022 02:07:11.859 - oc_logger - INFO - Function evaluation number: 350, SI: 1, Sub-iteration number: 206, FoM: 4.1355287161426446e-07
06/05/2022 02:07:11.984 - oc_logger - INFO - Function evaluation number: 351, SI: 1, Sub-iteration number: 207, FoM: 1.554365995359852e-06
06/05/2022 02:07:12.110 - oc_logger - INFO - New record achieved. Previous FoM: 4.089779777061153e-07, new best FoM : 3.532172897502406e-07
06/05/2022 02:07:12.110 - oc_logger - INFO - Function evaluation number: 352, SI: 1, Sub-iteration number: 207, FoM: 3.532172897502406e-07
06/05/2022 02:07:12.243 - oc_logger - INFO - Function evaluation number: 353, SI: 1, Sub-iteration number: 208, FoM: 1.2153807490422608e-06
06/05/2022 02:07:12.370 - oc_logger - INFO - New record achieved. Previous FoM: 3.532172897502406e-07, new best FoM : 3.2563898211268594e-07
06/05/2022 02:07:12.370 - oc_logger - INFO - Function evaluation number: 354, SI: 1, Sub-iteration number: 208, FoM: 3.2563898211268594e-07
06/05/2022 02:07:12.496 - oc_logger - INFO - Function evaluation number: 355, SI: 1, Sub-iteration number: 209, FoM: 9.94351905148072e-07
06/05/2022 02:07:12.619 - oc_logger - INFO - New record achieved. Previous FoM: 3.2563898211268594e-07, new best FoM : 3.0934263595128186e-07
06/05/2022 02:07:12.619 - oc_logger - INFO - Function evaluation number: 356, SI: 1, Sub-iteration number: 209, FoM: 3.0934263595128186e-07
06/05/2022 02:07:12.755 - oc_logger - INFO - Function evaluation number: 357, SI: 1, Sub-iteration number: 210, FoM: 7.009871224594733e-07
06/05/2022 02:07:12.882 - oc_logger - INFO - New record achieved. Previous FoM: 3.0934263595128186e-07, new best FoM : 3.058799624700015e-07
06/05/2022 02:07:12.882 - oc_logger - INFO - Function evaluation number: 358, SI: 1, Sub-iteration number: 210, FoM: 3.058799624700015e-07
06/05/2022 02:07:13.018 - oc_logger - INFO - Function evaluation number: 359, SI: 1, Sub-iteration number: 211, FoM: 1.0284339578836565e-06
06/05/2022 02:07:13.142 - oc_logger - INFO - New record achieved. Previous FoM: 3.058799624700015e-07, new best FoM : 2.757552671761587e-07
06/05/2022 02:07:13.142 - oc_logger - INFO - Function evaluation number: 360, SI: 1, Sub-iteration number: 211, FoM: 2.757552671761587e-07
06/05/2022 02:07:13.278 - oc_logger - INFO - Function evaluation number: 361, SI: 1, Sub-iteration number: 212, FoM: 7.884687360792952e-07
06/05/2022 02:07:13.403 - oc_logger - INFO - New record achieved. Previous FoM: 2.757552671761587e-07, new best FoM : 2.7371634792050514e-07
06/05/2022 02:07:13.403 - oc_logger - INFO - Function evaluation number: 362, SI: 1, Sub-iteration number: 212, FoM: 2.7371634792050514e-07
06/05/2022 02:07:13.533 - oc_logger - INFO - Function evaluation number: 363, SI: 1, Sub-iteration number: 213, FoM: 6.192412008720893e-07
06/05/2022 02:07:13.659 - oc_logger - INFO - New record achieved. Previous FoM: 2.7371634792050514e-07, new best FoM : 2.2754240858180452e-07
06/05/2022 02:07:13.660 - oc_logger - INFO - Function evaluation number: 364, SI: 1, Sub-iteration number: 213, FoM: 2.2754240858180452e-07
06/05/2022 02:07:13.794 - oc_logger - INFO - Function evaluation number: 365, SI: 1, Sub-iteration number: 214, FoM: 5.815128628627875e-07
06/05/2022 02:07:13.922 - oc_logger - INFO - New record achieved. Previous FoM: 2.2754240858180452e-07, new best FoM : 1.7930095685958491e-07
06/05/2022 02:07:13.922 - oc_logger - INFO - Function evaluation number: 366, SI: 1, Sub-iteration number: 214, FoM: 1.7930095685958491e-07
06/05/2022 02:07:14.056 - oc_logger - INFO - Function evaluation number: 367, SI: 1, Sub-iteration number: 215, FoM: 6.821091528275147e-07
06/05/2022 02:07:14.175 - oc_logger - INFO - New record achieved. Previous FoM: 1.7930095685958491e-07, new best FoM : 1.685909897242155e-07
06/05/2022 02:07:14.175 - oc_logger - INFO - Function evaluation number: 368, SI: 1, Sub-iteration number: 215, FoM: 1.685909897242155e-07
06/05/2022 02:07:14.311 - oc_logger - INFO - Function evaluation number: 369, SI: 1, Sub-iteration number: 216, FoM: 6.870741054987306e-07
06/05/2022 02:07:14.438 - oc_logger - INFO - New record achieved. Previous FoM: 1.685909897242155e-07, new best FoM : 1.384364285428319e-07
06/05/2022 02:07:14.439 - oc_logger - INFO - Function evaluation number: 370, SI: 1, Sub-iteration number: 216, FoM: 1.384364285428319e-07
06/05/2022 02:07:14.571 - oc_logger - INFO - Function evaluation number: 371, SI: 1, Sub-iteration number: 217, FoM: 5.366495277048244e-07
06/05/2022 02:07:14.703 - oc_logger - INFO - New record achieved. Previous FoM: 1.384364285428319e-07, new best FoM : 1.3703806900355886e-07
06/05/2022 02:07:14.703 - oc_logger - INFO - Function evaluation number: 372, SI: 1, Sub-iteration number: 217, FoM: 1.3703806900355886e-07
06/05/2022 02:07:14.837 - oc_logger - INFO - Function evaluation number: 373, SI: 1, Sub-iteration number: 218, FoM: 4.220407664456971e-07
06/05/2022 02:07:14.972 - oc_logger - INFO - Function evaluation number: 374, SI: 1, Sub-iteration number: 218, FoM: 1.3760607853186002e-07
06/05/2022 02:07:15.103 - oc_logger - INFO - Function evaluation number: 375, SI: 1, Sub-iteration number: 219, FoM: 2.9294342751562397e-07
06/05/2022 02:07:15.232 - oc_logger - INFO - Function evaluation number: 376, SI: 1, Sub-iteration number: 219, FoM: 1.370925429844405e-07
06/05/2022 02:07:15.362 - oc_logger - INFO - Function evaluation number: 377, SI: 1, Sub-iteration number: 220, FoM: 4.1893203761578235e-07
06/05/2022 02:07:15.490 - oc_logger - INFO - New record achieved. Previous FoM: 1.3703806900355886e-07, new best FoM : 1.1762980589580252e-07
06/05/2022 02:07:15.490 - oc_logger - INFO - Function evaluation number: 378, SI: 1, Sub-iteration number: 220, FoM: 1.1762980589580252e-07
06/05/2022 02:07:15.622 - oc_logger - INFO - Function evaluation number: 379, SI: 1, Sub-iteration number: 221, FoM: 4.294141016103481e-07
06/05/2022 02:07:15.751 - oc_logger - INFO - New record achieved. Previous FoM: 1.1762980589580252e-07, new best FoM : 1.1564313007195182e-07
06/05/2022 02:07:15.751 - oc_logger - INFO - Function evaluation number: 380, SI: 1, Sub-iteration number: 221, FoM: 1.1564313007195182e-07
06/05/2022 02:07:15.888 - oc_logger - INFO - Function evaluation number: 381, SI: 1, Sub-iteration number: 222, FoM: 4.86012706635286e-07
06/05/2022 02:07:16.011 - oc_logger - INFO - New record achieved. Previous FoM: 1.1564313007195182e-07, new best FoM : 8.622811731306967e-08
06/05/2022 02:07:16.011 - oc_logger - INFO - Function evaluation number: 382, SI: 1, Sub-iteration number: 222, FoM: 8.622811731306967e-08
06/05/2022 02:07:16.147 - oc_logger - INFO - Function evaluation number: 383, SI: 1, Sub-iteration number: 223, FoM: 3.849949709033851e-07
06/05/2022 02:07:16.277 - oc_logger - INFO - New record achieved. Previous FoM: 8.622811731306967e-08, new best FoM : 6.912531691494195e-08
06/05/2022 02:07:16.277 - oc_logger - INFO - Function evaluation number: 384, SI: 1, Sub-iteration number: 223, FoM: 6.912531691494195e-08
06/05/2022 02:07:16.403 - oc_logger - INFO - Function evaluation number: 385, SI: 1, Sub-iteration number: 224, FoM: 1.3982800273204532e-07
06/05/2022 02:07:16.535 - oc_logger - INFO - New record achieved. Previous FoM: 6.912531691494195e-08, new best FoM : 6.43723007121011e-08
06/05/2022 02:07:16.535 - oc_logger - INFO - Function evaluation number: 386, SI: 1, Sub-iteration number: 224, FoM: 6.43723007121011e-08
06/05/2022 02:07:16.669 - oc_logger - INFO - Function evaluation number: 387, SI: 1, Sub-iteration number: 225, FoM: 2.5576909035152084e-07
06/05/2022 02:07:16.801 - oc_logger - INFO - New record achieved. Previous FoM: 6.43723007121011e-08, new best FoM : 5.631222455004803e-08
06/05/2022 02:07:16.801 - oc_logger - INFO - Function evaluation number: 388, SI: 1, Sub-iteration number: 225, FoM: 5.631222455004803e-08
06/05/2022 02:07:16.931 - oc_logger - INFO - Function evaluation number: 389, SI: 1, Sub-iteration number: 226, FoM: 1.160067256700259e-07
06/05/2022 02:07:17.059 - oc_logger - INFO - Function evaluation number: 390, SI: 1, Sub-iteration number: 227, FoM: 1.7732932400260637e-07
06/05/2022 02:07:17.189 - oc_logger - INFO - Function evaluation number: 391, SI: 1, Sub-iteration number: 227, FoM: 6.105682648360755e-08
06/05/2022 02:07:17.309 - oc_logger - INFO - Function evaluation number: 392, SI: 1, Sub-iteration number: 228, FoM: 2.4759826622311465e-07
06/05/2022 02:07:17.440 - oc_logger - INFO - New record achieved. Previous FoM: 5.631222455004803e-08, new best FoM : 5.5196034631777025e-08
06/05/2022 02:07:17.440 - oc_logger - INFO - Function evaluation number: 393, SI: 1, Sub-iteration number: 228, FoM: 5.5196034631777025e-08
06/05/2022 02:07:17.566 - oc_logger - INFO - Function evaluation number: 394, SI: 1, Sub-iteration number: 229, FoM: 1.2498317558673477e-07
06/05/2022 02:07:17.700 - oc_logger - INFO - New record achieved. Previous FoM: 5.5196034631777025e-08, new best FoM : 5.485835508078907e-08
06/05/2022 02:07:17.701 - oc_logger - INFO - Function evaluation number: 395, SI: 1, Sub-iteration number: 229, FoM: 5.485835508078907e-08
06/05/2022 02:07:17.827 - oc_logger - INFO - Function evaluation number: 396, SI: 1, Sub-iteration number: 230, FoM: 1.4496053701851253e-07
06/05/2022 02:07:17.960 - oc_logger - INFO - New record achieved. Previous FoM: 5.485835508078907e-08, new best FoM : 5.202408304150197e-08
06/05/2022 02:07:17.960 - oc_logger - INFO - Function evaluation number: 397, SI: 1, Sub-iteration number: 230, FoM: 5.202408304150197e-08
06/05/2022 02:07:18.085 - oc_logger - INFO - Function evaluation number: 398, SI: 1, Sub-iteration number: 231, FoM: 1.9422400721058608e-07
06/05/2022 02:07:18.213 - oc_logger - INFO - New record achieved. Previous FoM: 5.202408304150197e-08, new best FoM : 4.7595451024839974e-08
06/05/2022 02:07:18.213 - oc_logger - INFO - Function evaluation number: 399, SI: 1, Sub-iteration number: 231, FoM: 4.7595451024839974e-08
06/05/2022 02:07:18.348 - oc_logger - INFO - Function evaluation number: 400, SI: 1, Sub-iteration number: 232, FoM: 1.369270622442187e-07
06/05/2022 02:07:18.483 - oc_logger - INFO - New record achieved. Previous FoM: 4.7595451024839974e-08, new best FoM : 3.635932011025744e-08
06/05/2022 02:07:18.483 - oc_logger - INFO - Function evaluation number: 401, SI: 1, Sub-iteration number: 232, FoM: 3.635932011025744e-08
06/05/2022 02:07:18.607 - oc_logger - INFO - Function evaluation number: 402, SI: 1, Sub-iteration number: 233, FoM: 8.55449694414645e-08
06/05/2022 02:07:18.743 - oc_logger - INFO - New record achieved. Previous FoM: 3.635932011025744e-08, new best FoM : 3.125120451308305e-08
06/05/2022 02:07:18.743 - oc_logger - INFO - Function evaluation number: 403, SI: 1, Sub-iteration number: 233, FoM: 3.125120451308305e-08
06/05/2022 02:07:18.873 - oc_logger - INFO - Function evaluation number: 404, SI: 1, Sub-iteration number: 234, FoM: 1.3414382971088656e-07
06/05/2022 02:07:19.005 - oc_logger - INFO - New record achieved. Previous FoM: 3.125120451308305e-08, new best FoM : 2.4606290005557696e-08
06/05/2022 02:07:19.005 - oc_logger - INFO - Function evaluation number: 405, SI: 1, Sub-iteration number: 234, FoM: 2.4606290005557696e-08
06/05/2022 02:07:19.137 - oc_logger - INFO - Function evaluation number: 406, SI: 1, Sub-iteration number: 235, FoM: 6.886746006795619e-08
06/05/2022 02:07:19.266 - oc_logger - INFO - Function evaluation number: 407, SI: 1, Sub-iteration number: 235, FoM: 2.8398789098105226e-08
06/05/2022 02:07:19.394 - oc_logger - INFO - Function evaluation number: 408, SI: 1, Sub-iteration number: 236, FoM: 6.114576800442251e-08
06/05/2022 02:07:19.525 - oc_logger - INFO - Function evaluation number: 409, SI: 1, Sub-iteration number: 236, FoM: 2.6290970178699524e-08
06/05/2022 02:07:19.651 - oc_logger - INFO - Function evaluation number: 410, SI: 1, Sub-iteration number: 237, FoM: 1.0849610931895626e-07
06/05/2022 02:07:19.782 - oc_logger - INFO - New record achieved. Previous FoM: 2.4606290005557696e-08, new best FoM : 2.1680728545803163e-08
06/05/2022 02:07:19.783 - oc_logger - INFO - Function evaluation number: 411, SI: 1, Sub-iteration number: 237, FoM: 2.1680728545803163e-08
06/05/2022 02:07:19.911 - oc_logger - INFO - Function evaluation number: 412, SI: 1, Sub-iteration number: 238, FoM: 5.0883944613389076e-08
06/05/2022 02:07:20.041 - oc_logger - INFO - Function evaluation number: 413, SI: 1, Sub-iteration number: 239, FoM: 1.1130099475398225e-07
06/05/2022 02:07:20.160 - oc_logger - INFO - New record achieved. Previous FoM: 2.1680728545803163e-08, new best FoM : 1.9699160525021853e-08
06/05/2022 02:07:20.160 - oc_logger - INFO - Function evaluation number: 414, SI: 1, Sub-iteration number: 239, FoM: 1.9699160525021853e-08
06/05/2022 02:07:20.283 - oc_logger - INFO - Function evaluation number: 415, SI: 1, Sub-iteration number: 240, FoM: 4.514855911352811e-08
06/05/2022 02:07:20.406 - oc_logger - INFO - Function evaluation number: 416, SI: 1, Sub-iteration number: 241, FoM: 9.555027991048348e-08
06/05/2022 02:07:20.531 - oc_logger - INFO - New record achieved. Previous FoM: 1.9699160525021853e-08, new best FoM : 1.8473033214227996e-08
06/05/2022 02:07:20.531 - oc_logger - INFO - Function evaluation number: 417, SI: 1, Sub-iteration number: 241, FoM: 1.8473033214227996e-08
06/05/2022 02:07:20.660 - oc_logger - INFO - Function evaluation number: 418, SI: 1, Sub-iteration number: 242, FoM: 4.2197818683753496e-08
