06/05/2022 11:41:05.656 - oc_logger - INFO - The optimization direction is minimization
06/05/2022 11:41:05.660 - oc_logger - INFO - QuOCS version number: 0.0.22
06/05/2022 11:41:05.660 - oc_logger - INFO - Direct search start time has been reset.
06/05/2022 11:41:06.075 - oc_logger - INFO - New record achieved. Previous FoM: 10000000000.0, new best FoM : 0.026308946196235583
06/05/2022 11:41:06.075 - oc_logger - INFO - Function evaluation number: 1, SI: 1, Sub-iteration number: 0, FoM: 0.026308946196235583
06/05/2022 11:41:06.453 - oc_logger - INFO - Function evaluation number: 2, SI: 1, Sub-iteration number: 0, FoM: 0.02634653621105798
06/05/2022 11:41:06.706 - oc_logger - INFO - New record achieved. Previous FoM: 0.026308946196235583, new best FoM : 0.025875441639866215
06/05/2022 11:41:06.706 - oc_logger - INFO - Function evaluation number: 3, SI: 1, Sub-iteration number: 0, FoM: 0.025875441639866215
06/05/2022 11:41:07.017 - oc_logger - INFO - Function evaluation number: 4, SI: 1, Sub-iteration number: 0, FoM: 0.026357751191443235
06/05/2022 11:41:07.339 - oc_logger - INFO - Function evaluation number: 5, SI: 1, Sub-iteration number: 0, FoM: 0.026378259792461556
06/05/2022 11:41:07.703 - oc_logger - INFO - Function evaluation number: 6, SI: 1, Sub-iteration number: 0, FoM: 0.026260129272572263
06/05/2022 11:41:08.000 - oc_logger - INFO - Function evaluation number: 7, SI: 1, Sub-iteration number: 0, FoM: 0.026307673663309772
06/05/2022 11:41:08.319 - oc_logger - INFO - Function evaluation number: 8, SI: 1, Sub-iteration number: 0, FoM: 0.02626760292978081
06/05/2022 11:41:08.605 - oc_logger - INFO - Function evaluation number: 9, SI: 1, Sub-iteration number: 0, FoM: 0.026351456756781633
06/05/2022 11:41:08.895 - oc_logger - INFO - Function evaluation number: 10, SI: 1, Sub-iteration number: 1, FoM: 0.02614036980232337
06/05/2022 11:41:09.129 - oc_logger - INFO - Function evaluation number: 11, SI: 1, Sub-iteration number: 2, FoM: 0.026106657895939134
06/05/2022 11:41:09.362 - oc_logger - INFO - Function evaluation number: 12, SI: 1, Sub-iteration number: 3, FoM: 0.026051902056326348
06/05/2022 11:41:09.616 - oc_logger - INFO - Function evaluation number: 13, SI: 1, Sub-iteration number: 4, FoM: 0.025983491441942674
06/05/2022 11:41:09.954 - oc_logger - INFO - Function evaluation number: 14, SI: 1, Sub-iteration number: 5, FoM: 0.025939739189765998
06/05/2022 11:41:10.293 - oc_logger - INFO - New record achieved. Previous FoM: 0.025875441639866215, new best FoM : 0.02584941814485686
06/05/2022 11:41:10.293 - oc_logger - INFO - Function evaluation number: 15, SI: 1, Sub-iteration number: 6, FoM: 0.02584941814485686
06/05/2022 11:41:10.595 - oc_logger - INFO - New record achieved. Previous FoM: 0.02584941814485686, new best FoM : 0.025792449680625662
06/05/2022 11:41:10.596 - oc_logger - INFO - Function evaluation number: 16, SI: 1, Sub-iteration number: 6, FoM: 0.025792449680625662
06/05/2022 11:41:10.845 - oc_logger - INFO - New record achieved. Previous FoM: 0.025792449680625662, new best FoM : 0.025770904074640555
06/05/2022 11:41:10.846 - oc_logger - INFO - Function evaluation number: 17, SI: 1, Sub-iteration number: 7, FoM: 0.025770904074640555
06/05/2022 11:41:11.187 - oc_logger - INFO - New record achieved. Previous FoM: 0.025770904074640555, new best FoM : 0.0257091993178995
06/05/2022 11:41:11.188 - oc_logger - INFO - Function evaluation number: 18, SI: 1, Sub-iteration number: 7, FoM: 0.0257091993178995
06/05/2022 11:41:11.528 - oc_logger - INFO - New record achieved. Previous FoM: 0.0257091993178995, new best FoM : 0.025641407190445387
06/05/2022 11:41:11.529 - oc_logger - INFO - Function evaluation number: 19, SI: 1, Sub-iteration number: 8, FoM: 0.025641407190445387
06/05/2022 11:41:11.882 - oc_logger - INFO - New record achieved. Previous FoM: 0.025641407190445387, new best FoM : 0.025564663929568687
06/05/2022 11:41:11.882 - oc_logger - INFO - Function evaluation number: 20, SI: 1, Sub-iteration number: 8, FoM: 0.025564663929568687
06/05/2022 11:41:12.191 - oc_logger - INFO - Function evaluation number: 21, SI: 1, Sub-iteration number: 9, FoM: 0.025616231032753567
06/05/2022 11:41:12.476 - oc_logger - INFO - New record achieved. Previous FoM: 0.025564663929568687, new best FoM : 0.025527923021826382
06/05/2022 11:41:12.476 - oc_logger - INFO - Function evaluation number: 22, SI: 1, Sub-iteration number: 10, FoM: 0.025527923021826382
06/05/2022 11:41:12.880 - oc_logger - INFO - New record achieved. Previous FoM: 0.025527923021826382, new best FoM : 0.02545610483593075
06/05/2022 11:41:12.880 - oc_logger - INFO - Function evaluation number: 23, SI: 1, Sub-iteration number: 10, FoM: 0.02545610483593075
06/05/2022 11:41:13.256 - oc_logger - INFO - New record achieved. Previous FoM: 0.02545610483593075, new best FoM : 0.025433908131463512
06/05/2022 11:41:13.257 - oc_logger - INFO - Function evaluation number: 24, SI: 1, Sub-iteration number: 11, FoM: 0.025433908131463512
06/05/2022 11:41:13.496 - oc_logger - INFO - New record achieved. Previous FoM: 0.025433908131463512, new best FoM : 0.025357257189972726
06/05/2022 11:41:13.496 - oc_logger - INFO - Function evaluation number: 25, SI: 1, Sub-iteration number: 11, FoM: 0.025357257189972726
06/05/2022 11:41:13.713 - oc_logger - INFO - New record achieved. Previous FoM: 0.025357257189972726, new best FoM : 0.02534573469021928
06/05/2022 11:41:13.714 - oc_logger - INFO - Function evaluation number: 26, SI: 1, Sub-iteration number: 12, FoM: 0.02534573469021928
06/05/2022 11:41:13.981 - oc_logger - INFO - New record achieved. Previous FoM: 0.02534573469021928, new best FoM : 0.025266640626965375
06/05/2022 11:41:13.981 - oc_logger - INFO - Function evaluation number: 27, SI: 1, Sub-iteration number: 12, FoM: 0.025266640626965375
06/05/2022 11:41:14.318 - oc_logger - INFO - New record achieved. Previous FoM: 0.025266640626965375, new best FoM : 0.025221754239715732
06/05/2022 11:41:14.318 - oc_logger - INFO - Function evaluation number: 28, SI: 1, Sub-iteration number: 13, FoM: 0.025221754239715732
06/05/2022 11:41:14.675 - oc_logger - INFO - New record achieved. Previous FoM: 0.025221754239715732, new best FoM : 0.025132804019489585
06/05/2022 11:41:14.676 - oc_logger - INFO - Function evaluation number: 29, SI: 1, Sub-iteration number: 13, FoM: 0.025132804019489585
06/05/2022 11:41:15.085 - oc_logger - INFO - New record achieved. Previous FoM: 0.025132804019489585, new best FoM : 0.025100923759243
06/05/2022 11:41:15.085 - oc_logger - INFO - Function evaluation number: 30, SI: 1, Sub-iteration number: 14, FoM: 0.025100923759243
06/05/2022 11:41:15.452 - oc_logger - INFO - New record achieved. Previous FoM: 0.025100923759243, new best FoM : 0.02500508633319065
06/05/2022 11:41:15.452 - oc_logger - INFO - Function evaluation number: 31, SI: 1, Sub-iteration number: 14, FoM: 0.02500508633319065
06/05/2022 11:41:15.793 - oc_logger - INFO - New record achieved. Previous FoM: 0.02500508633319065, new best FoM : 0.024987044952131998
06/05/2022 11:41:15.793 - oc_logger - INFO - Function evaluation number: 32, SI: 1, Sub-iteration number: 15, FoM: 0.024987044952131998
06/05/2022 11:41:16.189 - oc_logger - INFO - New record achieved. Previous FoM: 0.024987044952131998, new best FoM : 0.024887393966480098
06/05/2022 11:41:16.190 - oc_logger - INFO - Function evaluation number: 33, SI: 1, Sub-iteration number: 15, FoM: 0.024887393966480098
06/05/2022 11:41:16.517 - oc_logger - INFO - New record achieved. Previous FoM: 0.024887393966480098, new best FoM : 0.024864960697640437
06/05/2022 11:41:16.517 - oc_logger - INFO - Function evaluation number: 34, SI: 1, Sub-iteration number: 16, FoM: 0.024864960697640437
06/05/2022 11:41:16.811 - oc_logger - INFO - New record achieved. Previous FoM: 0.024864960697640437, new best FoM : 0.024760542742316538
06/05/2022 11:41:16.812 - oc_logger - INFO - Function evaluation number: 35, SI: 1, Sub-iteration number: 16, FoM: 0.024760542742316538
06/05/2022 11:41:17.222 - oc_logger - INFO - New record achieved. Previous FoM: 0.024760542742316538, new best FoM : 0.024744122169421345
06/05/2022 11:41:17.222 - oc_logger - INFO - Function evaluation number: 36, SI: 1, Sub-iteration number: 17, FoM: 0.024744122169421345
06/05/2022 11:41:17.529 - oc_logger - INFO - New record achieved. Previous FoM: 0.024744122169421345, new best FoM : 0.024636311928126875
06/05/2022 11:41:17.529 - oc_logger - INFO - Function evaluation number: 37, SI: 1, Sub-iteration number: 17, FoM: 0.024636311928126875
06/05/2022 11:41:17.871 - oc_logger - INFO - New record achieved. Previous FoM: 0.024636311928126875, new best FoM : 0.024564932645280257
06/05/2022 11:41:17.872 - oc_logger - INFO - Function evaluation number: 38, SI: 1, Sub-iteration number: 18, FoM: 0.024564932645280257
06/05/2022 11:41:18.229 - oc_logger - INFO - New record achieved. Previous FoM: 0.024564932645280257, new best FoM : 0.024441574485516204
06/05/2022 11:41:18.229 - oc_logger - INFO - Function evaluation number: 39, SI: 1, Sub-iteration number: 18, FoM: 0.024441574485516204
06/05/2022 11:41:18.546 - oc_logger - INFO - New record achieved. Previous FoM: 0.024441574485516204, new best FoM : 0.02442003739546783
06/05/2022 11:41:18.547 - oc_logger - INFO - Function evaluation number: 40, SI: 1, Sub-iteration number: 19, FoM: 0.02442003739546783
06/05/2022 11:41:18.941 - oc_logger - INFO - New record achieved. Previous FoM: 0.02442003739546783, new best FoM : 0.02429227276124879
06/05/2022 11:41:18.941 - oc_logger - INFO - Function evaluation number: 41, SI: 1, Sub-iteration number: 19, FoM: 0.02429227276124879
06/05/2022 11:41:19.323 - oc_logger - INFO - New record achieved. Previous FoM: 0.02429227276124879, new best FoM : 0.024253146679754867
06/05/2022 11:41:19.323 - oc_logger - INFO - Function evaluation number: 42, SI: 1, Sub-iteration number: 20, FoM: 0.024253146679754867
06/05/2022 11:41:19.709 - oc_logger - INFO - New record achieved. Previous FoM: 0.024253146679754867, new best FoM : 0.024117103338049617
06/05/2022 11:41:19.709 - oc_logger - INFO - Function evaluation number: 43, SI: 1, Sub-iteration number: 20, FoM: 0.024117103338049617
06/05/2022 11:41:20.057 - oc_logger - INFO - New record achieved. Previous FoM: 0.024117103338049617, new best FoM : 0.024057806867059273
06/05/2022 11:41:20.057 - oc_logger - INFO - Function evaluation number: 44, SI: 1, Sub-iteration number: 21, FoM: 0.024057806867059273
06/05/2022 11:41:20.394 - oc_logger - INFO - New record achieved. Previous FoM: 0.024057806867059273, new best FoM : 0.023909145377826957
06/05/2022 11:41:20.394 - oc_logger - INFO - Function evaluation number: 45, SI: 1, Sub-iteration number: 21, FoM: 0.023909145377826957
06/05/2022 11:41:20.655 - oc_logger - INFO - New record achieved. Previous FoM: 0.023909145377826957, new best FoM : 0.02388589145378106
06/05/2022 11:41:20.655 - oc_logger - INFO - Function evaluation number: 46, SI: 1, Sub-iteration number: 22, FoM: 0.02388589145378106
06/05/2022 11:41:20.927 - oc_logger - INFO - New record achieved. Previous FoM: 0.02388589145378106, new best FoM : 0.023732648632081244
06/05/2022 11:41:20.927 - oc_logger - INFO - Function evaluation number: 47, SI: 1, Sub-iteration number: 22, FoM: 0.023732648632081244
06/05/2022 11:41:21.223 - oc_logger - INFO - New record achieved. Previous FoM: 0.023732648632081244, new best FoM : 0.023695670471476804
06/05/2022 11:41:21.223 - oc_logger - INFO - Function evaluation number: 48, SI: 1, Sub-iteration number: 23, FoM: 0.023695670471476804
06/05/2022 11:41:21.561 - oc_logger - INFO - New record achieved. Previous FoM: 0.023695670471476804, new best FoM : 0.023534805279703197
06/05/2022 11:41:21.561 - oc_logger - INFO - Function evaluation number: 49, SI: 1, Sub-iteration number: 23, FoM: 0.023534805279703197
06/05/2022 11:41:21.899 - oc_logger - INFO - New record achieved. Previous FoM: 0.023534805279703197, new best FoM : 0.023476689015003216
06/05/2022 11:41:21.899 - oc_logger - INFO - Function evaluation number: 50, SI: 1, Sub-iteration number: 24, FoM: 0.023476689015003216
06/05/2022 11:41:22.238 - oc_logger - INFO - New record achieved. Previous FoM: 0.023476689015003216, new best FoM : 0.023303694014193743
06/05/2022 11:41:22.238 - oc_logger - INFO - Function evaluation number: 51, SI: 1, Sub-iteration number: 24, FoM: 0.023303694014193743
06/05/2022 11:41:22.475 - oc_logger - INFO - New record achieved. Previous FoM: 0.023303694014193743, new best FoM : 0.02324096582254087
06/05/2022 11:41:22.475 - oc_logger - INFO - Function evaluation number: 52, SI: 1, Sub-iteration number: 25, FoM: 0.02324096582254087
06/05/2022 11:41:22.744 - oc_logger - INFO - New record achieved. Previous FoM: 0.02324096582254087, new best FoM : 0.02305496398011131
06/05/2022 11:41:22.744 - oc_logger - INFO - Function evaluation number: 53, SI: 1, Sub-iteration number: 25, FoM: 0.02305496398011131
06/05/2022 11:41:23.012 - oc_logger - INFO - New record achieved. Previous FoM: 0.02305496398011131, new best FoM : 0.022971925004860894
06/05/2022 11:41:23.012 - oc_logger - INFO - Function evaluation number: 54, SI: 1, Sub-iteration number: 26, FoM: 0.022971925004860894
06/05/2022 11:41:23.406 - oc_logger - INFO - New record achieved. Previous FoM: 0.022971925004860894, new best FoM : 0.022768567124090366
06/05/2022 11:41:23.406 - oc_logger - INFO - Function evaluation number: 55, SI: 1, Sub-iteration number: 26, FoM: 0.022768567124090366
06/05/2022 11:41:23.821 - oc_logger - INFO - New record achieved. Previous FoM: 0.022768567124090366, new best FoM : 0.022748594641710418
06/05/2022 11:41:23.821 - oc_logger - INFO - Function evaluation number: 56, SI: 1, Sub-iteration number: 27, FoM: 0.022748594641710418
06/05/2022 11:41:24.081 - oc_logger - INFO - New record achieved. Previous FoM: 0.022748594641710418, new best FoM : 0.02254197284175541
06/05/2022 11:41:24.081 - oc_logger - INFO - Function evaluation number: 57, SI: 1, Sub-iteration number: 27, FoM: 0.02254197284175541
06/05/2022 11:41:24.412 - oc_logger - INFO - New record achieved. Previous FoM: 0.02254197284175541, new best FoM : 0.02246277710246547
06/05/2022 11:41:24.412 - oc_logger - INFO - Function evaluation number: 58, SI: 1, Sub-iteration number: 28, FoM: 0.02246277710246547
06/05/2022 11:41:24.765 - oc_logger - INFO - New record achieved. Previous FoM: 0.02246277710246547, new best FoM : 0.02223999386825426
06/05/2022 11:41:24.765 - oc_logger - INFO - Function evaluation number: 59, SI: 1, Sub-iteration number: 28, FoM: 0.02223999386825426
06/05/2022 11:41:25.085 - oc_logger - INFO - New record achieved. Previous FoM: 0.02223999386825426, new best FoM : 0.022170821585656086
06/05/2022 11:41:25.085 - oc_logger - INFO - Function evaluation number: 60, SI: 1, Sub-iteration number: 29, FoM: 0.022170821585656086
06/05/2022 11:41:25.305 - oc_logger - INFO - New record achieved. Previous FoM: 0.022170821585656086, new best FoM : 0.02193431647777222
06/05/2022 11:41:25.305 - oc_logger - INFO - Function evaluation number: 61, SI: 1, Sub-iteration number: 29, FoM: 0.02193431647777222
06/05/2022 11:41:25.522 - oc_logger - INFO - New record achieved. Previous FoM: 0.02193431647777222, new best FoM : 0.02188579031921678
06/05/2022 11:41:25.522 - oc_logger - INFO - Function evaluation number: 62, SI: 1, Sub-iteration number: 30, FoM: 0.02188579031921678
06/05/2022 11:41:25.754 - oc_logger - INFO - New record achieved. Previous FoM: 0.02188579031921678, new best FoM : 0.021640214495070476
06/05/2022 11:41:25.754 - oc_logger - INFO - Function evaluation number: 63, SI: 1, Sub-iteration number: 30, FoM: 0.021640214495070476
06/05/2022 11:41:26.082 - oc_logger - INFO - New record achieved. Previous FoM: 0.021640214495070476, new best FoM : 0.021542690648231222
06/05/2022 11:41:26.082 - oc_logger - INFO - Function evaluation number: 64, SI: 1, Sub-iteration number: 31, FoM: 0.021542690648231222
06/05/2022 11:41:26.349 - oc_logger - INFO - New record achieved. Previous FoM: 0.021542690648231222, new best FoM : 0.02127759164532761
06/05/2022 11:41:26.349 - oc_logger - INFO - Function evaluation number: 65, SI: 1, Sub-iteration number: 31, FoM: 0.02127759164532761
06/05/2022 11:41:26.633 - oc_logger - INFO - New record achieved. Previous FoM: 0.02127759164532761, new best FoM : 0.021181191335683858
06/05/2022 11:41:26.633 - oc_logger - INFO - Function evaluation number: 66, SI: 1, Sub-iteration number: 32, FoM: 0.021181191335683858
06/05/2022 11:41:26.957 - oc_logger - INFO - New record achieved. Previous FoM: 0.021181191335683858, new best FoM : 0.020897377676458273
06/05/2022 11:41:26.958 - oc_logger - INFO - Function evaluation number: 67, SI: 1, Sub-iteration number: 32, FoM: 0.020897377676458273
06/05/2022 11:41:27.204 - oc_logger - INFO - New record achieved. Previous FoM: 0.020897377676458273, new best FoM : 0.020813645999134378
06/05/2022 11:41:27.204 - oc_logger - INFO - Function evaluation number: 68, SI: 1, Sub-iteration number: 33, FoM: 0.020813645999134378
06/05/2022 11:41:27.505 - oc_logger - INFO - New record achieved. Previous FoM: 0.020813645999134378, new best FoM : 0.020514101189388234
06/05/2022 11:41:27.505 - oc_logger - INFO - Function evaluation number: 69, SI: 1, Sub-iteration number: 33, FoM: 0.020514101189388234
06/05/2022 11:41:27.791 - oc_logger - INFO - New record achieved. Previous FoM: 0.020514101189388234, new best FoM : 0.02043004397830428
06/05/2022 11:41:27.791 - oc_logger - INFO - Function evaluation number: 70, SI: 1, Sub-iteration number: 34, FoM: 0.02043004397830428
06/05/2022 11:41:28.060 - oc_logger - INFO - New record achieved. Previous FoM: 0.02043004397830428, new best FoM : 0.02011503022234662
06/05/2022 11:41:28.060 - oc_logger - INFO - Function evaluation number: 71, SI: 1, Sub-iteration number: 34, FoM: 0.02011503022234662
06/05/2022 11:41:28.406 - oc_logger - INFO - New record achieved. Previous FoM: 0.02011503022234662, new best FoM : 0.020055275256996352
06/05/2022 11:41:28.406 - oc_logger - INFO - Function evaluation number: 72, SI: 1, Sub-iteration number: 35, FoM: 0.020055275256996352
06/05/2022 11:41:28.742 - oc_logger - INFO - New record achieved. Previous FoM: 0.020055275256996352, new best FoM : 0.01973051121673275
06/05/2022 11:41:28.742 - oc_logger - INFO - Function evaluation number: 73, SI: 1, Sub-iteration number: 35, FoM: 0.01973051121673275
06/05/2022 11:41:29.080 - oc_logger - INFO - New record achieved. Previous FoM: 0.01973051121673275, new best FoM : 0.019587639605895157
06/05/2022 11:41:29.080 - oc_logger - INFO - Function evaluation number: 74, SI: 1, Sub-iteration number: 36, FoM: 0.019587639605895157
06/05/2022 11:41:29.419 - oc_logger - INFO - New record achieved. Previous FoM: 0.019587639605895157, new best FoM : 0.019235742656438903
06/05/2022 11:41:29.419 - oc_logger - INFO - Function evaluation number: 75, SI: 1, Sub-iteration number: 36, FoM: 0.019235742656438903
06/05/2022 11:41:29.760 - oc_logger - INFO - New record achieved. Previous FoM: 0.019235742656438903, new best FoM : 0.019143091490877118
06/05/2022 11:41:29.760 - oc_logger - INFO - Function evaluation number: 76, SI: 1, Sub-iteration number: 37, FoM: 0.019143091490877118
06/05/2022 11:41:30.100 - oc_logger - INFO - New record achieved. Previous FoM: 0.019143091490877118, new best FoM : 0.01877549940974188
06/05/2022 11:41:30.100 - oc_logger - INFO - Function evaluation number: 77, SI: 1, Sub-iteration number: 37, FoM: 0.01877549940974188
06/05/2022 11:41:30.439 - oc_logger - INFO - New record achieved. Previous FoM: 0.01877549940974188, new best FoM : 0.01866494978116151
06/05/2022 11:41:30.439 - oc_logger - INFO - Function evaluation number: 78, SI: 1, Sub-iteration number: 38, FoM: 0.01866494978116151
06/05/2022 11:41:30.783 - oc_logger - INFO - New record achieved. Previous FoM: 0.01866494978116151, new best FoM : 0.01827838907358903
06/05/2022 11:41:30.783 - oc_logger - INFO - Function evaluation number: 79, SI: 1, Sub-iteration number: 38, FoM: 0.01827838907358903
06/05/2022 11:41:31.136 - oc_logger - INFO - New record achieved. Previous FoM: 0.01827838907358903, new best FoM : 0.018130739441204802
06/05/2022 11:41:31.136 - oc_logger - INFO - Function evaluation number: 80, SI: 1, Sub-iteration number: 39, FoM: 0.018130739441204802
06/05/2022 11:41:31.481 - oc_logger - INFO - New record achieved. Previous FoM: 0.018130739441204802, new best FoM : 0.017718482560346915
06/05/2022 11:41:31.481 - oc_logger - INFO - Function evaluation number: 81, SI: 1, Sub-iteration number: 39, FoM: 0.017718482560346915
06/05/2022 11:41:31.824 - oc_logger - INFO - New record achieved. Previous FoM: 0.017718482560346915, new best FoM : 0.017611340647259555
06/05/2022 11:41:31.824 - oc_logger - INFO - Function evaluation number: 82, SI: 1, Sub-iteration number: 40, FoM: 0.017611340647259555
06/05/2022 11:41:32.164 - oc_logger - INFO - New record achieved. Previous FoM: 0.017611340647259555, new best FoM : 0.017182935897873897
06/05/2022 11:41:32.165 - oc_logger - INFO - Function evaluation number: 83, SI: 1, Sub-iteration number: 40, FoM: 0.017182935897873897
06/05/2022 11:41:32.505 - oc_logger - INFO - New record achieved. Previous FoM: 0.017182935897873897, new best FoM : 0.017068539467258725
06/05/2022 11:41:32.505 - oc_logger - INFO - Function evaluation number: 84, SI: 1, Sub-iteration number: 41, FoM: 0.017068539467258725
06/05/2022 11:41:32.847 - oc_logger - INFO - New record achieved. Previous FoM: 0.017068539467258725, new best FoM : 0.01662290829697821
06/05/2022 11:41:32.847 - oc_logger - INFO - Function evaluation number: 85, SI: 1, Sub-iteration number: 41, FoM: 0.01662290829697821
06/05/2022 11:41:33.092 - oc_logger - INFO - New record achieved. Previous FoM: 0.01662290829697821, new best FoM : 0.01643233691871937
06/05/2022 11:41:33.093 - oc_logger - INFO - Function evaluation number: 86, SI: 1, Sub-iteration number: 42, FoM: 0.01643233691871937
06/05/2022 11:41:33.317 - oc_logger - INFO - New record achieved. Previous FoM: 0.01643233691871937, new best FoM : 0.015946589290121493
06/05/2022 11:41:33.317 - oc_logger - INFO - Function evaluation number: 87, SI: 1, Sub-iteration number: 42, FoM: 0.015946589290121493
06/05/2022 11:41:33.589 - oc_logger - INFO - New record achieved. Previous FoM: 0.015946589290121493, new best FoM : 0.015549973679713225
06/05/2022 11:41:33.589 - oc_logger - INFO - Function evaluation number: 88, SI: 1, Sub-iteration number: 43, FoM: 0.015549973679713225
06/05/2022 11:41:33.843 - oc_logger - INFO - New record achieved. Previous FoM: 0.015549973679713225, new best FoM : 0.014974737000058025
06/05/2022 11:41:33.843 - oc_logger - INFO - Function evaluation number: 89, SI: 1, Sub-iteration number: 43, FoM: 0.014974737000058025
06/05/2022 11:41:34.184 - oc_logger - INFO - New record achieved. Previous FoM: 0.014974737000058025, new best FoM : 0.014937290355664823
06/05/2022 11:41:34.184 - oc_logger - INFO - Function evaluation number: 90, SI: 1, Sub-iteration number: 44, FoM: 0.014937290355664823
06/05/2022 11:41:34.527 - oc_logger - INFO - New record achieved. Previous FoM: 0.014937290355664823, new best FoM : 0.014456405261203176
06/05/2022 11:41:34.527 - oc_logger - INFO - Function evaluation number: 91, SI: 1, Sub-iteration number: 44, FoM: 0.014456405261203176
06/05/2022 11:41:34.867 - oc_logger - INFO - Function evaluation number: 92, SI: 1, Sub-iteration number: 45, FoM: 0.014482069213033744
06/05/2022 11:41:35.208 - oc_logger - INFO - New record achieved. Previous FoM: 0.014456405261203176, new best FoM : 0.013767834517299793
06/05/2022 11:41:35.209 - oc_logger - INFO - Function evaluation number: 93, SI: 1, Sub-iteration number: 46, FoM: 0.013767834517299793
06/05/2022 11:41:35.551 - oc_logger - INFO - New record achieved. Previous FoM: 0.013767834517299793, new best FoM : 0.013401668458330684
06/05/2022 11:41:35.552 - oc_logger - INFO - Function evaluation number: 94, SI: 1, Sub-iteration number: 46, FoM: 0.013401668458330684
06/05/2022 11:41:35.815 - oc_logger - INFO - Function evaluation number: 95, SI: 1, Sub-iteration number: 47, FoM: 0.013607954723057869
06/05/2022 11:41:36.077 - oc_logger - INFO - New record achieved. Previous FoM: 0.013401668458330684, new best FoM : 0.013077481515493927
06/05/2022 11:41:36.077 - oc_logger - INFO - Function evaluation number: 96, SI: 1, Sub-iteration number: 48, FoM: 0.013077481515493927
06/05/2022 11:41:36.394 - oc_logger - INFO - New record achieved. Previous FoM: 0.013077481515493927, new best FoM : 0.01269368940098936
06/05/2022 11:41:36.394 - oc_logger - INFO - Function evaluation number: 97, SI: 1, Sub-iteration number: 48, FoM: 0.01269368940098936
06/05/2022 11:41:36.634 - oc_logger - INFO - New record achieved. Previous FoM: 0.01269368940098936, new best FoM : 0.012631280586040239
06/05/2022 11:41:36.634 - oc_logger - INFO - Function evaluation number: 98, SI: 1, Sub-iteration number: 49, FoM: 0.012631280586040239
06/05/2022 11:41:36.875 - oc_logger - INFO - New record achieved. Previous FoM: 0.012631280586040239, new best FoM : 0.012322156060542544
06/05/2022 11:41:36.875 - oc_logger - INFO - Function evaluation number: 99, SI: 1, Sub-iteration number: 49, FoM: 0.012322156060542544
06/05/2022 11:41:37.124 - oc_logger - INFO - Function evaluation number: 100, SI: 1, Sub-iteration number: 50, FoM: 0.012424585018445677
06/05/2022 11:41:37.386 - oc_logger - INFO - New record achieved. Previous FoM: 0.012322156060542544, new best FoM : 0.011970952562626036
06/05/2022 11:41:37.386 - oc_logger - INFO - Function evaluation number: 101, SI: 1, Sub-iteration number: 51, FoM: 0.011970952562626036
06/05/2022 11:41:37.703 - oc_logger - INFO - New record achieved. Previous FoM: 0.011970952562626036, new best FoM : 0.011929216686020316
06/05/2022 11:41:37.703 - oc_logger - INFO - Function evaluation number: 102, SI: 1, Sub-iteration number: 51, FoM: 0.011929216686020316
06/05/2022 11:41:38.111 - oc_logger - INFO - New record achieved. Previous FoM: 0.011929216686020316, new best FoM : 0.011708237264257182
06/05/2022 11:41:38.111 - oc_logger - INFO - Function evaluation number: 103, SI: 1, Sub-iteration number: 52, FoM: 0.011708237264257182
06/05/2022 11:41:38.526 - oc_logger - INFO - New record achieved. Previous FoM: 0.011708237264257182, new best FoM : 0.011575211104978944
06/05/2022 11:41:38.526 - oc_logger - INFO - Function evaluation number: 104, SI: 1, Sub-iteration number: 52, FoM: 0.011575211104978944
06/05/2022 11:41:38.816 - oc_logger - INFO - Function evaluation number: 105, SI: 1, Sub-iteration number: 53, FoM: 0.011769464131160423
06/05/2022 11:41:39.107 - oc_logger - INFO - Function evaluation number: 106, SI: 1, Sub-iteration number: 54, FoM: 0.012095673195670065
06/05/2022 11:41:39.422 - oc_logger - INFO - Function evaluation number: 107, SI: 1, Sub-iteration number: 55, FoM: 0.012030413379844895
06/05/2022 11:41:39.706 - oc_logger - INFO - Function evaluation number: 108, SI: 1, Sub-iteration number: 56, FoM: 0.012031213849237665
06/05/2022 11:41:40.078 - oc_logger - INFO - Function evaluation number: 109, SI: 1, Sub-iteration number: 57, FoM: 0.01216173616417593
06/05/2022 11:41:40.337 - oc_logger - INFO - Function evaluation number: 110, SI: 1, Sub-iteration number: 58, FoM: 0.012080311994351
06/05/2022 11:41:40.572 - oc_logger - INFO - Function evaluation number: 111, SI: 1, Sub-iteration number: 59, FoM: 0.012298674701370138
06/05/2022 11:41:41.021 - oc_logger - INFO - Function evaluation number: 112, SI: 1, Sub-iteration number: 59, FoM: 0.012163890498567698
06/05/2022 11:41:41.464 - oc_logger - INFO - Function evaluation number: 113, SI: 1, Sub-iteration number: 60, FoM: 0.011926667815676417
06/05/2022 11:41:41.882 - oc_logger - INFO - Function evaluation number: 114, SI: 1, Sub-iteration number: 61, FoM: 0.011825208195113013
06/05/2022 11:41:42.229 - oc_logger - INFO - Function evaluation number: 115, SI: 1, Sub-iteration number: 62, FoM: 0.011617041225355562
06/05/2022 11:41:42.491 - oc_logger - INFO - Function evaluation number: 116, SI: 1, Sub-iteration number: 63, FoM: 0.0130670952907872
06/05/2022 11:41:42.821 - oc_logger - INFO - Function evaluation number: 117, SI: 1, Sub-iteration number: 63, FoM: 0.011930278751441703
06/05/2022 11:41:43.162 - oc_logger - INFO - Function evaluation number: 118, SI: 1, Sub-iteration number: 64, FoM: 0.012416395955008652
06/05/2022 11:41:43.503 - oc_logger - INFO - Function evaluation number: 119, SI: 1, Sub-iteration number: 64, FoM: 0.011918446539132876
06/05/2022 11:41:43.844 - oc_logger - INFO - Function evaluation number: 120, SI: 1, Sub-iteration number: 65, FoM: 0.011728976767683252
06/05/2022 11:41:44.184 - oc_logger - INFO - Function evaluation number: 121, SI: 1, Sub-iteration number: 66, FoM: 0.012883613330406107
06/05/2022 11:41:44.524 - oc_logger - INFO - Function evaluation number: 122, SI: 1, Sub-iteration number: 66, FoM: 0.01183365590830554
06/05/2022 11:41:44.865 - oc_logger - INFO - New record achieved. Previous FoM: 0.011575211104978944, new best FoM : 0.011503054492092546
06/05/2022 11:41:44.865 - oc_logger - INFO - Function evaluation number: 123, SI: 1, Sub-iteration number: 67, FoM: 0.011503054492092546
06/05/2022 11:41:45.201 - oc_logger - INFO - New record achieved. Previous FoM: 0.011503054492092546, new best FoM : 0.011463847018911677
06/05/2022 11:41:45.202 - oc_logger - INFO - Function evaluation number: 124, SI: 1, Sub-iteration number: 67, FoM: 0.011463847018911677
06/05/2022 11:41:45.545 - oc_logger - INFO - Function evaluation number: 125, SI: 1, Sub-iteration number: 68, FoM: 0.011475171907508463
06/05/2022 11:41:45.883 - oc_logger - INFO - Function evaluation number: 126, SI: 1, Sub-iteration number: 69, FoM: 0.011872766879025054
06/05/2022 11:41:46.224 - oc_logger - INFO - Function evaluation number: 127, SI: 1, Sub-iteration number: 69, FoM: 0.011620230465162584
06/05/2022 11:41:46.484 - oc_logger - INFO - Function evaluation number: 128, SI: 1, Sub-iteration number: 70, FoM: 0.01212558678347897
06/05/2022 11:41:46.717 - oc_logger - INFO - Function evaluation number: 129, SI: 1, Sub-iteration number: 70, FoM: 0.01170618577524607
06/05/2022 11:41:47.011 - oc_logger - INFO - New record achieved. Previous FoM: 0.011463847018911677, new best FoM : 0.011430882534168463
06/05/2022 11:41:47.011 - oc_logger - INFO - Function evaluation number: 130, SI: 1, Sub-iteration number: 71, FoM: 0.011430882534168463
06/05/2022 11:41:47.304 - oc_logger - INFO - New record achieved. Previous FoM: 0.011430882534168463, new best FoM : 0.011398130489820302
06/05/2022 11:41:47.304 - oc_logger - INFO - Function evaluation number: 131, SI: 1, Sub-iteration number: 71, FoM: 0.011398130489820302
06/05/2022 11:41:47.647 - oc_logger - INFO - New record achieved. Previous FoM: 0.011398130489820302, new best FoM : 0.011201065010485123
06/05/2022 11:41:47.648 - oc_logger - INFO - Function evaluation number: 132, SI: 1, Sub-iteration number: 72, FoM: 0.011201065010485123
06/05/2022 11:41:47.927 - oc_logger - INFO - New record achieved. Previous FoM: 0.011201065010485123, new best FoM : 0.011157578298367055
06/05/2022 11:41:47.927 - oc_logger - INFO - Function evaluation number: 133, SI: 1, Sub-iteration number: 72, FoM: 0.011157578298367055
06/05/2022 11:41:48.193 - oc_logger - INFO - Function evaluation number: 134, SI: 1, Sub-iteration number: 73, FoM: 0.011530536736359065
06/05/2022 11:41:48.533 - oc_logger - INFO - Function evaluation number: 135, SI: 1, Sub-iteration number: 74, FoM: 0.011200804460681613
06/05/2022 11:41:48.870 - oc_logger - INFO - Function evaluation number: 136, SI: 1, Sub-iteration number: 75, FoM: 0.011519783515021587
06/05/2022 11:41:49.152 - oc_logger - INFO - Function evaluation number: 137, SI: 1, Sub-iteration number: 76, FoM: 0.011252170723750177
06/05/2022 11:41:49.431 - oc_logger - INFO - Function evaluation number: 138, SI: 1, Sub-iteration number: 77, FoM: 0.011322033119577024
06/05/2022 11:41:49.709 - oc_logger - INFO - New record achieved. Previous FoM: 0.011157578298367055, new best FoM : 0.01112981777445543
06/05/2022 11:41:49.709 - oc_logger - INFO - Function evaluation number: 139, SI: 1, Sub-iteration number: 78, FoM: 0.01112981777445543
06/05/2022 11:41:50.045 - oc_logger - INFO - New record achieved. Previous FoM: 0.01112981777445543, new best FoM : 0.01111730558598556
06/05/2022 11:41:50.045 - oc_logger - INFO - Function evaluation number: 140, SI: 1, Sub-iteration number: 78, FoM: 0.01111730558598556
06/05/2022 11:41:50.383 - oc_logger - INFO - Function evaluation number: 141, SI: 1, Sub-iteration number: 79, FoM: 0.011155940341752602
06/05/2022 11:41:50.620 - oc_logger - INFO - New record achieved. Previous FoM: 0.01111730558598556, new best FoM : 0.011050444307121321
06/05/2022 11:41:50.621 - oc_logger - INFO - Function evaluation number: 142, SI: 1, Sub-iteration number: 80, FoM: 0.011050444307121321
06/05/2022 11:41:50.889 - oc_logger - INFO - New record achieved. Previous FoM: 0.011050444307121321, new best FoM : 0.011045687390379033
06/05/2022 11:41:50.889 - oc_logger - INFO - Function evaluation number: 143, SI: 1, Sub-iteration number: 80, FoM: 0.011045687390379033
06/05/2022 11:41:51.227 - oc_logger - INFO - New record achieved. Previous FoM: 0.011045687390379033, new best FoM : 0.010868404307965873
06/05/2022 11:41:51.228 - oc_logger - INFO - Function evaluation number: 144, SI: 1, Sub-iteration number: 81, FoM: 0.010868404307965873
06/05/2022 11:41:51.485 - oc_logger - INFO - New record achieved. Previous FoM: 0.010868404307965873, new best FoM : 0.010790406998372415
06/05/2022 11:41:51.485 - oc_logger - INFO - Function evaluation number: 145, SI: 1, Sub-iteration number: 81, FoM: 0.010790406998372415
06/05/2022 11:41:51.780 - oc_logger - INFO - Function evaluation number: 146, SI: 1, Sub-iteration number: 82, FoM: 0.010816368179598856
06/05/2022 11:41:52.069 - oc_logger - INFO - Function evaluation number: 147, SI: 1, Sub-iteration number: 83, FoM: 0.011506275642145236
06/05/2022 11:41:52.338 - oc_logger - INFO - Function evaluation number: 148, SI: 1, Sub-iteration number: 83, FoM: 0.011205334658215382
06/05/2022 11:41:52.577 - oc_logger - INFO - Function evaluation number: 149, SI: 1, Sub-iteration number: 84, FoM: 0.011241293432414423
06/05/2022 11:41:52.840 - oc_logger - INFO - Function evaluation number: 150, SI: 1, Sub-iteration number: 84, FoM: 0.011105921370165084
06/05/2022 11:41:53.175 - oc_logger - INFO - Function evaluation number: 151, SI: 1, Sub-iteration number: 85, FoM: 0.01144557048174899
06/05/2022 11:41:53.623 - oc_logger - INFO - Function evaluation number: 152, SI: 1, Sub-iteration number: 85, FoM: 0.01112306395447249
06/05/2022 11:41:53.991 - oc_logger - INFO - Function evaluation number: 153, SI: 1, Sub-iteration number: 86, FoM: 0.010886864105694616
06/05/2022 11:41:54.301 - oc_logger - INFO - Function evaluation number: 154, SI: 1, Sub-iteration number: 87, FoM: 0.010856235793596847
06/05/2022 11:41:54.641 - oc_logger - INFO - New record achieved. Previous FoM: 0.010790406998372415, new best FoM : 0.010742650396860842
06/05/2022 11:41:54.641 - oc_logger - INFO - Function evaluation number: 155, SI: 1, Sub-iteration number: 88, FoM: 0.010742650396860842
06/05/2022 11:41:54.933 - oc_logger - INFO - New record achieved. Previous FoM: 0.010742650396860842, new best FoM : 0.010674183745910892
06/05/2022 11:41:54.933 - oc_logger - INFO - Function evaluation number: 156, SI: 1, Sub-iteration number: 88, FoM: 0.010674183745910892
06/05/2022 11:41:55.164 - oc_logger - INFO - Function evaluation number: 157, SI: 1, Sub-iteration number: 89, FoM: 0.010795741521664293
06/05/2022 11:41:55.400 - oc_logger - INFO - New record achieved. Previous FoM: 0.010674183745910892, new best FoM : 0.010624573727772257
06/05/2022 11:41:55.400 - oc_logger - INFO - Function evaluation number: 158, SI: 1, Sub-iteration number: 90, FoM: 0.010624573727772257
06/05/2022 11:41:55.646 - oc_logger - INFO - New record achieved. Previous FoM: 0.010624573727772257, new best FoM : 0.010557051957082897
06/05/2022 11:41:55.646 - oc_logger - INFO - Function evaluation number: 159, SI: 1, Sub-iteration number: 90, FoM: 0.010557051957082897
06/05/2022 11:41:55.991 - oc_logger - INFO - New record achieved. Previous FoM: 0.010557051957082897, new best FoM : 0.010540188940615147
06/05/2022 11:41:55.992 - oc_logger - INFO - Function evaluation number: 160, SI: 1, Sub-iteration number: 91, FoM: 0.010540188940615147
06/05/2022 11:41:56.336 - oc_logger - INFO - New record achieved. Previous FoM: 0.010540188940615147, new best FoM : 0.010471271811496319
06/05/2022 11:41:56.337 - oc_logger - INFO - Function evaluation number: 161, SI: 1, Sub-iteration number: 91, FoM: 0.010471271811496319
06/05/2022 11:41:56.690 - oc_logger - INFO - New record achieved. Previous FoM: 0.010471271811496319, new best FoM : 0.010439934380408467
06/05/2022 11:41:56.690 - oc_logger - INFO - Function evaluation number: 162, SI: 1, Sub-iteration number: 92, FoM: 0.010439934380408467
06/05/2022 11:41:57.041 - oc_logger - INFO - New record achieved. Previous FoM: 0.010439934380408467, new best FoM : 0.010356367011093437
06/05/2022 11:41:57.041 - oc_logger - INFO - Function evaluation number: 163, SI: 1, Sub-iteration number: 92, FoM: 0.010356367011093437
06/05/2022 11:41:57.386 - oc_logger - INFO - Function evaluation number: 164, SI: 1, Sub-iteration number: 93, FoM: 0.010390195344779585
06/05/2022 11:41:57.731 - oc_logger - INFO - New record achieved. Previous FoM: 0.010356367011093437, new best FoM : 0.010331226195625653
06/05/2022 11:41:57.731 - oc_logger - INFO - Function evaluation number: 165, SI: 1, Sub-iteration number: 94, FoM: 0.010331226195625653
06/05/2022 11:41:58.065 - oc_logger - INFO - New record achieved. Previous FoM: 0.010331226195625653, new best FoM : 0.01027347230743092
06/05/2022 11:41:58.065 - oc_logger - INFO - Function evaluation number: 166, SI: 1, Sub-iteration number: 94, FoM: 0.01027347230743092
06/05/2022 11:41:58.396 - oc_logger - INFO - New record achieved. Previous FoM: 0.01027347230743092, new best FoM : 0.010118820234850556
06/05/2022 11:41:58.396 - oc_logger - INFO - Function evaluation number: 167, SI: 1, Sub-iteration number: 95, FoM: 0.010118820234850556
06/05/2022 11:41:58.685 - oc_logger - INFO - New record achieved. Previous FoM: 0.010118820234850556, new best FoM : 0.010026007983517937
06/05/2022 11:41:58.685 - oc_logger - INFO - Function evaluation number: 168, SI: 1, Sub-iteration number: 95, FoM: 0.010026007983517937
06/05/2022 11:41:59.014 - oc_logger - INFO - Function evaluation number: 169, SI: 1, Sub-iteration number: 96, FoM: 0.010133924547887752
06/05/2022 11:41:59.442 - oc_logger - INFO - New record achieved. Previous FoM: 0.010026007983517937, new best FoM : 0.009876430420939553
06/05/2022 11:41:59.442 - oc_logger - INFO - Function evaluation number: 170, SI: 1, Sub-iteration number: 97, FoM: 0.009876430420939553
06/05/2022 11:41:59.870 - oc_logger - INFO - New record achieved. Previous FoM: 0.009876430420939553, new best FoM : 0.009776935681799381
06/05/2022 11:41:59.870 - oc_logger - INFO - Function evaluation number: 171, SI: 1, Sub-iteration number: 97, FoM: 0.009776935681799381
06/05/2022 11:42:00.211 - oc_logger - INFO - Function evaluation number: 172, SI: 1, Sub-iteration number: 98, FoM: 0.009829254209493432
06/05/2022 11:42:00.500 - oc_logger - INFO - Function evaluation number: 173, SI: 1, Sub-iteration number: 99, FoM: 0.009795687475677717
06/05/2022 11:42:00.810 - oc_logger - INFO - New record achieved. Previous FoM: 0.009776935681799381, new best FoM : 0.009721793059417227
06/05/2022 11:42:00.810 - oc_logger - INFO - Function evaluation number: 174, SI: 1, Sub-iteration number: 100, FoM: 0.009721793059417227
06/05/2022 11:42:01.064 - oc_logger - INFO - New record achieved. Previous FoM: 0.009721793059417227, new best FoM : 0.009659998467116515
06/05/2022 11:42:01.064 - oc_logger - INFO - Function evaluation number: 175, SI: 1, Sub-iteration number: 100, FoM: 0.009659998467116515
06/05/2022 11:42:01.468 - oc_logger - INFO - Function evaluation number: 176, SI: 1, Sub-iteration number: 101, FoM: 0.009674821587105309
06/05/2022 11:42:01.719 - oc_logger - INFO - New record achieved. Previous FoM: 0.009659998467116515, new best FoM : 0.009412808520747218
06/05/2022 11:42:01.719 - oc_logger - INFO - Function evaluation number: 177, SI: 1, Sub-iteration number: 102, FoM: 0.009412808520747218
06/05/2022 11:42:01.980 - oc_logger - INFO - New record achieved. Previous FoM: 0.009412808520747218, new best FoM : 0.009309576354237015
06/05/2022 11:42:01.980 - oc_logger - INFO - Function evaluation number: 178, SI: 1, Sub-iteration number: 102, FoM: 0.009309576354237015
06/05/2022 11:42:02.234 - oc_logger - INFO - Function evaluation number: 179, SI: 1, Sub-iteration number: 103, FoM: 0.00934303058177699
06/05/2022 11:42:02.528 - oc_logger - INFO - New record achieved. Previous FoM: 0.009309576354237015, new best FoM : 0.009241011742505245
06/05/2022 11:42:02.528 - oc_logger - INFO - Function evaluation number: 180, SI: 1, Sub-iteration number: 104, FoM: 0.009241011742505245
06/05/2022 11:42:02.792 - oc_logger - INFO - New record achieved. Previous FoM: 0.009241011742505245, new best FoM : 0.009149398508289108
06/05/2022 11:42:02.792 - oc_logger - INFO - Function evaluation number: 181, SI: 1, Sub-iteration number: 104, FoM: 0.009149398508289108
06/05/2022 11:42:03.043 - oc_logger - INFO - Function evaluation number: 182, SI: 1, Sub-iteration number: 105, FoM: 0.009176319070930306
06/05/2022 11:42:03.373 - oc_logger - INFO - New record achieved. Previous FoM: 0.009149398508289108, new best FoM : 0.00912248158478235
06/05/2022 11:42:03.373 - oc_logger - INFO - Function evaluation number: 183, SI: 1, Sub-iteration number: 106, FoM: 0.00912248158478235
06/05/2022 11:42:03.733 - oc_logger - INFO - New record achieved. Previous FoM: 0.00912248158478235, new best FoM : 0.009039442873664316
06/05/2022 11:42:03.733 - oc_logger - INFO - Function evaluation number: 184, SI: 1, Sub-iteration number: 106, FoM: 0.009039442873664316
06/05/2022 11:42:04.074 - oc_logger - INFO - New record achieved. Previous FoM: 0.009039442873664316, new best FoM : 0.008906095746727627
06/05/2022 11:42:04.075 - oc_logger - INFO - Function evaluation number: 185, SI: 1, Sub-iteration number: 107, FoM: 0.008906095746727627
06/05/2022 11:42:04.411 - oc_logger - INFO - New record achieved. Previous FoM: 0.008906095746727627, new best FoM : 0.008791848773166633
06/05/2022 11:42:04.411 - oc_logger - INFO - Function evaluation number: 186, SI: 1, Sub-iteration number: 107, FoM: 0.008791848773166633
06/05/2022 11:42:04.753 - oc_logger - INFO - Function evaluation number: 187, SI: 1, Sub-iteration number: 108, FoM: 0.00879419369295742
06/05/2022 11:42:05.081 - oc_logger - INFO - New record achieved. Previous FoM: 0.008791848773166633, new best FoM : 0.008660721168231023
06/05/2022 11:42:05.082 - oc_logger - INFO - Function evaluation number: 188, SI: 1, Sub-iteration number: 109, FoM: 0.008660721168231023
06/05/2022 11:42:05.328 - oc_logger - INFO - New record achieved. Previous FoM: 0.008660721168231023, new best FoM : 0.008546349194766156
06/05/2022 11:42:05.329 - oc_logger - INFO - Function evaluation number: 189, SI: 1, Sub-iteration number: 109, FoM: 0.008546349194766156
06/05/2022 11:42:05.611 - oc_logger - INFO - New record achieved. Previous FoM: 0.008546349194766156, new best FoM : 0.00849546578571192
06/05/2022 11:42:05.611 - oc_logger - INFO - Function evaluation number: 190, SI: 1, Sub-iteration number: 110, FoM: 0.00849546578571192
06/05/2022 11:42:05.948 - oc_logger - INFO - New record achieved. Previous FoM: 0.00849546578571192, new best FoM : 0.008407961441613265
06/05/2022 11:42:05.948 - oc_logger - INFO - Function evaluation number: 191, SI: 1, Sub-iteration number: 110, FoM: 0.008407961441613265
06/05/2022 11:42:06.468 - oc_logger - INFO - New record achieved. Previous FoM: 0.008407961441613265, new best FoM : 0.0083934099609706
06/05/2022 11:42:06.468 - oc_logger - INFO - Function evaluation number: 192, SI: 1, Sub-iteration number: 111, FoM: 0.0083934099609706
06/05/2022 11:42:06.784 - oc_logger - INFO - New record achieved. Previous FoM: 0.0083934099609706, new best FoM : 0.008259957289801001
06/05/2022 11:42:06.784 - oc_logger - INFO - Function evaluation number: 193, SI: 1, Sub-iteration number: 111, FoM: 0.008259957289801001
06/05/2022 11:42:07.093 - oc_logger - INFO - New record achieved. Previous FoM: 0.008259957289801001, new best FoM : 0.008223511294157104
06/05/2022 11:42:07.093 - oc_logger - INFO - Function evaluation number: 194, SI: 1, Sub-iteration number: 112, FoM: 0.008223511294157104
06/05/2022 11:42:07.521 - oc_logger - INFO - New record achieved. Previous FoM: 0.008223511294157104, new best FoM : 0.008085931352658005
06/05/2022 11:42:07.521 - oc_logger - INFO - Function evaluation number: 195, SI: 1, Sub-iteration number: 112, FoM: 0.008085931352658005
06/05/2022 11:42:08.077 - oc_logger - INFO - New record achieved. Previous FoM: 0.008085931352658005, new best FoM : 0.008049240204522468
06/05/2022 11:42:08.077 - oc_logger - INFO - Function evaluation number: 196, SI: 1, Sub-iteration number: 113, FoM: 0.008049240204522468
06/05/2022 11:42:08.340 - oc_logger - INFO - New record achieved. Previous FoM: 0.008049240204522468, new best FoM : 0.007929694440049317
06/05/2022 11:42:08.340 - oc_logger - INFO - Function evaluation number: 197, SI: 1, Sub-iteration number: 113, FoM: 0.007929694440049317
06/05/2022 11:42:08.653 - oc_logger - INFO - New record achieved. Previous FoM: 0.007929694440049317, new best FoM : 0.007768945484074363
06/05/2022 11:42:08.653 - oc_logger - INFO - Function evaluation number: 198, SI: 1, Sub-iteration number: 114, FoM: 0.007768945484074363
06/05/2022 11:42:08.989 - oc_logger - INFO - New record achieved. Previous FoM: 0.007768945484074363, new best FoM : 0.00759425641260103
06/05/2022 11:42:08.989 - oc_logger - INFO - Function evaluation number: 199, SI: 1, Sub-iteration number: 114, FoM: 0.00759425641260103
06/05/2022 11:42:09.308 - oc_logger - INFO - Function evaluation number: 200, SI: 1, Sub-iteration number: 115, FoM: 0.007640995164393649
06/05/2022 11:42:09.647 - oc_logger - INFO - Function evaluation number: 201, SI: 1, Sub-iteration number: 116, FoM: 0.007689746434567324
06/05/2022 11:42:09.987 - oc_logger - INFO - New record achieved. Previous FoM: 0.00759425641260103, new best FoM : 0.0073249870422980035
06/05/2022 11:42:09.987 - oc_logger - INFO - Function evaluation number: 202, SI: 1, Sub-iteration number: 117, FoM: 0.0073249870422980035
06/05/2022 11:42:10.357 - oc_logger - INFO - New record achieved. Previous FoM: 0.0073249870422980035, new best FoM : 0.007183311076992105
06/05/2022 11:42:10.357 - oc_logger - INFO - Function evaluation number: 203, SI: 1, Sub-iteration number: 117, FoM: 0.007183311076992105
06/05/2022 11:42:10.732 - oc_logger - INFO - Function evaluation number: 204, SI: 1, Sub-iteration number: 118, FoM: 0.007197455631766547
06/05/2022 11:42:11.115 - oc_logger - INFO - New record achieved. Previous FoM: 0.007183311076992105, new best FoM : 0.007005759254906541
06/05/2022 11:42:11.115 - oc_logger - INFO - Function evaluation number: 205, SI: 1, Sub-iteration number: 119, FoM: 0.007005759254906541
06/05/2022 11:42:11.456 - oc_logger - INFO - New record achieved. Previous FoM: 0.007005759254906541, new best FoM : 0.006872484051344552
06/05/2022 11:42:11.456 - oc_logger - INFO - Function evaluation number: 206, SI: 1, Sub-iteration number: 119, FoM: 0.006872484051344552
06/05/2022 11:42:11.800 - oc_logger - INFO - Function evaluation number: 207, SI: 1, Sub-iteration number: 120, FoM: 0.007010369061617228
06/05/2022 11:42:12.140 - oc_logger - INFO - New record achieved. Previous FoM: 0.006872484051344552, new best FoM : 0.006834327665784845
06/05/2022 11:42:12.141 - oc_logger - INFO - Function evaluation number: 208, SI: 1, Sub-iteration number: 121, FoM: 0.006834327665784845
06/05/2022 11:42:12.450 - oc_logger - INFO - New record achieved. Previous FoM: 0.006834327665784845, new best FoM : 0.006743944815211456
06/05/2022 11:42:12.450 - oc_logger - INFO - Function evaluation number: 209, SI: 1, Sub-iteration number: 121, FoM: 0.006743944815211456
06/05/2022 11:42:12.687 - oc_logger - INFO - New record achieved. Previous FoM: 0.006743944815211456, new best FoM : 0.006607993155468006
06/05/2022 11:42:12.687 - oc_logger - INFO - Function evaluation number: 210, SI: 1, Sub-iteration number: 122, FoM: 0.006607993155468006
06/05/2022 11:42:13.040 - oc_logger - INFO - New record achieved. Previous FoM: 0.006607993155468006, new best FoM : 0.006503353133150203
06/05/2022 11:42:13.040 - oc_logger - INFO - Function evaluation number: 211, SI: 1, Sub-iteration number: 122, FoM: 0.006503353133150203
06/05/2022 11:42:13.325 - oc_logger - INFO - Function evaluation number: 212, SI: 1, Sub-iteration number: 123, FoM: 0.006578116742515405
06/05/2022 11:42:13.662 - oc_logger - INFO - New record achieved. Previous FoM: 0.006503353133150203, new best FoM : 0.006359553750561631
06/05/2022 11:42:13.662 - oc_logger - INFO - Function evaluation number: 213, SI: 1, Sub-iteration number: 124, FoM: 0.006359553750561631
06/05/2022 11:42:14.003 - oc_logger - INFO - New record achieved. Previous FoM: 0.006359553750561631, new best FoM : 0.006273928436790865
06/05/2022 11:42:14.003 - oc_logger - INFO - Function evaluation number: 214, SI: 1, Sub-iteration number: 124, FoM: 0.006273928436790865
06/05/2022 11:42:14.263 - oc_logger - INFO - Function evaluation number: 215, SI: 1, Sub-iteration number: 125, FoM: 0.0064241440113299575
06/05/2022 11:42:14.498 - oc_logger - INFO - Function evaluation number: 216, SI: 1, Sub-iteration number: 126, FoM: 0.006415868977634576
06/05/2022 11:42:14.809 - oc_logger - INFO - Function evaluation number: 217, SI: 1, Sub-iteration number: 127, FoM: 0.006404764243500449
06/05/2022 11:42:15.045 - oc_logger - INFO - New record achieved. Previous FoM: 0.006273928436790865, new best FoM : 0.006232612536855808
06/05/2022 11:42:15.045 - oc_logger - INFO - Function evaluation number: 218, SI: 1, Sub-iteration number: 128, FoM: 0.006232612536855808
06/05/2022 11:42:15.298 - oc_logger - INFO - New record achieved. Previous FoM: 0.006232612536855808, new best FoM : 0.0062170666771447225
06/05/2022 11:42:15.298 - oc_logger - INFO - Function evaluation number: 219, SI: 1, Sub-iteration number: 128, FoM: 0.0062170666771447225
06/05/2022 11:42:15.632 - oc_logger - INFO - Function evaluation number: 220, SI: 1, Sub-iteration number: 129, FoM: 0.0062577248029381805
06/05/2022 11:42:15.970 - oc_logger - INFO - New record achieved. Previous FoM: 0.0062170666771447225, new best FoM : 0.006131467770358778
06/05/2022 11:42:15.970 - oc_logger - INFO - Function evaluation number: 221, SI: 1, Sub-iteration number: 130, FoM: 0.006131467770358778
06/05/2022 11:42:16.254 - oc_logger - INFO - New record achieved. Previous FoM: 0.006131467770358778, new best FoM : 0.006104706365696044
06/05/2022 11:42:16.254 - oc_logger - INFO - Function evaluation number: 222, SI: 1, Sub-iteration number: 130, FoM: 0.006104706365696044
06/05/2022 11:42:16.664 - oc_logger - INFO - Function evaluation number: 223, SI: 1, Sub-iteration number: 131, FoM: 0.006280220890328869
06/05/2022 11:42:17.102 - oc_logger - INFO - Function evaluation number: 224, SI: 1, Sub-iteration number: 132, FoM: 0.006383888589419295
06/05/2022 11:42:17.510 - oc_logger - INFO - Function evaluation number: 225, SI: 1, Sub-iteration number: 133, FoM: 0.00618162835190772
06/05/2022 11:42:17.926 - oc_logger - INFO - New record achieved. Previous FoM: 0.006104706365696044, new best FoM : 0.0060905298995989066
06/05/2022 11:42:17.926 - oc_logger - INFO - Function evaluation number: 226, SI: 1, Sub-iteration number: 134, FoM: 0.0060905298995989066
06/05/2022 11:42:18.263 - oc_logger - INFO - New record achieved. Previous FoM: 0.0060905298995989066, new best FoM : 0.006056799351613407
06/05/2022 11:42:18.263 - oc_logger - INFO - Function evaluation number: 227, SI: 1, Sub-iteration number: 134, FoM: 0.006056799351613407
06/05/2022 11:42:18.604 - oc_logger - INFO - New record achieved. Previous FoM: 0.006056799351613407, new best FoM : 0.006048714337917094
06/05/2022 11:42:18.604 - oc_logger - INFO - Function evaluation number: 228, SI: 1, Sub-iteration number: 135, FoM: 0.006048714337917094
06/05/2022 11:42:18.944 - oc_logger - INFO - New record achieved. Previous FoM: 0.006048714337917094, new best FoM : 0.006013598217414873
06/05/2022 11:42:18.944 - oc_logger - INFO - Function evaluation number: 229, SI: 1, Sub-iteration number: 135, FoM: 0.006013598217414873
06/05/2022 11:42:19.264 - oc_logger - INFO - New record achieved. Previous FoM: 0.006013598217414873, new best FoM : 0.005988523241306165
06/05/2022 11:42:19.264 - oc_logger - INFO - Function evaluation number: 230, SI: 1, Sub-iteration number: 136, FoM: 0.005988523241306165
06/05/2022 11:42:19.511 - oc_logger - INFO - New record achieved. Previous FoM: 0.005988523241306165, new best FoM : 0.00596433378486394
06/05/2022 11:42:19.511 - oc_logger - INFO - Function evaluation number: 231, SI: 1, Sub-iteration number: 136, FoM: 0.00596433378486394
06/05/2022 11:42:19.852 - oc_logger - INFO - Function evaluation number: 232, SI: 1, Sub-iteration number: 137, FoM: 0.005997380918203121
06/05/2022 11:42:20.194 - oc_logger - INFO - Function evaluation number: 233, SI: 1, Sub-iteration number: 138, FoM: 0.005993505397321575
06/05/2022 11:42:20.546 - oc_logger - INFO - New record achieved. Previous FoM: 0.00596433378486394, new best FoM : 0.005923678265815746
06/05/2022 11:42:20.546 - oc_logger - INFO - Function evaluation number: 234, SI: 1, Sub-iteration number: 139, FoM: 0.005923678265815746
06/05/2022 11:42:20.937 - oc_logger - INFO - New record achieved. Previous FoM: 0.005923678265815746, new best FoM : 0.005890673599102891
06/05/2022 11:42:20.937 - oc_logger - INFO - Function evaluation number: 235, SI: 1, Sub-iteration number: 139, FoM: 0.005890673599102891
06/05/2022 11:42:21.324 - oc_logger - INFO - New record achieved. Previous FoM: 0.005890673599102891, new best FoM : 0.00586397528112903
06/05/2022 11:42:21.324 - oc_logger - INFO - Function evaluation number: 236, SI: 1, Sub-iteration number: 140, FoM: 0.00586397528112903
06/05/2022 11:42:21.723 - oc_logger - INFO - New record achieved. Previous FoM: 0.00586397528112903, new best FoM : 0.005822700798274405
06/05/2022 11:42:21.723 - oc_logger - INFO - Function evaluation number: 237, SI: 1, Sub-iteration number: 140, FoM: 0.005822700798274405
06/05/2022 11:42:21.959 - oc_logger - INFO - New record achieved. Previous FoM: 0.005822700798274405, new best FoM : 0.00579707042731592
06/05/2022 11:42:21.959 - oc_logger - INFO - Function evaluation number: 238, SI: 1, Sub-iteration number: 141, FoM: 0.00579707042731592
06/05/2022 11:42:22.242 - oc_logger - INFO - New record achieved. Previous FoM: 0.00579707042731592, new best FoM : 0.005751073962450559
06/05/2022 11:42:22.242 - oc_logger - INFO - Function evaluation number: 239, SI: 1, Sub-iteration number: 141, FoM: 0.005751073962450559
06/05/2022 11:42:22.631 - oc_logger - INFO - New record achieved. Previous FoM: 0.005751073962450559, new best FoM : 0.005744305796429927
06/05/2022 11:42:22.631 - oc_logger - INFO - Function evaluation number: 240, SI: 1, Sub-iteration number: 142, FoM: 0.005744305796429927
06/05/2022 11:42:23.031 - oc_logger - INFO - New record achieved. Previous FoM: 0.005744305796429927, new best FoM : 0.005711709005969401
06/05/2022 11:42:23.031 - oc_logger - INFO - Function evaluation number: 241, SI: 1, Sub-iteration number: 142, FoM: 0.005711709005969401
06/05/2022 11:42:23.406 - oc_logger - INFO - New record achieved. Previous FoM: 0.005711709005969401, new best FoM : 0.0056907796938516775
06/05/2022 11:42:23.406 - oc_logger - INFO - Function evaluation number: 242, SI: 1, Sub-iteration number: 143, FoM: 0.0056907796938516775
06/05/2022 11:42:23.790 - oc_logger - INFO - New record achieved. Previous FoM: 0.0056907796938516775, new best FoM : 0.005666986230520421
06/05/2022 11:42:23.790 - oc_logger - INFO - Function evaluation number: 243, SI: 1, Sub-iteration number: 143, FoM: 0.005666986230520421
06/05/2022 11:42:24.148 - oc_logger - INFO - Function evaluation number: 244, SI: 1, Sub-iteration number: 144, FoM: 0.005677787577938576
06/05/2022 11:42:24.484 - oc_logger - INFO - New record achieved. Previous FoM: 0.005666986230520421, new best FoM : 0.005629010951758717
06/05/2022 11:42:24.485 - oc_logger - INFO - Function evaluation number: 245, SI: 1, Sub-iteration number: 145, FoM: 0.005629010951758717
06/05/2022 11:42:24.852 - oc_logger - INFO - New record achieved. Previous FoM: 0.005629010951758717, new best FoM : 0.005602553554299838
06/05/2022 11:42:24.852 - oc_logger - INFO - Function evaluation number: 246, SI: 1, Sub-iteration number: 145, FoM: 0.005602553554299838
06/05/2022 11:42:25.214 - oc_logger - INFO - Function evaluation number: 247, SI: 1, Sub-iteration number: 146, FoM: 0.00561916490586134
06/05/2022 11:42:25.436 - oc_logger - INFO - New record achieved. Previous FoM: 0.005602553554299838, new best FoM : 0.005502681215016847
06/05/2022 11:42:25.436 - oc_logger - INFO - Function evaluation number: 248, SI: 1, Sub-iteration number: 147, FoM: 0.005502681215016847
06/05/2022 11:42:25.677 - oc_logger - INFO - New record achieved. Previous FoM: 0.005502681215016847, new best FoM : 0.005469073911191447
06/05/2022 11:42:25.677 - oc_logger - INFO - Function evaluation number: 249, SI: 1, Sub-iteration number: 147, FoM: 0.005469073911191447
06/05/2022 11:42:26.016 - oc_logger - INFO - Function evaluation number: 250, SI: 1, Sub-iteration number: 148, FoM: 0.005623913934860281
06/05/2022 11:42:26.356 - oc_logger - INFO - Function evaluation number: 251, SI: 1, Sub-iteration number: 149, FoM: 0.00552783725577255
06/05/2022 11:42:26.695 - oc_logger - INFO - Function evaluation number: 252, SI: 1, Sub-iteration number: 150, FoM: 0.005532474163348677
06/05/2022 11:42:27.034 - oc_logger - INFO - Function evaluation number: 253, SI: 1, Sub-iteration number: 151, FoM: 0.005482499255082485
06/05/2022 11:42:27.308 - oc_logger - INFO - Function evaluation number: 254, SI: 1, Sub-iteration number: 152, FoM: 0.005485394600368232
06/05/2022 11:42:27.620 - oc_logger - INFO - New record achieved. Previous FoM: 0.005469073911191447, new best FoM : 0.005428165419145925
06/05/2022 11:42:27.620 - oc_logger - INFO - Function evaluation number: 255, SI: 1, Sub-iteration number: 153, FoM: 0.005428165419145925
06/05/2022 11:42:27.962 - oc_logger - INFO - New record achieved. Previous FoM: 0.005428165419145925, new best FoM : 0.005410407690349506
06/05/2022 11:42:27.962 - oc_logger - INFO - Function evaluation number: 256, SI: 1, Sub-iteration number: 153, FoM: 0.005410407690349506
06/05/2022 11:42:28.291 - oc_logger - INFO - New record achieved. Previous FoM: 0.005410407690349506, new best FoM : 0.005375994226611058
06/05/2022 11:42:28.291 - oc_logger - INFO - Function evaluation number: 257, SI: 1, Sub-iteration number: 154, FoM: 0.005375994226611058
06/05/2022 11:42:28.625 - oc_logger - INFO - New record achieved. Previous FoM: 0.005375994226611058, new best FoM : 0.005353134027974327
06/05/2022 11:42:28.626 - oc_logger - INFO - Function evaluation number: 258, SI: 1, Sub-iteration number: 154, FoM: 0.005353134027974327
06/05/2022 11:42:28.844 - oc_logger - INFO - Function evaluation number: 259, SI: 1, Sub-iteration number: 155, FoM: 0.005359093602829379
06/05/2022 11:42:29.100 - oc_logger - INFO - Function evaluation number: 260, SI: 1, Sub-iteration number: 156, FoM: 0.005404158498465428
06/05/2022 11:42:29.444 - oc_logger - INFO - New record achieved. Previous FoM: 0.005353134027974327, new best FoM : 0.005330815843630599
06/05/2022 11:42:29.444 - oc_logger - INFO - Function evaluation number: 261, SI: 1, Sub-iteration number: 157, FoM: 0.005330815843630599
06/05/2022 11:42:29.665 - oc_logger - INFO - New record achieved. Previous FoM: 0.005330815843630599, new best FoM : 0.0053162086707719824
06/05/2022 11:42:29.665 - oc_logger - INFO - Function evaluation number: 262, SI: 1, Sub-iteration number: 157, FoM: 0.0053162086707719824
06/05/2022 11:42:29.934 - oc_logger - INFO - New record achieved. Previous FoM: 0.0053162086707719824, new best FoM : 0.005276402298034943
06/05/2022 11:42:29.934 - oc_logger - INFO - Function evaluation number: 263, SI: 1, Sub-iteration number: 158, FoM: 0.005276402298034943
06/05/2022 11:42:30.234 - oc_logger - INFO - New record achieved. Previous FoM: 0.005276402298034943, new best FoM : 0.005261152937029334
06/05/2022 11:42:30.234 - oc_logger - INFO - Function evaluation number: 264, SI: 1, Sub-iteration number: 158, FoM: 0.005261152937029334
06/05/2022 11:42:30.518 - oc_logger - INFO - Function evaluation number: 265, SI: 1, Sub-iteration number: 159, FoM: 0.005284742785937491
06/05/2022 11:42:30.860 - oc_logger - INFO - New record achieved. Previous FoM: 0.005261152937029334, new best FoM : 0.00520537286403433
06/05/2022 11:42:30.860 - oc_logger - INFO - Function evaluation number: 266, SI: 1, Sub-iteration number: 160, FoM: 0.00520537286403433
06/05/2022 11:42:31.228 - oc_logger - INFO - New record achieved. Previous FoM: 0.00520537286403433, new best FoM : 0.005180872671918468
06/05/2022 11:42:31.229 - oc_logger - INFO - Function evaluation number: 267, SI: 1, Sub-iteration number: 160, FoM: 0.005180872671918468
06/05/2022 11:42:31.567 - oc_logger - INFO - Function evaluation number: 268, SI: 1, Sub-iteration number: 161, FoM: 0.0052261609349079086
06/05/2022 11:42:31.905 - oc_logger - INFO - Function evaluation number: 269, SI: 1, Sub-iteration number: 162, FoM: 0.00525121797724748
06/05/2022 11:42:32.245 - oc_logger - INFO - Function evaluation number: 270, SI: 1, Sub-iteration number: 163, FoM: 0.005275138961725934
06/05/2022 11:42:32.512 - oc_logger - INFO - Function evaluation number: 271, SI: 1, Sub-iteration number: 164, FoM: 0.00522272175356564
06/05/2022 11:42:32.851 - oc_logger - INFO - New record achieved. Previous FoM: 0.005180872671918468, new best FoM : 0.005174112073208059
06/05/2022 11:42:32.851 - oc_logger - INFO - Function evaluation number: 272, SI: 1, Sub-iteration number: 165, FoM: 0.005174112073208059
06/05/2022 11:42:33.125 - oc_logger - INFO - New record achieved. Previous FoM: 0.005174112073208059, new best FoM : 0.005170597926703491
06/05/2022 11:42:33.125 - oc_logger - INFO - Function evaluation number: 273, SI: 1, Sub-iteration number: 165, FoM: 0.005170597926703491
06/05/2022 11:42:33.365 - oc_logger - INFO - New record achieved. Previous FoM: 0.005170597926703491, new best FoM : 0.005140237882088505
06/05/2022 11:42:33.365 - oc_logger - INFO - Function evaluation number: 274, SI: 1, Sub-iteration number: 166, FoM: 0.005140237882088505
06/05/2022 11:42:33.679 - oc_logger - INFO - New record achieved. Previous FoM: 0.005140237882088505, new best FoM : 0.0051298997826791926
06/05/2022 11:42:33.679 - oc_logger - INFO - Function evaluation number: 275, SI: 1, Sub-iteration number: 166, FoM: 0.0051298997826791926
06/05/2022 11:42:34.021 - oc_logger - INFO - New record achieved. Previous FoM: 0.0051298997826791926, new best FoM : 0.005121683247585551
06/05/2022 11:42:34.021 - oc_logger - INFO - Function evaluation number: 276, SI: 1, Sub-iteration number: 167, FoM: 0.005121683247585551
06/05/2022 11:42:34.336 - oc_logger - INFO - New record achieved. Previous FoM: 0.005121683247585551, new best FoM : 0.0051096375742867295
06/05/2022 11:42:34.336 - oc_logger - INFO - Function evaluation number: 277, SI: 1, Sub-iteration number: 167, FoM: 0.0051096375742867295
06/05/2022 11:42:34.649 - oc_logger - INFO - Function evaluation number: 278, SI: 1, Sub-iteration number: 168, FoM: 0.005193943074387253
06/05/2022 11:42:34.958 - oc_logger - INFO - New record achieved. Previous FoM: 0.0051096375742867295, new best FoM : 0.00505996523958685
06/05/2022 11:42:34.958 - oc_logger - INFO - Function evaluation number: 279, SI: 1, Sub-iteration number: 169, FoM: 0.00505996523958685
06/05/2022 11:42:35.252 - oc_logger - INFO - New record achieved. Previous FoM: 0.00505996523958685, new best FoM : 0.0050436871498567015
06/05/2022 11:42:35.252 - oc_logger - INFO - Function evaluation number: 280, SI: 1, Sub-iteration number: 169, FoM: 0.0050436871498567015
06/05/2022 11:42:35.527 - oc_logger - INFO - Function evaluation number: 281, SI: 1, Sub-iteration number: 170, FoM: 0.0050742808122477
06/05/2022 11:42:35.836 - oc_logger - INFO - Function evaluation number: 282, SI: 1, Sub-iteration number: 171, FoM: 0.0051660361302725555
06/05/2022 11:42:36.117 - oc_logger - INFO - Function evaluation number: 283, SI: 1, Sub-iteration number: 172, FoM: 0.005060653642397939
06/05/2022 11:42:36.415 - oc_logger - INFO - Function evaluation number: 284, SI: 1, Sub-iteration number: 173, FoM: 0.005130178890282111
06/05/2022 11:42:36.663 - oc_logger - INFO - Function evaluation number: 285, SI: 1, Sub-iteration number: 174, FoM: 0.005060378356604667
06/05/2022 11:42:36.919 - oc_logger - INFO - New record achieved. Previous FoM: 0.0050436871498567015, new best FoM : 0.0049802923810269295
06/05/2022 11:42:36.919 - oc_logger - INFO - Function evaluation number: 286, SI: 1, Sub-iteration number: 175, FoM: 0.0049802923810269295
06/05/2022 11:42:37.185 - oc_logger - INFO - New record achieved. Previous FoM: 0.0049802923810269295, new best FoM : 0.004957254173316827
06/05/2022 11:42:37.185 - oc_logger - INFO - Function evaluation number: 287, SI: 1, Sub-iteration number: 175, FoM: 0.004957254173316827
06/05/2022 11:42:37.639 - oc_logger - INFO - Function evaluation number: 288, SI: 1, Sub-iteration number: 176, FoM: 0.004995657035053669
06/05/2022 11:42:37.903 - oc_logger - INFO - Function evaluation number: 289, SI: 1, Sub-iteration number: 177, FoM: 0.005072508002803455
06/05/2022 11:42:38.194 - oc_logger - INFO - Function evaluation number: 290, SI: 1, Sub-iteration number: 178, FoM: 0.004967651662697525
06/05/2022 11:42:38.422 - oc_logger - INFO - Function evaluation number: 291, SI: 1, Sub-iteration number: 179, FoM: 0.004979563939725762
06/05/2022 11:42:38.712 - oc_logger - INFO - New record achieved. Previous FoM: 0.004957254173316827, new best FoM : 0.004955274111421271
06/05/2022 11:42:38.712 - oc_logger - INFO - Function evaluation number: 292, SI: 1, Sub-iteration number: 180, FoM: 0.004955274111421271
06/05/2022 11:42:38.991 - oc_logger - INFO - New record achieved. Previous FoM: 0.004955274111421271, new best FoM : 0.004954499236838661
06/05/2022 11:42:38.991 - oc_logger - INFO - Function evaluation number: 293, SI: 1, Sub-iteration number: 180, FoM: 0.004954499236838661
06/05/2022 11:42:39.270 - oc_logger - INFO - Function evaluation number: 294, SI: 1, Sub-iteration number: 181, FoM: 0.004968784118118852
06/05/2022 11:42:39.558 - oc_logger - INFO - Function evaluation number: 295, SI: 1, Sub-iteration number: 182, FoM: 0.004957451425049553
06/05/2022 11:42:39.888 - oc_logger - INFO - New record achieved. Previous FoM: 0.004954499236838661, new best FoM : 0.004911875580147829
06/05/2022 11:42:39.888 - oc_logger - INFO - Function evaluation number: 296, SI: 1, Sub-iteration number: 183, FoM: 0.004911875580147829
06/05/2022 11:42:40.225 - oc_logger - INFO - New record achieved. Previous FoM: 0.004911875580147829, new best FoM : 0.004909464164079891
06/05/2022 11:42:40.225 - oc_logger - INFO - Function evaluation number: 297, SI: 1, Sub-iteration number: 183, FoM: 0.004909464164079891
06/05/2022 11:42:40.477 - oc_logger - INFO - New record achieved. Previous FoM: 0.004909464164079891, new best FoM : 0.0048644380533945375
06/05/2022 11:42:40.477 - oc_logger - INFO - Function evaluation number: 298, SI: 1, Sub-iteration number: 184, FoM: 0.0048644380533945375
06/05/2022 11:42:40.756 - oc_logger - INFO - New record achieved. Previous FoM: 0.0048644380533945375, new best FoM : 0.0048491696239263415
06/05/2022 11:42:40.756 - oc_logger - INFO - Function evaluation number: 299, SI: 1, Sub-iteration number: 184, FoM: 0.0048491696239263415
06/05/2022 11:42:41.092 - oc_logger - INFO - Function evaluation number: 300, SI: 1, Sub-iteration number: 185, FoM: 0.00492356909974756
06/05/2022 11:42:41.425 - oc_logger - INFO - Function evaluation number: 301, SI: 1, Sub-iteration number: 186, FoM: 0.004902673599494034
06/05/2022 11:42:41.702 - oc_logger - INFO - Function evaluation number: 302, SI: 1, Sub-iteration number: 187, FoM: 0.004902838807289922
06/05/2022 11:42:41.957 - oc_logger - INFO - Function evaluation number: 303, SI: 1, Sub-iteration number: 188, FoM: 0.004883614620922239
06/05/2022 11:42:42.275 - oc_logger - INFO - Function evaluation number: 304, SI: 1, Sub-iteration number: 189, FoM: 0.004855866184475199
06/05/2022 11:42:42.707 - oc_logger - INFO - New record achieved. Previous FoM: 0.0048491696239263415, new best FoM : 0.004827356295308283
06/05/2022 11:42:42.707 - oc_logger - INFO - Function evaluation number: 305, SI: 1, Sub-iteration number: 190, FoM: 0.004827356295308283
06/05/2022 11:42:43.056 - oc_logger - INFO - New record achieved. Previous FoM: 0.004827356295308283, new best FoM : 0.004815469222643753
06/05/2022 11:42:43.056 - oc_logger - INFO - Function evaluation number: 306, SI: 1, Sub-iteration number: 190, FoM: 0.004815469222643753
06/05/2022 11:42:43.321 - oc_logger - INFO - New record achieved. Previous FoM: 0.004815469222643753, new best FoM : 0.004789156181194243
06/05/2022 11:42:43.321 - oc_logger - INFO - Function evaluation number: 307, SI: 1, Sub-iteration number: 191, FoM: 0.004789156181194243
06/05/2022 11:42:43.608 - oc_logger - INFO - New record achieved. Previous FoM: 0.004789156181194243, new best FoM : 0.004777309574351296
06/05/2022 11:42:43.608 - oc_logger - INFO - Function evaluation number: 308, SI: 1, Sub-iteration number: 191, FoM: 0.004777309574351296
06/05/2022 11:42:44.002 - oc_logger - INFO - Function evaluation number: 309, SI: 1, Sub-iteration number: 192, FoM: 0.004814258248916348
06/05/2022 11:42:44.410 - oc_logger - INFO - Function evaluation number: 310, SI: 1, Sub-iteration number: 193, FoM: 0.004818405999026831
06/05/2022 11:42:44.829 - oc_logger - INFO - New record achieved. Previous FoM: 0.004777309574351296, new best FoM : 0.004764810436200473
06/05/2022 11:42:44.829 - oc_logger - INFO - Function evaluation number: 311, SI: 1, Sub-iteration number: 194, FoM: 0.004764810436200473
06/05/2022 11:42:45.264 - oc_logger - INFO - New record achieved. Previous FoM: 0.004764810436200473, new best FoM : 0.004763581897324176
06/05/2022 11:42:45.264 - oc_logger - INFO - Function evaluation number: 312, SI: 1, Sub-iteration number: 194, FoM: 0.004763581897324176
06/05/2022 11:42:45.666 - oc_logger - INFO - Function evaluation number: 313, SI: 1, Sub-iteration number: 195, FoM: 0.004792640770442391
06/05/2022 11:42:46.070 - oc_logger - INFO - New record achieved. Previous FoM: 0.004763581897324176, new best FoM : 0.004754084040232143
06/05/2022 11:42:46.070 - oc_logger - INFO - Function evaluation number: 314, SI: 1, Sub-iteration number: 196, FoM: 0.004754084040232143
06/05/2022 11:42:46.439 - oc_logger - INFO - New record achieved. Previous FoM: 0.004754084040232143, new best FoM : 0.00474460707612856
06/05/2022 11:42:46.439 - oc_logger - INFO - Function evaluation number: 315, SI: 1, Sub-iteration number: 196, FoM: 0.00474460707612856
06/05/2022 11:42:46.739 - oc_logger - INFO - New record achieved. Previous FoM: 0.00474460707612856, new best FoM : 0.0047295399725633125
06/05/2022 11:42:46.739 - oc_logger - INFO - Function evaluation number: 316, SI: 1, Sub-iteration number: 197, FoM: 0.0047295399725633125
06/05/2022 11:42:47.039 - oc_logger - INFO - New record achieved. Previous FoM: 0.0047295399725633125, new best FoM : 0.0047167442071544
06/05/2022 11:42:47.039 - oc_logger - INFO - Function evaluation number: 317, SI: 1, Sub-iteration number: 197, FoM: 0.0047167442071544
06/05/2022 11:42:47.364 - oc_logger - INFO - New record achieved. Previous FoM: 0.0047167442071544, new best FoM : 0.004711959433383983
06/05/2022 11:42:47.364 - oc_logger - INFO - Function evaluation number: 318, SI: 1, Sub-iteration number: 198, FoM: 0.004711959433383983
06/05/2022 11:42:47.666 - oc_logger - INFO - New record achieved. Previous FoM: 0.004711959433383983, new best FoM : 0.004700180181401059
06/05/2022 11:42:47.666 - oc_logger - INFO - Function evaluation number: 319, SI: 1, Sub-iteration number: 198, FoM: 0.004700180181401059
06/05/2022 11:42:48.005 - oc_logger - INFO - Function evaluation number: 320, SI: 1, Sub-iteration number: 199, FoM: 0.0047412291712570775
06/05/2022 11:42:48.340 - oc_logger - INFO - New record achieved. Previous FoM: 0.004700180181401059, new best FoM : 0.004680997163860945
06/05/2022 11:42:48.340 - oc_logger - INFO - Function evaluation number: 321, SI: 1, Sub-iteration number: 200, FoM: 0.004680997163860945
06/05/2022 11:42:48.676 - oc_logger - INFO - New record achieved. Previous FoM: 0.004680997163860945, new best FoM : 0.0046745868613899955
06/05/2022 11:42:48.676 - oc_logger - INFO - Function evaluation number: 322, SI: 1, Sub-iteration number: 200, FoM: 0.0046745868613899955
06/05/2022 11:42:48.985 - oc_logger - INFO - Function evaluation number: 323, SI: 1, Sub-iteration number: 201, FoM: 0.0046920275241639775
06/05/2022 11:42:49.315 - oc_logger - INFO - New record achieved. Previous FoM: 0.0046745868613899955, new best FoM : 0.004643817753947732
06/05/2022 11:42:49.315 - oc_logger - INFO - Function evaluation number: 324, SI: 1, Sub-iteration number: 202, FoM: 0.004643817753947732
06/05/2022 11:42:49.560 - oc_logger - INFO - New record achieved. Previous FoM: 0.004643817753947732, new best FoM : 0.004627909719386092
06/05/2022 11:42:49.560 - oc_logger - INFO - Function evaluation number: 325, SI: 1, Sub-iteration number: 202, FoM: 0.004627909719386092
06/05/2022 11:42:49.842 - oc_logger - INFO - New record achieved. Previous FoM: 0.004627909719386092, new best FoM : 0.004601457917256968
06/05/2022 11:42:49.842 - oc_logger - INFO - Function evaluation number: 326, SI: 1, Sub-iteration number: 203, FoM: 0.004601457917256968
06/05/2022 11:42:50.153 - oc_logger - INFO - New record achieved. Previous FoM: 0.004601457917256968, new best FoM : 0.004579879441143464
06/05/2022 11:42:50.153 - oc_logger - INFO - Function evaluation number: 327, SI: 1, Sub-iteration number: 203, FoM: 0.004579879441143464
06/05/2022 11:42:50.464 - oc_logger - INFO - Function evaluation number: 328, SI: 1, Sub-iteration number: 204, FoM: 0.004621689779046756
06/05/2022 11:42:50.750 - oc_logger - INFO - Function evaluation number: 329, SI: 1, Sub-iteration number: 205, FoM: 0.004604129601420759
06/05/2022 11:42:51.082 - oc_logger - INFO - Function evaluation number: 330, SI: 1, Sub-iteration number: 206, FoM: 0.004606264698560625
06/05/2022 11:42:51.404 - oc_logger - INFO - Function evaluation number: 331, SI: 1, Sub-iteration number: 207, FoM: 0.004584592195806425
06/05/2022 11:42:51.667 - oc_logger - INFO - New record achieved. Previous FoM: 0.004579879441143464, new best FoM : 0.004563313295517846
06/05/2022 11:42:51.667 - oc_logger - INFO - Function evaluation number: 332, SI: 1, Sub-iteration number: 208, FoM: 0.004563313295517846
06/05/2022 11:42:51.959 - oc_logger - INFO - New record achieved. Previous FoM: 0.004563313295517846, new best FoM : 0.004554353180250548
06/05/2022 11:42:51.959 - oc_logger - INFO - Function evaluation number: 333, SI: 1, Sub-iteration number: 208, FoM: 0.004554353180250548
06/05/2022 11:42:52.306 - oc_logger - INFO - Function evaluation number: 334, SI: 1, Sub-iteration number: 209, FoM: 0.0045843700363756845
06/05/2022 11:42:52.640 - oc_logger - INFO - New record achieved. Previous FoM: 0.004554353180250548, new best FoM : 0.004523806722261936
06/05/2022 11:42:52.641 - oc_logger - INFO - Function evaluation number: 335, SI: 1, Sub-iteration number: 210, FoM: 0.004523806722261936
06/05/2022 11:42:52.973 - oc_logger - INFO - Function evaluation number: 336, SI: 1, Sub-iteration number: 210, FoM: 0.004525344076087401
06/05/2022 11:42:53.295 - oc_logger - INFO - Function evaluation number: 337, SI: 1, Sub-iteration number: 211, FoM: 0.004525018597512642
06/05/2022 11:42:53.565 - oc_logger - INFO - Function evaluation number: 338, SI: 1, Sub-iteration number: 212, FoM: 0.004561215042521605
06/05/2022 11:42:53.911 - oc_logger - INFO - Function evaluation number: 339, SI: 1, Sub-iteration number: 213, FoM: 0.004577685057686631
06/05/2022 11:42:54.324 - oc_logger - INFO - Function evaluation number: 340, SI: 1, Sub-iteration number: 214, FoM: 0.004544388295468549
06/05/2022 11:42:54.640 - oc_logger - INFO - Function evaluation number: 341, SI: 1, Sub-iteration number: 215, FoM: 0.004538216179856724
06/05/2022 11:42:54.969 - oc_logger - INFO - New record achieved. Previous FoM: 0.004523806722261936, new best FoM : 0.004506668175831563
06/05/2022 11:42:54.969 - oc_logger - INFO - Function evaluation number: 342, SI: 1, Sub-iteration number: 216, FoM: 0.004506668175831563
06/05/2022 11:42:55.311 - oc_logger - INFO - New record achieved. Previous FoM: 0.004506668175831563, new best FoM : 0.004505280261281275
06/05/2022 11:42:55.311 - oc_logger - INFO - Function evaluation number: 343, SI: 1, Sub-iteration number: 216, FoM: 0.004505280261281275
06/05/2022 11:42:55.652 - oc_logger - INFO - Function evaluation number: 344, SI: 1, Sub-iteration number: 217, FoM: 0.00451784209460715
06/05/2022 11:42:55.928 - oc_logger - INFO - Function evaluation number: 345, SI: 1, Sub-iteration number: 218, FoM: 0.0045060676014455625
06/05/2022 11:42:56.160 - oc_logger - INFO - Function evaluation number: 346, SI: 1, Sub-iteration number: 219, FoM: 0.004532156196708104
06/05/2022 11:42:56.450 - oc_logger - INFO - Function evaluation number: 347, SI: 1, Sub-iteration number: 220, FoM: 0.0045247380503822265
06/05/2022 11:42:56.796 - oc_logger - INFO - Function evaluation number: 348, SI: 1, Sub-iteration number: 221, FoM: 0.004512074905348107
06/05/2022 11:42:57.134 - oc_logger - INFO - New record achieved. Previous FoM: 0.004505280261281275, new best FoM : 0.004502629212278286
06/05/2022 11:42:57.135 - oc_logger - INFO - Function evaluation number: 349, SI: 1, Sub-iteration number: 222, FoM: 0.004502629212278286
06/05/2022 11:42:57.469 - oc_logger - INFO - New record achieved. Previous FoM: 0.004502629212278286, new best FoM : 0.004502408532204516
06/05/2022 11:42:57.469 - oc_logger - INFO - Function evaluation number: 350, SI: 1, Sub-iteration number: 222, FoM: 0.004502408532204516
06/05/2022 11:42:57.789 - oc_logger - INFO - Function evaluation number: 351, SI: 1, Sub-iteration number: 223, FoM: 0.00451570070286289
06/05/2022 11:42:58.160 - oc_logger - INFO - Function evaluation number: 352, SI: 1, Sub-iteration number: 224, FoM: 0.004503679948006822
06/05/2022 11:42:58.435 - oc_logger - INFO - Function evaluation number: 353, SI: 1, Sub-iteration number: 225, FoM: 0.004556890698855565
06/05/2022 11:42:58.647 - oc_logger - INFO - Function evaluation number: 354, SI: 1, Sub-iteration number: 225, FoM: 0.0045127858150317834
06/05/2022 11:42:58.874 - oc_logger - INFO - Function evaluation number: 355, SI: 1, Sub-iteration number: 226, FoM: 0.0045039893285099275
06/05/2022 11:42:59.150 - oc_logger - INFO - Function evaluation number: 356, SI: 1, Sub-iteration number: 227, FoM: 0.004512464002272121
06/05/2022 11:42:59.434 - oc_logger - INFO - Function evaluation number: 357, SI: 1, Sub-iteration number: 228, FoM: 0.004504575077325046
06/05/2022 11:42:59.690 - oc_logger - INFO - Function evaluation number: 358, SI: 1, Sub-iteration number: 229, FoM: 0.004515451419571215
06/05/2022 11:42:59.953 - oc_logger - INFO - Function evaluation number: 359, SI: 1, Sub-iteration number: 229, FoM: 0.004503388473208969
06/05/2022 11:43:00.244 - oc_logger - INFO - Function evaluation number: 360, SI: 1, Sub-iteration number: 230, FoM: 0.004519040322764845
06/05/2022 11:43:00.584 - oc_logger - INFO - Function evaluation number: 361, SI: 1, Sub-iteration number: 230, FoM: 0.004506683769173181
06/05/2022 11:43:00.924 - oc_logger - INFO - Function evaluation number: 362, SI: 1, Sub-iteration number: 231, FoM: 0.004504575077325046
06/05/2022 11:43:00.924 - oc_logger - INFO - SI 1 finished - Number of evaluations: 362, Best FoM: 0.004502408532204516, Terminate reason: Convergence of the FoM.

06/05/2022 11:43:00.924 - oc_logger - INFO - Direct search start time has been reset.
06/05/2022 11:43:01.435 - oc_logger - INFO - Function evaluation number: 363, SI: 2, Sub-iteration number: 0, FoM: 0.004502408532204516
06/05/2022 11:43:01.938 - oc_logger - INFO - Function evaluation number: 364, SI: 2, Sub-iteration number: 0, FoM: 0.004502532641359913
06/05/2022 11:43:02.446 - oc_logger - INFO - Function evaluation number: 365, SI: 2, Sub-iteration number: 0, FoM: 0.004502615471049021
06/05/2022 11:43:02.832 - oc_logger - INFO - Function evaluation number: 366, SI: 2, Sub-iteration number: 0, FoM: 0.004502623517845472
06/05/2022 11:43:03.176 - oc_logger - INFO - Function evaluation number: 367, SI: 2, Sub-iteration number: 0, FoM: 0.004502623716263421
06/05/2022 11:43:03.515 - oc_logger - INFO - Function evaluation number: 368, SI: 2, Sub-iteration number: 0, FoM: 0.004502744020428384
06/05/2022 11:43:03.855 - oc_logger - INFO - Function evaluation number: 369, SI: 2, Sub-iteration number: 0, FoM: 0.004502544596667435
06/05/2022 11:43:04.194 - oc_logger - INFO - Function evaluation number: 370, SI: 2, Sub-iteration number: 0, FoM: 0.00450267720929487
06/05/2022 11:43:04.530 - oc_logger - INFO - Function evaluation number: 371, SI: 2, Sub-iteration number: 0, FoM: 0.004502443538987988
06/05/2022 11:43:04.862 - oc_logger - INFO - New record achieved. Previous FoM: 0.004502408532204516, new best FoM : 0.0045023732686121365
06/05/2022 11:43:04.862 - oc_logger - INFO - Function evaluation number: 372, SI: 2, Sub-iteration number: 1, FoM: 0.0045023732686121365
06/05/2022 11:43:05.203 - oc_logger - INFO - New record achieved. Previous FoM: 0.0045023732686121365, new best FoM : 0.004502326918495281
06/05/2022 11:43:05.203 - oc_logger - INFO - Function evaluation number: 373, SI: 2, Sub-iteration number: 1, FoM: 0.004502326918495281
06/05/2022 11:43:05.205 - oc_logger - INFO - SI 2 finished - Number of evaluations: 11, Best FoM: 0.004502326918495281, Terminate reason: Convergence of the FoM.

06/05/2022 11:43:05.205 - oc_logger - INFO - Direct search start time has been reset.
06/05/2022 11:43:05.543 - oc_logger - INFO - Function evaluation number: 374, SI: 3, Sub-iteration number: 0, FoM: 0.004502326918495281
06/05/2022 11:43:05.803 - oc_logger - INFO - New record achieved. Previous FoM: 0.004502326918495281, new best FoM : 0.004502024211988642
06/05/2022 11:43:05.803 - oc_logger - INFO - Function evaluation number: 375, SI: 3, Sub-iteration number: 0, FoM: 0.004502024211988642
06/05/2022 11:43:06.055 - oc_logger - INFO - Function evaluation number: 376, SI: 3, Sub-iteration number: 0, FoM: 0.004502567365180843
06/05/2022 11:43:06.326 - oc_logger - INFO - Function evaluation number: 377, SI: 3, Sub-iteration number: 0, FoM: 0.00450247835152906
06/05/2022 11:43:06.665 - oc_logger - INFO - Function evaluation number: 378, SI: 3, Sub-iteration number: 0, FoM: 0.0045026225245362594
06/05/2022 11:43:06.997 - oc_logger - INFO - Function evaluation number: 379, SI: 3, Sub-iteration number: 0, FoM: 0.004502500083812033
06/05/2022 11:43:07.313 - oc_logger - INFO - Function evaluation number: 380, SI: 3, Sub-iteration number: 0, FoM: 0.0045021553858235475
06/05/2022 11:43:07.647 - oc_logger - INFO - Function evaluation number: 381, SI: 3, Sub-iteration number: 0, FoM: 0.004502516949034918
06/05/2022 11:43:07.930 - oc_logger - INFO - Function evaluation number: 382, SI: 3, Sub-iteration number: 0, FoM: 0.004502332062387704
06/05/2022 11:43:08.246 - oc_logger - INFO - Function evaluation number: 383, SI: 3, Sub-iteration number: 1, FoM: 0.00450210278509422
06/05/2022 11:43:08.247 - oc_logger - INFO - SI 3 finished - Number of evaluations: 10, Best FoM: 0.004502024211988642, Terminate reason: Convergence of the FoM.

06/05/2022 11:43:08.247 - oc_logger - INFO - Figure of merit : 0.004502024211988642
06/05/2022 11:43:08.247 - oc_logger - INFO - Std : 0.0
06/05/2022 11:43:08.247 - oc_logger - INFO - total number of function evaluations : 383
06/05/2022 11:43:08.247 - oc_logger - INFO - dcrab_freq_list : [array([[ 1.66847389,  6.33002923,  9.90392899, 12.17148774]]), array([[ 3.30446715,  4.19978945,  9.28704538, 13.26075418]]), array([[ 1.81595761,  5.19623364,  8.95198415, 14.83866925]])]
06/05/2022 11:43:08.247 - oc_logger - INFO - dcrab_para_list : [array([-258.00314612,  205.82837233, -166.47613305,   -1.5788244 ,
        -37.26736173,  -51.82367295,   34.14299163,   -9.6459115 ]), array([-0.09343011,  0.0692381 ,  0.12820411,  0.07791075, -0.45087044,
        0.04657152,  0.1464509 ,  0.03994954]), array([ 0.04139525,  0.0176906 ,  0.00709858, -0.07508755, -0.05663283,
       -0.29431843, -0.12686906,  0.10657661])]
06/05/2022 11:43:08.247 - oc_logger - INFO - terminate_reason : Convergence of the FoM.
