17/06/2022 18:40:48.532 - oc_logger - INFO - The optimization direction is minimization
17/06/2022 18:40:48.532 - oc_logger - INFO - QuOCS version number: 0.0.27
17/06/2022 18:40:48.685 - oc_logger - INFO - Function evaluation number: 1, FoM: 0.008514471577626415
17/06/2022 18:40:48.844 - oc_logger - INFO - Function evaluation number: 2, FoM: 0.007083021033746695
17/06/2022 18:40:48.987 - oc_logger - INFO - Function evaluation number: 3, FoM: 0.010159689735032895
17/06/2022 18:40:49.148 - oc_logger - INFO - Function evaluation number: 4, FoM: 0.008274570202274512
17/06/2022 18:40:49.302 - oc_logger - INFO - Function evaluation number: 5, FoM: 0.006191799979592849
17/06/2022 18:40:49.461 - oc_logger - INFO - Function evaluation number: 6, FoM: 0.005311857535986841
17/06/2022 18:40:49.630 - oc_logger - INFO - Function evaluation number: 7, FoM: 0.005413492210525672
17/06/2022 18:40:49.807 - oc_logger - INFO - Function evaluation number: 8, FoM: 0.0042892958935545344
17/06/2022 18:40:49.953 - oc_logger - INFO - Function evaluation number: 9, FoM: 0.0037556726363932036
17/06/2022 18:40:50.108 - oc_logger - INFO - Function evaluation number: 10, FoM: 0.003911050520529424
17/06/2022 18:40:50.257 - oc_logger - INFO - Function evaluation number: 11, FoM: 0.0037730833001151654
17/06/2022 18:40:50.406 - oc_logger - INFO - Function evaluation number: 12, FoM: 0.0050669625570477494
17/06/2022 18:40:50.563 - oc_logger - INFO - Function evaluation number: 13, FoM: 0.004161301142164842
17/06/2022 18:40:50.714 - oc_logger - INFO - Function evaluation number: 14, FoM: 0.004320805538009509
17/06/2022 18:40:50.853 - oc_logger - INFO - Function evaluation number: 15, FoM: 0.0038700489667056193
17/06/2022 18:40:51.006 - oc_logger - INFO - Function evaluation number: 16, FoM: 0.0035468975580336126
17/06/2022 18:40:51.158 - oc_logger - INFO - Function evaluation number: 17, FoM: 0.0034723256058786234
17/06/2022 18:40:51.302 - oc_logger - INFO - Function evaluation number: 18, FoM: 0.0035165083557366916
17/06/2022 18:40:51.457 - oc_logger - INFO - Function evaluation number: 19, FoM: 0.0036191532841762797
17/06/2022 18:40:51.602 - oc_logger - INFO - Function evaluation number: 20, FoM: 0.003219135367839132
17/06/2022 18:40:51.748 - oc_logger - INFO - Function evaluation number: 21, FoM: 0.0031351393788834336
17/06/2022 18:40:51.901 - oc_logger - INFO - Function evaluation number: 22, FoM: 0.003477487376495003
17/06/2022 18:40:52.059 - oc_logger - INFO - Function evaluation number: 23, FoM: 0.0037894837690990446
17/06/2022 18:40:52.209 - oc_logger - INFO - Function evaluation number: 24, FoM: 0.003346513254773309
17/06/2022 18:40:52.366 - oc_logger - INFO - Function evaluation number: 25, FoM: 0.003457466504210416
17/06/2022 18:40:52.522 - oc_logger - INFO - Function evaluation number: 26, FoM: 0.003346229416343993
17/06/2022 18:40:52.697 - oc_logger - INFO - Function evaluation number: 27, FoM: 0.0030244776031168596
17/06/2022 18:40:52.860 - oc_logger - INFO - Function evaluation number: 28, FoM: 0.0029481690142506567
17/06/2022 18:40:53.017 - oc_logger - INFO - Function evaluation number: 29, FoM: 0.0029719609376199774
17/06/2022 18:40:53.162 - oc_logger - INFO - Function evaluation number: 30, FoM: 0.003124576293213166
17/06/2022 18:40:53.322 - oc_logger - INFO - Function evaluation number: 31, FoM: 0.0027831985529963577
17/06/2022 18:40:53.478 - oc_logger - INFO - Function evaluation number: 32, FoM: 0.0027294918162049653
17/06/2022 18:40:53.623 - oc_logger - INFO - Function evaluation number: 33, FoM: 0.002760280491483358
17/06/2022 18:40:53.781 - oc_logger - INFO - Function evaluation number: 34, FoM: 0.002628022134891106
17/06/2022 18:40:53.931 - oc_logger - INFO - Function evaluation number: 35, FoM: 0.0026599884226260473
17/06/2022 18:40:54.074 - oc_logger - INFO - Function evaluation number: 36, FoM: 0.002394249204938803
17/06/2022 18:40:54.230 - oc_logger - INFO - Function evaluation number: 37, FoM: 0.0023250596372593746
17/06/2022 18:40:54.373 - oc_logger - INFO - Function evaluation number: 38, FoM: 0.0029024688785750374
17/06/2022 18:40:54.512 - oc_logger - INFO - Function evaluation number: 39, FoM: 0.0025708194836480125
17/06/2022 18:40:54.666 - oc_logger - INFO - Function evaluation number: 40, FoM: 0.002235738683253774
17/06/2022 18:40:54.819 - oc_logger - INFO - Function evaluation number: 41, FoM: 0.0021628856813724617
17/06/2022 18:40:54.970 - oc_logger - INFO - Function evaluation number: 42, FoM: 0.0024159804052233946
17/06/2022 18:40:55.126 - oc_logger - INFO - Function evaluation number: 43, FoM: 0.00203364835562303
17/06/2022 18:40:55.290 - oc_logger - INFO - Function evaluation number: 44, FoM: 0.0020173889577871362
17/06/2022 18:40:55.434 - oc_logger - INFO - Function evaluation number: 45, FoM: 0.0018158523272236993
17/06/2022 18:40:55.596 - oc_logger - INFO - Function evaluation number: 46, FoM: 0.001759979867279493
17/06/2022 18:40:55.754 - oc_logger - INFO - Function evaluation number: 47, FoM: 0.0014737434028118113
17/06/2022 18:40:55.917 - oc_logger - INFO - Function evaluation number: 48, FoM: 0.0013449623990052784
17/06/2022 18:40:56.079 - oc_logger - INFO - Function evaluation number: 49, FoM: 0.0012747573753184582
17/06/2022 18:40:56.237 - oc_logger - INFO - Function evaluation number: 50, FoM: 0.00131427866746614
17/06/2022 18:40:56.381 - oc_logger - INFO - Function evaluation number: 51, FoM: 0.0009261486025358145
17/06/2022 18:40:56.535 - oc_logger - INFO - Function evaluation number: 52, FoM: 0.0008993643193909717
17/06/2022 18:40:56.692 - oc_logger - INFO - Function evaluation number: 53, FoM: 0.0006525496760263483
17/06/2022 18:40:56.835 - oc_logger - INFO - Function evaluation number: 54, FoM: 0.0007723687979875882
17/06/2022 18:40:57.001 - oc_logger - INFO - Function evaluation number: 55, FoM: 0.0004206334754320862
17/06/2022 18:40:57.155 - oc_logger - INFO - Function evaluation number: 56, FoM: 0.00046035222115958785
17/06/2022 18:40:57.301 - oc_logger - INFO - Function evaluation number: 57, FoM: 0.0004921138022346838
17/06/2022 18:40:57.457 - oc_logger - INFO - Function evaluation number: 58, FoM: 0.00021134926425481204
17/06/2022 18:40:57.603 - oc_logger - INFO - Function evaluation number: 59, FoM: 0.0004688629101559094
17/06/2022 18:40:57.749 - oc_logger - INFO - Function evaluation number: 60, FoM: 0.0003452913550429093
17/06/2022 18:40:57.903 - oc_logger - INFO - Function evaluation number: 61, FoM: 0.000488246667250114
17/06/2022 18:40:58.052 - oc_logger - INFO - Function evaluation number: 62, FoM: 0.0002410711227581741
17/06/2022 18:40:58.199 - oc_logger - INFO - Function evaluation number: 63, FoM: 3.1673607897797496e-05
17/06/2022 18:40:58.353 - oc_logger - INFO - Function evaluation number: 64, FoM: 0.000189553332452852
17/06/2022 18:40:58.511 - oc_logger - INFO - Function evaluation number: 65, FoM: 0.0009343839915076924
17/06/2022 18:40:58.727 - oc_logger - INFO - Function evaluation number: 66, FoM: 8.771962878217909e-05
17/06/2022 18:40:58.875 - oc_logger - INFO - Function evaluation number: 67, FoM: 0.0001889897408786645
17/06/2022 18:40:59.030 - oc_logger - INFO - Function evaluation number: 68, FoM: 0.0003766946676914129
17/06/2022 18:40:59.168 - oc_logger - INFO - Function evaluation number: 69, FoM: 6.64978157610685e-05
17/06/2022 18:40:59.321 - oc_logger - INFO - Function evaluation number: 70, FoM: 0.00018182761880858322
17/06/2022 18:40:59.477 - oc_logger - INFO - Function evaluation number: 71, FoM: 6.365605791058826e-05
17/06/2022 18:40:59.619 - oc_logger - INFO - Function evaluation number: 72, FoM: 0.0001990388366084339
17/06/2022 18:40:59.779 - oc_logger - INFO - Function evaluation number: 73, FoM: 2.5343009068645728e-05
17/06/2022 18:40:59.935 - oc_logger - INFO - Function evaluation number: 74, FoM: 0.00012127392029748219
17/06/2022 18:41:00.086 - oc_logger - INFO - Function evaluation number: 75, FoM: 2.243833723547528e-05
17/06/2022 18:41:00.239 - oc_logger - INFO - Function evaluation number: 76, FoM: 6.631073948371036e-05
17/06/2022 18:41:00.395 - oc_logger - INFO - Function evaluation number: 77, FoM: 2.4068159807377754e-05
17/06/2022 18:41:00.540 - oc_logger - INFO - Function evaluation number: 78, FoM: 0.00011708628461537529
17/06/2022 18:41:00.697 - oc_logger - INFO - Function evaluation number: 79, FoM: 8.421324055984947e-06
17/06/2022 18:41:00.855 - oc_logger - INFO - Function evaluation number: 80, FoM: 5.322649785277633e-05
17/06/2022 18:41:01.012 - oc_logger - INFO - Function evaluation number: 81, FoM: 1.1031636387826005e-05
17/06/2022 18:41:01.172 - oc_logger - INFO - Function evaluation number: 82, FoM: 2.0341917765343e-05
17/06/2022 18:41:01.328 - oc_logger - INFO - Function evaluation number: 83, FoM: 1.4346394110575922e-05
17/06/2022 18:41:01.476 - oc_logger - INFO - Function evaluation number: 84, FoM: 3.197827457435132e-05
17/06/2022 18:41:01.630 - oc_logger - INFO - Function evaluation number: 85, FoM: 8.535801921172315e-06
17/06/2022 18:41:01.782 - oc_logger - INFO - Function evaluation number: 86, FoM: 1.674462129330756e-05
17/06/2022 18:41:01.934 - oc_logger - INFO - Function evaluation number: 87, FoM: 7.0734840554864675e-06
17/06/2022 18:41:02.083 - oc_logger - INFO - Function evaluation number: 88, FoM: 3.831136721399453e-05
17/06/2022 18:41:02.230 - oc_logger - INFO - Function evaluation number: 89, FoM: 4.441519738884736e-06
17/06/2022 18:41:02.381 - oc_logger - INFO - Function evaluation number: 90, FoM: 9.597598718102951e-06
17/06/2022 18:41:02.535 - oc_logger - INFO - Function evaluation number: 91, FoM: 5.622993242804242e-06
17/06/2022 18:41:02.689 - oc_logger - INFO - Function evaluation number: 92, FoM: 8.255272348267617e-06
17/06/2022 18:41:02.839 - oc_logger - INFO - Function evaluation number: 93, FoM: 5.462315669335638e-06
17/06/2022 18:41:02.996 - oc_logger - INFO - Function evaluation number: 94, FoM: 5.691943924079901e-06
17/06/2022 18:41:03.147 - oc_logger - INFO - Function evaluation number: 95, FoM: 4.270390336902352e-06
17/06/2022 18:41:03.293 - oc_logger - INFO - Function evaluation number: 96, FoM: 1.1023925743480767e-05
17/06/2022 18:41:03.452 - oc_logger - INFO - Function evaluation number: 97, FoM: 4.003907013827579e-06
17/06/2022 18:41:03.622 - oc_logger - INFO - Function evaluation number: 98, FoM: 5.0501253504586785e-06
17/06/2022 18:41:03.771 - oc_logger - INFO - Function evaluation number: 99, FoM: 4.115454370512417e-06
17/06/2022 18:41:03.929 - oc_logger - INFO - Function evaluation number: 100, FoM: 5.557252969246029e-06
17/06/2022 18:41:04.084 - oc_logger - INFO - Function evaluation number: 101, FoM: 3.866328015633691e-06
17/06/2022 18:41:04.086 - oc_logger - INFO - Figure of merit : 3.866328015633691e-06
17/06/2022 18:41:04.086 - oc_logger - INFO - parameters : [-54.5009449   12.6424029    0.38466254]
17/06/2022 18:41:04.086 - oc_logger - INFO - terminate_reason : Exceeded number of allowed function evaluations per direct search.
