06/08/2022 09:33:07.805 - oc_logger - INFO - The optimization direction is minimization
06/08/2022 09:33:07.805 - oc_logger - INFO - QuOCS version number: 0.0.22
06/08/2022 09:33:07.826 - oc_logger - INFO - Function evaluation number: 1, FoM: 0.59368752477903
06/08/2022 09:33:07.849 - oc_logger - INFO - Function evaluation number: 2, FoM: 0.5501328178773308
06/08/2022 09:33:07.870 - oc_logger - INFO - Function evaluation number: 3, FoM: 0.5760242654542665
06/08/2022 09:33:07.890 - oc_logger - INFO - Function evaluation number: 4, FoM: 0.5284897193344943
06/08/2022 09:33:07.908 - oc_logger - INFO - Function evaluation number: 5, FoM: 0.4894638828294702
06/08/2022 09:33:07.954 - oc_logger - INFO - Function evaluation number: 6, FoM: 0.45632313728376295
06/08/2022 09:33:07.978 - oc_logger - INFO - Function evaluation number: 7, FoM: 0.3843293172374185
06/08/2022 09:33:07.999 - oc_logger - INFO - Function evaluation number: 8, FoM: 0.306956280943271
06/08/2022 09:33:08.020 - oc_logger - INFO - Function evaluation number: 9, FoM: 0.1722707256973799
06/08/2022 09:33:08.040 - oc_logger - INFO - Function evaluation number: 10, FoM: 0.06983714077815162
06/08/2022 09:33:08.061 - oc_logger - INFO - Function evaluation number: 11, FoM: 0.058933947471775605
06/08/2022 09:33:08.082 - oc_logger - INFO - Function evaluation number: 12, FoM: 0.06185860564563028
06/08/2022 09:33:08.101 - oc_logger - INFO - Function evaluation number: 13, FoM: 0.16245356755109275
06/08/2022 09:33:08.121 - oc_logger - INFO - Function evaluation number: 14, FoM: 0.01159679695361282
06/08/2022 09:33:08.141 - oc_logger - INFO - Function evaluation number: 15, FoM: 0.07610026987515317
06/08/2022 09:33:08.159 - oc_logger - INFO - Function evaluation number: 16, FoM: 0.06801534160005684
06/08/2022 09:33:08.178 - oc_logger - INFO - Function evaluation number: 17, FoM: 0.07245346280520648
06/08/2022 09:33:08.198 - oc_logger - INFO - Function evaluation number: 18, FoM: 0.04088842939942183
06/08/2022 09:33:08.217 - oc_logger - INFO - Function evaluation number: 19, FoM: 0.06206613105818448
06/08/2022 09:33:08.235 - oc_logger - INFO - Function evaluation number: 20, FoM: 0.012604545373512743
06/08/2022 09:33:08.255 - oc_logger - INFO - Function evaluation number: 21, FoM: 0.05397880299320412
06/08/2022 09:33:08.273 - oc_logger - INFO - Function evaluation number: 22, FoM: 0.022161611186433783
06/08/2022 09:33:08.293 - oc_logger - INFO - Function evaluation number: 23, FoM: 0.0255628915447611
06/08/2022 09:33:08.313 - oc_logger - INFO - Function evaluation number: 24, FoM: 0.011464058822565182
06/08/2022 09:33:08.333 - oc_logger - INFO - Function evaluation number: 25, FoM: 0.03217337365462214
06/08/2022 09:33:08.352 - oc_logger - INFO - Function evaluation number: 26, FoM: 0.0001178310941665206
06/08/2022 09:33:08.371 - oc_logger - INFO - Function evaluation number: 27, FoM: 0.00027289027089116846
06/08/2022 09:33:08.389 - oc_logger - INFO - Function evaluation number: 28, FoM: 0.012691323951922073
06/08/2022 09:33:08.408 - oc_logger - INFO - Function evaluation number: 29, FoM: 0.005741679844595726
06/08/2022 09:33:08.427 - oc_logger - INFO - Function evaluation number: 30, FoM: 0.006340676514560273
06/08/2022 09:33:08.447 - oc_logger - INFO - Function evaluation number: 31, FoM: 0.002799933567912971
06/08/2022 09:33:08.468 - oc_logger - INFO - Function evaluation number: 32, FoM: 0.003241827840645639
06/08/2022 09:33:08.488 - oc_logger - INFO - Function evaluation number: 33, FoM: 0.001309168571606234
06/08/2022 09:33:08.505 - oc_logger - INFO - Function evaluation number: 34, FoM: 0.0017117850396569656
06/08/2022 09:33:08.525 - oc_logger - INFO - Function evaluation number: 35, FoM: 0.0005588445200326309
06/08/2022 09:33:08.545 - oc_logger - INFO - Function evaluation number: 36, FoM: 0.0009516413990756645
06/08/2022 09:33:08.566 - oc_logger - INFO - Function evaluation number: 37, FoM: 0.00018245106278236278
06/08/2022 09:33:08.585 - oc_logger - INFO - Function evaluation number: 38, FoM: 0.0003344987080824424
06/08/2022 09:33:08.605 - oc_logger - INFO - Function evaluation number: 39, FoM: 0.00011978215429919725
06/08/2022 09:33:08.624 - oc_logger - INFO - Function evaluation number: 40, FoM: 0.0004202240299977511
06/08/2022 09:33:08.642 - oc_logger - INFO - Function evaluation number: 41, FoM: 3.200410844272916e-05
06/08/2022 09:33:08.661 - oc_logger - INFO - Function evaluation number: 42, FoM: 3.327807393005422e-05
06/08/2022 09:33:08.683 - oc_logger - INFO - Function evaluation number: 43, FoM: 0.00018339650811549646
06/08/2022 09:33:08.702 - oc_logger - INFO - Function evaluation number: 44, FoM: 4.24687179307881e-05
06/08/2022 09:33:08.723 - oc_logger - INFO - Function evaluation number: 45, FoM: 0.00010814509038747921
06/08/2022 09:33:08.743 - oc_logger - INFO - Function evaluation number: 46, FoM: 4.8013964859539016e-06
06/08/2022 09:33:08.763 - oc_logger - INFO - Function evaluation number: 47, FoM: 6.891831563771156e-06
06/08/2022 09:33:08.785 - oc_logger - INFO - Function evaluation number: 48, FoM: 4.32748413876638e-05
06/08/2022 09:33:08.804 - oc_logger - INFO - Function evaluation number: 49, FoM: 1.3187837522909973e-05
06/08/2022 09:33:08.824 - oc_logger - INFO - Function evaluation number: 50, FoM: 2.445163750386392e-05
06/08/2022 09:33:08.843 - oc_logger - INFO - Function evaluation number: 51, FoM: 3.7788353910439554e-06
06/08/2022 09:33:08.863 - oc_logger - INFO - Function evaluation number: 52, FoM: 5.017971340004479e-06
06/08/2022 09:33:08.879 - oc_logger - INFO - Function evaluation number: 53, FoM: 2.4012298522890774e-06
06/08/2022 09:33:08.902 - oc_logger - INFO - Function evaluation number: 54, FoM: 1.108597178278714e-05
06/08/2022 09:33:08.920 - oc_logger - INFO - Function evaluation number: 55, FoM: 8.052128680491322e-07
06/08/2022 09:33:08.939 - oc_logger - INFO - Function evaluation number: 56, FoM: 2.6260507368647268e-06
06/08/2022 09:33:08.958 - oc_logger - INFO - Function evaluation number: 57, FoM: 8.510629619928878e-07
06/08/2022 09:33:08.978 - oc_logger - INFO - Function evaluation number: 58, FoM: 4.001208016690683e-06
06/08/2022 09:33:08.998 - oc_logger - INFO - Function evaluation number: 59, FoM: 8.013411698648554e-07
06/08/2022 09:33:09.015 - oc_logger - INFO - Function evaluation number: 60, FoM: 7.411468290197121e-07
06/08/2022 09:33:09.035 - oc_logger - INFO - Function evaluation number: 61, FoM: 1.3521734918420236e-06
06/08/2022 09:33:09.053 - oc_logger - INFO - Function evaluation number: 62, FoM: 2.4054654153005117e-06
06/08/2022 09:33:09.070 - oc_logger - INFO - Function evaluation number: 63, FoM: 2.3630107870431516e-09
06/08/2022 09:33:09.088 - oc_logger - INFO - Function evaluation number: 64, FoM: 1.8429041026557513e-07
06/08/2022 09:33:09.105 - oc_logger - INFO - Function evaluation number: 65, FoM: 8.6964569157022e-07
06/08/2022 09:33:09.124 - oc_logger - INFO - Function evaluation number: 66, FoM: 3.384937932171539e-07
06/08/2022 09:33:09.142 - oc_logger - INFO - Function evaluation number: 67, FoM: 4.6690246491287724e-07
06/08/2022 09:33:09.162 - oc_logger - INFO - Function evaluation number: 68, FoM: 1.371560043317288e-07
06/08/2022 09:33:09.184 - oc_logger - INFO - Function evaluation number: 69, FoM: 2.0125903610335172e-07
06/08/2022 09:33:09.205 - oc_logger - INFO - Function evaluation number: 70, FoM: 3.83724453323353e-08
06/08/2022 09:33:09.223 - oc_logger - INFO - Function evaluation number: 71, FoM: 1.6300521099577026e-07
06/08/2022 09:33:09.246 - oc_logger - INFO - Function evaluation number: 72, FoM: 6.503009952751881e-08
06/08/2022 09:33:09.265 - oc_logger - INFO - Function evaluation number: 73, FoM: 8.505068005426608e-08
06/08/2022 09:33:09.285 - oc_logger - INFO - Function evaluation number: 74, FoM: 2.8238492877363797e-08
06/08/2022 09:33:09.305 - oc_logger - INFO - Function evaluation number: 75, FoM: 2.5572187256628354e-08
06/08/2022 09:33:09.306 - oc_logger - INFO - Figure of merit : 2.3630107870431516e-09
06/08/2022 09:33:09.306 - oc_logger - INFO - parameters : [ 6.97938665 -0.8679995 ]
06/08/2022 09:33:09.306 - oc_logger - INFO - terminate_reason : Convergence of the simplex.
