06/08/2022 07:03:49.301 - oc_logger - INFO - The optimization direction is minimization
06/08/2022 07:03:49.301 - oc_logger - INFO - QuOCS version number: 0.0.22
06/08/2022 07:03:49.336 - oc_logger - INFO - Function evaluation number: 1, FoM: 0.6360197177307646
06/08/2022 07:03:49.349 - oc_logger - INFO - Function evaluation number: 2, FoM: 0.6039717462638612
06/08/2022 07:03:49.354 - oc_logger - INFO - Function evaluation number: 3, FoM: 0.6533512343684741
06/08/2022 07:03:49.359 - oc_logger - INFO - Function evaluation number: 4, FoM: 0.5773445132806336
06/08/2022 07:03:49.364 - oc_logger - INFO - Function evaluation number: 5, FoM: 0.5235576424433839
06/08/2022 07:03:49.370 - oc_logger - INFO - Function evaluation number: 6, FoM: 0.47096535419130026
06/08/2022 07:03:49.379 - oc_logger - INFO - Function evaluation number: 7, FoM: 0.3577386626854733
06/08/2022 07:03:49.390 - oc_logger - INFO - Function evaluation number: 8, FoM: 0.24351096128992233
06/08/2022 07:03:49.394 - oc_logger - INFO - Function evaluation number: 9, FoM: 0.05684746435807153
06/08/2022 07:03:49.399 - oc_logger - INFO - Function evaluation number: 10, FoM: 0.05049294978330843
06/08/2022 07:03:49.409 - oc_logger - INFO - Function evaluation number: 11, FoM: 0.020595991159858107
06/08/2022 07:03:49.414 - oc_logger - INFO - Function evaluation number: 12, FoM: 0.23778196021329678
06/08/2022 07:03:49.419 - oc_logger - INFO - Function evaluation number: 13, FoM: 0.004857619894764076
06/08/2022 07:03:49.424 - oc_logger - INFO - Function evaluation number: 14, FoM: 0.4639162503221388
06/08/2022 07:03:49.429 - oc_logger - INFO - Function evaluation number: 15, FoM: 0.07313194657145106
06/08/2022 07:03:49.436 - oc_logger - INFO - Function evaluation number: 16, FoM: 0.012948944614747493
06/08/2022 07:03:49.447 - oc_logger - INFO - Function evaluation number: 17, FoM: 0.07410095376693282
06/08/2022 07:03:49.459 - oc_logger - INFO - Function evaluation number: 18, FoM: 0.21073536266806836
06/08/2022 07:03:49.469 - oc_logger - INFO - Function evaluation number: 19, FoM: 0.06558547636175471
06/08/2022 07:03:49.475 - oc_logger - INFO - Function evaluation number: 20, FoM: 0.08764077695252526
06/08/2022 07:03:49.480 - oc_logger - INFO - Function evaluation number: 21, FoM: 0.0429248867541796
06/08/2022 07:03:49.486 - oc_logger - INFO - Function evaluation number: 22, FoM: 0.03508671258567264
06/08/2022 07:03:49.492 - oc_logger - INFO - Function evaluation number: 23, FoM: 0.011895470708247147
06/08/2022 07:03:49.496 - oc_logger - INFO - Function evaluation number: 24, FoM: 0.021191250701424913
06/08/2022 07:03:49.506 - oc_logger - INFO - Function evaluation number: 25, FoM: 0.005014810388646707
06/08/2022 07:03:49.514 - oc_logger - INFO - Function evaluation number: 26, FoM: 0.02018516434962425
06/08/2022 07:03:49.520 - oc_logger - INFO - Function evaluation number: 27, FoM: 0.0032872760731772477
06/08/2022 07:03:49.531 - oc_logger - INFO - Function evaluation number: 28, FoM: 0.003453215083516814
06/08/2022 07:03:49.536 - oc_logger - INFO - Function evaluation number: 29, FoM: 0.011981519242159289
06/08/2022 07:03:49.541 - oc_logger - INFO - Function evaluation number: 30, FoM: 0.0007926135350948549
06/08/2022 07:03:49.552 - oc_logger - INFO - Function evaluation number: 31, FoM: 0.0009535452691271651
06/08/2022 07:03:49.565 - oc_logger - INFO - Function evaluation number: 32, FoM: 0.004936559604252766
06/08/2022 07:03:49.577 - oc_logger - INFO - Function evaluation number: 33, FoM: 0.0011948203560699922
06/08/2022 07:03:49.589 - oc_logger - INFO - Function evaluation number: 34, FoM: 0.0029172792349381194
06/08/2022 07:03:49.597 - oc_logger - INFO - Function evaluation number: 35, FoM: 0.00015765966190506298
06/08/2022 07:03:49.601 - oc_logger - INFO - Function evaluation number: 36, FoM: 0.0003208937295341441
06/08/2022 07:03:49.609 - oc_logger - INFO - Function evaluation number: 37, FoM: 0.0012765451059167932
06/08/2022 07:03:49.622 - oc_logger - INFO - Function evaluation number: 38, FoM: 0.0002776020822314873
06/08/2022 07:03:49.630 - oc_logger - INFO - Function evaluation number: 39, FoM: 0.0004389926325496507
06/08/2022 07:03:49.635 - oc_logger - INFO - Function evaluation number: 40, FoM: 0.000130066273188012
06/08/2022 07:03:49.647 - oc_logger - INFO - Function evaluation number: 41, FoM: 0.0005661794731623981
06/08/2022 07:03:49.658 - oc_logger - INFO - Function evaluation number: 42, FoM: 6.707311450071529e-05
06/08/2022 07:03:49.664 - oc_logger - INFO - Function evaluation number: 43, FoM: 9.395637195352968e-05
06/08/2022 07:03:49.670 - oc_logger - INFO - Function evaluation number: 44, FoM: 0.0002910767505033274
06/08/2022 07:03:49.679 - oc_logger - INFO - Function evaluation number: 45, FoM: 2.467643743386816e-05
06/08/2022 07:03:49.692 - oc_logger - INFO - Function evaluation number: 46, FoM: 5.217335560125935e-05
06/08/2022 07:03:49.697 - oc_logger - INFO - Function evaluation number: 47, FoM: 0.00014373354094354696
06/08/2022 07:03:49.703 - oc_logger - INFO - Function evaluation number: 48, FoM: 1.4397479554562054e-05
06/08/2022 07:03:49.709 - oc_logger - INFO - Function evaluation number: 49, FoM: 4.1328855320044156e-05
06/08/2022 07:03:49.715 - oc_logger - INFO - Function evaluation number: 50, FoM: 1.8186704434652867e-05
06/08/2022 07:03:49.724 - oc_logger - INFO - Function evaluation number: 51, FoM: 5.732431233518298e-05
06/08/2022 07:03:49.730 - oc_logger - INFO - Function evaluation number: 52, FoM: 4.163554788716439e-06
06/08/2022 07:03:49.736 - oc_logger - INFO - Function evaluation number: 53, FoM: 8.099669833838696e-06
06/08/2022 07:03:49.746 - oc_logger - INFO - Function evaluation number: 54, FoM: 2.6571596868474323e-05
06/08/2022 07:03:49.752 - oc_logger - INFO - Function evaluation number: 55, FoM: 4.158384237840096e-06
06/08/2022 07:03:49.757 - oc_logger - INFO - Function evaluation number: 56, FoM: 7.92349788736324e-06
06/08/2022 07:03:49.762 - oc_logger - INFO - Function evaluation number: 57, FoM: 3.993430618409732e-06
06/08/2022 07:03:49.767 - oc_logger - INFO - Function evaluation number: 58, FoM: 1.2332143165316722e-05
06/08/2022 07:03:49.774 - oc_logger - INFO - Function evaluation number: 59, FoM: 3.0911544768308374e-08
06/08/2022 07:03:49.779 - oc_logger - INFO - Function evaluation number: 60, FoM: 3.0615403556755183e-07
06/08/2022 07:03:49.784 - oc_logger - INFO - Function evaluation number: 61, FoM: 4.296293537264795e-06
06/08/2022 07:03:49.790 - oc_logger - INFO - Function evaluation number: 62, FoM: 1.923178920781865e-06
06/08/2022 07:03:49.795 - oc_logger - INFO - Function evaluation number: 63, FoM: 2.2216831894183997e-06
06/08/2022 07:03:49.800 - oc_logger - INFO - Function evaluation number: 64, FoM: 8.875082257997491e-07
06/08/2022 07:03:49.805 - oc_logger - INFO - Function evaluation number: 65, FoM: 1.1849228324090078e-06
06/08/2022 07:03:49.821 - oc_logger - INFO - Function evaluation number: 66, FoM: 3.6953666970873655e-07
06/08/2022 07:03:49.831 - oc_logger - INFO - Function evaluation number: 67, FoM: 6.666788613385322e-07
06/08/2022 07:03:49.838 - oc_logger - INFO - Function evaluation number: 68, FoM: 1.1051683834750747e-07
06/08/2022 07:03:49.844 - oc_logger - INFO - Function evaluation number: 69, FoM: 3.0383288995849966e-07
06/08/2022 07:03:49.849 - oc_logger - INFO - Function evaluation number: 70, FoM: 1.8563670045601555e-07
06/08/2022 07:03:49.852 - oc_logger - INFO - Figure of merit : 3.0911544768308374e-08
06/08/2022 07:03:49.853 - oc_logger - INFO - parameters : [7.12315385 2.56754459]
06/08/2022 07:03:49.853 - oc_logger - INFO - terminate_reason : Convergence of the simplex.
