06/08/2022 09:31:55.209 - oc_logger - INFO - The optimization direction is minimization
06/08/2022 09:31:55.209 - oc_logger - INFO - QuOCS version number: 0.0.22
06/08/2022 09:31:55.228 - oc_logger - INFO - Function evaluation number: 1, FoM: 0.59368752477903
06/08/2022 09:31:55.249 - oc_logger - INFO - Function evaluation number: 2, FoM: 0.5489811039208201
06/08/2022 09:31:55.266 - oc_logger - INFO - Function evaluation number: 3, FoM: 0.5785926356827754
06/08/2022 09:31:55.286 - oc_logger - INFO - Function evaluation number: 4, FoM: 0.5303488290019136
06/08/2022 09:31:55.304 - oc_logger - INFO - Function evaluation number: 5, FoM: 0.4925299463044941
06/08/2022 09:31:55.325 - oc_logger - INFO - Function evaluation number: 6, FoM: 0.45449844547300267
06/08/2022 09:31:55.342 - oc_logger - INFO - Function evaluation number: 7, FoM: 0.379374052216108
06/08/2022 09:31:55.361 - oc_logger - INFO - Function evaluation number: 8, FoM: 0.30710697100502315
06/08/2022 09:31:55.378 - oc_logger - INFO - Function evaluation number: 9, FoM: 0.17324213855366832
06/08/2022 09:31:55.395 - oc_logger - INFO - Function evaluation number: 10, FoM: 0.06356690157759548
06/08/2022 09:31:55.412 - oc_logger - INFO - Function evaluation number: 11, FoM: 0.06297440388577513
06/08/2022 09:31:55.430 - oc_logger - INFO - Function evaluation number: 12, FoM: 0.05978823116319565
06/08/2022 09:31:55.448 - oc_logger - INFO - Function evaluation number: 13, FoM: 0.21465157063646434
06/08/2022 09:31:55.467 - oc_logger - INFO - Function evaluation number: 14, FoM: 0.1830857200582412
06/08/2022 09:31:55.486 - oc_logger - INFO - Function evaluation number: 15, FoM: 0.009184471125207594
06/08/2022 09:31:55.507 - oc_logger - INFO - Function evaluation number: 16, FoM: 0.07671906884217061
06/08/2022 09:31:55.525 - oc_logger - INFO - Function evaluation number: 17, FoM: 0.06828641901583898
06/08/2022 09:31:55.545 - oc_logger - INFO - Function evaluation number: 18, FoM: 0.07235817524551313
06/08/2022 09:31:55.564 - oc_logger - INFO - Function evaluation number: 19, FoM: 0.040963030012813206
06/08/2022 09:31:55.582 - oc_logger - INFO - Function evaluation number: 20, FoM: 0.06356690157759548
06/08/2022 09:31:55.599 - oc_logger - INFO - Function evaluation number: 21, FoM: 0.013893041118449134
06/08/2022 09:31:55.617 - oc_logger - INFO - Function evaluation number: 22, FoM: 0.05904292104901809
06/08/2022 09:31:55.635 - oc_logger - INFO - Function evaluation number: 23, FoM: 0.021407624670950254
06/08/2022 09:31:55.652 - oc_logger - INFO - Function evaluation number: 24, FoM: 0.028920933265080828
06/08/2022 09:31:55.672 - oc_logger - INFO - Function evaluation number: 25, FoM: 0.010171889647949461
06/08/2022 09:31:55.691 - oc_logger - INFO - Function evaluation number: 26, FoM: 0.030047426608038386
06/08/2022 09:31:55.710 - oc_logger - INFO - Function evaluation number: 27, FoM: 0.0017222023919345464
06/08/2022 09:31:55.730 - oc_logger - INFO - Function evaluation number: 28, FoM: 0.002790226327370915
06/08/2022 09:31:55.749 - oc_logger - INFO - Function evaluation number: 29, FoM: 0.014461818222958
06/08/2022 09:31:55.768 - oc_logger - INFO - Function evaluation number: 30, FoM: 0.0035628429383982585
06/08/2022 09:31:55.786 - oc_logger - INFO - Function evaluation number: 31, FoM: 0.008264526744292344
06/08/2022 09:31:55.804 - oc_logger - INFO - Function evaluation number: 32, FoM: 0.0006782376769614018
06/08/2022 09:31:55.821 - oc_logger - INFO - Function evaluation number: 33, FoM: 0.0017223663315515392
06/08/2022 09:31:55.838 - oc_logger - INFO - Function evaluation number: 34, FoM: 0.0006062352235431945
06/08/2022 09:31:55.856 - oc_logger - INFO - Function evaluation number: 35, FoM: 0.0029756214224869737
06/08/2022 09:31:55.874 - oc_logger - INFO - Function evaluation number: 36, FoM: 0.0005359851727682052
06/08/2022 09:31:55.894 - oc_logger - INFO - Function evaluation number: 37, FoM: 0.0006091118183658706
06/08/2022 09:31:55.913 - oc_logger - INFO - Function evaluation number: 38, FoM: 0.0002861238785216713
06/08/2022 09:31:55.934 - oc_logger - INFO - Function evaluation number: 39, FoM: 0.0014340185097613256
06/08/2022 09:31:55.954 - oc_logger - INFO - Function evaluation number: 40, FoM: 9.838689410868184e-05
06/08/2022 09:31:55.973 - oc_logger - INFO - Function evaluation number: 41, FoM: 0.000346972723243022
06/08/2022 09:31:55.993 - oc_logger - INFO - Function evaluation number: 42, FoM: 0.00012679502514845176
06/08/2022 09:31:56.010 - oc_logger - INFO - Function evaluation number: 43, FoM: 0.0005104585489579261
06/08/2022 09:31:56.029 - oc_logger - INFO - Function evaluation number: 44, FoM: 8.664236388200575e-05
06/08/2022 09:31:56.046 - oc_logger - INFO - Function evaluation number: 45, FoM: 0.0001151752847458054
06/08/2022 09:31:56.064 - oc_logger - INFO - Function evaluation number: 46, FoM: 5.46129178558008e-05
06/08/2022 09:31:56.081 - oc_logger - INFO - Function evaluation number: 47, FoM: 0.00023979104050508848
06/08/2022 09:31:56.098 - oc_logger - INFO - Function evaluation number: 48, FoM: 1.3905889169052443e-05
06/08/2022 09:31:56.117 - oc_logger - INFO - Function evaluation number: 49, FoM: 4.586676464191086e-05
06/08/2022 09:31:56.135 - oc_logger - INFO - Function evaluation number: 50, FoM: 0.00011436363282646411
06/08/2022 09:31:56.154 - oc_logger - INFO - Function evaluation number: 51, FoM: 1.2352908303925325e-05
06/08/2022 09:31:56.156 - oc_logger - INFO - Figure of merit : 1.2352908303925325e-05
06/08/2022 09:31:56.156 - oc_logger - INFO - parameters : [ 5.71774244 -0.3264967 ]
06/08/2022 09:31:56.156 - oc_logger - INFO - terminate_reason : Convergence of the simplex.
