06/07/2022 06:58:44.891 - oc_logger - INFO - The optimization direction is minimization
06/07/2022 06:58:44.891 - oc_logger - INFO - QuOCS version number: 0.0.22
06/07/2022 06:58:44.939 - oc_logger - INFO - Function evaluation number: 1, FoM: 0.2146784277073126
06/07/2022 06:58:44.953 - oc_logger - INFO - Function evaluation number: 2, FoM: 0.23850072707154224
06/07/2022 06:58:44.962 - oc_logger - INFO - Function evaluation number: 3, FoM: 0.21016225696175117
06/07/2022 06:58:44.970 - oc_logger - INFO - Function evaluation number: 4, FoM: 0.1642664045597988
06/07/2022 06:58:44.977 - oc_logger - INFO - Function evaluation number: 5, FoM: 0.09270910814140931
06/07/2022 06:58:44.987 - oc_logger - INFO - Function evaluation number: 6, FoM: 0.0895352403651557
06/07/2022 06:58:44.994 - oc_logger - INFO - Function evaluation number: 7, FoM: 0.001990008601390647
06/07/2022 06:58:45.002 - oc_logger - INFO - Function evaluation number: 8, FoM: 0.21076661083048975
06/07/2022 06:58:45.010 - oc_logger - INFO - Function evaluation number: 9, FoM: 0.14542130005165954
06/07/2022 06:58:45.018 - oc_logger - INFO - Function evaluation number: 10, FoM: 0.07299686371672587
06/07/2022 06:58:45.026 - oc_logger - INFO - Function evaluation number: 11, FoM: 0.18572143798352847
06/07/2022 06:58:45.035 - oc_logger - INFO - Function evaluation number: 12, FoM: 0.03241807638900185
06/07/2022 06:58:45.044 - oc_logger - INFO - Function evaluation number: 13, FoM: 0.09098111564428524
06/07/2022 06:58:45.051 - oc_logger - INFO - Function evaluation number: 14, FoM: 0.026953706270233968
06/07/2022 06:58:45.059 - oc_logger - INFO - Function evaluation number: 15, FoM: 0.06382012624816236
06/07/2022 06:58:45.067 - oc_logger - INFO - Function evaluation number: 16, FoM: 0.009832589265624359
06/07/2022 06:58:45.075 - oc_logger - INFO - Function evaluation number: 17, FoM: 0.032533782661405386
06/07/2022 06:58:45.083 - oc_logger - INFO - Function evaluation number: 18, FoM: 0.011003461336048015
06/07/2022 06:58:45.091 - oc_logger - INFO - Function evaluation number: 19, FoM: 0.018768763187149595
06/07/2022 06:58:45.099 - oc_logger - INFO - Function evaluation number: 20, FoM: 0.00328888020953233
06/07/2022 06:58:45.108 - oc_logger - INFO - Function evaluation number: 21, FoM: 0.015975918014261348
06/07/2022 06:58:45.117 - oc_logger - INFO - Function evaluation number: 22, FoM: 0.00382646532057751
06/07/2022 06:58:45.125 - oc_logger - INFO - Function evaluation number: 23, FoM: 0.00909410386904308
06/07/2022 06:58:45.133 - oc_logger - INFO - Function evaluation number: 24, FoM: 0.0007068508128671436
06/07/2022 06:58:45.142 - oc_logger - INFO - Function evaluation number: 25, FoM: 0.0016626624941442625
06/07/2022 06:58:45.150 - oc_logger - INFO - Function evaluation number: 26, FoM: 0.004590664000679645
06/07/2022 06:58:45.159 - oc_logger - INFO - Function evaluation number: 27, FoM: 0.00031776997263943674
06/07/2022 06:58:45.167 - oc_logger - INFO - Function evaluation number: 28, FoM: 0.001749480988403329
06/07/2022 06:58:45.174 - oc_logger - INFO - Function evaluation number: 29, FoM: 0.0010304735238357843
06/07/2022 06:58:45.183 - oc_logger - INFO - Function evaluation number: 30, FoM: 0.000675036484047209
06/07/2022 06:58:45.192 - oc_logger - INFO - Function evaluation number: 31, FoM: 0.0016705031828319061
06/07/2022 06:58:45.200 - oc_logger - INFO - Function evaluation number: 32, FoM: 0.00015019181780906443
06/07/2022 06:58:45.210 - oc_logger - INFO - Function evaluation number: 33, FoM: 0.0003613763720866636
06/07/2022 06:58:45.217 - oc_logger - INFO - Function evaluation number: 34, FoM: 0.00018194888859746072
06/07/2022 06:58:45.226 - oc_logger - INFO - Function evaluation number: 35, FoM: 0.0006353622756580801
06/07/2022 06:58:45.234 - oc_logger - INFO - Function evaluation number: 36, FoM: 5.168730357418827e-05
06/07/2022 06:58:45.242 - oc_logger - INFO - Function evaluation number: 37, FoM: 0.0001364330569109118
06/07/2022 06:58:45.250 - oc_logger - INFO - Function evaluation number: 38, FoM: 0.0002971177186690266
06/07/2022 06:58:45.258 - oc_logger - INFO - Function evaluation number: 39, FoM: 4.534723395432927e-05
06/07/2022 06:58:45.266 - oc_logger - INFO - Function evaluation number: 40, FoM: 4.392080397752629e-05
06/07/2022 06:58:45.274 - oc_logger - INFO - Function evaluation number: 41, FoM: 3.098154300429368e-05
06/07/2022 06:58:45.282 - oc_logger - INFO - Function evaluation number: 42, FoM: 0.0002240881712731735
06/07/2022 06:58:45.290 - oc_logger - INFO - Function evaluation number: 43, FoM: 2.087586694110577e-05
06/07/2022 06:58:45.298 - oc_logger - INFO - Function evaluation number: 44, FoM: 0.00034942058724951597
06/07/2022 06:58:45.305 - oc_logger - INFO - Function evaluation number: 45, FoM: 7.681667268877312e-05
06/07/2022 06:58:45.314 - oc_logger - INFO - Function evaluation number: 46, FoM: 2.1127435313461618e-05
06/07/2022 06:58:45.321 - oc_logger - INFO - Function evaluation number: 47, FoM: 4.943495163156619e-05
06/07/2022 06:58:45.330 - oc_logger - INFO - Function evaluation number: 48, FoM: 8.111730357840408e-05
06/07/2022 06:58:45.338 - oc_logger - INFO - Function evaluation number: 49, FoM: 4.938554943634266e-05
06/07/2022 06:58:45.346 - oc_logger - INFO - Function evaluation number: 50, FoM: 1.5962281327608352e-05
06/07/2022 06:58:45.355 - oc_logger - INFO - Function evaluation number: 51, FoM: 8.111730357840408e-05
06/07/2022 06:58:45.364 - oc_logger - INFO - Function evaluation number: 52, FoM: 8.711438001629546e-06
06/07/2022 06:58:45.371 - oc_logger - INFO - Function evaluation number: 53, FoM: 3.8101872515405866e-05
06/07/2022 06:58:45.380 - oc_logger - INFO - Function evaluation number: 54, FoM: 5.412250364633664e-05
06/07/2022 06:58:45.389 - oc_logger - INFO - Function evaluation number: 55, FoM: 1.0262745579581178e-05
06/07/2022 06:58:45.399 - oc_logger - INFO - Function evaluation number: 56, FoM: 2.5659867572747075e-05
06/07/2022 06:58:45.408 - oc_logger - INFO - Function evaluation number: 57, FoM: 2.0517004619691193e-06
06/07/2022 06:58:45.410 - oc_logger - INFO - Figure of merit : 2.0517004619691193e-06
06/07/2022 06:58:45.410 - oc_logger - INFO - parameters : [4.15034685 4.56899406]
06/07/2022 06:58:45.411 - oc_logger - INFO - terminate_reason : Convergence of the simplex.
