06/05/2022 01:58:59.371 - oc_logger - INFO - The optimization direction is minimization
06/05/2022 01:58:59.374 - oc_logger - INFO - QuOCS version number: 0.0.22
06/05/2022 01:58:59.374 - oc_logger - INFO - Direct search start time has been reset.
06/05/2022 01:58:59.690 - oc_logger - INFO - New record achieved. Previous FoM: 10000000000.0, new best FoM : 0.9753328061254639
06/05/2022 01:58:59.690 - oc_logger - INFO - Function evaluation number: 1, SI: 1, Sub-iteration number: 0, FoM: 0.9753328061254639
06/05/2022 01:58:59.961 - oc_logger - INFO - Function evaluation number: 2, SI: 1, Sub-iteration number: 0, FoM: 0.9753414459159864
06/05/2022 01:59:00.258 - oc_logger - INFO - New record achieved. Previous FoM: 0.9753328061254639, new best FoM : 0.9753271074285987
06/05/2022 01:59:00.258 - oc_logger - INFO - Function evaluation number: 3, SI: 1, Sub-iteration number: 0, FoM: 0.9753271074285987
06/05/2022 01:59:00.624 - oc_logger - INFO - Function evaluation number: 4, SI: 1, Sub-iteration number: 0, FoM: 0.9753468301548655
06/05/2022 01:59:00.962 - oc_logger - INFO - Function evaluation number: 5, SI: 1, Sub-iteration number: 0, FoM: 0.9753433788484679
06/05/2022 01:59:01.220 - oc_logger - INFO - Function evaluation number: 6, SI: 1, Sub-iteration number: 0, FoM: 0.9753544825271776
06/05/2022 01:59:01.632 - oc_logger - INFO - Function evaluation number: 7, SI: 1, Sub-iteration number: 0, FoM: 0.9753391077929552
06/05/2022 01:59:01.987 - oc_logger - INFO - New record achieved. Previous FoM: 0.9753271074285987, new best FoM : 0.9753148481617055
06/05/2022 01:59:01.987 - oc_logger - INFO - Function evaluation number: 8, SI: 1, Sub-iteration number: 0, FoM: 0.9753148481617055
06/05/2022 01:59:02.393 - oc_logger - INFO - Function evaluation number: 9, SI: 1, Sub-iteration number: 0, FoM: 0.9753872791852659
06/05/2022 01:59:02.744 - oc_logger - INFO - New record achieved. Previous FoM: 0.9753148481617055, new best FoM : 0.9752876715363982
06/05/2022 01:59:02.744 - oc_logger - INFO - Function evaluation number: 10, SI: 1, Sub-iteration number: 1, FoM: 0.9752876715363982
06/05/2022 01:59:03.088 - oc_logger - INFO - New record achieved. Previous FoM: 0.9752876715363982, new best FoM : 0.9752752056263018
06/05/2022 01:59:03.088 - oc_logger - INFO - Function evaluation number: 11, SI: 1, Sub-iteration number: 1, FoM: 0.9752752056263018
06/05/2022 01:59:03.091 - oc_logger - INFO - SI 1 finished - Number of evaluations: 11, Best FoM: 0.9752752056263018, Terminate reason: Convergence of the FoM.

06/05/2022 01:59:03.091 - oc_logger - INFO - Direct search start time has been reset.
06/05/2022 01:59:03.426 - oc_logger - INFO - Function evaluation number: 12, SI: 2, Sub-iteration number: 0, FoM: 0.9752752056263018
06/05/2022 01:59:03.772 - oc_logger - INFO - New record achieved. Previous FoM: 0.9752752056263018, new best FoM : 0.9742963208524141
06/05/2022 01:59:03.772 - oc_logger - INFO - Function evaluation number: 13, SI: 2, Sub-iteration number: 0, FoM: 0.9742963208524141
06/05/2022 01:59:04.117 - oc_logger - INFO - Function evaluation number: 14, SI: 2, Sub-iteration number: 0, FoM: 0.9744262507584714
06/05/2022 01:59:04.458 - oc_logger - INFO - Function evaluation number: 15, SI: 2, Sub-iteration number: 0, FoM: 0.9772177970945585
06/05/2022 01:59:04.800 - oc_logger - INFO - New record achieved. Previous FoM: 0.9742963208524141, new best FoM : 0.9729840929073458
06/05/2022 01:59:04.800 - oc_logger - INFO - Function evaluation number: 16, SI: 2, Sub-iteration number: 0, FoM: 0.9729840929073458
06/05/2022 01:59:05.143 - oc_logger - INFO - Function evaluation number: 17, SI: 2, Sub-iteration number: 0, FoM: 0.9758698010123967
06/05/2022 01:59:05.488 - oc_logger - INFO - Function evaluation number: 18, SI: 2, Sub-iteration number: 0, FoM: 0.9756342718629971
06/05/2022 01:59:05.872 - oc_logger - INFO - Function evaluation number: 19, SI: 2, Sub-iteration number: 0, FoM: 0.9756481678802564
06/05/2022 01:59:06.135 - oc_logger - INFO - Function evaluation number: 20, SI: 2, Sub-iteration number: 0, FoM: 0.9746736155088805
06/05/2022 01:59:06.427 - oc_logger - INFO - New record achieved. Previous FoM: 0.9729840929073458, new best FoM : 0.9723749050210536
06/05/2022 01:59:06.428 - oc_logger - INFO - Function evaluation number: 21, SI: 2, Sub-iteration number: 1, FoM: 0.9723749050210536
06/05/2022 01:59:06.770 - oc_logger - INFO - New record achieved. Previous FoM: 0.9723749050210536, new best FoM : 0.9717341398421404
06/05/2022 01:59:06.771 - oc_logger - INFO - Function evaluation number: 22, SI: 2, Sub-iteration number: 1, FoM: 0.9717341398421404
06/05/2022 01:59:07.116 - oc_logger - INFO - Function evaluation number: 23, SI: 2, Sub-iteration number: 2, FoM: 0.9727817616376264
06/05/2022 01:59:07.459 - oc_logger - INFO - Function evaluation number: 24, SI: 2, Sub-iteration number: 3, FoM: 0.9722771735400889
06/05/2022 01:59:07.799 - oc_logger - INFO - New record achieved. Previous FoM: 0.9717341398421404, new best FoM : 0.971416976096688
06/05/2022 01:59:07.799 - oc_logger - INFO - Function evaluation number: 25, SI: 2, Sub-iteration number: 4, FoM: 0.971416976096688
06/05/2022 01:59:08.141 - oc_logger - INFO - New record achieved. Previous FoM: 0.971416976096688, new best FoM : 0.9708646530873416
06/05/2022 01:59:08.141 - oc_logger - INFO - Function evaluation number: 26, SI: 2, Sub-iteration number: 4, FoM: 0.9708646530873416
06/05/2022 01:59:08.487 - oc_logger - INFO - New record achieved. Previous FoM: 0.9708646530873416, new best FoM : 0.9706621912291531
06/05/2022 01:59:08.487 - oc_logger - INFO - Function evaluation number: 27, SI: 2, Sub-iteration number: 5, FoM: 0.9706621912291531
06/05/2022 01:59:08.831 - oc_logger - INFO - New record achieved. Previous FoM: 0.9706621912291531, new best FoM : 0.9700561712829058
06/05/2022 01:59:08.831 - oc_logger - INFO - Function evaluation number: 28, SI: 2, Sub-iteration number: 5, FoM: 0.9700561712829058
06/05/2022 01:59:09.175 - oc_logger - INFO - Function evaluation number: 29, SI: 2, Sub-iteration number: 6, FoM: 0.9701222508346563
06/05/2022 01:59:09.506 - oc_logger - INFO - New record achieved. Previous FoM: 0.9700561712829058, new best FoM : 0.9692617622546342
06/05/2022 01:59:09.506 - oc_logger - INFO - Function evaluation number: 30, SI: 2, Sub-iteration number: 7, FoM: 0.9692617622546342
06/05/2022 01:59:09.827 - oc_logger - INFO - New record achieved. Previous FoM: 0.9692617622546342, new best FoM : 0.9685803682715136
06/05/2022 01:59:09.827 - oc_logger - INFO - Function evaluation number: 31, SI: 2, Sub-iteration number: 7, FoM: 0.9685803682715136
06/05/2022 01:59:10.171 - oc_logger - INFO - New record achieved. Previous FoM: 0.9685803682715136, new best FoM : 0.9679050736514373
06/05/2022 01:59:10.171 - oc_logger - INFO - Function evaluation number: 32, SI: 2, Sub-iteration number: 8, FoM: 0.9679050736514373
06/05/2022 01:59:10.516 - oc_logger - INFO - New record achieved. Previous FoM: 0.9679050736514373, new best FoM : 0.9670538264146271
06/05/2022 01:59:10.516 - oc_logger - INFO - Function evaluation number: 33, SI: 2, Sub-iteration number: 8, FoM: 0.9670538264146271
06/05/2022 01:59:10.862 - oc_logger - INFO - Function evaluation number: 34, SI: 2, Sub-iteration number: 9, FoM: 0.9678208698258559
06/05/2022 01:59:11.205 - oc_logger - INFO - New record achieved. Previous FoM: 0.9670538264146271, new best FoM : 0.966738323852717
06/05/2022 01:59:11.206 - oc_logger - INFO - Function evaluation number: 35, SI: 2, Sub-iteration number: 10, FoM: 0.966738323852717
06/05/2022 01:59:11.550 - oc_logger - INFO - New record achieved. Previous FoM: 0.966738323852717, new best FoM : 0.965938113759813
06/05/2022 01:59:11.550 - oc_logger - INFO - Function evaluation number: 36, SI: 2, Sub-iteration number: 10, FoM: 0.965938113759813
06/05/2022 01:59:11.897 - oc_logger - INFO - New record achieved. Previous FoM: 0.965938113759813, new best FoM : 0.9656372097655687
06/05/2022 01:59:11.897 - oc_logger - INFO - Function evaluation number: 37, SI: 2, Sub-iteration number: 11, FoM: 0.9656372097655687
06/05/2022 01:59:12.243 - oc_logger - INFO - New record achieved. Previous FoM: 0.9656372097655687, new best FoM : 0.9647546716375344
06/05/2022 01:59:12.244 - oc_logger - INFO - Function evaluation number: 38, SI: 2, Sub-iteration number: 11, FoM: 0.9647546716375344
06/05/2022 01:59:12.589 - oc_logger - INFO - New record achieved. Previous FoM: 0.9647546716375344, new best FoM : 0.9644114964941646
06/05/2022 01:59:12.590 - oc_logger - INFO - Function evaluation number: 39, SI: 2, Sub-iteration number: 12, FoM: 0.9644114964941646
06/05/2022 01:59:12.933 - oc_logger - INFO - New record achieved. Previous FoM: 0.9644114964941646, new best FoM : 0.963434712794515
06/05/2022 01:59:12.933 - oc_logger - INFO - Function evaluation number: 40, SI: 2, Sub-iteration number: 12, FoM: 0.963434712794515
06/05/2022 01:59:13.278 - oc_logger - INFO - Function evaluation number: 41, SI: 2, Sub-iteration number: 13, FoM: 0.9634357535933326
06/05/2022 01:59:13.621 - oc_logger - INFO - New record achieved. Previous FoM: 0.963434712794515, new best FoM : 0.962499156660895
06/05/2022 01:59:13.621 - oc_logger - INFO - Function evaluation number: 42, SI: 2, Sub-iteration number: 14, FoM: 0.962499156660895
06/05/2022 01:59:13.944 - oc_logger - INFO - New record achieved. Previous FoM: 0.962499156660895, new best FoM : 0.9614826627048912
06/05/2022 01:59:13.944 - oc_logger - INFO - Function evaluation number: 43, SI: 2, Sub-iteration number: 14, FoM: 0.9614826627048912
06/05/2022 01:59:14.291 - oc_logger - INFO - New record achieved. Previous FoM: 0.9614826627048912, new best FoM : 0.9602893148438151
06/05/2022 01:59:14.291 - oc_logger - INFO - Function evaluation number: 44, SI: 2, Sub-iteration number: 15, FoM: 0.9602893148438151
06/05/2022 01:59:14.636 - oc_logger - INFO - New record achieved. Previous FoM: 0.9602893148438151, new best FoM : 0.9589679976427851
06/05/2022 01:59:14.636 - oc_logger - INFO - Function evaluation number: 45, SI: 2, Sub-iteration number: 15, FoM: 0.9589679976427851
06/05/2022 01:59:14.980 - oc_logger - INFO - Function evaluation number: 46, SI: 2, Sub-iteration number: 16, FoM: 0.9594522872506299
06/05/2022 01:59:15.279 - oc_logger - INFO - New record achieved. Previous FoM: 0.9589679976427851, new best FoM : 0.958082142707974
06/05/2022 01:59:15.279 - oc_logger - INFO - Function evaluation number: 47, SI: 2, Sub-iteration number: 17, FoM: 0.958082142707974
06/05/2022 01:59:15.661 - oc_logger - INFO - New record achieved. Previous FoM: 0.958082142707974, new best FoM : 0.9567721964215118
06/05/2022 01:59:15.661 - oc_logger - INFO - Function evaluation number: 48, SI: 2, Sub-iteration number: 17, FoM: 0.9567721964215118
06/05/2022 01:59:16.057 - oc_logger - INFO - New record achieved. Previous FoM: 0.9567721964215118, new best FoM : 0.9562263551271115
06/05/2022 01:59:16.057 - oc_logger - INFO - Function evaluation number: 49, SI: 2, Sub-iteration number: 18, FoM: 0.9562263551271115
06/05/2022 01:59:16.448 - oc_logger - INFO - New record achieved. Previous FoM: 0.9562263551271115, new best FoM : 0.9547620482774861
06/05/2022 01:59:16.448 - oc_logger - INFO - Function evaluation number: 50, SI: 2, Sub-iteration number: 18, FoM: 0.9547620482774861
06/05/2022 01:59:16.843 - oc_logger - INFO - New record achieved. Previous FoM: 0.9547620482774861, new best FoM : 0.9545460528403129
06/05/2022 01:59:16.843 - oc_logger - INFO - Function evaluation number: 51, SI: 2, Sub-iteration number: 19, FoM: 0.9545460528403129
06/05/2022 01:59:17.234 - oc_logger - INFO - New record achieved. Previous FoM: 0.9545460528403129, new best FoM : 0.9530046411545281
06/05/2022 01:59:17.234 - oc_logger - INFO - Function evaluation number: 52, SI: 2, Sub-iteration number: 19, FoM: 0.9530046411545281
06/05/2022 01:59:17.576 - oc_logger - INFO - New record achieved. Previous FoM: 0.9530046411545281, new best FoM : 0.9527900801439267
06/05/2022 01:59:17.576 - oc_logger - INFO - Function evaluation number: 53, SI: 2, Sub-iteration number: 20, FoM: 0.9527900801439267
06/05/2022 01:59:17.921 - oc_logger - INFO - New record achieved. Previous FoM: 0.9527900801439267, new best FoM : 0.951170239867799
06/05/2022 01:59:17.921 - oc_logger - INFO - Function evaluation number: 54, SI: 2, Sub-iteration number: 20, FoM: 0.951170239867799
06/05/2022 01:59:18.257 - oc_logger - INFO - New record achieved. Previous FoM: 0.951170239867799, new best FoM : 0.9510552349824364
06/05/2022 01:59:18.257 - oc_logger - INFO - Function evaluation number: 55, SI: 2, Sub-iteration number: 21, FoM: 0.9510552349824364
06/05/2022 01:59:18.603 - oc_logger - INFO - New record achieved. Previous FoM: 0.9510552349824364, new best FoM : 0.9493798145846137
06/05/2022 01:59:18.604 - oc_logger - INFO - Function evaluation number: 56, SI: 2, Sub-iteration number: 21, FoM: 0.9493798145846137
06/05/2022 01:59:18.952 - oc_logger - INFO - New record achieved. Previous FoM: 0.9493798145846137, new best FoM : 0.9472432939520437
06/05/2022 01:59:18.952 - oc_logger - INFO - Function evaluation number: 57, SI: 2, Sub-iteration number: 22, FoM: 0.9472432939520437
06/05/2022 01:59:19.296 - oc_logger - INFO - New record achieved. Previous FoM: 0.9472432939520437, new best FoM : 0.945009701840751
06/05/2022 01:59:19.296 - oc_logger - INFO - Function evaluation number: 58, SI: 2, Sub-iteration number: 22, FoM: 0.945009701840751
06/05/2022 01:59:19.608 - oc_logger - INFO - Function evaluation number: 59, SI: 2, Sub-iteration number: 23, FoM: 0.9451572307372199
06/05/2022 01:59:19.949 - oc_logger - INFO - New record achieved. Previous FoM: 0.945009701840751, new best FoM : 0.9436897307094302
06/05/2022 01:59:19.949 - oc_logger - INFO - Function evaluation number: 60, SI: 2, Sub-iteration number: 24, FoM: 0.9436897307094302
06/05/2022 01:59:20.297 - oc_logger - INFO - New record achieved. Previous FoM: 0.9436897307094302, new best FoM : 0.9415378356335331
06/05/2022 01:59:20.297 - oc_logger - INFO - Function evaluation number: 61, SI: 2, Sub-iteration number: 24, FoM: 0.9415378356335331
06/05/2022 01:59:20.645 - oc_logger - INFO - New record achieved. Previous FoM: 0.9415378356335331, new best FoM : 0.9395428453160743
06/05/2022 01:59:20.645 - oc_logger - INFO - Function evaluation number: 62, SI: 2, Sub-iteration number: 25, FoM: 0.9395428453160743
06/05/2022 01:59:20.993 - oc_logger - INFO - New record achieved. Previous FoM: 0.9395428453160743, new best FoM : 0.9368554769049642
06/05/2022 01:59:20.994 - oc_logger - INFO - Function evaluation number: 63, SI: 2, Sub-iteration number: 25, FoM: 0.9368554769049642
06/05/2022 01:59:21.342 - oc_logger - INFO - New record achieved. Previous FoM: 0.9368554769049642, new best FoM : 0.9368076703351066
06/05/2022 01:59:21.342 - oc_logger - INFO - Function evaluation number: 64, SI: 2, Sub-iteration number: 26, FoM: 0.9368076703351066
06/05/2022 01:59:21.691 - oc_logger - INFO - New record achieved. Previous FoM: 0.9368076703351066, new best FoM : 0.9340511280166491
06/05/2022 01:59:21.691 - oc_logger - INFO - Function evaluation number: 65, SI: 2, Sub-iteration number: 26, FoM: 0.9340511280166491
06/05/2022 01:59:22.039 - oc_logger - INFO - New record achieved. Previous FoM: 0.9340511280166491, new best FoM : 0.9336369793079885
06/05/2022 01:59:22.040 - oc_logger - INFO - Function evaluation number: 66, SI: 2, Sub-iteration number: 27, FoM: 0.9336369793079885
06/05/2022 01:59:22.389 - oc_logger - INFO - New record achieved. Previous FoM: 0.9336369793079885, new best FoM : 0.9307211014749127
06/05/2022 01:59:22.389 - oc_logger - INFO - Function evaluation number: 67, SI: 2, Sub-iteration number: 27, FoM: 0.9307211014749127
06/05/2022 01:59:22.738 - oc_logger - INFO - New record achieved. Previous FoM: 0.9307211014749127, new best FoM : 0.9297120310437361
06/05/2022 01:59:22.738 - oc_logger - INFO - Function evaluation number: 68, SI: 2, Sub-iteration number: 28, FoM: 0.9297120310437361
06/05/2022 01:59:23.089 - oc_logger - INFO - New record achieved. Previous FoM: 0.9297120310437361, new best FoM : 0.926483322767334
06/05/2022 01:59:23.089 - oc_logger - INFO - Function evaluation number: 69, SI: 2, Sub-iteration number: 28, FoM: 0.926483322767334
06/05/2022 01:59:23.438 - oc_logger - INFO - New record achieved. Previous FoM: 0.926483322767334, new best FoM : 0.9252232852253596
06/05/2022 01:59:23.438 - oc_logger - INFO - Function evaluation number: 70, SI: 2, Sub-iteration number: 29, FoM: 0.9252232852253596
06/05/2022 01:59:23.791 - oc_logger - INFO - New record achieved. Previous FoM: 0.9252232852253596, new best FoM : 0.9216092351219798
06/05/2022 01:59:23.791 - oc_logger - INFO - Function evaluation number: 71, SI: 2, Sub-iteration number: 29, FoM: 0.9216092351219798
06/05/2022 01:59:24.172 - oc_logger - INFO - New record achieved. Previous FoM: 0.9216092351219798, new best FoM : 0.9198227667215564
06/05/2022 01:59:24.172 - oc_logger - INFO - Function evaluation number: 72, SI: 2, Sub-iteration number: 30, FoM: 0.9198227667215564
06/05/2022 01:59:24.565 - oc_logger - INFO - New record achieved. Previous FoM: 0.9198227667215564, new best FoM : 0.9156779695424794
06/05/2022 01:59:24.565 - oc_logger - INFO - Function evaluation number: 73, SI: 2, Sub-iteration number: 30, FoM: 0.9156779695424794
06/05/2022 01:59:24.964 - oc_logger - INFO - Function evaluation number: 74, SI: 2, Sub-iteration number: 31, FoM: 0.9170366730297529
06/05/2022 01:59:25.358 - oc_logger - INFO - New record achieved. Previous FoM: 0.9156779695424794, new best FoM : 0.9094084753931283
06/05/2022 01:59:25.358 - oc_logger - INFO - Function evaluation number: 75, SI: 2, Sub-iteration number: 32, FoM: 0.9094084753931283
06/05/2022 01:59:25.612 - oc_logger - INFO - New record achieved. Previous FoM: 0.9094084753931283, new best FoM : 0.9043859732499027
06/05/2022 01:59:25.612 - oc_logger - INFO - Function evaluation number: 76, SI: 2, Sub-iteration number: 32, FoM: 0.9043859732499027
06/05/2022 01:59:25.858 - oc_logger - INFO - New record achieved. Previous FoM: 0.9043859732499027, new best FoM : 0.903582642113809
06/05/2022 01:59:25.859 - oc_logger - INFO - Function evaluation number: 77, SI: 2, Sub-iteration number: 33, FoM: 0.903582642113809
06/05/2022 01:59:26.141 - oc_logger - INFO - New record achieved. Previous FoM: 0.903582642113809, new best FoM : 0.8982373814885527
06/05/2022 01:59:26.141 - oc_logger - INFO - Function evaluation number: 78, SI: 2, Sub-iteration number: 33, FoM: 0.8982373814885527
06/05/2022 01:59:26.486 - oc_logger - INFO - Function evaluation number: 79, SI: 2, Sub-iteration number: 34, FoM: 0.8988824431621255
06/05/2022 01:59:26.828 - oc_logger - INFO - New record achieved. Previous FoM: 0.8982373814885527, new best FoM : 0.8926293850492935
06/05/2022 01:59:26.828 - oc_logger - INFO - Function evaluation number: 80, SI: 2, Sub-iteration number: 35, FoM: 0.8926293850492935
06/05/2022 01:59:27.237 - oc_logger - INFO - New record achieved. Previous FoM: 0.8926293850492935, new best FoM : 0.8868295758531324
06/05/2022 01:59:27.238 - oc_logger - INFO - Function evaluation number: 81, SI: 2, Sub-iteration number: 35, FoM: 0.8868295758531324
06/05/2022 01:59:27.559 - oc_logger - INFO - New record achieved. Previous FoM: 0.8868295758531324, new best FoM : 0.8847309240496826
06/05/2022 01:59:27.559 - oc_logger - INFO - Function evaluation number: 82, SI: 2, Sub-iteration number: 36, FoM: 0.8847309240496826
06/05/2022 01:59:27.878 - oc_logger - INFO - New record achieved. Previous FoM: 0.8847309240496826, new best FoM : 0.8782724929840734
06/05/2022 01:59:27.878 - oc_logger - INFO - Function evaluation number: 83, SI: 2, Sub-iteration number: 36, FoM: 0.8782724929840734
06/05/2022 01:59:28.152 - oc_logger - INFO - New record achieved. Previous FoM: 0.8782724929840734, new best FoM : 0.8768352516429958
06/05/2022 01:59:28.152 - oc_logger - INFO - Function evaluation number: 84, SI: 2, Sub-iteration number: 37, FoM: 0.8768352516429958
06/05/2022 01:59:28.436 - oc_logger - INFO - New record achieved. Previous FoM: 0.8768352516429958, new best FoM : 0.8698725340544688
06/05/2022 01:59:28.436 - oc_logger - INFO - Function evaluation number: 85, SI: 2, Sub-iteration number: 37, FoM: 0.8698725340544688
06/05/2022 01:59:28.784 - oc_logger - INFO - New record achieved. Previous FoM: 0.8698725340544688, new best FoM : 0.8687865764954384
06/05/2022 01:59:28.784 - oc_logger - INFO - Function evaluation number: 86, SI: 2, Sub-iteration number: 38, FoM: 0.8687865764954384
06/05/2022 01:59:29.127 - oc_logger - INFO - New record achieved. Previous FoM: 0.8687865764954384, new best FoM : 0.8614015693730126
06/05/2022 01:59:29.127 - oc_logger - INFO - Function evaluation number: 87, SI: 2, Sub-iteration number: 38, FoM: 0.8614015693730126
06/05/2022 01:59:29.512 - oc_logger - INFO - New record achieved. Previous FoM: 0.8614015693730126, new best FoM : 0.8592900112026495
06/05/2022 01:59:29.512 - oc_logger - INFO - Function evaluation number: 88, SI: 2, Sub-iteration number: 39, FoM: 0.8592900112026495
06/05/2022 01:59:29.943 - oc_logger - INFO - New record achieved. Previous FoM: 0.8592900112026495, new best FoM : 0.8512285770190445
06/05/2022 01:59:29.943 - oc_logger - INFO - Function evaluation number: 89, SI: 2, Sub-iteration number: 39, FoM: 0.8512285770190445
06/05/2022 01:59:30.372 - oc_logger - INFO - New record achieved. Previous FoM: 0.8512285770190445, new best FoM : 0.8455098084654299
06/05/2022 01:59:30.372 - oc_logger - INFO - Function evaluation number: 90, SI: 2, Sub-iteration number: 40, FoM: 0.8455098084654299
06/05/2022 01:59:30.807 - oc_logger - INFO - New record achieved. Previous FoM: 0.8455098084654299, new best FoM : 0.8389660020433074
06/05/2022 01:59:30.807 - oc_logger - INFO - Function evaluation number: 91, SI: 2, Sub-iteration number: 40, FoM: 0.8389660020433074
06/05/2022 01:59:31.234 - oc_logger - INFO - Function evaluation number: 92, SI: 2, Sub-iteration number: 41, FoM: 0.8412927470199612
06/05/2022 01:59:31.633 - oc_logger - INFO - New record achieved. Previous FoM: 0.8389660020433074, new best FoM : 0.8349589191276008
06/05/2022 01:59:31.633 - oc_logger - INFO - Function evaluation number: 93, SI: 2, Sub-iteration number: 42, FoM: 0.8349589191276008
06/05/2022 01:59:32.032 - oc_logger - INFO - New record achieved. Previous FoM: 0.8349589191276008, new best FoM : 0.8301900558629737
06/05/2022 01:59:32.032 - oc_logger - INFO - Function evaluation number: 94, SI: 2, Sub-iteration number: 42, FoM: 0.8301900558629737
06/05/2022 01:59:32.444 - oc_logger - INFO - New record achieved. Previous FoM: 0.8301900558629737, new best FoM : 0.8262800775632981
06/05/2022 01:59:32.444 - oc_logger - INFO - Function evaluation number: 95, SI: 2, Sub-iteration number: 43, FoM: 0.8262800775632981
06/05/2022 01:59:32.869 - oc_logger - INFO - New record achieved. Previous FoM: 0.8262800775632981, new best FoM : 0.8236536093957731
06/05/2022 01:59:32.869 - oc_logger - INFO - Function evaluation number: 96, SI: 2, Sub-iteration number: 43, FoM: 0.8236536093957731
06/05/2022 01:59:33.257 - oc_logger - INFO - New record achieved. Previous FoM: 0.8236536093957731, new best FoM : 0.82361231369349
06/05/2022 01:59:33.257 - oc_logger - INFO - Function evaluation number: 97, SI: 2, Sub-iteration number: 44, FoM: 0.82361231369349
06/05/2022 01:59:33.606 - oc_logger - INFO - New record achieved. Previous FoM: 0.82361231369349, new best FoM : 0.8214317004684315
06/05/2022 01:59:33.606 - oc_logger - INFO - Function evaluation number: 98, SI: 2, Sub-iteration number: 44, FoM: 0.8214317004684315
06/05/2022 01:59:33.951 - oc_logger - INFO - New record achieved. Previous FoM: 0.8214317004684315, new best FoM : 0.8200222397240046
06/05/2022 01:59:33.952 - oc_logger - INFO - Function evaluation number: 99, SI: 2, Sub-iteration number: 45, FoM: 0.8200222397240046
06/05/2022 01:59:34.299 - oc_logger - INFO - New record achieved. Previous FoM: 0.8200222397240046, new best FoM : 0.8181417873689962
06/05/2022 01:59:34.299 - oc_logger - INFO - Function evaluation number: 100, SI: 2, Sub-iteration number: 45, FoM: 0.8181417873689962
06/05/2022 01:59:34.651 - oc_logger - INFO - Function evaluation number: 101, SI: 2, Sub-iteration number: 46, FoM: 0.8181546984756067
06/05/2022 01:59:34.994 - oc_logger - INFO - New record achieved. Previous FoM: 0.8181417873689962, new best FoM : 0.8170429070731915
06/05/2022 01:59:34.994 - oc_logger - INFO - Function evaluation number: 102, SI: 2, Sub-iteration number: 47, FoM: 0.8170429070731915
06/05/2022 01:59:35.341 - oc_logger - INFO - New record achieved. Previous FoM: 0.8170429070731915, new best FoM : 0.8163496719761154
06/05/2022 01:59:35.341 - oc_logger - INFO - Function evaluation number: 103, SI: 2, Sub-iteration number: 47, FoM: 0.8163496719761154
06/05/2022 01:59:35.746 - oc_logger - INFO - Function evaluation number: 104, SI: 2, Sub-iteration number: 48, FoM: 0.8165953284949783
06/05/2022 01:59:36.137 - oc_logger - INFO - New record achieved. Previous FoM: 0.8163496719761154, new best FoM : 0.8155957669418228
06/05/2022 01:59:36.137 - oc_logger - INFO - Function evaluation number: 105, SI: 2, Sub-iteration number: 49, FoM: 0.8155957669418228
06/05/2022 01:59:36.535 - oc_logger - INFO - New record achieved. Previous FoM: 0.8155957669418228, new best FoM : 0.8152793497874329
06/05/2022 01:59:36.535 - oc_logger - INFO - Function evaluation number: 106, SI: 2, Sub-iteration number: 49, FoM: 0.8152793497874329
06/05/2022 01:59:36.893 - oc_logger - INFO - New record achieved. Previous FoM: 0.8152793497874329, new best FoM : 0.8149058802937912
06/05/2022 01:59:36.894 - oc_logger - INFO - Function evaluation number: 107, SI: 2, Sub-iteration number: 50, FoM: 0.8149058802937912
06/05/2022 01:59:37.241 - oc_logger - INFO - New record achieved. Previous FoM: 0.8149058802937912, new best FoM : 0.81468288718949
06/05/2022 01:59:37.241 - oc_logger - INFO - Function evaluation number: 108, SI: 2, Sub-iteration number: 50, FoM: 0.81468288718949
06/05/2022 01:59:37.592 - oc_logger - INFO - Function evaluation number: 109, SI: 2, Sub-iteration number: 51, FoM: 0.8148146525099043
06/05/2022 01:59:37.972 - oc_logger - INFO - New record achieved. Previous FoM: 0.81468288718949, new best FoM : 0.8146038008063781
06/05/2022 01:59:37.973 - oc_logger - INFO - Function evaluation number: 110, SI: 2, Sub-iteration number: 52, FoM: 0.8146038008063781
06/05/2022 01:59:38.323 - oc_logger - INFO - New record achieved. Previous FoM: 0.8146038008063781, new best FoM : 0.8144838807978947
06/05/2022 01:59:38.323 - oc_logger - INFO - Function evaluation number: 111, SI: 2, Sub-iteration number: 52, FoM: 0.8144838807978947
06/05/2022 01:59:38.673 - oc_logger - INFO - New record achieved. Previous FoM: 0.8144838807978947, new best FoM : 0.8144185720453897
06/05/2022 01:59:38.673 - oc_logger - INFO - Function evaluation number: 112, SI: 2, Sub-iteration number: 53, FoM: 0.8144185720453897
06/05/2022 01:59:39.022 - oc_logger - INFO - New record achieved. Previous FoM: 0.8144185720453897, new best FoM : 0.8142992454366544
06/05/2022 01:59:39.022 - oc_logger - INFO - Function evaluation number: 113, SI: 2, Sub-iteration number: 53, FoM: 0.8142992454366544
06/05/2022 01:59:39.372 - oc_logger - INFO - Function evaluation number: 114, SI: 2, Sub-iteration number: 54, FoM: 0.814475576758001
06/05/2022 01:59:39.719 - oc_logger - INFO - Function evaluation number: 115, SI: 2, Sub-iteration number: 55, FoM: 0.8143162495537364
06/05/2022 01:59:40.089 - oc_logger - INFO - New record achieved. Previous FoM: 0.8142992454366544, new best FoM : 0.8140643893282993
06/05/2022 01:59:40.091 - oc_logger - INFO - Function evaluation number: 116, SI: 2, Sub-iteration number: 56, FoM: 0.8140643893282993
06/05/2022 01:59:40.485 - oc_logger - INFO - New record achieved. Previous FoM: 0.8140643893282993, new best FoM : 0.8139595676047855
06/05/2022 01:59:40.485 - oc_logger - INFO - Function evaluation number: 117, SI: 2, Sub-iteration number: 56, FoM: 0.8139595676047855
06/05/2022 01:59:40.834 - oc_logger - INFO - New record achieved. Previous FoM: 0.8139595676047855, new best FoM : 0.8139074710487144
06/05/2022 01:59:40.834 - oc_logger - INFO - Function evaluation number: 118, SI: 2, Sub-iteration number: 57, FoM: 0.8139074710487144
06/05/2022 01:59:41.060 - oc_logger - INFO - New record achieved. Previous FoM: 0.8139074710487144, new best FoM : 0.8138363125268154
06/05/2022 01:59:41.062 - oc_logger - INFO - Function evaluation number: 119, SI: 2, Sub-iteration number: 57, FoM: 0.8138363125268154
06/05/2022 01:59:41.354 - oc_logger - INFO - Function evaluation number: 120, SI: 2, Sub-iteration number: 58, FoM: 0.8138929506752889
06/05/2022 01:59:41.715 - oc_logger - INFO - Function evaluation number: 121, SI: 2, Sub-iteration number: 59, FoM: 0.8138477921683147
06/05/2022 01:59:42.065 - oc_logger - INFO - New record achieved. Previous FoM: 0.8138363125268154, new best FoM : 0.8138354452346107
06/05/2022 01:59:42.066 - oc_logger - INFO - Function evaluation number: 122, SI: 2, Sub-iteration number: 60, FoM: 0.8138354452346107
06/05/2022 01:59:42.376 - oc_logger - INFO - Function evaluation number: 123, SI: 2, Sub-iteration number: 60, FoM: 0.8138354452346107
06/05/2022 01:59:42.376 - oc_logger - INFO - SI 2 finished - Number of evaluations: 112, Best FoM: 0.8138354452346107, Terminate reason: Convergence of the FoM.

06/05/2022 01:59:42.376 - oc_logger - INFO - Direct search start time has been reset.
06/05/2022 01:59:42.730 - oc_logger - INFO - Function evaluation number: 124, SI: 3, Sub-iteration number: 0, FoM: 0.8138354452346107
06/05/2022 01:59:43.078 - oc_logger - INFO - Function evaluation number: 125, SI: 3, Sub-iteration number: 0, FoM: 0.8138354452346107
06/05/2022 01:59:43.420 - oc_logger - INFO - Function evaluation number: 126, SI: 3, Sub-iteration number: 0, FoM: 0.8138354452346107
06/05/2022 01:59:43.768 - oc_logger - INFO - Function evaluation number: 127, SI: 3, Sub-iteration number: 0, FoM: 0.8138354452346107
06/05/2022 01:59:44.116 - oc_logger - INFO - Function evaluation number: 128, SI: 3, Sub-iteration number: 0, FoM: 0.8138354452346107
06/05/2022 01:59:44.466 - oc_logger - INFO - Function evaluation number: 129, SI: 3, Sub-iteration number: 0, FoM: 0.8138354452346107
06/05/2022 01:59:44.814 - oc_logger - INFO - Function evaluation number: 130, SI: 3, Sub-iteration number: 0, FoM: 0.8138354452346107
06/05/2022 01:59:45.160 - oc_logger - INFO - Function evaluation number: 131, SI: 3, Sub-iteration number: 0, FoM: 0.8138354452346107
06/05/2022 01:59:45.471 - oc_logger - INFO - Function evaluation number: 132, SI: 3, Sub-iteration number: 0, FoM: 0.8138354452346107
06/05/2022 01:59:45.802 - oc_logger - INFO - Function evaluation number: 133, SI: 3, Sub-iteration number: 1, FoM: 0.8138354452346107
06/05/2022 01:59:46.150 - oc_logger - INFO - Function evaluation number: 134, SI: 3, Sub-iteration number: 1, FoM: 0.8138354452346107
06/05/2022 01:59:46.534 - oc_logger - INFO - Function evaluation number: 135, SI: 3, Sub-iteration number: 1, FoM: 0.8138354452346107
06/05/2022 01:59:46.828 - oc_logger - INFO - Function evaluation number: 136, SI: 3, Sub-iteration number: 1, FoM: 0.8138354452346107
06/05/2022 01:59:47.221 - oc_logger - INFO - Function evaluation number: 137, SI: 3, Sub-iteration number: 1, FoM: 0.8138354452346107
06/05/2022 01:59:47.666 - oc_logger - INFO - Function evaluation number: 138, SI: 3, Sub-iteration number: 1, FoM: 0.8138354452346107
06/05/2022 01:59:48.093 - oc_logger - INFO - Function evaluation number: 139, SI: 3, Sub-iteration number: 1, FoM: 0.8138354452346107
06/05/2022 01:59:48.564 - oc_logger - INFO - Function evaluation number: 140, SI: 3, Sub-iteration number: 1, FoM: 0.8138354452346107
06/05/2022 01:59:48.900 - oc_logger - INFO - Function evaluation number: 141, SI: 3, Sub-iteration number: 1, FoM: 0.8138354452346107
06/05/2022 01:59:49.223 - oc_logger - INFO - Function evaluation number: 142, SI: 3, Sub-iteration number: 1, FoM: 0.8138354452346107
06/05/2022 01:59:49.223 - oc_logger - INFO - SI 3 finished - Number of evaluations: 19, Best FoM: 0.8138354452346107, Terminate reason: Convergence of the FoM.

06/05/2022 01:59:49.225 - oc_logger - INFO - Figure of merit : 0.8138354452346107
06/05/2022 01:59:49.225 - oc_logger - INFO - Std : 0.0
06/05/2022 01:59:49.225 - oc_logger - INFO - total number of function evaluations : 142
06/05/2022 01:59:49.226 - oc_logger - INFO - dcrab_freq_list : [array([[ 16.01633068,  51.33844959, 134.9099959 , 189.06895115]]), array([[  0.32592536,  99.86573371, 107.4194315 , 187.92799531]]), array([[  0.94866014,  92.55232641, 125.99185029, 186.5964908 ]])]
06/05/2022 01:59:49.227 - oc_logger - INFO - dcrab_para_list : [array([ 0.00225796,  0.09994864,  0.10393962,  0.11564323,  0.15251786,
        0.10583316,  0.29097544, -0.33350514]), array([16.77090495,  1.07880651, -8.67165057, 13.48657907,  1.57554211,
       -4.14606492,  1.43198993,  2.86275496]), array([0., 0., 0., 0., 0., 0., 0., 0.])]
06/05/2022 01:59:49.227 - oc_logger - INFO - terminate_reason : Convergence of the FoM.
