06/05/2022 02:15:59.162 - oc_logger - INFO - The optimization direction is minimization
06/05/2022 02:15:59.164 - oc_logger - INFO - QuOCS version number: 0.0.22
06/05/2022 02:15:59.164 - oc_logger - INFO - Direct search start time has been reset.
06/05/2022 02:15:59.289 - oc_logger - INFO - New record achieved. Previous FoM: 10000000000.0, new best FoM : 0.7323441036043131
06/05/2022 02:15:59.289 - oc_logger - INFO - Function evaluation number: 1, SI: 1, Sub-iteration number: 0, FoM: 0.7323441036043131
06/05/2022 02:15:59.417 - oc_logger - INFO - New record achieved. Previous FoM: 0.7323441036043131, new best FoM : 0.7270594686106648
06/05/2022 02:15:59.418 - oc_logger - INFO - Function evaluation number: 2, SI: 1, Sub-iteration number: 0, FoM: 0.7270594686106648
06/05/2022 02:15:59.556 - oc_logger - INFO - Function evaluation number: 3, SI: 1, Sub-iteration number: 0, FoM: 0.7390726184077174
06/05/2022 02:15:59.684 - oc_logger - INFO - Function evaluation number: 4, SI: 1, Sub-iteration number: 0, FoM: 0.7471061718824517
06/05/2022 02:15:59.820 - oc_logger - INFO - New record achieved. Previous FoM: 0.7270594686106648, new best FoM : 0.7178160061191827
06/05/2022 02:15:59.820 - oc_logger - INFO - Function evaluation number: 5, SI: 1, Sub-iteration number: 0, FoM: 0.7178160061191827
06/05/2022 02:15:59.951 - oc_logger - INFO - Function evaluation number: 6, SI: 1, Sub-iteration number: 0, FoM: 0.7287941885098375
06/05/2022 02:16:00.101 - oc_logger - INFO - Function evaluation number: 7, SI: 1, Sub-iteration number: 0, FoM: 0.7312920882966396
06/05/2022 02:16:00.227 - oc_logger - INFO - Function evaluation number: 8, SI: 1, Sub-iteration number: 0, FoM: 0.7259834273886003
06/05/2022 02:16:00.354 - oc_logger - INFO - Function evaluation number: 9, SI: 1, Sub-iteration number: 0, FoM: 0.7280802096249603
06/05/2022 02:16:00.482 - oc_logger - INFO - New record achieved. Previous FoM: 0.7178160061191827, new best FoM : 0.702494977319231
06/05/2022 02:16:00.483 - oc_logger - INFO - Function evaluation number: 10, SI: 1, Sub-iteration number: 1, FoM: 0.702494977319231
06/05/2022 02:16:00.620 - oc_logger - INFO - New record achieved. Previous FoM: 0.702494977319231, new best FoM : 0.6941610310635615
06/05/2022 02:16:00.620 - oc_logger - INFO - Function evaluation number: 11, SI: 1, Sub-iteration number: 1, FoM: 0.6941610310635615
06/05/2022 02:16:00.753 - oc_logger - INFO - Function evaluation number: 12, SI: 1, Sub-iteration number: 2, FoM: 0.706571978626523
06/05/2022 02:16:00.885 - oc_logger - INFO - Function evaluation number: 13, SI: 1, Sub-iteration number: 3, FoM: 0.7103854358038383
06/05/2022 02:16:01.017 - oc_logger - INFO - Function evaluation number: 14, SI: 1, Sub-iteration number: 4, FoM: 0.7064995918267791
06/05/2022 02:16:01.143 - oc_logger - INFO - Function evaluation number: 15, SI: 1, Sub-iteration number: 5, FoM: 0.6986441580560254
06/05/2022 02:16:01.272 - oc_logger - INFO - New record achieved. Previous FoM: 0.6941610310635615, new best FoM : 0.6917912198729215
06/05/2022 02:16:01.272 - oc_logger - INFO - Function evaluation number: 16, SI: 1, Sub-iteration number: 6, FoM: 0.6917912198729215
06/05/2022 02:16:01.408 - oc_logger - INFO - New record achieved. Previous FoM: 0.6917912198729215, new best FoM : 0.6858053395421553
06/05/2022 02:16:01.408 - oc_logger - INFO - Function evaluation number: 17, SI: 1, Sub-iteration number: 6, FoM: 0.6858053395421553
06/05/2022 02:16:01.538 - oc_logger - INFO - New record achieved. Previous FoM: 0.6858053395421553, new best FoM : 0.6721659393455529
06/05/2022 02:16:01.538 - oc_logger - INFO - Function evaluation number: 18, SI: 1, Sub-iteration number: 7, FoM: 0.6721659393455529
06/05/2022 02:16:01.671 - oc_logger - INFO - New record achieved. Previous FoM: 0.6721659393455529, new best FoM : 0.6613112576824063
06/05/2022 02:16:01.671 - oc_logger - INFO - Function evaluation number: 19, SI: 1, Sub-iteration number: 7, FoM: 0.6613112576824063
06/05/2022 02:16:01.803 - oc_logger - INFO - New record achieved. Previous FoM: 0.6613112576824063, new best FoM : 0.653279115789876
06/05/2022 02:16:01.803 - oc_logger - INFO - Function evaluation number: 20, SI: 1, Sub-iteration number: 8, FoM: 0.653279115789876
06/05/2022 02:16:01.932 - oc_logger - INFO - New record achieved. Previous FoM: 0.653279115789876, new best FoM : 0.6391947822202053
06/05/2022 02:16:01.932 - oc_logger - INFO - Function evaluation number: 21, SI: 1, Sub-iteration number: 8, FoM: 0.6391947822202053
06/05/2022 02:16:02.093 - oc_logger - INFO - Function evaluation number: 22, SI: 1, Sub-iteration number: 9, FoM: 0.6634625199751718
06/05/2022 02:16:02.226 - oc_logger - INFO - Function evaluation number: 23, SI: 1, Sub-iteration number: 10, FoM: 0.6476986071932067
06/05/2022 02:16:02.352 - oc_logger - INFO - New record achieved. Previous FoM: 0.6391947822202053, new best FoM : 0.6371473836854551
06/05/2022 02:16:02.352 - oc_logger - INFO - Function evaluation number: 24, SI: 1, Sub-iteration number: 11, FoM: 0.6371473836854551
06/05/2022 02:16:02.482 - oc_logger - INFO - New record achieved. Previous FoM: 0.6371473836854551, new best FoM : 0.6258425897765527
06/05/2022 02:16:02.482 - oc_logger - INFO - Function evaluation number: 25, SI: 1, Sub-iteration number: 11, FoM: 0.6258425897765527
06/05/2022 02:16:02.615 - oc_logger - INFO - New record achieved. Previous FoM: 0.6258425897765527, new best FoM : 0.6120567676718756
06/05/2022 02:16:02.615 - oc_logger - INFO - Function evaluation number: 26, SI: 1, Sub-iteration number: 12, FoM: 0.6120567676718756
06/05/2022 02:16:02.744 - oc_logger - INFO - New record achieved. Previous FoM: 0.6120567676718756, new best FoM : 0.596466682495988
06/05/2022 02:16:02.744 - oc_logger - INFO - Function evaluation number: 27, SI: 1, Sub-iteration number: 12, FoM: 0.596466682495988
06/05/2022 02:16:02.870 - oc_logger - INFO - Function evaluation number: 28, SI: 1, Sub-iteration number: 13, FoM: 0.6017463963356444
06/05/2022 02:16:02.996 - oc_logger - INFO - New record achieved. Previous FoM: 0.596466682495988, new best FoM : 0.5751734760080616
06/05/2022 02:16:02.996 - oc_logger - INFO - Function evaluation number: 29, SI: 1, Sub-iteration number: 14, FoM: 0.5751734760080616
06/05/2022 02:16:03.122 - oc_logger - INFO - New record achieved. Previous FoM: 0.5751734760080616, new best FoM : 0.5565859632457006
06/05/2022 02:16:03.122 - oc_logger - INFO - Function evaluation number: 30, SI: 1, Sub-iteration number: 14, FoM: 0.5565859632457006
06/05/2022 02:16:03.260 - oc_logger - INFO - New record achieved. Previous FoM: 0.5565859632457006, new best FoM : 0.5526448848820215
06/05/2022 02:16:03.260 - oc_logger - INFO - Function evaluation number: 31, SI: 1, Sub-iteration number: 15, FoM: 0.5526448848820215
06/05/2022 02:16:03.391 - oc_logger - INFO - New record achieved. Previous FoM: 0.5526448848820215, new best FoM : 0.5326379986858893
06/05/2022 02:16:03.392 - oc_logger - INFO - Function evaluation number: 32, SI: 1, Sub-iteration number: 15, FoM: 0.5326379986858893
06/05/2022 02:16:03.525 - oc_logger - INFO - New record achieved. Previous FoM: 0.5326379986858893, new best FoM : 0.5245245452260612
06/05/2022 02:16:03.525 - oc_logger - INFO - Function evaluation number: 33, SI: 1, Sub-iteration number: 16, FoM: 0.5245245452260612
06/05/2022 02:16:03.649 - oc_logger - INFO - New record achieved. Previous FoM: 0.5245245452260612, new best FoM : 0.4997078287533575
06/05/2022 02:16:03.650 - oc_logger - INFO - Function evaluation number: 34, SI: 1, Sub-iteration number: 16, FoM: 0.4997078287533575
06/05/2022 02:16:03.800 - oc_logger - INFO - Function evaluation number: 35, SI: 1, Sub-iteration number: 17, FoM: 0.5089166589366882
06/05/2022 02:16:03.928 - oc_logger - INFO - New record achieved. Previous FoM: 0.4997078287533575, new best FoM : 0.4839123948783094
06/05/2022 02:16:03.928 - oc_logger - INFO - Function evaluation number: 36, SI: 1, Sub-iteration number: 18, FoM: 0.4839123948783094
06/05/2022 02:16:04.061 - oc_logger - INFO - New record achieved. Previous FoM: 0.4839123948783094, new best FoM : 0.4604679194505502
06/05/2022 02:16:04.061 - oc_logger - INFO - Function evaluation number: 37, SI: 1, Sub-iteration number: 18, FoM: 0.4604679194505502
06/05/2022 02:16:04.190 - oc_logger - INFO - New record achieved. Previous FoM: 0.4604679194505502, new best FoM : 0.45254992143706185
06/05/2022 02:16:04.190 - oc_logger - INFO - Function evaluation number: 38, SI: 1, Sub-iteration number: 19, FoM: 0.45254992143706185
06/05/2022 02:16:04.325 - oc_logger - INFO - New record achieved. Previous FoM: 0.45254992143706185, new best FoM : 0.4280353913092195
06/05/2022 02:16:04.325 - oc_logger - INFO - Function evaluation number: 39, SI: 1, Sub-iteration number: 19, FoM: 0.4280353913092195
06/05/2022 02:16:04.458 - oc_logger - INFO - New record achieved. Previous FoM: 0.4280353913092195, new best FoM : 0.4084514994840509
06/05/2022 02:16:04.458 - oc_logger - INFO - Function evaluation number: 40, SI: 1, Sub-iteration number: 20, FoM: 0.4084514994840509
06/05/2022 02:16:04.583 - oc_logger - INFO - New record achieved. Previous FoM: 0.4084514994840509, new best FoM : 0.37873487810375517
06/05/2022 02:16:04.583 - oc_logger - INFO - Function evaluation number: 41, SI: 1, Sub-iteration number: 20, FoM: 0.37873487810375517
06/05/2022 02:16:04.712 - oc_logger - INFO - New record achieved. Previous FoM: 0.37873487810375517, new best FoM : 0.37708937129714737
06/05/2022 02:16:04.713 - oc_logger - INFO - Function evaluation number: 42, SI: 1, Sub-iteration number: 21, FoM: 0.37708937129714737
06/05/2022 02:16:04.847 - oc_logger - INFO - New record achieved. Previous FoM: 0.37708937129714737, new best FoM : 0.3467387696980301
06/05/2022 02:16:04.847 - oc_logger - INFO - Function evaluation number: 43, SI: 1, Sub-iteration number: 21, FoM: 0.3467387696980301
06/05/2022 02:16:04.972 - oc_logger - INFO - New record achieved. Previous FoM: 0.3467387696980301, new best FoM : 0.3224601134259846
06/05/2022 02:16:04.972 - oc_logger - INFO - Function evaluation number: 44, SI: 1, Sub-iteration number: 22, FoM: 0.3224601134259846
06/05/2022 02:16:05.109 - oc_logger - INFO - New record achieved. Previous FoM: 0.3224601134259846, new best FoM : 0.2881327233385881
06/05/2022 02:16:05.109 - oc_logger - INFO - Function evaluation number: 45, SI: 1, Sub-iteration number: 22, FoM: 0.2881327233385881
06/05/2022 02:16:05.236 - oc_logger - INFO - Function evaluation number: 46, SI: 1, Sub-iteration number: 23, FoM: 0.29468117572383057
06/05/2022 02:16:05.366 - oc_logger - INFO - New record achieved. Previous FoM: 0.2881327233385881, new best FoM : 0.2604299269764798
06/05/2022 02:16:05.366 - oc_logger - INFO - Function evaluation number: 47, SI: 1, Sub-iteration number: 24, FoM: 0.2604299269764798
06/05/2022 02:16:05.499 - oc_logger - INFO - New record achieved. Previous FoM: 0.2604299269764798, new best FoM : 0.2273591714727683
06/05/2022 02:16:05.499 - oc_logger - INFO - Function evaluation number: 48, SI: 1, Sub-iteration number: 24, FoM: 0.2273591714727683
06/05/2022 02:16:05.626 - oc_logger - INFO - New record achieved. Previous FoM: 0.2273591714727683, new best FoM : 0.21891030605167028
06/05/2022 02:16:05.626 - oc_logger - INFO - Function evaluation number: 49, SI: 1, Sub-iteration number: 25, FoM: 0.21891030605167028
06/05/2022 02:16:05.750 - oc_logger - INFO - New record achieved. Previous FoM: 0.21891030605167028, new best FoM : 0.186045844003359
06/05/2022 02:16:05.750 - oc_logger - INFO - Function evaluation number: 50, SI: 1, Sub-iteration number: 25, FoM: 0.186045844003359
06/05/2022 02:16:05.884 - oc_logger - INFO - Function evaluation number: 51, SI: 1, Sub-iteration number: 26, FoM: 0.19957603433754456
06/05/2022 02:16:06.010 - oc_logger - INFO - New record achieved. Previous FoM: 0.186045844003359, new best FoM : 0.14591893269265888
06/05/2022 02:16:06.011 - oc_logger - INFO - Function evaluation number: 52, SI: 1, Sub-iteration number: 27, FoM: 0.14591893269265888
06/05/2022 02:16:06.147 - oc_logger - INFO - New record achieved. Previous FoM: 0.14591893269265888, new best FoM : 0.11863758971620642
06/05/2022 02:16:06.147 - oc_logger - INFO - Function evaluation number: 53, SI: 1, Sub-iteration number: 27, FoM: 0.11863758971620642
06/05/2022 02:16:06.293 - oc_logger - INFO - New record achieved. Previous FoM: 0.11863758971620642, new best FoM : 0.0974611661154029
06/05/2022 02:16:06.293 - oc_logger - INFO - Function evaluation number: 54, SI: 1, Sub-iteration number: 28, FoM: 0.0974611661154029
06/05/2022 02:16:06.419 - oc_logger - INFO - New record achieved. Previous FoM: 0.0974611661154029, new best FoM : 0.0700970051825347
06/05/2022 02:16:06.419 - oc_logger - INFO - Function evaluation number: 55, SI: 1, Sub-iteration number: 28, FoM: 0.0700970051825347
06/05/2022 02:16:06.546 - oc_logger - INFO - Function evaluation number: 56, SI: 1, Sub-iteration number: 29, FoM: 0.07926488869591675
06/05/2022 02:16:06.675 - oc_logger - INFO - New record achieved. Previous FoM: 0.0700970051825347, new best FoM : 0.06191179169067462
06/05/2022 02:16:06.675 - oc_logger - INFO - Function evaluation number: 57, SI: 1, Sub-iteration number: 30, FoM: 0.06191179169067462
06/05/2022 02:16:06.807 - oc_logger - INFO - New record achieved. Previous FoM: 0.06191179169067462, new best FoM : 0.04778569999594773
06/05/2022 02:16:06.807 - oc_logger - INFO - Function evaluation number: 58, SI: 1, Sub-iteration number: 30, FoM: 0.04778569999594773
06/05/2022 02:16:06.946 - oc_logger - INFO - Function evaluation number: 59, SI: 1, Sub-iteration number: 31, FoM: 0.053265908673280404
06/05/2022 02:16:07.070 - oc_logger - INFO - New record achieved. Previous FoM: 0.04778569999594773, new best FoM : 0.034230092068810225
06/05/2022 02:16:07.070 - oc_logger - INFO - Function evaluation number: 60, SI: 1, Sub-iteration number: 32, FoM: 0.034230092068810225
06/05/2022 02:16:07.203 - oc_logger - INFO - Function evaluation number: 61, SI: 1, Sub-iteration number: 32, FoM: 0.03486010207993928
06/05/2022 02:16:07.314 - oc_logger - INFO - Function evaluation number: 62, SI: 1, Sub-iteration number: 33, FoM: 0.053877540987944395
06/05/2022 02:16:07.447 - oc_logger - INFO - New record achieved. Previous FoM: 0.034230092068810225, new best FoM : 0.010260979499994605
06/05/2022 02:16:07.447 - oc_logger - INFO - Function evaluation number: 63, SI: 1, Sub-iteration number: 34, FoM: 0.010260979499994605
06/05/2022 02:16:07.575 - oc_logger - INFO - Function evaluation number: 64, SI: 1, Sub-iteration number: 34, FoM: 0.01314068926233214
06/05/2022 02:16:07.712 - oc_logger - INFO - Function evaluation number: 65, SI: 1, Sub-iteration number: 35, FoM: 0.07092994941462738
06/05/2022 02:16:07.849 - oc_logger - INFO - Function evaluation number: 66, SI: 1, Sub-iteration number: 36, FoM: 0.04971559246706658
06/05/2022 02:16:07.978 - oc_logger - INFO - Function evaluation number: 67, SI: 1, Sub-iteration number: 37, FoM: 0.06930405201798928
