17/06/2022 19:20:36.497 - oc_logger - INFO - The optimization direction is minimization
17/06/2022 19:20:36.500 - oc_logger - INFO - QuOCS version number: 0.0.27
17/06/2022 19:20:36.500 - oc_logger - INFO - Direct search start time has been reset.
17/06/2022 19:20:36.641 - oc_logger - INFO - New record achieved. Previous FoM: 10000000000.0, new best FoM : 0.4785285957393617
17/06/2022 19:20:36.642 - oc_logger - INFO - Function evaluation number: 1, SI: 1, Sub-iteration number: 0, FoM: 0.4785285957393617
17/06/2022 19:20:36.798 - oc_logger - INFO - New record achieved. Previous FoM: 0.4785285957393617, new best FoM : 0.4783281869028252
17/06/2022 19:20:36.801 - oc_logger - INFO - Function evaluation number: 2, SI: 1, Sub-iteration number: 0, FoM: 0.4783281869028252
17/06/2022 19:20:36.958 - oc_logger - INFO - Function evaluation number: 3, SI: 1, Sub-iteration number: 0, FoM: 0.4785424783026725
17/06/2022 19:20:37.112 - oc_logger - INFO - Function evaluation number: 4, SI: 1, Sub-iteration number: 0, FoM: 0.47919247870529147
17/06/2022 19:20:37.263 - oc_logger - INFO - New record achieved. Previous FoM: 0.4783281869028252, new best FoM : 0.4772180581811062
17/06/2022 19:20:37.263 - oc_logger - INFO - Function evaluation number: 5, SI: 1, Sub-iteration number: 0, FoM: 0.4772180581811062
17/06/2022 19:20:37.409 - oc_logger - INFO - Function evaluation number: 6, SI: 1, Sub-iteration number: 0, FoM: 0.47866858604523055
17/06/2022 19:20:37.556 - oc_logger - INFO - Function evaluation number: 7, SI: 1, Sub-iteration number: 0, FoM: 0.47887422518805145
17/06/2022 19:20:37.706 - oc_logger - INFO - Function evaluation number: 8, SI: 1, Sub-iteration number: 0, FoM: 0.4784748721349479
17/06/2022 19:20:37.858 - oc_logger - INFO - Function evaluation number: 9, SI: 1, Sub-iteration number: 0, FoM: 0.4786036067073378
17/06/2022 19:20:38.009 - oc_logger - INFO - Function evaluation number: 10, SI: 1, Sub-iteration number: 0, FoM: 0.4868033719406337
17/06/2022 19:20:38.158 - oc_logger - INFO - New record achieved. Previous FoM: 0.4772180581811062, new best FoM : 0.4767432914074331
17/06/2022 19:20:38.158 - oc_logger - INFO - Function evaluation number: 11, SI: 1, Sub-iteration number: 1, FoM: 0.4767432914074331
17/06/2022 19:20:38.300 - oc_logger - INFO - New record achieved. Previous FoM: 0.4767432914074331, new best FoM : 0.4764301443935407
17/06/2022 19:20:38.300 - oc_logger - INFO - Function evaluation number: 12, SI: 1, Sub-iteration number: 1, FoM: 0.4764301443935407
17/06/2022 19:20:38.448 - oc_logger - INFO - Function evaluation number: 13, SI: 1, Sub-iteration number: 2, FoM: 0.47759091470540516
17/06/2022 19:20:38.592 - oc_logger - INFO - New record achieved. Previous FoM: 0.4764301443935407, new best FoM : 0.4753405923945224
17/06/2022 19:20:38.592 - oc_logger - INFO - Function evaluation number: 14, SI: 1, Sub-iteration number: 3, FoM: 0.4753405923945224
17/06/2022 19:20:38.735 - oc_logger - INFO - New record achieved. Previous FoM: 0.4753405923945224, new best FoM : 0.4747520470205897
17/06/2022 19:20:38.735 - oc_logger - INFO - Function evaluation number: 15, SI: 1, Sub-iteration number: 3, FoM: 0.4747520470205897
17/06/2022 19:20:38.879 - oc_logger - INFO - Function evaluation number: 16, SI: 1, Sub-iteration number: 4, FoM: 0.48003003293249535
17/06/2022 19:20:39.022 - oc_logger - INFO - Function evaluation number: 17, SI: 1, Sub-iteration number: 4, FoM: 0.47783332972752446
17/06/2022 19:20:39.170 - oc_logger - INFO - New record achieved. Previous FoM: 0.4747520470205897, new best FoM : 0.4744149896865256
17/06/2022 19:20:39.170 - oc_logger - INFO - Function evaluation number: 18, SI: 1, Sub-iteration number: 5, FoM: 0.4744149896865256
17/06/2022 19:20:39.310 - oc_logger - INFO - New record achieved. Previous FoM: 0.4744149896865256, new best FoM : 0.4736653405708271
17/06/2022 19:20:39.310 - oc_logger - INFO - Function evaluation number: 19, SI: 1, Sub-iteration number: 5, FoM: 0.4736653405708271
17/06/2022 19:20:39.450 - oc_logger - INFO - Function evaluation number: 20, SI: 1, Sub-iteration number: 6, FoM: 0.4767287827205664
17/06/2022 19:20:39.588 - oc_logger - INFO - New record achieved. Previous FoM: 0.4736653405708271, new best FoM : 0.4722605391028586
17/06/2022 19:20:39.588 - oc_logger - INFO - Function evaluation number: 21, SI: 1, Sub-iteration number: 7, FoM: 0.4722605391028586
17/06/2022 19:20:39.728 - oc_logger - INFO - New record achieved. Previous FoM: 0.4722605391028586, new best FoM : 0.47110240908247014
17/06/2022 19:20:39.728 - oc_logger - INFO - Function evaluation number: 22, SI: 1, Sub-iteration number: 7, FoM: 0.47110240908247014
17/06/2022 19:20:39.871 - oc_logger - INFO - New record achieved. Previous FoM: 0.47110240908247014, new best FoM : 0.46933957416081273
17/06/2022 19:20:39.871 - oc_logger - INFO - Function evaluation number: 23, SI: 1, Sub-iteration number: 8, FoM: 0.46933957416081273
17/06/2022 19:20:40.021 - oc_logger - INFO - New record achieved. Previous FoM: 0.46933957416081273, new best FoM : 0.4675579567472361
17/06/2022 19:20:40.022 - oc_logger - INFO - Function evaluation number: 24, SI: 1, Sub-iteration number: 8, FoM: 0.4675579567472361
17/06/2022 19:20:40.177 - oc_logger - INFO - Function evaluation number: 25, SI: 1, Sub-iteration number: 9, FoM: 0.476138972850366
17/06/2022 19:20:40.322 - oc_logger - INFO - Function evaluation number: 26, SI: 1, Sub-iteration number: 10, FoM: 0.46991809211405255
17/06/2022 19:20:40.467 - oc_logger - INFO - Function evaluation number: 27, SI: 1, Sub-iteration number: 11, FoM: 0.4682914344950463
17/06/2022 19:20:40.609 - oc_logger - INFO - New record achieved. Previous FoM: 0.4675579567472361, new best FoM : 0.46666364748304145
17/06/2022 19:20:40.609 - oc_logger - INFO - Function evaluation number: 28, SI: 1, Sub-iteration number: 12, FoM: 0.46666364748304145
17/06/2022 19:20:40.758 - oc_logger - INFO - New record achieved. Previous FoM: 0.46666364748304145, new best FoM : 0.4651565239807497
17/06/2022 19:20:40.758 - oc_logger - INFO - Function evaluation number: 29, SI: 1, Sub-iteration number: 12, FoM: 0.4651565239807497
17/06/2022 19:20:40.895 - oc_logger - INFO - Function evaluation number: 30, SI: 1, Sub-iteration number: 13, FoM: 0.4662217048484202
17/06/2022 19:20:41.040 - oc_logger - INFO - New record achieved. Previous FoM: 0.4651565239807497, new best FoM : 0.46186445554961186
17/06/2022 19:20:41.040 - oc_logger - INFO - Function evaluation number: 31, SI: 1, Sub-iteration number: 14, FoM: 0.46186445554961186
17/06/2022 19:20:41.185 - oc_logger - INFO - New record achieved. Previous FoM: 0.46186445554961186, new best FoM : 0.4597556834502975
17/06/2022 19:20:41.185 - oc_logger - INFO - Function evaluation number: 32, SI: 1, Sub-iteration number: 14, FoM: 0.4597556834502975
17/06/2022 19:20:41.326 - oc_logger - INFO - Function evaluation number: 33, SI: 1, Sub-iteration number: 15, FoM: 0.4646025254711411
17/06/2022 19:20:41.466 - oc_logger - INFO - New record achieved. Previous FoM: 0.4597556834502975, new best FoM : 0.45717966787759434
17/06/2022 19:20:41.466 - oc_logger - INFO - Function evaluation number: 34, SI: 1, Sub-iteration number: 16, FoM: 0.45717966787759434
17/06/2022 19:20:41.605 - oc_logger - INFO - New record achieved. Previous FoM: 0.45717966787759434, new best FoM : 0.4546211192644748
17/06/2022 19:20:41.605 - oc_logger - INFO - Function evaluation number: 35, SI: 1, Sub-iteration number: 16, FoM: 0.4546211192644748
17/06/2022 19:20:41.752 - oc_logger - INFO - New record achieved. Previous FoM: 0.4546211192644748, new best FoM : 0.4526338914334287
17/06/2022 19:20:41.752 - oc_logger - INFO - Function evaluation number: 36, SI: 1, Sub-iteration number: 17, FoM: 0.4526338914334287
17/06/2022 19:20:41.895 - oc_logger - INFO - New record achieved. Previous FoM: 0.4526338914334287, new best FoM : 0.4493512954695047
17/06/2022 19:20:41.895 - oc_logger - INFO - Function evaluation number: 37, SI: 1, Sub-iteration number: 17, FoM: 0.4493512954695047
17/06/2022 19:20:42.045 - oc_logger - INFO - Function evaluation number: 38, SI: 1, Sub-iteration number: 18, FoM: 0.45166607519722135
17/06/2022 19:20:42.194 - oc_logger - INFO - New record achieved. Previous FoM: 0.4493512954695047, new best FoM : 0.4487326069750056
17/06/2022 19:20:42.195 - oc_logger - INFO - Function evaluation number: 39, SI: 1, Sub-iteration number: 19, FoM: 0.4487326069750056
17/06/2022 19:20:42.329 - oc_logger - INFO - New record achieved. Previous FoM: 0.4487326069750056, new best FoM : 0.44566911026867173
17/06/2022 19:20:42.329 - oc_logger - INFO - Function evaluation number: 40, SI: 1, Sub-iteration number: 19, FoM: 0.44566911026867173
17/06/2022 19:20:42.472 - oc_logger - INFO - New record achieved. Previous FoM: 0.44566911026867173, new best FoM : 0.4454357462453059
17/06/2022 19:20:42.472 - oc_logger - INFO - Function evaluation number: 41, SI: 1, Sub-iteration number: 20, FoM: 0.4454357462453059
17/06/2022 19:20:42.616 - oc_logger - INFO - New record achieved. Previous FoM: 0.4454357462453059, new best FoM : 0.4421859942121221
17/06/2022 19:20:42.616 - oc_logger - INFO - Function evaluation number: 42, SI: 1, Sub-iteration number: 20, FoM: 0.4421859942121221
17/06/2022 19:20:42.756 - oc_logger - INFO - New record achieved. Previous FoM: 0.4421859942121221, new best FoM : 0.44206588446423034
17/06/2022 19:20:42.756 - oc_logger - INFO - Function evaluation number: 43, SI: 1, Sub-iteration number: 21, FoM: 0.44206588446423034
17/06/2022 19:20:42.898 - oc_logger - INFO - New record achieved. Previous FoM: 0.44206588446423034, new best FoM : 0.4388390768373803
17/06/2022 19:20:42.899 - oc_logger - INFO - Function evaluation number: 44, SI: 1, Sub-iteration number: 21, FoM: 0.4388390768373803
17/06/2022 19:20:43.049 - oc_logger - INFO - New record achieved. Previous FoM: 0.4388390768373803, new best FoM : 0.43546370143611435
17/06/2022 19:20:43.049 - oc_logger - INFO - Function evaluation number: 45, SI: 1, Sub-iteration number: 22, FoM: 0.43546370143611435
17/06/2022 19:20:43.190 - oc_logger - INFO - New record achieved. Previous FoM: 0.43546370143611435, new best FoM : 0.4312643680359518
17/06/2022 19:20:43.190 - oc_logger - INFO - Function evaluation number: 46, SI: 1, Sub-iteration number: 22, FoM: 0.4312643680359518
17/06/2022 19:20:43.332 - oc_logger - INFO - New record achieved. Previous FoM: 0.4312643680359518, new best FoM : 0.42676338917887346
17/06/2022 19:20:43.332 - oc_logger - INFO - Function evaluation number: 47, SI: 1, Sub-iteration number: 23, FoM: 0.42676338917887346
17/06/2022 19:20:43.472 - oc_logger - INFO - New record achieved. Previous FoM: 0.42676338917887346, new best FoM : 0.4212237801793176
17/06/2022 19:20:43.472 - oc_logger - INFO - Function evaluation number: 48, SI: 1, Sub-iteration number: 23, FoM: 0.4212237801793176
17/06/2022 19:20:43.615 - oc_logger - INFO - Function evaluation number: 49, SI: 1, Sub-iteration number: 24, FoM: 0.42316434791726454
17/06/2022 19:20:43.759 - oc_logger - INFO - New record achieved. Previous FoM: 0.4212237801793176, new best FoM : 0.41701314291575187
17/06/2022 19:20:43.759 - oc_logger - INFO - Function evaluation number: 50, SI: 1, Sub-iteration number: 25, FoM: 0.41701314291575187
17/06/2022 19:20:43.896 - oc_logger - INFO - New record achieved. Previous FoM: 0.41701314291575187, new best FoM : 0.41153583150552675
17/06/2022 19:20:43.896 - oc_logger - INFO - Function evaluation number: 51, SI: 1, Sub-iteration number: 25, FoM: 0.41153583150552675
17/06/2022 19:20:44.030 - oc_logger - INFO - Function evaluation number: 52, SI: 1, Sub-iteration number: 26, FoM: 0.4122437506831558
17/06/2022 19:20:44.173 - oc_logger - INFO - New record achieved. Previous FoM: 0.41153583150552675, new best FoM : 0.4051500164562095
17/06/2022 19:20:44.173 - oc_logger - INFO - Function evaluation number: 53, SI: 1, Sub-iteration number: 27, FoM: 0.4051500164562095
17/06/2022 19:20:44.314 - oc_logger - INFO - New record achieved. Previous FoM: 0.4051500164562095, new best FoM : 0.39891558515959025
17/06/2022 19:20:44.314 - oc_logger - INFO - Function evaluation number: 54, SI: 1, Sub-iteration number: 27, FoM: 0.39891558515959025
17/06/2022 19:20:44.462 - oc_logger - INFO - New record achieved. Previous FoM: 0.39891558515959025, new best FoM : 0.3954043877199883
17/06/2022 19:20:44.462 - oc_logger - INFO - Function evaluation number: 55, SI: 1, Sub-iteration number: 28, FoM: 0.3954043877199883
17/06/2022 19:20:44.606 - oc_logger - INFO - New record achieved. Previous FoM: 0.3954043877199883, new best FoM : 0.38817194833819757
17/06/2022 19:20:44.606 - oc_logger - INFO - Function evaluation number: 56, SI: 1, Sub-iteration number: 28, FoM: 0.38817194833819757
17/06/2022 19:20:44.751 - oc_logger - INFO - New record achieved. Previous FoM: 0.38817194833819757, new best FoM : 0.38626491717950884
17/06/2022 19:20:44.751 - oc_logger - INFO - Function evaluation number: 57, SI: 1, Sub-iteration number: 29, FoM: 0.38626491717950884
17/06/2022 19:20:44.899 - oc_logger - INFO - New record achieved. Previous FoM: 0.38626491717950884, new best FoM : 0.3784260949403996
17/06/2022 19:20:44.899 - oc_logger - INFO - Function evaluation number: 58, SI: 1, Sub-iteration number: 29, FoM: 0.3784260949403996
17/06/2022 19:20:45.045 - oc_logger - INFO - New record achieved. Previous FoM: 0.3784260949403996, new best FoM : 0.3749373317753021
17/06/2022 19:20:45.045 - oc_logger - INFO - Function evaluation number: 59, SI: 1, Sub-iteration number: 30, FoM: 0.3749373317753021
17/06/2022 19:20:45.188 - oc_logger - INFO - New record achieved. Previous FoM: 0.3749373317753021, new best FoM : 0.3661085205294914
17/06/2022 19:20:45.188 - oc_logger - INFO - Function evaluation number: 60, SI: 1, Sub-iteration number: 30, FoM: 0.3661085205294914
17/06/2022 19:20:45.335 - oc_logger - INFO - Function evaluation number: 61, SI: 1, Sub-iteration number: 31, FoM: 0.36623459657632484
17/06/2022 19:20:45.483 - oc_logger - INFO - New record achieved. Previous FoM: 0.3661085205294914, new best FoM : 0.3558385022487025
17/06/2022 19:20:45.483 - oc_logger - INFO - Function evaluation number: 62, SI: 1, Sub-iteration number: 32, FoM: 0.3558385022487025
17/06/2022 19:20:45.619 - oc_logger - INFO - New record achieved. Previous FoM: 0.3558385022487025, new best FoM : 0.3462978953591951
17/06/2022 19:20:45.619 - oc_logger - INFO - Function evaluation number: 63, SI: 1, Sub-iteration number: 32, FoM: 0.3462978953591951
17/06/2022 19:20:45.760 - oc_logger - INFO - Function evaluation number: 64, SI: 1, Sub-iteration number: 33, FoM: 0.35494126221822897
17/06/2022 19:20:45.902 - oc_logger - INFO - New record achieved. Previous FoM: 0.3462978953591951, new best FoM : 0.3340260685113874
17/06/2022 19:20:45.902 - oc_logger - INFO - Function evaluation number: 65, SI: 1, Sub-iteration number: 34, FoM: 0.3340260685113874
17/06/2022 19:20:46.047 - oc_logger - INFO - New record achieved. Previous FoM: 0.3340260685113874, new best FoM : 0.3232900825812667
17/06/2022 19:20:46.047 - oc_logger - INFO - Function evaluation number: 66, SI: 1, Sub-iteration number: 34, FoM: 0.3232900825812667
17/06/2022 19:20:46.193 - oc_logger - INFO - Function evaluation number: 67, SI: 1, Sub-iteration number: 35, FoM: 0.3249566979340466
17/06/2022 19:20:46.336 - oc_logger - INFO - New record achieved. Previous FoM: 0.3232900825812667, new best FoM : 0.30666223573831874
17/06/2022 19:20:46.336 - oc_logger - INFO - Function evaluation number: 68, SI: 1, Sub-iteration number: 36, FoM: 0.30666223573831874
17/06/2022 19:20:46.476 - oc_logger - INFO - New record achieved. Previous FoM: 0.30666223573831874, new best FoM : 0.29488215140465535
17/06/2022 19:20:46.476 - oc_logger - INFO - Function evaluation number: 69, SI: 1, Sub-iteration number: 36, FoM: 0.29488215140465535
17/06/2022 19:20:46.615 - oc_logger - INFO - Function evaluation number: 70, SI: 1, Sub-iteration number: 37, FoM: 0.2950216129039481
17/06/2022 19:20:46.752 - oc_logger - INFO - New record achieved. Previous FoM: 0.29488215140465535, new best FoM : 0.2859746297433744
17/06/2022 19:20:46.753 - oc_logger - INFO - Function evaluation number: 71, SI: 1, Sub-iteration number: 38, FoM: 0.2859746297433744
17/06/2022 19:20:46.900 - oc_logger - INFO - New record achieved. Previous FoM: 0.2859746297433744, new best FoM : 0.27443641978788513
17/06/2022 19:20:46.900 - oc_logger - INFO - Function evaluation number: 72, SI: 1, Sub-iteration number: 38, FoM: 0.27443641978788513
17/06/2022 19:20:47.043 - oc_logger - INFO - New record achieved. Previous FoM: 0.27443641978788513, new best FoM : 0.27314941062413733
17/06/2022 19:20:47.043 - oc_logger - INFO - Function evaluation number: 73, SI: 1, Sub-iteration number: 39, FoM: 0.27314941062413733
17/06/2022 19:20:47.187 - oc_logger - INFO - New record achieved. Previous FoM: 0.27314941062413733, new best FoM : 0.26149514011133157
17/06/2022 19:20:47.187 - oc_logger - INFO - Function evaluation number: 74, SI: 1, Sub-iteration number: 39, FoM: 0.26149514011133157
17/06/2022 19:20:47.331 - oc_logger - INFO - Function evaluation number: 75, SI: 1, Sub-iteration number: 40, FoM: 0.2673702642368586
17/06/2022 19:20:47.475 - oc_logger - INFO - New record achieved. Previous FoM: 0.26149514011133157, new best FoM : 0.24188096735984266
17/06/2022 19:20:47.475 - oc_logger - INFO - Function evaluation number: 76, SI: 1, Sub-iteration number: 41, FoM: 0.24188096735984266
17/06/2022 19:20:47.613 - oc_logger - INFO - New record achieved. Previous FoM: 0.24188096735984266, new best FoM : 0.22896676711304598
17/06/2022 19:20:47.613 - oc_logger - INFO - Function evaluation number: 77, SI: 1, Sub-iteration number: 41, FoM: 0.22896676711304598
17/06/2022 19:20:47.803 - oc_logger - INFO - Function evaluation number: 78, SI: 1, Sub-iteration number: 42, FoM: 0.23500651475925238
17/06/2022 19:20:47.939 - oc_logger - INFO - New record achieved. Previous FoM: 0.22896676711304598, new best FoM : 0.2132218958552461
17/06/2022 19:20:47.939 - oc_logger - INFO - Function evaluation number: 79, SI: 1, Sub-iteration number: 43, FoM: 0.2132218958552461
17/06/2022 19:20:48.082 - oc_logger - INFO - New record achieved. Previous FoM: 0.2132218958552461, new best FoM : 0.20101305953688364
17/06/2022 19:20:48.083 - oc_logger - INFO - Function evaluation number: 80, SI: 1, Sub-iteration number: 43, FoM: 0.20101305953688364
17/06/2022 19:20:48.220 - oc_logger - INFO - Function evaluation number: 81, SI: 1, Sub-iteration number: 44, FoM: 0.20533851192101826
17/06/2022 19:20:48.365 - oc_logger - INFO - New record achieved. Previous FoM: 0.20101305953688364, new best FoM : 0.18973562243978825
17/06/2022 19:20:48.365 - oc_logger - INFO - Function evaluation number: 82, SI: 1, Sub-iteration number: 45, FoM: 0.18973562243978825
17/06/2022 19:20:48.510 - oc_logger - INFO - New record achieved. Previous FoM: 0.18973562243978825, new best FoM : 0.17984903277327446
17/06/2022 19:20:48.511 - oc_logger - INFO - Function evaluation number: 83, SI: 1, Sub-iteration number: 45, FoM: 0.17984903277327446
17/06/2022 19:20:48.658 - oc_logger - INFO - Function evaluation number: 84, SI: 1, Sub-iteration number: 46, FoM: 0.18518686509142834
17/06/2022 19:20:48.793 - oc_logger - INFO - New record achieved. Previous FoM: 0.17984903277327446, new best FoM : 0.16653003417352363
17/06/2022 19:20:48.793 - oc_logger - INFO - Function evaluation number: 85, SI: 1, Sub-iteration number: 47, FoM: 0.16653003417352363
17/06/2022 19:20:48.926 - oc_logger - INFO - New record achieved. Previous FoM: 0.16653003417352363, new best FoM : 0.15709171084579032
17/06/2022 19:20:48.926 - oc_logger - INFO - Function evaluation number: 86, SI: 1, Sub-iteration number: 47, FoM: 0.15709171084579032
17/06/2022 19:20:49.066 - oc_logger - INFO - Function evaluation number: 87, SI: 1, Sub-iteration number: 48, FoM: 0.16028961062894065
17/06/2022 19:20:49.204 - oc_logger - INFO - Function evaluation number: 88, SI: 1, Sub-iteration number: 49, FoM: 0.16249584544077122
17/06/2022 19:20:49.348 - oc_logger - INFO - New record achieved. Previous FoM: 0.15709171084579032, new best FoM : 0.1456827304966165
17/06/2022 19:20:49.348 - oc_logger - INFO - Function evaluation number: 89, SI: 1, Sub-iteration number: 50, FoM: 0.1456827304966165
17/06/2022 19:20:49.495 - oc_logger - INFO - New record achieved. Previous FoM: 0.1456827304966165, new best FoM : 0.14303991349206702
17/06/2022 19:20:49.495 - oc_logger - INFO - Function evaluation number: 90, SI: 1, Sub-iteration number: 50, FoM: 0.14303991349206702
17/06/2022 19:20:49.643 - oc_logger - INFO - New record achieved. Previous FoM: 0.14303991349206702, new best FoM : 0.13795965283899314
17/06/2022 19:20:49.643 - oc_logger - INFO - Function evaluation number: 91, SI: 1, Sub-iteration number: 51, FoM: 0.13795965283899314
17/06/2022 19:20:49.784 - oc_logger - INFO - New record achieved. Previous FoM: 0.13795965283899314, new best FoM : 0.1342696596715116
17/06/2022 19:20:49.784 - oc_logger - INFO - Function evaluation number: 92, SI: 1, Sub-iteration number: 51, FoM: 0.1342696596715116
17/06/2022 19:20:49.927 - oc_logger - INFO - Function evaluation number: 93, SI: 1, Sub-iteration number: 52, FoM: 0.14316235403761168
17/06/2022 19:20:50.115 - oc_logger - INFO - Function evaluation number: 94, SI: 1, Sub-iteration number: 53, FoM: 0.14370219336079182
17/06/2022 19:20:50.258 - oc_logger - INFO - Function evaluation number: 95, SI: 1, Sub-iteration number: 54, FoM: 0.14340650570370728
17/06/2022 19:20:50.441 - oc_logger - INFO - Function evaluation number: 96, SI: 1, Sub-iteration number: 55, FoM: 0.1490878077957184
17/06/2022 19:20:50.617 - oc_logger - INFO - Function evaluation number: 97, SI: 1, Sub-iteration number: 56, FoM: 0.15127363354573387
17/06/2022 19:20:50.789 - oc_logger - INFO - Function evaluation number: 98, SI: 1, Sub-iteration number: 57, FoM: 0.1404683403678476
17/06/2022 19:20:50.958 - oc_logger - INFO - Function evaluation number: 99, SI: 1, Sub-iteration number: 58, FoM: 0.17727588916454362
17/06/2022 19:20:51.133 - oc_logger - INFO - Function evaluation number: 100, SI: 1, Sub-iteration number: 58, FoM: 0.1470225138389244
17/06/2022 19:20:51.133 - oc_logger - INFO - SI 1 finished - Number of evaluations: 100, Best FoM: 0.1342696596715116, Terminate reason: Exceeded number of allowed function evaluations per direct search.

17/06/2022 19:20:51.133 - oc_logger - INFO - Direct search start time has been reset.
17/06/2022 19:20:51.307 - oc_logger - INFO - Function evaluation number: 101, SI: 2, Sub-iteration number: 0, FoM: 0.1342696596715116
17/06/2022 19:20:51.482 - oc_logger - INFO - New record achieved. Previous FoM: 0.1342696596715116, new best FoM : 0.13307605532013134
17/06/2022 19:20:51.482 - oc_logger - INFO - Function evaluation number: 102, SI: 2, Sub-iteration number: 0, FoM: 0.13307605532013134
17/06/2022 19:20:51.665 - oc_logger - INFO - New record achieved. Previous FoM: 0.13307605532013134, new best FoM : 0.1320908349383424
17/06/2022 19:20:51.665 - oc_logger - INFO - Function evaluation number: 103, SI: 2, Sub-iteration number: 0, FoM: 0.1320908349383424
17/06/2022 19:20:51.828 - oc_logger - INFO - Function evaluation number: 104, SI: 2, Sub-iteration number: 0, FoM: 0.132342602079365
17/06/2022 19:20:52.051 - oc_logger - INFO - Function evaluation number: 105, SI: 2, Sub-iteration number: 0, FoM: 0.13319813949563497
17/06/2022 19:20:52.238 - oc_logger - INFO - Function evaluation number: 106, SI: 2, Sub-iteration number: 0, FoM: 0.13252673471568344
17/06/2022 19:20:52.407 - oc_logger - INFO - Function evaluation number: 107, SI: 2, Sub-iteration number: 0, FoM: 0.13754800049097293
17/06/2022 19:20:52.581 - oc_logger - INFO - Function evaluation number: 108, SI: 2, Sub-iteration number: 0, FoM: 0.13484979152586574
17/06/2022 19:20:52.892 - oc_logger - INFO - Function evaluation number: 109, SI: 2, Sub-iteration number: 0, FoM: 0.13390482862355657
17/06/2022 19:20:53.058 - oc_logger - INFO - Function evaluation number: 110, SI: 2, Sub-iteration number: 0, FoM: 0.13569315486389089
17/06/2022 19:20:53.234 - oc_logger - INFO - New record achieved. Previous FoM: 0.1320908349383424, new best FoM : 0.13132583133464093
17/06/2022 19:20:53.234 - oc_logger - INFO - Function evaluation number: 111, SI: 2, Sub-iteration number: 1, FoM: 0.13132583133464093
17/06/2022 19:20:53.396 - oc_logger - INFO - Function evaluation number: 112, SI: 2, Sub-iteration number: 1, FoM: 0.1314693689511075
17/06/2022 19:20:53.555 - oc_logger - INFO - Function evaluation number: 113, SI: 2, Sub-iteration number: 2, FoM: 0.13360003541074583
17/06/2022 19:20:53.713 - oc_logger - INFO - Function evaluation number: 114, SI: 2, Sub-iteration number: 3, FoM: 0.1314024748140854
17/06/2022 19:20:53.876 - oc_logger - INFO - New record achieved. Previous FoM: 0.13132583133464093, new best FoM : 0.13128665318440536
17/06/2022 19:20:53.876 - oc_logger - INFO - Function evaluation number: 115, SI: 2, Sub-iteration number: 4, FoM: 0.13128665318440536
17/06/2022 19:20:54.053 - oc_logger - INFO - Function evaluation number: 116, SI: 2, Sub-iteration number: 4, FoM: 0.131410418825459
17/06/2022 19:20:54.210 - oc_logger - INFO - Function evaluation number: 117, SI: 2, Sub-iteration number: 5, FoM: 0.13148056586577295
17/06/2022 19:20:54.363 - oc_logger - INFO - Function evaluation number: 118, SI: 2, Sub-iteration number: 6, FoM: 0.13237897213496597
17/06/2022 19:20:54.504 - oc_logger - INFO - New record achieved. Previous FoM: 0.13128665318440536, new best FoM : 0.1309262257491638
17/06/2022 19:20:54.504 - oc_logger - INFO - Function evaluation number: 119, SI: 2, Sub-iteration number: 7, FoM: 0.1309262257491638
17/06/2022 19:20:54.648 - oc_logger - INFO - Function evaluation number: 120, SI: 2, Sub-iteration number: 7, FoM: 0.13114361313928058
17/06/2022 19:20:54.818 - oc_logger - INFO - Function evaluation number: 121, SI: 2, Sub-iteration number: 8, FoM: 0.13409827512702366
17/06/2022 19:20:54.955 - oc_logger - INFO - Function evaluation number: 122, SI: 2, Sub-iteration number: 8, FoM: 0.13186624864219654
17/06/2022 19:20:55.097 - oc_logger - INFO - New record achieved. Previous FoM: 0.1309262257491638, new best FoM : 0.13092225648357658
17/06/2022 19:20:55.097 - oc_logger - INFO - Function evaluation number: 123, SI: 2, Sub-iteration number: 9, FoM: 0.13092225648357658
17/06/2022 19:20:55.236 - oc_logger - INFO - Function evaluation number: 124, SI: 2, Sub-iteration number: 9, FoM: 0.13113684345935728
17/06/2022 19:20:55.382 - oc_logger - INFO - Function evaluation number: 125, SI: 2, Sub-iteration number: 10, FoM: 0.13595738012373126
17/06/2022 19:20:55.530 - oc_logger - INFO - Function evaluation number: 126, SI: 2, Sub-iteration number: 10, FoM: 0.13123801225289355
17/06/2022 19:20:55.673 - oc_logger - INFO - New record achieved. Previous FoM: 0.13092225648357658, new best FoM : 0.13068764992864634
17/06/2022 19:20:55.673 - oc_logger - INFO - Function evaluation number: 127, SI: 2, Sub-iteration number: 11, FoM: 0.13068764992864634
17/06/2022 19:20:55.822 - oc_logger - INFO - Function evaluation number: 128, SI: 2, Sub-iteration number: 11, FoM: 0.13085064285893544
17/06/2022 19:20:56.001 - oc_logger - INFO - Function evaluation number: 129, SI: 2, Sub-iteration number: 12, FoM: 0.13090321192305077
17/06/2022 19:20:56.179 - oc_logger - INFO - Function evaluation number: 130, SI: 2, Sub-iteration number: 13, FoM: 0.13195285074938312
17/06/2022 19:20:56.348 - oc_logger - INFO - Function evaluation number: 131, SI: 2, Sub-iteration number: 13, FoM: 0.1312113722648518
17/06/2022 19:20:56.537 - oc_logger - INFO - Function evaluation number: 132, SI: 2, Sub-iteration number: 14, FoM: 0.13076645188360725
17/06/2022 19:20:56.703 - oc_logger - INFO - Function evaluation number: 133, SI: 2, Sub-iteration number: 15, FoM: 0.1311470909994369
17/06/2022 19:20:56.843 - oc_logger - INFO - New record achieved. Previous FoM: 0.13068764992864634, new best FoM : 0.12970494436335067
17/06/2022 19:20:56.844 - oc_logger - INFO - Function evaluation number: 134, SI: 2, Sub-iteration number: 16, FoM: 0.12970494436335067
17/06/2022 19:20:57.009 - oc_logger - INFO - New record achieved. Previous FoM: 0.12970494436335067, new best FoM : 0.12956418442705198
17/06/2022 19:20:57.010 - oc_logger - INFO - Function evaluation number: 135, SI: 2, Sub-iteration number: 16, FoM: 0.12956418442705198
17/06/2022 19:20:57.167 - oc_logger - INFO - New record achieved. Previous FoM: 0.12956418442705198, new best FoM : 0.12952689090307656
17/06/2022 19:20:57.167 - oc_logger - INFO - Function evaluation number: 136, SI: 2, Sub-iteration number: 17, FoM: 0.12952689090307656
17/06/2022 19:20:57.306 - oc_logger - INFO - New record achieved. Previous FoM: 0.12952689090307656, new best FoM : 0.12940942624081797
17/06/2022 19:20:57.306 - oc_logger - INFO - Function evaluation number: 137, SI: 2, Sub-iteration number: 17, FoM: 0.12940942624081797
17/06/2022 19:20:57.458 - oc_logger - INFO - Function evaluation number: 138, SI: 2, Sub-iteration number: 18, FoM: 0.13669675560459216
17/06/2022 19:20:57.616 - oc_logger - INFO - Function evaluation number: 139, SI: 2, Sub-iteration number: 18, FoM: 0.1302218890588076
17/06/2022 19:20:57.768 - oc_logger - INFO - Function evaluation number: 140, SI: 2, Sub-iteration number: 19, FoM: 0.1297788900206246
17/06/2022 19:20:57.929 - oc_logger - INFO - Function evaluation number: 141, SI: 2, Sub-iteration number: 20, FoM: 0.13009265049643015
17/06/2022 19:20:58.074 - oc_logger - INFO - New record achieved. Previous FoM: 0.12940942624081797, new best FoM : 0.1288323123272006
17/06/2022 19:20:58.075 - oc_logger - INFO - Function evaluation number: 142, SI: 2, Sub-iteration number: 21, FoM: 0.1288323123272006
17/06/2022 19:20:58.214 - oc_logger - INFO - New record achieved. Previous FoM: 0.1288323123272006, new best FoM : 0.12861234101792574
17/06/2022 19:20:58.214 - oc_logger - INFO - Function evaluation number: 143, SI: 2, Sub-iteration number: 21, FoM: 0.12861234101792574
17/06/2022 19:20:58.363 - oc_logger - INFO - New record achieved. Previous FoM: 0.12861234101792574, new best FoM : 0.1285755939282126
17/06/2022 19:20:58.364 - oc_logger - INFO - Function evaluation number: 144, SI: 2, Sub-iteration number: 22, FoM: 0.1285755939282126
17/06/2022 19:20:58.508 - oc_logger - INFO - New record achieved. Previous FoM: 0.1285755939282126, new best FoM : 0.12838555947414232
17/06/2022 19:20:58.508 - oc_logger - INFO - Function evaluation number: 145, SI: 2, Sub-iteration number: 22, FoM: 0.12838555947414232
17/06/2022 19:20:58.641 - oc_logger - INFO - Function evaluation number: 146, SI: 2, Sub-iteration number: 23, FoM: 0.12896145360188072
17/06/2022 19:20:58.776 - oc_logger - INFO - Function evaluation number: 147, SI: 2, Sub-iteration number: 24, FoM: 0.1290322603522982
17/06/2022 19:20:58.911 - oc_logger - INFO - New record achieved. Previous FoM: 0.12838555947414232, new best FoM : 0.12808343624228813
17/06/2022 19:20:58.911 - oc_logger - INFO - Function evaluation number: 148, SI: 2, Sub-iteration number: 25, FoM: 0.12808343624228813
17/06/2022 19:20:59.049 - oc_logger - INFO - New record achieved. Previous FoM: 0.12808343624228813, new best FoM : 0.12800331152897304
17/06/2022 19:20:59.049 - oc_logger - INFO - Function evaluation number: 149, SI: 2, Sub-iteration number: 25, FoM: 0.12800331152897304
17/06/2022 19:20:59.192 - oc_logger - INFO - Function evaluation number: 150, SI: 2, Sub-iteration number: 26, FoM: 0.1285563129861521
17/06/2022 19:20:59.331 - oc_logger - INFO - New record achieved. Previous FoM: 0.12800331152897304, new best FoM : 0.12728404133529014
17/06/2022 19:20:59.331 - oc_logger - INFO - Function evaluation number: 151, SI: 2, Sub-iteration number: 27, FoM: 0.12728404133529014
17/06/2022 19:20:59.487 - oc_logger - INFO - New record achieved. Previous FoM: 0.12728404133529014, new best FoM : 0.12706575488286265
17/06/2022 19:20:59.487 - oc_logger - INFO - Function evaluation number: 152, SI: 2, Sub-iteration number: 27, FoM: 0.12706575488286265
17/06/2022 19:20:59.626 - oc_logger - INFO - Function evaluation number: 153, SI: 2, Sub-iteration number: 28, FoM: 0.12768138119928407
17/06/2022 19:20:59.767 - oc_logger - INFO - New record achieved. Previous FoM: 0.12706575488286265, new best FoM : 0.12672058439569378
17/06/2022 19:20:59.767 - oc_logger - INFO - Function evaluation number: 154, SI: 2, Sub-iteration number: 29, FoM: 0.12672058439569378
17/06/2022 19:20:59.910 - oc_logger - INFO - New record achieved. Previous FoM: 0.12672058439569378, new best FoM : 0.1264864553707491
17/06/2022 19:20:59.910 - oc_logger - INFO - Function evaluation number: 155, SI: 2, Sub-iteration number: 29, FoM: 0.1264864553707491
17/06/2022 19:21:00.073 - oc_logger - INFO - Function evaluation number: 156, SI: 2, Sub-iteration number: 30, FoM: 0.12767450179669493
17/06/2022 19:21:00.216 - oc_logger - INFO - Function evaluation number: 157, SI: 2, Sub-iteration number: 31, FoM: 0.12746025457247823
17/06/2022 19:21:00.361 - oc_logger - INFO - New record achieved. Previous FoM: 0.1264864553707491, new best FoM : 0.12616057102320077
17/06/2022 19:21:00.361 - oc_logger - INFO - Function evaluation number: 158, SI: 2, Sub-iteration number: 32, FoM: 0.12616057102320077
17/06/2022 19:21:00.524 - oc_logger - INFO - New record achieved. Previous FoM: 0.12616057102320077, new best FoM : 0.12596383016364232
17/06/2022 19:21:00.524 - oc_logger - INFO - Function evaluation number: 159, SI: 2, Sub-iteration number: 32, FoM: 0.12596383016364232
17/06/2022 19:21:00.679 - oc_logger - INFO - New record achieved. Previous FoM: 0.12596383016364232, new best FoM : 0.1255960040491514
17/06/2022 19:21:00.679 - oc_logger - INFO - Function evaluation number: 160, SI: 2, Sub-iteration number: 33, FoM: 0.1255960040491514
17/06/2022 19:21:00.825 - oc_logger - INFO - New record achieved. Previous FoM: 0.1255960040491514, new best FoM : 0.12530673123867242
17/06/2022 19:21:00.826 - oc_logger - INFO - Function evaluation number: 161, SI: 2, Sub-iteration number: 33, FoM: 0.12530673123867242
17/06/2022 19:21:01.040 - oc_logger - INFO - Function evaluation number: 162, SI: 2, Sub-iteration number: 34, FoM: 0.12743562829345179
17/06/2022 19:21:01.177 - oc_logger - INFO - Function evaluation number: 163, SI: 2, Sub-iteration number: 35, FoM: 0.1253344531362417
17/06/2022 19:21:01.317 - oc_logger - INFO - New record achieved. Previous FoM: 0.12530673123867242, new best FoM : 0.12474464369736538
17/06/2022 19:21:01.317 - oc_logger - INFO - Function evaluation number: 164, SI: 2, Sub-iteration number: 36, FoM: 0.12474464369736538
17/06/2022 19:21:01.460 - oc_logger - INFO - New record achieved. Previous FoM: 0.12474464369736538, new best FoM : 0.1244447872826463
17/06/2022 19:21:01.460 - oc_logger - INFO - Function evaluation number: 165, SI: 2, Sub-iteration number: 36, FoM: 0.1244447872826463
17/06/2022 19:21:01.604 - oc_logger - INFO - New record achieved. Previous FoM: 0.1244447872826463, new best FoM : 0.1242398013838304
17/06/2022 19:21:01.604 - oc_logger - INFO - Function evaluation number: 166, SI: 2, Sub-iteration number: 37, FoM: 0.1242398013838304
17/06/2022 19:21:01.744 - oc_logger - INFO - New record achieved. Previous FoM: 0.1242398013838304, new best FoM : 0.12389852130278622
17/06/2022 19:21:01.744 - oc_logger - INFO - Function evaluation number: 167, SI: 2, Sub-iteration number: 37, FoM: 0.12389852130278622
17/06/2022 19:21:01.895 - oc_logger - INFO - Function evaluation number: 168, SI: 2, Sub-iteration number: 38, FoM: 0.12566061331426226
17/06/2022 19:21:02.033 - oc_logger - INFO - New record achieved. Previous FoM: 0.12389852130278622, new best FoM : 0.1236798013172411
17/06/2022 19:21:02.033 - oc_logger - INFO - Function evaluation number: 169, SI: 2, Sub-iteration number: 39, FoM: 0.1236798013172411
17/06/2022 19:21:02.183 - oc_logger - INFO - New record achieved. Previous FoM: 0.1236798013172411, new best FoM : 0.12341006105250119
17/06/2022 19:21:02.183 - oc_logger - INFO - Function evaluation number: 170, SI: 2, Sub-iteration number: 39, FoM: 0.12341006105250119
17/06/2022 19:21:02.327 - oc_logger - INFO - Function evaluation number: 171, SI: 2, Sub-iteration number: 40, FoM: 0.1253638550211268
17/06/2022 19:21:02.470 - oc_logger - INFO - New record achieved. Previous FoM: 0.12341006105250119, new best FoM : 0.12294708492176243
17/06/2022 19:21:02.470 - oc_logger - INFO - Function evaluation number: 172, SI: 2, Sub-iteration number: 41, FoM: 0.12294708492176243
17/06/2022 19:21:02.618 - oc_logger - INFO - New record achieved. Previous FoM: 0.12294708492176243, new best FoM : 0.1226804255770515
17/06/2022 19:21:02.618 - oc_logger - INFO - Function evaluation number: 173, SI: 2, Sub-iteration number: 41, FoM: 0.1226804255770515
17/06/2022 19:21:02.766 - oc_logger - INFO - New record achieved. Previous FoM: 0.1226804255770515, new best FoM : 0.12210884630877183
17/06/2022 19:21:02.766 - oc_logger - INFO - Function evaluation number: 174, SI: 2, Sub-iteration number: 42, FoM: 0.12210884630877183
17/06/2022 19:21:02.919 - oc_logger - INFO - New record achieved. Previous FoM: 0.12210884630877183, new best FoM : 0.1216909096937786
17/06/2022 19:21:02.919 - oc_logger - INFO - Function evaluation number: 175, SI: 2, Sub-iteration number: 42, FoM: 0.1216909096937786
17/06/2022 19:21:03.068 - oc_logger - INFO - Function evaluation number: 176, SI: 2, Sub-iteration number: 43, FoM: 0.12229004514949426
17/06/2022 19:21:03.198 - oc_logger - INFO - Function evaluation number: 177, SI: 2, Sub-iteration number: 44, FoM: 0.1237074443219649
17/06/2022 19:21:03.348 - oc_logger - INFO - Function evaluation number: 178, SI: 2, Sub-iteration number: 45, FoM: 0.12514771017887127
17/06/2022 19:21:03.492 - oc_logger - INFO - Function evaluation number: 179, SI: 2, Sub-iteration number: 46, FoM: 0.12177719899302297
17/06/2022 19:21:03.645 - oc_logger - INFO - New record achieved. Previous FoM: 0.1216909096937786, new best FoM : 0.12013230421336141
17/06/2022 19:21:03.645 - oc_logger - INFO - Function evaluation number: 180, SI: 2, Sub-iteration number: 47, FoM: 0.12013230421336141
17/06/2022 19:21:03.800 - oc_logger - INFO - New record achieved. Previous FoM: 0.12013230421336141, new best FoM : 0.11957092694553484
17/06/2022 19:21:03.800 - oc_logger - INFO - Function evaluation number: 181, SI: 2, Sub-iteration number: 47, FoM: 0.11957092694553484
17/06/2022 19:21:03.950 - oc_logger - INFO - Function evaluation number: 182, SI: 2, Sub-iteration number: 48, FoM: 0.12397011874860941
17/06/2022 19:21:04.095 - oc_logger - INFO - Function evaluation number: 183, SI: 2, Sub-iteration number: 49, FoM: 0.12013493426607336
17/06/2022 19:21:04.235 - oc_logger - INFO - Function evaluation number: 184, SI: 2, Sub-iteration number: 50, FoM: 0.12430264238023325
17/06/2022 19:21:04.380 - oc_logger - INFO - Function evaluation number: 185, SI: 2, Sub-iteration number: 50, FoM: 0.1228161272847621
17/06/2022 19:21:04.522 - oc_logger - INFO - New record achieved. Previous FoM: 0.11957092694553484, new best FoM : 0.11953100386984261
17/06/2022 19:21:04.523 - oc_logger - INFO - Function evaluation number: 186, SI: 2, Sub-iteration number: 51, FoM: 0.11953100386984261
17/06/2022 19:21:04.671 - oc_logger - INFO - New record achieved. Previous FoM: 0.11953100386984261, new best FoM : 0.1191063895945017
17/06/2022 19:21:04.671 - oc_logger - INFO - Function evaluation number: 187, SI: 2, Sub-iteration number: 51, FoM: 0.1191063895945017
17/06/2022 19:21:04.820 - oc_logger - INFO - Function evaluation number: 188, SI: 2, Sub-iteration number: 52, FoM: 0.11992263895517752
17/06/2022 19:21:04.957 - oc_logger - INFO - New record achieved. Previous FoM: 0.1191063895945017, new best FoM : 0.11836069874839072
17/06/2022 19:21:04.957 - oc_logger - INFO - Function evaluation number: 189, SI: 2, Sub-iteration number: 53, FoM: 0.11836069874839072
17/06/2022 19:21:05.108 - oc_logger - INFO - New record achieved. Previous FoM: 0.11836069874839072, new best FoM : 0.11789117547580286
17/06/2022 19:21:05.108 - oc_logger - INFO - Function evaluation number: 190, SI: 2, Sub-iteration number: 53, FoM: 0.11789117547580286
17/06/2022 19:21:05.259 - oc_logger - INFO - Function evaluation number: 191, SI: 2, Sub-iteration number: 54, FoM: 0.11955137461078114
17/06/2022 19:21:05.400 - oc_logger - INFO - New record achieved. Previous FoM: 0.11789117547580286, new best FoM : 0.11756303289573455
17/06/2022 19:21:05.400 - oc_logger - INFO - Function evaluation number: 192, SI: 2, Sub-iteration number: 55, FoM: 0.11756303289573455
17/06/2022 19:21:05.541 - oc_logger - INFO - New record achieved. Previous FoM: 0.11756303289573455, new best FoM : 0.11715098829005943
17/06/2022 19:21:05.541 - oc_logger - INFO - Function evaluation number: 193, SI: 2, Sub-iteration number: 55, FoM: 0.11715098829005943
17/06/2022 19:21:05.690 - oc_logger - INFO - Function evaluation number: 194, SI: 2, Sub-iteration number: 56, FoM: 0.11808346019186067
17/06/2022 19:21:05.818 - oc_logger - INFO - New record achieved. Previous FoM: 0.11715098829005943, new best FoM : 0.11618574840346851
17/06/2022 19:21:05.819 - oc_logger - INFO - Function evaluation number: 195, SI: 2, Sub-iteration number: 57, FoM: 0.11618574840346851
17/06/2022 19:21:05.965 - oc_logger - INFO - New record achieved. Previous FoM: 0.11618574840346851, new best FoM : 0.11565863112336738
17/06/2022 19:21:05.965 - oc_logger - INFO - Function evaluation number: 196, SI: 2, Sub-iteration number: 57, FoM: 0.11565863112336738
17/06/2022 19:21:06.103 - oc_logger - INFO - New record achieved. Previous FoM: 0.11565863112336738, new best FoM : 0.1150702409800115
17/06/2022 19:21:06.104 - oc_logger - INFO - Function evaluation number: 197, SI: 2, Sub-iteration number: 58, FoM: 0.1150702409800115
17/06/2022 19:21:06.246 - oc_logger - INFO - New record achieved. Previous FoM: 0.1150702409800115, new best FoM : 0.11446912960088063
17/06/2022 19:21:06.246 - oc_logger - INFO - Function evaluation number: 198, SI: 2, Sub-iteration number: 58, FoM: 0.11446912960088063
17/06/2022 19:21:06.391 - oc_logger - INFO - Function evaluation number: 199, SI: 2, Sub-iteration number: 59, FoM: 0.11538786791302547
17/06/2022 19:21:06.550 - oc_logger - INFO - Function evaluation number: 200, SI: 2, Sub-iteration number: 60, FoM: 0.11531344450034953
17/06/2022 19:21:06.551 - oc_logger - INFO - SI 2 finished - Number of evaluations: 100, Best FoM: 0.11446912960088063, Terminate reason: Exceeded number of allowed function evaluations per direct search.

17/06/2022 19:21:06.551 - oc_logger - INFO - Direct search start time has been reset.
17/06/2022 19:21:06.700 - oc_logger - INFO - Function evaluation number: 201, SI: 3, Sub-iteration number: 0, FoM: 0.11446912960088063
17/06/2022 19:21:06.843 - oc_logger - INFO - Function evaluation number: 202, SI: 3, Sub-iteration number: 0, FoM: 0.11717213998371556
17/06/2022 19:21:06.989 - oc_logger - INFO - Function evaluation number: 203, SI: 3, Sub-iteration number: 0, FoM: 0.11531310120813665
17/06/2022 19:21:07.135 - oc_logger - INFO - Function evaluation number: 204, SI: 3, Sub-iteration number: 0, FoM: 0.11463571283098895
17/06/2022 19:21:07.272 - oc_logger - INFO - Function evaluation number: 205, SI: 3, Sub-iteration number: 0, FoM: 0.11552094521051137
17/06/2022 19:21:07.410 - oc_logger - INFO - Function evaluation number: 206, SI: 3, Sub-iteration number: 0, FoM: 0.1150452554339737
17/06/2022 19:21:07.556 - oc_logger - INFO - Function evaluation number: 207, SI: 3, Sub-iteration number: 0, FoM: 0.11480187841872203
17/06/2022 19:21:07.698 - oc_logger - INFO - New record achieved. Previous FoM: 0.11446912960088063, new best FoM : 0.11408181550158847
17/06/2022 19:21:07.698 - oc_logger - INFO - Function evaluation number: 208, SI: 3, Sub-iteration number: 0, FoM: 0.11408181550158847
17/06/2022 19:21:07.845 - oc_logger - INFO - Function evaluation number: 209, SI: 3, Sub-iteration number: 0, FoM: 0.11542632247298845
17/06/2022 19:21:07.986 - oc_logger - INFO - New record achieved. Previous FoM: 0.11408181550158847, new best FoM : 0.11205174066855328
17/06/2022 19:21:07.986 - oc_logger - INFO - Function evaluation number: 210, SI: 3, Sub-iteration number: 0, FoM: 0.11205174066855328
17/06/2022 19:21:08.130 - oc_logger - INFO - Function evaluation number: 211, SI: 3, Sub-iteration number: 1, FoM: 0.11658180287257369
17/06/2022 19:21:08.276 - oc_logger - INFO - Function evaluation number: 212, SI: 3, Sub-iteration number: 1, FoM: 0.11516792601344117
17/06/2022 19:21:08.418 - oc_logger - INFO - Function evaluation number: 213, SI: 3, Sub-iteration number: 2, FoM: 0.11427268933076595
17/06/2022 19:21:08.570 - oc_logger - INFO - Function evaluation number: 214, SI: 3, Sub-iteration number: 3, FoM: 0.11382335665635468
17/06/2022 19:21:08.711 - oc_logger - INFO - Function evaluation number: 215, SI: 3, Sub-iteration number: 4, FoM: 0.11438421127899912
17/06/2022 19:21:08.853 - oc_logger - INFO - Function evaluation number: 216, SI: 3, Sub-iteration number: 5, FoM: 0.11568721935871551
17/06/2022 19:21:08.998 - oc_logger - INFO - Function evaluation number: 217, SI: 3, Sub-iteration number: 5, FoM: 0.11429454502056458
17/06/2022 19:21:09.134 - oc_logger - INFO - Function evaluation number: 218, SI: 3, Sub-iteration number: 6, FoM: 0.11370501205733952
17/06/2022 19:21:09.286 - oc_logger - INFO - Function evaluation number: 219, SI: 3, Sub-iteration number: 7, FoM: 0.11371090225147229
17/06/2022 19:21:09.427 - oc_logger - INFO - Function evaluation number: 220, SI: 3, Sub-iteration number: 8, FoM: 0.11358810682798226
17/06/2022 19:21:09.579 - oc_logger - INFO - Function evaluation number: 221, SI: 3, Sub-iteration number: 9, FoM: 0.11220172953358232
17/06/2022 19:21:09.733 - oc_logger - INFO - Function evaluation number: 222, SI: 3, Sub-iteration number: 10, FoM: 0.11277081012522105
17/06/2022 19:21:09.877 - oc_logger - INFO - Function evaluation number: 223, SI: 3, Sub-iteration number: 11, FoM: 0.11304016478401457
17/06/2022 19:21:10.019 - oc_logger - INFO - Function evaluation number: 224, SI: 3, Sub-iteration number: 12, FoM: 0.1121206916496239
17/06/2022 19:21:10.155 - oc_logger - INFO - New record achieved. Previous FoM: 0.11205174066855328, new best FoM : 0.11115820846411428
17/06/2022 19:21:10.155 - oc_logger - INFO - Function evaluation number: 225, SI: 3, Sub-iteration number: 13, FoM: 0.11115820846411428
17/06/2022 19:21:10.304 - oc_logger - INFO - New record achieved. Previous FoM: 0.11115820846411428, new best FoM : 0.11096712395041664
17/06/2022 19:21:10.305 - oc_logger - INFO - Function evaluation number: 226, SI: 3, Sub-iteration number: 13, FoM: 0.11096712395041664
17/06/2022 19:21:10.449 - oc_logger - INFO - Function evaluation number: 227, SI: 3, Sub-iteration number: 14, FoM: 0.11152144774196726
17/06/2022 19:21:10.599 - oc_logger - INFO - Function evaluation number: 228, SI: 3, Sub-iteration number: 15, FoM: 0.11323468111678514
17/06/2022 19:21:10.745 - oc_logger - INFO - New record achieved. Previous FoM: 0.11096712395041664, new best FoM : 0.11040169185085169
17/06/2022 19:21:10.745 - oc_logger - INFO - Function evaluation number: 229, SI: 3, Sub-iteration number: 16, FoM: 0.11040169185085169
17/06/2022 19:21:10.890 - oc_logger - INFO - New record achieved. Previous FoM: 0.11040169185085169, new best FoM : 0.11019802465012252
17/06/2022 19:21:10.890 - oc_logger - INFO - Function evaluation number: 230, SI: 3, Sub-iteration number: 16, FoM: 0.11019802465012252
17/06/2022 19:21:11.035 - oc_logger - INFO - Function evaluation number: 231, SI: 3, Sub-iteration number: 17, FoM: 0.1125147368136068
17/06/2022 19:21:11.174 - oc_logger - INFO - Function evaluation number: 232, SI: 3, Sub-iteration number: 18, FoM: 0.11305562341965969
17/06/2022 19:21:11.325 - oc_logger - INFO - Function evaluation number: 233, SI: 3, Sub-iteration number: 18, FoM: 0.11217567126545813
17/06/2022 19:21:11.470 - oc_logger - INFO - Function evaluation number: 234, SI: 3, Sub-iteration number: 19, FoM: 0.11129056736731058
17/06/2022 19:21:11.620 - oc_logger - INFO - New record achieved. Previous FoM: 0.11019802465012252, new best FoM : 0.10969986914632102
17/06/2022 19:21:11.620 - oc_logger - INFO - Function evaluation number: 235, SI: 3, Sub-iteration number: 20, FoM: 0.10969986914632102
17/06/2022 19:21:11.771 - oc_logger - INFO - New record achieved. Previous FoM: 0.10969986914632102, new best FoM : 0.10944381516149482
17/06/2022 19:21:11.771 - oc_logger - INFO - Function evaluation number: 236, SI: 3, Sub-iteration number: 20, FoM: 0.10944381516149482
17/06/2022 19:21:11.921 - oc_logger - INFO - Function evaluation number: 237, SI: 3, Sub-iteration number: 21, FoM: 0.1130045125305481
17/06/2022 19:21:12.075 - oc_logger - INFO - Function evaluation number: 238, SI: 3, Sub-iteration number: 21, FoM: 0.1116157922776071
17/06/2022 19:21:12.215 - oc_logger - INFO - Function evaluation number: 239, SI: 3, Sub-iteration number: 22, FoM: 0.11129345393686041
17/06/2022 19:21:12.359 - oc_logger - INFO - Function evaluation number: 240, SI: 3, Sub-iteration number: 23, FoM: 0.1101634551827726
17/06/2022 19:21:12.498 - oc_logger - INFO - New record achieved. Previous FoM: 0.10944381516149482, new best FoM : 0.10898780319427559
17/06/2022 19:21:12.498 - oc_logger - INFO - Function evaluation number: 241, SI: 3, Sub-iteration number: 24, FoM: 0.10898780319427559
17/06/2022 19:21:12.642 - oc_logger - INFO - New record achieved. Previous FoM: 0.10898780319427559, new best FoM : 0.10870388045976942
17/06/2022 19:21:12.642 - oc_logger - INFO - Function evaluation number: 242, SI: 3, Sub-iteration number: 24, FoM: 0.10870388045976942
17/06/2022 19:21:12.781 - oc_logger - INFO - New record achieved. Previous FoM: 0.10870388045976942, new best FoM : 0.10802902743769416
17/06/2022 19:21:12.781 - oc_logger - INFO - Function evaluation number: 243, SI: 3, Sub-iteration number: 25, FoM: 0.10802902743769416
17/06/2022 19:21:12.930 - oc_logger - INFO - New record achieved. Previous FoM: 0.10802902743769416, new best FoM : 0.1075852456677665
17/06/2022 19:21:12.930 - oc_logger - INFO - Function evaluation number: 244, SI: 3, Sub-iteration number: 25, FoM: 0.1075852456677665
17/06/2022 19:21:13.079 - oc_logger - INFO - Function evaluation number: 245, SI: 3, Sub-iteration number: 26, FoM: 0.10900228238811716
17/06/2022 19:21:13.217 - oc_logger - INFO - Function evaluation number: 246, SI: 3, Sub-iteration number: 27, FoM: 0.10959036156194724
17/06/2022 19:21:13.364 - oc_logger - INFO - Function evaluation number: 247, SI: 3, Sub-iteration number: 28, FoM: 0.1090380675590622
17/06/2022 19:21:13.510 - oc_logger - INFO - Function evaluation number: 248, SI: 3, Sub-iteration number: 29, FoM: 0.10897111864744768
17/06/2022 19:21:13.655 - oc_logger - INFO - New record achieved. Previous FoM: 0.1075852456677665, new best FoM : 0.10690757249288818
17/06/2022 19:21:13.655 - oc_logger - INFO - Function evaluation number: 249, SI: 3, Sub-iteration number: 30, FoM: 0.10690757249288818
17/06/2022 19:21:13.793 - oc_logger - INFO - New record achieved. Previous FoM: 0.10690757249288818, new best FoM : 0.10659024277062779
17/06/2022 19:21:13.793 - oc_logger - INFO - Function evaluation number: 250, SI: 3, Sub-iteration number: 30, FoM: 0.10659024277062779
17/06/2022 19:21:13.939 - oc_logger - INFO - Function evaluation number: 251, SI: 3, Sub-iteration number: 31, FoM: 0.10706014885008763
17/06/2022 19:21:14.078 - oc_logger - INFO - New record achieved. Previous FoM: 0.10659024277062779, new best FoM : 0.10646618542620656
17/06/2022 19:21:14.078 - oc_logger - INFO - Function evaluation number: 252, SI: 3, Sub-iteration number: 32, FoM: 0.10646618542620656
17/06/2022 19:21:14.212 - oc_logger - INFO - New record achieved. Previous FoM: 0.10646618542620656, new best FoM : 0.10625126978667798
17/06/2022 19:21:14.212 - oc_logger - INFO - Function evaluation number: 253, SI: 3, Sub-iteration number: 32, FoM: 0.10625126978667798
17/06/2022 19:21:14.362 - oc_logger - INFO - Function evaluation number: 254, SI: 3, Sub-iteration number: 33, FoM: 0.11093869481161822
17/06/2022 19:21:14.498 - oc_logger - INFO - Function evaluation number: 255, SI: 3, Sub-iteration number: 33, FoM: 0.10848421662972474
17/06/2022 19:21:14.641 - oc_logger - INFO - New record achieved. Previous FoM: 0.10625126978667798, new best FoM : 0.10574723427787303
17/06/2022 19:21:14.641 - oc_logger - INFO - Function evaluation number: 256, SI: 3, Sub-iteration number: 34, FoM: 0.10574723427787303
17/06/2022 19:21:14.788 - oc_logger - INFO - New record achieved. Previous FoM: 0.10574723427787303, new best FoM : 0.10537326513321599
17/06/2022 19:21:14.788 - oc_logger - INFO - Function evaluation number: 257, SI: 3, Sub-iteration number: 34, FoM: 0.10537326513321599
17/06/2022 19:21:14.930 - oc_logger - INFO - Function evaluation number: 258, SI: 3, Sub-iteration number: 35, FoM: 0.10596844280744577
17/06/2022 19:21:15.079 - oc_logger - INFO - Function evaluation number: 259, SI: 3, Sub-iteration number: 36, FoM: 0.10565523643665875
17/06/2022 19:21:15.243 - oc_logger - INFO - Function evaluation number: 260, SI: 3, Sub-iteration number: 37, FoM: 0.10649576504293401
17/06/2022 19:21:15.397 - oc_logger - INFO - New record achieved. Previous FoM: 0.10537326513321599, new best FoM : 0.10373186972418968
17/06/2022 19:21:15.397 - oc_logger - INFO - Function evaluation number: 261, SI: 3, Sub-iteration number: 38, FoM: 0.10373186972418968
17/06/2022 19:21:15.545 - oc_logger - INFO - New record achieved. Previous FoM: 0.10373186972418968, new best FoM : 0.10321191139686448
17/06/2022 19:21:15.545 - oc_logger - INFO - Function evaluation number: 262, SI: 3, Sub-iteration number: 38, FoM: 0.10321191139686448
17/06/2022 19:21:15.697 - oc_logger - INFO - Function evaluation number: 263, SI: 3, Sub-iteration number: 39, FoM: 0.10399948457032415
17/06/2022 19:21:15.834 - oc_logger - INFO - New record achieved. Previous FoM: 0.10321191139686448, new best FoM : 0.10303505774649546
17/06/2022 19:21:15.834 - oc_logger - INFO - Function evaluation number: 264, SI: 3, Sub-iteration number: 40, FoM: 0.10303505774649546
17/06/2022 19:21:15.982 - oc_logger - INFO - New record achieved. Previous FoM: 0.10303505774649546, new best FoM : 0.10259744763920164
17/06/2022 19:21:15.982 - oc_logger - INFO - Function evaluation number: 265, SI: 3, Sub-iteration number: 40, FoM: 0.10259744763920164
17/06/2022 19:21:16.125 - oc_logger - INFO - Function evaluation number: 266, SI: 3, Sub-iteration number: 41, FoM: 0.10432793974648313
17/06/2022 19:21:16.258 - oc_logger - INFO - Function evaluation number: 267, SI: 3, Sub-iteration number: 42, FoM: 0.10261451717869807
17/06/2022 19:21:16.391 - oc_logger - INFO - Function evaluation number: 268, SI: 3, Sub-iteration number: 43, FoM: 0.1032604365900891
17/06/2022 19:21:16.533 - oc_logger - INFO - New record achieved. Previous FoM: 0.10259744763920164, new best FoM : 0.10167658860635165
17/06/2022 19:21:16.533 - oc_logger - INFO - Function evaluation number: 269, SI: 3, Sub-iteration number: 44, FoM: 0.10167658860635165
17/06/2022 19:21:16.664 - oc_logger - INFO - New record achieved. Previous FoM: 0.10167658860635165, new best FoM : 0.1013154231512381
17/06/2022 19:21:16.664 - oc_logger - INFO - Function evaluation number: 270, SI: 3, Sub-iteration number: 44, FoM: 0.1013154231512381
17/06/2022 19:21:16.813 - oc_logger - INFO - New record achieved. Previous FoM: 0.1013154231512381, new best FoM : 0.10080741231746337
17/06/2022 19:21:16.813 - oc_logger - INFO - Function evaluation number: 271, SI: 3, Sub-iteration number: 45, FoM: 0.10080741231746337
17/06/2022 19:21:16.957 - oc_logger - INFO - New record achieved. Previous FoM: 0.10080741231746337, new best FoM : 0.1003609713428526
17/06/2022 19:21:16.957 - oc_logger - INFO - Function evaluation number: 272, SI: 3, Sub-iteration number: 45, FoM: 0.1003609713428526
17/06/2022 19:21:17.110 - oc_logger - INFO - Function evaluation number: 273, SI: 3, Sub-iteration number: 46, FoM: 0.10166712918759668
17/06/2022 19:21:17.257 - oc_logger - INFO - New record achieved. Previous FoM: 0.1003609713428526, new best FoM : 0.0988800182450057
17/06/2022 19:21:17.257 - oc_logger - INFO - Function evaluation number: 274, SI: 3, Sub-iteration number: 47, FoM: 0.0988800182450057
17/06/2022 19:21:17.399 - oc_logger - INFO - New record achieved. Previous FoM: 0.0988800182450057, new best FoM : 0.09817506136538312
17/06/2022 19:21:17.399 - oc_logger - INFO - Function evaluation number: 275, SI: 3, Sub-iteration number: 47, FoM: 0.09817506136538312
17/06/2022 19:21:17.548 - oc_logger - INFO - Function evaluation number: 276, SI: 3, Sub-iteration number: 48, FoM: 0.10078424901613425
17/06/2022 19:21:17.692 - oc_logger - INFO - Function evaluation number: 277, SI: 3, Sub-iteration number: 49, FoM: 0.09878651075569489
17/06/2022 19:21:17.833 - oc_logger - INFO - Function evaluation number: 278, SI: 3, Sub-iteration number: 50, FoM: 0.09928303229715052
17/06/2022 19:21:17.978 - oc_logger - INFO - New record achieved. Previous FoM: 0.09817506136538312, new best FoM : 0.09755380207146935
17/06/2022 19:21:17.978 - oc_logger - INFO - Function evaluation number: 279, SI: 3, Sub-iteration number: 51, FoM: 0.09755380207146935
17/06/2022 19:21:18.123 - oc_logger - INFO - New record achieved. Previous FoM: 0.09755380207146935, new best FoM : 0.09704885178928457
17/06/2022 19:21:18.123 - oc_logger - INFO - Function evaluation number: 280, SI: 3, Sub-iteration number: 51, FoM: 0.09704885178928457
17/06/2022 19:21:18.271 - oc_logger - INFO - Function evaluation number: 281, SI: 3, Sub-iteration number: 52, FoM: 0.09705339094742127
17/06/2022 19:21:18.420 - oc_logger - INFO - New record achieved. Previous FoM: 0.09704885178928457, new best FoM : 0.09529494642080738
17/06/2022 19:21:18.420 - oc_logger - INFO - Function evaluation number: 282, SI: 3, Sub-iteration number: 53, FoM: 0.09529494642080738
17/06/2022 19:21:18.573 - oc_logger - INFO - New record achieved. Previous FoM: 0.09529494642080738, new best FoM : 0.094521796499759
17/06/2022 19:21:18.573 - oc_logger - INFO - Function evaluation number: 283, SI: 3, Sub-iteration number: 53, FoM: 0.094521796499759
17/06/2022 19:21:18.716 - oc_logger - INFO - Function evaluation number: 284, SI: 3, Sub-iteration number: 54, FoM: 0.09734801345562827
17/06/2022 19:21:18.857 - oc_logger - INFO - Function evaluation number: 285, SI: 3, Sub-iteration number: 55, FoM: 0.09496547822928991
17/06/2022 19:21:18.998 - oc_logger - INFO - Function evaluation number: 286, SI: 3, Sub-iteration number: 56, FoM: 0.09521716133168001
17/06/2022 19:21:19.146 - oc_logger - INFO - New record achieved. Previous FoM: 0.094521796499759, new best FoM : 0.09328205568062109
17/06/2022 19:21:19.147 - oc_logger - INFO - Function evaluation number: 287, SI: 3, Sub-iteration number: 57, FoM: 0.09328205568062109
17/06/2022 19:21:19.305 - oc_logger - INFO - New record achieved. Previous FoM: 0.09328205568062109, new best FoM : 0.09269343318446133
17/06/2022 19:21:19.305 - oc_logger - INFO - Function evaluation number: 288, SI: 3, Sub-iteration number: 57, FoM: 0.09269343318446133
17/06/2022 19:21:19.467 - oc_logger - INFO - Function evaluation number: 289, SI: 3, Sub-iteration number: 58, FoM: 0.09341634336678195
17/06/2022 19:21:19.627 - oc_logger - INFO - New record achieved. Previous FoM: 0.09269343318446133, new best FoM : 0.092026878613922
17/06/2022 19:21:19.627 - oc_logger - INFO - Function evaluation number: 290, SI: 3, Sub-iteration number: 59, FoM: 0.092026878613922
17/06/2022 19:21:19.776 - oc_logger - INFO - New record achieved. Previous FoM: 0.092026878613922, new best FoM : 0.09143892413333865
17/06/2022 19:21:19.776 - oc_logger - INFO - Function evaluation number: 291, SI: 3, Sub-iteration number: 59, FoM: 0.09143892413333865
17/06/2022 19:21:19.937 - oc_logger - INFO - New record achieved. Previous FoM: 0.09143892413333865, new best FoM : 0.09064967077084807
17/06/2022 19:21:19.937 - oc_logger - INFO - Function evaluation number: 292, SI: 3, Sub-iteration number: 60, FoM: 0.09064967077084807
17/06/2022 19:21:20.094 - oc_logger - INFO - New record achieved. Previous FoM: 0.09064967077084807, new best FoM : 0.0898731216147538
17/06/2022 19:21:20.094 - oc_logger - INFO - Function evaluation number: 293, SI: 3, Sub-iteration number: 60, FoM: 0.0898731216147538
17/06/2022 19:21:20.239 - oc_logger - INFO - Function evaluation number: 294, SI: 3, Sub-iteration number: 61, FoM: 0.09375986535530478
17/06/2022 19:21:20.387 - oc_logger - INFO - New record achieved. Previous FoM: 0.0898731216147538, new best FoM : 0.08960220910005179
17/06/2022 19:21:20.388 - oc_logger - INFO - Function evaluation number: 295, SI: 3, Sub-iteration number: 62, FoM: 0.08960220910005179
17/06/2022 19:21:20.537 - oc_logger - INFO - New record achieved. Previous FoM: 0.08960220910005179, new best FoM : 0.08889420117067148
17/06/2022 19:21:20.538 - oc_logger - INFO - Function evaluation number: 296, SI: 3, Sub-iteration number: 62, FoM: 0.08889420117067148
17/06/2022 19:21:20.685 - oc_logger - INFO - New record achieved. Previous FoM: 0.08889420117067148, new best FoM : 0.08759176824200565
17/06/2022 19:21:20.685 - oc_logger - INFO - Function evaluation number: 297, SI: 3, Sub-iteration number: 63, FoM: 0.08759176824200565
17/06/2022 19:21:20.840 - oc_logger - INFO - New record achieved. Previous FoM: 0.08759176824200565, new best FoM : 0.08661874067118236
17/06/2022 19:21:20.840 - oc_logger - INFO - Function evaluation number: 298, SI: 3, Sub-iteration number: 63, FoM: 0.08661874067118236
17/06/2022 19:21:20.993 - oc_logger - INFO - Function evaluation number: 299, SI: 3, Sub-iteration number: 64, FoM: 0.08885795612401026
17/06/2022 19:21:21.144 - oc_logger - INFO - New record achieved. Previous FoM: 0.08661874067118236, new best FoM : 0.08650863473820436
17/06/2022 19:21:21.145 - oc_logger - INFO - Function evaluation number: 300, SI: 3, Sub-iteration number: 65, FoM: 0.08650863473820436
17/06/2022 19:21:21.329 - oc_logger - INFO - New record achieved. Previous FoM: 0.08650863473820436, new best FoM : 0.08567476903020954
17/06/2022 19:21:21.329 - oc_logger - INFO - Function evaluation number: 301, SI: 3, Sub-iteration number: 65, FoM: 0.08567476903020954
17/06/2022 19:21:21.332 - oc_logger - INFO - SI 3 finished - Number of evaluations: 101, Best FoM: 0.08567476903020954, Terminate reason: Exceeded number of allowed function evaluations per direct search.

17/06/2022 19:21:21.333 - oc_logger - INFO - Direct search start time has been reset.
17/06/2022 19:21:21.494 - oc_logger - INFO - Function evaluation number: 302, SI: 4, Sub-iteration number: 0, FoM: 0.08567476903020954
17/06/2022 19:21:21.640 - oc_logger - INFO - Function evaluation number: 303, SI: 4, Sub-iteration number: 0, FoM: 0.08723073201516263
17/06/2022 19:21:21.800 - oc_logger - INFO - Function evaluation number: 304, SI: 4, Sub-iteration number: 0, FoM: 0.08710722317448649
17/06/2022 19:21:21.946 - oc_logger - INFO - Function evaluation number: 305, SI: 4, Sub-iteration number: 0, FoM: 0.08767277558924091
17/06/2022 19:21:22.109 - oc_logger - INFO - Function evaluation number: 306, SI: 4, Sub-iteration number: 0, FoM: 0.09034755043266862
17/06/2022 19:21:22.260 - oc_logger - INFO - Function evaluation number: 307, SI: 4, Sub-iteration number: 0, FoM: 0.08597612046355507
17/06/2022 19:21:22.415 - oc_logger - INFO - Function evaluation number: 308, SI: 4, Sub-iteration number: 0, FoM: 0.08570178803790396
17/06/2022 19:21:22.566 - oc_logger - INFO - New record achieved. Previous FoM: 0.08567476903020954, new best FoM : 0.08554147027806758
17/06/2022 19:21:22.566 - oc_logger - INFO - Function evaluation number: 309, SI: 4, Sub-iteration number: 0, FoM: 0.08554147027806758
17/06/2022 19:21:22.767 - oc_logger - INFO - New record achieved. Previous FoM: 0.08554147027806758, new best FoM : 0.08553842926345823
17/06/2022 19:21:22.767 - oc_logger - INFO - Function evaluation number: 310, SI: 4, Sub-iteration number: 0, FoM: 0.08553842926345823
17/06/2022 19:21:22.921 - oc_logger - INFO - New record achieved. Previous FoM: 0.08553842926345823, new best FoM : 0.08338217412111004
17/06/2022 19:21:22.921 - oc_logger - INFO - Function evaluation number: 311, SI: 4, Sub-iteration number: 0, FoM: 0.08338217412111004
17/06/2022 19:21:23.059 - oc_logger - INFO - Function evaluation number: 312, SI: 4, Sub-iteration number: 1, FoM: 0.09043233653810945
17/06/2022 19:21:23.200 - oc_logger - INFO - Function evaluation number: 313, SI: 4, Sub-iteration number: 1, FoM: 0.0877192479492166
17/06/2022 19:21:23.338 - oc_logger - INFO - Function evaluation number: 314, SI: 4, Sub-iteration number: 2, FoM: 0.08776872652577883
17/06/2022 19:21:23.479 - oc_logger - INFO - Function evaluation number: 315, SI: 4, Sub-iteration number: 2, FoM: 0.08644967783719004
17/06/2022 19:21:23.607 - oc_logger - INFO - Function evaluation number: 316, SI: 4, Sub-iteration number: 3, FoM: 0.08660675488963654
17/06/2022 19:21:23.751 - oc_logger - INFO - Function evaluation number: 317, SI: 4, Sub-iteration number: 4, FoM: 0.08793036563358114
17/06/2022 19:21:23.876 - oc_logger - INFO - Function evaluation number: 318, SI: 4, Sub-iteration number: 4, FoM: 0.08608979952446572
17/06/2022 19:21:24.023 - oc_logger - INFO - Function evaluation number: 319, SI: 4, Sub-iteration number: 5, FoM: 0.08732320792857018
17/06/2022 19:21:24.168 - oc_logger - INFO - Function evaluation number: 320, SI: 4, Sub-iteration number: 5, FoM: 0.0861058146798297
17/06/2022 19:21:24.299 - oc_logger - INFO - Function evaluation number: 321, SI: 4, Sub-iteration number: 6, FoM: 0.08734384414989893
17/06/2022 19:21:24.441 - oc_logger - INFO - Function evaluation number: 322, SI: 4, Sub-iteration number: 6, FoM: 0.08576973465632454
17/06/2022 19:21:24.579 - oc_logger - INFO - Function evaluation number: 323, SI: 4, Sub-iteration number: 7, FoM: 0.08576925113187372
17/06/2022 19:21:24.731 - oc_logger - INFO - Function evaluation number: 324, SI: 4, Sub-iteration number: 8, FoM: 0.08641950939326681
17/06/2022 19:21:24.879 - oc_logger - INFO - Function evaluation number: 325, SI: 4, Sub-iteration number: 8, FoM: 0.08554314965395027
17/06/2022 19:21:25.022 - oc_logger - INFO - Function evaluation number: 326, SI: 4, Sub-iteration number: 9, FoM: 0.08535180006583831
17/06/2022 19:21:25.162 - oc_logger - INFO - Function evaluation number: 327, SI: 4, Sub-iteration number: 10, FoM: 0.08524776617815366
17/06/2022 19:21:25.311 - oc_logger - INFO - Function evaluation number: 328, SI: 4, Sub-iteration number: 11, FoM: 0.08530357035055758
17/06/2022 19:21:25.454 - oc_logger - INFO - Function evaluation number: 329, SI: 4, Sub-iteration number: 12, FoM: 0.08588760534150308
17/06/2022 19:21:25.592 - oc_logger - INFO - Function evaluation number: 330, SI: 4, Sub-iteration number: 12, FoM: 0.08529817970647013
17/06/2022 19:21:25.741 - oc_logger - INFO - Function evaluation number: 331, SI: 4, Sub-iteration number: 13, FoM: 0.08483017237228363
17/06/2022 19:21:25.884 - oc_logger - INFO - Function evaluation number: 332, SI: 4, Sub-iteration number: 14, FoM: 0.08388925950390913
17/06/2022 19:21:26.029 - oc_logger - INFO - Function evaluation number: 333, SI: 4, Sub-iteration number: 15, FoM: 0.08443036497333223
17/06/2022 19:21:26.167 - oc_logger - INFO - Function evaluation number: 334, SI: 4, Sub-iteration number: 16, FoM: 0.08425909652013053
17/06/2022 19:21:26.311 - oc_logger - INFO - New record achieved. Previous FoM: 0.08338217412111004, new best FoM : 0.08317524736863413
17/06/2022 19:21:26.311 - oc_logger - INFO - Function evaluation number: 335, SI: 4, Sub-iteration number: 17, FoM: 0.08317524736863413
17/06/2022 19:21:26.457 - oc_logger - INFO - New record achieved. Previous FoM: 0.08317524736863413, new best FoM : 0.08296225412173541
17/06/2022 19:21:26.457 - oc_logger - INFO - Function evaluation number: 336, SI: 4, Sub-iteration number: 17, FoM: 0.08296225412173541
17/06/2022 19:21:26.605 - oc_logger - INFO - Function evaluation number: 337, SI: 4, Sub-iteration number: 18, FoM: 0.08608776021803477
17/06/2022 19:21:26.754 - oc_logger - INFO - Function evaluation number: 338, SI: 4, Sub-iteration number: 18, FoM: 0.08464598173916327
17/06/2022 19:21:26.895 - oc_logger - INFO - Function evaluation number: 339, SI: 4, Sub-iteration number: 19, FoM: 0.08361809677698206
17/06/2022 19:21:27.036 - oc_logger - INFO - New record achieved. Previous FoM: 0.08296225412173541, new best FoM : 0.08264613437267132
17/06/2022 19:21:27.036 - oc_logger - INFO - Function evaluation number: 340, SI: 4, Sub-iteration number: 20, FoM: 0.08264613437267132
17/06/2022 19:21:27.181 - oc_logger - INFO - New record achieved. Previous FoM: 0.08264613437267132, new best FoM : 0.08243028172800937
17/06/2022 19:21:27.181 - oc_logger - INFO - Function evaluation number: 341, SI: 4, Sub-iteration number: 20, FoM: 0.08243028172800937
17/06/2022 19:21:27.320 - oc_logger - INFO - Function evaluation number: 342, SI: 4, Sub-iteration number: 21, FoM: 0.08293702436353434
17/06/2022 19:21:27.466 - oc_logger - INFO - Function evaluation number: 343, SI: 4, Sub-iteration number: 22, FoM: 0.08290314090740958
17/06/2022 19:21:27.600 - oc_logger - INFO - Function evaluation number: 344, SI: 4, Sub-iteration number: 23, FoM: 0.08261367859548063
17/06/2022 19:21:27.740 - oc_logger - INFO - New record achieved. Previous FoM: 0.08243028172800937, new best FoM : 0.0818175174996778
17/06/2022 19:21:27.740 - oc_logger - INFO - Function evaluation number: 345, SI: 4, Sub-iteration number: 24, FoM: 0.0818175174996778
17/06/2022 19:21:27.881 - oc_logger - INFO - New record achieved. Previous FoM: 0.0818175174996778, new best FoM : 0.08164259245544414
17/06/2022 19:21:27.881 - oc_logger - INFO - Function evaluation number: 346, SI: 4, Sub-iteration number: 24, FoM: 0.08164259245544414
17/06/2022 19:21:28.027 - oc_logger - INFO - Function evaluation number: 347, SI: 4, Sub-iteration number: 25, FoM: 0.0820560688623676
17/06/2022 19:21:28.169 - oc_logger - INFO - New record achieved. Previous FoM: 0.08164259245544414, new best FoM : 0.08099995858111164
17/06/2022 19:21:28.169 - oc_logger - INFO - Function evaluation number: 348, SI: 4, Sub-iteration number: 26, FoM: 0.08099995858111164
17/06/2022 19:21:28.314 - oc_logger - INFO - New record achieved. Previous FoM: 0.08099995858111164, new best FoM : 0.08071629954411474
17/06/2022 19:21:28.314 - oc_logger - INFO - Function evaluation number: 349, SI: 4, Sub-iteration number: 26, FoM: 0.08071629954411474
17/06/2022 19:21:28.457 - oc_logger - INFO - Function evaluation number: 350, SI: 4, Sub-iteration number: 27, FoM: 0.08180766747233559
17/06/2022 19:21:28.606 - oc_logger - INFO - New record achieved. Previous FoM: 0.08071629954411474, new best FoM : 0.08039662670326853
17/06/2022 19:21:28.606 - oc_logger - INFO - Function evaluation number: 351, SI: 4, Sub-iteration number: 28, FoM: 0.08039662670326853
17/06/2022 19:21:28.749 - oc_logger - INFO - New record achieved. Previous FoM: 0.08039662670326853, new best FoM : 0.08007666293546367
17/06/2022 19:21:28.749 - oc_logger - INFO - Function evaluation number: 352, SI: 4, Sub-iteration number: 28, FoM: 0.08007666293546367
17/06/2022 19:21:28.889 - oc_logger - INFO - Function evaluation number: 353, SI: 4, Sub-iteration number: 29, FoM: 0.08025530376088996
17/06/2022 19:21:29.031 - oc_logger - INFO - Function evaluation number: 354, SI: 4, Sub-iteration number: 30, FoM: 0.08037527823557422
17/06/2022 19:21:29.172 - oc_logger - INFO - Function evaluation number: 355, SI: 4, Sub-iteration number: 31, FoM: 0.08077834350004576
17/06/2022 19:21:29.308 - oc_logger - INFO - Function evaluation number: 356, SI: 4, Sub-iteration number: 32, FoM: 0.08199036127893988
17/06/2022 19:21:29.450 - oc_logger - INFO - New record achieved. Previous FoM: 0.08007666293546367, new best FoM : 0.07929930027364396
17/06/2022 19:21:29.450 - oc_logger - INFO - Function evaluation number: 357, SI: 4, Sub-iteration number: 33, FoM: 0.07929930027364396
17/06/2022 19:21:29.599 - oc_logger - INFO - New record achieved. Previous FoM: 0.07929930027364396, new best FoM : 0.07900661607185888
17/06/2022 19:21:29.599 - oc_logger - INFO - Function evaluation number: 358, SI: 4, Sub-iteration number: 33, FoM: 0.07900661607185888
17/06/2022 19:21:29.743 - oc_logger - INFO - New record achieved. Previous FoM: 0.07900661607185888, new best FoM : 0.07896322536071321
17/06/2022 19:21:29.743 - oc_logger - INFO - Function evaluation number: 359, SI: 4, Sub-iteration number: 34, FoM: 0.07896322536071321
17/06/2022 19:21:29.879 - oc_logger - INFO - New record achieved. Previous FoM: 0.07896322536071321, new best FoM : 0.07868118626812448
17/06/2022 19:21:29.879 - oc_logger - INFO - Function evaluation number: 360, SI: 4, Sub-iteration number: 34, FoM: 0.07868118626812448
17/06/2022 19:21:30.026 - oc_logger - INFO - Function evaluation number: 361, SI: 4, Sub-iteration number: 35, FoM: 0.08109638044145284
17/06/2022 19:21:30.176 - oc_logger - INFO - Function evaluation number: 362, SI: 4, Sub-iteration number: 36, FoM: 0.07882676160660917
17/06/2022 19:21:30.322 - oc_logger - INFO - New record achieved. Previous FoM: 0.07868118626812448, new best FoM : 0.07775764185321754
17/06/2022 19:21:30.322 - oc_logger - INFO - Function evaluation number: 363, SI: 4, Sub-iteration number: 37, FoM: 0.07775764185321754
17/06/2022 19:21:30.470 - oc_logger - INFO - New record achieved. Previous FoM: 0.07775764185321754, new best FoM : 0.07737094625084673
17/06/2022 19:21:30.470 - oc_logger - INFO - Function evaluation number: 364, SI: 4, Sub-iteration number: 37, FoM: 0.07737094625084673
17/06/2022 19:21:30.624 - oc_logger - INFO - Function evaluation number: 365, SI: 4, Sub-iteration number: 38, FoM: 0.08017165445625629
17/06/2022 19:21:30.768 - oc_logger - INFO - Function evaluation number: 366, SI: 4, Sub-iteration number: 39, FoM: 0.07918306598392633
17/06/2022 19:21:30.913 - oc_logger - INFO - New record achieved. Previous FoM: 0.07737094625084673, new best FoM : 0.07717171702978098
17/06/2022 19:21:30.913 - oc_logger - INFO - Function evaluation number: 367, SI: 4, Sub-iteration number: 40, FoM: 0.07717171702978098
17/06/2022 19:21:31.061 - oc_logger - INFO - New record achieved. Previous FoM: 0.07717171702978098, new best FoM : 0.07678079617203515
17/06/2022 19:21:31.061 - oc_logger - INFO - Function evaluation number: 368, SI: 4, Sub-iteration number: 40, FoM: 0.07678079617203515
17/06/2022 19:21:31.207 - oc_logger - INFO - Function evaluation number: 369, SI: 4, Sub-iteration number: 41, FoM: 0.07763766234855385
17/06/2022 19:21:31.359 - oc_logger - INFO - New record achieved. Previous FoM: 0.07678079617203515, new best FoM : 0.07636405462104334
17/06/2022 19:21:31.359 - oc_logger - INFO - Function evaluation number: 370, SI: 4, Sub-iteration number: 42, FoM: 0.07636405462104334
17/06/2022 19:21:31.554 - oc_logger - INFO - New record achieved. Previous FoM: 0.07636405462104334, new best FoM : 0.07596076820685171
17/06/2022 19:21:31.554 - oc_logger - INFO - Function evaluation number: 371, SI: 4, Sub-iteration number: 42, FoM: 0.07596076820685171
17/06/2022 19:21:31.710 - oc_logger - INFO - Function evaluation number: 372, SI: 4, Sub-iteration number: 43, FoM: 0.07785760558279031
17/06/2022 19:21:31.848 - oc_logger - INFO - New record achieved. Previous FoM: 0.07596076820685171, new best FoM : 0.07505301540415799
17/06/2022 19:21:31.849 - oc_logger - INFO - Function evaluation number: 373, SI: 4, Sub-iteration number: 44, FoM: 0.07505301540415799
17/06/2022 19:21:31.995 - oc_logger - INFO - New record achieved. Previous FoM: 0.07505301540415799, new best FoM : 0.0745114375167043
17/06/2022 19:21:31.996 - oc_logger - INFO - Function evaluation number: 374, SI: 4, Sub-iteration number: 44, FoM: 0.0745114375167043
17/06/2022 19:21:32.141 - oc_logger - INFO - Function evaluation number: 375, SI: 4, Sub-iteration number: 45, FoM: 0.07697853790202813
17/06/2022 19:21:32.288 - oc_logger - INFO - Function evaluation number: 376, SI: 4, Sub-iteration number: 46, FoM: 0.0754758167188504
17/06/2022 19:21:32.431 - oc_logger - INFO - Function evaluation number: 377, SI: 4, Sub-iteration number: 47, FoM: 0.07478189016922765
17/06/2022 19:21:32.573 - oc_logger - INFO - New record achieved. Previous FoM: 0.0745114375167043, new best FoM : 0.0735418789331328
17/06/2022 19:21:32.573 - oc_logger - INFO - Function evaluation number: 378, SI: 4, Sub-iteration number: 48, FoM: 0.0735418789331328
17/06/2022 19:21:32.719 - oc_logger - INFO - New record achieved. Previous FoM: 0.0735418789331328, new best FoM : 0.07302545624600465
17/06/2022 19:21:32.719 - oc_logger - INFO - Function evaluation number: 379, SI: 4, Sub-iteration number: 48, FoM: 0.07302545624600465
17/06/2022 19:21:32.868 - oc_logger - INFO - Function evaluation number: 380, SI: 4, Sub-iteration number: 49, FoM: 0.07543722491563987
17/06/2022 19:21:33.012 - oc_logger - INFO - Function evaluation number: 381, SI: 4, Sub-iteration number: 50, FoM: 0.0733453997389234
17/06/2022 19:21:33.157 - oc_logger - INFO - New record achieved. Previous FoM: 0.07302545624600465, new best FoM : 0.07264224885526216
17/06/2022 19:21:33.157 - oc_logger - INFO - Function evaluation number: 382, SI: 4, Sub-iteration number: 51, FoM: 0.07264224885526216
17/06/2022 19:21:33.302 - oc_logger - INFO - New record achieved. Previous FoM: 0.07264224885526216, new best FoM : 0.07222651004220582
17/06/2022 19:21:33.302 - oc_logger - INFO - Function evaluation number: 383, SI: 4, Sub-iteration number: 51, FoM: 0.07222651004220582
17/06/2022 19:21:33.452 - oc_logger - INFO - Function evaluation number: 384, SI: 4, Sub-iteration number: 52, FoM: 0.0735675034513843
17/06/2022 19:21:33.591 - oc_logger - INFO - New record achieved. Previous FoM: 0.07222651004220582, new best FoM : 0.07107814211705121
17/06/2022 19:21:33.591 - oc_logger - INFO - Function evaluation number: 385, SI: 4, Sub-iteration number: 53, FoM: 0.07107814211705121
17/06/2022 19:21:33.739 - oc_logger - INFO - New record achieved. Previous FoM: 0.07107814211705121, new best FoM : 0.07047740488096743
17/06/2022 19:21:33.739 - oc_logger - INFO - Function evaluation number: 386, SI: 4, Sub-iteration number: 53, FoM: 0.07047740488096743
17/06/2022 19:21:33.887 - oc_logger - INFO - Function evaluation number: 387, SI: 4, Sub-iteration number: 54, FoM: 0.07073457387732318
17/06/2022 19:21:34.032 - oc_logger - INFO - Function evaluation number: 388, SI: 4, Sub-iteration number: 55, FoM: 0.07107499206703283
17/06/2022 19:21:34.176 - oc_logger - INFO - Function evaluation number: 389, SI: 4, Sub-iteration number: 56, FoM: 0.07114464840669599
17/06/2022 19:21:34.319 - oc_logger - INFO - New record achieved. Previous FoM: 0.07047740488096743, new best FoM : 0.07012396030355128
17/06/2022 19:21:34.319 - oc_logger - INFO - Function evaluation number: 390, SI: 4, Sub-iteration number: 57, FoM: 0.07012396030355128
17/06/2022 19:21:34.453 - oc_logger - INFO - New record achieved. Previous FoM: 0.07012396030355128, new best FoM : 0.06990259455946679
17/06/2022 19:21:34.454 - oc_logger - INFO - Function evaluation number: 391, SI: 4, Sub-iteration number: 57, FoM: 0.06990259455946679
17/06/2022 19:21:34.598 - oc_logger - INFO - New record achieved. Previous FoM: 0.06990259455946679, new best FoM : 0.06812071551017151
17/06/2022 19:21:34.598 - oc_logger - INFO - Function evaluation number: 392, SI: 4, Sub-iteration number: 58, FoM: 0.06812071551017151
17/06/2022 19:21:34.739 - oc_logger - INFO - New record achieved. Previous FoM: 0.06812071551017151, new best FoM : 0.06743428955246444
17/06/2022 19:21:34.740 - oc_logger - INFO - Function evaluation number: 393, SI: 4, Sub-iteration number: 58, FoM: 0.06743428955246444
17/06/2022 19:21:34.882 - oc_logger - INFO - Function evaluation number: 394, SI: 4, Sub-iteration number: 59, FoM: 0.06921108814531562
17/06/2022 19:21:35.027 - oc_logger - INFO - New record achieved. Previous FoM: 0.06743428955246444, new best FoM : 0.0673053604282201
17/06/2022 19:21:35.027 - oc_logger - INFO - Function evaluation number: 395, SI: 4, Sub-iteration number: 60, FoM: 0.0673053604282201
17/06/2022 19:21:35.169 - oc_logger - INFO - New record achieved. Previous FoM: 0.0673053604282201, new best FoM : 0.06671830075874308
17/06/2022 19:21:35.169 - oc_logger - INFO - Function evaluation number: 396, SI: 4, Sub-iteration number: 60, FoM: 0.06671830075874308
17/06/2022 19:21:35.311 - oc_logger - INFO - New record achieved. Previous FoM: 0.06671830075874308, new best FoM : 0.0662501641765385
17/06/2022 19:21:35.311 - oc_logger - INFO - Function evaluation number: 397, SI: 4, Sub-iteration number: 61, FoM: 0.0662501641765385
17/06/2022 19:21:35.457 - oc_logger - INFO - New record achieved. Previous FoM: 0.0662501641765385, new best FoM : 0.06559208897747237
17/06/2022 19:21:35.457 - oc_logger - INFO - Function evaluation number: 398, SI: 4, Sub-iteration number: 61, FoM: 0.06559208897747237
17/06/2022 19:21:35.604 - oc_logger - INFO - Function evaluation number: 399, SI: 4, Sub-iteration number: 62, FoM: 0.06608447757763047
17/06/2022 19:21:35.744 - oc_logger - INFO - Function evaluation number: 400, SI: 4, Sub-iteration number: 63, FoM: 0.06733539179804715
17/06/2022 19:21:35.744 - oc_logger - INFO - Setting is_running state: False
17/06/2022 19:21:35.744 - oc_logger - INFO - SI 4 finished - Number of evaluations: 100, Best FoM: 0.06559208897747237, Terminate reason: Optimization time for direct search exceeded limit.

17/06/2022 19:21:35.745 - oc_logger - INFO - Figure of merit : 0.06559208897747237
17/06/2022 19:21:35.745 - oc_logger - INFO - Std : 0.0
17/06/2022 19:21:35.745 - oc_logger - INFO - total number of function evaluations : 400
17/06/2022 19:21:35.745 - oc_logger - INFO - dcrab_freq_list : [array([[0.1949205 , 0.40653166, 0.92354444, 1.38448209]]), array([[0.34875602, 0.59589508, 0.88171576, 1.55409825]]), array([[0.30879676, 0.42835166, 1.15208942, 1.47171064]]), array([[0.3936293 , 0.59065668, 1.12693233, 1.2741612 ]])]
17/06/2022 19:21:35.746 - oc_logger - INFO - dcrab_para_list : [array([ 0.09929121,  1.27669614, -0.97924072,  2.32463514,  3.77535666,
       -2.71551615, -0.76241696, -2.88463626,  0.29399641]), array([ 0.13098725,  0.09922558, -0.52238141, -0.14884134,  0.31412004,
       -1.10205196, -1.48365151, -0.4878173 ,  0.30803192]), array([ 0.68054297,  0.16132657, -0.74536198, -1.0837145 ,  0.14104856,
       -1.11828715,  0.03495918, -0.29458422,  0.32134277]), array([ 0.01740295,  0.4112553 , -0.34570493, -0.30886285, -0.57941384,
        0.06235548, -0.47286718, -0.53609485,  0.3317819 ])]
17/06/2022 19:21:35.746 - oc_logger - INFO - terminate_reason : Optimization time for direct search exceeded limit.
17/06/2022 19:21:35.746 - oc_logger - INFO - Termination Reason : Maximum number of total function evaluations reached
