06/07/2022 06:34:50.439 - oc_logger - INFO - The optimization direction is minimization
06/07/2022 06:34:50.439 - oc_logger - INFO - QuOCS version number: 0.0.22
06/07/2022 06:34:50.485 - oc_logger - INFO - Function evaluation number: 1, FoM: 0.7178147063857081
06/07/2022 06:34:50.498 - oc_logger - INFO - Function evaluation number: 2, FoM: 0.6977924406006317
06/07/2022 06:34:50.505 - oc_logger - INFO - Function evaluation number: 3, FoM: 0.6463639118580604
06/07/2022 06:34:50.513 - oc_logger - INFO - Function evaluation number: 4, FoM: 0.613076955342833
06/07/2022 06:34:50.521 - oc_logger - INFO - Function evaluation number: 5, FoM: 0.5326537348881217
06/07/2022 06:34:50.530 - oc_logger - INFO - Function evaluation number: 6, FoM: 0.4546626561884146
06/07/2022 06:34:50.538 - oc_logger - INFO - Function evaluation number: 7, FoM: 0.2790157056475979
06/07/2022 06:34:50.546 - oc_logger - INFO - Function evaluation number: 8, FoM: 0.0915602041640593
06/07/2022 06:34:50.554 - oc_logger - INFO - Function evaluation number: 9, FoM: 0.2692538889197744
06/07/2022 06:34:50.562 - oc_logger - INFO - Function evaluation number: 10, FoM: 0.21666618252594005
06/07/2022 06:34:50.570 - oc_logger - INFO - Function evaluation number: 11, FoM: 0.410574527987859
06/07/2022 06:34:50.578 - oc_logger - INFO - Function evaluation number: 12, FoM: 0.11386884990956969
06/07/2022 06:34:50.586 - oc_logger - INFO - Function evaluation number: 13, FoM: 0.39537507734825894
06/07/2022 06:34:50.594 - oc_logger - INFO - Function evaluation number: 14, FoM: 0.05630384060245164
06/07/2022 06:34:50.602 - oc_logger - INFO - Function evaluation number: 15, FoM: 0.08101314260431947
06/07/2022 06:34:50.610 - oc_logger - INFO - Function evaluation number: 16, FoM: 0.22706129376090323
06/07/2022 06:34:50.618 - oc_logger - INFO - Function evaluation number: 17, FoM: 0.012486920601282758
06/07/2022 06:34:50.626 - oc_logger - INFO - Function evaluation number: 18, FoM: 0.03380470852049933
06/07/2022 06:34:50.634 - oc_logger - INFO - Function evaluation number: 19, FoM: 0.10394026342163798
06/07/2022 06:34:50.642 - oc_logger - INFO - Function evaluation number: 20, FoM: 0.01594658691874673
06/07/2022 06:34:50.651 - oc_logger - INFO - Function evaluation number: 21, FoM: 0.041241754191977176
06/07/2022 06:34:50.659 - oc_logger - INFO - Function evaluation number: 22, FoM: 0.01682619323480239
06/07/2022 06:34:50.667 - oc_logger - INFO - Function evaluation number: 23, FoM: 0.02072315168249672
06/07/2022 06:34:50.676 - oc_logger - INFO - Function evaluation number: 24, FoM: 0.007883636043191311
06/07/2022 06:34:50.684 - oc_logger - INFO - Function evaluation number: 25, FoM: 0.03568519125881764
06/07/2022 06:34:50.693 - oc_logger - INFO - Function evaluation number: 26, FoM: 0.002626646815970579
06/07/2022 06:34:50.701 - oc_logger - INFO - Function evaluation number: 27, FoM: 0.00887951424074307
06/07/2022 06:34:50.709 - oc_logger - INFO - Function evaluation number: 28, FoM: 0.002921675830256598
06/07/2022 06:34:50.718 - oc_logger - INFO - Function evaluation number: 29, FoM: 0.013335887957387826
06/07/2022 06:34:50.724 - oc_logger - INFO - Function evaluation number: 30, FoM: 0.002593508735179384
06/07/2022 06:34:50.731 - oc_logger - INFO - Function evaluation number: 31, FoM: 0.002551681746197465
06/07/2022 06:34:50.737 - oc_logger - INFO - Function evaluation number: 32, FoM: 0.00474449182021619
06/07/2022 06:34:50.744 - oc_logger - INFO - Function evaluation number: 33, FoM: 0.007898366054899464
06/07/2022 06:34:50.752 - oc_logger - INFO - Function evaluation number: 34, FoM: 8.553749000217437e-06
06/07/2022 06:34:50.760 - oc_logger - INFO - Function evaluation number: 35, FoM: 0.00027480464214024725
06/07/2022 06:34:50.768 - oc_logger - INFO - Function evaluation number: 36, FoM: 0.0026827301671760173
06/07/2022 06:34:50.776 - oc_logger - INFO - Function evaluation number: 37, FoM: 0.0012441003654521943
06/07/2022 06:34:50.784 - oc_logger - INFO - Function evaluation number: 38, FoM: 0.0013731122681006624
06/07/2022 06:34:50.792 - oc_logger - INFO - Function evaluation number: 39, FoM: 0.0005900521890704891
06/07/2022 06:34:50.799 - oc_logger - INFO - Function evaluation number: 40, FoM: 0.0007185549623396348
06/07/2022 06:34:50.806 - oc_logger - INFO - Function evaluation number: 41, FoM: 0.00026296409454751313
06/07/2022 06:34:50.813 - oc_logger - INFO - Function evaluation number: 42, FoM: 0.0002758707895045287
06/07/2022 06:34:50.821 - oc_logger - INFO - Function evaluation number: 43, FoM: 2.219413818049798e-05
06/07/2022 06:34:50.828 - oc_logger - INFO - Function evaluation number: 44, FoM: 0.0002433184297916391
06/07/2022 06:34:50.835 - oc_logger - INFO - Function evaluation number: 45, FoM: 0.00010897704480949955
06/07/2022 06:34:50.842 - oc_logger - INFO - Function evaluation number: 46, FoM: 0.0001441754628479508
06/07/2022 06:34:50.849 - oc_logger - INFO - Function evaluation number: 47, FoM: 4.374551754671163e-05
06/07/2022 06:34:50.856 - oc_logger - INFO - Function evaluation number: 48, FoM: 8.283214196946886e-05
06/07/2022 06:34:50.863 - oc_logger - INFO - Function evaluation number: 49, FoM: 1.1615164156264512e-05
06/07/2022 06:34:50.870 - oc_logger - INFO - Function evaluation number: 50, FoM: 9.690388710204001e-05
06/07/2022 06:34:50.879 - oc_logger - INFO - Function evaluation number: 51, FoM: 7.012358158364762e-06
06/07/2022 06:34:50.888 - oc_logger - INFO - Function evaluation number: 52, FoM: 4.2500663531397365e-05
06/07/2022 06:34:50.895 - oc_logger - INFO - Function evaluation number: 53, FoM: 3.822602389291774e-06
06/07/2022 06:34:50.898 - oc_logger - INFO - Figure of merit : 3.822602389291774e-06
06/07/2022 06:34:50.898 - oc_logger - INFO - parameters : [3.25565012 4.48395672]
06/07/2022 06:34:50.898 - oc_logger - INFO - terminate_reason : Convergence of the simplex.
