06/05/2022 12:20:42.781 - oc_logger - INFO - The optimization direction is minimization
06/05/2022 12:20:42.785 - oc_logger - INFO - QuOCS version number: 0.0.22
06/05/2022 12:20:42.785 - oc_logger - INFO - Direct search start time has been reset.
06/05/2022 12:20:43.098 - oc_logger - INFO - New record achieved. Previous FoM: 10000000000.0, new best FoM : 0.9736910538037644
06/05/2022 12:20:43.098 - oc_logger - INFO - Function evaluation number: 1, SI: 1, Sub-iteration number: 0, FoM: 0.9736910538037644
06/05/2022 12:20:43.409 - oc_logger - INFO - New record achieved. Previous FoM: 0.9736910538037644, new best FoM : 0.9733767164408189
06/05/2022 12:20:43.409 - oc_logger - INFO - Function evaluation number: 2, SI: 1, Sub-iteration number: 0, FoM: 0.9733767164408189
06/05/2022 12:20:43.719 - oc_logger - INFO - Function evaluation number: 3, SI: 1, Sub-iteration number: 0, FoM: 0.9740730529095464
06/05/2022 12:20:44.080 - oc_logger - INFO - Function evaluation number: 4, SI: 1, Sub-iteration number: 0, FoM: 0.9741626100527303
06/05/2022 12:20:44.365 - oc_logger - INFO - New record achieved. Previous FoM: 0.9733767164408189, new best FoM : 0.9727606766888672
06/05/2022 12:20:44.365 - oc_logger - INFO - Function evaluation number: 5, SI: 1, Sub-iteration number: 0, FoM: 0.9727606766888672
06/05/2022 12:20:44.682 - oc_logger - INFO - Function evaluation number: 6, SI: 1, Sub-iteration number: 0, FoM: 0.9740314707150194
06/05/2022 12:20:45.021 - oc_logger - INFO - Function evaluation number: 7, SI: 1, Sub-iteration number: 0, FoM: 0.9744269870060491
06/05/2022 12:20:45.311 - oc_logger - INFO - Function evaluation number: 8, SI: 1, Sub-iteration number: 0, FoM: 0.9746032872681454
06/05/2022 12:20:45.599 - oc_logger - INFO - Function evaluation number: 9, SI: 1, Sub-iteration number: 0, FoM: 0.9734025775725779
06/05/2022 12:20:45.917 - oc_logger - INFO - Function evaluation number: 10, SI: 1, Sub-iteration number: 1, FoM: 0.9728676499020059
06/05/2022 12:20:46.241 - oc_logger - INFO - New record achieved. Previous FoM: 0.9727606766888672, new best FoM : 0.972653408806714
06/05/2022 12:20:46.241 - oc_logger - INFO - Function evaluation number: 11, SI: 1, Sub-iteration number: 2, FoM: 0.972653408806714
06/05/2022 12:20:46.585 - oc_logger - INFO - New record achieved. Previous FoM: 0.972653408806714, new best FoM : 0.9724270882079573
06/05/2022 12:20:46.585 - oc_logger - INFO - Function evaluation number: 12, SI: 1, Sub-iteration number: 2, FoM: 0.9724270882079573
06/05/2022 12:20:46.930 - oc_logger - INFO - Function evaluation number: 13, SI: 1, Sub-iteration number: 3, FoM: 0.9724870212322536
06/05/2022 12:20:47.272 - oc_logger - INFO - New record achieved. Previous FoM: 0.9724270882079573, new best FoM : 0.9721744508359706
06/05/2022 12:20:47.273 - oc_logger - INFO - Function evaluation number: 14, SI: 1, Sub-iteration number: 4, FoM: 0.9721744508359706
06/05/2022 12:20:47.623 - oc_logger - INFO - New record achieved. Previous FoM: 0.9721744508359706, new best FoM : 0.9719316063399791
06/05/2022 12:20:47.623 - oc_logger - INFO - Function evaluation number: 15, SI: 1, Sub-iteration number: 4, FoM: 0.9719316063399791
06/05/2022 12:20:47.970 - oc_logger - INFO - New record achieved. Previous FoM: 0.9719316063399791, new best FoM : 0.971682086208552
06/05/2022 12:20:47.970 - oc_logger - INFO - Function evaluation number: 16, SI: 1, Sub-iteration number: 5, FoM: 0.971682086208552
06/05/2022 12:20:48.315 - oc_logger - INFO - New record achieved. Previous FoM: 0.971682086208552, new best FoM : 0.9713803169996882
06/05/2022 12:20:48.315 - oc_logger - INFO - Function evaluation number: 17, SI: 1, Sub-iteration number: 5, FoM: 0.9713803169996882
06/05/2022 12:20:48.664 - oc_logger - INFO - Function evaluation number: 18, SI: 1, Sub-iteration number: 6, FoM: 0.9714499727426722
06/05/2022 12:20:49.006 - oc_logger - INFO - New record achieved. Previous FoM: 0.9713803169996882, new best FoM : 0.9712527657232621
06/05/2022 12:20:49.006 - oc_logger - INFO - Function evaluation number: 19, SI: 1, Sub-iteration number: 7, FoM: 0.9712527657232621
06/05/2022 12:20:49.352 - oc_logger - INFO - New record achieved. Previous FoM: 0.9712527657232621, new best FoM : 0.9709774175868384
06/05/2022 12:20:49.353 - oc_logger - INFO - Function evaluation number: 20, SI: 1, Sub-iteration number: 7, FoM: 0.9709774175868384
06/05/2022 12:20:49.699 - oc_logger - INFO - New record achieved. Previous FoM: 0.9709774175868384, new best FoM : 0.9706655760257076
06/05/2022 12:20:49.699 - oc_logger - INFO - Function evaluation number: 21, SI: 1, Sub-iteration number: 8, FoM: 0.9706655760257076
06/05/2022 12:20:50.044 - oc_logger - INFO - New record achieved. Previous FoM: 0.9706655760257076, new best FoM : 0.970316348252227
06/05/2022 12:20:50.044 - oc_logger - INFO - Function evaluation number: 22, SI: 1, Sub-iteration number: 8, FoM: 0.970316348252227
06/05/2022 12:20:50.378 - oc_logger - INFO - Function evaluation number: 23, SI: 1, Sub-iteration number: 9, FoM: 0.9705495636158141
06/05/2022 12:20:50.715 - oc_logger - INFO - New record achieved. Previous FoM: 0.970316348252227, new best FoM : 0.970095507034171
06/05/2022 12:20:50.716 - oc_logger - INFO - Function evaluation number: 24, SI: 1, Sub-iteration number: 10, FoM: 0.970095507034171
06/05/2022 12:20:51.056 - oc_logger - INFO - New record achieved. Previous FoM: 0.970095507034171, new best FoM : 0.9697525840208647
06/05/2022 12:20:51.056 - oc_logger - INFO - Function evaluation number: 25, SI: 1, Sub-iteration number: 10, FoM: 0.9697525840208647
06/05/2022 12:20:51.401 - oc_logger - INFO - New record achieved. Previous FoM: 0.9697525840208647, new best FoM : 0.9696830269639612
06/05/2022 12:20:51.402 - oc_logger - INFO - Function evaluation number: 26, SI: 1, Sub-iteration number: 11, FoM: 0.9696830269639612
06/05/2022 12:20:51.740 - oc_logger - INFO - New record achieved. Previous FoM: 0.9696830269639612, new best FoM : 0.9693215622853975
06/05/2022 12:20:51.740 - oc_logger - INFO - Function evaluation number: 27, SI: 1, Sub-iteration number: 11, FoM: 0.9693215622853975
06/05/2022 12:20:52.077 - oc_logger - INFO - New record achieved. Previous FoM: 0.9693215622853975, new best FoM : 0.9689463842913553
06/05/2022 12:20:52.077 - oc_logger - INFO - Function evaluation number: 28, SI: 1, Sub-iteration number: 12, FoM: 0.9689463842913553
06/05/2022 12:20:52.413 - oc_logger - INFO - New record achieved. Previous FoM: 0.9689463842913553, new best FoM : 0.9684946120964069
06/05/2022 12:20:52.413 - oc_logger - INFO - Function evaluation number: 29, SI: 1, Sub-iteration number: 12, FoM: 0.9684946120964069
06/05/2022 12:20:52.755 - oc_logger - INFO - Function evaluation number: 30, SI: 1, Sub-iteration number: 13, FoM: 0.9685978063336798
06/05/2022 12:20:53.096 - oc_logger - INFO - New record achieved. Previous FoM: 0.9684946120964069, new best FoM : 0.9683715036632716
06/05/2022 12:20:53.096 - oc_logger - INFO - Function evaluation number: 31, SI: 1, Sub-iteration number: 14, FoM: 0.9683715036632716
06/05/2022 12:20:53.439 - oc_logger - INFO - New record achieved. Previous FoM: 0.9683715036632716, new best FoM : 0.9679742136515813
06/05/2022 12:20:53.439 - oc_logger - INFO - Function evaluation number: 32, SI: 1, Sub-iteration number: 14, FoM: 0.9679742136515813
06/05/2022 12:20:53.728 - oc_logger - INFO - New record achieved. Previous FoM: 0.9679742136515813, new best FoM : 0.9675674521394106
06/05/2022 12:20:53.728 - oc_logger - INFO - Function evaluation number: 33, SI: 1, Sub-iteration number: 15, FoM: 0.9675674521394106
06/05/2022 12:20:54.105 - oc_logger - INFO - New record achieved. Previous FoM: 0.9675674521394106, new best FoM : 0.9670720609956723
06/05/2022 12:20:54.105 - oc_logger - INFO - Function evaluation number: 34, SI: 1, Sub-iteration number: 15, FoM: 0.9670720609956723
06/05/2022 12:20:54.371 - oc_logger - INFO - New record achieved. Previous FoM: 0.9670720609956723, new best FoM : 0.9669925521940133
06/05/2022 12:20:54.371 - oc_logger - INFO - Function evaluation number: 35, SI: 1, Sub-iteration number: 16, FoM: 0.9669925521940133
06/05/2022 12:20:54.696 - oc_logger - INFO - New record achieved. Previous FoM: 0.9669925521940133, new best FoM : 0.9664742424041369
06/05/2022 12:20:54.696 - oc_logger - INFO - Function evaluation number: 36, SI: 1, Sub-iteration number: 16, FoM: 0.9664742424041369
06/05/2022 12:20:55.039 - oc_logger - INFO - New record achieved. Previous FoM: 0.9664742424041369, new best FoM : 0.9664022586743949
06/05/2022 12:20:55.039 - oc_logger - INFO - Function evaluation number: 37, SI: 1, Sub-iteration number: 17, FoM: 0.9664022586743949
06/05/2022 12:20:55.384 - oc_logger - INFO - New record achieved. Previous FoM: 0.9664022586743949, new best FoM : 0.9658626927367916
06/05/2022 12:20:55.384 - oc_logger - INFO - Function evaluation number: 38, SI: 1, Sub-iteration number: 17, FoM: 0.9658626927367916
06/05/2022 12:20:55.727 - oc_logger - INFO - New record achieved. Previous FoM: 0.9658626927367916, new best FoM : 0.965497519561563
06/05/2022 12:20:55.727 - oc_logger - INFO - Function evaluation number: 39, SI: 1, Sub-iteration number: 18, FoM: 0.965497519561563
06/05/2022 12:20:56.069 - oc_logger - INFO - New record achieved. Previous FoM: 0.965497519561563, new best FoM : 0.9648666310738983
06/05/2022 12:20:56.069 - oc_logger - INFO - Function evaluation number: 40, SI: 1, Sub-iteration number: 18, FoM: 0.9648666310738983
06/05/2022 12:20:56.415 - oc_logger - INFO - New record achieved. Previous FoM: 0.9648666310738983, new best FoM : 0.9648443821169433
06/05/2022 12:20:56.416 - oc_logger - INFO - Function evaluation number: 41, SI: 1, Sub-iteration number: 19, FoM: 0.9648443821169433
06/05/2022 12:20:56.758 - oc_logger - INFO - New record achieved. Previous FoM: 0.9648443821169433, new best FoM : 0.9642018891953016
06/05/2022 12:20:56.758 - oc_logger - INFO - Function evaluation number: 42, SI: 1, Sub-iteration number: 19, FoM: 0.9642018891953016
06/05/2022 12:20:57.102 - oc_logger - INFO - New record achieved. Previous FoM: 0.9642018891953016, new best FoM : 0.9639869837345824
06/05/2022 12:20:57.102 - oc_logger - INFO - Function evaluation number: 43, SI: 1, Sub-iteration number: 20, FoM: 0.9639869837345824
06/05/2022 12:20:57.446 - oc_logger - INFO - New record achieved. Previous FoM: 0.9639869837345824, new best FoM : 0.9632874470859936
06/05/2022 12:20:57.446 - oc_logger - INFO - Function evaluation number: 44, SI: 1, Sub-iteration number: 20, FoM: 0.9632874470859936
06/05/2022 12:20:57.787 - oc_logger - INFO - Function evaluation number: 45, SI: 1, Sub-iteration number: 21, FoM: 0.963395598280537
06/05/2022 12:20:58.127 - oc_logger - INFO - New record achieved. Previous FoM: 0.9632874470859936, new best FoM : 0.9621750319119501
06/05/2022 12:20:58.127 - oc_logger - INFO - Function evaluation number: 46, SI: 1, Sub-iteration number: 22, FoM: 0.9621750319119501
06/05/2022 12:20:58.475 - oc_logger - INFO - New record achieved. Previous FoM: 0.9621750319119501, new best FoM : 0.9613413477643461
06/05/2022 12:20:58.475 - oc_logger - INFO - Function evaluation number: 47, SI: 1, Sub-iteration number: 22, FoM: 0.9613413477643461
06/05/2022 12:20:58.848 - oc_logger - INFO - New record achieved. Previous FoM: 0.9613413477643461, new best FoM : 0.9610118283521454
06/05/2022 12:20:58.848 - oc_logger - INFO - Function evaluation number: 48, SI: 1, Sub-iteration number: 23, FoM: 0.9610118283521454
06/05/2022 12:20:59.173 - oc_logger - INFO - New record achieved. Previous FoM: 0.9610118283521454, new best FoM : 0.9600889543297717
06/05/2022 12:20:59.173 - oc_logger - INFO - Function evaluation number: 49, SI: 1, Sub-iteration number: 23, FoM: 0.9600889543297717
06/05/2022 12:20:59.515 - oc_logger - INFO - Function evaluation number: 50, SI: 1, Sub-iteration number: 24, FoM: 0.9601898856818913
06/05/2022 12:20:59.857 - oc_logger - INFO - New record achieved. Previous FoM: 0.9600889543297717, new best FoM : 0.9591992082713698
06/05/2022 12:20:59.857 - oc_logger - INFO - Function evaluation number: 51, SI: 1, Sub-iteration number: 25, FoM: 0.9591992082713698
06/05/2022 12:21:00.186 - oc_logger - INFO - New record achieved. Previous FoM: 0.9591992082713698, new best FoM : 0.9582354473889978
06/05/2022 12:21:00.186 - oc_logger - INFO - Function evaluation number: 52, SI: 1, Sub-iteration number: 25, FoM: 0.9582354473889978
06/05/2022 12:21:00.526 - oc_logger - INFO - New record achieved. Previous FoM: 0.9582354473889978, new best FoM : 0.9578766246517003
06/05/2022 12:21:00.527 - oc_logger - INFO - Function evaluation number: 53, SI: 1, Sub-iteration number: 26, FoM: 0.9578766246517003
06/05/2022 12:21:00.871 - oc_logger - INFO - New record achieved. Previous FoM: 0.9578766246517003, new best FoM : 0.9568140789627959
06/05/2022 12:21:00.871 - oc_logger - INFO - Function evaluation number: 54, SI: 1, Sub-iteration number: 26, FoM: 0.9568140789627959
06/05/2022 12:21:01.213 - oc_logger - INFO - Function evaluation number: 55, SI: 1, Sub-iteration number: 27, FoM: 0.9568844255781206
06/05/2022 12:21:01.554 - oc_logger - INFO - New record achieved. Previous FoM: 0.9568140789627959, new best FoM : 0.9556944787313846
06/05/2022 12:21:01.555 - oc_logger - INFO - Function evaluation number: 56, SI: 1, Sub-iteration number: 28, FoM: 0.9556944787313846
06/05/2022 12:21:01.898 - oc_logger - INFO - New record achieved. Previous FoM: 0.9556944787313846, new best FoM : 0.9545631707728685
06/05/2022 12:21:01.899 - oc_logger - INFO - Function evaluation number: 57, SI: 1, Sub-iteration number: 28, FoM: 0.9545631707728685
06/05/2022 12:21:02.187 - oc_logger - INFO - New record achieved. Previous FoM: 0.9545631707728685, new best FoM : 0.9542837159536921
06/05/2022 12:21:02.187 - oc_logger - INFO - Function evaluation number: 58, SI: 1, Sub-iteration number: 29, FoM: 0.9542837159536921
06/05/2022 12:21:02.529 - oc_logger - INFO - New record achieved. Previous FoM: 0.9542837159536921, new best FoM : 0.9530709134775934
06/05/2022 12:21:02.529 - oc_logger - INFO - Function evaluation number: 59, SI: 1, Sub-iteration number: 29, FoM: 0.9530709134775934
06/05/2022 12:21:02.929 - oc_logger - INFO - New record achieved. Previous FoM: 0.9530709134775934, new best FoM : 0.9516726643964648
06/05/2022 12:21:02.929 - oc_logger - INFO - Function evaluation number: 60, SI: 1, Sub-iteration number: 30, FoM: 0.9516726643964648
06/05/2022 12:21:03.256 - oc_logger - INFO - New record achieved. Previous FoM: 0.9516726643964648, new best FoM : 0.9501013992307145
06/05/2022 12:21:03.256 - oc_logger - INFO - Function evaluation number: 61, SI: 1, Sub-iteration number: 30, FoM: 0.9501013992307145
06/05/2022 12:21:03.656 - oc_logger - INFO - Function evaluation number: 62, SI: 1, Sub-iteration number: 31, FoM: 0.9509413363226004
06/05/2022 12:21:04.074 - oc_logger - INFO - New record achieved. Previous FoM: 0.9501013992307145, new best FoM : 0.9497953777877897
06/05/2022 12:21:04.074 - oc_logger - INFO - Function evaluation number: 63, SI: 1, Sub-iteration number: 32, FoM: 0.9497953777877897
06/05/2022 12:21:04.477 - oc_logger - INFO - New record achieved. Previous FoM: 0.9497953777877897, new best FoM : 0.9484072188940011
06/05/2022 12:21:04.477 - oc_logger - INFO - Function evaluation number: 64, SI: 1, Sub-iteration number: 32, FoM: 0.9484072188940011
06/05/2022 12:21:04.868 - oc_logger - INFO - New record achieved. Previous FoM: 0.9484072188940011, new best FoM : 0.946790841584189
06/05/2022 12:21:04.868 - oc_logger - INFO - Function evaluation number: 65, SI: 1, Sub-iteration number: 33, FoM: 0.946790841584189
06/05/2022 12:21:05.275 - oc_logger - INFO - New record achieved. Previous FoM: 0.946790841584189, new best FoM : 0.944988479424062
06/05/2022 12:21:05.275 - oc_logger - INFO - Function evaluation number: 66, SI: 1, Sub-iteration number: 33, FoM: 0.944988479424062
06/05/2022 12:21:05.673 - oc_logger - INFO - Function evaluation number: 67, SI: 1, Sub-iteration number: 34, FoM: 0.9454231312632225
06/05/2022 12:21:06.060 - oc_logger - INFO - New record achieved. Previous FoM: 0.944988479424062, new best FoM : 0.9439131474945653
06/05/2022 12:21:06.060 - oc_logger - INFO - Function evaluation number: 68, SI: 1, Sub-iteration number: 35, FoM: 0.9439131474945653
06/05/2022 12:21:06.386 - oc_logger - INFO - New record achieved. Previous FoM: 0.9439131474945653, new best FoM : 0.9421679739170082
06/05/2022 12:21:06.387 - oc_logger - INFO - Function evaluation number: 69, SI: 1, Sub-iteration number: 35, FoM: 0.9421679739170082
06/05/2022 12:21:06.732 - oc_logger - INFO - New record achieved. Previous FoM: 0.9421679739170082, new best FoM : 0.940061240844827
06/05/2022 12:21:06.732 - oc_logger - INFO - Function evaluation number: 70, SI: 1, Sub-iteration number: 36, FoM: 0.940061240844827
06/05/2022 12:21:07.075 - oc_logger - INFO - New record achieved. Previous FoM: 0.940061240844827, new best FoM : 0.9377716345302322
06/05/2022 12:21:07.075 - oc_logger - INFO - Function evaluation number: 71, SI: 1, Sub-iteration number: 36, FoM: 0.9377716345302322
06/05/2022 12:21:07.389 - oc_logger - INFO - Function evaluation number: 72, SI: 1, Sub-iteration number: 37, FoM: 0.9382201594832799
06/05/2022 12:21:07.734 - oc_logger - INFO - New record achieved. Previous FoM: 0.9377716345302322, new best FoM : 0.9359499827941995
06/05/2022 12:21:07.734 - oc_logger - INFO - Function evaluation number: 73, SI: 1, Sub-iteration number: 38, FoM: 0.9359499827941995
06/05/2022 12:21:08.079 - oc_logger - INFO - New record achieved. Previous FoM: 0.9359499827941995, new best FoM : 0.9336180440655018
06/05/2022 12:21:08.079 - oc_logger - INFO - Function evaluation number: 74, SI: 1, Sub-iteration number: 38, FoM: 0.9336180440655018
06/05/2022 12:21:08.355 - oc_logger - INFO - Function evaluation number: 75, SI: 1, Sub-iteration number: 39, FoM: 0.9338382624681968
06/05/2022 12:21:08.721 - oc_logger - INFO - New record achieved. Previous FoM: 0.9336180440655018, new best FoM : 0.9304137172121096
06/05/2022 12:21:08.721 - oc_logger - INFO - Function evaluation number: 76, SI: 1, Sub-iteration number: 40, FoM: 0.9304137172121096
06/05/2022 12:21:09.054 - oc_logger - INFO - New record achieved. Previous FoM: 0.9304137172121096, new best FoM : 0.9277242281315367
06/05/2022 12:21:09.054 - oc_logger - INFO - Function evaluation number: 77, SI: 1, Sub-iteration number: 40, FoM: 0.9277242281315367
06/05/2022 12:21:09.400 - oc_logger - INFO - New record achieved. Previous FoM: 0.9277242281315367, new best FoM : 0.9268526394014691
06/05/2022 12:21:09.400 - oc_logger - INFO - Function evaluation number: 78, SI: 1, Sub-iteration number: 41, FoM: 0.9268526394014691
06/05/2022 12:21:09.743 - oc_logger - INFO - New record achieved. Previous FoM: 0.9268526394014691, new best FoM : 0.923896843098085
06/05/2022 12:21:09.743 - oc_logger - INFO - Function evaluation number: 79, SI: 1, Sub-iteration number: 41, FoM: 0.923896843098085
06/05/2022 12:21:10.089 - oc_logger - INFO - Function evaluation number: 80, SI: 1, Sub-iteration number: 42, FoM: 0.9246313725652698
06/05/2022 12:21:10.431 - oc_logger - INFO - New record achieved. Previous FoM: 0.923896843098085, new best FoM : 0.919622894190331
06/05/2022 12:21:10.431 - oc_logger - INFO - Function evaluation number: 81, SI: 1, Sub-iteration number: 43, FoM: 0.919622894190331
06/05/2022 12:21:10.778 - oc_logger - INFO - New record achieved. Previous FoM: 0.919622894190331, new best FoM : 0.9163374229353899
06/05/2022 12:21:10.778 - oc_logger - INFO - Function evaluation number: 82, SI: 1, Sub-iteration number: 43, FoM: 0.9163374229353899
06/05/2022 12:21:11.123 - oc_logger - INFO - New record achieved. Previous FoM: 0.9163374229353899, new best FoM : 0.915937926496871
06/05/2022 12:21:11.123 - oc_logger - INFO - Function evaluation number: 83, SI: 1, Sub-iteration number: 44, FoM: 0.915937926496871
06/05/2022 12:21:11.400 - oc_logger - INFO - New record achieved. Previous FoM: 0.915937926496871, new best FoM : 0.9124840864015316
06/05/2022 12:21:11.400 - oc_logger - INFO - Function evaluation number: 84, SI: 1, Sub-iteration number: 44, FoM: 0.9124840864015316
06/05/2022 12:21:11.693 - oc_logger - INFO - Function evaluation number: 85, SI: 1, Sub-iteration number: 45, FoM: 0.9139323176938792
06/05/2022 12:21:12.035 - oc_logger - INFO - New record achieved. Previous FoM: 0.9124840864015316, new best FoM : 0.908386602176511
06/05/2022 12:21:12.035 - oc_logger - INFO - Function evaluation number: 86, SI: 1, Sub-iteration number: 46, FoM: 0.908386602176511
06/05/2022 12:21:12.321 - oc_logger - INFO - New record achieved. Previous FoM: 0.908386602176511, new best FoM : 0.9046525172717531
06/05/2022 12:21:12.321 - oc_logger - INFO - Function evaluation number: 87, SI: 1, Sub-iteration number: 46, FoM: 0.9046525172717531
06/05/2022 12:21:12.668 - oc_logger - INFO - Function evaluation number: 88, SI: 1, Sub-iteration number: 47, FoM: 0.9049212060755627
06/05/2022 12:21:12.998 - oc_logger - INFO - New record achieved. Previous FoM: 0.9046525172717531, new best FoM : 0.8979034323264232
06/05/2022 12:21:12.999 - oc_logger - INFO - Function evaluation number: 89, SI: 1, Sub-iteration number: 48, FoM: 0.8979034323264232
06/05/2022 12:21:13.265 - oc_logger - INFO - New record achieved. Previous FoM: 0.8979034323264232, new best FoM : 0.8938079682712965
06/05/2022 12:21:13.265 - oc_logger - INFO - Function evaluation number: 90, SI: 1, Sub-iteration number: 48, FoM: 0.8938079682712965
06/05/2022 12:21:13.572 - oc_logger - INFO - Function evaluation number: 91, SI: 1, Sub-iteration number: 49, FoM: 0.8964400184907486
06/05/2022 12:21:13.949 - oc_logger - INFO - New record achieved. Previous FoM: 0.8938079682712965, new best FoM : 0.8923787455006315
06/05/2022 12:21:13.949 - oc_logger - INFO - Function evaluation number: 92, SI: 1, Sub-iteration number: 50, FoM: 0.8923787455006315
06/05/2022 12:21:14.411 - oc_logger - INFO - New record achieved. Previous FoM: 0.8923787455006315, new best FoM : 0.8889468282560011
06/05/2022 12:21:14.411 - oc_logger - INFO - Function evaluation number: 93, SI: 1, Sub-iteration number: 50, FoM: 0.8889468282560011
06/05/2022 12:21:14.837 - oc_logger - INFO - New record achieved. Previous FoM: 0.8889468282560011, new best FoM : 0.8862554187751938
06/05/2022 12:21:14.837 - oc_logger - INFO - Function evaluation number: 94, SI: 1, Sub-iteration number: 51, FoM: 0.8862554187751938
06/05/2022 12:21:15.259 - oc_logger - INFO - New record achieved. Previous FoM: 0.8862554187751938, new best FoM : 0.8831655496369352
06/05/2022 12:21:15.259 - oc_logger - INFO - Function evaluation number: 95, SI: 1, Sub-iteration number: 51, FoM: 0.8831655496369352
06/05/2022 12:21:15.672 - oc_logger - INFO - Function evaluation number: 96, SI: 1, Sub-iteration number: 52, FoM: 0.8835789490503404
06/05/2022 12:21:16.090 - oc_logger - INFO - New record achieved. Previous FoM: 0.8831655496369352, new best FoM : 0.8802325346652953
06/05/2022 12:21:16.090 - oc_logger - INFO - Function evaluation number: 97, SI: 1, Sub-iteration number: 53, FoM: 0.8802325346652953
06/05/2022 12:21:16.412 - oc_logger - INFO - New record achieved. Previous FoM: 0.8802325346652953, new best FoM : 0.8772604778247651
06/05/2022 12:21:16.412 - oc_logger - INFO - Function evaluation number: 98, SI: 1, Sub-iteration number: 53, FoM: 0.8772604778247651
06/05/2022 12:21:16.734 - oc_logger - INFO - New record achieved. Previous FoM: 0.8772604778247651, new best FoM : 0.8755890680551652
06/05/2022 12:21:16.734 - oc_logger - INFO - Function evaluation number: 99, SI: 1, Sub-iteration number: 54, FoM: 0.8755890680551652
06/05/2022 12:21:17.076 - oc_logger - INFO - New record achieved. Previous FoM: 0.8755890680551652, new best FoM : 0.8726831015115257
06/05/2022 12:21:17.076 - oc_logger - INFO - Function evaluation number: 100, SI: 1, Sub-iteration number: 54, FoM: 0.8726831015115257
06/05/2022 12:21:17.365 - oc_logger - INFO - Function evaluation number: 101, SI: 1, Sub-iteration number: 55, FoM: 0.8740626111242945
06/05/2022 12:21:17.675 - oc_logger - INFO - New record achieved. Previous FoM: 0.8726831015115257, new best FoM : 0.8687452116504589
06/05/2022 12:21:17.675 - oc_logger - INFO - Function evaluation number: 102, SI: 1, Sub-iteration number: 56, FoM: 0.8687452116504589
06/05/2022 12:21:17.944 - oc_logger - INFO - New record achieved. Previous FoM: 0.8687452116504589, new best FoM : 0.8662580315040576
06/05/2022 12:21:17.944 - oc_logger - INFO - Function evaluation number: 103, SI: 1, Sub-iteration number: 56, FoM: 0.8662580315040576
06/05/2022 12:21:18.289 - oc_logger - INFO - Function evaluation number: 104, SI: 1, Sub-iteration number: 57, FoM: 0.8678714916793676
06/05/2022 12:21:18.635 - oc_logger - INFO - New record achieved. Previous FoM: 0.8662580315040576, new best FoM : 0.8645977464858411
06/05/2022 12:21:18.635 - oc_logger - INFO - Function evaluation number: 105, SI: 1, Sub-iteration number: 58, FoM: 0.8645977464858411
06/05/2022 12:21:18.981 - oc_logger - INFO - New record achieved. Previous FoM: 0.8645977464858411, new best FoM : 0.8627507706241194
06/05/2022 12:21:18.981 - oc_logger - INFO - Function evaluation number: 106, SI: 1, Sub-iteration number: 58, FoM: 0.8627507706241194
06/05/2022 12:21:19.329 - oc_logger - INFO - Function evaluation number: 107, SI: 1, Sub-iteration number: 59, FoM: 0.8628328419760085
06/05/2022 12:21:19.675 - oc_logger - INFO - New record achieved. Previous FoM: 0.8627507706241194, new best FoM : 0.8616781591232369
06/05/2022 12:21:19.675 - oc_logger - INFO - Function evaluation number: 108, SI: 1, Sub-iteration number: 60, FoM: 0.8616781591232369
06/05/2022 12:21:20.024 - oc_logger - INFO - New record achieved. Previous FoM: 0.8616781591232369, new best FoM : 0.86047032749643
06/05/2022 12:21:20.024 - oc_logger - INFO - Function evaluation number: 109, SI: 1, Sub-iteration number: 60, FoM: 0.86047032749643
06/05/2022 12:21:20.370 - oc_logger - INFO - New record achieved. Previous FoM: 0.86047032749643, new best FoM : 0.8582517196286116
06/05/2022 12:21:20.370 - oc_logger - INFO - Function evaluation number: 110, SI: 1, Sub-iteration number: 61, FoM: 0.8582517196286116
06/05/2022 12:21:20.718 - oc_logger - INFO - New record achieved. Previous FoM: 0.8582517196286116, new best FoM : 0.8568115385057155
06/05/2022 12:21:20.718 - oc_logger - INFO - Function evaluation number: 111, SI: 1, Sub-iteration number: 61, FoM: 0.8568115385057155
06/05/2022 12:21:21.066 - oc_logger - INFO - Function evaluation number: 112, SI: 1, Sub-iteration number: 62, FoM: 0.8573932916939518
06/05/2022 12:21:21.411 - oc_logger - INFO - New record achieved. Previous FoM: 0.8568115385057155, new best FoM : 0.8558387785051096
06/05/2022 12:21:21.411 - oc_logger - INFO - Function evaluation number: 113, SI: 1, Sub-iteration number: 63, FoM: 0.8558387785051096
06/05/2022 12:21:21.758 - oc_logger - INFO - New record achieved. Previous FoM: 0.8558387785051096, new best FoM : 0.8547069222194884
06/05/2022 12:21:21.758 - oc_logger - INFO - Function evaluation number: 114, SI: 1, Sub-iteration number: 63, FoM: 0.8547069222194884
06/05/2022 12:21:22.107 - oc_logger - INFO - New record achieved. Previous FoM: 0.8547069222194884, new best FoM : 0.8539356305740997
06/05/2022 12:21:22.107 - oc_logger - INFO - Function evaluation number: 115, SI: 1, Sub-iteration number: 64, FoM: 0.8539356305740997
06/05/2022 12:21:22.456 - oc_logger - INFO - New record achieved. Previous FoM: 0.8539356305740997, new best FoM : 0.8526711603980499
06/05/2022 12:21:22.456 - oc_logger - INFO - Function evaluation number: 116, SI: 1, Sub-iteration number: 64, FoM: 0.8526711603980499
06/05/2022 12:21:22.802 - oc_logger - INFO - Function evaluation number: 117, SI: 1, Sub-iteration number: 65, FoM: 0.8546019098626102
06/05/2022 12:21:23.148 - oc_logger - INFO - New record achieved. Previous FoM: 0.8526711603980499, new best FoM : 0.8520697048675538
06/05/2022 12:21:23.149 - oc_logger - INFO - Function evaluation number: 118, SI: 1, Sub-iteration number: 66, FoM: 0.8520697048675538
06/05/2022 12:21:23.459 - oc_logger - INFO - New record achieved. Previous FoM: 0.8520697048675538, new best FoM : 0.8511791416815944
06/05/2022 12:21:23.459 - oc_logger - INFO - Function evaluation number: 119, SI: 1, Sub-iteration number: 66, FoM: 0.8511791416815944
06/05/2022 12:21:23.852 - oc_logger - INFO - Function evaluation number: 120, SI: 1, Sub-iteration number: 67, FoM: 0.8512812301522525
06/05/2022 12:21:24.243 - oc_logger - INFO - New record achieved. Previous FoM: 0.8511791416815944, new best FoM : 0.8488628736566772
06/05/2022 12:21:24.243 - oc_logger - INFO - Function evaluation number: 121, SI: 1, Sub-iteration number: 68, FoM: 0.8488628736566772
06/05/2022 12:21:24.634 - oc_logger - INFO - New record achieved. Previous FoM: 0.8488628736566772, new best FoM : 0.8476035690423469
06/05/2022 12:21:24.634 - oc_logger - INFO - Function evaluation number: 122, SI: 1, Sub-iteration number: 68, FoM: 0.8476035690423469
06/05/2022 12:21:25.028 - oc_logger - INFO - New record achieved. Previous FoM: 0.8476035690423469, new best FoM : 0.8474894261297075
06/05/2022 12:21:25.028 - oc_logger - INFO - Function evaluation number: 123, SI: 1, Sub-iteration number: 69, FoM: 0.8474894261297075
06/05/2022 12:21:25.351 - oc_logger - INFO - New record achieved. Previous FoM: 0.8474894261297075, new best FoM : 0.846827839666543
06/05/2022 12:21:25.351 - oc_logger - INFO - Function evaluation number: 124, SI: 1, Sub-iteration number: 69, FoM: 0.846827839666543
06/05/2022 12:21:25.632 - oc_logger - INFO - Function evaluation number: 125, SI: 1, Sub-iteration number: 70, FoM: 0.8472882774190756
06/05/2022 12:21:25.901 - oc_logger - INFO - New record achieved. Previous FoM: 0.846827839666543, new best FoM : 0.8464692193034721
06/05/2022 12:21:25.901 - oc_logger - INFO - Function evaluation number: 126, SI: 1, Sub-iteration number: 71, FoM: 0.8464692193034721
06/05/2022 12:21:26.249 - oc_logger - INFO - New record achieved. Previous FoM: 0.8464692193034721, new best FoM : 0.8458370896019954
06/05/2022 12:21:26.249 - oc_logger - INFO - Function evaluation number: 127, SI: 1, Sub-iteration number: 71, FoM: 0.8458370896019954
06/05/2022 12:21:26.594 - oc_logger - INFO - Function evaluation number: 128, SI: 1, Sub-iteration number: 72, FoM: 0.8459666045905294
06/05/2022 12:21:26.939 - oc_logger - INFO - New record achieved. Previous FoM: 0.8458370896019954, new best FoM : 0.8442278298704464
06/05/2022 12:21:26.939 - oc_logger - INFO - Function evaluation number: 129, SI: 1, Sub-iteration number: 73, FoM: 0.8442278298704464
06/05/2022 12:21:27.288 - oc_logger - INFO - New record achieved. Previous FoM: 0.8442278298704464, new best FoM : 0.84359731244798
06/05/2022 12:21:27.288 - oc_logger - INFO - Function evaluation number: 130, SI: 1, Sub-iteration number: 73, FoM: 0.84359731244798
06/05/2022 12:21:27.577 - oc_logger - INFO - Function evaluation number: 131, SI: 1, Sub-iteration number: 74, FoM: 0.8455382888688283
06/05/2022 12:21:27.923 - oc_logger - INFO - New record achieved. Previous FoM: 0.84359731244798, new best FoM : 0.8431333787338314
06/05/2022 12:21:27.923 - oc_logger - INFO - Function evaluation number: 132, SI: 1, Sub-iteration number: 75, FoM: 0.8431333787338314
06/05/2022 12:21:28.301 - oc_logger - INFO - New record achieved. Previous FoM: 0.8431333787338314, new best FoM : 0.8425391901685784
06/05/2022 12:21:28.301 - oc_logger - INFO - Function evaluation number: 133, SI: 1, Sub-iteration number: 75, FoM: 0.8425391901685784
06/05/2022 12:21:28.724 - oc_logger - INFO - New record achieved. Previous FoM: 0.8425391901685784, new best FoM : 0.8418014437142551
06/05/2022 12:21:28.724 - oc_logger - INFO - Function evaluation number: 134, SI: 1, Sub-iteration number: 76, FoM: 0.8418014437142551
06/05/2022 12:21:29.151 - oc_logger - INFO - New record achieved. Previous FoM: 0.8418014437142551, new best FoM : 0.8411582351600283
06/05/2022 12:21:29.151 - oc_logger - INFO - Function evaluation number: 135, SI: 1, Sub-iteration number: 76, FoM: 0.8411582351600283
06/05/2022 12:21:29.477 - oc_logger - INFO - Function evaluation number: 136, SI: 1, Sub-iteration number: 77, FoM: 0.8436068936574097
06/05/2022 12:21:29.808 - oc_logger - INFO - Function evaluation number: 137, SI: 1, Sub-iteration number: 78, FoM: 0.8425789351493327
06/05/2022 12:21:30.156 - oc_logger - INFO - Function evaluation number: 138, SI: 1, Sub-iteration number: 79, FoM: 0.8424292733347318
06/05/2022 12:21:30.485 - oc_logger - INFO - Function evaluation number: 139, SI: 1, Sub-iteration number: 80, FoM: 0.8420546606263705
06/05/2022 12:21:30.852 - oc_logger - INFO - Function evaluation number: 140, SI: 1, Sub-iteration number: 81, FoM: 0.841303374986236
06/05/2022 12:21:31.219 - oc_logger - INFO - New record achieved. Previous FoM: 0.8411582351600283, new best FoM : 0.8400343532528026
06/05/2022 12:21:31.220 - oc_logger - INFO - Function evaluation number: 141, SI: 1, Sub-iteration number: 82, FoM: 0.8400343532528026
06/05/2022 12:21:31.586 - oc_logger - INFO - New record achieved. Previous FoM: 0.8400343532528026, new best FoM : 0.8395692639532887
06/05/2022 12:21:31.586 - oc_logger - INFO - Function evaluation number: 142, SI: 1, Sub-iteration number: 82, FoM: 0.8395692639532887
06/05/2022 12:21:31.954 - oc_logger - INFO - Function evaluation number: 143, SI: 1, Sub-iteration number: 83, FoM: 0.8398542361310769
06/05/2022 12:21:32.322 - oc_logger - INFO - Function evaluation number: 144, SI: 1, Sub-iteration number: 84, FoM: 0.8404675269202192
06/05/2022 12:21:32.669 - oc_logger - INFO - Function evaluation number: 145, SI: 1, Sub-iteration number: 85, FoM: 0.8396808460727849
06/05/2022 12:21:33.013 - oc_logger - INFO - Function evaluation number: 146, SI: 1, Sub-iteration number: 86, FoM: 0.8398329328762972
06/05/2022 12:21:33.360 - oc_logger - INFO - New record achieved. Previous FoM: 0.8395692639532887, new best FoM : 0.8386414712056602
06/05/2022 12:21:33.360 - oc_logger - INFO - Function evaluation number: 147, SI: 1, Sub-iteration number: 87, FoM: 0.8386414712056602
06/05/2022 12:21:33.708 - oc_logger - INFO - New record achieved. Previous FoM: 0.8386414712056602, new best FoM : 0.83822031865414
06/05/2022 12:21:33.708 - oc_logger - INFO - Function evaluation number: 148, SI: 1, Sub-iteration number: 87, FoM: 0.83822031865414
06/05/2022 12:21:34.056 - oc_logger - INFO - New record achieved. Previous FoM: 0.83822031865414, new best FoM : 0.8381230963433535
06/05/2022 12:21:34.056 - oc_logger - INFO - Function evaluation number: 149, SI: 1, Sub-iteration number: 88, FoM: 0.8381230963433535
06/05/2022 12:21:34.403 - oc_logger - INFO - New record achieved. Previous FoM: 0.8381230963433535, new best FoM : 0.8377271169021291
06/05/2022 12:21:34.403 - oc_logger - INFO - Function evaluation number: 150, SI: 1, Sub-iteration number: 88, FoM: 0.8377271169021291
06/05/2022 12:21:34.808 - oc_logger - INFO - New record achieved. Previous FoM: 0.8377271169021291, new best FoM : 0.8377087535623098
06/05/2022 12:21:34.808 - oc_logger - INFO - Function evaluation number: 151, SI: 1, Sub-iteration number: 89, FoM: 0.8377087535623098
06/05/2022 12:21:35.202 - oc_logger - INFO - New record achieved. Previous FoM: 0.8377087535623098, new best FoM : 0.8372664686251577
06/05/2022 12:21:35.202 - oc_logger - INFO - Function evaluation number: 152, SI: 1, Sub-iteration number: 89, FoM: 0.8372664686251577
06/05/2022 12:21:35.597 - oc_logger - INFO - Function evaluation number: 153, SI: 1, Sub-iteration number: 90, FoM: 0.8380705064763361
06/05/2022 12:21:35.991 - oc_logger - INFO - New record achieved. Previous FoM: 0.8372664686251577, new best FoM : 0.8369731141473775
06/05/2022 12:21:35.991 - oc_logger - INFO - Function evaluation number: 154, SI: 1, Sub-iteration number: 91, FoM: 0.8369731141473775
06/05/2022 12:21:36.384 - oc_logger - INFO - New record achieved. Previous FoM: 0.8369731141473775, new best FoM : 0.8365173239768069
06/05/2022 12:21:36.384 - oc_logger - INFO - Function evaluation number: 155, SI: 1, Sub-iteration number: 91, FoM: 0.8365173239768069
06/05/2022 12:21:36.777 - oc_logger - INFO - Function evaluation number: 156, SI: 1, Sub-iteration number: 92, FoM: 0.8370070183479095
06/05/2022 12:21:37.169 - oc_logger - INFO - New record achieved. Previous FoM: 0.8365173239768069, new best FoM : 0.8362446912226011
06/05/2022 12:21:37.169 - oc_logger - INFO - Function evaluation number: 157, SI: 1, Sub-iteration number: 93, FoM: 0.8362446912226011
06/05/2022 12:21:37.563 - oc_logger - INFO - New record achieved. Previous FoM: 0.8362446912226011, new best FoM : 0.8357994515374976
06/05/2022 12:21:37.563 - oc_logger - INFO - Function evaluation number: 158, SI: 1, Sub-iteration number: 93, FoM: 0.8357994515374976
06/05/2022 12:21:37.988 - oc_logger - INFO - New record achieved. Previous FoM: 0.8357994515374976, new best FoM : 0.8355844653212082
06/05/2022 12:21:37.988 - oc_logger - INFO - Function evaluation number: 159, SI: 1, Sub-iteration number: 94, FoM: 0.8355844653212082
06/05/2022 12:21:38.396 - oc_logger - INFO - New record achieved. Previous FoM: 0.8355844653212082, new best FoM : 0.8351964898070317
06/05/2022 12:21:38.396 - oc_logger - INFO - Function evaluation number: 160, SI: 1, Sub-iteration number: 94, FoM: 0.8351964898070317
06/05/2022 12:21:38.791 - oc_logger - INFO - New record achieved. Previous FoM: 0.8351964898070317, new best FoM : 0.8349543432868222
06/05/2022 12:21:38.791 - oc_logger - INFO - Function evaluation number: 161, SI: 1, Sub-iteration number: 95, FoM: 0.8349543432868222
06/05/2022 12:21:39.186 - oc_logger - INFO - New record achieved. Previous FoM: 0.8349543432868222, new best FoM : 0.8346713362973397
06/05/2022 12:21:39.186 - oc_logger - INFO - Function evaluation number: 162, SI: 1, Sub-iteration number: 95, FoM: 0.8346713362973397
06/05/2022 12:21:39.580 - oc_logger - INFO - Function evaluation number: 163, SI: 1, Sub-iteration number: 96, FoM: 0.8350898715685924
06/05/2022 12:21:39.989 - oc_logger - INFO - New record achieved. Previous FoM: 0.8346713362973397, new best FoM : 0.8339565154561839
06/05/2022 12:21:39.989 - oc_logger - INFO - Function evaluation number: 164, SI: 1, Sub-iteration number: 97, FoM: 0.8339565154561839
06/05/2022 12:21:40.378 - oc_logger - INFO - New record achieved. Previous FoM: 0.8339565154561839, new best FoM : 0.8334960331318879
06/05/2022 12:21:40.378 - oc_logger - INFO - Function evaluation number: 165, SI: 1, Sub-iteration number: 97, FoM: 0.8334960331318879
06/05/2022 12:21:40.734 - oc_logger - INFO - Function evaluation number: 166, SI: 1, Sub-iteration number: 98, FoM: 0.8340092796052971
06/05/2022 12:21:41.129 - oc_logger - INFO - Function evaluation number: 167, SI: 1, Sub-iteration number: 99, FoM: 0.8342342712766095
06/05/2022 12:21:41.519 - oc_logger - INFO - New record achieved. Previous FoM: 0.8334960331318879, new best FoM : 0.8325441417493823
06/05/2022 12:21:41.519 - oc_logger - INFO - Function evaluation number: 168, SI: 1, Sub-iteration number: 100, FoM: 0.8325441417493823
06/05/2022 12:21:41.914 - oc_logger - INFO - New record achieved. Previous FoM: 0.8325441417493823, new best FoM : 0.832001429028191
06/05/2022 12:21:41.914 - oc_logger - INFO - Function evaluation number: 169, SI: 1, Sub-iteration number: 100, FoM: 0.832001429028191
06/05/2022 12:21:42.347 - oc_logger - INFO - Function evaluation number: 170, SI: 1, Sub-iteration number: 101, FoM: 0.8329641196401697
06/05/2022 12:21:42.661 - oc_logger - INFO - Function evaluation number: 171, SI: 1, Sub-iteration number: 102, FoM: 0.8329862469577334
06/05/2022 12:21:42.967 - oc_logger - INFO - Function evaluation number: 172, SI: 1, Sub-iteration number: 103, FoM: 0.832410223829114
06/05/2022 12:21:43.241 - oc_logger - INFO - Function evaluation number: 173, SI: 1, Sub-iteration number: 104, FoM: 0.8321434549834326
06/05/2022 12:21:43.560 - oc_logger - INFO - New record achieved. Previous FoM: 0.832001429028191, new best FoM : 0.8311143198073664
06/05/2022 12:21:43.560 - oc_logger - INFO - Function evaluation number: 174, SI: 1, Sub-iteration number: 105, FoM: 0.8311143198073664
06/05/2022 12:21:43.889 - oc_logger - INFO - New record achieved. Previous FoM: 0.8311143198073664, new best FoM : 0.8307973408256156
06/05/2022 12:21:43.889 - oc_logger - INFO - Function evaluation number: 175, SI: 1, Sub-iteration number: 105, FoM: 0.8307973408256156
06/05/2022 12:21:44.235 - oc_logger - INFO - Function evaluation number: 176, SI: 1, Sub-iteration number: 106, FoM: 0.8312409040165707
06/05/2022 12:21:44.570 - oc_logger - INFO - New record achieved. Previous FoM: 0.8307973408256156, new best FoM : 0.8306149687336161
06/05/2022 12:21:44.570 - oc_logger - INFO - Function evaluation number: 177, SI: 1, Sub-iteration number: 107, FoM: 0.8306149687336161
06/05/2022 12:21:44.842 - oc_logger - INFO - New record achieved. Previous FoM: 0.8306149687336161, new best FoM : 0.8303126715158012
06/05/2022 12:21:44.842 - oc_logger - INFO - Function evaluation number: 178, SI: 1, Sub-iteration number: 107, FoM: 0.8303126715158012
06/05/2022 12:21:45.182 - oc_logger - INFO - Function evaluation number: 179, SI: 1, Sub-iteration number: 108, FoM: 0.8306388266692838
06/05/2022 12:21:45.526 - oc_logger - INFO - Function evaluation number: 180, SI: 1, Sub-iteration number: 109, FoM: 0.8307511599804385
06/05/2022 12:21:45.780 - oc_logger - INFO - Function evaluation number: 181, SI: 1, Sub-iteration number: 110, FoM: 0.8303382188776466
06/05/2022 12:21:46.090 - oc_logger - INFO - New record achieved. Previous FoM: 0.8303126715158012, new best FoM : 0.8298854326526617
06/05/2022 12:21:46.090 - oc_logger - INFO - Function evaluation number: 182, SI: 1, Sub-iteration number: 111, FoM: 0.8298854326526617
06/05/2022 12:21:46.436 - oc_logger - INFO - Function evaluation number: 183, SI: 1, Sub-iteration number: 111, FoM: 0.8299853247852075
06/05/2022 12:21:46.775 - oc_logger - INFO - New record achieved. Previous FoM: 0.8298854326526617, new best FoM : 0.8296101806766198
06/05/2022 12:21:46.775 - oc_logger - INFO - Function evaluation number: 184, SI: 1, Sub-iteration number: 112, FoM: 0.8296101806766198
06/05/2022 12:21:47.245 - oc_logger - INFO - Function evaluation number: 185, SI: 1, Sub-iteration number: 112, FoM: 0.8300800178182777
06/05/2022 12:21:47.627 - oc_logger - INFO - New record achieved. Previous FoM: 0.8296101806766198, new best FoM : 0.8286789080308645
06/05/2022 12:21:47.627 - oc_logger - INFO - Function evaluation number: 186, SI: 1, Sub-iteration number: 113, FoM: 0.8286789080308645
06/05/2022 12:21:47.954 - oc_logger - INFO - Function evaluation number: 187, SI: 1, Sub-iteration number: 113, FoM: 0.828699607202828
06/05/2022 12:21:48.357 - oc_logger - INFO - New record achieved. Previous FoM: 0.8286789080308645, new best FoM : 0.8286351015697624
06/05/2022 12:21:48.357 - oc_logger - INFO - Function evaluation number: 188, SI: 1, Sub-iteration number: 114, FoM: 0.8286351015697624
06/05/2022 12:21:48.764 - oc_logger - INFO - New record achieved. Previous FoM: 0.8286351015697624, new best FoM : 0.8284377228870262
06/05/2022 12:21:48.764 - oc_logger - INFO - Function evaluation number: 189, SI: 1, Sub-iteration number: 114, FoM: 0.8284377228870262
06/05/2022 12:21:49.161 - oc_logger - INFO - Function evaluation number: 190, SI: 1, Sub-iteration number: 115, FoM: 0.8291408587441467
06/05/2022 12:21:49.551 - oc_logger - INFO - Function evaluation number: 191, SI: 1, Sub-iteration number: 116, FoM: 0.8286434095726798
06/05/2022 12:21:49.939 - oc_logger - INFO - Function evaluation number: 192, SI: 1, Sub-iteration number: 117, FoM: 0.8353628617109428
06/05/2022 12:21:50.329 - oc_logger - INFO - Function evaluation number: 193, SI: 1, Sub-iteration number: 117, FoM: 0.8299276319149127
06/05/2022 12:21:50.718 - oc_logger - INFO - New record achieved. Previous FoM: 0.8284377228870262, new best FoM : 0.8281412094424938
06/05/2022 12:21:50.718 - oc_logger - INFO - Function evaluation number: 194, SI: 1, Sub-iteration number: 118, FoM: 0.8281412094424938
06/05/2022 12:21:51.110 - oc_logger - INFO - New record achieved. Previous FoM: 0.8281412094424938, new best FoM : 0.8279127387472689
06/05/2022 12:21:51.110 - oc_logger - INFO - Function evaluation number: 195, SI: 1, Sub-iteration number: 118, FoM: 0.8279127387472689
06/05/2022 12:21:51.461 - oc_logger - INFO - Function evaluation number: 196, SI: 1, Sub-iteration number: 119, FoM: 0.8281761557563027
06/05/2022 12:21:51.808 - oc_logger - INFO - Function evaluation number: 197, SI: 1, Sub-iteration number: 120, FoM: 0.8321216363085491
06/05/2022 12:21:52.204 - oc_logger - INFO - Function evaluation number: 198, SI: 1, Sub-iteration number: 120, FoM: 0.8293252806863513
06/05/2022 12:21:52.597 - oc_logger - INFO - New record achieved. Previous FoM: 0.8279127387472689, new best FoM : 0.8269014449464173
06/05/2022 12:21:52.597 - oc_logger - INFO - Function evaluation number: 199, SI: 1, Sub-iteration number: 121, FoM: 0.8269014449464173
06/05/2022 12:21:52.933 - oc_logger - INFO - New record achieved. Previous FoM: 0.8269014449464173, new best FoM : 0.8265331240990146
06/05/2022 12:21:52.933 - oc_logger - INFO - Function evaluation number: 200, SI: 1, Sub-iteration number: 121, FoM: 0.8265331240990146
06/05/2022 12:21:53.261 - oc_logger - INFO - Function evaluation number: 201, SI: 1, Sub-iteration number: 122, FoM: 0.8268231945586282
06/05/2022 12:21:53.622 - oc_logger - INFO - Function evaluation number: 202, SI: 1, Sub-iteration number: 123, FoM: 0.8278591921716684
06/05/2022 12:21:53.928 - oc_logger - INFO - Function evaluation number: 203, SI: 1, Sub-iteration number: 124, FoM: 0.8267923671996004
06/05/2022 12:21:54.261 - oc_logger - INFO - New record achieved. Previous FoM: 0.8265331240990146, new best FoM : 0.8261792774469539
06/05/2022 12:21:54.261 - oc_logger - INFO - Function evaluation number: 204, SI: 1, Sub-iteration number: 125, FoM: 0.8261792774469539
06/05/2022 12:21:54.587 - oc_logger - INFO - New record achieved. Previous FoM: 0.8261792774469539, new best FoM : 0.8259248302890818
06/05/2022 12:21:54.587 - oc_logger - INFO - Function evaluation number: 205, SI: 1, Sub-iteration number: 125, FoM: 0.8259248302890818
06/05/2022 12:21:54.926 - oc_logger - INFO - New record achieved. Previous FoM: 0.8259248302890818, new best FoM : 0.8256669384758378
06/05/2022 12:21:54.926 - oc_logger - INFO - Function evaluation number: 206, SI: 1, Sub-iteration number: 126, FoM: 0.8256669384758378
06/05/2022 12:21:55.273 - oc_logger - INFO - New record achieved. Previous FoM: 0.8256669384758378, new best FoM : 0.8255172336103938
06/05/2022 12:21:55.273 - oc_logger - INFO - Function evaluation number: 207, SI: 1, Sub-iteration number: 126, FoM: 0.8255172336103938
06/05/2022 12:21:55.620 - oc_logger - INFO - New record achieved. Previous FoM: 0.8255172336103938, new best FoM : 0.8254651724037676
06/05/2022 12:21:55.620 - oc_logger - INFO - Function evaluation number: 208, SI: 1, Sub-iteration number: 127, FoM: 0.8254651724037676
06/05/2022 12:21:55.963 - oc_logger - INFO - New record achieved. Previous FoM: 0.8254651724037676, new best FoM : 0.8253487493014472
06/05/2022 12:21:55.963 - oc_logger - INFO - Function evaluation number: 209, SI: 1, Sub-iteration number: 127, FoM: 0.8253487493014472
06/05/2022 12:21:56.310 - oc_logger - INFO - Function evaluation number: 210, SI: 1, Sub-iteration number: 128, FoM: 0.8254810422100548
06/05/2022 12:21:56.651 - oc_logger - INFO - New record achieved. Previous FoM: 0.8253487493014472, new best FoM : 0.8244349243020906
06/05/2022 12:21:56.651 - oc_logger - INFO - Function evaluation number: 211, SI: 1, Sub-iteration number: 129, FoM: 0.8244349243020906
06/05/2022 12:21:56.995 - oc_logger - INFO - New record achieved. Previous FoM: 0.8244349243020906, new best FoM : 0.8241895346630306
06/05/2022 12:21:56.995 - oc_logger - INFO - Function evaluation number: 212, SI: 1, Sub-iteration number: 129, FoM: 0.8241895346630306
06/05/2022 12:21:57.340 - oc_logger - INFO - Function evaluation number: 213, SI: 1, Sub-iteration number: 130, FoM: 0.8254494014185331
06/05/2022 12:21:57.685 - oc_logger - INFO - New record achieved. Previous FoM: 0.8241895346630306, new best FoM : 0.823900065660704
06/05/2022 12:21:57.685 - oc_logger - INFO - Function evaluation number: 214, SI: 1, Sub-iteration number: 131, FoM: 0.823900065660704
06/05/2022 12:21:58.030 - oc_logger - INFO - New record achieved. Previous FoM: 0.823900065660704, new best FoM : 0.823589026592112
06/05/2022 12:21:58.030 - oc_logger - INFO - Function evaluation number: 215, SI: 1, Sub-iteration number: 131, FoM: 0.823589026592112
06/05/2022 12:21:58.376 - oc_logger - INFO - Function evaluation number: 216, SI: 1, Sub-iteration number: 132, FoM: 0.8239700114358568
06/05/2022 12:21:58.743 - oc_logger - INFO - New record achieved. Previous FoM: 0.823589026592112, new best FoM : 0.8233147756542489
06/05/2022 12:21:58.743 - oc_logger - INFO - Function evaluation number: 217, SI: 1, Sub-iteration number: 133, FoM: 0.8233147756542489
06/05/2022 12:21:59.089 - oc_logger - INFO - New record achieved. Previous FoM: 0.8233147756542489, new best FoM : 0.8231577243901045
06/05/2022 12:21:59.089 - oc_logger - INFO - Function evaluation number: 218, SI: 1, Sub-iteration number: 133, FoM: 0.8231577243901045
06/05/2022 12:21:59.437 - oc_logger - INFO - Function evaluation number: 219, SI: 1, Sub-iteration number: 134, FoM: 0.8233993103312024
06/05/2022 12:21:59.778 - oc_logger - INFO - Function evaluation number: 220, SI: 1, Sub-iteration number: 135, FoM: 0.8237727284850664
06/05/2022 12:22:00.183 - oc_logger - INFO - Function evaluation number: 221, SI: 1, Sub-iteration number: 136, FoM: 0.8232631285375409
06/05/2022 12:22:00.575 - oc_logger - INFO - Function evaluation number: 222, SI: 1, Sub-iteration number: 137, FoM: 0.8244375563640408
06/05/2022 12:22:00.932 - oc_logger - INFO - New record achieved. Previous FoM: 0.8231577243901045, new best FoM : 0.8219179563736485
06/05/2022 12:22:00.932 - oc_logger - INFO - Function evaluation number: 223, SI: 1, Sub-iteration number: 138, FoM: 0.8219179563736485
06/05/2022 12:22:01.320 - oc_logger - INFO - New record achieved. Previous FoM: 0.8219179563736485, new best FoM : 0.821633031835052
06/05/2022 12:22:01.320 - oc_logger - INFO - Function evaluation number: 224, SI: 1, Sub-iteration number: 138, FoM: 0.821633031835052
06/05/2022 12:22:01.742 - oc_logger - INFO - Function evaluation number: 225, SI: 1, Sub-iteration number: 139, FoM: 0.824419640119312
06/05/2022 12:22:02.098 - oc_logger - INFO - Function evaluation number: 226, SI: 1, Sub-iteration number: 139, FoM: 0.8239122090710775
06/05/2022 12:22:02.557 - oc_logger - INFO - Function evaluation number: 227, SI: 1, Sub-iteration number: 140, FoM: 0.8230133591507323
06/05/2022 12:22:03.004 - oc_logger - INFO - Function evaluation number: 228, SI: 1, Sub-iteration number: 141, FoM: 0.8226474386301705
06/05/2022 12:22:03.423 - oc_logger - INFO - Function evaluation number: 229, SI: 1, Sub-iteration number: 142, FoM: 0.8224840584269015
06/05/2022 12:22:03.827 - oc_logger - INFO - Function evaluation number: 230, SI: 1, Sub-iteration number: 143, FoM: 0.8227571106543177
06/05/2022 12:22:04.243 - oc_logger - INFO - Function evaluation number: 231, SI: 1, Sub-iteration number: 144, FoM: 0.8221396477573137
06/05/2022 12:22:04.651 - oc_logger - INFO - New record achieved. Previous FoM: 0.821633031835052, new best FoM : 0.8215962890907667
06/05/2022 12:22:04.651 - oc_logger - INFO - Function evaluation number: 232, SI: 1, Sub-iteration number: 145, FoM: 0.8215962890907667
06/05/2022 12:22:04.997 - oc_logger - INFO - New record achieved. Previous FoM: 0.8215962890907667, new best FoM : 0.8213761632085564
06/05/2022 12:22:04.997 - oc_logger - INFO - Function evaluation number: 233, SI: 1, Sub-iteration number: 145, FoM: 0.8213761632085564
06/05/2022 12:22:05.326 - oc_logger - INFO - Function evaluation number: 234, SI: 1, Sub-iteration number: 146, FoM: 0.8214348376758249
06/05/2022 12:22:05.668 - oc_logger - INFO - New record achieved. Previous FoM: 0.8213761632085564, new best FoM : 0.8209656054532071
06/05/2022 12:22:05.669 - oc_logger - INFO - Function evaluation number: 235, SI: 1, Sub-iteration number: 147, FoM: 0.8209656054532071
06/05/2022 12:22:06.014 - oc_logger - INFO - New record achieved. Previous FoM: 0.8209656054532071, new best FoM : 0.8207215218873007
06/05/2022 12:22:06.014 - oc_logger - INFO - Function evaluation number: 236, SI: 1, Sub-iteration number: 147, FoM: 0.8207215218873007
06/05/2022 12:22:06.360 - oc_logger - INFO - Function evaluation number: 237, SI: 1, Sub-iteration number: 148, FoM: 0.821263389020074
06/05/2022 12:22:06.702 - oc_logger - INFO - Function evaluation number: 238, SI: 1, Sub-iteration number: 149, FoM: 0.8215130588844443
06/05/2022 12:22:06.958 - oc_logger - INFO - New record achieved. Previous FoM: 0.8207215218873007, new best FoM : 0.820686801427896
06/05/2022 12:22:06.958 - oc_logger - INFO - Function evaluation number: 239, SI: 1, Sub-iteration number: 150, FoM: 0.820686801427896
06/05/2022 12:22:07.295 - oc_logger - INFO - Function evaluation number: 240, SI: 1, Sub-iteration number: 150, FoM: 0.8206927934986975
06/05/2022 12:22:07.671 - oc_logger - INFO - New record achieved. Previous FoM: 0.820686801427896, new best FoM : 0.8200126164229236
06/05/2022 12:22:07.671 - oc_logger - INFO - Function evaluation number: 241, SI: 1, Sub-iteration number: 151, FoM: 0.8200126164229236
06/05/2022 12:22:08.061 - oc_logger - INFO - New record achieved. Previous FoM: 0.8200126164229236, new best FoM : 0.8197260182132586
06/05/2022 12:22:08.061 - oc_logger - INFO - Function evaluation number: 242, SI: 1, Sub-iteration number: 151, FoM: 0.8197260182132586
06/05/2022 12:22:08.452 - oc_logger - INFO - New record achieved. Previous FoM: 0.8197260182132586, new best FoM : 0.8196650642958258
06/05/2022 12:22:08.453 - oc_logger - INFO - Function evaluation number: 243, SI: 1, Sub-iteration number: 152, FoM: 0.8196650642958258
06/05/2022 12:22:08.851 - oc_logger - INFO - New record achieved. Previous FoM: 0.8196650642958258, new best FoM : 0.8193559445605336
06/05/2022 12:22:08.851 - oc_logger - INFO - Function evaluation number: 244, SI: 1, Sub-iteration number: 152, FoM: 0.8193559445605336
06/05/2022 12:22:09.244 - oc_logger - INFO - Function evaluation number: 245, SI: 1, Sub-iteration number: 153, FoM: 0.8196650141922929
06/05/2022 12:22:09.589 - oc_logger - INFO - Function evaluation number: 246, SI: 1, Sub-iteration number: 154, FoM: 0.8204564467552709
06/05/2022 12:22:09.914 - oc_logger - INFO - Function evaluation number: 247, SI: 1, Sub-iteration number: 155, FoM: 0.8194691587935827
06/05/2022 12:22:10.258 - oc_logger - INFO - Function evaluation number: 248, SI: 1, Sub-iteration number: 156, FoM: 0.8196143486518411
06/05/2022 12:22:10.602 - oc_logger - INFO - New record achieved. Previous FoM: 0.8193559445605336, new best FoM : 0.8188006144411901
06/05/2022 12:22:10.602 - oc_logger - INFO - Function evaluation number: 249, SI: 1, Sub-iteration number: 157, FoM: 0.8188006144411901
06/05/2022 12:22:10.911 - oc_logger - INFO - New record achieved. Previous FoM: 0.8188006144411901, new best FoM : 0.8186287467555455
06/05/2022 12:22:10.911 - oc_logger - INFO - Function evaluation number: 250, SI: 1, Sub-iteration number: 157, FoM: 0.8186287467555455
06/05/2022 12:22:11.257 - oc_logger - INFO - New record achieved. Previous FoM: 0.8186287467555455, new best FoM : 0.8182022059540832
06/05/2022 12:22:11.257 - oc_logger - INFO - Function evaluation number: 251, SI: 1, Sub-iteration number: 158, FoM: 0.8182022059540832
06/05/2022 12:22:11.601 - oc_logger - INFO - New record achieved. Previous FoM: 0.8182022059540832, new best FoM : 0.8180505922742813
06/05/2022 12:22:11.601 - oc_logger - INFO - Function evaluation number: 252, SI: 1, Sub-iteration number: 158, FoM: 0.8180505922742813
06/05/2022 12:22:11.945 - oc_logger - INFO - New record achieved. Previous FoM: 0.8180505922742813, new best FoM : 0.817965456102993
06/05/2022 12:22:11.945 - oc_logger - INFO - Function evaluation number: 253, SI: 1, Sub-iteration number: 159, FoM: 0.817965456102993
06/05/2022 12:22:12.288 - oc_logger - INFO - New record achieved. Previous FoM: 0.817965456102993, new best FoM : 0.8178805137189755
06/05/2022 12:22:12.288 - oc_logger - INFO - Function evaluation number: 254, SI: 1, Sub-iteration number: 159, FoM: 0.8178805137189755
06/05/2022 12:22:12.637 - oc_logger - INFO - Function evaluation number: 255, SI: 1, Sub-iteration number: 160, FoM: 0.8179884794014811
06/05/2022 12:22:12.979 - oc_logger - INFO - Function evaluation number: 256, SI: 1, Sub-iteration number: 161, FoM: 0.8182044167543766
06/05/2022 12:22:13.323 - oc_logger - INFO - Function evaluation number: 257, SI: 1, Sub-iteration number: 162, FoM: 0.8183232552439952
06/05/2022 12:22:13.666 - oc_logger - INFO - New record achieved. Previous FoM: 0.8178805137189755, new best FoM : 0.8177287300297154
06/05/2022 12:22:13.666 - oc_logger - INFO - Function evaluation number: 258, SI: 1, Sub-iteration number: 163, FoM: 0.8177287300297154
06/05/2022 12:22:14.010 - oc_logger - INFO - New record achieved. Previous FoM: 0.8177287300297154, new best FoM : 0.8177183929896534
06/05/2022 12:22:14.010 - oc_logger - INFO - Function evaluation number: 259, SI: 1, Sub-iteration number: 163, FoM: 0.8177183929896534
06/05/2022 12:22:14.352 - oc_logger - INFO - New record achieved. Previous FoM: 0.8177183929896534, new best FoM : 0.8174234391105437
06/05/2022 12:22:14.353 - oc_logger - INFO - Function evaluation number: 260, SI: 1, Sub-iteration number: 164, FoM: 0.8174234391105437
06/05/2022 12:22:14.731 - oc_logger - INFO - Function evaluation number: 261, SI: 1, Sub-iteration number: 164, FoM: 0.817441389160572
06/05/2022 12:22:15.120 - oc_logger - INFO - New record achieved. Previous FoM: 0.8174234391105437, new best FoM : 0.8172024252786457
06/05/2022 12:22:15.120 - oc_logger - INFO - Function evaluation number: 262, SI: 1, Sub-iteration number: 165, FoM: 0.8172024252786457
06/05/2022 12:22:15.512 - oc_logger - INFO - New record achieved. Previous FoM: 0.8172024252786457, new best FoM : 0.817167061330207
06/05/2022 12:22:15.512 - oc_logger - INFO - Function evaluation number: 263, SI: 1, Sub-iteration number: 165, FoM: 0.817167061330207
06/05/2022 12:22:15.905 - oc_logger - INFO - Function evaluation number: 264, SI: 1, Sub-iteration number: 166, FoM: 0.8174321276233298
06/05/2022 12:22:16.294 - oc_logger - INFO - Function evaluation number: 265, SI: 1, Sub-iteration number: 167, FoM: 0.8176559980315735
06/05/2022 12:22:16.683 - oc_logger - INFO - Function evaluation number: 266, SI: 1, Sub-iteration number: 168, FoM: 0.8173140135077069
06/05/2022 12:22:16.975 - oc_logger - INFO - Function evaluation number: 267, SI: 1, Sub-iteration number: 169, FoM: 0.8173248330472673
06/05/2022 12:22:17.309 - oc_logger - INFO - New record achieved. Previous FoM: 0.817167061330207, new best FoM : 0.8171516479854312
06/05/2022 12:22:17.309 - oc_logger - INFO - Function evaluation number: 268, SI: 1, Sub-iteration number: 170, FoM: 0.8171516479854312
06/05/2022 12:22:17.653 - oc_logger - INFO - New record achieved. Previous FoM: 0.8171516479854312, new best FoM : 0.8171035923207011
06/05/2022 12:22:17.653 - oc_logger - INFO - Function evaluation number: 269, SI: 1, Sub-iteration number: 170, FoM: 0.8171035923207011
06/05/2022 12:22:17.657 - oc_logger - INFO - SI 1 finished - Number of evaluations: 269, Best FoM: 0.8171035923207011, Terminate reason: Convergence of the FoM.

06/05/2022 12:22:17.657 - oc_logger - INFO - Direct search start time has been reset.
06/05/2022 12:22:17.996 - oc_logger - INFO - Function evaluation number: 270, SI: 2, Sub-iteration number: 0, FoM: 0.8171035923207011
06/05/2022 12:22:18.337 - oc_logger - INFO - New record achieved. Previous FoM: 0.8171035923207011, new best FoM : 0.8170755414827868
06/05/2022 12:22:18.337 - oc_logger - INFO - Function evaluation number: 271, SI: 2, Sub-iteration number: 0, FoM: 0.8170755414827868
06/05/2022 12:22:18.661 - oc_logger - INFO - Function evaluation number: 272, SI: 2, Sub-iteration number: 0, FoM: 0.8171003607654457
06/05/2022 12:22:19.059 - oc_logger - INFO - Function evaluation number: 273, SI: 2, Sub-iteration number: 0, FoM: 0.8171118360172995
06/05/2022 12:22:19.387 - oc_logger - INFO - New record achieved. Previous FoM: 0.8170755414827868, new best FoM : 0.8170672735643386
06/05/2022 12:22:19.387 - oc_logger - INFO - Function evaluation number: 274, SI: 2, Sub-iteration number: 0, FoM: 0.8170672735643386
06/05/2022 12:22:19.717 - oc_logger - INFO - Function evaluation number: 275, SI: 2, Sub-iteration number: 0, FoM: 0.8170911426687107
06/05/2022 12:22:20.014 - oc_logger - INFO - Function evaluation number: 276, SI: 2, Sub-iteration number: 0, FoM: 0.817118763250349
06/05/2022 12:22:20.353 - oc_logger - INFO - Function evaluation number: 277, SI: 2, Sub-iteration number: 0, FoM: 0.81707802153246
06/05/2022 12:22:20.695 - oc_logger - INFO - Function evaluation number: 278, SI: 2, Sub-iteration number: 0, FoM: 0.8171005553893701
06/05/2022 12:22:20.984 - oc_logger - INFO - New record achieved. Previous FoM: 0.8170672735643386, new best FoM : 0.8170633178452161
06/05/2022 12:22:20.984 - oc_logger - INFO - Function evaluation number: 279, SI: 2, Sub-iteration number: 1, FoM: 0.8170633178452161
06/05/2022 12:22:21.370 - oc_logger - INFO - New record achieved. Previous FoM: 0.8170633178452161, new best FoM : 0.8170586264506919
06/05/2022 12:22:21.370 - oc_logger - INFO - Function evaluation number: 280, SI: 2, Sub-iteration number: 1, FoM: 0.8170586264506919
06/05/2022 12:22:21.374 - oc_logger - INFO - SI 2 finished - Number of evaluations: 11, Best FoM: 0.8170586264506919, Terminate reason: Convergence of the FoM.

06/05/2022 12:22:21.375 - oc_logger - INFO - Direct search start time has been reset.
06/05/2022 12:22:21.768 - oc_logger - INFO - Function evaluation number: 281, SI: 3, Sub-iteration number: 0, FoM: 0.8170586264506919
06/05/2022 12:22:22.121 - oc_logger - INFO - Function evaluation number: 282, SI: 3, Sub-iteration number: 0, FoM: 0.8170822621594633
06/05/2022 12:22:22.464 - oc_logger - INFO - Function evaluation number: 283, SI: 3, Sub-iteration number: 0, FoM: 0.8170898495724987
06/05/2022 12:22:22.806 - oc_logger - INFO - Function evaluation number: 284, SI: 3, Sub-iteration number: 0, FoM: 0.8170729466815454
06/05/2022 12:22:23.146 - oc_logger - INFO - New record achieved. Previous FoM: 0.8170586264506919, new best FoM : 0.8170472491008262
06/05/2022 12:22:23.147 - oc_logger - INFO - Function evaluation number: 285, SI: 3, Sub-iteration number: 0, FoM: 0.8170472491008262
06/05/2022 12:22:23.489 - oc_logger - INFO - Function evaluation number: 286, SI: 3, Sub-iteration number: 0, FoM: 0.8170835736594282
06/05/2022 12:22:23.829 - oc_logger - INFO - Function evaluation number: 287, SI: 3, Sub-iteration number: 0, FoM: 0.8170709822467593
06/05/2022 12:22:24.166 - oc_logger - INFO - Function evaluation number: 288, SI: 3, Sub-iteration number: 0, FoM: 0.8170662322661553
06/05/2022 12:22:24.508 - oc_logger - INFO - New record achieved. Previous FoM: 0.8170472491008262, new best FoM : 0.8170362239345477
06/05/2022 12:22:24.508 - oc_logger - INFO - Function evaluation number: 289, SI: 3, Sub-iteration number: 0, FoM: 0.8170362239345477
06/05/2022 12:22:24.850 - oc_logger - INFO - Function evaluation number: 290, SI: 3, Sub-iteration number: 1, FoM: 0.8170584223206516
06/05/2022 12:22:24.850 - oc_logger - INFO - SI 3 finished - Number of evaluations: 10, Best FoM: 0.8170362239345477, Terminate reason: Convergence of the FoM.

06/05/2022 12:22:24.850 - oc_logger - INFO - Figure of merit : 0.8170362239345477
06/05/2022 12:22:24.850 - oc_logger - INFO - Std : 0.0
06/05/2022 12:22:24.850 - oc_logger - INFO - total number of function evaluations : 290
06/05/2022 12:22:24.850 - oc_logger - INFO - dcrab_freq_list : [array([[ 0.59048462,  7.13489932,  9.90718692, 12.65149371]]), array([[ 1.80640896,  6.58698639,  9.70719699, 11.85736991]]), array([[ 2.75819885,  7.40728416, 10.88167416, 12.27713878]])]
06/05/2022 12:22:24.850 - oc_logger - INFO - dcrab_para_list : [array([143.14126308, -89.68011396,  20.79805691,  15.54329446,
        18.54969862, -11.18644558,  -3.38580728, -15.82888452]), array([ 0.2441341 ,  0.05415279,  0.13955846,  0.04114207, -0.00452384,
       -0.40273276,  0.06147687,  0.12177686]), array([ 0.19595373, -0.03391652,  0.01136467,  0.03174455,  0.24031563,
        0.06132556,  0.14280075,  0.04909637])]
06/05/2022 12:22:24.850 - oc_logger - INFO - terminate_reason : Convergence of the FoM.
