06/05/2022 02:56:51.605 - oc_logger - INFO - The optimization direction is minimization
06/05/2022 02:56:51.607 - oc_logger - INFO - QuOCS version number: 0.0.22
06/05/2022 02:56:51.607 - oc_logger - INFO - Direct search start time has been reset.
06/05/2022 02:56:51.737 - oc_logger - INFO - New record achieved. Previous FoM: 10000000000.0, new best FoM : 0.018603234256322376
06/05/2022 02:56:51.737 - oc_logger - INFO - Function evaluation number: 1, SI: 1, Sub-iteration number: 0, FoM: 0.018603234256322376
06/05/2022 02:56:51.861 - oc_logger - INFO - New record achieved. Previous FoM: 0.018603234256322376, new best FoM : 0.01851370374977024
06/05/2022 02:56:51.864 - oc_logger - INFO - Function evaluation number: 2, SI: 1, Sub-iteration number: 0, FoM: 0.01851370374977024
06/05/2022 02:56:52.019 - oc_logger - INFO - Function evaluation number: 3, SI: 1, Sub-iteration number: 0, FoM: 0.018810406973163607
06/05/2022 02:56:52.153 - oc_logger - INFO - Function evaluation number: 4, SI: 1, Sub-iteration number: 0, FoM: 0.018538104558337376
06/05/2022 02:56:52.286 - oc_logger - INFO - New record achieved. Previous FoM: 0.01851370374977024, new best FoM : 0.01840771949477993
06/05/2022 02:56:52.286 - oc_logger - INFO - Function evaluation number: 5, SI: 1, Sub-iteration number: 0, FoM: 0.01840771949477993
06/05/2022 02:56:52.419 - oc_logger - INFO - Function evaluation number: 6, SI: 1, Sub-iteration number: 0, FoM: 0.0187047268393562
06/05/2022 02:56:52.553 - oc_logger - INFO - Function evaluation number: 7, SI: 1, Sub-iteration number: 0, FoM: 0.0184375039855299
06/05/2022 02:56:52.680 - oc_logger - INFO - Function evaluation number: 8, SI: 1, Sub-iteration number: 0, FoM: 0.018760910545034037
06/05/2022 02:56:52.810 - oc_logger - INFO - Function evaluation number: 9, SI: 1, Sub-iteration number: 0, FoM: 0.018677186721461236
06/05/2022 02:56:52.941 - oc_logger - INFO - New record achieved. Previous FoM: 0.01840771949477993, new best FoM : 0.01835121005442375
06/05/2022 02:56:52.941 - oc_logger - INFO - Function evaluation number: 10, SI: 1, Sub-iteration number: 1, FoM: 0.01835121005442375
06/05/2022 02:56:53.077 - oc_logger - INFO - New record achieved. Previous FoM: 0.01835121005442375, new best FoM : 0.018294155865182793
06/05/2022 02:56:53.077 - oc_logger - INFO - Function evaluation number: 11, SI: 1, Sub-iteration number: 1, FoM: 0.018294155865182793
06/05/2022 02:56:53.214 - oc_logger - INFO - New record achieved. Previous FoM: 0.018294155865182793, new best FoM : 0.01828440643602447
06/05/2022 02:56:53.214 - oc_logger - INFO - Function evaluation number: 12, SI: 1, Sub-iteration number: 2, FoM: 0.01828440643602447
06/05/2022 02:56:53.349 - oc_logger - INFO - New record achieved. Previous FoM: 0.01828440643602447, new best FoM : 0.018225307699640925
06/05/2022 02:56:53.349 - oc_logger - INFO - Function evaluation number: 13, SI: 1, Sub-iteration number: 2, FoM: 0.018225307699640925
06/05/2022 02:56:53.488 - oc_logger - INFO - New record achieved. Previous FoM: 0.018225307699640925, new best FoM : 0.018220567578789315
06/05/2022 02:56:53.488 - oc_logger - INFO - Function evaluation number: 14, SI: 1, Sub-iteration number: 3, FoM: 0.018220567578789315
06/05/2022 02:56:53.627 - oc_logger - INFO - New record achieved. Previous FoM: 0.018220567578789315, new best FoM : 0.018160495602792204
06/05/2022 02:56:53.627 - oc_logger - INFO - Function evaluation number: 15, SI: 1, Sub-iteration number: 3, FoM: 0.018160495602792204
06/05/2022 02:56:53.760 - oc_logger - INFO - New record achieved. Previous FoM: 0.018160495602792204, new best FoM : 0.018119662955568105
06/05/2022 02:56:53.761 - oc_logger - INFO - Function evaluation number: 16, SI: 1, Sub-iteration number: 4, FoM: 0.018119662955568105
06/05/2022 02:56:53.902 - oc_logger - INFO - New record achieved. Previous FoM: 0.018119662955568105, new best FoM : 0.01805062984488004
06/05/2022 02:56:53.902 - oc_logger - INFO - Function evaluation number: 17, SI: 1, Sub-iteration number: 4, FoM: 0.01805062984488004
06/05/2022 02:56:54.037 - oc_logger - INFO - Function evaluation number: 18, SI: 1, Sub-iteration number: 5, FoM: 0.018055212121224296
06/05/2022 02:56:54.175 - oc_logger - INFO - New record achieved. Previous FoM: 0.01805062984488004, new best FoM : 0.01799964236527707
06/05/2022 02:56:54.175 - oc_logger - INFO - Function evaluation number: 19, SI: 1, Sub-iteration number: 6, FoM: 0.01799964236527707
06/05/2022 02:56:54.314 - oc_logger - INFO - New record achieved. Previous FoM: 0.01799964236527707, new best FoM : 0.01793297092190338
06/05/2022 02:56:54.314 - oc_logger - INFO - Function evaluation number: 20, SI: 1, Sub-iteration number: 6, FoM: 0.01793297092190338
06/05/2022 02:56:54.480 - oc_logger - INFO - New record achieved. Previous FoM: 0.01793297092190338, new best FoM : 0.017879550366360464
06/05/2022 02:56:54.480 - oc_logger - INFO - Function evaluation number: 21, SI: 1, Sub-iteration number: 7, FoM: 0.017879550366360464
06/05/2022 02:56:54.620 - oc_logger - INFO - New record achieved. Previous FoM: 0.017879550366360464, new best FoM : 0.017801127908788517
06/05/2022 02:56:54.620 - oc_logger - INFO - Function evaluation number: 22, SI: 1, Sub-iteration number: 7, FoM: 0.017801127908788517
06/05/2022 02:56:54.760 - oc_logger - INFO - New record achieved. Previous FoM: 0.017801127908788517, new best FoM : 0.0177965840796821
06/05/2022 02:56:54.760 - oc_logger - INFO - Function evaluation number: 23, SI: 1, Sub-iteration number: 8, FoM: 0.0177965840796821
06/05/2022 02:56:54.894 - oc_logger - INFO - New record achieved. Previous FoM: 0.0177965840796821, new best FoM : 0.017717344863895423
06/05/2022 02:56:54.894 - oc_logger - INFO - Function evaluation number: 24, SI: 1, Sub-iteration number: 8, FoM: 0.017717344863895423
06/05/2022 02:56:55.024 - oc_logger - INFO - New record achieved. Previous FoM: 0.017717344863895423, new best FoM : 0.01765472736895024
06/05/2022 02:56:55.024 - oc_logger - INFO - Function evaluation number: 25, SI: 1, Sub-iteration number: 9, FoM: 0.01765472736895024
06/05/2022 02:56:55.154 - oc_logger - INFO - New record achieved. Previous FoM: 0.01765472736895024, new best FoM : 0.017561768838782355
06/05/2022 02:56:55.154 - oc_logger - INFO - Function evaluation number: 26, SI: 1, Sub-iteration number: 9, FoM: 0.017561768838782355
06/05/2022 02:56:55.291 - oc_logger - INFO - Function evaluation number: 27, SI: 1, Sub-iteration number: 10, FoM: 0.01758399507642394
06/05/2022 02:56:55.424 - oc_logger - INFO - New record achieved. Previous FoM: 0.017561768838782355, new best FoM : 0.01749339994372745
06/05/2022 02:56:55.425 - oc_logger - INFO - Function evaluation number: 28, SI: 1, Sub-iteration number: 11, FoM: 0.01749339994372745
06/05/2022 02:56:55.555 - oc_logger - INFO - New record achieved. Previous FoM: 0.01749339994372745, new best FoM : 0.017403063468883873
06/05/2022 02:56:55.555 - oc_logger - INFO - Function evaluation number: 29, SI: 1, Sub-iteration number: 11, FoM: 0.017403063468883873
06/05/2022 02:56:55.696 - oc_logger - INFO - New record achieved. Previous FoM: 0.017403063468883873, new best FoM : 0.017369612011831514
06/05/2022 02:56:55.696 - oc_logger - INFO - Function evaluation number: 30, SI: 1, Sub-iteration number: 12, FoM: 0.017369612011831514
06/05/2022 02:56:55.836 - oc_logger - INFO - New record achieved. Previous FoM: 0.017369612011831514, new best FoM : 0.017272159884926586
06/05/2022 02:56:55.836 - oc_logger - INFO - Function evaluation number: 31, SI: 1, Sub-iteration number: 12, FoM: 0.017272159884926586
06/05/2022 02:56:55.973 - oc_logger - INFO - Function evaluation number: 32, SI: 1, Sub-iteration number: 13, FoM: 0.0172785447988566
06/05/2022 02:56:56.110 - oc_logger - INFO - New record achieved. Previous FoM: 0.017272159884926586, new best FoM : 0.017092795676657113
06/05/2022 02:56:56.111 - oc_logger - INFO - Function evaluation number: 33, SI: 1, Sub-iteration number: 14, FoM: 0.017092795676657113
06/05/2022 02:56:56.249 - oc_logger - INFO - New record achieved. Previous FoM: 0.017092795676657113, new best FoM : 0.01697508510448642
06/05/2022 02:56:56.249 - oc_logger - INFO - Function evaluation number: 34, SI: 1, Sub-iteration number: 14, FoM: 0.01697508510448642
06/05/2022 02:56:56.389 - oc_logger - INFO - New record achieved. Previous FoM: 0.01697508510448642, new best FoM : 0.016970423997925033
06/05/2022 02:56:56.389 - oc_logger - INFO - Function evaluation number: 35, SI: 1, Sub-iteration number: 15, FoM: 0.016970423997925033
06/05/2022 02:56:56.531 - oc_logger - INFO - New record achieved. Previous FoM: 0.016970423997925033, new best FoM : 0.016852096528325644
06/05/2022 02:56:56.531 - oc_logger - INFO - Function evaluation number: 36, SI: 1, Sub-iteration number: 15, FoM: 0.016852096528325644
06/05/2022 02:56:56.666 - oc_logger - INFO - Function evaluation number: 37, SI: 1, Sub-iteration number: 16, FoM: 0.016864506304942628
06/05/2022 02:56:56.797 - oc_logger - INFO - New record achieved. Previous FoM: 0.016852096528325644, new best FoM : 0.016735710388897318
06/05/2022 02:56:56.797 - oc_logger - INFO - Function evaluation number: 38, SI: 1, Sub-iteration number: 17, FoM: 0.016735710388897318
06/05/2022 02:56:56.932 - oc_logger - INFO - New record achieved. Previous FoM: 0.016735710388897318, new best FoM : 0.01661514172237344
06/05/2022 02:56:56.933 - oc_logger - INFO - Function evaluation number: 39, SI: 1, Sub-iteration number: 17, FoM: 0.01661514172237344
06/05/2022 02:56:57.070 - oc_logger - INFO - Function evaluation number: 40, SI: 1, Sub-iteration number: 18, FoM: 0.016625442741054153
06/05/2022 02:56:57.208 - oc_logger - INFO - New record achieved. Previous FoM: 0.01661514172237344, new best FoM : 0.016418169511735803
06/05/2022 02:56:57.208 - oc_logger - INFO - Function evaluation number: 41, SI: 1, Sub-iteration number: 19, FoM: 0.016418169511735803
06/05/2022 02:56:57.346 - oc_logger - INFO - New record achieved. Previous FoM: 0.016418169511735803, new best FoM : 0.0162782785449479
06/05/2022 02:56:57.347 - oc_logger - INFO - Function evaluation number: 42, SI: 1, Sub-iteration number: 19, FoM: 0.0162782785449479
06/05/2022 02:56:57.471 - oc_logger - INFO - Function evaluation number: 43, SI: 1, Sub-iteration number: 20, FoM: 0.016294279851446936
06/05/2022 02:56:57.600 - oc_logger - INFO - New record achieved. Previous FoM: 0.0162782785449479, new best FoM : 0.016172549165830663
06/05/2022 02:56:57.600 - oc_logger - INFO - Function evaluation number: 44, SI: 1, Sub-iteration number: 21, FoM: 0.016172549165830663
06/05/2022 02:56:57.731 - oc_logger - INFO - New record achieved. Previous FoM: 0.016172549165830663, new best FoM : 0.01603712868259144
06/05/2022 02:56:57.732 - oc_logger - INFO - Function evaluation number: 45, SI: 1, Sub-iteration number: 21, FoM: 0.01603712868259144
06/05/2022 02:56:57.863 - oc_logger - INFO - New record achieved. Previous FoM: 0.01603712868259144, new best FoM : 0.015875969662520584
06/05/2022 02:56:57.863 - oc_logger - INFO - Function evaluation number: 46, SI: 1, Sub-iteration number: 22, FoM: 0.015875969662520584
06/05/2022 02:56:57.998 - oc_logger - INFO - New record achieved. Previous FoM: 0.015875969662520584, new best FoM : 0.015705898843702437
06/05/2022 02:56:57.998 - oc_logger - INFO - Function evaluation number: 47, SI: 1, Sub-iteration number: 22, FoM: 0.015705898843702437
06/05/2022 02:56:58.132 - oc_logger - INFO - Function evaluation number: 48, SI: 1, Sub-iteration number: 23, FoM: 0.015848944732016035
06/05/2022 02:56:58.268 - oc_logger - INFO - Function evaluation number: 49, SI: 1, Sub-iteration number: 24, FoM: 0.015706410687209238
06/05/2022 02:56:58.407 - oc_logger - INFO - New record achieved. Previous FoM: 0.015705898843702437, new best FoM : 0.015439246376442117
06/05/2022 02:56:58.407 - oc_logger - INFO - Function evaluation number: 50, SI: 1, Sub-iteration number: 25, FoM: 0.015439246376442117
06/05/2022 02:56:58.531 - oc_logger - INFO - New record achieved. Previous FoM: 0.015439246376442117, new best FoM : 0.0152675497244954
06/05/2022 02:56:58.532 - oc_logger - INFO - Function evaluation number: 51, SI: 1, Sub-iteration number: 25, FoM: 0.0152675497244954
06/05/2022 02:56:58.666 - oc_logger - INFO - Function evaluation number: 52, SI: 1, Sub-iteration number: 26, FoM: 0.01532185602712166
06/05/2022 02:56:58.789 - oc_logger - INFO - New record achieved. Previous FoM: 0.0152675497244954, new best FoM : 0.015017921874096563
06/05/2022 02:56:58.789 - oc_logger - INFO - Function evaluation number: 53, SI: 1, Sub-iteration number: 27, FoM: 0.015017921874096563
06/05/2022 02:56:58.910 - oc_logger - INFO - New record achieved. Previous FoM: 0.015017921874096563, new best FoM : 0.014824594063345242
06/05/2022 02:56:58.910 - oc_logger - INFO - Function evaluation number: 54, SI: 1, Sub-iteration number: 27, FoM: 0.014824594063345242
06/05/2022 02:56:59.033 - oc_logger - INFO - Function evaluation number: 55, SI: 1, Sub-iteration number: 28, FoM: 0.014962232315316681
06/05/2022 02:56:59.159 - oc_logger - INFO - New record achieved. Previous FoM: 0.014824594063345242, new best FoM : 0.014657447362442788
06/05/2022 02:56:59.159 - oc_logger - INFO - Function evaluation number: 56, SI: 1, Sub-iteration number: 29, FoM: 0.014657447362442788
06/05/2022 02:56:59.289 - oc_logger - INFO - New record achieved. Previous FoM: 0.014657447362442788, new best FoM : 0.014461293990231106
06/05/2022 02:56:59.289 - oc_logger - INFO - Function evaluation number: 57, SI: 1, Sub-iteration number: 29, FoM: 0.014461293990231106
06/05/2022 02:56:59.415 - oc_logger - INFO - Function evaluation number: 58, SI: 1, Sub-iteration number: 30, FoM: 0.014501517554493581
06/05/2022 02:56:59.534 - oc_logger - INFO - New record achieved. Previous FoM: 0.014461293990231106, new best FoM : 0.01435208496346374
06/05/2022 02:56:59.535 - oc_logger - INFO - Function evaluation number: 59, SI: 1, Sub-iteration number: 31, FoM: 0.01435208496346374
06/05/2022 02:56:59.658 - oc_logger - INFO - New record achieved. Previous FoM: 0.01435208496346374, new best FoM : 0.014170810063175443
06/05/2022 02:56:59.658 - oc_logger - INFO - Function evaluation number: 60, SI: 1, Sub-iteration number: 31, FoM: 0.014170810063175443
06/05/2022 02:56:59.782 - oc_logger - INFO - New record achieved. Previous FoM: 0.014170810063175443, new best FoM : 0.01411296430232234
06/05/2022 02:56:59.782 - oc_logger - INFO - Function evaluation number: 61, SI: 1, Sub-iteration number: 32, FoM: 0.01411296430232234
06/05/2022 02:56:59.915 - oc_logger - INFO - New record achieved. Previous FoM: 0.01411296430232234, new best FoM : 0.013920512879207259
06/05/2022 02:56:59.915 - oc_logger - INFO - Function evaluation number: 62, SI: 1, Sub-iteration number: 32, FoM: 0.013920512879207259
06/05/2022 02:57:00.050 - oc_logger - INFO - New record achieved. Previous FoM: 0.013920512879207259, new best FoM : 0.013683281892978738
06/05/2022 02:57:00.050 - oc_logger - INFO - Function evaluation number: 63, SI: 1, Sub-iteration number: 33, FoM: 0.013683281892978738
06/05/2022 02:57:00.179 - oc_logger - INFO - New record achieved. Previous FoM: 0.013683281892978738, new best FoM : 0.013441647311454474
06/05/2022 02:57:00.179 - oc_logger - INFO - Function evaluation number: 64, SI: 1, Sub-iteration number: 33, FoM: 0.013441647311454474
06/05/2022 02:57:00.314 - oc_logger - INFO - Function evaluation number: 65, SI: 1, Sub-iteration number: 34, FoM: 0.0135820969849062
06/05/2022 02:57:00.451 - oc_logger - INFO - New record achieved. Previous FoM: 0.013441647311454474, new best FoM : 0.013228230825434673
06/05/2022 02:57:00.452 - oc_logger - INFO - Function evaluation number: 66, SI: 1, Sub-iteration number: 35, FoM: 0.013228230825434673
06/05/2022 02:57:00.577 - oc_logger - INFO - New record achieved. Previous FoM: 0.013228230825434673, new best FoM : 0.01298463328198396
06/05/2022 02:57:00.577 - oc_logger - INFO - Function evaluation number: 67, SI: 1, Sub-iteration number: 35, FoM: 0.01298463328198396
06/05/2022 02:57:00.707 - oc_logger - INFO - Function evaluation number: 68, SI: 1, Sub-iteration number: 36, FoM: 0.013033453056457533
06/05/2022 02:57:00.840 - oc_logger - INFO - New record achieved. Previous FoM: 0.01298463328198396, new best FoM : 0.012730795041695497
06/05/2022 02:57:00.840 - oc_logger - INFO - Function evaluation number: 69, SI: 1, Sub-iteration number: 37, FoM: 0.012730795041695497
06/05/2022 02:57:00.970 - oc_logger - INFO - New record achieved. Previous FoM: 0.012730795041695497, new best FoM : 0.012481477499177718
06/05/2022 02:57:00.970 - oc_logger - INFO - Function evaluation number: 70, SI: 1, Sub-iteration number: 37, FoM: 0.012481477499177718
06/05/2022 02:57:01.105 - oc_logger - INFO - Function evaluation number: 71, SI: 1, Sub-iteration number: 38, FoM: 0.012541609341793492
06/05/2022 02:57:01.229 - oc_logger - INFO - New record achieved. Previous FoM: 0.012481477499177718, new best FoM : 0.012123410435742943
06/05/2022 02:57:01.229 - oc_logger - INFO - Function evaluation number: 72, SI: 1, Sub-iteration number: 39, FoM: 0.012123410435742943
06/05/2022 02:57:01.353 - oc_logger - INFO - New record achieved. Previous FoM: 0.012123410435742943, new best FoM : 0.011847881247337155
06/05/2022 02:57:01.353 - oc_logger - INFO - Function evaluation number: 73, SI: 1, Sub-iteration number: 39, FoM: 0.011847881247337155
06/05/2022 02:57:01.482 - oc_logger - INFO - New record achieved. Previous FoM: 0.011847881247337155, new best FoM : 0.011830045517784438
06/05/2022 02:57:01.482 - oc_logger - INFO - Function evaluation number: 74, SI: 1, Sub-iteration number: 40, FoM: 0.011830045517784438
06/05/2022 02:57:01.606 - oc_logger - INFO - New record achieved. Previous FoM: 0.011830045517784438, new best FoM : 0.011554303782572384
06/05/2022 02:57:01.606 - oc_logger - INFO - Function evaluation number: 75, SI: 1, Sub-iteration number: 40, FoM: 0.011554303782572384
06/05/2022 02:57:01.736 - oc_logger - INFO - New record achieved. Previous FoM: 0.011554303782572384, new best FoM : 0.011491500660460896
06/05/2022 02:57:01.736 - oc_logger - INFO - Function evaluation number: 76, SI: 1, Sub-iteration number: 41, FoM: 0.011491500660460896
06/05/2022 02:57:01.861 - oc_logger - INFO - New record achieved. Previous FoM: 0.011491500660460896, new best FoM : 0.01120635543743631
06/05/2022 02:57:01.861 - oc_logger - INFO - Function evaluation number: 77, SI: 1, Sub-iteration number: 41, FoM: 0.01120635543743631
06/05/2022 02:57:01.990 - oc_logger - INFO - Function evaluation number: 78, SI: 1, Sub-iteration number: 42, FoM: 0.01122972911032638
06/05/2022 02:57:02.117 - oc_logger - INFO - New record achieved. Previous FoM: 0.01120635543743631, new best FoM : 0.010833399132339272
06/05/2022 02:57:02.117 - oc_logger - INFO - Function evaluation number: 79, SI: 1, Sub-iteration number: 43, FoM: 0.010833399132339272
06/05/2022 02:57:02.246 - oc_logger - INFO - New record achieved. Previous FoM: 0.010833399132339272, new best FoM : 0.010529413288625333
06/05/2022 02:57:02.246 - oc_logger - INFO - Function evaluation number: 80, SI: 1, Sub-iteration number: 43, FoM: 0.010529413288625333
06/05/2022 02:57:02.374 - oc_logger - INFO - Function evaluation number: 81, SI: 1, Sub-iteration number: 44, FoM: 0.01060305389904248
06/05/2022 02:57:02.496 - oc_logger - INFO - New record achieved. Previous FoM: 0.010529413288625333, new best FoM : 0.010094531970186171
06/05/2022 02:57:02.496 - oc_logger - INFO - Function evaluation number: 82, SI: 1, Sub-iteration number: 45, FoM: 0.010094531970186171
06/05/2022 02:57:02.622 - oc_logger - INFO - New record achieved. Previous FoM: 0.010094531970186171, new best FoM : 0.009763016862791907
06/05/2022 02:57:02.622 - oc_logger - INFO - Function evaluation number: 83, SI: 1, Sub-iteration number: 45, FoM: 0.009763016862791907
06/05/2022 02:57:02.750 - oc_logger - INFO - Function evaluation number: 84, SI: 1, Sub-iteration number: 46, FoM: 0.009825553798053721
06/05/2022 02:57:02.872 - oc_logger - INFO - New record achieved. Previous FoM: 0.009763016862791907, new best FoM : 0.009270974935709608
06/05/2022 02:57:02.872 - oc_logger - INFO - Function evaluation number: 85, SI: 1, Sub-iteration number: 47, FoM: 0.009270974935709608
06/05/2022 02:57:02.999 - oc_logger - INFO - New record achieved. Previous FoM: 0.009270974935709608, new best FoM : 0.008909172007382948
06/05/2022 02:57:02.999 - oc_logger - INFO - Function evaluation number: 86, SI: 1, Sub-iteration number: 47, FoM: 0.008909172007382948
06/05/2022 02:57:03.126 - oc_logger - INFO - Function evaluation number: 87, SI: 1, Sub-iteration number: 48, FoM: 0.009118622548183963
06/05/2022 02:57:03.258 - oc_logger - INFO - New record achieved. Previous FoM: 0.008909172007382948, new best FoM : 0.00881061616455292
06/05/2022 02:57:03.259 - oc_logger - INFO - Function evaluation number: 88, SI: 1, Sub-iteration number: 49, FoM: 0.00881061616455292
06/05/2022 02:57:03.389 - oc_logger - INFO - New record achieved. Previous FoM: 0.00881061616455292, new best FoM : 0.00852122196416738
06/05/2022 02:57:03.390 - oc_logger - INFO - Function evaluation number: 89, SI: 1, Sub-iteration number: 49, FoM: 0.00852122196416738
06/05/2022 02:57:03.516 - oc_logger - INFO - New record achieved. Previous FoM: 0.00852122196416738, new best FoM : 0.008489586065819621
06/05/2022 02:57:03.516 - oc_logger - INFO - Function evaluation number: 90, SI: 1, Sub-iteration number: 50, FoM: 0.008489586065819621
06/05/2022 02:57:03.647 - oc_logger - INFO - New record achieved. Previous FoM: 0.008489586065819621, new best FoM : 0.008237778313191835
06/05/2022 02:57:03.648 - oc_logger - INFO - Function evaluation number: 91, SI: 1, Sub-iteration number: 50, FoM: 0.008237778313191835
06/05/2022 02:57:03.776 - oc_logger - INFO - New record achieved. Previous FoM: 0.008237778313191835, new best FoM : 0.007910492021389715
06/05/2022 02:57:03.776 - oc_logger - INFO - Function evaluation number: 92, SI: 1, Sub-iteration number: 51, FoM: 0.007910492021389715
06/05/2022 02:57:03.909 - oc_logger - INFO - New record achieved. Previous FoM: 0.007910492021389715, new best FoM : 0.007667794329991429
06/05/2022 02:57:03.909 - oc_logger - INFO - Function evaluation number: 93, SI: 1, Sub-iteration number: 51, FoM: 0.007667794329991429
06/05/2022 02:57:04.035 - oc_logger - INFO - Function evaluation number: 94, SI: 1, Sub-iteration number: 52, FoM: 0.007750614919443288
06/05/2022 02:57:04.161 - oc_logger - INFO - New record achieved. Previous FoM: 0.007667794329991429, new best FoM : 0.007350638407909282
06/05/2022 02:57:04.161 - oc_logger - INFO - Function evaluation number: 95, SI: 1, Sub-iteration number: 53, FoM: 0.007350638407909282
06/05/2022 02:57:04.282 - oc_logger - INFO - New record achieved. Previous FoM: 0.007350638407909282, new best FoM : 0.007147354637539016
06/05/2022 02:57:04.282 - oc_logger - INFO - Function evaluation number: 96, SI: 1, Sub-iteration number: 53, FoM: 0.007147354637539016
06/05/2022 02:57:04.411 - oc_logger - INFO - Function evaluation number: 97, SI: 1, Sub-iteration number: 54, FoM: 0.007304248955070425
06/05/2022 02:57:04.538 - oc_logger - INFO - New record achieved. Previous FoM: 0.007147354637539016, new best FoM : 0.006873050228814459
06/05/2022 02:57:04.538 - oc_logger - INFO - Function evaluation number: 98, SI: 1, Sub-iteration number: 55, FoM: 0.006873050228814459
06/05/2022 02:57:04.666 - oc_logger - INFO - New record achieved. Previous FoM: 0.006873050228814459, new best FoM : 0.00659481105667048
06/05/2022 02:57:04.666 - oc_logger - INFO - Function evaluation number: 99, SI: 1, Sub-iteration number: 55, FoM: 0.00659481105667048
06/05/2022 02:57:04.791 - oc_logger - INFO - Function evaluation number: 100, SI: 1, Sub-iteration number: 56, FoM: 0.006820846667605629
06/05/2022 02:57:04.915 - oc_logger - INFO - New record achieved. Previous FoM: 0.00659481105667048, new best FoM : 0.0064634999820548655
06/05/2022 02:57:04.915 - oc_logger - INFO - Function evaluation number: 101, SI: 1, Sub-iteration number: 57, FoM: 0.0064634999820548655
06/05/2022 02:57:05.042 - oc_logger - INFO - New record achieved. Previous FoM: 0.0064634999820548655, new best FoM : 0.006314491243042064
06/05/2022 02:57:05.042 - oc_logger - INFO - Function evaluation number: 102, SI: 1, Sub-iteration number: 57, FoM: 0.006314491243042064
06/05/2022 02:57:05.164 - oc_logger - INFO - New record achieved. Previous FoM: 0.006314491243042064, new best FoM : 0.006283722154442728
06/05/2022 02:57:05.164 - oc_logger - INFO - Function evaluation number: 103, SI: 1, Sub-iteration number: 58, FoM: 0.006283722154442728
06/05/2022 02:57:05.288 - oc_logger - INFO - New record achieved. Previous FoM: 0.006283722154442728, new best FoM : 0.006137660466461692
06/05/2022 02:57:05.288 - oc_logger - INFO - Function evaluation number: 104, SI: 1, Sub-iteration number: 58, FoM: 0.006137660466461692
06/05/2022 02:57:05.414 - oc_logger - INFO - New record achieved. Previous FoM: 0.006137660466461692, new best FoM : 0.006115599552299789
06/05/2022 02:57:05.414 - oc_logger - INFO - Function evaluation number: 105, SI: 1, Sub-iteration number: 59, FoM: 0.006115599552299789
06/05/2022 02:57:05.551 - oc_logger - INFO - New record achieved. Previous FoM: 0.006115599552299789, new best FoM : 0.006019182640361165
06/05/2022 02:57:05.551 - oc_logger - INFO - Function evaluation number: 106, SI: 1, Sub-iteration number: 59, FoM: 0.006019182640361165
06/05/2022 02:57:05.681 - oc_logger - INFO - Function evaluation number: 107, SI: 1, Sub-iteration number: 60, FoM: 0.006052593058552547
06/05/2022 02:57:05.809 - oc_logger - INFO - New record achieved. Previous FoM: 0.006019182640361165, new best FoM : 0.005827032957809175
06/05/2022 02:57:05.809 - oc_logger - INFO - Function evaluation number: 108, SI: 1, Sub-iteration number: 61, FoM: 0.005827032957809175
06/05/2022 02:57:05.933 - oc_logger - INFO - New record achieved. Previous FoM: 0.005827032957809175, new best FoM : 0.0057163210332223935
06/05/2022 02:57:05.933 - oc_logger - INFO - Function evaluation number: 109, SI: 1, Sub-iteration number: 61, FoM: 0.0057163210332223935
06/05/2022 02:57:06.063 - oc_logger - INFO - Function evaluation number: 110, SI: 1, Sub-iteration number: 62, FoM: 0.0058095998606407795
06/05/2022 02:57:06.192 - oc_logger - INFO - New record achieved. Previous FoM: 0.0057163210332223935, new best FoM : 0.00559476612171772
06/05/2022 02:57:06.192 - oc_logger - INFO - Function evaluation number: 111, SI: 1, Sub-iteration number: 63, FoM: 0.00559476612171772
06/05/2022 02:57:06.318 - oc_logger - INFO - New record achieved. Previous FoM: 0.00559476612171772, new best FoM : 0.0054808692584454866
06/05/2022 02:57:06.318 - oc_logger - INFO - Function evaluation number: 112, SI: 1, Sub-iteration number: 63, FoM: 0.0054808692584454866
06/05/2022 02:57:06.452 - oc_logger - INFO - Function evaluation number: 113, SI: 1, Sub-iteration number: 64, FoM: 0.005561196297588666
06/05/2022 02:57:06.581 - oc_logger - INFO - New record achieved. Previous FoM: 0.0054808692584454866, new best FoM : 0.005366209726398785
06/05/2022 02:57:06.581 - oc_logger - INFO - Function evaluation number: 114, SI: 1, Sub-iteration number: 65, FoM: 0.005366209726398785
06/05/2022 02:57:06.715 - oc_logger - INFO - New record achieved. Previous FoM: 0.005366209726398785, new best FoM : 0.005272970984901315
06/05/2022 02:57:06.715 - oc_logger - INFO - Function evaluation number: 115, SI: 1, Sub-iteration number: 65, FoM: 0.005272970984901315
06/05/2022 02:57:06.847 - oc_logger - INFO - Function evaluation number: 116, SI: 1, Sub-iteration number: 66, FoM: 0.005354179509052925
06/05/2022 02:57:06.973 - oc_logger - INFO - Function evaluation number: 117, SI: 1, Sub-iteration number: 67, FoM: 0.005285341251187736
06/05/2022 02:57:07.102 - oc_logger - INFO - New record achieved. Previous FoM: 0.005272970984901315, new best FoM : 0.005198332343353873
06/05/2022 02:57:07.102 - oc_logger - INFO - Function evaluation number: 118, SI: 1, Sub-iteration number: 68, FoM: 0.005198332343353873
06/05/2022 02:57:07.236 - oc_logger - INFO - New record achieved. Previous FoM: 0.005198332343353873, new best FoM : 0.0051457251745467
06/05/2022 02:57:07.236 - oc_logger - INFO - Function evaluation number: 119, SI: 1, Sub-iteration number: 68, FoM: 0.0051457251745467
06/05/2022 02:57:07.373 - oc_logger - INFO - New record achieved. Previous FoM: 0.0051457251745467, new best FoM : 0.005030724996373026
06/05/2022 02:57:07.373 - oc_logger - INFO - Function evaluation number: 120, SI: 1, Sub-iteration number: 69, FoM: 0.005030724996373026
06/05/2022 02:57:07.506 - oc_logger - INFO - New record achieved. Previous FoM: 0.005030724996373026, new best FoM : 0.004981971225420656
06/05/2022 02:57:07.506 - oc_logger - INFO - Function evaluation number: 121, SI: 1, Sub-iteration number: 69, FoM: 0.004981971225420656
06/05/2022 02:57:07.625 - oc_logger - INFO - Function evaluation number: 122, SI: 1, Sub-iteration number: 70, FoM: 0.005108713571866819
06/05/2022 02:57:07.752 - oc_logger - INFO - Function evaluation number: 123, SI: 1, Sub-iteration number: 71, FoM: 0.005048831497876494
06/05/2022 02:57:07.885 - oc_logger - INFO - Function evaluation number: 124, SI: 1, Sub-iteration number: 72, FoM: 0.005061980094864915
06/05/2022 02:57:08.016 - oc_logger - INFO - Function evaluation number: 125, SI: 1, Sub-iteration number: 73, FoM: 0.004988105197116011
06/05/2022 02:57:08.144 - oc_logger - INFO - Function evaluation number: 126, SI: 1, Sub-iteration number: 74, FoM: 0.005159016842669062
06/05/2022 02:57:08.270 - oc_logger - INFO - Function evaluation number: 127, SI: 1, Sub-iteration number: 75, FoM: 0.005179794574382335
06/05/2022 02:57:08.392 - oc_logger - INFO - Function evaluation number: 128, SI: 1, Sub-iteration number: 76, FoM: 0.005203353882746176
06/05/2022 02:57:08.522 - oc_logger - INFO - Function evaluation number: 129, SI: 1, Sub-iteration number: 76, FoM: 0.005134778483113056
06/05/2022 02:57:08.644 - oc_logger - INFO - Function evaluation number: 130, SI: 1, Sub-iteration number: 77, FoM: 0.005130608811397153
06/05/2022 02:57:08.765 - oc_logger - INFO - Function evaluation number: 131, SI: 1, Sub-iteration number: 78, FoM: 0.005110667923312495
06/05/2022 02:57:08.889 - oc_logger - INFO - Function evaluation number: 132, SI: 1, Sub-iteration number: 79, FoM: 0.005030572581679604
06/05/2022 02:57:09.015 - oc_logger - INFO - Function evaluation number: 133, SI: 1, Sub-iteration number: 80, FoM: 0.005259283469932208
06/05/2022 02:57:09.145 - oc_logger - INFO - Function evaluation number: 134, SI: 1, Sub-iteration number: 80, FoM: 0.005079628872443287
06/05/2022 02:57:09.269 - oc_logger - INFO - Function evaluation number: 135, SI: 1, Sub-iteration number: 81, FoM: 0.005115517411879322
06/05/2022 02:57:09.393 - oc_logger - INFO - Function evaluation number: 136, SI: 1, Sub-iteration number: 81, FoM: 0.005077194009377117
06/05/2022 02:57:09.520 - oc_logger - INFO - Function evaluation number: 137, SI: 1, Sub-iteration number: 82, FoM: 0.005250300213570425
06/05/2022 02:57:09.644 - oc_logger - INFO - Function evaluation number: 138, SI: 1, Sub-iteration number: 82, FoM: 0.005038031147450384
06/05/2022 02:57:09.773 - oc_logger - INFO - Function evaluation number: 139, SI: 1, Sub-iteration number: 83, FoM: 0.004984423905367796
06/05/2022 02:57:09.901 - oc_logger - INFO - New record achieved. Previous FoM: 0.004981971225420656, new best FoM : 0.004940934844591571
06/05/2022 02:57:09.901 - oc_logger - INFO - Function evaluation number: 140, SI: 1, Sub-iteration number: 84, FoM: 0.004940934844591571
06/05/2022 02:57:10.025 - oc_logger - INFO - Function evaluation number: 141, SI: 1, Sub-iteration number: 84, FoM: 0.004953206647851038
06/05/2022 02:57:10.149 - oc_logger - INFO - Function evaluation number: 142, SI: 1, Sub-iteration number: 85, FoM: 0.004982668441477323
06/05/2022 02:57:10.280 - oc_logger - INFO - New record achieved. Previous FoM: 0.004940934844591571, new best FoM : 0.004894351953013576
06/05/2022 02:57:10.281 - oc_logger - INFO - Function evaluation number: 143, SI: 1, Sub-iteration number: 86, FoM: 0.004894351953013576
06/05/2022 02:57:10.414 - oc_logger - INFO - New record achieved. Previous FoM: 0.004894351953013576, new best FoM : 0.004885159576814679
06/05/2022 02:57:10.414 - oc_logger - INFO - Function evaluation number: 144, SI: 1, Sub-iteration number: 86, FoM: 0.004885159576814679
06/05/2022 02:57:10.521 - oc_logger - INFO - Function evaluation number: 145, SI: 1, Sub-iteration number: 87, FoM: 0.004918865366127845
06/05/2022 02:57:10.650 - oc_logger - INFO - Function evaluation number: 146, SI: 1, Sub-iteration number: 88, FoM: 0.004973199312998
06/05/2022 02:57:10.782 - oc_logger - INFO - Function evaluation number: 147, SI: 1, Sub-iteration number: 89, FoM: 0.004914448685829131
06/05/2022 02:57:10.913 - oc_logger - INFO - New record achieved. Previous FoM: 0.004885159576814679, new best FoM : 0.004882091282057965
06/05/2022 02:57:10.913 - oc_logger - INFO - Function evaluation number: 148, SI: 1, Sub-iteration number: 90, FoM: 0.004882091282057965
06/05/2022 02:57:11.043 - oc_logger - INFO - Function evaluation number: 149, SI: 1, Sub-iteration number: 90, FoM: 0.0048897153874088994
06/05/2022 02:57:11.171 - oc_logger - INFO - Function evaluation number: 150, SI: 1, Sub-iteration number: 91, FoM: 0.00508724590705556
06/05/2022 02:57:11.305 - oc_logger - INFO - Function evaluation number: 151, SI: 1, Sub-iteration number: 91, FoM: 0.004945896127056315
06/05/2022 02:57:11.432 - oc_logger - INFO - Function evaluation number: 152, SI: 1, Sub-iteration number: 92, FoM: 0.004898629707466684
06/05/2022 02:57:11.564 - oc_logger - INFO - New record achieved. Previous FoM: 0.004882091282057965, new best FoM : 0.004826889705949133
06/05/2022 02:57:11.565 - oc_logger - INFO - Function evaluation number: 153, SI: 1, Sub-iteration number: 93, FoM: 0.004826889705949133
06/05/2022 02:57:11.698 - oc_logger - INFO - New record achieved. Previous FoM: 0.004826889705949133, new best FoM : 0.004823504073337426
06/05/2022 02:57:11.699 - oc_logger - INFO - Function evaluation number: 154, SI: 1, Sub-iteration number: 93, FoM: 0.004823504073337426
06/05/2022 02:57:11.834 - oc_logger - INFO - Function evaluation number: 155, SI: 1, Sub-iteration number: 94, FoM: 0.0049500059055477275
06/05/2022 02:57:11.962 - oc_logger - INFO - Function evaluation number: 156, SI: 1, Sub-iteration number: 94, FoM: 0.0049019057696643165
06/05/2022 02:57:12.095 - oc_logger - INFO - Function evaluation number: 157, SI: 1, Sub-iteration number: 95, FoM: 0.004917395001277747
06/05/2022 02:57:12.218 - oc_logger - INFO - New record achieved. Previous FoM: 0.004823504073337426, new best FoM : 0.004765414982418004
06/05/2022 02:57:12.218 - oc_logger - INFO - Function evaluation number: 158, SI: 1, Sub-iteration number: 96, FoM: 0.004765414982418004
06/05/2022 02:57:12.352 - oc_logger - INFO - New record achieved. Previous FoM: 0.004765414982418004, new best FoM : 0.004751766970794047
06/05/2022 02:57:12.352 - oc_logger - INFO - Function evaluation number: 159, SI: 1, Sub-iteration number: 96, FoM: 0.004751766970794047
06/05/2022 02:57:12.483 - oc_logger - INFO - Function evaluation number: 160, SI: 1, Sub-iteration number: 97, FoM: 0.0048356703084477815
06/05/2022 02:57:12.605 - oc_logger - INFO - Function evaluation number: 161, SI: 1, Sub-iteration number: 98, FoM: 0.0048598092680534055
06/05/2022 02:57:12.732 - oc_logger - INFO - Function evaluation number: 162, SI: 1, Sub-iteration number: 99, FoM: 0.004830041697537646
06/05/2022 02:57:12.866 - oc_logger - INFO - Function evaluation number: 163, SI: 1, Sub-iteration number: 100, FoM: 0.0048488613401080904
06/05/2022 02:57:13.000 - oc_logger - INFO - Function evaluation number: 164, SI: 1, Sub-iteration number: 101, FoM: 0.004752737456313216
06/05/2022 02:57:13.126 - oc_logger - INFO - Function evaluation number: 165, SI: 1, Sub-iteration number: 102, FoM: 0.004763102144000109
06/05/2022 02:57:13.256 - oc_logger - INFO - Function evaluation number: 166, SI: 1, Sub-iteration number: 103, FoM: 0.0047964561068287725
06/05/2022 02:57:13.387 - oc_logger - INFO - New record achieved. Previous FoM: 0.004751766970794047, new best FoM : 0.004709500322923277
06/05/2022 02:57:13.387 - oc_logger - INFO - Function evaluation number: 167, SI: 1, Sub-iteration number: 104, FoM: 0.004709500322923277
06/05/2022 02:57:13.518 - oc_logger - INFO - New record achieved. Previous FoM: 0.004709500322923277, new best FoM : 0.0046991801277888046
06/05/2022 02:57:13.519 - oc_logger - INFO - Function evaluation number: 168, SI: 1, Sub-iteration number: 104, FoM: 0.0046991801277888046
06/05/2022 02:57:13.647 - oc_logger - INFO - Function evaluation number: 169, SI: 1, Sub-iteration number: 105, FoM: 0.004749979728759901
06/05/2022 02:57:13.771 - oc_logger - INFO - Function evaluation number: 170, SI: 1, Sub-iteration number: 106, FoM: 0.0047614058479384935
06/05/2022 02:57:13.903 - oc_logger - INFO - Function evaluation number: 171, SI: 1, Sub-iteration number: 107, FoM: 0.0047045307696552685
06/05/2022 02:57:14.030 - oc_logger - INFO - New record achieved. Previous FoM: 0.0046991801277888046, new best FoM : 0.00464649195585598
06/05/2022 02:57:14.030 - oc_logger - INFO - Function evaluation number: 172, SI: 1, Sub-iteration number: 108, FoM: 0.00464649195585598
06/05/2022 02:57:14.152 - oc_logger - INFO - New record achieved. Previous FoM: 0.00464649195585598, new best FoM : 0.00463342993927407
06/05/2022 02:57:14.152 - oc_logger - INFO - Function evaluation number: 173, SI: 1, Sub-iteration number: 108, FoM: 0.00463342993927407
06/05/2022 02:57:14.285 - oc_logger - INFO - Function evaluation number: 174, SI: 1, Sub-iteration number: 109, FoM: 0.004766508051371021
06/05/2022 02:57:14.415 - oc_logger - INFO - Function evaluation number: 175, SI: 1, Sub-iteration number: 109, FoM: 0.004723074005107519
06/05/2022 02:57:14.541 - oc_logger - INFO - Function evaluation number: 176, SI: 1, Sub-iteration number: 110, FoM: 0.004680179302319121
06/05/2022 02:57:14.672 - oc_logger - INFO - Function evaluation number: 177, SI: 1, Sub-iteration number: 111, FoM: 0.004905184918985839
06/05/2022 02:57:14.801 - oc_logger - INFO - Function evaluation number: 178, SI: 1, Sub-iteration number: 111, FoM: 0.004707502888816495
06/05/2022 02:57:14.934 - oc_logger - INFO - Function evaluation number: 179, SI: 1, Sub-iteration number: 112, FoM: 0.0047045983947439085
06/05/2022 02:57:15.064 - oc_logger - INFO - New record achieved. Previous FoM: 0.00463342993927407, new best FoM : 0.004630763824011619
06/05/2022 02:57:15.064 - oc_logger - INFO - Function evaluation number: 180, SI: 1, Sub-iteration number: 113, FoM: 0.004630763824011619
06/05/2022 02:57:15.191 - oc_logger - INFO - New record achieved. Previous FoM: 0.004630763824011619, new best FoM : 0.004617573319843693
06/05/2022 02:57:15.191 - oc_logger - INFO - Function evaluation number: 181, SI: 1, Sub-iteration number: 113, FoM: 0.004617573319843693
06/05/2022 02:57:15.319 - oc_logger - INFO - Function evaluation number: 182, SI: 1, Sub-iteration number: 114, FoM: 0.004630207602048131
06/05/2022 02:57:15.441 - oc_logger - INFO - New record achieved. Previous FoM: 0.004617573319843693, new best FoM : 0.004605253542170118
06/05/2022 02:57:15.441 - oc_logger - INFO - Function evaluation number: 183, SI: 1, Sub-iteration number: 115, FoM: 0.004605253542170118
06/05/2022 02:57:15.575 - oc_logger - INFO - New record achieved. Previous FoM: 0.004605253542170118, new best FoM : 0.0045938219090432275
06/05/2022 02:57:15.575 - oc_logger - INFO - Function evaluation number: 184, SI: 1, Sub-iteration number: 115, FoM: 0.0045938219090432275
06/05/2022 02:57:15.718 - oc_logger - INFO - Function evaluation number: 185, SI: 1, Sub-iteration number: 116, FoM: 0.004637721636393088
06/05/2022 02:57:15.850 - oc_logger - INFO - Function evaluation number: 186, SI: 1, Sub-iteration number: 117, FoM: 0.0046010204114775854
06/05/2022 02:57:15.977 - oc_logger - INFO - New record achieved. Previous FoM: 0.0045938219090432275, new best FoM : 0.00458766094616192
06/05/2022 02:57:15.977 - oc_logger - INFO - Function evaluation number: 187, SI: 1, Sub-iteration number: 118, FoM: 0.00458766094616192
06/05/2022 02:57:16.106 - oc_logger - INFO - New record achieved. Previous FoM: 0.00458766094616192, new best FoM : 0.004580495443218813
06/05/2022 02:57:16.106 - oc_logger - INFO - Function evaluation number: 188, SI: 1, Sub-iteration number: 118, FoM: 0.004580495443218813
06/05/2022 02:57:16.239 - oc_logger - INFO - New record achieved. Previous FoM: 0.004580495443218813, new best FoM : 0.004520588767458533
06/05/2022 02:57:16.239 - oc_logger - INFO - Function evaluation number: 189, SI: 1, Sub-iteration number: 119, FoM: 0.004520588767458533
06/05/2022 02:57:16.369 - oc_logger - INFO - New record achieved. Previous FoM: 0.004520588767458533, new best FoM : 0.004500247129417212
06/05/2022 02:57:16.369 - oc_logger - INFO - Function evaluation number: 190, SI: 1, Sub-iteration number: 119, FoM: 0.004500247129417212
06/05/2022 02:57:16.497 - oc_logger - INFO - Function evaluation number: 191, SI: 1, Sub-iteration number: 120, FoM: 0.004514328967495818
06/05/2022 02:57:16.620 - oc_logger - INFO - Function evaluation number: 192, SI: 1, Sub-iteration number: 121, FoM: 0.004554515169913009
06/05/2022 02:57:16.746 - oc_logger - INFO - New record achieved. Previous FoM: 0.004500247129417212, new best FoM : 0.004497435485333212
06/05/2022 02:57:16.747 - oc_logger - INFO - Function evaluation number: 193, SI: 1, Sub-iteration number: 122, FoM: 0.004497435485333212
06/05/2022 02:57:16.881 - oc_logger - INFO - New record achieved. Previous FoM: 0.004497435485333212, new best FoM : 0.004480780115705074
06/05/2022 02:57:16.881 - oc_logger - INFO - Function evaluation number: 194, SI: 1, Sub-iteration number: 122, FoM: 0.004480780115705074
06/05/2022 02:57:17.011 - oc_logger - INFO - Function evaluation number: 195, SI: 1, Sub-iteration number: 123, FoM: 0.004516293359592138
06/05/2022 02:57:17.141 - oc_logger - INFO - New record achieved. Previous FoM: 0.004480780115705074, new best FoM : 0.004459547757718285
06/05/2022 02:57:17.141 - oc_logger - INFO - Function evaluation number: 196, SI: 1, Sub-iteration number: 124, FoM: 0.004459547757718285
06/05/2022 02:57:17.276 - oc_logger - INFO - New record achieved. Previous FoM: 0.004459547757718285, new best FoM : 0.00445029252964424
06/05/2022 02:57:17.276 - oc_logger - INFO - Function evaluation number: 197, SI: 1, Sub-iteration number: 124, FoM: 0.00445029252964424
06/05/2022 02:57:17.402 - oc_logger - INFO - New record achieved. Previous FoM: 0.00445029252964424, new best FoM : 0.004400227441059834
06/05/2022 02:57:17.402 - oc_logger - INFO - Function evaluation number: 198, SI: 1, Sub-iteration number: 125, FoM: 0.004400227441059834
06/05/2022 02:57:17.532 - oc_logger - INFO - New record achieved. Previous FoM: 0.004400227441059834, new best FoM : 0.004371445596816348
06/05/2022 02:57:17.532 - oc_logger - INFO - Function evaluation number: 199, SI: 1, Sub-iteration number: 125, FoM: 0.004371445596816348
06/05/2022 02:57:17.668 - oc_logger - INFO - Function evaluation number: 200, SI: 1, Sub-iteration number: 126, FoM: 0.004443463949770132
06/05/2022 02:57:17.798 - oc_logger - INFO - Function evaluation number: 201, SI: 1, Sub-iteration number: 127, FoM: 0.004381641555339932
06/05/2022 02:57:17.919 - oc_logger - INFO - New record achieved. Previous FoM: 0.004371445596816348, new best FoM : 0.0043654107238289
06/05/2022 02:57:17.919 - oc_logger - INFO - Function evaluation number: 202, SI: 1, Sub-iteration number: 128, FoM: 0.0043654107238289
06/05/2022 02:57:18.054 - oc_logger - INFO - New record achieved. Previous FoM: 0.0043654107238289, new best FoM : 0.004342049320339658
06/05/2022 02:57:18.054 - oc_logger - INFO - Function evaluation number: 203, SI: 1, Sub-iteration number: 128, FoM: 0.004342049320339658
06/05/2022 02:57:18.190 - oc_logger - INFO - Function evaluation number: 204, SI: 1, Sub-iteration number: 129, FoM: 0.004356913788080674
06/05/2022 02:57:18.316 - oc_logger - INFO - New record achieved. Previous FoM: 0.004342049320339658, new best FoM : 0.004303620485737514
06/05/2022 02:57:18.316 - oc_logger - INFO - Function evaluation number: 205, SI: 1, Sub-iteration number: 130, FoM: 0.004303620485737514
06/05/2022 02:57:18.443 - oc_logger - INFO - New record achieved. Previous FoM: 0.004303620485737514, new best FoM : 0.004276487773810844
06/05/2022 02:57:18.443 - oc_logger - INFO - Function evaluation number: 206, SI: 1, Sub-iteration number: 130, FoM: 0.004276487773810844
06/05/2022 02:57:18.572 - oc_logger - INFO - New record achieved. Previous FoM: 0.004276487773810844, new best FoM : 0.004244917985210428
06/05/2022 02:57:18.573 - oc_logger - INFO - Function evaluation number: 207, SI: 1, Sub-iteration number: 131, FoM: 0.004244917985210428
06/05/2022 02:57:18.705 - oc_logger - INFO - New record achieved. Previous FoM: 0.004244917985210428, new best FoM : 0.004219905842401173
06/05/2022 02:57:18.705 - oc_logger - INFO - Function evaluation number: 208, SI: 1, Sub-iteration number: 131, FoM: 0.004219905842401173
06/05/2022 02:57:18.838 - oc_logger - INFO - New record achieved. Previous FoM: 0.004219905842401173, new best FoM : 0.004212431646464232
06/05/2022 02:57:18.839 - oc_logger - INFO - Function evaluation number: 209, SI: 1, Sub-iteration number: 132, FoM: 0.004212431646464232
06/05/2022 02:57:18.967 - oc_logger - INFO - New record achieved. Previous FoM: 0.004212431646464232, new best FoM : 0.004186881421292865
06/05/2022 02:57:18.967 - oc_logger - INFO - Function evaluation number: 210, SI: 1, Sub-iteration number: 132, FoM: 0.004186881421292865
06/05/2022 02:57:19.096 - oc_logger - INFO - Function evaluation number: 211, SI: 1, Sub-iteration number: 133, FoM: 0.0041936997270872745
06/05/2022 02:57:19.222 - oc_logger - INFO - New record achieved. Previous FoM: 0.004186881421292865, new best FoM : 0.0041855644814100534
06/05/2022 02:57:19.222 - oc_logger - INFO - Function evaluation number: 212, SI: 1, Sub-iteration number: 134, FoM: 0.0041855644814100534
06/05/2022 02:57:19.348 - oc_logger - INFO - New record achieved. Previous FoM: 0.0041855644814100534, new best FoM : 0.004176009349775134
06/05/2022 02:57:19.348 - oc_logger - INFO - Function evaluation number: 213, SI: 1, Sub-iteration number: 134, FoM: 0.004176009349775134
06/05/2022 02:57:19.468 - oc_logger - INFO - New record achieved. Previous FoM: 0.004176009349775134, new best FoM : 0.004170947419367521
06/05/2022 02:57:19.468 - oc_logger - INFO - Function evaluation number: 214, SI: 1, Sub-iteration number: 135, FoM: 0.004170947419367521
06/05/2022 02:57:19.601 - oc_logger - INFO - New record achieved. Previous FoM: 0.004170947419367521, new best FoM : 0.004155181001236685
06/05/2022 02:57:19.601 - oc_logger - INFO - Function evaluation number: 215, SI: 1, Sub-iteration number: 135, FoM: 0.004155181001236685
06/05/2022 02:57:19.735 - oc_logger - INFO - New record achieved. Previous FoM: 0.004155181001236685, new best FoM : 0.004079099169227329
06/05/2022 02:57:19.735 - oc_logger - INFO - Function evaluation number: 216, SI: 1, Sub-iteration number: 136, FoM: 0.004079099169227329
06/05/2022 02:57:19.868 - oc_logger - INFO - New record achieved. Previous FoM: 0.004079099169227329, new best FoM : 0.004047138653995308
06/05/2022 02:57:19.868 - oc_logger - INFO - Function evaluation number: 217, SI: 1, Sub-iteration number: 136, FoM: 0.004047138653995308
06/05/2022 02:57:19.995 - oc_logger - INFO - New record achieved. Previous FoM: 0.004047138653995308, new best FoM : 0.004036460279608134
06/05/2022 02:57:19.996 - oc_logger - INFO - Function evaluation number: 218, SI: 1, Sub-iteration number: 137, FoM: 0.004036460279608134
06/05/2022 02:57:20.121 - oc_logger - INFO - New record achieved. Previous FoM: 0.004036460279608134, new best FoM : 0.0040061787891949585
06/05/2022 02:57:20.122 - oc_logger - INFO - Function evaluation number: 219, SI: 1, Sub-iteration number: 137, FoM: 0.0040061787891949585
06/05/2022 02:57:20.252 - oc_logger - INFO - New record achieved. Previous FoM: 0.0040061787891949585, new best FoM : 0.004004057103872971
06/05/2022 02:57:20.252 - oc_logger - INFO - Function evaluation number: 220, SI: 1, Sub-iteration number: 138, FoM: 0.004004057103872971
06/05/2022 02:57:20.384 - oc_logger - INFO - New record achieved. Previous FoM: 0.004004057103872971, new best FoM : 0.003976347538331204
06/05/2022 02:57:20.385 - oc_logger - INFO - Function evaluation number: 221, SI: 1, Sub-iteration number: 138, FoM: 0.003976347538331204
06/05/2022 02:57:20.522 - oc_logger - INFO - New record achieved. Previous FoM: 0.003976347538331204, new best FoM : 0.003969038318599183
06/05/2022 02:57:20.522 - oc_logger - INFO - Function evaluation number: 222, SI: 1, Sub-iteration number: 139, FoM: 0.003969038318599183
06/05/2022 02:57:20.646 - oc_logger - INFO - New record achieved. Previous FoM: 0.003969038318599183, new best FoM : 0.00393152486723658
06/05/2022 02:57:20.646 - oc_logger - INFO - Function evaluation number: 223, SI: 1, Sub-iteration number: 139, FoM: 0.00393152486723658
06/05/2022 02:57:20.778 - oc_logger - INFO - Function evaluation number: 224, SI: 1, Sub-iteration number: 140, FoM: 0.003979582935077497
06/05/2022 02:57:20.903 - oc_logger - INFO - New record achieved. Previous FoM: 0.00393152486723658, new best FoM : 0.0039091694050265025
06/05/2022 02:57:20.904 - oc_logger - INFO - Function evaluation number: 225, SI: 1, Sub-iteration number: 141, FoM: 0.0039091694050265025
06/05/2022 02:57:21.038 - oc_logger - INFO - New record achieved. Previous FoM: 0.0039091694050265025, new best FoM : 0.0038752668203961838
06/05/2022 02:57:21.038 - oc_logger - INFO - Function evaluation number: 226, SI: 1, Sub-iteration number: 141, FoM: 0.0038752668203961838
06/05/2022 02:57:21.167 - oc_logger - INFO - New record achieved. Previous FoM: 0.0038752668203961838, new best FoM : 0.0038416542016201927
06/05/2022 02:57:21.167 - oc_logger - INFO - Function evaluation number: 227, SI: 1, Sub-iteration number: 142, FoM: 0.0038416542016201927
06/05/2022 02:57:21.299 - oc_logger - INFO - New record achieved. Previous FoM: 0.0038416542016201927, new best FoM : 0.003795706561951162
06/05/2022 02:57:21.299 - oc_logger - INFO - Function evaluation number: 228, SI: 1, Sub-iteration number: 142, FoM: 0.003795706561951162
06/05/2022 02:57:21.430 - oc_logger - INFO - Function evaluation number: 229, SI: 1, Sub-iteration number: 143, FoM: 0.003824565985667605
06/05/2022 02:57:21.549 - oc_logger - INFO - New record achieved. Previous FoM: 0.003795706561951162, new best FoM : 0.0037143182973686795
06/05/2022 02:57:21.549 - oc_logger - INFO - Function evaluation number: 230, SI: 1, Sub-iteration number: 144, FoM: 0.0037143182973686795
06/05/2022 02:57:21.673 - oc_logger - INFO - New record achieved. Previous FoM: 0.0037143182973686795, new best FoM : 0.0036685938108291793
06/05/2022 02:57:21.673 - oc_logger - INFO - Function evaluation number: 231, SI: 1, Sub-iteration number: 144, FoM: 0.0036685938108291793
06/05/2022 02:57:21.808 - oc_logger - INFO - Function evaluation number: 232, SI: 1, Sub-iteration number: 145, FoM: 0.0036884431337811385
06/05/2022 02:57:21.939 - oc_logger - INFO - New record achieved. Previous FoM: 0.0036685938108291793, new best FoM : 0.0036358234141110612
06/05/2022 02:57:21.939 - oc_logger - INFO - Function evaluation number: 233, SI: 1, Sub-iteration number: 146, FoM: 0.0036358234141110612
06/05/2022 02:57:22.065 - oc_logger - INFO - New record achieved. Previous FoM: 0.0036358234141110612, new best FoM : 0.0035933986351420755
06/05/2022 02:57:22.065 - oc_logger - INFO - Function evaluation number: 234, SI: 1, Sub-iteration number: 146, FoM: 0.0035933986351420755
06/05/2022 02:57:22.196 - oc_logger - INFO - Function evaluation number: 235, SI: 1, Sub-iteration number: 147, FoM: 0.003652501783162121
06/05/2022 02:57:22.326 - oc_logger - INFO - New record achieved. Previous FoM: 0.0035933986351420755, new best FoM : 0.0035757558145160795
06/05/2022 02:57:22.327 - oc_logger - INFO - Function evaluation number: 236, SI: 1, Sub-iteration number: 148, FoM: 0.0035757558145160795
06/05/2022 02:57:22.458 - oc_logger - INFO - New record achieved. Previous FoM: 0.0035757558145160795, new best FoM : 0.003564201407754708
06/05/2022 02:57:22.458 - oc_logger - INFO - Function evaluation number: 237, SI: 1, Sub-iteration number: 148, FoM: 0.003564201407754708
06/05/2022 02:57:22.583 - oc_logger - INFO - New record achieved. Previous FoM: 0.003564201407754708, new best FoM : 0.0034994416125095906
06/05/2022 02:57:22.583 - oc_logger - INFO - Function evaluation number: 238, SI: 1, Sub-iteration number: 149, FoM: 0.0034994416125095906
06/05/2022 02:57:22.710 - oc_logger - INFO - New record achieved. Previous FoM: 0.0034994416125095906, new best FoM : 0.003470396803017306
06/05/2022 02:57:22.710 - oc_logger - INFO - Function evaluation number: 239, SI: 1, Sub-iteration number: 149, FoM: 0.003470396803017306
06/05/2022 02:57:22.834 - oc_logger - INFO - Function evaluation number: 240, SI: 1, Sub-iteration number: 150, FoM: 0.003509318835877129
06/05/2022 02:57:22.962 - oc_logger - INFO - New record achieved. Previous FoM: 0.003470396803017306, new best FoM : 0.003430161450538649
06/05/2022 02:57:22.962 - oc_logger - INFO - Function evaluation number: 241, SI: 1, Sub-iteration number: 151, FoM: 0.003430161450538649
06/05/2022 02:57:23.090 - oc_logger - INFO - New record achieved. Previous FoM: 0.003430161450538649, new best FoM : 0.0033986064164965857
06/05/2022 02:57:23.090 - oc_logger - INFO - Function evaluation number: 242, SI: 1, Sub-iteration number: 151, FoM: 0.0033986064164965857
06/05/2022 02:57:23.221 - oc_logger - INFO - Function evaluation number: 243, SI: 1, Sub-iteration number: 152, FoM: 0.0034409407588646967
06/05/2022 02:57:23.354 - oc_logger - INFO - Function evaluation number: 244, SI: 1, Sub-iteration number: 153, FoM: 0.0034192579094094455
06/05/2022 02:57:23.481 - oc_logger - INFO - New record achieved. Previous FoM: 0.0033986064164965857, new best FoM : 0.00339420913516697
06/05/2022 02:57:23.482 - oc_logger - INFO - Function evaluation number: 245, SI: 1, Sub-iteration number: 154, FoM: 0.00339420913516697
06/05/2022 02:57:23.616 - oc_logger - INFO - New record achieved. Previous FoM: 0.00339420913516697, new best FoM : 0.0033848940077262357
06/05/2022 02:57:23.616 - oc_logger - INFO - Function evaluation number: 246, SI: 1, Sub-iteration number: 154, FoM: 0.0033848940077262357
06/05/2022 02:57:23.742 - oc_logger - INFO - Function evaluation number: 247, SI: 1, Sub-iteration number: 155, FoM: 0.0034108099822780513
06/05/2022 02:57:23.875 - oc_logger - INFO - New record achieved. Previous FoM: 0.0033848940077262357, new best FoM : 0.003379090280287045
06/05/2022 02:57:23.875 - oc_logger - INFO - Function evaluation number: 248, SI: 1, Sub-iteration number: 156, FoM: 0.003379090280287045
06/05/2022 02:57:24.002 - oc_logger - INFO - New record achieved. Previous FoM: 0.003379090280287045, new best FoM : 0.0033744883070117027
06/05/2022 02:57:24.002 - oc_logger - INFO - Function evaluation number: 249, SI: 1, Sub-iteration number: 156, FoM: 0.0033744883070117027
06/05/2022 02:57:24.134 - oc_logger - INFO - New record achieved. Previous FoM: 0.0033744883070117027, new best FoM : 0.00331491434138953
06/05/2022 02:57:24.134 - oc_logger - INFO - Function evaluation number: 250, SI: 1, Sub-iteration number: 157, FoM: 0.00331491434138953
06/05/2022 02:57:24.258 - oc_logger - INFO - New record achieved. Previous FoM: 0.00331491434138953, new best FoM : 0.0032978327917566608
06/05/2022 02:57:24.258 - oc_logger - INFO - Function evaluation number: 251, SI: 1, Sub-iteration number: 157, FoM: 0.0032978327917566608
06/05/2022 02:57:24.386 - oc_logger - INFO - Function evaluation number: 252, SI: 1, Sub-iteration number: 158, FoM: 0.003313735430459097
06/05/2022 02:57:24.519 - oc_logger - INFO - Function evaluation number: 253, SI: 1, Sub-iteration number: 159, FoM: 0.0033048982486979517
06/05/2022 02:57:24.646 - oc_logger - INFO - Function evaluation number: 254, SI: 1, Sub-iteration number: 160, FoM: 0.003316253018070481
06/05/2022 02:57:24.777 - oc_logger - INFO - Function evaluation number: 255, SI: 1, Sub-iteration number: 161, FoM: 0.003310460933012682
06/05/2022 02:57:24.899 - oc_logger - INFO - New record achieved. Previous FoM: 0.0032978327917566608, new best FoM : 0.0032821926751516184
06/05/2022 02:57:24.900 - oc_logger - INFO - Function evaluation number: 256, SI: 1, Sub-iteration number: 162, FoM: 0.0032821926751516184
06/05/2022 02:57:25.023 - oc_logger - INFO - New record achieved. Previous FoM: 0.0032821926751516184, new best FoM : 0.00327152783503859
06/05/2022 02:57:25.023 - oc_logger - INFO - Function evaluation number: 257, SI: 1, Sub-iteration number: 162, FoM: 0.00327152783503859
06/05/2022 02:57:25.156 - oc_logger - INFO - Function evaluation number: 258, SI: 1, Sub-iteration number: 163, FoM: 0.0033500863662601077
06/05/2022 02:57:25.279 - oc_logger - INFO - Function evaluation number: 259, SI: 1, Sub-iteration number: 164, FoM: 0.0032875872546888063
06/05/2022 02:57:25.408 - oc_logger - INFO - New record achieved. Previous FoM: 0.00327152783503859, new best FoM : 0.003235098168542838
06/05/2022 02:57:25.408 - oc_logger - INFO - Function evaluation number: 260, SI: 1, Sub-iteration number: 165, FoM: 0.003235098168542838
06/05/2022 02:57:25.542 - oc_logger - INFO - New record achieved. Previous FoM: 0.003235098168542838, new best FoM : 0.0032329686114861422
06/05/2022 02:57:25.542 - oc_logger - INFO - Function evaluation number: 261, SI: 1, Sub-iteration number: 165, FoM: 0.0032329686114861422
06/05/2022 02:57:25.676 - oc_logger - INFO - Function evaluation number: 262, SI: 1, Sub-iteration number: 166, FoM: 0.003267363302173587
06/05/2022 02:57:25.799 - oc_logger - INFO - Function evaluation number: 263, SI: 1, Sub-iteration number: 167, FoM: 0.003272767825677869
06/05/2022 02:57:25.921 - oc_logger - INFO - New record achieved. Previous FoM: 0.0032329686114861422, new best FoM : 0.0032262810103982353
06/05/2022 02:57:25.921 - oc_logger - INFO - Function evaluation number: 264, SI: 1, Sub-iteration number: 168, FoM: 0.0032262810103982353
06/05/2022 02:57:26.044 - oc_logger - INFO - New record achieved. Previous FoM: 0.0032262810103982353, new best FoM : 0.003217646453861911
06/05/2022 02:57:26.044 - oc_logger - INFO - Function evaluation number: 265, SI: 1, Sub-iteration number: 168, FoM: 0.003217646453861911
06/05/2022 02:57:26.174 - oc_logger - INFO - Function evaluation number: 266, SI: 1, Sub-iteration number: 169, FoM: 0.003234998931919475
06/05/2022 02:57:26.305 - oc_logger - INFO - New record achieved. Previous FoM: 0.003217646453861911, new best FoM : 0.003210779862080182
06/05/2022 02:57:26.305 - oc_logger - INFO - Function evaluation number: 267, SI: 1, Sub-iteration number: 170, FoM: 0.003210779862080182
06/05/2022 02:57:26.431 - oc_logger - INFO - New record achieved. Previous FoM: 0.003210779862080182, new best FoM : 0.0032104571393731796
06/05/2022 02:57:26.431 - oc_logger - INFO - Function evaluation number: 268, SI: 1, Sub-iteration number: 170, FoM: 0.0032104571393731796
06/05/2022 02:57:26.562 - oc_logger - INFO - New record achieved. Previous FoM: 0.0032104571393731796, new best FoM : 0.003206797584869081
06/05/2022 02:57:26.562 - oc_logger - INFO - Function evaluation number: 269, SI: 1, Sub-iteration number: 171, FoM: 0.003206797584869081
06/05/2022 02:57:26.691 - oc_logger - INFO - Function evaluation number: 270, SI: 1, Sub-iteration number: 171, FoM: 0.0032094301783187618
06/05/2022 02:57:26.822 - oc_logger - INFO - Function evaluation number: 271, SI: 1, Sub-iteration number: 172, FoM: 0.003285809487369895
06/05/2022 02:57:26.960 - oc_logger - INFO - Function evaluation number: 272, SI: 1, Sub-iteration number: 172, FoM: 0.0032570346204884304
06/05/2022 02:57:27.077 - oc_logger - INFO - Function evaluation number: 273, SI: 1, Sub-iteration number: 173, FoM: 0.003217760473444242
06/05/2022 02:57:27.208 - oc_logger - INFO - Function evaluation number: 274, SI: 1, Sub-iteration number: 174, FoM: 0.0032378332176667968
06/05/2022 02:57:27.332 - oc_logger - INFO - Function evaluation number: 275, SI: 1, Sub-iteration number: 175, FoM: 0.003215738706591198
06/05/2022 02:57:27.466 - oc_logger - INFO - Function evaluation number: 276, SI: 1, Sub-iteration number: 176, FoM: 0.0032133558928963968
06/05/2022 02:57:27.598 - oc_logger - INFO - Function evaluation number: 277, SI: 1, Sub-iteration number: 177, FoM: 0.0032435273663733444
06/05/2022 02:57:27.734 - oc_logger - INFO - Function evaluation number: 278, SI: 1, Sub-iteration number: 177, FoM: 0.003228364745942458
06/05/2022 02:57:27.869 - oc_logger - INFO - Function evaluation number: 279, SI: 1, Sub-iteration number: 178, FoM: 0.0032233605620741734
06/05/2022 02:57:27.996 - oc_logger - INFO - Function evaluation number: 280, SI: 1, Sub-iteration number: 179, FoM: 0.0032088738678947015
06/05/2022 02:57:28.132 - oc_logger - INFO - New record achieved. Previous FoM: 0.003206797584869081, new best FoM : 0.0031975554042839027
06/05/2022 02:57:28.132 - oc_logger - INFO - Function evaluation number: 281, SI: 1, Sub-iteration number: 180, FoM: 0.0031975554042839027
06/05/2022 02:57:28.262 - oc_logger - INFO - Function evaluation number: 282, SI: 1, Sub-iteration number: 180, FoM: 0.0031975745406027656
06/05/2022 02:57:28.395 - oc_logger - INFO - Function evaluation number: 283, SI: 1, Sub-iteration number: 181, FoM: 0.0032047605315185246
06/05/2022 02:57:28.521 - oc_logger - INFO - Function evaluation number: 284, SI: 1, Sub-iteration number: 182, FoM: 0.00320388387672077
06/05/2022 02:57:28.649 - oc_logger - INFO - Function evaluation number: 285, SI: 1, Sub-iteration number: 183, FoM: 0.003206628545314949
06/05/2022 02:57:28.771 - oc_logger - INFO - New record achieved. Previous FoM: 0.0031975554042839027, new best FoM : 0.003193561903595432
06/05/2022 02:57:28.771 - oc_logger - INFO - Function evaluation number: 286, SI: 1, Sub-iteration number: 184, FoM: 0.003193561903595432
06/05/2022 02:57:28.896 - oc_logger - INFO - Function evaluation number: 287, SI: 1, Sub-iteration number: 184, FoM: 0.003198611233516835
06/05/2022 02:57:29.022 - oc_logger - INFO - Function evaluation number: 288, SI: 1, Sub-iteration number: 185, FoM: 0.00320476357592836
06/05/2022 02:57:29.146 - oc_logger - INFO - New record achieved. Previous FoM: 0.003193561903595432, new best FoM : 0.00318495057324808
06/05/2022 02:57:29.146 - oc_logger - INFO - Function evaluation number: 289, SI: 1, Sub-iteration number: 186, FoM: 0.00318495057324808
06/05/2022 02:57:29.271 - oc_logger - INFO - New record achieved. Previous FoM: 0.00318495057324808, new best FoM : 0.0031823063298931364
06/05/2022 02:57:29.271 - oc_logger - INFO - Function evaluation number: 290, SI: 1, Sub-iteration number: 186, FoM: 0.0031823063298931364
06/05/2022 02:57:29.396 - oc_logger - INFO - Function evaluation number: 291, SI: 1, Sub-iteration number: 187, FoM: 0.003217011831573857
06/05/2022 02:57:29.528 - oc_logger - INFO - Function evaluation number: 292, SI: 1, Sub-iteration number: 187, FoM: 0.0032036614889666692
06/05/2022 02:57:29.667 - oc_logger - INFO - New record achieved. Previous FoM: 0.0031823063298931364, new best FoM : 0.0031771373395557134
06/05/2022 02:57:29.668 - oc_logger - INFO - Function evaluation number: 293, SI: 1, Sub-iteration number: 188, FoM: 0.0031771373395557134
06/05/2022 02:57:29.804 - oc_logger - INFO - New record achieved. Previous FoM: 0.0031771373395557134, new best FoM : 0.0031734745670630726
06/05/2022 02:57:29.804 - oc_logger - INFO - Function evaluation number: 294, SI: 1, Sub-iteration number: 188, FoM: 0.0031734745670630726
06/05/2022 02:57:29.932 - oc_logger - INFO - Function evaluation number: 295, SI: 1, Sub-iteration number: 189, FoM: 0.0032147182467900937
06/05/2022 02:57:30.065 - oc_logger - INFO - Function evaluation number: 296, SI: 1, Sub-iteration number: 189, FoM: 0.003200689620882713
06/05/2022 02:57:30.194 - oc_logger - INFO - Function evaluation number: 297, SI: 1, Sub-iteration number: 190, FoM: 0.003200521941337242
06/05/2022 02:57:30.327 - oc_logger - INFO - Function evaluation number: 298, SI: 1, Sub-iteration number: 191, FoM: 0.0031890016218558692
06/05/2022 02:57:30.454 - oc_logger - INFO - Function evaluation number: 299, SI: 1, Sub-iteration number: 192, FoM: 0.003191131799229474
06/05/2022 02:57:30.584 - oc_logger - INFO - Function evaluation number: 300, SI: 1, Sub-iteration number: 193, FoM: 0.0031942867231399275
06/05/2022 02:57:30.718 - oc_logger - INFO - Function evaluation number: 301, SI: 1, Sub-iteration number: 194, FoM: 0.003199225102260561
06/05/2022 02:57:30.856 - oc_logger - INFO - Function evaluation number: 302, SI: 1, Sub-iteration number: 195, FoM: 0.0031751925659688762
06/05/2022 02:57:30.987 - oc_logger - INFO - Function evaluation number: 303, SI: 1, Sub-iteration number: 196, FoM: 0.003197521829281791
06/05/2022 02:57:31.119 - oc_logger - INFO - Function evaluation number: 304, SI: 1, Sub-iteration number: 197, FoM: 0.00317401211875179
06/05/2022 02:57:31.252 - oc_logger - INFO - Function evaluation number: 305, SI: 1, Sub-iteration number: 198, FoM: 0.003183313973930346
06/05/2022 02:57:31.385 - oc_logger - INFO - Function evaluation number: 306, SI: 1, Sub-iteration number: 199, FoM: 0.0031866490855060325
06/05/2022 02:57:31.518 - oc_logger - INFO - New record achieved. Previous FoM: 0.0031734745670630726, new best FoM : 0.0031732383666795982
06/05/2022 02:57:31.518 - oc_logger - INFO - Function evaluation number: 307, SI: 1, Sub-iteration number: 200, FoM: 0.0031732383666795982
06/05/2022 02:57:31.660 - oc_logger - INFO - New record achieved. Previous FoM: 0.0031732383666795982, new best FoM : 0.003171240708221945
06/05/2022 02:57:31.660 - oc_logger - INFO - Function evaluation number: 308, SI: 1, Sub-iteration number: 200, FoM: 0.003171240708221945
06/05/2022 02:57:31.786 - oc_logger - INFO - New record achieved. Previous FoM: 0.003171240708221945, new best FoM : 0.003162109173364902
06/05/2022 02:57:31.786 - oc_logger - INFO - Function evaluation number: 309, SI: 1, Sub-iteration number: 201, FoM: 0.003162109173364902
06/05/2022 02:57:31.911 - oc_logger - INFO - New record achieved. Previous FoM: 0.003162109173364902, new best FoM : 0.0031590355614075083
06/05/2022 02:57:31.911 - oc_logger - INFO - Function evaluation number: 310, SI: 1, Sub-iteration number: 201, FoM: 0.0031590355614075083
06/05/2022 02:57:32.041 - oc_logger - INFO - Function evaluation number: 311, SI: 1, Sub-iteration number: 202, FoM: 0.0031721864978950798
06/05/2022 02:57:32.173 - oc_logger - INFO - Function evaluation number: 312, SI: 1, Sub-iteration number: 203, FoM: 0.0031643010479295297
06/05/2022 02:57:32.322 - oc_logger - INFO - Function evaluation number: 313, SI: 1, Sub-iteration number: 204, FoM: 0.0031725257467483114
06/05/2022 02:57:32.446 - oc_logger - INFO - New record achieved. Previous FoM: 0.0031590355614075083, new best FoM : 0.003148969838041693
06/05/2022 02:57:32.446 - oc_logger - INFO - Function evaluation number: 314, SI: 1, Sub-iteration number: 205, FoM: 0.003148969838041693
06/05/2022 02:57:32.581 - oc_logger - INFO - New record achieved. Previous FoM: 0.003148969838041693, new best FoM : 0.0031470440029551794
06/05/2022 02:57:32.581 - oc_logger - INFO - Function evaluation number: 315, SI: 1, Sub-iteration number: 205, FoM: 0.0031470440029551794
06/05/2022 02:57:32.717 - oc_logger - INFO - Function evaluation number: 316, SI: 1, Sub-iteration number: 206, FoM: 0.003148358061166423
06/05/2022 02:57:32.845 - oc_logger - INFO - New record achieved. Previous FoM: 0.0031470440029551794, new best FoM : 0.0031448164132512613
06/05/2022 02:57:32.845 - oc_logger - INFO - Function evaluation number: 317, SI: 1, Sub-iteration number: 207, FoM: 0.0031448164132512613
06/05/2022 02:57:32.974 - oc_logger - INFO - New record achieved. Previous FoM: 0.0031448164132512613, new best FoM : 0.0031425163227646324
06/05/2022 02:57:32.975 - oc_logger - INFO - Function evaluation number: 318, SI: 1, Sub-iteration number: 207, FoM: 0.0031425163227646324
06/05/2022 02:57:33.104 - oc_logger - INFO - New record achieved. Previous FoM: 0.0031425163227646324, new best FoM : 0.0031361953213792093
06/05/2022 02:57:33.104 - oc_logger - INFO - Function evaluation number: 319, SI: 1, Sub-iteration number: 208, FoM: 0.0031361953213792093
06/05/2022 02:57:33.234 - oc_logger - INFO - New record achieved. Previous FoM: 0.0031361953213792093, new best FoM : 0.0031315373045598394
06/05/2022 02:57:33.234 - oc_logger - INFO - Function evaluation number: 320, SI: 1, Sub-iteration number: 208, FoM: 0.0031315373045598394
06/05/2022 02:57:33.368 - oc_logger - INFO - Function evaluation number: 321, SI: 1, Sub-iteration number: 209, FoM: 0.003143390643340571
06/05/2022 02:57:33.489 - oc_logger - INFO - Function evaluation number: 322, SI: 1, Sub-iteration number: 210, FoM: 0.0031387047532551726
06/05/2022 02:57:33.615 - oc_logger - INFO - Function evaluation number: 323, SI: 1, Sub-iteration number: 211, FoM: 0.0031633550066643146
06/05/2022 02:57:33.743 - oc_logger - INFO - New record achieved. Previous FoM: 0.0031315373045598394, new best FoM : 0.003125641881715935
06/05/2022 02:57:33.743 - oc_logger - INFO - Function evaluation number: 324, SI: 1, Sub-iteration number: 212, FoM: 0.003125641881715935
06/05/2022 02:57:33.876 - oc_logger - INFO - New record achieved. Previous FoM: 0.003125641881715935, new best FoM : 0.0031225626525082095
06/05/2022 02:57:33.876 - oc_logger - INFO - Function evaluation number: 325, SI: 1, Sub-iteration number: 212, FoM: 0.0031225626525082095
06/05/2022 02:57:34.001 - oc_logger - INFO - Function evaluation number: 326, SI: 1, Sub-iteration number: 213, FoM: 0.0031639373417730043
06/05/2022 02:57:34.122 - oc_logger - INFO - Function evaluation number: 327, SI: 1, Sub-iteration number: 213, FoM: 0.0031495467705878744
06/05/2022 02:57:34.250 - oc_logger - INFO - New record achieved. Previous FoM: 0.0031225626525082095, new best FoM : 0.0031118225023850643
06/05/2022 02:57:34.250 - oc_logger - INFO - Function evaluation number: 328, SI: 1, Sub-iteration number: 214, FoM: 0.0031118225023850643
06/05/2022 02:57:34.381 - oc_logger - INFO - New record achieved. Previous FoM: 0.0031118225023850643, new best FoM : 0.003106230907785168
06/05/2022 02:57:34.381 - oc_logger - INFO - Function evaluation number: 329, SI: 1, Sub-iteration number: 214, FoM: 0.003106230907785168
06/05/2022 02:57:34.516 - oc_logger - INFO - Function evaluation number: 330, SI: 1, Sub-iteration number: 215, FoM: 0.0031428431197864093
06/05/2022 02:57:34.649 - oc_logger - INFO - Function evaluation number: 331, SI: 1, Sub-iteration number: 216, FoM: 0.0031202166706429946
06/05/2022 02:57:34.810 - oc_logger - INFO - Function evaluation number: 332, SI: 1, Sub-iteration number: 217, FoM: 0.0031123212906312148
06/05/2022 02:57:34.944 - oc_logger - INFO - Function evaluation number: 333, SI: 1, Sub-iteration number: 218, FoM: 0.0031245157130975754
06/05/2022 02:57:35.071 - oc_logger - INFO - Function evaluation number: 334, SI: 1, Sub-iteration number: 219, FoM: 0.003115862575322703
06/05/2022 02:57:35.203 - oc_logger - INFO - New record achieved. Previous FoM: 0.003106230907785168, new best FoM : 0.0030985610269782526
06/05/2022 02:57:35.203 - oc_logger - INFO - Function evaluation number: 335, SI: 1, Sub-iteration number: 220, FoM: 0.0030985610269782526
06/05/2022 02:57:35.337 - oc_logger - INFO - New record achieved. Previous FoM: 0.0030985610269782526, new best FoM : 0.003093404272090483
06/05/2022 02:57:35.337 - oc_logger - INFO - Function evaluation number: 336, SI: 1, Sub-iteration number: 220, FoM: 0.003093404272090483
06/05/2022 02:57:35.468 - oc_logger - INFO - New record achieved. Previous FoM: 0.003093404272090483, new best FoM : 0.0030899655992743247
06/05/2022 02:57:35.468 - oc_logger - INFO - Function evaluation number: 337, SI: 1, Sub-iteration number: 221, FoM: 0.0030899655992743247
06/05/2022 02:57:35.596 - oc_logger - INFO - New record achieved. Previous FoM: 0.0030899655992743247, new best FoM : 0.003084120015971359
06/05/2022 02:57:35.596 - oc_logger - INFO - Function evaluation number: 338, SI: 1, Sub-iteration number: 221, FoM: 0.003084120015971359
06/05/2022 02:57:35.720 - oc_logger - INFO - Function evaluation number: 339, SI: 1, Sub-iteration number: 222, FoM: 0.0030890164963133238
06/05/2022 02:57:35.849 - oc_logger - INFO - Function evaluation number: 340, SI: 1, Sub-iteration number: 223, FoM: 0.0031029331776970537
06/05/2022 02:57:35.982 - oc_logger - INFO - New record achieved. Previous FoM: 0.003084120015971359, new best FoM : 0.0030773501083301014
06/05/2022 02:57:35.983 - oc_logger - INFO - Function evaluation number: 341, SI: 1, Sub-iteration number: 224, FoM: 0.0030773501083301014
06/05/2022 02:57:36.117 - oc_logger - INFO - New record achieved. Previous FoM: 0.0030773501083301014, new best FoM : 0.00307234753150476
06/05/2022 02:57:36.117 - oc_logger - INFO - Function evaluation number: 342, SI: 1, Sub-iteration number: 224, FoM: 0.00307234753150476
06/05/2022 02:57:36.248 - oc_logger - INFO - New record achieved. Previous FoM: 0.00307234753150476, new best FoM : 0.003069061316405386
06/05/2022 02:57:36.248 - oc_logger - INFO - Function evaluation number: 343, SI: 1, Sub-iteration number: 225, FoM: 0.003069061316405386
06/05/2022 02:57:36.380 - oc_logger - INFO - New record achieved. Previous FoM: 0.003069061316405386, new best FoM : 0.003064594717515634
06/05/2022 02:57:36.380 - oc_logger - INFO - Function evaluation number: 344, SI: 1, Sub-iteration number: 225, FoM: 0.003064594717515634
06/05/2022 02:57:36.512 - oc_logger - INFO - Function evaluation number: 345, SI: 1, Sub-iteration number: 226, FoM: 0.0030683083237221798
06/05/2022 02:57:36.642 - oc_logger - INFO - Function evaluation number: 346, SI: 1, Sub-iteration number: 227, FoM: 0.003069750157130513
06/05/2022 02:57:36.773 - oc_logger - INFO - New record achieved. Previous FoM: 0.003064594717515634, new best FoM : 0.003063735017703628
06/05/2022 02:57:36.773 - oc_logger - INFO - Function evaluation number: 347, SI: 1, Sub-iteration number: 228, FoM: 0.003063735017703628
06/05/2022 02:57:36.907 - oc_logger - INFO - Function evaluation number: 348, SI: 1, Sub-iteration number: 228, FoM: 0.003063735017703628
06/05/2022 02:57:37.039 - oc_logger - INFO - Function evaluation number: 349, SI: 1, Sub-iteration number: 229, FoM: 0.003063735017703628
06/05/2022 02:57:37.171 - oc_logger - INFO - Function evaluation number: 350, SI: 1, Sub-iteration number: 230, FoM: 0.0030649477415091164
06/05/2022 02:57:37.294 - oc_logger - INFO - Function evaluation number: 351, SI: 1, Sub-iteration number: 231, FoM: 0.003063735017703628
06/05/2022 02:57:37.417 - oc_logger - INFO - Function evaluation number: 352, SI: 1, Sub-iteration number: 232, FoM: 0.003063735017703628
06/05/2022 02:57:37.546 - oc_logger - INFO - Function evaluation number: 353, SI: 1, Sub-iteration number: 233, FoM: 0.003063735017703628
06/05/2022 02:57:37.682 - oc_logger - INFO - Function evaluation number: 354, SI: 1, Sub-iteration number: 234, FoM: 0.003063735017703628
06/05/2022 02:57:37.814 - oc_logger - INFO - Function evaluation number: 355, SI: 1, Sub-iteration number: 235, FoM: 0.003063735017703628
06/05/2022 02:57:37.814 - oc_logger - INFO - SI 1 finished - Number of evaluations: 355, Best FoM: 0.003063735017703628, Terminate reason: Convergence of the FoM.

06/05/2022 02:57:37.814 - oc_logger - INFO - Direct search start time has been reset.
06/05/2022 02:57:37.948 - oc_logger - INFO - Function evaluation number: 356, SI: 2, Sub-iteration number: 0, FoM: 0.003063735017703628
06/05/2022 02:57:38.075 - oc_logger - INFO - Function evaluation number: 357, SI: 2, Sub-iteration number: 0, FoM: 0.003063735017703628
06/05/2022 02:57:38.209 - oc_logger - INFO - Function evaluation number: 358, SI: 2, Sub-iteration number: 0, FoM: 0.0030639261859713995
06/05/2022 02:57:38.333 - oc_logger - INFO - Function evaluation number: 359, SI: 2, Sub-iteration number: 0, FoM: 0.003063735017703628
06/05/2022 02:57:38.464 - oc_logger - INFO - Function evaluation number: 360, SI: 2, Sub-iteration number: 0, FoM: 0.003063735017703628
06/05/2022 02:57:38.592 - oc_logger - INFO - Function evaluation number: 361, SI: 2, Sub-iteration number: 0, FoM: 0.003065207305599005
06/05/2022 02:57:38.718 - oc_logger - INFO - Function evaluation number: 362, SI: 2, Sub-iteration number: 0, FoM: 0.003063735017703628
06/05/2022 02:57:38.845 - oc_logger - INFO - Function evaluation number: 363, SI: 2, Sub-iteration number: 0, FoM: 0.0030645315876337564
06/05/2022 02:57:38.971 - oc_logger - INFO - Function evaluation number: 364, SI: 2, Sub-iteration number: 0, FoM: 0.003063735017703628
06/05/2022 02:57:39.094 - oc_logger - INFO - Function evaluation number: 365, SI: 2, Sub-iteration number: 1, FoM: 0.003063735017703628
06/05/2022 02:57:39.095 - oc_logger - INFO - SI 2 finished - Number of evaluations: 10, Best FoM: 0.003063735017703628, Terminate reason: Convergence of the FoM.

06/05/2022 02:57:39.095 - oc_logger - INFO - Direct search start time has been reset.
06/05/2022 02:57:39.223 - oc_logger - INFO - Function evaluation number: 366, SI: 3, Sub-iteration number: 0, FoM: 0.003063735017703628
06/05/2022 02:57:39.352 - oc_logger - INFO - Function evaluation number: 367, SI: 3, Sub-iteration number: 0, FoM: 0.003063735017703628
06/05/2022 02:57:39.483 - oc_logger - INFO - Function evaluation number: 368, SI: 3, Sub-iteration number: 0, FoM: 0.0030640838563484873
06/05/2022 02:57:39.607 - oc_logger - INFO - Function evaluation number: 369, SI: 3, Sub-iteration number: 0, FoM: 0.003063735017703628
06/05/2022 02:57:39.731 - oc_logger - INFO - Function evaluation number: 370, SI: 3, Sub-iteration number: 0, FoM: 0.003063735017703628
06/05/2022 02:57:39.864 - oc_logger - INFO - Function evaluation number: 371, SI: 3, Sub-iteration number: 0, FoM: 0.003063735017703628
06/05/2022 02:57:39.996 - oc_logger - INFO - Function evaluation number: 372, SI: 3, Sub-iteration number: 0, FoM: 0.0030637974777896204
06/05/2022 02:57:40.130 - oc_logger - INFO - Function evaluation number: 373, SI: 3, Sub-iteration number: 0, FoM: 0.003063735017703628
06/05/2022 02:57:40.252 - oc_logger - INFO - Function evaluation number: 374, SI: 3, Sub-iteration number: 0, FoM: 0.0030644572985928376
06/05/2022 02:57:40.380 - oc_logger - INFO - Function evaluation number: 375, SI: 3, Sub-iteration number: 1, FoM: 0.003063735017703628
06/05/2022 02:57:40.380 - oc_logger - INFO - SI 3 finished - Number of evaluations: 10, Best FoM: 0.003063735017703628, Terminate reason: Convergence of the FoM.

06/05/2022 02:57:40.380 - oc_logger - INFO - Figure of merit : 0.003063735017703628
06/05/2022 02:57:40.381 - oc_logger - INFO - Std : 0.0
06/05/2022 02:57:40.381 - oc_logger - INFO - total number of function evaluations : 375
06/05/2022 02:57:40.381 - oc_logger - INFO - dcrab_freq_list : [array([[ 1.06530895,  5.61958805,  8.0324402 , 13.02046812]]), array([[ 1.18900471,  3.86494525,  9.86542235, 14.10759565]]), array([[4.54878081e-03, 5.03651314e+00, 7.54291520e+00, 1.49632427e+01]])]
06/05/2022 02:57:40.381 - oc_logger - INFO - dcrab_para_list : [array([275.34808712, -38.42834361, -23.43744494,  34.79265476,
        32.42366874,   9.19735526,  74.17805634, -20.82157009]), array([0., 0., 0., 0., 0., 0., 0., 0.]), array([0., 0., 0., 0., 0., 0., 0., 0.])]
06/05/2022 02:57:40.381 - oc_logger - INFO - terminate_reason : Convergence of the FoM.
