06/08/2022 10:51:55.904 - oc_logger - INFO - The optimization direction is minimization
06/08/2022 10:51:55.905 - oc_logger - INFO - QuOCS version number: 0.0.22
06/08/2022 10:51:56.567 - oc_logger - INFO - Function evaluation number: 1, FoM: 0.7126936934905612
06/08/2022 10:51:57.007 - oc_logger - INFO - Function evaluation number: 2, FoM: 0.6796297186891082
06/08/2022 10:51:57.669 - oc_logger - INFO - Function evaluation number: 3, FoM: 0.7188017843229071
06/08/2022 10:51:58.134 - oc_logger - INFO - Function evaluation number: 4, FoM: 0.6717318417452154
06/08/2022 10:51:58.466 - oc_logger - INFO - Function evaluation number: 5, FoM: 0.6431490523720911
06/08/2022 10:51:58.823 - oc_logger - INFO - Function evaluation number: 6, FoM: 0.598282484455159
06/08/2022 10:51:59.187 - oc_logger - INFO - Function evaluation number: 7, FoM: 0.5263358795051775
06/08/2022 10:51:59.503 - oc_logger - INFO - Function evaluation number: 8, FoM: 0.4795728549286845
06/08/2022 10:51:59.836 - oc_logger - INFO - Function evaluation number: 9, FoM: 0.3746498592311205
06/08/2022 10:52:00.164 - oc_logger - INFO - Function evaluation number: 10, FoM: 0.2818909296111135
06/08/2022 10:52:00.548 - oc_logger - INFO - Function evaluation number: 11, FoM: 0.24577966215448732
06/08/2022 10:52:00.890 - oc_logger - INFO - Function evaluation number: 12, FoM: 0.3242051621387867
06/08/2022 10:52:01.216 - oc_logger - INFO - Function evaluation number: 13, FoM: 0.6290498084897885
06/08/2022 10:52:01.534 - oc_logger - INFO - Function evaluation number: 14, FoM: 0.24930959512786743
06/08/2022 10:52:01.904 - oc_logger - INFO - Function evaluation number: 15, FoM: 0.33461092065544873
06/08/2022 10:52:02.225 - oc_logger - INFO - Function evaluation number: 16, FoM: 0.2605157284811167
06/08/2022 10:52:02.548 - oc_logger - INFO - Function evaluation number: 17, FoM: 0.2660434716903385
06/08/2022 10:52:02.917 - oc_logger - INFO - Function evaluation number: 18, FoM: 0.24427260512628846
06/08/2022 10:52:03.258 - oc_logger - INFO - Function evaluation number: 19, FoM: 0.2971510668661185
06/08/2022 10:52:03.575 - oc_logger - INFO - Function evaluation number: 20, FoM: 0.239807481026597
06/08/2022 10:52:03.903 - oc_logger - INFO - Function evaluation number: 21, FoM: 0.2403774241110168
06/08/2022 10:52:04.264 - oc_logger - INFO - Function evaluation number: 22, FoM: 0.25052253253946144
06/08/2022 10:52:04.579 - oc_logger - INFO - Function evaluation number: 23, FoM: 0.24032859806785578
06/08/2022 10:52:04.581 - oc_logger - INFO - Figure of merit : 0.239807481026597
06/08/2022 10:52:04.581 - oc_logger - INFO - parameters : [ 6.25515736 -1.93219509]
06/08/2022 10:52:04.581 - oc_logger - INFO - terminate_reason : Convergence of the FoM.
