06/05/2022 02:09:32.596 - oc_logger - INFO - The optimization direction is minimization
06/05/2022 02:09:32.598 - oc_logger - INFO - QuOCS version number: 0.0.22
06/05/2022 02:09:32.598 - oc_logger - INFO - Direct search start time has been reset.
06/05/2022 02:09:32.734 - oc_logger - INFO - New record achieved. Previous FoM: 10000000000.0, new best FoM : 0.4424640912924396
06/05/2022 02:09:32.734 - oc_logger - INFO - Function evaluation number: 1, SI: 1, Sub-iteration number: 0, FoM: 0.4424640912924396
06/05/2022 02:09:32.876 - oc_logger - INFO - Function evaluation number: 2, SI: 1, Sub-iteration number: 0, FoM: 0.44262444996039885
06/05/2022 02:09:33.029 - oc_logger - INFO - Function evaluation number: 3, SI: 1, Sub-iteration number: 0, FoM: 0.44347116639259465
06/05/2022 02:09:33.162 - oc_logger - INFO - New record achieved. Previous FoM: 0.4424640912924396, new best FoM : 0.4424553086397671
06/05/2022 02:09:33.162 - oc_logger - INFO - Function evaluation number: 4, SI: 1, Sub-iteration number: 0, FoM: 0.4424553086397671
06/05/2022 02:09:33.298 - oc_logger - INFO - New record achieved. Previous FoM: 0.4424553086397671, new best FoM : 0.4423651332878792
06/05/2022 02:09:33.298 - oc_logger - INFO - Function evaluation number: 5, SI: 1, Sub-iteration number: 0, FoM: 0.4423651332878792
06/05/2022 02:09:33.436 - oc_logger - INFO - Function evaluation number: 6, SI: 1, Sub-iteration number: 0, FoM: 0.4425114762836092
06/05/2022 02:09:33.571 - oc_logger - INFO - New record achieved. Previous FoM: 0.4423651332878792, new best FoM : 0.442107591783522
06/05/2022 02:09:33.571 - oc_logger - INFO - Function evaluation number: 7, SI: 1, Sub-iteration number: 0, FoM: 0.442107591783522
06/05/2022 02:09:33.705 - oc_logger - INFO - Function evaluation number: 8, SI: 1, Sub-iteration number: 0, FoM: 0.4425716565643868
06/05/2022 02:09:33.838 - oc_logger - INFO - Function evaluation number: 9, SI: 1, Sub-iteration number: 0, FoM: 0.44228010128538364
06/05/2022 02:09:33.967 - oc_logger - INFO - New record achieved. Previous FoM: 0.442107591783522, new best FoM : 0.4413678809648255
06/05/2022 02:09:33.967 - oc_logger - INFO - Function evaluation number: 10, SI: 1, Sub-iteration number: 1, FoM: 0.4413678809648255
06/05/2022 02:09:34.105 - oc_logger - INFO - New record achieved. Previous FoM: 0.4413678809648255, new best FoM : 0.44110332545058306
06/05/2022 02:09:34.105 - oc_logger - INFO - Function evaluation number: 11, SI: 1, Sub-iteration number: 1, FoM: 0.44110332545058306
06/05/2022 02:09:34.234 - oc_logger - INFO - Function evaluation number: 12, SI: 1, Sub-iteration number: 2, FoM: 0.44184046231259033
06/05/2022 02:09:34.372 - oc_logger - INFO - Function evaluation number: 13, SI: 1, Sub-iteration number: 3, FoM: 0.441710422902835
06/05/2022 02:09:34.503 - oc_logger - INFO - Function evaluation number: 14, SI: 1, Sub-iteration number: 4, FoM: 0.44156976757403177
06/05/2022 02:09:34.639 - oc_logger - INFO - Function evaluation number: 15, SI: 1, Sub-iteration number: 5, FoM: 0.44139324368694444
06/05/2022 02:09:34.771 - oc_logger - INFO - Function evaluation number: 16, SI: 1, Sub-iteration number: 6, FoM: 0.4411356485971719
06/05/2022 02:09:34.904 - oc_logger - INFO - New record achieved. Previous FoM: 0.44110332545058306, new best FoM : 0.44091865382622886
06/05/2022 02:09:34.904 - oc_logger - INFO - Function evaluation number: 17, SI: 1, Sub-iteration number: 7, FoM: 0.44091865382622886
06/05/2022 02:09:35.032 - oc_logger - INFO - New record achieved. Previous FoM: 0.44091865382622886, new best FoM : 0.4407372560939242
06/05/2022 02:09:35.032 - oc_logger - INFO - Function evaluation number: 18, SI: 1, Sub-iteration number: 7, FoM: 0.4407372560939242
06/05/2022 02:09:35.170 - oc_logger - INFO - New record achieved. Previous FoM: 0.4407372560939242, new best FoM : 0.44061640519656187
06/05/2022 02:09:35.170 - oc_logger - INFO - Function evaluation number: 19, SI: 1, Sub-iteration number: 8, FoM: 0.44061640519656187
06/05/2022 02:09:35.301 - oc_logger - INFO - New record achieved. Previous FoM: 0.44061640519656187, new best FoM : 0.44040742646905806
06/05/2022 02:09:35.301 - oc_logger - INFO - Function evaluation number: 20, SI: 1, Sub-iteration number: 8, FoM: 0.44040742646905806
06/05/2022 02:09:35.439 - oc_logger - INFO - New record achieved. Previous FoM: 0.44040742646905806, new best FoM : 0.4403637466479031
06/05/2022 02:09:35.440 - oc_logger - INFO - Function evaluation number: 21, SI: 1, Sub-iteration number: 9, FoM: 0.4403637466479031
06/05/2022 02:09:35.602 - oc_logger - INFO - New record achieved. Previous FoM: 0.4403637466479031, new best FoM : 0.44014466161184684
06/05/2022 02:09:35.603 - oc_logger - INFO - Function evaluation number: 22, SI: 1, Sub-iteration number: 9, FoM: 0.44014466161184684
06/05/2022 02:09:35.739 - oc_logger - INFO - Function evaluation number: 23, SI: 1, Sub-iteration number: 10, FoM: 0.44020766496787433
06/05/2022 02:09:35.872 - oc_logger - INFO - New record achieved. Previous FoM: 0.44014466161184684, new best FoM : 0.43996143594356574
06/05/2022 02:09:35.872 - oc_logger - INFO - Function evaluation number: 24, SI: 1, Sub-iteration number: 11, FoM: 0.43996143594356574
06/05/2022 02:09:36.008 - oc_logger - INFO - New record achieved. Previous FoM: 0.43996143594356574, new best FoM : 0.43974168841119177
06/05/2022 02:09:36.008 - oc_logger - INFO - Function evaluation number: 25, SI: 1, Sub-iteration number: 11, FoM: 0.43974168841119177
06/05/2022 02:09:36.140 - oc_logger - INFO - New record achieved. Previous FoM: 0.43974168841119177, new best FoM : 0.4396446576027332
06/05/2022 02:09:36.140 - oc_logger - INFO - Function evaluation number: 26, SI: 1, Sub-iteration number: 12, FoM: 0.4396446576027332
06/05/2022 02:09:36.275 - oc_logger - INFO - New record achieved. Previous FoM: 0.4396446576027332, new best FoM : 0.4394027305766923
06/05/2022 02:09:36.275 - oc_logger - INFO - Function evaluation number: 27, SI: 1, Sub-iteration number: 12, FoM: 0.4394027305766923
06/05/2022 02:09:36.403 - oc_logger - INFO - New record achieved. Previous FoM: 0.4394027305766923, new best FoM : 0.43932294505513536
06/05/2022 02:09:36.403 - oc_logger - INFO - Function evaluation number: 28, SI: 1, Sub-iteration number: 13, FoM: 0.43932294505513536
06/05/2022 02:09:36.539 - oc_logger - INFO - New record achieved. Previous FoM: 0.43932294505513536, new best FoM : 0.43906264628316016
06/05/2022 02:09:36.539 - oc_logger - INFO - Function evaluation number: 29, SI: 1, Sub-iteration number: 13, FoM: 0.43906264628316016
06/05/2022 02:09:36.676 - oc_logger - INFO - Function evaluation number: 30, SI: 1, Sub-iteration number: 14, FoM: 0.43906286094380176
06/05/2022 02:09:36.801 - oc_logger - INFO - New record achieved. Previous FoM: 0.43906264628316016, new best FoM : 0.4385825265908242
06/05/2022 02:09:36.801 - oc_logger - INFO - Function evaluation number: 31, SI: 1, Sub-iteration number: 15, FoM: 0.4385825265908242
06/05/2022 02:09:36.934 - oc_logger - INFO - New record achieved. Previous FoM: 0.4385825265908242, new best FoM : 0.4382653466546781
06/05/2022 02:09:36.934 - oc_logger - INFO - Function evaluation number: 32, SI: 1, Sub-iteration number: 15, FoM: 0.4382653466546781
06/05/2022 02:09:37.066 - oc_logger - INFO - Function evaluation number: 33, SI: 1, Sub-iteration number: 16, FoM: 0.4383316151326393
06/05/2022 02:09:37.198 - oc_logger - INFO - New record achieved. Previous FoM: 0.4382653466546781, new best FoM : 0.4381431813563609
06/05/2022 02:09:37.198 - oc_logger - INFO - Function evaluation number: 34, SI: 1, Sub-iteration number: 17, FoM: 0.4381431813563609
06/05/2022 02:09:37.326 - oc_logger - INFO - New record achieved. Previous FoM: 0.4381431813563609, new best FoM : 0.43785837846506204
06/05/2022 02:09:37.326 - oc_logger - INFO - Function evaluation number: 35, SI: 1, Sub-iteration number: 17, FoM: 0.43785837846506204
06/05/2022 02:09:37.460 - oc_logger - INFO - New record achieved. Previous FoM: 0.43785837846506204, new best FoM : 0.43775481276320893
06/05/2022 02:09:37.461 - oc_logger - INFO - Function evaluation number: 36, SI: 1, Sub-iteration number: 18, FoM: 0.43775481276320893
06/05/2022 02:09:37.599 - oc_logger - INFO - New record achieved. Previous FoM: 0.43775481276320893, new best FoM : 0.43744613586850734
06/05/2022 02:09:37.599 - oc_logger - INFO - Function evaluation number: 37, SI: 1, Sub-iteration number: 18, FoM: 0.43744613586850734
06/05/2022 02:09:37.732 - oc_logger - INFO - New record achieved. Previous FoM: 0.43744613586850734, new best FoM : 0.4371397326632983
06/05/2022 02:09:37.732 - oc_logger - INFO - Function evaluation number: 38, SI: 1, Sub-iteration number: 19, FoM: 0.4371397326632983
06/05/2022 02:09:37.875 - oc_logger - INFO - New record achieved. Previous FoM: 0.4371397326632983, new best FoM : 0.43676107411420795
06/05/2022 02:09:37.875 - oc_logger - INFO - Function evaluation number: 39, SI: 1, Sub-iteration number: 19, FoM: 0.43676107411420795
06/05/2022 02:09:37.994 - oc_logger - INFO - Function evaluation number: 40, SI: 1, Sub-iteration number: 20, FoM: 0.43679923129243303
06/05/2022 02:09:38.124 - oc_logger - INFO - New record achieved. Previous FoM: 0.43676107411420795, new best FoM : 0.4364868787914413
06/05/2022 02:09:38.124 - oc_logger - INFO - Function evaluation number: 41, SI: 1, Sub-iteration number: 21, FoM: 0.4364868787914413
06/05/2022 02:09:38.254 - oc_logger - INFO - New record achieved. Previous FoM: 0.4364868787914413, new best FoM : 0.4361195052771303
06/05/2022 02:09:38.254 - oc_logger - INFO - Function evaluation number: 42, SI: 1, Sub-iteration number: 21, FoM: 0.4361195052771303
06/05/2022 02:09:38.382 - oc_logger - INFO - New record achieved. Previous FoM: 0.4361195052771303, new best FoM : 0.4360911309737757
06/05/2022 02:09:38.382 - oc_logger - INFO - Function evaluation number: 43, SI: 1, Sub-iteration number: 22, FoM: 0.4360911309737757
06/05/2022 02:09:38.514 - oc_logger - INFO - New record achieved. Previous FoM: 0.4360911309737757, new best FoM : 0.43571667310431106
06/05/2022 02:09:38.514 - oc_logger - INFO - Function evaluation number: 44, SI: 1, Sub-iteration number: 22, FoM: 0.43571667310431106
06/05/2022 02:09:38.647 - oc_logger - INFO - New record achieved. Previous FoM: 0.43571667310431106, new best FoM : 0.4352481039321576
06/05/2022 02:09:38.647 - oc_logger - INFO - Function evaluation number: 45, SI: 1, Sub-iteration number: 23, FoM: 0.4352481039321576
06/05/2022 02:09:38.782 - oc_logger - INFO - New record achieved. Previous FoM: 0.4352481039321576, new best FoM : 0.43476645667106417
06/05/2022 02:09:38.782 - oc_logger - INFO - Function evaluation number: 46, SI: 1, Sub-iteration number: 23, FoM: 0.43476645667106417
06/05/2022 02:09:38.915 - oc_logger - INFO - Function evaluation number: 47, SI: 1, Sub-iteration number: 24, FoM: 0.43509586983526816
06/05/2022 02:09:39.046 - oc_logger - INFO - New record achieved. Previous FoM: 0.43476645667106417, new best FoM : 0.43436310344674767
06/05/2022 02:09:39.047 - oc_logger - INFO - Function evaluation number: 48, SI: 1, Sub-iteration number: 25, FoM: 0.43436310344674767
06/05/2022 02:09:39.179 - oc_logger - INFO - New record achieved. Previous FoM: 0.43436310344674767, new best FoM : 0.4338705882402383
06/05/2022 02:09:39.179 - oc_logger - INFO - Function evaluation number: 49, SI: 1, Sub-iteration number: 25, FoM: 0.4338705882402383
06/05/2022 02:09:39.310 - oc_logger - INFO - New record achieved. Previous FoM: 0.4338705882402383, new best FoM : 0.4337721572986487
06/05/2022 02:09:39.310 - oc_logger - INFO - Function evaluation number: 50, SI: 1, Sub-iteration number: 26, FoM: 0.4337721572986487
06/05/2022 02:09:39.445 - oc_logger - INFO - New record achieved. Previous FoM: 0.4337721572986487, new best FoM : 0.4332561595137857
06/05/2022 02:09:39.445 - oc_logger - INFO - Function evaluation number: 51, SI: 1, Sub-iteration number: 26, FoM: 0.4332561595137857
06/05/2022 02:09:39.575 - oc_logger - INFO - New record achieved. Previous FoM: 0.4332561595137857, new best FoM : 0.4331357421380857
06/05/2022 02:09:39.575 - oc_logger - INFO - Function evaluation number: 52, SI: 1, Sub-iteration number: 27, FoM: 0.4331357421380857
06/05/2022 02:09:39.713 - oc_logger - INFO - New record achieved. Previous FoM: 0.4331357421380857, new best FoM : 0.43259116130548714
06/05/2022 02:09:39.714 - oc_logger - INFO - Function evaluation number: 53, SI: 1, Sub-iteration number: 27, FoM: 0.43259116130548714
06/05/2022 02:09:39.841 - oc_logger - INFO - Function evaluation number: 54, SI: 1, Sub-iteration number: 28, FoM: 0.4327339432887293
06/05/2022 02:09:39.975 - oc_logger - INFO - New record achieved. Previous FoM: 0.43259116130548714, new best FoM : 0.4317553043828044
06/05/2022 02:09:39.975 - oc_logger - INFO - Function evaluation number: 55, SI: 1, Sub-iteration number: 29, FoM: 0.4317553043828044
06/05/2022 02:09:40.103 - oc_logger - INFO - New record achieved. Previous FoM: 0.4317553043828044, new best FoM : 0.43112185473778464
06/05/2022 02:09:40.103 - oc_logger - INFO - Function evaluation number: 56, SI: 1, Sub-iteration number: 29, FoM: 0.43112185473778464
06/05/2022 02:09:40.232 - oc_logger - INFO - Function evaluation number: 57, SI: 1, Sub-iteration number: 30, FoM: 0.43115050438875013
06/05/2022 02:09:40.359 - oc_logger - INFO - New record achieved. Previous FoM: 0.43112185473778464, new best FoM : 0.43040840198396557
06/05/2022 02:09:40.359 - oc_logger - INFO - Function evaluation number: 58, SI: 1, Sub-iteration number: 31, FoM: 0.43040840198396557
06/05/2022 02:09:40.493 - oc_logger - INFO - New record achieved. Previous FoM: 0.43040840198396557, new best FoM : 0.4297366951556608
06/05/2022 02:09:40.493 - oc_logger - INFO - Function evaluation number: 59, SI: 1, Sub-iteration number: 31, FoM: 0.4297366951556608
06/05/2022 02:09:40.624 - oc_logger - INFO - New record achieved. Previous FoM: 0.4297366951556608, new best FoM : 0.4296894635849672
06/05/2022 02:09:40.624 - oc_logger - INFO - Function evaluation number: 60, SI: 1, Sub-iteration number: 32, FoM: 0.4296894635849672
06/05/2022 02:09:40.753 - oc_logger - INFO - New record achieved. Previous FoM: 0.4296894635849672, new best FoM : 0.4290050737153779
06/05/2022 02:09:40.753 - oc_logger - INFO - Function evaluation number: 61, SI: 1, Sub-iteration number: 32, FoM: 0.4290050737153779
06/05/2022 02:09:40.874 - oc_logger - INFO - New record achieved. Previous FoM: 0.4290050737153779, new best FoM : 0.428570886558292
06/05/2022 02:09:40.874 - oc_logger - INFO - Function evaluation number: 62, SI: 1, Sub-iteration number: 33, FoM: 0.428570886558292
06/05/2022 02:09:41.006 - oc_logger - INFO - New record achieved. Previous FoM: 0.428570886558292, new best FoM : 0.4277855544952832
06/05/2022 02:09:41.006 - oc_logger - INFO - Function evaluation number: 63, SI: 1, Sub-iteration number: 33, FoM: 0.4277855544952832
06/05/2022 02:09:41.135 - oc_logger - INFO - Function evaluation number: 64, SI: 1, Sub-iteration number: 34, FoM: 0.4279536526449429
06/05/2022 02:09:41.267 - oc_logger - INFO - New record achieved. Previous FoM: 0.4277855544952832, new best FoM : 0.4272394426787499
06/05/2022 02:09:41.267 - oc_logger - INFO - Function evaluation number: 65, SI: 1, Sub-iteration number: 35, FoM: 0.4272394426787499
06/05/2022 02:09:41.392 - oc_logger - INFO - New record achieved. Previous FoM: 0.4272394426787499, new best FoM : 0.4264772145063219
06/05/2022 02:09:41.392 - oc_logger - INFO - Function evaluation number: 66, SI: 1, Sub-iteration number: 35, FoM: 0.4264772145063219
06/05/2022 02:09:41.553 - oc_logger - INFO - New record achieved. Previous FoM: 0.4264772145063219, new best FoM : 0.4261945127806255
06/05/2022 02:09:41.553 - oc_logger - INFO - Function evaluation number: 67, SI: 1, Sub-iteration number: 36, FoM: 0.4261945127806255
06/05/2022 02:09:41.692 - oc_logger - INFO - New record achieved. Previous FoM: 0.4261945127806255, new best FoM : 0.42536574442030695
06/05/2022 02:09:41.692 - oc_logger - INFO - Function evaluation number: 68, SI: 1, Sub-iteration number: 36, FoM: 0.42536574442030695
06/05/2022 02:09:41.835 - oc_logger - INFO - New record achieved. Previous FoM: 0.42536574442030695, new best FoM : 0.4245086290127711
06/05/2022 02:09:41.835 - oc_logger - INFO - Function evaluation number: 69, SI: 1, Sub-iteration number: 37, FoM: 0.4245086290127711
06/05/2022 02:09:41.969 - oc_logger - INFO - New record achieved. Previous FoM: 0.4245086290127711, new best FoM : 0.42348098814735025
06/05/2022 02:09:41.969 - oc_logger - INFO - Function evaluation number: 70, SI: 1, Sub-iteration number: 37, FoM: 0.42348098814735025
06/05/2022 02:09:42.124 - oc_logger - INFO - Function evaluation number: 71, SI: 1, Sub-iteration number: 38, FoM: 0.42405307974907647
06/05/2022 02:09:42.273 - oc_logger - INFO - New record achieved. Previous FoM: 0.42348098814735025, new best FoM : 0.4222876153376943
06/05/2022 02:09:42.274 - oc_logger - INFO - Function evaluation number: 72, SI: 1, Sub-iteration number: 39, FoM: 0.4222876153376943
06/05/2022 02:09:42.421 - oc_logger - INFO - New record achieved. Previous FoM: 0.4222876153376943, new best FoM : 0.4211639165135854
06/05/2022 02:09:42.421 - oc_logger - INFO - Function evaluation number: 73, SI: 1, Sub-iteration number: 39, FoM: 0.4211639165135854
06/05/2022 02:09:42.558 - oc_logger - INFO - Function evaluation number: 74, SI: 1, Sub-iteration number: 40, FoM: 0.4215447013668705
06/05/2022 02:09:42.692 - oc_logger - INFO - New record achieved. Previous FoM: 0.4211639165135854, new best FoM : 0.4204098065095939
06/05/2022 02:09:42.692 - oc_logger - INFO - Function evaluation number: 75, SI: 1, Sub-iteration number: 41, FoM: 0.4204098065095939
06/05/2022 02:09:42.829 - oc_logger - INFO - New record achieved. Previous FoM: 0.4204098065095939, new best FoM : 0.4193185461522122
06/05/2022 02:09:42.830 - oc_logger - INFO - Function evaluation number: 76, SI: 1, Sub-iteration number: 41, FoM: 0.4193185461522122
06/05/2022 02:09:42.977 - oc_logger - INFO - New record achieved. Previous FoM: 0.4193185461522122, new best FoM : 0.4193050585113032
06/05/2022 02:09:42.977 - oc_logger - INFO - Function evaluation number: 77, SI: 1, Sub-iteration number: 42, FoM: 0.4193050585113032
06/05/2022 02:09:43.103 - oc_logger - INFO - New record achieved. Previous FoM: 0.4193050585113032, new best FoM : 0.41820693713921064
06/05/2022 02:09:43.103 - oc_logger - INFO - Function evaluation number: 78, SI: 1, Sub-iteration number: 42, FoM: 0.41820693713921064
06/05/2022 02:09:43.240 - oc_logger - INFO - New record achieved. Previous FoM: 0.41820693713921064, new best FoM : 0.4170447360380406
06/05/2022 02:09:43.240 - oc_logger - INFO - Function evaluation number: 79, SI: 1, Sub-iteration number: 43, FoM: 0.4170447360380406
06/05/2022 02:09:43.379 - oc_logger - INFO - New record achieved. Previous FoM: 0.4170447360380406, new best FoM : 0.4156763007083708
06/05/2022 02:09:43.379 - oc_logger - INFO - Function evaluation number: 80, SI: 1, Sub-iteration number: 43, FoM: 0.4156763007083708
06/05/2022 02:09:43.499 - oc_logger - INFO - New record achieved. Previous FoM: 0.4156763007083708, new best FoM : 0.41566189662915676
06/05/2022 02:09:43.499 - oc_logger - INFO - Function evaluation number: 81, SI: 1, Sub-iteration number: 44, FoM: 0.41566189662915676
06/05/2022 02:09:43.633 - oc_logger - INFO - New record achieved. Previous FoM: 0.41566189662915676, new best FoM : 0.4142852580889783
06/05/2022 02:09:43.634 - oc_logger - INFO - Function evaluation number: 82, SI: 1, Sub-iteration number: 44, FoM: 0.4142852580889783
06/05/2022 02:09:43.770 - oc_logger - INFO - New record achieved. Previous FoM: 0.4142852580889783, new best FoM : 0.4140137913658145
06/05/2022 02:09:43.770 - oc_logger - INFO - Function evaluation number: 83, SI: 1, Sub-iteration number: 45, FoM: 0.4140137913658145
06/05/2022 02:09:43.898 - oc_logger - INFO - New record achieved. Previous FoM: 0.4140137913658145, new best FoM : 0.4127804053489671
06/05/2022 02:09:43.898 - oc_logger - INFO - Function evaluation number: 84, SI: 1, Sub-iteration number: 45, FoM: 0.4127804053489671
06/05/2022 02:09:44.032 - oc_logger - INFO - New record achieved. Previous FoM: 0.4127804053489671, new best FoM : 0.4124948862218992
06/05/2022 02:09:44.032 - oc_logger - INFO - Function evaluation number: 85, SI: 1, Sub-iteration number: 46, FoM: 0.4124948862218992
06/05/2022 02:09:44.170 - oc_logger - INFO - New record achieved. Previous FoM: 0.4124948862218992, new best FoM : 0.41123628915814214
06/05/2022 02:09:44.170 - oc_logger - INFO - Function evaluation number: 86, SI: 1, Sub-iteration number: 46, FoM: 0.41123628915814214
06/05/2022 02:09:44.302 - oc_logger - INFO - New record achieved. Previous FoM: 0.41123628915814214, new best FoM : 0.410193873201779
06/05/2022 02:09:44.302 - oc_logger - INFO - Function evaluation number: 87, SI: 1, Sub-iteration number: 47, FoM: 0.410193873201779
06/05/2022 02:09:44.431 - oc_logger - INFO - New record achieved. Previous FoM: 0.410193873201779, new best FoM : 0.4088233964707396
06/05/2022 02:09:44.431 - oc_logger - INFO - Function evaluation number: 88, SI: 1, Sub-iteration number: 47, FoM: 0.4088233964707396
06/05/2022 02:09:44.558 - oc_logger - INFO - Function evaluation number: 89, SI: 1, Sub-iteration number: 48, FoM: 0.40931974302024554
06/05/2022 02:09:44.718 - oc_logger - INFO - New record achieved. Previous FoM: 0.4088233964707396, new best FoM : 0.40699967042746743
06/05/2022 02:09:44.718 - oc_logger - INFO - Function evaluation number: 90, SI: 1, Sub-iteration number: 49, FoM: 0.40699967042746743
06/05/2022 02:09:44.863 - oc_logger - INFO - New record achieved. Previous FoM: 0.40699967042746743, new best FoM : 0.40532959830296955
06/05/2022 02:09:44.863 - oc_logger - INFO - Function evaluation number: 91, SI: 1, Sub-iteration number: 49, FoM: 0.40532959830296955
06/05/2022 02:09:44.993 - oc_logger - INFO - Function evaluation number: 92, SI: 1, Sub-iteration number: 50, FoM: 0.40633109668061373
06/05/2022 02:09:45.126 - oc_logger - INFO - New record achieved. Previous FoM: 0.40532959830296955, new best FoM : 0.4036792418937498
06/05/2022 02:09:45.127 - oc_logger - INFO - Function evaluation number: 93, SI: 1, Sub-iteration number: 51, FoM: 0.4036792418937498
06/05/2022 02:09:45.256 - oc_logger - INFO - New record achieved. Previous FoM: 0.4036792418937498, new best FoM : 0.4016926600350875
06/05/2022 02:09:45.256 - oc_logger - INFO - Function evaluation number: 94, SI: 1, Sub-iteration number: 51, FoM: 0.4016926600350875
06/05/2022 02:09:45.393 - oc_logger - INFO - Function evaluation number: 95, SI: 1, Sub-iteration number: 52, FoM: 0.4021825627705352
06/05/2022 02:09:45.518 - oc_logger - INFO - New record achieved. Previous FoM: 0.4016926600350875, new best FoM : 0.40020603662566356
06/05/2022 02:09:45.518 - oc_logger - INFO - Function evaluation number: 96, SI: 1, Sub-iteration number: 53, FoM: 0.40020603662566356
06/05/2022 02:09:45.656 - oc_logger - INFO - New record achieved. Previous FoM: 0.40020603662566356, new best FoM : 0.39872696467209234
06/05/2022 02:09:45.656 - oc_logger - INFO - Function evaluation number: 97, SI: 1, Sub-iteration number: 53, FoM: 0.39872696467209234
06/05/2022 02:09:45.792 - oc_logger - INFO - New record achieved. Previous FoM: 0.39872696467209234, new best FoM : 0.39794395340360256
06/05/2022 02:09:45.792 - oc_logger - INFO - Function evaluation number: 98, SI: 1, Sub-iteration number: 54, FoM: 0.39794395340360256
06/05/2022 02:09:45.943 - oc_logger - INFO - New record achieved. Previous FoM: 0.39794395340360256, new best FoM : 0.3966811553065801
06/05/2022 02:09:45.943 - oc_logger - INFO - Function evaluation number: 99, SI: 1, Sub-iteration number: 54, FoM: 0.3966811553065801
06/05/2022 02:09:46.113 - oc_logger - INFO - New record achieved. Previous FoM: 0.3966811553065801, new best FoM : 0.3958245794020049
06/05/2022 02:09:46.113 - oc_logger - INFO - Function evaluation number: 100, SI: 1, Sub-iteration number: 55, FoM: 0.3958245794020049
06/05/2022 02:09:46.306 - oc_logger - INFO - New record achieved. Previous FoM: 0.3958245794020049, new best FoM : 0.39425716330939287
06/05/2022 02:09:46.306 - oc_logger - INFO - Function evaluation number: 101, SI: 1, Sub-iteration number: 55, FoM: 0.39425716330939287
06/05/2022 02:09:46.463 - oc_logger - INFO - Function evaluation number: 102, SI: 1, Sub-iteration number: 56, FoM: 0.3945833721808327
06/05/2022 02:09:46.590 - oc_logger - INFO - New record achieved. Previous FoM: 0.39425716330939287, new best FoM : 0.39345055116335614
06/05/2022 02:09:46.590 - oc_logger - INFO - Function evaluation number: 103, SI: 1, Sub-iteration number: 57, FoM: 0.39345055116335614
06/05/2022 02:09:46.734 - oc_logger - INFO - New record achieved. Previous FoM: 0.39345055116335614, new best FoM : 0.3926215796787268
06/05/2022 02:09:46.734 - oc_logger - INFO - Function evaluation number: 104, SI: 1, Sub-iteration number: 57, FoM: 0.3926215796787268
06/05/2022 02:09:46.874 - oc_logger - INFO - Function evaluation number: 105, SI: 1, Sub-iteration number: 58, FoM: 0.39326266465137927
06/05/2022 02:09:47.012 - oc_logger - INFO - New record achieved. Previous FoM: 0.3926215796787268, new best FoM : 0.39109865840345115
06/05/2022 02:09:47.012 - oc_logger - INFO - Function evaluation number: 106, SI: 1, Sub-iteration number: 59, FoM: 0.39109865840345115
06/05/2022 02:09:47.165 - oc_logger - INFO - New record achieved. Previous FoM: 0.39109865840345115, new best FoM : 0.3903385459759009
06/05/2022 02:09:47.165 - oc_logger - INFO - Function evaluation number: 107, SI: 1, Sub-iteration number: 59, FoM: 0.3903385459759009
06/05/2022 02:09:47.338 - oc_logger - INFO - Function evaluation number: 108, SI: 1, Sub-iteration number: 60, FoM: 0.3912514088109701
06/05/2022 02:09:47.511 - oc_logger - INFO - New record achieved. Previous FoM: 0.3903385459759009, new best FoM : 0.39023636767241765
06/05/2022 02:09:47.511 - oc_logger - INFO - Function evaluation number: 109, SI: 1, Sub-iteration number: 61, FoM: 0.39023636767241765
06/05/2022 02:09:47.695 - oc_logger - INFO - New record achieved. Previous FoM: 0.39023636767241765, new best FoM : 0.3894669492124012
06/05/2022 02:09:47.695 - oc_logger - INFO - Function evaluation number: 110, SI: 1, Sub-iteration number: 61, FoM: 0.3894669492124012
06/05/2022 02:09:47.867 - oc_logger - INFO - New record achieved. Previous FoM: 0.3894669492124012, new best FoM : 0.3886222274480233
06/05/2022 02:09:47.867 - oc_logger - INFO - Function evaluation number: 111, SI: 1, Sub-iteration number: 62, FoM: 0.3886222274480233
06/05/2022 02:09:48.044 - oc_logger - INFO - New record achieved. Previous FoM: 0.3886222274480233, new best FoM : 0.3882447400760548
06/05/2022 02:09:48.044 - oc_logger - INFO - Function evaluation number: 112, SI: 1, Sub-iteration number: 62, FoM: 0.3882447400760548
06/05/2022 02:09:48.215 - oc_logger - INFO - New record achieved. Previous FoM: 0.3882447400760548, new best FoM : 0.38821173646706875
06/05/2022 02:09:48.215 - oc_logger - INFO - Function evaluation number: 113, SI: 1, Sub-iteration number: 63, FoM: 0.38821173646706875
06/05/2022 02:09:48.401 - oc_logger - INFO - New record achieved. Previous FoM: 0.38821173646706875, new best FoM : 0.38757541048499355
06/05/2022 02:09:48.401 - oc_logger - INFO - Function evaluation number: 114, SI: 1, Sub-iteration number: 63, FoM: 0.38757541048499355
06/05/2022 02:09:48.598 - oc_logger - INFO - Function evaluation number: 115, SI: 1, Sub-iteration number: 64, FoM: 0.38899587623279785
06/05/2022 02:09:48.847 - oc_logger - INFO - New record achieved. Previous FoM: 0.38757541048499355, new best FoM : 0.38757222788586476
06/05/2022 02:09:48.847 - oc_logger - INFO - Function evaluation number: 116, SI: 1, Sub-iteration number: 65, FoM: 0.38757222788586476
06/05/2022 02:09:49.035 - oc_logger - INFO - New record achieved. Previous FoM: 0.38757222788586476, new best FoM : 0.3871271727813611
06/05/2022 02:09:49.035 - oc_logger - INFO - Function evaluation number: 117, SI: 1, Sub-iteration number: 65, FoM: 0.3871271727813611
06/05/2022 02:09:49.224 - oc_logger - INFO - Function evaluation number: 118, SI: 1, Sub-iteration number: 66, FoM: 0.3874880264097812
06/05/2022 02:09:49.398 - oc_logger - INFO - Function evaluation number: 119, SI: 1, Sub-iteration number: 67, FoM: 0.38806577599503345
06/05/2022 02:09:49.742 - oc_logger - INFO - Function evaluation number: 120, SI: 1, Sub-iteration number: 68, FoM: 0.38765314000243567
06/05/2022 02:09:49.995 - oc_logger - INFO - New record achieved. Previous FoM: 0.3871271727813611, new best FoM : 0.386140316788844
06/05/2022 02:09:49.995 - oc_logger - INFO - Function evaluation number: 121, SI: 1, Sub-iteration number: 69, FoM: 0.386140316788844
06/05/2022 02:09:50.198 - oc_logger - INFO - New record achieved. Previous FoM: 0.386140316788844, new best FoM : 0.38578886514462996
06/05/2022 02:09:50.199 - oc_logger - INFO - Function evaluation number: 122, SI: 1, Sub-iteration number: 69, FoM: 0.38578886514462996
06/05/2022 02:09:50.420 - oc_logger - INFO - Function evaluation number: 123, SI: 1, Sub-iteration number: 70, FoM: 0.3860919184583662
06/05/2022 02:09:50.650 - oc_logger - INFO - New record achieved. Previous FoM: 0.38578886514462996, new best FoM : 0.38526957448645305
06/05/2022 02:09:50.650 - oc_logger - INFO - Function evaluation number: 124, SI: 1, Sub-iteration number: 71, FoM: 0.38526957448645305
06/05/2022 02:09:50.841 - oc_logger - INFO - New record achieved. Previous FoM: 0.38526957448645305, new best FoM : 0.3848346042512597
06/05/2022 02:09:50.841 - oc_logger - INFO - Function evaluation number: 125, SI: 1, Sub-iteration number: 71, FoM: 0.3848346042512597
06/05/2022 02:09:51.011 - oc_logger - INFO - Function evaluation number: 126, SI: 1, Sub-iteration number: 72, FoM: 0.38523592649822613
06/05/2022 02:09:51.167 - oc_logger - INFO - Function evaluation number: 127, SI: 1, Sub-iteration number: 73, FoM: 0.3850803839551682
06/05/2022 02:09:51.325 - oc_logger - INFO - Function evaluation number: 128, SI: 1, Sub-iteration number: 74, FoM: 0.3849810158331959
06/05/2022 02:09:51.478 - oc_logger - INFO - New record achieved. Previous FoM: 0.3848346042512597, new best FoM : 0.38380635783188277
06/05/2022 02:09:51.478 - oc_logger - INFO - Function evaluation number: 129, SI: 1, Sub-iteration number: 75, FoM: 0.38380635783188277
06/05/2022 02:09:51.652 - oc_logger - INFO - New record achieved. Previous FoM: 0.38380635783188277, new best FoM : 0.38364966704185766
06/05/2022 02:09:51.653 - oc_logger - INFO - Function evaluation number: 130, SI: 1, Sub-iteration number: 75, FoM: 0.38364966704185766
06/05/2022 02:09:51.819 - oc_logger - INFO - Function evaluation number: 131, SI: 1, Sub-iteration number: 76, FoM: 0.38412972795192313
06/05/2022 02:09:51.991 - oc_logger - INFO - Function evaluation number: 132, SI: 1, Sub-iteration number: 77, FoM: 0.3837032668008533
06/05/2022 02:09:52.157 - oc_logger - INFO - Function evaluation number: 133, SI: 1, Sub-iteration number: 78, FoM: 0.38367148341819346
06/05/2022 02:09:52.324 - oc_logger - INFO - New record achieved. Previous FoM: 0.38364966704185766, new best FoM : 0.38291666304877003
06/05/2022 02:09:52.324 - oc_logger - INFO - Function evaluation number: 134, SI: 1, Sub-iteration number: 79, FoM: 0.38291666304877003
06/05/2022 02:09:52.503 - oc_logger - INFO - New record achieved. Previous FoM: 0.38291666304877003, new best FoM : 0.3826946251401835
06/05/2022 02:09:52.503 - oc_logger - INFO - Function evaluation number: 135, SI: 1, Sub-iteration number: 79, FoM: 0.3826946251401835
06/05/2022 02:09:52.726 - oc_logger - INFO - Function evaluation number: 136, SI: 1, Sub-iteration number: 80, FoM: 0.3831579306158035
06/05/2022 02:09:53.041 - oc_logger - INFO - Function evaluation number: 137, SI: 1, Sub-iteration number: 81, FoM: 0.38319081347181405
06/05/2022 02:09:53.315 - oc_logger - INFO - New record achieved. Previous FoM: 0.3826946251401835, new best FoM : 0.382304010192421
06/05/2022 02:09:53.315 - oc_logger - INFO - Function evaluation number: 138, SI: 1, Sub-iteration number: 82, FoM: 0.382304010192421
06/05/2022 02:09:53.557 - oc_logger - INFO - New record achieved. Previous FoM: 0.382304010192421, new best FoM : 0.3820384814574992
06/05/2022 02:09:53.557 - oc_logger - INFO - Function evaluation number: 139, SI: 1, Sub-iteration number: 82, FoM: 0.3820384814574992
06/05/2022 02:09:53.818 - oc_logger - INFO - Function evaluation number: 140, SI: 1, Sub-iteration number: 83, FoM: 0.38254452803048045
06/05/2022 02:09:54.107 - oc_logger - INFO - Function evaluation number: 141, SI: 1, Sub-iteration number: 84, FoM: 0.38234512121461706
06/05/2022 02:09:54.429 - oc_logger - INFO - Function evaluation number: 142, SI: 1, Sub-iteration number: 85, FoM: 0.3822560587412209
06/05/2022 02:09:54.771 - oc_logger - INFO - New record achieved. Previous FoM: 0.3820384814574992, new best FoM : 0.382033055325779
06/05/2022 02:09:54.772 - oc_logger - INFO - Function evaluation number: 143, SI: 1, Sub-iteration number: 86, FoM: 0.382033055325779
06/05/2022 02:09:55.163 - oc_logger - INFO - New record achieved. Previous FoM: 0.382033055325779, new best FoM : 0.3818751461069302
06/05/2022 02:09:55.163 - oc_logger - INFO - Function evaluation number: 144, SI: 1, Sub-iteration number: 86, FoM: 0.3818751461069302
06/05/2022 02:09:55.430 - oc_logger - INFO - Function evaluation number: 145, SI: 1, Sub-iteration number: 87, FoM: 0.3822203244294555
06/05/2022 02:09:55.710 - oc_logger - INFO - New record achieved. Previous FoM: 0.3818751461069302, new best FoM : 0.38179245196282086
06/05/2022 02:09:55.710 - oc_logger - INFO - Function evaluation number: 146, SI: 1, Sub-iteration number: 88, FoM: 0.38179245196282086
06/05/2022 02:09:55.985 - oc_logger - INFO - New record achieved. Previous FoM: 0.38179245196282086, new best FoM : 0.38163303250986935
06/05/2022 02:09:55.985 - oc_logger - INFO - Function evaluation number: 147, SI: 1, Sub-iteration number: 88, FoM: 0.38163303250986935
06/05/2022 02:09:56.203 - oc_logger - INFO - New record achieved. Previous FoM: 0.38163303250986935, new best FoM : 0.3814187158345447
06/05/2022 02:09:56.203 - oc_logger - INFO - Function evaluation number: 148, SI: 1, Sub-iteration number: 89, FoM: 0.3814187158345447
06/05/2022 02:09:56.432 - oc_logger - INFO - New record achieved. Previous FoM: 0.3814187158345447, new best FoM : 0.38125072302227725
06/05/2022 02:09:56.432 - oc_logger - INFO - Function evaluation number: 149, SI: 1, Sub-iteration number: 89, FoM: 0.38125072302227725
06/05/2022 02:09:56.639 - oc_logger - INFO - New record achieved. Previous FoM: 0.38125072302227725, new best FoM : 0.3811502122609889
06/05/2022 02:09:56.640 - oc_logger - INFO - Function evaluation number: 150, SI: 1, Sub-iteration number: 90, FoM: 0.3811502122609889
06/05/2022 02:09:56.920 - oc_logger - INFO - New record achieved. Previous FoM: 0.3811502122609889, new best FoM : 0.38100299759195777
06/05/2022 02:09:56.920 - oc_logger - INFO - Function evaluation number: 151, SI: 1, Sub-iteration number: 90, FoM: 0.38100299759195777
06/05/2022 02:09:57.158 - oc_logger - INFO - Function evaluation number: 152, SI: 1, Sub-iteration number: 91, FoM: 0.3810662739947086
06/05/2022 02:09:57.422 - oc_logger - INFO - New record achieved. Previous FoM: 0.38100299759195777, new best FoM : 0.38099842234058046
06/05/2022 02:09:57.422 - oc_logger - INFO - Function evaluation number: 153, SI: 1, Sub-iteration number: 92, FoM: 0.38099842234058046
06/05/2022 02:09:57.685 - oc_logger - INFO - New record achieved. Previous FoM: 0.38099842234058046, new best FoM : 0.38086439989693166
06/05/2022 02:09:57.685 - oc_logger - INFO - Function evaluation number: 154, SI: 1, Sub-iteration number: 92, FoM: 0.38086439989693166
06/05/2022 02:09:57.889 - oc_logger - INFO - Function evaluation number: 155, SI: 1, Sub-iteration number: 93, FoM: 0.38089089655882447
06/05/2022 02:09:58.079 - oc_logger - INFO - New record achieved. Previous FoM: 0.38086439989693166, new best FoM : 0.38032002365046813
06/05/2022 02:09:58.080 - oc_logger - INFO - Function evaluation number: 156, SI: 1, Sub-iteration number: 94, FoM: 0.38032002365046813
06/05/2022 02:09:58.246 - oc_logger - INFO - New record achieved. Previous FoM: 0.38032002365046813, new best FoM : 0.38014692635409864
06/05/2022 02:09:58.246 - oc_logger - INFO - Function evaluation number: 157, SI: 1, Sub-iteration number: 94, FoM: 0.38014692635409864
06/05/2022 02:09:58.411 - oc_logger - INFO - Function evaluation number: 158, SI: 1, Sub-iteration number: 95, FoM: 0.38055210081229585
06/05/2022 02:09:58.579 - oc_logger - INFO - Function evaluation number: 159, SI: 1, Sub-iteration number: 96, FoM: 0.38024915960475636
06/05/2022 02:09:58.751 - oc_logger - INFO - New record achieved. Previous FoM: 0.38014692635409864, new best FoM : 0.3801428424296418
06/05/2022 02:09:58.751 - oc_logger - INFO - Function evaluation number: 160, SI: 1, Sub-iteration number: 97, FoM: 0.3801428424296418
06/05/2022 02:09:58.929 - oc_logger - INFO - New record achieved. Previous FoM: 0.3801428424296418, new best FoM : 0.38003993173720785
06/05/2022 02:09:58.929 - oc_logger - INFO - Function evaluation number: 161, SI: 1, Sub-iteration number: 97, FoM: 0.38003993173720785
06/05/2022 02:09:59.108 - oc_logger - INFO - New record achieved. Previous FoM: 0.38003993173720785, new best FoM : 0.37999733544605907
06/05/2022 02:09:59.108 - oc_logger - INFO - Function evaluation number: 162, SI: 1, Sub-iteration number: 98, FoM: 0.37999733544605907
06/05/2022 02:09:59.311 - oc_logger - INFO - New record achieved. Previous FoM: 0.37999733544605907, new best FoM : 0.37988482389055234
06/05/2022 02:09:59.311 - oc_logger - INFO - Function evaluation number: 163, SI: 1, Sub-iteration number: 98, FoM: 0.37988482389055234
06/05/2022 02:09:59.567 - oc_logger - INFO - Function evaluation number: 164, SI: 1, Sub-iteration number: 99, FoM: 0.38026744341889274
06/05/2022 02:09:59.776 - oc_logger - INFO - Function evaluation number: 165, SI: 1, Sub-iteration number: 100, FoM: 0.380104154801833
06/05/2022 02:09:59.962 - oc_logger - INFO - New record achieved. Previous FoM: 0.37988482389055234, new best FoM : 0.37960487401341547
06/05/2022 02:09:59.962 - oc_logger - INFO - Function evaluation number: 166, SI: 1, Sub-iteration number: 101, FoM: 0.37960487401341547
06/05/2022 02:10:00.161 - oc_logger - INFO - New record achieved. Previous FoM: 0.37960487401341547, new best FoM : 0.3794461104154312
06/05/2022 02:10:00.161 - oc_logger - INFO - Function evaluation number: 167, SI: 1, Sub-iteration number: 101, FoM: 0.3794461104154312
06/05/2022 02:10:00.341 - oc_logger - INFO - New record achieved. Previous FoM: 0.3794461104154312, new best FoM : 0.3794092597316454
06/05/2022 02:10:00.342 - oc_logger - INFO - Function evaluation number: 168, SI: 1, Sub-iteration number: 102, FoM: 0.3794092597316454
06/05/2022 02:10:00.531 - oc_logger - INFO - New record achieved. Previous FoM: 0.3794092597316454, new best FoM : 0.37924213764726855
06/05/2022 02:10:00.531 - oc_logger - INFO - Function evaluation number: 169, SI: 1, Sub-iteration number: 102, FoM: 0.37924213764726855
06/05/2022 02:10:00.716 - oc_logger - INFO - Function evaluation number: 170, SI: 1, Sub-iteration number: 103, FoM: 0.3792739275328382
06/05/2022 02:10:00.883 - oc_logger - INFO - Function evaluation number: 171, SI: 1, Sub-iteration number: 104, FoM: 0.379310669569194
06/05/2022 02:10:01.056 - oc_logger - INFO - New record achieved. Previous FoM: 0.37924213764726855, new best FoM : 0.37918681753609196
06/05/2022 02:10:01.056 - oc_logger - INFO - Function evaluation number: 172, SI: 1, Sub-iteration number: 105, FoM: 0.37918681753609196
06/05/2022 02:10:01.214 - oc_logger - INFO - New record achieved. Previous FoM: 0.37918681753609196, new best FoM : 0.37906317105105547
06/05/2022 02:10:01.214 - oc_logger - INFO - Function evaluation number: 173, SI: 1, Sub-iteration number: 105, FoM: 0.37906317105105547
06/05/2022 02:10:01.381 - oc_logger - INFO - New record achieved. Previous FoM: 0.37906317105105547, new best FoM : 0.37894381487653706
06/05/2022 02:10:01.381 - oc_logger - INFO - Function evaluation number: 174, SI: 1, Sub-iteration number: 106, FoM: 0.37894381487653706
06/05/2022 02:10:01.539 - oc_logger - INFO - New record achieved. Previous FoM: 0.37894381487653706, new best FoM : 0.37879322502320767
06/05/2022 02:10:01.539 - oc_logger - INFO - Function evaluation number: 175, SI: 1, Sub-iteration number: 106, FoM: 0.37879322502320767
06/05/2022 02:10:01.707 - oc_logger - INFO - New record achieved. Previous FoM: 0.37879322502320767, new best FoM : 0.37865851796965766
06/05/2022 02:10:01.707 - oc_logger - INFO - Function evaluation number: 176, SI: 1, Sub-iteration number: 107, FoM: 0.37865851796965766
06/05/2022 02:10:01.864 - oc_logger - INFO - New record achieved. Previous FoM: 0.37865851796965766, new best FoM : 0.3784775167776593
06/05/2022 02:10:01.864 - oc_logger - INFO - Function evaluation number: 177, SI: 1, Sub-iteration number: 107, FoM: 0.3784775167776593
06/05/2022 02:10:02.027 - oc_logger - INFO - New record achieved. Previous FoM: 0.3784775167776593, new best FoM : 0.3783317996954344
06/05/2022 02:10:02.027 - oc_logger - INFO - Function evaluation number: 178, SI: 1, Sub-iteration number: 108, FoM: 0.3783317996954344
06/05/2022 02:10:02.192 - oc_logger - INFO - New record achieved. Previous FoM: 0.3783317996954344, new best FoM : 0.37811788538701074
06/05/2022 02:10:02.192 - oc_logger - INFO - Function evaluation number: 179, SI: 1, Sub-iteration number: 108, FoM: 0.37811788538701074
06/05/2022 02:10:02.360 - oc_logger - INFO - New record achieved. Previous FoM: 0.37811788538701074, new best FoM : 0.3780448636588496
06/05/2022 02:10:02.360 - oc_logger - INFO - Function evaluation number: 180, SI: 1, Sub-iteration number: 109, FoM: 0.3780448636588496
06/05/2022 02:10:02.524 - oc_logger - INFO - New record achieved. Previous FoM: 0.3780448636588496, new best FoM : 0.37781437109382154
06/05/2022 02:10:02.524 - oc_logger - INFO - Function evaluation number: 181, SI: 1, Sub-iteration number: 109, FoM: 0.37781437109382154
06/05/2022 02:10:02.687 - oc_logger - INFO - Function evaluation number: 182, SI: 1, Sub-iteration number: 110, FoM: 0.37807665474452534
06/05/2022 02:10:02.847 - oc_logger - INFO - Function evaluation number: 183, SI: 1, Sub-iteration number: 111, FoM: 0.37790371320024274
06/05/2022 02:10:03.025 - oc_logger - INFO - New record achieved. Previous FoM: 0.37781437109382154, new best FoM : 0.3776163465550314
06/05/2022 02:10:03.025 - oc_logger - INFO - Function evaluation number: 184, SI: 1, Sub-iteration number: 112, FoM: 0.3776163465550314
06/05/2022 02:10:03.192 - oc_logger - INFO - New record achieved. Previous FoM: 0.3776163465550314, new best FoM : 0.377570818204212
06/05/2022 02:10:03.192 - oc_logger - INFO - Function evaluation number: 185, SI: 1, Sub-iteration number: 112, FoM: 0.377570818204212
06/05/2022 02:10:03.354 - oc_logger - INFO - New record achieved. Previous FoM: 0.377570818204212, new best FoM : 0.37719427724798715
06/05/2022 02:10:03.354 - oc_logger - INFO - Function evaluation number: 186, SI: 1, Sub-iteration number: 113, FoM: 0.37719427724798715
06/05/2022 02:10:03.510 - oc_logger - INFO - New record achieved. Previous FoM: 0.37719427724798715, new best FoM : 0.3770639428953565
06/05/2022 02:10:03.511 - oc_logger - INFO - Function evaluation number: 187, SI: 1, Sub-iteration number: 113, FoM: 0.3770639428953565
06/05/2022 02:10:03.685 - oc_logger - INFO - New record achieved. Previous FoM: 0.3770639428953565, new best FoM : 0.3768035016962882
06/05/2022 02:10:03.686 - oc_logger - INFO - Function evaluation number: 188, SI: 1, Sub-iteration number: 114, FoM: 0.3768035016962882
06/05/2022 02:10:03.901 - oc_logger - INFO - New record achieved. Previous FoM: 0.3768035016962882, new best FoM : 0.3765203079676318
06/05/2022 02:10:03.901 - oc_logger - INFO - Function evaluation number: 189, SI: 1, Sub-iteration number: 114, FoM: 0.3765203079676318
06/05/2022 02:10:04.136 - oc_logger - INFO - New record achieved. Previous FoM: 0.3765203079676318, new best FoM : 0.37650531171855395
06/05/2022 02:10:04.136 - oc_logger - INFO - Function evaluation number: 190, SI: 1, Sub-iteration number: 115, FoM: 0.37650531171855395
06/05/2022 02:10:04.466 - oc_logger - INFO - New record achieved. Previous FoM: 0.37650531171855395, new best FoM : 0.37627629135877017
06/05/2022 02:10:04.466 - oc_logger - INFO - Function evaluation number: 191, SI: 1, Sub-iteration number: 115, FoM: 0.37627629135877017
06/05/2022 02:10:04.942 - oc_logger - INFO - Function evaluation number: 192, SI: 1, Sub-iteration number: 116, FoM: 0.37700050522025486
06/05/2022 02:10:05.309 - oc_logger - INFO - Function evaluation number: 193, SI: 1, Sub-iteration number: 117, FoM: 0.3763743454273394
06/05/2022 02:10:05.673 - oc_logger - INFO - Function evaluation number: 194, SI: 1, Sub-iteration number: 118, FoM: 0.376320040001224
06/05/2022 02:10:06.048 - oc_logger - INFO - New record achieved. Previous FoM: 0.37627629135877017, new best FoM : 0.3757116100694222
06/05/2022 02:10:06.048 - oc_logger - INFO - Function evaluation number: 195, SI: 1, Sub-iteration number: 119, FoM: 0.3757116100694222
06/05/2022 02:10:06.376 - oc_logger - INFO - New record achieved. Previous FoM: 0.3757116100694222, new best FoM : 0.3754529698869383
06/05/2022 02:10:06.376 - oc_logger - INFO - Function evaluation number: 196, SI: 1, Sub-iteration number: 119, FoM: 0.3754529698869383
06/05/2022 02:10:06.602 - oc_logger - INFO - Function evaluation number: 197, SI: 1, Sub-iteration number: 120, FoM: 0.3760003264849143
06/05/2022 02:10:06.858 - oc_logger - INFO - New record achieved. Previous FoM: 0.3754529698869383, new best FoM : 0.37511614158509177
06/05/2022 02:10:06.858 - oc_logger - INFO - Function evaluation number: 198, SI: 1, Sub-iteration number: 121, FoM: 0.37511614158509177
06/05/2022 02:10:07.058 - oc_logger - INFO - New record achieved. Previous FoM: 0.37511614158509177, new best FoM : 0.37480848161971425
06/05/2022 02:10:07.058 - oc_logger - INFO - Function evaluation number: 199, SI: 1, Sub-iteration number: 121, FoM: 0.37480848161971425
06/05/2022 02:10:07.296 - oc_logger - INFO - Function evaluation number: 200, SI: 1, Sub-iteration number: 122, FoM: 0.3750604377652057
06/05/2022 02:10:07.604 - oc_logger - INFO - New record achieved. Previous FoM: 0.37480848161971425, new best FoM : 0.37463804634250863
06/05/2022 02:10:07.605 - oc_logger - INFO - Function evaluation number: 201, SI: 1, Sub-iteration number: 123, FoM: 0.37463804634250863
06/05/2022 02:10:07.994 - oc_logger - INFO - New record achieved. Previous FoM: 0.37463804634250863, new best FoM : 0.37449191807995974
06/05/2022 02:10:07.994 - oc_logger - INFO - Function evaluation number: 202, SI: 1, Sub-iteration number: 123, FoM: 0.37449191807995974
06/05/2022 02:10:08.309 - oc_logger - INFO - Function evaluation number: 203, SI: 1, Sub-iteration number: 124, FoM: 0.3748893232268936
06/05/2022 02:10:08.541 - oc_logger - INFO - Function evaluation number: 204, SI: 1, Sub-iteration number: 125, FoM: 0.37449727743613326
06/05/2022 02:10:08.833 - oc_logger - INFO - Function evaluation number: 205, SI: 1, Sub-iteration number: 126, FoM: 0.3744930369922822
06/05/2022 02:10:09.112 - oc_logger - INFO - Function evaluation number: 206, SI: 1, Sub-iteration number: 127, FoM: 0.3745829951720545
06/05/2022 02:10:09.316 - oc_logger - INFO - New record achieved. Previous FoM: 0.37449191807995974, new best FoM : 0.37440069929968645
06/05/2022 02:10:09.317 - oc_logger - INFO - Function evaluation number: 207, SI: 1, Sub-iteration number: 128, FoM: 0.37440069929968645
06/05/2022 02:10:09.533 - oc_logger - INFO - New record achieved. Previous FoM: 0.37440069929968645, new best FoM : 0.37435246978308456
06/05/2022 02:10:09.533 - oc_logger - INFO - Function evaluation number: 208, SI: 1, Sub-iteration number: 128, FoM: 0.37435246978308456
06/05/2022 02:10:09.804 - oc_logger - INFO - Function evaluation number: 209, SI: 1, Sub-iteration number: 129, FoM: 0.37439979989582295
06/05/2022 02:10:10.085 - oc_logger - INFO - Function evaluation number: 210, SI: 1, Sub-iteration number: 130, FoM: 0.37438241809221173
06/05/2022 02:10:10.296 - oc_logger - INFO - New record achieved. Previous FoM: 0.37435246978308456, new best FoM : 0.3742578952997193
06/05/2022 02:10:10.296 - oc_logger - INFO - Function evaluation number: 211, SI: 1, Sub-iteration number: 131, FoM: 0.3742578952997193
06/05/2022 02:10:10.610 - oc_logger - INFO - New record achieved. Previous FoM: 0.3742578952997193, new best FoM : 0.37420272939565824
06/05/2022 02:10:10.610 - oc_logger - INFO - Function evaluation number: 212, SI: 1, Sub-iteration number: 131, FoM: 0.37420272939565824
06/05/2022 02:10:10.889 - oc_logger - INFO - Function evaluation number: 213, SI: 1, Sub-iteration number: 132, FoM: 0.37422090580914225
06/05/2022 02:10:11.116 - oc_logger - INFO - Function evaluation number: 214, SI: 1, Sub-iteration number: 133, FoM: 0.37425418022463186
06/05/2022 02:10:11.117 - oc_logger - INFO - SI 1 finished - Number of evaluations: 214, Best FoM: 0.37420272939565824, Terminate reason: Convergence of the FoM.

06/05/2022 02:10:11.117 - oc_logger - INFO - Direct search start time has been reset.
06/05/2022 02:10:11.355 - oc_logger - INFO - Function evaluation number: 215, SI: 2, Sub-iteration number: 0, FoM: 0.37420272939565824
06/05/2022 02:10:11.604 - oc_logger - INFO - Function evaluation number: 216, SI: 2, Sub-iteration number: 0, FoM: 0.3742075735498933
06/05/2022 02:10:11.877 - oc_logger - INFO - Function evaluation number: 217, SI: 2, Sub-iteration number: 0, FoM: 0.37421783457451874
06/05/2022 02:10:12.105 - oc_logger - INFO - New record achieved. Previous FoM: 0.37420272939565824, new best FoM : 0.3741919827859548
06/05/2022 02:10:12.106 - oc_logger - INFO - Function evaluation number: 218, SI: 2, Sub-iteration number: 0, FoM: 0.3741919827859548
06/05/2022 02:10:12.328 - oc_logger - INFO - Function evaluation number: 219, SI: 2, Sub-iteration number: 0, FoM: 0.3742075171866226
06/05/2022 02:10:12.544 - oc_logger - INFO - Function evaluation number: 220, SI: 2, Sub-iteration number: 0, FoM: 0.3742039735701962
06/05/2022 02:10:12.788 - oc_logger - INFO - Function evaluation number: 221, SI: 2, Sub-iteration number: 0, FoM: 0.3742292731610518
06/05/2022 02:10:12.974 - oc_logger - INFO - Function evaluation number: 222, SI: 2, Sub-iteration number: 0, FoM: 0.37420015280064833
06/05/2022 02:10:13.154 - oc_logger - INFO - New record achieved. Previous FoM: 0.3741919827859548, new best FoM : 0.37417080449967277
06/05/2022 02:10:13.154 - oc_logger - INFO - Function evaluation number: 223, SI: 2, Sub-iteration number: 0, FoM: 0.37417080449967277
06/05/2022 02:10:13.318 - oc_logger - INFO - Function evaluation number: 224, SI: 2, Sub-iteration number: 1, FoM: 0.3741713721814489
06/05/2022 02:10:13.319 - oc_logger - INFO - SI 2 finished - Number of evaluations: 10, Best FoM: 0.37417080449967277, Terminate reason: Convergence of the FoM.

06/05/2022 02:10:13.319 - oc_logger - INFO - Direct search start time has been reset.
06/05/2022 02:10:13.517 - oc_logger - INFO - Function evaluation number: 225, SI: 3, Sub-iteration number: 0, FoM: 0.37417080449967277
06/05/2022 02:10:13.755 - oc_logger - INFO - New record achieved. Previous FoM: 0.37417080449967277, new best FoM : 0.3741673463910291
06/05/2022 02:10:13.755 - oc_logger - INFO - Function evaluation number: 226, SI: 3, Sub-iteration number: 0, FoM: 0.3741673463910291
06/05/2022 02:10:14.153 - oc_logger - INFO - Function evaluation number: 227, SI: 3, Sub-iteration number: 0, FoM: 0.37418010471744423
06/05/2022 02:10:14.529 - oc_logger - INFO - New record achieved. Previous FoM: 0.3741673463910291, new best FoM : 0.37416312555244424
06/05/2022 02:10:14.530 - oc_logger - INFO - Function evaluation number: 228, SI: 3, Sub-iteration number: 0, FoM: 0.37416312555244424
06/05/2022 02:10:14.945 - oc_logger - INFO - New record achieved. Previous FoM: 0.37416312555244424, new best FoM : 0.37414705780891355
06/05/2022 02:10:14.945 - oc_logger - INFO - Function evaluation number: 229, SI: 3, Sub-iteration number: 0, FoM: 0.37414705780891355
06/05/2022 02:10:15.462 - oc_logger - INFO - Function evaluation number: 230, SI: 3, Sub-iteration number: 0, FoM: 0.3741772421383386
06/05/2022 02:10:15.913 - oc_logger - INFO - Function evaluation number: 231, SI: 3, Sub-iteration number: 0, FoM: 0.3741995268561238
06/05/2022 02:10:16.231 - oc_logger - INFO - Function evaluation number: 232, SI: 3, Sub-iteration number: 0, FoM: 0.3741477037108094
06/05/2022 02:10:16.475 - oc_logger - INFO - Function evaluation number: 233, SI: 3, Sub-iteration number: 0, FoM: 0.374170756953106
06/05/2022 02:10:16.734 - oc_logger - INFO - New record achieved. Previous FoM: 0.37414705780891355, new best FoM : 0.3741315135781016
06/05/2022 02:10:16.734 - oc_logger - INFO - Function evaluation number: 234, SI: 3, Sub-iteration number: 1, FoM: 0.3741315135781016
06/05/2022 02:10:16.973 - oc_logger - INFO - New record achieved. Previous FoM: 0.3741315135781016, new best FoM : 0.3741230135067517
06/05/2022 02:10:16.973 - oc_logger - INFO - Function evaluation number: 235, SI: 3, Sub-iteration number: 1, FoM: 0.3741230135067517
06/05/2022 02:10:16.975 - oc_logger - INFO - SI 3 finished - Number of evaluations: 11, Best FoM: 0.3741230135067517, Terminate reason: Convergence of the FoM.

06/05/2022 02:10:16.975 - oc_logger - INFO - Figure of merit : 0.3741230135067517
06/05/2022 02:10:16.975 - oc_logger - INFO - Std : 0.0
06/05/2022 02:10:16.975 - oc_logger - INFO - total number of function evaluations : 235
06/05/2022 02:10:16.976 - oc_logger - INFO - dcrab_freq_list : [array([[ 1.73243524,  5.24550164, 10.08393076, 15.40061769]]), array([[ 4.84700089,  9.07824012, 11.93195373, 16.21476884]]), array([[ 3.13158979,  7.7812668 , 11.03502186, 17.15366587]])]
06/05/2022 02:10:16.977 - oc_logger - INFO - dcrab_para_list : [array([  22.47845326, -162.55861112,    4.23892346,   41.36792109,
         11.56319119,   19.51523371,   40.97992831,   25.03116716]), array([-0.16923558, -0.00644572,  0.08575858,  0.117353  , -0.05081506,
        0.04322827,  0.1181961 ,  0.23826526]), array([ 0.16536619,  0.01189045,  0.06387862,  0.09511169,  0.23996617,
       -0.37010899,  0.10137874,  0.13809495])]
06/05/2022 02:10:16.977 - oc_logger - INFO - terminate_reason : Convergence of the FoM.
