06/06/2022 06:31:34.468 - oc_logger - INFO - The optimization direction is minimization
06/06/2022 06:31:34.468 - oc_logger - INFO - QuOCS version number: 0.0.22
06/06/2022 06:31:34.468 - oc_logger - INFO - Direct search start time has been reset.
06/06/2022 06:31:34.472 - oc_logger - INFO - New record achieved. Previous FoM: 10000000000.0, new best FoM : 0.4785086816692401
06/06/2022 06:31:34.472 - oc_logger - INFO - Function evaluation number: 1, SI: 1, Sub-iteration number: 0, FoM: 0.4785086816692401
06/06/2022 06:31:34.479 - oc_logger - INFO - New record achieved. Previous FoM: 0.4785086816692401, new best FoM : 0.4776488055129473
06/06/2022 06:31:34.479 - oc_logger - INFO - Function evaluation number: 2, SI: 1, Sub-iteration number: 0, FoM: 0.4776488055129473
06/06/2022 06:31:34.483 - oc_logger - INFO - Function evaluation number: 3, SI: 1, Sub-iteration number: 0, FoM: 0.494137976576178
06/06/2022 06:31:34.486 - oc_logger - INFO - New record achieved. Previous FoM: 0.4776488055129473, new best FoM : 0.45969004351566045
06/06/2022 06:31:34.486 - oc_logger - INFO - Function evaluation number: 4, SI: 1, Sub-iteration number: 1, FoM: 0.45969004351566045
06/06/2022 06:31:34.490 - oc_logger - INFO - New record achieved. Previous FoM: 0.45969004351566045, new best FoM : 0.4391512251210111
06/06/2022 06:31:34.490 - oc_logger - INFO - Function evaluation number: 5, SI: 1, Sub-iteration number: 1, FoM: 0.4391512251210111
06/06/2022 06:31:34.493 - oc_logger - INFO - New record achieved. Previous FoM: 0.4391512251210111, new best FoM : 0.43766937295602026
06/06/2022 06:31:34.493 - oc_logger - INFO - Function evaluation number: 6, SI: 1, Sub-iteration number: 2, FoM: 0.43766937295602026
06/06/2022 06:31:34.497 - oc_logger - INFO - New record achieved. Previous FoM: 0.43766937295602026, new best FoM : 0.41359281900132694
06/06/2022 06:31:34.497 - oc_logger - INFO - Function evaluation number: 7, SI: 1, Sub-iteration number: 2, FoM: 0.41359281900132694
06/06/2022 06:31:34.501 - oc_logger - INFO - New record achieved. Previous FoM: 0.41359281900132694, new best FoM : 0.36402150495623187
06/06/2022 06:31:34.501 - oc_logger - INFO - Function evaluation number: 8, SI: 1, Sub-iteration number: 3, FoM: 0.36402150495623187
06/06/2022 06:31:34.505 - oc_logger - INFO - New record achieved. Previous FoM: 0.36402150495623187, new best FoM : 0.29365323740284566
06/06/2022 06:31:34.505 - oc_logger - INFO - Function evaluation number: 9, SI: 1, Sub-iteration number: 3, FoM: 0.29365323740284566
06/06/2022 06:31:34.508 - oc_logger - INFO - New record achieved. Previous FoM: 0.29365323740284566, new best FoM : 0.26009060967548536
06/06/2022 06:31:34.508 - oc_logger - INFO - Function evaluation number: 10, SI: 1, Sub-iteration number: 4, FoM: 0.26009060967548536
06/06/2022 06:31:34.512 - oc_logger - INFO - New record achieved. Previous FoM: 0.26009060967548536, new best FoM : 0.16243866608252489
06/06/2022 06:31:34.512 - oc_logger - INFO - Function evaluation number: 11, SI: 1, Sub-iteration number: 4, FoM: 0.16243866608252489
06/06/2022 06:31:34.516 - oc_logger - INFO - New record achieved. Previous FoM: 0.16243866608252489, new best FoM : 0.05363441399532842
06/06/2022 06:31:34.516 - oc_logger - INFO - Function evaluation number: 12, SI: 1, Sub-iteration number: 5, FoM: 0.05363441399532842
06/06/2022 06:31:34.519 - oc_logger - INFO - New record achieved. Previous FoM: 0.05363441399532842, new best FoM : 0.016998469595754573
06/06/2022 06:31:34.519 - oc_logger - INFO - Function evaluation number: 13, SI: 1, Sub-iteration number: 5, FoM: 0.016998469595754573
06/06/2022 06:31:34.524 - oc_logger - INFO - Function evaluation number: 14, SI: 1, Sub-iteration number: 6, FoM: 0.021930403903950846
06/06/2022 06:31:34.526 - oc_logger - INFO - Function evaluation number: 15, SI: 1, Sub-iteration number: 7, FoM: 0.3355440203331439
06/06/2022 06:31:34.528 - oc_logger - INFO - New record achieved. Previous FoM: 0.016998469595754573, new best FoM : 0.014519614353015742
06/06/2022 06:31:34.528 - oc_logger - INFO - Function evaluation number: 16, SI: 1, Sub-iteration number: 7, FoM: 0.014519614353015742
06/06/2022 06:31:34.532 - oc_logger - INFO - Function evaluation number: 17, SI: 1, Sub-iteration number: 8, FoM: 0.10501999055744693
06/06/2022 06:31:34.535 - oc_logger - INFO - New record achieved. Previous FoM: 0.014519614353015742, new best FoM : 0.013704168639477654
06/06/2022 06:31:34.535 - oc_logger - INFO - Function evaluation number: 18, SI: 1, Sub-iteration number: 8, FoM: 0.013704168639477654
06/06/2022 06:31:34.539 - oc_logger - INFO - New record achieved. Previous FoM: 0.013704168639477654, new best FoM : 0.0003378481644663589
06/06/2022 06:31:34.539 - oc_logger - INFO - Function evaluation number: 19, SI: 1, Sub-iteration number: 9, FoM: 0.0003378481644663589
06/06/2022 06:31:34.543 - oc_logger - INFO - Function evaluation number: 20, SI: 1, Sub-iteration number: 9, FoM: 0.021775733269155828
06/06/2022 06:31:34.547 - oc_logger - INFO - Function evaluation number: 21, SI: 1, Sub-iteration number: 10, FoM: 0.00542978648401693
06/06/2022 06:31:34.551 - oc_logger - INFO - Function evaluation number: 22, SI: 1, Sub-iteration number: 11, FoM: 0.00944483210436542
06/06/2022 06:31:34.554 - oc_logger - INFO - Function evaluation number: 23, SI: 1, Sub-iteration number: 11, FoM: 0.013911057818270622
06/06/2022 06:31:34.557 - oc_logger - INFO - Function evaluation number: 24, SI: 1, Sub-iteration number: 11, FoM: 0.01612632043705009
06/06/2022 06:31:34.559 - oc_logger - INFO - Function evaluation number: 25, SI: 1, Sub-iteration number: 11, FoM: 0.015046243661107184
06/06/2022 06:31:34.562 - oc_logger - INFO - Function evaluation number: 26, SI: 1, Sub-iteration number: 12, FoM: 0.006898465108585161
06/06/2022 06:31:34.564 - oc_logger - INFO - Function evaluation number: 27, SI: 1, Sub-iteration number: 13, FoM: 0.041454113047007635
06/06/2022 06:31:34.568 - oc_logger - INFO - Function evaluation number: 28, SI: 1, Sub-iteration number: 13, FoM: 0.008374518364888672
06/06/2022 06:31:34.571 - oc_logger - INFO - Function evaluation number: 29, SI: 1, Sub-iteration number: 14, FoM: 0.02022236184303694
06/06/2022 06:31:34.574 - oc_logger - INFO - Function evaluation number: 30, SI: 1, Sub-iteration number: 14, FoM: 0.0030771274183043484
06/06/2022 06:31:34.576 - oc_logger - INFO - Function evaluation number: 31, SI: 1, Sub-iteration number: 15, FoM: 0.00790578686075305
06/06/2022 06:31:34.579 - oc_logger - INFO - Function evaluation number: 32, SI: 1, Sub-iteration number: 15, FoM: 0.0025195207317162405
06/06/2022 06:31:34.582 - oc_logger - INFO - Function evaluation number: 33, SI: 1, Sub-iteration number: 16, FoM: 0.006502738341876091
06/06/2022 06:31:34.585 - oc_logger - INFO - Function evaluation number: 34, SI: 1, Sub-iteration number: 16, FoM: 0.0009094316127071789
06/06/2022 06:31:34.587 - oc_logger - INFO - Function evaluation number: 35, SI: 1, Sub-iteration number: 17, FoM: 0.0028729032279293243
06/06/2022 06:31:34.590 - oc_logger - INFO - Function evaluation number: 36, SI: 1, Sub-iteration number: 17, FoM: 0.0010858986734276765
06/06/2022 06:31:34.593 - oc_logger - INFO - Function evaluation number: 37, SI: 1, Sub-iteration number: 18, FoM: 0.0016107568318517451
06/06/2022 06:31:34.597 - oc_logger - INFO - Function evaluation number: 38, SI: 1, Sub-iteration number: 18, FoM: 0.00039032677182659903
06/06/2022 06:31:34.600 - oc_logger - INFO - Function evaluation number: 39, SI: 1, Sub-iteration number: 19, FoM: 0.0016822390467945425
06/06/2022 06:31:34.603 - oc_logger - INFO - New record achieved. Previous FoM: 0.0003378481644663589, new best FoM : 0.0002783439913296437
06/06/2022 06:31:34.603 - oc_logger - INFO - Function evaluation number: 40, SI: 1, Sub-iteration number: 19, FoM: 0.0002783439913296437
06/06/2022 06:31:34.607 - oc_logger - INFO - Function evaluation number: 41, SI: 1, Sub-iteration number: 20, FoM: 0.0003286896848824217
06/06/2022 06:31:34.610 - oc_logger - INFO - Function evaluation number: 42, SI: 1, Sub-iteration number: 21, FoM: 0.0009338503132818587
06/06/2022 06:31:34.614 - oc_logger - INFO - New record achieved. Previous FoM: 0.0002783439913296437, new best FoM : 1.570855746768629e-05
06/06/2022 06:31:34.614 - oc_logger - INFO - Function evaluation number: 43, SI: 1, Sub-iteration number: 21, FoM: 1.570855746768629e-05
06/06/2022 06:31:34.617 - oc_logger - INFO - Function evaluation number: 44, SI: 1, Sub-iteration number: 22, FoM: 6.733519252544173e-05
06/06/2022 06:31:34.620 - oc_logger - INFO - Function evaluation number: 45, SI: 1, Sub-iteration number: 23, FoM: 0.0003639810020176215
06/06/2022 06:31:34.623 - oc_logger - INFO - Function evaluation number: 46, SI: 1, Sub-iteration number: 23, FoM: 0.00011881524249734987
06/06/2022 06:31:34.626 - oc_logger - INFO - Function evaluation number: 47, SI: 1, Sub-iteration number: 24, FoM: 0.00020234765890236872
06/06/2022 06:31:34.629 - oc_logger - INFO - Function evaluation number: 48, SI: 1, Sub-iteration number: 24, FoM: 3.878761693498767e-05
06/06/2022 06:31:34.633 - oc_logger - INFO - Function evaluation number: 49, SI: 1, Sub-iteration number: 25, FoM: 8.977509948904228e-05
06/06/2022 06:31:34.635 - oc_logger - INFO - Function evaluation number: 50, SI: 1, Sub-iteration number: 25, FoM: 2.780154118287026e-05
06/06/2022 06:31:34.638 - oc_logger - INFO - Function evaluation number: 51, SI: 1, Sub-iteration number: 26, FoM: 8.232271956754023e-05
06/06/2022 06:31:34.641 - oc_logger - INFO - New record achieved. Previous FoM: 1.570855746768629e-05, new best FoM : 8.545357210731908e-06
06/06/2022 06:31:34.641 - oc_logger - INFO - Function evaluation number: 52, SI: 1, Sub-iteration number: 26, FoM: 8.545357210731908e-06
06/06/2022 06:31:34.645 - oc_logger - INFO - Function evaluation number: 53, SI: 1, Sub-iteration number: 27, FoM: 2.0505647194246635e-05
06/06/2022 06:31:34.649 - oc_logger - INFO - New record achieved. Previous FoM: 8.545357210731908e-06, new best FoM : 8.48783674300968e-06
06/06/2022 06:31:34.649 - oc_logger - INFO - Function evaluation number: 54, SI: 1, Sub-iteration number: 27, FoM: 8.48783674300968e-06
06/06/2022 06:31:34.650 - oc_logger - INFO - SI 1 finished - Number of evaluations: 54, Best FoM: 8.48783674300968e-06, Terminate reason: Convergence of the simplex.

06/06/2022 06:31:34.650 - oc_logger - INFO - Figure of merit : 8.48783674300968e-06
06/06/2022 06:31:34.650 - oc_logger - INFO - Std : 0.0
06/06/2022 06:31:34.650 - oc_logger - INFO - total number of function evaluations : 54
06/06/2022 06:31:34.650 - oc_logger - INFO - dcrab_freq_list : [array([], dtype=float64)]
06/06/2022 06:31:34.650 - oc_logger - INFO - dcrab_para_list : [array([6.06377387, 5.21007926])]
06/06/2022 06:31:34.651 - oc_logger - INFO - terminate_reason : Convergence of the simplex.
