06/05/2022 01:55:45.808 - oc_logger - INFO - The optimization direction is minimization
06/05/2022 01:55:45.809 - oc_logger - INFO - QuOCS version number: 0.0.22
06/05/2022 01:55:45.809 - oc_logger - INFO - Direct search start time has been reset.
06/05/2022 01:55:46.261 - oc_logger - INFO - New record achieved. Previous FoM: 10000000000.0, new best FoM : 0.9753328061254639
06/05/2022 01:55:46.261 - oc_logger - INFO - Function evaluation number: 1, SI: 1, Sub-iteration number: 0, FoM: 0.9753328061254639
06/05/2022 01:55:46.656 - oc_logger - INFO - Function evaluation number: 2, SI: 1, Sub-iteration number: 0, FoM: 0.9753458714166682
06/05/2022 01:55:47.006 - oc_logger - INFO - New record achieved. Previous FoM: 0.9753328061254639, new best FoM : 0.9752947655369729
06/05/2022 01:55:47.006 - oc_logger - INFO - Function evaluation number: 3, SI: 1, Sub-iteration number: 0, FoM: 0.9752947655369729
06/05/2022 01:55:47.350 - oc_logger - INFO - Function evaluation number: 4, SI: 1, Sub-iteration number: 0, FoM: 0.9753780493974287
06/05/2022 01:55:47.696 - oc_logger - INFO - Function evaluation number: 5, SI: 1, Sub-iteration number: 0, FoM: 0.9753422789344748
06/05/2022 01:55:48.036 - oc_logger - INFO - Function evaluation number: 6, SI: 1, Sub-iteration number: 0, FoM: 0.9753124122600247
06/05/2022 01:55:48.375 - oc_logger - INFO - Function evaluation number: 7, SI: 1, Sub-iteration number: 0, FoM: 0.9753340549617722
06/05/2022 01:55:48.716 - oc_logger - INFO - Function evaluation number: 8, SI: 1, Sub-iteration number: 0, FoM: 0.9753246318550199
06/05/2022 01:55:49.059 - oc_logger - INFO - Function evaluation number: 9, SI: 1, Sub-iteration number: 0, FoM: 0.9753390971681039
06/05/2022 01:55:49.399 - oc_logger - INFO - New record achieved. Previous FoM: 0.9752947655369729, new best FoM : 0.9752783798528781
06/05/2022 01:55:49.399 - oc_logger - INFO - Function evaluation number: 10, SI: 1, Sub-iteration number: 1, FoM: 0.9752783798528781
06/05/2022 01:55:49.745 - oc_logger - INFO - New record achieved. Previous FoM: 0.9752783798528781, new best FoM : 0.9752659056829215
06/05/2022 01:55:49.746 - oc_logger - INFO - Function evaluation number: 11, SI: 1, Sub-iteration number: 1, FoM: 0.9752659056829215
06/05/2022 01:55:49.749 - oc_logger - INFO - SI 1 finished - Number of evaluations: 11, Best FoM: 0.9752659056829215, Terminate reason: Convergence of the FoM.

06/05/2022 01:55:49.750 - oc_logger - INFO - Direct search start time has been reset.
06/05/2022 01:55:50.096 - oc_logger - INFO - Function evaluation number: 12, SI: 2, Sub-iteration number: 0, FoM: 0.9752659056829215
06/05/2022 01:55:50.372 - oc_logger - INFO - New record achieved. Previous FoM: 0.9752659056829215, new best FoM : 0.9751911929275079
06/05/2022 01:55:50.372 - oc_logger - INFO - Function evaluation number: 13, SI: 2, Sub-iteration number: 0, FoM: 0.9751911929275079
06/05/2022 01:55:50.642 - oc_logger - INFO - Function evaluation number: 14, SI: 2, Sub-iteration number: 0, FoM: 0.9753042424292655
06/05/2022 01:55:50.913 - oc_logger - INFO - Function evaluation number: 15, SI: 2, Sub-iteration number: 0, FoM: 0.9753007836883527
06/05/2022 01:55:51.152 - oc_logger - INFO - Function evaluation number: 16, SI: 2, Sub-iteration number: 0, FoM: 0.9753046844059684
06/05/2022 01:55:51.479 - oc_logger - INFO - Function evaluation number: 17, SI: 2, Sub-iteration number: 0, FoM: 0.9753410032029735
06/05/2022 01:55:51.823 - oc_logger - INFO - Function evaluation number: 18, SI: 2, Sub-iteration number: 0, FoM: 0.9752083887966837
06/05/2022 01:55:52.161 - oc_logger - INFO - Function evaluation number: 19, SI: 2, Sub-iteration number: 0, FoM: 0.9752877659425578
06/05/2022 01:55:52.531 - oc_logger - INFO - Function evaluation number: 20, SI: 2, Sub-iteration number: 0, FoM: 0.9752502024880896
06/05/2022 01:55:52.920 - oc_logger - INFO - New record achieved. Previous FoM: 0.9751911929275079, new best FoM : 0.9751871976989526
06/05/2022 01:55:52.920 - oc_logger - INFO - Function evaluation number: 21, SI: 2, Sub-iteration number: 1, FoM: 0.9751871976989526
06/05/2022 01:55:53.311 - oc_logger - INFO - New record achieved. Previous FoM: 0.9751871976989526, new best FoM : 0.9751679371369022
06/05/2022 01:55:53.311 - oc_logger - INFO - Function evaluation number: 22, SI: 2, Sub-iteration number: 1, FoM: 0.9751679371369022
06/05/2022 01:55:53.315 - oc_logger - INFO - SI 2 finished - Number of evaluations: 11, Best FoM: 0.9751679371369022, Terminate reason: Convergence of the FoM.

06/05/2022 01:55:53.316 - oc_logger - INFO - Direct search start time has been reset.
06/05/2022 01:55:53.688 - oc_logger - INFO - Function evaluation number: 23, SI: 3, Sub-iteration number: 0, FoM: 0.9751679371369022
06/05/2022 01:55:54.008 - oc_logger - INFO - New record achieved. Previous FoM: 0.9751679371369022, new best FoM : 0.9744233353503678
06/05/2022 01:55:54.008 - oc_logger - INFO - Function evaluation number: 24, SI: 3, Sub-iteration number: 0, FoM: 0.9744233353503678
06/05/2022 01:55:54.384 - oc_logger - INFO - Function evaluation number: 25, SI: 3, Sub-iteration number: 0, FoM: 0.9764305216156963
06/05/2022 01:55:54.785 - oc_logger - INFO - Function evaluation number: 26, SI: 3, Sub-iteration number: 0, FoM: 0.9753002296135355
06/05/2022 01:55:55.128 - oc_logger - INFO - Function evaluation number: 27, SI: 3, Sub-iteration number: 0, FoM: 0.9750083690621578
06/05/2022 01:55:55.501 - oc_logger - INFO - Function evaluation number: 28, SI: 3, Sub-iteration number: 0, FoM: 0.9751570673830066
06/05/2022 01:55:55.819 - oc_logger - INFO - Function evaluation number: 29, SI: 3, Sub-iteration number: 0, FoM: 0.9759391087229862
06/05/2022 01:55:56.153 - oc_logger - INFO - Function evaluation number: 30, SI: 3, Sub-iteration number: 0, FoM: 0.9753285157231036
06/05/2022 01:55:56.487 - oc_logger - INFO - New record achieved. Previous FoM: 0.9744233353503678, new best FoM : 0.974294400651211
06/05/2022 01:55:56.487 - oc_logger - INFO - Function evaluation number: 31, SI: 3, Sub-iteration number: 0, FoM: 0.974294400651211
06/05/2022 01:55:56.829 - oc_logger - INFO - New record achieved. Previous FoM: 0.974294400651211, new best FoM : 0.9736877170630666
06/05/2022 01:55:56.829 - oc_logger - INFO - Function evaluation number: 32, SI: 3, Sub-iteration number: 1, FoM: 0.9736877170630666
06/05/2022 01:55:57.170 - oc_logger - INFO - New record achieved. Previous FoM: 0.9736877170630666, new best FoM : 0.9733332139557691
06/05/2022 01:55:57.170 - oc_logger - INFO - Function evaluation number: 33, SI: 3, Sub-iteration number: 1, FoM: 0.9733332139557691
06/05/2022 01:55:57.512 - oc_logger - INFO - Function evaluation number: 34, SI: 3, Sub-iteration number: 2, FoM: 0.9735432079445443
06/05/2022 01:55:57.850 - oc_logger - INFO - Function evaluation number: 35, SI: 3, Sub-iteration number: 3, FoM: 0.9737256875854636
06/05/2022 01:55:58.183 - oc_logger - INFO - Function evaluation number: 36, SI: 3, Sub-iteration number: 4, FoM: 0.9733533139866961
06/05/2022 01:55:58.522 - oc_logger - INFO - New record achieved. Previous FoM: 0.9733332139557691, new best FoM : 0.9730276550212038
06/05/2022 01:55:58.522 - oc_logger - INFO - Function evaluation number: 37, SI: 3, Sub-iteration number: 5, FoM: 0.9730276550212038
06/05/2022 01:55:58.863 - oc_logger - INFO - New record achieved. Previous FoM: 0.9730276550212038, new best FoM : 0.9727534950135555
06/05/2022 01:55:58.863 - oc_logger - INFO - Function evaluation number: 38, SI: 3, Sub-iteration number: 5, FoM: 0.9727534950135555
06/05/2022 01:55:59.203 - oc_logger - INFO - New record achieved. Previous FoM: 0.9727534950135555, new best FoM : 0.9724231481479763
06/05/2022 01:55:59.204 - oc_logger - INFO - Function evaluation number: 39, SI: 3, Sub-iteration number: 6, FoM: 0.9724231481479763
06/05/2022 01:55:59.546 - oc_logger - INFO - New record achieved. Previous FoM: 0.9724231481479763, new best FoM : 0.9720707519174785
06/05/2022 01:55:59.546 - oc_logger - INFO - Function evaluation number: 40, SI: 3, Sub-iteration number: 6, FoM: 0.9720707519174785
06/05/2022 01:55:59.924 - oc_logger - INFO - New record achieved. Previous FoM: 0.9720707519174785, new best FoM : 0.9718255359355243
06/05/2022 01:55:59.924 - oc_logger - INFO - Function evaluation number: 41, SI: 3, Sub-iteration number: 7, FoM: 0.9718255359355243
06/05/2022 01:56:00.324 - oc_logger - INFO - New record achieved. Previous FoM: 0.9718255359355243, new best FoM : 0.9714134207042726
06/05/2022 01:56:00.324 - oc_logger - INFO - Function evaluation number: 42, SI: 3, Sub-iteration number: 7, FoM: 0.9714134207042726
06/05/2022 01:56:00.717 - oc_logger - INFO - Function evaluation number: 43, SI: 3, Sub-iteration number: 8, FoM: 0.9716757221046163
06/05/2022 01:56:01.104 - oc_logger - INFO - New record achieved. Previous FoM: 0.9714134207042726, new best FoM : 0.9711371346349573
06/05/2022 01:56:01.104 - oc_logger - INFO - Function evaluation number: 44, SI: 3, Sub-iteration number: 9, FoM: 0.9711371346349573
06/05/2022 01:56:01.490 - oc_logger - INFO - New record achieved. Previous FoM: 0.9711371346349573, new best FoM : 0.9707286242534323
06/05/2022 01:56:01.490 - oc_logger - INFO - Function evaluation number: 45, SI: 3, Sub-iteration number: 9, FoM: 0.9707286242534323
06/05/2022 01:56:01.882 - oc_logger - INFO - Function evaluation number: 46, SI: 3, Sub-iteration number: 10, FoM: 0.9709736149522744
06/05/2022 01:56:02.263 - oc_logger - INFO - New record achieved. Previous FoM: 0.9707286242534323, new best FoM : 0.9705050206254147
06/05/2022 01:56:02.263 - oc_logger - INFO - Function evaluation number: 47, SI: 3, Sub-iteration number: 11, FoM: 0.9705050206254147
06/05/2022 01:56:02.646 - oc_logger - INFO - New record achieved. Previous FoM: 0.9705050206254147, new best FoM : 0.9701127333483535
06/05/2022 01:56:02.646 - oc_logger - INFO - Function evaluation number: 48, SI: 3, Sub-iteration number: 11, FoM: 0.9701127333483535
06/05/2022 01:56:03.029 - oc_logger - INFO - New record achieved. Previous FoM: 0.9701127333483535, new best FoM : 0.9698734951209744
06/05/2022 01:56:03.029 - oc_logger - INFO - Function evaluation number: 49, SI: 3, Sub-iteration number: 12, FoM: 0.9698734951209744
06/05/2022 01:56:03.417 - oc_logger - INFO - New record achieved. Previous FoM: 0.9698734951209744, new best FoM : 0.9694224558692547
06/05/2022 01:56:03.417 - oc_logger - INFO - Function evaluation number: 50, SI: 3, Sub-iteration number: 12, FoM: 0.9694224558692547
06/05/2022 01:56:03.769 - oc_logger - INFO - New record achieved. Previous FoM: 0.9694224558692547, new best FoM : 0.9688845610944216
06/05/2022 01:56:03.769 - oc_logger - INFO - Function evaluation number: 51, SI: 3, Sub-iteration number: 13, FoM: 0.9688845610944216
06/05/2022 01:56:04.112 - oc_logger - INFO - New record achieved. Previous FoM: 0.9688845610944216, new best FoM : 0.9683036199523423
06/05/2022 01:56:04.112 - oc_logger - INFO - Function evaluation number: 52, SI: 3, Sub-iteration number: 13, FoM: 0.9683036199523423
06/05/2022 01:56:04.498 - oc_logger - INFO - Function evaluation number: 53, SI: 3, Sub-iteration number: 14, FoM: 0.9683585789318212
06/05/2022 01:56:04.916 - oc_logger - INFO - New record achieved. Previous FoM: 0.9683036199523423, new best FoM : 0.9681333973419121
06/05/2022 01:56:04.916 - oc_logger - INFO - Function evaluation number: 54, SI: 3, Sub-iteration number: 15, FoM: 0.9681333973419121
06/05/2022 01:56:05.310 - oc_logger - INFO - New record achieved. Previous FoM: 0.9681333973419121, new best FoM : 0.9676217637652479
06/05/2022 01:56:05.310 - oc_logger - INFO - Function evaluation number: 55, SI: 3, Sub-iteration number: 15, FoM: 0.9676217637652479
06/05/2022 01:56:05.703 - oc_logger - INFO - New record achieved. Previous FoM: 0.9676217637652479, new best FoM : 0.9675124212423581
06/05/2022 01:56:05.703 - oc_logger - INFO - Function evaluation number: 56, SI: 3, Sub-iteration number: 16, FoM: 0.9675124212423581
06/05/2022 01:56:06.096 - oc_logger - INFO - New record achieved. Previous FoM: 0.9675124212423581, new best FoM : 0.9669708253646072
06/05/2022 01:56:06.096 - oc_logger - INFO - Function evaluation number: 57, SI: 3, Sub-iteration number: 16, FoM: 0.9669708253646072
06/05/2022 01:56:06.488 - oc_logger - INFO - New record achieved. Previous FoM: 0.9669708253646072, new best FoM : 0.9666437723210906
06/05/2022 01:56:06.489 - oc_logger - INFO - Function evaluation number: 58, SI: 3, Sub-iteration number: 17, FoM: 0.9666437723210906
06/05/2022 01:56:06.881 - oc_logger - INFO - New record achieved. Previous FoM: 0.9666437723210906, new best FoM : 0.9660200713403759
06/05/2022 01:56:06.881 - oc_logger - INFO - Function evaluation number: 59, SI: 3, Sub-iteration number: 17, FoM: 0.9660200713403759
06/05/2022 01:56:07.273 - oc_logger - INFO - New record achieved. Previous FoM: 0.9660200713403759, new best FoM : 0.9658375362870857
06/05/2022 01:56:07.273 - oc_logger - INFO - Function evaluation number: 60, SI: 3, Sub-iteration number: 18, FoM: 0.9658375362870857
06/05/2022 01:56:07.664 - oc_logger - INFO - New record achieved. Previous FoM: 0.9658375362870857, new best FoM : 0.9651645720492974
06/05/2022 01:56:07.664 - oc_logger - INFO - Function evaluation number: 61, SI: 3, Sub-iteration number: 18, FoM: 0.9651645720492974
06/05/2022 01:56:08.055 - oc_logger - INFO - New record achieved. Previous FoM: 0.9651645720492974, new best FoM : 0.9646542181140783
06/05/2022 01:56:08.055 - oc_logger - INFO - Function evaluation number: 62, SI: 3, Sub-iteration number: 19, FoM: 0.9646542181140783
06/05/2022 01:56:08.444 - oc_logger - INFO - New record achieved. Previous FoM: 0.9646542181140783, new best FoM : 0.9638528376740063
06/05/2022 01:56:08.444 - oc_logger - INFO - Function evaluation number: 63, SI: 3, Sub-iteration number: 19, FoM: 0.9638528376740063
06/05/2022 01:56:08.835 - oc_logger - INFO - New record achieved. Previous FoM: 0.9638528376740063, new best FoM : 0.9637013362186487
06/05/2022 01:56:08.835 - oc_logger - INFO - Function evaluation number: 64, SI: 3, Sub-iteration number: 20, FoM: 0.9637013362186487
06/05/2022 01:56:09.226 - oc_logger - INFO - New record achieved. Previous FoM: 0.9637013362186487, new best FoM : 0.9628545469265202
06/05/2022 01:56:09.226 - oc_logger - INFO - Function evaluation number: 65, SI: 3, Sub-iteration number: 20, FoM: 0.9628545469265202
06/05/2022 01:56:09.614 - oc_logger - INFO - New record achieved. Previous FoM: 0.9628545469265202, new best FoM : 0.9627496497466127
06/05/2022 01:56:09.614 - oc_logger - INFO - Function evaluation number: 66, SI: 3, Sub-iteration number: 21, FoM: 0.9627496497466127
06/05/2022 01:56:10.003 - oc_logger - INFO - New record achieved. Previous FoM: 0.9627496497466127, new best FoM : 0.9618676747225825
06/05/2022 01:56:10.003 - oc_logger - INFO - Function evaluation number: 67, SI: 3, Sub-iteration number: 21, FoM: 0.9618676747225825
06/05/2022 01:56:10.385 - oc_logger - INFO - Function evaluation number: 68, SI: 3, Sub-iteration number: 22, FoM: 0.962234685047136
06/05/2022 01:56:10.773 - oc_logger - INFO - New record achieved. Previous FoM: 0.9618676747225825, new best FoM : 0.9606890841623299
06/05/2022 01:56:10.773 - oc_logger - INFO - Function evaluation number: 69, SI: 3, Sub-iteration number: 23, FoM: 0.9606890841623299
06/05/2022 01:56:11.169 - oc_logger - INFO - New record achieved. Previous FoM: 0.9606890841623299, new best FoM : 0.9596767861288743
06/05/2022 01:56:11.169 - oc_logger - INFO - Function evaluation number: 70, SI: 3, Sub-iteration number: 23, FoM: 0.9596767861288743
06/05/2022 01:56:11.528 - oc_logger - INFO - New record achieved. Previous FoM: 0.9596767861288743, new best FoM : 0.9593690001003107
06/05/2022 01:56:11.528 - oc_logger - INFO - Function evaluation number: 71, SI: 3, Sub-iteration number: 24, FoM: 0.9593690001003107
06/05/2022 01:56:11.874 - oc_logger - INFO - New record achieved. Previous FoM: 0.9593690001003107, new best FoM : 0.9582696680588123
06/05/2022 01:56:11.874 - oc_logger - INFO - Function evaluation number: 72, SI: 3, Sub-iteration number: 24, FoM: 0.9582696680588123
06/05/2022 01:56:12.214 - oc_logger - INFO - New record achieved. Previous FoM: 0.9582696680588123, new best FoM : 0.9578057462648454
06/05/2022 01:56:12.214 - oc_logger - INFO - Function evaluation number: 73, SI: 3, Sub-iteration number: 25, FoM: 0.9578057462648454
06/05/2022 01:56:12.562 - oc_logger - INFO - New record achieved. Previous FoM: 0.9578057462648454, new best FoM : 0.9565788434717577
06/05/2022 01:56:12.562 - oc_logger - INFO - Function evaluation number: 74, SI: 3, Sub-iteration number: 25, FoM: 0.9565788434717577
06/05/2022 01:56:12.907 - oc_logger - INFO - New record achieved. Previous FoM: 0.9565788434717577, new best FoM : 0.9563960321877466
06/05/2022 01:56:12.907 - oc_logger - INFO - Function evaluation number: 75, SI: 3, Sub-iteration number: 26, FoM: 0.9563960321877466
06/05/2022 01:56:13.293 - oc_logger - INFO - New record achieved. Previous FoM: 0.9563960321877466, new best FoM : 0.9551072846539996
06/05/2022 01:56:13.293 - oc_logger - INFO - Function evaluation number: 76, SI: 3, Sub-iteration number: 26, FoM: 0.9551072846539996
06/05/2022 01:56:13.691 - oc_logger - INFO - New record achieved. Previous FoM: 0.9551072846539996, new best FoM : 0.9547065513963273
06/05/2022 01:56:13.691 - oc_logger - INFO - Function evaluation number: 77, SI: 3, Sub-iteration number: 27, FoM: 0.9547065513963273
06/05/2022 01:56:14.081 - oc_logger - INFO - New record achieved. Previous FoM: 0.9547065513963273, new best FoM : 0.9533011431922417
06/05/2022 01:56:14.081 - oc_logger - INFO - Function evaluation number: 78, SI: 3, Sub-iteration number: 27, FoM: 0.9533011431922417
06/05/2022 01:56:14.474 - oc_logger - INFO - Function evaluation number: 79, SI: 3, Sub-iteration number: 28, FoM: 0.9534160751117738
06/05/2022 01:56:14.864 - oc_logger - INFO - New record achieved. Previous FoM: 0.9533011431922417, new best FoM : 0.9520368559734657
06/05/2022 01:56:14.864 - oc_logger - INFO - Function evaluation number: 80, SI: 3, Sub-iteration number: 29, FoM: 0.9520368559734657
06/05/2022 01:56:15.263 - oc_logger - INFO - New record achieved. Previous FoM: 0.9520368559734657, new best FoM : 0.9505856565260363
06/05/2022 01:56:15.263 - oc_logger - INFO - Function evaluation number: 81, SI: 3, Sub-iteration number: 29, FoM: 0.9505856565260363
06/05/2022 01:56:15.658 - oc_logger - INFO - New record achieved. Previous FoM: 0.9505856565260363, new best FoM : 0.9496473119312925
06/05/2022 01:56:15.658 - oc_logger - INFO - Function evaluation number: 82, SI: 3, Sub-iteration number: 30, FoM: 0.9496473119312925
06/05/2022 01:56:16.050 - oc_logger - INFO - New record achieved. Previous FoM: 0.9496473119312925, new best FoM : 0.9479451364248382
06/05/2022 01:56:16.050 - oc_logger - INFO - Function evaluation number: 83, SI: 3, Sub-iteration number: 30, FoM: 0.9479451364248382
06/05/2022 01:56:16.445 - oc_logger - INFO - New record achieved. Previous FoM: 0.9479451364248382, new best FoM : 0.94632430242593
06/05/2022 01:56:16.445 - oc_logger - INFO - Function evaluation number: 84, SI: 3, Sub-iteration number: 31, FoM: 0.94632430242593
06/05/2022 01:56:16.839 - oc_logger - INFO - New record achieved. Previous FoM: 0.94632430242593, new best FoM : 0.9441932143961675
06/05/2022 01:56:16.839 - oc_logger - INFO - Function evaluation number: 85, SI: 3, Sub-iteration number: 31, FoM: 0.9441932143961675
06/05/2022 01:56:17.232 - oc_logger - INFO - Function evaluation number: 86, SI: 3, Sub-iteration number: 32, FoM: 0.944790564650259
06/05/2022 01:56:17.623 - oc_logger - INFO - New record achieved. Previous FoM: 0.9441932143961675, new best FoM : 0.942790652648532
06/05/2022 01:56:17.623 - oc_logger - INFO - Function evaluation number: 87, SI: 3, Sub-iteration number: 33, FoM: 0.942790652648532
06/05/2022 01:56:18.016 - oc_logger - INFO - New record achieved. Previous FoM: 0.942790652648532, new best FoM : 0.9406850865463953
06/05/2022 01:56:18.016 - oc_logger - INFO - Function evaluation number: 88, SI: 3, Sub-iteration number: 33, FoM: 0.9406850865463953
06/05/2022 01:56:18.367 - oc_logger - INFO - New record achieved. Previous FoM: 0.9406850865463953, new best FoM : 0.9405279751239579
06/05/2022 01:56:18.367 - oc_logger - INFO - Function evaluation number: 89, SI: 3, Sub-iteration number: 34, FoM: 0.9405279751239579
06/05/2022 01:56:18.717 - oc_logger - INFO - New record achieved. Previous FoM: 0.9405279751239579, new best FoM : 0.9383468184842814
06/05/2022 01:56:18.717 - oc_logger - INFO - Function evaluation number: 90, SI: 3, Sub-iteration number: 34, FoM: 0.9383468184842814
06/05/2022 01:56:19.064 - oc_logger - INFO - New record achieved. Previous FoM: 0.9383468184842814, new best FoM : 0.9377595547572983
06/05/2022 01:56:19.064 - oc_logger - INFO - Function evaluation number: 91, SI: 3, Sub-iteration number: 35, FoM: 0.9377595547572983
06/05/2022 01:56:19.410 - oc_logger - INFO - New record achieved. Previous FoM: 0.9377595547572983, new best FoM : 0.9353944511584898
06/05/2022 01:56:19.410 - oc_logger - INFO - Function evaluation number: 92, SI: 3, Sub-iteration number: 35, FoM: 0.9353944511584898
06/05/2022 01:56:19.761 - oc_logger - INFO - New record achieved. Previous FoM: 0.9353944511584898, new best FoM : 0.9349233319018935
06/05/2022 01:56:19.762 - oc_logger - INFO - Function evaluation number: 93, SI: 3, Sub-iteration number: 36, FoM: 0.9349233319018935
06/05/2022 01:56:20.111 - oc_logger - INFO - New record achieved. Previous FoM: 0.9349233319018935, new best FoM : 0.932399237510482
06/05/2022 01:56:20.111 - oc_logger - INFO - Function evaluation number: 94, SI: 3, Sub-iteration number: 36, FoM: 0.932399237510482
06/05/2022 01:56:20.460 - oc_logger - INFO - New record achieved. Previous FoM: 0.932399237510482, new best FoM : 0.9293533490340795
06/05/2022 01:56:20.460 - oc_logger - INFO - Function evaluation number: 95, SI: 3, Sub-iteration number: 37, FoM: 0.9293533490340795
06/05/2022 01:56:20.809 - oc_logger - INFO - New record achieved. Previous FoM: 0.9293533490340795, new best FoM : 0.9260222786414022
06/05/2022 01:56:20.809 - oc_logger - INFO - Function evaluation number: 96, SI: 3, Sub-iteration number: 37, FoM: 0.9260222786414022
06/05/2022 01:56:21.156 - oc_logger - INFO - New record achieved. Previous FoM: 0.9260222786414022, new best FoM : 0.9260148061905029
06/05/2022 01:56:21.157 - oc_logger - INFO - Function evaluation number: 97, SI: 3, Sub-iteration number: 38, FoM: 0.9260148061905029
06/05/2022 01:56:21.500 - oc_logger - INFO - New record achieved. Previous FoM: 0.9260148061905029, new best FoM : 0.9226101655599841
06/05/2022 01:56:21.500 - oc_logger - INFO - Function evaluation number: 98, SI: 3, Sub-iteration number: 38, FoM: 0.9226101655599841
06/05/2022 01:56:21.804 - oc_logger - INFO - New record achieved. Previous FoM: 0.9226101655599841, new best FoM : 0.9223595223454644
06/05/2022 01:56:21.805 - oc_logger - INFO - Function evaluation number: 99, SI: 3, Sub-iteration number: 39, FoM: 0.9223595223454644
06/05/2022 01:56:22.151 - oc_logger - INFO - New record achieved. Previous FoM: 0.9223595223454644, new best FoM : 0.9188204707518074
06/05/2022 01:56:22.151 - oc_logger - INFO - Function evaluation number: 100, SI: 3, Sub-iteration number: 39, FoM: 0.9188204707518074
06/05/2022 01:56:22.499 - oc_logger - INFO - Function evaluation number: 101, SI: 3, Sub-iteration number: 40, FoM: 0.9191491305796934
06/05/2022 01:56:22.847 - oc_logger - INFO - New record achieved. Previous FoM: 0.9188204707518074, new best FoM : 0.9129693258736036
06/05/2022 01:56:22.848 - oc_logger - INFO - Function evaluation number: 102, SI: 3, Sub-iteration number: 41, FoM: 0.9129693258736036
06/05/2022 01:56:23.197 - oc_logger - INFO - New record achieved. Previous FoM: 0.9129693258736036, new best FoM : 0.90861468493106
06/05/2022 01:56:23.197 - oc_logger - INFO - Function evaluation number: 103, SI: 3, Sub-iteration number: 41, FoM: 0.90861468493106
06/05/2022 01:56:23.546 - oc_logger - INFO - New record achieved. Previous FoM: 0.90861468493106, new best FoM : 0.9085564619918511
06/05/2022 01:56:23.547 - oc_logger - INFO - Function evaluation number: 104, SI: 3, Sub-iteration number: 42, FoM: 0.9085564619918511
06/05/2022 01:56:23.892 - oc_logger - INFO - New record achieved. Previous FoM: 0.9085564619918511, new best FoM : 0.904133436451634
06/05/2022 01:56:23.892 - oc_logger - INFO - Function evaluation number: 105, SI: 3, Sub-iteration number: 42, FoM: 0.904133436451634
06/05/2022 01:56:24.241 - oc_logger - INFO - New record achieved. Previous FoM: 0.904133436451634, new best FoM : 0.9021742233604728
06/05/2022 01:56:24.241 - oc_logger - INFO - Function evaluation number: 106, SI: 3, Sub-iteration number: 43, FoM: 0.9021742233604728
06/05/2022 01:56:24.587 - oc_logger - INFO - New record achieved. Previous FoM: 0.9021742233604728, new best FoM : 0.8975251905567384
06/05/2022 01:56:24.587 - oc_logger - INFO - Function evaluation number: 107, SI: 3, Sub-iteration number: 43, FoM: 0.8975251905567384
06/05/2022 01:56:24.937 - oc_logger - INFO - New record achieved. Previous FoM: 0.8975251905567384, new best FoM : 0.8956936432322334
06/05/2022 01:56:24.937 - oc_logger - INFO - Function evaluation number: 108, SI: 3, Sub-iteration number: 44, FoM: 0.8956936432322334
06/05/2022 01:56:25.288 - oc_logger - INFO - New record achieved. Previous FoM: 0.8956936432322334, new best FoM : 0.890860982189084
06/05/2022 01:56:25.288 - oc_logger - INFO - Function evaluation number: 109, SI: 3, Sub-iteration number: 44, FoM: 0.890860982189084
06/05/2022 01:56:25.640 - oc_logger - INFO - New record achieved. Previous FoM: 0.890860982189084, new best FoM : 0.8891024383194642
06/05/2022 01:56:25.640 - oc_logger - INFO - Function evaluation number: 110, SI: 3, Sub-iteration number: 45, FoM: 0.8891024383194642
06/05/2022 01:56:25.989 - oc_logger - INFO - New record achieved. Previous FoM: 0.8891024383194642, new best FoM : 0.8843240034875968
06/05/2022 01:56:25.990 - oc_logger - INFO - Function evaluation number: 111, SI: 3, Sub-iteration number: 45, FoM: 0.8843240034875968
06/05/2022 01:56:26.339 - oc_logger - INFO - Function evaluation number: 112, SI: 3, Sub-iteration number: 46, FoM: 0.8850163276186271
06/05/2022 01:56:26.688 - oc_logger - INFO - New record achieved. Previous FoM: 0.8843240034875968, new best FoM : 0.8816858365018585
06/05/2022 01:56:26.688 - oc_logger - INFO - Function evaluation number: 113, SI: 3, Sub-iteration number: 47, FoM: 0.8816858365018585
06/05/2022 01:56:27.037 - oc_logger - INFO - New record achieved. Previous FoM: 0.8816858365018585, new best FoM : 0.8783475923564672
06/05/2022 01:56:27.037 - oc_logger - INFO - Function evaluation number: 114, SI: 3, Sub-iteration number: 47, FoM: 0.8783475923564672
06/05/2022 01:56:27.376 - oc_logger - INFO - New record achieved. Previous FoM: 0.8783475923564672, new best FoM : 0.8745955718348368
06/05/2022 01:56:27.377 - oc_logger - INFO - Function evaluation number: 115, SI: 3, Sub-iteration number: 48, FoM: 0.8745955718348368
06/05/2022 01:56:27.725 - oc_logger - INFO - New record achieved. Previous FoM: 0.8745955718348368, new best FoM : 0.8704168009071325
06/05/2022 01:56:27.725 - oc_logger - INFO - Function evaluation number: 116, SI: 3, Sub-iteration number: 48, FoM: 0.8704168009071325
06/05/2022 01:56:28.074 - oc_logger - INFO - New record achieved. Previous FoM: 0.8704168009071325, new best FoM : 0.8674789173764614
06/05/2022 01:56:28.074 - oc_logger - INFO - Function evaluation number: 117, SI: 3, Sub-iteration number: 49, FoM: 0.8674789173764614
06/05/2022 01:56:28.424 - oc_logger - INFO - New record achieved. Previous FoM: 0.8674789173764614, new best FoM : 0.8638557688320484
06/05/2022 01:56:28.424 - oc_logger - INFO - Function evaluation number: 118, SI: 3, Sub-iteration number: 49, FoM: 0.8638557688320484
06/05/2022 01:56:28.773 - oc_logger - INFO - Function evaluation number: 119, SI: 3, Sub-iteration number: 50, FoM: 0.8662255369198484
06/05/2022 01:56:29.122 - oc_logger - INFO - New record achieved. Previous FoM: 0.8638557688320484, new best FoM : 0.8610570788314992
06/05/2022 01:56:29.122 - oc_logger - INFO - Function evaluation number: 120, SI: 3, Sub-iteration number: 51, FoM: 0.8610570788314992
06/05/2022 01:56:29.472 - oc_logger - INFO - New record achieved. Previous FoM: 0.8610570788314992, new best FoM : 0.8580630822104143
06/05/2022 01:56:29.472 - oc_logger - INFO - Function evaluation number: 121, SI: 3, Sub-iteration number: 51, FoM: 0.8580630822104143
06/05/2022 01:56:29.824 - oc_logger - INFO - Function evaluation number: 122, SI: 3, Sub-iteration number: 52, FoM: 0.8589415077041141
06/05/2022 01:56:30.170 - oc_logger - INFO - New record achieved. Previous FoM: 0.8580630822104143, new best FoM : 0.8561121083581337
06/05/2022 01:56:30.170 - oc_logger - INFO - Function evaluation number: 123, SI: 3, Sub-iteration number: 53, FoM: 0.8561121083581337
06/05/2022 01:56:30.516 - oc_logger - INFO - New record achieved. Previous FoM: 0.8561121083581337, new best FoM : 0.8537404144854783
06/05/2022 01:56:30.516 - oc_logger - INFO - Function evaluation number: 124, SI: 3, Sub-iteration number: 53, FoM: 0.8537404144854783
06/05/2022 01:56:30.863 - oc_logger - INFO - Function evaluation number: 125, SI: 3, Sub-iteration number: 54, FoM: 0.8540720855173289
06/05/2022 01:56:31.211 - oc_logger - INFO - New record achieved. Previous FoM: 0.8537404144854783, new best FoM : 0.8502720707235512
06/05/2022 01:56:31.211 - oc_logger - INFO - Function evaluation number: 126, SI: 3, Sub-iteration number: 55, FoM: 0.8502720707235512
06/05/2022 01:56:31.563 - oc_logger - INFO - New record achieved. Previous FoM: 0.8502720707235512, new best FoM : 0.8484608677098213
06/05/2022 01:56:31.563 - oc_logger - INFO - Function evaluation number: 127, SI: 3, Sub-iteration number: 55, FoM: 0.8484608677098213
06/05/2022 01:56:31.915 - oc_logger - INFO - New record achieved. Previous FoM: 0.8484608677098213, new best FoM : 0.8475478475416305
06/05/2022 01:56:31.915 - oc_logger - INFO - Function evaluation number: 128, SI: 3, Sub-iteration number: 56, FoM: 0.8475478475416305
06/05/2022 01:56:32.264 - oc_logger - INFO - New record achieved. Previous FoM: 0.8475478475416305, new best FoM : 0.8460172989208345
06/05/2022 01:56:32.264 - oc_logger - INFO - Function evaluation number: 129, SI: 3, Sub-iteration number: 56, FoM: 0.8460172989208345
06/05/2022 01:56:32.615 - oc_logger - INFO - Function evaluation number: 130, SI: 3, Sub-iteration number: 57, FoM: 0.8483292594433132
06/05/2022 01:56:32.967 - oc_logger - INFO - New record achieved. Previous FoM: 0.8460172989208345, new best FoM : 0.8445555518415082
06/05/2022 01:56:32.967 - oc_logger - INFO - Function evaluation number: 131, SI: 3, Sub-iteration number: 58, FoM: 0.8445555518415082
06/05/2022 01:56:33.320 - oc_logger - INFO - New record achieved. Previous FoM: 0.8445555518415082, new best FoM : 0.8430550414503406
06/05/2022 01:56:33.320 - oc_logger - INFO - Function evaluation number: 132, SI: 3, Sub-iteration number: 58, FoM: 0.8430550414503406
06/05/2022 01:56:33.674 - oc_logger - INFO - Function evaluation number: 133, SI: 3, Sub-iteration number: 59, FoM: 0.8435687974287537
06/05/2022 01:56:34.023 - oc_logger - INFO - Function evaluation number: 134, SI: 3, Sub-iteration number: 60, FoM: 0.8441102018784604
06/05/2022 01:56:34.369 - oc_logger - INFO - New record achieved. Previous FoM: 0.8430550414503406, new best FoM : 0.8419543818425905
06/05/2022 01:56:34.369 - oc_logger - INFO - Function evaluation number: 135, SI: 3, Sub-iteration number: 61, FoM: 0.8419543818425905
06/05/2022 01:56:34.720 - oc_logger - INFO - New record achieved. Previous FoM: 0.8419543818425905, new best FoM : 0.8412409594303972
06/05/2022 01:56:34.720 - oc_logger - INFO - Function evaluation number: 136, SI: 3, Sub-iteration number: 61, FoM: 0.8412409594303972
06/05/2022 01:56:35.071 - oc_logger - INFO - New record achieved. Previous FoM: 0.8412409594303972, new best FoM : 0.8407951889553176
06/05/2022 01:56:35.071 - oc_logger - INFO - Function evaluation number: 137, SI: 3, Sub-iteration number: 62, FoM: 0.8407951889553176
06/05/2022 01:56:35.422 - oc_logger - INFO - New record achieved. Previous FoM: 0.8407951889553176, new best FoM : 0.8401141819148257
06/05/2022 01:56:35.422 - oc_logger - INFO - Function evaluation number: 138, SI: 3, Sub-iteration number: 62, FoM: 0.8401141819148257
06/05/2022 01:56:35.771 - oc_logger - INFO - Function evaluation number: 139, SI: 3, Sub-iteration number: 63, FoM: 0.8404548113838703
06/05/2022 01:56:36.119 - oc_logger - INFO - Function evaluation number: 140, SI: 3, Sub-iteration number: 64, FoM: 0.8403768786794873
06/05/2022 01:56:36.465 - oc_logger - INFO - New record achieved. Previous FoM: 0.8401141819148257, new best FoM : 0.8386528076194876
06/05/2022 01:56:36.465 - oc_logger - INFO - Function evaluation number: 141, SI: 3, Sub-iteration number: 65, FoM: 0.8386528076194876
06/05/2022 01:56:36.812 - oc_logger - INFO - New record achieved. Previous FoM: 0.8386528076194876, new best FoM : 0.8381416735210581
06/05/2022 01:56:36.812 - oc_logger - INFO - Function evaluation number: 142, SI: 3, Sub-iteration number: 65, FoM: 0.8381416735210581
06/05/2022 01:56:37.161 - oc_logger - INFO - Function evaluation number: 143, SI: 3, Sub-iteration number: 66, FoM: 0.8396589811527205
06/05/2022 01:56:37.504 - oc_logger - INFO - Function evaluation number: 144, SI: 3, Sub-iteration number: 67, FoM: 0.8382658815281709
06/05/2022 01:56:37.846 - oc_logger - INFO - Function evaluation number: 145, SI: 3, Sub-iteration number: 68, FoM: 0.8382310895803815
06/05/2022 01:56:38.191 - oc_logger - INFO - Function evaluation number: 146, SI: 3, Sub-iteration number: 69, FoM: 0.8384370210752257
06/05/2022 01:56:38.536 - oc_logger - INFO - New record achieved. Previous FoM: 0.8381416735210581, new best FoM : 0.838072204000377
06/05/2022 01:56:38.537 - oc_logger - INFO - Function evaluation number: 147, SI: 3, Sub-iteration number: 70, FoM: 0.838072204000377
06/05/2022 01:56:38.877 - oc_logger - INFO - New record achieved. Previous FoM: 0.838072204000377, new best FoM : 0.8378406982857569
06/05/2022 01:56:38.877 - oc_logger - INFO - Function evaluation number: 148, SI: 3, Sub-iteration number: 70, FoM: 0.8378406982857569
06/05/2022 01:56:39.225 - oc_logger - INFO - New record achieved. Previous FoM: 0.8378406982857569, new best FoM : 0.8375500167435763
06/05/2022 01:56:39.225 - oc_logger - INFO - Function evaluation number: 149, SI: 3, Sub-iteration number: 71, FoM: 0.8375500167435763
06/05/2022 01:56:39.573 - oc_logger - INFO - New record achieved. Previous FoM: 0.8375500167435763, new best FoM : 0.8373341072512192
06/05/2022 01:56:39.573 - oc_logger - INFO - Function evaluation number: 150, SI: 3, Sub-iteration number: 71, FoM: 0.8373341072512192
06/05/2022 01:56:39.921 - oc_logger - INFO - New record achieved. Previous FoM: 0.8373341072512192, new best FoM : 0.8371637328777393
06/05/2022 01:56:39.921 - oc_logger - INFO - Function evaluation number: 151, SI: 3, Sub-iteration number: 72, FoM: 0.8371637328777393
06/05/2022 01:56:40.272 - oc_logger - INFO - New record achieved. Previous FoM: 0.8371637328777393, new best FoM : 0.8368924896119554
06/05/2022 01:56:40.272 - oc_logger - INFO - Function evaluation number: 152, SI: 3, Sub-iteration number: 72, FoM: 0.8368924896119554
06/05/2022 01:56:40.624 - oc_logger - INFO - New record achieved. Previous FoM: 0.8368924896119554, new best FoM : 0.8366723691068718
06/05/2022 01:56:40.624 - oc_logger - INFO - Function evaluation number: 153, SI: 3, Sub-iteration number: 73, FoM: 0.8366723691068718
06/05/2022 01:56:40.972 - oc_logger - INFO - New record achieved. Previous FoM: 0.8366723691068718, new best FoM : 0.8364379791485602
06/05/2022 01:56:40.972 - oc_logger - INFO - Function evaluation number: 154, SI: 3, Sub-iteration number: 73, FoM: 0.8364379791485602
06/05/2022 01:56:41.324 - oc_logger - INFO - New record achieved. Previous FoM: 0.8364379791485602, new best FoM : 0.8358763112879737
06/05/2022 01:56:41.324 - oc_logger - INFO - Function evaluation number: 155, SI: 3, Sub-iteration number: 74, FoM: 0.8358763112879737
06/05/2022 01:56:41.669 - oc_logger - INFO - New record achieved. Previous FoM: 0.8358763112879737, new best FoM : 0.8354549325489511
06/05/2022 01:56:41.669 - oc_logger - INFO - Function evaluation number: 156, SI: 3, Sub-iteration number: 74, FoM: 0.8354549325489511
06/05/2022 01:56:42.021 - oc_logger - INFO - Function evaluation number: 157, SI: 3, Sub-iteration number: 75, FoM: 0.8359195247985195
06/05/2022 01:56:42.370 - oc_logger - INFO - Function evaluation number: 158, SI: 3, Sub-iteration number: 76, FoM: 0.8360735023735062
06/05/2022 01:56:42.718 - oc_logger - INFO - New record achieved. Previous FoM: 0.8354549325489511, new best FoM : 0.8351702631817712
06/05/2022 01:56:42.718 - oc_logger - INFO - Function evaluation number: 159, SI: 3, Sub-iteration number: 77, FoM: 0.8351702631817712
06/05/2022 01:56:43.066 - oc_logger - INFO - New record achieved. Previous FoM: 0.8351702631817712, new best FoM : 0.8348302956665049
06/05/2022 01:56:43.066 - oc_logger - INFO - Function evaluation number: 160, SI: 3, Sub-iteration number: 77, FoM: 0.8348302956665049
06/05/2022 01:56:43.416 - oc_logger - INFO - Function evaluation number: 161, SI: 3, Sub-iteration number: 78, FoM: 0.835224560975603
06/05/2022 01:56:43.764 - oc_logger - INFO - New record achieved. Previous FoM: 0.8348302956665049, new best FoM : 0.8344939198112391
06/05/2022 01:56:43.764 - oc_logger - INFO - Function evaluation number: 162, SI: 3, Sub-iteration number: 79, FoM: 0.8344939198112391
06/05/2022 01:56:44.120 - oc_logger - INFO - New record achieved. Previous FoM: 0.8344939198112391, new best FoM : 0.8342416416779906
06/05/2022 01:56:44.120 - oc_logger - INFO - Function evaluation number: 163, SI: 3, Sub-iteration number: 79, FoM: 0.8342416416779906
06/05/2022 01:56:44.468 - oc_logger - INFO - New record achieved. Previous FoM: 0.8342416416779906, new best FoM : 0.8342138685206547
06/05/2022 01:56:44.468 - oc_logger - INFO - Function evaluation number: 164, SI: 3, Sub-iteration number: 80, FoM: 0.8342138685206547
06/05/2022 01:56:44.819 - oc_logger - INFO - New record achieved. Previous FoM: 0.8342138685206547, new best FoM : 0.8339827342463024
06/05/2022 01:56:44.819 - oc_logger - INFO - Function evaluation number: 165, SI: 3, Sub-iteration number: 80, FoM: 0.8339827342463024
06/05/2022 01:56:45.169 - oc_logger - INFO - Function evaluation number: 166, SI: 3, Sub-iteration number: 81, FoM: 0.8340377359793893
06/05/2022 01:56:45.516 - oc_logger - INFO - New record achieved. Previous FoM: 0.8339827342463024, new best FoM : 0.8332226498885604
06/05/2022 01:56:45.517 - oc_logger - INFO - Function evaluation number: 167, SI: 3, Sub-iteration number: 82, FoM: 0.8332226498885604
06/05/2022 01:56:45.864 - oc_logger - INFO - New record achieved. Previous FoM: 0.8332226498885604, new best FoM : 0.8328471905743535
06/05/2022 01:56:45.864 - oc_logger - INFO - Function evaluation number: 168, SI: 3, Sub-iteration number: 82, FoM: 0.8328471905743535
06/05/2022 01:56:46.173 - oc_logger - INFO - Function evaluation number: 169, SI: 3, Sub-iteration number: 83, FoM: 0.8332250563240016
06/05/2022 01:56:46.521 - oc_logger - INFO - Function evaluation number: 170, SI: 3, Sub-iteration number: 84, FoM: 0.8335308714821514
06/05/2022 01:56:46.868 - oc_logger - INFO - Function evaluation number: 171, SI: 3, Sub-iteration number: 85, FoM: 0.8330451836913757
06/05/2022 01:56:47.213 - oc_logger - INFO - New record achieved. Previous FoM: 0.8328471905743535, new best FoM : 0.8321513562594843
06/05/2022 01:56:47.213 - oc_logger - INFO - Function evaluation number: 172, SI: 3, Sub-iteration number: 86, FoM: 0.8321513562594843
06/05/2022 01:56:47.565 - oc_logger - INFO - New record achieved. Previous FoM: 0.8321513562594843, new best FoM : 0.8318137501274184
06/05/2022 01:56:47.565 - oc_logger - INFO - Function evaluation number: 173, SI: 3, Sub-iteration number: 86, FoM: 0.8318137501274184
06/05/2022 01:56:47.916 - oc_logger - INFO - Function evaluation number: 174, SI: 3, Sub-iteration number: 87, FoM: 0.8326345990419772
06/05/2022 01:56:48.264 - oc_logger - INFO - Function evaluation number: 175, SI: 3, Sub-iteration number: 88, FoM: 0.8322588602246933
06/05/2022 01:56:48.611 - oc_logger - INFO - Function evaluation number: 176, SI: 3, Sub-iteration number: 89, FoM: 0.8322942601849103
06/05/2022 01:56:48.957 - oc_logger - INFO - New record achieved. Previous FoM: 0.8318137501274184, new best FoM : 0.8316207940613756
06/05/2022 01:56:48.957 - oc_logger - INFO - Function evaluation number: 177, SI: 3, Sub-iteration number: 90, FoM: 0.8316207940613756
06/05/2022 01:56:49.304 - oc_logger - INFO - New record achieved. Previous FoM: 0.8316207940613756, new best FoM : 0.8313849625487042
06/05/2022 01:56:49.305 - oc_logger - INFO - Function evaluation number: 178, SI: 3, Sub-iteration number: 90, FoM: 0.8313849625487042
06/05/2022 01:56:49.653 - oc_logger - INFO - New record achieved. Previous FoM: 0.8313849625487042, new best FoM : 0.8311327539827855
06/05/2022 01:56:49.653 - oc_logger - INFO - Function evaluation number: 179, SI: 3, Sub-iteration number: 91, FoM: 0.8311327539827855
06/05/2022 01:56:50.002 - oc_logger - INFO - New record achieved. Previous FoM: 0.8311327539827855, new best FoM : 0.8308585431521578
06/05/2022 01:56:50.002 - oc_logger - INFO - Function evaluation number: 180, SI: 3, Sub-iteration number: 91, FoM: 0.8308585431521578
06/05/2022 01:56:50.353 - oc_logger - INFO - Function evaluation number: 181, SI: 3, Sub-iteration number: 92, FoM: 0.8316164254140809
06/05/2022 01:56:50.694 - oc_logger - INFO - New record achieved. Previous FoM: 0.8308585431521578, new best FoM : 0.8308580208246824
06/05/2022 01:56:50.695 - oc_logger - INFO - Function evaluation number: 182, SI: 3, Sub-iteration number: 93, FoM: 0.8308580208246824
06/05/2022 01:56:51.038 - oc_logger - INFO - New record achieved. Previous FoM: 0.8308580208246824, new best FoM : 0.830595420854758
06/05/2022 01:56:51.038 - oc_logger - INFO - Function evaluation number: 183, SI: 3, Sub-iteration number: 93, FoM: 0.830595420854758
06/05/2022 01:56:51.381 - oc_logger - INFO - Function evaluation number: 184, SI: 3, Sub-iteration number: 94, FoM: 0.8310624231584418
06/05/2022 01:56:51.724 - oc_logger - INFO - New record achieved. Previous FoM: 0.830595420854758, new best FoM : 0.8302558060584517
06/05/2022 01:56:51.724 - oc_logger - INFO - Function evaluation number: 185, SI: 3, Sub-iteration number: 95, FoM: 0.8302558060584517
06/05/2022 01:56:52.057 - oc_logger - INFO - New record achieved. Previous FoM: 0.8302558060584517, new best FoM : 0.8299338125604534
06/05/2022 01:56:52.058 - oc_logger - INFO - Function evaluation number: 186, SI: 3, Sub-iteration number: 95, FoM: 0.8299338125604534
06/05/2022 01:56:52.403 - oc_logger - INFO - Function evaluation number: 187, SI: 3, Sub-iteration number: 96, FoM: 0.8300417631369967
06/05/2022 01:56:52.747 - oc_logger - INFO - New record achieved. Previous FoM: 0.8299338125604534, new best FoM : 0.8294269928183695
06/05/2022 01:56:52.747 - oc_logger - INFO - Function evaluation number: 188, SI: 3, Sub-iteration number: 97, FoM: 0.8294269928183695
06/05/2022 01:56:53.093 - oc_logger - INFO - New record achieved. Previous FoM: 0.8294269928183695, new best FoM : 0.829053766959851
06/05/2022 01:56:53.093 - oc_logger - INFO - Function evaluation number: 189, SI: 3, Sub-iteration number: 97, FoM: 0.829053766959851
06/05/2022 01:56:53.440 - oc_logger - INFO - Function evaluation number: 190, SI: 3, Sub-iteration number: 98, FoM: 0.8294275575563737
06/05/2022 01:56:53.786 - oc_logger - INFO - New record achieved. Previous FoM: 0.829053766959851, new best FoM : 0.8288445025068174
06/05/2022 01:56:53.786 - oc_logger - INFO - Function evaluation number: 191, SI: 3, Sub-iteration number: 99, FoM: 0.8288445025068174
06/05/2022 01:56:54.134 - oc_logger - INFO - New record achieved. Previous FoM: 0.8288445025068174, new best FoM : 0.8284775850156874
06/05/2022 01:56:54.134 - oc_logger - INFO - Function evaluation number: 192, SI: 3, Sub-iteration number: 99, FoM: 0.8284775850156874
06/05/2022 01:56:54.482 - oc_logger - INFO - New record achieved. Previous FoM: 0.8284775850156874, new best FoM : 0.8283666584640033
06/05/2022 01:56:54.482 - oc_logger - INFO - Function evaluation number: 193, SI: 3, Sub-iteration number: 100, FoM: 0.8283666584640033
06/05/2022 01:56:54.829 - oc_logger - INFO - New record achieved. Previous FoM: 0.8283666584640033, new best FoM : 0.8279748766775965
06/05/2022 01:56:54.829 - oc_logger - INFO - Function evaluation number: 194, SI: 3, Sub-iteration number: 100, FoM: 0.8279748766775965
06/05/2022 01:56:55.179 - oc_logger - INFO - Function evaluation number: 195, SI: 3, Sub-iteration number: 101, FoM: 0.8279769206242704
06/05/2022 01:56:55.527 - oc_logger - INFO - New record achieved. Previous FoM: 0.8279748766775965, new best FoM : 0.8277905798891821
06/05/2022 01:56:55.527 - oc_logger - INFO - Function evaluation number: 196, SI: 3, Sub-iteration number: 102, FoM: 0.8277905798891821
06/05/2022 01:56:55.875 - oc_logger - INFO - New record achieved. Previous FoM: 0.8277905798891821, new best FoM : 0.8274804510159408
06/05/2022 01:56:55.875 - oc_logger - INFO - Function evaluation number: 197, SI: 3, Sub-iteration number: 102, FoM: 0.8274804510159408
06/05/2022 01:56:56.220 - oc_logger - INFO - New record achieved. Previous FoM: 0.8274804510159408, new best FoM : 0.8271718582051324
06/05/2022 01:56:56.221 - oc_logger - INFO - Function evaluation number: 198, SI: 3, Sub-iteration number: 103, FoM: 0.8271718582051324
06/05/2022 01:56:56.568 - oc_logger - INFO - New record achieved. Previous FoM: 0.8271718582051324, new best FoM : 0.8267907864041213
06/05/2022 01:56:56.568 - oc_logger - INFO - Function evaluation number: 199, SI: 3, Sub-iteration number: 103, FoM: 0.8267907864041213
06/05/2022 01:56:56.918 - oc_logger - INFO - New record achieved. Previous FoM: 0.8267907864041213, new best FoM : 0.8266130896045858
06/05/2022 01:56:56.919 - oc_logger - INFO - Function evaluation number: 200, SI: 3, Sub-iteration number: 104, FoM: 0.8266130896045858
06/05/2022 01:56:57.266 - oc_logger - INFO - New record achieved. Previous FoM: 0.8266130896045858, new best FoM : 0.8261767067364976
06/05/2022 01:56:57.266 - oc_logger - INFO - Function evaluation number: 201, SI: 3, Sub-iteration number: 104, FoM: 0.8261767067364976
06/05/2022 01:56:57.615 - oc_logger - INFO - New record achieved. Previous FoM: 0.8261767067364976, new best FoM : 0.8258422056164354
06/05/2022 01:56:57.616 - oc_logger - INFO - Function evaluation number: 202, SI: 3, Sub-iteration number: 105, FoM: 0.8258422056164354
06/05/2022 01:56:57.962 - oc_logger - INFO - New record achieved. Previous FoM: 0.8258422056164354, new best FoM : 0.8253314442157105
06/05/2022 01:56:57.963 - oc_logger - INFO - Function evaluation number: 203, SI: 3, Sub-iteration number: 105, FoM: 0.8253314442157105
06/05/2022 01:56:58.309 - oc_logger - INFO - New record achieved. Previous FoM: 0.8253314442157105, new best FoM : 0.8250078259294338
06/05/2022 01:56:58.309 - oc_logger - INFO - Function evaluation number: 204, SI: 3, Sub-iteration number: 106, FoM: 0.8250078259294338
06/05/2022 01:56:58.657 - oc_logger - INFO - New record achieved. Previous FoM: 0.8250078259294338, new best FoM : 0.8245955493368371
06/05/2022 01:56:58.658 - oc_logger - INFO - Function evaluation number: 205, SI: 3, Sub-iteration number: 106, FoM: 0.8245955493368371
06/05/2022 01:56:58.986 - oc_logger - INFO - Function evaluation number: 206, SI: 3, Sub-iteration number: 107, FoM: 0.8247428922656166
06/05/2022 01:56:59.331 - oc_logger - INFO - New record achieved. Previous FoM: 0.8245955493368371, new best FoM : 0.8242373035870134
06/05/2022 01:56:59.332 - oc_logger - INFO - Function evaluation number: 207, SI: 3, Sub-iteration number: 108, FoM: 0.8242373035870134
06/05/2022 01:56:59.678 - oc_logger - INFO - New record achieved. Previous FoM: 0.8242373035870134, new best FoM : 0.8238548032849796
06/05/2022 01:56:59.678 - oc_logger - INFO - Function evaluation number: 208, SI: 3, Sub-iteration number: 108, FoM: 0.8238548032849796
06/05/2022 01:57:00.032 - oc_logger - INFO - Function evaluation number: 209, SI: 3, Sub-iteration number: 109, FoM: 0.8243699076256912
06/05/2022 01:57:00.337 - oc_logger - INFO - New record achieved. Previous FoM: 0.8238548032849796, new best FoM : 0.8234827980299111
06/05/2022 01:57:00.337 - oc_logger - INFO - Function evaluation number: 210, SI: 3, Sub-iteration number: 110, FoM: 0.8234827980299111
06/05/2022 01:57:00.677 - oc_logger - INFO - New record achieved. Previous FoM: 0.8234827980299111, new best FoM : 0.8230612751860336
06/05/2022 01:57:00.677 - oc_logger - INFO - Function evaluation number: 211, SI: 3, Sub-iteration number: 110, FoM: 0.8230612751860336
06/05/2022 01:57:01.029 - oc_logger - INFO - New record achieved. Previous FoM: 0.8230612751860336, new best FoM : 0.8225641723299582
06/05/2022 01:57:01.029 - oc_logger - INFO - Function evaluation number: 212, SI: 3, Sub-iteration number: 111, FoM: 0.8225641723299582
06/05/2022 01:57:01.432 - oc_logger - INFO - New record achieved. Previous FoM: 0.8225641723299582, new best FoM : 0.8223211663446911
06/05/2022 01:57:01.432 - oc_logger - INFO - Function evaluation number: 213, SI: 3, Sub-iteration number: 111, FoM: 0.8223211663446911
06/05/2022 01:57:01.857 - oc_logger - INFO - Function evaluation number: 214, SI: 3, Sub-iteration number: 112, FoM: 0.823039332148042
06/05/2022 01:57:02.283 - oc_logger - INFO - New record achieved. Previous FoM: 0.8223211663446911, new best FoM : 0.8216526787575799
06/05/2022 01:57:02.283 - oc_logger - INFO - Function evaluation number: 215, SI: 3, Sub-iteration number: 113, FoM: 0.8216526787575799
06/05/2022 01:57:02.707 - oc_logger - INFO - Function evaluation number: 216, SI: 3, Sub-iteration number: 113, FoM: 0.8219080248816585
06/05/2022 01:57:03.158 - oc_logger - INFO - Function evaluation number: 217, SI: 3, Sub-iteration number: 114, FoM: 0.8227910892923347
06/05/2022 01:57:03.580 - oc_logger - INFO - Function evaluation number: 218, SI: 3, Sub-iteration number: 115, FoM: 0.8219657823178528
06/05/2022 01:57:03.993 - oc_logger - INFO - New record achieved. Previous FoM: 0.8216526787575799, new best FoM : 0.8209401829430637
06/05/2022 01:57:03.993 - oc_logger - INFO - Function evaluation number: 219, SI: 3, Sub-iteration number: 116, FoM: 0.8209401829430637
06/05/2022 01:57:04.418 - oc_logger - INFO - New record achieved. Previous FoM: 0.8209401829430637, new best FoM : 0.8206235364283522
06/05/2022 01:57:04.418 - oc_logger - INFO - Function evaluation number: 220, SI: 3, Sub-iteration number: 116, FoM: 0.8206235364283522
06/05/2022 01:57:04.812 - oc_logger - INFO - Function evaluation number: 221, SI: 3, Sub-iteration number: 117, FoM: 0.8294969798829009
06/05/2022 01:57:05.202 - oc_logger - INFO - Function evaluation number: 222, SI: 3, Sub-iteration number: 117, FoM: 0.8235839583072136
06/05/2022 01:57:05.588 - oc_logger - INFO - Function evaluation number: 223, SI: 3, Sub-iteration number: 118, FoM: 0.821839323976954
06/05/2022 01:57:05.978 - oc_logger - INFO - Function evaluation number: 224, SI: 3, Sub-iteration number: 119, FoM: 0.8273067125487972
06/05/2022 01:57:06.334 - oc_logger - INFO - Function evaluation number: 225, SI: 3, Sub-iteration number: 119, FoM: 0.822875142554707
06/05/2022 01:57:06.677 - oc_logger - INFO - Function evaluation number: 226, SI: 3, Sub-iteration number: 120, FoM: 0.8227087206361049
06/05/2022 01:57:07.022 - oc_logger - INFO - New record achieved. Previous FoM: 0.8206235364283522, new best FoM : 0.8206045362030854
06/05/2022 01:57:07.022 - oc_logger - INFO - Function evaluation number: 227, SI: 3, Sub-iteration number: 121, FoM: 0.8206045362030854
06/05/2022 01:57:07.369 - oc_logger - INFO - New record achieved. Previous FoM: 0.8206045362030854, new best FoM : 0.820476780058193
06/05/2022 01:57:07.369 - oc_logger - INFO - Function evaluation number: 228, SI: 3, Sub-iteration number: 121, FoM: 0.820476780058193
06/05/2022 01:57:07.720 - oc_logger - INFO - Function evaluation number: 229, SI: 3, Sub-iteration number: 122, FoM: 0.8257830302966375
06/05/2022 01:57:08.067 - oc_logger - INFO - Function evaluation number: 230, SI: 3, Sub-iteration number: 122, FoM: 0.8222459369414454
06/05/2022 01:57:08.413 - oc_logger - INFO - Function evaluation number: 231, SI: 3, Sub-iteration number: 123, FoM: 0.8206935756263745
06/05/2022 01:57:08.761 - oc_logger - INFO - Function evaluation number: 232, SI: 3, Sub-iteration number: 124, FoM: 0.8222148746730571
06/05/2022 01:57:09.109 - oc_logger - INFO - New record achieved. Previous FoM: 0.820476780058193, new best FoM : 0.8200326181432294
06/05/2022 01:57:09.109 - oc_logger - INFO - Function evaluation number: 233, SI: 3, Sub-iteration number: 125, FoM: 0.8200326181432294
06/05/2022 01:57:09.456 - oc_logger - INFO - New record achieved. Previous FoM: 0.8200326181432294, new best FoM : 0.8198049799011362
06/05/2022 01:57:09.456 - oc_logger - INFO - Function evaluation number: 234, SI: 3, Sub-iteration number: 125, FoM: 0.8198049799011362
06/05/2022 01:57:09.804 - oc_logger - INFO - Function evaluation number: 235, SI: 3, Sub-iteration number: 126, FoM: 0.8208527665816835
06/05/2022 01:57:10.149 - oc_logger - INFO - Function evaluation number: 236, SI: 3, Sub-iteration number: 127, FoM: 0.8218532814353356
06/05/2022 01:57:10.495 - oc_logger - INFO - New record achieved. Previous FoM: 0.8198049799011362, new best FoM : 0.819792292453394
06/05/2022 01:57:10.495 - oc_logger - INFO - Function evaluation number: 237, SI: 3, Sub-iteration number: 128, FoM: 0.819792292453394
06/05/2022 01:57:10.844 - oc_logger - INFO - New record achieved. Previous FoM: 0.819792292453394, new best FoM : 0.8196727861790414
06/05/2022 01:57:10.845 - oc_logger - INFO - Function evaluation number: 238, SI: 3, Sub-iteration number: 128, FoM: 0.8196727861790414
06/05/2022 01:57:11.194 - oc_logger - INFO - Function evaluation number: 239, SI: 3, Sub-iteration number: 129, FoM: 0.8215037068933001
06/05/2022 01:57:11.541 - oc_logger - INFO - Function evaluation number: 240, SI: 3, Sub-iteration number: 130, FoM: 0.8204599655875546
06/05/2022 01:57:11.886 - oc_logger - INFO - New record achieved. Previous FoM: 0.8196727861790414, new best FoM : 0.8192318722570597
06/05/2022 01:57:11.886 - oc_logger - INFO - Function evaluation number: 241, SI: 3, Sub-iteration number: 131, FoM: 0.8192318722570597
06/05/2022 01:57:12.235 - oc_logger - INFO - New record achieved. Previous FoM: 0.8192318722570597, new best FoM : 0.8190692713385213
06/05/2022 01:57:12.235 - oc_logger - INFO - Function evaluation number: 242, SI: 3, Sub-iteration number: 131, FoM: 0.8190692713385213
06/05/2022 01:57:12.581 - oc_logger - INFO - Function evaluation number: 243, SI: 3, Sub-iteration number: 132, FoM: 0.8194801176284694
06/05/2022 01:57:12.927 - oc_logger - INFO - Function evaluation number: 244, SI: 3, Sub-iteration number: 133, FoM: 0.8198475993055166
06/05/2022 01:57:13.273 - oc_logger - INFO - New record achieved. Previous FoM: 0.8190692713385213, new best FoM : 0.8187693712698524
06/05/2022 01:57:13.273 - oc_logger - INFO - Function evaluation number: 245, SI: 3, Sub-iteration number: 134, FoM: 0.8187693712698524
06/05/2022 01:57:13.621 - oc_logger - INFO - New record achieved. Previous FoM: 0.8187693712698524, new best FoM : 0.8186163859113118
06/05/2022 01:57:13.621 - oc_logger - INFO - Function evaluation number: 246, SI: 3, Sub-iteration number: 134, FoM: 0.8186163859113118
06/05/2022 01:57:13.971 - oc_logger - INFO - New record achieved. Previous FoM: 0.8186163859113118, new best FoM : 0.8183071482467787
06/05/2022 01:57:13.971 - oc_logger - INFO - Function evaluation number: 247, SI: 3, Sub-iteration number: 135, FoM: 0.8183071482467787
06/05/2022 01:57:14.320 - oc_logger - INFO - New record achieved. Previous FoM: 0.8183071482467787, new best FoM : 0.8181099693679689
06/05/2022 01:57:14.320 - oc_logger - INFO - Function evaluation number: 248, SI: 3, Sub-iteration number: 135, FoM: 0.8181099693679689
06/05/2022 01:57:14.670 - oc_logger - INFO - Function evaluation number: 249, SI: 3, Sub-iteration number: 136, FoM: 0.8183881234070769
06/05/2022 01:57:15.015 - oc_logger - INFO - Function evaluation number: 250, SI: 3, Sub-iteration number: 137, FoM: 0.8184651209173179
06/05/2022 01:57:15.364 - oc_logger - INFO - Function evaluation number: 251, SI: 3, Sub-iteration number: 138, FoM: 0.8190239871083006
06/05/2022 01:57:15.708 - oc_logger - INFO - Function evaluation number: 252, SI: 3, Sub-iteration number: 139, FoM: 0.8182886620994518
06/05/2022 01:57:16.049 - oc_logger - INFO - New record achieved. Previous FoM: 0.8181099693679689, new best FoM : 0.8173517745207741
06/05/2022 01:57:16.050 - oc_logger - INFO - Function evaluation number: 253, SI: 3, Sub-iteration number: 140, FoM: 0.8173517745207741
06/05/2022 01:57:16.398 - oc_logger - INFO - New record achieved. Previous FoM: 0.8173517745207741, new best FoM : 0.817125324321482
06/05/2022 01:57:16.398 - oc_logger - INFO - Function evaluation number: 254, SI: 3, Sub-iteration number: 140, FoM: 0.817125324321482
06/05/2022 01:57:16.746 - oc_logger - INFO - Function evaluation number: 255, SI: 3, Sub-iteration number: 141, FoM: 0.8179422058438315
06/05/2022 01:57:17.091 - oc_logger - INFO - Function evaluation number: 256, SI: 3, Sub-iteration number: 142, FoM: 0.8176568561969937
06/05/2022 01:57:17.431 - oc_logger - INFO - Function evaluation number: 257, SI: 3, Sub-iteration number: 143, FoM: 0.8177168827030417
06/05/2022 01:57:17.770 - oc_logger - INFO - New record achieved. Previous FoM: 0.817125324321482, new best FoM : 0.8170401801620885
06/05/2022 01:57:17.770 - oc_logger - INFO - Function evaluation number: 258, SI: 3, Sub-iteration number: 144, FoM: 0.8170401801620885
06/05/2022 01:57:18.118 - oc_logger - INFO - New record achieved. Previous FoM: 0.8170401801620885, new best FoM : 0.8169459645512944
06/05/2022 01:57:18.118 - oc_logger - INFO - Function evaluation number: 259, SI: 3, Sub-iteration number: 144, FoM: 0.8169459645512944
06/05/2022 01:57:18.459 - oc_logger - INFO - Function evaluation number: 260, SI: 3, Sub-iteration number: 145, FoM: 0.8173635769654397
06/05/2022 01:57:18.802 - oc_logger - INFO - Function evaluation number: 261, SI: 3, Sub-iteration number: 146, FoM: 0.8172916414218924
06/05/2022 01:57:19.138 - oc_logger - INFO - Function evaluation number: 262, SI: 3, Sub-iteration number: 147, FoM: 0.8175137721356835
06/05/2022 01:57:19.482 - oc_logger - INFO - New record achieved. Previous FoM: 0.8169459645512944, new best FoM : 0.8165310761459478
06/05/2022 01:57:19.482 - oc_logger - INFO - Function evaluation number: 263, SI: 3, Sub-iteration number: 148, FoM: 0.8165310761459478
06/05/2022 01:57:19.828 - oc_logger - INFO - New record achieved. Previous FoM: 0.8165310761459478, new best FoM : 0.8164483904432356
06/05/2022 01:57:19.828 - oc_logger - INFO - Function evaluation number: 264, SI: 3, Sub-iteration number: 148, FoM: 0.8164483904432356
06/05/2022 01:57:20.174 - oc_logger - INFO - New record achieved. Previous FoM: 0.8164483904432356, new best FoM : 0.8163055282312014
06/05/2022 01:57:20.174 - oc_logger - INFO - Function evaluation number: 265, SI: 3, Sub-iteration number: 149, FoM: 0.8163055282312014
06/05/2022 01:57:20.521 - oc_logger - INFO - New record achieved. Previous FoM: 0.8163055282312014, new best FoM : 0.8162223525393212
06/05/2022 01:57:20.521 - oc_logger - INFO - Function evaluation number: 266, SI: 3, Sub-iteration number: 149, FoM: 0.8162223525393212
06/05/2022 01:57:20.866 - oc_logger - INFO - Function evaluation number: 267, SI: 3, Sub-iteration number: 150, FoM: 0.8167683206915763
06/05/2022 01:57:21.204 - oc_logger - INFO - Function evaluation number: 268, SI: 3, Sub-iteration number: 151, FoM: 0.8167501101290933
06/05/2022 01:57:21.540 - oc_logger - INFO - Function evaluation number: 269, SI: 3, Sub-iteration number: 152, FoM: 0.817212458835261
06/05/2022 01:57:21.881 - oc_logger - INFO - Function evaluation number: 270, SI: 3, Sub-iteration number: 153, FoM: 0.8169398101812918
06/05/2022 01:57:22.227 - oc_logger - INFO - Function evaluation number: 271, SI: 3, Sub-iteration number: 154, FoM: 0.8163737081108644
06/05/2022 01:57:22.571 - oc_logger - INFO - Function evaluation number: 272, SI: 3, Sub-iteration number: 155, FoM: 0.8169218635234017
06/05/2022 01:57:22.916 - oc_logger - INFO - New record achieved. Previous FoM: 0.8162223525393212, new best FoM : 0.815869901980105
06/05/2022 01:57:22.917 - oc_logger - INFO - Function evaluation number: 273, SI: 3, Sub-iteration number: 156, FoM: 0.815869901980105
06/05/2022 01:57:23.262 - oc_logger - INFO - New record achieved. Previous FoM: 0.815869901980105, new best FoM : 0.8157768795294008
06/05/2022 01:57:23.263 - oc_logger - INFO - Function evaluation number: 274, SI: 3, Sub-iteration number: 156, FoM: 0.8157768795294008
06/05/2022 01:57:23.605 - oc_logger - INFO - Function evaluation number: 275, SI: 3, Sub-iteration number: 157, FoM: 0.8159246677469902
06/05/2022 01:57:23.941 - oc_logger - INFO - Function evaluation number: 276, SI: 3, Sub-iteration number: 158, FoM: 0.816906195663756
06/05/2022 01:57:24.280 - oc_logger - INFO - Function evaluation number: 277, SI: 3, Sub-iteration number: 159, FoM: 0.81589433981596
06/05/2022 01:57:24.655 - oc_logger - INFO - Function evaluation number: 278, SI: 3, Sub-iteration number: 160, FoM: 0.8170179932957198
06/05/2022 01:57:25.041 - oc_logger - INFO - Function evaluation number: 279, SI: 3, Sub-iteration number: 160, FoM: 0.8165813044317187
06/05/2022 01:57:25.463 - oc_logger - INFO - Function evaluation number: 280, SI: 3, Sub-iteration number: 161, FoM: 0.8163906676026382
06/05/2022 01:57:25.883 - oc_logger - INFO - New record achieved. Previous FoM: 0.8157768795294008, new best FoM : 0.8157390413088803
06/05/2022 01:57:25.883 - oc_logger - INFO - Function evaluation number: 281, SI: 3, Sub-iteration number: 162, FoM: 0.8157390413088803
06/05/2022 01:57:26.276 - oc_logger - INFO - New record achieved. Previous FoM: 0.8157390413088803, new best FoM : 0.8156970870559308
06/05/2022 01:57:26.276 - oc_logger - INFO - Function evaluation number: 282, SI: 3, Sub-iteration number: 162, FoM: 0.8156970870559308
06/05/2022 01:57:26.667 - oc_logger - INFO - Function evaluation number: 283, SI: 3, Sub-iteration number: 163, FoM: 0.8161114403398612
06/05/2022 01:57:26.667 - oc_logger - INFO - SI 3 finished - Number of evaluations: 261, Best FoM: 0.8156970870559308, Terminate reason: Convergence of the FoM.

06/05/2022 01:57:26.667 - oc_logger - INFO - Figure of merit : 0.8156970870559308
06/05/2022 01:57:26.667 - oc_logger - INFO - Std : 0.0
06/05/2022 01:57:26.667 - oc_logger - INFO - total number of function evaluations : 283
06/05/2022 01:57:26.667 - oc_logger - INFO - dcrab_freq_list : [array([[10.18664557, 18.96370509, 26.40316211, 41.81766177]]), array([[ 4.44908449, 15.72295265, 31.09124146, 40.79872862]]), array([[ 0.50604711, 14.05457011, 26.40153936, 48.72205148]])]
06/05/2022 01:57:26.667 - oc_logger - INFO - dcrab_para_list : [array([-0.13199785,  0.16685445, -0.40394887,  0.09258432,  0.12436939,
        0.05535024,  0.14690088,  0.08605064]), array([ 0.20126667,  0.23997903,  0.20398945,  0.10834214, -0.30155456,
        0.03494358,  0.12753239,  0.06824753]), array([101.09372638, -15.06485151,  -0.3145841 ,   5.30124513,
         0.1487706 ,  -0.4854545 ,   5.97012654,   0.71339812])]
06/05/2022 01:57:26.667 - oc_logger - INFO - terminate_reason : Convergence of the FoM.
