06/05/2022 01:21:44.393 - oc_logger - INFO - The optimization direction is minimization
06/05/2022 01:21:44.396 - oc_logger - INFO - QuOCS version number: 0.0.22
06/05/2022 01:21:44.396 - oc_logger - INFO - Direct search start time has been reset.
06/05/2022 01:21:44.809 - oc_logger - INFO - New record achieved. Previous FoM: 10000000000.0, new best FoM : 0.9753328061254639
06/05/2022 01:21:44.809 - oc_logger - INFO - Function evaluation number: 1, SI: 1, Sub-iteration number: 0, FoM: 0.9753328061254639
06/05/2022 01:21:45.241 - oc_logger - INFO - New record achieved. Previous FoM: 0.9753328061254639, new best FoM : 0.9736959322842843
06/05/2022 01:21:45.244 - oc_logger - INFO - Function evaluation number: 2, SI: 1, Sub-iteration number: 0, FoM: 0.9736959322842843
06/05/2022 01:21:45.638 - oc_logger - INFO - Function evaluation number: 3, SI: 1, Sub-iteration number: 0, FoM: 0.9746395292446894
06/05/2022 01:21:45.970 - oc_logger - INFO - Function evaluation number: 4, SI: 1, Sub-iteration number: 0, FoM: 0.9743229102488694
06/05/2022 01:21:46.324 - oc_logger - INFO - Function evaluation number: 5, SI: 1, Sub-iteration number: 0, FoM: 0.9759706891689676
06/05/2022 01:21:46.683 - oc_logger - INFO - Function evaluation number: 6, SI: 1, Sub-iteration number: 0, FoM: 0.9767108136279034
06/05/2022 01:21:46.958 - oc_logger - INFO - Function evaluation number: 7, SI: 1, Sub-iteration number: 0, FoM: 0.975387598104168
06/05/2022 01:21:47.323 - oc_logger - INFO - Function evaluation number: 8, SI: 1, Sub-iteration number: 0, FoM: 0.9740714967376214
06/05/2022 01:21:47.689 - oc_logger - INFO - Function evaluation number: 9, SI: 1, Sub-iteration number: 0, FoM: 0.9753203090927346
06/05/2022 01:21:48.054 - oc_logger - INFO - New record achieved. Previous FoM: 0.9736959322842843, new best FoM : 0.9729061774996469
06/05/2022 01:21:48.054 - oc_logger - INFO - Function evaluation number: 10, SI: 1, Sub-iteration number: 1, FoM: 0.9729061774996469
06/05/2022 01:21:48.394 - oc_logger - INFO - New record achieved. Previous FoM: 0.9729061774996469, new best FoM : 0.9724083341895454
06/05/2022 01:21:48.394 - oc_logger - INFO - Function evaluation number: 11, SI: 1, Sub-iteration number: 1, FoM: 0.9724083341895454
06/05/2022 01:21:48.719 - oc_logger - INFO - Function evaluation number: 12, SI: 1, Sub-iteration number: 2, FoM: 0.9727895690649048
06/05/2022 01:21:49.018 - oc_logger - INFO - Function evaluation number: 13, SI: 1, Sub-iteration number: 3, FoM: 0.9727430924331387
06/05/2022 01:21:49.288 - oc_logger - INFO - New record achieved. Previous FoM: 0.9724083341895454, new best FoM : 0.9721314457941193
06/05/2022 01:21:49.288 - oc_logger - INFO - Function evaluation number: 14, SI: 1, Sub-iteration number: 4, FoM: 0.9721314457941193
06/05/2022 01:21:49.643 - oc_logger - INFO - New record achieved. Previous FoM: 0.9721314457941193, new best FoM : 0.9717165702812188
06/05/2022 01:21:49.643 - oc_logger - INFO - Function evaluation number: 15, SI: 1, Sub-iteration number: 4, FoM: 0.9717165702812188
06/05/2022 01:21:49.986 - oc_logger - INFO - New record achieved. Previous FoM: 0.9717165702812188, new best FoM : 0.9712125218061805
06/05/2022 01:21:49.986 - oc_logger - INFO - Function evaluation number: 16, SI: 1, Sub-iteration number: 5, FoM: 0.9712125218061805
06/05/2022 01:21:50.262 - oc_logger - INFO - New record achieved. Previous FoM: 0.9712125218061805, new best FoM : 0.9706758294119914
06/05/2022 01:21:50.262 - oc_logger - INFO - Function evaluation number: 17, SI: 1, Sub-iteration number: 5, FoM: 0.9706758294119914
06/05/2022 01:21:50.622 - oc_logger - INFO - Function evaluation number: 18, SI: 1, Sub-iteration number: 6, FoM: 0.9709229964561694
06/05/2022 01:21:51.031 - oc_logger - INFO - New record achieved. Previous FoM: 0.9706758294119914, new best FoM : 0.970381021033385
06/05/2022 01:21:51.031 - oc_logger - INFO - Function evaluation number: 19, SI: 1, Sub-iteration number: 7, FoM: 0.970381021033385
06/05/2022 01:21:51.337 - oc_logger - INFO - New record achieved. Previous FoM: 0.970381021033385, new best FoM : 0.9698667854036664
06/05/2022 01:21:51.338 - oc_logger - INFO - Function evaluation number: 20, SI: 1, Sub-iteration number: 7, FoM: 0.9698667854036664
06/05/2022 01:21:51.671 - oc_logger - INFO - New record achieved. Previous FoM: 0.9698667854036664, new best FoM : 0.9695653782457794
06/05/2022 01:21:51.671 - oc_logger - INFO - Function evaluation number: 21, SI: 1, Sub-iteration number: 8, FoM: 0.9695653782457794
06/05/2022 01:21:51.985 - oc_logger - INFO - New record achieved. Previous FoM: 0.9695653782457794, new best FoM : 0.9689754157438447
06/05/2022 01:21:51.985 - oc_logger - INFO - Function evaluation number: 22, SI: 1, Sub-iteration number: 8, FoM: 0.9689754157438447
06/05/2022 01:21:52.416 - oc_logger - INFO - New record achieved. Previous FoM: 0.9689754157438447, new best FoM : 0.9687449765097346
06/05/2022 01:21:52.416 - oc_logger - INFO - Function evaluation number: 23, SI: 1, Sub-iteration number: 9, FoM: 0.9687449765097346
06/05/2022 01:21:52.846 - oc_logger - INFO - New record achieved. Previous FoM: 0.9687449765097346, new best FoM : 0.96809391621124
06/05/2022 01:21:52.846 - oc_logger - INFO - Function evaluation number: 24, SI: 1, Sub-iteration number: 9, FoM: 0.96809391621124
06/05/2022 01:21:53.163 - oc_logger - INFO - Function evaluation number: 25, SI: 1, Sub-iteration number: 10, FoM: 0.9685198446729706
06/05/2022 01:21:53.524 - oc_logger - INFO - New record achieved. Previous FoM: 0.96809391621124, new best FoM : 0.9674627895757789
06/05/2022 01:21:53.524 - oc_logger - INFO - Function evaluation number: 26, SI: 1, Sub-iteration number: 11, FoM: 0.9674627895757789
06/05/2022 01:21:53.890 - oc_logger - INFO - New record achieved. Previous FoM: 0.9674627895757789, new best FoM : 0.9667674300729191
06/05/2022 01:21:53.890 - oc_logger - INFO - Function evaluation number: 27, SI: 1, Sub-iteration number: 11, FoM: 0.9667674300729191
06/05/2022 01:21:54.258 - oc_logger - INFO - New record achieved. Previous FoM: 0.9667674300729191, new best FoM : 0.9663626644039576
06/05/2022 01:21:54.259 - oc_logger - INFO - Function evaluation number: 28, SI: 1, Sub-iteration number: 12, FoM: 0.9663626644039576
06/05/2022 01:21:54.666 - oc_logger - INFO - New record achieved. Previous FoM: 0.9663626644039576, new best FoM : 0.965563478525876
06/05/2022 01:21:54.666 - oc_logger - INFO - Function evaluation number: 29, SI: 1, Sub-iteration number: 12, FoM: 0.965563478525876
06/05/2022 01:21:55.125 - oc_logger - INFO - New record achieved. Previous FoM: 0.965563478525876, new best FoM : 0.9655170124762833
06/05/2022 01:21:55.125 - oc_logger - INFO - Function evaluation number: 30, SI: 1, Sub-iteration number: 13, FoM: 0.9655170124762833
06/05/2022 01:21:55.544 - oc_logger - INFO - New record achieved. Previous FoM: 0.9655170124762833, new best FoM : 0.9646963669560528
06/05/2022 01:21:55.544 - oc_logger - INFO - Function evaluation number: 31, SI: 1, Sub-iteration number: 13, FoM: 0.9646963669560528
06/05/2022 01:21:55.912 - oc_logger - INFO - Function evaluation number: 32, SI: 1, Sub-iteration number: 14, FoM: 0.9647727889507188
06/05/2022 01:21:56.334 - oc_logger - INFO - New record achieved. Previous FoM: 0.9646963669560528, new best FoM : 0.9634838553955883
06/05/2022 01:21:56.334 - oc_logger - INFO - Function evaluation number: 33, SI: 1, Sub-iteration number: 15, FoM: 0.9634838553955883
06/05/2022 01:21:56.757 - oc_logger - INFO - New record achieved. Previous FoM: 0.9634838553955883, new best FoM : 0.9625261482067322
06/05/2022 01:21:56.757 - oc_logger - INFO - Function evaluation number: 34, SI: 1, Sub-iteration number: 15, FoM: 0.9625261482067322
06/05/2022 01:21:57.180 - oc_logger - INFO - New record achieved. Previous FoM: 0.9625261482067322, new best FoM : 0.9624707742368458
06/05/2022 01:21:57.180 - oc_logger - INFO - Function evaluation number: 35, SI: 1, Sub-iteration number: 16, FoM: 0.9624707742368458
06/05/2022 01:21:57.598 - oc_logger - INFO - New record achieved. Previous FoM: 0.9624707742368458, new best FoM : 0.9614876582749033
06/05/2022 01:21:57.598 - oc_logger - INFO - Function evaluation number: 36, SI: 1, Sub-iteration number: 16, FoM: 0.9614876582749033
06/05/2022 01:21:58.016 - oc_logger - INFO - Function evaluation number: 37, SI: 1, Sub-iteration number: 17, FoM: 0.9614989832553205
06/05/2022 01:21:58.431 - oc_logger - INFO - New record achieved. Previous FoM: 0.9614876582749033, new best FoM : 0.960149307755803
06/05/2022 01:21:58.431 - oc_logger - INFO - Function evaluation number: 38, SI: 1, Sub-iteration number: 18, FoM: 0.960149307755803
06/05/2022 01:21:58.852 - oc_logger - INFO - New record achieved. Previous FoM: 0.960149307755803, new best FoM : 0.9590307494815834
06/05/2022 01:21:58.853 - oc_logger - INFO - Function evaluation number: 39, SI: 1, Sub-iteration number: 18, FoM: 0.9590307494815834
06/05/2022 01:21:59.273 - oc_logger - INFO - New record achieved. Previous FoM: 0.9590307494815834, new best FoM : 0.9582293779269905
06/05/2022 01:21:59.273 - oc_logger - INFO - Function evaluation number: 40, SI: 1, Sub-iteration number: 19, FoM: 0.9582293779269905
06/05/2022 01:21:59.687 - oc_logger - INFO - New record achieved. Previous FoM: 0.9582293779269905, new best FoM : 0.9568999537191791
06/05/2022 01:21:59.687 - oc_logger - INFO - Function evaluation number: 41, SI: 1, Sub-iteration number: 19, FoM: 0.9568999537191791
06/05/2022 01:22:00.063 - oc_logger - INFO - Function evaluation number: 42, SI: 1, Sub-iteration number: 20, FoM: 0.9571451496867543
06/05/2022 01:22:00.394 - oc_logger - INFO - New record achieved. Previous FoM: 0.9568999537191791, new best FoM : 0.9562691472705065
06/05/2022 01:22:00.394 - oc_logger - INFO - Function evaluation number: 43, SI: 1, Sub-iteration number: 21, FoM: 0.9562691472705065
06/05/2022 01:22:00.752 - oc_logger - INFO - New record achieved. Previous FoM: 0.9562691472705065, new best FoM : 0.9550260377770627
06/05/2022 01:22:00.752 - oc_logger - INFO - Function evaluation number: 44, SI: 1, Sub-iteration number: 21, FoM: 0.9550260377770627
06/05/2022 01:22:01.093 - oc_logger - INFO - New record achieved. Previous FoM: 0.9550260377770627, new best FoM : 0.9545919584352778
06/05/2022 01:22:01.093 - oc_logger - INFO - Function evaluation number: 45, SI: 1, Sub-iteration number: 22, FoM: 0.9545919584352778
06/05/2022 01:22:01.461 - oc_logger - INFO - New record achieved. Previous FoM: 0.9545919584352778, new best FoM : 0.9532257416824753
06/05/2022 01:22:01.462 - oc_logger - INFO - Function evaluation number: 46, SI: 1, Sub-iteration number: 22, FoM: 0.9532257416824753
06/05/2022 01:22:01.830 - oc_logger - INFO - New record achieved. Previous FoM: 0.9532257416824753, new best FoM : 0.9516040376608456
06/05/2022 01:22:01.830 - oc_logger - INFO - Function evaluation number: 47, SI: 1, Sub-iteration number: 23, FoM: 0.9516040376608456
06/05/2022 01:22:02.199 - oc_logger - INFO - New record achieved. Previous FoM: 0.9516040376608456, new best FoM : 0.9498194049085421
06/05/2022 01:22:02.199 - oc_logger - INFO - Function evaluation number: 48, SI: 1, Sub-iteration number: 23, FoM: 0.9498194049085421
06/05/2022 01:22:02.569 - oc_logger - INFO - Function evaluation number: 49, SI: 1, Sub-iteration number: 24, FoM: 0.9507724100048001
06/05/2022 01:22:02.936 - oc_logger - INFO - New record achieved. Previous FoM: 0.9498194049085421, new best FoM : 0.9490766636081456
06/05/2022 01:22:02.936 - oc_logger - INFO - Function evaluation number: 50, SI: 1, Sub-iteration number: 25, FoM: 0.9490766636081456
06/05/2022 01:22:03.363 - oc_logger - INFO - New record achieved. Previous FoM: 0.9490766636081456, new best FoM : 0.9474014165094197
06/05/2022 01:22:03.363 - oc_logger - INFO - Function evaluation number: 51, SI: 1, Sub-iteration number: 25, FoM: 0.9474014165094197
06/05/2022 01:22:03.787 - oc_logger - INFO - New record achieved. Previous FoM: 0.9474014165094197, new best FoM : 0.9452725021629245
06/05/2022 01:22:03.787 - oc_logger - INFO - Function evaluation number: 52, SI: 1, Sub-iteration number: 26, FoM: 0.9452725021629245
06/05/2022 01:22:04.109 - oc_logger - INFO - New record achieved. Previous FoM: 0.9452725021629245, new best FoM : 0.9430428101841931
06/05/2022 01:22:04.109 - oc_logger - INFO - Function evaluation number: 53, SI: 1, Sub-iteration number: 26, FoM: 0.9430428101841931
06/05/2022 01:22:04.492 - oc_logger - INFO - Function evaluation number: 54, SI: 1, Sub-iteration number: 27, FoM: 0.9439202816974738
06/05/2022 01:22:04.812 - oc_logger - INFO - New record achieved. Previous FoM: 0.9430428101841931, new best FoM : 0.942560467371965
06/05/2022 01:22:04.812 - oc_logger - INFO - Function evaluation number: 55, SI: 1, Sub-iteration number: 28, FoM: 0.942560467371965
06/05/2022 01:22:05.130 - oc_logger - INFO - New record achieved. Previous FoM: 0.942560467371965, new best FoM : 0.9405861253280917
06/05/2022 01:22:05.130 - oc_logger - INFO - Function evaluation number: 56, SI: 1, Sub-iteration number: 28, FoM: 0.9405861253280917
06/05/2022 01:22:05.510 - oc_logger - INFO - New record achieved. Previous FoM: 0.9405861253280917, new best FoM : 0.9384446938663378
06/05/2022 01:22:05.511 - oc_logger - INFO - Function evaluation number: 57, SI: 1, Sub-iteration number: 29, FoM: 0.9384446938663378
06/05/2022 01:22:05.871 - oc_logger - INFO - New record achieved. Previous FoM: 0.9384446938663378, new best FoM : 0.935907910419845
06/05/2022 01:22:05.871 - oc_logger - INFO - Function evaluation number: 58, SI: 1, Sub-iteration number: 29, FoM: 0.935907910419845
06/05/2022 01:22:06.181 - oc_logger - INFO - New record achieved. Previous FoM: 0.935907910419845, new best FoM : 0.9355466289422476
06/05/2022 01:22:06.181 - oc_logger - INFO - Function evaluation number: 59, SI: 1, Sub-iteration number: 30, FoM: 0.9355466289422476
06/05/2022 01:22:06.502 - oc_logger - INFO - New record achieved. Previous FoM: 0.9355466289422476, new best FoM : 0.9328717757796599
06/05/2022 01:22:06.502 - oc_logger - INFO - Function evaluation number: 60, SI: 1, Sub-iteration number: 30, FoM: 0.9328717757796599
06/05/2022 01:22:06.765 - oc_logger - INFO - New record achieved. Previous FoM: 0.9328717757796599, new best FoM : 0.932202761388678
06/05/2022 01:22:06.765 - oc_logger - INFO - Function evaluation number: 61, SI: 1, Sub-iteration number: 31, FoM: 0.932202761388678
06/05/2022 01:22:07.109 - oc_logger - INFO - New record achieved. Previous FoM: 0.932202761388678, new best FoM : 0.9293085059067311
06/05/2022 01:22:07.109 - oc_logger - INFO - Function evaluation number: 62, SI: 1, Sub-iteration number: 31, FoM: 0.9293085059067311
06/05/2022 01:22:07.479 - oc_logger - INFO - Function evaluation number: 63, SI: 1, Sub-iteration number: 32, FoM: 0.9293504603489433
06/05/2022 01:22:07.849 - oc_logger - INFO - New record achieved. Previous FoM: 0.9293085059067311, new best FoM : 0.9248834119443706
06/05/2022 01:22:07.849 - oc_logger - INFO - Function evaluation number: 64, SI: 1, Sub-iteration number: 33, FoM: 0.9248834119443706
06/05/2022 01:22:08.278 - oc_logger - INFO - New record achieved. Previous FoM: 0.9248834119443706, new best FoM : 0.9214268542678323
06/05/2022 01:22:08.278 - oc_logger - INFO - Function evaluation number: 65, SI: 1, Sub-iteration number: 33, FoM: 0.9214268542678323
06/05/2022 01:22:08.702 - oc_logger - INFO - New record achieved. Previous FoM: 0.9214268542678323, new best FoM : 0.9207616473098511
06/05/2022 01:22:08.703 - oc_logger - INFO - Function evaluation number: 66, SI: 1, Sub-iteration number: 34, FoM: 0.9207616473098511
06/05/2022 01:22:09.124 - oc_logger - INFO - New record achieved. Previous FoM: 0.9207616473098511, new best FoM : 0.9170632152598772
06/05/2022 01:22:09.124 - oc_logger - INFO - Function evaluation number: 67, SI: 1, Sub-iteration number: 34, FoM: 0.9170632152598772
06/05/2022 01:22:09.554 - oc_logger - INFO - Function evaluation number: 68, SI: 1, Sub-iteration number: 35, FoM: 0.9177393368458249
06/05/2022 01:22:09.813 - oc_logger - INFO - New record achieved. Previous FoM: 0.9170632152598772, new best FoM : 0.911830302338146
06/05/2022 01:22:09.813 - oc_logger - INFO - Function evaluation number: 69, SI: 1, Sub-iteration number: 36, FoM: 0.911830302338146
06/05/2022 01:22:10.094 - oc_logger - INFO - New record achieved. Previous FoM: 0.911830302338146, new best FoM : 0.9074823633728715
06/05/2022 01:22:10.094 - oc_logger - INFO - Function evaluation number: 70, SI: 1, Sub-iteration number: 36, FoM: 0.9074823633728715
06/05/2022 01:22:10.462 - oc_logger - INFO - New record achieved. Previous FoM: 0.9074823633728715, new best FoM : 0.9058151805424308
06/05/2022 01:22:10.462 - oc_logger - INFO - Function evaluation number: 71, SI: 1, Sub-iteration number: 37, FoM: 0.9058151805424308
06/05/2022 01:22:10.877 - oc_logger - INFO - New record achieved. Previous FoM: 0.9058151805424308, new best FoM : 0.9009534610815041
06/05/2022 01:22:10.877 - oc_logger - INFO - Function evaluation number: 72, SI: 1, Sub-iteration number: 37, FoM: 0.9009534610815041
06/05/2022 01:22:11.280 - oc_logger - INFO - Function evaluation number: 73, SI: 1, Sub-iteration number: 38, FoM: 0.9020975487234737
06/05/2022 01:22:11.651 - oc_logger - INFO - New record achieved. Previous FoM: 0.9009534610815041, new best FoM : 0.8973275507745637
06/05/2022 01:22:11.651 - oc_logger - INFO - Function evaluation number: 74, SI: 1, Sub-iteration number: 39, FoM: 0.8973275507745637
06/05/2022 01:22:11.999 - oc_logger - INFO - New record achieved. Previous FoM: 0.8973275507745637, new best FoM : 0.8928392468677142
06/05/2022 01:22:11.999 - oc_logger - INFO - Function evaluation number: 75, SI: 1, Sub-iteration number: 39, FoM: 0.8928392468677142
06/05/2022 01:22:12.378 - oc_logger - INFO - New record achieved. Previous FoM: 0.8928392468677142, new best FoM : 0.8916260815389907
06/05/2022 01:22:12.378 - oc_logger - INFO - Function evaluation number: 76, SI: 1, Sub-iteration number: 40, FoM: 0.8916260815389907
06/05/2022 01:22:12.801 - oc_logger - INFO - New record achieved. Previous FoM: 0.8916260815389907, new best FoM : 0.8864252738459344
06/05/2022 01:22:12.801 - oc_logger - INFO - Function evaluation number: 77, SI: 1, Sub-iteration number: 40, FoM: 0.8864252738459344
06/05/2022 01:22:13.187 - oc_logger - INFO - New record achieved. Previous FoM: 0.8864252738459344, new best FoM : 0.884678754283866
06/05/2022 01:22:13.187 - oc_logger - INFO - Function evaluation number: 78, SI: 1, Sub-iteration number: 41, FoM: 0.884678754283866
06/05/2022 01:22:13.652 - oc_logger - INFO - New record achieved. Previous FoM: 0.884678754283866, new best FoM : 0.8818400333997857
06/05/2022 01:22:13.652 - oc_logger - INFO - Function evaluation number: 79, SI: 1, Sub-iteration number: 41, FoM: 0.8818400333997857
06/05/2022 01:22:14.007 - oc_logger - INFO - Function evaluation number: 80, SI: 1, Sub-iteration number: 42, FoM: 0.8827535076999635
06/05/2022 01:22:14.391 - oc_logger - INFO - New record achieved. Previous FoM: 0.8818400333997857, new best FoM : 0.8791785602541878
06/05/2022 01:22:14.391 - oc_logger - INFO - Function evaluation number: 81, SI: 1, Sub-iteration number: 43, FoM: 0.8791785602541878
06/05/2022 01:22:14.730 - oc_logger - INFO - New record achieved. Previous FoM: 0.8791785602541878, new best FoM : 0.8767248153224863
06/05/2022 01:22:14.730 - oc_logger - INFO - Function evaluation number: 82, SI: 1, Sub-iteration number: 43, FoM: 0.8767248153224863
06/05/2022 01:22:15.069 - oc_logger - INFO - New record achieved. Previous FoM: 0.8767248153224863, new best FoM : 0.8750034168649903
06/05/2022 01:22:15.085 - oc_logger - INFO - Function evaluation number: 83, SI: 1, Sub-iteration number: 44, FoM: 0.8750034168649903
06/05/2022 01:22:15.479 - oc_logger - INFO - New record achieved. Previous FoM: 0.8750034168649903, new best FoM : 0.8728643547989998
06/05/2022 01:22:15.480 - oc_logger - INFO - Function evaluation number: 84, SI: 1, Sub-iteration number: 44, FoM: 0.8728643547989998
06/05/2022 01:22:15.856 - oc_logger - INFO - Function evaluation number: 85, SI: 1, Sub-iteration number: 45, FoM: 0.8736089112204781
06/05/2022 01:22:16.206 - oc_logger - INFO - New record achieved. Previous FoM: 0.8728643547989998, new best FoM : 0.8724720398762642
06/05/2022 01:22:16.206 - oc_logger - INFO - Function evaluation number: 86, SI: 1, Sub-iteration number: 46, FoM: 0.8724720398762642
06/05/2022 01:22:16.613 - oc_logger - INFO - New record achieved. Previous FoM: 0.8724720398762642, new best FoM : 0.8710462727226531
06/05/2022 01:22:16.613 - oc_logger - INFO - Function evaluation number: 87, SI: 1, Sub-iteration number: 46, FoM: 0.8710462727226531
06/05/2022 01:22:16.972 - oc_logger - INFO - New record achieved. Previous FoM: 0.8710462727226531, new best FoM : 0.8692607865110779
06/05/2022 01:22:16.972 - oc_logger - INFO - Function evaluation number: 88, SI: 1, Sub-iteration number: 47, FoM: 0.8692607865110779
06/05/2022 01:22:17.443 - oc_logger - INFO - New record achieved. Previous FoM: 0.8692607865110779, new best FoM : 0.868070709558915
06/05/2022 01:22:17.443 - oc_logger - INFO - Function evaluation number: 89, SI: 1, Sub-iteration number: 47, FoM: 0.868070709558915
06/05/2022 01:22:17.906 - oc_logger - INFO - New record achieved. Previous FoM: 0.868070709558915, new best FoM : 0.8651025471312472
06/05/2022 01:22:17.906 - oc_logger - INFO - Function evaluation number: 90, SI: 1, Sub-iteration number: 48, FoM: 0.8651025471312472
06/05/2022 01:22:18.317 - oc_logger - INFO - New record achieved. Previous FoM: 0.8651025471312472, new best FoM : 0.8633436513815687
06/05/2022 01:22:18.317 - oc_logger - INFO - Function evaluation number: 91, SI: 1, Sub-iteration number: 48, FoM: 0.8633436513815687
06/05/2022 01:22:18.661 - oc_logger - INFO - Function evaluation number: 92, SI: 1, Sub-iteration number: 49, FoM: 0.8691509005056282
06/05/2022 01:22:18.991 - oc_logger - INFO - Function evaluation number: 93, SI: 1, Sub-iteration number: 50, FoM: 0.8656616590587202
06/05/2022 01:22:19.295 - oc_logger - INFO - New record achieved. Previous FoM: 0.8633436513815687, new best FoM : 0.8625487213448715
06/05/2022 01:22:19.295 - oc_logger - INFO - Function evaluation number: 94, SI: 1, Sub-iteration number: 51, FoM: 0.8625487213448715
06/05/2022 01:22:19.669 - oc_logger - INFO - New record achieved. Previous FoM: 0.8625487213448715, new best FoM : 0.8614344213464137
06/05/2022 01:22:19.669 - oc_logger - INFO - Function evaluation number: 95, SI: 1, Sub-iteration number: 51, FoM: 0.8614344213464137
06/05/2022 01:22:20.029 - oc_logger - INFO - Function evaluation number: 96, SI: 1, Sub-iteration number: 52, FoM: 0.8637141314875496
06/05/2022 01:22:20.382 - oc_logger - INFO - Function evaluation number: 97, SI: 1, Sub-iteration number: 53, FoM: 0.8629017398327368
06/05/2022 01:22:20.733 - oc_logger - INFO - Function evaluation number: 98, SI: 1, Sub-iteration number: 54, FoM: 0.8633320887187189
06/05/2022 01:22:21.094 - oc_logger - INFO - Function evaluation number: 99, SI: 1, Sub-iteration number: 55, FoM: 0.8618388492743212
06/05/2022 01:22:21.397 - oc_logger - INFO - New record achieved. Previous FoM: 0.8614344213464137, new best FoM : 0.8590865929029362
06/05/2022 01:22:21.397 - oc_logger - INFO - Function evaluation number: 100, SI: 1, Sub-iteration number: 56, FoM: 0.8590865929029362
06/05/2022 01:22:21.726 - oc_logger - INFO - New record achieved. Previous FoM: 0.8590865929029362, new best FoM : 0.8582298757820411
06/05/2022 01:22:21.726 - oc_logger - INFO - Function evaluation number: 101, SI: 1, Sub-iteration number: 56, FoM: 0.8582298757820411
06/05/2022 01:22:22.091 - oc_logger - INFO - Function evaluation number: 102, SI: 1, Sub-iteration number: 57, FoM: 0.8590581418252357
06/05/2022 01:22:22.442 - oc_logger - INFO - Function evaluation number: 103, SI: 1, Sub-iteration number: 58, FoM: 0.8584788889342845
06/05/2022 01:22:22.802 - oc_logger - INFO - New record achieved. Previous FoM: 0.8582298757820411, new best FoM : 0.8579740007863201
06/05/2022 01:22:22.802 - oc_logger - INFO - Function evaluation number: 104, SI: 1, Sub-iteration number: 59, FoM: 0.8579740007863201
06/05/2022 01:22:23.166 - oc_logger - INFO - New record achieved. Previous FoM: 0.8579740007863201, new best FoM : 0.857366631367298
06/05/2022 01:22:23.166 - oc_logger - INFO - Function evaluation number: 105, SI: 1, Sub-iteration number: 59, FoM: 0.857366631367298
06/05/2022 01:22:23.525 - oc_logger - INFO - Function evaluation number: 106, SI: 1, Sub-iteration number: 60, FoM: 0.860310007722392
06/05/2022 01:22:23.889 - oc_logger - INFO - New record achieved. Previous FoM: 0.857366631367298, new best FoM : 0.8568246245017153
06/05/2022 01:22:23.889 - oc_logger - INFO - Function evaluation number: 107, SI: 1, Sub-iteration number: 61, FoM: 0.8568246245017153
06/05/2022 01:22:24.253 - oc_logger - INFO - New record achieved. Previous FoM: 0.8568246245017153, new best FoM : 0.8561991899505623
06/05/2022 01:22:24.253 - oc_logger - INFO - Function evaluation number: 108, SI: 1, Sub-iteration number: 61, FoM: 0.8561991899505623
06/05/2022 01:22:24.613 - oc_logger - INFO - New record achieved. Previous FoM: 0.8561991899505623, new best FoM : 0.8561794791103701
06/05/2022 01:22:24.613 - oc_logger - INFO - Function evaluation number: 109, SI: 1, Sub-iteration number: 62, FoM: 0.8561794791103701
06/05/2022 01:22:25.001 - oc_logger - INFO - New record achieved. Previous FoM: 0.8561794791103701, new best FoM : 0.8556321447519795
06/05/2022 01:22:25.001 - oc_logger - INFO - Function evaluation number: 110, SI: 1, Sub-iteration number: 62, FoM: 0.8556321447519795
06/05/2022 01:22:25.379 - oc_logger - INFO - New record achieved. Previous FoM: 0.8556321447519795, new best FoM : 0.854738653604938
06/05/2022 01:22:25.379 - oc_logger - INFO - Function evaluation number: 111, SI: 1, Sub-iteration number: 63, FoM: 0.854738653604938
06/05/2022 01:22:25.778 - oc_logger - INFO - New record achieved. Previous FoM: 0.854738653604938, new best FoM : 0.8539845105822881
06/05/2022 01:22:25.778 - oc_logger - INFO - Function evaluation number: 112, SI: 1, Sub-iteration number: 63, FoM: 0.8539845105822881
06/05/2022 01:22:26.157 - oc_logger - INFO - Function evaluation number: 113, SI: 1, Sub-iteration number: 64, FoM: 0.85539212809361
06/05/2022 01:22:26.486 - oc_logger - INFO - New record achieved. Previous FoM: 0.8539845105822881, new best FoM : 0.8529181482541396
06/05/2022 01:22:26.486 - oc_logger - INFO - Function evaluation number: 114, SI: 1, Sub-iteration number: 65, FoM: 0.8529181482541396
06/05/2022 01:22:26.830 - oc_logger - INFO - New record achieved. Previous FoM: 0.8529181482541396, new best FoM : 0.8520835569674808
06/05/2022 01:22:26.830 - oc_logger - INFO - Function evaluation number: 115, SI: 1, Sub-iteration number: 65, FoM: 0.8520835569674808
06/05/2022 01:22:27.218 - oc_logger - INFO - Function evaluation number: 116, SI: 1, Sub-iteration number: 66, FoM: 0.8526110788584451
06/05/2022 01:22:27.575 - oc_logger - INFO - Function evaluation number: 117, SI: 1, Sub-iteration number: 67, FoM: 0.8523062468691878
06/05/2022 01:22:27.870 - oc_logger - INFO - New record achieved. Previous FoM: 0.8520835569674808, new best FoM : 0.8516095942881596
06/05/2022 01:22:27.870 - oc_logger - INFO - Function evaluation number: 118, SI: 1, Sub-iteration number: 68, FoM: 0.8516095942881596
06/05/2022 01:22:28.243 - oc_logger - INFO - New record achieved. Previous FoM: 0.8516095942881596, new best FoM : 0.8510829880130801
06/05/2022 01:22:28.243 - oc_logger - INFO - Function evaluation number: 119, SI: 1, Sub-iteration number: 68, FoM: 0.8510829880130801
06/05/2022 01:22:28.625 - oc_logger - INFO - New record achieved. Previous FoM: 0.8510829880130801, new best FoM : 0.8509199140476147
06/05/2022 01:22:28.625 - oc_logger - INFO - Function evaluation number: 120, SI: 1, Sub-iteration number: 69, FoM: 0.8509199140476147
06/05/2022 01:22:28.988 - oc_logger - INFO - New record achieved. Previous FoM: 0.8509199140476147, new best FoM : 0.8504023181880791
06/05/2022 01:22:28.988 - oc_logger - INFO - Function evaluation number: 121, SI: 1, Sub-iteration number: 69, FoM: 0.8504023181880791
06/05/2022 01:22:29.323 - oc_logger - INFO - New record achieved. Previous FoM: 0.8504023181880791, new best FoM : 0.8499371251578538
06/05/2022 01:22:29.323 - oc_logger - INFO - Function evaluation number: 122, SI: 1, Sub-iteration number: 70, FoM: 0.8499371251578538
06/05/2022 01:22:29.673 - oc_logger - INFO - New record achieved. Previous FoM: 0.8499371251578538, new best FoM : 0.8493132817994561
06/05/2022 01:22:29.674 - oc_logger - INFO - Function evaluation number: 123, SI: 1, Sub-iteration number: 70, FoM: 0.8493132817994561
06/05/2022 01:22:30.019 - oc_logger - INFO - New record achieved. Previous FoM: 0.8493132817994561, new best FoM : 0.8485174922556808
06/05/2022 01:22:30.019 - oc_logger - INFO - Function evaluation number: 124, SI: 1, Sub-iteration number: 71, FoM: 0.8485174922556808
06/05/2022 01:22:30.369 - oc_logger - INFO - New record achieved. Previous FoM: 0.8485174922556808, new best FoM : 0.847693605765805
06/05/2022 01:22:30.369 - oc_logger - INFO - Function evaluation number: 125, SI: 1, Sub-iteration number: 71, FoM: 0.847693605765805
06/05/2022 01:22:30.719 - oc_logger - INFO - New record achieved. Previous FoM: 0.847693605765805, new best FoM : 0.8466169814458504
06/05/2022 01:22:30.719 - oc_logger - INFO - Function evaluation number: 126, SI: 1, Sub-iteration number: 72, FoM: 0.8466169814458504
06/05/2022 01:22:31.074 - oc_logger - INFO - New record achieved. Previous FoM: 0.8466169814458504, new best FoM : 0.8456672999744732
06/05/2022 01:22:31.074 - oc_logger - INFO - Function evaluation number: 127, SI: 1, Sub-iteration number: 72, FoM: 0.8456672999744732
06/05/2022 01:22:31.451 - oc_logger - INFO - Function evaluation number: 128, SI: 1, Sub-iteration number: 73, FoM: 0.8466962364509854
06/05/2022 01:22:31.790 - oc_logger - INFO - Function evaluation number: 129, SI: 1, Sub-iteration number: 74, FoM: 0.8466448926524285
06/05/2022 01:22:32.141 - oc_logger - INFO - New record achieved. Previous FoM: 0.8456672999744732, new best FoM : 0.8450903019535875
06/05/2022 01:22:32.141 - oc_logger - INFO - Function evaluation number: 130, SI: 1, Sub-iteration number: 75, FoM: 0.8450903019535875
06/05/2022 01:22:32.497 - oc_logger - INFO - New record achieved. Previous FoM: 0.8450903019535875, new best FoM : 0.8442979768439504
06/05/2022 01:22:32.497 - oc_logger - INFO - Function evaluation number: 131, SI: 1, Sub-iteration number: 75, FoM: 0.8442979768439504
06/05/2022 01:22:32.875 - oc_logger - INFO - Function evaluation number: 132, SI: 1, Sub-iteration number: 76, FoM: 0.8457225157581663
06/05/2022 01:22:33.255 - oc_logger - INFO - New record achieved. Previous FoM: 0.8442979768439504, new best FoM : 0.8431931303071843
06/05/2022 01:22:33.255 - oc_logger - INFO - Function evaluation number: 133, SI: 1, Sub-iteration number: 77, FoM: 0.8431931303071843
06/05/2022 01:22:33.589 - oc_logger - INFO - New record achieved. Previous FoM: 0.8431931303071843, new best FoM : 0.8423549502863757
06/05/2022 01:22:33.590 - oc_logger - INFO - Function evaluation number: 134, SI: 1, Sub-iteration number: 77, FoM: 0.8423549502863757
06/05/2022 01:22:33.947 - oc_logger - INFO - New record achieved. Previous FoM: 0.8423549502863757, new best FoM : 0.8416397660610095
06/05/2022 01:22:33.947 - oc_logger - INFO - Function evaluation number: 135, SI: 1, Sub-iteration number: 78, FoM: 0.8416397660610095
06/05/2022 01:22:34.321 - oc_logger - INFO - New record achieved. Previous FoM: 0.8416397660610095, new best FoM : 0.8406485442787124
06/05/2022 01:22:34.321 - oc_logger - INFO - Function evaluation number: 136, SI: 1, Sub-iteration number: 78, FoM: 0.8406485442787124
06/05/2022 01:22:34.703 - oc_logger - INFO - Function evaluation number: 137, SI: 1, Sub-iteration number: 79, FoM: 0.8409505026336299
06/05/2022 01:22:35.014 - oc_logger - INFO - Function evaluation number: 138, SI: 1, Sub-iteration number: 80, FoM: 0.8409567626161436
06/05/2022 01:22:35.355 - oc_logger - INFO - New record achieved. Previous FoM: 0.8406485442787124, new best FoM : 0.8401304568450714
06/05/2022 01:22:35.371 - oc_logger - INFO - Function evaluation number: 139, SI: 1, Sub-iteration number: 81, FoM: 0.8401304568450714
06/05/2022 01:22:35.714 - oc_logger - INFO - New record achieved. Previous FoM: 0.8401304568450714, new best FoM : 0.8394098313047759
06/05/2022 01:22:35.714 - oc_logger - INFO - Function evaluation number: 140, SI: 1, Sub-iteration number: 81, FoM: 0.8394098313047759
06/05/2022 01:22:36.074 - oc_logger - INFO - New record achieved. Previous FoM: 0.8394098313047759, new best FoM : 0.8383448801089468
06/05/2022 01:22:36.074 - oc_logger - INFO - Function evaluation number: 141, SI: 1, Sub-iteration number: 82, FoM: 0.8383448801089468
06/05/2022 01:22:36.409 - oc_logger - INFO - New record achieved. Previous FoM: 0.8383448801089468, new best FoM : 0.8374452873982754
06/05/2022 01:22:36.409 - oc_logger - INFO - Function evaluation number: 142, SI: 1, Sub-iteration number: 82, FoM: 0.8374452873982754
06/05/2022 01:22:36.778 - oc_logger - INFO - Function evaluation number: 143, SI: 1, Sub-iteration number: 83, FoM: 0.8395875947012711
06/05/2022 01:22:37.133 - oc_logger - INFO - New record achieved. Previous FoM: 0.8374452873982754, new best FoM : 0.836985809821899
06/05/2022 01:22:37.133 - oc_logger - INFO - Function evaluation number: 144, SI: 1, Sub-iteration number: 84, FoM: 0.836985809821899
06/05/2022 01:22:37.521 - oc_logger - INFO - New record achieved. Previous FoM: 0.836985809821899, new best FoM : 0.836381382169471
06/05/2022 01:22:37.521 - oc_logger - INFO - Function evaluation number: 145, SI: 1, Sub-iteration number: 84, FoM: 0.836381382169471
06/05/2022 01:22:37.866 - oc_logger - INFO - New record achieved. Previous FoM: 0.836381382169471, new best FoM : 0.8354202592306043
06/05/2022 01:22:37.866 - oc_logger - INFO - Function evaluation number: 146, SI: 1, Sub-iteration number: 85, FoM: 0.8354202592306043
06/05/2022 01:22:38.236 - oc_logger - INFO - New record achieved. Previous FoM: 0.8354202592306043, new best FoM : 0.8347493554504171
06/05/2022 01:22:38.236 - oc_logger - INFO - Function evaluation number: 147, SI: 1, Sub-iteration number: 85, FoM: 0.8347493554504171
06/05/2022 01:22:38.614 - oc_logger - INFO - Function evaluation number: 148, SI: 1, Sub-iteration number: 86, FoM: 0.8352093268394709
06/05/2022 01:22:38.958 - oc_logger - INFO - New record achieved. Previous FoM: 0.8347493554504171, new best FoM : 0.8343140399354373
06/05/2022 01:22:38.958 - oc_logger - INFO - Function evaluation number: 149, SI: 1, Sub-iteration number: 87, FoM: 0.8343140399354373
06/05/2022 01:22:39.343 - oc_logger - INFO - New record achieved. Previous FoM: 0.8343140399354373, new best FoM : 0.8337221509259657
06/05/2022 01:22:39.343 - oc_logger - INFO - Function evaluation number: 150, SI: 1, Sub-iteration number: 87, FoM: 0.8337221509259657
06/05/2022 01:22:39.724 - oc_logger - INFO - New record achieved. Previous FoM: 0.8337221509259657, new best FoM : 0.8326874509876188
06/05/2022 01:22:39.724 - oc_logger - INFO - Function evaluation number: 151, SI: 1, Sub-iteration number: 88, FoM: 0.8326874509876188
06/05/2022 01:22:40.102 - oc_logger - INFO - New record achieved. Previous FoM: 0.8326874509876188, new best FoM : 0.8318635967627439
06/05/2022 01:22:40.102 - oc_logger - INFO - Function evaluation number: 152, SI: 1, Sub-iteration number: 88, FoM: 0.8318635967627439
06/05/2022 01:22:40.460 - oc_logger - INFO - Function evaluation number: 153, SI: 1, Sub-iteration number: 89, FoM: 0.832578200932346
06/05/2022 01:22:40.847 - oc_logger - INFO - Function evaluation number: 154, SI: 1, Sub-iteration number: 90, FoM: 0.8336740102619228
06/05/2022 01:22:41.191 - oc_logger - INFO - New record achieved. Previous FoM: 0.8318635967627439, new best FoM : 0.8299972692836142
06/05/2022 01:22:41.191 - oc_logger - INFO - Function evaluation number: 155, SI: 1, Sub-iteration number: 91, FoM: 0.8299972692836142
06/05/2022 01:22:41.517 - oc_logger - INFO - New record achieved. Previous FoM: 0.8299972692836142, new best FoM : 0.8292155753088042
06/05/2022 01:22:41.517 - oc_logger - INFO - Function evaluation number: 156, SI: 1, Sub-iteration number: 91, FoM: 0.8292155753088042
06/05/2022 01:22:41.838 - oc_logger - INFO - Function evaluation number: 157, SI: 1, Sub-iteration number: 92, FoM: 0.8307670149125062
06/05/2022 01:22:42.175 - oc_logger - INFO - Function evaluation number: 158, SI: 1, Sub-iteration number: 93, FoM: 0.8321704680210644
06/05/2022 01:22:42.554 - oc_logger - INFO - New record achieved. Previous FoM: 0.8292155753088042, new best FoM : 0.8288730066512391
06/05/2022 01:22:42.554 - oc_logger - INFO - Function evaluation number: 159, SI: 1, Sub-iteration number: 94, FoM: 0.8288730066512391
06/05/2022 01:22:42.914 - oc_logger - INFO - New record achieved. Previous FoM: 0.8288730066512391, new best FoM : 0.8282960110499612
06/05/2022 01:22:42.914 - oc_logger - INFO - Function evaluation number: 160, SI: 1, Sub-iteration number: 94, FoM: 0.8282960110499612
06/05/2022 01:22:43.259 - oc_logger - INFO - New record achieved. Previous FoM: 0.8282960110499612, new best FoM : 0.8276094824697638
06/05/2022 01:22:43.259 - oc_logger - INFO - Function evaluation number: 161, SI: 1, Sub-iteration number: 95, FoM: 0.8276094824697638
06/05/2022 01:22:43.597 - oc_logger - INFO - New record achieved. Previous FoM: 0.8276094824697638, new best FoM : 0.826949603800051
06/05/2022 01:22:43.597 - oc_logger - INFO - Function evaluation number: 162, SI: 1, Sub-iteration number: 95, FoM: 0.826949603800051
06/05/2022 01:22:43.937 - oc_logger - INFO - Function evaluation number: 163, SI: 1, Sub-iteration number: 96, FoM: 0.8277759311569916
06/05/2022 01:22:44.339 - oc_logger - INFO - Function evaluation number: 164, SI: 1, Sub-iteration number: 97, FoM: 0.8345703630513839
06/05/2022 01:22:44.706 - oc_logger - INFO - Function evaluation number: 165, SI: 1, Sub-iteration number: 97, FoM: 0.8320673462251544
06/05/2022 01:22:45.039 - oc_logger - INFO - Function evaluation number: 166, SI: 1, Sub-iteration number: 98, FoM: 0.8272471156178198
06/05/2022 01:22:45.359 - oc_logger - INFO - Function evaluation number: 167, SI: 1, Sub-iteration number: 99, FoM: 0.8297989635771871
06/05/2022 01:22:45.706 - oc_logger - INFO - New record achieved. Previous FoM: 0.826949603800051, new best FoM : 0.8266109488178495
06/05/2022 01:22:45.706 - oc_logger - INFO - Function evaluation number: 168, SI: 1, Sub-iteration number: 100, FoM: 0.8266109488178495
06/05/2022 01:22:46.059 - oc_logger - INFO - New record achieved. Previous FoM: 0.8266109488178495, new best FoM : 0.8264209276776417
06/05/2022 01:22:46.059 - oc_logger - INFO - Function evaluation number: 169, SI: 1, Sub-iteration number: 100, FoM: 0.8264209276776417
06/05/2022 01:22:46.405 - oc_logger - INFO - New record achieved. Previous FoM: 0.8264209276776417, new best FoM : 0.8258846362805443
06/05/2022 01:22:46.405 - oc_logger - INFO - Function evaluation number: 170, SI: 1, Sub-iteration number: 101, FoM: 0.8258846362805443
06/05/2022 01:22:46.763 - oc_logger - INFO - New record achieved. Previous FoM: 0.8258846362805443, new best FoM : 0.825520646906925
06/05/2022 01:22:46.763 - oc_logger - INFO - Function evaluation number: 171, SI: 1, Sub-iteration number: 101, FoM: 0.825520646906925
06/05/2022 01:22:47.123 - oc_logger - INFO - New record achieved. Previous FoM: 0.825520646906925, new best FoM : 0.825307763689979
06/05/2022 01:22:47.123 - oc_logger - INFO - Function evaluation number: 172, SI: 1, Sub-iteration number: 102, FoM: 0.825307763689979
06/05/2022 01:22:47.474 - oc_logger - INFO - New record achieved. Previous FoM: 0.825307763689979, new best FoM : 0.8249314965146988
06/05/2022 01:22:47.474 - oc_logger - INFO - Function evaluation number: 173, SI: 1, Sub-iteration number: 102, FoM: 0.8249314965146988
06/05/2022 01:22:47.872 - oc_logger - INFO - Function evaluation number: 174, SI: 1, Sub-iteration number: 103, FoM: 0.8289850068075653
06/05/2022 01:22:48.220 - oc_logger - INFO - New record achieved. Previous FoM: 0.8249314965146988, new best FoM : 0.8242591895281883
06/05/2022 01:22:48.220 - oc_logger - INFO - Function evaluation number: 175, SI: 1, Sub-iteration number: 104, FoM: 0.8242591895281883
06/05/2022 01:22:48.584 - oc_logger - INFO - New record achieved. Previous FoM: 0.8242591895281883, new best FoM : 0.8238565351650367
06/05/2022 01:22:48.584 - oc_logger - INFO - Function evaluation number: 176, SI: 1, Sub-iteration number: 104, FoM: 0.8238565351650367
06/05/2022 01:22:48.975 - oc_logger - INFO - Function evaluation number: 177, SI: 1, Sub-iteration number: 105, FoM: 0.8281736164201835
06/05/2022 01:22:49.304 - oc_logger - INFO - Function evaluation number: 178, SI: 1, Sub-iteration number: 106, FoM: 0.8243904536891024
06/05/2022 01:22:49.660 - oc_logger - INFO - Function evaluation number: 179, SI: 1, Sub-iteration number: 107, FoM: 0.8271518255983005
06/05/2022 01:22:50.032 - oc_logger - INFO - New record achieved. Previous FoM: 0.8238565351650367, new best FoM : 0.8230185612332608
06/05/2022 01:22:50.032 - oc_logger - INFO - Function evaluation number: 180, SI: 1, Sub-iteration number: 108, FoM: 0.8230185612332608
06/05/2022 01:22:50.427 - oc_logger - INFO - New record achieved. Previous FoM: 0.8230185612332608, new best FoM : 0.8225806748703007
06/05/2022 01:22:50.427 - oc_logger - INFO - Function evaluation number: 181, SI: 1, Sub-iteration number: 108, FoM: 0.8225806748703007
06/05/2022 01:22:50.824 - oc_logger - INFO - Function evaluation number: 182, SI: 1, Sub-iteration number: 109, FoM: 0.8234860607004871
06/05/2022 01:22:51.216 - oc_logger - INFO - Function evaluation number: 183, SI: 1, Sub-iteration number: 110, FoM: 0.825195379321787
06/05/2022 01:22:51.618 - oc_logger - INFO - Function evaluation number: 184, SI: 1, Sub-iteration number: 111, FoM: 0.8225893670692548
06/05/2022 01:22:51.995 - oc_logger - INFO - Function evaluation number: 185, SI: 1, Sub-iteration number: 112, FoM: 0.8227308504469197
06/05/2022 01:22:52.334 - oc_logger - INFO - New record achieved. Previous FoM: 0.8225806748703007, new best FoM : 0.8220092381658018
06/05/2022 01:22:52.334 - oc_logger - INFO - Function evaluation number: 186, SI: 1, Sub-iteration number: 113, FoM: 0.8220092381658018
06/05/2022 01:22:52.680 - oc_logger - INFO - New record achieved. Previous FoM: 0.8220092381658018, new best FoM : 0.8216964786653618
06/05/2022 01:22:52.680 - oc_logger - INFO - Function evaluation number: 187, SI: 1, Sub-iteration number: 113, FoM: 0.8216964786653618
06/05/2022 01:22:53.048 - oc_logger - INFO - Function evaluation number: 188, SI: 1, Sub-iteration number: 114, FoM: 0.8218953570379651
06/05/2022 01:22:53.421 - oc_logger - INFO - Function evaluation number: 189, SI: 1, Sub-iteration number: 115, FoM: 0.8219440125553991
06/05/2022 01:22:53.834 - oc_logger - INFO - New record achieved. Previous FoM: 0.8216964786653618, new best FoM : 0.820937081735718
06/05/2022 01:22:53.834 - oc_logger - INFO - Function evaluation number: 190, SI: 1, Sub-iteration number: 116, FoM: 0.820937081735718
06/05/2022 01:22:54.202 - oc_logger - INFO - New record achieved. Previous FoM: 0.820937081735718, new best FoM : 0.8207786323768472
06/05/2022 01:22:54.202 - oc_logger - INFO - Function evaluation number: 191, SI: 1, Sub-iteration number: 116, FoM: 0.8207786323768472
06/05/2022 01:22:54.586 - oc_logger - INFO - New record achieved. Previous FoM: 0.8207786323768472, new best FoM : 0.8202881125110131
06/05/2022 01:22:54.586 - oc_logger - INFO - Function evaluation number: 192, SI: 1, Sub-iteration number: 117, FoM: 0.8202881125110131
06/05/2022 01:22:54.973 - oc_logger - INFO - New record achieved. Previous FoM: 0.8202881125110131, new best FoM : 0.8200078440323477
06/05/2022 01:22:54.973 - oc_logger - INFO - Function evaluation number: 193, SI: 1, Sub-iteration number: 117, FoM: 0.8200078440323477
06/05/2022 01:22:55.343 - oc_logger - INFO - Function evaluation number: 194, SI: 1, Sub-iteration number: 118, FoM: 0.8207463098961321
06/05/2022 01:22:55.725 - oc_logger - INFO - Function evaluation number: 195, SI: 1, Sub-iteration number: 119, FoM: 0.8215815544810449
06/05/2022 01:22:56.079 - oc_logger - INFO - New record achieved. Previous FoM: 0.8200078440323477, new best FoM : 0.8196394546958428
06/05/2022 01:22:56.079 - oc_logger - INFO - Function evaluation number: 196, SI: 1, Sub-iteration number: 120, FoM: 0.8196394546958428
06/05/2022 01:22:56.469 - oc_logger - INFO - New record achieved. Previous FoM: 0.8196394546958428, new best FoM : 0.8194283915625629
06/05/2022 01:22:56.469 - oc_logger - INFO - Function evaluation number: 197, SI: 1, Sub-iteration number: 120, FoM: 0.8194283915625629
06/05/2022 01:22:56.845 - oc_logger - INFO - New record achieved. Previous FoM: 0.8194283915625629, new best FoM : 0.8192698470423602
06/05/2022 01:22:56.845 - oc_logger - INFO - Function evaluation number: 198, SI: 1, Sub-iteration number: 121, FoM: 0.8192698470423602
06/05/2022 01:22:57.205 - oc_logger - INFO - New record achieved. Previous FoM: 0.8192698470423602, new best FoM : 0.8190367882204752
06/05/2022 01:22:57.205 - oc_logger - INFO - Function evaluation number: 199, SI: 1, Sub-iteration number: 121, FoM: 0.8190367882204752
06/05/2022 01:22:57.558 - oc_logger - INFO - Function evaluation number: 200, SI: 1, Sub-iteration number: 122, FoM: 0.8191689123940955
06/05/2022 01:22:57.945 - oc_logger - INFO - New record achieved. Previous FoM: 0.8190367882204752, new best FoM : 0.8188586082585483
06/05/2022 01:22:57.945 - oc_logger - INFO - Function evaluation number: 201, SI: 1, Sub-iteration number: 123, FoM: 0.8188586082585483
06/05/2022 01:22:58.306 - oc_logger - INFO - New record achieved. Previous FoM: 0.8188586082585483, new best FoM : 0.8186615119757161
06/05/2022 01:22:58.306 - oc_logger - INFO - Function evaluation number: 202, SI: 1, Sub-iteration number: 123, FoM: 0.8186615119757161
06/05/2022 01:22:58.691 - oc_logger - INFO - Function evaluation number: 203, SI: 1, Sub-iteration number: 124, FoM: 0.8208898717731774
06/05/2022 01:22:59.034 - oc_logger - INFO - Function evaluation number: 204, SI: 1, Sub-iteration number: 125, FoM: 0.8188901143270192
06/05/2022 01:22:59.392 - oc_logger - INFO - Function evaluation number: 205, SI: 1, Sub-iteration number: 126, FoM: 0.8212888515579982
06/05/2022 01:22:59.762 - oc_logger - INFO - Function evaluation number: 206, SI: 1, Sub-iteration number: 126, FoM: 0.8192386356404625
06/05/2022 01:23:00.160 - oc_logger - INFO - New record achieved. Previous FoM: 0.8186615119757161, new best FoM : 0.818499631085847
06/05/2022 01:23:00.160 - oc_logger - INFO - Function evaluation number: 207, SI: 1, Sub-iteration number: 127, FoM: 0.818499631085847
06/05/2022 01:23:00.573 - oc_logger - INFO - New record achieved. Previous FoM: 0.818499631085847, new best FoM : 0.8183648537131596
06/05/2022 01:23:00.573 - oc_logger - INFO - Function evaluation number: 208, SI: 1, Sub-iteration number: 127, FoM: 0.8183648537131596
06/05/2022 01:23:00.974 - oc_logger - INFO - New record achieved. Previous FoM: 0.8183648537131596, new best FoM : 0.8176155348613453
06/05/2022 01:23:00.974 - oc_logger - INFO - Function evaluation number: 209, SI: 1, Sub-iteration number: 128, FoM: 0.8176155348613453
06/05/2022 01:23:01.397 - oc_logger - INFO - New record achieved. Previous FoM: 0.8176155348613453, new best FoM : 0.8174783622695698
06/05/2022 01:23:01.397 - oc_logger - INFO - Function evaluation number: 210, SI: 1, Sub-iteration number: 128, FoM: 0.8174783622695698
06/05/2022 01:23:01.826 - oc_logger - INFO - New record achieved. Previous FoM: 0.8174783622695698, new best FoM : 0.8174585572081423
06/05/2022 01:23:01.826 - oc_logger - INFO - Function evaluation number: 211, SI: 1, Sub-iteration number: 129, FoM: 0.8174585572081423
06/05/2022 01:23:02.251 - oc_logger - INFO - New record achieved. Previous FoM: 0.8174585572081423, new best FoM : 0.8172293811309729
06/05/2022 01:23:02.251 - oc_logger - INFO - Function evaluation number: 212, SI: 1, Sub-iteration number: 129, FoM: 0.8172293811309729
06/05/2022 01:23:02.632 - oc_logger - INFO - Function evaluation number: 213, SI: 1, Sub-iteration number: 130, FoM: 0.8180789777580852
06/05/2022 01:23:03.003 - oc_logger - INFO - Function evaluation number: 214, SI: 1, Sub-iteration number: 131, FoM: 0.8181124188524781
06/05/2022 01:23:03.393 - oc_logger - INFO - Function evaluation number: 215, SI: 1, Sub-iteration number: 132, FoM: 0.8175665124396304
06/05/2022 01:23:03.745 - oc_logger - INFO - New record achieved. Previous FoM: 0.8172293811309729, new best FoM : 0.8171726160248625
06/05/2022 01:23:03.745 - oc_logger - INFO - Function evaluation number: 216, SI: 1, Sub-iteration number: 133, FoM: 0.8171726160248625
06/05/2022 01:23:04.159 - oc_logger - INFO - New record achieved. Previous FoM: 0.8171726160248625, new best FoM : 0.8170037012160901
06/05/2022 01:23:04.159 - oc_logger - INFO - Function evaluation number: 217, SI: 1, Sub-iteration number: 133, FoM: 0.8170037012160901
06/05/2022 01:23:04.551 - oc_logger - INFO - New record achieved. Previous FoM: 0.8170037012160901, new best FoM : 0.8169127188999037
06/05/2022 01:23:04.551 - oc_logger - INFO - Function evaluation number: 218, SI: 1, Sub-iteration number: 134, FoM: 0.8169127188999037
06/05/2022 01:23:04.966 - oc_logger - INFO - New record achieved. Previous FoM: 0.8169127188999037, new best FoM : 0.8167433534982154
06/05/2022 01:23:04.966 - oc_logger - INFO - Function evaluation number: 219, SI: 1, Sub-iteration number: 134, FoM: 0.8167433534982154
06/05/2022 01:23:05.366 - oc_logger - INFO - New record achieved. Previous FoM: 0.8167433534982154, new best FoM : 0.8167209730755645
06/05/2022 01:23:05.366 - oc_logger - INFO - Function evaluation number: 220, SI: 1, Sub-iteration number: 135, FoM: 0.8167209730755645
06/05/2022 01:23:05.704 - oc_logger - INFO - New record achieved. Previous FoM: 0.8167209730755645, new best FoM : 0.8165720051125522
06/05/2022 01:23:05.704 - oc_logger - INFO - Function evaluation number: 221, SI: 1, Sub-iteration number: 135, FoM: 0.8165720051125522
06/05/2022 01:23:06.084 - oc_logger - INFO - New record achieved. Previous FoM: 0.8165720051125522, new best FoM : 0.8165187210182412
06/05/2022 01:23:06.084 - oc_logger - INFO - Function evaluation number: 222, SI: 1, Sub-iteration number: 136, FoM: 0.8165187210182412
06/05/2022 01:23:06.456 - oc_logger - INFO - New record achieved. Previous FoM: 0.8165187210182412, new best FoM : 0.8163561639586339
06/05/2022 01:23:06.456 - oc_logger - INFO - Function evaluation number: 223, SI: 1, Sub-iteration number: 136, FoM: 0.8163561639586339
06/05/2022 01:23:06.841 - oc_logger - INFO - Function evaluation number: 224, SI: 1, Sub-iteration number: 137, FoM: 0.8217160427604763
06/05/2022 01:23:07.228 - oc_logger - INFO - Function evaluation number: 225, SI: 1, Sub-iteration number: 137, FoM: 0.8177433334784863
06/05/2022 01:23:07.596 - oc_logger - INFO - New record achieved. Previous FoM: 0.8163561639586339, new best FoM : 0.8161290147408671
06/05/2022 01:23:07.596 - oc_logger - INFO - Function evaluation number: 226, SI: 1, Sub-iteration number: 138, FoM: 0.8161290147408671
06/05/2022 01:23:07.937 - oc_logger - INFO - New record achieved. Previous FoM: 0.8161290147408671, new best FoM : 0.8159375707405284
06/05/2022 01:23:07.937 - oc_logger - INFO - Function evaluation number: 227, SI: 1, Sub-iteration number: 138, FoM: 0.8159375707405284
06/05/2022 01:23:08.284 - oc_logger - INFO - Function evaluation number: 228, SI: 1, Sub-iteration number: 139, FoM: 0.8187216413440048
06/05/2022 01:23:08.610 - oc_logger - INFO - Function evaluation number: 229, SI: 1, Sub-iteration number: 139, FoM: 0.8173932236453534
06/05/2022 01:23:08.980 - oc_logger - INFO - Function evaluation number: 230, SI: 1, Sub-iteration number: 140, FoM: 0.8199350697518768
06/05/2022 01:23:09.337 - oc_logger - INFO - Function evaluation number: 231, SI: 1, Sub-iteration number: 140, FoM: 0.8173183053035106
06/05/2022 01:23:09.714 - oc_logger - INFO - Function evaluation number: 232, SI: 1, Sub-iteration number: 141, FoM: 0.816475640829009
06/05/2022 01:23:10.106 - oc_logger - INFO - Function evaluation number: 233, SI: 1, Sub-iteration number: 142, FoM: 0.81612507083591
06/05/2022 01:23:10.464 - oc_logger - INFO - Function evaluation number: 234, SI: 1, Sub-iteration number: 143, FoM: 0.8176861191355249
06/05/2022 01:23:10.817 - oc_logger - INFO - Function evaluation number: 235, SI: 1, Sub-iteration number: 143, FoM: 0.8170489957947833
06/05/2022 01:23:11.167 - oc_logger - INFO - Function evaluation number: 236, SI: 1, Sub-iteration number: 144, FoM: 0.8160578694445835
06/05/2022 01:23:11.508 - oc_logger - INFO - New record achieved. Previous FoM: 0.8159375707405284, new best FoM : 0.815857279720529
06/05/2022 01:23:11.508 - oc_logger - INFO - Function evaluation number: 237, SI: 1, Sub-iteration number: 145, FoM: 0.815857279720529
06/05/2022 01:23:11.856 - oc_logger - INFO - Function evaluation number: 238, SI: 1, Sub-iteration number: 145, FoM: 0.8166081172938127
06/05/2022 01:23:12.196 - oc_logger - INFO - Function evaluation number: 239, SI: 1, Sub-iteration number: 146, FoM: 0.8221295223986806
06/05/2022 01:23:12.557 - oc_logger - INFO - Function evaluation number: 240, SI: 1, Sub-iteration number: 146, FoM: 0.8167211595109978
06/05/2022 01:23:12.905 - oc_logger - INFO - New record achieved. Previous FoM: 0.815857279720529, new best FoM : 0.8158461211980353
06/05/2022 01:23:12.905 - oc_logger - INFO - Function evaluation number: 241, SI: 1, Sub-iteration number: 147, FoM: 0.8158461211980353
06/05/2022 01:23:13.232 - oc_logger - INFO - New record achieved. Previous FoM: 0.8158461211980353, new best FoM : 0.815749019662964
06/05/2022 01:23:13.232 - oc_logger - INFO - Function evaluation number: 242, SI: 1, Sub-iteration number: 147, FoM: 0.815749019662964
06/05/2022 01:23:13.586 - oc_logger - INFO - Function evaluation number: 243, SI: 1, Sub-iteration number: 148, FoM: 0.8158827784850626
06/05/2022 01:23:13.936 - oc_logger - INFO - Function evaluation number: 244, SI: 1, Sub-iteration number: 149, FoM: 0.8181874612066447
06/05/2022 01:23:14.267 - oc_logger - INFO - Function evaluation number: 245, SI: 1, Sub-iteration number: 149, FoM: 0.8163788200557158
06/05/2022 01:23:14.267 - oc_logger - INFO - SI 1 finished - Number of evaluations: 245, Best FoM: 0.815749019662964, Terminate reason: Convergence of the FoM.

06/05/2022 01:23:14.267 - oc_logger - INFO - Direct search start time has been reset.
06/05/2022 01:23:14.606 - oc_logger - INFO - Function evaluation number: 246, SI: 2, Sub-iteration number: 0, FoM: 0.815749019662964
06/05/2022 01:23:14.948 - oc_logger - INFO - Function evaluation number: 247, SI: 2, Sub-iteration number: 0, FoM: 0.8157925388546832
06/05/2022 01:23:15.316 - oc_logger - INFO - New record achieved. Previous FoM: 0.815749019662964, new best FoM : 0.8156894657453431
06/05/2022 01:23:15.316 - oc_logger - INFO - Function evaluation number: 248, SI: 2, Sub-iteration number: 0, FoM: 0.8156894657453431
06/05/2022 01:23:15.665 - oc_logger - INFO - Function evaluation number: 249, SI: 2, Sub-iteration number: 0, FoM: 0.8157360954395793
06/05/2022 01:23:16.015 - oc_logger - INFO - Function evaluation number: 250, SI: 2, Sub-iteration number: 0, FoM: 0.8156910019791721
06/05/2022 01:23:16.363 - oc_logger - INFO - Function evaluation number: 251, SI: 2, Sub-iteration number: 0, FoM: 0.815732355495601
06/05/2022 01:23:16.688 - oc_logger - INFO - Function evaluation number: 252, SI: 2, Sub-iteration number: 0, FoM: 0.8156955911784868
06/05/2022 01:23:17.054 - oc_logger - INFO - Function evaluation number: 253, SI: 2, Sub-iteration number: 0, FoM: 0.8157153426715218
06/05/2022 01:23:17.435 - oc_logger - INFO - Function evaluation number: 254, SI: 2, Sub-iteration number: 0, FoM: 0.8157121770656657
06/05/2022 01:23:17.813 - oc_logger - INFO - New record achieved. Previous FoM: 0.8156894657453431, new best FoM : 0.8156439333790996
06/05/2022 01:23:17.813 - oc_logger - INFO - Function evaluation number: 255, SI: 2, Sub-iteration number: 1, FoM: 0.8156439333790996
06/05/2022 01:23:18.179 - oc_logger - INFO - New record achieved. Previous FoM: 0.8156439333790996, new best FoM : 0.8156261555183416
06/05/2022 01:23:18.179 - oc_logger - INFO - Function evaluation number: 256, SI: 2, Sub-iteration number: 1, FoM: 0.8156261555183416
06/05/2022 01:23:18.179 - oc_logger - INFO - SI 2 finished - Number of evaluations: 11, Best FoM: 0.8156261555183416, Terminate reason: Convergence of the FoM.

06/05/2022 01:23:18.192 - oc_logger - INFO - Direct search start time has been reset.
06/05/2022 01:23:18.532 - oc_logger - INFO - Function evaluation number: 257, SI: 3, Sub-iteration number: 0, FoM: 0.8156261555183416
06/05/2022 01:23:18.908 - oc_logger - INFO - Function evaluation number: 258, SI: 3, Sub-iteration number: 0, FoM: 0.8156959068392169
06/05/2022 01:23:19.266 - oc_logger - INFO - New record achieved. Previous FoM: 0.8156261555183416, new best FoM : 0.815566822895846
06/05/2022 01:23:19.266 - oc_logger - INFO - Function evaluation number: 259, SI: 3, Sub-iteration number: 0, FoM: 0.815566822895846
06/05/2022 01:23:19.615 - oc_logger - INFO - Function evaluation number: 260, SI: 3, Sub-iteration number: 0, FoM: 0.8156100958411532
06/05/2022 01:23:19.952 - oc_logger - INFO - Function evaluation number: 261, SI: 3, Sub-iteration number: 0, FoM: 0.8155768287395091
06/05/2022 01:23:20.307 - oc_logger - INFO - Function evaluation number: 262, SI: 3, Sub-iteration number: 0, FoM: 0.8156064272512935
06/05/2022 01:23:20.705 - oc_logger - INFO - Function evaluation number: 263, SI: 3, Sub-iteration number: 0, FoM: 0.8156117203569848
06/05/2022 01:23:21.147 - oc_logger - INFO - Function evaluation number: 264, SI: 3, Sub-iteration number: 0, FoM: 0.8155976015678077
06/05/2022 01:23:21.634 - oc_logger - INFO - Function evaluation number: 265, SI: 3, Sub-iteration number: 0, FoM: 0.815586615333873
06/05/2022 01:23:22.052 - oc_logger - INFO - New record achieved. Previous FoM: 0.815566822895846, new best FoM : 0.8154975498574466
06/05/2022 01:23:22.052 - oc_logger - INFO - Function evaluation number: 266, SI: 3, Sub-iteration number: 1, FoM: 0.8154975498574466
06/05/2022 01:23:22.395 - oc_logger - INFO - New record achieved. Previous FoM: 0.8154975498574466, new best FoM : 0.8154724232725725
06/05/2022 01:23:22.395 - oc_logger - INFO - Function evaluation number: 267, SI: 3, Sub-iteration number: 1, FoM: 0.8154724232725725
06/05/2022 01:23:22.408 - oc_logger - INFO - SI 3 finished - Number of evaluations: 11, Best FoM: 0.8154724232725725, Terminate reason: Convergence of the FoM.

06/05/2022 01:23:22.408 - oc_logger - INFO - Figure of merit : 0.8154724232725725
06/05/2022 01:23:22.409 - oc_logger - INFO - Std : 0.0
06/05/2022 01:23:22.409 - oc_logger - INFO - total number of function evaluations : 267
06/05/2022 01:23:22.409 - oc_logger - INFO - dcrab_freq_list : [array([[0.29398052, 0.74645612, 0.89325649, 1.32427328]]), array([[0.11813294, 0.58200688, 0.89089751, 1.3910401 ]]), array([[0.09127551, 0.61532473, 1.10854071, 1.36202154]])]
06/05/2022 01:23:22.409 - oc_logger - INFO - dcrab_para_list : [array([ 17.64052524,  23.30118792,  24.25240919, -11.16923998,
       -14.45937924,  -6.58405147,  21.27301173, -21.00115192]), array([-0.25260607,  0.12517196, -0.03942405,  0.08936101,  0.02726977,
        0.26255017,  0.00326571,  0.32530291]), array([-0.06120328,  0.09248459,  0.14936246,  0.19885305,  0.12161983,
        0.36609596,  0.09399138,  0.1808962 ])]
06/05/2022 01:23:22.409 - oc_logger - INFO - terminate_reason : Convergence of the FoM.
