06/05/2022 02:11:09.100 - oc_logger - INFO - The optimization direction is minimization
06/05/2022 02:11:09.102 - oc_logger - INFO - QuOCS version number: 0.0.22
06/05/2022 02:11:09.102 - oc_logger - INFO - Direct search start time has been reset.
06/05/2022 02:11:09.233 - oc_logger - INFO - New record achieved. Previous FoM: 10000000000.0, new best FoM : 0.7323441036043132
06/05/2022 02:11:09.233 - oc_logger - INFO - Function evaluation number: 1, SI: 1, Sub-iteration number: 0, FoM: 0.7323441036043132
06/05/2022 02:11:09.372 - oc_logger - INFO - New record achieved. Previous FoM: 0.7323441036043132, new best FoM : 0.7323053321351061
06/05/2022 02:11:09.373 - oc_logger - INFO - Function evaluation number: 2, SI: 1, Sub-iteration number: 0, FoM: 0.7323053321351061
06/05/2022 02:11:09.502 - oc_logger - INFO - New record achieved. Previous FoM: 0.7323053321351061, new best FoM : 0.7322015579578782
06/05/2022 02:11:09.502 - oc_logger - INFO - Function evaluation number: 3, SI: 1, Sub-iteration number: 0, FoM: 0.7322015579578782
06/05/2022 02:11:09.637 - oc_logger - INFO - Function evaluation number: 4, SI: 1, Sub-iteration number: 0, FoM: 0.7323219943336656
06/05/2022 02:11:09.769 - oc_logger - INFO - Function evaluation number: 5, SI: 1, Sub-iteration number: 0, FoM: 0.7322112151608247
06/05/2022 02:11:09.892 - oc_logger - INFO - Function evaluation number: 6, SI: 1, Sub-iteration number: 0, FoM: 0.732393014700733
06/05/2022 02:11:10.027 - oc_logger - INFO - Function evaluation number: 7, SI: 1, Sub-iteration number: 0, FoM: 0.7323550258534798
06/05/2022 02:11:10.147 - oc_logger - INFO - Function evaluation number: 8, SI: 1, Sub-iteration number: 0, FoM: 0.7323810899154848
06/05/2022 02:11:10.282 - oc_logger - INFO - Function evaluation number: 9, SI: 1, Sub-iteration number: 0, FoM: 0.7323363799976856
06/05/2022 02:11:10.412 - oc_logger - INFO - Function evaluation number: 10, SI: 1, Sub-iteration number: 1, FoM: 0.732221238782139
06/05/2022 02:11:10.412 - oc_logger - INFO - SI 1 finished - Number of evaluations: 10, Best FoM: 0.7322015579578782, Terminate reason: Convergence of the FoM.

06/05/2022 02:11:10.412 - oc_logger - INFO - Direct search start time has been reset.
06/05/2022 02:11:10.549 - oc_logger - INFO - Function evaluation number: 11, SI: 2, Sub-iteration number: 0, FoM: 0.7322015579578782
06/05/2022 02:11:10.680 - oc_logger - INFO - New record achieved. Previous FoM: 0.7322015579578782, new best FoM : 0.7321546489843102
06/05/2022 02:11:10.680 - oc_logger - INFO - Function evaluation number: 12, SI: 2, Sub-iteration number: 0, FoM: 0.7321546489843102
06/05/2022 02:11:10.815 - oc_logger - INFO - New record achieved. Previous FoM: 0.7321546489843102, new best FoM : 0.7320107821284645
06/05/2022 02:11:10.815 - oc_logger - INFO - Function evaluation number: 13, SI: 2, Sub-iteration number: 0, FoM: 0.7320107821284645
06/05/2022 02:11:10.942 - oc_logger - INFO - Function evaluation number: 14, SI: 2, Sub-iteration number: 0, FoM: 0.732190164762679
06/05/2022 02:11:11.074 - oc_logger - INFO - Function evaluation number: 15, SI: 2, Sub-iteration number: 0, FoM: 0.7321924940445865
06/05/2022 02:11:11.202 - oc_logger - INFO - Function evaluation number: 16, SI: 2, Sub-iteration number: 0, FoM: 0.7322242920377027
06/05/2022 02:11:11.336 - oc_logger - INFO - Function evaluation number: 17, SI: 2, Sub-iteration number: 0, FoM: 0.7321996161314712
06/05/2022 02:11:11.464 - oc_logger - INFO - Function evaluation number: 18, SI: 2, Sub-iteration number: 0, FoM: 0.7322092686945603
06/05/2022 02:11:11.597 - oc_logger - INFO - Function evaluation number: 19, SI: 2, Sub-iteration number: 0, FoM: 0.7322374724563112
06/05/2022 02:11:11.729 - oc_logger - INFO - Function evaluation number: 20, SI: 2, Sub-iteration number: 1, FoM: 0.7321090749747645
06/05/2022 02:11:11.729 - oc_logger - INFO - SI 2 finished - Number of evaluations: 10, Best FoM: 0.7320107821284645, Terminate reason: Convergence of the FoM.

06/05/2022 02:11:11.729 - oc_logger - INFO - Direct search start time has been reset.
06/05/2022 02:11:11.861 - oc_logger - INFO - Function evaluation number: 21, SI: 3, Sub-iteration number: 0, FoM: 0.7320107821284645
06/05/2022 02:11:11.985 - oc_logger - INFO - New record achieved. Previous FoM: 0.7320107821284645, new best FoM : 0.7318781524387603
06/05/2022 02:11:11.985 - oc_logger - INFO - Function evaluation number: 22, SI: 3, Sub-iteration number: 0, FoM: 0.7318781524387603
06/05/2022 02:11:12.120 - oc_logger - INFO - New record achieved. Previous FoM: 0.7318781524387603, new best FoM : 0.7303753463953491
06/05/2022 02:11:12.120 - oc_logger - INFO - Function evaluation number: 23, SI: 3, Sub-iteration number: 0, FoM: 0.7303753463953491
06/05/2022 02:11:12.244 - oc_logger - INFO - Function evaluation number: 24, SI: 3, Sub-iteration number: 0, FoM: 0.7323002116423751
06/05/2022 02:11:12.375 - oc_logger - INFO - Function evaluation number: 25, SI: 3, Sub-iteration number: 0, FoM: 0.7319858649164357
06/05/2022 02:11:12.500 - oc_logger - INFO - Function evaluation number: 26, SI: 3, Sub-iteration number: 0, FoM: 0.7317850892424818
06/05/2022 02:11:12.630 - oc_logger - INFO - Function evaluation number: 27, SI: 3, Sub-iteration number: 0, FoM: 0.7318216686496046
06/05/2022 02:11:12.761 - oc_logger - INFO - Function evaluation number: 28, SI: 3, Sub-iteration number: 0, FoM: 0.7320515042468126
06/05/2022 02:11:12.896 - oc_logger - INFO - Function evaluation number: 29, SI: 3, Sub-iteration number: 0, FoM: 0.73205450865042
06/05/2022 02:11:13.026 - oc_logger - INFO - Function evaluation number: 30, SI: 3, Sub-iteration number: 1, FoM: 0.7311718620292016
06/05/2022 02:11:13.170 - oc_logger - INFO - Function evaluation number: 31, SI: 3, Sub-iteration number: 2, FoM: 0.7312097849406851
06/05/2022 02:11:13.298 - oc_logger - INFO - Function evaluation number: 32, SI: 3, Sub-iteration number: 3, FoM: 0.7309963592002973
06/05/2022 02:11:13.428 - oc_logger - INFO - Function evaluation number: 33, SI: 3, Sub-iteration number: 4, FoM: 0.7307809986547913
06/05/2022 02:11:13.556 - oc_logger - INFO - Function evaluation number: 34, SI: 3, Sub-iteration number: 5, FoM: 0.730496416945121
06/05/2022 02:11:13.687 - oc_logger - INFO - New record achieved. Previous FoM: 0.7303753463953491, new best FoM : 0.730268483383532
06/05/2022 02:11:13.687 - oc_logger - INFO - Function evaluation number: 35, SI: 3, Sub-iteration number: 6, FoM: 0.730268483383532
06/05/2022 02:11:13.822 - oc_logger - INFO - New record achieved. Previous FoM: 0.730268483383532, new best FoM : 0.7300632051615512
06/05/2022 02:11:13.822 - oc_logger - INFO - Function evaluation number: 36, SI: 3, Sub-iteration number: 6, FoM: 0.7300632051615512
06/05/2022 02:11:13.951 - oc_logger - INFO - New record achieved. Previous FoM: 0.7300632051615512, new best FoM : 0.72988240779545
06/05/2022 02:11:13.951 - oc_logger - INFO - Function evaluation number: 37, SI: 3, Sub-iteration number: 7, FoM: 0.72988240779545
06/05/2022 02:11:14.083 - oc_logger - INFO - New record achieved. Previous FoM: 0.72988240779545, new best FoM : 0.7296349634033694
06/05/2022 02:11:14.083 - oc_logger - INFO - Function evaluation number: 38, SI: 3, Sub-iteration number: 7, FoM: 0.7296349634033694
06/05/2022 02:11:14.214 - oc_logger - INFO - New record achieved. Previous FoM: 0.7296349634033694, new best FoM : 0.729376810138374
06/05/2022 02:11:14.214 - oc_logger - INFO - Function evaluation number: 39, SI: 3, Sub-iteration number: 8, FoM: 0.729376810138374
06/05/2022 02:11:14.336 - oc_logger - INFO - New record achieved. Previous FoM: 0.729376810138374, new best FoM : 0.7290692921016738
06/05/2022 02:11:14.336 - oc_logger - INFO - Function evaluation number: 40, SI: 3, Sub-iteration number: 8, FoM: 0.7290692921016738
06/05/2022 02:11:14.467 - oc_logger - INFO - Function evaluation number: 41, SI: 3, Sub-iteration number: 9, FoM: 0.7294276581126778
06/05/2022 02:11:14.591 - oc_logger - INFO - New record achieved. Previous FoM: 0.7290692921016738, new best FoM : 0.7290373362512766
06/05/2022 02:11:14.591 - oc_logger - INFO - Function evaluation number: 42, SI: 3, Sub-iteration number: 10, FoM: 0.7290373362512766
06/05/2022 02:11:14.725 - oc_logger - INFO - New record achieved. Previous FoM: 0.7290373362512766, new best FoM : 0.7287683430416505
06/05/2022 02:11:14.725 - oc_logger - INFO - Function evaluation number: 43, SI: 3, Sub-iteration number: 10, FoM: 0.7287683430416505
06/05/2022 02:11:14.860 - oc_logger - INFO - New record achieved. Previous FoM: 0.7287683430416505, new best FoM : 0.7286501699908841
06/05/2022 02:11:14.860 - oc_logger - INFO - Function evaluation number: 44, SI: 3, Sub-iteration number: 11, FoM: 0.7286501699908841
06/05/2022 02:11:14.993 - oc_logger - INFO - New record achieved. Previous FoM: 0.7286501699908841, new best FoM : 0.7283531708851592
06/05/2022 02:11:14.994 - oc_logger - INFO - Function evaluation number: 45, SI: 3, Sub-iteration number: 11, FoM: 0.7283531708851592
06/05/2022 02:11:15.128 - oc_logger - INFO - New record achieved. Previous FoM: 0.7283531708851592, new best FoM : 0.7282626867055503
06/05/2022 02:11:15.128 - oc_logger - INFO - Function evaluation number: 46, SI: 3, Sub-iteration number: 12, FoM: 0.7282626867055503
06/05/2022 02:11:15.256 - oc_logger - INFO - New record achieved. Previous FoM: 0.7282626867055503, new best FoM : 0.7279450092635641
06/05/2022 02:11:15.256 - oc_logger - INFO - Function evaluation number: 47, SI: 3, Sub-iteration number: 12, FoM: 0.7279450092635641
06/05/2022 02:11:15.390 - oc_logger - INFO - New record achieved. Previous FoM: 0.7279450092635641, new best FoM : 0.7279269014734288
06/05/2022 02:11:15.390 - oc_logger - INFO - Function evaluation number: 48, SI: 3, Sub-iteration number: 13, FoM: 0.7279269014734288
06/05/2022 02:11:15.524 - oc_logger - INFO - New record achieved. Previous FoM: 0.7279269014734288, new best FoM : 0.7276070839245984
06/05/2022 02:11:15.524 - oc_logger - INFO - Function evaluation number: 49, SI: 3, Sub-iteration number: 13, FoM: 0.7276070839245984
06/05/2022 02:11:15.661 - oc_logger - INFO - New record achieved. Previous FoM: 0.7276070839245984, new best FoM : 0.727258571041402
06/05/2022 02:11:15.661 - oc_logger - INFO - Function evaluation number: 50, SI: 3, Sub-iteration number: 14, FoM: 0.727258571041402
06/05/2022 02:11:15.801 - oc_logger - INFO - New record achieved. Previous FoM: 0.727258571041402, new best FoM : 0.7268458249148553
06/05/2022 02:11:15.801 - oc_logger - INFO - Function evaluation number: 51, SI: 3, Sub-iteration number: 14, FoM: 0.7268458249148553
06/05/2022 02:11:15.944 - oc_logger - INFO - New record achieved. Previous FoM: 0.7268458249148553, new best FoM : 0.7268377077835522
06/05/2022 02:11:15.944 - oc_logger - INFO - Function evaluation number: 52, SI: 3, Sub-iteration number: 15, FoM: 0.7268377077835522
06/05/2022 02:11:16.090 - oc_logger - INFO - New record achieved. Previous FoM: 0.7268377077835522, new best FoM : 0.7264281308251761
06/05/2022 02:11:16.090 - oc_logger - INFO - Function evaluation number: 53, SI: 3, Sub-iteration number: 15, FoM: 0.7264281308251761
06/05/2022 02:11:16.237 - oc_logger - INFO - Function evaluation number: 54, SI: 3, Sub-iteration number: 16, FoM: 0.7264690267956717
06/05/2022 02:11:16.376 - oc_logger - INFO - New record achieved. Previous FoM: 0.7264281308251761, new best FoM : 0.7259340602091787
06/05/2022 02:11:16.376 - oc_logger - INFO - Function evaluation number: 55, SI: 3, Sub-iteration number: 17, FoM: 0.7259340602091787
06/05/2022 02:11:16.514 - oc_logger - INFO - New record achieved. Previous FoM: 0.7259340602091787, new best FoM : 0.7254911859997764
06/05/2022 02:11:16.514 - oc_logger - INFO - Function evaluation number: 56, SI: 3, Sub-iteration number: 17, FoM: 0.7254911859997764
06/05/2022 02:11:16.660 - oc_logger - INFO - New record achieved. Previous FoM: 0.7254911859997764, new best FoM : 0.7253973218873485
06/05/2022 02:11:16.660 - oc_logger - INFO - Function evaluation number: 57, SI: 3, Sub-iteration number: 18, FoM: 0.7253973218873485
06/05/2022 02:11:16.803 - oc_logger - INFO - New record achieved. Previous FoM: 0.7253973218873485, new best FoM : 0.7249316749700447
06/05/2022 02:11:16.803 - oc_logger - INFO - Function evaluation number: 58, SI: 3, Sub-iteration number: 18, FoM: 0.7249316749700447
06/05/2022 02:11:16.948 - oc_logger - INFO - New record achieved. Previous FoM: 0.7249316749700447, new best FoM : 0.7247142053033984
06/05/2022 02:11:16.948 - oc_logger - INFO - Function evaluation number: 59, SI: 3, Sub-iteration number: 19, FoM: 0.7247142053033984
06/05/2022 02:11:17.094 - oc_logger - INFO - New record achieved. Previous FoM: 0.7247142053033984, new best FoM : 0.7241941588674512
06/05/2022 02:11:17.094 - oc_logger - INFO - Function evaluation number: 60, SI: 3, Sub-iteration number: 19, FoM: 0.7241941588674512
06/05/2022 02:11:17.242 - oc_logger - INFO - New record achieved. Previous FoM: 0.7241941588674512, new best FoM : 0.7240902262866769
06/05/2022 02:11:17.242 - oc_logger - INFO - Function evaluation number: 61, SI: 3, Sub-iteration number: 20, FoM: 0.7240902262866769
06/05/2022 02:11:17.389 - oc_logger - INFO - New record achieved. Previous FoM: 0.7240902262866769, new best FoM : 0.7235435153192629
06/05/2022 02:11:17.389 - oc_logger - INFO - Function evaluation number: 62, SI: 3, Sub-iteration number: 20, FoM: 0.7235435153192629
06/05/2022 02:11:17.536 - oc_logger - INFO - New record achieved. Previous FoM: 0.7235435153192629, new best FoM : 0.7233786485456353
06/05/2022 02:11:17.537 - oc_logger - INFO - Function evaluation number: 63, SI: 3, Sub-iteration number: 21, FoM: 0.7233786485456353
06/05/2022 02:11:17.682 - oc_logger - INFO - New record achieved. Previous FoM: 0.7233786485456353, new best FoM : 0.7227883841400307
06/05/2022 02:11:17.682 - oc_logger - INFO - Function evaluation number: 64, SI: 3, Sub-iteration number: 21, FoM: 0.7227883841400307
06/05/2022 02:11:17.828 - oc_logger - INFO - New record achieved. Previous FoM: 0.7227883841400307, new best FoM : 0.7224426367342316
06/05/2022 02:11:17.829 - oc_logger - INFO - Function evaluation number: 65, SI: 3, Sub-iteration number: 22, FoM: 0.7224426367342316
06/05/2022 02:11:17.980 - oc_logger - INFO - New record achieved. Previous FoM: 0.7224426367342316, new best FoM : 0.7217590686148811
06/05/2022 02:11:17.980 - oc_logger - INFO - Function evaluation number: 66, SI: 3, Sub-iteration number: 22, FoM: 0.7217590686148811
06/05/2022 02:11:18.126 - oc_logger - INFO - Function evaluation number: 67, SI: 3, Sub-iteration number: 23, FoM: 0.722132776207623
06/05/2022 02:11:18.270 - oc_logger - INFO - New record achieved. Previous FoM: 0.7217590686148811, new best FoM : 0.7213049854425468
06/05/2022 02:11:18.270 - oc_logger - INFO - Function evaluation number: 68, SI: 3, Sub-iteration number: 24, FoM: 0.7213049854425468
06/05/2022 02:11:18.417 - oc_logger - INFO - New record achieved. Previous FoM: 0.7213049854425468, new best FoM : 0.7206396238943616
06/05/2022 02:11:18.417 - oc_logger - INFO - Function evaluation number: 69, SI: 3, Sub-iteration number: 24, FoM: 0.7206396238943616
06/05/2022 02:11:18.554 - oc_logger - INFO - New record achieved. Previous FoM: 0.7206396238943616, new best FoM : 0.7198608378512357
06/05/2022 02:11:18.555 - oc_logger - INFO - Function evaluation number: 70, SI: 3, Sub-iteration number: 25, FoM: 0.7198608378512357
06/05/2022 02:11:18.693 - oc_logger - INFO - New record achieved. Previous FoM: 0.7198608378512357, new best FoM : 0.7190095792340372
06/05/2022 02:11:18.693 - oc_logger - INFO - Function evaluation number: 71, SI: 3, Sub-iteration number: 25, FoM: 0.7190095792340372
06/05/2022 02:11:18.843 - oc_logger - INFO - Function evaluation number: 72, SI: 3, Sub-iteration number: 26, FoM: 0.7191743062112154
06/05/2022 02:11:18.985 - oc_logger - INFO - New record achieved. Previous FoM: 0.7190095792340372, new best FoM : 0.7182716206098728
06/05/2022 02:11:18.985 - oc_logger - INFO - Function evaluation number: 73, SI: 3, Sub-iteration number: 27, FoM: 0.7182716206098728
06/05/2022 02:11:19.125 - oc_logger - INFO - New record achieved. Previous FoM: 0.7182716206098728, new best FoM : 0.7174006488320595
06/05/2022 02:11:19.125 - oc_logger - INFO - Function evaluation number: 74, SI: 3, Sub-iteration number: 27, FoM: 0.7174006488320595
06/05/2022 02:11:19.270 - oc_logger - INFO - New record achieved. Previous FoM: 0.7174006488320595, new best FoM : 0.7173395717096
06/05/2022 02:11:19.270 - oc_logger - INFO - Function evaluation number: 75, SI: 3, Sub-iteration number: 28, FoM: 0.7173395717096
06/05/2022 02:11:19.412 - oc_logger - INFO - New record achieved. Previous FoM: 0.7173395717096, new best FoM : 0.7164494823013006
06/05/2022 02:11:19.412 - oc_logger - INFO - Function evaluation number: 76, SI: 3, Sub-iteration number: 28, FoM: 0.7164494823013006
06/05/2022 02:11:19.556 - oc_logger - INFO - New record achieved. Previous FoM: 0.7164494823013006, new best FoM : 0.7161984715045298
06/05/2022 02:11:19.556 - oc_logger - INFO - Function evaluation number: 77, SI: 3, Sub-iteration number: 29, FoM: 0.7161984715045298
06/05/2022 02:11:19.704 - oc_logger - INFO - New record achieved. Previous FoM: 0.7161984715045298, new best FoM : 0.7152407534953613
06/05/2022 02:11:19.704 - oc_logger - INFO - Function evaluation number: 78, SI: 3, Sub-iteration number: 29, FoM: 0.7152407534953613
06/05/2022 02:11:19.847 - oc_logger - INFO - New record achieved. Previous FoM: 0.7152407534953613, new best FoM : 0.7150954903013582
06/05/2022 02:11:19.847 - oc_logger - INFO - Function evaluation number: 79, SI: 3, Sub-iteration number: 30, FoM: 0.7150954903013582
06/05/2022 02:11:19.990 - oc_logger - INFO - New record achieved. Previous FoM: 0.7150954903013582, new best FoM : 0.7140994666804066
06/05/2022 02:11:19.990 - oc_logger - INFO - Function evaluation number: 80, SI: 3, Sub-iteration number: 30, FoM: 0.7140994666804066
06/05/2022 02:11:20.138 - oc_logger - INFO - New record achieved. Previous FoM: 0.7140994666804066, new best FoM : 0.7135414888161273
06/05/2022 02:11:20.138 - oc_logger - INFO - Function evaluation number: 81, SI: 3, Sub-iteration number: 31, FoM: 0.7135414888161273
06/05/2022 02:11:20.282 - oc_logger - INFO - New record achieved. Previous FoM: 0.7135414888161273, new best FoM : 0.7123806740637739
06/05/2022 02:11:20.282 - oc_logger - INFO - Function evaluation number: 82, SI: 3, Sub-iteration number: 31, FoM: 0.7123806740637739
06/05/2022 02:11:20.449 - oc_logger - INFO - New record achieved. Previous FoM: 0.7123806740637739, new best FoM : 0.7118133689527164
06/05/2022 02:11:20.450 - oc_logger - INFO - Function evaluation number: 83, SI: 3, Sub-iteration number: 32, FoM: 0.7118133689527164
06/05/2022 02:11:20.632 - oc_logger - INFO - New record achieved. Previous FoM: 0.7118133689527164, new best FoM : 0.7105401353561538
06/05/2022 02:11:20.632 - oc_logger - INFO - Function evaluation number: 84, SI: 3, Sub-iteration number: 32, FoM: 0.7105401353561538
06/05/2022 02:11:20.797 - oc_logger - INFO - New record achieved. Previous FoM: 0.7105401353561538, new best FoM : 0.7102369855494022
06/05/2022 02:11:20.797 - oc_logger - INFO - Function evaluation number: 85, SI: 3, Sub-iteration number: 33, FoM: 0.7102369855494022
06/05/2022 02:11:20.951 - oc_logger - INFO - New record achieved. Previous FoM: 0.7102369855494022, new best FoM : 0.7088621612578377
06/05/2022 02:11:20.952 - oc_logger - INFO - Function evaluation number: 86, SI: 3, Sub-iteration number: 33, FoM: 0.7088621612578377
06/05/2022 02:11:21.100 - oc_logger - INFO - Function evaluation number: 87, SI: 3, Sub-iteration number: 34, FoM: 0.709186439381191
06/05/2022 02:11:21.242 - oc_logger - INFO - New record achieved. Previous FoM: 0.7088621612578377, new best FoM : 0.7067333948388717
06/05/2022 02:11:21.242 - oc_logger - INFO - Function evaluation number: 88, SI: 3, Sub-iteration number: 35, FoM: 0.7067333948388717
06/05/2022 02:11:21.387 - oc_logger - INFO - New record achieved. Previous FoM: 0.7067333948388717, new best FoM : 0.7050960546435279
06/05/2022 02:11:21.387 - oc_logger - INFO - Function evaluation number: 89, SI: 3, Sub-iteration number: 35, FoM: 0.7050960546435279
06/05/2022 02:11:21.530 - oc_logger - INFO - Function evaluation number: 90, SI: 3, Sub-iteration number: 36, FoM: 0.7053821010668149
06/05/2022 02:11:21.666 - oc_logger - INFO - New record achieved. Previous FoM: 0.7050960546435279, new best FoM : 0.7034762917669777
06/05/2022 02:11:21.666 - oc_logger - INFO - Function evaluation number: 91, SI: 3, Sub-iteration number: 37, FoM: 0.7034762917669777
06/05/2022 02:11:21.804 - oc_logger - INFO - New record achieved. Previous FoM: 0.7034762917669777, new best FoM : 0.7017534545504918
06/05/2022 02:11:21.804 - oc_logger - INFO - Function evaluation number: 92, SI: 3, Sub-iteration number: 37, FoM: 0.7017534545504918
06/05/2022 02:11:21.948 - oc_logger - INFO - New record achieved. Previous FoM: 0.7017534545504918, new best FoM : 0.7012952960137462
06/05/2022 02:11:21.948 - oc_logger - INFO - Function evaluation number: 93, SI: 3, Sub-iteration number: 38, FoM: 0.7012952960137462
06/05/2022 02:11:22.089 - oc_logger - INFO - New record achieved. Previous FoM: 0.7012952960137462, new best FoM : 0.6994415793691708
06/05/2022 02:11:22.089 - oc_logger - INFO - Function evaluation number: 94, SI: 3, Sub-iteration number: 38, FoM: 0.6994415793691708
06/05/2022 02:11:22.228 - oc_logger - INFO - New record achieved. Previous FoM: 0.6994415793691708, new best FoM : 0.6986456056605421
06/05/2022 02:11:22.228 - oc_logger - INFO - Function evaluation number: 95, SI: 3, Sub-iteration number: 39, FoM: 0.6986456056605421
06/05/2022 02:11:22.374 - oc_logger - INFO - New record achieved. Previous FoM: 0.6986456056605421, new best FoM : 0.6965665821927141
06/05/2022 02:11:22.374 - oc_logger - INFO - Function evaluation number: 96, SI: 3, Sub-iteration number: 39, FoM: 0.6965665821927141
06/05/2022 02:11:22.517 - oc_logger - INFO - Function evaluation number: 97, SI: 3, Sub-iteration number: 40, FoM: 0.6968394031526969
06/05/2022 02:11:22.657 - oc_logger - INFO - New record achieved. Previous FoM: 0.6965665821927141, new best FoM : 0.6947749437908717
06/05/2022 02:11:22.657 - oc_logger - INFO - Function evaluation number: 98, SI: 3, Sub-iteration number: 41, FoM: 0.6947749437908717
06/05/2022 02:11:22.804 - oc_logger - INFO - New record achieved. Previous FoM: 0.6947749437908717, new best FoM : 0.69263664813885
06/05/2022 02:11:22.804 - oc_logger - INFO - Function evaluation number: 99, SI: 3, Sub-iteration number: 41, FoM: 0.69263664813885
06/05/2022 02:11:22.947 - oc_logger - INFO - New record achieved. Previous FoM: 0.69263664813885, new best FoM : 0.6921195363652671
06/05/2022 02:11:22.947 - oc_logger - INFO - Function evaluation number: 100, SI: 3, Sub-iteration number: 42, FoM: 0.6921195363652671
06/05/2022 02:11:23.093 - oc_logger - INFO - New record achieved. Previous FoM: 0.6921195363652671, new best FoM : 0.6898436075109642
06/05/2022 02:11:23.093 - oc_logger - INFO - Function evaluation number: 101, SI: 3, Sub-iteration number: 42, FoM: 0.6898436075109642
06/05/2022 02:11:23.224 - oc_logger - INFO - New record achieved. Previous FoM: 0.6898436075109642, new best FoM : 0.6877227439772717
06/05/2022 02:11:23.224 - oc_logger - INFO - Function evaluation number: 102, SI: 3, Sub-iteration number: 43, FoM: 0.6877227439772717
06/05/2022 02:11:23.371 - oc_logger - INFO - New record achieved. Previous FoM: 0.6877227439772717, new best FoM : 0.6850446010639435
06/05/2022 02:11:23.371 - oc_logger - INFO - Function evaluation number: 103, SI: 3, Sub-iteration number: 43, FoM: 0.6850446010639435
06/05/2022 02:11:23.517 - oc_logger - INFO - Function evaluation number: 104, SI: 3, Sub-iteration number: 44, FoM: 0.6861907810894151
06/05/2022 02:11:23.663 - oc_logger - INFO - New record achieved. Previous FoM: 0.6850446010639435, new best FoM : 0.6822028393141599
06/05/2022 02:11:23.663 - oc_logger - INFO - Function evaluation number: 105, SI: 3, Sub-iteration number: 45, FoM: 0.6822028393141599
06/05/2022 02:11:23.807 - oc_logger - INFO - New record achieved. Previous FoM: 0.6822028393141599, new best FoM : 0.6798373087135363
06/05/2022 02:11:23.807 - oc_logger - INFO - Function evaluation number: 106, SI: 3, Sub-iteration number: 45, FoM: 0.6798373087135363
06/05/2022 02:11:23.946 - oc_logger - INFO - New record achieved. Previous FoM: 0.6798373087135363, new best FoM : 0.6797028175565285
06/05/2022 02:11:23.946 - oc_logger - INFO - Function evaluation number: 107, SI: 3, Sub-iteration number: 46, FoM: 0.6797028175565285
06/05/2022 02:11:24.087 - oc_logger - INFO - New record achieved. Previous FoM: 0.6797028175565285, new best FoM : 0.6772937312924765
06/05/2022 02:11:24.087 - oc_logger - INFO - Function evaluation number: 108, SI: 3, Sub-iteration number: 46, FoM: 0.6772937312924765
06/05/2022 02:11:24.235 - oc_logger - INFO - New record achieved. Previous FoM: 0.6772937312924765, new best FoM : 0.6765640984347663
06/05/2022 02:11:24.235 - oc_logger - INFO - Function evaluation number: 109, SI: 3, Sub-iteration number: 47, FoM: 0.6765640984347663
06/05/2022 02:11:24.384 - oc_logger - INFO - New record achieved. Previous FoM: 0.6765640984347663, new best FoM : 0.6740102413569442
06/05/2022 02:11:24.384 - oc_logger - INFO - Function evaluation number: 110, SI: 3, Sub-iteration number: 47, FoM: 0.6740102413569442
06/05/2022 02:11:24.519 - oc_logger - INFO - New record achieved. Previous FoM: 0.6740102413569442, new best FoM : 0.6739412451914519
06/05/2022 02:11:24.519 - oc_logger - INFO - Function evaluation number: 111, SI: 3, Sub-iteration number: 48, FoM: 0.6739412451914519
06/05/2022 02:11:24.662 - oc_logger - INFO - New record achieved. Previous FoM: 0.6739412451914519, new best FoM : 0.6717651066567517
06/05/2022 02:11:24.662 - oc_logger - INFO - Function evaluation number: 112, SI: 3, Sub-iteration number: 48, FoM: 0.6717651066567517
06/05/2022 02:11:24.807 - oc_logger - INFO - New record achieved. Previous FoM: 0.6717651066567517, new best FoM : 0.6702134779058919
06/05/2022 02:11:24.807 - oc_logger - INFO - Function evaluation number: 113, SI: 3, Sub-iteration number: 49, FoM: 0.6702134779058919
06/05/2022 02:11:24.953 - oc_logger - INFO - New record achieved. Previous FoM: 0.6702134779058919, new best FoM : 0.6679533852861315
06/05/2022 02:11:24.953 - oc_logger - INFO - Function evaluation number: 114, SI: 3, Sub-iteration number: 49, FoM: 0.6679533852861315
06/05/2022 02:11:25.101 - oc_logger - INFO - Function evaluation number: 115, SI: 3, Sub-iteration number: 50, FoM: 0.668866384877004
06/05/2022 02:11:25.247 - oc_logger - INFO - New record achieved. Previous FoM: 0.6679533852861315, new best FoM : 0.6656654266957307
06/05/2022 02:11:25.247 - oc_logger - INFO - Function evaluation number: 116, SI: 3, Sub-iteration number: 51, FoM: 0.6656654266957307
06/05/2022 02:11:25.392 - oc_logger - INFO - New record achieved. Previous FoM: 0.6656654266957307, new best FoM : 0.6636567804840783
06/05/2022 02:11:25.392 - oc_logger - INFO - Function evaluation number: 117, SI: 3, Sub-iteration number: 51, FoM: 0.6636567804840783
06/05/2022 02:11:25.539 - oc_logger - INFO - Function evaluation number: 118, SI: 3, Sub-iteration number: 52, FoM: 0.6638247735156524
06/05/2022 02:11:25.684 - oc_logger - INFO - New record achieved. Previous FoM: 0.6636567804840783, new best FoM : 0.661865086504345
06/05/2022 02:11:25.684 - oc_logger - INFO - Function evaluation number: 119, SI: 3, Sub-iteration number: 53, FoM: 0.661865086504345
06/05/2022 02:11:25.814 - oc_logger - INFO - New record achieved. Previous FoM: 0.661865086504345, new best FoM : 0.6604588082359303
06/05/2022 02:11:25.814 - oc_logger - INFO - Function evaluation number: 120, SI: 3, Sub-iteration number: 53, FoM: 0.6604588082359303
06/05/2022 02:11:25.954 - oc_logger - INFO - New record achieved. Previous FoM: 0.6604588082359303, new best FoM : 0.6580928186846533
06/05/2022 02:11:25.954 - oc_logger - INFO - Function evaluation number: 121, SI: 3, Sub-iteration number: 54, FoM: 0.6580928186846533
06/05/2022 02:11:26.102 - oc_logger - INFO - New record achieved. Previous FoM: 0.6580928186846533, new best FoM : 0.6566449669017609
06/05/2022 02:11:26.102 - oc_logger - INFO - Function evaluation number: 122, SI: 3, Sub-iteration number: 54, FoM: 0.6566449669017609
06/05/2022 02:11:26.252 - oc_logger - INFO - Function evaluation number: 123, SI: 3, Sub-iteration number: 55, FoM: 0.65854119900506
06/05/2022 02:11:26.395 - oc_logger - INFO - Function evaluation number: 124, SI: 3, Sub-iteration number: 56, FoM: 0.6577741964742956
06/05/2022 02:11:26.541 - oc_logger - INFO - Function evaluation number: 125, SI: 3, Sub-iteration number: 57, FoM: 0.6571278829055107
06/05/2022 02:11:26.691 - oc_logger - INFO - New record achieved. Previous FoM: 0.6566449669017609, new best FoM : 0.6557138579509445
06/05/2022 02:11:26.691 - oc_logger - INFO - Function evaluation number: 126, SI: 3, Sub-iteration number: 58, FoM: 0.6557138579509445
06/05/2022 02:11:26.836 - oc_logger - INFO - New record achieved. Previous FoM: 0.6557138579509445, new best FoM : 0.65505947340406
06/05/2022 02:11:26.836 - oc_logger - INFO - Function evaluation number: 127, SI: 3, Sub-iteration number: 58, FoM: 0.65505947340406
06/05/2022 02:11:26.984 - oc_logger - INFO - New record achieved. Previous FoM: 0.65505947340406, new best FoM : 0.654789346786866
06/05/2022 02:11:26.985 - oc_logger - INFO - Function evaluation number: 128, SI: 3, Sub-iteration number: 59, FoM: 0.654789346786866
06/05/2022 02:11:27.132 - oc_logger - INFO - New record achieved. Previous FoM: 0.654789346786866, new best FoM : 0.654048392383195
06/05/2022 02:11:27.132 - oc_logger - INFO - Function evaluation number: 129, SI: 3, Sub-iteration number: 59, FoM: 0.654048392383195
06/05/2022 02:11:27.275 - oc_logger - INFO - Function evaluation number: 130, SI: 3, Sub-iteration number: 60, FoM: 0.6556931275864701
06/05/2022 02:11:27.417 - oc_logger - INFO - New record achieved. Previous FoM: 0.654048392383195, new best FoM : 0.6537185013590108
06/05/2022 02:11:27.417 - oc_logger - INFO - Function evaluation number: 131, SI: 3, Sub-iteration number: 61, FoM: 0.6537185013590108
06/05/2022 02:11:27.566 - oc_logger - INFO - New record achieved. Previous FoM: 0.6537185013590108, new best FoM : 0.6529555789291149
06/05/2022 02:11:27.566 - oc_logger - INFO - Function evaluation number: 132, SI: 3, Sub-iteration number: 61, FoM: 0.6529555789291149
06/05/2022 02:11:27.716 - oc_logger - INFO - New record achieved. Previous FoM: 0.6529555789291149, new best FoM : 0.6519483955382563
06/05/2022 02:11:27.716 - oc_logger - INFO - Function evaluation number: 133, SI: 3, Sub-iteration number: 62, FoM: 0.6519483955382563
06/05/2022 02:11:27.863 - oc_logger - INFO - New record achieved. Previous FoM: 0.6519483955382563, new best FoM : 0.6509571514230887
06/05/2022 02:11:27.864 - oc_logger - INFO - Function evaluation number: 134, SI: 3, Sub-iteration number: 62, FoM: 0.6509571514230887
06/05/2022 02:11:28.010 - oc_logger - INFO - Function evaluation number: 135, SI: 3, Sub-iteration number: 63, FoM: 0.6516105471593954
06/05/2022 02:11:28.160 - oc_logger - INFO - New record achieved. Previous FoM: 0.6509571514230887, new best FoM : 0.6506657453101004
06/05/2022 02:11:28.160 - oc_logger - INFO - Function evaluation number: 136, SI: 3, Sub-iteration number: 64, FoM: 0.6506657453101004
06/05/2022 02:11:28.310 - oc_logger - INFO - New record achieved. Previous FoM: 0.6506657453101004, new best FoM : 0.6498268535266367
06/05/2022 02:11:28.311 - oc_logger - INFO - Function evaluation number: 137, SI: 3, Sub-iteration number: 64, FoM: 0.6498268535266367
06/05/2022 02:11:28.459 - oc_logger - INFO - New record achieved. Previous FoM: 0.6498268535266367, new best FoM : 0.6497206431161173
06/05/2022 02:11:28.459 - oc_logger - INFO - Function evaluation number: 138, SI: 3, Sub-iteration number: 65, FoM: 0.6497206431161173
06/05/2022 02:11:28.604 - oc_logger - INFO - New record achieved. Previous FoM: 0.6497206431161173, new best FoM : 0.6489792937917558
06/05/2022 02:11:28.604 - oc_logger - INFO - Function evaluation number: 139, SI: 3, Sub-iteration number: 65, FoM: 0.6489792937917558
06/05/2022 02:11:28.746 - oc_logger - INFO - Function evaluation number: 140, SI: 3, Sub-iteration number: 66, FoM: 0.6499971834606031
06/05/2022 02:11:28.895 - oc_logger - INFO - New record achieved. Previous FoM: 0.6489792937917558, new best FoM : 0.6479377543024569
06/05/2022 02:11:28.895 - oc_logger - INFO - Function evaluation number: 141, SI: 3, Sub-iteration number: 67, FoM: 0.6479377543024569
06/05/2022 02:11:29.042 - oc_logger - INFO - New record achieved. Previous FoM: 0.6479377543024569, new best FoM : 0.6472404870778548
06/05/2022 02:11:29.042 - oc_logger - INFO - Function evaluation number: 142, SI: 3, Sub-iteration number: 67, FoM: 0.6472404870778548
06/05/2022 02:11:29.194 - oc_logger - INFO - Function evaluation number: 143, SI: 3, Sub-iteration number: 68, FoM: 0.6475252597734187
06/05/2022 02:11:29.343 - oc_logger - INFO - New record achieved. Previous FoM: 0.6472404870778548, new best FoM : 0.6467479742614122
06/05/2022 02:11:29.343 - oc_logger - INFO - Function evaluation number: 144, SI: 3, Sub-iteration number: 69, FoM: 0.6467479742614122
06/05/2022 02:11:29.487 - oc_logger - INFO - New record achieved. Previous FoM: 0.6467479742614122, new best FoM : 0.6461654610893636
06/05/2022 02:11:29.487 - oc_logger - INFO - Function evaluation number: 145, SI: 3, Sub-iteration number: 69, FoM: 0.6461654610893636
06/05/2022 02:11:29.633 - oc_logger - INFO - New record achieved. Previous FoM: 0.6461654610893636, new best FoM : 0.6452747653066476
06/05/2022 02:11:29.634 - oc_logger - INFO - Function evaluation number: 146, SI: 3, Sub-iteration number: 70, FoM: 0.6452747653066476
06/05/2022 02:11:29.782 - oc_logger - INFO - New record achieved. Previous FoM: 0.6452747653066476, new best FoM : 0.644504233953752
06/05/2022 02:11:29.782 - oc_logger - INFO - Function evaluation number: 147, SI: 3, Sub-iteration number: 70, FoM: 0.644504233953752
06/05/2022 02:11:29.925 - oc_logger - INFO - Function evaluation number: 148, SI: 3, Sub-iteration number: 71, FoM: 0.6447933540099625
06/05/2022 02:11:30.075 - oc_logger - INFO - Function evaluation number: 149, SI: 3, Sub-iteration number: 72, FoM: 0.6454442431505225
06/05/2022 02:11:30.225 - oc_logger - INFO - New record achieved. Previous FoM: 0.644504233953752, new best FoM : 0.6433581835542712
06/05/2022 02:11:30.225 - oc_logger - INFO - Function evaluation number: 150, SI: 3, Sub-iteration number: 73, FoM: 0.6433581835542712
06/05/2022 02:11:30.371 - oc_logger - INFO - New record achieved. Previous FoM: 0.6433581835542712, new best FoM : 0.642548878178429
06/05/2022 02:11:30.371 - oc_logger - INFO - Function evaluation number: 151, SI: 3, Sub-iteration number: 73, FoM: 0.642548878178429
06/05/2022 02:11:30.521 - oc_logger - INFO - Function evaluation number: 152, SI: 3, Sub-iteration number: 74, FoM: 0.6427047165719922
06/05/2022 02:11:30.676 - oc_logger - INFO - Function evaluation number: 153, SI: 3, Sub-iteration number: 75, FoM: 0.6429390960310097
06/05/2022 02:11:30.824 - oc_logger - INFO - New record achieved. Previous FoM: 0.642548878178429, new best FoM : 0.6412904106361882
06/05/2022 02:11:30.824 - oc_logger - INFO - Function evaluation number: 154, SI: 3, Sub-iteration number: 76, FoM: 0.6412904106361882
06/05/2022 02:11:30.969 - oc_logger - INFO - New record achieved. Previous FoM: 0.6412904106361882, new best FoM : 0.640635706707666
06/05/2022 02:11:30.969 - oc_logger - INFO - Function evaluation number: 155, SI: 3, Sub-iteration number: 76, FoM: 0.640635706707666
06/05/2022 02:11:31.122 - oc_logger - INFO - Function evaluation number: 156, SI: 3, Sub-iteration number: 77, FoM: 0.6407653213459963
06/05/2022 02:11:31.268 - oc_logger - INFO - New record achieved. Previous FoM: 0.640635706707666, new best FoM : 0.6403326576002415
06/05/2022 02:11:31.268 - oc_logger - INFO - Function evaluation number: 157, SI: 3, Sub-iteration number: 78, FoM: 0.6403326576002415
06/05/2022 02:11:31.418 - oc_logger - INFO - New record achieved. Previous FoM: 0.6403326576002415, new best FoM : 0.639822398590588
06/05/2022 02:11:31.418 - oc_logger - INFO - Function evaluation number: 158, SI: 3, Sub-iteration number: 78, FoM: 0.639822398590588
06/05/2022 02:11:31.570 - oc_logger - INFO - New record achieved. Previous FoM: 0.639822398590588, new best FoM : 0.638809216036853
06/05/2022 02:11:31.570 - oc_logger - INFO - Function evaluation number: 159, SI: 3, Sub-iteration number: 79, FoM: 0.638809216036853
06/05/2022 02:11:31.717 - oc_logger - INFO - New record achieved. Previous FoM: 0.638809216036853, new best FoM : 0.6380645354193214
06/05/2022 02:11:31.717 - oc_logger - INFO - Function evaluation number: 160, SI: 3, Sub-iteration number: 79, FoM: 0.6380645354193214
06/05/2022 02:11:31.866 - oc_logger - INFO - Function evaluation number: 161, SI: 3, Sub-iteration number: 80, FoM: 0.6383988866859247
06/05/2022 02:11:32.018 - oc_logger - INFO - New record achieved. Previous FoM: 0.6380645354193214, new best FoM : 0.6378908264786114
06/05/2022 02:11:32.019 - oc_logger - INFO - Function evaluation number: 162, SI: 3, Sub-iteration number: 81, FoM: 0.6378908264786114
06/05/2022 02:11:32.170 - oc_logger - INFO - New record achieved. Previous FoM: 0.6378908264786114, new best FoM : 0.6374985574081312
06/05/2022 02:11:32.171 - oc_logger - INFO - Function evaluation number: 163, SI: 3, Sub-iteration number: 81, FoM: 0.6374985574081312
06/05/2022 02:11:32.324 - oc_logger - INFO - New record achieved. Previous FoM: 0.6374985574081312, new best FoM : 0.6368146855608161
06/05/2022 02:11:32.325 - oc_logger - INFO - Function evaluation number: 164, SI: 3, Sub-iteration number: 82, FoM: 0.6368146855608161
06/05/2022 02:11:32.475 - oc_logger - INFO - New record achieved. Previous FoM: 0.6368146855608161, new best FoM : 0.6361052467395452
06/05/2022 02:11:32.475 - oc_logger - INFO - Function evaluation number: 165, SI: 3, Sub-iteration number: 82, FoM: 0.6361052467395452
06/05/2022 02:11:32.624 - oc_logger - INFO - New record achieved. Previous FoM: 0.6361052467395452, new best FoM : 0.6356853960185427
06/05/2022 02:11:32.624 - oc_logger - INFO - Function evaluation number: 166, SI: 3, Sub-iteration number: 83, FoM: 0.6356853960185427
06/05/2022 02:11:32.777 - oc_logger - INFO - New record achieved. Previous FoM: 0.6356853960185427, new best FoM : 0.6348880967087667
06/05/2022 02:11:32.778 - oc_logger - INFO - Function evaluation number: 167, SI: 3, Sub-iteration number: 83, FoM: 0.6348880967087667
06/05/2022 02:11:32.926 - oc_logger - INFO - Function evaluation number: 168, SI: 3, Sub-iteration number: 84, FoM: 0.6362558518450585
06/05/2022 02:11:33.080 - oc_logger - INFO - New record achieved. Previous FoM: 0.6348880967087667, new best FoM : 0.6344000488340644
06/05/2022 02:11:33.080 - oc_logger - INFO - Function evaluation number: 169, SI: 3, Sub-iteration number: 85, FoM: 0.6344000488340644
06/05/2022 02:11:33.233 - oc_logger - INFO - New record achieved. Previous FoM: 0.6344000488340644, new best FoM : 0.6336683729953734
06/05/2022 02:11:33.233 - oc_logger - INFO - Function evaluation number: 170, SI: 3, Sub-iteration number: 85, FoM: 0.6336683729953734
06/05/2022 02:11:33.385 - oc_logger - INFO - Function evaluation number: 171, SI: 3, Sub-iteration number: 86, FoM: 0.6340110833686539
06/05/2022 02:11:33.537 - oc_logger - INFO - New record achieved. Previous FoM: 0.6336683729953734, new best FoM : 0.6329625938133027
06/05/2022 02:11:33.538 - oc_logger - INFO - Function evaluation number: 172, SI: 3, Sub-iteration number: 87, FoM: 0.6329625938133027
06/05/2022 02:11:33.686 - oc_logger - INFO - New record achieved. Previous FoM: 0.6329625938133027, new best FoM : 0.6327013543410118
06/05/2022 02:11:33.686 - oc_logger - INFO - Function evaluation number: 173, SI: 3, Sub-iteration number: 87, FoM: 0.6327013543410118
06/05/2022 02:11:33.837 - oc_logger - INFO - New record achieved. Previous FoM: 0.6327013543410118, new best FoM : 0.6324086232821687
06/05/2022 02:11:33.837 - oc_logger - INFO - Function evaluation number: 174, SI: 3, Sub-iteration number: 88, FoM: 0.6324086232821687
06/05/2022 02:11:33.982 - oc_logger - INFO - New record achieved. Previous FoM: 0.6324086232821687, new best FoM : 0.6318040787714576
06/05/2022 02:11:33.982 - oc_logger - INFO - Function evaluation number: 175, SI: 3, Sub-iteration number: 88, FoM: 0.6318040787714576
06/05/2022 02:11:34.137 - oc_logger - INFO - Function evaluation number: 176, SI: 3, Sub-iteration number: 89, FoM: 0.6321943808617603
06/05/2022 02:11:34.288 - oc_logger - INFO - New record achieved. Previous FoM: 0.6318040787714576, new best FoM : 0.6298548893893064
06/05/2022 02:11:34.288 - oc_logger - INFO - Function evaluation number: 177, SI: 3, Sub-iteration number: 90, FoM: 0.6298548893893064
06/05/2022 02:11:34.442 - oc_logger - INFO - New record achieved. Previous FoM: 0.6298548893893064, new best FoM : 0.6289426602756933
06/05/2022 02:11:34.442 - oc_logger - INFO - Function evaluation number: 178, SI: 3, Sub-iteration number: 90, FoM: 0.6289426602756933
06/05/2022 02:11:34.591 - oc_logger - INFO - Function evaluation number: 179, SI: 3, Sub-iteration number: 91, FoM: 0.6296972206190017
06/05/2022 02:11:34.736 - oc_logger - INFO - Function evaluation number: 180, SI: 3, Sub-iteration number: 92, FoM: 0.6302186456164164
06/05/2022 02:11:34.885 - oc_logger - INFO - New record achieved. Previous FoM: 0.6289426602756933, new best FoM : 0.6289356664351018
06/05/2022 02:11:34.886 - oc_logger - INFO - Function evaluation number: 181, SI: 3, Sub-iteration number: 93, FoM: 0.6289356664351018
06/05/2022 02:11:35.034 - oc_logger - INFO - New record achieved. Previous FoM: 0.6289356664351018, new best FoM : 0.62830669773167
06/05/2022 02:11:35.035 - oc_logger - INFO - Function evaluation number: 182, SI: 3, Sub-iteration number: 93, FoM: 0.62830669773167
06/05/2022 02:11:35.183 - oc_logger - INFO - New record achieved. Previous FoM: 0.62830669773167, new best FoM : 0.6277921575945107
06/05/2022 02:11:35.183 - oc_logger - INFO - Function evaluation number: 183, SI: 3, Sub-iteration number: 94, FoM: 0.6277921575945107
06/05/2022 02:11:35.323 - oc_logger - INFO - New record achieved. Previous FoM: 0.6277921575945107, new best FoM : 0.6272411075359373
06/05/2022 02:11:35.323 - oc_logger - INFO - Function evaluation number: 184, SI: 3, Sub-iteration number: 94, FoM: 0.6272411075359373
06/05/2022 02:11:35.464 - oc_logger - INFO - New record achieved. Previous FoM: 0.6272411075359373, new best FoM : 0.6265117651668406
06/05/2022 02:11:35.464 - oc_logger - INFO - Function evaluation number: 185, SI: 3, Sub-iteration number: 95, FoM: 0.6265117651668406
06/05/2022 02:11:35.613 - oc_logger - INFO - New record achieved. Previous FoM: 0.6265117651668406, new best FoM : 0.6256332113500818
06/05/2022 02:11:35.613 - oc_logger - INFO - Function evaluation number: 186, SI: 3, Sub-iteration number: 95, FoM: 0.6256332113500818
06/05/2022 02:11:35.766 - oc_logger - INFO - Function evaluation number: 187, SI: 3, Sub-iteration number: 96, FoM: 0.6256348445450144
06/05/2022 02:11:35.917 - oc_logger - INFO - New record achieved. Previous FoM: 0.6256332113500818, new best FoM : 0.624647725345215
06/05/2022 02:11:35.917 - oc_logger - INFO - Function evaluation number: 188, SI: 3, Sub-iteration number: 97, FoM: 0.624647725345215
06/05/2022 02:11:36.068 - oc_logger - INFO - New record achieved. Previous FoM: 0.624647725345215, new best FoM : 0.6239260116425536
06/05/2022 02:11:36.068 - oc_logger - INFO - Function evaluation number: 189, SI: 3, Sub-iteration number: 97, FoM: 0.6239260116425536
06/05/2022 02:11:36.217 - oc_logger - INFO - New record achieved. Previous FoM: 0.6239260116425536, new best FoM : 0.6225985371220903
06/05/2022 02:11:36.218 - oc_logger - INFO - Function evaluation number: 190, SI: 3, Sub-iteration number: 98, FoM: 0.6225985371220903
06/05/2022 02:11:36.368 - oc_logger - INFO - New record achieved. Previous FoM: 0.6225985371220903, new best FoM : 0.6218351540098277
06/05/2022 02:11:36.368 - oc_logger - INFO - Function evaluation number: 191, SI: 3, Sub-iteration number: 98, FoM: 0.6218351540098277
06/05/2022 02:11:36.518 - oc_logger - INFO - Function evaluation number: 192, SI: 3, Sub-iteration number: 99, FoM: 0.6226324500448304
06/05/2022 02:11:36.668 - oc_logger - INFO - New record achieved. Previous FoM: 0.6218351540098277, new best FoM : 0.6216925161342737
06/05/2022 02:11:36.668 - oc_logger - INFO - Function evaluation number: 193, SI: 3, Sub-iteration number: 100, FoM: 0.6216925161342737
06/05/2022 02:11:36.822 - oc_logger - INFO - New record achieved. Previous FoM: 0.6216925161342737, new best FoM : 0.6210395617242412
06/05/2022 02:11:36.822 - oc_logger - INFO - Function evaluation number: 194, SI: 3, Sub-iteration number: 100, FoM: 0.6210395617242412
06/05/2022 02:11:36.971 - oc_logger - INFO - New record achieved. Previous FoM: 0.6210395617242412, new best FoM : 0.6196022740557812
06/05/2022 02:11:36.971 - oc_logger - INFO - Function evaluation number: 195, SI: 3, Sub-iteration number: 101, FoM: 0.6196022740557812
06/05/2022 02:11:37.122 - oc_logger - INFO - New record achieved. Previous FoM: 0.6196022740557812, new best FoM : 0.6186017545433435
06/05/2022 02:11:37.122 - oc_logger - INFO - Function evaluation number: 196, SI: 3, Sub-iteration number: 101, FoM: 0.6186017545433435
06/05/2022 02:11:37.272 - oc_logger - INFO - Function evaluation number: 197, SI: 3, Sub-iteration number: 102, FoM: 0.6197993133885991
06/05/2022 02:11:37.426 - oc_logger - INFO - New record achieved. Previous FoM: 0.6186017545433435, new best FoM : 0.6182342568758155
06/05/2022 02:11:37.426 - oc_logger - INFO - Function evaluation number: 198, SI: 3, Sub-iteration number: 103, FoM: 0.6182342568758155
06/05/2022 02:11:37.565 - oc_logger - INFO - New record achieved. Previous FoM: 0.6182342568758155, new best FoM : 0.6176661785709074
06/05/2022 02:11:37.566 - oc_logger - INFO - Function evaluation number: 199, SI: 3, Sub-iteration number: 103, FoM: 0.6176661785709074
06/05/2022 02:11:37.718 - oc_logger - INFO - Function evaluation number: 200, SI: 3, Sub-iteration number: 104, FoM: 0.6183408248856246
06/05/2022 02:11:37.866 - oc_logger - INFO - Function evaluation number: 201, SI: 3, Sub-iteration number: 105, FoM: 0.6185754554332219
06/05/2022 02:11:38.021 - oc_logger - INFO - New record achieved. Previous FoM: 0.6176661785709074, new best FoM : 0.6159816146851262
06/05/2022 02:11:38.021 - oc_logger - INFO - Function evaluation number: 202, SI: 3, Sub-iteration number: 106, FoM: 0.6159816146851262
06/05/2022 02:11:38.178 - oc_logger - INFO - New record achieved. Previous FoM: 0.6159816146851262, new best FoM : 0.6152601287920673
06/05/2022 02:11:38.178 - oc_logger - INFO - Function evaluation number: 203, SI: 3, Sub-iteration number: 106, FoM: 0.6152601287920673
06/05/2022 02:11:38.335 - oc_logger - INFO - Function evaluation number: 204, SI: 3, Sub-iteration number: 107, FoM: 0.6153908206264229
06/05/2022 02:11:38.490 - oc_logger - INFO - New record achieved. Previous FoM: 0.6152601287920673, new best FoM : 0.6145761733590509
06/05/2022 02:11:38.490 - oc_logger - INFO - Function evaluation number: 205, SI: 3, Sub-iteration number: 108, FoM: 0.6145761733590509
06/05/2022 02:11:38.640 - oc_logger - INFO - New record achieved. Previous FoM: 0.6145761733590509, new best FoM : 0.613851057617909
06/05/2022 02:11:38.640 - oc_logger - INFO - Function evaluation number: 206, SI: 3, Sub-iteration number: 108, FoM: 0.613851057617909
06/05/2022 02:11:38.797 - oc_logger - INFO - Function evaluation number: 207, SI: 3, Sub-iteration number: 109, FoM: 0.6152593075171904
06/05/2022 02:11:38.943 - oc_logger - INFO - New record achieved. Previous FoM: 0.613851057617909, new best FoM : 0.6133063403496806
06/05/2022 02:11:38.943 - oc_logger - INFO - Function evaluation number: 208, SI: 3, Sub-iteration number: 110, FoM: 0.6133063403496806
06/05/2022 02:11:39.090 - oc_logger - INFO - New record achieved. Previous FoM: 0.6133063403496806, new best FoM : 0.6126536609081661
06/05/2022 02:11:39.091 - oc_logger - INFO - Function evaluation number: 209, SI: 3, Sub-iteration number: 110, FoM: 0.6126536609081661
06/05/2022 02:11:39.242 - oc_logger - INFO - Function evaluation number: 210, SI: 3, Sub-iteration number: 111, FoM: 0.6129073924723807
06/05/2022 02:11:39.395 - oc_logger - INFO - Function evaluation number: 211, SI: 3, Sub-iteration number: 112, FoM: 0.6127287085096951
06/05/2022 02:11:39.535 - oc_logger - INFO - New record achieved. Previous FoM: 0.6126536609081661, new best FoM : 0.6104569331675642
06/05/2022 02:11:39.535 - oc_logger - INFO - Function evaluation number: 212, SI: 3, Sub-iteration number: 113, FoM: 0.6104569331675642
06/05/2022 02:11:39.684 - oc_logger - INFO - New record achieved. Previous FoM: 0.6104569331675642, new best FoM : 0.6096753361652119
06/05/2022 02:11:39.684 - oc_logger - INFO - Function evaluation number: 213, SI: 3, Sub-iteration number: 113, FoM: 0.6096753361652119
06/05/2022 02:11:39.837 - oc_logger - INFO - Function evaluation number: 214, SI: 3, Sub-iteration number: 114, FoM: 0.6099720445153991
06/05/2022 02:11:39.987 - oc_logger - INFO - Function evaluation number: 215, SI: 3, Sub-iteration number: 115, FoM: 0.6098185888115957
06/05/2022 02:11:40.138 - oc_logger - INFO - New record achieved. Previous FoM: 0.6096753361652119, new best FoM : 0.6092781501072962
06/05/2022 02:11:40.138 - oc_logger - INFO - Function evaluation number: 216, SI: 3, Sub-iteration number: 116, FoM: 0.6092781501072962
06/05/2022 02:11:40.291 - oc_logger - INFO - New record achieved. Previous FoM: 0.6092781501072962, new best FoM : 0.6088539401697638
06/05/2022 02:11:40.291 - oc_logger - INFO - Function evaluation number: 217, SI: 3, Sub-iteration number: 116, FoM: 0.6088539401697638
06/05/2022 02:11:40.443 - oc_logger - INFO - New record achieved. Previous FoM: 0.6088539401697638, new best FoM : 0.6081768552330493
06/05/2022 02:11:40.443 - oc_logger - INFO - Function evaluation number: 218, SI: 3, Sub-iteration number: 117, FoM: 0.6081768552330493
06/05/2022 02:11:40.597 - oc_logger - INFO - New record achieved. Previous FoM: 0.6081768552330493, new best FoM : 0.6077222895887836
06/05/2022 02:11:40.597 - oc_logger - INFO - Function evaluation number: 219, SI: 3, Sub-iteration number: 117, FoM: 0.6077222895887836
06/05/2022 02:11:40.761 - oc_logger - INFO - New record achieved. Previous FoM: 0.6077222895887836, new best FoM : 0.6068987110157685
06/05/2022 02:11:40.761 - oc_logger - INFO - Function evaluation number: 220, SI: 3, Sub-iteration number: 118, FoM: 0.6068987110157685
06/05/2022 02:11:40.912 - oc_logger - INFO - New record achieved. Previous FoM: 0.6068987110157685, new best FoM : 0.6061769932066785
06/05/2022 02:11:40.912 - oc_logger - INFO - Function evaluation number: 221, SI: 3, Sub-iteration number: 118, FoM: 0.6061769932066785
06/05/2022 02:11:41.073 - oc_logger - INFO - Function evaluation number: 222, SI: 3, Sub-iteration number: 119, FoM: 0.6071240202800452
06/05/2022 02:11:41.223 - oc_logger - INFO - New record achieved. Previous FoM: 0.6061769932066785, new best FoM : 0.6049242335862248
06/05/2022 02:11:41.223 - oc_logger - INFO - Function evaluation number: 223, SI: 3, Sub-iteration number: 120, FoM: 0.6049242335862248
06/05/2022 02:11:41.379 - oc_logger - INFO - New record achieved. Previous FoM: 0.6049242335862248, new best FoM : 0.6045703072438758
06/05/2022 02:11:41.379 - oc_logger - INFO - Function evaluation number: 224, SI: 3, Sub-iteration number: 120, FoM: 0.6045703072438758
06/05/2022 02:11:41.532 - oc_logger - INFO - New record achieved. Previous FoM: 0.6045703072438758, new best FoM : 0.6040833000635641
06/05/2022 02:11:41.532 - oc_logger - INFO - Function evaluation number: 225, SI: 3, Sub-iteration number: 121, FoM: 0.6040833000635641
06/05/2022 02:11:41.688 - oc_logger - INFO - New record achieved. Previous FoM: 0.6040833000635641, new best FoM : 0.6036963084145792
06/05/2022 02:11:41.688 - oc_logger - INFO - Function evaluation number: 226, SI: 3, Sub-iteration number: 121, FoM: 0.6036963084145792
06/05/2022 02:11:41.845 - oc_logger - INFO - New record achieved. Previous FoM: 0.6036963084145792, new best FoM : 0.6034145786324269
06/05/2022 02:11:41.845 - oc_logger - INFO - Function evaluation number: 227, SI: 3, Sub-iteration number: 122, FoM: 0.6034145786324269
06/05/2022 02:11:41.999 - oc_logger - INFO - New record achieved. Previous FoM: 0.6034145786324269, new best FoM : 0.602669978149045
06/05/2022 02:11:41.999 - oc_logger - INFO - Function evaluation number: 228, SI: 3, Sub-iteration number: 122, FoM: 0.602669978149045
06/05/2022 02:11:42.156 - oc_logger - INFO - Function evaluation number: 229, SI: 3, Sub-iteration number: 123, FoM: 0.60330037400089
06/05/2022 02:11:42.312 - oc_logger - INFO - New record achieved. Previous FoM: 0.602669978149045, new best FoM : 0.6020463121336866
06/05/2022 02:11:42.312 - oc_logger - INFO - Function evaluation number: 230, SI: 3, Sub-iteration number: 124, FoM: 0.6020463121336866
06/05/2022 02:11:42.471 - oc_logger - INFO - New record achieved. Previous FoM: 0.6020463121336866, new best FoM : 0.6016168468877532
06/05/2022 02:11:42.471 - oc_logger - INFO - Function evaluation number: 231, SI: 3, Sub-iteration number: 124, FoM: 0.6016168468877532
06/05/2022 02:11:42.632 - oc_logger - INFO - New record achieved. Previous FoM: 0.6016168468877532, new best FoM : 0.6015187779234299
06/05/2022 02:11:42.632 - oc_logger - INFO - Function evaluation number: 232, SI: 3, Sub-iteration number: 125, FoM: 0.6015187779234299
06/05/2022 02:11:42.789 - oc_logger - INFO - New record achieved. Previous FoM: 0.6015187779234299, new best FoM : 0.6011046073002309
06/05/2022 02:11:42.790 - oc_logger - INFO - Function evaluation number: 233, SI: 3, Sub-iteration number: 125, FoM: 0.6011046073002309
06/05/2022 02:11:42.949 - oc_logger - INFO - Function evaluation number: 234, SI: 3, Sub-iteration number: 126, FoM: 0.6020450714542892
06/05/2022 02:11:43.100 - oc_logger - INFO - Function evaluation number: 235, SI: 3, Sub-iteration number: 127, FoM: 0.6019423960371386
06/05/2022 02:11:43.253 - oc_logger - INFO - New record achieved. Previous FoM: 0.6011046073002309, new best FoM : 0.5997502743670227
06/05/2022 02:11:43.253 - oc_logger - INFO - Function evaluation number: 236, SI: 3, Sub-iteration number: 128, FoM: 0.5997502743670227
06/05/2022 02:11:43.407 - oc_logger - INFO - New record achieved. Previous FoM: 0.5997502743670227, new best FoM : 0.5994567270986662
06/05/2022 02:11:43.407 - oc_logger - INFO - Function evaluation number: 237, SI: 3, Sub-iteration number: 128, FoM: 0.5994567270986662
06/05/2022 02:11:43.561 - oc_logger - INFO - New record achieved. Previous FoM: 0.5994567270986662, new best FoM : 0.5988793436369827
06/05/2022 02:11:43.562 - oc_logger - INFO - Function evaluation number: 238, SI: 3, Sub-iteration number: 129, FoM: 0.5988793436369827
06/05/2022 02:11:43.720 - oc_logger - INFO - New record achieved. Previous FoM: 0.5988793436369827, new best FoM : 0.5986309250806956
06/05/2022 02:11:43.720 - oc_logger - INFO - Function evaluation number: 239, SI: 3, Sub-iteration number: 129, FoM: 0.5986309250806956
06/05/2022 02:11:43.876 - oc_logger - INFO - Function evaluation number: 240, SI: 3, Sub-iteration number: 130, FoM: 0.6007351101339127
06/05/2022 02:11:44.027 - oc_logger - INFO - Function evaluation number: 241, SI: 3, Sub-iteration number: 131, FoM: 0.600450795725151
06/05/2022 02:11:44.188 - oc_logger - INFO - Function evaluation number: 242, SI: 3, Sub-iteration number: 132, FoM: 0.6014009232057729
06/05/2022 02:11:44.348 - oc_logger - INFO - New record achieved. Previous FoM: 0.5986309250806956, new best FoM : 0.5985871592105184
06/05/2022 02:11:44.348 - oc_logger - INFO - Function evaluation number: 243, SI: 3, Sub-iteration number: 133, FoM: 0.5985871592105184
06/05/2022 02:11:44.508 - oc_logger - INFO - New record achieved. Previous FoM: 0.5985871592105184, new best FoM : 0.5984029738622716
06/05/2022 02:11:44.508 - oc_logger - INFO - Function evaluation number: 244, SI: 3, Sub-iteration number: 133, FoM: 0.5984029738622716
06/05/2022 02:11:44.673 - oc_logger - INFO - Function evaluation number: 245, SI: 3, Sub-iteration number: 134, FoM: 0.5985657714977872
06/05/2022 02:11:44.838 - oc_logger - INFO - New record achieved. Previous FoM: 0.5984029738622716, new best FoM : 0.5976370881081797
06/05/2022 02:11:44.839 - oc_logger - INFO - Function evaluation number: 246, SI: 3, Sub-iteration number: 135, FoM: 0.5976370881081797
06/05/2022 02:11:44.998 - oc_logger - INFO - New record achieved. Previous FoM: 0.5976370881081797, new best FoM : 0.597235071155086
06/05/2022 02:11:44.998 - oc_logger - INFO - Function evaluation number: 247, SI: 3, Sub-iteration number: 135, FoM: 0.597235071155086
06/05/2022 02:11:45.170 - oc_logger - INFO - Function evaluation number: 248, SI: 3, Sub-iteration number: 136, FoM: 0.5974303274181076
06/05/2022 02:11:45.331 - oc_logger - INFO - Function evaluation number: 249, SI: 3, Sub-iteration number: 137, FoM: 0.5988175105384027
06/05/2022 02:11:45.490 - oc_logger - INFO - Function evaluation number: 250, SI: 3, Sub-iteration number: 138, FoM: 0.5975075591579466
06/05/2022 02:11:45.645 - oc_logger - INFO - Function evaluation number: 251, SI: 3, Sub-iteration number: 139, FoM: 0.598015897701922
06/05/2022 02:11:45.801 - oc_logger - INFO - New record achieved. Previous FoM: 0.597235071155086, new best FoM : 0.5965992850785276
06/05/2022 02:11:45.801 - oc_logger - INFO - Function evaluation number: 252, SI: 3, Sub-iteration number: 140, FoM: 0.5965992850785276
06/05/2022 02:11:45.954 - oc_logger - INFO - New record achieved. Previous FoM: 0.5965992850785276, new best FoM : 0.5963473876928389
06/05/2022 02:11:45.955 - oc_logger - INFO - Function evaluation number: 253, SI: 3, Sub-iteration number: 140, FoM: 0.5963473876928389
06/05/2022 02:11:46.118 - oc_logger - INFO - Function evaluation number: 254, SI: 3, Sub-iteration number: 141, FoM: 0.5989850804060906
06/05/2022 02:11:46.291 - oc_logger - INFO - Function evaluation number: 255, SI: 3, Sub-iteration number: 141, FoM: 0.5979842621864015
06/05/2022 02:11:46.469 - oc_logger - INFO - New record achieved. Previous FoM: 0.5963473876928389, new best FoM : 0.5960433493314721
06/05/2022 02:11:46.469 - oc_logger - INFO - Function evaluation number: 256, SI: 3, Sub-iteration number: 142, FoM: 0.5960433493314721
06/05/2022 02:11:46.640 - oc_logger - INFO - New record achieved. Previous FoM: 0.5960433493314721, new best FoM : 0.5958437343316901
06/05/2022 02:11:46.640 - oc_logger - INFO - Function evaluation number: 257, SI: 3, Sub-iteration number: 142, FoM: 0.5958437343316901
06/05/2022 02:11:46.827 - oc_logger - INFO - New record achieved. Previous FoM: 0.5958437343316901, new best FoM : 0.5953922604837164
06/05/2022 02:11:46.828 - oc_logger - INFO - Function evaluation number: 258, SI: 3, Sub-iteration number: 143, FoM: 0.5953922604837164
06/05/2022 02:11:47.029 - oc_logger - INFO - New record achieved. Previous FoM: 0.5953922604837164, new best FoM : 0.5949959376729932
06/05/2022 02:11:47.029 - oc_logger - INFO - Function evaluation number: 259, SI: 3, Sub-iteration number: 143, FoM: 0.5949959376729932
06/05/2022 02:11:47.228 - oc_logger - INFO - New record achieved. Previous FoM: 0.5949959376729932, new best FoM : 0.594981780470783
06/05/2022 02:11:47.228 - oc_logger - INFO - Function evaluation number: 260, SI: 3, Sub-iteration number: 144, FoM: 0.594981780470783
06/05/2022 02:11:47.426 - oc_logger - INFO - New record achieved. Previous FoM: 0.594981780470783, new best FoM : 0.594581889098434
06/05/2022 02:11:47.426 - oc_logger - INFO - Function evaluation number: 261, SI: 3, Sub-iteration number: 144, FoM: 0.594581889098434
06/05/2022 02:11:47.618 - oc_logger - INFO - Function evaluation number: 262, SI: 3, Sub-iteration number: 145, FoM: 0.5955948260038728
06/05/2022 02:11:47.810 - oc_logger - INFO - New record achieved. Previous FoM: 0.594581889098434, new best FoM : 0.5943683061297436
06/05/2022 02:11:47.811 - oc_logger - INFO - Function evaluation number: 263, SI: 3, Sub-iteration number: 146, FoM: 0.5943683061297436
06/05/2022 02:11:48.017 - oc_logger - INFO - New record achieved. Previous FoM: 0.5943683061297436, new best FoM : 0.5942011624165526
06/05/2022 02:11:48.017 - oc_logger - INFO - Function evaluation number: 264, SI: 3, Sub-iteration number: 146, FoM: 0.5942011624165526
06/05/2022 02:11:48.226 - oc_logger - INFO - Function evaluation number: 265, SI: 3, Sub-iteration number: 147, FoM: 0.5944508504299084
06/05/2022 02:11:48.429 - oc_logger - INFO - New record achieved. Previous FoM: 0.5942011624165526, new best FoM : 0.5939617770658147
06/05/2022 02:11:48.430 - oc_logger - INFO - Function evaluation number: 266, SI: 3, Sub-iteration number: 148, FoM: 0.5939617770658147
06/05/2022 02:11:48.618 - oc_logger - INFO - Function evaluation number: 267, SI: 3, Sub-iteration number: 148, FoM: 0.5940616158503707
06/05/2022 02:11:48.811 - oc_logger - INFO - New record achieved. Previous FoM: 0.5939617770658147, new best FoM : 0.5926153778531366
06/05/2022 02:11:48.812 - oc_logger - INFO - Function evaluation number: 268, SI: 3, Sub-iteration number: 149, FoM: 0.5926153778531366
06/05/2022 02:11:48.991 - oc_logger - INFO - New record achieved. Previous FoM: 0.5926153778531366, new best FoM : 0.5922611430933671
06/05/2022 02:11:48.991 - oc_logger - INFO - Function evaluation number: 269, SI: 3, Sub-iteration number: 149, FoM: 0.5922611430933671
06/05/2022 02:11:49.174 - oc_logger - INFO - New record achieved. Previous FoM: 0.5922611430933671, new best FoM : 0.5921857987517214
06/05/2022 02:11:49.174 - oc_logger - INFO - Function evaluation number: 270, SI: 3, Sub-iteration number: 150, FoM: 0.5921857987517214
06/05/2022 02:11:49.348 - oc_logger - INFO - New record achieved. Previous FoM: 0.5921857987517214, new best FoM : 0.5921001609772581
06/05/2022 02:11:49.349 - oc_logger - INFO - Function evaluation number: 271, SI: 3, Sub-iteration number: 150, FoM: 0.5921001609772581
06/05/2022 02:11:49.523 - oc_logger - INFO - New record achieved. Previous FoM: 0.5921001609772581, new best FoM : 0.5915739401241028
06/05/2022 02:11:49.523 - oc_logger - INFO - Function evaluation number: 272, SI: 3, Sub-iteration number: 151, FoM: 0.5915739401241028
06/05/2022 02:11:49.690 - oc_logger - INFO - New record achieved. Previous FoM: 0.5915739401241028, new best FoM : 0.5913040188679499
06/05/2022 02:11:49.690 - oc_logger - INFO - Function evaluation number: 273, SI: 3, Sub-iteration number: 151, FoM: 0.5913040188679499
06/05/2022 02:11:49.861 - oc_logger - INFO - Function evaluation number: 274, SI: 3, Sub-iteration number: 152, FoM: 0.5920326480816547
06/05/2022 02:11:50.023 - oc_logger - INFO - New record achieved. Previous FoM: 0.5913040188679499, new best FoM : 0.5911497196316747
06/05/2022 02:11:50.023 - oc_logger - INFO - Function evaluation number: 275, SI: 3, Sub-iteration number: 153, FoM: 0.5911497196316747
06/05/2022 02:11:50.190 - oc_logger - INFO - New record achieved. Previous FoM: 0.5911497196316747, new best FoM : 0.5908780361836237
06/05/2022 02:11:50.190 - oc_logger - INFO - Function evaluation number: 276, SI: 3, Sub-iteration number: 153, FoM: 0.5908780361836237
06/05/2022 02:11:50.377 - oc_logger - INFO - Function evaluation number: 277, SI: 3, Sub-iteration number: 154, FoM: 0.5909014559567223
06/05/2022 02:11:50.567 - oc_logger - INFO - Function evaluation number: 278, SI: 3, Sub-iteration number: 155, FoM: 0.5922338744870091
06/05/2022 02:11:50.748 - oc_logger - INFO - New record achieved. Previous FoM: 0.5908780361836237, new best FoM : 0.5897813667907879
06/05/2022 02:11:50.749 - oc_logger - INFO - Function evaluation number: 279, SI: 3, Sub-iteration number: 156, FoM: 0.5897813667907879
06/05/2022 02:11:50.933 - oc_logger - INFO - New record achieved. Previous FoM: 0.5897813667907879, new best FoM : 0.5893102409173815
06/05/2022 02:11:50.933 - oc_logger - INFO - Function evaluation number: 280, SI: 3, Sub-iteration number: 156, FoM: 0.5893102409173815
06/05/2022 02:11:51.110 - oc_logger - INFO - Function evaluation number: 281, SI: 3, Sub-iteration number: 157, FoM: 0.5901098416574885
06/05/2022 02:11:51.284 - oc_logger - INFO - Function evaluation number: 282, SI: 3, Sub-iteration number: 158, FoM: 0.589674259231534
06/05/2022 02:11:51.454 - oc_logger - INFO - Function evaluation number: 283, SI: 3, Sub-iteration number: 159, FoM: 0.5913547621277304
06/05/2022 02:11:51.622 - oc_logger - INFO - New record achieved. Previous FoM: 0.5893102409173815, new best FoM : 0.5885914952737129
06/05/2022 02:11:51.622 - oc_logger - INFO - Function evaluation number: 284, SI: 3, Sub-iteration number: 160, FoM: 0.5885914952737129
06/05/2022 02:11:51.789 - oc_logger - INFO - New record achieved. Previous FoM: 0.5885914952737129, new best FoM : 0.588207447656361
06/05/2022 02:11:51.789 - oc_logger - INFO - Function evaluation number: 285, SI: 3, Sub-iteration number: 160, FoM: 0.588207447656361
06/05/2022 02:11:51.958 - oc_logger - INFO - Function evaluation number: 286, SI: 3, Sub-iteration number: 161, FoM: 0.5895315105248864
06/05/2022 02:11:52.125 - oc_logger - INFO - Function evaluation number: 287, SI: 3, Sub-iteration number: 162, FoM: 0.5902754879375453
06/05/2022 02:11:52.291 - oc_logger - INFO - Function evaluation number: 288, SI: 3, Sub-iteration number: 163, FoM: 0.5882366716536553
06/05/2022 02:11:52.449 - oc_logger - INFO - New record achieved. Previous FoM: 0.588207447656361, new best FoM : 0.5874966238994176
06/05/2022 02:11:52.449 - oc_logger - INFO - Function evaluation number: 289, SI: 3, Sub-iteration number: 164, FoM: 0.5874966238994176
06/05/2022 02:11:52.617 - oc_logger - INFO - New record achieved. Previous FoM: 0.5874966238994176, new best FoM : 0.5872755673676766
06/05/2022 02:11:52.617 - oc_logger - INFO - Function evaluation number: 290, SI: 3, Sub-iteration number: 164, FoM: 0.5872755673676766
06/05/2022 02:11:52.779 - oc_logger - INFO - New record achieved. Previous FoM: 0.5872755673676766, new best FoM : 0.5866345293883457
06/05/2022 02:11:52.780 - oc_logger - INFO - Function evaluation number: 291, SI: 3, Sub-iteration number: 165, FoM: 0.5866345293883457
06/05/2022 02:11:52.946 - oc_logger - INFO - New record achieved. Previous FoM: 0.5866345293883457, new best FoM : 0.5863946161310348
06/05/2022 02:11:52.946 - oc_logger - INFO - Function evaluation number: 292, SI: 3, Sub-iteration number: 165, FoM: 0.5863946161310348
06/05/2022 02:11:53.109 - oc_logger - INFO - Function evaluation number: 293, SI: 3, Sub-iteration number: 166, FoM: 0.5886083760359035
06/05/2022 02:11:53.281 - oc_logger - INFO - New record achieved. Previous FoM: 0.5863946161310348, new best FoM : 0.5863547316607278
06/05/2022 02:11:53.281 - oc_logger - INFO - Function evaluation number: 294, SI: 3, Sub-iteration number: 167, FoM: 0.5863547316607278
06/05/2022 02:11:53.451 - oc_logger - INFO - New record achieved. Previous FoM: 0.5863547316607278, new best FoM : 0.5860016377193737
06/05/2022 02:11:53.451 - oc_logger - INFO - Function evaluation number: 295, SI: 3, Sub-iteration number: 167, FoM: 0.5860016377193737
06/05/2022 02:11:53.624 - oc_logger - INFO - New record achieved. Previous FoM: 0.5860016377193737, new best FoM : 0.5856969364655125
06/05/2022 02:11:53.624 - oc_logger - INFO - Function evaluation number: 296, SI: 3, Sub-iteration number: 168, FoM: 0.5856969364655125
06/05/2022 02:11:53.788 - oc_logger - INFO - New record achieved. Previous FoM: 0.5856969364655125, new best FoM : 0.5856286437235669
06/05/2022 02:11:53.788 - oc_logger - INFO - Function evaluation number: 297, SI: 3, Sub-iteration number: 168, FoM: 0.5856286437235669
06/05/2022 02:11:53.960 - oc_logger - INFO - Function evaluation number: 298, SI: 3, Sub-iteration number: 169, FoM: 0.5863077250770545
06/05/2022 02:11:54.119 - oc_logger - INFO - Function evaluation number: 299, SI: 3, Sub-iteration number: 170, FoM: 0.5890427603809083
06/05/2022 02:11:54.286 - oc_logger - INFO - Function evaluation number: 300, SI: 3, Sub-iteration number: 170, FoM: 0.5878678493512383
06/05/2022 02:11:54.449 - oc_logger - INFO - Function evaluation number: 301, SI: 3, Sub-iteration number: 171, FoM: 0.5866942252939873
06/05/2022 02:11:54.621 - oc_logger - INFO - New record achieved. Previous FoM: 0.5856286437235669, new best FoM : 0.584615527041408
06/05/2022 02:11:54.621 - oc_logger - INFO - Function evaluation number: 302, SI: 3, Sub-iteration number: 172, FoM: 0.584615527041408
06/05/2022 02:11:54.790 - oc_logger - INFO - New record achieved. Previous FoM: 0.584615527041408, new best FoM : 0.5844213468674009
06/05/2022 02:11:54.790 - oc_logger - INFO - Function evaluation number: 303, SI: 3, Sub-iteration number: 172, FoM: 0.5844213468674009
06/05/2022 02:11:54.959 - oc_logger - INFO - Function evaluation number: 304, SI: 3, Sub-iteration number: 173, FoM: 0.585123486650905
06/05/2022 02:11:55.121 - oc_logger - INFO - Function evaluation number: 305, SI: 3, Sub-iteration number: 174, FoM: 0.5860318118460288
06/05/2022 02:11:55.291 - oc_logger - INFO - New record achieved. Previous FoM: 0.5844213468674009, new best FoM : 0.5840928233399699
06/05/2022 02:11:55.291 - oc_logger - INFO - Function evaluation number: 306, SI: 3, Sub-iteration number: 175, FoM: 0.5840928233399699
06/05/2022 02:11:55.449 - oc_logger - INFO - New record achieved. Previous FoM: 0.5840928233399699, new best FoM : 0.5839143127601951
06/05/2022 02:11:55.449 - oc_logger - INFO - Function evaluation number: 307, SI: 3, Sub-iteration number: 175, FoM: 0.5839143127601951
06/05/2022 02:11:55.619 - oc_logger - INFO - New record achieved. Previous FoM: 0.5839143127601951, new best FoM : 0.5835335040464399
06/05/2022 02:11:55.620 - oc_logger - INFO - Function evaluation number: 308, SI: 3, Sub-iteration number: 176, FoM: 0.5835335040464399
06/05/2022 02:11:55.788 - oc_logger - INFO - New record achieved. Previous FoM: 0.5835335040464399, new best FoM : 0.5832685298192548
06/05/2022 02:11:55.788 - oc_logger - INFO - Function evaluation number: 309, SI: 3, Sub-iteration number: 176, FoM: 0.5832685298192548
06/05/2022 02:11:55.959 - oc_logger - INFO - Function evaluation number: 310, SI: 3, Sub-iteration number: 177, FoM: 0.5849525019570045
06/05/2022 02:11:56.132 - oc_logger - INFO - Function evaluation number: 311, SI: 3, Sub-iteration number: 178, FoM: 0.5838041323811254
06/05/2022 02:11:56.316 - oc_logger - INFO - Function evaluation number: 312, SI: 3, Sub-iteration number: 179, FoM: 0.5855610910962514
06/05/2022 02:11:56.486 - oc_logger - INFO - Function evaluation number: 313, SI: 3, Sub-iteration number: 180, FoM: 0.5839328239152959
06/05/2022 02:11:56.650 - oc_logger - INFO - New record achieved. Previous FoM: 0.5832685298192548, new best FoM : 0.5829461362293844
06/05/2022 02:11:56.650 - oc_logger - INFO - Function evaluation number: 314, SI: 3, Sub-iteration number: 181, FoM: 0.5829461362293844
06/05/2022 02:11:56.812 - oc_logger - INFO - New record achieved. Previous FoM: 0.5829461362293844, new best FoM : 0.5826090471843828
06/05/2022 02:11:56.812 - oc_logger - INFO - Function evaluation number: 315, SI: 3, Sub-iteration number: 181, FoM: 0.5826090471843828
06/05/2022 02:11:56.973 - oc_logger - INFO - Function evaluation number: 316, SI: 3, Sub-iteration number: 182, FoM: 0.5832643735079419
06/05/2022 02:11:57.135 - oc_logger - INFO - Function evaluation number: 317, SI: 3, Sub-iteration number: 183, FoM: 0.5832445572795651
06/05/2022 02:11:57.309 - oc_logger - INFO - New record achieved. Previous FoM: 0.5826090471843828, new best FoM : 0.5825842829030463
06/05/2022 02:11:57.309 - oc_logger - INFO - Function evaluation number: 318, SI: 3, Sub-iteration number: 184, FoM: 0.5825842829030463
06/05/2022 02:11:57.481 - oc_logger - INFO - Function evaluation number: 319, SI: 3, Sub-iteration number: 184, FoM: 0.5827168365003281
06/05/2022 02:11:57.667 - oc_logger - INFO - New record achieved. Previous FoM: 0.5825842829030463, new best FoM : 0.5816331167471724
06/05/2022 02:11:57.667 - oc_logger - INFO - Function evaluation number: 320, SI: 3, Sub-iteration number: 185, FoM: 0.5816331167471724
06/05/2022 02:11:57.843 - oc_logger - INFO - Function evaluation number: 321, SI: 3, Sub-iteration number: 185, FoM: 0.5818519247742868
06/05/2022 02:11:58.029 - oc_logger - INFO - Function evaluation number: 322, SI: 3, Sub-iteration number: 186, FoM: 0.5837718307945242
06/05/2022 02:11:58.201 - oc_logger - INFO - Function evaluation number: 323, SI: 3, Sub-iteration number: 187, FoM: 0.5820831061943437
06/05/2022 02:11:58.386 - oc_logger - INFO - Function evaluation number: 324, SI: 3, Sub-iteration number: 188, FoM: 0.5829790121947026
06/05/2022 02:11:58.566 - oc_logger - INFO - Function evaluation number: 325, SI: 3, Sub-iteration number: 189, FoM: 0.5828873802777171
06/05/2022 02:11:58.743 - oc_logger - INFO - New record achieved. Previous FoM: 0.5816331167471724, new best FoM : 0.5810817552786058
06/05/2022 02:11:58.743 - oc_logger - INFO - Function evaluation number: 326, SI: 3, Sub-iteration number: 190, FoM: 0.5810817552786058
06/05/2022 02:11:58.906 - oc_logger - INFO - New record achieved. Previous FoM: 0.5810817552786058, new best FoM : 0.5808401569777712
06/05/2022 02:11:58.906 - oc_logger - INFO - Function evaluation number: 327, SI: 3, Sub-iteration number: 190, FoM: 0.5808401569777712
06/05/2022 02:11:59.098 - oc_logger - INFO - Function evaluation number: 328, SI: 3, Sub-iteration number: 191, FoM: 0.5816725797697389
06/05/2022 02:11:59.272 - oc_logger - INFO - New record achieved. Previous FoM: 0.5808401569777712, new best FoM : 0.5805065791046498
06/05/2022 02:11:59.274 - oc_logger - INFO - Function evaluation number: 329, SI: 3, Sub-iteration number: 192, FoM: 0.5805065791046498
06/05/2022 02:11:59.453 - oc_logger - INFO - New record achieved. Previous FoM: 0.5805065791046498, new best FoM : 0.5801990515701982
06/05/2022 02:11:59.453 - oc_logger - INFO - Function evaluation number: 330, SI: 3, Sub-iteration number: 192, FoM: 0.5801990515701982
06/05/2022 02:11:59.625 - oc_logger - INFO - Function evaluation number: 331, SI: 3, Sub-iteration number: 193, FoM: 0.5821338123504152
06/05/2022 02:11:59.803 - oc_logger - INFO - New record achieved. Previous FoM: 0.5801990515701982, new best FoM : 0.5800966715819769
06/05/2022 02:11:59.803 - oc_logger - INFO - Function evaluation number: 332, SI: 3, Sub-iteration number: 194, FoM: 0.5800966715819769
06/05/2022 02:11:59.987 - oc_logger - INFO - New record achieved. Previous FoM: 0.5800966715819769, new best FoM : 0.5798480461007925
06/05/2022 02:11:59.987 - oc_logger - INFO - Function evaluation number: 333, SI: 3, Sub-iteration number: 194, FoM: 0.5798480461007925
06/05/2022 02:12:00.208 - oc_logger - INFO - Function evaluation number: 334, SI: 3, Sub-iteration number: 195, FoM: 0.5808247030162321
06/05/2022 02:12:00.402 - oc_logger - INFO - Function evaluation number: 335, SI: 3, Sub-iteration number: 196, FoM: 0.5804808865357087
06/05/2022 02:12:00.639 - oc_logger - INFO - Function evaluation number: 336, SI: 3, Sub-iteration number: 197, FoM: 0.5833059045325328
06/05/2022 02:12:00.977 - oc_logger - INFO - Function evaluation number: 337, SI: 3, Sub-iteration number: 197, FoM: 0.5816501262555009
06/05/2022 02:12:01.302 - oc_logger - INFO - New record achieved. Previous FoM: 0.5798480461007925, new best FoM : 0.5794632571872333
06/05/2022 02:12:01.302 - oc_logger - INFO - Function evaluation number: 338, SI: 3, Sub-iteration number: 198, FoM: 0.5794632571872333
06/05/2022 02:12:01.657 - oc_logger - INFO - New record achieved. Previous FoM: 0.5794632571872333, new best FoM : 0.5792534932916189
06/05/2022 02:12:01.658 - oc_logger - INFO - Function evaluation number: 339, SI: 3, Sub-iteration number: 198, FoM: 0.5792534932916189
06/05/2022 02:12:02.051 - oc_logger - INFO - Function evaluation number: 340, SI: 3, Sub-iteration number: 199, FoM: 0.5803391643413383
06/05/2022 02:12:02.519 - oc_logger - INFO - Function evaluation number: 341, SI: 3, Sub-iteration number: 200, FoM: 0.5810906960874833
06/05/2022 02:12:02.922 - oc_logger - INFO - New record achieved. Previous FoM: 0.5792534932916189, new best FoM : 0.5789954565908084
06/05/2022 02:12:02.922 - oc_logger - INFO - Function evaluation number: 342, SI: 3, Sub-iteration number: 201, FoM: 0.5789954565908084
06/05/2022 02:12:03.279 - oc_logger - INFO - New record achieved. Previous FoM: 0.5789954565908084, new best FoM : 0.5789517494190326
06/05/2022 02:12:03.279 - oc_logger - INFO - Function evaluation number: 343, SI: 3, Sub-iteration number: 201, FoM: 0.5789517494190326
06/05/2022 02:12:03.537 - oc_logger - INFO - Function evaluation number: 344, SI: 3, Sub-iteration number: 202, FoM: 0.5808316422062836
06/05/2022 02:12:03.763 - oc_logger - INFO - Function evaluation number: 345, SI: 3, Sub-iteration number: 203, FoM: 0.5798772638031606
06/05/2022 02:12:03.990 - oc_logger - INFO - Function evaluation number: 346, SI: 3, Sub-iteration number: 204, FoM: 0.5805846972407107
06/05/2022 02:12:04.433 - oc_logger - INFO - Function evaluation number: 347, SI: 3, Sub-iteration number: 205, FoM: 0.5796053861880528
06/05/2022 02:12:04.688 - oc_logger - INFO - Function evaluation number: 348, SI: 3, Sub-iteration number: 206, FoM: 0.5801371276882422
06/05/2022 02:12:04.986 - oc_logger - INFO - New record achieved. Previous FoM: 0.5789517494190326, new best FoM : 0.5788112113892757
06/05/2022 02:12:04.986 - oc_logger - INFO - Function evaluation number: 349, SI: 3, Sub-iteration number: 207, FoM: 0.5788112113892757
06/05/2022 02:12:05.233 - oc_logger - INFO - Function evaluation number: 350, SI: 3, Sub-iteration number: 207, FoM: 0.5788851260158672
06/05/2022 02:12:05.500 - oc_logger - INFO - Function evaluation number: 351, SI: 3, Sub-iteration number: 208, FoM: 0.5793651057601413
06/05/2022 02:12:05.736 - oc_logger - INFO - New record achieved. Previous FoM: 0.5788112113892757, new best FoM : 0.5780861372092214
06/05/2022 02:12:05.736 - oc_logger - INFO - Function evaluation number: 352, SI: 3, Sub-iteration number: 209, FoM: 0.5780861372092214
06/05/2022 02:12:05.983 - oc_logger - INFO - New record achieved. Previous FoM: 0.5780861372092214, new best FoM : 0.5779835884919118
06/05/2022 02:12:05.983 - oc_logger - INFO - Function evaluation number: 353, SI: 3, Sub-iteration number: 209, FoM: 0.5779835884919118
06/05/2022 02:12:06.221 - oc_logger - INFO - Function evaluation number: 354, SI: 3, Sub-iteration number: 210, FoM: 0.5789754218794707
06/05/2022 02:12:06.425 - oc_logger - INFO - Function evaluation number: 355, SI: 3, Sub-iteration number: 211, FoM: 0.5780300747221365
06/05/2022 02:12:06.623 - oc_logger - INFO - Function evaluation number: 356, SI: 3, Sub-iteration number: 212, FoM: 0.5780184349724344
06/05/2022 02:12:06.816 - oc_logger - INFO - Function evaluation number: 357, SI: 3, Sub-iteration number: 213, FoM: 0.5791018224029302
06/05/2022 02:12:07.007 - oc_logger - INFO - Function evaluation number: 358, SI: 3, Sub-iteration number: 214, FoM: 0.578169106101641
06/05/2022 02:12:07.192 - oc_logger - INFO - New record achieved. Previous FoM: 0.5779835884919118, new best FoM : 0.5777536241765161
06/05/2022 02:12:07.192 - oc_logger - INFO - Function evaluation number: 359, SI: 3, Sub-iteration number: 215, FoM: 0.5777536241765161
06/05/2022 02:12:07.416 - oc_logger - INFO - New record achieved. Previous FoM: 0.5777536241765161, new best FoM : 0.5776141212603546
06/05/2022 02:12:07.416 - oc_logger - INFO - Function evaluation number: 360, SI: 3, Sub-iteration number: 215, FoM: 0.5776141212603546
06/05/2022 02:12:07.644 - oc_logger - INFO - Function evaluation number: 361, SI: 3, Sub-iteration number: 216, FoM: 0.5787826829042463
06/05/2022 02:12:07.881 - oc_logger - INFO - Function evaluation number: 362, SI: 3, Sub-iteration number: 217, FoM: 0.5779649948753005
06/05/2022 02:12:08.155 - oc_logger - INFO - Function evaluation number: 363, SI: 3, Sub-iteration number: 218, FoM: 0.578300448967658
06/05/2022 02:12:08.408 - oc_logger - INFO - New record achieved. Previous FoM: 0.5776141212603546, new best FoM : 0.5772099374538067
06/05/2022 02:12:08.409 - oc_logger - INFO - Function evaluation number: 364, SI: 3, Sub-iteration number: 219, FoM: 0.5772099374538067
06/05/2022 02:12:08.655 - oc_logger - INFO - New record achieved. Previous FoM: 0.5772099374538067, new best FoM : 0.5770650344384456
06/05/2022 02:12:08.655 - oc_logger - INFO - Function evaluation number: 365, SI: 3, Sub-iteration number: 219, FoM: 0.5770650344384456
06/05/2022 02:12:08.953 - oc_logger - INFO - Function evaluation number: 366, SI: 3, Sub-iteration number: 220, FoM: 0.5777680525268718
06/05/2022 02:12:09.237 - oc_logger - INFO - Function evaluation number: 367, SI: 3, Sub-iteration number: 221, FoM: 0.5789754384253247
06/05/2022 02:12:09.503 - oc_logger - INFO - Function evaluation number: 368, SI: 3, Sub-iteration number: 221, FoM: 0.5780600095829225
06/05/2022 02:12:09.741 - oc_logger - INFO - Function evaluation number: 369, SI: 3, Sub-iteration number: 222, FoM: 0.5772499258775128
06/05/2022 02:12:09.956 - oc_logger - INFO - Function evaluation number: 370, SI: 3, Sub-iteration number: 223, FoM: 0.5783143272880407
06/05/2022 02:12:10.166 - oc_logger - INFO - Function evaluation number: 371, SI: 3, Sub-iteration number: 223, FoM: 0.5778562522031641
06/05/2022 02:12:10.365 - oc_logger - INFO - Function evaluation number: 372, SI: 3, Sub-iteration number: 224, FoM: 0.5771883986150859
06/05/2022 02:12:10.576 - oc_logger - INFO - New record achieved. Previous FoM: 0.5770650344384456, new best FoM : 0.5770044883429077
06/05/2022 02:12:10.577 - oc_logger - INFO - Function evaluation number: 373, SI: 3, Sub-iteration number: 225, FoM: 0.5770044883429077
06/05/2022 02:12:10.775 - oc_logger - INFO - Function evaluation number: 374, SI: 3, Sub-iteration number: 225, FoM: 0.5770044883429077
06/05/2022 02:12:10.971 - oc_logger - INFO - Function evaluation number: 375, SI: 3, Sub-iteration number: 226, FoM: 0.577129963576904
06/05/2022 02:12:11.163 - oc_logger - INFO - Function evaluation number: 376, SI: 3, Sub-iteration number: 227, FoM: 0.577410580464589
06/05/2022 02:12:11.364 - oc_logger - INFO - Function evaluation number: 377, SI: 3, Sub-iteration number: 228, FoM: 0.578216636775765
06/05/2022 02:12:11.558 - oc_logger - INFO - Function evaluation number: 378, SI: 3, Sub-iteration number: 228, FoM: 0.5775083122477445
06/05/2022 02:12:11.753 - oc_logger - INFO - Function evaluation number: 379, SI: 3, Sub-iteration number: 229, FoM: 0.5770044883429077
06/05/2022 02:12:11.939 - oc_logger - INFO - Function evaluation number: 380, SI: 3, Sub-iteration number: 230, FoM: 0.5770044883429077
06/05/2022 02:12:11.939 - oc_logger - INFO - SI 3 finished - Number of evaluations: 360, Best FoM: 0.5770044883429077, Terminate reason: Convergence of the FoM.

06/05/2022 02:12:11.939 - oc_logger - INFO - Figure of merit : 0.5770044883429077
06/05/2022 02:12:11.939 - oc_logger - INFO - Std : 0.0
06/05/2022 02:12:11.939 - oc_logger - INFO - total number of function evaluations : 380
06/05/2022 02:12:11.940 - oc_logger - INFO - dcrab_freq_list : [array([[ 4.54500195,  5.46345365, 10.82561066, 17.06523621]]), array([[ 4.15196351,  7.78947482, 13.07637961, 15.29777781]]), array([[ 2.29654053,  6.09973859, 14.43358503, 16.81232968]])]
06/05/2022 02:12:11.940 - oc_logger - INFO - dcrab_para_list : [array([ 1.19176929e-01,  3.32861622e-01, -1.13065359e-17, -3.37686497e-18,
       -2.92072887e-17,  5.69093070e-18, -9.36993920e-18, -8.33825002e-19]), array([-1.57158601e-01,  3.16703606e-01, -4.96977521e-18, -3.12306345e-17,
       -3.26024151e-18,  1.14278685e-17,  1.05902549e-17,  8.47786013e-17]), array([ 124.92379567,  627.27233869, -111.13711433,   70.83258867,
        -35.28383274, -267.58631252,  -66.14629903, -256.71749244])]
06/05/2022 02:12:11.940 - oc_logger - INFO - terminate_reason : Convergence of the FoM.
