06/05/2022 01:19:09.178 - oc_logger - INFO - The optimization direction is minimization
06/05/2022 01:19:09.182 - oc_logger - INFO - QuOCS version number: 0.0.22
06/05/2022 01:19:09.183 - oc_logger - INFO - Direct search start time has been reset.
06/05/2022 01:19:09.520 - oc_logger - INFO - New record achieved. Previous FoM: 10000000000.0, new best FoM : 0.9753328061254639
06/05/2022 01:19:09.520 - oc_logger - INFO - Function evaluation number: 1, SI: 1, Sub-iteration number: 0, FoM: 0.9753328061254639
06/05/2022 01:19:09.880 - oc_logger - INFO - New record achieved. Previous FoM: 0.9753328061254639, new best FoM : 0.9748744758423058
06/05/2022 01:19:09.880 - oc_logger - INFO - Function evaluation number: 2, SI: 1, Sub-iteration number: 0, FoM: 0.9748744758423058
06/05/2022 01:19:10.228 - oc_logger - INFO - New record achieved. Previous FoM: 0.9748744758423058, new best FoM : 0.9728452466751517
06/05/2022 01:19:10.228 - oc_logger - INFO - Function evaluation number: 3, SI: 1, Sub-iteration number: 0, FoM: 0.9728452466751517
06/05/2022 01:19:10.517 - oc_logger - INFO - Function evaluation number: 4, SI: 1, Sub-iteration number: 0, FoM: 0.9749432426575747
06/05/2022 01:19:10.869 - oc_logger - INFO - Function evaluation number: 5, SI: 1, Sub-iteration number: 0, FoM: 0.9756728102436417
06/05/2022 01:19:11.259 - oc_logger - INFO - Function evaluation number: 6, SI: 1, Sub-iteration number: 0, FoM: 0.9753164557713659
06/05/2022 01:19:11.651 - oc_logger - INFO - Function evaluation number: 7, SI: 1, Sub-iteration number: 0, FoM: 0.9755350361900967
06/05/2022 01:19:12.009 - oc_logger - INFO - Function evaluation number: 8, SI: 1, Sub-iteration number: 0, FoM: 0.9750670579994118
06/05/2022 01:19:12.388 - oc_logger - INFO - Function evaluation number: 9, SI: 1, Sub-iteration number: 0, FoM: 0.9755828698859981
06/05/2022 01:19:12.777 - oc_logger - INFO - Function evaluation number: 10, SI: 1, Sub-iteration number: 1, FoM: 0.9742040190887007
06/05/2022 01:19:13.106 - oc_logger - INFO - Function evaluation number: 11, SI: 1, Sub-iteration number: 2, FoM: 0.9739461914536061
06/05/2022 01:19:13.491 - oc_logger - INFO - Function evaluation number: 12, SI: 1, Sub-iteration number: 3, FoM: 0.9735905062093667
06/05/2022 01:19:13.804 - oc_logger - INFO - Function evaluation number: 13, SI: 1, Sub-iteration number: 4, FoM: 0.9733566282689217
06/05/2022 01:19:14.179 - oc_logger - INFO - Function evaluation number: 14, SI: 1, Sub-iteration number: 5, FoM: 0.9728712880521191
06/05/2022 01:19:14.568 - oc_logger - INFO - New record achieved. Previous FoM: 0.9728452466751517, new best FoM : 0.9725709271526054
06/05/2022 01:19:14.568 - oc_logger - INFO - Function evaluation number: 15, SI: 1, Sub-iteration number: 6, FoM: 0.9725709271526054
06/05/2022 01:19:14.958 - oc_logger - INFO - New record achieved. Previous FoM: 0.9725709271526054, new best FoM : 0.9722499793233215
06/05/2022 01:19:14.958 - oc_logger - INFO - Function evaluation number: 16, SI: 1, Sub-iteration number: 6, FoM: 0.9722499793233215
06/05/2022 01:19:15.342 - oc_logger - INFO - New record achieved. Previous FoM: 0.9722499793233215, new best FoM : 0.9720107173037735
06/05/2022 01:19:15.342 - oc_logger - INFO - Function evaluation number: 17, SI: 1, Sub-iteration number: 7, FoM: 0.9720107173037735
06/05/2022 01:19:15.776 - oc_logger - INFO - New record achieved. Previous FoM: 0.9720107173037735, new best FoM : 0.9716320142009222
06/05/2022 01:19:15.776 - oc_logger - INFO - Function evaluation number: 18, SI: 1, Sub-iteration number: 7, FoM: 0.9716320142009222
06/05/2022 01:19:16.182 - oc_logger - INFO - New record achieved. Previous FoM: 0.9716320142009222, new best FoM : 0.9712474091544792
06/05/2022 01:19:16.183 - oc_logger - INFO - Function evaluation number: 19, SI: 1, Sub-iteration number: 8, FoM: 0.9712474091544792
06/05/2022 01:19:16.591 - oc_logger - INFO - New record achieved. Previous FoM: 0.9712474091544792, new best FoM : 0.9707757894380052
06/05/2022 01:19:16.591 - oc_logger - INFO - Function evaluation number: 20, SI: 1, Sub-iteration number: 8, FoM: 0.9707757894380052
06/05/2022 01:19:17.001 - oc_logger - INFO - Function evaluation number: 21, SI: 1, Sub-iteration number: 9, FoM: 0.971084384125228
06/05/2022 01:19:17.411 - oc_logger - INFO - New record achieved. Previous FoM: 0.9707757894380052, new best FoM : 0.9706206038286421
06/05/2022 01:19:17.411 - oc_logger - INFO - Function evaluation number: 22, SI: 1, Sub-iteration number: 10, FoM: 0.9706206038286421
06/05/2022 01:19:17.827 - oc_logger - INFO - New record achieved. Previous FoM: 0.9706206038286421, new best FoM : 0.9701900536552969
06/05/2022 01:19:17.827 - oc_logger - INFO - Function evaluation number: 23, SI: 1, Sub-iteration number: 10, FoM: 0.9701900536552969
06/05/2022 01:19:18.139 - oc_logger - INFO - New record achieved. Previous FoM: 0.9701900536552969, new best FoM : 0.9701255280961266
06/05/2022 01:19:18.140 - oc_logger - INFO - Function evaluation number: 24, SI: 1, Sub-iteration number: 11, FoM: 0.9701255280961266
06/05/2022 01:19:18.485 - oc_logger - INFO - New record achieved. Previous FoM: 0.9701255280961266, new best FoM : 0.9696765613260142
06/05/2022 01:19:18.485 - oc_logger - INFO - Function evaluation number: 25, SI: 1, Sub-iteration number: 11, FoM: 0.9696765613260142
06/05/2022 01:19:18.832 - oc_logger - INFO - New record achieved. Previous FoM: 0.9696765613260142, new best FoM : 0.9694264792342835
06/05/2022 01:19:18.832 - oc_logger - INFO - Function evaluation number: 26, SI: 1, Sub-iteration number: 12, FoM: 0.9694264792342835
06/05/2022 01:19:19.165 - oc_logger - INFO - New record achieved. Previous FoM: 0.9694264792342835, new best FoM : 0.9689152222327987
06/05/2022 01:19:19.165 - oc_logger - INFO - Function evaluation number: 27, SI: 1, Sub-iteration number: 12, FoM: 0.9689152222327987
06/05/2022 01:19:19.566 - oc_logger - INFO - Function evaluation number: 28, SI: 1, Sub-iteration number: 13, FoM: 0.9689284621032273
06/05/2022 01:19:19.967 - oc_logger - INFO - New record achieved. Previous FoM: 0.9689152222327987, new best FoM : 0.9679331741425657
06/05/2022 01:19:19.967 - oc_logger - INFO - Function evaluation number: 29, SI: 1, Sub-iteration number: 14, FoM: 0.9679331741425657
06/05/2022 01:19:20.345 - oc_logger - INFO - New record achieved. Previous FoM: 0.9679331741425657, new best FoM : 0.9672888591795364
06/05/2022 01:19:20.345 - oc_logger - INFO - Function evaluation number: 30, SI: 1, Sub-iteration number: 14, FoM: 0.9672888591795364
06/05/2022 01:19:20.705 - oc_logger - INFO - Function evaluation number: 31, SI: 1, Sub-iteration number: 15, FoM: 0.967296345816446
06/05/2022 01:19:21.047 - oc_logger - INFO - New record achieved. Previous FoM: 0.9672888591795364, new best FoM : 0.9668400918992098
06/05/2022 01:19:21.047 - oc_logger - INFO - Function evaluation number: 32, SI: 1, Sub-iteration number: 16, FoM: 0.9668400918992098
06/05/2022 01:19:21.392 - oc_logger - INFO - New record achieved. Previous FoM: 0.9668400918992098, new best FoM : 0.9662136372038928
06/05/2022 01:19:21.392 - oc_logger - INFO - Function evaluation number: 33, SI: 1, Sub-iteration number: 16, FoM: 0.9662136372038928
06/05/2022 01:19:21.731 - oc_logger - INFO - New record achieved. Previous FoM: 0.9662136372038928, new best FoM : 0.9661732678391755
06/05/2022 01:19:21.731 - oc_logger - INFO - Function evaluation number: 34, SI: 1, Sub-iteration number: 17, FoM: 0.9661732678391755
06/05/2022 01:19:22.076 - oc_logger - INFO - New record achieved. Previous FoM: 0.9661732678391755, new best FoM : 0.9655312028632322
06/05/2022 01:19:22.076 - oc_logger - INFO - Function evaluation number: 35, SI: 1, Sub-iteration number: 17, FoM: 0.9655312028632322
06/05/2022 01:19:22.421 - oc_logger - INFO - New record achieved. Previous FoM: 0.9655312028632322, new best FoM : 0.9651448355137611
06/05/2022 01:19:22.421 - oc_logger - INFO - Function evaluation number: 36, SI: 1, Sub-iteration number: 18, FoM: 0.9651448355137611
06/05/2022 01:19:22.767 - oc_logger - INFO - New record achieved. Previous FoM: 0.9651448355137611, new best FoM : 0.9644046971632917
06/05/2022 01:19:22.767 - oc_logger - INFO - Function evaluation number: 37, SI: 1, Sub-iteration number: 18, FoM: 0.9644046971632917
06/05/2022 01:19:23.110 - oc_logger - INFO - New record achieved. Previous FoM: 0.9644046971632917, new best FoM : 0.9642816297424055
06/05/2022 01:19:23.110 - oc_logger - INFO - Function evaluation number: 38, SI: 1, Sub-iteration number: 19, FoM: 0.9642816297424055
06/05/2022 01:19:23.453 - oc_logger - INFO - New record achieved. Previous FoM: 0.9642816297424055, new best FoM : 0.9635041399604481
06/05/2022 01:19:23.453 - oc_logger - INFO - Function evaluation number: 39, SI: 1, Sub-iteration number: 19, FoM: 0.9635041399604481
06/05/2022 01:19:23.855 - oc_logger - INFO - New record achieved. Previous FoM: 0.9635041399604481, new best FoM : 0.9632361394341759
06/05/2022 01:19:23.855 - oc_logger - INFO - Function evaluation number: 40, SI: 1, Sub-iteration number: 20, FoM: 0.9632361394341759
06/05/2022 01:19:24.225 - oc_logger - INFO - New record achieved. Previous FoM: 0.9632361394341759, new best FoM : 0.9623859902636271
06/05/2022 01:19:24.225 - oc_logger - INFO - Function evaluation number: 41, SI: 1, Sub-iteration number: 20, FoM: 0.9623859902636271
06/05/2022 01:19:24.593 - oc_logger - INFO - New record achieved. Previous FoM: 0.9623859902636271, new best FoM : 0.9623552591225654
06/05/2022 01:19:24.593 - oc_logger - INFO - Function evaluation number: 42, SI: 1, Sub-iteration number: 21, FoM: 0.9623552591225654
06/05/2022 01:19:24.882 - oc_logger - INFO - New record achieved. Previous FoM: 0.9623552591225654, new best FoM : 0.9614876841947396
06/05/2022 01:19:24.882 - oc_logger - INFO - Function evaluation number: 43, SI: 1, Sub-iteration number: 21, FoM: 0.9614876841947396
06/05/2022 01:19:25.084 - oc_logger - INFO - New record achieved. Previous FoM: 0.9614876841947396, new best FoM : 0.9604083021267814
06/05/2022 01:19:25.084 - oc_logger - INFO - Function evaluation number: 44, SI: 1, Sub-iteration number: 22, FoM: 0.9604083021267814
06/05/2022 01:19:25.299 - oc_logger - INFO - New record achieved. Previous FoM: 0.9604083021267814, new best FoM : 0.9592704706099987
06/05/2022 01:19:25.299 - oc_logger - INFO - Function evaluation number: 45, SI: 1, Sub-iteration number: 22, FoM: 0.9592704706099987
06/05/2022 01:19:25.481 - oc_logger - INFO - Function evaluation number: 46, SI: 1, Sub-iteration number: 23, FoM: 0.960129216165249
06/05/2022 01:19:25.702 - oc_logger - INFO - New record achieved. Previous FoM: 0.9592704706099987, new best FoM : 0.958235959754087
06/05/2022 01:19:25.702 - oc_logger - INFO - Function evaluation number: 47, SI: 1, Sub-iteration number: 24, FoM: 0.958235959754087
06/05/2022 01:19:25.968 - oc_logger - INFO - New record achieved. Previous FoM: 0.958235959754087, new best FoM : 0.957025258397548
06/05/2022 01:19:25.968 - oc_logger - INFO - Function evaluation number: 48, SI: 1, Sub-iteration number: 24, FoM: 0.957025258397548
06/05/2022 01:19:26.314 - oc_logger - INFO - Function evaluation number: 49, SI: 1, Sub-iteration number: 25, FoM: 0.9570317329050761
06/05/2022 01:19:26.651 - oc_logger - INFO - New record achieved. Previous FoM: 0.957025258397548, new best FoM : 0.9555420259343772
06/05/2022 01:19:26.651 - oc_logger - INFO - Function evaluation number: 50, SI: 1, Sub-iteration number: 26, FoM: 0.9555420259343772
06/05/2022 01:19:26.914 - oc_logger - INFO - New record achieved. Previous FoM: 0.9555420259343772, new best FoM : 0.9542025637151569
06/05/2022 01:19:26.914 - oc_logger - INFO - Function evaluation number: 51, SI: 1, Sub-iteration number: 26, FoM: 0.9542025637151569
06/05/2022 01:19:27.258 - oc_logger - INFO - New record achieved. Previous FoM: 0.9542025637151569, new best FoM : 0.9541304234673629
06/05/2022 01:19:27.258 - oc_logger - INFO - Function evaluation number: 52, SI: 1, Sub-iteration number: 27, FoM: 0.9541304234673629
06/05/2022 01:19:27.609 - oc_logger - INFO - New record achieved. Previous FoM: 0.9541304234673629, new best FoM : 0.9527534825665629
06/05/2022 01:19:27.609 - oc_logger - INFO - Function evaluation number: 53, SI: 1, Sub-iteration number: 27, FoM: 0.9527534825665629
06/05/2022 01:19:27.958 - oc_logger - INFO - New record achieved. Previous FoM: 0.9527534825665629, new best FoM : 0.9523098144846075
06/05/2022 01:19:27.958 - oc_logger - INFO - Function evaluation number: 54, SI: 1, Sub-iteration number: 28, FoM: 0.9523098144846075
06/05/2022 01:19:28.303 - oc_logger - INFO - New record achieved. Previous FoM: 0.9523098144846075, new best FoM : 0.9508044044196529
06/05/2022 01:19:28.303 - oc_logger - INFO - Function evaluation number: 55, SI: 1, Sub-iteration number: 28, FoM: 0.9508044044196529
06/05/2022 01:19:28.648 - oc_logger - INFO - New record achieved. Previous FoM: 0.9508044044196529, new best FoM : 0.950520977098808
06/05/2022 01:19:28.648 - oc_logger - INFO - Function evaluation number: 56, SI: 1, Sub-iteration number: 29, FoM: 0.950520977098808
06/05/2022 01:19:29.035 - oc_logger - INFO - New record achieved. Previous FoM: 0.950520977098808, new best FoM : 0.9489230576550635
06/05/2022 01:19:29.035 - oc_logger - INFO - Function evaluation number: 57, SI: 1, Sub-iteration number: 29, FoM: 0.9489230576550635
06/05/2022 01:19:29.427 - oc_logger - INFO - New record achieved. Previous FoM: 0.9489230576550635, new best FoM : 0.9482118257365879
06/05/2022 01:19:29.427 - oc_logger - INFO - Function evaluation number: 58, SI: 1, Sub-iteration number: 30, FoM: 0.9482118257365879
06/05/2022 01:19:29.821 - oc_logger - INFO - New record achieved. Previous FoM: 0.9482118257365879, new best FoM : 0.9464147577108797
06/05/2022 01:19:29.821 - oc_logger - INFO - Function evaluation number: 59, SI: 1, Sub-iteration number: 30, FoM: 0.9464147577108797
06/05/2022 01:19:30.212 - oc_logger - INFO - New record achieved. Previous FoM: 0.9464147577108797, new best FoM : 0.9461347274941004
06/05/2022 01:19:30.212 - oc_logger - INFO - Function evaluation number: 60, SI: 1, Sub-iteration number: 31, FoM: 0.9461347274941004
06/05/2022 01:19:30.602 - oc_logger - INFO - New record achieved. Previous FoM: 0.9461347274941004, new best FoM : 0.9442386804915576
06/05/2022 01:19:30.602 - oc_logger - INFO - Function evaluation number: 61, SI: 1, Sub-iteration number: 31, FoM: 0.9442386804915576
06/05/2022 01:19:30.996 - oc_logger - INFO - New record achieved. Previous FoM: 0.9442386804915576, new best FoM : 0.9431058018922616
06/05/2022 01:19:30.996 - oc_logger - INFO - Function evaluation number: 62, SI: 1, Sub-iteration number: 32, FoM: 0.9431058018922616
06/05/2022 01:19:31.389 - oc_logger - INFO - New record achieved. Previous FoM: 0.9431058018922616, new best FoM : 0.9408982541749996
06/05/2022 01:19:31.389 - oc_logger - INFO - Function evaluation number: 63, SI: 1, Sub-iteration number: 32, FoM: 0.9408982541749996
06/05/2022 01:19:31.782 - oc_logger - INFO - Function evaluation number: 64, SI: 1, Sub-iteration number: 33, FoM: 0.941432375158701
06/05/2022 01:19:32.175 - oc_logger - INFO - New record achieved. Previous FoM: 0.9408982541749996, new best FoM : 0.9371694035794604
06/05/2022 01:19:32.175 - oc_logger - INFO - Function evaluation number: 65, SI: 1, Sub-iteration number: 34, FoM: 0.9371694035794604
06/05/2022 01:19:32.569 - oc_logger - INFO - New record achieved. Previous FoM: 0.9371694035794604, new best FoM : 0.9344286396513513
06/05/2022 01:19:32.569 - oc_logger - INFO - Function evaluation number: 66, SI: 1, Sub-iteration number: 34, FoM: 0.9344286396513513
06/05/2022 01:19:32.964 - oc_logger - INFO - Function evaluation number: 67, SI: 1, Sub-iteration number: 35, FoM: 0.9352456856785976
06/05/2022 01:19:33.341 - oc_logger - INFO - New record achieved. Previous FoM: 0.9344286396513513, new best FoM : 0.9322049064320226
06/05/2022 01:19:33.342 - oc_logger - INFO - Function evaluation number: 68, SI: 1, Sub-iteration number: 36, FoM: 0.9322049064320226
06/05/2022 01:19:33.710 - oc_logger - INFO - New record achieved. Previous FoM: 0.9322049064320226, new best FoM : 0.9293855963045391
06/05/2022 01:19:33.710 - oc_logger - INFO - Function evaluation number: 69, SI: 1, Sub-iteration number: 36, FoM: 0.9293855963045391
06/05/2022 01:19:34.099 - oc_logger - INFO - New record achieved. Previous FoM: 0.9293855963045391, new best FoM : 0.9287601111447378
06/05/2022 01:19:34.099 - oc_logger - INFO - Function evaluation number: 70, SI: 1, Sub-iteration number: 37, FoM: 0.9287601111447378
06/05/2022 01:19:34.498 - oc_logger - INFO - New record achieved. Previous FoM: 0.9287601111447378, new best FoM : 0.9257312213994462
06/05/2022 01:19:34.498 - oc_logger - INFO - Function evaluation number: 71, SI: 1, Sub-iteration number: 37, FoM: 0.9257312213994462
06/05/2022 01:19:34.899 - oc_logger - INFO - New record achieved. Previous FoM: 0.9257312213994462, new best FoM : 0.9247487283626488
06/05/2022 01:19:34.899 - oc_logger - INFO - Function evaluation number: 72, SI: 1, Sub-iteration number: 38, FoM: 0.9247487283626488
06/05/2022 01:19:35.291 - oc_logger - INFO - New record achieved. Previous FoM: 0.9247487283626488, new best FoM : 0.9214162680464405
06/05/2022 01:19:35.291 - oc_logger - INFO - Function evaluation number: 73, SI: 1, Sub-iteration number: 38, FoM: 0.9214162680464405
06/05/2022 01:19:35.686 - oc_logger - INFO - New record achieved. Previous FoM: 0.9214162680464405, new best FoM : 0.921013944009131
06/05/2022 01:19:35.686 - oc_logger - INFO - Function evaluation number: 74, SI: 1, Sub-iteration number: 39, FoM: 0.921013944009131
06/05/2022 01:19:36.079 - oc_logger - INFO - New record achieved. Previous FoM: 0.921013944009131, new best FoM : 0.9175140430650117
06/05/2022 01:19:36.079 - oc_logger - INFO - Function evaluation number: 75, SI: 1, Sub-iteration number: 39, FoM: 0.9175140430650117
06/05/2022 01:19:36.474 - oc_logger - INFO - New record achieved. Previous FoM: 0.9175140430650117, new best FoM : 0.9164013747117357
06/05/2022 01:19:36.474 - oc_logger - INFO - Function evaluation number: 76, SI: 1, Sub-iteration number: 40, FoM: 0.9164013747117357
06/05/2022 01:19:36.824 - oc_logger - INFO - New record achieved. Previous FoM: 0.9164013747117357, new best FoM : 0.9125543975714202
06/05/2022 01:19:36.824 - oc_logger - INFO - Function evaluation number: 77, SI: 1, Sub-iteration number: 40, FoM: 0.9125543975714202
06/05/2022 01:19:37.174 - oc_logger - INFO - New record achieved. Previous FoM: 0.9125543975714202, new best FoM : 0.9119832653199691
06/05/2022 01:19:37.174 - oc_logger - INFO - Function evaluation number: 78, SI: 1, Sub-iteration number: 41, FoM: 0.9119832653199691
06/05/2022 01:19:37.526 - oc_logger - INFO - New record achieved. Previous FoM: 0.9119832653199691, new best FoM : 0.907915657643574
06/05/2022 01:19:37.526 - oc_logger - INFO - Function evaluation number: 79, SI: 1, Sub-iteration number: 41, FoM: 0.907915657643574
06/05/2022 01:19:37.882 - oc_logger - INFO - New record achieved. Previous FoM: 0.907915657643574, new best FoM : 0.9035553728397026
06/05/2022 01:19:37.882 - oc_logger - INFO - Function evaluation number: 80, SI: 1, Sub-iteration number: 42, FoM: 0.9035553728397026
06/05/2022 01:19:38.235 - oc_logger - INFO - New record achieved. Previous FoM: 0.9035553728397026, new best FoM : 0.8983091496727045
06/05/2022 01:19:38.235 - oc_logger - INFO - Function evaluation number: 81, SI: 1, Sub-iteration number: 42, FoM: 0.8983091496727045
06/05/2022 01:19:38.585 - oc_logger - INFO - Function evaluation number: 82, SI: 1, Sub-iteration number: 43, FoM: 0.9005503224432363
06/05/2022 01:19:38.934 - oc_logger - INFO - New record achieved. Previous FoM: 0.8983091496727045, new best FoM : 0.8921853304774434
06/05/2022 01:19:38.934 - oc_logger - INFO - Function evaluation number: 83, SI: 1, Sub-iteration number: 44, FoM: 0.8921853304774434
06/05/2022 01:19:39.286 - oc_logger - INFO - New record achieved. Previous FoM: 0.8921853304774434, new best FoM : 0.8864691364858193
06/05/2022 01:19:39.286 - oc_logger - INFO - Function evaluation number: 84, SI: 1, Sub-iteration number: 44, FoM: 0.8864691364858193
06/05/2022 01:19:39.550 - oc_logger - INFO - Function evaluation number: 85, SI: 1, Sub-iteration number: 45, FoM: 0.886999737703207
06/05/2022 01:19:39.809 - oc_logger - INFO - New record achieved. Previous FoM: 0.8864691364858193, new best FoM : 0.8808770144971453
06/05/2022 01:19:39.809 - oc_logger - INFO - Function evaluation number: 86, SI: 1, Sub-iteration number: 46, FoM: 0.8808770144971453
06/05/2022 01:19:40.136 - oc_logger - INFO - New record achieved. Previous FoM: 0.8808770144971453, new best FoM : 0.8750346302948742
06/05/2022 01:19:40.136 - oc_logger - INFO - Function evaluation number: 87, SI: 1, Sub-iteration number: 46, FoM: 0.8750346302948742
06/05/2022 01:19:40.486 - oc_logger - INFO - New record achieved. Previous FoM: 0.8750346302948742, new best FoM : 0.8743714920667931
06/05/2022 01:19:40.486 - oc_logger - INFO - Function evaluation number: 88, SI: 1, Sub-iteration number: 47, FoM: 0.8743714920667931
06/05/2022 01:19:40.815 - oc_logger - INFO - New record achieved. Previous FoM: 0.8743714920667931, new best FoM : 0.8686908658969391
06/05/2022 01:19:40.816 - oc_logger - INFO - Function evaluation number: 89, SI: 1, Sub-iteration number: 47, FoM: 0.8686908658969391
06/05/2022 01:19:41.146 - oc_logger - INFO - New record achieved. Previous FoM: 0.8686908658969391, new best FoM : 0.8664520785051428
06/05/2022 01:19:41.146 - oc_logger - INFO - Function evaluation number: 90, SI: 1, Sub-iteration number: 48, FoM: 0.8664520785051428
06/05/2022 01:19:41.486 - oc_logger - INFO - New record achieved. Previous FoM: 0.8664520785051428, new best FoM : 0.8610525212125035
06/05/2022 01:19:41.486 - oc_logger - INFO - Function evaluation number: 91, SI: 1, Sub-iteration number: 48, FoM: 0.8610525212125035
06/05/2022 01:19:41.836 - oc_logger - INFO - New record achieved. Previous FoM: 0.8610525212125035, new best FoM : 0.8584824747725901
06/05/2022 01:19:41.836 - oc_logger - INFO - Function evaluation number: 92, SI: 1, Sub-iteration number: 49, FoM: 0.8584824747725901
06/05/2022 01:19:42.189 - oc_logger - INFO - New record achieved. Previous FoM: 0.8584824747725901, new best FoM : 0.8532018192673424
06/05/2022 01:19:42.189 - oc_logger - INFO - Function evaluation number: 93, SI: 1, Sub-iteration number: 49, FoM: 0.8532018192673424
06/05/2022 01:19:42.562 - oc_logger - INFO - New record achieved. Previous FoM: 0.8532018192673424, new best FoM : 0.8514790598418223
06/05/2022 01:19:42.562 - oc_logger - INFO - Function evaluation number: 94, SI: 1, Sub-iteration number: 50, FoM: 0.8514790598418223
06/05/2022 01:19:42.959 - oc_logger - INFO - New record achieved. Previous FoM: 0.8514790598418223, new best FoM : 0.8466404058525986
06/05/2022 01:19:42.959 - oc_logger - INFO - Function evaluation number: 95, SI: 1, Sub-iteration number: 50, FoM: 0.8466404058525986
06/05/2022 01:19:43.355 - oc_logger - INFO - Function evaluation number: 96, SI: 1, Sub-iteration number: 51, FoM: 0.8468689891849888
06/05/2022 01:19:43.747 - oc_logger - INFO - New record achieved. Previous FoM: 0.8466404058525986, new best FoM : 0.8423167758614446
06/05/2022 01:19:43.747 - oc_logger - INFO - Function evaluation number: 97, SI: 1, Sub-iteration number: 52, FoM: 0.8423167758614446
06/05/2022 01:19:44.143 - oc_logger - INFO - New record achieved. Previous FoM: 0.8423167758614446, new best FoM : 0.8388926264048929
06/05/2022 01:19:44.143 - oc_logger - INFO - Function evaluation number: 98, SI: 1, Sub-iteration number: 52, FoM: 0.8388926264048929
06/05/2022 01:19:44.541 - oc_logger - INFO - New record achieved. Previous FoM: 0.8388926264048929, new best FoM : 0.8386319698262481
06/05/2022 01:19:44.541 - oc_logger - INFO - Function evaluation number: 99, SI: 1, Sub-iteration number: 53, FoM: 0.8386319698262481
06/05/2022 01:19:44.934 - oc_logger - INFO - New record achieved. Previous FoM: 0.8386319698262481, new best FoM : 0.8356465424647401
06/05/2022 01:19:44.934 - oc_logger - INFO - Function evaluation number: 100, SI: 1, Sub-iteration number: 53, FoM: 0.8356465424647401
06/05/2022 01:19:45.333 - oc_logger - INFO - New record achieved. Previous FoM: 0.8356465424647401, new best FoM : 0.8318601573128069
06/05/2022 01:19:45.333 - oc_logger - INFO - Function evaluation number: 101, SI: 1, Sub-iteration number: 54, FoM: 0.8318601573128069
06/05/2022 01:19:45.726 - oc_logger - INFO - New record achieved. Previous FoM: 0.8318601573128069, new best FoM : 0.8286734772218851
06/05/2022 01:19:45.726 - oc_logger - INFO - Function evaluation number: 102, SI: 1, Sub-iteration number: 54, FoM: 0.8286734772218851
06/05/2022 01:19:46.101 - oc_logger - INFO - Function evaluation number: 103, SI: 1, Sub-iteration number: 55, FoM: 0.8295995514779135
06/05/2022 01:19:46.494 - oc_logger - INFO - New record achieved. Previous FoM: 0.8286734772218851, new best FoM : 0.8262642891869526
06/05/2022 01:19:46.494 - oc_logger - INFO - Function evaluation number: 104, SI: 1, Sub-iteration number: 56, FoM: 0.8262642891869526
06/05/2022 01:19:46.890 - oc_logger - INFO - New record achieved. Previous FoM: 0.8262642891869526, new best FoM : 0.8243398681538052
06/05/2022 01:19:46.890 - oc_logger - INFO - Function evaluation number: 105, SI: 1, Sub-iteration number: 56, FoM: 0.8243398681538052
06/05/2022 01:19:47.291 - oc_logger - INFO - New record achieved. Previous FoM: 0.8243398681538052, new best FoM : 0.8235090103143325
06/05/2022 01:19:47.291 - oc_logger - INFO - Function evaluation number: 106, SI: 1, Sub-iteration number: 57, FoM: 0.8235090103143325
06/05/2022 01:19:47.619 - oc_logger - INFO - New record achieved. Previous FoM: 0.8235090103143325, new best FoM : 0.8217630404195401
06/05/2022 01:19:47.619 - oc_logger - INFO - Function evaluation number: 107, SI: 1, Sub-iteration number: 57, FoM: 0.8217630404195401
06/05/2022 01:19:47.951 - oc_logger - INFO - Function evaluation number: 108, SI: 1, Sub-iteration number: 58, FoM: 0.8224694285182017
06/05/2022 01:19:48.345 - oc_logger - INFO - New record achieved. Previous FoM: 0.8217630404195401, new best FoM : 0.8213041600590787
06/05/2022 01:19:48.345 - oc_logger - INFO - Function evaluation number: 109, SI: 1, Sub-iteration number: 59, FoM: 0.8213041600590787
06/05/2022 01:19:48.723 - oc_logger - INFO - New record achieved. Previous FoM: 0.8213041600590787, new best FoM : 0.8202520203996201
06/05/2022 01:19:48.723 - oc_logger - INFO - Function evaluation number: 110, SI: 1, Sub-iteration number: 59, FoM: 0.8202520203996201
06/05/2022 01:19:49.094 - oc_logger - INFO - New record achieved. Previous FoM: 0.8202520203996201, new best FoM : 0.8194849241879114
06/05/2022 01:19:49.094 - oc_logger - INFO - Function evaluation number: 111, SI: 1, Sub-iteration number: 60, FoM: 0.8194849241879114
06/05/2022 01:19:49.468 - oc_logger - INFO - New record achieved. Previous FoM: 0.8194849241879114, new best FoM : 0.818427919506036
06/05/2022 01:19:49.468 - oc_logger - INFO - Function evaluation number: 112, SI: 1, Sub-iteration number: 60, FoM: 0.818427919506036
06/05/2022 01:19:49.840 - oc_logger - INFO - New record achieved. Previous FoM: 0.818427919506036, new best FoM : 0.8173429520313119
06/05/2022 01:19:49.840 - oc_logger - INFO - Function evaluation number: 113, SI: 1, Sub-iteration number: 61, FoM: 0.8173429520313119
06/05/2022 01:19:50.223 - oc_logger - INFO - New record achieved. Previous FoM: 0.8173429520313119, new best FoM : 0.8161309556149025
06/05/2022 01:19:50.223 - oc_logger - INFO - Function evaluation number: 114, SI: 1, Sub-iteration number: 61, FoM: 0.8161309556149025
06/05/2022 01:19:50.577 - oc_logger - INFO - New record achieved. Previous FoM: 0.8161309556149025, new best FoM : 0.8160386168206528
06/05/2022 01:19:50.577 - oc_logger - INFO - Function evaluation number: 115, SI: 1, Sub-iteration number: 62, FoM: 0.8160386168206528
06/05/2022 01:19:50.928 - oc_logger - INFO - New record achieved. Previous FoM: 0.8160386168206528, new best FoM : 0.8151327282390127
06/05/2022 01:19:50.928 - oc_logger - INFO - Function evaluation number: 116, SI: 1, Sub-iteration number: 62, FoM: 0.8151327282390127
06/05/2022 01:19:51.249 - oc_logger - INFO - Function evaluation number: 117, SI: 1, Sub-iteration number: 63, FoM: 0.8156141395958811
06/05/2022 01:19:51.583 - oc_logger - INFO - New record achieved. Previous FoM: 0.8151327282390127, new best FoM : 0.814429383793733
06/05/2022 01:19:51.583 - oc_logger - INFO - Function evaluation number: 118, SI: 1, Sub-iteration number: 64, FoM: 0.814429383793733
06/05/2022 01:19:51.980 - oc_logger - INFO - New record achieved. Previous FoM: 0.814429383793733, new best FoM : 0.8141633068565188
06/05/2022 01:19:51.980 - oc_logger - INFO - Function evaluation number: 119, SI: 1, Sub-iteration number: 64, FoM: 0.8141633068565188
06/05/2022 01:19:52.380 - oc_logger - INFO - Function evaluation number: 120, SI: 1, Sub-iteration number: 65, FoM: 0.8143908268326366
06/05/2022 01:19:52.776 - oc_logger - INFO - New record achieved. Previous FoM: 0.8141633068565188, new best FoM : 0.8139076733716517
06/05/2022 01:19:52.776 - oc_logger - INFO - Function evaluation number: 121, SI: 1, Sub-iteration number: 66, FoM: 0.8139076733716517
06/05/2022 01:19:53.188 - oc_logger - INFO - New record achieved. Previous FoM: 0.8139076733716517, new best FoM : 0.8139020219184647
06/05/2022 01:19:53.188 - oc_logger - INFO - Function evaluation number: 122, SI: 1, Sub-iteration number: 66, FoM: 0.8139020219184647
06/05/2022 01:19:53.583 - oc_logger - INFO - New record achieved. Previous FoM: 0.8139020219184647, new best FoM : 0.813901858205389
06/05/2022 01:19:53.583 - oc_logger - INFO - Function evaluation number: 123, SI: 1, Sub-iteration number: 67, FoM: 0.813901858205389
06/05/2022 01:19:53.979 - oc_logger - INFO - New record achieved. Previous FoM: 0.813901858205389, new best FoM : 0.8138975981518781
06/05/2022 01:19:53.979 - oc_logger - INFO - Function evaluation number: 124, SI: 1, Sub-iteration number: 67, FoM: 0.8138975981518781
06/05/2022 01:19:54.354 - oc_logger - INFO - New record achieved. Previous FoM: 0.8138975981518781, new best FoM : 0.8138916919215495
06/05/2022 01:19:54.354 - oc_logger - INFO - Function evaluation number: 125, SI: 1, Sub-iteration number: 68, FoM: 0.8138916919215495
06/05/2022 01:19:54.704 - oc_logger - INFO - New record achieved. Previous FoM: 0.8138916919215495, new best FoM : 0.8138861042319985
06/05/2022 01:19:54.704 - oc_logger - INFO - Function evaluation number: 126, SI: 1, Sub-iteration number: 68, FoM: 0.8138861042319985
06/05/2022 01:19:55.054 - oc_logger - INFO - New record achieved. Previous FoM: 0.8138861042319985, new best FoM : 0.8138796493329841
06/05/2022 01:19:55.054 - oc_logger - INFO - Function evaluation number: 127, SI: 1, Sub-iteration number: 69, FoM: 0.8138796493329841
06/05/2022 01:19:55.402 - oc_logger - INFO - New record achieved. Previous FoM: 0.8138796493329841, new best FoM : 0.8138726112350387
06/05/2022 01:19:55.402 - oc_logger - INFO - Function evaluation number: 128, SI: 1, Sub-iteration number: 69, FoM: 0.8138726112350387
06/05/2022 01:19:55.755 - oc_logger - INFO - Function evaluation number: 129, SI: 1, Sub-iteration number: 70, FoM: 0.8138823102578994
06/05/2022 01:19:56.156 - oc_logger - INFO - New record achieved. Previous FoM: 0.8138726112350387, new best FoM : 0.8138723475386253
06/05/2022 01:19:56.156 - oc_logger - INFO - Function evaluation number: 130, SI: 1, Sub-iteration number: 71, FoM: 0.8138723475386253
06/05/2022 01:19:56.447 - oc_logger - INFO - New record achieved. Previous FoM: 0.8138723475386253, new best FoM : 0.8138662224254033
06/05/2022 01:19:56.447 - oc_logger - INFO - Function evaluation number: 131, SI: 1, Sub-iteration number: 71, FoM: 0.8138662224254033
06/05/2022 01:19:56.763 - oc_logger - INFO - New record achieved. Previous FoM: 0.8138662224254033, new best FoM : 0.8138624155007586
06/05/2022 01:19:56.763 - oc_logger - INFO - Function evaluation number: 132, SI: 1, Sub-iteration number: 72, FoM: 0.8138624155007586
06/05/2022 01:19:57.054 - oc_logger - INFO - New record achieved. Previous FoM: 0.8138624155007586, new best FoM : 0.8138554355634113
06/05/2022 01:19:57.054 - oc_logger - INFO - Function evaluation number: 133, SI: 1, Sub-iteration number: 72, FoM: 0.8138554355634113
06/05/2022 01:19:57.057 - oc_logger - INFO - SI 1 finished - Number of evaluations: 133, Best FoM: 0.8138554355634113, Terminate reason: Convergence of the FoM.

06/05/2022 01:19:57.058 - oc_logger - INFO - Direct search start time has been reset.
06/05/2022 01:19:57.407 - oc_logger - INFO - Function evaluation number: 134, SI: 2, Sub-iteration number: 0, FoM: 0.8138554355634113
06/05/2022 01:19:57.754 - oc_logger - INFO - New record achieved. Previous FoM: 0.8138554355634113, new best FoM : 0.8138548315862129
06/05/2022 01:19:57.754 - oc_logger - INFO - Function evaluation number: 135, SI: 2, Sub-iteration number: 0, FoM: 0.8138548315862129
06/05/2022 01:19:58.129 - oc_logger - INFO - New record achieved. Previous FoM: 0.8138548315862129, new best FoM : 0.8138504200989202
06/05/2022 01:19:58.129 - oc_logger - INFO - Function evaluation number: 136, SI: 2, Sub-iteration number: 0, FoM: 0.8138504200989202
06/05/2022 01:19:58.501 - oc_logger - INFO - Function evaluation number: 137, SI: 2, Sub-iteration number: 0, FoM: 0.8138533277391857
06/05/2022 01:19:58.870 - oc_logger - INFO - Function evaluation number: 138, SI: 2, Sub-iteration number: 0, FoM: 0.8138509860479219
06/05/2022 01:19:59.238 - oc_logger - INFO - Function evaluation number: 139, SI: 2, Sub-iteration number: 0, FoM: 0.8138510394069789
06/05/2022 01:19:59.608 - oc_logger - INFO - Function evaluation number: 140, SI: 2, Sub-iteration number: 0, FoM: 0.8138536353244576
06/05/2022 01:19:59.978 - oc_logger - INFO - Function evaluation number: 141, SI: 2, Sub-iteration number: 0, FoM: 0.8138508250512286
06/05/2022 01:20:00.347 - oc_logger - INFO - Function evaluation number: 142, SI: 2, Sub-iteration number: 0, FoM: 0.813854661761184
06/05/2022 01:20:00.706 - oc_logger - INFO - New record achieved. Previous FoM: 0.8138504200989202, new best FoM : 0.8138494963386791
06/05/2022 01:20:00.706 - oc_logger - INFO - Function evaluation number: 143, SI: 2, Sub-iteration number: 1, FoM: 0.8138494963386791
06/05/2022 01:20:01.111 - oc_logger - INFO - New record achieved. Previous FoM: 0.8138494963386791, new best FoM : 0.8138487539974442
06/05/2022 01:20:01.111 - oc_logger - INFO - Function evaluation number: 144, SI: 2, Sub-iteration number: 1, FoM: 0.8138487539974442
06/05/2022 01:20:01.116 - oc_logger - INFO - SI 2 finished - Number of evaluations: 11, Best FoM: 0.8138487539974442, Terminate reason: Convergence of the FoM.

06/05/2022 01:20:01.117 - oc_logger - INFO - Direct search start time has been reset.
06/05/2022 01:20:01.536 - oc_logger - INFO - Function evaluation number: 145, SI: 3, Sub-iteration number: 0, FoM: 0.8138487539974442
06/05/2022 01:20:01.941 - oc_logger - INFO - Function evaluation number: 146, SI: 3, Sub-iteration number: 0, FoM: 0.8138490567615453
06/05/2022 01:20:02.347 - oc_logger - INFO - New record achieved. Previous FoM: 0.8138487539974442, new best FoM : 0.8138443282892107
06/05/2022 01:20:02.347 - oc_logger - INFO - Function evaluation number: 147, SI: 3, Sub-iteration number: 0, FoM: 0.8138443282892107
06/05/2022 01:20:02.744 - oc_logger - INFO - Function evaluation number: 148, SI: 3, Sub-iteration number: 0, FoM: 0.8138452354980273
06/05/2022 01:20:03.141 - oc_logger - INFO - Function evaluation number: 149, SI: 3, Sub-iteration number: 0, FoM: 0.8138455871968697
06/05/2022 01:20:03.507 - oc_logger - INFO - Function evaluation number: 150, SI: 3, Sub-iteration number: 0, FoM: 0.8138443532629056
06/05/2022 01:20:03.855 - oc_logger - INFO - Function evaluation number: 151, SI: 3, Sub-iteration number: 0, FoM: 0.8138462283936375
06/05/2022 01:20:04.203 - oc_logger - INFO - New record achieved. Previous FoM: 0.8138443282892107, new best FoM : 0.8138441642044962
06/05/2022 01:20:04.203 - oc_logger - INFO - Function evaluation number: 152, SI: 3, Sub-iteration number: 0, FoM: 0.8138441642044962
06/05/2022 01:20:04.553 - oc_logger - INFO - Function evaluation number: 153, SI: 3, Sub-iteration number: 0, FoM: 0.8138480673599401
06/05/2022 01:20:04.882 - oc_logger - INFO - New record achieved. Previous FoM: 0.8138441642044962, new best FoM : 0.81384314830864
06/05/2022 01:20:04.882 - oc_logger - INFO - Function evaluation number: 154, SI: 3, Sub-iteration number: 1, FoM: 0.81384314830864
06/05/2022 01:20:05.154 - oc_logger - INFO - New record achieved. Previous FoM: 0.81384314830864, new best FoM : 0.8138425363678918
06/05/2022 01:20:05.154 - oc_logger - INFO - Function evaluation number: 155, SI: 3, Sub-iteration number: 1, FoM: 0.8138425363678918
06/05/2022 01:20:05.156 - oc_logger - INFO - SI 3 finished - Number of evaluations: 11, Best FoM: 0.8138425363678918, Terminate reason: Convergence of the FoM.

06/05/2022 01:20:05.156 - oc_logger - INFO - Figure of merit : 0.8138425363678918
06/05/2022 01:20:05.157 - oc_logger - INFO - Std : 0.0
06/05/2022 01:20:05.157 - oc_logger - INFO - total number of function evaluations : 155
06/05/2022 01:20:05.157 - oc_logger - INFO - dcrab_freq_list : [array([[ 0.09226376,  7.32818762, 10.21446217, 11.37418651]]), array([[ 1.99220037,  4.87244588, 10.74018268, 14.252266  ]]), array([[ 1.27254201,  6.90406337,  9.06398295, 13.76515532]])]
06/05/2022 01:20:05.158 - oc_logger - INFO - dcrab_para_list : [array([17.04192943, 33.92404314, -3.5052497 , -7.67890032, -7.31502747,
       -4.51050532, -7.99703413, -1.4527165 ]), array([0.08199655, 0.08910427, 0.13665595, 0.0889188 , 0.08738775,
       0.14191068, 0.09617696, 0.02884247]), array([-0.28310079,  0.26078426,  0.03468439,  0.20573578, -0.02280256,
       -0.13812272,  0.22675241, -0.04274534])]
06/05/2022 01:20:05.158 - oc_logger - INFO - terminate_reason : Convergence of the FoM.
