06/07/2022 07:15:16.163 - oc_logger - INFO - The optimization direction is minimization
06/07/2022 07:15:16.164 - oc_logger - INFO - QuOCS version number: 0.0.22
06/07/2022 07:15:16.222 - oc_logger - INFO - Function evaluation number: 1, FoM: 0.6360197177307646
06/07/2022 07:15:16.240 - oc_logger - INFO - Function evaluation number: 2, FoM: 0.6004894925769072
06/07/2022 07:15:16.250 - oc_logger - INFO - Function evaluation number: 3, FoM: 0.6496760776910757
06/07/2022 07:15:16.260 - oc_logger - INFO - Function evaluation number: 4, FoM: 0.5802590437154707
06/07/2022 07:15:16.271 - oc_logger - INFO - Function evaluation number: 5, FoM: 0.5328473749284425
06/07/2022 07:15:16.283 - oc_logger - INFO - Function evaluation number: 6, FoM: 0.4763606931037204
06/07/2022 07:15:16.294 - oc_logger - INFO - Function evaluation number: 7, FoM: 0.3669673790383431
06/07/2022 07:15:16.304 - oc_logger - INFO - Function evaluation number: 8, FoM: 0.2706502253580305
06/07/2022 07:15:16.316 - oc_logger - INFO - Function evaluation number: 9, FoM: 0.09246777070291334
06/07/2022 07:15:16.327 - oc_logger - INFO - Function evaluation number: 10, FoM: 0.03284175400639966
06/07/2022 07:15:16.338 - oc_logger - INFO - Function evaluation number: 11, FoM: 0.04750189457127174
06/07/2022 07:15:16.353 - oc_logger - INFO - Function evaluation number: 12, FoM: 0.06228046379556962
06/07/2022 07:15:16.374 - oc_logger - INFO - Function evaluation number: 13, FoM: 0.032140872909883655
06/07/2022 07:15:16.387 - oc_logger - INFO - Function evaluation number: 14, FoM: 0.3291277541409898
06/07/2022 07:15:16.398 - oc_logger - INFO - Function evaluation number: 15, FoM: 0.0768514943647518
06/07/2022 07:15:16.406 - oc_logger - INFO - Function evaluation number: 16, FoM: 0.06843406050159584
06/07/2022 07:15:16.418 - oc_logger - INFO - Function evaluation number: 17, FoM: 0.07292986523294487
06/07/2022 07:15:16.428 - oc_logger - INFO - Function evaluation number: 18, FoM: 0.02505947932496544
06/07/2022 07:15:16.437 - oc_logger - INFO - Function evaluation number: 19, FoM: 0.1493068250308882
06/07/2022 07:15:16.448 - oc_logger - INFO - Function evaluation number: 20, FoM: 0.046939934694977925
06/07/2022 07:15:16.459 - oc_logger - INFO - Function evaluation number: 21, FoM: 0.0682199990703175
06/07/2022 07:15:16.468 - oc_logger - INFO - Function evaluation number: 22, FoM: 0.025435385696035873
06/07/2022 07:15:16.482 - oc_logger - INFO - Function evaluation number: 23, FoM: 0.0624811673878396
06/07/2022 07:15:16.491 - oc_logger - INFO - Function evaluation number: 24, FoM: 0.0011431051961569016
06/07/2022 07:15:16.501 - oc_logger - INFO - Function evaluation number: 25, FoM: 0.0015963774582073986
06/07/2022 07:15:16.513 - oc_logger - INFO - Function evaluation number: 26, FoM: 0.03239908553124571
06/07/2022 07:15:16.522 - oc_logger - INFO - Function evaluation number: 27, FoM: 0.012450490680870674
06/07/2022 07:15:16.532 - oc_logger - INFO - Function evaluation number: 28, FoM: 0.01634029191704789
06/07/2022 07:15:16.543 - oc_logger - INFO - Function evaluation number: 29, FoM: 0.005688402390092051
06/07/2022 07:15:16.553 - oc_logger - INFO - Function evaluation number: 30, FoM: 0.00871468433287137
06/07/2022 07:15:16.562 - oc_logger - INFO - Function evaluation number: 31, FoM: 0.00219608510414826
06/07/2022 07:15:16.573 - oc_logger - INFO - Function evaluation number: 32, FoM: 0.005006420432507763
06/07/2022 07:15:16.582 - oc_logger - INFO - Function evaluation number: 33, FoM: 0.00042251427411410525
06/07/2022 07:15:16.594 - oc_logger - INFO - Function evaluation number: 34, FoM: 0.0008691269700231707
06/07/2022 07:15:16.603 - oc_logger - INFO - Function evaluation number: 35, FoM: 0.0024177442585953113
06/07/2022 07:15:16.613 - oc_logger - INFO - Function evaluation number: 36, FoM: 0.00024609851439583164
06/07/2022 07:15:16.624 - oc_logger - INFO - Function evaluation number: 37, FoM: 0.0006971820242943627
06/07/2022 07:15:16.635 - oc_logger - INFO - Function evaluation number: 38, FoM: 0.00030360432107279234
06/07/2022 07:15:16.645 - oc_logger - INFO - Function evaluation number: 39, FoM: 0.0009747729879335809
06/07/2022 07:15:16.656 - oc_logger - INFO - Function evaluation number: 40, FoM: 7.42797673292106e-05
06/07/2022 07:15:16.666 - oc_logger - INFO - Function evaluation number: 41, FoM: 0.00013120877027805733
06/07/2022 07:15:16.676 - oc_logger - INFO - Function evaluation number: 42, FoM: 0.00045120393245667856
06/07/2022 07:15:16.687 - oc_logger - INFO - Function evaluation number: 43, FoM: 7.150080617679411e-05
06/07/2022 07:15:16.698 - oc_logger - INFO - Function evaluation number: 44, FoM: 0.000129060810472037
06/07/2022 07:15:16.708 - oc_logger - INFO - Function evaluation number: 45, FoM: 6.370260974386532e-05
06/07/2022 07:15:16.718 - oc_logger - INFO - Function evaluation number: 46, FoM: 0.00020954704724229778
06/07/2022 07:15:16.728 - oc_logger - INFO - Function evaluation number: 47, FoM: 3.399843288232063e-06
06/07/2022 07:15:16.737 - oc_logger - INFO - Function evaluation number: 48, FoM: 1.0800217158157821e-05
06/07/2022 07:15:16.749 - oc_logger - INFO - Function evaluation number: 49, FoM: 7.799230874239171e-05
06/07/2022 07:15:16.758 - oc_logger - INFO - Function evaluation number: 50, FoM: 2.8259697957722096e-05
06/07/2022 07:15:16.768 - oc_logger - INFO - Function evaluation number: 51, FoM: 4.258776002052933e-05
06/07/2022 07:15:16.778 - oc_logger - INFO - Function evaluation number: 52, FoM: 1.0543038000188076e-05
06/07/2022 07:15:16.788 - oc_logger - INFO - Function evaluation number: 53, FoM: 1.8254091949332363e-05
06/07/2022 07:15:16.798 - oc_logger - INFO - Function evaluation number: 54, FoM: 3.663910230544687e-06
06/07/2022 07:15:16.809 - oc_logger - INFO - Function evaluation number: 55, FoM: 1.764685296667956e-05
06/07/2022 07:15:16.818 - oc_logger - INFO - Function evaluation number: 56, FoM: 3.490792938709575e-06
06/07/2022 07:15:16.828 - oc_logger - INFO - Function evaluation number: 57, FoM: 3.835708183963504e-06
06/07/2022 07:15:16.838 - oc_logger - INFO - Function evaluation number: 58, FoM: 1.8268882486793814e-06
06/07/2022 07:15:16.848 - oc_logger - INFO - Function evaluation number: 59, FoM: 8.722151841222825e-06
06/07/2022 07:15:16.859 - oc_logger - INFO - Function evaluation number: 60, FoM: 4.3081547740353443e-07
06/07/2022 07:15:16.862 - oc_logger - INFO - Figure of merit : 4.3081547740353443e-07
06/07/2022 07:15:16.863 - oc_logger - INFO - parameters : [7.10027845 1.97533505]
06/07/2022 07:15:16.863 - oc_logger - INFO - terminate_reason : Convergence of the simplex.
