06/05/2022 02:01:04.180 - oc_logger - INFO - The optimization direction is minimization
06/05/2022 02:01:04.184 - oc_logger - INFO - QuOCS version number: 0.0.22
06/05/2022 02:01:04.184 - oc_logger - INFO - Direct search start time has been reset.
06/05/2022 02:01:04.574 - oc_logger - INFO - New record achieved. Previous FoM: 10000000000.0, new best FoM : 0.9753328061254639
06/05/2022 02:01:04.575 - oc_logger - INFO - Function evaluation number: 1, SI: 1, Sub-iteration number: 0, FoM: 0.9753328061254639
06/05/2022 02:01:04.948 - oc_logger - INFO - New record achieved. Previous FoM: 0.9753328061254639, new best FoM : 0.9744725316280379
06/05/2022 02:01:04.948 - oc_logger - INFO - Function evaluation number: 2, SI: 1, Sub-iteration number: 0, FoM: 0.9744725316280379
06/05/2022 02:01:05.266 - oc_logger - INFO - New record achieved. Previous FoM: 0.9744725316280379, new best FoM : 0.9727350397049265
06/05/2022 02:01:05.266 - oc_logger - INFO - Function evaluation number: 3, SI: 1, Sub-iteration number: 0, FoM: 0.9727350397049265
06/05/2022 02:01:05.634 - oc_logger - INFO - Function evaluation number: 4, SI: 1, Sub-iteration number: 0, FoM: 0.9746637910707597
06/05/2022 02:01:05.997 - oc_logger - INFO - Function evaluation number: 5, SI: 1, Sub-iteration number: 0, FoM: 0.9727562311424511
06/05/2022 02:01:06.360 - oc_logger - INFO - Function evaluation number: 6, SI: 1, Sub-iteration number: 0, FoM: 0.9742430474219484
06/05/2022 02:01:06.722 - oc_logger - INFO - Function evaluation number: 7, SI: 1, Sub-iteration number: 0, FoM: 0.9732125918707323
06/05/2022 02:01:07.084 - oc_logger - INFO - Function evaluation number: 8, SI: 1, Sub-iteration number: 0, FoM: 0.974753095098127
06/05/2022 02:01:07.499 - oc_logger - INFO - Function evaluation number: 9, SI: 1, Sub-iteration number: 0, FoM: 0.972797161347851
06/05/2022 02:01:07.824 - oc_logger - INFO - New record achieved. Previous FoM: 0.9727350397049265, new best FoM : 0.9720350649445949
06/05/2022 02:01:07.824 - oc_logger - INFO - Function evaluation number: 10, SI: 1, Sub-iteration number: 1, FoM: 0.9720350649445949
06/05/2022 02:01:08.183 - oc_logger - INFO - New record achieved. Previous FoM: 0.9720350649445949, new best FoM : 0.971607350034308
06/05/2022 02:01:08.183 - oc_logger - INFO - Function evaluation number: 11, SI: 1, Sub-iteration number: 1, FoM: 0.971607350034308
06/05/2022 02:01:08.597 - oc_logger - INFO - Function evaluation number: 12, SI: 1, Sub-iteration number: 2, FoM: 0.9718465338492549
06/05/2022 02:01:09.010 - oc_logger - INFO - New record achieved. Previous FoM: 0.971607350034308, new best FoM : 0.9712138273963591
06/05/2022 02:01:09.010 - oc_logger - INFO - Function evaluation number: 13, SI: 1, Sub-iteration number: 3, FoM: 0.9712138273963591
06/05/2022 02:01:09.425 - oc_logger - INFO - New record achieved. Previous FoM: 0.9712138273963591, new best FoM : 0.9707663508069243
06/05/2022 02:01:09.425 - oc_logger - INFO - Function evaluation number: 14, SI: 1, Sub-iteration number: 3, FoM: 0.9707663508069243
06/05/2022 02:01:09.839 - oc_logger - INFO - New record achieved. Previous FoM: 0.9707663508069243, new best FoM : 0.970458962271877
06/05/2022 02:01:09.839 - oc_logger - INFO - Function evaluation number: 15, SI: 1, Sub-iteration number: 4, FoM: 0.970458962271877
06/05/2022 02:01:10.252 - oc_logger - INFO - New record achieved. Previous FoM: 0.970458962271877, new best FoM : 0.9699351772438468
06/05/2022 02:01:10.252 - oc_logger - INFO - Function evaluation number: 16, SI: 1, Sub-iteration number: 4, FoM: 0.9699351772438468
06/05/2022 02:01:10.666 - oc_logger - INFO - New record achieved. Previous FoM: 0.9699351772438468, new best FoM : 0.9695908904319461
06/05/2022 02:01:10.666 - oc_logger - INFO - Function evaluation number: 17, SI: 1, Sub-iteration number: 5, FoM: 0.9695908904319461
06/05/2022 02:01:11.079 - oc_logger - INFO - New record achieved. Previous FoM: 0.9695908904319461, new best FoM : 0.9689808613196909
06/05/2022 02:01:11.079 - oc_logger - INFO - Function evaluation number: 18, SI: 1, Sub-iteration number: 5, FoM: 0.9689808613196909
06/05/2022 02:01:11.480 - oc_logger - INFO - Function evaluation number: 19, SI: 1, Sub-iteration number: 6, FoM: 0.9696156031351685
06/05/2022 02:01:11.855 - oc_logger - INFO - Function evaluation number: 20, SI: 1, Sub-iteration number: 7, FoM: 0.9692392302253917
06/05/2022 02:01:12.216 - oc_logger - INFO - New record achieved. Previous FoM: 0.9689808613196909, new best FoM : 0.9683683977450556
06/05/2022 02:01:12.217 - oc_logger - INFO - Function evaluation number: 21, SI: 1, Sub-iteration number: 8, FoM: 0.9683683977450556
06/05/2022 02:01:12.582 - oc_logger - INFO - New record achieved. Previous FoM: 0.9683683977450556, new best FoM : 0.9677956995707507
06/05/2022 02:01:12.582 - oc_logger - INFO - Function evaluation number: 22, SI: 1, Sub-iteration number: 8, FoM: 0.9677956995707507
06/05/2022 02:01:12.946 - oc_logger - INFO - New record achieved. Previous FoM: 0.9677956995707507, new best FoM : 0.9671018207760625
06/05/2022 02:01:12.946 - oc_logger - INFO - Function evaluation number: 23, SI: 1, Sub-iteration number: 9, FoM: 0.9671018207760625
06/05/2022 02:01:13.311 - oc_logger - INFO - New record achieved. Previous FoM: 0.9671018207760625, new best FoM : 0.9663587492801295
06/05/2022 02:01:13.311 - oc_logger - INFO - Function evaluation number: 24, SI: 1, Sub-iteration number: 9, FoM: 0.9663587492801295
06/05/2022 02:01:13.675 - oc_logger - INFO - Function evaluation number: 25, SI: 1, Sub-iteration number: 10, FoM: 0.9666528466675394
06/05/2022 02:01:14.038 - oc_logger - INFO - New record achieved. Previous FoM: 0.9663587492801295, new best FoM : 0.9656152891697077
06/05/2022 02:01:14.039 - oc_logger - INFO - Function evaluation number: 26, SI: 1, Sub-iteration number: 11, FoM: 0.9656152891697077
06/05/2022 02:01:14.403 - oc_logger - INFO - New record achieved. Previous FoM: 0.9656152891697077, new best FoM : 0.9648242975749406
06/05/2022 02:01:14.403 - oc_logger - INFO - Function evaluation number: 27, SI: 1, Sub-iteration number: 11, FoM: 0.9648242975749406
06/05/2022 02:01:14.767 - oc_logger - INFO - Function evaluation number: 28, SI: 1, Sub-iteration number: 12, FoM: 0.9649943441203214
06/05/2022 02:01:15.128 - oc_logger - INFO - New record achieved. Previous FoM: 0.9648242975749406, new best FoM : 0.9646190090044093
06/05/2022 02:01:15.128 - oc_logger - INFO - Function evaluation number: 29, SI: 1, Sub-iteration number: 13, FoM: 0.9646190090044093
06/05/2022 02:01:15.495 - oc_logger - INFO - New record achieved. Previous FoM: 0.9646190090044093, new best FoM : 0.9639233814908815
06/05/2022 02:01:15.495 - oc_logger - INFO - Function evaluation number: 30, SI: 1, Sub-iteration number: 13, FoM: 0.9639233814908815
06/05/2022 02:01:15.860 - oc_logger - INFO - New record achieved. Previous FoM: 0.9639233814908815, new best FoM : 0.9634843794655283
06/05/2022 02:01:15.860 - oc_logger - INFO - Function evaluation number: 31, SI: 1, Sub-iteration number: 14, FoM: 0.9634843794655283
06/05/2022 02:01:16.225 - oc_logger - INFO - New record achieved. Previous FoM: 0.9634843794655283, new best FoM : 0.9626772908321781
06/05/2022 02:01:16.225 - oc_logger - INFO - Function evaluation number: 32, SI: 1, Sub-iteration number: 14, FoM: 0.9626772908321781
06/05/2022 02:01:16.591 - oc_logger - INFO - New record achieved. Previous FoM: 0.9626772908321781, new best FoM : 0.9621801606866435
06/05/2022 02:01:16.591 - oc_logger - INFO - Function evaluation number: 33, SI: 1, Sub-iteration number: 15, FoM: 0.9621801606866435
06/05/2022 02:01:16.956 - oc_logger - INFO - New record achieved. Previous FoM: 0.9621801606866435, new best FoM : 0.9612447227186665
06/05/2022 02:01:16.956 - oc_logger - INFO - Function evaluation number: 34, SI: 1, Sub-iteration number: 15, FoM: 0.9612447227186665
06/05/2022 02:01:17.322 - oc_logger - INFO - New record achieved. Previous FoM: 0.9612447227186665, new best FoM : 0.9604271289174546
06/05/2022 02:01:17.322 - oc_logger - INFO - Function evaluation number: 35, SI: 1, Sub-iteration number: 16, FoM: 0.9604271289174546
06/05/2022 02:01:17.688 - oc_logger - INFO - New record achieved. Previous FoM: 0.9604271289174546, new best FoM : 0.9592824584833615
06/05/2022 02:01:17.688 - oc_logger - INFO - Function evaluation number: 36, SI: 1, Sub-iteration number: 16, FoM: 0.9592824584833615
06/05/2022 02:01:18.054 - oc_logger - INFO - Function evaluation number: 37, SI: 1, Sub-iteration number: 17, FoM: 0.9595303933608301
06/05/2022 02:01:18.419 - oc_logger - INFO - New record achieved. Previous FoM: 0.9592824584833615, new best FoM : 0.9589335973822939
06/05/2022 02:01:18.419 - oc_logger - INFO - Function evaluation number: 38, SI: 1, Sub-iteration number: 18, FoM: 0.9589335973822939
06/05/2022 02:01:18.782 - oc_logger - INFO - New record achieved. Previous FoM: 0.9589335973822939, new best FoM : 0.9579111337765164
06/05/2022 02:01:18.782 - oc_logger - INFO - Function evaluation number: 39, SI: 1, Sub-iteration number: 18, FoM: 0.9579111337765164
06/05/2022 02:01:19.192 - oc_logger - INFO - New record achieved. Previous FoM: 0.9579111337765164, new best FoM : 0.9570327767764687
06/05/2022 02:01:19.192 - oc_logger - INFO - Function evaluation number: 40, SI: 1, Sub-iteration number: 19, FoM: 0.9570327767764687
06/05/2022 02:01:19.602 - oc_logger - INFO - New record achieved. Previous FoM: 0.9570327767764687, new best FoM : 0.9557854309293297
06/05/2022 02:01:19.602 - oc_logger - INFO - Function evaluation number: 41, SI: 1, Sub-iteration number: 19, FoM: 0.9557854309293297
06/05/2022 02:01:19.968 - oc_logger - INFO - Function evaluation number: 42, SI: 1, Sub-iteration number: 20, FoM: 0.9561585952472276
06/05/2022 02:01:20.386 - oc_logger - INFO - New record achieved. Previous FoM: 0.9557854309293297, new best FoM : 0.9540337813881413
06/05/2022 02:01:20.386 - oc_logger - INFO - Function evaluation number: 43, SI: 1, Sub-iteration number: 21, FoM: 0.9540337813881413
06/05/2022 02:01:20.805 - oc_logger - INFO - New record achieved. Previous FoM: 0.9540337813881413, new best FoM : 0.9525827212164373
06/05/2022 02:01:20.805 - oc_logger - INFO - Function evaluation number: 44, SI: 1, Sub-iteration number: 21, FoM: 0.9525827212164373
06/05/2022 02:01:21.219 - oc_logger - INFO - New record achieved. Previous FoM: 0.9525827212164373, new best FoM : 0.9520512129551311
06/05/2022 02:01:21.219 - oc_logger - INFO - Function evaluation number: 45, SI: 1, Sub-iteration number: 22, FoM: 0.9520512129551311
06/05/2022 02:01:21.632 - oc_logger - INFO - New record achieved. Previous FoM: 0.9520512129551311, new best FoM : 0.9504472240736296
06/05/2022 02:01:21.632 - oc_logger - INFO - Function evaluation number: 46, SI: 1, Sub-iteration number: 22, FoM: 0.9504472240736296
06/05/2022 02:01:21.989 - oc_logger - INFO - New record achieved. Previous FoM: 0.9504472240736296, new best FoM : 0.9502401528859155
06/05/2022 02:01:21.989 - oc_logger - INFO - Function evaluation number: 47, SI: 1, Sub-iteration number: 23, FoM: 0.9502401528859155
06/05/2022 02:01:22.354 - oc_logger - INFO - New record achieved. Previous FoM: 0.9502401528859155, new best FoM : 0.9485591302354172
06/05/2022 02:01:22.355 - oc_logger - INFO - Function evaluation number: 48, SI: 1, Sub-iteration number: 23, FoM: 0.9485591302354172
06/05/2022 02:01:22.706 - oc_logger - INFO - New record achieved. Previous FoM: 0.9485591302354172, new best FoM : 0.9485301044007504
06/05/2022 02:01:22.706 - oc_logger - INFO - Function evaluation number: 49, SI: 1, Sub-iteration number: 24, FoM: 0.9485301044007504
06/05/2022 02:01:23.070 - oc_logger - INFO - New record achieved. Previous FoM: 0.9485301044007504, new best FoM : 0.9468148233249538
06/05/2022 02:01:23.071 - oc_logger - INFO - Function evaluation number: 50, SI: 1, Sub-iteration number: 24, FoM: 0.9468148233249538
06/05/2022 02:01:23.435 - oc_logger - INFO - Function evaluation number: 51, SI: 1, Sub-iteration number: 25, FoM: 0.9471347284993556
06/05/2022 02:01:23.845 - oc_logger - INFO - New record achieved. Previous FoM: 0.9468148233249538, new best FoM : 0.9441460861844062
06/05/2022 02:01:23.845 - oc_logger - INFO - Function evaluation number: 52, SI: 1, Sub-iteration number: 26, FoM: 0.9441460861844062
06/05/2022 02:01:24.206 - oc_logger - INFO - New record achieved. Previous FoM: 0.9441460861844062, new best FoM : 0.9420889169209015
06/05/2022 02:01:24.206 - oc_logger - INFO - Function evaluation number: 53, SI: 1, Sub-iteration number: 26, FoM: 0.9420889169209015
06/05/2022 02:01:24.596 - oc_logger - INFO - New record achieved. Previous FoM: 0.9420889169209015, new best FoM : 0.9415138002279992
06/05/2022 02:01:24.596 - oc_logger - INFO - Function evaluation number: 54, SI: 1, Sub-iteration number: 27, FoM: 0.9415138002279992
06/05/2022 02:01:24.967 - oc_logger - INFO - New record achieved. Previous FoM: 0.9415138002279992, new best FoM : 0.9392781843504187
06/05/2022 02:01:24.967 - oc_logger - INFO - Function evaluation number: 55, SI: 1, Sub-iteration number: 27, FoM: 0.9392781843504187
06/05/2022 02:01:25.334 - oc_logger - INFO - New record achieved. Previous FoM: 0.9392781843504187, new best FoM : 0.9390523529998551
06/05/2022 02:01:25.335 - oc_logger - INFO - Function evaluation number: 56, SI: 1, Sub-iteration number: 28, FoM: 0.9390523529998551
06/05/2022 02:01:25.704 - oc_logger - INFO - New record achieved. Previous FoM: 0.9390523529998551, new best FoM : 0.9367196957709453
06/05/2022 02:01:25.704 - oc_logger - INFO - Function evaluation number: 57, SI: 1, Sub-iteration number: 28, FoM: 0.9367196957709453
06/05/2022 02:01:26.075 - oc_logger - INFO - New record achieved. Previous FoM: 0.9367196957709453, new best FoM : 0.9343218655382615
06/05/2022 02:01:26.075 - oc_logger - INFO - Function evaluation number: 58, SI: 1, Sub-iteration number: 29, FoM: 0.9343218655382615
06/05/2022 02:01:26.481 - oc_logger - INFO - New record achieved. Previous FoM: 0.9343218655382615, new best FoM : 0.9313507489987836
06/05/2022 02:01:26.481 - oc_logger - INFO - Function evaluation number: 59, SI: 1, Sub-iteration number: 29, FoM: 0.9313507489987836
06/05/2022 02:01:26.822 - oc_logger - INFO - Function evaluation number: 60, SI: 1, Sub-iteration number: 30, FoM: 0.9324674359234827
06/05/2022 02:01:27.215 - oc_logger - INFO - New record achieved. Previous FoM: 0.9313507489987836, new best FoM : 0.9301359561526714
06/05/2022 02:01:27.215 - oc_logger - INFO - Function evaluation number: 61, SI: 1, Sub-iteration number: 31, FoM: 0.9301359561526714
06/05/2022 02:01:27.642 - oc_logger - INFO - New record achieved. Previous FoM: 0.9301359561526714, new best FoM : 0.9273637719586192
06/05/2022 02:01:27.642 - oc_logger - INFO - Function evaluation number: 62, SI: 1, Sub-iteration number: 31, FoM: 0.9273637719586192
06/05/2022 02:01:28.024 - oc_logger - INFO - New record achieved. Previous FoM: 0.9273637719586192, new best FoM : 0.9266780933053999
06/05/2022 02:01:28.024 - oc_logger - INFO - Function evaluation number: 63, SI: 1, Sub-iteration number: 32, FoM: 0.9266780933053999
06/05/2022 02:01:28.442 - oc_logger - INFO - New record achieved. Previous FoM: 0.9266780933053999, new best FoM : 0.9236860766804513
06/05/2022 02:01:28.442 - oc_logger - INFO - Function evaluation number: 64, SI: 1, Sub-iteration number: 32, FoM: 0.9236860766804513
06/05/2022 02:01:28.797 - oc_logger - INFO - New record achieved. Previous FoM: 0.9236860766804513, new best FoM : 0.922032367624954
06/05/2022 02:01:28.797 - oc_logger - INFO - Function evaluation number: 65, SI: 1, Sub-iteration number: 33, FoM: 0.922032367624954
06/05/2022 02:01:29.155 - oc_logger - INFO - New record achieved. Previous FoM: 0.922032367624954, new best FoM : 0.9185732851414913
06/05/2022 02:01:29.155 - oc_logger - INFO - Function evaluation number: 66, SI: 1, Sub-iteration number: 33, FoM: 0.9185732851414913
06/05/2022 02:01:29.526 - oc_logger - INFO - New record achieved. Previous FoM: 0.9185732851414913, new best FoM : 0.9146517528348695
06/05/2022 02:01:29.526 - oc_logger - INFO - Function evaluation number: 67, SI: 1, Sub-iteration number: 34, FoM: 0.9146517528348695
06/05/2022 02:01:29.922 - oc_logger - INFO - New record achieved. Previous FoM: 0.9146517528348695, new best FoM : 0.9101376853190597
06/05/2022 02:01:29.922 - oc_logger - INFO - Function evaluation number: 68, SI: 1, Sub-iteration number: 34, FoM: 0.9101376853190597
06/05/2022 02:01:30.371 - oc_logger - INFO - Function evaluation number: 69, SI: 1, Sub-iteration number: 35, FoM: 0.9118284525393356
06/05/2022 02:01:30.803 - oc_logger - INFO - New record achieved. Previous FoM: 0.9101376853190597, new best FoM : 0.9077266065136937
06/05/2022 02:01:30.803 - oc_logger - INFO - Function evaluation number: 70, SI: 1, Sub-iteration number: 36, FoM: 0.9077266065136937
06/05/2022 02:01:31.252 - oc_logger - INFO - New record achieved. Previous FoM: 0.9077266065136937, new best FoM : 0.9033620302106253
06/05/2022 02:01:31.252 - oc_logger - INFO - Function evaluation number: 71, SI: 1, Sub-iteration number: 36, FoM: 0.9033620302106253
06/05/2022 02:01:31.678 - oc_logger - INFO - New record achieved. Previous FoM: 0.9033620302106253, new best FoM : 0.9017882791419086
06/05/2022 02:01:31.678 - oc_logger - INFO - Function evaluation number: 72, SI: 1, Sub-iteration number: 37, FoM: 0.9017882791419086
06/05/2022 02:01:32.066 - oc_logger - INFO - New record achieved. Previous FoM: 0.9017882791419086, new best FoM : 0.896944020756253
06/05/2022 02:01:32.066 - oc_logger - INFO - Function evaluation number: 73, SI: 1, Sub-iteration number: 37, FoM: 0.896944020756253
06/05/2022 02:01:32.423 - oc_logger - INFO - Function evaluation number: 74, SI: 1, Sub-iteration number: 38, FoM: 0.8973581989298876
06/05/2022 02:01:32.829 - oc_logger - INFO - New record achieved. Previous FoM: 0.896944020756253, new best FoM : 0.8893149675478255
06/05/2022 02:01:32.829 - oc_logger - INFO - Function evaluation number: 75, SI: 1, Sub-iteration number: 39, FoM: 0.8893149675478255
06/05/2022 02:01:33.269 - oc_logger - INFO - New record achieved. Previous FoM: 0.8893149675478255, new best FoM : 0.8834539961556784
06/05/2022 02:01:33.269 - oc_logger - INFO - Function evaluation number: 76, SI: 1, Sub-iteration number: 39, FoM: 0.8834539961556784
06/05/2022 02:01:33.704 - oc_logger - INFO - New record achieved. Previous FoM: 0.8834539961556784, new best FoM : 0.882264379547409
06/05/2022 02:01:33.705 - oc_logger - INFO - Function evaluation number: 77, SI: 1, Sub-iteration number: 40, FoM: 0.882264379547409
06/05/2022 02:01:34.121 - oc_logger - INFO - New record achieved. Previous FoM: 0.882264379547409, new best FoM : 0.8759808444300727
06/05/2022 02:01:34.121 - oc_logger - INFO - Function evaluation number: 78, SI: 1, Sub-iteration number: 40, FoM: 0.8759808444300727
06/05/2022 02:01:34.543 - oc_logger - INFO - New record achieved. Previous FoM: 0.8759808444300727, new best FoM : 0.8737767496483511
06/05/2022 02:01:34.543 - oc_logger - INFO - Function evaluation number: 79, SI: 1, Sub-iteration number: 41, FoM: 0.8737767496483511
06/05/2022 02:01:34.908 - oc_logger - INFO - New record achieved. Previous FoM: 0.8737767496483511, new best FoM : 0.8668105777181384
06/05/2022 02:01:34.908 - oc_logger - INFO - Function evaluation number: 80, SI: 1, Sub-iteration number: 41, FoM: 0.8668105777181384
06/05/2022 02:01:35.339 - oc_logger - INFO - New record achieved. Previous FoM: 0.8668105777181384, new best FoM : 0.86602697574238
06/05/2022 02:01:35.339 - oc_logger - INFO - Function evaluation number: 81, SI: 1, Sub-iteration number: 42, FoM: 0.86602697574238
06/05/2022 02:01:35.754 - oc_logger - INFO - New record achieved. Previous FoM: 0.86602697574238, new best FoM : 0.8587234504416876
06/05/2022 02:01:35.754 - oc_logger - INFO - Function evaluation number: 82, SI: 1, Sub-iteration number: 42, FoM: 0.8587234504416876
06/05/2022 02:01:36.122 - oc_logger - INFO - Function evaluation number: 83, SI: 1, Sub-iteration number: 43, FoM: 0.8599594219193272
06/05/2022 02:01:36.489 - oc_logger - INFO - New record achieved. Previous FoM: 0.8587234504416876, new best FoM : 0.8481783356569381
06/05/2022 02:01:36.489 - oc_logger - INFO - Function evaluation number: 84, SI: 1, Sub-iteration number: 44, FoM: 0.8481783356569381
06/05/2022 02:01:36.859 - oc_logger - INFO - New record achieved. Previous FoM: 0.8481783356569381, new best FoM : 0.8395827193105756
06/05/2022 02:01:36.859 - oc_logger - INFO - Function evaluation number: 85, SI: 1, Sub-iteration number: 44, FoM: 0.8395827193105756
06/05/2022 02:01:37.232 - oc_logger - INFO - New record achieved. Previous FoM: 0.8395827193105756, new best FoM : 0.839251265793397
06/05/2022 02:01:37.232 - oc_logger - INFO - Function evaluation number: 86, SI: 1, Sub-iteration number: 45, FoM: 0.839251265793397
06/05/2022 02:01:37.660 - oc_logger - INFO - New record achieved. Previous FoM: 0.839251265793397, new best FoM : 0.830459313145715
06/05/2022 02:01:37.660 - oc_logger - INFO - Function evaluation number: 87, SI: 1, Sub-iteration number: 45, FoM: 0.830459313145715
06/05/2022 02:01:38.055 - oc_logger - INFO - New record achieved. Previous FoM: 0.830459313145715, new best FoM : 0.8284458899129179
06/05/2022 02:01:38.055 - oc_logger - INFO - Function evaluation number: 88, SI: 1, Sub-iteration number: 46, FoM: 0.8284458899129179
06/05/2022 02:01:38.491 - oc_logger - INFO - New record achieved. Previous FoM: 0.8284458899129179, new best FoM : 0.8203695424438178
06/05/2022 02:01:38.491 - oc_logger - INFO - Function evaluation number: 89, SI: 1, Sub-iteration number: 46, FoM: 0.8203695424438178
06/05/2022 02:01:38.929 - oc_logger - INFO - New record achieved. Previous FoM: 0.8203695424438178, new best FoM : 0.8152029222710719
06/05/2022 02:01:38.929 - oc_logger - INFO - Function evaluation number: 90, SI: 1, Sub-iteration number: 47, FoM: 0.8152029222710719
06/05/2022 02:01:39.350 - oc_logger - INFO - New record achieved. Previous FoM: 0.8152029222710719, new best FoM : 0.8138354452346107
06/05/2022 02:01:39.350 - oc_logger - INFO - Function evaluation number: 91, SI: 1, Sub-iteration number: 47, FoM: 0.8138354452346107
06/05/2022 02:01:39.769 - oc_logger - INFO - Function evaluation number: 92, SI: 1, Sub-iteration number: 48, FoM: 0.8141595314193791
06/05/2022 02:01:40.187 - oc_logger - INFO - Function evaluation number: 93, SI: 1, Sub-iteration number: 49, FoM: 0.8138354452346107
06/05/2022 02:01:40.556 - oc_logger - INFO - Function evaluation number: 94, SI: 1, Sub-iteration number: 50, FoM: 0.8138354452346107
06/05/2022 02:01:40.877 - oc_logger - INFO - Function evaluation number: 95, SI: 1, Sub-iteration number: 51, FoM: 0.8138354452346107
06/05/2022 02:01:41.222 - oc_logger - INFO - Function evaluation number: 96, SI: 1, Sub-iteration number: 52, FoM: 0.8138354452346107
06/05/2022 02:01:41.500 - oc_logger - INFO - Function evaluation number: 97, SI: 1, Sub-iteration number: 53, FoM: 0.8138354452346107
06/05/2022 02:01:41.840 - oc_logger - INFO - Function evaluation number: 98, SI: 1, Sub-iteration number: 54, FoM: 0.8138354452346107
06/05/2022 02:01:42.185 - oc_logger - INFO - Function evaluation number: 99, SI: 1, Sub-iteration number: 55, FoM: 0.8138354452346107
06/05/2022 02:01:42.185 - oc_logger - INFO - SI 1 finished - Number of evaluations: 99, Best FoM: 0.8138354452346107, Terminate reason: Convergence of the FoM.

06/05/2022 02:01:42.185 - oc_logger - INFO - Direct search start time has been reset.
06/05/2022 02:01:42.533 - oc_logger - INFO - Function evaluation number: 100, SI: 2, Sub-iteration number: 0, FoM: 0.8138354452346107
06/05/2022 02:01:42.876 - oc_logger - INFO - Function evaluation number: 101, SI: 2, Sub-iteration number: 0, FoM: 0.8138354452346107
06/05/2022 02:01:43.220 - oc_logger - INFO - Function evaluation number: 102, SI: 2, Sub-iteration number: 0, FoM: 0.8138354452346107
06/05/2022 02:01:43.587 - oc_logger - INFO - Function evaluation number: 103, SI: 2, Sub-iteration number: 0, FoM: 0.8138354452346107
06/05/2022 02:01:43.977 - oc_logger - INFO - Function evaluation number: 104, SI: 2, Sub-iteration number: 0, FoM: 0.8138354452346107
06/05/2022 02:01:44.368 - oc_logger - INFO - Function evaluation number: 105, SI: 2, Sub-iteration number: 0, FoM: 0.8138354452346107
06/05/2022 02:01:44.754 - oc_logger - INFO - Function evaluation number: 106, SI: 2, Sub-iteration number: 0, FoM: 0.8138354452346107
06/05/2022 02:01:45.144 - oc_logger - INFO - Function evaluation number: 107, SI: 2, Sub-iteration number: 0, FoM: 0.8138354452346107
06/05/2022 02:01:45.532 - oc_logger - INFO - Function evaluation number: 108, SI: 2, Sub-iteration number: 0, FoM: 0.8138354452346107
06/05/2022 02:01:45.921 - oc_logger - INFO - Function evaluation number: 109, SI: 2, Sub-iteration number: 1, FoM: 0.8138354452346107
06/05/2022 02:01:46.337 - oc_logger - INFO - Function evaluation number: 110, SI: 2, Sub-iteration number: 1, FoM: 0.8138354452346107
06/05/2022 02:01:46.751 - oc_logger - INFO - Function evaluation number: 111, SI: 2, Sub-iteration number: 1, FoM: 0.8138354452346107
06/05/2022 02:01:47.164 - oc_logger - INFO - Function evaluation number: 112, SI: 2, Sub-iteration number: 1, FoM: 0.8138354452346107
06/05/2022 02:01:47.583 - oc_logger - INFO - Function evaluation number: 113, SI: 2, Sub-iteration number: 1, FoM: 0.8138354452346107
06/05/2022 02:01:48.001 - oc_logger - INFO - Function evaluation number: 114, SI: 2, Sub-iteration number: 1, FoM: 0.8138354452346107
06/05/2022 02:01:48.417 - oc_logger - INFO - Function evaluation number: 115, SI: 2, Sub-iteration number: 1, FoM: 0.8138354452346107
06/05/2022 02:01:48.832 - oc_logger - INFO - Function evaluation number: 116, SI: 2, Sub-iteration number: 1, FoM: 0.8138354452346107
06/05/2022 02:01:49.200 - oc_logger - INFO - Function evaluation number: 117, SI: 2, Sub-iteration number: 1, FoM: 0.8138354452346107
06/05/2022 02:01:49.567 - oc_logger - INFO - Function evaluation number: 118, SI: 2, Sub-iteration number: 1, FoM: 0.8138354452346107
06/05/2022 02:01:49.568 - oc_logger - INFO - SI 2 finished - Number of evaluations: 19, Best FoM: 0.8138354452346107, Terminate reason: Convergence of the FoM.

06/05/2022 02:01:49.569 - oc_logger - INFO - Direct search start time has been reset.
06/05/2022 02:01:49.937 - oc_logger - INFO - Function evaluation number: 119, SI: 3, Sub-iteration number: 0, FoM: 0.8138354452346107
06/05/2022 02:01:50.307 - oc_logger - INFO - Function evaluation number: 120, SI: 3, Sub-iteration number: 0, FoM: 0.8138354452346107
06/05/2022 02:01:50.750 - oc_logger - INFO - Function evaluation number: 121, SI: 3, Sub-iteration number: 0, FoM: 0.8138354452346107
06/05/2022 02:01:51.191 - oc_logger - INFO - Function evaluation number: 122, SI: 3, Sub-iteration number: 0, FoM: 0.8138354452346107
06/05/2022 02:01:51.623 - oc_logger - INFO - Function evaluation number: 123, SI: 3, Sub-iteration number: 0, FoM: 0.8138354452346107
06/05/2022 02:01:52.042 - oc_logger - INFO - Function evaluation number: 124, SI: 3, Sub-iteration number: 0, FoM: 0.8138354452346107
06/05/2022 02:01:52.398 - oc_logger - INFO - Function evaluation number: 125, SI: 3, Sub-iteration number: 0, FoM: 0.8138354452346107
06/05/2022 02:01:52.764 - oc_logger - INFO - Function evaluation number: 126, SI: 3, Sub-iteration number: 0, FoM: 0.8138354452346107
06/05/2022 02:01:53.131 - oc_logger - INFO - Function evaluation number: 127, SI: 3, Sub-iteration number: 0, FoM: 0.8138354452346107
06/05/2022 02:01:53.495 - oc_logger - INFO - Function evaluation number: 128, SI: 3, Sub-iteration number: 1, FoM: 0.8138354452346107
06/05/2022 02:01:53.860 - oc_logger - INFO - Function evaluation number: 129, SI: 3, Sub-iteration number: 1, FoM: 0.8138354452346107
06/05/2022 02:01:54.225 - oc_logger - INFO - Function evaluation number: 130, SI: 3, Sub-iteration number: 1, FoM: 0.8138354452346107
06/05/2022 02:01:54.589 - oc_logger - INFO - Function evaluation number: 131, SI: 3, Sub-iteration number: 1, FoM: 0.8138354452346107
06/05/2022 02:01:54.942 - oc_logger - INFO - Function evaluation number: 132, SI: 3, Sub-iteration number: 1, FoM: 0.8138354452346107
06/05/2022 02:01:55.336 - oc_logger - INFO - Function evaluation number: 133, SI: 3, Sub-iteration number: 1, FoM: 0.8138354452346107
06/05/2022 02:01:55.752 - oc_logger - INFO - Function evaluation number: 134, SI: 3, Sub-iteration number: 1, FoM: 0.8138354452346107
06/05/2022 02:01:56.072 - oc_logger - INFO - Function evaluation number: 135, SI: 3, Sub-iteration number: 1, FoM: 0.8138354452346107
06/05/2022 02:01:56.384 - oc_logger - INFO - Function evaluation number: 136, SI: 3, Sub-iteration number: 1, FoM: 0.8138354452346107
06/05/2022 02:01:56.751 - oc_logger - INFO - Function evaluation number: 137, SI: 3, Sub-iteration number: 1, FoM: 0.8138354452346107
06/05/2022 02:01:56.751 - oc_logger - INFO - SI 3 finished - Number of evaluations: 19, Best FoM: 0.8138354452346107, Terminate reason: Convergence of the FoM.

06/05/2022 02:01:56.751 - oc_logger - INFO - Figure of merit : 0.8138354452346107
06/05/2022 02:01:56.751 - oc_logger - INFO - Std : 0.0
06/05/2022 02:01:56.751 - oc_logger - INFO - total number of function evaluations : 137
06/05/2022 02:01:56.751 - oc_logger - INFO - dcrab_freq_list : [array([[0.00770258, 0.09885286, 0.13159689, 0.16706656]]), array([[0.02214372, 0.07337686, 0.10178939, 0.17490709]]), array([[0.03717521, 0.07368954, 0.10910995, 0.17417453]])]
06/05/2022 02:01:56.751 - oc_logger - INFO - dcrab_para_list : [array([-5.31189328,  6.42983502, -0.23490375,  1.1573149 ,  1.67295206,
        4.82061209,  0.09536151,  1.05588558]), array([0., 0., 0., 0., 0., 0., 0., 0.]), array([0., 0., 0., 0., 0., 0., 0., 0.])]
06/05/2022 02:01:56.751 - oc_logger - INFO - terminate_reason : Convergence of the FoM.
