06/08/2022 09:30:07.158 - oc_logger - INFO - The optimization direction is minimization
06/08/2022 09:30:07.159 - oc_logger - INFO - QuOCS version number: 0.0.22
06/08/2022 09:30:07.203 - oc_logger - INFO - Function evaluation number: 1, FoM: 0.59368752477903
06/08/2022 09:30:07.228 - oc_logger - INFO - Function evaluation number: 2, FoM: 0.5491165234940982
06/08/2022 09:30:07.247 - oc_logger - INFO - Function evaluation number: 3, FoM: 0.6078803961201225
06/08/2022 09:30:07.265 - oc_logger - INFO - Function evaluation number: 4, FoM: 0.5301427488152555
06/08/2022 09:30:07.282 - oc_logger - INFO - Function evaluation number: 5, FoM: 0.481466054258715
06/08/2022 09:30:07.297 - oc_logger - INFO - Function evaluation number: 6, FoM: 0.41935090066748926
06/08/2022 09:30:07.310 - oc_logger - INFO - Function evaluation number: 7, FoM: 0.3098563865356333
06/08/2022 09:30:07.325 - oc_logger - INFO - Function evaluation number: 8, FoM: 0.22422673204088217
06/08/2022 09:30:07.338 - oc_logger - INFO - Function evaluation number: 9, FoM: 0.06368856616879992
06/08/2022 09:30:07.355 - oc_logger - INFO - Function evaluation number: 10, FoM: 0.04705980191245818
06/08/2022 09:30:07.373 - oc_logger - INFO - Function evaluation number: 11, FoM: 0.036708492857272956
06/08/2022 09:30:07.393 - oc_logger - INFO - Function evaluation number: 12, FoM: 0.15383315277649567
06/08/2022 09:30:07.411 - oc_logger - INFO - Function evaluation number: 13, FoM: 0.032988474231379294
06/08/2022 09:30:07.431 - oc_logger - INFO - Function evaluation number: 14, FoM: 0.387377774851855
06/08/2022 09:30:07.448 - oc_logger - INFO - Function evaluation number: 15, FoM: 0.06757180658614814
06/08/2022 09:30:07.469 - oc_logger - INFO - Function evaluation number: 16, FoM: 0.03486844502483977
06/08/2022 09:30:07.490 - oc_logger - INFO - Function evaluation number: 17, FoM: 0.06790943726680321
06/08/2022 09:30:07.509 - oc_logger - INFO - Function evaluation number: 18, FoM: 0.14674269239063253
06/08/2022 09:30:07.528 - oc_logger - INFO - Function evaluation number: 19, FoM: 0.07231553000933522
06/08/2022 09:30:07.547 - oc_logger - INFO - Function evaluation number: 20, FoM: 0.03393343817006711
06/08/2022 09:30:07.565 - oc_logger - INFO - Function evaluation number: 21, FoM: 0.07215163579225137
06/08/2022 09:30:07.584 - oc_logger - INFO - Function evaluation number: 22, FoM: 0.04297527218335573
06/08/2022 09:30:07.602 - oc_logger - INFO - Function evaluation number: 23, FoM: 0.0005435543119280961
06/08/2022 09:30:07.622 - oc_logger - INFO - Function evaluation number: 24, FoM: 0.0017599692837843017
06/08/2022 09:30:07.642 - oc_logger - INFO - Function evaluation number: 25, FoM: 0.04369692312269058
06/08/2022 09:30:07.660 - oc_logger - INFO - Function evaluation number: 26, FoM: 0.017043971560018356
06/08/2022 09:30:07.681 - oc_logger - INFO - Function evaluation number: 27, FoM: 0.021450832533792763
06/08/2022 09:30:07.702 - oc_logger - INFO - Function evaluation number: 28, FoM: 0.008219270741226747
06/08/2022 09:30:07.720 - oc_logger - INFO - Function evaluation number: 29, FoM: 0.011047180757925767
06/08/2022 09:30:07.739 - oc_logger - INFO - Function evaluation number: 30, FoM: 0.0036013290633203354
06/08/2022 09:30:07.757 - oc_logger - INFO - Function evaluation number: 31, FoM: 0.0060342790031546745
06/08/2022 09:30:07.776 - oc_logger - INFO - Function evaluation number: 32, FoM: 0.001241952918588085
06/08/2022 09:30:07.793 - oc_logger - INFO - Function evaluation number: 33, FoM: 0.002438213445647097
06/08/2022 09:30:07.811 - oc_logger - INFO - Function evaluation number: 34, FoM: 0.0007010285708537456
06/08/2022 09:30:07.831 - oc_logger - INFO - Function evaluation number: 35, FoM: 0.002506815872842516
06/08/2022 09:30:07.848 - oc_logger - INFO - Function evaluation number: 36, FoM: 0.00031244095637616986
06/08/2022 09:30:07.869 - oc_logger - INFO - Function evaluation number: 37, FoM: 0.00046906914830247004
06/08/2022 09:30:07.892 - oc_logger - INFO - Function evaluation number: 38, FoM: 0.0013201078188977977
06/08/2022 09:30:07.912 - oc_logger - INFO - Function evaluation number: 39, FoM: 7.571482795576401e-05
06/08/2022 09:30:07.933 - oc_logger - INFO - Function evaluation number: 40, FoM: 0.00023294326883149807
06/08/2022 09:30:07.950 - oc_logger - INFO - Function evaluation number: 41, FoM: 0.0006222029342950464
06/08/2022 09:30:07.970 - oc_logger - INFO - Function evaluation number: 42, FoM: 7.926041467887224e-05
06/08/2022 09:30:07.989 - oc_logger - INFO - Function evaluation number: 43, FoM: 0.00023601188469890566
06/08/2022 09:30:08.006 - oc_logger - INFO - Function evaluation number: 44, FoM: 0.00011549055411719245
06/08/2022 09:30:08.025 - oc_logger - INFO - Function evaluation number: 45, FoM: 0.00011898705202528781
06/08/2022 09:30:08.047 - oc_logger - INFO - Function evaluation number: 46, FoM: 5.681766915222042e-05
06/08/2022 09:30:08.065 - oc_logger - INFO - Function evaluation number: 47, FoM: 0.00021196906448506248
06/08/2022 09:30:08.087 - oc_logger - INFO - Function evaluation number: 48, FoM: 6.532237847078903e-06
06/08/2022 09:30:08.104 - oc_logger - INFO - Function evaluation number: 49, FoM: 2.5295416848702956e-05
06/08/2022 09:30:08.127 - oc_logger - INFO - Function evaluation number: 50, FoM: 8.86275428939598e-05
06/08/2022 09:30:08.150 - oc_logger - INFO - Function evaluation number: 51, FoM: 2.0436572819471088e-05
06/08/2022 09:30:08.169 - oc_logger - INFO - Function evaluation number: 52, FoM: 3.9301747459252745e-05
06/08/2022 09:30:08.189 - oc_logger - INFO - Function evaluation number: 53, FoM: 9.18589141885029e-06
06/08/2022 09:30:08.190 - oc_logger - INFO - Figure of merit : 6.532237847078903e-06
06/08/2022 09:30:08.190 - oc_logger - INFO - parameters : [ 6.93347815 -1.85037948]
06/08/2022 09:30:08.190 - oc_logger - INFO - terminate_reason : Convergence of the simplex.
