06/05/2022 01:46:58.213 - oc_logger - INFO - The optimization direction is minimization
06/05/2022 01:46:58.215 - oc_logger - INFO - QuOCS version number: 0.0.22
06/05/2022 01:46:58.215 - oc_logger - INFO - Direct search start time has been reset.
06/05/2022 01:46:58.321 - oc_logger - INFO - New record achieved. Previous FoM: 10000000000.0, new best FoM : 0.0020709753479420945
06/05/2022 01:46:58.322 - oc_logger - INFO - Function evaluation number: 1, SI: 1, Sub-iteration number: 0, FoM: 0.0020709753479420945
06/05/2022 01:46:58.453 - oc_logger - INFO - Function evaluation number: 2, SI: 1, Sub-iteration number: 0, FoM: 0.002078142397162197
06/05/2022 01:46:58.583 - oc_logger - INFO - Function evaluation number: 3, SI: 1, Sub-iteration number: 0, FoM: 0.0021059303876233004
06/05/2022 01:46:58.703 - oc_logger - INFO - New record achieved. Previous FoM: 0.0020709753479420945, new best FoM : 0.0020705030218145515
06/05/2022 01:46:58.703 - oc_logger - INFO - Function evaluation number: 4, SI: 1, Sub-iteration number: 0, FoM: 0.0020705030218145515
06/05/2022 01:46:58.832 - oc_logger - INFO - Function evaluation number: 5, SI: 1, Sub-iteration number: 0, FoM: 0.0020711682895809824
06/05/2022 01:46:58.955 - oc_logger - INFO - Function evaluation number: 6, SI: 1, Sub-iteration number: 0, FoM: 0.0020879702545095746
06/05/2022 01:46:59.080 - oc_logger - INFO - Function evaluation number: 7, SI: 1, Sub-iteration number: 0, FoM: 0.0020777415236711283
06/05/2022 01:46:59.201 - oc_logger - INFO - Function evaluation number: 8, SI: 1, Sub-iteration number: 0, FoM: 0.002072459667667559
06/05/2022 01:46:59.321 - oc_logger - INFO - Function evaluation number: 9, SI: 1, Sub-iteration number: 0, FoM: 0.002072169404832014
06/05/2022 01:46:59.441 - oc_logger - INFO - Function evaluation number: 10, SI: 1, Sub-iteration number: 1, FoM: 0.002120517630755714
06/05/2022 01:46:59.557 - oc_logger - INFO - Function evaluation number: 11, SI: 1, Sub-iteration number: 1, FoM: 0.002086082313623394
06/05/2022 01:46:59.677 - oc_logger - INFO - Function evaluation number: 12, SI: 1, Sub-iteration number: 2, FoM: 0.0020964238777402278
06/05/2022 01:46:59.802 - oc_logger - INFO - Function evaluation number: 13, SI: 1, Sub-iteration number: 2, FoM: 0.0020781981508783964
06/05/2022 01:46:59.925 - oc_logger - INFO - Function evaluation number: 14, SI: 1, Sub-iteration number: 3, FoM: 0.0020926156024489995
06/05/2022 01:47:00.055 - oc_logger - INFO - Function evaluation number: 15, SI: 1, Sub-iteration number: 3, FoM: 0.0020774791680900906
06/05/2022 01:47:00.188 - oc_logger - INFO - Function evaluation number: 16, SI: 1, Sub-iteration number: 4, FoM: 0.0020816904748073295
06/05/2022 01:47:00.314 - oc_logger - INFO - Function evaluation number: 17, SI: 1, Sub-iteration number: 4, FoM: 0.002074048224956382
06/05/2022 01:47:00.445 - oc_logger - INFO - Function evaluation number: 18, SI: 1, Sub-iteration number: 5, FoM: 0.0020813347750168187
06/05/2022 01:47:00.569 - oc_logger - INFO - Function evaluation number: 19, SI: 1, Sub-iteration number: 5, FoM: 0.0020740479776361065
06/05/2022 01:47:00.696 - oc_logger - INFO - Function evaluation number: 20, SI: 1, Sub-iteration number: 6, FoM: 0.0020807670253921717
06/05/2022 01:47:00.822 - oc_logger - INFO - Function evaluation number: 21, SI: 1, Sub-iteration number: 6, FoM: 0.002073873984243746
06/05/2022 01:47:00.979 - oc_logger - INFO - Function evaluation number: 22, SI: 1, Sub-iteration number: 7, FoM: 0.0020804890391949993
06/05/2022 01:47:01.121 - oc_logger - INFO - Function evaluation number: 23, SI: 1, Sub-iteration number: 7, FoM: 0.0020737524147621533
06/05/2022 01:47:01.246 - oc_logger - INFO - Function evaluation number: 24, SI: 1, Sub-iteration number: 8, FoM: 0.0020754555402129338
06/05/2022 01:47:01.373 - oc_logger - INFO - Function evaluation number: 25, SI: 1, Sub-iteration number: 8, FoM: 0.0020722834984285843
06/05/2022 01:47:01.502 - oc_logger - INFO - Function evaluation number: 26, SI: 1, Sub-iteration number: 9, FoM: 0.002075539373326718
06/05/2022 01:47:01.622 - oc_logger - INFO - Function evaluation number: 27, SI: 1, Sub-iteration number: 9, FoM: 0.0020722765324792114
06/05/2022 01:47:01.743 - oc_logger - INFO - Function evaluation number: 28, SI: 1, Sub-iteration number: 10, FoM: 0.00207502330090803
06/05/2022 01:47:01.863 - oc_logger - INFO - Function evaluation number: 29, SI: 1, Sub-iteration number: 10, FoM: 0.0020722237788484144
06/05/2022 01:47:01.987 - oc_logger - INFO - Function evaluation number: 30, SI: 1, Sub-iteration number: 11, FoM: 0.00207519155373459
06/05/2022 01:47:02.116 - oc_logger - INFO - Function evaluation number: 31, SI: 1, Sub-iteration number: 11, FoM: 0.0020721422211148477
06/05/2022 01:47:02.116 - oc_logger - INFO - SI 1 finished - Number of evaluations: 31, Best FoM: 0.0020705030218145515, Terminate reason: Convergence of the FoM.

06/05/2022 01:47:02.116 - oc_logger - INFO - Direct search start time has been reset.
06/05/2022 01:47:02.243 - oc_logger - INFO - Function evaluation number: 32, SI: 2, Sub-iteration number: 0, FoM: 0.0020705030218145515
06/05/2022 01:47:02.367 - oc_logger - INFO - Function evaluation number: 33, SI: 2, Sub-iteration number: 0, FoM: 0.0020715397297106364
06/05/2022 01:47:02.499 - oc_logger - INFO - Function evaluation number: 34, SI: 2, Sub-iteration number: 0, FoM: 0.0021215021386967736
06/05/2022 01:47:02.626 - oc_logger - INFO - Function evaluation number: 35, SI: 2, Sub-iteration number: 0, FoM: 0.0020946205306406895
06/05/2022 01:47:02.751 - oc_logger - INFO - Function evaluation number: 36, SI: 2, Sub-iteration number: 0, FoM: 0.002071846143167577
06/05/2022 01:47:02.875 - oc_logger - INFO - Function evaluation number: 37, SI: 2, Sub-iteration number: 0, FoM: 0.0020724836497419963
06/05/2022 01:47:02.999 - oc_logger - INFO - Function evaluation number: 38, SI: 2, Sub-iteration number: 0, FoM: 0.0020769150273863834
06/05/2022 01:47:03.121 - oc_logger - INFO - Function evaluation number: 39, SI: 2, Sub-iteration number: 0, FoM: 0.0020709776183807094
06/05/2022 01:47:03.247 - oc_logger - INFO - Function evaluation number: 40, SI: 2, Sub-iteration number: 0, FoM: 0.002070728516903153
06/05/2022 01:47:03.366 - oc_logger - INFO - Function evaluation number: 41, SI: 2, Sub-iteration number: 1, FoM: 0.002118119417654052
06/05/2022 01:47:03.489 - oc_logger - INFO - Function evaluation number: 42, SI: 2, Sub-iteration number: 1, FoM: 0.0020925938037617
06/05/2022 01:47:03.614 - oc_logger - INFO - Function evaluation number: 43, SI: 2, Sub-iteration number: 2, FoM: 0.0021205608097223383
06/05/2022 01:47:03.733 - oc_logger - INFO - Function evaluation number: 44, SI: 2, Sub-iteration number: 2, FoM: 0.0020796731234173915
06/05/2022 01:47:03.856 - oc_logger - INFO - Function evaluation number: 45, SI: 2, Sub-iteration number: 3, FoM: 0.002090489372590043
06/05/2022 01:47:03.967 - oc_logger - INFO - Function evaluation number: 46, SI: 2, Sub-iteration number: 3, FoM: 0.0020796701064722534
06/05/2022 01:47:04.080 - oc_logger - INFO - Function evaluation number: 47, SI: 2, Sub-iteration number: 4, FoM: 0.002081046632115391
06/05/2022 01:47:04.205 - oc_logger - INFO - Function evaluation number: 48, SI: 2, Sub-iteration number: 4, FoM: 0.002074634245356588
06/05/2022 01:47:04.329 - oc_logger - INFO - Function evaluation number: 49, SI: 2, Sub-iteration number: 5, FoM: 0.0020827919081916058
06/05/2022 01:47:04.455 - oc_logger - INFO - Function evaluation number: 50, SI: 2, Sub-iteration number: 5, FoM: 0.0020744692383368735
06/05/2022 01:47:04.570 - oc_logger - INFO - Function evaluation number: 51, SI: 2, Sub-iteration number: 6, FoM: 0.0020796114056865767
06/05/2022 01:47:04.684 - oc_logger - INFO - Function evaluation number: 52, SI: 2, Sub-iteration number: 6, FoM: 0.002073211092148086
06/05/2022 01:47:04.800 - oc_logger - INFO - Function evaluation number: 53, SI: 2, Sub-iteration number: 7, FoM: 0.002075711099323807
06/05/2022 01:47:04.929 - oc_logger - INFO - Function evaluation number: 54, SI: 2, Sub-iteration number: 7, FoM: 0.0020722771798216133
06/05/2022 01:47:05.051 - oc_logger - INFO - Function evaluation number: 55, SI: 2, Sub-iteration number: 8, FoM: 0.0020763332616189345
06/05/2022 01:47:05.175 - oc_logger - INFO - Function evaluation number: 56, SI: 2, Sub-iteration number: 8, FoM: 0.002072129808815437
06/05/2022 01:47:05.295 - oc_logger - INFO - Function evaluation number: 57, SI: 2, Sub-iteration number: 9, FoM: 0.0020736154770834014
06/05/2022 01:47:05.415 - oc_logger - INFO - Function evaluation number: 58, SI: 2, Sub-iteration number: 9, FoM: 0.0020716616737727067
06/05/2022 01:47:05.415 - oc_logger - INFO - SI 2 finished - Number of evaluations: 27, Best FoM: 0.0020705030218145515, Terminate reason: Convergence of the FoM.

06/05/2022 01:47:05.416 - oc_logger - INFO - Direct search start time has been reset.
06/05/2022 01:47:05.540 - oc_logger - INFO - Function evaluation number: 59, SI: 3, Sub-iteration number: 0, FoM: 0.0020705030218145515
06/05/2022 01:47:05.665 - oc_logger - INFO - Function evaluation number: 60, SI: 3, Sub-iteration number: 0, FoM: 0.002076897833815261
06/05/2022 01:47:05.797 - oc_logger - INFO - Function evaluation number: 61, SI: 3, Sub-iteration number: 0, FoM: 0.0020741393914792683
06/05/2022 01:47:05.930 - oc_logger - INFO - Function evaluation number: 62, SI: 3, Sub-iteration number: 0, FoM: 0.002129562100510296
06/05/2022 01:47:06.048 - oc_logger - INFO - New record achieved. Previous FoM: 0.0020705030218145515, new best FoM : 0.002069676747093574
06/05/2022 01:47:06.048 - oc_logger - INFO - Function evaluation number: 63, SI: 3, Sub-iteration number: 0, FoM: 0.002069676747093574
06/05/2022 01:47:06.175 - oc_logger - INFO - Function evaluation number: 64, SI: 3, Sub-iteration number: 0, FoM: 0.0020701169540668918
06/05/2022 01:47:06.298 - oc_logger - INFO - Function evaluation number: 65, SI: 3, Sub-iteration number: 0, FoM: 0.002071415154983103
06/05/2022 01:47:06.428 - oc_logger - INFO - Function evaluation number: 66, SI: 3, Sub-iteration number: 0, FoM: 0.0020716045529104443
06/05/2022 01:47:06.543 - oc_logger - INFO - Function evaluation number: 67, SI: 3, Sub-iteration number: 0, FoM: 0.002076383670665649
06/05/2022 01:47:06.661 - oc_logger - INFO - Function evaluation number: 68, SI: 3, Sub-iteration number: 1, FoM: 0.0021282456209006373
06/05/2022 01:47:06.774 - oc_logger - INFO - Function evaluation number: 69, SI: 3, Sub-iteration number: 1, FoM: 0.002097538909462404
06/05/2022 01:47:06.888 - oc_logger - INFO - Function evaluation number: 70, SI: 3, Sub-iteration number: 2, FoM: 0.002098444445718939
06/05/2022 01:47:07.017 - oc_logger - INFO - Function evaluation number: 71, SI: 3, Sub-iteration number: 2, FoM: 0.0020830693169143766
06/05/2022 01:47:07.140 - oc_logger - INFO - Function evaluation number: 72, SI: 3, Sub-iteration number: 3, FoM: 0.002083692021441763
06/05/2022 01:47:07.269 - oc_logger - INFO - Function evaluation number: 73, SI: 3, Sub-iteration number: 3, FoM: 0.002076260567569599
06/05/2022 01:47:07.397 - oc_logger - INFO - Function evaluation number: 74, SI: 3, Sub-iteration number: 4, FoM: 0.002083653996756585
06/05/2022 01:47:07.517 - oc_logger - INFO - Function evaluation number: 75, SI: 3, Sub-iteration number: 4, FoM: 0.002072847385754417
06/05/2022 01:47:07.640 - oc_logger - INFO - Function evaluation number: 76, SI: 3, Sub-iteration number: 5, FoM: 0.002081850701584398
06/05/2022 01:47:07.763 - oc_logger - INFO - Function evaluation number: 77, SI: 3, Sub-iteration number: 5, FoM: 0.0020727412475100015
06/05/2022 01:47:07.890 - oc_logger - INFO - Function evaluation number: 78, SI: 3, Sub-iteration number: 6, FoM: 0.00207437391293952
06/05/2022 01:47:08.016 - oc_logger - INFO - Function evaluation number: 79, SI: 3, Sub-iteration number: 6, FoM: 0.002072003841078307
06/05/2022 01:47:08.143 - oc_logger - INFO - Function evaluation number: 80, SI: 3, Sub-iteration number: 7, FoM: 0.002077477254093907
06/05/2022 01:47:08.267 - oc_logger - INFO - Function evaluation number: 81, SI: 3, Sub-iteration number: 7, FoM: 0.0020717768194264963
06/05/2022 01:47:08.386 - oc_logger - INFO - Function evaluation number: 82, SI: 3, Sub-iteration number: 8, FoM: 0.002073319680250707
06/05/2022 01:47:08.516 - oc_logger - INFO - Function evaluation number: 83, SI: 3, Sub-iteration number: 8, FoM: 0.0020714188705736047
06/05/2022 01:47:08.642 - oc_logger - INFO - Function evaluation number: 84, SI: 3, Sub-iteration number: 9, FoM: 0.0020720036408345965
06/05/2022 01:47:08.772 - oc_logger - INFO - Function evaluation number: 85, SI: 3, Sub-iteration number: 10, FoM: 0.002075946077768287
06/05/2022 01:47:08.903 - oc_logger - INFO - Function evaluation number: 86, SI: 3, Sub-iteration number: 10, FoM: 0.0020706951776663374
06/05/2022 01:47:09.024 - oc_logger - INFO - Function evaluation number: 87, SI: 3, Sub-iteration number: 11, FoM: 0.0020723402511061417
06/05/2022 01:47:09.137 - oc_logger - INFO - Function evaluation number: 88, SI: 3, Sub-iteration number: 11, FoM: 0.0020710111713114765
06/05/2022 01:47:09.248 - oc_logger - INFO - Function evaluation number: 89, SI: 3, Sub-iteration number: 12, FoM: 0.0020710981670147843
06/05/2022 01:47:09.249 - oc_logger - INFO - SI 3 finished - Number of evaluations: 31, Best FoM: 0.002069676747093574, Terminate reason: Convergence of the FoM.

06/05/2022 01:47:09.249 - oc_logger - INFO - Direct search start time has been reset.
06/05/2022 01:47:09.390 - oc_logger - INFO - Function evaluation number: 90, SI: 4, Sub-iteration number: 0, FoM: 0.002069676747093574
06/05/2022 01:47:09.518 - oc_logger - INFO - Function evaluation number: 91, SI: 4, Sub-iteration number: 0, FoM: 0.002098267075100968
06/05/2022 01:47:09.639 - oc_logger - INFO - Function evaluation number: 92, SI: 4, Sub-iteration number: 0, FoM: 0.002082754236157003
06/05/2022 01:47:09.758 - oc_logger - INFO - Function evaluation number: 93, SI: 4, Sub-iteration number: 0, FoM: 0.0020911915087074018
06/05/2022 01:47:09.878 - oc_logger - INFO - Function evaluation number: 94, SI: 4, Sub-iteration number: 0, FoM: 0.002070507722852999
06/05/2022 01:47:10.001 - oc_logger - INFO - New record achieved. Previous FoM: 0.002069676747093574, new best FoM : 0.002067417997290155
06/05/2022 01:47:10.002 - oc_logger - INFO - Function evaluation number: 95, SI: 4, Sub-iteration number: 0, FoM: 0.002067417997290155
06/05/2022 01:47:10.125 - oc_logger - INFO - Function evaluation number: 96, SI: 4, Sub-iteration number: 0, FoM: 0.0020880458806202817
06/05/2022 01:47:10.252 - oc_logger - INFO - Function evaluation number: 97, SI: 4, Sub-iteration number: 0, FoM: 0.002070936677864177
06/05/2022 01:47:10.375 - oc_logger - INFO - Function evaluation number: 98, SI: 4, Sub-iteration number: 0, FoM: 0.002074602456440533
06/05/2022 01:47:10.495 - oc_logger - INFO - Function evaluation number: 99, SI: 4, Sub-iteration number: 1, FoM: 0.002075967841138726
06/05/2022 01:47:10.619 - oc_logger - INFO - Function evaluation number: 100, SI: 4, Sub-iteration number: 2, FoM: 0.0020871919098247593
06/05/2022 01:47:10.739 - oc_logger - INFO - Function evaluation number: 101, SI: 4, Sub-iteration number: 3, FoM: 0.0020906011429352445
06/05/2022 01:47:10.861 - oc_logger - INFO - Function evaluation number: 102, SI: 4, Sub-iteration number: 3, FoM: 0.0020775140421949168
06/05/2022 01:47:10.980 - oc_logger - INFO - Function evaluation number: 103, SI: 4, Sub-iteration number: 4, FoM: 0.0020946452358274747
06/05/2022 01:47:11.107 - oc_logger - INFO - Function evaluation number: 104, SI: 4, Sub-iteration number: 4, FoM: 0.002076670631817823
06/05/2022 01:47:11.231 - oc_logger - INFO - Function evaluation number: 105, SI: 4, Sub-iteration number: 5, FoM: 0.0020921931560211604
06/05/2022 01:47:11.360 - oc_logger - INFO - Function evaluation number: 106, SI: 4, Sub-iteration number: 5, FoM: 0.0020744336556949294
06/05/2022 01:47:11.483 - oc_logger - INFO - Function evaluation number: 107, SI: 4, Sub-iteration number: 6, FoM: 0.0020795524560526246
06/05/2022 01:47:11.611 - oc_logger - INFO - Function evaluation number: 108, SI: 4, Sub-iteration number: 6, FoM: 0.002072614056659372
06/05/2022 01:47:11.738 - oc_logger - INFO - Function evaluation number: 109, SI: 4, Sub-iteration number: 7, FoM: 0.0020811738610380104
06/05/2022 01:47:11.858 - oc_logger - INFO - Function evaluation number: 110, SI: 4, Sub-iteration number: 7, FoM: 0.0020720056783862795
06/05/2022 01:47:11.983 - oc_logger - INFO - Function evaluation number: 111, SI: 4, Sub-iteration number: 8, FoM: 0.0020854330362716222
06/05/2022 01:47:12.108 - oc_logger - INFO - Function evaluation number: 112, SI: 4, Sub-iteration number: 8, FoM: 0.0020712822629723737
06/05/2022 01:47:12.219 - oc_logger - INFO - Function evaluation number: 113, SI: 4, Sub-iteration number: 9, FoM: 0.0020711136652329376
06/05/2022 01:47:12.335 - oc_logger - INFO - Function evaluation number: 114, SI: 4, Sub-iteration number: 10, FoM: 0.002082512329014352
06/05/2022 01:47:12.461 - oc_logger - INFO - Function evaluation number: 115, SI: 4, Sub-iteration number: 10, FoM: 0.002070519800398407
06/05/2022 01:47:12.585 - oc_logger - INFO - Function evaluation number: 116, SI: 4, Sub-iteration number: 11, FoM: 0.0020698866848115616
06/05/2022 01:47:12.701 - oc_logger - INFO - Function evaluation number: 117, SI: 4, Sub-iteration number: 12, FoM: 0.0020729289612717583
06/05/2022 01:47:12.827 - oc_logger - INFO - Function evaluation number: 118, SI: 4, Sub-iteration number: 12, FoM: 0.002069847114083534
06/05/2022 01:47:12.950 - oc_logger - INFO - Function evaluation number: 119, SI: 4, Sub-iteration number: 13, FoM: 0.0020750186527150882
06/05/2022 01:47:13.058 - oc_logger - INFO - Function evaluation number: 120, SI: 4, Sub-iteration number: 13, FoM: 0.0020692753175021172
06/05/2022 01:47:13.172 - oc_logger - INFO - Function evaluation number: 121, SI: 4, Sub-iteration number: 14, FoM: 0.002079538206990361
06/05/2022 01:47:13.289 - oc_logger - INFO - Function evaluation number: 122, SI: 4, Sub-iteration number: 14, FoM: 0.002068834241576334
06/05/2022 01:47:13.408 - oc_logger - INFO - New record achieved. Previous FoM: 0.002067417997290155, new best FoM : 0.0020663275471185516
06/05/2022 01:47:13.408 - oc_logger - INFO - Function evaluation number: 123, SI: 4, Sub-iteration number: 15, FoM: 0.0020663275471185516
06/05/2022 01:47:13.535 - oc_logger - INFO - New record achieved. Previous FoM: 0.0020663275471185516, new best FoM : 0.0020661290086004813
06/05/2022 01:47:13.535 - oc_logger - INFO - Function evaluation number: 124, SI: 4, Sub-iteration number: 15, FoM: 0.0020661290086004813
06/05/2022 01:47:13.658 - oc_logger - INFO - Function evaluation number: 125, SI: 4, Sub-iteration number: 16, FoM: 0.002070711185298224
06/05/2022 01:47:13.784 - oc_logger - INFO - Function evaluation number: 126, SI: 4, Sub-iteration number: 16, FoM: 0.0020689741085986313
06/05/2022 01:47:13.908 - oc_logger - INFO - Function evaluation number: 127, SI: 4, Sub-iteration number: 17, FoM: 0.0020722886321377088
06/05/2022 01:47:14.030 - oc_logger - INFO - Function evaluation number: 128, SI: 4, Sub-iteration number: 17, FoM: 0.0020688310301495427
06/05/2022 01:47:14.150 - oc_logger - INFO - Function evaluation number: 129, SI: 4, Sub-iteration number: 18, FoM: 0.002073037938721267
06/05/2022 01:47:14.274 - oc_logger - INFO - Function evaluation number: 130, SI: 4, Sub-iteration number: 18, FoM: 0.002068434136851649
06/05/2022 01:47:14.413 - oc_logger - INFO - Function evaluation number: 131, SI: 4, Sub-iteration number: 19, FoM: 0.0020675614662288844
06/05/2022 01:47:14.559 - oc_logger - INFO - New record achieved. Previous FoM: 0.0020661290086004813, new best FoM : 0.002064363349191134
06/05/2022 01:47:14.559 - oc_logger - INFO - Function evaluation number: 132, SI: 4, Sub-iteration number: 20, FoM: 0.002064363349191134
06/05/2022 01:47:14.694 - oc_logger - INFO - New record achieved. Previous FoM: 0.002064363349191134, new best FoM : 0.002063639027994779
06/05/2022 01:47:14.695 - oc_logger - INFO - Function evaluation number: 133, SI: 4, Sub-iteration number: 20, FoM: 0.002063639027994779
06/05/2022 01:47:14.832 - oc_logger - INFO - Function evaluation number: 134, SI: 4, Sub-iteration number: 21, FoM: 0.0020667072567700506
06/05/2022 01:47:14.962 - oc_logger - INFO - Function evaluation number: 135, SI: 4, Sub-iteration number: 22, FoM: 0.0020647632323423926
06/05/2022 01:47:15.081 - oc_logger - INFO - Function evaluation number: 136, SI: 4, Sub-iteration number: 23, FoM: 0.002067263338553338
06/05/2022 01:47:15.209 - oc_logger - INFO - New record achieved. Previous FoM: 0.002063639027994779, new best FoM : 0.002062885702864725
06/05/2022 01:47:15.209 - oc_logger - INFO - Function evaluation number: 137, SI: 4, Sub-iteration number: 24, FoM: 0.002062885702864725
06/05/2022 01:47:15.337 - oc_logger - INFO - New record achieved. Previous FoM: 0.002062885702864725, new best FoM : 0.002062347821173205
06/05/2022 01:47:15.338 - oc_logger - INFO - Function evaluation number: 138, SI: 4, Sub-iteration number: 24, FoM: 0.002062347821173205
06/05/2022 01:47:15.470 - oc_logger - INFO - New record achieved. Previous FoM: 0.002062347821173205, new best FoM : 0.0020621179676775236
06/05/2022 01:47:15.470 - oc_logger - INFO - Function evaluation number: 139, SI: 4, Sub-iteration number: 25, FoM: 0.0020621179676775236
06/05/2022 01:47:15.601 - oc_logger - INFO - New record achieved. Previous FoM: 0.0020621179676775236, new best FoM : 0.0020616357628689963
06/05/2022 01:47:15.601 - oc_logger - INFO - Function evaluation number: 140, SI: 4, Sub-iteration number: 25, FoM: 0.0020616357628689963
06/05/2022 01:47:15.719 - oc_logger - INFO - Function evaluation number: 141, SI: 4, Sub-iteration number: 26, FoM: 0.0020636363772063016
06/05/2022 01:47:15.847 - oc_logger - INFO - New record achieved. Previous FoM: 0.0020616357628689963, new best FoM : 0.0020577076485454038
06/05/2022 01:47:15.847 - oc_logger - INFO - Function evaluation number: 142, SI: 4, Sub-iteration number: 27, FoM: 0.0020577076485454038
06/05/2022 01:47:15.960 - oc_logger - INFO - New record achieved. Previous FoM: 0.0020577076485454038, new best FoM : 0.002056059754457773
06/05/2022 01:47:15.960 - oc_logger - INFO - Function evaluation number: 143, SI: 4, Sub-iteration number: 27, FoM: 0.002056059754457773
06/05/2022 01:47:16.071 - oc_logger - INFO - Function evaluation number: 144, SI: 4, Sub-iteration number: 28, FoM: 0.002068806193514794
06/05/2022 01:47:16.197 - oc_logger - INFO - Function evaluation number: 145, SI: 4, Sub-iteration number: 28, FoM: 0.0020646732338005513
06/05/2022 01:47:16.319 - oc_logger - INFO - Function evaluation number: 146, SI: 4, Sub-iteration number: 29, FoM: 0.0020658690570587446
06/05/2022 01:47:16.440 - oc_logger - INFO - Function evaluation number: 147, SI: 4, Sub-iteration number: 30, FoM: 0.0020572235902371894
06/05/2022 01:47:16.571 - oc_logger - INFO - Function evaluation number: 148, SI: 4, Sub-iteration number: 31, FoM: 0.0020653106129822074
06/05/2022 01:47:16.696 - oc_logger - INFO - Function evaluation number: 149, SI: 4, Sub-iteration number: 31, FoM: 0.002063227294568648
06/05/2022 01:47:16.816 - oc_logger - INFO - Function evaluation number: 150, SI: 4, Sub-iteration number: 32, FoM: 0.0020569225885255227
06/05/2022 01:47:16.937 - oc_logger - INFO - Function evaluation number: 151, SI: 4, Sub-iteration number: 33, FoM: 0.002059880102100342
06/05/2022 01:47:17.058 - oc_logger - INFO - New record achieved. Previous FoM: 0.002056059754457773, new best FoM : 0.002054456571476848
06/05/2022 01:47:17.059 - oc_logger - INFO - Function evaluation number: 152, SI: 4, Sub-iteration number: 34, FoM: 0.002054456571476848
06/05/2022 01:47:17.186 - oc_logger - INFO - New record achieved. Previous FoM: 0.002054456571476848, new best FoM : 0.002053016228536486
06/05/2022 01:47:17.186 - oc_logger - INFO - Function evaluation number: 153, SI: 4, Sub-iteration number: 34, FoM: 0.002053016228536486
06/05/2022 01:47:17.302 - oc_logger - INFO - Function evaluation number: 154, SI: 4, Sub-iteration number: 35, FoM: 0.002054465476354017
06/05/2022 01:47:17.432 - oc_logger - INFO - Function evaluation number: 155, SI: 4, Sub-iteration number: 36, FoM: 0.0020544777413930015
06/05/2022 01:47:17.554 - oc_logger - INFO - New record achieved. Previous FoM: 0.002053016228536486, new best FoM : 0.0020483272594939983
06/05/2022 01:47:17.554 - oc_logger - INFO - Function evaluation number: 156, SI: 4, Sub-iteration number: 37, FoM: 0.0020483272594939983
06/05/2022 01:47:17.675 - oc_logger - INFO - New record achieved. Previous FoM: 0.0020483272594939983, new best FoM : 0.002046112961963331
06/05/2022 01:47:17.675 - oc_logger - INFO - Function evaluation number: 157, SI: 4, Sub-iteration number: 37, FoM: 0.002046112961963331
06/05/2022 01:47:17.801 - oc_logger - INFO - New record achieved. Previous FoM: 0.002046112961963331, new best FoM : 0.002045511636703745
06/05/2022 01:47:17.801 - oc_logger - INFO - Function evaluation number: 158, SI: 4, Sub-iteration number: 38, FoM: 0.002045511636703745
06/05/2022 01:47:17.924 - oc_logger - INFO - New record achieved. Previous FoM: 0.002045511636703745, new best FoM : 0.0020430979575508657
06/05/2022 01:47:17.924 - oc_logger - INFO - Function evaluation number: 159, SI: 4, Sub-iteration number: 38, FoM: 0.0020430979575508657
06/05/2022 01:47:18.052 - oc_logger - INFO - Function evaluation number: 160, SI: 4, Sub-iteration number: 39, FoM: 0.002048843830281588
06/05/2022 01:47:18.177 - oc_logger - INFO - Function evaluation number: 161, SI: 4, Sub-iteration number: 40, FoM: 0.0020440994063619655
06/05/2022 01:47:18.294 - oc_logger - INFO - New record achieved. Previous FoM: 0.0020430979575508657, new best FoM : 0.002040950816314391
06/05/2022 01:47:18.294 - oc_logger - INFO - Function evaluation number: 162, SI: 4, Sub-iteration number: 41, FoM: 0.002040950816314391
06/05/2022 01:47:18.426 - oc_logger - INFO - New record achieved. Previous FoM: 0.002040950816314391, new best FoM : 0.0020385906773572327
06/05/2022 01:47:18.426 - oc_logger - INFO - Function evaluation number: 163, SI: 4, Sub-iteration number: 41, FoM: 0.0020385906773572327
06/05/2022 01:47:18.550 - oc_logger - INFO - New record achieved. Previous FoM: 0.0020385906773572327, new best FoM : 0.0020367859076257933
06/05/2022 01:47:18.551 - oc_logger - INFO - Function evaluation number: 164, SI: 4, Sub-iteration number: 42, FoM: 0.0020367859076257933
06/05/2022 01:47:18.677 - oc_logger - INFO - New record achieved. Previous FoM: 0.0020367859076257933, new best FoM : 0.002033826295423591
06/05/2022 01:47:18.677 - oc_logger - INFO - Function evaluation number: 165, SI: 4, Sub-iteration number: 42, FoM: 0.002033826295423591
06/05/2022 01:47:18.803 - oc_logger - INFO - Function evaluation number: 166, SI: 4, Sub-iteration number: 43, FoM: 0.002041921852258377
06/05/2022 01:47:18.923 - oc_logger - INFO - New record achieved. Previous FoM: 0.002033826295423591, new best FoM : 0.0020299421010605556
06/05/2022 01:47:18.923 - oc_logger - INFO - Function evaluation number: 167, SI: 4, Sub-iteration number: 44, FoM: 0.0020299421010605556
06/05/2022 01:47:19.047 - oc_logger - INFO - New record achieved. Previous FoM: 0.0020299421010605556, new best FoM : 0.002026262221941244
06/05/2022 01:47:19.047 - oc_logger - INFO - Function evaluation number: 168, SI: 4, Sub-iteration number: 44, FoM: 0.002026262221941244
06/05/2022 01:47:19.180 - oc_logger - INFO - New record achieved. Previous FoM: 0.002026262221941244, new best FoM : 0.0020241993123760738
06/05/2022 01:47:19.180 - oc_logger - INFO - Function evaluation number: 169, SI: 4, Sub-iteration number: 45, FoM: 0.0020241993123760738
06/05/2022 01:47:19.307 - oc_logger - INFO - New record achieved. Previous FoM: 0.0020241993123760738, new best FoM : 0.0020198220633318442
06/05/2022 01:47:19.307 - oc_logger - INFO - Function evaluation number: 170, SI: 4, Sub-iteration number: 45, FoM: 0.0020198220633318442
06/05/2022 01:47:19.430 - oc_logger - INFO - Function evaluation number: 171, SI: 4, Sub-iteration number: 46, FoM: 0.0020247995578902556
06/05/2022 01:47:19.539 - oc_logger - INFO - Function evaluation number: 172, SI: 4, Sub-iteration number: 47, FoM: 0.0020200810477097875
06/05/2022 01:47:19.667 - oc_logger - INFO - New record achieved. Previous FoM: 0.0020198220633318442, new best FoM : 0.0020148328709312935
06/05/2022 01:47:19.667 - oc_logger - INFO - Function evaluation number: 173, SI: 4, Sub-iteration number: 48, FoM: 0.0020148328709312935
06/05/2022 01:47:19.796 - oc_logger - INFO - New record achieved. Previous FoM: 0.0020148328709312935, new best FoM : 0.002010434422652252
06/05/2022 01:47:19.797 - oc_logger - INFO - Function evaluation number: 174, SI: 4, Sub-iteration number: 48, FoM: 0.002010434422652252
06/05/2022 01:47:19.921 - oc_logger - INFO - New record achieved. Previous FoM: 0.002010434422652252, new best FoM : 0.002006464306799849
06/05/2022 01:47:19.922 - oc_logger - INFO - Function evaluation number: 175, SI: 4, Sub-iteration number: 49, FoM: 0.002006464306799849
06/05/2022 01:47:20.047 - oc_logger - INFO - New record achieved. Previous FoM: 0.002006464306799849, new best FoM : 0.002000802589592343
06/05/2022 01:47:20.047 - oc_logger - INFO - Function evaluation number: 176, SI: 4, Sub-iteration number: 49, FoM: 0.002000802589592343
06/05/2022 01:47:20.168 - oc_logger - INFO - Function evaluation number: 177, SI: 4, Sub-iteration number: 50, FoM: 0.002005992760272468
06/05/2022 01:47:20.278 - oc_logger - INFO - New record achieved. Previous FoM: 0.002000802589592343, new best FoM : 0.001991810549279993
06/05/2022 01:47:20.278 - oc_logger - INFO - Function evaluation number: 178, SI: 4, Sub-iteration number: 51, FoM: 0.001991810549279993
06/05/2022 01:47:20.391 - oc_logger - INFO - New record achieved. Previous FoM: 0.001991810549279993, new best FoM : 0.0019846415150608365
06/05/2022 01:47:20.392 - oc_logger - INFO - Function evaluation number: 179, SI: 4, Sub-iteration number: 51, FoM: 0.0019846415150608365
06/05/2022 01:47:20.515 - oc_logger - INFO - New record achieved. Previous FoM: 0.0019846415150608365, new best FoM : 0.0019843339659658676
06/05/2022 01:47:20.515 - oc_logger - INFO - Function evaluation number: 180, SI: 4, Sub-iteration number: 52, FoM: 0.0019843339659658676
06/05/2022 01:47:20.645 - oc_logger - INFO - New record achieved. Previous FoM: 0.0019843339659658676, new best FoM : 0.00197676892411347
06/05/2022 01:47:20.645 - oc_logger - INFO - Function evaluation number: 181, SI: 4, Sub-iteration number: 52, FoM: 0.00197676892411347
06/05/2022 01:47:20.761 - oc_logger - INFO - Function evaluation number: 182, SI: 4, Sub-iteration number: 53, FoM: 0.001981482698111603
06/05/2022 01:47:20.882 - oc_logger - INFO - New record achieved. Previous FoM: 0.00197676892411347, new best FoM : 0.0019732552735560738
06/05/2022 01:47:20.882 - oc_logger - INFO - Function evaluation number: 183, SI: 4, Sub-iteration number: 54, FoM: 0.0019732552735560738
06/05/2022 01:47:21.007 - oc_logger - INFO - New record achieved. Previous FoM: 0.0019732552735560738, new best FoM : 0.001966141483125239
06/05/2022 01:47:21.007 - oc_logger - INFO - Function evaluation number: 184, SI: 4, Sub-iteration number: 54, FoM: 0.001966141483125239
06/05/2022 01:47:21.129 - oc_logger - INFO - New record achieved. Previous FoM: 0.001966141483125239, new best FoM : 0.001962207421459583
06/05/2022 01:47:21.130 - oc_logger - INFO - Function evaluation number: 185, SI: 4, Sub-iteration number: 55, FoM: 0.001962207421459583
06/05/2022 01:47:21.256 - oc_logger - INFO - New record achieved. Previous FoM: 0.001962207421459583, new best FoM : 0.001953696682770123
06/05/2022 01:47:21.256 - oc_logger - INFO - Function evaluation number: 186, SI: 4, Sub-iteration number: 55, FoM: 0.001953696682770123
06/05/2022 01:47:21.381 - oc_logger - INFO - New record achieved. Previous FoM: 0.001953696682770123, new best FoM : 0.0019437604409795473
06/05/2022 01:47:21.381 - oc_logger - INFO - Function evaluation number: 187, SI: 4, Sub-iteration number: 56, FoM: 0.0019437604409795473
06/05/2022 01:47:21.496 - oc_logger - INFO - New record achieved. Previous FoM: 0.0019437604409795473, new best FoM : 0.0019323789226880494
06/05/2022 01:47:21.496 - oc_logger - INFO - Function evaluation number: 188, SI: 4, Sub-iteration number: 56, FoM: 0.0019323789226880494
06/05/2022 01:47:21.628 - oc_logger - INFO - Function evaluation number: 189, SI: 4, Sub-iteration number: 57, FoM: 0.0019330748943904297
06/05/2022 01:47:21.748 - oc_logger - INFO - New record achieved. Previous FoM: 0.0019323789226880494, new best FoM : 0.0019285686282995984
06/05/2022 01:47:21.748 - oc_logger - INFO - Function evaluation number: 190, SI: 4, Sub-iteration number: 58, FoM: 0.0019285686282995984
06/05/2022 01:47:21.882 - oc_logger - INFO - New record achieved. Previous FoM: 0.0019285686282995984, new best FoM : 0.0019191134858445036
06/05/2022 01:47:21.882 - oc_logger - INFO - Function evaluation number: 191, SI: 4, Sub-iteration number: 58, FoM: 0.0019191134858445036
06/05/2022 01:47:22.010 - oc_logger - INFO - New record achieved. Previous FoM: 0.0019191134858445036, new best FoM : 0.001900893813324478
06/05/2022 01:47:22.011 - oc_logger - INFO - Function evaluation number: 192, SI: 4, Sub-iteration number: 59, FoM: 0.001900893813324478
06/05/2022 01:47:22.132 - oc_logger - INFO - New record achieved. Previous FoM: 0.001900893813324478, new best FoM : 0.0018855333873223357
06/05/2022 01:47:22.132 - oc_logger - INFO - Function evaluation number: 193, SI: 4, Sub-iteration number: 59, FoM: 0.0018855333873223357
06/05/2022 01:47:22.261 - oc_logger - INFO - Function evaluation number: 194, SI: 4, Sub-iteration number: 60, FoM: 0.001896313947989836
06/05/2022 01:47:22.381 - oc_logger - INFO - New record achieved. Previous FoM: 0.0018855333873223357, new best FoM : 0.0018754136565917179
06/05/2022 01:47:22.381 - oc_logger - INFO - Function evaluation number: 195, SI: 4, Sub-iteration number: 61, FoM: 0.0018754136565917179
06/05/2022 01:47:22.516 - oc_logger - INFO - New record achieved. Previous FoM: 0.0018754136565917179, new best FoM : 0.0018594596649211814
06/05/2022 01:47:22.516 - oc_logger - INFO - Function evaluation number: 196, SI: 4, Sub-iteration number: 61, FoM: 0.0018594596649211814
06/05/2022 01:47:22.640 - oc_logger - INFO - New record achieved. Previous FoM: 0.0018594596649211814, new best FoM : 0.0018480419856651276
06/05/2022 01:47:22.640 - oc_logger - INFO - Function evaluation number: 197, SI: 4, Sub-iteration number: 62, FoM: 0.0018480419856651276
06/05/2022 01:47:22.763 - oc_logger - INFO - New record achieved. Previous FoM: 0.0018480419856651276, new best FoM : 0.0018284530128441778
06/05/2022 01:47:22.763 - oc_logger - INFO - Function evaluation number: 198, SI: 4, Sub-iteration number: 62, FoM: 0.0018284530128441778
06/05/2022 01:47:22.887 - oc_logger - INFO - New record achieved. Previous FoM: 0.0018284530128441778, new best FoM : 0.0018273994670610083
06/05/2022 01:47:22.887 - oc_logger - INFO - Function evaluation number: 199, SI: 4, Sub-iteration number: 63, FoM: 0.0018273994670610083
06/05/2022 01:47:23.019 - oc_logger - INFO - New record achieved. Previous FoM: 0.0018273994670610083, new best FoM : 0.001807204981494115
06/05/2022 01:47:23.019 - oc_logger - INFO - Function evaluation number: 200, SI: 4, Sub-iteration number: 63, FoM: 0.001807204981494115
06/05/2022 01:47:23.137 - oc_logger - INFO - New record achieved. Previous FoM: 0.001807204981494115, new best FoM : 0.0018001936482435754
06/05/2022 01:47:23.137 - oc_logger - INFO - Function evaluation number: 201, SI: 4, Sub-iteration number: 64, FoM: 0.0018001936482435754
06/05/2022 01:47:23.264 - oc_logger - INFO - New record achieved. Previous FoM: 0.0018001936482435754, new best FoM : 0.0017772565728361167
06/05/2022 01:47:23.264 - oc_logger - INFO - Function evaluation number: 202, SI: 4, Sub-iteration number: 64, FoM: 0.0017772565728361167
06/05/2022 01:47:23.389 - oc_logger - INFO - Function evaluation number: 203, SI: 4, Sub-iteration number: 65, FoM: 0.0017856172095209732
06/05/2022 01:47:23.521 - oc_logger - INFO - New record achieved. Previous FoM: 0.0017772565728361167, new best FoM : 0.001748761048696923
06/05/2022 01:47:23.521 - oc_logger - INFO - Function evaluation number: 204, SI: 4, Sub-iteration number: 66, FoM: 0.001748761048696923
06/05/2022 01:47:23.655 - oc_logger - INFO - New record achieved. Previous FoM: 0.001748761048696923, new best FoM : 0.001722673855831025
06/05/2022 01:47:23.655 - oc_logger - INFO - Function evaluation number: 205, SI: 4, Sub-iteration number: 66, FoM: 0.001722673855831025
06/05/2022 01:47:23.787 - oc_logger - INFO - New record achieved. Previous FoM: 0.001722673855831025, new best FoM : 0.0017132030227182682
06/05/2022 01:47:23.787 - oc_logger - INFO - Function evaluation number: 206, SI: 4, Sub-iteration number: 67, FoM: 0.0017132030227182682
06/05/2022 01:47:23.912 - oc_logger - INFO - New record achieved. Previous FoM: 0.0017132030227182682, new best FoM : 0.0016843605831157182
06/05/2022 01:47:23.912 - oc_logger - INFO - Function evaluation number: 207, SI: 4, Sub-iteration number: 67, FoM: 0.0016843605831157182
06/05/2022 01:47:24.045 - oc_logger - INFO - New record achieved. Previous FoM: 0.0016843605831157182, new best FoM : 0.0016749589029445566
06/05/2022 01:47:24.045 - oc_logger - INFO - Function evaluation number: 208, SI: 4, Sub-iteration number: 68, FoM: 0.0016749589029445566
06/05/2022 01:47:24.169 - oc_logger - INFO - New record achieved. Previous FoM: 0.0016749589029445566, new best FoM : 0.0016459274840638916
06/05/2022 01:47:24.170 - oc_logger - INFO - Function evaluation number: 209, SI: 4, Sub-iteration number: 68, FoM: 0.0016459274840638916
06/05/2022 01:47:24.302 - oc_logger - INFO - New record achieved. Previous FoM: 0.0016459274840638916, new best FoM : 0.0016365698797630168
06/05/2022 01:47:24.302 - oc_logger - INFO - Function evaluation number: 210, SI: 4, Sub-iteration number: 69, FoM: 0.0016365698797630168
06/05/2022 01:47:24.428 - oc_logger - INFO - New record achieved. Previous FoM: 0.0016365698797630168, new best FoM : 0.0016220431337810037
06/05/2022 01:47:24.429 - oc_logger - INFO - Function evaluation number: 211, SI: 4, Sub-iteration number: 69, FoM: 0.0016220431337810037
06/05/2022 01:47:24.564 - oc_logger - INFO - New record achieved. Previous FoM: 0.0016220431337810037, new best FoM : 0.001614013524760649
06/05/2022 01:47:24.564 - oc_logger - INFO - Function evaluation number: 212, SI: 4, Sub-iteration number: 70, FoM: 0.001614013524760649
06/05/2022 01:47:24.691 - oc_logger - INFO - New record achieved. Previous FoM: 0.001614013524760649, new best FoM : 0.0016067009214951744
06/05/2022 01:47:24.691 - oc_logger - INFO - Function evaluation number: 213, SI: 4, Sub-iteration number: 70, FoM: 0.0016067009214951744
06/05/2022 01:47:24.824 - oc_logger - INFO - New record achieved. Previous FoM: 0.0016067009214951744, new best FoM : 0.0016063715418650482
06/05/2022 01:47:24.824 - oc_logger - INFO - Function evaluation number: 214, SI: 4, Sub-iteration number: 71, FoM: 0.0016063715418650482
06/05/2022 01:47:24.955 - oc_logger - INFO - New record achieved. Previous FoM: 0.0016063715418650482, new best FoM : 0.0015997822220370495
06/05/2022 01:47:24.955 - oc_logger - INFO - Function evaluation number: 215, SI: 4, Sub-iteration number: 71, FoM: 0.0015997822220370495
06/05/2022 01:47:25.076 - oc_logger - INFO - New record achieved. Previous FoM: 0.0015997822220370495, new best FoM : 0.0015814064848291842
06/05/2022 01:47:25.076 - oc_logger - INFO - Function evaluation number: 216, SI: 4, Sub-iteration number: 72, FoM: 0.0015814064848291842
06/05/2022 01:47:25.208 - oc_logger - INFO - New record achieved. Previous FoM: 0.0015814064848291842, new best FoM : 0.0015700769846184182
06/05/2022 01:47:25.208 - oc_logger - INFO - Function evaluation number: 217, SI: 4, Sub-iteration number: 72, FoM: 0.0015700769846184182
06/05/2022 01:47:25.339 - oc_logger - INFO - Function evaluation number: 218, SI: 4, Sub-iteration number: 73, FoM: 0.0015797097559495654
06/05/2022 01:47:25.466 - oc_logger - INFO - New record achieved. Previous FoM: 0.0015700769846184182, new best FoM : 0.0015549587279128918
06/05/2022 01:47:25.466 - oc_logger - INFO - Function evaluation number: 219, SI: 4, Sub-iteration number: 74, FoM: 0.0015549587279128918
06/05/2022 01:47:25.587 - oc_logger - INFO - New record achieved. Previous FoM: 0.0015549587279128918, new best FoM : 0.0015412094097245754
06/05/2022 01:47:25.587 - oc_logger - INFO - Function evaluation number: 220, SI: 4, Sub-iteration number: 74, FoM: 0.0015412094097245754
06/05/2022 01:47:25.720 - oc_logger - INFO - Function evaluation number: 221, SI: 4, Sub-iteration number: 75, FoM: 0.0015894400992885194
06/05/2022 01:47:25.852 - oc_logger - INFO - Function evaluation number: 222, SI: 4, Sub-iteration number: 76, FoM: 0.0015412958405933708
06/05/2022 01:47:25.987 - oc_logger - INFO - Function evaluation number: 223, SI: 4, Sub-iteration number: 77, FoM: 0.0015438267638264724
06/05/2022 01:47:26.121 - oc_logger - INFO - New record achieved. Previous FoM: 0.0015412094097245754, new best FoM : 0.0015200152099381636
06/05/2022 01:47:26.121 - oc_logger - INFO - Function evaluation number: 224, SI: 4, Sub-iteration number: 78, FoM: 0.0015200152099381636
06/05/2022 01:47:26.254 - oc_logger - INFO - New record achieved. Previous FoM: 0.0015200152099381636, new best FoM : 0.0015072083261209457
06/05/2022 01:47:26.254 - oc_logger - INFO - Function evaluation number: 225, SI: 4, Sub-iteration number: 78, FoM: 0.0015072083261209457
06/05/2022 01:47:26.390 - oc_logger - INFO - New record achieved. Previous FoM: 0.0015072083261209457, new best FoM : 0.00149948793613508
06/05/2022 01:47:26.390 - oc_logger - INFO - Function evaluation number: 226, SI: 4, Sub-iteration number: 79, FoM: 0.00149948793613508
06/05/2022 01:47:26.520 - oc_logger - INFO - New record achieved. Previous FoM: 0.00149948793613508, new best FoM : 0.001486428382331706
06/05/2022 01:47:26.520 - oc_logger - INFO - Function evaluation number: 227, SI: 4, Sub-iteration number: 79, FoM: 0.001486428382331706
06/05/2022 01:47:26.653 - oc_logger - INFO - Function evaluation number: 228, SI: 4, Sub-iteration number: 80, FoM: 0.0014896788758338442
06/05/2022 01:47:26.785 - oc_logger - INFO - New record achieved. Previous FoM: 0.001486428382331706, new best FoM : 0.001485341365903281
06/05/2022 01:47:26.785 - oc_logger - INFO - Function evaluation number: 229, SI: 4, Sub-iteration number: 81, FoM: 0.001485341365903281
06/05/2022 01:47:26.919 - oc_logger - INFO - New record achieved. Previous FoM: 0.001485341365903281, new best FoM : 0.0014745045940240953
06/05/2022 01:47:26.919 - oc_logger - INFO - Function evaluation number: 230, SI: 4, Sub-iteration number: 81, FoM: 0.0014745045940240953
06/05/2022 01:47:27.050 - oc_logger - INFO - New record achieved. Previous FoM: 0.0014745045940240953, new best FoM : 0.0014657180075287046
06/05/2022 01:47:27.050 - oc_logger - INFO - Function evaluation number: 231, SI: 4, Sub-iteration number: 82, FoM: 0.0014657180075287046
06/05/2022 01:47:27.188 - oc_logger - INFO - New record achieved. Previous FoM: 0.0014657180075287046, new best FoM : 0.0014544253734649626
06/05/2022 01:47:27.188 - oc_logger - INFO - Function evaluation number: 232, SI: 4, Sub-iteration number: 82, FoM: 0.0014544253734649626
06/05/2022 01:47:27.320 - oc_logger - INFO - New record achieved. Previous FoM: 0.0014544253734649626, new best FoM : 0.0014398458744060427
06/05/2022 01:47:27.320 - oc_logger - INFO - Function evaluation number: 233, SI: 4, Sub-iteration number: 83, FoM: 0.0014398458744060427
06/05/2022 01:47:27.459 - oc_logger - INFO - New record achieved. Previous FoM: 0.0014398458744060427, new best FoM : 0.0014263031877743693
06/05/2022 01:47:27.459 - oc_logger - INFO - Function evaluation number: 234, SI: 4, Sub-iteration number: 83, FoM: 0.0014263031877743693
06/05/2022 01:47:27.593 - oc_logger - INFO - Function evaluation number: 235, SI: 4, Sub-iteration number: 84, FoM: 0.0014387527762625973
06/05/2022 01:47:27.729 - oc_logger - INFO - New record achieved. Previous FoM: 0.0014263031877743693, new best FoM : 0.001417209396077812
06/05/2022 01:47:27.730 - oc_logger - INFO - Function evaluation number: 236, SI: 4, Sub-iteration number: 85, FoM: 0.001417209396077812
06/05/2022 01:47:27.867 - oc_logger - INFO - New record achieved. Previous FoM: 0.001417209396077812, new best FoM : 0.0014053167195930971
06/05/2022 01:47:27.867 - oc_logger - INFO - Function evaluation number: 237, SI: 4, Sub-iteration number: 85, FoM: 0.0014053167195930971
06/05/2022 01:47:28.003 - oc_logger - INFO - New record achieved. Previous FoM: 0.0014053167195930971, new best FoM : 0.001402644521112828
06/05/2022 01:47:28.003 - oc_logger - INFO - Function evaluation number: 238, SI: 4, Sub-iteration number: 86, FoM: 0.001402644521112828
06/05/2022 01:47:28.140 - oc_logger - INFO - New record achieved. Previous FoM: 0.001402644521112828, new best FoM : 0.001392240574317527
06/05/2022 01:47:28.141 - oc_logger - INFO - Function evaluation number: 239, SI: 4, Sub-iteration number: 86, FoM: 0.001392240574317527
06/05/2022 01:47:28.276 - oc_logger - INFO - Function evaluation number: 240, SI: 4, Sub-iteration number: 87, FoM: 0.0013993807394721003
06/05/2022 01:47:28.409 - oc_logger - INFO - New record achieved. Previous FoM: 0.001392240574317527, new best FoM : 0.0013875989042635428
06/05/2022 01:47:28.409 - oc_logger - INFO - Function evaluation number: 241, SI: 4, Sub-iteration number: 88, FoM: 0.0013875989042635428
06/05/2022 01:47:28.538 - oc_logger - INFO - New record achieved. Previous FoM: 0.0013875989042635428, new best FoM : 0.0013785381127849883
06/05/2022 01:47:28.538 - oc_logger - INFO - Function evaluation number: 242, SI: 4, Sub-iteration number: 88, FoM: 0.0013785381127849883
06/05/2022 01:47:28.665 - oc_logger - INFO - New record achieved. Previous FoM: 0.0013785381127849883, new best FoM : 0.0013729504599070408
06/05/2022 01:47:28.665 - oc_logger - INFO - Function evaluation number: 243, SI: 4, Sub-iteration number: 89, FoM: 0.0013729504599070408
06/05/2022 01:47:28.783 - oc_logger - INFO - New record achieved. Previous FoM: 0.0013729504599070408, new best FoM : 0.0013647707164933243
06/05/2022 01:47:28.783 - oc_logger - INFO - Function evaluation number: 244, SI: 4, Sub-iteration number: 89, FoM: 0.0013647707164933243
06/05/2022 01:47:28.907 - oc_logger - INFO - New record achieved. Previous FoM: 0.0013647707164933243, new best FoM : 0.0013620846959861987
06/05/2022 01:47:28.907 - oc_logger - INFO - Function evaluation number: 245, SI: 4, Sub-iteration number: 90, FoM: 0.0013620846959861987
06/05/2022 01:47:29.025 - oc_logger - INFO - New record achieved. Previous FoM: 0.0013620846959861987, new best FoM : 0.001353858242804984
06/05/2022 01:47:29.025 - oc_logger - INFO - Function evaluation number: 246, SI: 4, Sub-iteration number: 90, FoM: 0.001353858242804984
06/05/2022 01:47:29.144 - oc_logger - INFO - New record achieved. Previous FoM: 0.001353858242804984, new best FoM : 0.0013509797895016051
06/05/2022 01:47:29.144 - oc_logger - INFO - Function evaluation number: 247, SI: 4, Sub-iteration number: 91, FoM: 0.0013509797895016051
06/05/2022 01:47:29.271 - oc_logger - INFO - New record achieved. Previous FoM: 0.0013509797895016051, new best FoM : 0.0013430736605272164
06/05/2022 01:47:29.271 - oc_logger - INFO - Function evaluation number: 248, SI: 4, Sub-iteration number: 91, FoM: 0.0013430736605272164
06/05/2022 01:47:29.403 - oc_logger - INFO - Function evaluation number: 249, SI: 4, Sub-iteration number: 92, FoM: 0.0013444227212027204
06/05/2022 01:47:29.535 - oc_logger - INFO - New record achieved. Previous FoM: 0.0013430736605272164, new best FoM : 0.0013362301202952676
06/05/2022 01:47:29.535 - oc_logger - INFO - Function evaluation number: 250, SI: 4, Sub-iteration number: 93, FoM: 0.0013362301202952676
06/05/2022 01:47:29.676 - oc_logger - INFO - New record achieved. Previous FoM: 0.0013362301202952676, new best FoM : 0.0013301672398758901
06/05/2022 01:47:29.676 - oc_logger - INFO - Function evaluation number: 251, SI: 4, Sub-iteration number: 93, FoM: 0.0013301672398758901
06/05/2022 01:47:29.815 - oc_logger - INFO - Function evaluation number: 252, SI: 4, Sub-iteration number: 94, FoM: 0.0013334327754156439
06/05/2022 01:47:29.948 - oc_logger - INFO - New record achieved. Previous FoM: 0.0013301672398758901, new best FoM : 0.001321799596776918
06/05/2022 01:47:29.948 - oc_logger - INFO - Function evaluation number: 253, SI: 4, Sub-iteration number: 95, FoM: 0.001321799596776918
06/05/2022 01:47:30.075 - oc_logger - INFO - New record achieved. Previous FoM: 0.001321799596776918, new best FoM : 0.0013157221068615943
06/05/2022 01:47:30.075 - oc_logger - INFO - Function evaluation number: 254, SI: 4, Sub-iteration number: 95, FoM: 0.0013157221068615943
06/05/2022 01:47:30.196 - oc_logger - INFO - New record achieved. Previous FoM: 0.0013157221068615943, new best FoM : 0.0013108122243818965
06/05/2022 01:47:30.196 - oc_logger - INFO - Function evaluation number: 255, SI: 4, Sub-iteration number: 96, FoM: 0.0013108122243818965
06/05/2022 01:47:30.322 - oc_logger - INFO - New record achieved. Previous FoM: 0.0013108122243818965, new best FoM : 0.00130477336494228
06/05/2022 01:47:30.322 - oc_logger - INFO - Function evaluation number: 256, SI: 4, Sub-iteration number: 96, FoM: 0.00130477336494228
06/05/2022 01:47:30.456 - oc_logger - INFO - Function evaluation number: 257, SI: 4, Sub-iteration number: 97, FoM: 0.0013078950488192298
06/05/2022 01:47:30.591 - oc_logger - INFO - New record achieved. Previous FoM: 0.00130477336494228, new best FoM : 0.001303413228660899
06/05/2022 01:47:30.591 - oc_logger - INFO - Function evaluation number: 258, SI: 4, Sub-iteration number: 98, FoM: 0.001303413228660899
06/05/2022 01:47:30.720 - oc_logger - INFO - New record achieved. Previous FoM: 0.001303413228660899, new best FoM : 0.0012989350147613044
06/05/2022 01:47:30.720 - oc_logger - INFO - Function evaluation number: 259, SI: 4, Sub-iteration number: 98, FoM: 0.0012989350147613044
06/05/2022 01:47:30.843 - oc_logger - INFO - Function evaluation number: 260, SI: 4, Sub-iteration number: 99, FoM: 0.001300080358688449
06/05/2022 01:47:30.967 - oc_logger - INFO - New record achieved. Previous FoM: 0.0012989350147613044, new best FoM : 0.0012954695285715134
06/05/2022 01:47:30.967 - oc_logger - INFO - Function evaluation number: 261, SI: 4, Sub-iteration number: 100, FoM: 0.0012954695285715134
06/05/2022 01:47:31.097 - oc_logger - INFO - New record achieved. Previous FoM: 0.0012954695285715134, new best FoM : 0.001291719175010031
06/05/2022 01:47:31.098 - oc_logger - INFO - Function evaluation number: 262, SI: 4, Sub-iteration number: 100, FoM: 0.001291719175010031
06/05/2022 01:47:31.217 - oc_logger - INFO - New record achieved. Previous FoM: 0.001291719175010031, new best FoM : 0.001288622858047983
06/05/2022 01:47:31.217 - oc_logger - INFO - Function evaluation number: 263, SI: 4, Sub-iteration number: 101, FoM: 0.001288622858047983
06/05/2022 01:47:31.350 - oc_logger - INFO - New record achieved. Previous FoM: 0.001288622858047983, new best FoM : 0.0012848687064062059
06/05/2022 01:47:31.350 - oc_logger - INFO - Function evaluation number: 264, SI: 4, Sub-iteration number: 101, FoM: 0.0012848687064062059
06/05/2022 01:47:31.485 - oc_logger - INFO - New record achieved. Previous FoM: 0.0012848687064062059, new best FoM : 0.0012824640027696566
06/05/2022 01:47:31.485 - oc_logger - INFO - Function evaluation number: 265, SI: 4, Sub-iteration number: 102, FoM: 0.0012824640027696566
06/05/2022 01:47:31.611 - oc_logger - INFO - New record achieved. Previous FoM: 0.0012824640027696566, new best FoM : 0.0012786695797193381
06/05/2022 01:47:31.611 - oc_logger - INFO - Function evaluation number: 266, SI: 4, Sub-iteration number: 102, FoM: 0.0012786695797193381
06/05/2022 01:47:31.745 - oc_logger - INFO - New record achieved. Previous FoM: 0.0012786695797193381, new best FoM : 0.001276108558977751
06/05/2022 01:47:31.745 - oc_logger - INFO - Function evaluation number: 267, SI: 4, Sub-iteration number: 103, FoM: 0.001276108558977751
06/05/2022 01:47:31.879 - oc_logger - INFO - New record achieved. Previous FoM: 0.001276108558977751, new best FoM : 0.0012728269850111884
06/05/2022 01:47:31.879 - oc_logger - INFO - Function evaluation number: 268, SI: 4, Sub-iteration number: 103, FoM: 0.0012728269850111884
06/05/2022 01:47:32.007 - oc_logger - INFO - Function evaluation number: 269, SI: 4, Sub-iteration number: 104, FoM: 0.0012763453867031815
06/05/2022 01:47:32.139 - oc_logger - INFO - Function evaluation number: 270, SI: 4, Sub-iteration number: 105, FoM: 0.0012735281949037836
06/05/2022 01:47:32.255 - oc_logger - INFO - New record achieved. Previous FoM: 0.0012728269850111884, new best FoM : 0.001271658737956205
06/05/2022 01:47:32.255 - oc_logger - INFO - Function evaluation number: 271, SI: 4, Sub-iteration number: 106, FoM: 0.001271658737956205
06/05/2022 01:47:32.387 - oc_logger - INFO - New record achieved. Previous FoM: 0.001271658737956205, new best FoM : 0.0012700839262831387
06/05/2022 01:47:32.387 - oc_logger - INFO - Function evaluation number: 272, SI: 4, Sub-iteration number: 106, FoM: 0.0012700839262831387
06/05/2022 01:47:32.514 - oc_logger - INFO - New record achieved. Previous FoM: 0.0012700839262831387, new best FoM : 0.001268186715275732
06/05/2022 01:47:32.514 - oc_logger - INFO - Function evaluation number: 273, SI: 4, Sub-iteration number: 107, FoM: 0.001268186715275732
06/05/2022 01:47:32.648 - oc_logger - INFO - New record achieved. Previous FoM: 0.001268186715275732, new best FoM : 0.0012674541747136336
06/05/2022 01:47:32.648 - oc_logger - INFO - Function evaluation number: 274, SI: 4, Sub-iteration number: 107, FoM: 0.0012674541747136336
06/05/2022 01:47:32.783 - oc_logger - INFO - Function evaluation number: 275, SI: 4, Sub-iteration number: 108, FoM: 0.001268311178950987
06/05/2022 01:47:32.914 - oc_logger - INFO - New record achieved. Previous FoM: 0.0012674541747136336, new best FoM : 0.0012672390513204235
06/05/2022 01:47:32.915 - oc_logger - INFO - Function evaluation number: 276, SI: 4, Sub-iteration number: 109, FoM: 0.0012672390513204235
06/05/2022 01:47:33.041 - oc_logger - INFO - New record achieved. Previous FoM: 0.0012672390513204235, new best FoM : 0.0012669242975917872
06/05/2022 01:47:33.041 - oc_logger - INFO - Function evaluation number: 277, SI: 4, Sub-iteration number: 109, FoM: 0.0012669242975917872
06/05/2022 01:47:33.170 - oc_logger - INFO - Function evaluation number: 278, SI: 4, Sub-iteration number: 110, FoM: 0.0012674496832125737
06/05/2022 01:47:33.294 - oc_logger - INFO - Function evaluation number: 279, SI: 4, Sub-iteration number: 111, FoM: 0.0012673208317560691
06/05/2022 01:47:33.424 - oc_logger - INFO - New record achieved. Previous FoM: 0.0012669242975917872, new best FoM : 0.0012666436193797814
06/05/2022 01:47:33.424 - oc_logger - INFO - Function evaluation number: 280, SI: 4, Sub-iteration number: 112, FoM: 0.0012666436193797814
06/05/2022 01:47:33.548 - oc_logger - INFO - New record achieved. Previous FoM: 0.0012666436193797814, new best FoM : 0.001266528254733501
06/05/2022 01:47:33.549 - oc_logger - INFO - Function evaluation number: 281, SI: 4, Sub-iteration number: 112, FoM: 0.001266528254733501
06/05/2022 01:47:33.683 - oc_logger - INFO - New record achieved. Previous FoM: 0.001266528254733501, new best FoM : 0.0012664238575539333
06/05/2022 01:47:33.683 - oc_logger - INFO - Function evaluation number: 282, SI: 4, Sub-iteration number: 113, FoM: 0.0012664238575539333
06/05/2022 01:47:33.809 - oc_logger - INFO - New record achieved. Previous FoM: 0.0012664238575539333, new best FoM : 0.0012663218099163709
06/05/2022 01:47:33.809 - oc_logger - INFO - Function evaluation number: 283, SI: 4, Sub-iteration number: 113, FoM: 0.0012663218099163709
06/05/2022 01:47:33.931 - oc_logger - INFO - Function evaluation number: 284, SI: 4, Sub-iteration number: 114, FoM: 0.0012669385420028823
06/05/2022 01:47:34.052 - oc_logger - INFO - New record achieved. Previous FoM: 0.0012663218099163709, new best FoM : 0.0012662791137942886
06/05/2022 01:47:34.052 - oc_logger - INFO - Function evaluation number: 285, SI: 4, Sub-iteration number: 115, FoM: 0.0012662791137942886
06/05/2022 01:47:34.179 - oc_logger - INFO - New record achieved. Previous FoM: 0.0012662791137942886, new best FoM : 0.0012662020193396906
06/05/2022 01:47:34.179 - oc_logger - INFO - Function evaluation number: 286, SI: 4, Sub-iteration number: 115, FoM: 0.0012662020193396906
06/05/2022 01:47:34.312 - oc_logger - INFO - New record achieved. Previous FoM: 0.0012662020193396906, new best FoM : 0.0012661884014921743
06/05/2022 01:47:34.312 - oc_logger - INFO - Function evaluation number: 287, SI: 4, Sub-iteration number: 116, FoM: 0.0012661884014921743
06/05/2022 01:47:34.446 - oc_logger - INFO - New record achieved. Previous FoM: 0.0012661884014921743, new best FoM : 0.0012661106580625914
06/05/2022 01:47:34.446 - oc_logger - INFO - Function evaluation number: 288, SI: 4, Sub-iteration number: 116, FoM: 0.0012661106580625914
06/05/2022 01:47:34.577 - oc_logger - INFO - Function evaluation number: 289, SI: 4, Sub-iteration number: 117, FoM: 0.0012662803222458496
06/05/2022 01:47:34.705 - oc_logger - INFO - New record achieved. Previous FoM: 0.0012661106580625914, new best FoM : 0.0012660519462796005
06/05/2022 01:47:34.705 - oc_logger - INFO - Function evaluation number: 290, SI: 4, Sub-iteration number: 118, FoM: 0.0012660519462796005
06/05/2022 01:47:34.831 - oc_logger - INFO - New record achieved. Previous FoM: 0.0012660519462796005, new best FoM : 0.0012659688479947917
06/05/2022 01:47:34.831 - oc_logger - INFO - Function evaluation number: 291, SI: 4, Sub-iteration number: 118, FoM: 0.0012659688479947917
06/05/2022 01:47:34.962 - oc_logger - INFO - Function evaluation number: 292, SI: 4, Sub-iteration number: 119, FoM: 0.001265987983539718
06/05/2022 01:47:34.962 - oc_logger - INFO - SI 4 finished - Number of evaluations: 203, Best FoM: 0.0012659688479947917, Terminate reason: Convergence of the FoM.

06/05/2022 01:47:34.962 - oc_logger - INFO - Direct search start time has been reset.
06/05/2022 01:47:35.091 - oc_logger - INFO - Function evaluation number: 293, SI: 5, Sub-iteration number: 0, FoM: 0.0012659688479947917
06/05/2022 01:47:35.221 - oc_logger - INFO - Function evaluation number: 294, SI: 5, Sub-iteration number: 0, FoM: 0.0012661673511022986
06/05/2022 01:47:35.349 - oc_logger - INFO - New record achieved. Previous FoM: 0.0012659688479947917, new best FoM : 0.0012659623866206893
06/05/2022 01:47:35.349 - oc_logger - INFO - Function evaluation number: 295, SI: 5, Sub-iteration number: 0, FoM: 0.0012659623866206893
06/05/2022 01:47:35.485 - oc_logger - INFO - Function evaluation number: 296, SI: 5, Sub-iteration number: 0, FoM: 0.001266048877899495
06/05/2022 01:47:35.611 - oc_logger - INFO - Function evaluation number: 297, SI: 5, Sub-iteration number: 0, FoM: 0.0012659833444972346
06/05/2022 01:47:35.735 - oc_logger - INFO - New record achieved. Previous FoM: 0.0012659623866206893, new best FoM : 0.0012659427030229375
06/05/2022 01:47:35.735 - oc_logger - INFO - Function evaluation number: 298, SI: 5, Sub-iteration number: 0, FoM: 0.0012659427030229375
06/05/2022 01:47:35.871 - oc_logger - INFO - Function evaluation number: 299, SI: 5, Sub-iteration number: 0, FoM: 0.0012659500156214643
06/05/2022 01:47:36.006 - oc_logger - INFO - Function evaluation number: 300, SI: 5, Sub-iteration number: 0, FoM: 0.0012659483166111984
06/05/2022 01:47:36.135 - oc_logger - INFO - Function evaluation number: 301, SI: 5, Sub-iteration number: 0, FoM: 0.001265957058933287
06/05/2022 01:47:36.252 - oc_logger - INFO - Function evaluation number: 302, SI: 5, Sub-iteration number: 1, FoM: 0.0012660628004146357
06/05/2022 01:47:36.380 - oc_logger - INFO - Function evaluation number: 303, SI: 5, Sub-iteration number: 1, FoM: 0.0012659917469473037
06/05/2022 01:47:36.380 - oc_logger - INFO - SI 5 finished - Number of evaluations: 11, Best FoM: 0.0012659427030229375, Terminate reason: Convergence of the FoM.

06/05/2022 01:47:36.381 - oc_logger - INFO - Figure of merit : 0.0012659427030229375
06/05/2022 01:47:36.381 - oc_logger - INFO - Std : 0.0
06/05/2022 01:47:36.381 - oc_logger - INFO - total number of function evaluations : 303
06/05/2022 01:47:36.381 - oc_logger - INFO - dcrab_freq_list : [array([[0.14342772, 0.73999371, 0.92388319, 1.47281907]]), array([[0.06811008, 0.47431149, 0.93128491, 1.34130944]]), array([[0.37429089, 0.41941183, 0.91873994, 1.2150156 ]]), array([[0.35560708, 0.43887098, 0.88330644, 1.44016223]]), array([[0.30100655, 0.67216991, 0.93689438, 1.2595341 ]])]
06/05/2022 01:47:36.382 - oc_logger - INFO - dcrab_para_list : [array([-2.37886410e-02, -1.58969905e-04,  3.52752144e-01, -9.28644419e-18,
        4.77049920e-18,  2.48665932e-18, -1.93943778e-19,  5.87200335e-18]), array([0., 0., 0., 0., 0., 0., 0., 0.]), array([ 1.18556387e-01,  5.46658942e-02, -5.96420036e-02,  3.23108116e-01,
        1.01507570e-17,  5.98341365e-19,  4.34933216e-18,  6.03057993e-19]), array([ 19.84555837,   8.77958468,   3.74183929,  40.44056952,
        44.20622417,  -9.69728707, -46.41657108, -16.38937394]), array([ 4.51231848e-02,  1.82135823e-02, -1.33139201e-02,  2.35490761e-02,
        3.49142298e-01,  1.14249824e-17,  6.75878062e-18, -1.21840566e-17])]
06/05/2022 01:47:36.382 - oc_logger - INFO - terminate_reason : Convergence of the FoM.
