06/05/2022 12:48:30.064 - oc_logger - INFO - The optimization direction is minimization
06/05/2022 12:48:30.066 - oc_logger - INFO - QuOCS version number: 0.0.22
06/05/2022 12:48:30.066 - oc_logger - INFO - Direct search start time has been reset.
06/05/2022 12:48:30.407 - oc_logger - INFO - New record achieved. Previous FoM: 10000000000.0, new best FoM : 0.9736910538037644
06/05/2022 12:48:30.407 - oc_logger - INFO - Function evaluation number: 1, SI: 1, Sub-iteration number: 0, FoM: 0.9736910538037644
06/05/2022 12:48:30.758 - oc_logger - INFO - New record achieved. Previous FoM: 0.9736910538037644, new best FoM : 0.9735379801484664
06/05/2022 12:48:30.758 - oc_logger - INFO - Function evaluation number: 2, SI: 1, Sub-iteration number: 0, FoM: 0.9735379801484664
06/05/2022 12:48:31.088 - oc_logger - INFO - Function evaluation number: 3, SI: 1, Sub-iteration number: 0, FoM: 0.9738788114581047
06/05/2022 12:48:31.377 - oc_logger - INFO - Function evaluation number: 4, SI: 1, Sub-iteration number: 0, FoM: 0.9736243483341643
06/05/2022 12:48:31.858 - oc_logger - INFO - Function evaluation number: 5, SI: 1, Sub-iteration number: 0, FoM: 0.9737011624316555
06/05/2022 12:48:32.398 - oc_logger - INFO - Function evaluation number: 6, SI: 1, Sub-iteration number: 0, FoM: 0.9738717539933662
06/05/2022 12:48:32.746 - oc_logger - INFO - New record achieved. Previous FoM: 0.9735379801484664, new best FoM : 0.9735318194418316
06/05/2022 12:48:32.746 - oc_logger - INFO - Function evaluation number: 7, SI: 1, Sub-iteration number: 0, FoM: 0.9735318194418316
06/05/2022 12:48:33.010 - oc_logger - INFO - Function evaluation number: 8, SI: 1, Sub-iteration number: 0, FoM: 0.9736668332274747
06/05/2022 12:48:33.334 - oc_logger - INFO - Function evaluation number: 9, SI: 1, Sub-iteration number: 0, FoM: 0.9738969783594396
06/05/2022 12:48:33.649 - oc_logger - INFO - New record achieved. Previous FoM: 0.9735318194418316, new best FoM : 0.9734783209988039
06/05/2022 12:48:33.649 - oc_logger - INFO - Function evaluation number: 10, SI: 1, Sub-iteration number: 1, FoM: 0.9734783209988039
06/05/2022 12:48:33.943 - oc_logger - INFO - New record achieved. Previous FoM: 0.9734783209988039, new best FoM : 0.9734257256428119
06/05/2022 12:48:33.943 - oc_logger - INFO - Function evaluation number: 11, SI: 1, Sub-iteration number: 1, FoM: 0.9734257256428119
06/05/2022 12:48:33.946 - oc_logger - INFO - SI 1 finished - Number of evaluations: 11, Best FoM: 0.9734257256428119, Terminate reason: Convergence of the FoM.

06/05/2022 12:48:33.949 - oc_logger - INFO - Direct search start time has been reset.
06/05/2022 12:48:34.274 - oc_logger - INFO - Function evaluation number: 12, SI: 2, Sub-iteration number: 0, FoM: 0.9734257256428119
06/05/2022 12:48:34.570 - oc_logger - INFO - New record achieved. Previous FoM: 0.9734257256428119, new best FoM : 0.972661404439479
06/05/2022 12:48:34.570 - oc_logger - INFO - Function evaluation number: 13, SI: 2, Sub-iteration number: 0, FoM: 0.972661404439479
06/05/2022 12:48:34.894 - oc_logger - INFO - New record achieved. Previous FoM: 0.972661404439479, new best FoM : 0.9721978096567967
06/05/2022 12:48:34.894 - oc_logger - INFO - Function evaluation number: 14, SI: 2, Sub-iteration number: 0, FoM: 0.9721978096567967
06/05/2022 12:48:35.151 - oc_logger - INFO - Function evaluation number: 15, SI: 2, Sub-iteration number: 0, FoM: 0.9722680326007874
06/05/2022 12:48:35.491 - oc_logger - INFO - Function evaluation number: 16, SI: 2, Sub-iteration number: 0, FoM: 0.973027927904029
06/05/2022 12:48:35.750 - oc_logger - INFO - Function evaluation number: 17, SI: 2, Sub-iteration number: 0, FoM: 0.9726109524637319
06/05/2022 12:48:36.034 - oc_logger - INFO - Function evaluation number: 18, SI: 2, Sub-iteration number: 0, FoM: 0.9730447319831524
06/05/2022 12:48:36.315 - oc_logger - INFO - Function evaluation number: 19, SI: 2, Sub-iteration number: 0, FoM: 0.9731056792948966
06/05/2022 12:48:36.653 - oc_logger - INFO - Function evaluation number: 20, SI: 2, Sub-iteration number: 0, FoM: 0.9746779774269545
06/05/2022 12:48:36.915 - oc_logger - INFO - New record achieved. Previous FoM: 0.9721978096567967, new best FoM : 0.9708330838628855
06/05/2022 12:48:36.915 - oc_logger - INFO - Function evaluation number: 21, SI: 2, Sub-iteration number: 1, FoM: 0.9708330838628855
06/05/2022 12:48:37.180 - oc_logger - INFO - New record achieved. Previous FoM: 0.9708330838628855, new best FoM : 0.9703306198640311
06/05/2022 12:48:37.181 - oc_logger - INFO - Function evaluation number: 22, SI: 2, Sub-iteration number: 1, FoM: 0.9703306198640311
06/05/2022 12:48:37.460 - oc_logger - INFO - Function evaluation number: 23, SI: 2, Sub-iteration number: 2, FoM: 0.9713788297602087
06/05/2022 12:48:37.770 - oc_logger - INFO - Function evaluation number: 24, SI: 2, Sub-iteration number: 3, FoM: 0.971272061329806
06/05/2022 12:48:38.008 - oc_logger - INFO - Function evaluation number: 25, SI: 2, Sub-iteration number: 4, FoM: 0.9708827927223458
06/05/2022 12:48:38.293 - oc_logger - INFO - Function evaluation number: 26, SI: 2, Sub-iteration number: 5, FoM: 0.9703497486242235
06/05/2022 12:48:38.586 - oc_logger - INFO - New record achieved. Previous FoM: 0.9703306198640311, new best FoM : 0.970143334575746
06/05/2022 12:48:38.586 - oc_logger - INFO - Function evaluation number: 27, SI: 2, Sub-iteration number: 6, FoM: 0.970143334575746
06/05/2022 12:48:38.884 - oc_logger - INFO - New record achieved. Previous FoM: 0.970143334575746, new best FoM : 0.9698197922824057
06/05/2022 12:48:38.884 - oc_logger - INFO - Function evaluation number: 28, SI: 2, Sub-iteration number: 6, FoM: 0.9698197922824057
06/05/2022 12:48:39.130 - oc_logger - INFO - New record achieved. Previous FoM: 0.9698197922824057, new best FoM : 0.9694801477524106
06/05/2022 12:48:39.130 - oc_logger - INFO - Function evaluation number: 29, SI: 2, Sub-iteration number: 7, FoM: 0.9694801477524106
06/05/2022 12:48:39.386 - oc_logger - INFO - New record achieved. Previous FoM: 0.9694801477524106, new best FoM : 0.9690755180655837
06/05/2022 12:48:39.386 - oc_logger - INFO - Function evaluation number: 30, SI: 2, Sub-iteration number: 7, FoM: 0.9690755180655837
06/05/2022 12:48:39.642 - oc_logger - INFO - New record achieved. Previous FoM: 0.9690755180655837, new best FoM : 0.9690255902894845
06/05/2022 12:48:39.642 - oc_logger - INFO - Function evaluation number: 31, SI: 2, Sub-iteration number: 8, FoM: 0.9690255902894845
06/05/2022 12:48:39.937 - oc_logger - INFO - New record achieved. Previous FoM: 0.9690255902894845, new best FoM : 0.968606430203542
06/05/2022 12:48:39.937 - oc_logger - INFO - Function evaluation number: 32, SI: 2, Sub-iteration number: 8, FoM: 0.968606430203542
06/05/2022 12:48:40.278 - oc_logger - INFO - New record achieved. Previous FoM: 0.968606430203542, new best FoM : 0.9681694159258858
06/05/2022 12:48:40.278 - oc_logger - INFO - Function evaluation number: 33, SI: 2, Sub-iteration number: 9, FoM: 0.9681694159258858
06/05/2022 12:48:40.652 - oc_logger - INFO - New record achieved. Previous FoM: 0.9681694159258858, new best FoM : 0.967644017884399
06/05/2022 12:48:40.652 - oc_logger - INFO - Function evaluation number: 34, SI: 2, Sub-iteration number: 9, FoM: 0.967644017884399
06/05/2022 12:48:40.973 - oc_logger - INFO - Function evaluation number: 35, SI: 2, Sub-iteration number: 10, FoM: 0.968090535080576
06/05/2022 12:48:41.336 - oc_logger - INFO - New record achieved. Previous FoM: 0.967644017884399, new best FoM : 0.9673809772915835
06/05/2022 12:48:41.336 - oc_logger - INFO - Function evaluation number: 36, SI: 2, Sub-iteration number: 11, FoM: 0.9673809772915835
06/05/2022 12:48:42.011 - oc_logger - INFO - New record achieved. Previous FoM: 0.9673809772915835, new best FoM : 0.966875294787897
06/05/2022 12:48:42.011 - oc_logger - INFO - Function evaluation number: 37, SI: 2, Sub-iteration number: 11, FoM: 0.966875294787897
06/05/2022 12:48:42.271 - oc_logger - INFO - New record achieved. Previous FoM: 0.966875294787897, new best FoM : 0.9667648355319769
06/05/2022 12:48:42.271 - oc_logger - INFO - Function evaluation number: 38, SI: 2, Sub-iteration number: 12, FoM: 0.9667648355319769
06/05/2022 12:48:42.603 - oc_logger - INFO - New record achieved. Previous FoM: 0.9667648355319769, new best FoM : 0.9662288239447765
06/05/2022 12:48:42.603 - oc_logger - INFO - Function evaluation number: 39, SI: 2, Sub-iteration number: 12, FoM: 0.9662288239447765
06/05/2022 12:48:42.876 - oc_logger - INFO - Function evaluation number: 40, SI: 2, Sub-iteration number: 13, FoM: 0.9662756830966484
06/05/2022 12:48:43.234 - oc_logger - INFO - New record achieved. Previous FoM: 0.9662288239447765, new best FoM : 0.9652388739278509
06/05/2022 12:48:43.234 - oc_logger - INFO - Function evaluation number: 41, SI: 2, Sub-iteration number: 14, FoM: 0.9652388739278509
06/05/2022 12:48:43.485 - oc_logger - INFO - New record achieved. Previous FoM: 0.9652388739278509, new best FoM : 0.9645713402277518
06/05/2022 12:48:43.486 - oc_logger - INFO - Function evaluation number: 42, SI: 2, Sub-iteration number: 14, FoM: 0.9645713402277518
06/05/2022 12:48:43.741 - oc_logger - INFO - New record achieved. Previous FoM: 0.9645713402277518, new best FoM : 0.9644321591924875
06/05/2022 12:48:43.741 - oc_logger - INFO - Function evaluation number: 43, SI: 2, Sub-iteration number: 15, FoM: 0.9644321591924875
06/05/2022 12:48:44.011 - oc_logger - INFO - New record achieved. Previous FoM: 0.9644321591924875, new best FoM : 0.9637245386736016
06/05/2022 12:48:44.011 - oc_logger - INFO - Function evaluation number: 44, SI: 2, Sub-iteration number: 15, FoM: 0.9637245386736016
06/05/2022 12:48:44.471 - oc_logger - INFO - Function evaluation number: 45, SI: 2, Sub-iteration number: 16, FoM: 0.9638566720143701
06/05/2022 12:48:44.876 - oc_logger - INFO - New record achieved. Previous FoM: 0.9637245386736016, new best FoM : 0.9631268921651512
06/05/2022 12:48:44.877 - oc_logger - INFO - Function evaluation number: 46, SI: 2, Sub-iteration number: 17, FoM: 0.9631268921651512
06/05/2022 12:48:45.169 - oc_logger - INFO - New record achieved. Previous FoM: 0.9631268921651512, new best FoM : 0.9624075402361557
06/05/2022 12:48:45.169 - oc_logger - INFO - Function evaluation number: 47, SI: 2, Sub-iteration number: 17, FoM: 0.9624075402361557
06/05/2022 12:48:45.494 - oc_logger - INFO - New record achieved. Previous FoM: 0.9624075402361557, new best FoM : 0.9622145864736511
06/05/2022 12:48:45.494 - oc_logger - INFO - Function evaluation number: 48, SI: 2, Sub-iteration number: 18, FoM: 0.9622145864736511
06/05/2022 12:48:45.744 - oc_logger - INFO - New record achieved. Previous FoM: 0.9622145864736511, new best FoM : 0.9614418976375353
06/05/2022 12:48:45.744 - oc_logger - INFO - Function evaluation number: 49, SI: 2, Sub-iteration number: 18, FoM: 0.9614418976375353
06/05/2022 12:48:46.016 - oc_logger - INFO - New record achieved. Previous FoM: 0.9614418976375353, new best FoM : 0.9610904646410924
06/05/2022 12:48:46.016 - oc_logger - INFO - Function evaluation number: 50, SI: 2, Sub-iteration number: 19, FoM: 0.9610904646410924
06/05/2022 12:48:46.249 - oc_logger - INFO - New record achieved. Previous FoM: 0.9610904646410924, new best FoM : 0.9602259090430811
06/05/2022 12:48:46.249 - oc_logger - INFO - Function evaluation number: 51, SI: 2, Sub-iteration number: 19, FoM: 0.9602259090430811
06/05/2022 12:48:46.556 - oc_logger - INFO - New record achieved. Previous FoM: 0.9602259090430811, new best FoM : 0.9602016484578989
06/05/2022 12:48:46.556 - oc_logger - INFO - Function evaluation number: 52, SI: 2, Sub-iteration number: 20, FoM: 0.9602016484578989
06/05/2022 12:48:46.900 - oc_logger - INFO - New record achieved. Previous FoM: 0.9602016484578989, new best FoM : 0.9593207630220867
06/05/2022 12:48:46.900 - oc_logger - INFO - Function evaluation number: 53, SI: 2, Sub-iteration number: 20, FoM: 0.9593207630220867
06/05/2022 12:48:47.166 - oc_logger - INFO - New record achieved. Previous FoM: 0.9593207630220867, new best FoM : 0.9590469323271017
06/05/2022 12:48:47.166 - oc_logger - INFO - Function evaluation number: 54, SI: 2, Sub-iteration number: 21, FoM: 0.9590469323271017
06/05/2022 12:48:47.508 - oc_logger - INFO - New record achieved. Previous FoM: 0.9590469323271017, new best FoM : 0.9580901485080694
06/05/2022 12:48:47.509 - oc_logger - INFO - Function evaluation number: 55, SI: 2, Sub-iteration number: 21, FoM: 0.9580901485080694
06/05/2022 12:48:47.924 - oc_logger - INFO - New record achieved. Previous FoM: 0.9580901485080694, new best FoM : 0.956944404157915
06/05/2022 12:48:47.924 - oc_logger - INFO - Function evaluation number: 56, SI: 2, Sub-iteration number: 22, FoM: 0.956944404157915
06/05/2022 12:48:48.455 - oc_logger - INFO - New record achieved. Previous FoM: 0.956944404157915, new best FoM : 0.9556988588133181
06/05/2022 12:48:48.456 - oc_logger - INFO - Function evaluation number: 57, SI: 2, Sub-iteration number: 22, FoM: 0.9556988588133181
06/05/2022 12:48:48.806 - oc_logger - INFO - Function evaluation number: 58, SI: 2, Sub-iteration number: 23, FoM: 0.9564907353831286
06/05/2022 12:48:49.172 - oc_logger - INFO - New record achieved. Previous FoM: 0.9556988588133181, new best FoM : 0.9553457037445618
06/05/2022 12:48:49.172 - oc_logger - INFO - Function evaluation number: 59, SI: 2, Sub-iteration number: 24, FoM: 0.9553457037445618
06/05/2022 12:48:49.435 - oc_logger - INFO - New record achieved. Previous FoM: 0.9553457037445618, new best FoM : 0.9542145355371435
06/05/2022 12:48:49.435 - oc_logger - INFO - Function evaluation number: 60, SI: 2, Sub-iteration number: 24, FoM: 0.9542145355371435
06/05/2022 12:48:49.763 - oc_logger - INFO - New record achieved. Previous FoM: 0.9542145355371435, new best FoM : 0.952967758279973
06/05/2022 12:48:49.764 - oc_logger - INFO - Function evaluation number: 61, SI: 2, Sub-iteration number: 25, FoM: 0.952967758279973
06/05/2022 12:48:49.997 - oc_logger - INFO - New record achieved. Previous FoM: 0.952967758279973, new best FoM : 0.9515188382360616
06/05/2022 12:48:49.997 - oc_logger - INFO - Function evaluation number: 62, SI: 2, Sub-iteration number: 25, FoM: 0.9515188382360616
06/05/2022 12:48:50.403 - oc_logger - INFO - Function evaluation number: 63, SI: 2, Sub-iteration number: 26, FoM: 0.9516030557291657
06/05/2022 12:48:50.912 - oc_logger - INFO - New record achieved. Previous FoM: 0.9515188382360616, new best FoM : 0.9500777641384752
06/05/2022 12:48:50.912 - oc_logger - INFO - Function evaluation number: 64, SI: 2, Sub-iteration number: 27, FoM: 0.9500777641384752
06/05/2022 12:48:51.280 - oc_logger - INFO - New record achieved. Previous FoM: 0.9500777641384752, new best FoM : 0.9485497046767322
06/05/2022 12:48:51.280 - oc_logger - INFO - Function evaluation number: 65, SI: 2, Sub-iteration number: 27, FoM: 0.9485497046767322
06/05/2022 12:48:51.626 - oc_logger - INFO - New record achieved. Previous FoM: 0.9485497046767322, new best FoM : 0.9483708911269834
06/05/2022 12:48:51.626 - oc_logger - INFO - Function evaluation number: 66, SI: 2, Sub-iteration number: 28, FoM: 0.9483708911269834
06/05/2022 12:48:52.073 - oc_logger - INFO - New record achieved. Previous FoM: 0.9483708911269834, new best FoM : 0.9467745935100145
06/05/2022 12:48:52.076 - oc_logger - INFO - Function evaluation number: 67, SI: 2, Sub-iteration number: 28, FoM: 0.9467745935100145
06/05/2022 12:48:52.537 - oc_logger - INFO - New record achieved. Previous FoM: 0.9467745935100145, new best FoM : 0.9460782954961249
06/05/2022 12:48:52.537 - oc_logger - INFO - Function evaluation number: 68, SI: 2, Sub-iteration number: 29, FoM: 0.9460782954961249
06/05/2022 12:48:52.831 - oc_logger - INFO - New record achieved. Previous FoM: 0.9460782954961249, new best FoM : 0.9442870694480254
06/05/2022 12:48:52.831 - oc_logger - INFO - Function evaluation number: 69, SI: 2, Sub-iteration number: 29, FoM: 0.9442870694480254
06/05/2022 12:48:53.103 - oc_logger - INFO - New record achieved. Previous FoM: 0.9442870694480254, new best FoM : 0.9438255008592666
06/05/2022 12:48:53.103 - oc_logger - INFO - Function evaluation number: 70, SI: 2, Sub-iteration number: 30, FoM: 0.9438255008592666
06/05/2022 12:48:53.408 - oc_logger - INFO - New record achieved. Previous FoM: 0.9438255008592666, new best FoM : 0.9418909925744203
06/05/2022 12:48:53.409 - oc_logger - INFO - Function evaluation number: 71, SI: 2, Sub-iteration number: 30, FoM: 0.9418909925744203
06/05/2022 12:48:53.713 - oc_logger - INFO - New record achieved. Previous FoM: 0.9418909925744203, new best FoM : 0.9418011476173376
06/05/2022 12:48:53.714 - oc_logger - INFO - Function evaluation number: 72, SI: 2, Sub-iteration number: 31, FoM: 0.9418011476173376
06/05/2022 12:48:54.149 - oc_logger - INFO - New record achieved. Previous FoM: 0.9418011476173376, new best FoM : 0.9398119846006866
06/05/2022 12:48:54.149 - oc_logger - INFO - Function evaluation number: 73, SI: 2, Sub-iteration number: 31, FoM: 0.9398119846006866
06/05/2022 12:48:54.626 - oc_logger - INFO - New record achieved. Previous FoM: 0.9398119846006866, new best FoM : 0.9384563711110484
06/05/2022 12:48:54.626 - oc_logger - INFO - Function evaluation number: 74, SI: 2, Sub-iteration number: 32, FoM: 0.9384563711110484
06/05/2022 12:48:54.990 - oc_logger - INFO - New record achieved. Previous FoM: 0.9384563711110484, new best FoM : 0.9360987282273195
06/05/2022 12:48:54.990 - oc_logger - INFO - Function evaluation number: 75, SI: 2, Sub-iteration number: 32, FoM: 0.9360987282273195
06/05/2022 12:48:55.228 - oc_logger - INFO - New record achieved. Previous FoM: 0.9360987282273195, new best FoM : 0.9353414400668608
06/05/2022 12:48:55.228 - oc_logger - INFO - Function evaluation number: 76, SI: 2, Sub-iteration number: 33, FoM: 0.9353414400668608
06/05/2022 12:48:55.557 - oc_logger - INFO - New record achieved. Previous FoM: 0.9353414400668608, new best FoM : 0.9327517837614291
06/05/2022 12:48:55.557 - oc_logger - INFO - Function evaluation number: 77, SI: 2, Sub-iteration number: 33, FoM: 0.9327517837614291
06/05/2022 12:48:56.009 - oc_logger - INFO - Function evaluation number: 78, SI: 2, Sub-iteration number: 34, FoM: 0.9333867934857344
06/05/2022 12:48:56.445 - oc_logger - INFO - New record achieved. Previous FoM: 0.9327517837614291, new best FoM : 0.9285171715167133
06/05/2022 12:48:56.447 - oc_logger - INFO - Function evaluation number: 79, SI: 2, Sub-iteration number: 35, FoM: 0.9285171715167133
06/05/2022 12:48:56.878 - oc_logger - INFO - New record achieved. Previous FoM: 0.9285171715167133, new best FoM : 0.9253320138853673
06/05/2022 12:48:56.878 - oc_logger - INFO - Function evaluation number: 80, SI: 2, Sub-iteration number: 35, FoM: 0.9253320138853673
06/05/2022 12:48:57.208 - oc_logger - INFO - Function evaluation number: 81, SI: 2, Sub-iteration number: 36, FoM: 0.9258337868432404
06/05/2022 12:48:57.515 - oc_logger - INFO - New record achieved. Previous FoM: 0.9253320138853673, new best FoM : 0.9222592704801909
06/05/2022 12:48:57.515 - oc_logger - INFO - Function evaluation number: 82, SI: 2, Sub-iteration number: 37, FoM: 0.9222592704801909
06/05/2022 12:48:57.951 - oc_logger - INFO - New record achieved. Previous FoM: 0.9222592704801909, new best FoM : 0.9188793763162689
06/05/2022 12:48:57.952 - oc_logger - INFO - Function evaluation number: 83, SI: 2, Sub-iteration number: 37, FoM: 0.9188793763162689
06/05/2022 12:48:58.387 - oc_logger - INFO - New record achieved. Previous FoM: 0.9188793763162689, new best FoM : 0.9183814731471417
06/05/2022 12:48:58.387 - oc_logger - INFO - Function evaluation number: 84, SI: 2, Sub-iteration number: 38, FoM: 0.9183814731471417
06/05/2022 12:48:58.729 - oc_logger - INFO - New record achieved. Previous FoM: 0.9183814731471417, new best FoM : 0.9148084054324436
06/05/2022 12:48:58.729 - oc_logger - INFO - Function evaluation number: 85, SI: 2, Sub-iteration number: 38, FoM: 0.9148084054324436
06/05/2022 12:48:59.064 - oc_logger - INFO - New record achieved. Previous FoM: 0.9148084054324436, new best FoM : 0.9139451980900074
06/05/2022 12:48:59.065 - oc_logger - INFO - Function evaluation number: 86, SI: 2, Sub-iteration number: 39, FoM: 0.9139451980900074
06/05/2022 12:48:59.484 - oc_logger - INFO - New record achieved. Previous FoM: 0.9139451980900074, new best FoM : 0.9100853454209997
06/05/2022 12:48:59.484 - oc_logger - INFO - Function evaluation number: 87, SI: 2, Sub-iteration number: 39, FoM: 0.9100853454209997
06/05/2022 12:48:59.951 - oc_logger - INFO - New record achieved. Previous FoM: 0.9100853454209997, new best FoM : 0.9083765482498388
06/05/2022 12:48:59.951 - oc_logger - INFO - Function evaluation number: 88, SI: 2, Sub-iteration number: 40, FoM: 0.9083765482498388
06/05/2022 12:49:00.342 - oc_logger - INFO - New record achieved. Previous FoM: 0.9083765482498388, new best FoM : 0.904009568845038
06/05/2022 12:49:00.342 - oc_logger - INFO - Function evaluation number: 89, SI: 2, Sub-iteration number: 40, FoM: 0.904009568845038
06/05/2022 12:49:00.684 - oc_logger - INFO - Function evaluation number: 90, SI: 2, Sub-iteration number: 41, FoM: 0.9042213265476878
06/05/2022 12:49:01.032 - oc_logger - INFO - New record achieved. Previous FoM: 0.904009568845038, new best FoM : 0.8995320882861454
06/05/2022 12:49:01.032 - oc_logger - INFO - Function evaluation number: 91, SI: 2, Sub-iteration number: 42, FoM: 0.8995320882861454
06/05/2022 12:49:01.319 - oc_logger - INFO - New record achieved. Previous FoM: 0.8995320882861454, new best FoM : 0.8949378580121672
06/05/2022 12:49:01.319 - oc_logger - INFO - Function evaluation number: 92, SI: 2, Sub-iteration number: 42, FoM: 0.8949378580121672
06/05/2022 12:49:01.668 - oc_logger - INFO - New record achieved. Previous FoM: 0.8949378580121672, new best FoM : 0.8905995842364205
06/05/2022 12:49:01.668 - oc_logger - INFO - Function evaluation number: 93, SI: 2, Sub-iteration number: 43, FoM: 0.8905995842364205
06/05/2022 12:49:02.018 - oc_logger - INFO - New record achieved. Previous FoM: 0.8905995842364205, new best FoM : 0.8854588424539118
06/05/2022 12:49:02.018 - oc_logger - INFO - Function evaluation number: 94, SI: 2, Sub-iteration number: 43, FoM: 0.8854588424539118
06/05/2022 12:49:02.403 - oc_logger - INFO - Function evaluation number: 95, SI: 2, Sub-iteration number: 44, FoM: 0.8883778779823893
06/05/2022 12:49:02.772 - oc_logger - INFO - New record achieved. Previous FoM: 0.8854588424539118, new best FoM : 0.8806149641961284
06/05/2022 12:49:02.772 - oc_logger - INFO - Function evaluation number: 96, SI: 2, Sub-iteration number: 45, FoM: 0.8806149641961284
06/05/2022 12:49:03.100 - oc_logger - INFO - New record achieved. Previous FoM: 0.8806149641961284, new best FoM : 0.8760157379082968
06/05/2022 12:49:03.100 - oc_logger - INFO - Function evaluation number: 97, SI: 2, Sub-iteration number: 45, FoM: 0.8760157379082968
06/05/2022 12:49:03.368 - oc_logger - INFO - Function evaluation number: 98, SI: 2, Sub-iteration number: 46, FoM: 0.8766122561333308
06/05/2022 12:49:03.631 - oc_logger - INFO - New record achieved. Previous FoM: 0.8760157379082968, new best FoM : 0.8720474693532743
06/05/2022 12:49:03.631 - oc_logger - INFO - Function evaluation number: 99, SI: 2, Sub-iteration number: 47, FoM: 0.8720474693532743
06/05/2022 12:49:03.951 - oc_logger - INFO - New record achieved. Previous FoM: 0.8720474693532743, new best FoM : 0.8678437664787575
06/05/2022 12:49:03.951 - oc_logger - INFO - Function evaluation number: 100, SI: 2, Sub-iteration number: 47, FoM: 0.8678437664787575
06/05/2022 12:49:04.260 - oc_logger - INFO - New record achieved. Previous FoM: 0.8678437664787575, new best FoM : 0.8677780130770031
06/05/2022 12:49:04.261 - oc_logger - INFO - Function evaluation number: 101, SI: 2, Sub-iteration number: 48, FoM: 0.8677780130770031
06/05/2022 12:49:04.619 - oc_logger - INFO - New record achieved. Previous FoM: 0.8677780130770031, new best FoM : 0.8639154138055432
06/05/2022 12:49:04.619 - oc_logger - INFO - Function evaluation number: 102, SI: 2, Sub-iteration number: 48, FoM: 0.8639154138055432
06/05/2022 12:49:04.954 - oc_logger - INFO - New record achieved. Previous FoM: 0.8639154138055432, new best FoM : 0.8637085741845346
06/05/2022 12:49:04.954 - oc_logger - INFO - Function evaluation number: 103, SI: 2, Sub-iteration number: 49, FoM: 0.8637085741845346
06/05/2022 12:49:05.224 - oc_logger - INFO - New record achieved. Previous FoM: 0.8637085741845346, new best FoM : 0.8600640087926034
06/05/2022 12:49:05.225 - oc_logger - INFO - Function evaluation number: 104, SI: 2, Sub-iteration number: 49, FoM: 0.8600640087926034
06/05/2022 12:49:05.502 - oc_logger - INFO - New record achieved. Previous FoM: 0.8600640087926034, new best FoM : 0.8552460045422494
06/05/2022 12:49:05.503 - oc_logger - INFO - Function evaluation number: 105, SI: 2, Sub-iteration number: 50, FoM: 0.8552460045422494
06/05/2022 12:49:05.823 - oc_logger - INFO - New record achieved. Previous FoM: 0.8552460045422494, new best FoM : 0.8514159181747625
06/05/2022 12:49:05.823 - oc_logger - INFO - Function evaluation number: 106, SI: 2, Sub-iteration number: 50, FoM: 0.8514159181747625
06/05/2022 12:49:06.276 - oc_logger - INFO - Function evaluation number: 107, SI: 2, Sub-iteration number: 51, FoM: 0.8534929885819855
06/05/2022 12:49:06.616 - oc_logger - INFO - New record achieved. Previous FoM: 0.8514159181747625, new best FoM : 0.8493745361099378
06/05/2022 12:49:06.616 - oc_logger - INFO - Function evaluation number: 108, SI: 2, Sub-iteration number: 52, FoM: 0.8493745361099378
06/05/2022 12:49:06.965 - oc_logger - INFO - New record achieved. Previous FoM: 0.8493745361099378, new best FoM : 0.8461558137016253
06/05/2022 12:49:06.965 - oc_logger - INFO - Function evaluation number: 109, SI: 2, Sub-iteration number: 52, FoM: 0.8461558137016253
06/05/2022 12:49:07.216 - oc_logger - INFO - New record achieved. Previous FoM: 0.8461558137016253, new best FoM : 0.8453888034064714
06/05/2022 12:49:07.217 - oc_logger - INFO - Function evaluation number: 110, SI: 2, Sub-iteration number: 53, FoM: 0.8453888034064714
06/05/2022 12:49:07.480 - oc_logger - INFO - New record achieved. Previous FoM: 0.8453888034064714, new best FoM : 0.8425428454933437
06/05/2022 12:49:07.481 - oc_logger - INFO - Function evaluation number: 111, SI: 2, Sub-iteration number: 53, FoM: 0.8425428454933437
06/05/2022 12:49:07.752 - oc_logger - INFO - Function evaluation number: 112, SI: 2, Sub-iteration number: 54, FoM: 0.8427594091329959
06/05/2022 12:49:08.101 - oc_logger - INFO - New record achieved. Previous FoM: 0.8425428454933437, new best FoM : 0.8369601593311033
06/05/2022 12:49:08.101 - oc_logger - INFO - Function evaluation number: 113, SI: 2, Sub-iteration number: 55, FoM: 0.8369601593311033
06/05/2022 12:49:08.543 - oc_logger - INFO - New record achieved. Previous FoM: 0.8369601593311033, new best FoM : 0.8342178661439175
06/05/2022 12:49:08.543 - oc_logger - INFO - Function evaluation number: 114, SI: 2, Sub-iteration number: 55, FoM: 0.8342178661439175
06/05/2022 12:49:08.816 - oc_logger - INFO - Function evaluation number: 115, SI: 2, Sub-iteration number: 56, FoM: 0.8365787490895611
06/05/2022 12:49:09.085 - oc_logger - INFO - New record achieved. Previous FoM: 0.8342178661439175, new best FoM : 0.8336120233750092
06/05/2022 12:49:09.085 - oc_logger - INFO - Function evaluation number: 116, SI: 2, Sub-iteration number: 57, FoM: 0.8336120233750092
06/05/2022 12:49:09.439 - oc_logger - INFO - New record achieved. Previous FoM: 0.8336120233750092, new best FoM : 0.8316588379964635
06/05/2022 12:49:09.439 - oc_logger - INFO - Function evaluation number: 117, SI: 2, Sub-iteration number: 57, FoM: 0.8316588379964635
06/05/2022 12:49:09.869 - oc_logger - INFO - New record achieved. Previous FoM: 0.8316588379964635, new best FoM : 0.8306047309170941
06/05/2022 12:49:09.869 - oc_logger - INFO - Function evaluation number: 118, SI: 2, Sub-iteration number: 58, FoM: 0.8306047309170941
06/05/2022 12:49:10.254 - oc_logger - INFO - New record achieved. Previous FoM: 0.8306047309170941, new best FoM : 0.8286079619724672
06/05/2022 12:49:10.254 - oc_logger - INFO - Function evaluation number: 119, SI: 2, Sub-iteration number: 58, FoM: 0.8286079619724672
06/05/2022 12:49:10.682 - oc_logger - INFO - New record achieved. Previous FoM: 0.8286079619724672, new best FoM : 0.8282889593197584
06/05/2022 12:49:10.682 - oc_logger - INFO - Function evaluation number: 120, SI: 2, Sub-iteration number: 59, FoM: 0.8282889593197584
06/05/2022 12:49:10.946 - oc_logger - INFO - New record achieved. Previous FoM: 0.8282889593197584, new best FoM : 0.8266431411968269
06/05/2022 12:49:10.946 - oc_logger - INFO - Function evaluation number: 121, SI: 2, Sub-iteration number: 59, FoM: 0.8266431411968269
06/05/2022 12:49:11.196 - oc_logger - INFO - New record achieved. Previous FoM: 0.8266431411968269, new best FoM : 0.8264257605934711
06/05/2022 12:49:11.196 - oc_logger - INFO - Function evaluation number: 122, SI: 2, Sub-iteration number: 60, FoM: 0.8264257605934711
06/05/2022 12:49:11.447 - oc_logger - INFO - New record achieved. Previous FoM: 0.8264257605934711, new best FoM : 0.8248840063590307
06/05/2022 12:49:11.447 - oc_logger - INFO - Function evaluation number: 123, SI: 2, Sub-iteration number: 60, FoM: 0.8248840063590307
06/05/2022 12:49:11.703 - oc_logger - INFO - Function evaluation number: 124, SI: 2, Sub-iteration number: 61, FoM: 0.825000632196478
06/05/2022 12:49:12.003 - oc_logger - INFO - New record achieved. Previous FoM: 0.8248840063590307, new best FoM : 0.8224597695658956
06/05/2022 12:49:12.003 - oc_logger - INFO - Function evaluation number: 125, SI: 2, Sub-iteration number: 62, FoM: 0.8224597695658956
06/05/2022 12:49:12.332 - oc_logger - INFO - New record achieved. Previous FoM: 0.8224597695658956, new best FoM : 0.820987117520083
06/05/2022 12:49:12.332 - oc_logger - INFO - Function evaluation number: 126, SI: 2, Sub-iteration number: 62, FoM: 0.820987117520083
06/05/2022 12:49:12.915 - oc_logger - INFO - New record achieved. Previous FoM: 0.820987117520083, new best FoM : 0.8203555863320696
06/05/2022 12:49:12.915 - oc_logger - INFO - Function evaluation number: 127, SI: 2, Sub-iteration number: 63, FoM: 0.8203555863320696
06/05/2022 12:49:13.370 - oc_logger - INFO - New record achieved. Previous FoM: 0.8203555863320696, new best FoM : 0.8192499887562968
06/05/2022 12:49:13.370 - oc_logger - INFO - Function evaluation number: 128, SI: 2, Sub-iteration number: 63, FoM: 0.8192499887562968
06/05/2022 12:49:13.963 - oc_logger - INFO - New record achieved. Previous FoM: 0.8192499887562968, new best FoM : 0.8184635995434197
06/05/2022 12:49:13.963 - oc_logger - INFO - Function evaluation number: 129, SI: 2, Sub-iteration number: 64, FoM: 0.8184635995434197
06/05/2022 12:49:14.390 - oc_logger - INFO - New record achieved. Previous FoM: 0.8184635995434197, new best FoM : 0.8174389424190361
06/05/2022 12:49:14.390 - oc_logger - INFO - Function evaluation number: 130, SI: 2, Sub-iteration number: 64, FoM: 0.8174389424190361
06/05/2022 12:49:14.760 - oc_logger - INFO - Function evaluation number: 131, SI: 2, Sub-iteration number: 65, FoM: 0.817472171177444
06/05/2022 12:49:15.213 - oc_logger - INFO - New record achieved. Previous FoM: 0.8174389424190361, new best FoM : 0.8160276514062882
06/05/2022 12:49:15.213 - oc_logger - INFO - Function evaluation number: 132, SI: 2, Sub-iteration number: 66, FoM: 0.8160276514062882
06/05/2022 12:49:15.579 - oc_logger - INFO - New record achieved. Previous FoM: 0.8160276514062882, new best FoM : 0.8152883546428304
06/05/2022 12:49:15.579 - oc_logger - INFO - Function evaluation number: 133, SI: 2, Sub-iteration number: 66, FoM: 0.8152883546428304
06/05/2022 12:49:15.968 - oc_logger - INFO - Function evaluation number: 134, SI: 2, Sub-iteration number: 67, FoM: 0.8159849327411935
06/05/2022 12:49:16.392 - oc_logger - INFO - Function evaluation number: 135, SI: 2, Sub-iteration number: 68, FoM: 0.815693820950428
06/05/2022 12:49:16.814 - oc_logger - INFO - New record achieved. Previous FoM: 0.8152883546428304, new best FoM : 0.8149435641796133
06/05/2022 12:49:16.814 - oc_logger - INFO - Function evaluation number: 136, SI: 2, Sub-iteration number: 69, FoM: 0.8149435641796133
06/05/2022 12:49:17.208 - oc_logger - INFO - New record achieved. Previous FoM: 0.8149435641796133, new best FoM : 0.8145499679197146
06/05/2022 12:49:17.208 - oc_logger - INFO - Function evaluation number: 137, SI: 2, Sub-iteration number: 69, FoM: 0.8145499679197146
06/05/2022 12:49:17.604 - oc_logger - INFO - New record achieved. Previous FoM: 0.8145499679197146, new best FoM : 0.8139285614355214
06/05/2022 12:49:17.604 - oc_logger - INFO - Function evaluation number: 138, SI: 2, Sub-iteration number: 70, FoM: 0.8139285614355214
06/05/2022 12:49:18.001 - oc_logger - INFO - New record achieved. Previous FoM: 0.8139285614355214, new best FoM : 0.8135295409171366
06/05/2022 12:49:18.001 - oc_logger - INFO - Function evaluation number: 139, SI: 2, Sub-iteration number: 70, FoM: 0.8135295409171366
06/05/2022 12:49:18.382 - oc_logger - INFO - Function evaluation number: 140, SI: 2, Sub-iteration number: 71, FoM: 0.8137985754663437
06/05/2022 12:49:18.748 - oc_logger - INFO - New record achieved. Previous FoM: 0.8135295409171366, new best FoM : 0.813080410283597
06/05/2022 12:49:18.748 - oc_logger - INFO - Function evaluation number: 141, SI: 2, Sub-iteration number: 72, FoM: 0.813080410283597
06/05/2022 12:49:19.114 - oc_logger - INFO - New record achieved. Previous FoM: 0.813080410283597, new best FoM : 0.8127193649268575
06/05/2022 12:49:19.114 - oc_logger - INFO - Function evaluation number: 142, SI: 2, Sub-iteration number: 72, FoM: 0.8127193649268575
06/05/2022 12:49:19.449 - oc_logger - INFO - Function evaluation number: 143, SI: 2, Sub-iteration number: 73, FoM: 0.8127527121126522
06/05/2022 12:49:19.784 - oc_logger - INFO - New record achieved. Previous FoM: 0.8127193649268575, new best FoM : 0.8126614577742056
06/05/2022 12:49:19.784 - oc_logger - INFO - Function evaluation number: 144, SI: 2, Sub-iteration number: 74, FoM: 0.8126614577742056
06/05/2022 12:49:20.174 - oc_logger - INFO - New record achieved. Previous FoM: 0.8126614577742056, new best FoM : 0.8124391404190368
06/05/2022 12:49:20.174 - oc_logger - INFO - Function evaluation number: 145, SI: 2, Sub-iteration number: 74, FoM: 0.8124391404190368
06/05/2022 12:49:20.509 - oc_logger - INFO - New record achieved. Previous FoM: 0.8124391404190368, new best FoM : 0.8122498482030189
06/05/2022 12:49:20.509 - oc_logger - INFO - Function evaluation number: 146, SI: 2, Sub-iteration number: 75, FoM: 0.8122498482030189
06/05/2022 12:49:20.875 - oc_logger - INFO - New record achieved. Previous FoM: 0.8122498482030189, new best FoM : 0.8119848312233999
06/05/2022 12:49:20.875 - oc_logger - INFO - Function evaluation number: 147, SI: 2, Sub-iteration number: 75, FoM: 0.8119848312233999
06/05/2022 12:49:21.220 - oc_logger - INFO - New record achieved. Previous FoM: 0.8119848312233999, new best FoM : 0.8116328203668643
06/05/2022 12:49:21.220 - oc_logger - INFO - Function evaluation number: 148, SI: 2, Sub-iteration number: 76, FoM: 0.8116328203668643
06/05/2022 12:49:21.554 - oc_logger - INFO - New record achieved. Previous FoM: 0.8116328203668643, new best FoM : 0.8113048212765203
06/05/2022 12:49:21.554 - oc_logger - INFO - Function evaluation number: 149, SI: 2, Sub-iteration number: 76, FoM: 0.8113048212765203
06/05/2022 12:49:21.892 - oc_logger - INFO - Function evaluation number: 150, SI: 2, Sub-iteration number: 77, FoM: 0.8114232735430993
06/05/2022 12:49:22.204 - oc_logger - INFO - New record achieved. Previous FoM: 0.8113048212765203, new best FoM : 0.8110164348751667
06/05/2022 12:49:22.204 - oc_logger - INFO - Function evaluation number: 151, SI: 2, Sub-iteration number: 78, FoM: 0.8110164348751667
06/05/2022 12:49:22.544 - oc_logger - INFO - New record achieved. Previous FoM: 0.8110164348751667, new best FoM : 0.8107509017428268
06/05/2022 12:49:22.544 - oc_logger - INFO - Function evaluation number: 152, SI: 2, Sub-iteration number: 78, FoM: 0.8107509017428268
06/05/2022 12:49:22.860 - oc_logger - INFO - Function evaluation number: 153, SI: 2, Sub-iteration number: 79, FoM: 0.8107521134471513
06/05/2022 12:49:23.191 - oc_logger - INFO - New record achieved. Previous FoM: 0.8107509017428268, new best FoM : 0.8106839738763859
06/05/2022 12:49:23.191 - oc_logger - INFO - Function evaluation number: 154, SI: 2, Sub-iteration number: 80, FoM: 0.8106839738763859
06/05/2022 12:49:23.540 - oc_logger - INFO - New record achieved. Previous FoM: 0.8106839738763859, new best FoM : 0.8106109107048116
06/05/2022 12:49:23.540 - oc_logger - INFO - Function evaluation number: 155, SI: 2, Sub-iteration number: 80, FoM: 0.8106109107048116
06/05/2022 12:49:23.860 - oc_logger - INFO - New record achieved. Previous FoM: 0.8106109107048116, new best FoM : 0.8103367259907455
06/05/2022 12:49:23.860 - oc_logger - INFO - Function evaluation number: 156, SI: 2, Sub-iteration number: 81, FoM: 0.8103367259907455
06/05/2022 12:49:24.176 - oc_logger - INFO - New record achieved. Previous FoM: 0.8103367259907455, new best FoM : 0.8102019794584066
06/05/2022 12:49:24.176 - oc_logger - INFO - Function evaluation number: 157, SI: 2, Sub-iteration number: 81, FoM: 0.8102019794584066
06/05/2022 12:49:24.493 - oc_logger - INFO - Function evaluation number: 158, SI: 2, Sub-iteration number: 82, FoM: 0.8102510031404746
06/05/2022 12:49:24.804 - oc_logger - INFO - New record achieved. Previous FoM: 0.8102019794584066, new best FoM : 0.8099472419996978
06/05/2022 12:49:24.804 - oc_logger - INFO - Function evaluation number: 159, SI: 2, Sub-iteration number: 83, FoM: 0.8099472419996978
06/05/2022 12:49:25.128 - oc_logger - INFO - New record achieved. Previous FoM: 0.8099472419996978, new best FoM : 0.8098411741394239
06/05/2022 12:49:25.128 - oc_logger - INFO - Function evaluation number: 160, SI: 2, Sub-iteration number: 83, FoM: 0.8098411741394239
06/05/2022 12:49:25.478 - oc_logger - INFO - Function evaluation number: 161, SI: 2, Sub-iteration number: 84, FoM: 0.8098775464427583
06/05/2022 12:49:25.844 - oc_logger - INFO - Function evaluation number: 162, SI: 2, Sub-iteration number: 85, FoM: 0.8100147402504972
06/05/2022 12:49:26.195 - oc_logger - INFO - New record achieved. Previous FoM: 0.8098411741394239, new best FoM : 0.8098088888160774
06/05/2022 12:49:26.195 - oc_logger - INFO - Function evaluation number: 163, SI: 2, Sub-iteration number: 86, FoM: 0.8098088888160774
06/05/2022 12:49:26.538 - oc_logger - INFO - New record achieved. Previous FoM: 0.8098088888160774, new best FoM : 0.8097553518428051
06/05/2022 12:49:26.538 - oc_logger - INFO - Function evaluation number: 164, SI: 2, Sub-iteration number: 86, FoM: 0.8097553518428051
06/05/2022 12:49:26.898 - oc_logger - INFO - New record achieved. Previous FoM: 0.8097553518428051, new best FoM : 0.8097473308088606
06/05/2022 12:49:26.898 - oc_logger - INFO - Function evaluation number: 165, SI: 2, Sub-iteration number: 87, FoM: 0.8097473308088606
06/05/2022 12:49:27.280 - oc_logger - INFO - New record achieved. Previous FoM: 0.8097473308088606, new best FoM : 0.8097328753349975
06/05/2022 12:49:27.280 - oc_logger - INFO - Function evaluation number: 166, SI: 2, Sub-iteration number: 87, FoM: 0.8097328753349975
06/05/2022 12:49:27.604 - oc_logger - INFO - New record achieved. Previous FoM: 0.8097328753349975, new best FoM : 0.8097309942741007
06/05/2022 12:49:27.604 - oc_logger - INFO - Function evaluation number: 167, SI: 2, Sub-iteration number: 88, FoM: 0.8097309942741007
06/05/2022 12:49:27.981 - oc_logger - INFO - New record achieved. Previous FoM: 0.8097309942741007, new best FoM : 0.8096976682792401
06/05/2022 12:49:27.981 - oc_logger - INFO - Function evaluation number: 168, SI: 2, Sub-iteration number: 88, FoM: 0.8096976682792401
06/05/2022 12:49:28.350 - oc_logger - INFO - New record achieved. Previous FoM: 0.8096976682792401, new best FoM : 0.8095612543490764
06/05/2022 12:49:28.350 - oc_logger - INFO - Function evaluation number: 169, SI: 2, Sub-iteration number: 89, FoM: 0.8095612543490764
06/05/2022 12:49:28.729 - oc_logger - INFO - New record achieved. Previous FoM: 0.8095612543490764, new best FoM : 0.8095123344691306
06/05/2022 12:49:28.729 - oc_logger - INFO - Function evaluation number: 170, SI: 2, Sub-iteration number: 89, FoM: 0.8095123344691306
06/05/2022 12:49:28.736 - oc_logger - INFO - SI 2 finished - Number of evaluations: 159, Best FoM: 0.8095123344691306, Terminate reason: Convergence of the FoM.

06/05/2022 12:49:28.737 - oc_logger - INFO - Direct search start time has been reset.
06/05/2022 12:49:29.101 - oc_logger - INFO - Function evaluation number: 171, SI: 3, Sub-iteration number: 0, FoM: 0.8095123344691306
06/05/2022 12:49:29.474 - oc_logger - INFO - Function evaluation number: 172, SI: 3, Sub-iteration number: 0, FoM: 0.8095349289653915
06/05/2022 12:49:29.813 - oc_logger - INFO - Function evaluation number: 173, SI: 3, Sub-iteration number: 0, FoM: 0.8095194382710129
06/05/2022 12:49:30.127 - oc_logger - INFO - New record achieved. Previous FoM: 0.8095123344691306, new best FoM : 0.809494563589467
06/05/2022 12:49:30.127 - oc_logger - INFO - Function evaluation number: 174, SI: 3, Sub-iteration number: 0, FoM: 0.809494563589467
06/05/2022 12:49:30.430 - oc_logger - INFO - Function evaluation number: 175, SI: 3, Sub-iteration number: 0, FoM: 0.8095099313478153
06/05/2022 12:49:30.739 - oc_logger - INFO - New record achieved. Previous FoM: 0.809494563589467, new best FoM : 0.8094744977411399
06/05/2022 12:49:30.739 - oc_logger - INFO - Function evaluation number: 176, SI: 3, Sub-iteration number: 0, FoM: 0.8094744977411399
06/05/2022 12:49:31.072 - oc_logger - INFO - New record achieved. Previous FoM: 0.8094744977411399, new best FoM : 0.8094671138075566
06/05/2022 12:49:31.072 - oc_logger - INFO - Function evaluation number: 177, SI: 3, Sub-iteration number: 0, FoM: 0.8094671138075566
06/05/2022 12:49:31.473 - oc_logger - INFO - Function evaluation number: 178, SI: 3, Sub-iteration number: 0, FoM: 0.8095323053652412
06/05/2022 12:49:31.806 - oc_logger - INFO - Function evaluation number: 179, SI: 3, Sub-iteration number: 0, FoM: 0.8094885565403319
06/05/2022 12:49:32.172 - oc_logger - INFO - New record achieved. Previous FoM: 0.8094671138075566, new best FoM : 0.8094647564165542
06/05/2022 12:49:32.172 - oc_logger - INFO - Function evaluation number: 180, SI: 3, Sub-iteration number: 1, FoM: 0.8094647564165542
06/05/2022 12:49:32.553 - oc_logger - INFO - New record achieved. Previous FoM: 0.8094647564165542, new best FoM : 0.8094559849128857
06/05/2022 12:49:32.553 - oc_logger - INFO - Function evaluation number: 181, SI: 3, Sub-iteration number: 1, FoM: 0.8094559849128857
06/05/2022 12:49:32.560 - oc_logger - INFO - SI 3 finished - Number of evaluations: 11, Best FoM: 0.8094559849128857, Terminate reason: Convergence of the FoM.

06/05/2022 12:49:32.561 - oc_logger - INFO - Figure of merit : 0.8094559849128857
06/05/2022 12:49:32.561 - oc_logger - INFO - Std : 0.0
06/05/2022 12:49:32.561 - oc_logger - INFO - total number of function evaluations : 181
06/05/2022 12:49:32.562 - oc_logger - INFO - dcrab_freq_list : [array([[ 1.85359495,  4.98891337,  9.38324387, 13.37713015]]), array([[ 0.24686239,  5.47970558,  9.42615404, 13.8454572 ]]), array([[ 3.52708109,  5.89616055,  9.37779907, 12.7635486 ]])]
06/05/2022 12:49:32.562 - oc_logger - INFO - dcrab_para_list : [array([-0.29894454, -0.05344882, -0.05703644,  0.09420894,  0.34984007,
       -0.0858826 ,  0.11032508, -0.13504722]), array([ 64.96216246,  41.35852022,  -0.76233457, -13.00309356,
       -19.21542033,  -8.343404  , -13.69326263, -30.63985935]), array([-0.28213186,  0.25475145,  0.29176658,  0.00485536, -0.12602686,
       -0.06908689, -0.08970528, -0.07858474])]
06/05/2022 12:49:32.562 - oc_logger - INFO - terminate_reason : Convergence of the FoM.
