06/05/2022 02:16:15.199 - oc_logger - INFO - The optimization direction is minimization
06/05/2022 02:16:15.201 - oc_logger - INFO - QuOCS version number: 0.0.22
06/05/2022 02:16:15.201 - oc_logger - INFO - Direct search start time has been reset.
06/05/2022 02:16:15.337 - oc_logger - INFO - New record achieved. Previous FoM: 10000000000.0, new best FoM : 0.47190102087825325
06/05/2022 02:16:15.337 - oc_logger - INFO - Function evaluation number: 1, SI: 1, Sub-iteration number: 0, FoM: 0.47190102087825325
06/05/2022 02:16:15.473 - oc_logger - INFO - New record achieved. Previous FoM: 0.47190102087825325, new best FoM : 0.47114066412931455
06/05/2022 02:16:15.473 - oc_logger - INFO - Function evaluation number: 2, SI: 1, Sub-iteration number: 0, FoM: 0.47114066412931455
06/05/2022 02:16:15.604 - oc_logger - INFO - New record achieved. Previous FoM: 0.47114066412931455, new best FoM : 0.46968478286638293
06/05/2022 02:16:15.604 - oc_logger - INFO - Function evaluation number: 3, SI: 1, Sub-iteration number: 0, FoM: 0.46968478286638293
06/05/2022 02:16:15.740 - oc_logger - INFO - Function evaluation number: 4, SI: 1, Sub-iteration number: 0, FoM: 0.4718392127672011
06/05/2022 02:16:15.868 - oc_logger - INFO - Function evaluation number: 5, SI: 1, Sub-iteration number: 0, FoM: 0.47388230707684154
06/05/2022 02:16:15.991 - oc_logger - INFO - Function evaluation number: 6, SI: 1, Sub-iteration number: 0, FoM: 0.4729821305036609
06/05/2022 02:16:16.123 - oc_logger - INFO - Function evaluation number: 7, SI: 1, Sub-iteration number: 0, FoM: 0.47061730843966365
06/05/2022 02:16:16.257 - oc_logger - INFO - Function evaluation number: 8, SI: 1, Sub-iteration number: 0, FoM: 0.47120335693213933
06/05/2022 02:16:16.389 - oc_logger - INFO - Function evaluation number: 9, SI: 1, Sub-iteration number: 0, FoM: 0.47207476328575904
06/05/2022 02:16:16.518 - oc_logger - INFO - New record achieved. Previous FoM: 0.46968478286638293, new best FoM : 0.4689448954280001
06/05/2022 02:16:16.518 - oc_logger - INFO - Function evaluation number: 10, SI: 1, Sub-iteration number: 1, FoM: 0.4689448954280001
06/05/2022 02:16:16.653 - oc_logger - INFO - New record achieved. Previous FoM: 0.4689448954280001, new best FoM : 0.46835010067046934
06/05/2022 02:16:16.653 - oc_logger - INFO - Function evaluation number: 11, SI: 1, Sub-iteration number: 1, FoM: 0.46835010067046934
06/05/2022 02:16:16.788 - oc_logger - INFO - Function evaluation number: 12, SI: 1, Sub-iteration number: 2, FoM: 0.46857699366610495
06/05/2022 02:16:16.917 - oc_logger - INFO - Function evaluation number: 13, SI: 1, Sub-iteration number: 3, FoM: 0.4687189440557048
06/05/2022 02:16:17.051 - oc_logger - INFO - New record achieved. Previous FoM: 0.46835010067046934, new best FoM : 0.4681227451822747
06/05/2022 02:16:17.051 - oc_logger - INFO - Function evaluation number: 14, SI: 1, Sub-iteration number: 4, FoM: 0.4681227451822747
06/05/2022 02:16:17.188 - oc_logger - INFO - New record achieved. Previous FoM: 0.4681227451822747, new best FoM : 0.46768063917940605
06/05/2022 02:16:17.188 - oc_logger - INFO - Function evaluation number: 15, SI: 1, Sub-iteration number: 4, FoM: 0.46768063917940605
06/05/2022 02:16:17.324 - oc_logger - INFO - New record achieved. Previous FoM: 0.46768063917940605, new best FoM : 0.46709368179609767
06/05/2022 02:16:17.324 - oc_logger - INFO - Function evaluation number: 16, SI: 1, Sub-iteration number: 5, FoM: 0.46709368179609767
06/05/2022 02:16:17.461 - oc_logger - INFO - New record achieved. Previous FoM: 0.46709368179609767, new best FoM : 0.466519689911024
06/05/2022 02:16:17.461 - oc_logger - INFO - Function evaluation number: 17, SI: 1, Sub-iteration number: 5, FoM: 0.466519689911024
06/05/2022 02:16:17.594 - oc_logger - INFO - Function evaluation number: 18, SI: 1, Sub-iteration number: 6, FoM: 0.46670182555185546
06/05/2022 02:16:17.730 - oc_logger - INFO - New record achieved. Previous FoM: 0.466519689911024, new best FoM : 0.4661110736040902
06/05/2022 02:16:17.730 - oc_logger - INFO - Function evaluation number: 19, SI: 1, Sub-iteration number: 7, FoM: 0.4661110736040902
06/05/2022 02:16:17.863 - oc_logger - INFO - New record achieved. Previous FoM: 0.4661110736040902, new best FoM : 0.4656701175630721
06/05/2022 02:16:17.863 - oc_logger - INFO - Function evaluation number: 20, SI: 1, Sub-iteration number: 7, FoM: 0.4656701175630721
06/05/2022 02:16:17.998 - oc_logger - INFO - New record achieved. Previous FoM: 0.4656701175630721, new best FoM : 0.4653962969834259
06/05/2022 02:16:17.998 - oc_logger - INFO - Function evaluation number: 21, SI: 1, Sub-iteration number: 8, FoM: 0.4653962969834259
06/05/2022 02:16:18.159 - oc_logger - INFO - New record achieved. Previous FoM: 0.4653962969834259, new best FoM : 0.4649462257255135
06/05/2022 02:16:18.159 - oc_logger - INFO - Function evaluation number: 22, SI: 1, Sub-iteration number: 8, FoM: 0.4649462257255135
06/05/2022 02:16:18.309 - oc_logger - INFO - New record achieved. Previous FoM: 0.4649462257255135, new best FoM : 0.4642453938833918
06/05/2022 02:16:18.309 - oc_logger - INFO - Function evaluation number: 23, SI: 1, Sub-iteration number: 9, FoM: 0.4642453938833918
06/05/2022 02:16:18.444 - oc_logger - INFO - New record achieved. Previous FoM: 0.4642453938833918, new best FoM : 0.463537602921393
06/05/2022 02:16:18.444 - oc_logger - INFO - Function evaluation number: 24, SI: 1, Sub-iteration number: 9, FoM: 0.463537602921393
06/05/2022 02:16:18.582 - oc_logger - INFO - Function evaluation number: 25, SI: 1, Sub-iteration number: 10, FoM: 0.46421008733097735
06/05/2022 02:16:18.716 - oc_logger - INFO - Function evaluation number: 26, SI: 1, Sub-iteration number: 11, FoM: 0.4637644994260399
06/05/2022 02:16:18.852 - oc_logger - INFO - New record achieved. Previous FoM: 0.463537602921393, new best FoM : 0.4627479474696039
06/05/2022 02:16:18.852 - oc_logger - INFO - Function evaluation number: 27, SI: 1, Sub-iteration number: 12, FoM: 0.4627479474696039
06/05/2022 02:16:18.988 - oc_logger - INFO - New record achieved. Previous FoM: 0.4627479474696039, new best FoM : 0.46221270048998264
06/05/2022 02:16:18.988 - oc_logger - INFO - Function evaluation number: 28, SI: 1, Sub-iteration number: 12, FoM: 0.46221270048998264
06/05/2022 02:16:19.124 - oc_logger - INFO - New record achieved. Previous FoM: 0.46221270048998264, new best FoM : 0.4619815597889807
06/05/2022 02:16:19.124 - oc_logger - INFO - Function evaluation number: 29, SI: 1, Sub-iteration number: 13, FoM: 0.4619815597889807
06/05/2022 02:16:19.258 - oc_logger - INFO - New record achieved. Previous FoM: 0.4619815597889807, new best FoM : 0.4614279522457849
06/05/2022 02:16:19.258 - oc_logger - INFO - Function evaluation number: 30, SI: 1, Sub-iteration number: 13, FoM: 0.4614279522457849
06/05/2022 02:16:19.393 - oc_logger - INFO - Function evaluation number: 31, SI: 1, Sub-iteration number: 14, FoM: 0.4615322606299983
06/05/2022 02:16:19.524 - oc_logger - INFO - New record achieved. Previous FoM: 0.4614279522457849, new best FoM : 0.461200563010875
06/05/2022 02:16:19.524 - oc_logger - INFO - Function evaluation number: 32, SI: 1, Sub-iteration number: 15, FoM: 0.461200563010875
06/05/2022 02:16:19.655 - oc_logger - INFO - New record achieved. Previous FoM: 0.461200563010875, new best FoM : 0.4608825129020806
06/05/2022 02:16:19.655 - oc_logger - INFO - Function evaluation number: 33, SI: 1, Sub-iteration number: 15, FoM: 0.4608825129020806
06/05/2022 02:16:19.789 - oc_logger - INFO - New record achieved. Previous FoM: 0.4608825129020806, new best FoM : 0.45954896276604074
06/05/2022 02:16:19.790 - oc_logger - INFO - Function evaluation number: 34, SI: 1, Sub-iteration number: 16, FoM: 0.45954896276604074
06/05/2022 02:16:19.925 - oc_logger - INFO - New record achieved. Previous FoM: 0.45954896276604074, new best FoM : 0.4587974312898787
06/05/2022 02:16:19.925 - oc_logger - INFO - Function evaluation number: 35, SI: 1, Sub-iteration number: 16, FoM: 0.4587974312898787
06/05/2022 02:16:20.054 - oc_logger - INFO - New record achieved. Previous FoM: 0.4587974312898787, new best FoM : 0.45860429246396905
06/05/2022 02:16:20.054 - oc_logger - INFO - Function evaluation number: 36, SI: 1, Sub-iteration number: 17, FoM: 0.45860429246396905
06/05/2022 02:16:20.188 - oc_logger - INFO - New record achieved. Previous FoM: 0.45860429246396905, new best FoM : 0.45779136530839115
06/05/2022 02:16:20.189 - oc_logger - INFO - Function evaluation number: 37, SI: 1, Sub-iteration number: 17, FoM: 0.45779136530839115
06/05/2022 02:16:20.320 - oc_logger - INFO - Function evaluation number: 38, SI: 1, Sub-iteration number: 18, FoM: 0.4585775997729895
06/05/2022 02:16:20.481 - oc_logger - INFO - New record achieved. Previous FoM: 0.45779136530839115, new best FoM : 0.45707873567976065
06/05/2022 02:16:20.481 - oc_logger - INFO - Function evaluation number: 39, SI: 1, Sub-iteration number: 19, FoM: 0.45707873567976065
06/05/2022 02:16:20.613 - oc_logger - INFO - New record achieved. Previous FoM: 0.45707873567976065, new best FoM : 0.45627669324198294
06/05/2022 02:16:20.613 - oc_logger - INFO - Function evaluation number: 40, SI: 1, Sub-iteration number: 19, FoM: 0.45627669324198294
06/05/2022 02:16:20.740 - oc_logger - INFO - Function evaluation number: 41, SI: 1, Sub-iteration number: 20, FoM: 0.4597662780939553
06/05/2022 02:16:20.874 - oc_logger - INFO - Function evaluation number: 42, SI: 1, Sub-iteration number: 21, FoM: 0.45644965706078444
06/05/2022 02:16:21.009 - oc_logger - INFO - New record achieved. Previous FoM: 0.45627669324198294, new best FoM : 0.45597871246164057
06/05/2022 02:16:21.009 - oc_logger - INFO - Function evaluation number: 43, SI: 1, Sub-iteration number: 22, FoM: 0.45597871246164057
06/05/2022 02:16:21.141 - oc_logger - INFO - New record achieved. Previous FoM: 0.45597871246164057, new best FoM : 0.4554451030537152
06/05/2022 02:16:21.141 - oc_logger - INFO - Function evaluation number: 44, SI: 1, Sub-iteration number: 22, FoM: 0.4554451030537152
06/05/2022 02:16:21.277 - oc_logger - INFO - New record achieved. Previous FoM: 0.4554451030537152, new best FoM : 0.45478326798655966
06/05/2022 02:16:21.278 - oc_logger - INFO - Function evaluation number: 45, SI: 1, Sub-iteration number: 23, FoM: 0.45478326798655966
06/05/2022 02:16:21.410 - oc_logger - INFO - New record achieved. Previous FoM: 0.45478326798655966, new best FoM : 0.4541811221629397
06/05/2022 02:16:21.410 - oc_logger - INFO - Function evaluation number: 46, SI: 1, Sub-iteration number: 23, FoM: 0.4541811221629397
06/05/2022 02:16:21.529 - oc_logger - INFO - New record achieved. Previous FoM: 0.4541811221629397, new best FoM : 0.452572342588483
06/05/2022 02:16:21.529 - oc_logger - INFO - Function evaluation number: 47, SI: 1, Sub-iteration number: 24, FoM: 0.452572342588483
06/05/2022 02:16:21.653 - oc_logger - INFO - New record achieved. Previous FoM: 0.452572342588483, new best FoM : 0.4514864908088436
06/05/2022 02:16:21.653 - oc_logger - INFO - Function evaluation number: 48, SI: 1, Sub-iteration number: 24, FoM: 0.4514864908088436
06/05/2022 02:16:21.794 - oc_logger - INFO - Function evaluation number: 49, SI: 1, Sub-iteration number: 25, FoM: 0.4537684185834171
06/05/2022 02:16:21.939 - oc_logger - INFO - Function evaluation number: 50, SI: 1, Sub-iteration number: 26, FoM: 0.45217807034338675
06/05/2022 02:16:22.082 - oc_logger - INFO - New record achieved. Previous FoM: 0.4514864908088436, new best FoM : 0.45003246139266173
06/05/2022 02:16:22.082 - oc_logger - INFO - Function evaluation number: 51, SI: 1, Sub-iteration number: 27, FoM: 0.45003246139266173
06/05/2022 02:16:22.218 - oc_logger - INFO - New record achieved. Previous FoM: 0.45003246139266173, new best FoM : 0.44893623509198555
06/05/2022 02:16:22.218 - oc_logger - INFO - Function evaluation number: 52, SI: 1, Sub-iteration number: 27, FoM: 0.44893623509198555
06/05/2022 02:16:22.361 - oc_logger - INFO - Function evaluation number: 53, SI: 1, Sub-iteration number: 28, FoM: 0.4505468903763359
06/05/2022 02:16:22.502 - oc_logger - INFO - New record achieved. Previous FoM: 0.44893623509198555, new best FoM : 0.44838223830143087
06/05/2022 02:16:22.502 - oc_logger - INFO - Function evaluation number: 54, SI: 1, Sub-iteration number: 29, FoM: 0.44838223830143087
06/05/2022 02:16:22.650 - oc_logger - INFO - New record achieved. Previous FoM: 0.44838223830143087, new best FoM : 0.4473286289654719
06/05/2022 02:16:22.650 - oc_logger - INFO - Function evaluation number: 55, SI: 1, Sub-iteration number: 29, FoM: 0.4473286289654719
06/05/2022 02:16:22.792 - oc_logger - INFO - Function evaluation number: 56, SI: 1, Sub-iteration number: 30, FoM: 0.44733680062326664
06/05/2022 02:16:22.938 - oc_logger - INFO - New record achieved. Previous FoM: 0.4473286289654719, new best FoM : 0.4450084391161968
06/05/2022 02:16:22.938 - oc_logger - INFO - Function evaluation number: 57, SI: 1, Sub-iteration number: 31, FoM: 0.4450084391161968
06/05/2022 02:16:23.084 - oc_logger - INFO - New record achieved. Previous FoM: 0.4450084391161968, new best FoM : 0.4436315838946777
06/05/2022 02:16:23.084 - oc_logger - INFO - Function evaluation number: 58, SI: 1, Sub-iteration number: 31, FoM: 0.4436315838946777
06/05/2022 02:16:23.230 - oc_logger - INFO - Function evaluation number: 59, SI: 1, Sub-iteration number: 32, FoM: 0.4440779393368418
06/05/2022 02:16:23.381 - oc_logger - INFO - Function evaluation number: 60, SI: 1, Sub-iteration number: 33, FoM: 0.44723106573398064
06/05/2022 02:16:23.525 - oc_logger - INFO - New record achieved. Previous FoM: 0.4436315838946777, new best FoM : 0.44188737006598255
06/05/2022 02:16:23.526 - oc_logger - INFO - Function evaluation number: 61, SI: 1, Sub-iteration number: 34, FoM: 0.44188737006598255
06/05/2022 02:16:23.670 - oc_logger - INFO - New record achieved. Previous FoM: 0.44188737006598255, new best FoM : 0.4405297976486515
06/05/2022 02:16:23.670 - oc_logger - INFO - Function evaluation number: 62, SI: 1, Sub-iteration number: 34, FoM: 0.4405297976486515
06/05/2022 02:16:23.825 - oc_logger - INFO - New record achieved. Previous FoM: 0.4405297976486515, new best FoM : 0.4402508299794403
06/05/2022 02:16:23.825 - oc_logger - INFO - Function evaluation number: 63, SI: 1, Sub-iteration number: 35, FoM: 0.4402508299794403
06/05/2022 02:16:23.983 - oc_logger - INFO - New record achieved. Previous FoM: 0.4402508299794403, new best FoM : 0.4388818665444534
06/05/2022 02:16:23.983 - oc_logger - INFO - Function evaluation number: 64, SI: 1, Sub-iteration number: 35, FoM: 0.4388818665444534
06/05/2022 02:16:24.130 - oc_logger - INFO - New record achieved. Previous FoM: 0.4388818665444534, new best FoM : 0.4380718125416816
06/05/2022 02:16:24.130 - oc_logger - INFO - Function evaluation number: 65, SI: 1, Sub-iteration number: 36, FoM: 0.4380718125416816
06/05/2022 02:16:24.279 - oc_logger - INFO - New record achieved. Previous FoM: 0.4380718125416816, new best FoM : 0.43649886036475527
06/05/2022 02:16:24.279 - oc_logger - INFO - Function evaluation number: 66, SI: 1, Sub-iteration number: 36, FoM: 0.43649886036475527
06/05/2022 02:16:24.420 - oc_logger - INFO - Function evaluation number: 67, SI: 1, Sub-iteration number: 37, FoM: 0.43675990820832933
06/05/2022 02:16:24.592 - oc_logger - INFO - New record achieved. Previous FoM: 0.43649886036475527, new best FoM : 0.4354590927174391
06/05/2022 02:16:24.592 - oc_logger - INFO - Function evaluation number: 68, SI: 1, Sub-iteration number: 38, FoM: 0.4354590927174391
06/05/2022 02:16:24.742 - oc_logger - INFO - New record achieved. Previous FoM: 0.4354590927174391, new best FoM : 0.43394272569649317
06/05/2022 02:16:24.742 - oc_logger - INFO - Function evaluation number: 69, SI: 1, Sub-iteration number: 38, FoM: 0.43394272569649317
06/05/2022 02:16:24.893 - oc_logger - INFO - New record achieved. Previous FoM: 0.43394272569649317, new best FoM : 0.43210912901278054
06/05/2022 02:16:24.893 - oc_logger - INFO - Function evaluation number: 70, SI: 1, Sub-iteration number: 39, FoM: 0.43210912901278054
06/05/2022 02:16:25.034 - oc_logger - INFO - New record achieved. Previous FoM: 0.43210912901278054, new best FoM : 0.43017299499573725
06/05/2022 02:16:25.035 - oc_logger - INFO - Function evaluation number: 71, SI: 1, Sub-iteration number: 39, FoM: 0.43017299499573725
06/05/2022 02:16:25.182 - oc_logger - INFO - Function evaluation number: 72, SI: 1, Sub-iteration number: 40, FoM: 0.4320306955470643
06/05/2022 02:16:25.329 - oc_logger - INFO - New record achieved. Previous FoM: 0.43017299499573725, new best FoM : 0.4290305101836147
06/05/2022 02:16:25.329 - oc_logger - INFO - Function evaluation number: 73, SI: 1, Sub-iteration number: 41, FoM: 0.4290305101836147
06/05/2022 02:16:25.471 - oc_logger - INFO - New record achieved. Previous FoM: 0.4290305101836147, new best FoM : 0.42737538601698166
06/05/2022 02:16:25.471 - oc_logger - INFO - Function evaluation number: 74, SI: 1, Sub-iteration number: 41, FoM: 0.42737538601698166
06/05/2022 02:16:25.621 - oc_logger - INFO - New record achieved. Previous FoM: 0.42737538601698166, new best FoM : 0.42432539755036924
06/05/2022 02:16:25.621 - oc_logger - INFO - Function evaluation number: 75, SI: 1, Sub-iteration number: 42, FoM: 0.42432539755036924
06/05/2022 02:16:25.769 - oc_logger - INFO - New record achieved. Previous FoM: 0.42432539755036924, new best FoM : 0.42186283388712964
06/05/2022 02:16:25.769 - oc_logger - INFO - Function evaluation number: 76, SI: 1, Sub-iteration number: 42, FoM: 0.42186283388712964
06/05/2022 02:16:25.913 - oc_logger - INFO - Function evaluation number: 77, SI: 1, Sub-iteration number: 43, FoM: 0.42231023433561554
06/05/2022 02:16:26.054 - oc_logger - INFO - New record achieved. Previous FoM: 0.42186283388712964, new best FoM : 0.42052390635083514
06/05/2022 02:16:26.054 - oc_logger - INFO - Function evaluation number: 78, SI: 1, Sub-iteration number: 44, FoM: 0.42052390635083514
06/05/2022 02:16:26.200 - oc_logger - INFO - New record achieved. Previous FoM: 0.42052390635083514, new best FoM : 0.41824996039830165
06/05/2022 02:16:26.200 - oc_logger - INFO - Function evaluation number: 79, SI: 1, Sub-iteration number: 44, FoM: 0.41824996039830165
06/05/2022 02:16:26.345 - oc_logger - INFO - New record achieved. Previous FoM: 0.41824996039830165, new best FoM : 0.418037808583114
06/05/2022 02:16:26.346 - oc_logger - INFO - Function evaluation number: 80, SI: 1, Sub-iteration number: 45, FoM: 0.418037808583114
06/05/2022 02:16:26.488 - oc_logger - INFO - New record achieved. Previous FoM: 0.418037808583114, new best FoM : 0.4157270619676521
06/05/2022 02:16:26.488 - oc_logger - INFO - Function evaluation number: 81, SI: 1, Sub-iteration number: 45, FoM: 0.4157270619676521
06/05/2022 02:16:26.630 - oc_logger - INFO - New record achieved. Previous FoM: 0.4157270619676521, new best FoM : 0.4121775813976507
06/05/2022 02:16:26.630 - oc_logger - INFO - Function evaluation number: 82, SI: 1, Sub-iteration number: 46, FoM: 0.4121775813976507
06/05/2022 02:16:26.776 - oc_logger - INFO - New record achieved. Previous FoM: 0.4121775813976507, new best FoM : 0.40881583511519926
06/05/2022 02:16:26.777 - oc_logger - INFO - Function evaluation number: 83, SI: 1, Sub-iteration number: 46, FoM: 0.40881583511519926
06/05/2022 02:16:26.919 - oc_logger - INFO - New record achieved. Previous FoM: 0.40881583511519926, new best FoM : 0.40830262324476085
06/05/2022 02:16:26.920 - oc_logger - INFO - Function evaluation number: 84, SI: 1, Sub-iteration number: 47, FoM: 0.40830262324476085
06/05/2022 02:16:27.058 - oc_logger - INFO - New record achieved. Previous FoM: 0.40830262324476085, new best FoM : 0.4041812323322156
06/05/2022 02:16:27.058 - oc_logger - INFO - Function evaluation number: 85, SI: 1, Sub-iteration number: 47, FoM: 0.4041812323322156
06/05/2022 02:16:27.202 - oc_logger - INFO - Function evaluation number: 86, SI: 1, Sub-iteration number: 48, FoM: 0.40783308417887254
06/05/2022 02:16:27.349 - oc_logger - INFO - New record achieved. Previous FoM: 0.4041812323322156, new best FoM : 0.3984401050341714
06/05/2022 02:16:27.349 - oc_logger - INFO - Function evaluation number: 87, SI: 1, Sub-iteration number: 49, FoM: 0.3984401050341714
06/05/2022 02:16:27.492 - oc_logger - INFO - New record achieved. Previous FoM: 0.3984401050341714, new best FoM : 0.3935190108146548
06/05/2022 02:16:27.492 - oc_logger - INFO - Function evaluation number: 88, SI: 1, Sub-iteration number: 49, FoM: 0.3935190108146548
06/05/2022 02:16:27.637 - oc_logger - INFO - Function evaluation number: 89, SI: 1, Sub-iteration number: 50, FoM: 0.3945100978920615
06/05/2022 02:16:27.783 - oc_logger - INFO - New record achieved. Previous FoM: 0.3935190108146548, new best FoM : 0.39194479656502146
06/05/2022 02:16:27.783 - oc_logger - INFO - Function evaluation number: 90, SI: 1, Sub-iteration number: 51, FoM: 0.39194479656502146
06/05/2022 02:16:27.931 - oc_logger - INFO - New record achieved. Previous FoM: 0.39194479656502146, new best FoM : 0.3880291021762565
06/05/2022 02:16:27.931 - oc_logger - INFO - Function evaluation number: 91, SI: 1, Sub-iteration number: 51, FoM: 0.3880291021762565
06/05/2022 02:16:28.084 - oc_logger - INFO - New record achieved. Previous FoM: 0.3880291021762565, new best FoM : 0.3859660914894735
06/05/2022 02:16:28.084 - oc_logger - INFO - Function evaluation number: 92, SI: 1, Sub-iteration number: 52, FoM: 0.3859660914894735
06/05/2022 02:16:28.232 - oc_logger - INFO - New record achieved. Previous FoM: 0.3859660914894735, new best FoM : 0.382764540799306
06/05/2022 02:16:28.232 - oc_logger - INFO - Function evaluation number: 93, SI: 1, Sub-iteration number: 52, FoM: 0.382764540799306
06/05/2022 02:16:28.379 - oc_logger - INFO - New record achieved. Previous FoM: 0.382764540799306, new best FoM : 0.3773728322731629
06/05/2022 02:16:28.380 - oc_logger - INFO - Function evaluation number: 94, SI: 1, Sub-iteration number: 53, FoM: 0.3773728322731629
06/05/2022 02:16:28.523 - oc_logger - INFO - New record achieved. Previous FoM: 0.3773728322731629, new best FoM : 0.37223615555735723
06/05/2022 02:16:28.523 - oc_logger - INFO - Function evaluation number: 95, SI: 1, Sub-iteration number: 53, FoM: 0.37223615555735723
06/05/2022 02:16:28.676 - oc_logger - INFO - New record achieved. Previous FoM: 0.37223615555735723, new best FoM : 0.37009222155479504
06/05/2022 02:16:28.676 - oc_logger - INFO - Function evaluation number: 96, SI: 1, Sub-iteration number: 54, FoM: 0.37009222155479504
06/05/2022 02:16:28.827 - oc_logger - INFO - New record achieved. Previous FoM: 0.37009222155479504, new best FoM : 0.3644583078380653
06/05/2022 02:16:28.827 - oc_logger - INFO - Function evaluation number: 97, SI: 1, Sub-iteration number: 54, FoM: 0.3644583078380653
06/05/2022 02:16:28.973 - oc_logger - INFO - Function evaluation number: 98, SI: 1, Sub-iteration number: 55, FoM: 0.3692126532724118
06/05/2022 02:16:29.120 - oc_logger - INFO - Function evaluation number: 99, SI: 1, Sub-iteration number: 56, FoM: 0.36631631547350396
06/05/2022 02:16:29.266 - oc_logger - INFO - New record achieved. Previous FoM: 0.3644583078380653, new best FoM : 0.3582695694377477
06/05/2022 02:16:29.266 - oc_logger - INFO - Function evaluation number: 100, SI: 1, Sub-iteration number: 57, FoM: 0.3582695694377477
06/05/2022 02:16:29.408 - oc_logger - INFO - New record achieved. Previous FoM: 0.3582695694377477, new best FoM : 0.3543083168116171
06/05/2022 02:16:29.408 - oc_logger - INFO - Function evaluation number: 101, SI: 1, Sub-iteration number: 57, FoM: 0.3543083168116171
06/05/2022 02:16:29.551 - oc_logger - INFO - New record achieved. Previous FoM: 0.3543083168116171, new best FoM : 0.35230900937297316
06/05/2022 02:16:29.551 - oc_logger - INFO - Function evaluation number: 102, SI: 1, Sub-iteration number: 58, FoM: 0.35230900937297316
06/05/2022 02:16:29.696 - oc_logger - INFO - New record achieved. Previous FoM: 0.35230900937297316, new best FoM : 0.34762465304405266
06/05/2022 02:16:29.696 - oc_logger - INFO - Function evaluation number: 103, SI: 1, Sub-iteration number: 58, FoM: 0.34762465304405266
06/05/2022 02:16:29.842 - oc_logger - INFO - Function evaluation number: 104, SI: 1, Sub-iteration number: 59, FoM: 0.3486488008509304
06/05/2022 02:16:29.986 - oc_logger - INFO - New record achieved. Previous FoM: 0.34762465304405266, new best FoM : 0.3415153050497578
06/05/2022 02:16:29.986 - oc_logger - INFO - Function evaluation number: 105, SI: 1, Sub-iteration number: 60, FoM: 0.3415153050497578
06/05/2022 02:16:30.131 - oc_logger - INFO - New record achieved. Previous FoM: 0.3415153050497578, new best FoM : 0.3385851854207653
06/05/2022 02:16:30.131 - oc_logger - INFO - Function evaluation number: 106, SI: 1, Sub-iteration number: 60, FoM: 0.3385851854207653
06/05/2022 02:16:30.276 - oc_logger - INFO - New record achieved. Previous FoM: 0.3385851854207653, new best FoM : 0.32976763996267544
06/05/2022 02:16:30.277 - oc_logger - INFO - Function evaluation number: 107, SI: 1, Sub-iteration number: 61, FoM: 0.32976763996267544
06/05/2022 02:16:30.421 - oc_logger - INFO - New record achieved. Previous FoM: 0.32976763996267544, new best FoM : 0.3244389818401916
06/05/2022 02:16:30.421 - oc_logger - INFO - Function evaluation number: 108, SI: 1, Sub-iteration number: 61, FoM: 0.3244389818401916
06/05/2022 02:16:30.565 - oc_logger - INFO - Function evaluation number: 109, SI: 1, Sub-iteration number: 62, FoM: 0.3411831859280011
06/05/2022 02:16:30.709 - oc_logger - INFO - Function evaluation number: 110, SI: 1, Sub-iteration number: 63, FoM: 0.33260614531872046
06/05/2022 02:16:30.857 - oc_logger - INFO - Function evaluation number: 111, SI: 1, Sub-iteration number: 64, FoM: 0.324625670034021
06/05/2022 02:16:31.003 - oc_logger - INFO - Function evaluation number: 112, SI: 1, Sub-iteration number: 65, FoM: 0.34139999701091894
06/05/2022 02:16:31.148 - oc_logger - INFO - New record achieved. Previous FoM: 0.3244389818401916, new best FoM : 0.3222124072323401
06/05/2022 02:16:31.149 - oc_logger - INFO - Function evaluation number: 113, SI: 1, Sub-iteration number: 66, FoM: 0.3222124072323401
06/05/2022 02:16:31.294 - oc_logger - INFO - New record achieved. Previous FoM: 0.3222124072323401, new best FoM : 0.31934763660076404
06/05/2022 02:16:31.294 - oc_logger - INFO - Function evaluation number: 114, SI: 1, Sub-iteration number: 66, FoM: 0.31934763660076404
06/05/2022 02:16:31.438 - oc_logger - INFO - New record achieved. Previous FoM: 0.31934763660076404, new best FoM : 0.3185258111570277
06/05/2022 02:16:31.438 - oc_logger - INFO - Function evaluation number: 115, SI: 1, Sub-iteration number: 67, FoM: 0.3185258111570277
06/05/2022 02:16:31.581 - oc_logger - INFO - New record achieved. Previous FoM: 0.3185258111570277, new best FoM : 0.316200967486748
06/05/2022 02:16:31.581 - oc_logger - INFO - Function evaluation number: 116, SI: 1, Sub-iteration number: 67, FoM: 0.316200967486748
06/05/2022 02:16:31.728 - oc_logger - INFO - Function evaluation number: 117, SI: 1, Sub-iteration number: 68, FoM: 0.3299836709915577
06/05/2022 02:16:31.874 - oc_logger - INFO - Function evaluation number: 118, SI: 1, Sub-iteration number: 69, FoM: 0.3182777324278694
06/05/2022 02:16:32.015 - oc_logger - INFO - New record achieved. Previous FoM: 0.316200967486748, new best FoM : 0.30557927446283606
06/05/2022 02:16:32.015 - oc_logger - INFO - Function evaluation number: 119, SI: 1, Sub-iteration number: 70, FoM: 0.30557927446283606
06/05/2022 02:16:32.162 - oc_logger - INFO - New record achieved. Previous FoM: 0.30557927446283606, new best FoM : 0.3020733608856585
06/05/2022 02:16:32.162 - oc_logger - INFO - Function evaluation number: 120, SI: 1, Sub-iteration number: 70, FoM: 0.3020733608856585
06/05/2022 02:16:32.311 - oc_logger - INFO - New record achieved. Previous FoM: 0.3020733608856585, new best FoM : 0.30159312179645614
06/05/2022 02:16:32.312 - oc_logger - INFO - Function evaluation number: 121, SI: 1, Sub-iteration number: 71, FoM: 0.30159312179645614
06/05/2022 02:16:32.460 - oc_logger - INFO - New record achieved. Previous FoM: 0.30159312179645614, new best FoM : 0.2982979671556887
06/05/2022 02:16:32.460 - oc_logger - INFO - Function evaluation number: 122, SI: 1, Sub-iteration number: 71, FoM: 0.2982979671556887
06/05/2022 02:16:32.607 - oc_logger - INFO - New record achieved. Previous FoM: 0.2982979671556887, new best FoM : 0.2980254738257686
06/05/2022 02:16:32.607 - oc_logger - INFO - Function evaluation number: 123, SI: 1, Sub-iteration number: 72, FoM: 0.2980254738257686
06/05/2022 02:16:32.755 - oc_logger - INFO - New record achieved. Previous FoM: 0.2980254738257686, new best FoM : 0.294832976874599
06/05/2022 02:16:32.756 - oc_logger - INFO - Function evaluation number: 124, SI: 1, Sub-iteration number: 72, FoM: 0.294832976874599
06/05/2022 02:16:32.906 - oc_logger - INFO - Function evaluation number: 125, SI: 1, Sub-iteration number: 73, FoM: 0.3062085178286995
06/05/2022 02:16:33.052 - oc_logger - INFO - New record achieved. Previous FoM: 0.294832976874599, new best FoM : 0.2889014461500432
06/05/2022 02:16:33.052 - oc_logger - INFO - Function evaluation number: 126, SI: 1, Sub-iteration number: 74, FoM: 0.2889014461500432
06/05/2022 02:16:33.201 - oc_logger - INFO - New record achieved. Previous FoM: 0.2889014461500432, new best FoM : 0.2849937679768182
06/05/2022 02:16:33.201 - oc_logger - INFO - Function evaluation number: 127, SI: 1, Sub-iteration number: 74, FoM: 0.2849937679768182
06/05/2022 02:16:33.349 - oc_logger - INFO - Function evaluation number: 128, SI: 1, Sub-iteration number: 75, FoM: 0.28959100166973006
06/05/2022 02:16:33.496 - oc_logger - INFO - New record achieved. Previous FoM: 0.2849937679768182, new best FoM : 0.2786732293482713
06/05/2022 02:16:33.496 - oc_logger - INFO - Function evaluation number: 129, SI: 1, Sub-iteration number: 76, FoM: 0.2786732293482713
06/05/2022 02:16:33.648 - oc_logger - INFO - New record achieved. Previous FoM: 0.2786732293482713, new best FoM : 0.27433189495415444
06/05/2022 02:16:33.648 - oc_logger - INFO - Function evaluation number: 130, SI: 1, Sub-iteration number: 76, FoM: 0.27433189495415444
06/05/2022 02:16:33.797 - oc_logger - INFO - Function evaluation number: 131, SI: 1, Sub-iteration number: 77, FoM: 0.2791432994615377
06/05/2022 02:16:33.942 - oc_logger - INFO - New record achieved. Previous FoM: 0.27433189495415444, new best FoM : 0.2631545131766403
06/05/2022 02:16:33.942 - oc_logger - INFO - Function evaluation number: 132, SI: 1, Sub-iteration number: 78, FoM: 0.2631545131766403
06/05/2022 02:16:34.093 - oc_logger - INFO - New record achieved. Previous FoM: 0.2631545131766403, new best FoM : 0.2581183289942005
06/05/2022 02:16:34.093 - oc_logger - INFO - Function evaluation number: 133, SI: 1, Sub-iteration number: 78, FoM: 0.2581183289942005
06/05/2022 02:16:34.242 - oc_logger - INFO - Function evaluation number: 134, SI: 1, Sub-iteration number: 79, FoM: 0.2815743304155126
06/05/2022 02:16:34.381 - oc_logger - INFO - Function evaluation number: 135, SI: 1, Sub-iteration number: 80, FoM: 0.263494767749193
06/05/2022 02:16:34.518 - oc_logger - INFO - Function evaluation number: 136, SI: 1, Sub-iteration number: 81, FoM: 0.2591817313789332
06/05/2022 02:16:34.665 - oc_logger - INFO - New record achieved. Previous FoM: 0.2581183289942005, new best FoM : 0.2520421958101008
06/05/2022 02:16:34.666 - oc_logger - INFO - Function evaluation number: 137, SI: 1, Sub-iteration number: 82, FoM: 0.2520421958101008
06/05/2022 02:16:34.811 - oc_logger - INFO - New record achieved. Previous FoM: 0.2520421958101008, new best FoM : 0.24736159621474896
06/05/2022 02:16:34.811 - oc_logger - INFO - Function evaluation number: 138, SI: 1, Sub-iteration number: 82, FoM: 0.24736159621474896
06/05/2022 02:16:34.960 - oc_logger - INFO - Function evaluation number: 139, SI: 1, Sub-iteration number: 83, FoM: 0.2510595240367637
06/05/2022 02:16:35.103 - oc_logger - INFO - New record achieved. Previous FoM: 0.24736159621474896, new best FoM : 0.24614942491261815
06/05/2022 02:16:35.104 - oc_logger - INFO - Function evaluation number: 140, SI: 1, Sub-iteration number: 84, FoM: 0.24614942491261815
06/05/2022 02:16:35.255 - oc_logger - INFO - New record achieved. Previous FoM: 0.24614942491261815, new best FoM : 0.24181450083409428
06/05/2022 02:16:35.255 - oc_logger - INFO - Function evaluation number: 141, SI: 1, Sub-iteration number: 84, FoM: 0.24181450083409428
06/05/2022 02:16:35.403 - oc_logger - INFO - Function evaluation number: 142, SI: 1, Sub-iteration number: 85, FoM: 0.24430492701287854
06/05/2022 02:16:35.550 - oc_logger - INFO - New record achieved. Previous FoM: 0.24181450083409428, new best FoM : 0.23580540133607153
06/05/2022 02:16:35.550 - oc_logger - INFO - Function evaluation number: 143, SI: 1, Sub-iteration number: 86, FoM: 0.23580540133607153
06/05/2022 02:16:35.695 - oc_logger - INFO - New record achieved. Previous FoM: 0.23580540133607153, new best FoM : 0.23245981006427618
06/05/2022 02:16:35.695 - oc_logger - INFO - Function evaluation number: 144, SI: 1, Sub-iteration number: 86, FoM: 0.23245981006427618
06/05/2022 02:16:35.842 - oc_logger - INFO - New record achieved. Previous FoM: 0.23245981006427618, new best FoM : 0.22702230242733212
06/05/2022 02:16:35.842 - oc_logger - INFO - Function evaluation number: 145, SI: 1, Sub-iteration number: 87, FoM: 0.22702230242733212
06/05/2022 02:16:35.989 - oc_logger - INFO - New record achieved. Previous FoM: 0.22702230242733212, new best FoM : 0.2229166126547505
06/05/2022 02:16:35.989 - oc_logger - INFO - Function evaluation number: 146, SI: 1, Sub-iteration number: 87, FoM: 0.2229166126547505
06/05/2022 02:16:36.135 - oc_logger - INFO - Function evaluation number: 147, SI: 1, Sub-iteration number: 88, FoM: 0.22980628771330092
06/05/2022 02:16:36.279 - oc_logger - INFO - Function evaluation number: 148, SI: 1, Sub-iteration number: 89, FoM: 0.22379565679034263
06/05/2022 02:16:36.419 - oc_logger - INFO - New record achieved. Previous FoM: 0.2229166126547505, new best FoM : 0.21698860058860858
06/05/2022 02:16:36.419 - oc_logger - INFO - Function evaluation number: 149, SI: 1, Sub-iteration number: 90, FoM: 0.21698860058860858
06/05/2022 02:16:36.556 - oc_logger - INFO - New record achieved. Previous FoM: 0.21698860058860858, new best FoM : 0.21366893821843136
06/05/2022 02:16:36.556 - oc_logger - INFO - Function evaluation number: 150, SI: 1, Sub-iteration number: 90, FoM: 0.21366893821843136
06/05/2022 02:16:36.701 - oc_logger - INFO - Function evaluation number: 151, SI: 1, Sub-iteration number: 91, FoM: 0.21378638391409388
06/05/2022 02:16:36.843 - oc_logger - INFO - Function evaluation number: 152, SI: 1, Sub-iteration number: 92, FoM: 0.21734773464146018
06/05/2022 02:16:36.981 - oc_logger - INFO - New record achieved. Previous FoM: 0.21366893821843136, new best FoM : 0.20662604808074603
06/05/2022 02:16:36.982 - oc_logger - INFO - Function evaluation number: 153, SI: 1, Sub-iteration number: 93, FoM: 0.20662604808074603
06/05/2022 02:16:37.130 - oc_logger - INFO - New record achieved. Previous FoM: 0.20662604808074603, new best FoM : 0.2036914361481449
06/05/2022 02:16:37.130 - oc_logger - INFO - Function evaluation number: 154, SI: 1, Sub-iteration number: 93, FoM: 0.2036914361481449
06/05/2022 02:16:37.279 - oc_logger - INFO - Function evaluation number: 155, SI: 1, Sub-iteration number: 94, FoM: 0.21664425410881938
06/05/2022 02:16:37.428 - oc_logger - INFO - Function evaluation number: 156, SI: 1, Sub-iteration number: 95, FoM: 0.20533246918994608
06/05/2022 02:16:37.580 - oc_logger - INFO - New record achieved. Previous FoM: 0.2036914361481449, new best FoM : 0.20324620441835828
06/05/2022 02:16:37.580 - oc_logger - INFO - Function evaluation number: 157, SI: 1, Sub-iteration number: 96, FoM: 0.20324620441835828
06/05/2022 02:16:37.729 - oc_logger - INFO - New record achieved. Previous FoM: 0.20324620441835828, new best FoM : 0.2024047109939271
06/05/2022 02:16:37.729 - oc_logger - INFO - Function evaluation number: 158, SI: 1, Sub-iteration number: 96, FoM: 0.2024047109939271
06/05/2022 02:16:37.887 - oc_logger - INFO - Function evaluation number: 159, SI: 1, Sub-iteration number: 97, FoM: 0.20420202551069855
06/05/2022 02:16:38.035 - oc_logger - INFO - Function evaluation number: 160, SI: 1, Sub-iteration number: 98, FoM: 0.2057735452987849
06/05/2022 02:16:38.189 - oc_logger - INFO - New record achieved. Previous FoM: 0.2024047109939271, new best FoM : 0.19719021020211758
06/05/2022 02:16:38.189 - oc_logger - INFO - Function evaluation number: 161, SI: 1, Sub-iteration number: 99, FoM: 0.19719021020211758
06/05/2022 02:16:38.338 - oc_logger - INFO - New record achieved. Previous FoM: 0.19719021020211758, new best FoM : 0.19528260621988758
06/05/2022 02:16:38.338 - oc_logger - INFO - Function evaluation number: 162, SI: 1, Sub-iteration number: 99, FoM: 0.19528260621988758
06/05/2022 02:16:38.486 - oc_logger - INFO - Function evaluation number: 163, SI: 1, Sub-iteration number: 100, FoM: 0.1972127778283732
06/05/2022 02:16:38.633 - oc_logger - INFO - Function evaluation number: 164, SI: 1, Sub-iteration number: 101, FoM: 0.19867311621501282
06/05/2022 02:16:38.784 - oc_logger - INFO - Function evaluation number: 165, SI: 1, Sub-iteration number: 102, FoM: 0.1985538645054764
06/05/2022 02:16:38.931 - oc_logger - INFO - Function evaluation number: 166, SI: 1, Sub-iteration number: 103, FoM: 0.1986584950815724
06/05/2022 02:16:39.077 - oc_logger - INFO - New record achieved. Previous FoM: 0.19528260621988758, new best FoM : 0.193837838119871
06/05/2022 02:16:39.077 - oc_logger - INFO - Function evaluation number: 167, SI: 1, Sub-iteration number: 104, FoM: 0.193837838119871
06/05/2022 02:16:39.226 - oc_logger - INFO - New record achieved. Previous FoM: 0.193837838119871, new best FoM : 0.19281784917022227
06/05/2022 02:16:39.226 - oc_logger - INFO - Function evaluation number: 168, SI: 1, Sub-iteration number: 104, FoM: 0.19281784917022227
06/05/2022 02:16:39.375 - oc_logger - INFO - New record achieved. Previous FoM: 0.19281784917022227, new best FoM : 0.19134327527871198
06/05/2022 02:16:39.375 - oc_logger - INFO - Function evaluation number: 169, SI: 1, Sub-iteration number: 105, FoM: 0.19134327527871198
06/05/2022 02:16:39.524 - oc_logger - INFO - New record achieved. Previous FoM: 0.19134327527871198, new best FoM : 0.19007040962556332
06/05/2022 02:16:39.524 - oc_logger - INFO - Function evaluation number: 170, SI: 1, Sub-iteration number: 105, FoM: 0.19007040962556332
06/05/2022 02:16:39.676 - oc_logger - INFO - Function evaluation number: 171, SI: 1, Sub-iteration number: 106, FoM: 0.1910662643208837
06/05/2022 02:16:39.827 - oc_logger - INFO - New record achieved. Previous FoM: 0.19007040962556332, new best FoM : 0.18803365085384738
06/05/2022 02:16:39.827 - oc_logger - INFO - Function evaluation number: 172, SI: 1, Sub-iteration number: 107, FoM: 0.18803365085384738
06/05/2022 02:16:39.975 - oc_logger - INFO - New record achieved. Previous FoM: 0.18803365085384738, new best FoM : 0.18691918995532542
06/05/2022 02:16:39.975 - oc_logger - INFO - Function evaluation number: 173, SI: 1, Sub-iteration number: 107, FoM: 0.18691918995532542
06/05/2022 02:16:40.124 - oc_logger - INFO - Function evaluation number: 174, SI: 1, Sub-iteration number: 108, FoM: 0.18901353734339332
06/05/2022 02:16:40.270 - oc_logger - INFO - Function evaluation number: 175, SI: 1, Sub-iteration number: 109, FoM: 0.18797371654974038
06/05/2022 02:16:40.419 - oc_logger - INFO - Function evaluation number: 176, SI: 1, Sub-iteration number: 110, FoM: 0.1881130868691192
06/05/2022 02:16:40.571 - oc_logger - INFO - New record achieved. Previous FoM: 0.18691918995532542, new best FoM : 0.18522999940504348
06/05/2022 02:16:40.571 - oc_logger - INFO - Function evaluation number: 177, SI: 1, Sub-iteration number: 111, FoM: 0.18522999940504348
06/05/2022 02:16:40.723 - oc_logger - INFO - New record achieved. Previous FoM: 0.18522999940504348, new best FoM : 0.18423139211141126
06/05/2022 02:16:40.723 - oc_logger - INFO - Function evaluation number: 178, SI: 1, Sub-iteration number: 111, FoM: 0.18423139211141126
06/05/2022 02:16:40.872 - oc_logger - INFO - Function evaluation number: 179, SI: 1, Sub-iteration number: 112, FoM: 0.18455392173703045
06/05/2022 02:16:41.023 - oc_logger - INFO - New record achieved. Previous FoM: 0.18423139211141126, new best FoM : 0.18259666985846867
06/05/2022 02:16:41.023 - oc_logger - INFO - Function evaluation number: 180, SI: 1, Sub-iteration number: 113, FoM: 0.18259666985846867
06/05/2022 02:16:41.172 - oc_logger - INFO - New record achieved. Previous FoM: 0.18259666985846867, new best FoM : 0.18158077198213074
06/05/2022 02:16:41.172 - oc_logger - INFO - Function evaluation number: 181, SI: 1, Sub-iteration number: 113, FoM: 0.18158077198213074
06/05/2022 02:16:41.323 - oc_logger - INFO - Function evaluation number: 182, SI: 1, Sub-iteration number: 114, FoM: 0.18288048030154647
06/05/2022 02:16:41.470 - oc_logger - INFO - Function evaluation number: 183, SI: 1, Sub-iteration number: 115, FoM: 0.18166543113519984
06/05/2022 02:16:41.620 - oc_logger - INFO - New record achieved. Previous FoM: 0.18158077198213074, new best FoM : 0.18045701988764418
06/05/2022 02:16:41.621 - oc_logger - INFO - Function evaluation number: 184, SI: 1, Sub-iteration number: 116, FoM: 0.18045701988764418
06/05/2022 02:16:41.774 - oc_logger - INFO - New record achieved. Previous FoM: 0.18045701988764418, new best FoM : 0.17976350167274546
06/05/2022 02:16:41.774 - oc_logger - INFO - Function evaluation number: 185, SI: 1, Sub-iteration number: 116, FoM: 0.17976350167274546
06/05/2022 02:16:41.922 - oc_logger - INFO - Function evaluation number: 186, SI: 1, Sub-iteration number: 117, FoM: 0.18157717610616686
06/05/2022 02:16:42.071 - oc_logger - INFO - Function evaluation number: 187, SI: 1, Sub-iteration number: 118, FoM: 0.1811484164816931
06/05/2022 02:16:42.219 - oc_logger - INFO - New record achieved. Previous FoM: 0.17976350167274546, new best FoM : 0.17766146951880002
06/05/2022 02:16:42.219 - oc_logger - INFO - Function evaluation number: 188, SI: 1, Sub-iteration number: 119, FoM: 0.17766146951880002
06/05/2022 02:16:42.369 - oc_logger - INFO - New record achieved. Previous FoM: 0.17766146951880002, new best FoM : 0.176682949283683
06/05/2022 02:16:42.369 - oc_logger - INFO - Function evaluation number: 189, SI: 1, Sub-iteration number: 119, FoM: 0.176682949283683
06/05/2022 02:16:42.527 - oc_logger - INFO - New record achieved. Previous FoM: 0.176682949283683, new best FoM : 0.17656988953418562
06/05/2022 02:16:42.527 - oc_logger - INFO - Function evaluation number: 190, SI: 1, Sub-iteration number: 120, FoM: 0.17656988953418562
06/05/2022 02:16:42.688 - oc_logger - INFO - New record achieved. Previous FoM: 0.17656988953418562, new best FoM : 0.17569779056053758
06/05/2022 02:16:42.688 - oc_logger - INFO - Function evaluation number: 191, SI: 1, Sub-iteration number: 120, FoM: 0.17569779056053758
06/05/2022 02:16:42.866 - oc_logger - INFO - Function evaluation number: 192, SI: 1, Sub-iteration number: 121, FoM: 0.17621654888566296
06/05/2022 02:16:43.052 - oc_logger - INFO - Function evaluation number: 193, SI: 1, Sub-iteration number: 122, FoM: 0.17868404052962694
06/05/2022 02:16:43.227 - oc_logger - INFO - Function evaluation number: 194, SI: 1, Sub-iteration number: 123, FoM: 0.17746851065584124
06/05/2022 02:16:43.387 - oc_logger - INFO - Function evaluation number: 195, SI: 1, Sub-iteration number: 124, FoM: 0.176834878845747
06/05/2022 02:16:43.546 - oc_logger - INFO - New record achieved. Previous FoM: 0.17569779056053758, new best FoM : 0.17388606143220298
06/05/2022 02:16:43.547 - oc_logger - INFO - Function evaluation number: 196, SI: 1, Sub-iteration number: 125, FoM: 0.17388606143220298
06/05/2022 02:16:43.707 - oc_logger - INFO - New record achieved. Previous FoM: 0.17388606143220298, new best FoM : 0.17320233825128517
06/05/2022 02:16:43.708 - oc_logger - INFO - Function evaluation number: 197, SI: 1, Sub-iteration number: 125, FoM: 0.17320233825128517
06/05/2022 02:16:43.865 - oc_logger - INFO - Function evaluation number: 198, SI: 1, Sub-iteration number: 126, FoM: 0.1751223389284653
06/05/2022 02:16:44.025 - oc_logger - INFO - New record achieved. Previous FoM: 0.17320233825128517, new best FoM : 0.17299170349123272
06/05/2022 02:16:44.025 - oc_logger - INFO - Function evaluation number: 199, SI: 1, Sub-iteration number: 127, FoM: 0.17299170349123272
06/05/2022 02:16:44.185 - oc_logger - INFO - New record achieved. Previous FoM: 0.17299170349123272, new best FoM : 0.17222984732335722
06/05/2022 02:16:44.185 - oc_logger - INFO - Function evaluation number: 200, SI: 1, Sub-iteration number: 127, FoM: 0.17222984732335722
06/05/2022 02:16:44.340 - oc_logger - INFO - New record achieved. Previous FoM: 0.17222984732335722, new best FoM : 0.17217901045607087
06/05/2022 02:16:44.340 - oc_logger - INFO - Function evaluation number: 201, SI: 1, Sub-iteration number: 128, FoM: 0.17217901045607087
06/05/2022 02:16:44.494 - oc_logger - INFO - New record achieved. Previous FoM: 0.17217901045607087, new best FoM : 0.17163509749714856
06/05/2022 02:16:44.495 - oc_logger - INFO - Function evaluation number: 202, SI: 1, Sub-iteration number: 128, FoM: 0.17163509749714856
06/05/2022 02:16:44.648 - oc_logger - INFO - New record achieved. Previous FoM: 0.17163509749714856, new best FoM : 0.1714207409649422
06/05/2022 02:16:44.648 - oc_logger - INFO - Function evaluation number: 203, SI: 1, Sub-iteration number: 129, FoM: 0.1714207409649422
06/05/2022 02:16:44.802 - oc_logger - INFO - New record achieved. Previous FoM: 0.1714207409649422, new best FoM : 0.17080566753674575
06/05/2022 02:16:44.803 - oc_logger - INFO - Function evaluation number: 204, SI: 1, Sub-iteration number: 129, FoM: 0.17080566753674575
06/05/2022 02:16:44.955 - oc_logger - INFO - Function evaluation number: 205, SI: 1, Sub-iteration number: 130, FoM: 0.17196331066482495
06/05/2022 02:16:45.113 - oc_logger - INFO - New record achieved. Previous FoM: 0.17080566753674575, new best FoM : 0.16755236529169992
06/05/2022 02:16:45.113 - oc_logger - INFO - Function evaluation number: 206, SI: 1, Sub-iteration number: 131, FoM: 0.16755236529169992
06/05/2022 02:16:45.272 - oc_logger - INFO - New record achieved. Previous FoM: 0.16755236529169992, new best FoM : 0.1668769343989337
06/05/2022 02:16:45.272 - oc_logger - INFO - Function evaluation number: 207, SI: 1, Sub-iteration number: 131, FoM: 0.1668769343989337
06/05/2022 02:16:45.429 - oc_logger - INFO - Function evaluation number: 208, SI: 1, Sub-iteration number: 132, FoM: 0.16772028599650024
06/05/2022 02:16:45.579 - oc_logger - INFO - New record achieved. Previous FoM: 0.1668769343989337, new best FoM : 0.16573562338471448
06/05/2022 02:16:45.579 - oc_logger - INFO - Function evaluation number: 209, SI: 1, Sub-iteration number: 133, FoM: 0.16573562338471448
06/05/2022 02:16:45.731 - oc_logger - INFO - New record achieved. Previous FoM: 0.16573562338471448, new best FoM : 0.16524823573366942
06/05/2022 02:16:45.731 - oc_logger - INFO - Function evaluation number: 210, SI: 1, Sub-iteration number: 133, FoM: 0.16524823573366942
06/05/2022 02:16:45.882 - oc_logger - INFO - Function evaluation number: 211, SI: 1, Sub-iteration number: 134, FoM: 0.17033002501253613
06/05/2022 02:16:46.038 - oc_logger - INFO - New record achieved. Previous FoM: 0.16524823573366942, new best FoM : 0.16412180701869084
06/05/2022 02:16:46.038 - oc_logger - INFO - Function evaluation number: 212, SI: 1, Sub-iteration number: 135, FoM: 0.16412180701869084
06/05/2022 02:16:46.192 - oc_logger - INFO - New record achieved. Previous FoM: 0.16412180701869084, new best FoM : 0.16310435382937882
06/05/2022 02:16:46.193 - oc_logger - INFO - Function evaluation number: 213, SI: 1, Sub-iteration number: 135, FoM: 0.16310435382937882
06/05/2022 02:16:46.346 - oc_logger - INFO - Function evaluation number: 214, SI: 1, Sub-iteration number: 136, FoM: 0.1674137923476685
06/05/2022 02:16:46.502 - oc_logger - INFO - Function evaluation number: 215, SI: 1, Sub-iteration number: 137, FoM: 0.16457667820317423
06/05/2022 02:16:46.653 - oc_logger - INFO - Function evaluation number: 216, SI: 1, Sub-iteration number: 138, FoM: 0.16355146013293986
06/05/2022 02:16:46.798 - oc_logger - INFO - New record achieved. Previous FoM: 0.16310435382937882, new best FoM : 0.1625603381908889
06/05/2022 02:16:46.798 - oc_logger - INFO - Function evaluation number: 217, SI: 1, Sub-iteration number: 139, FoM: 0.1625603381908889
06/05/2022 02:16:46.954 - oc_logger - INFO - New record achieved. Previous FoM: 0.1625603381908889, new best FoM : 0.16217585040256188
06/05/2022 02:16:46.954 - oc_logger - INFO - Function evaluation number: 218, SI: 1, Sub-iteration number: 139, FoM: 0.16217585040256188
06/05/2022 02:16:47.112 - oc_logger - INFO - Function evaluation number: 219, SI: 1, Sub-iteration number: 140, FoM: 0.16314656503981673
06/05/2022 02:16:47.271 - oc_logger - INFO - Function evaluation number: 220, SI: 1, Sub-iteration number: 141, FoM: 0.16455011760236593
06/05/2022 02:16:47.424 - oc_logger - INFO - Function evaluation number: 221, SI: 1, Sub-iteration number: 142, FoM: 0.16407929469943805
06/05/2022 02:16:47.576 - oc_logger - INFO - New record achieved. Previous FoM: 0.16217585040256188, new best FoM : 0.1608299506259303
06/05/2022 02:16:47.577 - oc_logger - INFO - Function evaluation number: 222, SI: 1, Sub-iteration number: 143, FoM: 0.1608299506259303
06/05/2022 02:16:47.725 - oc_logger - INFO - New record achieved. Previous FoM: 0.1608299506259303, new best FoM : 0.1602940449907556
06/05/2022 02:16:47.725 - oc_logger - INFO - Function evaluation number: 223, SI: 1, Sub-iteration number: 143, FoM: 0.1602940449907556
06/05/2022 02:16:47.884 - oc_logger - INFO - New record achieved. Previous FoM: 0.1602940449907556, new best FoM : 0.15976247652775766
06/05/2022 02:16:47.884 - oc_logger - INFO - Function evaluation number: 224, SI: 1, Sub-iteration number: 144, FoM: 0.15976247652775766
06/05/2022 02:16:48.039 - oc_logger - INFO - New record achieved. Previous FoM: 0.15976247652775766, new best FoM : 0.15886843282388874
06/05/2022 02:16:48.039 - oc_logger - INFO - Function evaluation number: 225, SI: 1, Sub-iteration number: 144, FoM: 0.15886843282388874
06/05/2022 02:16:48.195 - oc_logger - INFO - Function evaluation number: 226, SI: 1, Sub-iteration number: 145, FoM: 0.15926675585165495
06/05/2022 02:16:48.347 - oc_logger - INFO - Function evaluation number: 227, SI: 1, Sub-iteration number: 146, FoM: 0.16185424192754372
06/05/2022 02:16:48.504 - oc_logger - INFO - Function evaluation number: 228, SI: 1, Sub-iteration number: 147, FoM: 0.15907411302297914
06/05/2022 02:16:48.659 - oc_logger - INFO - New record achieved. Previous FoM: 0.15886843282388874, new best FoM : 0.15862670313242577
06/05/2022 02:16:48.659 - oc_logger - INFO - Function evaluation number: 229, SI: 1, Sub-iteration number: 148, FoM: 0.15862670313242577
06/05/2022 02:16:48.813 - oc_logger - INFO - New record achieved. Previous FoM: 0.15862670313242577, new best FoM : 0.15827201160539484
06/05/2022 02:16:48.813 - oc_logger - INFO - Function evaluation number: 230, SI: 1, Sub-iteration number: 148, FoM: 0.15827201160539484
06/05/2022 02:16:48.966 - oc_logger - INFO - Function evaluation number: 231, SI: 1, Sub-iteration number: 149, FoM: 0.15855182037033033
06/05/2022 02:16:49.124 - oc_logger - INFO - New record achieved. Previous FoM: 0.15827201160539484, new best FoM : 0.15500515276342108
06/05/2022 02:16:49.124 - oc_logger - INFO - Function evaluation number: 232, SI: 1, Sub-iteration number: 150, FoM: 0.15500515276342108
06/05/2022 02:16:49.275 - oc_logger - INFO - New record achieved. Previous FoM: 0.15500515276342108, new best FoM : 0.1538957763812847
06/05/2022 02:16:49.275 - oc_logger - INFO - Function evaluation number: 233, SI: 1, Sub-iteration number: 150, FoM: 0.1538957763812847
06/05/2022 02:16:49.428 - oc_logger - INFO - Function evaluation number: 234, SI: 1, Sub-iteration number: 151, FoM: 0.15686175300750727
06/05/2022 02:16:49.586 - oc_logger - INFO - Function evaluation number: 235, SI: 1, Sub-iteration number: 152, FoM: 0.15557458660996393
06/05/2022 02:16:49.741 - oc_logger - INFO - New record achieved. Previous FoM: 0.1538957763812847, new best FoM : 0.1535352819134972
06/05/2022 02:16:49.742 - oc_logger - INFO - Function evaluation number: 236, SI: 1, Sub-iteration number: 153, FoM: 0.1535352819134972
06/05/2022 02:16:49.895 - oc_logger - INFO - Function evaluation number: 237, SI: 1, Sub-iteration number: 153, FoM: 0.15394373163775477
06/05/2022 02:16:50.046 - oc_logger - INFO - Function evaluation number: 238, SI: 1, Sub-iteration number: 154, FoM: 0.15397090739831854
06/05/2022 02:16:50.199 - oc_logger - INFO - New record achieved. Previous FoM: 0.1535352819134972, new best FoM : 0.15312835974616135
06/05/2022 02:16:50.199 - oc_logger - INFO - Function evaluation number: 239, SI: 1, Sub-iteration number: 155, FoM: 0.15312835974616135
06/05/2022 02:16:50.355 - oc_logger - INFO - New record achieved. Previous FoM: 0.15312835974616135, new best FoM : 0.15267082402132293
06/05/2022 02:16:50.355 - oc_logger - INFO - Function evaluation number: 240, SI: 1, Sub-iteration number: 155, FoM: 0.15267082402132293
06/05/2022 02:16:50.515 - oc_logger - INFO - New record achieved. Previous FoM: 0.15267082402132293, new best FoM : 0.15135250189557892
06/05/2022 02:16:50.515 - oc_logger - INFO - Function evaluation number: 241, SI: 1, Sub-iteration number: 156, FoM: 0.15135250189557892
06/05/2022 02:16:50.667 - oc_logger - INFO - New record achieved. Previous FoM: 0.15135250189557892, new best FoM : 0.15044894263365238
06/05/2022 02:16:50.667 - oc_logger - INFO - Function evaluation number: 242, SI: 1, Sub-iteration number: 156, FoM: 0.15044894263365238
06/05/2022 02:16:50.819 - oc_logger - INFO - Function evaluation number: 243, SI: 1, Sub-iteration number: 157, FoM: 0.15137649387810115
06/05/2022 02:16:50.982 - oc_logger - INFO - New record achieved. Previous FoM: 0.15044894263365238, new best FoM : 0.14805034262937744
06/05/2022 02:16:50.982 - oc_logger - INFO - Function evaluation number: 244, SI: 1, Sub-iteration number: 158, FoM: 0.14805034262937744
06/05/2022 02:16:51.137 - oc_logger - INFO - New record achieved. Previous FoM: 0.14805034262937744, new best FoM : 0.1468468680041244
06/05/2022 02:16:51.137 - oc_logger - INFO - Function evaluation number: 245, SI: 1, Sub-iteration number: 158, FoM: 0.1468468680041244
06/05/2022 02:16:51.292 - oc_logger - INFO - Function evaluation number: 246, SI: 1, Sub-iteration number: 159, FoM: 0.14787750701166547
06/05/2022 02:16:51.446 - oc_logger - INFO - Function evaluation number: 247, SI: 1, Sub-iteration number: 160, FoM: 0.14950900002041156
06/05/2022 02:16:51.601 - oc_logger - INFO - New record achieved. Previous FoM: 0.1468468680041244, new best FoM : 0.14668069942712803
06/05/2022 02:16:51.601 - oc_logger - INFO - Function evaluation number: 248, SI: 1, Sub-iteration number: 161, FoM: 0.14668069942712803
06/05/2022 02:16:51.753 - oc_logger - INFO - New record achieved. Previous FoM: 0.14668069942712803, new best FoM : 0.14595041502603845
06/05/2022 02:16:51.753 - oc_logger - INFO - Function evaluation number: 249, SI: 1, Sub-iteration number: 161, FoM: 0.14595041502603845
06/05/2022 02:16:51.907 - oc_logger - INFO - New record achieved. Previous FoM: 0.14595041502603845, new best FoM : 0.1451528842119495
06/05/2022 02:16:51.907 - oc_logger - INFO - Function evaluation number: 250, SI: 1, Sub-iteration number: 162, FoM: 0.1451528842119495
06/05/2022 02:16:52.063 - oc_logger - INFO - New record achieved. Previous FoM: 0.1451528842119495, new best FoM : 0.1442657417801687
06/05/2022 02:16:52.063 - oc_logger - INFO - Function evaluation number: 251, SI: 1, Sub-iteration number: 162, FoM: 0.1442657417801687
06/05/2022 02:16:52.218 - oc_logger - INFO - Function evaluation number: 252, SI: 1, Sub-iteration number: 163, FoM: 0.14430266913386436
06/05/2022 02:16:52.372 - oc_logger - INFO - New record achieved. Previous FoM: 0.1442657417801687, new best FoM : 0.14187879398141778
06/05/2022 02:16:52.373 - oc_logger - INFO - Function evaluation number: 253, SI: 1, Sub-iteration number: 164, FoM: 0.14187879398141778
06/05/2022 02:16:52.523 - oc_logger - INFO - New record achieved. Previous FoM: 0.14187879398141778, new best FoM : 0.1407089041099705
06/05/2022 02:16:52.523 - oc_logger - INFO - Function evaluation number: 254, SI: 1, Sub-iteration number: 164, FoM: 0.1407089041099705
06/05/2022 02:16:52.675 - oc_logger - INFO - Function evaluation number: 255, SI: 1, Sub-iteration number: 165, FoM: 0.14112833590575513
06/05/2022 02:16:52.824 - oc_logger - INFO - New record achieved. Previous FoM: 0.1407089041099705, new best FoM : 0.14067206072059735
06/05/2022 02:16:52.825 - oc_logger - INFO - Function evaluation number: 256, SI: 1, Sub-iteration number: 166, FoM: 0.14067206072059735
06/05/2022 02:16:52.984 - oc_logger - INFO - New record achieved. Previous FoM: 0.14067206072059735, new best FoM : 0.1404338517232553
06/05/2022 02:16:52.984 - oc_logger - INFO - Function evaluation number: 257, SI: 1, Sub-iteration number: 166, FoM: 0.1404338517232553
06/05/2022 02:16:53.143 - oc_logger - INFO - New record achieved. Previous FoM: 0.1404338517232553, new best FoM : 0.13936984294704735
06/05/2022 02:16:53.143 - oc_logger - INFO - Function evaluation number: 258, SI: 1, Sub-iteration number: 167, FoM: 0.13936984294704735
06/05/2022 02:16:53.303 - oc_logger - INFO - New record achieved. Previous FoM: 0.13936984294704735, new best FoM : 0.13878293451743362
06/05/2022 02:16:53.304 - oc_logger - INFO - Function evaluation number: 259, SI: 1, Sub-iteration number: 167, FoM: 0.13878293451743362
06/05/2022 02:16:53.462 - oc_logger - INFO - New record achieved. Previous FoM: 0.13878293451743362, new best FoM : 0.13795801913067995
06/05/2022 02:16:53.462 - oc_logger - INFO - Function evaluation number: 260, SI: 1, Sub-iteration number: 168, FoM: 0.13795801913067995
06/05/2022 02:16:53.617 - oc_logger - INFO - New record achieved. Previous FoM: 0.13795801913067995, new best FoM : 0.13722836196015997
06/05/2022 02:16:53.618 - oc_logger - INFO - Function evaluation number: 261, SI: 1, Sub-iteration number: 168, FoM: 0.13722836196015997
06/05/2022 02:16:53.774 - oc_logger - INFO - New record achieved. Previous FoM: 0.13722836196015997, new best FoM : 0.13674324006941696
06/05/2022 02:16:53.774 - oc_logger - INFO - Function evaluation number: 262, SI: 1, Sub-iteration number: 169, FoM: 0.13674324006941696
06/05/2022 02:16:53.930 - oc_logger - INFO - Function evaluation number: 263, SI: 1, Sub-iteration number: 169, FoM: 0.13688303575006244
06/05/2022 02:16:54.087 - oc_logger - INFO - New record achieved. Previous FoM: 0.13674324006941696, new best FoM : 0.13404900976593004
06/05/2022 02:16:54.087 - oc_logger - INFO - Function evaluation number: 264, SI: 1, Sub-iteration number: 170, FoM: 0.13404900976593004
06/05/2022 02:16:54.242 - oc_logger - INFO - New record achieved. Previous FoM: 0.13404900976593004, new best FoM : 0.13361165013690857
06/05/2022 02:16:54.243 - oc_logger - INFO - Function evaluation number: 265, SI: 1, Sub-iteration number: 170, FoM: 0.13361165013690857
06/05/2022 02:16:54.399 - oc_logger - INFO - Function evaluation number: 266, SI: 1, Sub-iteration number: 171, FoM: 0.14427752483810685
06/05/2022 02:16:54.556 - oc_logger - INFO - Function evaluation number: 267, SI: 1, Sub-iteration number: 171, FoM: 0.14133861016177507
06/05/2022 02:16:54.711 - oc_logger - INFO - Function evaluation number: 268, SI: 1, Sub-iteration number: 172, FoM: 0.13515234030323364
06/05/2022 02:16:54.868 - oc_logger - INFO - Function evaluation number: 269, SI: 1, Sub-iteration number: 173, FoM: 0.1381775596485797
06/05/2022 02:16:55.025 - oc_logger - INFO - Function evaluation number: 270, SI: 1, Sub-iteration number: 174, FoM: 0.13639055782229226
06/05/2022 02:16:55.179 - oc_logger - INFO - Function evaluation number: 271, SI: 1, Sub-iteration number: 175, FoM: 0.1340915882367194
06/05/2022 02:16:55.333 - oc_logger - INFO - New record achieved. Previous FoM: 0.13361165013690857, new best FoM : 0.13166123465303692
06/05/2022 02:16:55.333 - oc_logger - INFO - Function evaluation number: 272, SI: 1, Sub-iteration number: 176, FoM: 0.13166123465303692
06/05/2022 02:16:55.487 - oc_logger - INFO - New record achieved. Previous FoM: 0.13166123465303692, new best FoM : 0.13165436813025588
06/05/2022 02:16:55.487 - oc_logger - INFO - Function evaluation number: 273, SI: 1, Sub-iteration number: 176, FoM: 0.13165436813025588
06/05/2022 02:16:55.642 - oc_logger - INFO - Function evaluation number: 274, SI: 1, Sub-iteration number: 177, FoM: 0.13440783501195908
06/05/2022 02:16:55.799 - oc_logger - INFO - Function evaluation number: 275, SI: 1, Sub-iteration number: 178, FoM: 0.13706847041067038
06/05/2022 02:16:55.955 - oc_logger - INFO - Function evaluation number: 276, SI: 1, Sub-iteration number: 179, FoM: 0.13479404665599304
06/05/2022 02:16:56.115 - oc_logger - INFO - Function evaluation number: 277, SI: 1, Sub-iteration number: 180, FoM: 0.13475862869222244
06/05/2022 02:16:56.272 - oc_logger - INFO - New record achieved. Previous FoM: 0.13165436813025588, new best FoM : 0.1315905815718631
06/05/2022 02:16:56.273 - oc_logger - INFO - Function evaluation number: 278, SI: 1, Sub-iteration number: 181, FoM: 0.1315905815718631
06/05/2022 02:16:56.434 - oc_logger - INFO - Function evaluation number: 279, SI: 1, Sub-iteration number: 181, FoM: 0.13166286062892985
06/05/2022 02:16:56.595 - oc_logger - INFO - Function evaluation number: 280, SI: 1, Sub-iteration number: 182, FoM: 0.13175034088767457
06/05/2022 02:16:56.746 - oc_logger - INFO - Function evaluation number: 281, SI: 1, Sub-iteration number: 183, FoM: 0.13220011769254392
06/05/2022 02:16:56.903 - oc_logger - INFO - Function evaluation number: 282, SI: 1, Sub-iteration number: 184, FoM: 0.1343354800262211
06/05/2022 02:16:57.058 - oc_logger - INFO - Function evaluation number: 283, SI: 1, Sub-iteration number: 185, FoM: 0.13159063387517977
06/05/2022 02:16:57.218 - oc_logger - INFO - Function evaluation number: 284, SI: 1, Sub-iteration number: 186, FoM: 0.13485476585906575
06/05/2022 02:16:57.374 - oc_logger - INFO - Function evaluation number: 285, SI: 1, Sub-iteration number: 186, FoM: 0.13360332911576778
06/05/2022 02:16:57.532 - oc_logger - INFO - Function evaluation number: 286, SI: 1, Sub-iteration number: 187, FoM: 0.13439347701768578
06/05/2022 02:16:57.688 - oc_logger - INFO - Function evaluation number: 287, SI: 1, Sub-iteration number: 187, FoM: 0.1323071628505178
06/05/2022 02:16:57.850 - oc_logger - INFO - New record achieved. Previous FoM: 0.1315905815718631, new best FoM : 0.1314785718512188
06/05/2022 02:16:57.850 - oc_logger - INFO - Function evaluation number: 288, SI: 1, Sub-iteration number: 188, FoM: 0.1314785718512188
06/05/2022 02:16:58.005 - oc_logger - INFO - New record achieved. Previous FoM: 0.1314785718512188, new best FoM : 0.13145937806063634
06/05/2022 02:16:58.005 - oc_logger - INFO - Function evaluation number: 289, SI: 1, Sub-iteration number: 188, FoM: 0.13145937806063634
06/05/2022 02:16:58.163 - oc_logger - INFO - Function evaluation number: 290, SI: 1, Sub-iteration number: 189, FoM: 0.13171309871781323
06/05/2022 02:16:58.324 - oc_logger - INFO - Function evaluation number: 291, SI: 1, Sub-iteration number: 190, FoM: 0.13248825630518402
06/05/2022 02:16:58.478 - oc_logger - INFO - Function evaluation number: 292, SI: 1, Sub-iteration number: 190, FoM: 0.13167398342618697
06/05/2022 02:16:58.636 - oc_logger - INFO - Function evaluation number: 293, SI: 1, Sub-iteration number: 191, FoM: 0.1314785324871779
06/05/2022 02:16:58.799 - oc_logger - INFO - Function evaluation number: 294, SI: 1, Sub-iteration number: 192, FoM: 0.1328013227091529
06/05/2022 02:16:58.962 - oc_logger - INFO - Function evaluation number: 295, SI: 1, Sub-iteration number: 192, FoM: 0.13156180721947075
06/05/2022 02:16:59.120 - oc_logger - INFO - Function evaluation number: 296, SI: 1, Sub-iteration number: 193, FoM: 0.1315325370349636
06/05/2022 02:16:59.281 - oc_logger - INFO - Function evaluation number: 297, SI: 1, Sub-iteration number: 194, FoM: 0.13182941068143172
06/05/2022 02:16:59.438 - oc_logger - INFO - Function evaluation number: 298, SI: 1, Sub-iteration number: 194, FoM: 0.1316483792789661
06/05/2022 02:16:59.592 - oc_logger - INFO - Function evaluation number: 299, SI: 1, Sub-iteration number: 195, FoM: 0.13155909678362876
06/05/2022 02:16:59.744 - oc_logger - INFO - Function evaluation number: 300, SI: 1, Sub-iteration number: 196, FoM: 0.13154771965102496
06/05/2022 02:16:59.903 - oc_logger - INFO - New record achieved. Previous FoM: 0.13145937806063634, new best FoM : 0.13145642841323513
06/05/2022 02:16:59.903 - oc_logger - INFO - Function evaluation number: 301, SI: 1, Sub-iteration number: 197, FoM: 0.13145642841323513
06/05/2022 02:17:00.076 - oc_logger - INFO - New record achieved. Previous FoM: 0.13145642841323513, new best FoM : 0.13144178328887723
06/05/2022 02:17:00.076 - oc_logger - INFO - Function evaluation number: 302, SI: 1, Sub-iteration number: 197, FoM: 0.13144178328887723
06/05/2022 02:17:00.248 - oc_logger - INFO - Function evaluation number: 303, SI: 1, Sub-iteration number: 198, FoM: 0.13145847748688466
06/05/2022 02:17:00.417 - oc_logger - INFO - New record achieved. Previous FoM: 0.13144178328887723, new best FoM : 0.1314370207514557
06/05/2022 02:17:00.417 - oc_logger - INFO - Function evaluation number: 304, SI: 1, Sub-iteration number: 199, FoM: 0.1314370207514557
06/05/2022 02:17:00.584 - oc_logger - INFO - New record achieved. Previous FoM: 0.1314370207514557, new best FoM : 0.1314259360714044
06/05/2022 02:17:00.584 - oc_logger - INFO - Function evaluation number: 305, SI: 1, Sub-iteration number: 199, FoM: 0.1314259360714044
06/05/2022 02:17:00.753 - oc_logger - INFO - Function evaluation number: 306, SI: 1, Sub-iteration number: 200, FoM: 0.13142765736590845
06/05/2022 02:17:00.920 - oc_logger - INFO - New record achieved. Previous FoM: 0.1314259360714044, new best FoM : 0.13141180500168315
06/05/2022 02:17:00.920 - oc_logger - INFO - Function evaluation number: 307, SI: 1, Sub-iteration number: 201, FoM: 0.13141180500168315
06/05/2022 02:17:01.090 - oc_logger - INFO - New record achieved. Previous FoM: 0.13141180500168315, new best FoM : 0.13140451632616656
06/05/2022 02:17:01.090 - oc_logger - INFO - Function evaluation number: 308, SI: 1, Sub-iteration number: 201, FoM: 0.13140451632616656
06/05/2022 02:17:01.256 - oc_logger - INFO - New record achieved. Previous FoM: 0.13140451632616656, new best FoM : 0.13140071674374687
06/05/2022 02:17:01.256 - oc_logger - INFO - Function evaluation number: 309, SI: 1, Sub-iteration number: 202, FoM: 0.13140071674374687
06/05/2022 02:17:01.422 - oc_logger - INFO - Function evaluation number: 310, SI: 1, Sub-iteration number: 202, FoM: 0.13154696984782188
06/05/2022 02:17:01.586 - oc_logger - INFO - New record achieved. Previous FoM: 0.13140071674374687, new best FoM : 0.13139709255102072
06/05/2022 02:17:01.586 - oc_logger - INFO - Function evaluation number: 311, SI: 1, Sub-iteration number: 203, FoM: 0.13139709255102072
06/05/2022 02:17:01.753 - oc_logger - INFO - Function evaluation number: 312, SI: 1, Sub-iteration number: 203, FoM: 0.1313988463770337
06/05/2022 02:17:01.754 - oc_logger - INFO - SI 1 finished - Number of evaluations: 312, Best FoM: 0.13139709255102072, Terminate reason: Convergence of the FoM.

06/05/2022 02:17:01.754 - oc_logger - INFO - Direct search start time has been reset.
06/05/2022 02:17:01.911 - oc_logger - INFO - Function evaluation number: 313, SI: 2, Sub-iteration number: 0, FoM: 0.13139709255102072
06/05/2022 02:17:02.071 - oc_logger - INFO - Function evaluation number: 314, SI: 2, Sub-iteration number: 0, FoM: 0.13139755047523538
06/05/2022 02:17:02.236 - oc_logger - INFO - Function evaluation number: 315, SI: 2, Sub-iteration number: 0, FoM: 0.13139733000160714
06/05/2022 02:17:02.394 - oc_logger - INFO - Function evaluation number: 316, SI: 2, Sub-iteration number: 0, FoM: 0.1313983562303973
06/05/2022 02:17:02.549 - oc_logger - INFO - Function evaluation number: 317, SI: 2, Sub-iteration number: 0, FoM: 0.13139713671739117
06/05/2022 02:17:02.712 - oc_logger - INFO - Function evaluation number: 318, SI: 2, Sub-iteration number: 0, FoM: 0.13139710175708608
06/05/2022 02:17:02.874 - oc_logger - INFO - Function evaluation number: 319, SI: 2, Sub-iteration number: 0, FoM: 0.13139813675366352
06/05/2022 02:17:03.036 - oc_logger - INFO - Function evaluation number: 320, SI: 2, Sub-iteration number: 0, FoM: 0.13139710639605984
06/05/2022 02:17:03.200 - oc_logger - INFO - Function evaluation number: 321, SI: 2, Sub-iteration number: 0, FoM: 0.1313972499007522
06/05/2022 02:17:03.364 - oc_logger - INFO - Function evaluation number: 322, SI: 2, Sub-iteration number: 1, FoM: 0.13139767467214536
06/05/2022 02:17:03.364 - oc_logger - INFO - SI 2 finished - Number of evaluations: 10, Best FoM: 0.13139709255102072, Terminate reason: Convergence of the FoM.

06/05/2022 02:17:03.365 - oc_logger - INFO - Direct search start time has been reset.
06/05/2022 02:17:03.532 - oc_logger - INFO - Function evaluation number: 323, SI: 3, Sub-iteration number: 0, FoM: 0.13139709255102072
06/05/2022 02:17:03.701 - oc_logger - INFO - Function evaluation number: 324, SI: 3, Sub-iteration number: 0, FoM: 0.13139787057438912
06/05/2022 02:17:03.863 - oc_logger - INFO - Function evaluation number: 325, SI: 3, Sub-iteration number: 0, FoM: 0.13139719141259076
06/05/2022 02:17:04.030 - oc_logger - INFO - Function evaluation number: 326, SI: 3, Sub-iteration number: 0, FoM: 0.13139710184588638
06/05/2022 02:17:04.193 - oc_logger - INFO - Function evaluation number: 327, SI: 3, Sub-iteration number: 0, FoM: 0.13139788452554546
06/05/2022 02:17:04.360 - oc_logger - INFO - Function evaluation number: 328, SI: 3, Sub-iteration number: 0, FoM: 0.13139792971464115
06/05/2022 02:17:04.522 - oc_logger - INFO - Function evaluation number: 329, SI: 3, Sub-iteration number: 0, FoM: 0.13139750238231118
06/05/2022 02:17:04.688 - oc_logger - INFO - Function evaluation number: 330, SI: 3, Sub-iteration number: 0, FoM: 0.1313971362127926
06/05/2022 02:17:04.851 - oc_logger - INFO - Function evaluation number: 331, SI: 3, Sub-iteration number: 0, FoM: 0.13139715032945742
06/05/2022 02:17:05.015 - oc_logger - INFO - Function evaluation number: 332, SI: 3, Sub-iteration number: 1, FoM: 0.13139762611677108
06/05/2022 02:17:05.016 - oc_logger - INFO - SI 3 finished - Number of evaluations: 10, Best FoM: 0.13139709255102072, Terminate reason: Convergence of the FoM.

06/05/2022 02:17:05.016 - oc_logger - INFO - Figure of merit : 0.13139709255102072
06/05/2022 02:17:05.016 - oc_logger - INFO - Std : 0.0
06/05/2022 02:17:05.016 - oc_logger - INFO - total number of function evaluations : 332
06/05/2022 02:17:05.016 - oc_logger - INFO - dcrab_freq_list : [array([[0.01535931, 1.73460291, 3.150586  , 4.56705053]]), array([[0.15744387, 1.93786129, 2.8696673 , 4.44683389]]), array([[0.35015699, 2.31708465, 3.11134955, 4.0387583 ]])]
06/05/2022 02:17:05.017 - oc_logger - INFO - dcrab_para_list : [array([  40.75987832,  -13.81676419,   39.41939697, -141.87594116,
        -35.58819422,   61.95535927,   80.87653024,  -26.10934574]), array([0., 0., 0., 0., 0., 0., 0., 0.]), array([0., 0., 0., 0., 0., 0., 0., 0.])]
06/05/2022 02:17:05.017 - oc_logger - INFO - terminate_reason : Convergence of the FoM.
