17/06/2022 19:17:08.145 - oc_logger - INFO - The optimization direction is minimization
17/06/2022 19:17:08.147 - oc_logger - INFO - QuOCS version number: 0.0.27
17/06/2022 19:17:08.147 - oc_logger - INFO - Direct search start time has been reset.
17/06/2022 19:17:08.608 - oc_logger - INFO - New record achieved. Previous FoM: 10000000000.0, new best FoM : 0.9984479141965246
17/06/2022 19:17:08.608 - oc_logger - INFO - Function evaluation number: 1, SI: 1, Sub-iteration number: 0, FoM: 0.9984479141965246
17/06/2022 19:17:08.815 - oc_logger - INFO - Function evaluation number: 2, SI: 1, Sub-iteration number: 0, FoM: 0.9986023947686355
17/06/2022 19:17:08.973 - oc_logger - INFO - New record achieved. Previous FoM: 0.9984479141965246, new best FoM : 0.98928559768867
17/06/2022 19:17:08.973 - oc_logger - INFO - Function evaluation number: 3, SI: 1, Sub-iteration number: 0, FoM: 0.98928559768867
17/06/2022 19:17:09.125 - oc_logger - INFO - New record achieved. Previous FoM: 0.98928559768867, new best FoM : 0.9887804060462076
17/06/2022 19:17:09.125 - oc_logger - INFO - Function evaluation number: 4, SI: 1, Sub-iteration number: 0, FoM: 0.9887804060462076
17/06/2022 19:17:09.278 - oc_logger - INFO - Function evaluation number: 5, SI: 1, Sub-iteration number: 0, FoM: 0.988857971831509
17/06/2022 19:17:09.430 - oc_logger - INFO - Function evaluation number: 6, SI: 1, Sub-iteration number: 0, FoM: 0.9902741026675728
17/06/2022 19:17:09.571 - oc_logger - INFO - Function evaluation number: 7, SI: 1, Sub-iteration number: 0, FoM: 0.9998298035725097
17/06/2022 19:17:09.715 - oc_logger - INFO - Function evaluation number: 8, SI: 1, Sub-iteration number: 0, FoM: 0.9999821058729811
17/06/2022 19:17:09.852 - oc_logger - INFO - Function evaluation number: 9, SI: 1, Sub-iteration number: 0, FoM: 0.9999841044855344
17/06/2022 19:17:09.994 - oc_logger - INFO - Function evaluation number: 10, SI: 1, Sub-iteration number: 0, FoM: 0.998613861159619
17/06/2022 19:17:10.140 - oc_logger - INFO - New record achieved. Previous FoM: 0.9887804060462076, new best FoM : 0.9872570319159935
17/06/2022 19:17:10.140 - oc_logger - INFO - Function evaluation number: 11, SI: 1, Sub-iteration number: 1, FoM: 0.9872570319159935
17/06/2022 19:17:10.278 - oc_logger - INFO - New record achieved. Previous FoM: 0.9872570319159935, new best FoM : 0.9843352645532766
17/06/2022 19:17:10.278 - oc_logger - INFO - Function evaluation number: 12, SI: 1, Sub-iteration number: 1, FoM: 0.9843352645532766
17/06/2022 19:17:10.423 - oc_logger - INFO - New record achieved. Previous FoM: 0.9843352645532766, new best FoM : 0.9800874465260063
17/06/2022 19:17:10.424 - oc_logger - INFO - Function evaluation number: 13, SI: 1, Sub-iteration number: 2, FoM: 0.9800874465260063
17/06/2022 19:17:10.571 - oc_logger - INFO - New record achieved. Previous FoM: 0.9800874465260063, new best FoM : 0.9754972885656485
17/06/2022 19:17:10.571 - oc_logger - INFO - Function evaluation number: 14, SI: 1, Sub-iteration number: 2, FoM: 0.9754972885656485
17/06/2022 19:17:10.717 - oc_logger - INFO - New record achieved. Previous FoM: 0.9754972885656485, new best FoM : 0.963653708974072
17/06/2022 19:17:10.717 - oc_logger - INFO - Function evaluation number: 15, SI: 1, Sub-iteration number: 3, FoM: 0.963653708974072
17/06/2022 19:17:10.866 - oc_logger - INFO - New record achieved. Previous FoM: 0.963653708974072, new best FoM : 0.9547743596422665
17/06/2022 19:17:10.866 - oc_logger - INFO - Function evaluation number: 16, SI: 1, Sub-iteration number: 3, FoM: 0.9547743596422665
17/06/2022 19:17:11.018 - oc_logger - INFO - Function evaluation number: 17, SI: 1, Sub-iteration number: 4, FoM: 0.967385082275289
17/06/2022 19:17:11.162 - oc_logger - INFO - New record achieved. Previous FoM: 0.9547743596422665, new best FoM : 0.9544316045992777
17/06/2022 19:17:11.162 - oc_logger - INFO - Function evaluation number: 18, SI: 1, Sub-iteration number: 5, FoM: 0.9544316045992777
17/06/2022 19:17:11.310 - oc_logger - INFO - New record achieved. Previous FoM: 0.9544316045992777, new best FoM : 0.9458274321808116
17/06/2022 19:17:11.310 - oc_logger - INFO - Function evaluation number: 19, SI: 1, Sub-iteration number: 5, FoM: 0.9458274321808116
17/06/2022 19:17:11.452 - oc_logger - INFO - New record achieved. Previous FoM: 0.9458274321808116, new best FoM : 0.9363044586742189
17/06/2022 19:17:11.452 - oc_logger - INFO - Function evaluation number: 20, SI: 1, Sub-iteration number: 6, FoM: 0.9363044586742189
17/06/2022 19:17:11.604 - oc_logger - INFO - New record achieved. Previous FoM: 0.9363044586742189, new best FoM : 0.9242330348335991
17/06/2022 19:17:11.605 - oc_logger - INFO - Function evaluation number: 21, SI: 1, Sub-iteration number: 6, FoM: 0.9242330348335991
17/06/2022 19:17:11.750 - oc_logger - INFO - Function evaluation number: 22, SI: 1, Sub-iteration number: 7, FoM: 0.9452111632600756
17/06/2022 19:17:11.894 - oc_logger - INFO - Function evaluation number: 23, SI: 1, Sub-iteration number: 8, FoM: 0.9336319665030555
17/06/2022 19:17:12.041 - oc_logger - INFO - New record achieved. Previous FoM: 0.9242330348335991, new best FoM : 0.9167659255752709
17/06/2022 19:17:12.042 - oc_logger - INFO - Function evaluation number: 24, SI: 1, Sub-iteration number: 9, FoM: 0.9167659255752709
17/06/2022 19:17:12.187 - oc_logger - INFO - New record achieved. Previous FoM: 0.9167659255752709, new best FoM : 0.9050831438024253
17/06/2022 19:17:12.187 - oc_logger - INFO - Function evaluation number: 25, SI: 1, Sub-iteration number: 9, FoM: 0.9050831438024253
17/06/2022 19:17:12.333 - oc_logger - INFO - New record achieved. Previous FoM: 0.9050831438024253, new best FoM : 0.8902432135109165
17/06/2022 19:17:12.333 - oc_logger - INFO - Function evaluation number: 26, SI: 1, Sub-iteration number: 10, FoM: 0.8902432135109165
17/06/2022 19:17:12.474 - oc_logger - INFO - New record achieved. Previous FoM: 0.8902432135109165, new best FoM : 0.8739515937272816
17/06/2022 19:17:12.474 - oc_logger - INFO - Function evaluation number: 27, SI: 1, Sub-iteration number: 10, FoM: 0.8739515937272816
17/06/2022 19:17:12.623 - oc_logger - INFO - New record achieved. Previous FoM: 0.8739515937272816, new best FoM : 0.8685978674066266
17/06/2022 19:17:12.623 - oc_logger - INFO - Function evaluation number: 28, SI: 1, Sub-iteration number: 11, FoM: 0.8685978674066266
17/06/2022 19:17:12.764 - oc_logger - INFO - New record achieved. Previous FoM: 0.8685978674066266, new best FoM : 0.8500121799283701
17/06/2022 19:17:12.764 - oc_logger - INFO - Function evaluation number: 29, SI: 1, Sub-iteration number: 11, FoM: 0.8500121799283701
17/06/2022 19:17:12.911 - oc_logger - INFO - Function evaluation number: 30, SI: 1, Sub-iteration number: 12, FoM: 0.853619967827516
17/06/2022 19:17:13.055 - oc_logger - INFO - New record achieved. Previous FoM: 0.8500121799283701, new best FoM : 0.8358840027537747
17/06/2022 19:17:13.055 - oc_logger - INFO - Function evaluation number: 31, SI: 1, Sub-iteration number: 13, FoM: 0.8358840027537747
17/06/2022 19:17:13.202 - oc_logger - INFO - New record achieved. Previous FoM: 0.8358840027537747, new best FoM : 0.8161934011173704
17/06/2022 19:17:13.202 - oc_logger - INFO - Function evaluation number: 32, SI: 1, Sub-iteration number: 13, FoM: 0.8161934011173704
17/06/2022 19:17:13.350 - oc_logger - INFO - Function evaluation number: 33, SI: 1, Sub-iteration number: 14, FoM: 0.8243235132469883
17/06/2022 19:17:13.497 - oc_logger - INFO - New record achieved. Previous FoM: 0.8161934011173704, new best FoM : 0.8061385530711137
17/06/2022 19:17:13.498 - oc_logger - INFO - Function evaluation number: 34, SI: 1, Sub-iteration number: 15, FoM: 0.8061385530711137
17/06/2022 19:17:13.645 - oc_logger - INFO - New record achieved. Previous FoM: 0.8061385530711137, new best FoM : 0.7869815006741798
17/06/2022 19:17:13.645 - oc_logger - INFO - Function evaluation number: 35, SI: 1, Sub-iteration number: 15, FoM: 0.7869815006741798
17/06/2022 19:17:13.786 - oc_logger - INFO - New record achieved. Previous FoM: 0.7869815006741798, new best FoM : 0.7633798718917156
17/06/2022 19:17:13.786 - oc_logger - INFO - Function evaluation number: 36, SI: 1, Sub-iteration number: 16, FoM: 0.7633798718917156
17/06/2022 19:17:13.935 - oc_logger - INFO - New record achieved. Previous FoM: 0.7633798718917156, new best FoM : 0.738208949463661
17/06/2022 19:17:13.935 - oc_logger - INFO - Function evaluation number: 37, SI: 1, Sub-iteration number: 16, FoM: 0.738208949463661
17/06/2022 19:17:14.078 - oc_logger - INFO - New record achieved. Previous FoM: 0.738208949463661, new best FoM : 0.7308049023241552
17/06/2022 19:17:14.078 - oc_logger - INFO - Function evaluation number: 38, SI: 1, Sub-iteration number: 17, FoM: 0.7308049023241552
17/06/2022 19:17:14.214 - oc_logger - INFO - New record achieved. Previous FoM: 0.7308049023241552, new best FoM : 0.7032160073749809
17/06/2022 19:17:14.214 - oc_logger - INFO - Function evaluation number: 39, SI: 1, Sub-iteration number: 17, FoM: 0.7032160073749809
17/06/2022 19:17:14.361 - oc_logger - INFO - New record achieved. Previous FoM: 0.7032160073749809, new best FoM : 0.6884796775499835
17/06/2022 19:17:14.361 - oc_logger - INFO - Function evaluation number: 40, SI: 1, Sub-iteration number: 18, FoM: 0.6884796775499835
17/06/2022 19:17:14.503 - oc_logger - INFO - New record achieved. Previous FoM: 0.6884796775499835, new best FoM : 0.6571488356525095
17/06/2022 19:17:14.503 - oc_logger - INFO - Function evaluation number: 41, SI: 1, Sub-iteration number: 18, FoM: 0.6571488356525095
17/06/2022 19:17:14.652 - oc_logger - INFO - New record achieved. Previous FoM: 0.6571488356525095, new best FoM : 0.6554422892194233
17/06/2022 19:17:14.652 - oc_logger - INFO - Function evaluation number: 42, SI: 1, Sub-iteration number: 19, FoM: 0.6554422892194233
17/06/2022 19:17:14.799 - oc_logger - INFO - New record achieved. Previous FoM: 0.6554422892194233, new best FoM : 0.6233297886177238
17/06/2022 19:17:14.799 - oc_logger - INFO - Function evaluation number: 43, SI: 1, Sub-iteration number: 19, FoM: 0.6233297886177238
17/06/2022 19:17:14.943 - oc_logger - INFO - Function evaluation number: 44, SI: 1, Sub-iteration number: 20, FoM: 0.6383349698667857
17/06/2022 19:17:15.094 - oc_logger - INFO - New record achieved. Previous FoM: 0.6233297886177238, new best FoM : 0.6133195308094281
17/06/2022 19:17:15.094 - oc_logger - INFO - Function evaluation number: 45, SI: 1, Sub-iteration number: 21, FoM: 0.6133195308094281
17/06/2022 19:17:15.250 - oc_logger - INFO - New record achieved. Previous FoM: 0.6133195308094281, new best FoM : 0.584414092837102
17/06/2022 19:17:15.250 - oc_logger - INFO - Function evaluation number: 46, SI: 1, Sub-iteration number: 21, FoM: 0.584414092837102
17/06/2022 19:17:15.394 - oc_logger - INFO - New record achieved. Previous FoM: 0.584414092837102, new best FoM : 0.5551822831649649
17/06/2022 19:17:15.394 - oc_logger - INFO - Function evaluation number: 47, SI: 1, Sub-iteration number: 22, FoM: 0.5551822831649649
17/06/2022 19:17:15.538 - oc_logger - INFO - New record achieved. Previous FoM: 0.5551822831649649, new best FoM : 0.5207780754288367
17/06/2022 19:17:15.539 - oc_logger - INFO - Function evaluation number: 48, SI: 1, Sub-iteration number: 22, FoM: 0.5207780754288367
17/06/2022 19:17:15.682 - oc_logger - INFO - New record achieved. Previous FoM: 0.5207780754288367, new best FoM : 0.5148695355610811
17/06/2022 19:17:15.682 - oc_logger - INFO - Function evaluation number: 49, SI: 1, Sub-iteration number: 23, FoM: 0.5148695355610811
17/06/2022 19:17:15.832 - oc_logger - INFO - New record achieved. Previous FoM: 0.5148695355610811, new best FoM : 0.4792201503741841
17/06/2022 19:17:15.832 - oc_logger - INFO - Function evaluation number: 50, SI: 1, Sub-iteration number: 23, FoM: 0.4792201503741841
17/06/2022 19:17:15.979 - oc_logger - INFO - New record achieved. Previous FoM: 0.4792201503741841, new best FoM : 0.45240814729183954
17/06/2022 19:17:15.979 - oc_logger - INFO - Function evaluation number: 51, SI: 1, Sub-iteration number: 24, FoM: 0.45240814729183954
17/06/2022 19:17:16.127 - oc_logger - INFO - New record achieved. Previous FoM: 0.45240814729183954, new best FoM : 0.4136610533564178
17/06/2022 19:17:16.127 - oc_logger - INFO - Function evaluation number: 52, SI: 1, Sub-iteration number: 24, FoM: 0.4136610533564178
17/06/2022 19:17:16.275 - oc_logger - INFO - New record achieved. Previous FoM: 0.4136610533564178, new best FoM : 0.40355188301570954
17/06/2022 19:17:16.276 - oc_logger - INFO - Function evaluation number: 53, SI: 1, Sub-iteration number: 25, FoM: 0.40355188301570954
17/06/2022 19:17:16.422 - oc_logger - INFO - New record achieved. Previous FoM: 0.40355188301570954, new best FoM : 0.3655015702906249
17/06/2022 19:17:16.423 - oc_logger - INFO - Function evaluation number: 54, SI: 1, Sub-iteration number: 25, FoM: 0.3655015702906249
17/06/2022 19:17:16.573 - oc_logger - INFO - Function evaluation number: 55, SI: 1, Sub-iteration number: 26, FoM: 0.36823036824374844
17/06/2022 19:17:16.715 - oc_logger - INFO - New record achieved. Previous FoM: 0.3655015702906249, new best FoM : 0.3371328960709279
17/06/2022 19:17:16.715 - oc_logger - INFO - Function evaluation number: 56, SI: 1, Sub-iteration number: 27, FoM: 0.3371328960709279
17/06/2022 19:17:16.853 - oc_logger - INFO - New record achieved. Previous FoM: 0.3371328960709279, new best FoM : 0.3025742545048383
17/06/2022 19:17:16.853 - oc_logger - INFO - Function evaluation number: 57, SI: 1, Sub-iteration number: 27, FoM: 0.3025742545048383
17/06/2022 19:17:17.004 - oc_logger - INFO - Function evaluation number: 58, SI: 1, Sub-iteration number: 28, FoM: 0.30545225430283474
17/06/2022 19:17:17.140 - oc_logger - INFO - New record achieved. Previous FoM: 0.3025742545048383, new best FoM : 0.26240083177788254
17/06/2022 19:17:17.141 - oc_logger - INFO - Function evaluation number: 59, SI: 1, Sub-iteration number: 29, FoM: 0.26240083177788254
17/06/2022 19:17:17.290 - oc_logger - INFO - New record achieved. Previous FoM: 0.26240083177788254, new best FoM : 0.23111652578874453
17/06/2022 19:17:17.290 - oc_logger - INFO - Function evaluation number: 60, SI: 1, Sub-iteration number: 29, FoM: 0.23111652578874453
17/06/2022 19:17:17.430 - oc_logger - INFO - New record achieved. Previous FoM: 0.23111652578874453, new best FoM : 0.20653502279295222
17/06/2022 19:17:17.430 - oc_logger - INFO - Function evaluation number: 61, SI: 1, Sub-iteration number: 30, FoM: 0.20653502279295222
17/06/2022 19:17:17.576 - oc_logger - INFO - New record achieved. Previous FoM: 0.20653502279295222, new best FoM : 0.17666258174767757
17/06/2022 19:17:17.576 - oc_logger - INFO - Function evaluation number: 62, SI: 1, Sub-iteration number: 30, FoM: 0.17666258174767757
17/06/2022 19:17:17.723 - oc_logger - INFO - New record achieved. Previous FoM: 0.17666258174767757, new best FoM : 0.15968487411650123
17/06/2022 19:17:17.723 - oc_logger - INFO - Function evaluation number: 63, SI: 1, Sub-iteration number: 31, FoM: 0.15968487411650123
17/06/2022 19:17:17.868 - oc_logger - INFO - New record achieved. Previous FoM: 0.15968487411650123, new best FoM : 0.13094091305950206
17/06/2022 19:17:17.869 - oc_logger - INFO - Function evaluation number: 64, SI: 1, Sub-iteration number: 31, FoM: 0.13094091305950206
17/06/2022 19:17:18.019 - oc_logger - INFO - Function evaluation number: 65, SI: 1, Sub-iteration number: 32, FoM: 0.1336696180738257
17/06/2022 19:17:18.159 - oc_logger - INFO - Function evaluation number: 66, SI: 1, Sub-iteration number: 33, FoM: 0.14820289979243173
17/06/2022 19:17:18.307 - oc_logger - INFO - New record achieved. Previous FoM: 0.13094091305950206, new best FoM : 0.10972338830768491
17/06/2022 19:17:18.307 - oc_logger - INFO - Function evaluation number: 67, SI: 1, Sub-iteration number: 34, FoM: 0.10972338830768491
17/06/2022 19:17:18.451 - oc_logger - INFO - New record achieved. Previous FoM: 0.10972338830768491, new best FoM : 0.09600369781108842
17/06/2022 19:17:18.451 - oc_logger - INFO - Function evaluation number: 68, SI: 1, Sub-iteration number: 34, FoM: 0.09600369781108842
17/06/2022 19:17:18.596 - oc_logger - INFO - Function evaluation number: 69, SI: 1, Sub-iteration number: 35, FoM: 0.11687808306749459
17/06/2022 19:17:18.739 - oc_logger - INFO - New record achieved. Previous FoM: 0.09600369781108842, new best FoM : 0.07081087062464919
17/06/2022 19:17:18.739 - oc_logger - INFO - Function evaluation number: 70, SI: 1, Sub-iteration number: 36, FoM: 0.07081087062464919
17/06/2022 19:17:18.887 - oc_logger - INFO - New record achieved. Previous FoM: 0.07081087062464919, new best FoM : 0.06513636996615435
17/06/2022 19:17:18.888 - oc_logger - INFO - Function evaluation number: 71, SI: 1, Sub-iteration number: 36, FoM: 0.06513636996615435
17/06/2022 19:17:19.035 - oc_logger - INFO - Function evaluation number: 72, SI: 1, Sub-iteration number: 37, FoM: 0.09221224035377174
17/06/2022 19:17:19.180 - oc_logger - INFO - Function evaluation number: 73, SI: 1, Sub-iteration number: 38, FoM: 0.10023769253703374
17/06/2022 19:17:19.324 - oc_logger - INFO - Function evaluation number: 74, SI: 1, Sub-iteration number: 39, FoM: 0.10533381146170229
17/06/2022 19:17:19.468 - oc_logger - INFO - Function evaluation number: 75, SI: 1, Sub-iteration number: 40, FoM: 0.10858840767676214
17/06/2022 19:17:19.610 - oc_logger - INFO - New record achieved. Previous FoM: 0.06513636996615435, new best FoM : 0.058450486568887405
17/06/2022 19:17:19.610 - oc_logger - INFO - Function evaluation number: 76, SI: 1, Sub-iteration number: 41, FoM: 0.058450486568887405
17/06/2022 19:17:19.755 - oc_logger - INFO - Function evaluation number: 77, SI: 1, Sub-iteration number: 41, FoM: 0.0593515979577558
17/06/2022 19:17:19.897 - oc_logger - INFO - Function evaluation number: 78, SI: 1, Sub-iteration number: 42, FoM: 0.15983453645313606
17/06/2022 19:17:20.043 - oc_logger - INFO - Function evaluation number: 79, SI: 1, Sub-iteration number: 42, FoM: 0.10075403959284557
17/06/2022 19:17:20.187 - oc_logger - INFO - Function evaluation number: 80, SI: 1, Sub-iteration number: 43, FoM: 0.1670508649586322
17/06/2022 19:17:20.330 - oc_logger - INFO - Function evaluation number: 81, SI: 1, Sub-iteration number: 43, FoM: 0.09906986125719663
17/06/2022 19:17:20.473 - oc_logger - INFO - Function evaluation number: 82, SI: 1, Sub-iteration number: 44, FoM: 0.06266483838900416
17/06/2022 19:17:20.608 - oc_logger - INFO - Function evaluation number: 83, SI: 1, Sub-iteration number: 45, FoM: 0.0823519037094037
17/06/2022 19:17:20.749 - oc_logger - INFO - Function evaluation number: 84, SI: 1, Sub-iteration number: 46, FoM: 0.09331334828070992
17/06/2022 19:17:20.895 - oc_logger - INFO - Function evaluation number: 85, SI: 1, Sub-iteration number: 47, FoM: 0.07569143677361745
17/06/2022 19:17:21.031 - oc_logger - INFO - Function evaluation number: 86, SI: 1, Sub-iteration number: 48, FoM: 0.07715852995189587
17/06/2022 19:17:21.178 - oc_logger - INFO - Function evaluation number: 87, SI: 1, Sub-iteration number: 49, FoM: 0.06270745415730072
17/06/2022 19:17:21.322 - oc_logger - INFO - New record achieved. Previous FoM: 0.058450486568887405, new best FoM : 0.04910491870418732
17/06/2022 19:17:21.322 - oc_logger - INFO - Function evaluation number: 88, SI: 1, Sub-iteration number: 50, FoM: 0.04910491870418732
17/06/2022 19:17:21.464 - oc_logger - INFO - Function evaluation number: 89, SI: 1, Sub-iteration number: 50, FoM: 0.05131717257934465
17/06/2022 19:17:21.610 - oc_logger - INFO - Function evaluation number: 90, SI: 1, Sub-iteration number: 51, FoM: 0.11882999463198896
17/06/2022 19:17:21.754 - oc_logger - INFO - Function evaluation number: 91, SI: 1, Sub-iteration number: 51, FoM: 0.070543788927248
17/06/2022 19:17:21.898 - oc_logger - INFO - New record achieved. Previous FoM: 0.04910491870418732, new best FoM : 0.02277143502473189
17/06/2022 19:17:21.898 - oc_logger - INFO - Function evaluation number: 92, SI: 1, Sub-iteration number: 52, FoM: 0.02277143502473189
17/06/2022 19:17:22.047 - oc_logger - INFO - New record achieved. Previous FoM: 0.02277143502473189, new best FoM : 0.018026901781126425
17/06/2022 19:17:22.047 - oc_logger - INFO - Function evaluation number: 93, SI: 1, Sub-iteration number: 52, FoM: 0.018026901781126425
17/06/2022 19:17:22.192 - oc_logger - INFO - Function evaluation number: 94, SI: 1, Sub-iteration number: 53, FoM: 0.07637230487837932
17/06/2022 19:17:22.339 - oc_logger - INFO - Function evaluation number: 95, SI: 1, Sub-iteration number: 54, FoM: 0.13979386758477597
17/06/2022 19:17:22.484 - oc_logger - INFO - Function evaluation number: 96, SI: 1, Sub-iteration number: 54, FoM: 0.05506510296435796
17/06/2022 19:17:22.627 - oc_logger - INFO - Function evaluation number: 97, SI: 1, Sub-iteration number: 55, FoM: 0.07742927811234523
17/06/2022 19:17:22.777 - oc_logger - INFO - Function evaluation number: 98, SI: 1, Sub-iteration number: 55, FoM: 0.06190386706234696
17/06/2022 19:17:22.923 - oc_logger - INFO - Function evaluation number: 99, SI: 1, Sub-iteration number: 56, FoM: 0.029153702014173
17/06/2022 19:17:23.064 - oc_logger - INFO - Function evaluation number: 100, SI: 1, Sub-iteration number: 57, FoM: 0.08228140963142161
17/06/2022 19:17:23.212 - oc_logger - INFO - Function evaluation number: 101, SI: 1, Sub-iteration number: 57, FoM: 0.054965028684019424
17/06/2022 19:17:23.212 - oc_logger - INFO - SI 1 finished - Number of evaluations: 101, Best FoM: 0.018026901781126425, Terminate reason: Exceeded number of allowed function evaluations per direct search.

17/06/2022 19:17:23.212 - oc_logger - INFO - Direct search start time has been reset.
17/06/2022 19:17:23.377 - oc_logger - INFO - Function evaluation number: 102, SI: 2, Sub-iteration number: 0, FoM: 0.018026901781126425
17/06/2022 19:17:23.522 - oc_logger - INFO - New record achieved. Previous FoM: 0.018026901781126425, new best FoM : 0.015435254343939553
17/06/2022 19:17:23.522 - oc_logger - INFO - Function evaluation number: 103, SI: 2, Sub-iteration number: 0, FoM: 0.015435254343939553
17/06/2022 19:17:23.668 - oc_logger - INFO - New record achieved. Previous FoM: 0.015435254343939553, new best FoM : 0.011438101660373734
17/06/2022 19:17:23.668 - oc_logger - INFO - Function evaluation number: 104, SI: 2, Sub-iteration number: 0, FoM: 0.011438101660373734
17/06/2022 19:17:23.810 - oc_logger - INFO - Function evaluation number: 105, SI: 2, Sub-iteration number: 0, FoM: 0.01275413497355904
17/06/2022 19:17:23.954 - oc_logger - INFO - Function evaluation number: 106, SI: 2, Sub-iteration number: 0, FoM: 0.021068960963854133
17/06/2022 19:17:24.098 - oc_logger - INFO - Function evaluation number: 107, SI: 2, Sub-iteration number: 0, FoM: 0.027682492497821176
17/06/2022 19:17:24.242 - oc_logger - INFO - Function evaluation number: 108, SI: 2, Sub-iteration number: 0, FoM: 0.017908897252918554
17/06/2022 19:17:24.389 - oc_logger - INFO - Function evaluation number: 109, SI: 2, Sub-iteration number: 0, FoM: 0.013170719907081074
17/06/2022 19:17:24.531 - oc_logger - INFO - Function evaluation number: 110, SI: 2, Sub-iteration number: 0, FoM: 0.017097121181648967
17/06/2022 19:17:24.681 - oc_logger - INFO - Function evaluation number: 111, SI: 2, Sub-iteration number: 0, FoM: 0.023583794112742584
17/06/2022 19:17:24.829 - oc_logger - INFO - Function evaluation number: 112, SI: 2, Sub-iteration number: 1, FoM: 0.018675028374773306
17/06/2022 19:17:24.964 - oc_logger - INFO - New record achieved. Previous FoM: 0.011438101660373734, new best FoM : 0.008210136783313393
17/06/2022 19:17:24.964 - oc_logger - INFO - Function evaluation number: 113, SI: 2, Sub-iteration number: 2, FoM: 0.008210136783313393
17/06/2022 19:17:25.097 - oc_logger - INFO - New record achieved. Previous FoM: 0.008210136783313393, new best FoM : 0.00726229804404932
17/06/2022 19:17:25.097 - oc_logger - INFO - Function evaluation number: 114, SI: 2, Sub-iteration number: 2, FoM: 0.00726229804404932
17/06/2022 19:17:25.241 - oc_logger - INFO - Function evaluation number: 115, SI: 2, Sub-iteration number: 3, FoM: 0.008364256714991969
17/06/2022 19:17:25.386 - oc_logger - INFO - Function evaluation number: 116, SI: 2, Sub-iteration number: 4, FoM: 0.016965992781098338
17/06/2022 19:17:25.534 - oc_logger - INFO - New record achieved. Previous FoM: 0.00726229804404932, new best FoM : 0.0069321455048184655
17/06/2022 19:17:25.534 - oc_logger - INFO - Function evaluation number: 117, SI: 2, Sub-iteration number: 5, FoM: 0.0069321455048184655
17/06/2022 19:17:25.679 - oc_logger - INFO - New record achieved. Previous FoM: 0.0069321455048184655, new best FoM : 0.006207874685609349
17/06/2022 19:17:25.679 - oc_logger - INFO - Function evaluation number: 118, SI: 2, Sub-iteration number: 5, FoM: 0.006207874685609349
17/06/2022 19:17:25.829 - oc_logger - INFO - Function evaluation number: 119, SI: 2, Sub-iteration number: 6, FoM: 0.010893383796359846
17/06/2022 19:17:25.980 - oc_logger - INFO - Function evaluation number: 120, SI: 2, Sub-iteration number: 7, FoM: 0.006908424107873068
17/06/2022 19:17:26.126 - oc_logger - INFO - Function evaluation number: 121, SI: 2, Sub-iteration number: 8, FoM: 0.00801147274216063
17/06/2022 19:17:26.295 - oc_logger - INFO - New record achieved. Previous FoM: 0.006207874685609349, new best FoM : 0.003561154352401341
17/06/2022 19:17:26.295 - oc_logger - INFO - Function evaluation number: 122, SI: 2, Sub-iteration number: 9, FoM: 0.003561154352401341
17/06/2022 19:17:26.445 - oc_logger - INFO - New record achieved. Previous FoM: 0.003561154352401341, new best FoM : 0.003203937102134513
17/06/2022 19:17:26.445 - oc_logger - INFO - Function evaluation number: 123, SI: 2, Sub-iteration number: 9, FoM: 0.003203937102134513
17/06/2022 19:17:26.583 - oc_logger - INFO - Function evaluation number: 124, SI: 2, Sub-iteration number: 10, FoM: 0.005162757441740218
17/06/2022 19:17:26.732 - oc_logger - INFO - Function evaluation number: 125, SI: 2, Sub-iteration number: 11, FoM: 0.004195007956836361
17/06/2022 19:17:26.875 - oc_logger - INFO - Function evaluation number: 126, SI: 2, Sub-iteration number: 12, FoM: 0.004378988125078198
17/06/2022 19:17:27.023 - oc_logger - INFO - Function evaluation number: 127, SI: 2, Sub-iteration number: 13, FoM: 0.010931538941669983
17/06/2022 19:17:27.165 - oc_logger - INFO - Function evaluation number: 128, SI: 2, Sub-iteration number: 13, FoM: 0.0075442421993263675
17/06/2022 19:17:27.311 - oc_logger - INFO - Function evaluation number: 129, SI: 2, Sub-iteration number: 14, FoM: 0.0039749020393046175
17/06/2022 19:17:27.458 - oc_logger - INFO - Function evaluation number: 130, SI: 2, Sub-iteration number: 15, FoM: 0.005928576263291685
17/06/2022 19:17:27.600 - oc_logger - INFO - Function evaluation number: 131, SI: 2, Sub-iteration number: 16, FoM: 0.0037188918043419283
17/06/2022 19:17:27.742 - oc_logger - INFO - Function evaluation number: 132, SI: 2, Sub-iteration number: 17, FoM: 0.006158300939592576
17/06/2022 19:17:27.884 - oc_logger - INFO - Function evaluation number: 133, SI: 2, Sub-iteration number: 18, FoM: 0.004570920866487693
17/06/2022 19:17:28.019 - oc_logger - INFO - Function evaluation number: 134, SI: 2, Sub-iteration number: 19, FoM: 0.006351272601563984
17/06/2022 19:17:28.165 - oc_logger - INFO - Function evaluation number: 135, SI: 2, Sub-iteration number: 19, FoM: 0.0045642833437787855
17/06/2022 19:17:28.309 - oc_logger - INFO - Function evaluation number: 136, SI: 2, Sub-iteration number: 20, FoM: 0.006443905621693613
17/06/2022 19:17:28.450 - oc_logger - INFO - Function evaluation number: 137, SI: 2, Sub-iteration number: 20, FoM: 0.004506776346945185
17/06/2022 19:17:28.598 - oc_logger - INFO - Function evaluation number: 138, SI: 2, Sub-iteration number: 21, FoM: 0.007806301234376756
17/06/2022 19:17:28.740 - oc_logger - INFO - Function evaluation number: 139, SI: 2, Sub-iteration number: 21, FoM: 0.004280312415275267
17/06/2022 19:17:28.884 - oc_logger - INFO - Function evaluation number: 140, SI: 2, Sub-iteration number: 22, FoM: 0.0058012987768102375
17/06/2022 19:17:29.018 - oc_logger - INFO - Function evaluation number: 141, SI: 2, Sub-iteration number: 22, FoM: 0.004008196264062569
17/06/2022 19:17:29.149 - oc_logger - INFO - Function evaluation number: 142, SI: 2, Sub-iteration number: 23, FoM: 0.005941277645954424
17/06/2022 19:17:29.290 - oc_logger - INFO - Function evaluation number: 143, SI: 2, Sub-iteration number: 23, FoM: 0.003663125309085302
17/06/2022 19:17:29.429 - oc_logger - INFO - Function evaluation number: 144, SI: 2, Sub-iteration number: 24, FoM: 0.004247320574205848
17/06/2022 19:17:29.565 - oc_logger - INFO - Function evaluation number: 145, SI: 2, Sub-iteration number: 25, FoM: 0.004094320878011426
17/06/2022 19:17:29.706 - oc_logger - INFO - Function evaluation number: 146, SI: 2, Sub-iteration number: 26, FoM: 0.00391861149832784
17/06/2022 19:17:29.841 - oc_logger - INFO - Function evaluation number: 147, SI: 2, Sub-iteration number: 27, FoM: 0.005026439957708129
17/06/2022 19:17:29.986 - oc_logger - INFO - Function evaluation number: 148, SI: 2, Sub-iteration number: 27, FoM: 0.0035252522293954813
17/06/2022 19:17:30.132 - oc_logger - INFO - Function evaluation number: 149, SI: 2, Sub-iteration number: 28, FoM: 0.005133411043291014
17/06/2022 19:17:30.274 - oc_logger - INFO - Function evaluation number: 150, SI: 2, Sub-iteration number: 28, FoM: 0.0034955654276771497
17/06/2022 19:17:30.416 - oc_logger - INFO - Function evaluation number: 151, SI: 2, Sub-iteration number: 29, FoM: 0.004108974011704958
17/06/2022 19:17:30.557 - oc_logger - INFO - Function evaluation number: 152, SI: 2, Sub-iteration number: 29, FoM: 0.003498594013799261
17/06/2022 19:17:30.697 - oc_logger - INFO - Function evaluation number: 153, SI: 2, Sub-iteration number: 30, FoM: 0.006384468387496289
17/06/2022 19:17:30.832 - oc_logger - INFO - Function evaluation number: 154, SI: 2, Sub-iteration number: 30, FoM: 0.0033008435166723693
17/06/2022 19:17:30.980 - oc_logger - INFO - Function evaluation number: 155, SI: 2, Sub-iteration number: 31, FoM: 0.0033040869195999356
17/06/2022 19:17:31.125 - oc_logger - INFO - Function evaluation number: 156, SI: 2, Sub-iteration number: 32, FoM: 0.0038378659532534165
17/06/2022 19:17:31.271 - oc_logger - INFO - Function evaluation number: 157, SI: 2, Sub-iteration number: 33, FoM: 0.005341929359909847
17/06/2022 19:17:31.413 - oc_logger - INFO - Function evaluation number: 158, SI: 2, Sub-iteration number: 33, FoM: 0.0032660900284413596
17/06/2022 19:17:31.558 - oc_logger - INFO - Function evaluation number: 159, SI: 2, Sub-iteration number: 34, FoM: 0.00381080815396051
17/06/2022 19:17:31.701 - oc_logger - INFO - Function evaluation number: 160, SI: 2, Sub-iteration number: 34, FoM: 0.0033299546027235616
17/06/2022 19:17:31.845 - oc_logger - INFO - Function evaluation number: 161, SI: 2, Sub-iteration number: 35, FoM: 0.0037758083127347186
17/06/2022 19:17:31.992 - oc_logger - INFO - Function evaluation number: 162, SI: 2, Sub-iteration number: 35, FoM: 0.003280079437618433
17/06/2022 19:17:32.138 - oc_logger - INFO - Function evaluation number: 163, SI: 2, Sub-iteration number: 36, FoM: 0.0037168006235366313
17/06/2022 19:17:32.278 - oc_logger - INFO - Function evaluation number: 164, SI: 2, Sub-iteration number: 36, FoM: 0.0032498496052666415
17/06/2022 19:17:32.425 - oc_logger - INFO - Function evaluation number: 165, SI: 2, Sub-iteration number: 37, FoM: 0.0037872877033716668
17/06/2022 19:17:32.570 - oc_logger - INFO - New record achieved. Previous FoM: 0.003203937102134513, new best FoM : 0.0031681273938167775
17/06/2022 19:17:32.570 - oc_logger - INFO - Function evaluation number: 166, SI: 2, Sub-iteration number: 37, FoM: 0.0031681273938167775
17/06/2022 19:17:32.715 - oc_logger - INFO - Function evaluation number: 167, SI: 2, Sub-iteration number: 38, FoM: 0.0039443937596496115
17/06/2022 19:17:32.859 - oc_logger - INFO - New record achieved. Previous FoM: 0.0031681273938167775, new best FoM : 0.003141762335779119
17/06/2022 19:17:32.859 - oc_logger - INFO - Function evaluation number: 168, SI: 2, Sub-iteration number: 38, FoM: 0.003141762335779119
17/06/2022 19:17:33.006 - oc_logger - INFO - Function evaluation number: 169, SI: 2, Sub-iteration number: 39, FoM: 0.003292575703730982
17/06/2022 19:17:33.147 - oc_logger - INFO - Function evaluation number: 170, SI: 2, Sub-iteration number: 40, FoM: 0.0033215929161301005
17/06/2022 19:17:33.292 - oc_logger - INFO - New record achieved. Previous FoM: 0.003141762335779119, new best FoM : 0.003081731657460285
17/06/2022 19:17:33.292 - oc_logger - INFO - Function evaluation number: 171, SI: 2, Sub-iteration number: 40, FoM: 0.003081731657460285
17/06/2022 19:17:33.440 - oc_logger - INFO - Function evaluation number: 172, SI: 2, Sub-iteration number: 41, FoM: 0.0036424684828479936
17/06/2022 19:17:33.589 - oc_logger - INFO - New record achieved. Previous FoM: 0.003081731657460285, new best FoM : 0.003046522524774109
17/06/2022 19:17:33.589 - oc_logger - INFO - Function evaluation number: 173, SI: 2, Sub-iteration number: 41, FoM: 0.003046522524774109
17/06/2022 19:17:33.737 - oc_logger - INFO - Function evaluation number: 174, SI: 2, Sub-iteration number: 42, FoM: 0.003252026212942738
17/06/2022 19:17:33.883 - oc_logger - INFO - Function evaluation number: 175, SI: 2, Sub-iteration number: 43, FoM: 0.0036835220283941705
17/06/2022 19:17:34.028 - oc_logger - INFO - New record achieved. Previous FoM: 0.003046522524774109, new best FoM : 0.003034258507270793
17/06/2022 19:17:34.028 - oc_logger - INFO - Function evaluation number: 176, SI: 2, Sub-iteration number: 43, FoM: 0.003034258507270793
17/06/2022 19:17:34.175 - oc_logger - INFO - Function evaluation number: 177, SI: 2, Sub-iteration number: 44, FoM: 0.003184850085105051
17/06/2022 19:17:34.316 - oc_logger - INFO - Function evaluation number: 178, SI: 2, Sub-iteration number: 45, FoM: 0.0031191683165963102
17/06/2022 19:17:34.463 - oc_logger - INFO - Function evaluation number: 179, SI: 2, Sub-iteration number: 46, FoM: 0.0032531111647255972
17/06/2022 19:17:34.612 - oc_logger - INFO - Function evaluation number: 180, SI: 2, Sub-iteration number: 46, FoM: 0.003036328772116681
17/06/2022 19:17:34.754 - oc_logger - INFO - Function evaluation number: 181, SI: 2, Sub-iteration number: 47, FoM: 0.003140136552809647
17/06/2022 19:17:34.899 - oc_logger - INFO - New record achieved. Previous FoM: 0.003034258507270793, new best FoM : 0.002989670747065687
17/06/2022 19:17:34.899 - oc_logger - INFO - Function evaluation number: 182, SI: 2, Sub-iteration number: 48, FoM: 0.002989670747065687
17/06/2022 19:17:35.045 - oc_logger - INFO - Function evaluation number: 183, SI: 2, Sub-iteration number: 48, FoM: 0.003105936104301543
17/06/2022 19:17:35.197 - oc_logger - INFO - Function evaluation number: 184, SI: 2, Sub-iteration number: 49, FoM: 0.003070787326988511
17/06/2022 19:17:35.346 - oc_logger - INFO - Function evaluation number: 185, SI: 2, Sub-iteration number: 50, FoM: 0.0030870496303924133
17/06/2022 19:17:35.495 - oc_logger - INFO - Function evaluation number: 186, SI: 2, Sub-iteration number: 51, FoM: 0.0035468352922507496
17/06/2022 19:17:35.643 - oc_logger - INFO - New record achieved. Previous FoM: 0.002989670747065687, new best FoM : 0.0029221966717511982
17/06/2022 19:17:35.643 - oc_logger - INFO - Function evaluation number: 187, SI: 2, Sub-iteration number: 51, FoM: 0.0029221966717511982
17/06/2022 19:17:35.792 - oc_logger - INFO - Function evaluation number: 188, SI: 2, Sub-iteration number: 52, FoM: 0.003945725513131992
17/06/2022 19:17:35.940 - oc_logger - INFO - New record achieved. Previous FoM: 0.0029221966717511982, new best FoM : 0.0028906026333520574
17/06/2022 19:17:35.940 - oc_logger - INFO - Function evaluation number: 189, SI: 2, Sub-iteration number: 52, FoM: 0.0028906026333520574
17/06/2022 19:17:36.083 - oc_logger - INFO - New record achieved. Previous FoM: 0.0028906026333520574, new best FoM : 0.0028617533943043894
17/06/2022 19:17:36.084 - oc_logger - INFO - Function evaluation number: 190, SI: 2, Sub-iteration number: 53, FoM: 0.0028617533943043894
17/06/2022 19:17:36.230 - oc_logger - INFO - Function evaluation number: 191, SI: 2, Sub-iteration number: 53, FoM: 0.0029355589633753842
17/06/2022 19:17:36.376 - oc_logger - INFO - Function evaluation number: 192, SI: 2, Sub-iteration number: 54, FoM: 0.003277471488069339
17/06/2022 19:17:36.517 - oc_logger - INFO - Function evaluation number: 193, SI: 2, Sub-iteration number: 54, FoM: 0.00290577184537677
17/06/2022 19:17:36.661 - oc_logger - INFO - Function evaluation number: 194, SI: 2, Sub-iteration number: 55, FoM: 0.0032226115045935755
17/06/2022 19:17:36.804 - oc_logger - INFO - Function evaluation number: 195, SI: 2, Sub-iteration number: 55, FoM: 0.002907466642703027
17/06/2022 19:17:36.953 - oc_logger - INFO - Function evaluation number: 196, SI: 2, Sub-iteration number: 56, FoM: 0.003029040888102963
17/06/2022 19:17:37.098 - oc_logger - INFO - Function evaluation number: 197, SI: 2, Sub-iteration number: 57, FoM: 0.003397071805272267
17/06/2022 19:17:37.244 - oc_logger - INFO - Function evaluation number: 198, SI: 2, Sub-iteration number: 57, FoM: 0.0028719078952232913
17/06/2022 19:17:37.387 - oc_logger - INFO - New record achieved. Previous FoM: 0.0028617533943043894, new best FoM : 0.0026467495632261917
17/06/2022 19:17:37.387 - oc_logger - INFO - Function evaluation number: 199, SI: 2, Sub-iteration number: 58, FoM: 0.0026467495632261917
17/06/2022 19:17:37.534 - oc_logger - INFO - Function evaluation number: 200, SI: 2, Sub-iteration number: 58, FoM: 0.002648133697924382
17/06/2022 19:17:37.679 - oc_logger - INFO - Function evaluation number: 201, SI: 2, Sub-iteration number: 59, FoM: 0.0029727446648334377
17/06/2022 19:17:37.679 - oc_logger - INFO - SI 2 finished - Number of evaluations: 100, Best FoM: 0.0026467495632261917, Terminate reason: Exceeded number of allowed function evaluations per direct search.

17/06/2022 19:17:37.679 - oc_logger - INFO - Direct search start time has been reset.
17/06/2022 19:17:37.825 - oc_logger - INFO - Function evaluation number: 202, SI: 3, Sub-iteration number: 0, FoM: 0.0026467495632261917
17/06/2022 19:17:37.965 - oc_logger - INFO - Function evaluation number: 203, SI: 3, Sub-iteration number: 0, FoM: 0.004621406357900093
17/06/2022 19:17:38.109 - oc_logger - INFO - Function evaluation number: 204, SI: 3, Sub-iteration number: 0, FoM: 0.005403997202811595
17/06/2022 19:17:38.244 - oc_logger - INFO - Function evaluation number: 205, SI: 3, Sub-iteration number: 0, FoM: 0.006772164555613802
17/06/2022 19:17:38.390 - oc_logger - INFO - Function evaluation number: 206, SI: 3, Sub-iteration number: 0, FoM: 0.0057513352152570585
17/06/2022 19:17:38.529 - oc_logger - INFO - Function evaluation number: 207, SI: 3, Sub-iteration number: 0, FoM: 0.0057168509240265175
17/06/2022 19:17:38.671 - oc_logger - INFO - Function evaluation number: 208, SI: 3, Sub-iteration number: 0, FoM: 0.003985990933586203
17/06/2022 19:17:38.812 - oc_logger - INFO - Function evaluation number: 209, SI: 3, Sub-iteration number: 0, FoM: 0.0035189575716654264
17/06/2022 19:17:38.952 - oc_logger - INFO - Function evaluation number: 210, SI: 3, Sub-iteration number: 0, FoM: 0.0037461670713219153
17/06/2022 19:17:39.095 - oc_logger - INFO - Function evaluation number: 211, SI: 3, Sub-iteration number: 0, FoM: 0.0034045799957890255
17/06/2022 19:17:39.231 - oc_logger - INFO - Function evaluation number: 212, SI: 3, Sub-iteration number: 1, FoM: 0.01001331934249483
17/06/2022 19:17:39.376 - oc_logger - INFO - Function evaluation number: 213, SI: 3, Sub-iteration number: 1, FoM: 0.004511731292105692
17/06/2022 19:17:39.518 - oc_logger - INFO - Function evaluation number: 214, SI: 3, Sub-iteration number: 2, FoM: 0.00408366025295992
17/06/2022 19:17:39.664 - oc_logger - INFO - Function evaluation number: 215, SI: 3, Sub-iteration number: 3, FoM: 0.006147053122670609
17/06/2022 19:17:39.802 - oc_logger - INFO - Function evaluation number: 216, SI: 3, Sub-iteration number: 3, FoM: 0.004170860973301882
17/06/2022 19:17:39.950 - oc_logger - INFO - Function evaluation number: 217, SI: 3, Sub-iteration number: 4, FoM: 0.005967292988922068
17/06/2022 19:17:40.098 - oc_logger - INFO - Function evaluation number: 218, SI: 3, Sub-iteration number: 4, FoM: 0.003999208074446758
17/06/2022 19:17:40.241 - oc_logger - INFO - Function evaluation number: 219, SI: 3, Sub-iteration number: 5, FoM: 0.005279132309772505
17/06/2022 19:17:40.386 - oc_logger - INFO - Function evaluation number: 220, SI: 3, Sub-iteration number: 5, FoM: 0.003604379316837547
17/06/2022 19:17:40.527 - oc_logger - INFO - Function evaluation number: 221, SI: 3, Sub-iteration number: 6, FoM: 0.0060280915602412
17/06/2022 19:17:40.669 - oc_logger - INFO - Function evaluation number: 222, SI: 3, Sub-iteration number: 6, FoM: 0.0034796477307180718
17/06/2022 19:17:40.808 - oc_logger - INFO - Function evaluation number: 223, SI: 3, Sub-iteration number: 7, FoM: 0.004545244559137629
17/06/2022 19:17:40.956 - oc_logger - INFO - Function evaluation number: 224, SI: 3, Sub-iteration number: 7, FoM: 0.0034255819498019147
17/06/2022 19:17:41.106 - oc_logger - INFO - Function evaluation number: 225, SI: 3, Sub-iteration number: 8, FoM: 0.0051004231242745
17/06/2022 19:17:41.253 - oc_logger - INFO - Function evaluation number: 226, SI: 3, Sub-iteration number: 8, FoM: 0.0033216080222084887
17/06/2022 19:17:41.396 - oc_logger - INFO - Function evaluation number: 227, SI: 3, Sub-iteration number: 9, FoM: 0.004120436299084762
17/06/2022 19:17:41.536 - oc_logger - INFO - Function evaluation number: 228, SI: 3, Sub-iteration number: 9, FoM: 0.003364663364171294
17/06/2022 19:17:41.676 - oc_logger - INFO - Function evaluation number: 229, SI: 3, Sub-iteration number: 10, FoM: 0.0039597202673578025
17/06/2022 19:17:41.820 - oc_logger - INFO - Function evaluation number: 230, SI: 3, Sub-iteration number: 10, FoM: 0.0033489773688657465
17/06/2022 19:17:41.964 - oc_logger - INFO - Function evaluation number: 231, SI: 3, Sub-iteration number: 11, FoM: 0.004699018976479508
17/06/2022 19:17:42.107 - oc_logger - INFO - Function evaluation number: 232, SI: 3, Sub-iteration number: 11, FoM: 0.0031625654635569767
17/06/2022 19:17:42.249 - oc_logger - INFO - Function evaluation number: 233, SI: 3, Sub-iteration number: 12, FoM: 0.00387470882881058
17/06/2022 19:17:42.393 - oc_logger - INFO - Function evaluation number: 234, SI: 3, Sub-iteration number: 12, FoM: 0.0031569958624368955
17/06/2022 19:17:42.537 - oc_logger - INFO - Function evaluation number: 235, SI: 3, Sub-iteration number: 13, FoM: 0.004035455330187121
17/06/2022 19:17:42.679 - oc_logger - INFO - Function evaluation number: 236, SI: 3, Sub-iteration number: 13, FoM: 0.0030972198241762117
17/06/2022 19:17:42.821 - oc_logger - INFO - Function evaluation number: 237, SI: 3, Sub-iteration number: 14, FoM: 0.0036118831264357887
17/06/2022 19:17:42.966 - oc_logger - INFO - Function evaluation number: 238, SI: 3, Sub-iteration number: 14, FoM: 0.0031112693188873886
17/06/2022 19:17:43.115 - oc_logger - INFO - Function evaluation number: 239, SI: 3, Sub-iteration number: 15, FoM: 0.003576516641150773
17/06/2022 19:17:43.260 - oc_logger - INFO - Function evaluation number: 240, SI: 3, Sub-iteration number: 15, FoM: 0.0030855653536437933
17/06/2022 19:17:43.396 - oc_logger - INFO - Function evaluation number: 241, SI: 3, Sub-iteration number: 16, FoM: 0.002767504455863712
17/06/2022 19:17:43.542 - oc_logger - INFO - Function evaluation number: 242, SI: 3, Sub-iteration number: 17, FoM: 0.003974817098229555
17/06/2022 19:17:43.677 - oc_logger - INFO - Function evaluation number: 243, SI: 3, Sub-iteration number: 17, FoM: 0.0029833394632456933
17/06/2022 19:17:43.822 - oc_logger - INFO - Function evaluation number: 244, SI: 3, Sub-iteration number: 18, FoM: 0.0029902574519375946
17/06/2022 19:17:43.962 - oc_logger - INFO - Function evaluation number: 245, SI: 3, Sub-iteration number: 19, FoM: 0.0030775759399108704
17/06/2022 19:17:44.104 - oc_logger - INFO - Function evaluation number: 246, SI: 3, Sub-iteration number: 20, FoM: 0.0034501888190828778
17/06/2022 19:17:44.246 - oc_logger - INFO - Function evaluation number: 247, SI: 3, Sub-iteration number: 20, FoM: 0.0028822364464481387
17/06/2022 19:17:44.392 - oc_logger - INFO - Function evaluation number: 248, SI: 3, Sub-iteration number: 21, FoM: 0.0030848195346012686
17/06/2022 19:17:44.537 - oc_logger - INFO - Function evaluation number: 249, SI: 3, Sub-iteration number: 22, FoM: 0.003196407895207587
17/06/2022 19:17:44.677 - oc_logger - INFO - Function evaluation number: 250, SI: 3, Sub-iteration number: 22, FoM: 0.002873539053022678
17/06/2022 19:17:44.820 - oc_logger - INFO - New record achieved. Previous FoM: 0.0026467495632261917, new best FoM : 0.0026360334247002015
17/06/2022 19:17:44.820 - oc_logger - INFO - Function evaluation number: 251, SI: 3, Sub-iteration number: 23, FoM: 0.0026360334247002015
17/06/2022 19:17:44.964 - oc_logger - INFO - Function evaluation number: 252, SI: 3, Sub-iteration number: 23, FoM: 0.0026946630818763806
17/06/2022 19:17:45.108 - oc_logger - INFO - New record achieved. Previous FoM: 0.0026360334247002015, new best FoM : 0.0025792336242155267
17/06/2022 19:17:45.108 - oc_logger - INFO - Function evaluation number: 253, SI: 3, Sub-iteration number: 24, FoM: 0.0025792336242155267
17/06/2022 19:17:45.255 - oc_logger - INFO - Function evaluation number: 254, SI: 3, Sub-iteration number: 24, FoM: 0.002640314098023455
17/06/2022 19:17:45.395 - oc_logger - INFO - Function evaluation number: 255, SI: 3, Sub-iteration number: 25, FoM: 0.0036103683618675664
17/06/2022 19:17:45.533 - oc_logger - INFO - Function evaluation number: 256, SI: 3, Sub-iteration number: 25, FoM: 0.002774057568567634
17/06/2022 19:17:45.670 - oc_logger - INFO - Function evaluation number: 257, SI: 3, Sub-iteration number: 26, FoM: 0.0032799356022759074
17/06/2022 19:17:45.812 - oc_logger - INFO - Function evaluation number: 258, SI: 3, Sub-iteration number: 26, FoM: 0.0027996384037022315
17/06/2022 19:17:45.954 - oc_logger - INFO - Function evaluation number: 259, SI: 3, Sub-iteration number: 27, FoM: 0.003115636924618248
17/06/2022 19:17:46.090 - oc_logger - INFO - Function evaluation number: 260, SI: 3, Sub-iteration number: 27, FoM: 0.002763212054124109
17/06/2022 19:17:46.234 - oc_logger - INFO - Function evaluation number: 261, SI: 3, Sub-iteration number: 28, FoM: 0.002771661848980478
17/06/2022 19:17:46.375 - oc_logger - INFO - New record achieved. Previous FoM: 0.0025792336242155267, new best FoM : 0.002417631749467075
17/06/2022 19:17:46.375 - oc_logger - INFO - Function evaluation number: 262, SI: 3, Sub-iteration number: 29, FoM: 0.002417631749467075
17/06/2022 19:17:46.510 - oc_logger - INFO - Function evaluation number: 263, SI: 3, Sub-iteration number: 29, FoM: 0.0024248346606249305
17/06/2022 19:17:46.652 - oc_logger - INFO - Function evaluation number: 264, SI: 3, Sub-iteration number: 30, FoM: 0.0024681068995748845
17/06/2022 19:17:46.795 - oc_logger - INFO - Function evaluation number: 265, SI: 3, Sub-iteration number: 31, FoM: 0.002957998143095386
17/06/2022 19:17:46.938 - oc_logger - INFO - Function evaluation number: 266, SI: 3, Sub-iteration number: 31, FoM: 0.002613146182932291
17/06/2022 19:17:47.078 - oc_logger - INFO - Function evaluation number: 267, SI: 3, Sub-iteration number: 32, FoM: 0.0033226095464417016
17/06/2022 19:17:47.218 - oc_logger - INFO - Function evaluation number: 268, SI: 3, Sub-iteration number: 32, FoM: 0.00256896734810097
17/06/2022 19:17:47.368 - oc_logger - INFO - Function evaluation number: 269, SI: 3, Sub-iteration number: 33, FoM: 0.0027577372034107706
17/06/2022 19:17:47.515 - oc_logger - INFO - Function evaluation number: 270, SI: 3, Sub-iteration number: 34, FoM: 0.0031248088843425226
17/06/2022 19:17:47.661 - oc_logger - INFO - Function evaluation number: 271, SI: 3, Sub-iteration number: 34, FoM: 0.002584127088352206
17/06/2022 19:17:47.805 - oc_logger - INFO - Function evaluation number: 272, SI: 3, Sub-iteration number: 35, FoM: 0.0024884095245686355
17/06/2022 19:17:47.952 - oc_logger - INFO - Function evaluation number: 273, SI: 3, Sub-iteration number: 36, FoM: 0.0027117937594108854
17/06/2022 19:17:48.099 - oc_logger - INFO - Function evaluation number: 274, SI: 3, Sub-iteration number: 36, FoM: 0.002567373548180818
17/06/2022 19:17:48.241 - oc_logger - INFO - New record achieved. Previous FoM: 0.002417631749467075, new best FoM : 0.002275478007984888
17/06/2022 19:17:48.242 - oc_logger - INFO - Function evaluation number: 275, SI: 3, Sub-iteration number: 37, FoM: 0.002275478007984888
17/06/2022 19:17:48.389 - oc_logger - INFO - New record achieved. Previous FoM: 0.002275478007984888, new best FoM : 0.002252924869694639
17/06/2022 19:17:48.389 - oc_logger - INFO - Function evaluation number: 276, SI: 3, Sub-iteration number: 37, FoM: 0.002252924869694639
17/06/2022 19:17:48.530 - oc_logger - INFO - New record achieved. Previous FoM: 0.002252924869694639, new best FoM : 0.0022057167650473275
17/06/2022 19:17:48.531 - oc_logger - INFO - Function evaluation number: 277, SI: 3, Sub-iteration number: 38, FoM: 0.0022057167650473275
17/06/2022 19:17:48.678 - oc_logger - INFO - New record achieved. Previous FoM: 0.0022057167650473275, new best FoM : 0.0021785152572677546
17/06/2022 19:17:48.678 - oc_logger - INFO - Function evaluation number: 278, SI: 3, Sub-iteration number: 38, FoM: 0.0021785152572677546
17/06/2022 19:17:48.821 - oc_logger - INFO - Function evaluation number: 279, SI: 3, Sub-iteration number: 39, FoM: 0.0023531879438816183
17/06/2022 19:17:48.964 - oc_logger - INFO - Function evaluation number: 280, SI: 3, Sub-iteration number: 40, FoM: 0.002185156721443704
17/06/2022 19:17:49.104 - oc_logger - INFO - Function evaluation number: 281, SI: 3, Sub-iteration number: 41, FoM: 0.0022617832332612053
17/06/2022 19:17:49.244 - oc_logger - INFO - Function evaluation number: 282, SI: 3, Sub-iteration number: 42, FoM: 0.0022347439519356804
17/06/2022 19:17:49.388 - oc_logger - INFO - New record achieved. Previous FoM: 0.0021785152572677546, new best FoM : 0.002117125007850107
17/06/2022 19:17:49.388 - oc_logger - INFO - Function evaluation number: 283, SI: 3, Sub-iteration number: 43, FoM: 0.002117125007850107
17/06/2022 19:17:49.539 - oc_logger - INFO - Function evaluation number: 284, SI: 3, Sub-iteration number: 43, FoM: 0.0021375658702087463
17/06/2022 19:17:49.679 - oc_logger - INFO - New record achieved. Previous FoM: 0.002117125007850107, new best FoM : 0.001977980234799559
17/06/2022 19:17:49.679 - oc_logger - INFO - Function evaluation number: 285, SI: 3, Sub-iteration number: 44, FoM: 0.001977980234799559
17/06/2022 19:17:49.824 - oc_logger - INFO - New record achieved. Previous FoM: 0.001977980234799559, new best FoM : 0.0019620753473676977
17/06/2022 19:17:49.824 - oc_logger - INFO - Function evaluation number: 286, SI: 3, Sub-iteration number: 44, FoM: 0.0019620753473676977
17/06/2022 19:17:49.965 - oc_logger - INFO - Function evaluation number: 287, SI: 3, Sub-iteration number: 45, FoM: 0.002409182969635215
17/06/2022 19:17:50.099 - oc_logger - INFO - New record achieved. Previous FoM: 0.0019620753473676977, new best FoM : 0.0018366454734033422
17/06/2022 19:17:50.099 - oc_logger - INFO - Function evaluation number: 288, SI: 3, Sub-iteration number: 46, FoM: 0.0018366454734033422
17/06/2022 19:17:50.235 - oc_logger - INFO - New record achieved. Previous FoM: 0.0018366454734033422, new best FoM : 0.001792576137997104
17/06/2022 19:17:50.235 - oc_logger - INFO - Function evaluation number: 289, SI: 3, Sub-iteration number: 46, FoM: 0.001792576137997104
17/06/2022 19:17:50.378 - oc_logger - INFO - Function evaluation number: 290, SI: 3, Sub-iteration number: 47, FoM: 0.0024024787637269007
17/06/2022 19:17:50.520 - oc_logger - INFO - Function evaluation number: 291, SI: 3, Sub-iteration number: 47, FoM: 0.002218131259773215
17/06/2022 19:17:50.658 - oc_logger - INFO - Function evaluation number: 292, SI: 3, Sub-iteration number: 48, FoM: 0.002150522120597409
17/06/2022 19:17:50.795 - oc_logger - INFO - Function evaluation number: 293, SI: 3, Sub-iteration number: 49, FoM: 0.0020366019793670587
17/06/2022 19:17:50.933 - oc_logger - INFO - Function evaluation number: 294, SI: 3, Sub-iteration number: 50, FoM: 0.001960201557155039
17/06/2022 19:17:51.074 - oc_logger - INFO - Function evaluation number: 295, SI: 3, Sub-iteration number: 51, FoM: 0.0024220893224550233
17/06/2022 19:17:51.216 - oc_logger - INFO - Function evaluation number: 296, SI: 3, Sub-iteration number: 51, FoM: 0.00208469530154598
17/06/2022 19:17:51.361 - oc_logger - INFO - Function evaluation number: 297, SI: 3, Sub-iteration number: 52, FoM: 0.0019654614772247614
17/06/2022 19:17:51.504 - oc_logger - INFO - New record achieved. Previous FoM: 0.001792576137997104, new best FoM : 0.0016901427616738962
17/06/2022 19:17:51.504 - oc_logger - INFO - Function evaluation number: 298, SI: 3, Sub-iteration number: 53, FoM: 0.0016901427616738962
17/06/2022 19:17:51.639 - oc_logger - INFO - New record achieved. Previous FoM: 0.0016901427616738962, new best FoM : 0.0016403326802211238
17/06/2022 19:17:51.639 - oc_logger - INFO - Function evaluation number: 299, SI: 3, Sub-iteration number: 53, FoM: 0.0016403326802211238
17/06/2022 19:17:51.789 - oc_logger - INFO - New record achieved. Previous FoM: 0.0016403326802211238, new best FoM : 0.0015985490273645597
17/06/2022 19:17:51.789 - oc_logger - INFO - Function evaluation number: 300, SI: 3, Sub-iteration number: 54, FoM: 0.0015985490273645597
17/06/2022 19:17:51.937 - oc_logger - INFO - New record achieved. Previous FoM: 0.0015985490273645597, new best FoM : 0.001544704252891771
17/06/2022 19:17:51.937 - oc_logger - INFO - Function evaluation number: 301, SI: 3, Sub-iteration number: 54, FoM: 0.001544704252891771
17/06/2022 19:17:51.939 - oc_logger - INFO - SI 3 finished - Number of evaluations: 100, Best FoM: 0.001544704252891771, Terminate reason: Exceeded number of allowed function evaluations per direct search.

17/06/2022 19:17:51.939 - oc_logger - INFO - Direct search start time has been reset.
17/06/2022 19:17:52.086 - oc_logger - INFO - Function evaluation number: 302, SI: 4, Sub-iteration number: 0, FoM: 0.001544704252891771
17/06/2022 19:17:52.227 - oc_logger - INFO - Function evaluation number: 303, SI: 4, Sub-iteration number: 0, FoM: 0.0017020442877666575
17/06/2022 19:17:52.375 - oc_logger - INFO - Function evaluation number: 304, SI: 4, Sub-iteration number: 0, FoM: 0.005035669718629343
17/06/2022 19:17:52.523 - oc_logger - INFO - Function evaluation number: 305, SI: 4, Sub-iteration number: 0, FoM: 0.005655312905850862
17/06/2022 19:17:52.663 - oc_logger - INFO - Function evaluation number: 306, SI: 4, Sub-iteration number: 0, FoM: 0.0053837253164090715
17/06/2022 19:17:52.811 - oc_logger - INFO - Function evaluation number: 307, SI: 4, Sub-iteration number: 0, FoM: 0.005561517701319296
17/06/2022 19:17:52.958 - oc_logger - INFO - Function evaluation number: 308, SI: 4, Sub-iteration number: 0, FoM: 0.0021542645133392213
17/06/2022 19:17:53.100 - oc_logger - INFO - Function evaluation number: 309, SI: 4, Sub-iteration number: 0, FoM: 0.0030622626579038803
17/06/2022 19:17:53.245 - oc_logger - INFO - Function evaluation number: 310, SI: 4, Sub-iteration number: 0, FoM: 0.0018250803961601392
17/06/2022 19:17:53.385 - oc_logger - INFO - Function evaluation number: 311, SI: 4, Sub-iteration number: 0, FoM: 0.0020296988033783325
17/06/2022 19:17:53.522 - oc_logger - INFO - Function evaluation number: 312, SI: 4, Sub-iteration number: 1, FoM: 0.006120558112133634
17/06/2022 19:17:53.669 - oc_logger - INFO - Function evaluation number: 313, SI: 4, Sub-iteration number: 1, FoM: 0.0035583544615636065
17/06/2022 19:17:53.796 - oc_logger - INFO - Function evaluation number: 314, SI: 4, Sub-iteration number: 2, FoM: 0.006753428578886056
17/06/2022 19:17:53.941 - oc_logger - INFO - Function evaluation number: 315, SI: 4, Sub-iteration number: 2, FoM: 0.003444220641295348
17/06/2022 19:17:54.083 - oc_logger - INFO - Function evaluation number: 316, SI: 4, Sub-iteration number: 3, FoM: 0.007133710905268376
17/06/2022 19:17:54.227 - oc_logger - INFO - Function evaluation number: 317, SI: 4, Sub-iteration number: 3, FoM: 0.003308699155848527
17/06/2022 19:17:54.369 - oc_logger - INFO - Function evaluation number: 318, SI: 4, Sub-iteration number: 4, FoM: 0.004794727865520709
17/06/2022 19:17:54.515 - oc_logger - INFO - Function evaluation number: 319, SI: 4, Sub-iteration number: 4, FoM: 0.0031246649406941884
17/06/2022 19:17:54.657 - oc_logger - INFO - Function evaluation number: 320, SI: 4, Sub-iteration number: 5, FoM: 0.0054316179923863395
17/06/2022 19:17:54.799 - oc_logger - INFO - Function evaluation number: 321, SI: 4, Sub-iteration number: 5, FoM: 0.0024023623769987568
17/06/2022 19:17:54.943 - oc_logger - INFO - Function evaluation number: 322, SI: 4, Sub-iteration number: 6, FoM: 0.0038479745511075247
17/06/2022 19:17:55.085 - oc_logger - INFO - Function evaluation number: 323, SI: 4, Sub-iteration number: 6, FoM: 0.002474838563673809
17/06/2022 19:17:55.225 - oc_logger - INFO - Function evaluation number: 324, SI: 4, Sub-iteration number: 7, FoM: 0.00386152365423309
17/06/2022 19:17:55.370 - oc_logger - INFO - Function evaluation number: 325, SI: 4, Sub-iteration number: 7, FoM: 0.002395160079929015
17/06/2022 19:17:55.508 - oc_logger - INFO - Function evaluation number: 326, SI: 4, Sub-iteration number: 8, FoM: 0.00312010434843768
17/06/2022 19:17:55.650 - oc_logger - INFO - Function evaluation number: 327, SI: 4, Sub-iteration number: 8, FoM: 0.0023473950802975763
17/06/2022 19:17:55.793 - oc_logger - INFO - Function evaluation number: 328, SI: 4, Sub-iteration number: 9, FoM: 0.003624975018675758
17/06/2022 19:17:55.936 - oc_logger - INFO - Function evaluation number: 329, SI: 4, Sub-iteration number: 9, FoM: 0.0022645674968584384
17/06/2022 19:17:56.074 - oc_logger - INFO - Function evaluation number: 330, SI: 4, Sub-iteration number: 10, FoM: 0.0030985971590085093
17/06/2022 19:17:56.216 - oc_logger - INFO - Function evaluation number: 331, SI: 4, Sub-iteration number: 10, FoM: 0.001984063745155029
17/06/2022 19:17:56.349 - oc_logger - INFO - Function evaluation number: 332, SI: 4, Sub-iteration number: 11, FoM: 0.002451803883614101
17/06/2022 19:17:56.490 - oc_logger - INFO - Function evaluation number: 333, SI: 4, Sub-iteration number: 11, FoM: 0.001997887594324954
17/06/2022 19:17:56.630 - oc_logger - INFO - Function evaluation number: 334, SI: 4, Sub-iteration number: 12, FoM: 0.0030338750435855433
17/06/2022 19:17:56.756 - oc_logger - INFO - Function evaluation number: 335, SI: 4, Sub-iteration number: 12, FoM: 0.0019445893462776143
17/06/2022 19:17:56.894 - oc_logger - INFO - Function evaluation number: 336, SI: 4, Sub-iteration number: 13, FoM: 0.0023815167504454005
17/06/2022 19:17:57.032 - oc_logger - INFO - Function evaluation number: 337, SI: 4, Sub-iteration number: 13, FoM: 0.001972996182754483
17/06/2022 19:17:57.179 - oc_logger - INFO - Function evaluation number: 338, SI: 4, Sub-iteration number: 14, FoM: 0.0024481258321041865
17/06/2022 19:17:57.320 - oc_logger - INFO - Function evaluation number: 339, SI: 4, Sub-iteration number: 14, FoM: 0.0019179427093352075
17/06/2022 19:17:57.464 - oc_logger - INFO - Function evaluation number: 340, SI: 4, Sub-iteration number: 15, FoM: 0.0027813411025577883
17/06/2022 19:17:57.604 - oc_logger - INFO - Function evaluation number: 341, SI: 4, Sub-iteration number: 15, FoM: 0.0018287575751503304
17/06/2022 19:17:57.749 - oc_logger - INFO - New record achieved. Previous FoM: 0.001544704252891771, new best FoM : 0.0013097484305854001
17/06/2022 19:17:57.749 - oc_logger - INFO - Function evaluation number: 342, SI: 4, Sub-iteration number: 16, FoM: 0.0013097484305854001
17/06/2022 19:17:57.890 - oc_logger - INFO - New record achieved. Previous FoM: 0.0013097484305854001, new best FoM : 0.001263846190452389
17/06/2022 19:17:57.890 - oc_logger - INFO - Function evaluation number: 343, SI: 4, Sub-iteration number: 16, FoM: 0.001263846190452389
17/06/2022 19:17:58.033 - oc_logger - INFO - Function evaluation number: 344, SI: 4, Sub-iteration number: 17, FoM: 0.0017107337042417958
17/06/2022 19:17:58.174 - oc_logger - INFO - Function evaluation number: 345, SI: 4, Sub-iteration number: 18, FoM: 0.0020362434598110157
17/06/2022 19:17:58.311 - oc_logger - INFO - Function evaluation number: 346, SI: 4, Sub-iteration number: 18, FoM: 0.0017418383473656318
17/06/2022 19:17:58.456 - oc_logger - INFO - Function evaluation number: 347, SI: 4, Sub-iteration number: 19, FoM: 0.001882941654623549
17/06/2022 19:17:58.590 - oc_logger - INFO - Function evaluation number: 348, SI: 4, Sub-iteration number: 20, FoM: 0.0018755940034543839
17/06/2022 19:17:58.738 - oc_logger - INFO - Function evaluation number: 349, SI: 4, Sub-iteration number: 21, FoM: 0.0016043922045204662
17/06/2022 19:17:58.882 - oc_logger - INFO - Function evaluation number: 350, SI: 4, Sub-iteration number: 22, FoM: 0.0017793383341924152
17/06/2022 19:17:59.024 - oc_logger - INFO - Function evaluation number: 351, SI: 4, Sub-iteration number: 23, FoM: 0.002074321679896185
17/06/2022 19:17:59.169 - oc_logger - INFO - Function evaluation number: 352, SI: 4, Sub-iteration number: 23, FoM: 0.0016464278675859534
17/06/2022 19:17:59.308 - oc_logger - INFO - Function evaluation number: 353, SI: 4, Sub-iteration number: 24, FoM: 0.0015869527785601356
17/06/2022 19:17:59.453 - oc_logger - INFO - Function evaluation number: 354, SI: 4, Sub-iteration number: 25, FoM: 0.0015470985915133628
17/06/2022 19:17:59.597 - oc_logger - INFO - Function evaluation number: 355, SI: 4, Sub-iteration number: 26, FoM: 0.0016921623305339306
17/06/2022 19:17:59.739 - oc_logger - INFO - New record achieved. Previous FoM: 0.001263846190452389, new best FoM : 0.0011838370321128888
17/06/2022 19:17:59.739 - oc_logger - INFO - Function evaluation number: 356, SI: 4, Sub-iteration number: 27, FoM: 0.0011838370321128888
17/06/2022 19:17:59.877 - oc_logger - INFO - New record achieved. Previous FoM: 0.0011838370321128888, new best FoM : 0.001162313060931397
17/06/2022 19:17:59.877 - oc_logger - INFO - Function evaluation number: 357, SI: 4, Sub-iteration number: 27, FoM: 0.001162313060931397
17/06/2022 19:18:00.054 - oc_logger - INFO - Function evaluation number: 358, SI: 4, Sub-iteration number: 28, FoM: 0.001488451809083302
17/06/2022 19:18:00.237 - oc_logger - INFO - New record achieved. Previous FoM: 0.001162313060931397, new best FoM : 0.001084333208345667
17/06/2022 19:18:00.237 - oc_logger - INFO - Function evaluation number: 359, SI: 4, Sub-iteration number: 29, FoM: 0.001084333208345667
17/06/2022 19:18:00.373 - oc_logger - INFO - New record achieved. Previous FoM: 0.001084333208345667, new best FoM : 0.0010646656803545707
17/06/2022 19:18:00.373 - oc_logger - INFO - Function evaluation number: 360, SI: 4, Sub-iteration number: 29, FoM: 0.0010646656803545707
17/06/2022 19:18:00.525 - oc_logger - INFO - Function evaluation number: 361, SI: 4, Sub-iteration number: 30, FoM: 0.0017577573232648858
17/06/2022 19:18:00.673 - oc_logger - INFO - Function evaluation number: 362, SI: 4, Sub-iteration number: 30, FoM: 0.001459307944609689
17/06/2022 19:18:00.823 - oc_logger - INFO - Function evaluation number: 363, SI: 4, Sub-iteration number: 31, FoM: 0.0015877562833317427
17/06/2022 19:18:00.968 - oc_logger - INFO - Function evaluation number: 364, SI: 4, Sub-iteration number: 32, FoM: 0.0014319944911629356
17/06/2022 19:18:01.115 - oc_logger - INFO - Function evaluation number: 365, SI: 4, Sub-iteration number: 33, FoM: 0.0017132898340112002
17/06/2022 19:18:01.257 - oc_logger - INFO - Function evaluation number: 366, SI: 4, Sub-iteration number: 33, FoM: 0.0013926837808536652
17/06/2022 19:18:01.396 - oc_logger - INFO - Function evaluation number: 367, SI: 4, Sub-iteration number: 34, FoM: 0.0010908821558818227
17/06/2022 19:18:01.540 - oc_logger - INFO - Function evaluation number: 368, SI: 4, Sub-iteration number: 35, FoM: 0.0013344473408184454
17/06/2022 19:18:01.683 - oc_logger - INFO - New record achieved. Previous FoM: 0.0010646656803545707, new best FoM : 0.0008587924103155009
17/06/2022 19:18:01.683 - oc_logger - INFO - Function evaluation number: 369, SI: 4, Sub-iteration number: 36, FoM: 0.0008587924103155009
17/06/2022 19:18:01.824 - oc_logger - INFO - New record achieved. Previous FoM: 0.0008587924103155009, new best FoM : 0.0008197085727308373
17/06/2022 19:18:01.824 - oc_logger - INFO - Function evaluation number: 370, SI: 4, Sub-iteration number: 36, FoM: 0.0008197085727308373
17/06/2022 19:18:01.965 - oc_logger - INFO - Function evaluation number: 371, SI: 4, Sub-iteration number: 37, FoM: 0.0010718503881217423
17/06/2022 19:18:02.108 - oc_logger - INFO - Function evaluation number: 372, SI: 4, Sub-iteration number: 38, FoM: 0.0011771771093664896
17/06/2022 19:18:02.256 - oc_logger - INFO - Function evaluation number: 373, SI: 4, Sub-iteration number: 39, FoM: 0.0010892002661371247
17/06/2022 19:18:02.397 - oc_logger - INFO - Function evaluation number: 374, SI: 4, Sub-iteration number: 40, FoM: 0.0014992685723443921
17/06/2022 19:18:02.535 - oc_logger - INFO - Function evaluation number: 375, SI: 4, Sub-iteration number: 40, FoM: 0.0011690055565864998
17/06/2022 19:18:02.680 - oc_logger - INFO - Function evaluation number: 376, SI: 4, Sub-iteration number: 41, FoM: 0.0009632095622310599
17/06/2022 19:18:02.826 - oc_logger - INFO - Function evaluation number: 377, SI: 4, Sub-iteration number: 42, FoM: 0.000932667760345729
17/06/2022 19:18:02.966 - oc_logger - INFO - Function evaluation number: 378, SI: 4, Sub-iteration number: 43, FoM: 0.0018706915781973033
17/06/2022 19:18:03.112 - oc_logger - INFO - Function evaluation number: 379, SI: 4, Sub-iteration number: 43, FoM: 0.0009814943939026044
17/06/2022 19:18:03.253 - oc_logger - INFO - Function evaluation number: 380, SI: 4, Sub-iteration number: 44, FoM: 0.0010056070756643276
17/06/2022 19:18:03.400 - oc_logger - INFO - New record achieved. Previous FoM: 0.0008197085727308373, new best FoM : 0.0007607807169421887
17/06/2022 19:18:03.400 - oc_logger - INFO - Function evaluation number: 381, SI: 4, Sub-iteration number: 45, FoM: 0.0007607807169421887
17/06/2022 19:18:03.547 - oc_logger - INFO - New record achieved. Previous FoM: 0.0007607807169421887, new best FoM : 0.0007556196138024385
17/06/2022 19:18:03.547 - oc_logger - INFO - Function evaluation number: 382, SI: 4, Sub-iteration number: 45, FoM: 0.0007556196138024385
17/06/2022 19:18:03.694 - oc_logger - INFO - New record achieved. Previous FoM: 0.0007556196138024385, new best FoM : 0.0006155668509215673
17/06/2022 19:18:03.694 - oc_logger - INFO - Function evaluation number: 383, SI: 4, Sub-iteration number: 46, FoM: 0.0006155668509215673
17/06/2022 19:18:03.839 - oc_logger - INFO - New record achieved. Previous FoM: 0.0006155668509215673, new best FoM : 0.0005722294798694572
17/06/2022 19:18:03.839 - oc_logger - INFO - Function evaluation number: 384, SI: 4, Sub-iteration number: 46, FoM: 0.0005722294798694572
17/06/2022 19:18:03.985 - oc_logger - INFO - Function evaluation number: 385, SI: 4, Sub-iteration number: 47, FoM: 0.0006455456044095476
17/06/2022 19:18:04.128 - oc_logger - INFO - New record achieved. Previous FoM: 0.0005722294798694572, new best FoM : 0.0005649709466093444
17/06/2022 19:18:04.128 - oc_logger - INFO - Function evaluation number: 386, SI: 4, Sub-iteration number: 48, FoM: 0.0005649709466093444
17/06/2022 19:18:04.266 - oc_logger - INFO - New record achieved. Previous FoM: 0.0005649709466093444, new best FoM : 0.0005497389855128043
17/06/2022 19:18:04.266 - oc_logger - INFO - Function evaluation number: 387, SI: 4, Sub-iteration number: 48, FoM: 0.0005497389855128043
17/06/2022 19:18:04.412 - oc_logger - INFO - New record achieved. Previous FoM: 0.0005497389855128043, new best FoM : 0.0004253145958448279
17/06/2022 19:18:04.412 - oc_logger - INFO - Function evaluation number: 388, SI: 4, Sub-iteration number: 49, FoM: 0.0004253145958448279
17/06/2022 19:18:04.548 - oc_logger - INFO - New record achieved. Previous FoM: 0.0004253145958448279, new best FoM : 0.0003903644240643711
17/06/2022 19:18:04.548 - oc_logger - INFO - Function evaluation number: 389, SI: 4, Sub-iteration number: 49, FoM: 0.0003903644240643711
17/06/2022 19:18:04.694 - oc_logger - INFO - Function evaluation number: 390, SI: 4, Sub-iteration number: 50, FoM: 0.0009028537864476105
17/06/2022 19:18:04.833 - oc_logger - INFO - Function evaluation number: 391, SI: 4, Sub-iteration number: 51, FoM: 0.0007977485649798277
17/06/2022 19:18:04.975 - oc_logger - INFO - New record achieved. Previous FoM: 0.0003903644240643711, new best FoM : 0.0003201693302630204
17/06/2022 19:18:04.975 - oc_logger - INFO - Function evaluation number: 392, SI: 4, Sub-iteration number: 52, FoM: 0.0003201693302630204
17/06/2022 19:18:05.126 - oc_logger - INFO - New record achieved. Previous FoM: 0.0003201693302630204, new best FoM : 0.00028252499692071886
17/06/2022 19:18:05.126 - oc_logger - INFO - Function evaluation number: 393, SI: 4, Sub-iteration number: 52, FoM: 0.00028252499692071886
17/06/2022 19:18:05.271 - oc_logger - INFO - Function evaluation number: 394, SI: 4, Sub-iteration number: 53, FoM: 0.0006462237303019869
17/06/2022 19:18:05.416 - oc_logger - INFO - Function evaluation number: 395, SI: 4, Sub-iteration number: 54, FoM: 0.0005009791795834717
17/06/2022 19:18:05.553 - oc_logger - INFO - Function evaluation number: 396, SI: 4, Sub-iteration number: 55, FoM: 0.0003577006249141368
17/06/2022 19:18:05.693 - oc_logger - INFO - Function evaluation number: 397, SI: 4, Sub-iteration number: 56, FoM: 0.0007206122215670518
17/06/2022 19:18:05.835 - oc_logger - INFO - Function evaluation number: 398, SI: 4, Sub-iteration number: 57, FoM: 0.0005683619495980841
17/06/2022 19:18:05.974 - oc_logger - INFO - Function evaluation number: 399, SI: 4, Sub-iteration number: 58, FoM: 0.0005868682257417213
17/06/2022 19:18:06.122 - oc_logger - INFO - Function evaluation number: 400, SI: 4, Sub-iteration number: 59, FoM: 0.0007349394193415515
17/06/2022 19:18:06.122 - oc_logger - INFO - Setting is_running state: False
17/06/2022 19:18:06.122 - oc_logger - INFO - SI 4 finished - Number of evaluations: 100, Best FoM: 0.00028252499692071886, Terminate reason: User stopped the optimization or higher order stopping criterion has been reached

17/06/2022 19:18:06.123 - oc_logger - INFO - Figure of merit : 0.00028252499692071886
17/06/2022 19:18:06.123 - oc_logger - INFO - Std : 0.0
17/06/2022 19:18:06.123 - oc_logger - INFO - total number of function evaluations : 400
17/06/2022 19:18:06.123 - oc_logger - INFO - dcrab_freq_list : [array([[0.38216958, 0.6592441 , 1.06553951, 1.40676215]]), array([[0.39373397, 0.77094999, 0.98238405, 1.39276421]]), array([[0.38489893, 0.56540069, 0.96513229, 1.40525184]]), array([[0.17083908, 0.46607715, 0.88656072, 1.45031296]])]
17/06/2022 19:18:06.123 - oc_logger - INFO - dcrab_para_list : [array([-0.11604897,  1.5301941 ,  1.62241332,  1.22529616,  1.11642273,
       -2.06339931, -1.87551018, -2.3311726 ,  0.39144577]), array([ 0.63643241,  0.07248713,  0.05549309, -0.05144056,  0.08511848,
       -0.22237712, -0.09073102, -0.02293588,  0.39012395]), array([-0.04886523,  0.13966707,  0.10668546,  0.19236791, -0.0107678 ,
        0.19160605,  0.30579819,  0.14960772,  0.38750602]), array([ 0.22595165, -0.05244781, -0.07806723,  0.12620109,  0.24927463,
        0.06389576,  0.27335571,  0.10877999,  0.38338771])]
17/06/2022 19:18:06.123 - oc_logger - INFO - terminate_reason : User stopped the optimization or higher order stopping criterion has been reached
17/06/2022 19:18:06.123 - oc_logger - INFO - Termination Reason : Maximum number of total function evaluations reached
