06/05/2022 02:04:10.469 - oc_logger - INFO - The optimization direction is minimization
06/05/2022 02:04:10.472 - oc_logger - INFO - QuOCS version number: 0.0.22
06/05/2022 02:04:10.472 - oc_logger - INFO - Direct search start time has been reset.
06/05/2022 02:04:10.643 - oc_logger - INFO - New record achieved. Previous FoM: 10000000000.0, new best FoM : 0.018603234256322376
06/05/2022 02:04:10.643 - oc_logger - INFO - Function evaluation number: 1, SI: 1, Sub-iteration number: 0, FoM: 0.018603234256322376
06/05/2022 02:04:10.777 - oc_logger - INFO - Function evaluation number: 2, SI: 1, Sub-iteration number: 0, FoM: 0.018673061759873377
06/05/2022 02:04:10.908 - oc_logger - INFO - Function evaluation number: 3, SI: 1, Sub-iteration number: 0, FoM: 0.018688589857231208
06/05/2022 02:04:11.039 - oc_logger - INFO - Function evaluation number: 4, SI: 1, Sub-iteration number: 0, FoM: 0.018611747179543614
06/05/2022 02:04:11.166 - oc_logger - INFO - Function evaluation number: 5, SI: 1, Sub-iteration number: 0, FoM: 0.01866181109303444
06/05/2022 02:04:11.298 - oc_logger - INFO - Function evaluation number: 6, SI: 1, Sub-iteration number: 0, FoM: 0.018628524299816984
06/05/2022 02:04:11.425 - oc_logger - INFO - Function evaluation number: 7, SI: 1, Sub-iteration number: 0, FoM: 0.018712801401635004
06/05/2022 02:04:11.583 - oc_logger - INFO - Function evaluation number: 8, SI: 1, Sub-iteration number: 0, FoM: 0.018648262346819933
06/05/2022 02:04:11.708 - oc_logger - INFO - Function evaluation number: 9, SI: 1, Sub-iteration number: 0, FoM: 0.01863435547065828
06/05/2022 02:04:11.836 - oc_logger - INFO - New record achieved. Previous FoM: 0.018603234256322376, new best FoM : 0.018574729424246095
06/05/2022 02:04:11.836 - oc_logger - INFO - Function evaluation number: 10, SI: 1, Sub-iteration number: 1, FoM: 0.018574729424246095
06/05/2022 02:04:11.959 - oc_logger - INFO - New record achieved. Previous FoM: 0.018574729424246095, new best FoM : 0.01855751031415076
06/05/2022 02:04:11.959 - oc_logger - INFO - Function evaluation number: 11, SI: 1, Sub-iteration number: 1, FoM: 0.01855751031415076
06/05/2022 02:04:12.080 - oc_logger - INFO - Function evaluation number: 12, SI: 1, Sub-iteration number: 2, FoM: 0.018566022573561547
06/05/2022 02:04:12.213 - oc_logger - INFO - New record achieved. Previous FoM: 0.01855751031415076, new best FoM : 0.018554882824541097
06/05/2022 02:04:12.213 - oc_logger - INFO - Function evaluation number: 13, SI: 1, Sub-iteration number: 3, FoM: 0.018554882824541097
06/05/2022 02:04:12.347 - oc_logger - INFO - New record achieved. Previous FoM: 0.018554882824541097, new best FoM : 0.01854013826892309
06/05/2022 02:04:12.347 - oc_logger - INFO - Function evaluation number: 14, SI: 1, Sub-iteration number: 3, FoM: 0.01854013826892309
06/05/2022 02:04:12.479 - oc_logger - INFO - New record achieved. Previous FoM: 0.01854013826892309, new best FoM : 0.018535735961826005
06/05/2022 02:04:12.479 - oc_logger - INFO - Function evaluation number: 15, SI: 1, Sub-iteration number: 4, FoM: 0.018535735961826005
06/05/2022 02:04:12.605 - oc_logger - INFO - New record achieved. Previous FoM: 0.018535735961826005, new best FoM : 0.01852001118104285
06/05/2022 02:04:12.605 - oc_logger - INFO - Function evaluation number: 16, SI: 1, Sub-iteration number: 4, FoM: 0.01852001118104285
06/05/2022 02:04:12.731 - oc_logger - INFO - New record achieved. Previous FoM: 0.01852001118104285, new best FoM : 0.0185172156104636
06/05/2022 02:04:12.731 - oc_logger - INFO - Function evaluation number: 17, SI: 1, Sub-iteration number: 5, FoM: 0.0185172156104636
06/05/2022 02:04:12.873 - oc_logger - INFO - New record achieved. Previous FoM: 0.0185172156104636, new best FoM : 0.01850086972671272
06/05/2022 02:04:12.873 - oc_logger - INFO - Function evaluation number: 18, SI: 1, Sub-iteration number: 5, FoM: 0.01850086972671272
06/05/2022 02:04:13.004 - oc_logger - INFO - New record achieved. Previous FoM: 0.01850086972671272, new best FoM : 0.01849775978796897
06/05/2022 02:04:13.004 - oc_logger - INFO - Function evaluation number: 19, SI: 1, Sub-iteration number: 6, FoM: 0.01849775978796897
06/05/2022 02:04:13.140 - oc_logger - INFO - New record achieved. Previous FoM: 0.01849775978796897, new best FoM : 0.018480724463862286
06/05/2022 02:04:13.140 - oc_logger - INFO - Function evaluation number: 20, SI: 1, Sub-iteration number: 6, FoM: 0.018480724463862286
06/05/2022 02:04:13.266 - oc_logger - INFO - New record achieved. Previous FoM: 0.018480724463862286, new best FoM : 0.018466699319865443
06/05/2022 02:04:13.266 - oc_logger - INFO - Function evaluation number: 21, SI: 1, Sub-iteration number: 7, FoM: 0.018466699319865443
06/05/2022 02:04:13.396 - oc_logger - INFO - New record achieved. Previous FoM: 0.018466699319865443, new best FoM : 0.018446527294551873
06/05/2022 02:04:13.397 - oc_logger - INFO - Function evaluation number: 22, SI: 1, Sub-iteration number: 7, FoM: 0.018446527294551873
06/05/2022 02:04:13.520 - oc_logger - INFO - New record achieved. Previous FoM: 0.018446527294551873, new best FoM : 0.01844218402303477
06/05/2022 02:04:13.520 - oc_logger - INFO - Function evaluation number: 23, SI: 1, Sub-iteration number: 8, FoM: 0.01844218402303477
06/05/2022 02:04:13.652 - oc_logger - INFO - New record achieved. Previous FoM: 0.01844218402303477, new best FoM : 0.018421051059442473
06/05/2022 02:04:13.652 - oc_logger - INFO - Function evaluation number: 24, SI: 1, Sub-iteration number: 8, FoM: 0.018421051059442473
06/05/2022 02:04:13.770 - oc_logger - INFO - New record achieved. Previous FoM: 0.018421051059442473, new best FoM : 0.018405222440671554
06/05/2022 02:04:13.771 - oc_logger - INFO - Function evaluation number: 25, SI: 1, Sub-iteration number: 9, FoM: 0.018405222440671554
06/05/2022 02:04:13.897 - oc_logger - INFO - New record achieved. Previous FoM: 0.018405222440671554, new best FoM : 0.018380554947818206
06/05/2022 02:04:13.897 - oc_logger - INFO - Function evaluation number: 26, SI: 1, Sub-iteration number: 9, FoM: 0.018380554947818206
06/05/2022 02:04:14.033 - oc_logger - INFO - Function evaluation number: 27, SI: 1, Sub-iteration number: 10, FoM: 0.018395872693453996
06/05/2022 02:04:14.159 - oc_logger - INFO - New record achieved. Previous FoM: 0.018380554947818206, new best FoM : 0.0183640934911391
06/05/2022 02:04:14.159 - oc_logger - INFO - Function evaluation number: 28, SI: 1, Sub-iteration number: 11, FoM: 0.0183640934911391
06/05/2022 02:04:14.286 - oc_logger - INFO - New record achieved. Previous FoM: 0.0183640934911391, new best FoM : 0.018339985691308902
06/05/2022 02:04:14.286 - oc_logger - INFO - Function evaluation number: 29, SI: 1, Sub-iteration number: 11, FoM: 0.018339985691308902
06/05/2022 02:04:14.418 - oc_logger - INFO - New record achieved. Previous FoM: 0.018339985691308902, new best FoM : 0.018331515763537864
06/05/2022 02:04:14.418 - oc_logger - INFO - Function evaluation number: 30, SI: 1, Sub-iteration number: 12, FoM: 0.018331515763537864
06/05/2022 02:04:14.543 - oc_logger - INFO - New record achieved. Previous FoM: 0.018331515763537864, new best FoM : 0.0183055335295923
06/05/2022 02:04:14.543 - oc_logger - INFO - Function evaluation number: 31, SI: 1, Sub-iteration number: 12, FoM: 0.0183055335295923
06/05/2022 02:04:14.681 - oc_logger - INFO - New record achieved. Previous FoM: 0.0183055335295923, new best FoM : 0.01829804357761311
06/05/2022 02:04:14.681 - oc_logger - INFO - Function evaluation number: 32, SI: 1, Sub-iteration number: 13, FoM: 0.01829804357761311
06/05/2022 02:04:14.811 - oc_logger - INFO - New record achieved. Previous FoM: 0.01829804357761311, new best FoM : 0.018270403673141367
06/05/2022 02:04:14.811 - oc_logger - INFO - Function evaluation number: 33, SI: 1, Sub-iteration number: 13, FoM: 0.018270403673141367
06/05/2022 02:04:14.928 - oc_logger - INFO - New record achieved. Previous FoM: 0.018270403673141367, new best FoM : 0.018259636448794025
06/05/2022 02:04:14.928 - oc_logger - INFO - Function evaluation number: 34, SI: 1, Sub-iteration number: 14, FoM: 0.018259636448794025
06/05/2022 02:04:15.059 - oc_logger - INFO - New record achieved. Previous FoM: 0.018259636448794025, new best FoM : 0.018229611494861908
06/05/2022 02:04:15.060 - oc_logger - INFO - Function evaluation number: 35, SI: 1, Sub-iteration number: 14, FoM: 0.018229611494861908
06/05/2022 02:04:15.192 - oc_logger - INFO - New record achieved. Previous FoM: 0.018229611494861908, new best FoM : 0.01821707501326386
06/05/2022 02:04:15.192 - oc_logger - INFO - Function evaluation number: 36, SI: 1, Sub-iteration number: 15, FoM: 0.01821707501326386
06/05/2022 02:04:15.326 - oc_logger - INFO - New record achieved. Previous FoM: 0.01821707501326386, new best FoM : 0.01818427340828399
06/05/2022 02:04:15.326 - oc_logger - INFO - Function evaluation number: 37, SI: 1, Sub-iteration number: 15, FoM: 0.01818427340828399
06/05/2022 02:04:15.458 - oc_logger - INFO - Function evaluation number: 38, SI: 1, Sub-iteration number: 16, FoM: 0.018185638783461133
06/05/2022 02:04:15.583 - oc_logger - INFO - New record achieved. Previous FoM: 0.01818427340828399, new best FoM : 0.018152298500464736
06/05/2022 02:04:15.583 - oc_logger - INFO - Function evaluation number: 39, SI: 1, Sub-iteration number: 17, FoM: 0.018152298500464736
06/05/2022 02:04:15.709 - oc_logger - INFO - New record achieved. Previous FoM: 0.018152298500464736, new best FoM : 0.018118859232108764
06/05/2022 02:04:15.709 - oc_logger - INFO - Function evaluation number: 40, SI: 1, Sub-iteration number: 17, FoM: 0.018118859232108764
06/05/2022 02:04:15.838 - oc_logger - INFO - New record achieved. Previous FoM: 0.018118859232108764, new best FoM : 0.018108163154981982
06/05/2022 02:04:15.838 - oc_logger - INFO - Function evaluation number: 41, SI: 1, Sub-iteration number: 18, FoM: 0.018108163154981982
06/05/2022 02:04:15.964 - oc_logger - INFO - New record achieved. Previous FoM: 0.018108163154981982, new best FoM : 0.018072347655974208
06/05/2022 02:04:15.964 - oc_logger - INFO - Function evaluation number: 42, SI: 1, Sub-iteration number: 18, FoM: 0.018072347655974208
06/05/2022 02:04:16.087 - oc_logger - INFO - New record achieved. Previous FoM: 0.018072347655974208, new best FoM : 0.018046762204494637
06/05/2022 02:04:16.088 - oc_logger - INFO - Function evaluation number: 43, SI: 1, Sub-iteration number: 19, FoM: 0.018046762204494637
06/05/2022 02:04:16.216 - oc_logger - INFO - New record achieved. Previous FoM: 0.018046762204494637, new best FoM : 0.01800527896224391
06/05/2022 02:04:16.216 - oc_logger - INFO - Function evaluation number: 44, SI: 1, Sub-iteration number: 19, FoM: 0.01800527896224391
06/05/2022 02:04:16.341 - oc_logger - INFO - New record achieved. Previous FoM: 0.01800527896224391, new best FoM : 0.018003653825878985
06/05/2022 02:04:16.341 - oc_logger - INFO - Function evaluation number: 45, SI: 1, Sub-iteration number: 20, FoM: 0.018003653825878985
06/05/2022 02:04:16.466 - oc_logger - INFO - New record achieved. Previous FoM: 0.018003653825878985, new best FoM : 0.01796186651049858
06/05/2022 02:04:16.466 - oc_logger - INFO - Function evaluation number: 46, SI: 1, Sub-iteration number: 20, FoM: 0.01796186651049858
06/05/2022 02:04:16.596 - oc_logger - INFO - New record achieved. Previous FoM: 0.01796186651049858, new best FoM : 0.017952214787238407
06/05/2022 02:04:16.596 - oc_logger - INFO - Function evaluation number: 47, SI: 1, Sub-iteration number: 21, FoM: 0.017952214787238407
06/05/2022 02:04:16.727 - oc_logger - INFO - New record achieved. Previous FoM: 0.017952214787238407, new best FoM : 0.017908324853243895
06/05/2022 02:04:16.727 - oc_logger - INFO - Function evaluation number: 48, SI: 1, Sub-iteration number: 21, FoM: 0.017908324853243895
06/05/2022 02:04:16.853 - oc_logger - INFO - New record achieved. Previous FoM: 0.017908324853243895, new best FoM : 0.01789691576161645
06/05/2022 02:04:16.853 - oc_logger - INFO - Function evaluation number: 49, SI: 1, Sub-iteration number: 22, FoM: 0.01789691576161645
06/05/2022 02:04:16.981 - oc_logger - INFO - New record achieved. Previous FoM: 0.01789691576161645, new best FoM : 0.01785054313020129
06/05/2022 02:04:16.981 - oc_logger - INFO - Function evaluation number: 50, SI: 1, Sub-iteration number: 22, FoM: 0.01785054313020129
06/05/2022 02:04:17.099 - oc_logger - INFO - New record achieved. Previous FoM: 0.01785054313020129, new best FoM : 0.01784293163008477
06/05/2022 02:04:17.099 - oc_logger - INFO - Function evaluation number: 51, SI: 1, Sub-iteration number: 23, FoM: 0.01784293163008477
06/05/2022 02:04:17.230 - oc_logger - INFO - New record achieved. Previous FoM: 0.01784293163008477, new best FoM : 0.017794925262471284
06/05/2022 02:04:17.231 - oc_logger - INFO - Function evaluation number: 52, SI: 1, Sub-iteration number: 23, FoM: 0.017794925262471284
06/05/2022 02:04:17.358 - oc_logger - INFO - New record achieved. Previous FoM: 0.017794925262471284, new best FoM : 0.017789226034467864
06/05/2022 02:04:17.358 - oc_logger - INFO - Function evaluation number: 53, SI: 1, Sub-iteration number: 24, FoM: 0.017789226034467864
06/05/2022 02:04:17.483 - oc_logger - INFO - New record achieved. Previous FoM: 0.017789226034467864, new best FoM : 0.017740021538119044
06/05/2022 02:04:17.483 - oc_logger - INFO - Function evaluation number: 54, SI: 1, Sub-iteration number: 24, FoM: 0.017740021538119044
06/05/2022 02:04:17.604 - oc_logger - INFO - New record achieved. Previous FoM: 0.017740021538119044, new best FoM : 0.017680285519716454
06/05/2022 02:04:17.604 - oc_logger - INFO - Function evaluation number: 55, SI: 1, Sub-iteration number: 25, FoM: 0.017680285519716454
06/05/2022 02:04:17.733 - oc_logger - INFO - New record achieved. Previous FoM: 0.017680285519716454, new best FoM : 0.017617845189641712
06/05/2022 02:04:17.733 - oc_logger - INFO - Function evaluation number: 56, SI: 1, Sub-iteration number: 25, FoM: 0.017617845189641712
06/05/2022 02:04:17.861 - oc_logger - INFO - Function evaluation number: 57, SI: 1, Sub-iteration number: 26, FoM: 0.017620273309733037
06/05/2022 02:04:17.986 - oc_logger - INFO - New record achieved. Previous FoM: 0.017617845189641712, new best FoM : 0.017553968570482192
06/05/2022 02:04:17.986 - oc_logger - INFO - Function evaluation number: 58, SI: 1, Sub-iteration number: 27, FoM: 0.017553968570482192
06/05/2022 02:04:18.121 - oc_logger - INFO - New record achieved. Previous FoM: 0.017553968570482192, new best FoM : 0.01748976806729774
06/05/2022 02:04:18.121 - oc_logger - INFO - Function evaluation number: 59, SI: 1, Sub-iteration number: 27, FoM: 0.01748976806729774
06/05/2022 02:04:18.251 - oc_logger - INFO - Function evaluation number: 60, SI: 1, Sub-iteration number: 28, FoM: 0.017492049701829604
06/05/2022 02:04:18.380 - oc_logger - INFO - New record achieved. Previous FoM: 0.01748976806729774, new best FoM : 0.01741817002416457
06/05/2022 02:04:18.380 - oc_logger - INFO - Function evaluation number: 61, SI: 1, Sub-iteration number: 29, FoM: 0.01741817002416457
06/05/2022 02:04:18.503 - oc_logger - INFO - New record achieved. Previous FoM: 0.01741817002416457, new best FoM : 0.01735085154093763
06/05/2022 02:04:18.503 - oc_logger - INFO - Function evaluation number: 62, SI: 1, Sub-iteration number: 29, FoM: 0.01735085154093763
06/05/2022 02:04:18.628 - oc_logger - INFO - New record achieved. Previous FoM: 0.01735085154093763, new best FoM : 0.01733265915719584
06/05/2022 02:04:18.628 - oc_logger - INFO - Function evaluation number: 63, SI: 1, Sub-iteration number: 30, FoM: 0.01733265915719584
06/05/2022 02:04:18.763 - oc_logger - INFO - New record achieved. Previous FoM: 0.01733265915719584, new best FoM : 0.0172614606733984
06/05/2022 02:04:18.763 - oc_logger - INFO - Function evaluation number: 64, SI: 1, Sub-iteration number: 30, FoM: 0.0172614606733984
06/05/2022 02:04:18.896 - oc_logger - INFO - New record achieved. Previous FoM: 0.0172614606733984, new best FoM : 0.017243302893254264
06/05/2022 02:04:18.896 - oc_logger - INFO - Function evaluation number: 65, SI: 1, Sub-iteration number: 31, FoM: 0.017243302893254264
06/05/2022 02:04:19.020 - oc_logger - INFO - New record achieved. Previous FoM: 0.017243302893254264, new best FoM : 0.017168233770308072
06/05/2022 02:04:19.020 - oc_logger - INFO - Function evaluation number: 66, SI: 1, Sub-iteration number: 31, FoM: 0.017168233770308072
06/05/2022 02:04:19.155 - oc_logger - INFO - New record achieved. Previous FoM: 0.017168233770308072, new best FoM : 0.01714265796489567
06/05/2022 02:04:19.155 - oc_logger - INFO - Function evaluation number: 67, SI: 1, Sub-iteration number: 32, FoM: 0.01714265796489567
06/05/2022 02:04:19.290 - oc_logger - INFO - New record achieved. Previous FoM: 0.01714265796489567, new best FoM : 0.017062111222856835
06/05/2022 02:04:19.290 - oc_logger - INFO - Function evaluation number: 68, SI: 1, Sub-iteration number: 32, FoM: 0.017062111222856835
06/05/2022 02:04:19.421 - oc_logger - INFO - New record achieved. Previous FoM: 0.017062111222856835, new best FoM : 0.017028598570207665
06/05/2022 02:04:19.421 - oc_logger - INFO - Function evaluation number: 69, SI: 1, Sub-iteration number: 33, FoM: 0.017028598570207665
06/05/2022 02:04:19.554 - oc_logger - INFO - New record achieved. Previous FoM: 0.017028598570207665, new best FoM : 0.01694084293514697
06/05/2022 02:04:19.554 - oc_logger - INFO - Function evaluation number: 70, SI: 1, Sub-iteration number: 33, FoM: 0.01694084293514697
06/05/2022 02:04:19.686 - oc_logger - INFO - Function evaluation number: 71, SI: 1, Sub-iteration number: 34, FoM: 0.016977371409320874
06/05/2022 02:04:19.811 - oc_logger - INFO - New record achieved. Previous FoM: 0.01694084293514697, new best FoM : 0.016821863212136634
06/05/2022 02:04:19.811 - oc_logger - INFO - Function evaluation number: 72, SI: 1, Sub-iteration number: 35, FoM: 0.016821863212136634
06/05/2022 02:04:19.940 - oc_logger - INFO - New record achieved. Previous FoM: 0.016821863212136634, new best FoM : 0.01672387280824672
06/05/2022 02:04:19.940 - oc_logger - INFO - Function evaluation number: 73, SI: 1, Sub-iteration number: 35, FoM: 0.01672387280824672
06/05/2022 02:04:20.063 - oc_logger - INFO - Function evaluation number: 74, SI: 1, Sub-iteration number: 36, FoM: 0.016754296255917955
06/05/2022 02:04:20.193 - oc_logger - INFO - New record achieved. Previous FoM: 0.01672387280824672, new best FoM : 0.016575248948524468
06/05/2022 02:04:20.193 - oc_logger - INFO - Function evaluation number: 75, SI: 1, Sub-iteration number: 37, FoM: 0.016575248948524468
06/05/2022 02:04:20.325 - oc_logger - INFO - New record achieved. Previous FoM: 0.016575248948524468, new best FoM : 0.016462834384612268
06/05/2022 02:04:20.325 - oc_logger - INFO - Function evaluation number: 76, SI: 1, Sub-iteration number: 37, FoM: 0.016462834384612268
06/05/2022 02:04:20.452 - oc_logger - INFO - Function evaluation number: 77, SI: 1, Sub-iteration number: 38, FoM: 0.016491314193658124
06/05/2022 02:04:20.586 - oc_logger - INFO - New record achieved. Previous FoM: 0.016462834384612268, new best FoM : 0.01638829907692707
06/05/2022 02:04:20.586 - oc_logger - INFO - Function evaluation number: 78, SI: 1, Sub-iteration number: 39, FoM: 0.01638829907692707
06/05/2022 02:04:20.714 - oc_logger - INFO - New record achieved. Previous FoM: 0.01638829907692707, new best FoM : 0.016323145042431597
06/05/2022 02:04:20.714 - oc_logger - INFO - Function evaluation number: 79, SI: 1, Sub-iteration number: 39, FoM: 0.016323145042431597
06/05/2022 02:04:20.846 - oc_logger - INFO - New record achieved. Previous FoM: 0.016323145042431597, new best FoM : 0.016279577258668354
06/05/2022 02:04:20.847 - oc_logger - INFO - Function evaluation number: 80, SI: 1, Sub-iteration number: 40, FoM: 0.016279577258668354
06/05/2022 02:04:20.973 - oc_logger - INFO - New record achieved. Previous FoM: 0.016279577258668354, new best FoM : 0.01616975941515164
06/05/2022 02:04:20.973 - oc_logger - INFO - Function evaluation number: 81, SI: 1, Sub-iteration number: 40, FoM: 0.01616975941515164
06/05/2022 02:04:21.093 - oc_logger - INFO - Function evaluation number: 82, SI: 1, Sub-iteration number: 41, FoM: 0.01625528028755352
06/05/2022 02:04:21.227 - oc_logger - INFO - New record achieved. Previous FoM: 0.01616975941515164, new best FoM : 0.016096977121441314
06/05/2022 02:04:21.227 - oc_logger - INFO - Function evaluation number: 83, SI: 1, Sub-iteration number: 42, FoM: 0.016096977121441314
06/05/2022 02:04:21.361 - oc_logger - INFO - New record achieved. Previous FoM: 0.016096977121441314, new best FoM : 0.016019134624509546
06/05/2022 02:04:21.361 - oc_logger - INFO - Function evaluation number: 84, SI: 1, Sub-iteration number: 42, FoM: 0.016019134624509546
06/05/2022 02:04:21.494 - oc_logger - INFO - Function evaluation number: 85, SI: 1, Sub-iteration number: 43, FoM: 0.016061361263554508
06/05/2022 02:04:21.625 - oc_logger - INFO - Function evaluation number: 86, SI: 1, Sub-iteration number: 44, FoM: 0.016091476347050215
06/05/2022 02:04:21.751 - oc_logger - INFO - New record achieved. Previous FoM: 0.016019134624509546, new best FoM : 0.01592839733471174
06/05/2022 02:04:21.752 - oc_logger - INFO - Function evaluation number: 87, SI: 1, Sub-iteration number: 45, FoM: 0.01592839733471174
06/05/2022 02:04:21.880 - oc_logger - INFO - New record achieved. Previous FoM: 0.01592839733471174, new best FoM : 0.015852834616148503
06/05/2022 02:04:21.880 - oc_logger - INFO - Function evaluation number: 88, SI: 1, Sub-iteration number: 45, FoM: 0.015852834616148503
06/05/2022 02:04:22.013 - oc_logger - INFO - Function evaluation number: 89, SI: 1, Sub-iteration number: 46, FoM: 0.0159229702933944
06/05/2022 02:04:22.143 - oc_logger - INFO - New record achieved. Previous FoM: 0.015852834616148503, new best FoM : 0.01579603659518114
06/05/2022 02:04:22.143 - oc_logger - INFO - Function evaluation number: 90, SI: 1, Sub-iteration number: 47, FoM: 0.01579603659518114
06/05/2022 02:04:22.273 - oc_logger - INFO - New record achieved. Previous FoM: 0.01579603659518114, new best FoM : 0.015734955905695847
06/05/2022 02:04:22.273 - oc_logger - INFO - Function evaluation number: 91, SI: 1, Sub-iteration number: 47, FoM: 0.015734955905695847
06/05/2022 02:04:22.401 - oc_logger - INFO - New record achieved. Previous FoM: 0.015734955905695847, new best FoM : 0.01562030902610112
06/05/2022 02:04:22.401 - oc_logger - INFO - Function evaluation number: 92, SI: 1, Sub-iteration number: 48, FoM: 0.01562030902610112
06/05/2022 02:04:22.527 - oc_logger - INFO - New record achieved. Previous FoM: 0.01562030902610112, new best FoM : 0.01552693246076342
06/05/2022 02:04:22.527 - oc_logger - INFO - Function evaluation number: 93, SI: 1, Sub-iteration number: 48, FoM: 0.01552693246076342
06/05/2022 02:04:22.662 - oc_logger - INFO - Function evaluation number: 94, SI: 1, Sub-iteration number: 49, FoM: 0.01574283537196941
06/05/2022 02:04:22.790 - oc_logger - INFO - New record achieved. Previous FoM: 0.01552693246076342, new best FoM : 0.01540122208324246
06/05/2022 02:04:22.790 - oc_logger - INFO - Function evaluation number: 95, SI: 1, Sub-iteration number: 50, FoM: 0.01540122208324246
06/05/2022 02:04:22.921 - oc_logger - INFO - New record achieved. Previous FoM: 0.01540122208324246, new best FoM : 0.015275819983276984
06/05/2022 02:04:22.921 - oc_logger - INFO - Function evaluation number: 96, SI: 1, Sub-iteration number: 50, FoM: 0.015275819983276984
06/05/2022 02:04:23.047 - oc_logger - INFO - Function evaluation number: 97, SI: 1, Sub-iteration number: 51, FoM: 0.01548092288373104
06/05/2022 02:04:23.181 - oc_logger - INFO - Function evaluation number: 98, SI: 1, Sub-iteration number: 52, FoM: 0.01541557161380136
06/05/2022 02:04:23.304 - oc_logger - INFO - New record achieved. Previous FoM: 0.015275819983276984, new best FoM : 0.015267628568038205
06/05/2022 02:04:23.304 - oc_logger - INFO - Function evaluation number: 99, SI: 1, Sub-iteration number: 53, FoM: 0.015267628568038205
06/05/2022 02:04:23.436 - oc_logger - INFO - New record achieved. Previous FoM: 0.015267628568038205, new best FoM : 0.015211469176782066
06/05/2022 02:04:23.437 - oc_logger - INFO - Function evaluation number: 100, SI: 1, Sub-iteration number: 53, FoM: 0.015211469176782066
06/05/2022 02:04:23.564 - oc_logger - INFO - New record achieved. Previous FoM: 0.015211469176782066, new best FoM : 0.015165109553002876
06/05/2022 02:04:23.564 - oc_logger - INFO - Function evaluation number: 101, SI: 1, Sub-iteration number: 54, FoM: 0.015165109553002876
06/05/2022 02:04:23.699 - oc_logger - INFO - New record achieved. Previous FoM: 0.015165109553002876, new best FoM : 0.015082001947875567
06/05/2022 02:04:23.700 - oc_logger - INFO - Function evaluation number: 102, SI: 1, Sub-iteration number: 54, FoM: 0.015082001947875567
06/05/2022 02:04:23.833 - oc_logger - INFO - New record achieved. Previous FoM: 0.015082001947875567, new best FoM : 0.015077439657681935
06/05/2022 02:04:23.833 - oc_logger - INFO - Function evaluation number: 103, SI: 1, Sub-iteration number: 55, FoM: 0.015077439657681935
06/05/2022 02:04:23.966 - oc_logger - INFO - New record achieved. Previous FoM: 0.015077439657681935, new best FoM : 0.014997907062836657
06/05/2022 02:04:23.966 - oc_logger - INFO - Function evaluation number: 104, SI: 1, Sub-iteration number: 55, FoM: 0.014997907062836657
06/05/2022 02:04:24.090 - oc_logger - INFO - Function evaluation number: 105, SI: 1, Sub-iteration number: 56, FoM: 0.015056992934446178
06/05/2022 02:04:24.226 - oc_logger - INFO - New record achieved. Previous FoM: 0.014997907062836657, new best FoM : 0.014912136775262264
06/05/2022 02:04:24.226 - oc_logger - INFO - Function evaluation number: 106, SI: 1, Sub-iteration number: 57, FoM: 0.014912136775262264
06/05/2022 02:04:24.358 - oc_logger - INFO - New record achieved. Previous FoM: 0.014912136775262264, new best FoM : 0.01484904662312636
06/05/2022 02:04:24.358 - oc_logger - INFO - Function evaluation number: 107, SI: 1, Sub-iteration number: 57, FoM: 0.01484904662312636
06/05/2022 02:04:24.488 - oc_logger - INFO - New record achieved. Previous FoM: 0.01484904662312636, new best FoM : 0.014733081934118375
06/05/2022 02:04:24.488 - oc_logger - INFO - Function evaluation number: 108, SI: 1, Sub-iteration number: 58, FoM: 0.014733081934118375
06/05/2022 02:04:24.618 - oc_logger - INFO - New record achieved. Previous FoM: 0.014733081934118375, new best FoM : 0.014549426445010116
06/05/2022 02:04:24.619 - oc_logger - INFO - Function evaluation number: 109, SI: 1, Sub-iteration number: 58, FoM: 0.014549426445010116
06/05/2022 02:04:24.753 - oc_logger - INFO - Function evaluation number: 110, SI: 1, Sub-iteration number: 59, FoM: 0.014639794609140333
06/05/2022 02:04:24.877 - oc_logger - INFO - Function evaluation number: 111, SI: 1, Sub-iteration number: 60, FoM: 0.014599641199724678
06/05/2022 02:04:25.004 - oc_logger - INFO - New record achieved. Previous FoM: 0.014549426445010116, new best FoM : 0.014442871595795825
06/05/2022 02:04:25.004 - oc_logger - INFO - Function evaluation number: 112, SI: 1, Sub-iteration number: 61, FoM: 0.014442871595795825
06/05/2022 02:04:25.126 - oc_logger - INFO - New record achieved. Previous FoM: 0.014442871595795825, new best FoM : 0.014388889680389871
06/05/2022 02:04:25.126 - oc_logger - INFO - Function evaluation number: 113, SI: 1, Sub-iteration number: 61, FoM: 0.014388889680389871
06/05/2022 02:04:25.251 - oc_logger - INFO - Function evaluation number: 114, SI: 1, Sub-iteration number: 62, FoM: 0.014617810076150706
06/05/2022 02:04:25.375 - oc_logger - INFO - Function evaluation number: 115, SI: 1, Sub-iteration number: 63, FoM: 0.014624147515279962
06/05/2022 02:04:25.508 - oc_logger - INFO - New record achieved. Previous FoM: 0.014388889680389871, new best FoM : 0.014357845525899249
06/05/2022 02:04:25.508 - oc_logger - INFO - Function evaluation number: 116, SI: 1, Sub-iteration number: 64, FoM: 0.014357845525899249
06/05/2022 02:04:25.631 - oc_logger - INFO - New record achieved. Previous FoM: 0.014357845525899249, new best FoM : 0.014244069594560815
06/05/2022 02:04:25.631 - oc_logger - INFO - Function evaluation number: 117, SI: 1, Sub-iteration number: 64, FoM: 0.014244069594560815
06/05/2022 02:04:25.762 - oc_logger - INFO - New record achieved. Previous FoM: 0.014244069594560815, new best FoM : 0.014182042978213572
06/05/2022 02:04:25.762 - oc_logger - INFO - Function evaluation number: 118, SI: 1, Sub-iteration number: 65, FoM: 0.014182042978213572
06/05/2022 02:04:25.897 - oc_logger - INFO - New record achieved. Previous FoM: 0.014182042978213572, new best FoM : 0.014123526194101732
06/05/2022 02:04:25.897 - oc_logger - INFO - Function evaluation number: 119, SI: 1, Sub-iteration number: 65, FoM: 0.014123526194101732
06/05/2022 02:04:26.028 - oc_logger - INFO - Function evaluation number: 120, SI: 1, Sub-iteration number: 66, FoM: 0.01412484148006643
06/05/2022 02:04:26.153 - oc_logger - INFO - New record achieved. Previous FoM: 0.014123526194101732, new best FoM : 0.014065633135686095
06/05/2022 02:04:26.153 - oc_logger - INFO - Function evaluation number: 121, SI: 1, Sub-iteration number: 67, FoM: 0.014065633135686095
06/05/2022 02:04:26.289 - oc_logger - INFO - New record achieved. Previous FoM: 0.014065633135686095, new best FoM : 0.013987322121160717
06/05/2022 02:04:26.290 - oc_logger - INFO - Function evaluation number: 122, SI: 1, Sub-iteration number: 67, FoM: 0.013987322121160717
06/05/2022 02:04:26.421 - oc_logger - INFO - Function evaluation number: 123, SI: 1, Sub-iteration number: 68, FoM: 0.014054438620010212
06/05/2022 02:04:26.557 - oc_logger - INFO - New record achieved. Previous FoM: 0.013987322121160717, new best FoM : 0.01376082363220732
06/05/2022 02:04:26.557 - oc_logger - INFO - Function evaluation number: 124, SI: 1, Sub-iteration number: 69, FoM: 0.01376082363220732
06/05/2022 02:04:26.685 - oc_logger - INFO - New record achieved. Previous FoM: 0.01376082363220732, new best FoM : 0.013643360250286451
06/05/2022 02:04:26.685 - oc_logger - INFO - Function evaluation number: 125, SI: 1, Sub-iteration number: 69, FoM: 0.013643360250286451
06/05/2022 02:04:26.821 - oc_logger - INFO - New record achieved. Previous FoM: 0.013643360250286451, new best FoM : 0.013616764407016535
06/05/2022 02:04:26.821 - oc_logger - INFO - Function evaluation number: 126, SI: 1, Sub-iteration number: 70, FoM: 0.013616764407016535
06/05/2022 02:04:26.953 - oc_logger - INFO - New record achieved. Previous FoM: 0.013616764407016535, new best FoM : 0.013462967867930331
06/05/2022 02:04:26.953 - oc_logger - INFO - Function evaluation number: 127, SI: 1, Sub-iteration number: 70, FoM: 0.013462967867930331
06/05/2022 02:04:27.084 - oc_logger - INFO - New record achieved. Previous FoM: 0.013462967867930331, new best FoM : 0.01340214572361742
06/05/2022 02:04:27.085 - oc_logger - INFO - Function evaluation number: 128, SI: 1, Sub-iteration number: 71, FoM: 0.01340214572361742
06/05/2022 02:04:27.215 - oc_logger - INFO - New record achieved. Previous FoM: 0.01340214572361742, new best FoM : 0.01326221673607253
06/05/2022 02:04:27.215 - oc_logger - INFO - Function evaluation number: 129, SI: 1, Sub-iteration number: 71, FoM: 0.01326221673607253
06/05/2022 02:04:27.352 - oc_logger - INFO - Function evaluation number: 130, SI: 1, Sub-iteration number: 72, FoM: 0.013310423790802828
06/05/2022 02:04:27.480 - oc_logger - INFO - Function evaluation number: 131, SI: 1, Sub-iteration number: 73, FoM: 0.0133219065581891
06/05/2022 02:04:27.605 - oc_logger - INFO - Function evaluation number: 132, SI: 1, Sub-iteration number: 74, FoM: 0.013332076524347536
06/05/2022 02:04:27.736 - oc_logger - INFO - New record achieved. Previous FoM: 0.01326221673607253, new best FoM : 0.013147926694108913
06/05/2022 02:04:27.736 - oc_logger - INFO - Function evaluation number: 133, SI: 1, Sub-iteration number: 75, FoM: 0.013147926694108913
06/05/2022 02:04:27.866 - oc_logger - INFO - New record achieved. Previous FoM: 0.013147926694108913, new best FoM : 0.013134920481700951
06/05/2022 02:04:27.866 - oc_logger - INFO - Function evaluation number: 134, SI: 1, Sub-iteration number: 75, FoM: 0.013134920481700951
06/05/2022 02:04:27.996 - oc_logger - INFO - New record achieved. Previous FoM: 0.013134920481700951, new best FoM : 0.01305745404750247
06/05/2022 02:04:27.997 - oc_logger - INFO - Function evaluation number: 135, SI: 1, Sub-iteration number: 76, FoM: 0.01305745404750247
06/05/2022 02:04:28.131 - oc_logger - INFO - New record achieved. Previous FoM: 0.01305745404750247, new best FoM : 0.01298442544971179
06/05/2022 02:04:28.131 - oc_logger - INFO - Function evaluation number: 136, SI: 1, Sub-iteration number: 76, FoM: 0.01298442544971179
06/05/2022 02:04:28.263 - oc_logger - INFO - New record achieved. Previous FoM: 0.01298442544971179, new best FoM : 0.012893186673215595
06/05/2022 02:04:28.263 - oc_logger - INFO - Function evaluation number: 137, SI: 1, Sub-iteration number: 77, FoM: 0.012893186673215595
06/05/2022 02:04:28.395 - oc_logger - INFO - New record achieved. Previous FoM: 0.012893186673215595, new best FoM : 0.012838324409103596
06/05/2022 02:04:28.395 - oc_logger - INFO - Function evaluation number: 138, SI: 1, Sub-iteration number: 77, FoM: 0.012838324409103596
06/05/2022 02:04:28.526 - oc_logger - INFO - New record achieved. Previous FoM: 0.012838324409103596, new best FoM : 0.012589467768291063
06/05/2022 02:04:28.526 - oc_logger - INFO - Function evaluation number: 139, SI: 1, Sub-iteration number: 78, FoM: 0.012589467768291063
06/05/2022 02:04:28.654 - oc_logger - INFO - New record achieved. Previous FoM: 0.012589467768291063, new best FoM : 0.012469239260266107
06/05/2022 02:04:28.654 - oc_logger - INFO - Function evaluation number: 140, SI: 1, Sub-iteration number: 78, FoM: 0.012469239260266107
06/05/2022 02:04:28.788 - oc_logger - INFO - Function evaluation number: 141, SI: 1, Sub-iteration number: 79, FoM: 0.012717810061854351
06/05/2022 02:04:28.919 - oc_logger - INFO - Function evaluation number: 142, SI: 1, Sub-iteration number: 80, FoM: 0.012721901809110037
06/05/2022 02:04:29.052 - oc_logger - INFO - Function evaluation number: 143, SI: 1, Sub-iteration number: 81, FoM: 0.012620683731152771
06/05/2022 02:04:29.184 - oc_logger - INFO - Function evaluation number: 144, SI: 1, Sub-iteration number: 82, FoM: 0.012598047637953025
06/05/2022 02:04:29.308 - oc_logger - INFO - Function evaluation number: 145, SI: 1, Sub-iteration number: 83, FoM: 0.012488521202049907
06/05/2022 02:04:29.428 - oc_logger - INFO - New record achieved. Previous FoM: 0.012469239260266107, new best FoM : 0.012243255747931059
06/05/2022 02:04:29.428 - oc_logger - INFO - Function evaluation number: 146, SI: 1, Sub-iteration number: 84, FoM: 0.012243255747931059
06/05/2022 02:04:29.561 - oc_logger - INFO - New record achieved. Previous FoM: 0.012243255747931059, new best FoM : 0.0121707701200221
06/05/2022 02:04:29.561 - oc_logger - INFO - Function evaluation number: 147, SI: 1, Sub-iteration number: 84, FoM: 0.0121707701200221
06/05/2022 02:04:29.693 - oc_logger - INFO - Function evaluation number: 148, SI: 1, Sub-iteration number: 85, FoM: 0.012267596792430724
06/05/2022 02:04:29.827 - oc_logger - INFO - New record achieved. Previous FoM: 0.0121707701200221, new best FoM : 0.012154841659631321
06/05/2022 02:04:29.827 - oc_logger - INFO - Function evaluation number: 149, SI: 1, Sub-iteration number: 86, FoM: 0.012154841659631321
06/05/2022 02:04:29.958 - oc_logger - INFO - New record achieved. Previous FoM: 0.012154841659631321, new best FoM : 0.012089532862954555
06/05/2022 02:04:29.958 - oc_logger - INFO - Function evaluation number: 150, SI: 1, Sub-iteration number: 86, FoM: 0.012089532862954555
06/05/2022 02:04:30.090 - oc_logger - INFO - Function evaluation number: 151, SI: 1, Sub-iteration number: 87, FoM: 0.01211564637853979
06/05/2022 02:04:30.225 - oc_logger - INFO - New record achieved. Previous FoM: 0.012089532862954555, new best FoM : 0.012026925751514983
06/05/2022 02:04:30.225 - oc_logger - INFO - Function evaluation number: 152, SI: 1, Sub-iteration number: 88, FoM: 0.012026925751514983
06/05/2022 02:04:30.360 - oc_logger - INFO - New record achieved. Previous FoM: 0.012026925751514983, new best FoM : 0.011965101875932582
06/05/2022 02:04:30.360 - oc_logger - INFO - Function evaluation number: 153, SI: 1, Sub-iteration number: 88, FoM: 0.011965101875932582
06/05/2022 02:04:30.494 - oc_logger - INFO - Function evaluation number: 154, SI: 1, Sub-iteration number: 89, FoM: 0.012054766008714357
06/05/2022 02:04:30.624 - oc_logger - INFO - New record achieved. Previous FoM: 0.011965101875932582, new best FoM : 0.011886691670285998
06/05/2022 02:04:30.624 - oc_logger - INFO - Function evaluation number: 155, SI: 1, Sub-iteration number: 90, FoM: 0.011886691670285998
06/05/2022 02:04:30.751 - oc_logger - INFO - New record achieved. Previous FoM: 0.011886691670285998, new best FoM : 0.011832251995524512
06/05/2022 02:04:30.751 - oc_logger - INFO - Function evaluation number: 156, SI: 1, Sub-iteration number: 90, FoM: 0.011832251995524512
06/05/2022 02:04:30.877 - oc_logger - INFO - New record achieved. Previous FoM: 0.011832251995524512, new best FoM : 0.011822635482259924
06/05/2022 02:04:30.877 - oc_logger - INFO - Function evaluation number: 157, SI: 1, Sub-iteration number: 91, FoM: 0.011822635482259924
06/05/2022 02:04:31.010 - oc_logger - INFO - New record achieved. Previous FoM: 0.011822635482259924, new best FoM : 0.011766541056804303
06/05/2022 02:04:31.010 - oc_logger - INFO - Function evaluation number: 158, SI: 1, Sub-iteration number: 91, FoM: 0.011766541056804303
06/05/2022 02:04:31.138 - oc_logger - INFO - Function evaluation number: 159, SI: 1, Sub-iteration number: 92, FoM: 0.01177484963116171
06/05/2022 02:04:31.267 - oc_logger - INFO - New record achieved. Previous FoM: 0.011766541056804303, new best FoM : 0.011759800472389781
06/05/2022 02:04:31.267 - oc_logger - INFO - Function evaluation number: 160, SI: 1, Sub-iteration number: 93, FoM: 0.011759800472389781
06/05/2022 02:04:31.400 - oc_logger - INFO - New record achieved. Previous FoM: 0.011759800472389781, new best FoM : 0.011715962952350334
06/05/2022 02:04:31.400 - oc_logger - INFO - Function evaluation number: 161, SI: 1, Sub-iteration number: 93, FoM: 0.011715962952350334
06/05/2022 02:04:31.531 - oc_logger - INFO - New record achieved. Previous FoM: 0.011715962952350334, new best FoM : 0.011686764405915873
06/05/2022 02:04:31.531 - oc_logger - INFO - Function evaluation number: 162, SI: 1, Sub-iteration number: 94, FoM: 0.011686764405915873
06/05/2022 02:04:31.660 - oc_logger - INFO - New record achieved. Previous FoM: 0.011686764405915873, new best FoM : 0.011654167608703081
06/05/2022 02:04:31.660 - oc_logger - INFO - Function evaluation number: 163, SI: 1, Sub-iteration number: 94, FoM: 0.011654167608703081
06/05/2022 02:04:31.790 - oc_logger - INFO - New record achieved. Previous FoM: 0.011654167608703081, new best FoM : 0.011593213387360413
06/05/2022 02:04:31.790 - oc_logger - INFO - Function evaluation number: 164, SI: 1, Sub-iteration number: 95, FoM: 0.011593213387360413
06/05/2022 02:04:31.925 - oc_logger - INFO - New record achieved. Previous FoM: 0.011593213387360413, new best FoM : 0.011554757548530081
06/05/2022 02:04:31.925 - oc_logger - INFO - Function evaluation number: 165, SI: 1, Sub-iteration number: 95, FoM: 0.011554757548530081
06/05/2022 02:04:32.055 - oc_logger - INFO - New record achieved. Previous FoM: 0.011554757548530081, new best FoM : 0.011352128969164932
06/05/2022 02:04:32.055 - oc_logger - INFO - Function evaluation number: 166, SI: 1, Sub-iteration number: 96, FoM: 0.011352128969164932
06/05/2022 02:04:32.185 - oc_logger - INFO - New record achieved. Previous FoM: 0.011352128969164932, new best FoM : 0.011289013016591354
06/05/2022 02:04:32.185 - oc_logger - INFO - Function evaluation number: 167, SI: 1, Sub-iteration number: 96, FoM: 0.011289013016591354
06/05/2022 02:04:32.313 - oc_logger - INFO - Function evaluation number: 168, SI: 1, Sub-iteration number: 97, FoM: 0.011473609607351665
06/05/2022 02:04:32.445 - oc_logger - INFO - Function evaluation number: 169, SI: 1, Sub-iteration number: 98, FoM: 0.011430348549666736
06/05/2022 02:04:32.581 - oc_logger - INFO - Function evaluation number: 170, SI: 1, Sub-iteration number: 99, FoM: 0.011676070630719848
06/05/2022 02:04:32.701 - oc_logger - INFO - Function evaluation number: 171, SI: 1, Sub-iteration number: 100, FoM: 0.011327268836517468
06/05/2022 02:04:32.830 - oc_logger - INFO - Function evaluation number: 172, SI: 1, Sub-iteration number: 101, FoM: 0.011378394194133667
06/05/2022 02:04:32.964 - oc_logger - INFO - Function evaluation number: 173, SI: 1, Sub-iteration number: 102, FoM: 0.01138075618212453
06/05/2022 02:04:33.098 - oc_logger - INFO - Function evaluation number: 174, SI: 1, Sub-iteration number: 103, FoM: 0.011306180494367823
06/05/2022 02:04:33.229 - oc_logger - INFO - New record achieved. Previous FoM: 0.011289013016591354, new best FoM : 0.011132898087697796
06/05/2022 02:04:33.229 - oc_logger - INFO - Function evaluation number: 175, SI: 1, Sub-iteration number: 104, FoM: 0.011132898087697796
06/05/2022 02:04:33.361 - oc_logger - INFO - New record achieved. Previous FoM: 0.011132898087697796, new best FoM : 0.011105474870781729
06/05/2022 02:04:33.361 - oc_logger - INFO - Function evaluation number: 176, SI: 1, Sub-iteration number: 104, FoM: 0.011105474870781729
06/05/2022 02:04:33.488 - oc_logger - INFO - Function evaluation number: 177, SI: 1, Sub-iteration number: 105, FoM: 0.011177797980836623
06/05/2022 02:04:33.621 - oc_logger - INFO - Function evaluation number: 178, SI: 1, Sub-iteration number: 106, FoM: 0.011131085180819844
06/05/2022 02:04:33.754 - oc_logger - INFO - New record achieved. Previous FoM: 0.011105474870781729, new best FoM : 0.011068856302736019
06/05/2022 02:04:33.754 - oc_logger - INFO - Function evaluation number: 179, SI: 1, Sub-iteration number: 107, FoM: 0.011068856302736019
06/05/2022 02:04:33.887 - oc_logger - INFO - New record achieved. Previous FoM: 0.011068856302736019, new best FoM : 0.011041060928481894
06/05/2022 02:04:33.887 - oc_logger - INFO - Function evaluation number: 180, SI: 1, Sub-iteration number: 107, FoM: 0.011041060928481894
06/05/2022 02:04:34.012 - oc_logger - INFO - Function evaluation number: 181, SI: 1, Sub-iteration number: 108, FoM: 0.011107189184855759
06/05/2022 02:04:34.135 - oc_logger - INFO - Function evaluation number: 182, SI: 1, Sub-iteration number: 109, FoM: 0.011057934429488658
06/05/2022 02:04:34.258 - oc_logger - INFO - Function evaluation number: 183, SI: 1, Sub-iteration number: 110, FoM: 0.01104756343853397
06/05/2022 02:04:34.381 - oc_logger - INFO - Function evaluation number: 184, SI: 1, Sub-iteration number: 111, FoM: 0.011092675875584157
06/05/2022 02:04:34.510 - oc_logger - INFO - Function evaluation number: 185, SI: 1, Sub-iteration number: 112, FoM: 0.01106551295380176
06/05/2022 02:04:34.644 - oc_logger - INFO - New record achieved. Previous FoM: 0.011041060928481894, new best FoM : 0.010921355526553933
06/05/2022 02:04:34.644 - oc_logger - INFO - Function evaluation number: 186, SI: 1, Sub-iteration number: 113, FoM: 0.010921355526553933
06/05/2022 02:04:34.774 - oc_logger - INFO - New record achieved. Previous FoM: 0.010921355526553933, new best FoM : 0.01087391148973138
06/05/2022 02:04:34.774 - oc_logger - INFO - Function evaluation number: 187, SI: 1, Sub-iteration number: 113, FoM: 0.01087391148973138
06/05/2022 02:04:34.903 - oc_logger - INFO - Function evaluation number: 188, SI: 1, Sub-iteration number: 114, FoM: 0.010922691041347243
06/05/2022 02:04:35.031 - oc_logger - INFO - Function evaluation number: 189, SI: 1, Sub-iteration number: 115, FoM: 0.011057781724326476
06/05/2022 02:04:35.162 - oc_logger - INFO - Function evaluation number: 190, SI: 1, Sub-iteration number: 116, FoM: 0.010878173471843167
06/05/2022 02:04:35.294 - oc_logger - INFO - New record achieved. Previous FoM: 0.01087391148973138, new best FoM : 0.01086906239401153
06/05/2022 02:04:35.294 - oc_logger - INFO - Function evaluation number: 191, SI: 1, Sub-iteration number: 117, FoM: 0.01086906239401153
06/05/2022 02:04:35.431 - oc_logger - INFO - New record achieved. Previous FoM: 0.01086906239401153, new best FoM : 0.010848161093620079
06/05/2022 02:04:35.431 - oc_logger - INFO - Function evaluation number: 192, SI: 1, Sub-iteration number: 117, FoM: 0.010848161093620079
06/05/2022 02:04:35.558 - oc_logger - INFO - Function evaluation number: 193, SI: 1, Sub-iteration number: 118, FoM: 0.01098034989667751
06/05/2022 02:04:35.684 - oc_logger - INFO - New record achieved. Previous FoM: 0.010848161093620079, new best FoM : 0.010762616548044668
06/05/2022 02:04:35.684 - oc_logger - INFO - Function evaluation number: 194, SI: 1, Sub-iteration number: 119, FoM: 0.010762616548044668
06/05/2022 02:04:35.817 - oc_logger - INFO - New record achieved. Previous FoM: 0.010762616548044668, new best FoM : 0.010725642216065423
06/05/2022 02:04:35.817 - oc_logger - INFO - Function evaluation number: 195, SI: 1, Sub-iteration number: 119, FoM: 0.010725642216065423
06/05/2022 02:04:35.948 - oc_logger - INFO - Function evaluation number: 196, SI: 1, Sub-iteration number: 120, FoM: 0.010803100468460891
06/05/2022 02:04:36.083 - oc_logger - INFO - New record achieved. Previous FoM: 0.010725642216065423, new best FoM : 0.010708941895076762
06/05/2022 02:04:36.083 - oc_logger - INFO - Function evaluation number: 197, SI: 1, Sub-iteration number: 121, FoM: 0.010708941895076762
06/05/2022 02:04:36.216 - oc_logger - INFO - New record achieved. Previous FoM: 0.010708941895076762, new best FoM : 0.010679688000802878
06/05/2022 02:04:36.216 - oc_logger - INFO - Function evaluation number: 198, SI: 1, Sub-iteration number: 121, FoM: 0.010679688000802878
06/05/2022 02:04:36.352 - oc_logger - INFO - Function evaluation number: 199, SI: 1, Sub-iteration number: 122, FoM: 0.010741804218452167
06/05/2022 02:04:36.485 - oc_logger - INFO - New record achieved. Previous FoM: 0.010679688000802878, new best FoM : 0.01067333851925667
06/05/2022 02:04:36.485 - oc_logger - INFO - Function evaluation number: 200, SI: 1, Sub-iteration number: 123, FoM: 0.01067333851925667
06/05/2022 02:04:36.617 - oc_logger - INFO - New record achieved. Previous FoM: 0.01067333851925667, new best FoM : 0.010653460508775248
06/05/2022 02:04:36.617 - oc_logger - INFO - Function evaluation number: 201, SI: 1, Sub-iteration number: 123, FoM: 0.010653460508775248
06/05/2022 02:04:36.754 - oc_logger - INFO - New record achieved. Previous FoM: 0.010653460508775248, new best FoM : 0.010602260966023236
06/05/2022 02:04:36.754 - oc_logger - INFO - Function evaluation number: 202, SI: 1, Sub-iteration number: 124, FoM: 0.010602260966023236
06/05/2022 02:04:36.881 - oc_logger - INFO - New record achieved. Previous FoM: 0.010602260966023236, new best FoM : 0.010589581323543151
06/05/2022 02:04:36.881 - oc_logger - INFO - Function evaluation number: 203, SI: 1, Sub-iteration number: 124, FoM: 0.010589581323543151
06/05/2022 02:04:37.010 - oc_logger - INFO - New record achieved. Previous FoM: 0.010589581323543151, new best FoM : 0.01054507051597453
06/05/2022 02:04:37.010 - oc_logger - INFO - Function evaluation number: 204, SI: 1, Sub-iteration number: 125, FoM: 0.01054507051597453
06/05/2022 02:04:37.142 - oc_logger - INFO - New record achieved. Previous FoM: 0.01054507051597453, new best FoM : 0.010534920780153834
06/05/2022 02:04:37.143 - oc_logger - INFO - Function evaluation number: 205, SI: 1, Sub-iteration number: 125, FoM: 0.010534920780153834
06/05/2022 02:04:37.273 - oc_logger - INFO - New record achieved. Previous FoM: 0.010534920780153834, new best FoM : 0.010428030255143494
06/05/2022 02:04:37.273 - oc_logger - INFO - Function evaluation number: 206, SI: 1, Sub-iteration number: 126, FoM: 0.010428030255143494
06/05/2022 02:04:37.402 - oc_logger - INFO - New record achieved. Previous FoM: 0.010428030255143494, new best FoM : 0.010394037860714023
06/05/2022 02:04:37.402 - oc_logger - INFO - Function evaluation number: 207, SI: 1, Sub-iteration number: 126, FoM: 0.010394037860714023
06/05/2022 02:04:37.535 - oc_logger - INFO - Function evaluation number: 208, SI: 1, Sub-iteration number: 127, FoM: 0.010406306013096112
06/05/2022 02:04:37.664 - oc_logger - INFO - Function evaluation number: 209, SI: 1, Sub-iteration number: 128, FoM: 0.010493454811667968
06/05/2022 02:04:37.793 - oc_logger - INFO - Function evaluation number: 210, SI: 1, Sub-iteration number: 129, FoM: 0.010506784002023206
06/05/2022 02:04:37.923 - oc_logger - INFO - New record achieved. Previous FoM: 0.010394037860714023, new best FoM : 0.010371591519355627
06/05/2022 02:04:37.923 - oc_logger - INFO - Function evaluation number: 211, SI: 1, Sub-iteration number: 130, FoM: 0.010371591519355627
06/05/2022 02:04:38.055 - oc_logger - INFO - Function evaluation number: 212, SI: 1, Sub-iteration number: 130, FoM: 0.010377781446867407
06/05/2022 02:04:38.188 - oc_logger - INFO - New record achieved. Previous FoM: 0.010371591519355627, new best FoM : 0.010349437558939023
06/05/2022 02:04:38.188 - oc_logger - INFO - Function evaluation number: 213, SI: 1, Sub-iteration number: 131, FoM: 0.010349437558939023
06/05/2022 02:04:38.323 - oc_logger - INFO - New record achieved. Previous FoM: 0.010349437558939023, new best FoM : 0.01033144121726659
06/05/2022 02:04:38.323 - oc_logger - INFO - Function evaluation number: 214, SI: 1, Sub-iteration number: 131, FoM: 0.01033144121726659
06/05/2022 02:04:38.459 - oc_logger - INFO - Function evaluation number: 215, SI: 1, Sub-iteration number: 132, FoM: 0.010611737580715652
06/05/2022 02:04:38.588 - oc_logger - INFO - Function evaluation number: 216, SI: 1, Sub-iteration number: 132, FoM: 0.010470435344994033
06/05/2022 02:04:38.717 - oc_logger - INFO - Function evaluation number: 217, SI: 1, Sub-iteration number: 133, FoM: 0.01036544699071229
06/05/2022 02:04:38.846 - oc_logger - INFO - Function evaluation number: 218, SI: 1, Sub-iteration number: 134, FoM: 0.010405624725298379
06/05/2022 02:04:38.968 - oc_logger - INFO - New record achieved. Previous FoM: 0.01033144121726659, new best FoM : 0.010289831136706895
06/05/2022 02:04:38.968 - oc_logger - INFO - Function evaluation number: 219, SI: 1, Sub-iteration number: 135, FoM: 0.010289831136706895
06/05/2022 02:04:39.098 - oc_logger - INFO - Function evaluation number: 220, SI: 1, Sub-iteration number: 135, FoM: 0.010323128255320224
06/05/2022 02:04:39.229 - oc_logger - INFO - Function evaluation number: 221, SI: 1, Sub-iteration number: 136, FoM: 0.01038526348964297
06/05/2022 02:04:39.362 - oc_logger - INFO - New record achieved. Previous FoM: 0.010289831136706895, new best FoM : 0.010269139000584016
06/05/2022 02:04:39.362 - oc_logger - INFO - Function evaluation number: 222, SI: 1, Sub-iteration number: 137, FoM: 0.010269139000584016
06/05/2022 02:04:39.492 - oc_logger - INFO - New record achieved. Previous FoM: 0.010269139000584016, new best FoM : 0.010257428368259158
06/05/2022 02:04:39.492 - oc_logger - INFO - Function evaluation number: 223, SI: 1, Sub-iteration number: 137, FoM: 0.010257428368259158
06/05/2022 02:04:39.627 - oc_logger - INFO - Function evaluation number: 224, SI: 1, Sub-iteration number: 138, FoM: 0.01031587923622268
06/05/2022 02:04:39.751 - oc_logger - INFO - Function evaluation number: 225, SI: 1, Sub-iteration number: 139, FoM: 0.010531519919938948
06/05/2022 02:04:39.882 - oc_logger - INFO - Function evaluation number: 226, SI: 1, Sub-iteration number: 139, FoM: 0.0103632669897189
06/05/2022 02:04:40.011 - oc_logger - INFO - New record achieved. Previous FoM: 0.010257428368259158, new best FoM : 0.010244951402485047
06/05/2022 02:04:40.011 - oc_logger - INFO - Function evaluation number: 227, SI: 1, Sub-iteration number: 140, FoM: 0.010244951402485047
06/05/2022 02:04:40.140 - oc_logger - INFO - New record achieved. Previous FoM: 0.010244951402485047, new best FoM : 0.010229013653049956
06/05/2022 02:04:40.140 - oc_logger - INFO - Function evaluation number: 228, SI: 1, Sub-iteration number: 140, FoM: 0.010229013653049956
06/05/2022 02:04:40.276 - oc_logger - INFO - Function evaluation number: 229, SI: 1, Sub-iteration number: 141, FoM: 0.010359300345012201
06/05/2022 02:04:40.406 - oc_logger - INFO - Function evaluation number: 230, SI: 1, Sub-iteration number: 142, FoM: 0.010238745681049766
06/05/2022 02:04:40.536 - oc_logger - INFO - Function evaluation number: 231, SI: 1, Sub-iteration number: 143, FoM: 0.01023556453600738
06/05/2022 02:04:40.660 - oc_logger - INFO - New record achieved. Previous FoM: 0.010229013653049956, new best FoM : 0.0102102908159728
06/05/2022 02:04:40.660 - oc_logger - INFO - Function evaluation number: 232, SI: 1, Sub-iteration number: 144, FoM: 0.0102102908159728
06/05/2022 02:04:40.790 - oc_logger - INFO - Function evaluation number: 233, SI: 1, Sub-iteration number: 144, FoM: 0.010229781441175811
06/05/2022 02:04:40.902 - oc_logger - INFO - Function evaluation number: 234, SI: 1, Sub-iteration number: 145, FoM: 0.010229246415989879
06/05/2022 02:04:41.030 - oc_logger - INFO - New record achieved. Previous FoM: 0.0102102908159728, new best FoM : 0.010140705891946822
06/05/2022 02:04:41.030 - oc_logger - INFO - Function evaluation number: 235, SI: 1, Sub-iteration number: 146, FoM: 0.010140705891946822
06/05/2022 02:04:41.166 - oc_logger - INFO - New record achieved. Previous FoM: 0.010140705891946822, new best FoM : 0.010132645794534212
06/05/2022 02:04:41.166 - oc_logger - INFO - Function evaluation number: 236, SI: 1, Sub-iteration number: 146, FoM: 0.010132645794534212
06/05/2022 02:04:41.291 - oc_logger - INFO - Function evaluation number: 237, SI: 1, Sub-iteration number: 147, FoM: 0.010177045810692342
06/05/2022 02:04:41.417 - oc_logger - INFO - New record achieved. Previous FoM: 0.010132645794534212, new best FoM : 0.010111872645449771
06/05/2022 02:04:41.417 - oc_logger - INFO - Function evaluation number: 238, SI: 1, Sub-iteration number: 148, FoM: 0.010111872645449771
06/05/2022 02:04:41.542 - oc_logger - INFO - New record achieved. Previous FoM: 0.010111872645449771, new best FoM : 0.010096500230005079
06/05/2022 02:04:41.542 - oc_logger - INFO - Function evaluation number: 239, SI: 1, Sub-iteration number: 148, FoM: 0.010096500230005079
06/05/2022 02:04:41.675 - oc_logger - INFO - New record achieved. Previous FoM: 0.010096500230005079, new best FoM : 0.01006765297398693
06/05/2022 02:04:41.675 - oc_logger - INFO - Function evaluation number: 240, SI: 1, Sub-iteration number: 149, FoM: 0.01006765297398693
06/05/2022 02:04:41.813 - oc_logger - INFO - New record achieved. Previous FoM: 0.01006765297398693, new best FoM : 0.010045849956139108
06/05/2022 02:04:41.813 - oc_logger - INFO - Function evaluation number: 241, SI: 1, Sub-iteration number: 149, FoM: 0.010045849956139108
06/05/2022 02:04:41.948 - oc_logger - INFO - Function evaluation number: 242, SI: 1, Sub-iteration number: 150, FoM: 0.010207168768574526
06/05/2022 02:04:42.076 - oc_logger - INFO - Function evaluation number: 243, SI: 1, Sub-iteration number: 151, FoM: 0.010171861511941493
06/05/2022 02:04:42.200 - oc_logger - INFO - New record achieved. Previous FoM: 0.010045849956139108, new best FoM : 0.010042395689305539
06/05/2022 02:04:42.200 - oc_logger - INFO - Function evaluation number: 244, SI: 1, Sub-iteration number: 152, FoM: 0.010042395689305539
06/05/2022 02:04:42.330 - oc_logger - INFO - New record achieved. Previous FoM: 0.010042395689305539, new best FoM : 0.010035849078954495
06/05/2022 02:04:42.330 - oc_logger - INFO - Function evaluation number: 245, SI: 1, Sub-iteration number: 152, FoM: 0.010035849078954495
06/05/2022 02:04:42.455 - oc_logger - INFO - Function evaluation number: 246, SI: 1, Sub-iteration number: 153, FoM: 0.010092111040814866
06/05/2022 02:04:42.581 - oc_logger - INFO - New record achieved. Previous FoM: 0.010035849078954495, new best FoM : 0.009960225784623522
06/05/2022 02:04:42.581 - oc_logger - INFO - Function evaluation number: 247, SI: 1, Sub-iteration number: 154, FoM: 0.009960225784623522
06/05/2022 02:04:42.712 - oc_logger - INFO - New record achieved. Previous FoM: 0.009960225784623522, new best FoM : 0.009929272055777205
06/05/2022 02:04:42.712 - oc_logger - INFO - Function evaluation number: 248, SI: 1, Sub-iteration number: 154, FoM: 0.009929272055777205
06/05/2022 02:04:42.847 - oc_logger - INFO - Function evaluation number: 249, SI: 1, Sub-iteration number: 155, FoM: 0.010017075153412103
06/05/2022 02:04:42.967 - oc_logger - INFO - Function evaluation number: 250, SI: 1, Sub-iteration number: 156, FoM: 0.009987443281345931
06/05/2022 02:04:43.098 - oc_logger - INFO - Function evaluation number: 251, SI: 1, Sub-iteration number: 157, FoM: 0.010004616554008305
06/05/2022 02:04:43.226 - oc_logger - INFO - New record achieved. Previous FoM: 0.009929272055777205, new best FoM : 0.00990959775800826
06/05/2022 02:04:43.226 - oc_logger - INFO - Function evaluation number: 252, SI: 1, Sub-iteration number: 158, FoM: 0.00990959775800826
06/05/2022 02:04:43.358 - oc_logger - INFO - New record achieved. Previous FoM: 0.00990959775800826, new best FoM : 0.00989456658115595
06/05/2022 02:04:43.358 - oc_logger - INFO - Function evaluation number: 253, SI: 1, Sub-iteration number: 158, FoM: 0.00989456658115595
06/05/2022 02:04:43.493 - oc_logger - INFO - New record achieved. Previous FoM: 0.00989456658115595, new best FoM : 0.009840703069676549
06/05/2022 02:04:43.493 - oc_logger - INFO - Function evaluation number: 254, SI: 1, Sub-iteration number: 159, FoM: 0.009840703069676549
06/05/2022 02:04:43.625 - oc_logger - INFO - New record achieved. Previous FoM: 0.009840703069676549, new best FoM : 0.00981994888015647
06/05/2022 02:04:43.625 - oc_logger - INFO - Function evaluation number: 255, SI: 1, Sub-iteration number: 159, FoM: 0.00981994888015647
06/05/2022 02:04:43.756 - oc_logger - INFO - Function evaluation number: 256, SI: 1, Sub-iteration number: 160, FoM: 0.009933211694430844
06/05/2022 02:04:43.882 - oc_logger - INFO - Function evaluation number: 257, SI: 1, Sub-iteration number: 161, FoM: 0.00982873458003608
06/05/2022 02:04:44.007 - oc_logger - INFO - New record achieved. Previous FoM: 0.00981994888015647, new best FoM : 0.00977321497163064
06/05/2022 02:04:44.007 - oc_logger - INFO - Function evaluation number: 258, SI: 1, Sub-iteration number: 162, FoM: 0.00977321497163064
06/05/2022 02:04:44.136 - oc_logger - INFO - New record achieved. Previous FoM: 0.00977321497163064, new best FoM : 0.0097457176738861
06/05/2022 02:04:44.136 - oc_logger - INFO - Function evaluation number: 259, SI: 1, Sub-iteration number: 162, FoM: 0.0097457176738861
06/05/2022 02:04:44.269 - oc_logger - INFO - New record achieved. Previous FoM: 0.0097457176738861, new best FoM : 0.009721344475587479
06/05/2022 02:04:44.269 - oc_logger - INFO - Function evaluation number: 260, SI: 1, Sub-iteration number: 163, FoM: 0.009721344475587479
06/05/2022 02:04:44.397 - oc_logger - INFO - New record achieved. Previous FoM: 0.009721344475587479, new best FoM : 0.009688476676220192
06/05/2022 02:04:44.397 - oc_logger - INFO - Function evaluation number: 261, SI: 1, Sub-iteration number: 163, FoM: 0.009688476676220192
06/05/2022 02:04:44.523 - oc_logger - INFO - Function evaluation number: 262, SI: 1, Sub-iteration number: 164, FoM: 0.009748421667279739
06/05/2022 02:04:44.655 - oc_logger - INFO - Function evaluation number: 263, SI: 1, Sub-iteration number: 165, FoM: 0.009757486934833248
06/05/2022 02:04:44.788 - oc_logger - INFO - Function evaluation number: 264, SI: 1, Sub-iteration number: 166, FoM: 0.00974386637956326
06/05/2022 02:04:44.921 - oc_logger - INFO - New record achieved. Previous FoM: 0.009688476676220192, new best FoM : 0.009589529720356538
06/05/2022 02:04:44.921 - oc_logger - INFO - Function evaluation number: 265, SI: 1, Sub-iteration number: 167, FoM: 0.009589529720356538
06/05/2022 02:04:45.053 - oc_logger - INFO - New record achieved. Previous FoM: 0.009589529720356538, new best FoM : 0.009554549018953806
06/05/2022 02:04:45.053 - oc_logger - INFO - Function evaluation number: 266, SI: 1, Sub-iteration number: 167, FoM: 0.009554549018953806
06/05/2022 02:04:45.178 - oc_logger - INFO - Function evaluation number: 267, SI: 1, Sub-iteration number: 168, FoM: 0.009560908354417252
06/05/2022 02:04:45.309 - oc_logger - INFO - New record achieved. Previous FoM: 0.009554549018953806, new best FoM : 0.009550464154556959
06/05/2022 02:04:45.309 - oc_logger - INFO - Function evaluation number: 268, SI: 1, Sub-iteration number: 169, FoM: 0.009550464154556959
06/05/2022 02:04:45.441 - oc_logger - INFO - New record achieved. Previous FoM: 0.009550464154556959, new best FoM : 0.009529014348177212
06/05/2022 02:04:45.441 - oc_logger - INFO - Function evaluation number: 269, SI: 1, Sub-iteration number: 169, FoM: 0.009529014348177212
06/05/2022 02:04:45.573 - oc_logger - INFO - New record achieved. Previous FoM: 0.009529014348177212, new best FoM : 0.009458688565447182
06/05/2022 02:04:45.573 - oc_logger - INFO - Function evaluation number: 270, SI: 1, Sub-iteration number: 170, FoM: 0.009458688565447182
06/05/2022 02:04:45.701 - oc_logger - INFO - New record achieved. Previous FoM: 0.009458688565447182, new best FoM : 0.009420006472571019
06/05/2022 02:04:45.701 - oc_logger - INFO - Function evaluation number: 271, SI: 1, Sub-iteration number: 170, FoM: 0.009420006472571019
06/05/2022 02:04:45.837 - oc_logger - INFO - Function evaluation number: 272, SI: 1, Sub-iteration number: 171, FoM: 0.009628496162978228
06/05/2022 02:04:45.958 - oc_logger - INFO - Function evaluation number: 273, SI: 1, Sub-iteration number: 172, FoM: 0.009441419778837945
06/05/2022 02:04:46.078 - oc_logger - INFO - Function evaluation number: 274, SI: 1, Sub-iteration number: 173, FoM: 0.009473830444025277
06/05/2022 02:04:46.203 - oc_logger - INFO - New record achieved. Previous FoM: 0.009420006472571019, new best FoM : 0.009356006991237509
06/05/2022 02:04:46.203 - oc_logger - INFO - Function evaluation number: 275, SI: 1, Sub-iteration number: 174, FoM: 0.009356006991237509
06/05/2022 02:04:46.336 - oc_logger - INFO - New record achieved. Previous FoM: 0.009356006991237509, new best FoM : 0.009326634142262091
06/05/2022 02:04:46.336 - oc_logger - INFO - Function evaluation number: 276, SI: 1, Sub-iteration number: 174, FoM: 0.009326634142262091
06/05/2022 02:04:46.466 - oc_logger - INFO - New record achieved. Previous FoM: 0.009326634142262091, new best FoM : 0.009313985047293083
06/05/2022 02:04:46.466 - oc_logger - INFO - Function evaluation number: 277, SI: 1, Sub-iteration number: 175, FoM: 0.009313985047293083
06/05/2022 02:04:46.597 - oc_logger - INFO - New record achieved. Previous FoM: 0.009313985047293083, new best FoM : 0.009290793341120818
06/05/2022 02:04:46.597 - oc_logger - INFO - Function evaluation number: 278, SI: 1, Sub-iteration number: 175, FoM: 0.009290793341120818
06/05/2022 02:04:46.719 - oc_logger - INFO - Function evaluation number: 279, SI: 1, Sub-iteration number: 176, FoM: 0.009351476086217558
06/05/2022 02:04:46.839 - oc_logger - INFO - Function evaluation number: 280, SI: 1, Sub-iteration number: 177, FoM: 0.009416933939949912
06/05/2022 02:04:46.966 - oc_logger - INFO - New record achieved. Previous FoM: 0.009290793341120818, new best FoM : 0.009270583006977473
06/05/2022 02:04:46.966 - oc_logger - INFO - Function evaluation number: 281, SI: 1, Sub-iteration number: 178, FoM: 0.009270583006977473
06/05/2022 02:04:47.097 - oc_logger - INFO - New record achieved. Previous FoM: 0.009270583006977473, new best FoM : 0.009256312056913574
06/05/2022 02:04:47.097 - oc_logger - INFO - Function evaluation number: 282, SI: 1, Sub-iteration number: 178, FoM: 0.009256312056913574
06/05/2022 02:04:47.230 - oc_logger - INFO - New record achieved. Previous FoM: 0.009256312056913574, new best FoM : 0.009188546815720011
06/05/2022 02:04:47.230 - oc_logger - INFO - Function evaluation number: 283, SI: 1, Sub-iteration number: 179, FoM: 0.009188546815720011
06/05/2022 02:04:47.365 - oc_logger - INFO - New record achieved. Previous FoM: 0.009188546815720011, new best FoM : 0.009162351676249902
06/05/2022 02:04:47.365 - oc_logger - INFO - Function evaluation number: 284, SI: 1, Sub-iteration number: 179, FoM: 0.009162351676249902
06/05/2022 02:04:47.498 - oc_logger - INFO - Function evaluation number: 285, SI: 1, Sub-iteration number: 180, FoM: 0.009230897508053282
06/05/2022 02:04:47.628 - oc_logger - INFO - Function evaluation number: 286, SI: 1, Sub-iteration number: 181, FoM: 0.009175149555437856
06/05/2022 02:04:47.758 - oc_logger - INFO - New record achieved. Previous FoM: 0.009162351676249902, new best FoM : 0.009095649325065791
06/05/2022 02:04:47.758 - oc_logger - INFO - Function evaluation number: 287, SI: 1, Sub-iteration number: 182, FoM: 0.009095649325065791
06/05/2022 02:04:47.894 - oc_logger - INFO - Function evaluation number: 288, SI: 1, Sub-iteration number: 182, FoM: 0.009095649325065791
06/05/2022 02:04:48.017 - oc_logger - INFO - Function evaluation number: 289, SI: 1, Sub-iteration number: 183, FoM: 0.009145233842705491
06/05/2022 02:04:48.143 - oc_logger - INFO - Function evaluation number: 290, SI: 1, Sub-iteration number: 184, FoM: 0.009305622139093472
06/05/2022 02:04:48.274 - oc_logger - INFO - Function evaluation number: 291, SI: 1, Sub-iteration number: 185, FoM: 0.00910988892458875
06/05/2022 02:04:48.404 - oc_logger - INFO - Function evaluation number: 292, SI: 1, Sub-iteration number: 186, FoM: 0.00923383159154234
06/05/2022 02:04:48.531 - oc_logger - INFO - Function evaluation number: 293, SI: 1, Sub-iteration number: 187, FoM: 0.009095649325065791
06/05/2022 02:04:48.661 - oc_logger - INFO - Function evaluation number: 294, SI: 1, Sub-iteration number: 188, FoM: 0.009100019167644025
06/05/2022 02:04:48.794 - oc_logger - INFO - Function evaluation number: 295, SI: 1, Sub-iteration number: 189, FoM: 0.009186492150917713
06/05/2022 02:04:48.924 - oc_logger - INFO - Function evaluation number: 296, SI: 1, Sub-iteration number: 190, FoM: 0.009096110880620789
06/05/2022 02:04:49.047 - oc_logger - INFO - Function evaluation number: 297, SI: 1, Sub-iteration number: 191, FoM: 0.009124682506694182
06/05/2022 02:04:49.178 - oc_logger - INFO - Function evaluation number: 298, SI: 1, Sub-iteration number: 192, FoM: 0.009095649325065791
06/05/2022 02:04:49.311 - oc_logger - INFO - Function evaluation number: 299, SI: 1, Sub-iteration number: 193, FoM: 0.009095649325065791
06/05/2022 02:04:49.443 - oc_logger - INFO - Function evaluation number: 300, SI: 1, Sub-iteration number: 194, FoM: 0.009095649325065791
06/05/2022 02:04:49.574 - oc_logger - INFO - Function evaluation number: 301, SI: 1, Sub-iteration number: 195, FoM: 0.009095649325065791
06/05/2022 02:04:49.701 - oc_logger - INFO - Function evaluation number: 302, SI: 1, Sub-iteration number: 196, FoM: 0.009095649325065791
06/05/2022 02:04:49.701 - oc_logger - INFO - SI 1 finished - Number of evaluations: 302, Best FoM: 0.009095649325065791, Terminate reason: Convergence of the FoM.

06/05/2022 02:04:49.701 - oc_logger - INFO - Direct search start time has been reset.
06/05/2022 02:04:49.832 - oc_logger - INFO - Function evaluation number: 303, SI: 2, Sub-iteration number: 0, FoM: 0.009095649325065791
06/05/2022 02:04:49.965 - oc_logger - INFO - Function evaluation number: 304, SI: 2, Sub-iteration number: 0, FoM: 0.009095649325065791
06/05/2022 02:04:50.095 - oc_logger - INFO - Function evaluation number: 305, SI: 2, Sub-iteration number: 0, FoM: 0.009095649325065791
06/05/2022 02:04:50.228 - oc_logger - INFO - Function evaluation number: 306, SI: 2, Sub-iteration number: 0, FoM: 0.009095649325065791
06/05/2022 02:04:50.359 - oc_logger - INFO - Function evaluation number: 307, SI: 2, Sub-iteration number: 0, FoM: 0.009095649325065791
06/05/2022 02:04:50.489 - oc_logger - INFO - Function evaluation number: 308, SI: 2, Sub-iteration number: 0, FoM: 0.009095649325065791
06/05/2022 02:04:50.613 - oc_logger - INFO - Function evaluation number: 309, SI: 2, Sub-iteration number: 0, FoM: 0.009095649325065791
06/05/2022 02:04:50.740 - oc_logger - INFO - Function evaluation number: 310, SI: 2, Sub-iteration number: 0, FoM: 0.009095649325065791
06/05/2022 02:04:50.865 - oc_logger - INFO - Function evaluation number: 311, SI: 2, Sub-iteration number: 0, FoM: 0.009095649325065791
06/05/2022 02:04:50.991 - oc_logger - INFO - Function evaluation number: 312, SI: 2, Sub-iteration number: 1, FoM: 0.009095649325065791
06/05/2022 02:04:51.121 - oc_logger - INFO - Function evaluation number: 313, SI: 2, Sub-iteration number: 1, FoM: 0.009095649325065791
06/05/2022 02:04:51.243 - oc_logger - INFO - Function evaluation number: 314, SI: 2, Sub-iteration number: 1, FoM: 0.009095649325065791
06/05/2022 02:04:51.362 - oc_logger - INFO - Function evaluation number: 315, SI: 2, Sub-iteration number: 1, FoM: 0.009095649325065791
06/05/2022 02:04:51.489 - oc_logger - INFO - Function evaluation number: 316, SI: 2, Sub-iteration number: 1, FoM: 0.009095649325065791
06/05/2022 02:04:51.608 - oc_logger - INFO - Function evaluation number: 317, SI: 2, Sub-iteration number: 1, FoM: 0.009095649325065791
06/05/2022 02:04:51.738 - oc_logger - INFO - Function evaluation number: 318, SI: 2, Sub-iteration number: 1, FoM: 0.009095649325065791
06/05/2022 02:04:51.867 - oc_logger - INFO - Function evaluation number: 319, SI: 2, Sub-iteration number: 1, FoM: 0.009095649325065791
06/05/2022 02:04:51.991 - oc_logger - INFO - Function evaluation number: 320, SI: 2, Sub-iteration number: 1, FoM: 0.009095649325065791
06/05/2022 02:04:52.112 - oc_logger - INFO - Function evaluation number: 321, SI: 2, Sub-iteration number: 1, FoM: 0.009095649325065791
06/05/2022 02:04:52.113 - oc_logger - INFO - SI 2 finished - Number of evaluations: 19, Best FoM: 0.009095649325065791, Terminate reason: Convergence of the FoM.

06/05/2022 02:04:52.113 - oc_logger - INFO - Direct search start time has been reset.
06/05/2022 02:04:52.242 - oc_logger - INFO - Function evaluation number: 322, SI: 3, Sub-iteration number: 0, FoM: 0.009095649325065791
06/05/2022 02:04:52.371 - oc_logger - INFO - Function evaluation number: 323, SI: 3, Sub-iteration number: 0, FoM: 0.009095649325065791
06/05/2022 02:04:52.498 - oc_logger - INFO - Function evaluation number: 324, SI: 3, Sub-iteration number: 0, FoM: 0.009095649325065791
06/05/2022 02:04:52.620 - oc_logger - INFO - Function evaluation number: 325, SI: 3, Sub-iteration number: 0, FoM: 0.009095649325065791
06/05/2022 02:04:52.743 - oc_logger - INFO - Function evaluation number: 326, SI: 3, Sub-iteration number: 0, FoM: 0.009095649325065791
06/05/2022 02:04:52.869 - oc_logger - INFO - Function evaluation number: 327, SI: 3, Sub-iteration number: 0, FoM: 0.009095649325065791
06/05/2022 02:04:52.998 - oc_logger - INFO - Function evaluation number: 328, SI: 3, Sub-iteration number: 0, FoM: 0.009095649325065791
06/05/2022 02:04:53.126 - oc_logger - INFO - Function evaluation number: 329, SI: 3, Sub-iteration number: 0, FoM: 0.009095649325065791
06/05/2022 02:04:53.252 - oc_logger - INFO - Function evaluation number: 330, SI: 3, Sub-iteration number: 0, FoM: 0.009095649325065791
06/05/2022 02:04:53.381 - oc_logger - INFO - Function evaluation number: 331, SI: 3, Sub-iteration number: 1, FoM: 0.009095649325065791
06/05/2022 02:04:53.509 - oc_logger - INFO - Function evaluation number: 332, SI: 3, Sub-iteration number: 1, FoM: 0.009095649325065791
06/05/2022 02:04:53.639 - oc_logger - INFO - Function evaluation number: 333, SI: 3, Sub-iteration number: 1, FoM: 0.009095649325065791
06/05/2022 02:04:53.769 - oc_logger - INFO - Function evaluation number: 334, SI: 3, Sub-iteration number: 1, FoM: 0.009095649325065791
06/05/2022 02:04:53.890 - oc_logger - INFO - Function evaluation number: 335, SI: 3, Sub-iteration number: 1, FoM: 0.009095649325065791
06/05/2022 02:04:54.011 - oc_logger - INFO - Function evaluation number: 336, SI: 3, Sub-iteration number: 1, FoM: 0.009095649325065791
06/05/2022 02:04:54.134 - oc_logger - INFO - Function evaluation number: 337, SI: 3, Sub-iteration number: 1, FoM: 0.009095649325065791
06/05/2022 02:04:54.261 - oc_logger - INFO - Function evaluation number: 338, SI: 3, Sub-iteration number: 1, FoM: 0.009095649325065791
06/05/2022 02:04:54.393 - oc_logger - INFO - Function evaluation number: 339, SI: 3, Sub-iteration number: 1, FoM: 0.009095649325065791
06/05/2022 02:04:54.521 - oc_logger - INFO - Function evaluation number: 340, SI: 3, Sub-iteration number: 1, FoM: 0.009095649325065791
06/05/2022 02:04:54.521 - oc_logger - INFO - SI 3 finished - Number of evaluations: 19, Best FoM: 0.009095649325065791, Terminate reason: Convergence of the FoM.

06/05/2022 02:04:54.521 - oc_logger - INFO - Figure of merit : 0.009095649325065791
06/05/2022 02:04:54.521 - oc_logger - INFO - Std : 0.0
06/05/2022 02:04:54.522 - oc_logger - INFO - total number of function evaluations : 340
06/05/2022 02:04:54.522 - oc_logger - INFO - dcrab_freq_list : [array([[  2.36291491,  69.92840739, 107.24063526, 138.94922524]]), array([[ 18.6291573 ,  60.35692127,  97.77265679, 117.47965413]]), array([[ 16.42602061,  62.13701776,  96.18593197, 121.27892647]])]
06/05/2022 02:04:54.522 - oc_logger - INFO - dcrab_para_list : [array([-108.95447252, -182.26700164,  164.23696932,   47.2163095 ,
        134.31958155, -201.80854109,   54.99882013,   91.28509426]), array([0., 0., 0., 0., 0., 0., 0., 0.]), array([0., 0., 0., 0., 0., 0., 0., 0.])]
06/05/2022 02:04:54.522 - oc_logger - INFO - terminate_reason : Convergence of the FoM.
