06/08/2022 08:40:08.926 - oc_logger - INFO - The optimization direction is minimization
06/08/2022 08:40:08.926 - oc_logger - INFO - QuOCS version number: 0.0.22
06/08/2022 08:40:08.930 - oc_logger - INFO - Function evaluation number: 1, FoM: 0.5936875247790295
06/08/2022 08:40:08.936 - oc_logger - INFO - Function evaluation number: 2, FoM: 0.5465141288774713
06/08/2022 08:40:08.941 - oc_logger - INFO - Function evaluation number: 3, FoM: 0.5866054159416787
06/08/2022 08:40:08.945 - oc_logger - INFO - Function evaluation number: 4, FoM: 0.537556551507103
06/08/2022 08:40:08.948 - oc_logger - INFO - Function evaluation number: 5, FoM: 0.5043970299120533
06/08/2022 08:40:08.953 - oc_logger - INFO - Function evaluation number: 6, FoM: 0.45255607634682116
06/08/2022 08:40:08.958 - oc_logger - INFO - Function evaluation number: 7, FoM: 0.3697949242306946
06/08/2022 08:40:08.962 - oc_logger - INFO - Function evaluation number: 8, FoM: 0.3150925304858143
06/08/2022 08:40:08.965 - oc_logger - INFO - Function evaluation number: 9, FoM: 0.18635560149304675
06/08/2022 08:40:08.969 - oc_logger - INFO - Function evaluation number: 10, FoM: 0.05509815856371647
06/08/2022 08:40:08.973 - oc_logger - INFO - Function evaluation number: 11, FoM: 0.06886521596636519
06/08/2022 08:40:08.977 - oc_logger - INFO - Function evaluation number: 12, FoM: 0.05309215387512367
06/08/2022 08:40:08.980 - oc_logger - INFO - Function evaluation number: 13, FoM: 0.054124260114321476
06/08/2022 08:40:08.984 - oc_logger - INFO - Function evaluation number: 14, FoM: 0.07653009372493336
06/08/2022 08:40:08.988 - oc_logger - INFO - Function evaluation number: 15, FoM: 0.06204699252203505
06/08/2022 08:40:08.993 - oc_logger - INFO - Function evaluation number: 16, FoM: 0.07742264293271683
06/08/2022 08:40:08.997 - oc_logger - INFO - Function evaluation number: 17, FoM: 0.03993022143830394
06/08/2022 08:40:09.000 - oc_logger - INFO - Function evaluation number: 18, FoM: 0.07647804551604231
06/08/2022 08:40:09.004 - oc_logger - INFO - Function evaluation number: 19, FoM: 0.003796773302918055
06/08/2022 08:40:09.009 - oc_logger - INFO - Function evaluation number: 20, FoM: 0.017102266817636158
06/08/2022 08:40:09.012 - oc_logger - INFO - Function evaluation number: 21, FoM: 0.06792893773552977
06/08/2022 08:40:09.016 - oc_logger - INFO - Function evaluation number: 22, FoM: 0.01887526711118359
06/08/2022 08:40:09.019 - oc_logger - INFO - Function evaluation number: 23, FoM: 0.03544615693260267
06/08/2022 08:40:09.024 - oc_logger - INFO - Function evaluation number: 24, FoM: 0.006754047272996333
06/08/2022 08:40:09.028 - oc_logger - INFO - Function evaluation number: 25, FoM: 0.024954777232445657
06/08/2022 08:40:09.032 - oc_logger - INFO - Function evaluation number: 26, FoM: 0.005583946231717762
06/08/2022 08:40:09.035 - oc_logger - INFO - Function evaluation number: 27, FoM: 0.008757879050481532
06/08/2022 08:40:09.040 - oc_logger - INFO - Function evaluation number: 28, FoM: 0.003003841244109573
06/08/2022 08:40:09.043 - oc_logger - INFO - Function evaluation number: 29, FoM: 0.011930427231846341
06/08/2022 08:40:09.047 - oc_logger - INFO - Function evaluation number: 30, FoM: 0.0010354912633079305
06/08/2022 08:40:09.051 - oc_logger - INFO - Function evaluation number: 31, FoM: 0.0018512998732060915
06/08/2022 08:40:09.055 - oc_logger - INFO - Function evaluation number: 32, FoM: 0.006001173949444882
06/08/2022 08:40:09.059 - oc_logger - INFO - Function evaluation number: 33, FoM: 0.000794642364714937
06/08/2022 08:40:09.063 - oc_logger - INFO - Function evaluation number: 34, FoM: 0.001597764234053889
06/08/2022 08:40:09.066 - oc_logger - INFO - Function evaluation number: 35, FoM: 0.0007420709593883856
06/08/2022 08:40:09.070 - oc_logger - INFO - Function evaluation number: 36, FoM: 0.0025539183836551516
06/08/2022 08:40:09.074 - oc_logger - INFO - Function evaluation number: 37, FoM: 0.0001312308328386136
06/08/2022 08:40:09.078 - oc_logger - INFO - Function evaluation number: 38, FoM: 0.00018449284426902413
06/08/2022 08:40:09.082 - oc_logger - INFO - Function evaluation number: 39, FoM: 0.001062233798281409
06/08/2022 08:40:09.085 - oc_logger - INFO - Function evaluation number: 40, FoM: 0.00029271878160397335
06/08/2022 08:40:09.091 - oc_logger - INFO - Function evaluation number: 41, FoM: 0.0006094355185598532
06/08/2022 08:40:09.095 - oc_logger - INFO - Function evaluation number: 42, FoM: 6.761108992492382e-05
06/08/2022 08:40:09.098 - oc_logger - INFO - Function evaluation number: 43, FoM: 0.00012046699051704302
06/08/2022 08:40:09.101 - oc_logger - INFO - Function evaluation number: 44, FoM: 0.00031917716514584527
06/08/2022 08:40:09.106 - oc_logger - INFO - Function evaluation number: 45, FoM: 1.8521059653386907e-05
06/08/2022 08:40:09.110 - oc_logger - INFO - Function evaluation number: 46, FoM: 7.173567037144224e-05
06/08/2022 08:40:09.113 - oc_logger - INFO - Function evaluation number: 47, FoM: 2.353361779117158e-05
06/08/2022 08:40:09.117 - oc_logger - INFO - Function evaluation number: 48, FoM: 0.00010966887733165898
06/08/2022 08:40:09.121 - oc_logger - INFO - Function evaluation number: 49, FoM: 2.3314097871374173e-05
06/08/2022 08:40:09.125 - oc_logger - INFO - Function evaluation number: 50, FoM: 2.824047288418896e-05
06/08/2022 08:40:09.130 - oc_logger - INFO - Function evaluation number: 51, FoM: 1.0548044698688308e-05
06/08/2022 08:40:09.133 - oc_logger - INFO - Function evaluation number: 52, FoM: 5.238771406401721e-05
06/08/2022 08:40:09.138 - oc_logger - INFO - Function evaluation number: 53, FoM: 4.399842743696425e-06
06/08/2022 08:40:09.143 - oc_logger - INFO - Function evaluation number: 54, FoM: 1.2297861067933624e-05
06/08/2022 08:40:09.147 - oc_logger - INFO - Function evaluation number: 55, FoM: 4.622049469604761e-06
06/08/2022 08:40:09.148 - oc_logger - INFO - Figure of merit : 4.399842743696425e-06
06/08/2022 08:40:09.148 - oc_logger - INFO - parameters : [ 5.7307541  -0.01635856]
06/08/2022 08:40:09.148 - oc_logger - INFO - terminate_reason : Convergence of the simplex.
