06/06/2022 04:13:00.964 - oc_logger - INFO - The optimization direction is minimization
06/06/2022 04:13:00.966 - oc_logger - INFO - QuOCS version number: 0.0.22
06/06/2022 04:13:00.966 - oc_logger - INFO - Direct search start time has been reset.
06/06/2022 04:13:01.105 - oc_logger - INFO - New record achieved. Previous FoM: 10000000000.0, new best FoM : 0.7121715603962613
06/06/2022 04:13:01.105 - oc_logger - INFO - Function evaluation number: 1, SI: 1, Sub-iteration number: 0, FoM: 0.7121715603962613
06/06/2022 04:13:01.237 - oc_logger - INFO - New record achieved. Previous FoM: 0.7121715603962613, new best FoM : 0.7074712284139205
06/06/2022 04:13:01.237 - oc_logger - INFO - Function evaluation number: 2, SI: 1, Sub-iteration number: 0, FoM: 0.7074712284139205
06/06/2022 04:13:01.370 - oc_logger - INFO - Function evaluation number: 3, SI: 1, Sub-iteration number: 0, FoM: 0.7097619062751812
06/06/2022 04:13:01.504 - oc_logger - INFO - Function evaluation number: 4, SI: 1, Sub-iteration number: 0, FoM: 0.7122501001381394
06/06/2022 04:13:01.651 - oc_logger - INFO - Function evaluation number: 5, SI: 1, Sub-iteration number: 0, FoM: 0.7117266425866995
06/06/2022 04:13:01.809 - oc_logger - INFO - Function evaluation number: 6, SI: 1, Sub-iteration number: 0, FoM: 0.7117202882235973
06/06/2022 04:13:01.937 - oc_logger - INFO - Function evaluation number: 7, SI: 1, Sub-iteration number: 0, FoM: 0.7127717504356139
06/06/2022 04:13:02.064 - oc_logger - INFO - Function evaluation number: 8, SI: 1, Sub-iteration number: 0, FoM: 0.7123063104882612
06/06/2022 04:13:02.188 - oc_logger - INFO - Function evaluation number: 9, SI: 1, Sub-iteration number: 0, FoM: 0.7126767061109924
06/06/2022 04:13:02.311 - oc_logger - INFO - Function evaluation number: 10, SI: 1, Sub-iteration number: 0, FoM: 0.713636760798386
06/06/2022 04:13:02.457 - oc_logger - INFO - Function evaluation number: 11, SI: 1, Sub-iteration number: 1, FoM: 0.7089931300410112
06/06/2022 04:13:02.587 - oc_logger - INFO - Function evaluation number: 12, SI: 1, Sub-iteration number: 2, FoM: 0.7092127230164182
06/06/2022 04:13:02.712 - oc_logger - INFO - Function evaluation number: 13, SI: 1, Sub-iteration number: 3, FoM: 0.7084634377423457
06/06/2022 04:13:02.825 - oc_logger - INFO - Function evaluation number: 14, SI: 1, Sub-iteration number: 4, FoM: 0.7079717268621212
06/06/2022 04:13:02.938 - oc_logger - INFO - New record achieved. Previous FoM: 0.7074712284139205, new best FoM : 0.7069539664434762
06/06/2022 04:13:02.938 - oc_logger - INFO - Function evaluation number: 15, SI: 1, Sub-iteration number: 5, FoM: 0.7069539664434762
06/06/2022 04:13:03.064 - oc_logger - INFO - New record achieved. Previous FoM: 0.7069539664434762, new best FoM : 0.7062723223071917
06/06/2022 04:13:03.064 - oc_logger - INFO - Function evaluation number: 16, SI: 1, Sub-iteration number: 5, FoM: 0.7062723223071917
06/06/2022 04:13:03.201 - oc_logger - INFO - New record achieved. Previous FoM: 0.7062723223071917, new best FoM : 0.7055488838647688
06/06/2022 04:13:03.201 - oc_logger - INFO - Function evaluation number: 17, SI: 1, Sub-iteration number: 6, FoM: 0.7055488838647688
06/06/2022 04:13:03.328 - oc_logger - INFO - New record achieved. Previous FoM: 0.7055488838647688, new best FoM : 0.7046775859429681
06/06/2022 04:13:03.328 - oc_logger - INFO - Function evaluation number: 18, SI: 1, Sub-iteration number: 6, FoM: 0.7046775859429681
06/06/2022 04:13:03.460 - oc_logger - INFO - New record achieved. Previous FoM: 0.7046775859429681, new best FoM : 0.7043573157864131
06/06/2022 04:13:03.460 - oc_logger - INFO - Function evaluation number: 19, SI: 1, Sub-iteration number: 7, FoM: 0.7043573157864131
06/06/2022 04:13:03.589 - oc_logger - INFO - New record achieved. Previous FoM: 0.7043573157864131, new best FoM : 0.7033821655159146
06/06/2022 04:13:03.590 - oc_logger - INFO - Function evaluation number: 20, SI: 1, Sub-iteration number: 7, FoM: 0.7033821655159146
06/06/2022 04:13:03.718 - oc_logger - INFO - New record achieved. Previous FoM: 0.7033821655159146, new best FoM : 0.7021631983062948
06/06/2022 04:13:03.718 - oc_logger - INFO - Function evaluation number: 21, SI: 1, Sub-iteration number: 8, FoM: 0.7021631983062948
06/06/2022 04:13:03.836 - oc_logger - INFO - New record achieved. Previous FoM: 0.7021631983062948, new best FoM : 0.7008620629590191
06/06/2022 04:13:03.836 - oc_logger - INFO - Function evaluation number: 22, SI: 1, Sub-iteration number: 8, FoM: 0.7008620629590191
06/06/2022 04:13:03.969 - oc_logger - INFO - Function evaluation number: 23, SI: 1, Sub-iteration number: 9, FoM: 0.7027862875695756
06/06/2022 04:13:04.096 - oc_logger - INFO - Function evaluation number: 24, SI: 1, Sub-iteration number: 10, FoM: 0.7018319283376528
06/06/2022 04:13:04.228 - oc_logger - INFO - New record achieved. Previous FoM: 0.7008620629590191, new best FoM : 0.7002895773768751
06/06/2022 04:13:04.228 - oc_logger - INFO - Function evaluation number: 25, SI: 1, Sub-iteration number: 11, FoM: 0.7002895773768751
06/06/2022 04:13:04.354 - oc_logger - INFO - New record achieved. Previous FoM: 0.7002895773768751, new best FoM : 0.699161689526405
06/06/2022 04:13:04.354 - oc_logger - INFO - Function evaluation number: 26, SI: 1, Sub-iteration number: 11, FoM: 0.699161689526405
06/06/2022 04:13:04.484 - oc_logger - INFO - New record achieved. Previous FoM: 0.699161689526405, new best FoM : 0.6986579883639898
06/06/2022 04:13:04.484 - oc_logger - INFO - Function evaluation number: 27, SI: 1, Sub-iteration number: 12, FoM: 0.6986579883639898
06/06/2022 04:13:04.604 - oc_logger - INFO - New record achieved. Previous FoM: 0.6986579883639898, new best FoM : 0.6973818473424698
06/06/2022 04:13:04.605 - oc_logger - INFO - Function evaluation number: 28, SI: 1, Sub-iteration number: 12, FoM: 0.6973818473424698
06/06/2022 04:13:04.734 - oc_logger - INFO - New record achieved. Previous FoM: 0.6973818473424698, new best FoM : 0.696633812202816
06/06/2022 04:13:04.734 - oc_logger - INFO - Function evaluation number: 29, SI: 1, Sub-iteration number: 13, FoM: 0.696633812202816
06/06/2022 04:13:04.863 - oc_logger - INFO - New record achieved. Previous FoM: 0.696633812202816, new best FoM : 0.6951452152428361
06/06/2022 04:13:04.864 - oc_logger - INFO - Function evaluation number: 30, SI: 1, Sub-iteration number: 13, FoM: 0.6951452152428361
06/06/2022 04:13:04.996 - oc_logger - INFO - New record achieved. Previous FoM: 0.6951452152428361, new best FoM : 0.6942387957052191
06/06/2022 04:13:04.997 - oc_logger - INFO - Function evaluation number: 31, SI: 1, Sub-iteration number: 14, FoM: 0.6942387957052191
06/06/2022 04:13:05.118 - oc_logger - INFO - New record achieved. Previous FoM: 0.6942387957052191, new best FoM : 0.6924926582987165
06/06/2022 04:13:05.118 - oc_logger - INFO - Function evaluation number: 32, SI: 1, Sub-iteration number: 14, FoM: 0.6924926582987165
06/06/2022 04:13:05.245 - oc_logger - INFO - New record achieved. Previous FoM: 0.6924926582987165, new best FoM : 0.6923502599117497
06/06/2022 04:13:05.245 - oc_logger - INFO - Function evaluation number: 33, SI: 1, Sub-iteration number: 15, FoM: 0.6923502599117497
06/06/2022 04:13:05.372 - oc_logger - INFO - New record achieved. Previous FoM: 0.6923502599117497, new best FoM : 0.6905158911045851
06/06/2022 04:13:05.372 - oc_logger - INFO - Function evaluation number: 34, SI: 1, Sub-iteration number: 15, FoM: 0.6905158911045851
06/06/2022 04:13:05.504 - oc_logger - INFO - Function evaluation number: 35, SI: 1, Sub-iteration number: 16, FoM: 0.6910210786469209
06/06/2022 04:13:05.633 - oc_logger - INFO - New record achieved. Previous FoM: 0.6905158911045851, new best FoM : 0.6896252263637286
06/06/2022 04:13:05.634 - oc_logger - INFO - Function evaluation number: 36, SI: 1, Sub-iteration number: 17, FoM: 0.6896252263637286
06/06/2022 04:13:05.764 - oc_logger - INFO - New record achieved. Previous FoM: 0.6896252263637286, new best FoM : 0.6878609851366008
06/06/2022 04:13:05.765 - oc_logger - INFO - Function evaluation number: 37, SI: 1, Sub-iteration number: 17, FoM: 0.6878609851366008
06/06/2022 04:13:05.897 - oc_logger - INFO - New record achieved. Previous FoM: 0.6878609851366008, new best FoM : 0.6866446317990376
06/06/2022 04:13:05.897 - oc_logger - INFO - Function evaluation number: 38, SI: 1, Sub-iteration number: 18, FoM: 0.6866446317990376
06/06/2022 04:13:06.029 - oc_logger - INFO - New record achieved. Previous FoM: 0.6866446317990376, new best FoM : 0.6845459122889305
06/06/2022 04:13:06.029 - oc_logger - INFO - Function evaluation number: 39, SI: 1, Sub-iteration number: 18, FoM: 0.6845459122889305
06/06/2022 04:13:06.157 - oc_logger - INFO - New record achieved. Previous FoM: 0.6845459122889305, new best FoM : 0.6835396730731119
06/06/2022 04:13:06.157 - oc_logger - INFO - Function evaluation number: 40, SI: 1, Sub-iteration number: 19, FoM: 0.6835396730731119
06/06/2022 04:13:06.287 - oc_logger - INFO - New record achieved. Previous FoM: 0.6835396730731119, new best FoM : 0.6811460907824883
06/06/2022 04:13:06.287 - oc_logger - INFO - Function evaluation number: 41, SI: 1, Sub-iteration number: 19, FoM: 0.6811460907824883
06/06/2022 04:13:06.410 - oc_logger - INFO - New record achieved. Previous FoM: 0.6811460907824883, new best FoM : 0.6799041668447343
06/06/2022 04:13:06.410 - oc_logger - INFO - Function evaluation number: 42, SI: 1, Sub-iteration number: 20, FoM: 0.6799041668447343
06/06/2022 04:13:06.542 - oc_logger - INFO - New record achieved. Previous FoM: 0.6799041668447343, new best FoM : 0.677161006259443
06/06/2022 04:13:06.543 - oc_logger - INFO - Function evaluation number: 43, SI: 1, Sub-iteration number: 20, FoM: 0.677161006259443
06/06/2022 04:13:06.674 - oc_logger - INFO - New record achieved. Previous FoM: 0.677161006259443, new best FoM : 0.6766704657118692
06/06/2022 04:13:06.674 - oc_logger - INFO - Function evaluation number: 44, SI: 1, Sub-iteration number: 21, FoM: 0.6766704657118692
06/06/2022 04:13:06.806 - oc_logger - INFO - New record achieved. Previous FoM: 0.6766704657118692, new best FoM : 0.6737326124089394
06/06/2022 04:13:06.806 - oc_logger - INFO - Function evaluation number: 45, SI: 1, Sub-iteration number: 21, FoM: 0.6737326124089394
06/06/2022 04:13:06.932 - oc_logger - INFO - New record achieved. Previous FoM: 0.6737326124089394, new best FoM : 0.6731161238310979
06/06/2022 04:13:06.932 - oc_logger - INFO - Function evaluation number: 46, SI: 1, Sub-iteration number: 22, FoM: 0.6731161238310979
06/06/2022 04:13:07.061 - oc_logger - INFO - New record achieved. Previous FoM: 0.6731161238310979, new best FoM : 0.6699459093101043
06/06/2022 04:13:07.061 - oc_logger - INFO - Function evaluation number: 47, SI: 1, Sub-iteration number: 22, FoM: 0.6699459093101043
06/06/2022 04:13:07.190 - oc_logger - INFO - New record achieved. Previous FoM: 0.6699459093101043, new best FoM : 0.6698499323353506
06/06/2022 04:13:07.190 - oc_logger - INFO - Function evaluation number: 48, SI: 1, Sub-iteration number: 23, FoM: 0.6698499323353506
06/06/2022 04:13:07.321 - oc_logger - INFO - New record achieved. Previous FoM: 0.6698499323353506, new best FoM : 0.6665688792873217
06/06/2022 04:13:07.321 - oc_logger - INFO - Function evaluation number: 49, SI: 1, Sub-iteration number: 23, FoM: 0.6665688792873217
06/06/2022 04:13:07.450 - oc_logger - INFO - Function evaluation number: 50, SI: 1, Sub-iteration number: 24, FoM: 0.6672949156409924
06/06/2022 04:13:07.567 - oc_logger - INFO - New record achieved. Previous FoM: 0.6665688792873217, new best FoM : 0.6629072941716682
06/06/2022 04:13:07.567 - oc_logger - INFO - Function evaluation number: 51, SI: 1, Sub-iteration number: 25, FoM: 0.6629072941716682
06/06/2022 04:13:07.694 - oc_logger - INFO - New record achieved. Previous FoM: 0.6629072941716682, new best FoM : 0.6593005087725939
06/06/2022 04:13:07.694 - oc_logger - INFO - Function evaluation number: 52, SI: 1, Sub-iteration number: 25, FoM: 0.6593005087725939
06/06/2022 04:13:07.830 - oc_logger - INFO - New record achieved. Previous FoM: 0.6593005087725939, new best FoM : 0.6556713341687312
06/06/2022 04:13:07.830 - oc_logger - INFO - Function evaluation number: 53, SI: 1, Sub-iteration number: 26, FoM: 0.6556713341687312
06/06/2022 04:13:07.957 - oc_logger - INFO - New record achieved. Previous FoM: 0.6556713341687312, new best FoM : 0.6511452847084299
06/06/2022 04:13:07.957 - oc_logger - INFO - Function evaluation number: 54, SI: 1, Sub-iteration number: 26, FoM: 0.6511452847084299
06/06/2022 04:13:08.084 - oc_logger - INFO - New record achieved. Previous FoM: 0.6511452847084299, new best FoM : 0.6500391059663189
06/06/2022 04:13:08.084 - oc_logger - INFO - Function evaluation number: 55, SI: 1, Sub-iteration number: 27, FoM: 0.6500391059663189
06/06/2022 04:13:08.216 - oc_logger - INFO - New record achieved. Previous FoM: 0.6500391059663189, new best FoM : 0.645136719556374
06/06/2022 04:13:08.216 - oc_logger - INFO - Function evaluation number: 56, SI: 1, Sub-iteration number: 27, FoM: 0.645136719556374
06/06/2022 04:13:08.345 - oc_logger - INFO - New record achieved. Previous FoM: 0.645136719556374, new best FoM : 0.6450492658714719
06/06/2022 04:13:08.345 - oc_logger - INFO - Function evaluation number: 57, SI: 1, Sub-iteration number: 28, FoM: 0.6450492658714719
06/06/2022 04:13:08.476 - oc_logger - INFO - New record achieved. Previous FoM: 0.6450492658714719, new best FoM : 0.6400725102447073
06/06/2022 04:13:08.476 - oc_logger - INFO - Function evaluation number: 58, SI: 1, Sub-iteration number: 28, FoM: 0.6400725102447073
06/06/2022 04:13:08.608 - oc_logger - INFO - New record achieved. Previous FoM: 0.6400725102447073, new best FoM : 0.6392653695745945
06/06/2022 04:13:08.608 - oc_logger - INFO - Function evaluation number: 59, SI: 1, Sub-iteration number: 29, FoM: 0.6392653695745945
06/06/2022 04:13:08.739 - oc_logger - INFO - New record achieved. Previous FoM: 0.6392653695745945, new best FoM : 0.6340005748002225
06/06/2022 04:13:08.739 - oc_logger - INFO - Function evaluation number: 60, SI: 1, Sub-iteration number: 29, FoM: 0.6340005748002225
06/06/2022 04:13:08.871 - oc_logger - INFO - New record achieved. Previous FoM: 0.6340005748002225, new best FoM : 0.6336555261002921
06/06/2022 04:13:08.871 - oc_logger - INFO - Function evaluation number: 61, SI: 1, Sub-iteration number: 30, FoM: 0.6336555261002921
06/06/2022 04:13:09.004 - oc_logger - INFO - New record achieved. Previous FoM: 0.6336555261002921, new best FoM : 0.6281845290397093
06/06/2022 04:13:09.004 - oc_logger - INFO - Function evaluation number: 62, SI: 1, Sub-iteration number: 30, FoM: 0.6281845290397093
06/06/2022 04:13:09.138 - oc_logger - INFO - New record achieved. Previous FoM: 0.6281845290397093, new best FoM : 0.6269565325155908
06/06/2022 04:13:09.138 - oc_logger - INFO - Function evaluation number: 63, SI: 1, Sub-iteration number: 31, FoM: 0.6269565325155908
06/06/2022 04:13:09.260 - oc_logger - INFO - New record achieved. Previous FoM: 0.6269565325155908, new best FoM : 0.6211229748046845
06/06/2022 04:13:09.260 - oc_logger - INFO - Function evaluation number: 64, SI: 1, Sub-iteration number: 31, FoM: 0.6211229748046845
06/06/2022 04:13:09.392 - oc_logger - INFO - New record achieved. Previous FoM: 0.6211229748046845, new best FoM : 0.6201496748439348
06/06/2022 04:13:09.392 - oc_logger - INFO - Function evaluation number: 65, SI: 1, Sub-iteration number: 32, FoM: 0.6201496748439348
06/06/2022 04:13:09.530 - oc_logger - INFO - New record achieved. Previous FoM: 0.6201496748439348, new best FoM : 0.6140570116793056
06/06/2022 04:13:09.530 - oc_logger - INFO - Function evaluation number: 66, SI: 1, Sub-iteration number: 32, FoM: 0.6140570116793056
06/06/2022 04:13:09.663 - oc_logger - INFO - New record achieved. Previous FoM: 0.6140570116793056, new best FoM : 0.6100125495473676
06/06/2022 04:13:09.663 - oc_logger - INFO - Function evaluation number: 67, SI: 1, Sub-iteration number: 33, FoM: 0.6100125495473676
06/06/2022 04:13:09.796 - oc_logger - INFO - New record achieved. Previous FoM: 0.6100125495473676, new best FoM : 0.6028761253640424
06/06/2022 04:13:09.796 - oc_logger - INFO - Function evaluation number: 68, SI: 1, Sub-iteration number: 33, FoM: 0.6028761253640424
06/06/2022 04:13:09.921 - oc_logger - INFO - New record achieved. Previous FoM: 0.6028761253640424, new best FoM : 0.5961874330037944
06/06/2022 04:13:09.922 - oc_logger - INFO - Function evaluation number: 69, SI: 1, Sub-iteration number: 34, FoM: 0.5961874330037944
06/06/2022 04:13:10.055 - oc_logger - INFO - New record achieved. Previous FoM: 0.5961874330037944, new best FoM : 0.5876937801059567
06/06/2022 04:13:10.055 - oc_logger - INFO - Function evaluation number: 70, SI: 1, Sub-iteration number: 34, FoM: 0.5876937801059567
06/06/2022 04:13:10.185 - oc_logger - INFO - Function evaluation number: 71, SI: 1, Sub-iteration number: 35, FoM: 0.5880726925295408
06/06/2022 04:13:10.306 - oc_logger - INFO - New record achieved. Previous FoM: 0.5876937801059567, new best FoM : 0.5829307848432441
06/06/2022 04:13:10.307 - oc_logger - INFO - Function evaluation number: 72, SI: 1, Sub-iteration number: 36, FoM: 0.5829307848432441
06/06/2022 04:13:10.437 - oc_logger - INFO - New record achieved. Previous FoM: 0.5829307848432441, new best FoM : 0.5749637783573389
06/06/2022 04:13:10.437 - oc_logger - INFO - Function evaluation number: 73, SI: 1, Sub-iteration number: 36, FoM: 0.5749637783573389
06/06/2022 04:13:10.558 - oc_logger - INFO - New record achieved. Previous FoM: 0.5749637783573389, new best FoM : 0.574188654884008
06/06/2022 04:13:10.559 - oc_logger - INFO - Function evaluation number: 74, SI: 1, Sub-iteration number: 37, FoM: 0.574188654884008
06/06/2022 04:13:10.690 - oc_logger - INFO - New record achieved. Previous FoM: 0.574188654884008, new best FoM : 0.5661888252390987
06/06/2022 04:13:10.690 - oc_logger - INFO - Function evaluation number: 75, SI: 1, Sub-iteration number: 37, FoM: 0.5661888252390987
06/06/2022 04:13:10.815 - oc_logger - INFO - New record achieved. Previous FoM: 0.5661888252390987, new best FoM : 0.5617680518558308
06/06/2022 04:13:10.815 - oc_logger - INFO - Function evaluation number: 76, SI: 1, Sub-iteration number: 38, FoM: 0.5617680518558308
06/06/2022 04:13:10.947 - oc_logger - INFO - New record achieved. Previous FoM: 0.5617680518558308, new best FoM : 0.5527869958333733
06/06/2022 04:13:10.947 - oc_logger - INFO - Function evaluation number: 77, SI: 1, Sub-iteration number: 38, FoM: 0.5527869958333733
06/06/2022 04:13:11.078 - oc_logger - INFO - New record achieved. Previous FoM: 0.5527869958333733, new best FoM : 0.550261857568954
06/06/2022 04:13:11.078 - oc_logger - INFO - Function evaluation number: 78, SI: 1, Sub-iteration number: 39, FoM: 0.550261857568954
06/06/2022 04:13:11.207 - oc_logger - INFO - New record achieved. Previous FoM: 0.550261857568954, new best FoM : 0.540915116819561
06/06/2022 04:13:11.208 - oc_logger - INFO - Function evaluation number: 79, SI: 1, Sub-iteration number: 39, FoM: 0.540915116819561
06/06/2022 04:13:11.329 - oc_logger - INFO - New record achieved. Previous FoM: 0.540915116819561, new best FoM : 0.5381088953600814
06/06/2022 04:13:11.329 - oc_logger - INFO - Function evaluation number: 80, SI: 1, Sub-iteration number: 40, FoM: 0.5381088953600814
06/06/2022 04:13:11.462 - oc_logger - INFO - New record achieved. Previous FoM: 0.5381088953600814, new best FoM : 0.5286160539583338
06/06/2022 04:13:11.462 - oc_logger - INFO - Function evaluation number: 81, SI: 1, Sub-iteration number: 40, FoM: 0.5286160539583338
06/06/2022 04:13:11.585 - oc_logger - INFO - New record achieved. Previous FoM: 0.5286160539583338, new best FoM : 0.5254870318788316
06/06/2022 04:13:11.585 - oc_logger - INFO - Function evaluation number: 82, SI: 1, Sub-iteration number: 41, FoM: 0.5254870318788316
06/06/2022 04:13:11.710 - oc_logger - INFO - New record achieved. Previous FoM: 0.5254870318788316, new best FoM : 0.5158292005758147
06/06/2022 04:13:11.711 - oc_logger - INFO - Function evaluation number: 83, SI: 1, Sub-iteration number: 41, FoM: 0.5158292005758147
06/06/2022 04:13:11.836 - oc_logger - INFO - New record achieved. Previous FoM: 0.5158292005758147, new best FoM : 0.5109864559210457
06/06/2022 04:13:11.837 - oc_logger - INFO - Function evaluation number: 84, SI: 1, Sub-iteration number: 42, FoM: 0.5109864559210457
06/06/2022 04:13:11.964 - oc_logger - INFO - New record achieved. Previous FoM: 0.5109864559210457, new best FoM : 0.5008894076861001
06/06/2022 04:13:11.964 - oc_logger - INFO - Function evaluation number: 85, SI: 1, Sub-iteration number: 42, FoM: 0.5008894076861001
06/06/2022 04:13:12.093 - oc_logger - INFO - Function evaluation number: 86, SI: 1, Sub-iteration number: 43, FoM: 0.504026699064045
06/06/2022 04:13:12.227 - oc_logger - INFO - New record achieved. Previous FoM: 0.5008894076861001, new best FoM : 0.4974991333918988
06/06/2022 04:13:12.227 - oc_logger - INFO - Function evaluation number: 87, SI: 1, Sub-iteration number: 44, FoM: 0.4974991333918988
06/06/2022 04:13:12.352 - oc_logger - INFO - New record achieved. Previous FoM: 0.4974991333918988, new best FoM : 0.4893757389947062
06/06/2022 04:13:12.352 - oc_logger - INFO - Function evaluation number: 88, SI: 1, Sub-iteration number: 44, FoM: 0.4893757389947062
06/06/2022 04:13:12.488 - oc_logger - INFO - New record achieved. Previous FoM: 0.4893757389947062, new best FoM : 0.4800524411679781
06/06/2022 04:13:12.488 - oc_logger - INFO - Function evaluation number: 89, SI: 1, Sub-iteration number: 45, FoM: 0.4800524411679781
06/06/2022 04:13:12.614 - oc_logger - INFO - New record achieved. Previous FoM: 0.4800524411679781, new best FoM : 0.4717176649887628
06/06/2022 04:13:12.614 - oc_logger - INFO - Function evaluation number: 90, SI: 1, Sub-iteration number: 45, FoM: 0.4717176649887628
06/06/2022 04:13:12.746 - oc_logger - INFO - Function evaluation number: 91, SI: 1, Sub-iteration number: 46, FoM: 0.47176973285381685
06/06/2022 04:13:12.879 - oc_logger - INFO - New record achieved. Previous FoM: 0.4717176649887628, new best FoM : 0.4613460783000233
06/06/2022 04:13:12.879 - oc_logger - INFO - Function evaluation number: 92, SI: 1, Sub-iteration number: 47, FoM: 0.4613460783000233
06/06/2022 04:13:13.014 - oc_logger - INFO - New record achieved. Previous FoM: 0.4613460783000233, new best FoM : 0.4548984776644689
06/06/2022 04:13:13.014 - oc_logger - INFO - Function evaluation number: 93, SI: 1, Sub-iteration number: 47, FoM: 0.4548984776644689
06/06/2022 04:13:13.143 - oc_logger - INFO - Function evaluation number: 94, SI: 1, Sub-iteration number: 48, FoM: 0.45895106977722233
06/06/2022 04:13:13.269 - oc_logger - INFO - Function evaluation number: 95, SI: 1, Sub-iteration number: 49, FoM: 0.45582433377491927
06/06/2022 04:13:13.390 - oc_logger - INFO - New record achieved. Previous FoM: 0.4548984776644689, new best FoM : 0.45152673422025313
06/06/2022 04:13:13.390 - oc_logger - INFO - Function evaluation number: 96, SI: 1, Sub-iteration number: 50, FoM: 0.45152673422025313
06/06/2022 04:13:13.520 - oc_logger - INFO - New record achieved. Previous FoM: 0.45152673422025313, new best FoM : 0.4508341994095194
06/06/2022 04:13:13.520 - oc_logger - INFO - Function evaluation number: 97, SI: 1, Sub-iteration number: 50, FoM: 0.4508341994095194
06/06/2022 04:13:13.644 - oc_logger - INFO - New record achieved. Previous FoM: 0.4508341994095194, new best FoM : 0.4506821760124472
06/06/2022 04:13:13.645 - oc_logger - INFO - Function evaluation number: 98, SI: 1, Sub-iteration number: 51, FoM: 0.4506821760124472
06/06/2022 04:13:13.773 - oc_logger - INFO - Function evaluation number: 99, SI: 1, Sub-iteration number: 51, FoM: 0.4519361827124855
06/06/2022 04:13:13.897 - oc_logger - INFO - New record achieved. Previous FoM: 0.4506821760124472, new best FoM : 0.44641245262418894
06/06/2022 04:13:13.897 - oc_logger - INFO - Function evaluation number: 100, SI: 1, Sub-iteration number: 52, FoM: 0.44641245262418894
06/06/2022 04:13:14.037 - oc_logger - INFO - Function evaluation number: 101, SI: 1, Sub-iteration number: 52, FoM: 0.44760737698372666
06/06/2022 04:13:14.171 - oc_logger - INFO - Function evaluation number: 102, SI: 1, Sub-iteration number: 53, FoM: 0.45921889157132034
06/06/2022 04:13:14.296 - oc_logger - INFO - Function evaluation number: 103, SI: 1, Sub-iteration number: 54, FoM: 0.4628929889388197
06/06/2022 04:13:14.418 - oc_logger - INFO - Function evaluation number: 104, SI: 1, Sub-iteration number: 55, FoM: 0.4638083351898866
06/06/2022 04:13:14.552 - oc_logger - INFO - Function evaluation number: 105, SI: 1, Sub-iteration number: 56, FoM: 0.48275057670699495
06/06/2022 04:13:14.679 - oc_logger - INFO - Function evaluation number: 106, SI: 1, Sub-iteration number: 56, FoM: 0.45985693874759426
06/06/2022 04:13:14.810 - oc_logger - INFO - Function evaluation number: 107, SI: 1, Sub-iteration number: 57, FoM: 0.46881795175113894
06/06/2022 04:13:14.936 - oc_logger - INFO - Function evaluation number: 108, SI: 1, Sub-iteration number: 57, FoM: 0.4561376530023542
06/06/2022 04:13:15.059 - oc_logger - INFO - Function evaluation number: 109, SI: 1, Sub-iteration number: 58, FoM: 0.47018763724085655
06/06/2022 04:13:15.171 - oc_logger - INFO - Function evaluation number: 110, SI: 1, Sub-iteration number: 58, FoM: 0.45549863997267315
06/06/2022 04:13:15.309 - oc_logger - INFO - Function evaluation number: 111, SI: 1, Sub-iteration number: 59, FoM: 0.46301469925086614
06/06/2022 04:13:15.440 - oc_logger - INFO - Function evaluation number: 112, SI: 1, Sub-iteration number: 59, FoM: 0.45460972024018376
06/06/2022 04:13:15.567 - oc_logger - INFO - Function evaluation number: 113, SI: 1, Sub-iteration number: 60, FoM: 0.45977118723256216
06/06/2022 04:13:15.687 - oc_logger - INFO - Function evaluation number: 114, SI: 1, Sub-iteration number: 60, FoM: 0.4544100658407062
06/06/2022 04:13:15.813 - oc_logger - INFO - Function evaluation number: 115, SI: 1, Sub-iteration number: 61, FoM: 0.4554016400545413
06/06/2022 04:13:15.942 - oc_logger - INFO - Function evaluation number: 116, SI: 1, Sub-iteration number: 62, FoM: 0.4539392835157432
06/06/2022 04:13:16.066 - oc_logger - INFO - Function evaluation number: 117, SI: 1, Sub-iteration number: 63, FoM: 0.4482647666629874
06/06/2022 04:13:16.190 - oc_logger - INFO - Function evaluation number: 118, SI: 1, Sub-iteration number: 64, FoM: 0.4527288025950773
06/06/2022 04:13:16.309 - oc_logger - INFO - Function evaluation number: 119, SI: 1, Sub-iteration number: 65, FoM: 0.4646869955219699
06/06/2022 04:13:16.433 - oc_logger - INFO - Function evaluation number: 120, SI: 1, Sub-iteration number: 65, FoM: 0.4509112016731297
06/06/2022 04:13:16.564 - oc_logger - INFO - Function evaluation number: 121, SI: 1, Sub-iteration number: 66, FoM: 0.4582050014176121
06/06/2022 04:13:16.689 - oc_logger - INFO - Function evaluation number: 122, SI: 1, Sub-iteration number: 66, FoM: 0.45133853988914907
06/06/2022 04:13:16.816 - oc_logger - INFO - Function evaluation number: 123, SI: 1, Sub-iteration number: 67, FoM: 0.4514165040945244
06/06/2022 04:13:16.943 - oc_logger - INFO - Function evaluation number: 124, SI: 1, Sub-iteration number: 68, FoM: 0.44742662122714916
06/06/2022 04:13:17.066 - oc_logger - INFO - Function evaluation number: 125, SI: 1, Sub-iteration number: 69, FoM: 0.45112196849780706
06/06/2022 04:13:17.184 - oc_logger - INFO - Function evaluation number: 126, SI: 1, Sub-iteration number: 70, FoM: 0.4597087707290134
06/06/2022 04:13:17.313 - oc_logger - INFO - Function evaluation number: 127, SI: 1, Sub-iteration number: 70, FoM: 0.4493130301670377
06/06/2022 04:13:17.434 - oc_logger - INFO - Function evaluation number: 128, SI: 1, Sub-iteration number: 71, FoM: 0.45061613606434525
06/06/2022 04:13:17.561 - oc_logger - INFO - Function evaluation number: 129, SI: 1, Sub-iteration number: 72, FoM: 0.45312169598055685
06/06/2022 04:13:17.678 - oc_logger - INFO - Function evaluation number: 130, SI: 1, Sub-iteration number: 72, FoM: 0.4490477009696532
06/06/2022 04:13:17.792 - oc_logger - INFO - Function evaluation number: 131, SI: 1, Sub-iteration number: 73, FoM: 0.45653958970975017
06/06/2022 04:13:17.904 - oc_logger - INFO - Function evaluation number: 132, SI: 1, Sub-iteration number: 73, FoM: 0.44857593004056817
06/06/2022 04:13:18.029 - oc_logger - INFO - Function evaluation number: 133, SI: 1, Sub-iteration number: 74, FoM: 0.4516104667072095
06/06/2022 04:13:18.158 - oc_logger - INFO - Function evaluation number: 134, SI: 1, Sub-iteration number: 74, FoM: 0.4489254200809648
06/06/2022 04:13:18.287 - oc_logger - INFO - New record achieved. Previous FoM: 0.44641245262418894, new best FoM : 0.4429328207122598
06/06/2022 04:13:18.287 - oc_logger - INFO - Function evaluation number: 135, SI: 1, Sub-iteration number: 75, FoM: 0.4429328207122598
06/06/2022 04:13:18.414 - oc_logger - INFO - New record achieved. Previous FoM: 0.4429328207122598, new best FoM : 0.44208062114424784
06/06/2022 04:13:18.414 - oc_logger - INFO - Function evaluation number: 136, SI: 1, Sub-iteration number: 75, FoM: 0.44208062114424784
06/06/2022 04:13:18.539 - oc_logger - INFO - New record achieved. Previous FoM: 0.44208062114424784, new best FoM : 0.44129334510005847
06/06/2022 04:13:18.539 - oc_logger - INFO - Function evaluation number: 137, SI: 1, Sub-iteration number: 76, FoM: 0.44129334510005847
06/06/2022 04:13:18.674 - oc_logger - INFO - New record achieved. Previous FoM: 0.44129334510005847, new best FoM : 0.4403086614861651
06/06/2022 04:13:18.674 - oc_logger - INFO - Function evaluation number: 138, SI: 1, Sub-iteration number: 76, FoM: 0.4403086614861651
06/06/2022 04:13:18.810 - oc_logger - INFO - Function evaluation number: 139, SI: 1, Sub-iteration number: 77, FoM: 0.44550935628167343
06/06/2022 04:13:18.939 - oc_logger - INFO - Function evaluation number: 140, SI: 1, Sub-iteration number: 78, FoM: 0.44642913070273427
06/06/2022 04:13:19.073 - oc_logger - INFO - Function evaluation number: 141, SI: 1, Sub-iteration number: 79, FoM: 0.4483797371956978
06/06/2022 04:13:19.200 - oc_logger - INFO - New record achieved. Previous FoM: 0.4403086614861651, new best FoM : 0.43901539700344006
06/06/2022 04:13:19.200 - oc_logger - INFO - Function evaluation number: 142, SI: 1, Sub-iteration number: 80, FoM: 0.43901539700344006
06/06/2022 04:13:19.330 - oc_logger - INFO - New record achieved. Previous FoM: 0.43901539700344006, new best FoM : 0.43795240441081207
06/06/2022 04:13:19.330 - oc_logger - INFO - Function evaluation number: 143, SI: 1, Sub-iteration number: 80, FoM: 0.43795240441081207
06/06/2022 04:13:19.466 - oc_logger - INFO - Function evaluation number: 144, SI: 1, Sub-iteration number: 81, FoM: 0.43829408972044615
06/06/2022 04:13:19.592 - oc_logger - INFO - Function evaluation number: 145, SI: 1, Sub-iteration number: 82, FoM: 0.4467869077051865
06/06/2022 04:13:19.722 - oc_logger - INFO - Function evaluation number: 146, SI: 1, Sub-iteration number: 83, FoM: 0.44158904759918727
06/06/2022 04:13:19.858 - oc_logger - INFO - Function evaluation number: 147, SI: 1, Sub-iteration number: 84, FoM: 0.4415272829485075
06/06/2022 04:13:19.988 - oc_logger - INFO - Function evaluation number: 148, SI: 1, Sub-iteration number: 85, FoM: 0.4457360662621337
06/06/2022 04:13:20.117 - oc_logger - INFO - Function evaluation number: 149, SI: 1, Sub-iteration number: 86, FoM: 0.439416962545798
06/06/2022 04:13:20.228 - oc_logger - INFO - New record achieved. Previous FoM: 0.43795240441081207, new best FoM : 0.4324835182728063
06/06/2022 04:13:20.228 - oc_logger - INFO - Function evaluation number: 150, SI: 1, Sub-iteration number: 87, FoM: 0.4324835182728063
06/06/2022 04:13:20.354 - oc_logger - INFO - New record achieved. Previous FoM: 0.4324835182728063, new best FoM : 0.43101902341427534
06/06/2022 04:13:20.354 - oc_logger - INFO - Function evaluation number: 151, SI: 1, Sub-iteration number: 87, FoM: 0.43101902341427534
06/06/2022 04:13:20.490 - oc_logger - INFO - Function evaluation number: 152, SI: 1, Sub-iteration number: 88, FoM: 0.4468194609760976
06/06/2022 04:13:20.624 - oc_logger - INFO - Function evaluation number: 153, SI: 1, Sub-iteration number: 88, FoM: 0.4418050002123919
06/06/2022 04:13:20.747 - oc_logger - INFO - Function evaluation number: 154, SI: 1, Sub-iteration number: 89, FoM: 0.43625593776218763
06/06/2022 04:13:20.874 - oc_logger - INFO - Function evaluation number: 155, SI: 1, Sub-iteration number: 90, FoM: 0.4321004229435915
06/06/2022 04:13:20.996 - oc_logger - INFO - Function evaluation number: 156, SI: 1, Sub-iteration number: 91, FoM: 0.44137323878634915
06/06/2022 04:13:21.121 - oc_logger - INFO - Function evaluation number: 157, SI: 1, Sub-iteration number: 92, FoM: 0.43427955049392286
06/06/2022 04:13:21.256 - oc_logger - INFO - Function evaluation number: 158, SI: 1, Sub-iteration number: 93, FoM: 0.44128571185987187
06/06/2022 04:13:21.383 - oc_logger - INFO - Function evaluation number: 159, SI: 1, Sub-iteration number: 94, FoM: 0.4379599520460168
06/06/2022 04:13:21.510 - oc_logger - INFO - Function evaluation number: 160, SI: 1, Sub-iteration number: 95, FoM: 0.4460207541603337
06/06/2022 04:13:21.636 - oc_logger - INFO - Function evaluation number: 161, SI: 1, Sub-iteration number: 95, FoM: 0.43782659026121895
06/06/2022 04:13:21.760 - oc_logger - INFO - New record achieved. Previous FoM: 0.43101902341427534, new best FoM : 0.4297237647389205
06/06/2022 04:13:21.760 - oc_logger - INFO - Function evaluation number: 162, SI: 1, Sub-iteration number: 96, FoM: 0.4297237647389205
06/06/2022 04:13:21.890 - oc_logger - INFO - New record achieved. Previous FoM: 0.4297237647389205, new best FoM : 0.4286255293710699
06/06/2022 04:13:21.890 - oc_logger - INFO - Function evaluation number: 163, SI: 1, Sub-iteration number: 96, FoM: 0.4286255293710699
06/06/2022 04:13:22.019 - oc_logger - INFO - Function evaluation number: 164, SI: 1, Sub-iteration number: 97, FoM: 0.4301616908020012
06/06/2022 04:13:22.143 - oc_logger - INFO - New record achieved. Previous FoM: 0.4286255293710699, new best FoM : 0.4272292990908576
06/06/2022 04:13:22.143 - oc_logger - INFO - Function evaluation number: 165, SI: 1, Sub-iteration number: 98, FoM: 0.4272292990908576
06/06/2022 04:13:22.258 - oc_logger - INFO - New record achieved. Previous FoM: 0.4272292990908576, new best FoM : 0.4260159428578184
06/06/2022 04:13:22.258 - oc_logger - INFO - Function evaluation number: 166, SI: 1, Sub-iteration number: 98, FoM: 0.4260159428578184
06/06/2022 04:13:22.394 - oc_logger - INFO - Function evaluation number: 167, SI: 1, Sub-iteration number: 99, FoM: 0.4307056113930755
06/06/2022 04:13:22.517 - oc_logger - INFO - New record achieved. Previous FoM: 0.4260159428578184, new best FoM : 0.42504489107476595
06/06/2022 04:13:22.517 - oc_logger - INFO - Function evaluation number: 168, SI: 1, Sub-iteration number: 100, FoM: 0.42504489107476595
06/06/2022 04:13:22.653 - oc_logger - INFO - New record achieved. Previous FoM: 0.42504489107476595, new best FoM : 0.42405816428287035
06/06/2022 04:13:22.654 - oc_logger - INFO - Function evaluation number: 169, SI: 1, Sub-iteration number: 100, FoM: 0.42405816428287035
06/06/2022 04:13:22.778 - oc_logger - INFO - Function evaluation number: 170, SI: 1, Sub-iteration number: 101, FoM: 0.42709825048470307
06/06/2022 04:13:22.908 - oc_logger - INFO - Function evaluation number: 171, SI: 1, Sub-iteration number: 102, FoM: 0.4268424736615557
06/06/2022 04:13:23.041 - oc_logger - INFO - New record achieved. Previous FoM: 0.42405816428287035, new best FoM : 0.4214846859780206
06/06/2022 04:13:23.041 - oc_logger - INFO - Function evaluation number: 172, SI: 1, Sub-iteration number: 103, FoM: 0.4214846859780206
06/06/2022 04:13:23.175 - oc_logger - INFO - New record achieved. Previous FoM: 0.4214846859780206, new best FoM : 0.42043527684659976
06/06/2022 04:13:23.175 - oc_logger - INFO - Function evaluation number: 173, SI: 1, Sub-iteration number: 103, FoM: 0.42043527684659976
06/06/2022 04:13:23.296 - oc_logger - INFO - New record achieved. Previous FoM: 0.42043527684659976, new best FoM : 0.4195528905700844
06/06/2022 04:13:23.296 - oc_logger - INFO - Function evaluation number: 174, SI: 1, Sub-iteration number: 104, FoM: 0.4195528905700844
06/06/2022 04:13:23.430 - oc_logger - INFO - New record achieved. Previous FoM: 0.4195528905700844, new best FoM : 0.41819009914685523
06/06/2022 04:13:23.430 - oc_logger - INFO - Function evaluation number: 175, SI: 1, Sub-iteration number: 104, FoM: 0.41819009914685523
06/06/2022 04:13:23.554 - oc_logger - INFO - New record achieved. Previous FoM: 0.41819009914685523, new best FoM : 0.4178783180325091
06/06/2022 04:13:23.555 - oc_logger - INFO - Function evaluation number: 176, SI: 1, Sub-iteration number: 105, FoM: 0.4178783180325091
06/06/2022 04:13:23.687 - oc_logger - INFO - New record achieved. Previous FoM: 0.4178783180325091, new best FoM : 0.4164683051195214
06/06/2022 04:13:23.687 - oc_logger - INFO - Function evaluation number: 177, SI: 1, Sub-iteration number: 105, FoM: 0.4164683051195214
06/06/2022 04:13:23.813 - oc_logger - INFO - Function evaluation number: 178, SI: 1, Sub-iteration number: 106, FoM: 0.42435766069271585
06/06/2022 04:13:23.937 - oc_logger - INFO - New record achieved. Previous FoM: 0.4164683051195214, new best FoM : 0.4147015938354063
06/06/2022 04:13:23.937 - oc_logger - INFO - Function evaluation number: 179, SI: 1, Sub-iteration number: 107, FoM: 0.4147015938354063
06/06/2022 04:13:24.070 - oc_logger - INFO - New record achieved. Previous FoM: 0.4147015938354063, new best FoM : 0.4131635906657798
06/06/2022 04:13:24.070 - oc_logger - INFO - Function evaluation number: 180, SI: 1, Sub-iteration number: 107, FoM: 0.4131635906657798
06/06/2022 04:13:24.196 - oc_logger - INFO - New record achieved. Previous FoM: 0.4131635906657798, new best FoM : 0.41227102605799526
06/06/2022 04:13:24.196 - oc_logger - INFO - Function evaluation number: 181, SI: 1, Sub-iteration number: 108, FoM: 0.41227102605799526
06/06/2022 04:13:24.320 - oc_logger - INFO - New record achieved. Previous FoM: 0.41227102605799526, new best FoM : 0.4105074979863994
06/06/2022 04:13:24.321 - oc_logger - INFO - Function evaluation number: 182, SI: 1, Sub-iteration number: 108, FoM: 0.4105074979863994
06/06/2022 04:13:24.455 - oc_logger - INFO - Function evaluation number: 183, SI: 1, Sub-iteration number: 109, FoM: 0.41332247900785446
06/06/2022 04:13:24.578 - oc_logger - INFO - Function evaluation number: 184, SI: 1, Sub-iteration number: 110, FoM: 0.41544273468247084
06/06/2022 04:13:24.704 - oc_logger - INFO - New record achieved. Previous FoM: 0.4105074979863994, new best FoM : 0.4064608958320096
06/06/2022 04:13:24.704 - oc_logger - INFO - Function evaluation number: 185, SI: 1, Sub-iteration number: 111, FoM: 0.4064608958320096
06/06/2022 04:13:24.826 - oc_logger - INFO - New record achieved. Previous FoM: 0.4064608958320096, new best FoM : 0.4045785160454115
06/06/2022 04:13:24.826 - oc_logger - INFO - Function evaluation number: 186, SI: 1, Sub-iteration number: 111, FoM: 0.4045785160454115
06/06/2022 04:13:24.954 - oc_logger - INFO - Function evaluation number: 187, SI: 1, Sub-iteration number: 112, FoM: 0.4228419995785698
06/06/2022 04:13:25.080 - oc_logger - INFO - New record achieved. Previous FoM: 0.4045785160454115, new best FoM : 0.4040092675295045
06/06/2022 04:13:25.080 - oc_logger - INFO - Function evaluation number: 188, SI: 1, Sub-iteration number: 113, FoM: 0.4040092675295045
06/06/2022 04:13:25.208 - oc_logger - INFO - New record achieved. Previous FoM: 0.4040092675295045, new best FoM : 0.40209265453921217
06/06/2022 04:13:25.208 - oc_logger - INFO - Function evaluation number: 189, SI: 1, Sub-iteration number: 113, FoM: 0.40209265453921217
06/06/2022 04:13:25.331 - oc_logger - INFO - Function evaluation number: 190, SI: 1, Sub-iteration number: 114, FoM: 0.4216224941431811
06/06/2022 04:13:25.460 - oc_logger - INFO - Function evaluation number: 191, SI: 1, Sub-iteration number: 114, FoM: 0.4165070719130861
06/06/2022 04:13:25.586 - oc_logger - INFO - Function evaluation number: 192, SI: 1, Sub-iteration number: 115, FoM: 0.4033172376168447
06/06/2022 04:13:25.713 - oc_logger - INFO - New record achieved. Previous FoM: 0.40209265453921217, new best FoM : 0.4010778084269665
06/06/2022 04:13:25.714 - oc_logger - INFO - Function evaluation number: 193, SI: 1, Sub-iteration number: 116, FoM: 0.4010778084269665
06/06/2022 04:13:25.841 - oc_logger - INFO - New record achieved. Previous FoM: 0.4010778084269665, new best FoM : 0.3992930829058493
06/06/2022 04:13:25.841 - oc_logger - INFO - Function evaluation number: 194, SI: 1, Sub-iteration number: 116, FoM: 0.3992930829058493
06/06/2022 04:13:25.974 - oc_logger - INFO - Function evaluation number: 195, SI: 1, Sub-iteration number: 117, FoM: 0.40844568752275356
06/06/2022 04:13:26.098 - oc_logger - INFO - Function evaluation number: 196, SI: 1, Sub-iteration number: 118, FoM: 0.3998609337549781
06/06/2022 04:13:26.230 - oc_logger - INFO - New record achieved. Previous FoM: 0.3992930829058493, new best FoM : 0.39893480320228514
06/06/2022 04:13:26.230 - oc_logger - INFO - Function evaluation number: 197, SI: 1, Sub-iteration number: 119, FoM: 0.39893480320228514
06/06/2022 04:13:26.360 - oc_logger - INFO - New record achieved. Previous FoM: 0.39893480320228514, new best FoM : 0.3982565848827031
06/06/2022 04:13:26.360 - oc_logger - INFO - Function evaluation number: 198, SI: 1, Sub-iteration number: 119, FoM: 0.3982565848827031
06/06/2022 04:13:26.491 - oc_logger - INFO - New record achieved. Previous FoM: 0.3982565848827031, new best FoM : 0.3947254966642958
06/06/2022 04:13:26.491 - oc_logger - INFO - Function evaluation number: 199, SI: 1, Sub-iteration number: 120, FoM: 0.3947254966642958
06/06/2022 04:13:26.614 - oc_logger - INFO - New record achieved. Previous FoM: 0.3947254966642958, new best FoM : 0.39312549398012997
06/06/2022 04:13:26.614 - oc_logger - INFO - Function evaluation number: 200, SI: 1, Sub-iteration number: 120, FoM: 0.39312549398012997
06/06/2022 04:13:26.739 - oc_logger - INFO - New record achieved. Previous FoM: 0.39312549398012997, new best FoM : 0.3904539125734302
06/06/2022 04:13:26.739 - oc_logger - INFO - Function evaluation number: 201, SI: 1, Sub-iteration number: 121, FoM: 0.3904539125734302
06/06/2022 04:13:26.865 - oc_logger - INFO - New record achieved. Previous FoM: 0.3904539125734302, new best FoM : 0.3885894970500666
06/06/2022 04:13:26.865 - oc_logger - INFO - Function evaluation number: 202, SI: 1, Sub-iteration number: 121, FoM: 0.3885894970500666
06/06/2022 04:13:27.031 - oc_logger - INFO - Function evaluation number: 203, SI: 1, Sub-iteration number: 122, FoM: 0.39167457743461753
06/06/2022 04:13:27.150 - oc_logger - INFO - Function evaluation number: 204, SI: 1, Sub-iteration number: 123, FoM: 0.39429564077459134
06/06/2022 04:13:27.280 - oc_logger - INFO - New record achieved. Previous FoM: 0.3885894970500666, new best FoM : 0.38828702706901763
06/06/2022 04:13:27.280 - oc_logger - INFO - Function evaluation number: 205, SI: 1, Sub-iteration number: 124, FoM: 0.38828702706901763
06/06/2022 04:13:27.407 - oc_logger - INFO - New record achieved. Previous FoM: 0.38828702706901763, new best FoM : 0.38703717671252613
06/06/2022 04:13:27.408 - oc_logger - INFO - Function evaluation number: 206, SI: 1, Sub-iteration number: 124, FoM: 0.38703717671252613
06/06/2022 04:13:27.541 - oc_logger - INFO - New record achieved. Previous FoM: 0.38703717671252613, new best FoM : 0.3855644803631363
06/06/2022 04:13:27.541 - oc_logger - INFO - Function evaluation number: 207, SI: 1, Sub-iteration number: 125, FoM: 0.3855644803631363
06/06/2022 04:13:27.668 - oc_logger - INFO - New record achieved. Previous FoM: 0.3855644803631363, new best FoM : 0.38435501196716493
06/06/2022 04:13:27.668 - oc_logger - INFO - Function evaluation number: 208, SI: 1, Sub-iteration number: 125, FoM: 0.38435501196716493
06/06/2022 04:13:27.800 - oc_logger - INFO - New record achieved. Previous FoM: 0.38435501196716493, new best FoM : 0.3830627766383219
06/06/2022 04:13:27.800 - oc_logger - INFO - Function evaluation number: 209, SI: 1, Sub-iteration number: 126, FoM: 0.3830627766383219
06/06/2022 04:13:27.929 - oc_logger - INFO - New record achieved. Previous FoM: 0.3830627766383219, new best FoM : 0.3817808540636265
06/06/2022 04:13:27.929 - oc_logger - INFO - Function evaluation number: 210, SI: 1, Sub-iteration number: 126, FoM: 0.3817808540636265
06/06/2022 04:13:28.066 - oc_logger - INFO - Function evaluation number: 211, SI: 1, Sub-iteration number: 127, FoM: 0.3853020438274414
06/06/2022 04:13:28.191 - oc_logger - INFO - New record achieved. Previous FoM: 0.3817808540636265, new best FoM : 0.3811105306297522
06/06/2022 04:13:28.191 - oc_logger - INFO - Function evaluation number: 212, SI: 1, Sub-iteration number: 128, FoM: 0.3811105306297522
06/06/2022 04:13:28.322 - oc_logger - INFO - New record achieved. Previous FoM: 0.3811105306297522, new best FoM : 0.38019235023562403
06/06/2022 04:13:28.322 - oc_logger - INFO - Function evaluation number: 213, SI: 1, Sub-iteration number: 128, FoM: 0.38019235023562403
06/06/2022 04:13:28.454 - oc_logger - INFO - Function evaluation number: 214, SI: 1, Sub-iteration number: 129, FoM: 0.38111891211648075
06/06/2022 04:13:28.580 - oc_logger - INFO - Function evaluation number: 215, SI: 1, Sub-iteration number: 130, FoM: 0.38442481786213845
06/06/2022 04:13:28.710 - oc_logger - INFO - New record achieved. Previous FoM: 0.38019235023562403, new best FoM : 0.3792582467330573
06/06/2022 04:13:28.710 - oc_logger - INFO - Function evaluation number: 216, SI: 1, Sub-iteration number: 131, FoM: 0.3792582467330573
06/06/2022 04:13:28.845 - oc_logger - INFO - Function evaluation number: 217, SI: 1, Sub-iteration number: 131, FoM: 0.3796378655963427
06/06/2022 04:13:28.972 - oc_logger - INFO - New record achieved. Previous FoM: 0.3792582467330573, new best FoM : 0.37611421803773215
06/06/2022 04:13:28.972 - oc_logger - INFO - Function evaluation number: 218, SI: 1, Sub-iteration number: 132, FoM: 0.37611421803773215
06/06/2022 04:13:29.103 - oc_logger - INFO - New record achieved. Previous FoM: 0.37611421803773215, new best FoM : 0.3753653372101242
06/06/2022 04:13:29.104 - oc_logger - INFO - Function evaluation number: 219, SI: 1, Sub-iteration number: 132, FoM: 0.3753653372101242
06/06/2022 04:13:29.231 - oc_logger - INFO - Function evaluation number: 220, SI: 1, Sub-iteration number: 133, FoM: 0.37581783380803235
06/06/2022 04:13:29.365 - oc_logger - INFO - Function evaluation number: 221, SI: 1, Sub-iteration number: 134, FoM: 0.38046056743132994
06/06/2022 04:13:29.493 - oc_logger - INFO - Function evaluation number: 222, SI: 1, Sub-iteration number: 135, FoM: 0.388441808600249
06/06/2022 04:13:29.623 - oc_logger - INFO - Function evaluation number: 223, SI: 1, Sub-iteration number: 135, FoM: 0.381808988403462
06/06/2022 04:13:29.745 - oc_logger - INFO - Function evaluation number: 224, SI: 1, Sub-iteration number: 136, FoM: 0.37727012124675263
06/06/2022 04:13:29.877 - oc_logger - INFO - New record achieved. Previous FoM: 0.3753653372101242, new best FoM : 0.3751464400092748
06/06/2022 04:13:29.877 - oc_logger - INFO - Function evaluation number: 225, SI: 1, Sub-iteration number: 137, FoM: 0.3751464400092748
06/06/2022 04:13:30.010 - oc_logger - INFO - New record achieved. Previous FoM: 0.3751464400092748, new best FoM : 0.3750182209260948
06/06/2022 04:13:30.010 - oc_logger - INFO - Function evaluation number: 226, SI: 1, Sub-iteration number: 137, FoM: 0.3750182209260948
06/06/2022 04:13:30.138 - oc_logger - INFO - Function evaluation number: 227, SI: 1, Sub-iteration number: 138, FoM: 0.3798892854939141
06/06/2022 04:13:30.273 - oc_logger - INFO - Function evaluation number: 228, SI: 1, Sub-iteration number: 139, FoM: 0.3774853308709927
06/06/2022 04:13:30.410 - oc_logger - INFO - New record achieved. Previous FoM: 0.3750182209260948, new best FoM : 0.37407516761593684
06/06/2022 04:13:30.410 - oc_logger - INFO - Function evaluation number: 229, SI: 1, Sub-iteration number: 140, FoM: 0.37407516761593684
06/06/2022 04:13:30.542 - oc_logger - INFO - New record achieved. Previous FoM: 0.37407516761593684, new best FoM : 0.37376058602098416
06/06/2022 04:13:30.543 - oc_logger - INFO - Function evaluation number: 230, SI: 1, Sub-iteration number: 140, FoM: 0.37376058602098416
06/06/2022 04:13:30.668 - oc_logger - INFO - Function evaluation number: 231, SI: 1, Sub-iteration number: 141, FoM: 0.375769549819181
06/06/2022 04:13:30.792 - oc_logger - INFO - Function evaluation number: 232, SI: 1, Sub-iteration number: 142, FoM: 0.37466468538139264
06/06/2022 04:13:30.928 - oc_logger - INFO - Function evaluation number: 233, SI: 1, Sub-iteration number: 143, FoM: 0.37554480284668634
06/06/2022 04:13:31.061 - oc_logger - INFO - New record achieved. Previous FoM: 0.37376058602098416, new best FoM : 0.3730900818661653
06/06/2022 04:13:31.061 - oc_logger - INFO - Function evaluation number: 234, SI: 1, Sub-iteration number: 144, FoM: 0.3730900818661653
06/06/2022 04:13:31.192 - oc_logger - INFO - Function evaluation number: 235, SI: 1, Sub-iteration number: 144, FoM: 0.37327783473353315
06/06/2022 04:13:31.315 - oc_logger - INFO - Function evaluation number: 236, SI: 1, Sub-iteration number: 145, FoM: 0.37861362349244576
06/06/2022 04:13:31.443 - oc_logger - INFO - Function evaluation number: 237, SI: 1, Sub-iteration number: 145, FoM: 0.37544337412259166
06/06/2022 04:13:31.565 - oc_logger - INFO - Function evaluation number: 238, SI: 1, Sub-iteration number: 146, FoM: 0.37489167435340354
06/06/2022 04:13:31.697 - oc_logger - INFO - New record achieved. Previous FoM: 0.3730900818661653, new best FoM : 0.3721375415951357
06/06/2022 04:13:31.697 - oc_logger - INFO - Function evaluation number: 239, SI: 1, Sub-iteration number: 147, FoM: 0.3721375415951357
06/06/2022 04:13:31.822 - oc_logger - INFO - New record achieved. Previous FoM: 0.3721375415951357, new best FoM : 0.37194000110251735
06/06/2022 04:13:31.822 - oc_logger - INFO - Function evaluation number: 240, SI: 1, Sub-iteration number: 147, FoM: 0.37194000110251735
06/06/2022 04:13:31.949 - oc_logger - INFO - Function evaluation number: 241, SI: 1, Sub-iteration number: 148, FoM: 0.37508103340024146
06/06/2022 04:13:32.079 - oc_logger - INFO - Function evaluation number: 242, SI: 1, Sub-iteration number: 149, FoM: 0.37975640992791304
06/06/2022 04:13:32.212 - oc_logger - INFO - Function evaluation number: 243, SI: 1, Sub-iteration number: 149, FoM: 0.3739616141700103
06/06/2022 04:13:32.344 - oc_logger - INFO - Function evaluation number: 244, SI: 1, Sub-iteration number: 150, FoM: 0.3723910459079601
06/06/2022 04:13:32.469 - oc_logger - INFO - Function evaluation number: 245, SI: 1, Sub-iteration number: 151, FoM: 0.37461993896557877
06/06/2022 04:13:32.586 - oc_logger - INFO - Function evaluation number: 246, SI: 1, Sub-iteration number: 152, FoM: 0.3736956006904386
06/06/2022 04:13:32.716 - oc_logger - INFO - New record achieved. Previous FoM: 0.37194000110251735, new best FoM : 0.3713010909960054
06/06/2022 04:13:32.716 - oc_logger - INFO - Function evaluation number: 247, SI: 1, Sub-iteration number: 153, FoM: 0.3713010909960054
06/06/2022 04:13:32.846 - oc_logger - INFO - New record achieved. Previous FoM: 0.3713010909960054, new best FoM : 0.37118533388776753
06/06/2022 04:13:32.848 - oc_logger - INFO - Function evaluation number: 248, SI: 1, Sub-iteration number: 153, FoM: 0.37118533388776753
06/06/2022 04:13:32.976 - oc_logger - INFO - Function evaluation number: 249, SI: 1, Sub-iteration number: 154, FoM: 0.373624156325832
06/06/2022 04:13:33.105 - oc_logger - INFO - Function evaluation number: 250, SI: 1, Sub-iteration number: 155, FoM: 0.3761422806672481
06/06/2022 04:13:33.226 - oc_logger - INFO - Function evaluation number: 251, SI: 1, Sub-iteration number: 155, FoM: 0.37322254901976903
06/06/2022 04:13:33.349 - oc_logger - INFO - Function evaluation number: 252, SI: 1, Sub-iteration number: 156, FoM: 0.3784037624328024
06/06/2022 04:13:33.477 - oc_logger - INFO - Function evaluation number: 253, SI: 1, Sub-iteration number: 156, FoM: 0.37295735019130904
06/06/2022 04:13:33.601 - oc_logger - INFO - Function evaluation number: 254, SI: 1, Sub-iteration number: 157, FoM: 0.3718118502131198
06/06/2022 04:13:33.733 - oc_logger - INFO - Function evaluation number: 255, SI: 1, Sub-iteration number: 158, FoM: 0.37194010493221663
06/06/2022 04:13:33.866 - oc_logger - INFO - Function evaluation number: 256, SI: 1, Sub-iteration number: 159, FoM: 0.3714717983083643
06/06/2022 04:13:33.996 - oc_logger - INFO - Function evaluation number: 257, SI: 1, Sub-iteration number: 160, FoM: 0.37368987998938485
06/06/2022 04:13:34.121 - oc_logger - INFO - Function evaluation number: 258, SI: 1, Sub-iteration number: 160, FoM: 0.3725402798439066
06/06/2022 04:13:34.251 - oc_logger - INFO - Function evaluation number: 259, SI: 1, Sub-iteration number: 161, FoM: 0.3725758221994012
06/06/2022 04:13:34.376 - oc_logger - INFO - Function evaluation number: 260, SI: 1, Sub-iteration number: 162, FoM: 0.3714609245023506
06/06/2022 04:13:34.505 - oc_logger - INFO - Function evaluation number: 261, SI: 1, Sub-iteration number: 163, FoM: 0.3732233961293481
06/06/2022 04:13:34.629 - oc_logger - INFO - Function evaluation number: 262, SI: 1, Sub-iteration number: 163, FoM: 0.37206258861038266
06/06/2022 04:13:34.744 - oc_logger - INFO - Function evaluation number: 263, SI: 1, Sub-iteration number: 164, FoM: 0.3732994139194129
06/06/2022 04:13:34.856 - oc_logger - INFO - Function evaluation number: 264, SI: 1, Sub-iteration number: 164, FoM: 0.37186557032594214
06/06/2022 04:13:34.980 - oc_logger - INFO - Function evaluation number: 265, SI: 1, Sub-iteration number: 165, FoM: 0.37203795105085025
06/06/2022 04:13:35.108 - oc_logger - INFO - Function evaluation number: 266, SI: 1, Sub-iteration number: 166, FoM: 0.3713980740422207
06/06/2022 04:13:35.243 - oc_logger - INFO - New record achieved. Previous FoM: 0.37118533388776753, new best FoM : 0.3709632360931876
06/06/2022 04:13:35.244 - oc_logger - INFO - Function evaluation number: 267, SI: 1, Sub-iteration number: 167, FoM: 0.3709632360931876
06/06/2022 04:13:35.367 - oc_logger - INFO - Function evaluation number: 268, SI: 1, Sub-iteration number: 167, FoM: 0.37100164916479617
06/06/2022 04:13:35.496 - oc_logger - INFO - Function evaluation number: 269, SI: 1, Sub-iteration number: 168, FoM: 0.37204333605595474
06/06/2022 04:13:35.618 - oc_logger - INFO - Function evaluation number: 270, SI: 1, Sub-iteration number: 168, FoM: 0.37154099245867533
06/06/2022 04:13:35.749 - oc_logger - INFO - Function evaluation number: 271, SI: 1, Sub-iteration number: 169, FoM: 0.3729173492478547
06/06/2022 04:13:35.871 - oc_logger - INFO - Function evaluation number: 272, SI: 1, Sub-iteration number: 169, FoM: 0.3714029444373519
06/06/2022 04:13:35.996 - oc_logger - INFO - Function evaluation number: 273, SI: 1, Sub-iteration number: 170, FoM: 0.3710058713496376
06/06/2022 04:13:36.118 - oc_logger - INFO - Function evaluation number: 274, SI: 1, Sub-iteration number: 171, FoM: 0.37307715685838083
06/06/2022 04:13:36.237 - oc_logger - INFO - Function evaluation number: 275, SI: 1, Sub-iteration number: 171, FoM: 0.37131874701322964
06/06/2022 04:13:36.365 - oc_logger - INFO - New record achieved. Previous FoM: 0.3709632360931876, new best FoM : 0.37083618441418753
06/06/2022 04:13:36.365 - oc_logger - INFO - Function evaluation number: 276, SI: 1, Sub-iteration number: 172, FoM: 0.37083618441418753
06/06/2022 04:13:36.523 - oc_logger - INFO - Function evaluation number: 277, SI: 1, Sub-iteration number: 172, FoM: 0.37087098868261925
06/06/2022 04:13:36.645 - oc_logger - INFO - Function evaluation number: 278, SI: 1, Sub-iteration number: 173, FoM: 0.3711331133033614
06/06/2022 04:13:36.768 - oc_logger - INFO - Function evaluation number: 279, SI: 1, Sub-iteration number: 174, FoM: 0.3713547423654545
06/06/2022 04:13:36.890 - oc_logger - INFO - Function evaluation number: 280, SI: 1, Sub-iteration number: 175, FoM: 0.37199788247024723
06/06/2022 04:13:37.018 - oc_logger - INFO - Function evaluation number: 281, SI: 1, Sub-iteration number: 175, FoM: 0.3711237671325057
06/06/2022 04:13:37.141 - oc_logger - INFO - Function evaluation number: 282, SI: 1, Sub-iteration number: 176, FoM: 0.37090318587606286
06/06/2022 04:13:37.273 - oc_logger - INFO - Function evaluation number: 283, SI: 1, Sub-iteration number: 177, FoM: 0.3720177671615238
06/06/2022 04:13:37.396 - oc_logger - INFO - Function evaluation number: 284, SI: 1, Sub-iteration number: 177, FoM: 0.37106099750274946
06/06/2022 04:13:37.520 - oc_logger - INFO - Function evaluation number: 285, SI: 1, Sub-iteration number: 178, FoM: 0.371545843266311
06/06/2022 04:13:37.643 - oc_logger - INFO - Function evaluation number: 286, SI: 1, Sub-iteration number: 178, FoM: 0.37107985392315845
06/06/2022 04:13:37.771 - oc_logger - INFO - Function evaluation number: 287, SI: 1, Sub-iteration number: 179, FoM: 0.370962656043781
06/06/2022 04:13:37.772 - oc_logger - INFO - SI 1 finished - Number of evaluations: 287, Best FoM: 0.37083618441418753, Terminate reason: Convergence of the FoM.

06/06/2022 04:13:37.772 - oc_logger - INFO - Direct search start time has been reset.
06/06/2022 04:13:37.901 - oc_logger - INFO - Function evaluation number: 288, SI: 2, Sub-iteration number: 0, FoM: 0.37083618441418753
06/06/2022 04:13:38.034 - oc_logger - INFO - Function evaluation number: 289, SI: 2, Sub-iteration number: 0, FoM: 0.3716233515007549
06/06/2022 04:13:38.157 - oc_logger - INFO - Function evaluation number: 290, SI: 2, Sub-iteration number: 0, FoM: 0.3708594833714921
06/06/2022 04:13:38.291 - oc_logger - INFO - New record achieved. Previous FoM: 0.37083618441418753, new best FoM : 0.37080457901166464
06/06/2022 04:13:38.291 - oc_logger - INFO - Function evaluation number: 291, SI: 2, Sub-iteration number: 0, FoM: 0.37080457901166464
06/06/2022 04:13:38.418 - oc_logger - INFO - Function evaluation number: 292, SI: 2, Sub-iteration number: 0, FoM: 0.3708112519063209
06/06/2022 04:13:38.545 - oc_logger - INFO - Function evaluation number: 293, SI: 2, Sub-iteration number: 0, FoM: 0.3708141980891917
06/06/2022 04:13:38.674 - oc_logger - INFO - New record achieved. Previous FoM: 0.37080457901166464, new best FoM : 0.3708019810436435
06/06/2022 04:13:38.674 - oc_logger - INFO - Function evaluation number: 294, SI: 2, Sub-iteration number: 0, FoM: 0.3708019810436435
06/06/2022 04:13:38.809 - oc_logger - INFO - Function evaluation number: 295, SI: 2, Sub-iteration number: 0, FoM: 0.37081857433429466
06/06/2022 04:13:38.941 - oc_logger - INFO - Function evaluation number: 296, SI: 2, Sub-iteration number: 0, FoM: 0.37084185924030966
06/06/2022 04:13:39.069 - oc_logger - INFO - Function evaluation number: 297, SI: 2, Sub-iteration number: 0, FoM: 0.3709020281406703
06/06/2022 04:13:39.191 - oc_logger - INFO - Function evaluation number: 298, SI: 2, Sub-iteration number: 1, FoM: 0.37244995402018055
06/06/2022 04:13:39.322 - oc_logger - INFO - Function evaluation number: 299, SI: 2, Sub-iteration number: 1, FoM: 0.37110683402892664
06/06/2022 04:13:39.322 - oc_logger - INFO - SI 2 finished - Number of evaluations: 12, Best FoM: 0.3708019810436435, Terminate reason: Convergence of the FoM.

06/06/2022 04:13:39.322 - oc_logger - INFO - Direct search start time has been reset.
06/06/2022 04:13:39.454 - oc_logger - INFO - Function evaluation number: 300, SI: 3, Sub-iteration number: 0, FoM: 0.3708019810436435
06/06/2022 04:13:39.574 - oc_logger - INFO - Function evaluation number: 301, SI: 3, Sub-iteration number: 0, FoM: 0.3711517046679643
06/06/2022 04:13:39.688 - oc_logger - INFO - New record achieved. Previous FoM: 0.3708019810436435, new best FoM : 0.3707866383799029
06/06/2022 04:13:39.688 - oc_logger - INFO - Function evaluation number: 302, SI: 3, Sub-iteration number: 0, FoM: 0.3707866383799029
06/06/2022 04:13:39.824 - oc_logger - INFO - Function evaluation number: 303, SI: 3, Sub-iteration number: 0, FoM: 0.37081387891336837
06/06/2022 04:13:39.948 - oc_logger - INFO - Function evaluation number: 304, SI: 3, Sub-iteration number: 0, FoM: 0.3708281555659667
06/06/2022 04:13:40.071 - oc_logger - INFO - Function evaluation number: 305, SI: 3, Sub-iteration number: 0, FoM: 0.3708066087525528
06/06/2022 04:13:40.195 - oc_logger - INFO - Function evaluation number: 306, SI: 3, Sub-iteration number: 0, FoM: 0.3708245480088336
06/06/2022 04:13:40.327 - oc_logger - INFO - Function evaluation number: 307, SI: 3, Sub-iteration number: 0, FoM: 0.37080572531424183
06/06/2022 04:13:40.446 - oc_logger - INFO - Function evaluation number: 308, SI: 3, Sub-iteration number: 0, FoM: 0.37079619299857747
06/06/2022 04:13:40.583 - oc_logger - INFO - Function evaluation number: 309, SI: 3, Sub-iteration number: 0, FoM: 0.371219063440405
06/06/2022 04:13:40.701 - oc_logger - INFO - Function evaluation number: 310, SI: 3, Sub-iteration number: 1, FoM: 0.3717501146173897
06/06/2022 04:13:40.826 - oc_logger - INFO - Function evaluation number: 311, SI: 3, Sub-iteration number: 1, FoM: 0.37092397844314073
06/06/2022 04:13:40.827 - oc_logger - INFO - SI 3 finished - Number of evaluations: 12, Best FoM: 0.3707866383799029, Terminate reason: Convergence of the FoM.

06/06/2022 04:13:40.827 - oc_logger - INFO - Figure of merit : 0.3707866383799029
06/06/2022 04:13:40.827 - oc_logger - INFO - Std : 0.0
06/06/2022 04:13:40.827 - oc_logger - INFO - total number of function evaluations : 311
06/06/2022 04:13:40.827 - oc_logger - INFO - dcrab_freq_list : [array([[ 0.09451103,  5.81986125, 13.41650674, 15.89847541]]), array([[ 0.93282997,  8.04452901, 13.21557028, 18.63523802]]), array([[ 4.38419586,  6.45193741, 10.90837934, 15.40052273]])]
06/06/2022 04:13:40.828 - oc_logger - INFO - dcrab_para_list : [array([ 5.55663643, 18.45131077, -0.92999187, -0.37714907, -3.90245966,
       -2.67160891, -2.65491652,  0.40410866,  5.18212418]), array([-6.67165759e-02, -2.62264072e-02, -1.43102856e-02,  1.69443569e-02,
        6.21600012e-02,  3.39860726e-01,  5.03095568e-18,  4.96903304e-18,
        5.18212418e+00]), array([-1.29887307e-01,  3.28830180e-01,  3.83324347e-20, -5.03158965e-18,
        5.09114782e-18,  1.20225275e-18, -5.22916910e-18, -1.47828339e-17,
        5.18212418e+00])]
06/06/2022 04:13:40.828 - oc_logger - INFO - terminate_reason : Convergence of the FoM.
