06/05/2022 12:06:20.719 - oc_logger - INFO - The optimization direction is minimization
06/05/2022 12:06:20.724 - oc_logger - INFO - QuOCS version number: 0.0.22
06/05/2022 12:06:20.724 - oc_logger - INFO - Direct search start time has been reset.
06/05/2022 12:06:21.075 - oc_logger - INFO - New record achieved. Previous FoM: 10000000000.0, new best FoM : 0.026308946196235583
06/05/2022 12:06:21.075 - oc_logger - INFO - Function evaluation number: 1, SI: 1, Sub-iteration number: 0, FoM: 0.026308946196235583
06/05/2022 12:06:21.400 - oc_logger - INFO - New record achieved. Previous FoM: 0.026308946196235583, new best FoM : 0.026168779071590875
06/05/2022 12:06:21.402 - oc_logger - INFO - Function evaluation number: 2, SI: 1, Sub-iteration number: 0, FoM: 0.026168779071590875
06/05/2022 12:06:21.916 - oc_logger - INFO - New record achieved. Previous FoM: 0.026168779071590875, new best FoM : 0.025385174242624986
06/05/2022 12:06:21.916 - oc_logger - INFO - Function evaluation number: 3, SI: 1, Sub-iteration number: 0, FoM: 0.025385174242624986
06/05/2022 12:06:22.213 - oc_logger - INFO - Function evaluation number: 4, SI: 1, Sub-iteration number: 0, FoM: 0.026401780229708738
06/05/2022 12:06:22.552 - oc_logger - INFO - Function evaluation number: 5, SI: 1, Sub-iteration number: 0, FoM: 0.026324321980043863
06/05/2022 12:06:22.835 - oc_logger - INFO - Function evaluation number: 6, SI: 1, Sub-iteration number: 0, FoM: 0.02616803372706067
06/05/2022 12:06:23.145 - oc_logger - INFO - Function evaluation number: 7, SI: 1, Sub-iteration number: 0, FoM: 0.02627679031990826
06/05/2022 12:06:23.508 - oc_logger - INFO - Function evaluation number: 8, SI: 1, Sub-iteration number: 0, FoM: 0.02630647339293779
06/05/2022 12:06:23.923 - oc_logger - INFO - Function evaluation number: 9, SI: 1, Sub-iteration number: 0, FoM: 0.02625317356463297
06/05/2022 12:06:24.292 - oc_logger - INFO - Function evaluation number: 10, SI: 1, Sub-iteration number: 1, FoM: 0.02589563433515274
06/05/2022 12:06:24.631 - oc_logger - INFO - Function evaluation number: 11, SI: 1, Sub-iteration number: 2, FoM: 0.02586576740287594
06/05/2022 12:06:24.970 - oc_logger - INFO - Function evaluation number: 12, SI: 1, Sub-iteration number: 3, FoM: 0.025770823607304094
06/05/2022 12:06:25.321 - oc_logger - INFO - Function evaluation number: 13, SI: 1, Sub-iteration number: 4, FoM: 0.025640420527520802
06/05/2022 12:06:25.651 - oc_logger - INFO - Function evaluation number: 14, SI: 1, Sub-iteration number: 5, FoM: 0.025511914328766316
06/05/2022 12:06:25.993 - oc_logger - INFO - New record achieved. Previous FoM: 0.025385174242624986, new best FoM : 0.02535157097666052
06/05/2022 12:06:25.993 - oc_logger - INFO - Function evaluation number: 15, SI: 1, Sub-iteration number: 6, FoM: 0.02535157097666052
06/05/2022 12:06:26.335 - oc_logger - INFO - New record achieved. Previous FoM: 0.02535157097666052, new best FoM : 0.02524014542189723
06/05/2022 12:06:26.335 - oc_logger - INFO - Function evaluation number: 16, SI: 1, Sub-iteration number: 6, FoM: 0.02524014542189723
06/05/2022 12:06:26.675 - oc_logger - INFO - New record achieved. Previous FoM: 0.02524014542189723, new best FoM : 0.025204142580204425
06/05/2022 12:06:26.675 - oc_logger - INFO - Function evaluation number: 17, SI: 1, Sub-iteration number: 7, FoM: 0.025204142580204425
06/05/2022 12:06:26.994 - oc_logger - INFO - New record achieved. Previous FoM: 0.025204142580204425, new best FoM : 0.025084995102632623
06/05/2022 12:06:26.994 - oc_logger - INFO - Function evaluation number: 18, SI: 1, Sub-iteration number: 7, FoM: 0.025084995102632623
06/05/2022 12:06:27.336 - oc_logger - INFO - New record achieved. Previous FoM: 0.025084995102632623, new best FoM : 0.024937595144762348
06/05/2022 12:06:27.336 - oc_logger - INFO - Function evaluation number: 19, SI: 1, Sub-iteration number: 8, FoM: 0.024937595144762348
06/05/2022 12:06:27.680 - oc_logger - INFO - New record achieved. Previous FoM: 0.024937595144762348, new best FoM : 0.02478618088525908
06/05/2022 12:06:27.680 - oc_logger - INFO - Function evaluation number: 20, SI: 1, Sub-iteration number: 8, FoM: 0.02478618088525908
06/05/2022 12:06:28.036 - oc_logger - INFO - Function evaluation number: 21, SI: 1, Sub-iteration number: 9, FoM: 0.02492825197522419
06/05/2022 12:06:28.379 - oc_logger - INFO - New record achieved. Previous FoM: 0.02478618088525908, new best FoM : 0.02472638659896209
06/05/2022 12:06:28.379 - oc_logger - INFO - Function evaluation number: 22, SI: 1, Sub-iteration number: 10, FoM: 0.02472638659896209
06/05/2022 12:06:28.722 - oc_logger - INFO - New record achieved. Previous FoM: 0.02472638659896209, new best FoM : 0.024586050248635916
06/05/2022 12:06:28.722 - oc_logger - INFO - Function evaluation number: 23, SI: 1, Sub-iteration number: 10, FoM: 0.024586050248635916
06/05/2022 12:06:29.007 - oc_logger - INFO - New record achieved. Previous FoM: 0.024586050248635916, new best FoM : 0.0245260773500936
06/05/2022 12:06:29.008 - oc_logger - INFO - Function evaluation number: 24, SI: 1, Sub-iteration number: 11, FoM: 0.0245260773500936
06/05/2022 12:06:29.348 - oc_logger - INFO - New record achieved. Previous FoM: 0.0245260773500936, new best FoM : 0.024372926518441584
06/05/2022 12:06:29.348 - oc_logger - INFO - Function evaluation number: 25, SI: 1, Sub-iteration number: 11, FoM: 0.024372926518441584
06/05/2022 12:06:29.693 - oc_logger - INFO - New record achieved. Previous FoM: 0.024372926518441584, new best FoM : 0.024339937225092312
06/05/2022 12:06:29.693 - oc_logger - INFO - Function evaluation number: 26, SI: 1, Sub-iteration number: 12, FoM: 0.024339937225092312
06/05/2022 12:06:30.037 - oc_logger - INFO - New record achieved. Previous FoM: 0.024339937225092312, new best FoM : 0.02418004067155166
06/05/2022 12:06:30.037 - oc_logger - INFO - Function evaluation number: 27, SI: 1, Sub-iteration number: 12, FoM: 0.02418004067155166
06/05/2022 12:06:30.379 - oc_logger - INFO - New record achieved. Previous FoM: 0.02418004067155166, new best FoM : 0.024136280310050995
06/05/2022 12:06:30.379 - oc_logger - INFO - Function evaluation number: 28, SI: 1, Sub-iteration number: 13, FoM: 0.024136280310050995
06/05/2022 12:06:30.723 - oc_logger - INFO - New record achieved. Previous FoM: 0.024136280310050995, new best FoM : 0.023967343951286746
06/05/2022 12:06:30.723 - oc_logger - INFO - Function evaluation number: 29, SI: 1, Sub-iteration number: 13, FoM: 0.023967343951286746
06/05/2022 12:06:31.065 - oc_logger - INFO - New record achieved. Previous FoM: 0.023967343951286746, new best FoM : 0.023910465401349112
06/05/2022 12:06:31.065 - oc_logger - INFO - Function evaluation number: 30, SI: 1, Sub-iteration number: 14, FoM: 0.023910465401349112
06/05/2022 12:06:31.413 - oc_logger - INFO - New record achieved. Previous FoM: 0.023910465401349112, new best FoM : 0.02372979461921032
06/05/2022 12:06:31.414 - oc_logger - INFO - Function evaluation number: 31, SI: 1, Sub-iteration number: 14, FoM: 0.02372979461921032
06/05/2022 12:06:31.755 - oc_logger - INFO - New record achieved. Previous FoM: 0.02372979461921032, new best FoM : 0.02367761827081294
06/05/2022 12:06:31.755 - oc_logger - INFO - Function evaluation number: 32, SI: 1, Sub-iteration number: 15, FoM: 0.02367761827081294
06/05/2022 12:06:32.097 - oc_logger - INFO - New record achieved. Previous FoM: 0.02367761827081294, new best FoM : 0.02348610683513075
06/05/2022 12:06:32.098 - oc_logger - INFO - Function evaluation number: 33, SI: 1, Sub-iteration number: 15, FoM: 0.02348610683513075
06/05/2022 12:06:32.438 - oc_logger - INFO - New record achieved. Previous FoM: 0.02348610683513075, new best FoM : 0.0234351696589008
06/05/2022 12:06:32.438 - oc_logger - INFO - Function evaluation number: 34, SI: 1, Sub-iteration number: 16, FoM: 0.0234351696589008
06/05/2022 12:06:32.779 - oc_logger - INFO - New record achieved. Previous FoM: 0.0234351696589008, new best FoM : 0.023233496756422722
06/05/2022 12:06:32.779 - oc_logger - INFO - Function evaluation number: 35, SI: 1, Sub-iteration number: 16, FoM: 0.023233496756422722
06/05/2022 12:06:33.137 - oc_logger - INFO - New record achieved. Previous FoM: 0.023233496756422722, new best FoM : 0.02317003453930666
06/05/2022 12:06:33.137 - oc_logger - INFO - Function evaluation number: 36, SI: 1, Sub-iteration number: 17, FoM: 0.02317003453930666
06/05/2022 12:06:33.515 - oc_logger - INFO - New record achieved. Previous FoM: 0.02317003453930666, new best FoM : 0.022955527463151437
06/05/2022 12:06:33.515 - oc_logger - INFO - Function evaluation number: 37, SI: 1, Sub-iteration number: 17, FoM: 0.022955527463151437
06/05/2022 12:06:33.805 - oc_logger - INFO - New record achieved. Previous FoM: 0.022955527463151437, new best FoM : 0.02285742127113144
06/05/2022 12:06:33.806 - oc_logger - INFO - Function evaluation number: 38, SI: 1, Sub-iteration number: 18, FoM: 0.02285742127113144
06/05/2022 12:06:34.163 - oc_logger - INFO - New record achieved. Previous FoM: 0.02285742127113144, new best FoM : 0.022622649036514342
06/05/2022 12:06:34.163 - oc_logger - INFO - Function evaluation number: 39, SI: 1, Sub-iteration number: 18, FoM: 0.022622649036514342
06/05/2022 12:06:34.511 - oc_logger - INFO - New record achieved. Previous FoM: 0.022622649036514342, new best FoM : 0.022567500586840317
06/05/2022 12:06:34.512 - oc_logger - INFO - Function evaluation number: 40, SI: 1, Sub-iteration number: 19, FoM: 0.022567500586840317
06/05/2022 12:06:34.863 - oc_logger - INFO - New record achieved. Previous FoM: 0.022567500586840317, new best FoM : 0.022322064777051565
06/05/2022 12:06:34.863 - oc_logger - INFO - Function evaluation number: 41, SI: 1, Sub-iteration number: 19, FoM: 0.022322064777051565
06/05/2022 12:06:35.209 - oc_logger - INFO - New record achieved. Previous FoM: 0.022322064777051565, new best FoM : 0.022269903338454244
06/05/2022 12:06:35.210 - oc_logger - INFO - Function evaluation number: 42, SI: 1, Sub-iteration number: 20, FoM: 0.022269903338454244
06/05/2022 12:06:35.553 - oc_logger - INFO - New record achieved. Previous FoM: 0.022269903338454244, new best FoM : 0.02201480003009315
06/05/2022 12:06:35.553 - oc_logger - INFO - Function evaluation number: 43, SI: 1, Sub-iteration number: 20, FoM: 0.02201480003009315
06/05/2022 12:06:35.896 - oc_logger - INFO - New record achieved. Previous FoM: 0.02201480003009315, new best FoM : 0.02192513476706215
06/05/2022 12:06:35.896 - oc_logger - INFO - Function evaluation number: 44, SI: 1, Sub-iteration number: 21, FoM: 0.02192513476706215
06/05/2022 12:06:36.238 - oc_logger - INFO - New record achieved. Previous FoM: 0.02192513476706215, new best FoM : 0.021652409873681333
06/05/2022 12:06:36.238 - oc_logger - INFO - Function evaluation number: 45, SI: 1, Sub-iteration number: 21, FoM: 0.021652409873681333
06/05/2022 12:06:36.579 - oc_logger - INFO - New record achieved. Previous FoM: 0.021652409873681333, new best FoM : 0.02156287231769216
06/05/2022 12:06:36.579 - oc_logger - INFO - Function evaluation number: 46, SI: 1, Sub-iteration number: 22, FoM: 0.02156287231769216
06/05/2022 12:06:36.919 - oc_logger - INFO - New record achieved. Previous FoM: 0.02156287231769216, new best FoM : 0.02127292296778771
06/05/2022 12:06:36.919 - oc_logger - INFO - Function evaluation number: 47, SI: 1, Sub-iteration number: 22, FoM: 0.02127292296778771
06/05/2022 12:06:37.256 - oc_logger - INFO - New record achieved. Previous FoM: 0.02127292296778771, new best FoM : 0.021186127558698087
06/05/2022 12:06:37.257 - oc_logger - INFO - Function evaluation number: 48, SI: 1, Sub-iteration number: 23, FoM: 0.021186127558698087
06/05/2022 12:06:37.600 - oc_logger - INFO - New record achieved. Previous FoM: 0.021186127558698087, new best FoM : 0.020879365718941223
06/05/2022 12:06:37.600 - oc_logger - INFO - Function evaluation number: 49, SI: 1, Sub-iteration number: 23, FoM: 0.020879365718941223
06/05/2022 12:06:37.944 - oc_logger - INFO - New record achieved. Previous FoM: 0.020879365718941223, new best FoM : 0.020785934388758198
06/05/2022 12:06:37.944 - oc_logger - INFO - Function evaluation number: 50, SI: 1, Sub-iteration number: 24, FoM: 0.020785934388758198
06/05/2022 12:06:38.288 - oc_logger - INFO - New record achieved. Previous FoM: 0.020785934388758198, new best FoM : 0.02046220829698442
06/05/2022 12:06:38.288 - oc_logger - INFO - Function evaluation number: 51, SI: 1, Sub-iteration number: 24, FoM: 0.02046220829698442
06/05/2022 12:06:38.662 - oc_logger - INFO - New record achieved. Previous FoM: 0.02046220829698442, new best FoM : 0.020350581156777015
06/05/2022 12:06:38.662 - oc_logger - INFO - Function evaluation number: 52, SI: 1, Sub-iteration number: 25, FoM: 0.020350581156777015
06/05/2022 12:06:39.043 - oc_logger - INFO - New record achieved. Previous FoM: 0.020350581156777015, new best FoM : 0.02000602620073333
06/05/2022 12:06:39.044 - oc_logger - INFO - Function evaluation number: 53, SI: 1, Sub-iteration number: 25, FoM: 0.02000602620073333
06/05/2022 12:06:39.379 - oc_logger - INFO - New record achieved. Previous FoM: 0.02000602620073333, new best FoM : 0.019896153436077646
06/05/2022 12:06:39.379 - oc_logger - INFO - Function evaluation number: 54, SI: 1, Sub-iteration number: 26, FoM: 0.019896153436077646
06/05/2022 12:06:39.712 - oc_logger - INFO - New record achieved. Previous FoM: 0.019896153436077646, new best FoM : 0.01953169783207742
06/05/2022 12:06:39.712 - oc_logger - INFO - Function evaluation number: 55, SI: 1, Sub-iteration number: 26, FoM: 0.01953169783207742
06/05/2022 12:06:40.048 - oc_logger - INFO - New record achieved. Previous FoM: 0.01953169783207742, new best FoM : 0.019459847899793603
06/05/2022 12:06:40.048 - oc_logger - INFO - Function evaluation number: 56, SI: 1, Sub-iteration number: 27, FoM: 0.019459847899793603
06/05/2022 12:06:40.392 - oc_logger - INFO - New record achieved. Previous FoM: 0.019459847899793603, new best FoM : 0.019084376074963827
06/05/2022 12:06:40.392 - oc_logger - INFO - Function evaluation number: 57, SI: 1, Sub-iteration number: 27, FoM: 0.019084376074963827
06/05/2022 12:06:40.734 - oc_logger - INFO - New record achieved. Previous FoM: 0.019084376074963827, new best FoM : 0.018959783316180867
06/05/2022 12:06:40.734 - oc_logger - INFO - Function evaluation number: 58, SI: 1, Sub-iteration number: 28, FoM: 0.018959783316180867
06/05/2022 12:06:41.067 - oc_logger - INFO - New record achieved. Previous FoM: 0.018959783316180867, new best FoM : 0.018562716156285575
06/05/2022 12:06:41.067 - oc_logger - INFO - Function evaluation number: 59, SI: 1, Sub-iteration number: 28, FoM: 0.018562716156285575
06/05/2022 12:06:41.409 - oc_logger - INFO - New record achieved. Previous FoM: 0.018562716156285575, new best FoM : 0.01841408205714934
06/05/2022 12:06:41.409 - oc_logger - INFO - Function evaluation number: 60, SI: 1, Sub-iteration number: 29, FoM: 0.01841408205714934
06/05/2022 12:06:41.752 - oc_logger - INFO - New record achieved. Previous FoM: 0.01841408205714934, new best FoM : 0.01799107477569084
06/05/2022 12:06:41.752 - oc_logger - INFO - Function evaluation number: 61, SI: 1, Sub-iteration number: 29, FoM: 0.01799107477569084
06/05/2022 12:06:42.167 - oc_logger - INFO - New record achieved. Previous FoM: 0.01799107477569084, new best FoM : 0.017868425576678004
06/05/2022 12:06:42.167 - oc_logger - INFO - Function evaluation number: 62, SI: 1, Sub-iteration number: 30, FoM: 0.017868425576678004
06/05/2022 12:06:42.623 - oc_logger - INFO - New record achieved. Previous FoM: 0.017868425576678004, new best FoM : 0.017425890540170963
06/05/2022 12:06:42.623 - oc_logger - INFO - Function evaluation number: 63, SI: 1, Sub-iteration number: 30, FoM: 0.017425890540170963
06/05/2022 12:06:43.076 - oc_logger - INFO - New record achieved. Previous FoM: 0.017425890540170963, new best FoM : 0.017294733407671292
06/05/2022 12:06:43.076 - oc_logger - INFO - Function evaluation number: 64, SI: 1, Sub-iteration number: 31, FoM: 0.017294733407671292
06/05/2022 12:06:43.495 - oc_logger - INFO - New record achieved. Previous FoM: 0.017294733407671292, new best FoM : 0.016831822932574236
06/05/2022 12:06:43.495 - oc_logger - INFO - Function evaluation number: 65, SI: 1, Sub-iteration number: 31, FoM: 0.016831822932574236
06/05/2022 12:06:43.914 - oc_logger - INFO - New record achieved. Previous FoM: 0.016831822932574236, new best FoM : 0.016694680234780823
06/05/2022 12:06:43.916 - oc_logger - INFO - Function evaluation number: 66, SI: 1, Sub-iteration number: 32, FoM: 0.016694680234780823
06/05/2022 12:06:44.318 - oc_logger - INFO - New record achieved. Previous FoM: 0.016694680234780823, new best FoM : 0.016212500921378492
06/05/2022 12:06:44.319 - oc_logger - INFO - Function evaluation number: 67, SI: 1, Sub-iteration number: 32, FoM: 0.016212500921378492
06/05/2022 12:06:44.657 - oc_logger - INFO - New record achieved. Previous FoM: 0.016212500921378492, new best FoM : 0.016057436170279327
06/05/2022 12:06:44.659 - oc_logger - INFO - Function evaluation number: 68, SI: 1, Sub-iteration number: 33, FoM: 0.016057436170279327
06/05/2022 12:06:45.000 - oc_logger - INFO - New record achieved. Previous FoM: 0.016057436170279327, new best FoM : 0.015552124154918023
06/05/2022 12:06:45.000 - oc_logger - INFO - Function evaluation number: 69, SI: 1, Sub-iteration number: 33, FoM: 0.015552124154918023
06/05/2022 12:06:45.340 - oc_logger - INFO - New record achieved. Previous FoM: 0.015552124154918023, new best FoM : 0.01541611697462153
06/05/2022 12:06:45.340 - oc_logger - INFO - Function evaluation number: 70, SI: 1, Sub-iteration number: 34, FoM: 0.01541611697462153
06/05/2022 12:06:45.720 - oc_logger - INFO - New record achieved. Previous FoM: 0.01541611697462153, new best FoM : 0.014894259022554035
06/05/2022 12:06:45.720 - oc_logger - INFO - Function evaluation number: 71, SI: 1, Sub-iteration number: 34, FoM: 0.014894259022554035
06/05/2022 12:06:46.075 - oc_logger - INFO - New record achieved. Previous FoM: 0.014894259022554035, new best FoM : 0.01474863375232871
06/05/2022 12:06:46.075 - oc_logger - INFO - Function evaluation number: 72, SI: 1, Sub-iteration number: 35, FoM: 0.01474863375232871
06/05/2022 12:06:46.490 - oc_logger - INFO - New record achieved. Previous FoM: 0.01474863375232871, new best FoM : 0.014209998717800154
06/05/2022 12:06:46.490 - oc_logger - INFO - Function evaluation number: 73, SI: 1, Sub-iteration number: 35, FoM: 0.014209998717800154
06/05/2022 12:06:46.879 - oc_logger - INFO - New record achieved. Previous FoM: 0.014209998717800154, new best FoM : 0.014005071665067481
06/05/2022 12:06:46.879 - oc_logger - INFO - Function evaluation number: 74, SI: 1, Sub-iteration number: 36, FoM: 0.014005071665067481
06/05/2022 12:06:47.227 - oc_logger - INFO - New record achieved. Previous FoM: 0.014005071665067481, new best FoM : 0.013439784622405693
06/05/2022 12:06:47.227 - oc_logger - INFO - Function evaluation number: 75, SI: 1, Sub-iteration number: 36, FoM: 0.013439784622405693
06/05/2022 12:06:47.623 - oc_logger - INFO - New record achieved. Previous FoM: 0.013439784622405693, new best FoM : 0.013266438682709047
06/05/2022 12:06:47.623 - oc_logger - INFO - Function evaluation number: 76, SI: 1, Sub-iteration number: 37, FoM: 0.013266438682709047
06/05/2022 12:06:48.015 - oc_logger - INFO - New record achieved. Previous FoM: 0.013266438682709047, new best FoM : 0.012683169436159214
06/05/2022 12:06:48.016 - oc_logger - INFO - Function evaluation number: 77, SI: 1, Sub-iteration number: 37, FoM: 0.012683169436159214
06/05/2022 12:06:48.437 - oc_logger - INFO - New record achieved. Previous FoM: 0.012683169436159214, new best FoM : 0.0125342601514834
06/05/2022 12:06:48.437 - oc_logger - INFO - Function evaluation number: 78, SI: 1, Sub-iteration number: 38, FoM: 0.0125342601514834
06/05/2022 12:06:48.832 - oc_logger - INFO - New record achieved. Previous FoM: 0.0125342601514834, new best FoM : 0.011941232228202092
06/05/2022 12:06:48.833 - oc_logger - INFO - Function evaluation number: 79, SI: 1, Sub-iteration number: 38, FoM: 0.011941232228202092
06/05/2022 12:06:49.103 - oc_logger - INFO - New record achieved. Previous FoM: 0.011941232228202092, new best FoM : 0.011762602184986481
06/05/2022 12:06:49.103 - oc_logger - INFO - Function evaluation number: 80, SI: 1, Sub-iteration number: 39, FoM: 0.011762602184986481
06/05/2022 12:06:49.434 - oc_logger - INFO - New record achieved. Previous FoM: 0.011762602184986481, new best FoM : 0.011157483007420033
06/05/2022 12:06:49.434 - oc_logger - INFO - Function evaluation number: 81, SI: 1, Sub-iteration number: 39, FoM: 0.011157483007420033
06/05/2022 12:06:49.809 - oc_logger - INFO - New record achieved. Previous FoM: 0.011157483007420033, new best FoM : 0.010978712148015046
06/05/2022 12:06:49.809 - oc_logger - INFO - Function evaluation number: 82, SI: 1, Sub-iteration number: 40, FoM: 0.010978712148015046
06/05/2022 12:06:50.231 - oc_logger - INFO - New record achieved. Previous FoM: 0.010978712148015046, new best FoM : 0.010352710481092875
06/05/2022 12:06:50.231 - oc_logger - INFO - Function evaluation number: 83, SI: 1, Sub-iteration number: 40, FoM: 0.010352710481092875
06/05/2022 12:06:50.568 - oc_logger - INFO - New record achieved. Previous FoM: 0.010352710481092875, new best FoM : 0.010160448426563162
06/05/2022 12:06:50.568 - oc_logger - INFO - Function evaluation number: 84, SI: 1, Sub-iteration number: 41, FoM: 0.010160448426563162
06/05/2022 12:06:50.913 - oc_logger - INFO - New record achieved. Previous FoM: 0.010160448426563162, new best FoM : 0.009550625253697098
06/05/2022 12:06:50.913 - oc_logger - INFO - Function evaluation number: 85, SI: 1, Sub-iteration number: 41, FoM: 0.009550625253697098
06/05/2022 12:06:51.254 - oc_logger - INFO - New record achieved. Previous FoM: 0.009550625253697098, new best FoM : 0.009406956972496716
06/05/2022 12:06:51.254 - oc_logger - INFO - Function evaluation number: 86, SI: 1, Sub-iteration number: 42, FoM: 0.009406956972496716
06/05/2022 12:06:51.555 - oc_logger - INFO - New record achieved. Previous FoM: 0.009406956972496716, new best FoM : 0.008871431326339052
06/05/2022 12:06:51.555 - oc_logger - INFO - Function evaluation number: 87, SI: 1, Sub-iteration number: 42, FoM: 0.008871431326339052
06/05/2022 12:06:51.877 - oc_logger - INFO - New record achieved. Previous FoM: 0.008871431326339052, new best FoM : 0.008742491498270333
06/05/2022 12:06:51.877 - oc_logger - INFO - Function evaluation number: 88, SI: 1, Sub-iteration number: 43, FoM: 0.008742491498270333
06/05/2022 12:06:52.213 - oc_logger - INFO - New record achieved. Previous FoM: 0.008742491498270333, new best FoM : 0.008233258466709303
06/05/2022 12:06:52.213 - oc_logger - INFO - Function evaluation number: 89, SI: 1, Sub-iteration number: 43, FoM: 0.008233258466709303
06/05/2022 12:06:52.563 - oc_logger - INFO - New record achieved. Previous FoM: 0.008233258466709303, new best FoM : 0.007965974937423015
06/05/2022 12:06:52.563 - oc_logger - INFO - Function evaluation number: 90, SI: 1, Sub-iteration number: 44, FoM: 0.007965974937423015
06/05/2022 12:06:52.932 - oc_logger - INFO - New record achieved. Previous FoM: 0.007965974937423015, new best FoM : 0.007508545073260375
06/05/2022 12:06:52.932 - oc_logger - INFO - Function evaluation number: 91, SI: 1, Sub-iteration number: 44, FoM: 0.007508545073260375
06/05/2022 12:06:53.369 - oc_logger - INFO - New record achieved. Previous FoM: 0.007508545073260375, new best FoM : 0.0074827522616925934
06/05/2022 12:06:53.369 - oc_logger - INFO - Function evaluation number: 92, SI: 1, Sub-iteration number: 45, FoM: 0.0074827522616925934
06/05/2022 12:06:53.725 - oc_logger - INFO - New record achieved. Previous FoM: 0.0074827522616925934, new best FoM : 0.007134065681148938
06/05/2022 12:06:53.725 - oc_logger - INFO - Function evaluation number: 93, SI: 1, Sub-iteration number: 45, FoM: 0.007134065681148938
06/05/2022 12:06:54.028 - oc_logger - INFO - New record achieved. Previous FoM: 0.007134065681148938, new best FoM : 0.006923217060710862
06/05/2022 12:06:54.029 - oc_logger - INFO - Function evaluation number: 94, SI: 1, Sub-iteration number: 46, FoM: 0.006923217060710862
06/05/2022 12:06:54.362 - oc_logger - INFO - New record achieved. Previous FoM: 0.006923217060710862, new best FoM : 0.006545959296302306
06/05/2022 12:06:54.362 - oc_logger - INFO - Function evaluation number: 95, SI: 1, Sub-iteration number: 46, FoM: 0.006545959296302306
06/05/2022 12:06:54.665 - oc_logger - INFO - New record achieved. Previous FoM: 0.006545959296302306, new best FoM : 0.0064470257778666
06/05/2022 12:06:54.665 - oc_logger - INFO - Function evaluation number: 96, SI: 1, Sub-iteration number: 47, FoM: 0.0064470257778666
06/05/2022 12:06:54.914 - oc_logger - INFO - New record achieved. Previous FoM: 0.0064470257778666, new best FoM : 0.006128590377693421
06/05/2022 12:06:54.914 - oc_logger - INFO - Function evaluation number: 97, SI: 1, Sub-iteration number: 47, FoM: 0.006128590377693421
06/05/2022 12:06:55.246 - oc_logger - INFO - New record achieved. Previous FoM: 0.006128590377693421, new best FoM : 0.0059874654559246565
06/05/2022 12:06:55.247 - oc_logger - INFO - Function evaluation number: 98, SI: 1, Sub-iteration number: 48, FoM: 0.0059874654559246565
06/05/2022 12:06:55.646 - oc_logger - INFO - New record achieved. Previous FoM: 0.0059874654559246565, new best FoM : 0.005741104235962413
06/05/2022 12:06:55.646 - oc_logger - INFO - Function evaluation number: 99, SI: 1, Sub-iteration number: 48, FoM: 0.005741104235962413
06/05/2022 12:06:55.982 - oc_logger - INFO - New record achieved. Previous FoM: 0.005741104235962413, new best FoM : 0.005595800665062045
06/05/2022 12:06:55.982 - oc_logger - INFO - Function evaluation number: 100, SI: 1, Sub-iteration number: 49, FoM: 0.005595800665062045
06/05/2022 12:06:56.329 - oc_logger - INFO - New record achieved. Previous FoM: 0.005595800665062045, new best FoM : 0.005347435114165688
06/05/2022 12:06:56.329 - oc_logger - INFO - Function evaluation number: 101, SI: 1, Sub-iteration number: 49, FoM: 0.005347435114165688
06/05/2022 12:06:56.647 - oc_logger - INFO - Function evaluation number: 102, SI: 1, Sub-iteration number: 50, FoM: 0.005491136040016831
06/05/2022 12:06:56.951 - oc_logger - INFO - New record achieved. Previous FoM: 0.005347435114165688, new best FoM : 0.005117967676626312
06/05/2022 12:06:56.951 - oc_logger - INFO - Function evaluation number: 103, SI: 1, Sub-iteration number: 51, FoM: 0.005117967676626312
06/05/2022 12:06:57.298 - oc_logger - INFO - New record achieved. Previous FoM: 0.005117967676626312, new best FoM : 0.00498753950262576
06/05/2022 12:06:57.298 - oc_logger - INFO - Function evaluation number: 104, SI: 1, Sub-iteration number: 51, FoM: 0.00498753950262576
06/05/2022 12:06:57.640 - oc_logger - INFO - New record achieved. Previous FoM: 0.00498753950262576, new best FoM : 0.004927166000965877
06/05/2022 12:06:57.640 - oc_logger - INFO - Function evaluation number: 105, SI: 1, Sub-iteration number: 52, FoM: 0.004927166000965877
06/05/2022 12:06:57.944 - oc_logger - INFO - New record achieved. Previous FoM: 0.004927166000965877, new best FoM : 0.004768956628085519
06/05/2022 12:06:57.944 - oc_logger - INFO - Function evaluation number: 106, SI: 1, Sub-iteration number: 52, FoM: 0.004768956628085519
06/05/2022 12:06:58.320 - oc_logger - INFO - Function evaluation number: 107, SI: 1, Sub-iteration number: 53, FoM: 0.004792687719443078
06/05/2022 12:06:58.647 - oc_logger - INFO - New record achieved. Previous FoM: 0.004768956628085519, new best FoM : 0.004588237271939244
06/05/2022 12:06:58.647 - oc_logger - INFO - Function evaluation number: 108, SI: 1, Sub-iteration number: 54, FoM: 0.004588237271939244
06/05/2022 12:06:59.005 - oc_logger - INFO - New record achieved. Previous FoM: 0.004588237271939244, new best FoM : 0.004475025336115324
06/05/2022 12:06:59.006 - oc_logger - INFO - Function evaluation number: 109, SI: 1, Sub-iteration number: 54, FoM: 0.004475025336115324
06/05/2022 12:06:59.441 - oc_logger - INFO - Function evaluation number: 110, SI: 1, Sub-iteration number: 55, FoM: 0.0045596721811375085
06/05/2022 12:06:59.889 - oc_logger - INFO - New record achieved. Previous FoM: 0.004475025336115324, new best FoM : 0.0044338043172468256
06/05/2022 12:06:59.889 - oc_logger - INFO - Function evaluation number: 111, SI: 1, Sub-iteration number: 56, FoM: 0.0044338043172468256
06/05/2022 12:07:00.378 - oc_logger - INFO - New record achieved. Previous FoM: 0.0044338043172468256, new best FoM : 0.004354184190806132
06/05/2022 12:07:00.379 - oc_logger - INFO - Function evaluation number: 112, SI: 1, Sub-iteration number: 56, FoM: 0.004354184190806132
06/05/2022 12:07:00.800 - oc_logger - INFO - New record achieved. Previous FoM: 0.004354184190806132, new best FoM : 0.0042977059866107226
06/05/2022 12:07:00.800 - oc_logger - INFO - Function evaluation number: 113, SI: 1, Sub-iteration number: 57, FoM: 0.0042977059866107226
06/05/2022 12:07:01.160 - oc_logger - INFO - New record achieved. Previous FoM: 0.0042977059866107226, new best FoM : 0.004239812053755787
06/05/2022 12:07:01.161 - oc_logger - INFO - Function evaluation number: 114, SI: 1, Sub-iteration number: 57, FoM: 0.004239812053755787
06/05/2022 12:07:01.697 - oc_logger - INFO - Function evaluation number: 115, SI: 1, Sub-iteration number: 58, FoM: 0.004272980760748113
06/05/2022 12:07:02.199 - oc_logger - INFO - Function evaluation number: 116, SI: 1, Sub-iteration number: 59, FoM: 0.004249271294169077
06/05/2022 12:07:02.653 - oc_logger - INFO - New record achieved. Previous FoM: 0.004239812053755787, new best FoM : 0.0042014631397934155
06/05/2022 12:07:02.653 - oc_logger - INFO - Function evaluation number: 117, SI: 1, Sub-iteration number: 60, FoM: 0.0042014631397934155
06/05/2022 12:07:03.084 - oc_logger - INFO - New record achieved. Previous FoM: 0.0042014631397934155, new best FoM : 0.00417868927869014
06/05/2022 12:07:03.084 - oc_logger - INFO - Function evaluation number: 118, SI: 1, Sub-iteration number: 60, FoM: 0.00417868927869014
06/05/2022 12:07:03.393 - oc_logger - INFO - Function evaluation number: 119, SI: 1, Sub-iteration number: 61, FoM: 0.004239197091923996
06/05/2022 12:07:03.716 - oc_logger - INFO - New record achieved. Previous FoM: 0.00417868927869014, new best FoM : 0.0041562912395294305
06/05/2022 12:07:03.716 - oc_logger - INFO - Function evaluation number: 120, SI: 1, Sub-iteration number: 62, FoM: 0.0041562912395294305
06/05/2022 12:07:04.032 - oc_logger - INFO - New record achieved. Previous FoM: 0.0041562912395294305, new best FoM : 0.004141305643065141
06/05/2022 12:07:04.032 - oc_logger - INFO - Function evaluation number: 121, SI: 1, Sub-iteration number: 62, FoM: 0.004141305643065141
06/05/2022 12:07:04.365 - oc_logger - INFO - New record achieved. Previous FoM: 0.004141305643065141, new best FoM : 0.004135106190243931
06/05/2022 12:07:04.365 - oc_logger - INFO - Function evaluation number: 122, SI: 1, Sub-iteration number: 63, FoM: 0.004135106190243931
06/05/2022 12:07:04.683 - oc_logger - INFO - New record achieved. Previous FoM: 0.004135106190243931, new best FoM : 0.004118763859421337
06/05/2022 12:07:04.683 - oc_logger - INFO - Function evaluation number: 123, SI: 1, Sub-iteration number: 63, FoM: 0.004118763859421337
06/05/2022 12:07:05.016 - oc_logger - INFO - Function evaluation number: 124, SI: 1, Sub-iteration number: 64, FoM: 0.004146661828615894
06/05/2022 12:07:05.338 - oc_logger - INFO - New record achieved. Previous FoM: 0.004118763859421337, new best FoM : 0.004117836528413021
06/05/2022 12:07:05.338 - oc_logger - INFO - Function evaluation number: 125, SI: 1, Sub-iteration number: 65, FoM: 0.004117836528413021
06/05/2022 12:07:05.676 - oc_logger - INFO - New record achieved. Previous FoM: 0.004117836528413021, new best FoM : 0.004101429742800589
06/05/2022 12:07:05.676 - oc_logger - INFO - Function evaluation number: 126, SI: 1, Sub-iteration number: 65, FoM: 0.004101429742800589
06/05/2022 12:07:06.008 - oc_logger - INFO - Function evaluation number: 127, SI: 1, Sub-iteration number: 66, FoM: 0.004109647050525189
06/05/2022 12:07:06.328 - oc_logger - INFO - New record achieved. Previous FoM: 0.004101429742800589, new best FoM : 0.004048899226026248
06/05/2022 12:07:06.328 - oc_logger - INFO - Function evaluation number: 128, SI: 1, Sub-iteration number: 67, FoM: 0.004048899226026248
06/05/2022 12:07:06.658 - oc_logger - INFO - New record achieved. Previous FoM: 0.004048899226026248, new best FoM : 0.004016908772278005
06/05/2022 12:07:06.658 - oc_logger - INFO - Function evaluation number: 129, SI: 1, Sub-iteration number: 67, FoM: 0.004016908772278005
06/05/2022 12:07:07.040 - oc_logger - INFO - Function evaluation number: 130, SI: 1, Sub-iteration number: 68, FoM: 0.004049808850271841
06/05/2022 12:07:07.372 - oc_logger - INFO - Function evaluation number: 131, SI: 1, Sub-iteration number: 69, FoM: 0.004035547446594623
06/05/2022 12:07:07.772 - oc_logger - INFO - Function evaluation number: 132, SI: 1, Sub-iteration number: 70, FoM: 0.004027634465438967
06/05/2022 12:07:08.123 - oc_logger - INFO - New record achieved. Previous FoM: 0.004016908772278005, new best FoM : 0.004011910852420919
06/05/2022 12:07:08.123 - oc_logger - INFO - Function evaluation number: 133, SI: 1, Sub-iteration number: 71, FoM: 0.004011910852420919
06/05/2022 12:07:08.490 - oc_logger - INFO - New record achieved. Previous FoM: 0.004011910852420919, new best FoM : 0.003998355970190937
06/05/2022 12:07:08.490 - oc_logger - INFO - Function evaluation number: 134, SI: 1, Sub-iteration number: 71, FoM: 0.003998355970190937
06/05/2022 12:07:08.841 - oc_logger - INFO - New record achieved. Previous FoM: 0.003998355970190937, new best FoM : 0.003948634658411554
06/05/2022 12:07:08.841 - oc_logger - INFO - Function evaluation number: 135, SI: 1, Sub-iteration number: 72, FoM: 0.003948634658411554
06/05/2022 12:07:09.174 - oc_logger - INFO - New record achieved. Previous FoM: 0.003948634658411554, new best FoM : 0.003922739012335419
06/05/2022 12:07:09.174 - oc_logger - INFO - Function evaluation number: 136, SI: 1, Sub-iteration number: 72, FoM: 0.003922739012335419
06/05/2022 12:07:09.493 - oc_logger - INFO - New record achieved. Previous FoM: 0.003922739012335419, new best FoM : 0.003919627890704547
06/05/2022 12:07:09.493 - oc_logger - INFO - Function evaluation number: 137, SI: 1, Sub-iteration number: 73, FoM: 0.003919627890704547
06/05/2022 12:07:09.874 - oc_logger - INFO - New record achieved. Previous FoM: 0.003919627890704547, new best FoM : 0.0038933894327343177
06/05/2022 12:07:09.875 - oc_logger - INFO - Function evaluation number: 138, SI: 1, Sub-iteration number: 73, FoM: 0.0038933894327343177
06/05/2022 12:07:10.209 - oc_logger - INFO - New record achieved. Previous FoM: 0.0038933894327343177, new best FoM : 0.0038913230067300075
06/05/2022 12:07:10.209 - oc_logger - INFO - Function evaluation number: 139, SI: 1, Sub-iteration number: 74, FoM: 0.0038913230067300075
06/05/2022 12:07:10.581 - oc_logger - INFO - New record achieved. Previous FoM: 0.0038913230067300075, new best FoM : 0.0038669227328960165
06/05/2022 12:07:10.581 - oc_logger - INFO - Function evaluation number: 140, SI: 1, Sub-iteration number: 74, FoM: 0.0038669227328960165
06/05/2022 12:07:10.947 - oc_logger - INFO - Function evaluation number: 141, SI: 1, Sub-iteration number: 75, FoM: 0.003915650537186455
06/05/2022 12:07:11.281 - oc_logger - INFO - Function evaluation number: 142, SI: 1, Sub-iteration number: 76, FoM: 0.0038782478575483115
06/05/2022 12:07:11.629 - oc_logger - INFO - Function evaluation number: 143, SI: 1, Sub-iteration number: 77, FoM: 0.003882287239214244
06/05/2022 12:07:12.001 - oc_logger - INFO - New record achieved. Previous FoM: 0.0038669227328960165, new best FoM : 0.003826138927097378
06/05/2022 12:07:12.001 - oc_logger - INFO - Function evaluation number: 144, SI: 1, Sub-iteration number: 78, FoM: 0.003826138927097378
06/05/2022 12:07:12.318 - oc_logger - INFO - New record achieved. Previous FoM: 0.003826138927097378, new best FoM : 0.003804255367015341
06/05/2022 12:07:12.318 - oc_logger - INFO - Function evaluation number: 145, SI: 1, Sub-iteration number: 78, FoM: 0.003804255367015341
06/05/2022 12:07:12.647 - oc_logger - INFO - Function evaluation number: 146, SI: 1, Sub-iteration number: 79, FoM: 0.0038213038145190614
06/05/2022 12:07:12.981 - oc_logger - INFO - New record achieved. Previous FoM: 0.003804255367015341, new best FoM : 0.0037952803676735147
06/05/2022 12:07:12.982 - oc_logger - INFO - Function evaluation number: 147, SI: 1, Sub-iteration number: 80, FoM: 0.0037952803676735147
06/05/2022 12:07:13.349 - oc_logger - INFO - New record achieved. Previous FoM: 0.0037952803676735147, new best FoM : 0.0037777132515163236
06/05/2022 12:07:13.349 - oc_logger - INFO - Function evaluation number: 148, SI: 1, Sub-iteration number: 80, FoM: 0.0037777132515163236
06/05/2022 12:07:13.701 - oc_logger - INFO - Function evaluation number: 149, SI: 1, Sub-iteration number: 81, FoM: 0.0038061324433469323
06/05/2022 12:07:14.036 - oc_logger - INFO - Function evaluation number: 150, SI: 1, Sub-iteration number: 82, FoM: 0.0037800136531600526
06/05/2022 12:07:14.418 - oc_logger - INFO - New record achieved. Previous FoM: 0.0037777132515163236, new best FoM : 0.003767691244596527
06/05/2022 12:07:14.418 - oc_logger - INFO - Function evaluation number: 151, SI: 1, Sub-iteration number: 83, FoM: 0.003767691244596527
06/05/2022 12:07:14.809 - oc_logger - INFO - New record achieved. Previous FoM: 0.003767691244596527, new best FoM : 0.00375392148563769
06/05/2022 12:07:14.810 - oc_logger - INFO - Function evaluation number: 152, SI: 1, Sub-iteration number: 83, FoM: 0.00375392148563769
06/05/2022 12:07:15.169 - oc_logger - INFO - Function evaluation number: 153, SI: 1, Sub-iteration number: 84, FoM: 0.0037597532528880206
06/05/2022 12:07:15.526 - oc_logger - INFO - New record achieved. Previous FoM: 0.00375392148563769, new best FoM : 0.0037334308640966096
06/05/2022 12:07:15.526 - oc_logger - INFO - Function evaluation number: 154, SI: 1, Sub-iteration number: 85, FoM: 0.0037334308640966096
06/05/2022 12:07:15.856 - oc_logger - INFO - New record achieved. Previous FoM: 0.0037334308640966096, new best FoM : 0.003719160152588219
06/05/2022 12:07:15.856 - oc_logger - INFO - Function evaluation number: 155, SI: 1, Sub-iteration number: 85, FoM: 0.003719160152588219
06/05/2022 12:07:16.162 - oc_logger - INFO - Function evaluation number: 156, SI: 1, Sub-iteration number: 86, FoM: 0.0037243013178771545
06/05/2022 12:07:16.492 - oc_logger - INFO - New record achieved. Previous FoM: 0.003719160152588219, new best FoM : 0.0036977609625684638
06/05/2022 12:07:16.492 - oc_logger - INFO - Function evaluation number: 157, SI: 1, Sub-iteration number: 87, FoM: 0.0036977609625684638
06/05/2022 12:07:16.792 - oc_logger - INFO - New record achieved. Previous FoM: 0.0036977609625684638, new best FoM : 0.003683505428497713
06/05/2022 12:07:16.792 - oc_logger - INFO - Function evaluation number: 158, SI: 1, Sub-iteration number: 87, FoM: 0.003683505428497713
06/05/2022 12:07:17.122 - oc_logger - INFO - Function evaluation number: 159, SI: 1, Sub-iteration number: 88, FoM: 0.0037019042917426637
06/05/2022 12:07:17.448 - oc_logger - INFO - Function evaluation number: 160, SI: 1, Sub-iteration number: 89, FoM: 0.0036981452090848466
06/05/2022 12:07:17.841 - oc_logger - INFO - New record achieved. Previous FoM: 0.003683505428497713, new best FoM : 0.003673791099227275
06/05/2022 12:07:17.841 - oc_logger - INFO - Function evaluation number: 161, SI: 1, Sub-iteration number: 90, FoM: 0.003673791099227275
06/05/2022 12:07:18.208 - oc_logger - INFO - New record achieved. Previous FoM: 0.003673791099227275, new best FoM : 0.0036642758901965777
06/05/2022 12:07:18.208 - oc_logger - INFO - Function evaluation number: 162, SI: 1, Sub-iteration number: 90, FoM: 0.0036642758901965777
06/05/2022 12:07:18.561 - oc_logger - INFO - Function evaluation number: 163, SI: 1, Sub-iteration number: 91, FoM: 0.003666030952188648
06/05/2022 12:07:18.926 - oc_logger - INFO - New record achieved. Previous FoM: 0.0036642758901965777, new best FoM : 0.003657512499331994
06/05/2022 12:07:18.926 - oc_logger - INFO - Function evaluation number: 164, SI: 1, Sub-iteration number: 92, FoM: 0.003657512499331994
06/05/2022 12:07:19.311 - oc_logger - INFO - New record achieved. Previous FoM: 0.003657512499331994, new best FoM : 0.003647357517788552
06/05/2022 12:07:19.311 - oc_logger - INFO - Function evaluation number: 165, SI: 1, Sub-iteration number: 92, FoM: 0.003647357517788552
06/05/2022 12:07:19.627 - oc_logger - INFO - New record achieved. Previous FoM: 0.003647357517788552, new best FoM : 0.0036452766732967268
06/05/2022 12:07:19.627 - oc_logger - INFO - Function evaluation number: 166, SI: 1, Sub-iteration number: 93, FoM: 0.0036452766732967268
06/05/2022 12:07:19.944 - oc_logger - INFO - New record achieved. Previous FoM: 0.0036452766732967268, new best FoM : 0.0036398418709552294
06/05/2022 12:07:19.944 - oc_logger - INFO - Function evaluation number: 167, SI: 1, Sub-iteration number: 93, FoM: 0.0036398418709552294
06/05/2022 12:07:20.264 - oc_logger - INFO - New record achieved. Previous FoM: 0.0036398418709552294, new best FoM : 0.003625728884753321
06/05/2022 12:07:20.265 - oc_logger - INFO - Function evaluation number: 168, SI: 1, Sub-iteration number: 94, FoM: 0.003625728884753321
06/05/2022 12:07:20.579 - oc_logger - INFO - New record achieved. Previous FoM: 0.003625728884753321, new best FoM : 0.0036151385914277023
06/05/2022 12:07:20.579 - oc_logger - INFO - Function evaluation number: 169, SI: 1, Sub-iteration number: 94, FoM: 0.0036151385914277023
06/05/2022 12:07:20.914 - oc_logger - INFO - New record achieved. Previous FoM: 0.0036151385914277023, new best FoM : 0.0036131142018124285
06/05/2022 12:07:20.914 - oc_logger - INFO - Function evaluation number: 170, SI: 1, Sub-iteration number: 95, FoM: 0.0036131142018124285
06/05/2022 12:07:21.268 - oc_logger - INFO - New record achieved. Previous FoM: 0.0036131142018124285, new best FoM : 0.0036081000055591117
06/05/2022 12:07:21.268 - oc_logger - INFO - Function evaluation number: 171, SI: 1, Sub-iteration number: 95, FoM: 0.0036081000055591117
06/05/2022 12:07:21.597 - oc_logger - INFO - Function evaluation number: 172, SI: 1, Sub-iteration number: 96, FoM: 0.003625017923495566
06/05/2022 12:07:21.916 - oc_logger - INFO - New record achieved. Previous FoM: 0.0036081000055591117, new best FoM : 0.003602969595370653
06/05/2022 12:07:21.916 - oc_logger - INFO - Function evaluation number: 173, SI: 1, Sub-iteration number: 97, FoM: 0.003602969595370653
06/05/2022 12:07:22.233 - oc_logger - INFO - New record achieved. Previous FoM: 0.003602969595370653, new best FoM : 0.003595483953638179
06/05/2022 12:07:22.233 - oc_logger - INFO - Function evaluation number: 174, SI: 1, Sub-iteration number: 97, FoM: 0.003595483953638179
06/05/2022 12:07:22.600 - oc_logger - INFO - Function evaluation number: 175, SI: 1, Sub-iteration number: 98, FoM: 0.0036046958732789403
06/05/2022 12:07:22.984 - oc_logger - INFO - Function evaluation number: 176, SI: 1, Sub-iteration number: 99, FoM: 0.0036013118026431146
06/05/2022 12:07:23.350 - oc_logger - INFO - New record achieved. Previous FoM: 0.003595483953638179, new best FoM : 0.003594225359652481
06/05/2022 12:07:23.350 - oc_logger - INFO - Function evaluation number: 177, SI: 1, Sub-iteration number: 100, FoM: 0.003594225359652481
06/05/2022 12:07:23.686 - oc_logger - INFO - New record achieved. Previous FoM: 0.003594225359652481, new best FoM : 0.0035920826178551524
06/05/2022 12:07:23.686 - oc_logger - INFO - Function evaluation number: 178, SI: 1, Sub-iteration number: 100, FoM: 0.0035920826178551524
06/05/2022 12:07:24.003 - oc_logger - INFO - Function evaluation number: 179, SI: 1, Sub-iteration number: 101, FoM: 0.0035947039511635692
06/05/2022 12:07:24.397 - oc_logger - INFO - Function evaluation number: 180, SI: 1, Sub-iteration number: 102, FoM: 0.0036080004397541776
06/05/2022 12:07:24.767 - oc_logger - INFO - New record achieved. Previous FoM: 0.0035920826178551524, new best FoM : 0.003576149815448182
06/05/2022 12:07:24.767 - oc_logger - INFO - Function evaluation number: 181, SI: 1, Sub-iteration number: 103, FoM: 0.003576149815448182
06/05/2022 12:07:25.098 - oc_logger - INFO - New record achieved. Previous FoM: 0.003576149815448182, new best FoM : 0.003570655079334517
06/05/2022 12:07:25.098 - oc_logger - INFO - Function evaluation number: 182, SI: 1, Sub-iteration number: 103, FoM: 0.003570655079334517
06/05/2022 12:07:25.446 - oc_logger - INFO - Function evaluation number: 183, SI: 1, Sub-iteration number: 104, FoM: 0.0035810766976369646
06/05/2022 12:07:25.862 - oc_logger - INFO - Function evaluation number: 184, SI: 1, Sub-iteration number: 105, FoM: 0.0035807727672533263
06/05/2022 12:07:26.276 - oc_logger - INFO - Function evaluation number: 185, SI: 1, Sub-iteration number: 106, FoM: 0.0035827831895922646
06/05/2022 12:07:26.603 - oc_logger - INFO - New record achieved. Previous FoM: 0.003570655079334517, new best FoM : 0.003558209070505969
06/05/2022 12:07:26.603 - oc_logger - INFO - Function evaluation number: 186, SI: 1, Sub-iteration number: 107, FoM: 0.003558209070505969
06/05/2022 12:07:26.948 - oc_logger - INFO - New record achieved. Previous FoM: 0.003558209070505969, new best FoM : 0.0035517268111460165
06/05/2022 12:07:26.948 - oc_logger - INFO - Function evaluation number: 187, SI: 1, Sub-iteration number: 107, FoM: 0.0035517268111460165
06/05/2022 12:07:27.310 - oc_logger - INFO - Function evaluation number: 188, SI: 1, Sub-iteration number: 108, FoM: 0.0035540090157596405
06/05/2022 12:07:27.719 - oc_logger - INFO - Function evaluation number: 189, SI: 1, Sub-iteration number: 109, FoM: 0.003568439611370544
06/05/2022 12:07:28.148 - oc_logger - INFO - New record achieved. Previous FoM: 0.0035517268111460165, new best FoM : 0.003550394056642814
06/05/2022 12:07:28.148 - oc_logger - INFO - Function evaluation number: 190, SI: 1, Sub-iteration number: 110, FoM: 0.003550394056642814
06/05/2022 12:07:28.466 - oc_logger - INFO - New record achieved. Previous FoM: 0.003550394056642814, new best FoM : 0.0035451914665409756
06/05/2022 12:07:28.467 - oc_logger - INFO - Function evaluation number: 191, SI: 1, Sub-iteration number: 110, FoM: 0.0035451914665409756
06/05/2022 12:07:28.780 - oc_logger - INFO - New record achieved. Previous FoM: 0.0035451914665409756, new best FoM : 0.0035428065264032638
06/05/2022 12:07:28.780 - oc_logger - INFO - Function evaluation number: 192, SI: 1, Sub-iteration number: 111, FoM: 0.0035428065264032638
06/05/2022 12:07:29.128 - oc_logger - INFO - New record achieved. Previous FoM: 0.0035428065264032638, new best FoM : 0.0035372705796511417
06/05/2022 12:07:29.128 - oc_logger - INFO - Function evaluation number: 193, SI: 1, Sub-iteration number: 111, FoM: 0.0035372705796511417
06/05/2022 12:07:29.464 - oc_logger - INFO - Function evaluation number: 194, SI: 1, Sub-iteration number: 112, FoM: 0.003549797580885028
06/05/2022 12:07:29.782 - oc_logger - INFO - Function evaluation number: 195, SI: 1, Sub-iteration number: 113, FoM: 0.0035378472890708057
06/05/2022 12:07:30.180 - oc_logger - INFO - New record achieved. Previous FoM: 0.0035372705796511417, new best FoM : 0.003527468290659641
06/05/2022 12:07:30.180 - oc_logger - INFO - Function evaluation number: 196, SI: 1, Sub-iteration number: 114, FoM: 0.003527468290659641
06/05/2022 12:07:30.563 - oc_logger - INFO - New record achieved. Previous FoM: 0.003527468290659641, new best FoM : 0.0035230414903902885
06/05/2022 12:07:30.563 - oc_logger - INFO - Function evaluation number: 197, SI: 1, Sub-iteration number: 114, FoM: 0.0035230414903902885
06/05/2022 12:07:30.967 - oc_logger - INFO - Function evaluation number: 198, SI: 1, Sub-iteration number: 115, FoM: 0.0035355594899989518
06/05/2022 12:07:31.314 - oc_logger - INFO - New record achieved. Previous FoM: 0.0035230414903902885, new best FoM : 0.0035082258778759146
06/05/2022 12:07:31.314 - oc_logger - INFO - Function evaluation number: 199, SI: 1, Sub-iteration number: 116, FoM: 0.0035082258778759146
06/05/2022 12:07:31.617 - oc_logger - INFO - New record achieved. Previous FoM: 0.0035082258778759146, new best FoM : 0.0034953964426370776
06/05/2022 12:07:31.617 - oc_logger - INFO - Function evaluation number: 200, SI: 1, Sub-iteration number: 116, FoM: 0.0034953964426370776
06/05/2022 12:07:31.984 - oc_logger - INFO - Function evaluation number: 201, SI: 1, Sub-iteration number: 117, FoM: 0.003533161661182449
06/05/2022 12:07:32.352 - oc_logger - INFO - Function evaluation number: 202, SI: 1, Sub-iteration number: 118, FoM: 0.003526012038446047
06/05/2022 12:07:32.703 - oc_logger - INFO - Function evaluation number: 203, SI: 1, Sub-iteration number: 119, FoM: 0.003518482807496892
06/05/2022 12:07:33.019 - oc_logger - INFO - Function evaluation number: 204, SI: 1, Sub-iteration number: 120, FoM: 0.003504025187514581
06/05/2022 12:07:33.371 - oc_logger - INFO - Function evaluation number: 205, SI: 1, Sub-iteration number: 121, FoM: 0.0035114566402331127
06/05/2022 12:07:33.724 - oc_logger - INFO - New record achieved. Previous FoM: 0.0034953964426370776, new best FoM : 0.0034845423542253506
06/05/2022 12:07:33.724 - oc_logger - INFO - Function evaluation number: 206, SI: 1, Sub-iteration number: 122, FoM: 0.0034845423542253506
06/05/2022 12:07:34.088 - oc_logger - INFO - New record achieved. Previous FoM: 0.0034845423542253506, new best FoM : 0.0034782625242041343
06/05/2022 12:07:34.088 - oc_logger - INFO - Function evaluation number: 207, SI: 1, Sub-iteration number: 122, FoM: 0.0034782625242041343
06/05/2022 12:07:34.473 - oc_logger - INFO - New record achieved. Previous FoM: 0.0034782625242041343, new best FoM : 0.0034770311744233284
06/05/2022 12:07:34.473 - oc_logger - INFO - Function evaluation number: 208, SI: 1, Sub-iteration number: 123, FoM: 0.0034770311744233284
06/05/2022 12:07:34.841 - oc_logger - INFO - New record achieved. Previous FoM: 0.0034770311744233284, new best FoM : 0.0034744100695565105
06/05/2022 12:07:34.841 - oc_logger - INFO - Function evaluation number: 209, SI: 1, Sub-iteration number: 123, FoM: 0.0034744100695565105
06/05/2022 12:07:35.206 - oc_logger - INFO - Function evaluation number: 210, SI: 1, Sub-iteration number: 124, FoM: 0.003486704435862076
06/05/2022 12:07:35.558 - oc_logger - INFO - Function evaluation number: 211, SI: 1, Sub-iteration number: 125, FoM: 0.003495552705752747
06/05/2022 12:07:35.923 - oc_logger - INFO - New record achieved. Previous FoM: 0.0034744100695565105, new best FoM : 0.003474299560533023
06/05/2022 12:07:35.923 - oc_logger - INFO - Function evaluation number: 212, SI: 1, Sub-iteration number: 126, FoM: 0.003474299560533023
06/05/2022 12:07:36.296 - oc_logger - INFO - Function evaluation number: 213, SI: 1, Sub-iteration number: 126, FoM: 0.003480612144215245
06/05/2022 12:07:36.675 - oc_logger - INFO - New record achieved. Previous FoM: 0.003474299560533023, new best FoM : 0.0034594639913934078
06/05/2022 12:07:36.675 - oc_logger - INFO - Function evaluation number: 214, SI: 1, Sub-iteration number: 127, FoM: 0.0034594639913934078
06/05/2022 12:07:36.998 - oc_logger - INFO - New record achieved. Previous FoM: 0.0034594639913934078, new best FoM : 0.0034582582897679792
06/05/2022 12:07:36.998 - oc_logger - INFO - Function evaluation number: 215, SI: 1, Sub-iteration number: 127, FoM: 0.0034582582897679792
06/05/2022 12:07:37.315 - oc_logger - INFO - Function evaluation number: 216, SI: 1, Sub-iteration number: 128, FoM: 0.0035077267504923793
06/05/2022 12:07:37.653 - oc_logger - INFO - Function evaluation number: 217, SI: 1, Sub-iteration number: 128, FoM: 0.0034784438984232224
06/05/2022 12:07:37.967 - oc_logger - INFO - Function evaluation number: 218, SI: 1, Sub-iteration number: 129, FoM: 0.0035241859182073565
06/05/2022 12:07:38.330 - oc_logger - INFO - Function evaluation number: 219, SI: 1, Sub-iteration number: 129, FoM: 0.003488715796085673
06/05/2022 12:07:38.669 - oc_logger - INFO - Function evaluation number: 220, SI: 1, Sub-iteration number: 130, FoM: 0.003475539820036566
06/05/2022 12:07:39.047 - oc_logger - INFO - Function evaluation number: 221, SI: 1, Sub-iteration number: 131, FoM: 0.00346559530232593
06/05/2022 12:07:39.399 - oc_logger - INFO - Function evaluation number: 222, SI: 1, Sub-iteration number: 132, FoM: 0.003479920781093382
06/05/2022 12:07:39.748 - oc_logger - INFO - Function evaluation number: 223, SI: 1, Sub-iteration number: 133, FoM: 0.003463657306569945
06/05/2022 12:07:40.067 - oc_logger - INFO - Function evaluation number: 224, SI: 1, Sub-iteration number: 134, FoM: 0.0034753540968036623
06/05/2022 12:07:40.448 - oc_logger - INFO - Function evaluation number: 225, SI: 1, Sub-iteration number: 135, FoM: 0.003467834625760169
06/05/2022 12:07:40.816 - oc_logger - INFO - Function evaluation number: 226, SI: 1, Sub-iteration number: 136, FoM: 0.0034663124098542886
06/05/2022 12:07:41.167 - oc_logger - INFO - Function evaluation number: 227, SI: 1, Sub-iteration number: 137, FoM: 0.0034727568018045885
06/05/2022 12:07:41.520 - oc_logger - INFO - Function evaluation number: 228, SI: 1, Sub-iteration number: 138, FoM: 0.003493630599299302
06/05/2022 12:07:41.853 - oc_logger - INFO - Function evaluation number: 229, SI: 1, Sub-iteration number: 138, FoM: 0.00346902029716023
06/05/2022 12:07:42.220 - oc_logger - INFO - Function evaluation number: 230, SI: 1, Sub-iteration number: 139, FoM: 0.0034599090287678047
06/05/2022 12:07:42.587 - oc_logger - INFO - New record achieved. Previous FoM: 0.0034582582897679792, new best FoM : 0.0034482312148946814
06/05/2022 12:07:42.587 - oc_logger - INFO - Function evaluation number: 231, SI: 1, Sub-iteration number: 140, FoM: 0.0034482312148946814
06/05/2022 12:07:42.938 - oc_logger - INFO - New record achieved. Previous FoM: 0.0034482312148946814, new best FoM : 0.003444145266874643
06/05/2022 12:07:42.938 - oc_logger - INFO - Function evaluation number: 232, SI: 1, Sub-iteration number: 140, FoM: 0.003444145266874643
06/05/2022 12:07:43.309 - oc_logger - INFO - Function evaluation number: 233, SI: 1, Sub-iteration number: 141, FoM: 0.00345675506287213
06/05/2022 12:07:43.706 - oc_logger - INFO - Function evaluation number: 234, SI: 1, Sub-iteration number: 142, FoM: 0.003470424518082882
06/05/2022 12:07:44.075 - oc_logger - INFO - Function evaluation number: 235, SI: 1, Sub-iteration number: 142, FoM: 0.0034636526104236953
06/05/2022 12:07:44.391 - oc_logger - INFO - Function evaluation number: 236, SI: 1, Sub-iteration number: 143, FoM: 0.0035054788531454495
06/05/2022 12:07:44.726 - oc_logger - INFO - Function evaluation number: 237, SI: 1, Sub-iteration number: 143, FoM: 0.0034624981039661495
06/05/2022 12:07:45.045 - oc_logger - INFO - Function evaluation number: 238, SI: 1, Sub-iteration number: 144, FoM: 0.003453928143337004
06/05/2022 12:07:45.360 - oc_logger - INFO - New record achieved. Previous FoM: 0.003444145266874643, new best FoM : 0.003442863177826161
06/05/2022 12:07:45.360 - oc_logger - INFO - Function evaluation number: 239, SI: 1, Sub-iteration number: 145, FoM: 0.003442863177826161
06/05/2022 12:07:45.677 - oc_logger - INFO - New record achieved. Previous FoM: 0.003442863177826161, new best FoM : 0.0034406905538669763
06/05/2022 12:07:45.677 - oc_logger - INFO - Function evaluation number: 240, SI: 1, Sub-iteration number: 145, FoM: 0.0034406905538669763
06/05/2022 12:07:46.011 - oc_logger - INFO - Function evaluation number: 241, SI: 1, Sub-iteration number: 146, FoM: 0.0034563188959044755
06/05/2022 12:07:46.380 - oc_logger - INFO - New record achieved. Previous FoM: 0.0034406905538669763, new best FoM : 0.0034396081384278077
06/05/2022 12:07:46.380 - oc_logger - INFO - Function evaluation number: 242, SI: 1, Sub-iteration number: 147, FoM: 0.0034396081384278077
06/05/2022 12:07:46.745 - oc_logger - INFO - New record achieved. Previous FoM: 0.0034396081384278077, new best FoM : 0.0034372223723431183
06/05/2022 12:07:46.745 - oc_logger - INFO - Function evaluation number: 243, SI: 1, Sub-iteration number: 147, FoM: 0.0034372223723431183
06/05/2022 12:07:47.127 - oc_logger - INFO - Function evaluation number: 244, SI: 1, Sub-iteration number: 148, FoM: 0.003442065887377388
06/05/2022 12:07:47.481 - oc_logger - INFO - Function evaluation number: 245, SI: 1, Sub-iteration number: 149, FoM: 0.0034433836224554426
06/05/2022 12:07:47.814 - oc_logger - INFO - New record achieved. Previous FoM: 0.0034372223723431183, new best FoM : 0.003435500096530264
06/05/2022 12:07:47.814 - oc_logger - INFO - Function evaluation number: 246, SI: 1, Sub-iteration number: 150, FoM: 0.003435500096530264
06/05/2022 12:07:48.119 - oc_logger - INFO - New record achieved. Previous FoM: 0.003435500096530264, new best FoM : 0.0034338310799545413
06/05/2022 12:07:48.119 - oc_logger - INFO - Function evaluation number: 247, SI: 1, Sub-iteration number: 150, FoM: 0.0034338310799545413
06/05/2022 12:07:48.434 - oc_logger - INFO - New record achieved. Previous FoM: 0.0034338310799545413, new best FoM : 0.003422036840987297
06/05/2022 12:07:48.434 - oc_logger - INFO - Function evaluation number: 248, SI: 1, Sub-iteration number: 151, FoM: 0.003422036840987297
06/05/2022 12:07:48.784 - oc_logger - INFO - New record achieved. Previous FoM: 0.003422036840987297, new best FoM : 0.0034176098537745947
06/05/2022 12:07:48.784 - oc_logger - INFO - Function evaluation number: 249, SI: 1, Sub-iteration number: 151, FoM: 0.0034176098537745947
06/05/2022 12:07:49.134 - oc_logger - INFO - Function evaluation number: 250, SI: 1, Sub-iteration number: 152, FoM: 0.003432613706068177
06/05/2022 12:07:49.501 - oc_logger - INFO - New record achieved. Previous FoM: 0.0034176098537745947, new best FoM : 0.003415663256444601
06/05/2022 12:07:49.501 - oc_logger - INFO - Function evaluation number: 251, SI: 1, Sub-iteration number: 153, FoM: 0.003415663256444601
06/05/2022 12:07:49.868 - oc_logger - INFO - New record achieved. Previous FoM: 0.003415663256444601, new best FoM : 0.0034132240161001137
06/05/2022 12:07:49.868 - oc_logger - INFO - Function evaluation number: 252, SI: 1, Sub-iteration number: 153, FoM: 0.0034132240161001137
06/05/2022 12:07:50.235 - oc_logger - INFO - Function evaluation number: 253, SI: 1, Sub-iteration number: 154, FoM: 0.0034161830207156685
06/05/2022 12:07:50.586 - oc_logger - INFO - Function evaluation number: 254, SI: 1, Sub-iteration number: 155, FoM: 0.003431309727724763
06/05/2022 12:07:50.904 - oc_logger - INFO - New record achieved. Previous FoM: 0.0034132240161001137, new best FoM : 0.0034105608233964135
06/05/2022 12:07:50.904 - oc_logger - INFO - Function evaluation number: 255, SI: 1, Sub-iteration number: 156, FoM: 0.0034105608233964135
06/05/2022 12:07:51.237 - oc_logger - INFO - New record achieved. Previous FoM: 0.0034105608233964135, new best FoM : 0.003408870229365424
06/05/2022 12:07:51.237 - oc_logger - INFO - Function evaluation number: 256, SI: 1, Sub-iteration number: 156, FoM: 0.003408870229365424
06/05/2022 12:07:51.603 - oc_logger - INFO - New record achieved. Previous FoM: 0.003408870229365424, new best FoM : 0.0033998748704088255
06/05/2022 12:07:51.603 - oc_logger - INFO - Function evaluation number: 257, SI: 1, Sub-iteration number: 157, FoM: 0.0033998748704088255
06/05/2022 12:07:51.959 - oc_logger - INFO - New record achieved. Previous FoM: 0.0033998748704088255, new best FoM : 0.0033964278421878547
06/05/2022 12:07:51.959 - oc_logger - INFO - Function evaluation number: 258, SI: 1, Sub-iteration number: 157, FoM: 0.0033964278421878547
06/05/2022 12:07:52.338 - oc_logger - INFO - New record achieved. Previous FoM: 0.0033964278421878547, new best FoM : 0.0033831394152630256
06/05/2022 12:07:52.338 - oc_logger - INFO - Function evaluation number: 259, SI: 1, Sub-iteration number: 158, FoM: 0.0033831394152630256
06/05/2022 12:07:52.727 - oc_logger - INFO - New record achieved. Previous FoM: 0.0033831394152630256, new best FoM : 0.0033757780390740733
06/05/2022 12:07:52.727 - oc_logger - INFO - Function evaluation number: 260, SI: 1, Sub-iteration number: 158, FoM: 0.0033757780390740733
06/05/2022 12:07:53.058 - oc_logger - INFO - Function evaluation number: 261, SI: 1, Sub-iteration number: 159, FoM: 0.0034175534067254487
06/05/2022 12:07:53.377 - oc_logger - INFO - Function evaluation number: 262, SI: 1, Sub-iteration number: 160, FoM: 0.0033808147933125365
06/05/2022 12:07:53.695 - oc_logger - INFO - Function evaluation number: 263, SI: 1, Sub-iteration number: 161, FoM: 0.003383460828319973
06/05/2022 12:07:54.032 - oc_logger - INFO - New record achieved. Previous FoM: 0.0033757780390740733, new best FoM : 0.003368019243243703
06/05/2022 12:07:54.032 - oc_logger - INFO - Function evaluation number: 264, SI: 1, Sub-iteration number: 162, FoM: 0.003368019243243703
06/05/2022 12:07:54.381 - oc_logger - INFO - New record achieved. Previous FoM: 0.003368019243243703, new best FoM : 0.0033634022870554503
06/05/2022 12:07:54.381 - oc_logger - INFO - Function evaluation number: 265, SI: 1, Sub-iteration number: 162, FoM: 0.0033634022870554503
06/05/2022 12:07:54.708 - oc_logger - INFO - Function evaluation number: 266, SI: 1, Sub-iteration number: 163, FoM: 0.003413678063599157
06/05/2022 12:07:55.077 - oc_logger - INFO - Function evaluation number: 267, SI: 1, Sub-iteration number: 164, FoM: 0.0033638756052656316
06/05/2022 12:07:55.509 - oc_logger - INFO - Function evaluation number: 268, SI: 1, Sub-iteration number: 165, FoM: 0.0034272345770256507
06/05/2022 12:07:55.925 - oc_logger - INFO - Function evaluation number: 269, SI: 1, Sub-iteration number: 165, FoM: 0.0034008665308565833
06/05/2022 12:07:56.284 - oc_logger - INFO - New record achieved. Previous FoM: 0.0033634022870554503, new best FoM : 0.003362101291348729
06/05/2022 12:07:56.284 - oc_logger - INFO - Function evaluation number: 270, SI: 1, Sub-iteration number: 166, FoM: 0.003362101291348729
06/05/2022 12:07:56.622 - oc_logger - INFO - New record achieved. Previous FoM: 0.003362101291348729, new best FoM : 0.003359229431641575
06/05/2022 12:07:56.622 - oc_logger - INFO - Function evaluation number: 271, SI: 1, Sub-iteration number: 166, FoM: 0.003359229431641575
06/05/2022 12:07:56.945 - oc_logger - INFO - New record achieved. Previous FoM: 0.003359229431641575, new best FoM : 0.0033532518539290956
06/05/2022 12:07:56.945 - oc_logger - INFO - Function evaluation number: 272, SI: 1, Sub-iteration number: 167, FoM: 0.0033532518539290956
06/05/2022 12:07:57.403 - oc_logger - INFO - Function evaluation number: 273, SI: 1, Sub-iteration number: 167, FoM: 0.003353605331396725
06/05/2022 12:07:57.719 - oc_logger - INFO - Function evaluation number: 274, SI: 1, Sub-iteration number: 168, FoM: 0.0033804813729768624
06/05/2022 12:07:58.104 - oc_logger - INFO - New record achieved. Previous FoM: 0.0033532518539290956, new best FoM : 0.0033437972153833595
06/05/2022 12:07:58.104 - oc_logger - INFO - Function evaluation number: 275, SI: 1, Sub-iteration number: 169, FoM: 0.0033437972153833595
06/05/2022 12:07:58.548 - oc_logger - INFO - New record achieved. Previous FoM: 0.0033437972153833595, new best FoM : 0.0033413898576784007
06/05/2022 12:07:58.548 - oc_logger - INFO - Function evaluation number: 276, SI: 1, Sub-iteration number: 169, FoM: 0.0033413898576784007
06/05/2022 12:07:58.954 - oc_logger - INFO - Function evaluation number: 277, SI: 1, Sub-iteration number: 170, FoM: 0.0033631788104182547
06/05/2022 12:07:59.353 - oc_logger - INFO - Function evaluation number: 278, SI: 1, Sub-iteration number: 171, FoM: 0.0033422972094092618
06/05/2022 12:07:59.754 - oc_logger - INFO - Function evaluation number: 279, SI: 1, Sub-iteration number: 172, FoM: 0.003356061524819265
06/05/2022 12:08:00.104 - oc_logger - INFO - New record achieved. Previous FoM: 0.0033413898576784007, new best FoM : 0.003340780271038679
06/05/2022 12:08:00.104 - oc_logger - INFO - Function evaluation number: 280, SI: 1, Sub-iteration number: 173, FoM: 0.003340780271038679
06/05/2022 12:08:00.438 - oc_logger - INFO - New record achieved. Previous FoM: 0.003340780271038679, new best FoM : 0.003337950975558557
06/05/2022 12:08:00.438 - oc_logger - INFO - Function evaluation number: 281, SI: 1, Sub-iteration number: 173, FoM: 0.003337950975558557
06/05/2022 12:08:00.763 - oc_logger - INFO - New record achieved. Previous FoM: 0.003337950975558557, new best FoM : 0.003334476737731351
06/05/2022 12:08:00.763 - oc_logger - INFO - Function evaluation number: 282, SI: 1, Sub-iteration number: 174, FoM: 0.003334476737731351
06/05/2022 12:08:01.138 - oc_logger - INFO - New record achieved. Previous FoM: 0.003334476737731351, new best FoM : 0.003333919176055522
06/05/2022 12:08:01.138 - oc_logger - INFO - Function evaluation number: 283, SI: 1, Sub-iteration number: 174, FoM: 0.003333919176055522
06/05/2022 12:08:01.555 - oc_logger - INFO - Function evaluation number: 284, SI: 1, Sub-iteration number: 175, FoM: 0.003338847760593011
06/05/2022 12:08:01.955 - oc_logger - INFO - Function evaluation number: 285, SI: 1, Sub-iteration number: 176, FoM: 0.0033450160358082792
06/05/2022 12:08:02.340 - oc_logger - INFO - New record achieved. Previous FoM: 0.003333919176055522, new best FoM : 0.003320443115752081
06/05/2022 12:08:02.340 - oc_logger - INFO - Function evaluation number: 286, SI: 1, Sub-iteration number: 177, FoM: 0.003320443115752081
06/05/2022 12:08:02.725 - oc_logger - INFO - New record achieved. Previous FoM: 0.003320443115752081, new best FoM : 0.0033193741816325284
06/05/2022 12:08:02.725 - oc_logger - INFO - Function evaluation number: 287, SI: 1, Sub-iteration number: 177, FoM: 0.0033193741816325284
06/05/2022 12:08:03.124 - oc_logger - INFO - Function evaluation number: 288, SI: 1, Sub-iteration number: 178, FoM: 0.0033231811810586764
06/05/2022 12:08:03.527 - oc_logger - INFO - Function evaluation number: 289, SI: 1, Sub-iteration number: 179, FoM: 0.003324874270559164
06/05/2022 12:08:03.843 - oc_logger - INFO - Function evaluation number: 290, SI: 1, Sub-iteration number: 180, FoM: 0.0033410383440384273
06/05/2022 12:08:04.177 - oc_logger - INFO - Function evaluation number: 291, SI: 1, Sub-iteration number: 181, FoM: 0.003320555126344993
06/05/2022 12:08:04.545 - oc_logger - INFO - New record achieved. Previous FoM: 0.0033193741816325284, new best FoM : 0.003315625364028185
06/05/2022 12:08:04.545 - oc_logger - INFO - Function evaluation number: 292, SI: 1, Sub-iteration number: 182, FoM: 0.003315625364028185
06/05/2022 12:08:04.864 - oc_logger - INFO - New record achieved. Previous FoM: 0.003315625364028185, new best FoM : 0.003313693359229597
06/05/2022 12:08:04.864 - oc_logger - INFO - Function evaluation number: 293, SI: 1, Sub-iteration number: 182, FoM: 0.003313693359229597
06/05/2022 12:08:05.180 - oc_logger - INFO - Function evaluation number: 294, SI: 1, Sub-iteration number: 183, FoM: 0.0033365786654711016
06/05/2022 12:08:05.528 - oc_logger - INFO - Function evaluation number: 295, SI: 1, Sub-iteration number: 184, FoM: 0.003317050548650391
06/05/2022 12:08:05.847 - oc_logger - INFO - Function evaluation number: 296, SI: 1, Sub-iteration number: 185, FoM: 0.003316975421334578
06/05/2022 12:08:06.164 - oc_logger - INFO - Function evaluation number: 297, SI: 1, Sub-iteration number: 186, FoM: 0.0033423717843681366
06/05/2022 12:08:06.521 - oc_logger - INFO - Function evaluation number: 298, SI: 1, Sub-iteration number: 186, FoM: 0.0033307458357921815
06/05/2022 12:08:06.849 - oc_logger - INFO - New record achieved. Previous FoM: 0.003313693359229597, new best FoM : 0.0033049342267779114
06/05/2022 12:08:06.849 - oc_logger - INFO - Function evaluation number: 299, SI: 1, Sub-iteration number: 187, FoM: 0.0033049342267779114
06/05/2022 12:08:07.230 - oc_logger - INFO - New record achieved. Previous FoM: 0.0033049342267779114, new best FoM : 0.0033026263478076467
06/05/2022 12:08:07.230 - oc_logger - INFO - Function evaluation number: 300, SI: 1, Sub-iteration number: 187, FoM: 0.0033026263478076467
06/05/2022 12:08:07.578 - oc_logger - INFO - Function evaluation number: 301, SI: 1, Sub-iteration number: 188, FoM: 0.0033254545030367844
06/05/2022 12:08:07.921 - oc_logger - INFO - Function evaluation number: 302, SI: 1, Sub-iteration number: 188, FoM: 0.003315620557601484
06/05/2022 12:08:08.293 - oc_logger - INFO - Function evaluation number: 303, SI: 1, Sub-iteration number: 189, FoM: 0.003332613235096371
06/05/2022 12:08:08.639 - oc_logger - INFO - Function evaluation number: 304, SI: 1, Sub-iteration number: 189, FoM: 0.0033206155977413276
06/05/2022 12:08:09.306 - oc_logger - INFO - Function evaluation number: 305, SI: 1, Sub-iteration number: 190, FoM: 0.003310599769531075
06/05/2022 12:08:09.614 - oc_logger - INFO - Function evaluation number: 306, SI: 1, Sub-iteration number: 191, FoM: 0.0033140504747015687
06/05/2022 12:08:10.022 - oc_logger - INFO - Function evaluation number: 307, SI: 1, Sub-iteration number: 192, FoM: 0.0033189534742648075
06/05/2022 12:08:10.389 - oc_logger - INFO - New record achieved. Previous FoM: 0.0033026263478076467, new best FoM : 0.003299507443737637
06/05/2022 12:08:10.389 - oc_logger - INFO - Function evaluation number: 308, SI: 1, Sub-iteration number: 193, FoM: 0.003299507443737637
06/05/2022 12:08:10.822 - oc_logger - INFO - New record achieved. Previous FoM: 0.003299507443737637, new best FoM : 0.003297988469565083
06/05/2022 12:08:10.823 - oc_logger - INFO - Function evaluation number: 309, SI: 1, Sub-iteration number: 193, FoM: 0.003297988469565083
06/05/2022 12:08:11.236 - oc_logger - INFO - Function evaluation number: 310, SI: 1, Sub-iteration number: 194, FoM: 0.0033142763841228495
06/05/2022 12:08:11.725 - oc_logger - INFO - Function evaluation number: 311, SI: 1, Sub-iteration number: 195, FoM: 0.0033005595574201463
06/05/2022 12:08:12.255 - oc_logger - INFO - Function evaluation number: 312, SI: 1, Sub-iteration number: 196, FoM: 0.003300428298754543
06/05/2022 12:08:12.727 - oc_logger - INFO - Function evaluation number: 313, SI: 1, Sub-iteration number: 197, FoM: 0.0032995850017987216
06/05/2022 12:08:13.148 - oc_logger - INFO - Function evaluation number: 314, SI: 1, Sub-iteration number: 198, FoM: 0.003304390598667606
06/05/2022 12:08:13.651 - oc_logger - INFO - New record achieved. Previous FoM: 0.003297988469565083, new best FoM : 0.0032969038190321376
06/05/2022 12:08:13.651 - oc_logger - INFO - Function evaluation number: 315, SI: 1, Sub-iteration number: 199, FoM: 0.0032969038190321376
06/05/2022 12:08:13.949 - oc_logger - INFO - New record achieved. Previous FoM: 0.0032969038190321376, new best FoM : 0.003296299513717238
06/05/2022 12:08:13.949 - oc_logger - INFO - Function evaluation number: 316, SI: 1, Sub-iteration number: 199, FoM: 0.003296299513717238
06/05/2022 12:08:14.220 - oc_logger - INFO - Function evaluation number: 317, SI: 1, Sub-iteration number: 200, FoM: 0.0033147978140148915
06/05/2022 12:08:14.550 - oc_logger - INFO - Function evaluation number: 318, SI: 1, Sub-iteration number: 200, FoM: 0.003307940691262279
06/05/2022 12:08:14.874 - oc_logger - INFO - New record achieved. Previous FoM: 0.003296299513717238, new best FoM : 0.0032951555963108836
06/05/2022 12:08:14.874 - oc_logger - INFO - Function evaluation number: 319, SI: 1, Sub-iteration number: 201, FoM: 0.0032951555963108836
06/05/2022 12:08:15.175 - oc_logger - INFO - Function evaluation number: 320, SI: 1, Sub-iteration number: 201, FoM: 0.0032977853068599794
06/05/2022 12:08:15.518 - oc_logger - INFO - Function evaluation number: 321, SI: 1, Sub-iteration number: 202, FoM: 0.0033046321289385006
06/05/2022 12:08:15.799 - oc_logger - INFO - Function evaluation number: 322, SI: 1, Sub-iteration number: 202, FoM: 0.0033029909791129075
06/05/2022 12:08:16.089 - oc_logger - INFO - Function evaluation number: 323, SI: 1, Sub-iteration number: 203, FoM: 0.003301456512624923
06/05/2022 12:08:16.347 - oc_logger - INFO - Function evaluation number: 324, SI: 1, Sub-iteration number: 204, FoM: 0.0033068315643149937
06/05/2022 12:08:16.577 - oc_logger - INFO - Function evaluation number: 325, SI: 1, Sub-iteration number: 204, FoM: 0.003300063145407095
06/05/2022 12:08:16.830 - oc_logger - INFO - Function evaluation number: 326, SI: 1, Sub-iteration number: 205, FoM: 0.0032956056250194043
06/05/2022 12:08:17.101 - oc_logger - INFO - Function evaluation number: 327, SI: 1, Sub-iteration number: 206, FoM: 0.003300875723929675
06/05/2022 12:08:17.363 - oc_logger - INFO - Function evaluation number: 328, SI: 1, Sub-iteration number: 206, FoM: 0.003295732088565262
06/05/2022 12:08:17.661 - oc_logger - INFO - New record achieved. Previous FoM: 0.0032951555963108836, new best FoM : 0.0032943115224550734
06/05/2022 12:08:17.661 - oc_logger - INFO - Function evaluation number: 329, SI: 1, Sub-iteration number: 207, FoM: 0.0032943115224550734
06/05/2022 12:08:18.161 - oc_logger - INFO - Function evaluation number: 330, SI: 1, Sub-iteration number: 207, FoM: 0.0032946159396834984
06/05/2022 12:08:18.718 - oc_logger - INFO - Function evaluation number: 331, SI: 1, Sub-iteration number: 208, FoM: 0.003296350060577824
06/05/2022 12:08:19.155 - oc_logger - INFO - Function evaluation number: 332, SI: 1, Sub-iteration number: 209, FoM: 0.003298361410102868
06/05/2022 12:08:19.520 - oc_logger - INFO - Function evaluation number: 333, SI: 1, Sub-iteration number: 210, FoM: 0.0032951876707407735
06/05/2022 12:08:19.785 - oc_logger - INFO - Function evaluation number: 334, SI: 1, Sub-iteration number: 211, FoM: 0.0032986071171094977
06/05/2022 12:08:20.177 - oc_logger - INFO - Function evaluation number: 335, SI: 1, Sub-iteration number: 211, FoM: 0.0032959558768314023
06/05/2022 12:08:20.637 - oc_logger - INFO - New record achieved. Previous FoM: 0.0032943115224550734, new best FoM : 0.0032927870533167036
06/05/2022 12:08:20.637 - oc_logger - INFO - Function evaluation number: 336, SI: 1, Sub-iteration number: 212, FoM: 0.0032927870533167036
06/05/2022 12:08:21.107 - oc_logger - INFO - New record achieved. Previous FoM: 0.0032927870533167036, new best FoM : 0.0032924148059079172
06/05/2022 12:08:21.107 - oc_logger - INFO - Function evaluation number: 337, SI: 1, Sub-iteration number: 212, FoM: 0.0032924148059079172
06/05/2022 12:08:21.549 - oc_logger - INFO - Function evaluation number: 338, SI: 1, Sub-iteration number: 213, FoM: 0.0033003513833228526
06/05/2022 12:08:21.880 - oc_logger - INFO - Function evaluation number: 339, SI: 1, Sub-iteration number: 213, FoM: 0.0032950794545202333
06/05/2022 12:08:22.168 - oc_logger - INFO - Function evaluation number: 340, SI: 1, Sub-iteration number: 214, FoM: 0.00330593443166205
06/05/2022 12:08:22.494 - oc_logger - INFO - Function evaluation number: 341, SI: 1, Sub-iteration number: 214, FoM: 0.0032933939007021573
06/05/2022 12:08:22.748 - oc_logger - INFO - New record achieved. Previous FoM: 0.0032924148059079172, new best FoM : 0.0032920692219500225
06/05/2022 12:08:22.748 - oc_logger - INFO - Function evaluation number: 342, SI: 1, Sub-iteration number: 215, FoM: 0.0032920692219500225
06/05/2022 12:08:22.986 - oc_logger - INFO - New record achieved. Previous FoM: 0.0032920692219500225, new best FoM : 0.003291510616712734
06/05/2022 12:08:22.986 - oc_logger - INFO - Function evaluation number: 343, SI: 1, Sub-iteration number: 215, FoM: 0.003291510616712734
06/05/2022 12:08:23.285 - oc_logger - INFO - Function evaluation number: 344, SI: 1, Sub-iteration number: 216, FoM: 0.003292261950297526
06/05/2022 12:08:23.625 - oc_logger - INFO - New record achieved. Previous FoM: 0.003291510616712734, new best FoM : 0.003290264444362423
06/05/2022 12:08:23.625 - oc_logger - INFO - Function evaluation number: 345, SI: 1, Sub-iteration number: 217, FoM: 0.003290264444362423
06/05/2022 12:08:24.062 - oc_logger - INFO - Function evaluation number: 346, SI: 1, Sub-iteration number: 217, FoM: 0.003291854099690683
06/05/2022 12:08:24.548 - oc_logger - INFO - Function evaluation number: 347, SI: 1, Sub-iteration number: 218, FoM: 0.0032921229503636296
06/05/2022 12:08:24.960 - oc_logger - INFO - Function evaluation number: 348, SI: 1, Sub-iteration number: 219, FoM: 0.0032936843547054506
06/05/2022 12:08:25.313 - oc_logger - INFO - Function evaluation number: 349, SI: 1, Sub-iteration number: 220, FoM: 0.003290317467657955
06/05/2022 12:08:25.654 - oc_logger - INFO - New record achieved. Previous FoM: 0.003290264444362423, new best FoM : 0.0032901584032092313
06/05/2022 12:08:25.654 - oc_logger - INFO - Function evaluation number: 350, SI: 1, Sub-iteration number: 221, FoM: 0.0032901584032092313
06/05/2022 12:08:25.998 - oc_logger - INFO - New record achieved. Previous FoM: 0.0032901584032092313, new best FoM : 0.0032900403330179406
06/05/2022 12:08:25.999 - oc_logger - INFO - Function evaluation number: 351, SI: 1, Sub-iteration number: 221, FoM: 0.0032900403330179406
06/05/2022 12:08:26.265 - oc_logger - INFO - Function evaluation number: 352, SI: 1, Sub-iteration number: 222, FoM: 0.003292361611397676
06/05/2022 12:08:26.585 - oc_logger - INFO - Function evaluation number: 353, SI: 1, Sub-iteration number: 223, FoM: 0.0032903806305703
06/05/2022 12:08:26.586 - oc_logger - INFO - SI 1 finished - Number of evaluations: 353, Best FoM: 0.0032900403330179406, Terminate reason: Convergence of the FoM.

06/05/2022 12:08:26.587 - oc_logger - INFO - Direct search start time has been reset.
06/05/2022 12:08:26.886 - oc_logger - INFO - Function evaluation number: 354, SI: 2, Sub-iteration number: 0, FoM: 0.0032900403330179406
06/05/2022 12:08:27.128 - oc_logger - INFO - Function evaluation number: 355, SI: 2, Sub-iteration number: 0, FoM: 0.0032900658522461157
06/05/2022 12:08:27.400 - oc_logger - INFO - Function evaluation number: 356, SI: 2, Sub-iteration number: 0, FoM: 0.0032900462106959516
06/05/2022 12:08:27.713 - oc_logger - INFO - New record achieved. Previous FoM: 0.0032900403330179406, new best FoM : 0.0032900328240182963
06/05/2022 12:08:27.713 - oc_logger - INFO - Function evaluation number: 357, SI: 2, Sub-iteration number: 0, FoM: 0.0032900328240182963
06/05/2022 12:08:27.972 - oc_logger - INFO - Function evaluation number: 358, SI: 2, Sub-iteration number: 0, FoM: 0.0032900549523987577
06/05/2022 12:08:28.312 - oc_logger - INFO - Function evaluation number: 359, SI: 2, Sub-iteration number: 0, FoM: 0.003290037103489629
06/05/2022 12:08:28.654 - oc_logger - INFO - Function evaluation number: 360, SI: 2, Sub-iteration number: 0, FoM: 0.0032901555448615616
06/05/2022 12:08:28.986 - oc_logger - INFO - Function evaluation number: 361, SI: 2, Sub-iteration number: 0, FoM: 0.0032900602136179957
06/05/2022 12:08:29.234 - oc_logger - INFO - New record achieved. Previous FoM: 0.0032900328240182963, new best FoM : 0.0032900324121412083
06/05/2022 12:08:29.234 - oc_logger - INFO - Function evaluation number: 362, SI: 2, Sub-iteration number: 0, FoM: 0.0032900324121412083
06/05/2022 12:08:29.562 - oc_logger - INFO - Function evaluation number: 363, SI: 2, Sub-iteration number: 1, FoM: 0.0032900346751195686
06/05/2022 12:08:29.562 - oc_logger - INFO - SI 2 finished - Number of evaluations: 10, Best FoM: 0.0032900324121412083, Terminate reason: Convergence of the FoM.

06/05/2022 12:08:29.562 - oc_logger - INFO - Direct search start time has been reset.
06/05/2022 12:08:29.907 - oc_logger - INFO - Function evaluation number: 364, SI: 3, Sub-iteration number: 0, FoM: 0.0032900324121412083
06/05/2022 12:08:30.248 - oc_logger - INFO - Function evaluation number: 365, SI: 3, Sub-iteration number: 0, FoM: 0.0032900609326387276
06/05/2022 12:08:30.592 - oc_logger - INFO - Function evaluation number: 366, SI: 3, Sub-iteration number: 0, FoM: 0.0032900330410314815
06/05/2022 12:08:30.935 - oc_logger - INFO - Function evaluation number: 367, SI: 3, Sub-iteration number: 0, FoM: 0.0032900353138103355
06/05/2022 12:08:31.278 - oc_logger - INFO - Function evaluation number: 368, SI: 3, Sub-iteration number: 0, FoM: 0.0032900660187458186
06/05/2022 12:08:31.619 - oc_logger - INFO - Function evaluation number: 369, SI: 3, Sub-iteration number: 0, FoM: 0.0032900378967499755
06/05/2022 12:08:31.962 - oc_logger - INFO - Function evaluation number: 370, SI: 3, Sub-iteration number: 0, FoM: 0.003290034952969534
06/05/2022 12:08:32.302 - oc_logger - INFO - Function evaluation number: 371, SI: 3, Sub-iteration number: 0, FoM: 0.0032900391192430822
06/05/2022 12:08:32.551 - oc_logger - INFO - Function evaluation number: 372, SI: 3, Sub-iteration number: 0, FoM: 0.003290038424001218
06/05/2022 12:08:32.824 - oc_logger - INFO - Function evaluation number: 373, SI: 3, Sub-iteration number: 1, FoM: 0.0032900398021156185
06/05/2022 12:08:32.824 - oc_logger - INFO - SI 3 finished - Number of evaluations: 10, Best FoM: 0.0032900324121412083, Terminate reason: Convergence of the FoM.

06/05/2022 12:08:32.826 - oc_logger - INFO - Figure of merit : 0.0032900324121412083
06/05/2022 12:08:32.826 - oc_logger - INFO - Std : 0.0
06/05/2022 12:08:32.826 - oc_logger - INFO - total number of function evaluations : 373
06/05/2022 12:08:32.827 - oc_logger - INFO - dcrab_freq_list : [array([[ 0.8748886 ,  5.33780809,  9.11414226, 11.63299519]]), array([[ 1.96127592,  7.3183534 , 10.47560822, 14.12963884]]), array([[ 0.33081137,  6.47687641, 10.49979923, 14.1753661 ]])]
06/05/2022 12:08:32.829 - oc_logger - INFO - dcrab_para_list : [array([ 48.0046708 , 189.37833467, -24.86664494, -11.05992753,
       -40.03601784,  28.47560656, -32.92729186, -69.16413672]), array([ 0.20676906, -0.05419518, -0.01691481,  0.02550512, -0.13452003,
        0.16638923, -0.17588226,  0.04070913]), array([0., 0., 0., 0., 0., 0., 0., 0.])]
06/05/2022 12:08:32.829 - oc_logger - INFO - terminate_reason : Convergence of the FoM.
