06/07/2022 07:16:38.051 - oc_logger - INFO - The optimization direction is minimization
06/07/2022 07:16:38.052 - oc_logger - INFO - QuOCS version number: 0.0.22
06/07/2022 07:16:38.091 - oc_logger - INFO - Function evaluation number: 1, FoM: 0.6360197177307646
06/07/2022 07:16:38.102 - oc_logger - INFO - Function evaluation number: 2, FoM: 0.5961399682643624
06/07/2022 07:16:38.111 - oc_logger - INFO - Function evaluation number: 3, FoM: 0.637855769691571
06/07/2022 07:16:38.119 - oc_logger - INFO - Function evaluation number: 4, FoM: 0.5941246026787278
06/07/2022 07:16:38.127 - oc_logger - INFO - Function evaluation number: 5, FoM: 0.5675884076777221
06/07/2022 07:16:38.135 - oc_logger - INFO - Function evaluation number: 6, FoM: 0.5107989786999817
06/07/2022 07:16:38.143 - oc_logger - INFO - Function evaluation number: 7, FoM: 0.42589765107869826
06/07/2022 07:16:38.151 - oc_logger - INFO - Function evaluation number: 8, FoM: 0.3857005748679403
06/07/2022 07:16:38.161 - oc_logger - INFO - Function evaluation number: 9, FoM: 0.25959635548729465
06/07/2022 07:16:38.172 - oc_logger - INFO - Function evaluation number: 10, FoM: 0.09865905225984262
06/07/2022 07:16:38.182 - oc_logger - INFO - Function evaluation number: 11, FoM: 0.05796369368008425
06/07/2022 07:16:38.191 - oc_logger - INFO - Function evaluation number: 12, FoM: 0.0738682497059675
06/07/2022 07:16:38.203 - oc_logger - INFO - Function evaluation number: 13, FoM: 0.18766436634118366
06/07/2022 07:16:38.212 - oc_logger - INFO - Function evaluation number: 14, FoM: 0.013046985083276619
06/07/2022 07:16:38.222 - oc_logger - INFO - Function evaluation number: 15, FoM: 0.07356509544425527
06/07/2022 07:16:38.233 - oc_logger - INFO - Function evaluation number: 16, FoM: 0.07366253397198608
06/07/2022 07:16:38.241 - oc_logger - INFO - Function evaluation number: 17, FoM: 0.07374548400330094
06/07/2022 07:16:38.251 - oc_logger - INFO - Function evaluation number: 18, FoM: 0.05268788887283726
06/07/2022 07:16:38.261 - oc_logger - INFO - Function evaluation number: 19, FoM: 0.04160110221410451
06/07/2022 07:16:38.272 - oc_logger - INFO - Function evaluation number: 20, FoM: 0.11004108100568044
06/07/2022 07:16:38.282 - oc_logger - INFO - Function evaluation number: 21, FoM: 0.02476067678040139
06/07/2022 07:16:38.292 - oc_logger - INFO - Function evaluation number: 22, FoM: 0.05948509786379197
06/07/2022 07:16:38.304 - oc_logger - INFO - Function evaluation number: 23, FoM: 0.008998963870991084
06/07/2022 07:16:38.316 - oc_logger - INFO - Function evaluation number: 24, FoM: 0.02341469140023633
06/07/2022 07:16:38.326 - oc_logger - INFO - Function evaluation number: 25, FoM: 0.01011133135411968
06/07/2022 07:16:38.337 - oc_logger - INFO - Function evaluation number: 26, FoM: 0.03498988661391533
06/07/2022 07:16:38.349 - oc_logger - INFO - Function evaluation number: 27, FoM: 0.002117608163016982
06/07/2022 07:16:38.359 - oc_logger - INFO - Function evaluation number: 28, FoM: 0.0031562471125892166
06/07/2022 07:16:38.371 - oc_logger - INFO - Function evaluation number: 29, FoM: 0.013532321749350151
06/07/2022 07:16:38.382 - oc_logger - INFO - Function evaluation number: 30, FoM: 0.0030893664309348257
06/07/2022 07:16:38.392 - oc_logger - INFO - Function evaluation number: 31, FoM: 0.0041681306300338505
06/07/2022 07:16:38.402 - oc_logger - INFO - Function evaluation number: 32, FoM: 0.0013545307926028372
06/07/2022 07:16:38.413 - oc_logger - INFO - Function evaluation number: 33, FoM: 0.006431951770973221
06/07/2022 07:16:38.422 - oc_logger - INFO - Function evaluation number: 34, FoM: 0.000660108859486197
06/07/2022 07:16:38.433 - oc_logger - INFO - Function evaluation number: 35, FoM: 0.001436413574391615
06/07/2022 07:16:38.444 - oc_logger - INFO - Function evaluation number: 36, FoM: 0.0005407744820380422
06/07/2022 07:16:38.454 - oc_logger - INFO - Function evaluation number: 37, FoM: 0.00257676705478016
06/07/2022 07:16:38.464 - oc_logger - INFO - Function evaluation number: 38, FoM: 0.0003797962181522063
06/07/2022 07:16:38.473 - oc_logger - INFO - Function evaluation number: 39, FoM: 0.0004980260400351266
06/07/2022 07:16:38.483 - oc_logger - INFO - Function evaluation number: 40, FoM: 0.0014133817862418407
06/07/2022 07:16:38.494 - oc_logger - INFO - Function evaluation number: 41, FoM: 5.020875311056994e-05
06/07/2022 07:16:38.504 - oc_logger - INFO - Function evaluation number: 42, FoM: 0.00016918403725696418
06/07/2022 07:16:38.514 - oc_logger - INFO - Function evaluation number: 43, FoM: 0.0006003450427987111
06/07/2022 07:16:38.525 - oc_logger - INFO - Function evaluation number: 44, FoM: 0.0001352669956000696
06/07/2022 07:16:38.536 - oc_logger - INFO - Function evaluation number: 45, FoM: 0.00025367657759600704
06/07/2022 07:16:38.546 - oc_logger - INFO - Function evaluation number: 46, FoM: 6.322381424683776e-05
06/07/2022 07:16:38.556 - oc_logger - INFO - Function evaluation number: 47, FoM: 0.0002488594030920499
06/07/2022 07:16:38.566 - oc_logger - INFO - Function evaluation number: 48, FoM: 3.932033726705697e-05
06/07/2022 07:16:38.577 - oc_logger - INFO - Function evaluation number: 49, FoM: 5.223094713557863e-05
06/07/2022 07:16:38.588 - oc_logger - INFO - Function evaluation number: 50, FoM: 2.3420675835383875e-05
06/07/2022 07:16:38.598 - oc_logger - INFO - Function evaluation number: 51, FoM: 0.00011291674107960503
06/07/2022 07:16:38.610 - oc_logger - INFO - Function evaluation number: 52, FoM: 9.404060353213062e-06
06/07/2022 07:16:38.620 - oc_logger - INFO - Function evaluation number: 53, FoM: 2.539239442667096e-05
06/07/2022 07:16:38.629 - oc_logger - INFO - Function evaluation number: 54, FoM: 9.179616580756722e-06
06/07/2022 07:16:38.633 - oc_logger - INFO - Figure of merit : 9.179616580756722e-06
06/07/2022 07:16:38.633 - oc_logger - INFO - parameters : [ 7.01602924 -0.05033095]
06/07/2022 07:16:38.634 - oc_logger - INFO - terminate_reason : Convergence of the simplex.
