06/08/2022 10:50:33.043 - oc_logger - INFO - The optimization direction is minimization
06/08/2022 10:50:33.044 - oc_logger - INFO - QuOCS version number: 0.0.22
06/08/2022 10:50:33.658 - oc_logger - INFO - Function evaluation number: 1, FoM: 0.59368752477903
06/08/2022 10:50:34.022 - oc_logger - INFO - Function evaluation number: 2, FoM: 0.6013480044751378
06/08/2022 10:50:34.418 - oc_logger - INFO - Function evaluation number: 3, FoM: 0.629351871659996
06/08/2022 10:50:35.042 - oc_logger - INFO - Function evaluation number: 4, FoM: 0.5565537824539616
06/08/2022 10:50:35.403 - oc_logger - INFO - Function evaluation number: 5, FoM: 0.5074451947136874
06/08/2022 10:50:35.728 - oc_logger - INFO - Function evaluation number: 6, FoM: 0.49595823760327606
06/08/2022 10:50:36.103 - oc_logger - INFO - Function evaluation number: 7, FoM: 0.4290899456758459
06/08/2022 10:50:36.440 - oc_logger - INFO - Function evaluation number: 8, FoM: 0.30887413894412774
06/08/2022 10:50:36.760 - oc_logger - INFO - Function evaluation number: 9, FoM: 0.14349246820683437
06/08/2022 10:50:37.091 - oc_logger - INFO - Function evaluation number: 10, FoM: 0.06506251903240368
06/08/2022 10:50:37.454 - oc_logger - INFO - Function evaluation number: 11, FoM: 0.06467084058662098
06/08/2022 10:50:37.776 - oc_logger - INFO - Function evaluation number: 12, FoM: 0.020563739878625364
06/08/2022 10:50:38.112 - oc_logger - INFO - Function evaluation number: 13, FoM: 0.374709340157404
06/08/2022 10:50:38.442 - oc_logger - INFO - Function evaluation number: 14, FoM: 0.24757144045768376
06/08/2022 10:50:38.807 - oc_logger - INFO - Function evaluation number: 15, FoM: 0.030508628146787453
06/08/2022 10:50:39.138 - oc_logger - INFO - Function evaluation number: 16, FoM: 0.05858375082317724
06/08/2022 10:50:39.457 - oc_logger - INFO - Function evaluation number: 17, FoM: 0.07080063372691758
06/08/2022 10:50:39.825 - oc_logger - INFO - Function evaluation number: 18, FoM: 0.07594498251238857
06/08/2022 10:50:40.156 - oc_logger - INFO - Function evaluation number: 19, FoM: 0.07195452242046918
06/08/2022 10:50:40.481 - oc_logger - INFO - Function evaluation number: 20, FoM: 0.0058685160617112375
06/08/2022 10:50:40.824 - oc_logger - INFO - Function evaluation number: 21, FoM: 0.09463211465945831
06/08/2022 10:50:41.199 - oc_logger - INFO - Function evaluation number: 22, FoM: 0.11897850321115955
06/08/2022 10:50:41.522 - oc_logger - INFO - Function evaluation number: 23, FoM: 0.04911914798621697
06/08/2022 10:50:41.858 - oc_logger - INFO - Function evaluation number: 24, FoM: 0.04919966284398425
06/08/2022 10:50:42.184 - oc_logger - INFO - Function evaluation number: 25, FoM: 0.030687814618588494
06/08/2022 10:50:42.556 - oc_logger - INFO - Function evaluation number: 26, FoM: 0.018833234762055007
06/08/2022 10:50:42.890 - oc_logger - INFO - Function evaluation number: 27, FoM: 0.051379357906772505
06/08/2022 10:50:43.217 - oc_logger - INFO - Function evaluation number: 28, FoM: 0.004999602848197338
06/08/2022 10:50:43.579 - oc_logger - INFO - Function evaluation number: 29, FoM: 0.016377141808074036
06/08/2022 10:50:43.909 - oc_logger - INFO - Function evaluation number: 30, FoM: 0.00824196262652066
06/08/2022 10:50:44.243 - oc_logger - INFO - Function evaluation number: 31, FoM: 0.009377832453936863
06/08/2022 10:50:44.564 - oc_logger - INFO - Function evaluation number: 32, FoM: 0.004003032067368517
06/08/2022 10:50:44.950 - oc_logger - INFO - Function evaluation number: 33, FoM: 0.01423880701814495
06/08/2022 10:50:45.283 - oc_logger - INFO - Function evaluation number: 34, FoM: 0.0006051765777542739
06/08/2022 10:50:45.630 - oc_logger - INFO - Function evaluation number: 35, FoM: 0.0016401971427638662
06/08/2022 10:50:45.965 - oc_logger - INFO - Function evaluation number: 36, FoM: 0.006401674114421274
06/08/2022 10:50:46.348 - oc_logger - INFO - Function evaluation number: 37, FoM: 0.0014603359879192812
06/08/2022 10:50:46.668 - oc_logger - INFO - Function evaluation number: 38, FoM: 0.002474015147419184
06/08/2022 10:50:46.997 - oc_logger - INFO - Function evaluation number: 39, FoM: 0.0006013713390691233
06/08/2022 10:50:47.369 - oc_logger - INFO - Function evaluation number: 40, FoM: 0.0026913155286000245
06/08/2022 10:50:47.684 - oc_logger - INFO - Function evaluation number: 41, FoM: 0.00043165042832660205
06/08/2022 10:50:48.012 - oc_logger - INFO - Function evaluation number: 42, FoM: 0.00043541599563656774
06/08/2022 10:50:48.343 - oc_logger - INFO - Function evaluation number: 43, FoM: 0.0014624128880962317
06/08/2022 10:50:48.708 - oc_logger - INFO - Function evaluation number: 44, FoM: 8.311395475102401e-05
06/08/2022 10:50:49.038 - oc_logger - INFO - Function evaluation number: 45, FoM: 8.704193906416968e-05
06/08/2022 10:50:49.364 - oc_logger - INFO - Function evaluation number: 46, FoM: 0.0006032025510093186
06/08/2022 10:50:49.685 - oc_logger - INFO - Function evaluation number: 47, FoM: 0.0001735144524996901
06/08/2022 10:50:50.052 - oc_logger - INFO - Function evaluation number: 48, FoM: 0.000343912408694802
06/08/2022 10:50:50.379 - oc_logger - INFO - Function evaluation number: 49, FoM: 4.43020312885789e-05
06/08/2022 10:50:50.698 - oc_logger - INFO - Function evaluation number: 50, FoM: 4.7975338479444574e-05
06/08/2022 10:50:51.074 - oc_logger - INFO - Function evaluation number: 51, FoM: 0.0001754378328804318
06/08/2022 10:50:51.398 - oc_logger - INFO - Function evaluation number: 52, FoM: 1.8439925176916283e-05
06/08/2022 10:50:51.718 - oc_logger - INFO - Function evaluation number: 53, FoM: 2.2383250125934673e-05
06/08/2022 10:50:52.052 - oc_logger - INFO - Function evaluation number: 54, FoM: 8.500661693511269e-05
06/08/2022 10:50:52.435 - oc_logger - INFO - Function evaluation number: 55, FoM: 1.198388870427003e-05
06/08/2022 10:50:52.758 - oc_logger - INFO - Function evaluation number: 56, FoM: 1.5649506592163576e-05
06/08/2022 10:50:53.088 - oc_logger - INFO - Function evaluation number: 57, FoM: 4.6210053155748554e-05
06/08/2022 10:50:53.411 - oc_logger - INFO - Function evaluation number: 58, FoM: 2.2751755632821613e-06
06/08/2022 10:50:53.789 - oc_logger - INFO - Function evaluation number: 59, FoM: 6.222335580896576e-06
06/08/2022 10:50:54.119 - oc_logger - INFO - Function evaluation number: 60, FoM: 2.0340267346097285e-05
06/08/2022 10:50:54.446 - oc_logger - INFO - Function evaluation number: 61, FoM: 3.903413427819302e-06
06/08/2022 10:50:54.821 - oc_logger - INFO - Function evaluation number: 62, FoM: 7.5671089643236655e-06
06/08/2022 10:50:55.149 - oc_logger - INFO - Function evaluation number: 63, FoM: 2.6551064514768186e-06
06/08/2022 10:50:55.469 - oc_logger - INFO - Function evaluation number: 64, FoM: 8.798787462738211e-06
06/08/2022 10:50:55.802 - oc_logger - INFO - Function evaluation number: 65, FoM: 7.357309126376776e-07
06/08/2022 10:50:56.177 - oc_logger - INFO - Function evaluation number: 66, FoM: 1.0379202073362848e-06
06/08/2022 10:50:56.493 - oc_logger - INFO - Function evaluation number: 67, FoM: 4.0994885963652195e-06
06/08/2022 10:50:56.834 - oc_logger - INFO - Function evaluation number: 68, FoM: 6.795417116789437e-07
06/08/2022 10:50:57.160 - oc_logger - INFO - Function evaluation number: 69, FoM: 1.0764975161281498e-06
06/08/2022 10:50:57.530 - oc_logger - INFO - Function evaluation number: 70, FoM: 5.518180332675371e-07
06/08/2022 10:50:57.857 - oc_logger - INFO - Function evaluation number: 71, FoM: 9.464524104441097e-07
06/08/2022 10:50:58.183 - oc_logger - INFO - Function evaluation number: 72, FoM: 3.464034006306349e-07
06/08/2022 10:50:58.184 - oc_logger - INFO - Figure of merit : 3.464034006306349e-07
06/08/2022 10:50:58.185 - oc_logger - INFO - parameters : [ 6.95557582 -1.38329502]
06/08/2022 10:50:58.185 - oc_logger - INFO - terminate_reason : Convergence of the simplex.
