06/06/2022 03:54:32.311 - oc_logger - INFO - The optimization direction is minimization
06/06/2022 03:54:32.313 - oc_logger - INFO - QuOCS version number: 0.0.22
06/06/2022 03:54:32.313 - oc_logger - INFO - Direct search start time has been reset.
06/06/2022 03:54:32.447 - oc_logger - INFO - New record achieved. Previous FoM: 10000000000.0, new best FoM : 0.7887308039944226
06/06/2022 03:54:32.447 - oc_logger - INFO - Function evaluation number: 1, SI: 1, Sub-iteration number: 0, FoM: 0.7887308039944226
06/06/2022 03:54:32.585 - oc_logger - INFO - New record achieved. Previous FoM: 0.7887308039944226, new best FoM : 0.7651457764962193
06/06/2022 03:54:32.586 - oc_logger - INFO - Function evaluation number: 2, SI: 1, Sub-iteration number: 0, FoM: 0.7651457764962193
06/06/2022 03:54:32.730 - oc_logger - INFO - Function evaluation number: 3, SI: 1, Sub-iteration number: 0, FoM: 0.782290380789645
06/06/2022 03:54:32.857 - oc_logger - INFO - Function evaluation number: 4, SI: 1, Sub-iteration number: 0, FoM: 0.7852173594264823
06/06/2022 03:54:32.992 - oc_logger - INFO - Function evaluation number: 5, SI: 1, Sub-iteration number: 0, FoM: 0.7926323317420636
06/06/2022 03:54:33.124 - oc_logger - INFO - Function evaluation number: 6, SI: 1, Sub-iteration number: 0, FoM: 0.7883536789806903
06/06/2022 03:54:33.250 - oc_logger - INFO - Function evaluation number: 7, SI: 1, Sub-iteration number: 0, FoM: 0.7908271056248644
06/06/2022 03:54:33.377 - oc_logger - INFO - Function evaluation number: 8, SI: 1, Sub-iteration number: 0, FoM: 0.7903556665463916
06/06/2022 03:54:33.507 - oc_logger - INFO - Function evaluation number: 9, SI: 1, Sub-iteration number: 0, FoM: 0.7867965288996708
06/06/2022 03:54:33.636 - oc_logger - INFO - Function evaluation number: 10, SI: 1, Sub-iteration number: 0, FoM: 0.7917941138147541
06/06/2022 03:54:33.769 - oc_logger - INFO - Function evaluation number: 11, SI: 1, Sub-iteration number: 1, FoM: 0.778368487041014
06/06/2022 03:54:33.895 - oc_logger - INFO - Function evaluation number: 12, SI: 1, Sub-iteration number: 2, FoM: 0.7762174781230295
06/06/2022 03:54:34.036 - oc_logger - INFO - Function evaluation number: 13, SI: 1, Sub-iteration number: 3, FoM: 0.7739342672517514
06/06/2022 03:54:34.164 - oc_logger - INFO - Function evaluation number: 14, SI: 1, Sub-iteration number: 4, FoM: 0.7707415788953441
06/06/2022 03:54:34.297 - oc_logger - INFO - Function evaluation number: 15, SI: 1, Sub-iteration number: 5, FoM: 0.7683664772378074
06/06/2022 03:54:34.425 - oc_logger - INFO - New record achieved. Previous FoM: 0.7651457764962193, new best FoM : 0.7642851367804956
06/06/2022 03:54:34.425 - oc_logger - INFO - Function evaluation number: 16, SI: 1, Sub-iteration number: 6, FoM: 0.7642851367804956
06/06/2022 03:54:34.555 - oc_logger - INFO - New record achieved. Previous FoM: 0.7642851367804956, new best FoM : 0.7615976254697422
06/06/2022 03:54:34.555 - oc_logger - INFO - Function evaluation number: 17, SI: 1, Sub-iteration number: 6, FoM: 0.7615976254697422
06/06/2022 03:54:34.678 - oc_logger - INFO - New record achieved. Previous FoM: 0.7615976254697422, new best FoM : 0.7602359392551392
06/06/2022 03:54:34.678 - oc_logger - INFO - Function evaluation number: 18, SI: 1, Sub-iteration number: 7, FoM: 0.7602359392551392
06/06/2022 03:54:34.803 - oc_logger - INFO - New record achieved. Previous FoM: 0.7602359392551392, new best FoM : 0.7572711411570145
06/06/2022 03:54:34.803 - oc_logger - INFO - Function evaluation number: 19, SI: 1, Sub-iteration number: 7, FoM: 0.7572711411570145
06/06/2022 03:54:34.928 - oc_logger - INFO - New record achieved. Previous FoM: 0.7572711411570145, new best FoM : 0.755597555252878
06/06/2022 03:54:34.929 - oc_logger - INFO - Function evaluation number: 20, SI: 1, Sub-iteration number: 8, FoM: 0.755597555252878
06/06/2022 03:54:35.059 - oc_logger - INFO - New record achieved. Previous FoM: 0.755597555252878, new best FoM : 0.7522932632096015
06/06/2022 03:54:35.060 - oc_logger - INFO - Function evaluation number: 21, SI: 1, Sub-iteration number: 8, FoM: 0.7522932632096015
06/06/2022 03:54:35.189 - oc_logger - INFO - New record achieved. Previous FoM: 0.7522932632096015, new best FoM : 0.7518707554980573
06/06/2022 03:54:35.189 - oc_logger - INFO - Function evaluation number: 22, SI: 1, Sub-iteration number: 9, FoM: 0.7518707554980573
06/06/2022 03:54:35.326 - oc_logger - INFO - New record achieved. Previous FoM: 0.7518707554980573, new best FoM : 0.7484813792335578
06/06/2022 03:54:35.326 - oc_logger - INFO - Function evaluation number: 23, SI: 1, Sub-iteration number: 9, FoM: 0.7484813792335578
06/06/2022 03:54:35.454 - oc_logger - INFO - Function evaluation number: 24, SI: 1, Sub-iteration number: 10, FoM: 0.7491631319188526
06/06/2022 03:54:35.585 - oc_logger - INFO - New record achieved. Previous FoM: 0.7484813792335578, new best FoM : 0.7453055551879778
06/06/2022 03:54:35.585 - oc_logger - INFO - Function evaluation number: 25, SI: 1, Sub-iteration number: 11, FoM: 0.7453055551879778
06/06/2022 03:54:35.722 - oc_logger - INFO - New record achieved. Previous FoM: 0.7453055551879778, new best FoM : 0.7418667957413821
06/06/2022 03:54:35.722 - oc_logger - INFO - Function evaluation number: 26, SI: 1, Sub-iteration number: 11, FoM: 0.7418667957413821
06/06/2022 03:54:35.854 - oc_logger - INFO - New record achieved. Previous FoM: 0.7418667957413821, new best FoM : 0.7404734303320119
06/06/2022 03:54:35.854 - oc_logger - INFO - Function evaluation number: 27, SI: 1, Sub-iteration number: 12, FoM: 0.7404734303320119
06/06/2022 03:54:35.989 - oc_logger - INFO - New record achieved. Previous FoM: 0.7404734303320119, new best FoM : 0.7367569068549193
06/06/2022 03:54:35.989 - oc_logger - INFO - Function evaluation number: 28, SI: 1, Sub-iteration number: 12, FoM: 0.7367569068549193
06/06/2022 03:54:36.121 - oc_logger - INFO - New record achieved. Previous FoM: 0.7367569068549193, new best FoM : 0.7361266165969811
06/06/2022 03:54:36.121 - oc_logger - INFO - Function evaluation number: 29, SI: 1, Sub-iteration number: 13, FoM: 0.7361266165969811
06/06/2022 03:54:36.252 - oc_logger - INFO - New record achieved. Previous FoM: 0.7361266165969811, new best FoM : 0.7322872551066576
06/06/2022 03:54:36.252 - oc_logger - INFO - Function evaluation number: 30, SI: 1, Sub-iteration number: 13, FoM: 0.7322872551066576
06/06/2022 03:54:36.384 - oc_logger - INFO - New record achieved. Previous FoM: 0.7322872551066576, new best FoM : 0.7304999715916145
06/06/2022 03:54:36.384 - oc_logger - INFO - Function evaluation number: 31, SI: 1, Sub-iteration number: 14, FoM: 0.7304999715916145
06/06/2022 03:54:36.513 - oc_logger - INFO - New record achieved. Previous FoM: 0.7304999715916145, new best FoM : 0.7263079146183125
06/06/2022 03:54:36.513 - oc_logger - INFO - Function evaluation number: 32, SI: 1, Sub-iteration number: 14, FoM: 0.7263079146183125
06/06/2022 03:54:36.647 - oc_logger - INFO - New record achieved. Previous FoM: 0.7263079146183125, new best FoM : 0.7250994020704425
06/06/2022 03:54:36.647 - oc_logger - INFO - Function evaluation number: 33, SI: 1, Sub-iteration number: 15, FoM: 0.7250994020704425
06/06/2022 03:54:36.776 - oc_logger - INFO - New record achieved. Previous FoM: 0.7250994020704425, new best FoM : 0.7206718338345668
06/06/2022 03:54:36.776 - oc_logger - INFO - Function evaluation number: 34, SI: 1, Sub-iteration number: 15, FoM: 0.7206718338345668
06/06/2022 03:54:36.917 - oc_logger - INFO - New record achieved. Previous FoM: 0.7206718338345668, new best FoM : 0.7195884192083781
06/06/2022 03:54:36.917 - oc_logger - INFO - Function evaluation number: 35, SI: 1, Sub-iteration number: 16, FoM: 0.7195884192083781
06/06/2022 03:54:37.042 - oc_logger - INFO - New record achieved. Previous FoM: 0.7195884192083781, new best FoM : 0.7149571061115338
06/06/2022 03:54:37.042 - oc_logger - INFO - Function evaluation number: 36, SI: 1, Sub-iteration number: 16, FoM: 0.7149571061115338
06/06/2022 03:54:37.179 - oc_logger - INFO - New record achieved. Previous FoM: 0.7149571061115338, new best FoM : 0.7145429556242171
06/06/2022 03:54:37.179 - oc_logger - INFO - Function evaluation number: 37, SI: 1, Sub-iteration number: 17, FoM: 0.7145429556242171
06/06/2022 03:54:37.311 - oc_logger - INFO - New record achieved. Previous FoM: 0.7145429556242171, new best FoM : 0.7098442977494382
06/06/2022 03:54:37.312 - oc_logger - INFO - Function evaluation number: 38, SI: 1, Sub-iteration number: 17, FoM: 0.7098442977494382
06/06/2022 03:54:37.450 - oc_logger - INFO - Function evaluation number: 39, SI: 1, Sub-iteration number: 18, FoM: 0.7100928963882982
06/06/2022 03:54:37.586 - oc_logger - INFO - New record achieved. Previous FoM: 0.7098442977494382, new best FoM : 0.7045942510420071
06/06/2022 03:54:37.586 - oc_logger - INFO - Function evaluation number: 40, SI: 1, Sub-iteration number: 19, FoM: 0.7045942510420071
06/06/2022 03:54:37.721 - oc_logger - INFO - New record achieved. Previous FoM: 0.7045942510420071, new best FoM : 0.6997147019973713
06/06/2022 03:54:37.721 - oc_logger - INFO - Function evaluation number: 41, SI: 1, Sub-iteration number: 19, FoM: 0.6997147019973713
06/06/2022 03:54:37.851 - oc_logger - INFO - New record achieved. Previous FoM: 0.6997147019973713, new best FoM : 0.6945744950513585
06/06/2022 03:54:37.851 - oc_logger - INFO - Function evaluation number: 42, SI: 1, Sub-iteration number: 20, FoM: 0.6945744950513585
06/06/2022 03:54:37.986 - oc_logger - INFO - New record achieved. Previous FoM: 0.6945744950513585, new best FoM : 0.6887102938999803
06/06/2022 03:54:37.986 - oc_logger - INFO - Function evaluation number: 43, SI: 1, Sub-iteration number: 20, FoM: 0.6887102938999803
06/06/2022 03:54:38.113 - oc_logger - INFO - Function evaluation number: 44, SI: 1, Sub-iteration number: 21, FoM: 0.68940055561692
06/06/2022 03:54:38.245 - oc_logger - INFO - New record achieved. Previous FoM: 0.6887102938999803, new best FoM : 0.68402721269692
06/06/2022 03:54:38.245 - oc_logger - INFO - Function evaluation number: 45, SI: 1, Sub-iteration number: 22, FoM: 0.68402721269692
06/06/2022 03:54:38.371 - oc_logger - INFO - New record achieved. Previous FoM: 0.68402721269692, new best FoM : 0.6783231973353233
06/06/2022 03:54:38.371 - oc_logger - INFO - Function evaluation number: 46, SI: 1, Sub-iteration number: 22, FoM: 0.6783231973353233
06/06/2022 03:54:38.504 - oc_logger - INFO - New record achieved. Previous FoM: 0.6783231973353233, new best FoM : 0.6765998609060688
06/06/2022 03:54:38.504 - oc_logger - INFO - Function evaluation number: 47, SI: 1, Sub-iteration number: 23, FoM: 0.6765998609060688
06/06/2022 03:54:38.633 - oc_logger - INFO - New record achieved. Previous FoM: 0.6765998609060688, new best FoM : 0.6706074601440271
06/06/2022 03:54:38.633 - oc_logger - INFO - Function evaluation number: 48, SI: 1, Sub-iteration number: 23, FoM: 0.6706074601440271
06/06/2022 03:54:38.760 - oc_logger - INFO - New record achieved. Previous FoM: 0.6706074601440271, new best FoM : 0.670237838462533
06/06/2022 03:54:38.760 - oc_logger - INFO - Function evaluation number: 49, SI: 1, Sub-iteration number: 24, FoM: 0.670237838462533
06/06/2022 03:54:38.888 - oc_logger - INFO - New record achieved. Previous FoM: 0.670237838462533, new best FoM : 0.6642277518007411
06/06/2022 03:54:38.888 - oc_logger - INFO - Function evaluation number: 50, SI: 1, Sub-iteration number: 24, FoM: 0.6642277518007411
06/06/2022 03:54:39.021 - oc_logger - INFO - New record achieved. Previous FoM: 0.6642277518007411, new best FoM : 0.6634518888689845
06/06/2022 03:54:39.021 - oc_logger - INFO - Function evaluation number: 51, SI: 1, Sub-iteration number: 25, FoM: 0.6634518888689845
06/06/2022 03:54:39.156 - oc_logger - INFO - New record achieved. Previous FoM: 0.6634518888689845, new best FoM : 0.6573608443710393
06/06/2022 03:54:39.156 - oc_logger - INFO - Function evaluation number: 52, SI: 1, Sub-iteration number: 25, FoM: 0.6573608443710393
06/06/2022 03:54:39.290 - oc_logger - INFO - New record achieved. Previous FoM: 0.6573608443710393, new best FoM : 0.6564173469629819
06/06/2022 03:54:39.290 - oc_logger - INFO - Function evaluation number: 53, SI: 1, Sub-iteration number: 26, FoM: 0.6564173469629819
06/06/2022 03:54:39.418 - oc_logger - INFO - New record achieved. Previous FoM: 0.6564173469629819, new best FoM : 0.65021440471008
06/06/2022 03:54:39.418 - oc_logger - INFO - Function evaluation number: 54, SI: 1, Sub-iteration number: 26, FoM: 0.65021440471008
06/06/2022 03:54:39.554 - oc_logger - INFO - New record achieved. Previous FoM: 0.65021440471008, new best FoM : 0.6481545896241838
06/06/2022 03:54:39.554 - oc_logger - INFO - Function evaluation number: 55, SI: 1, Sub-iteration number: 27, FoM: 0.6481545896241838
06/06/2022 03:54:39.681 - oc_logger - INFO - New record achieved. Previous FoM: 0.6481545896241838, new best FoM : 0.6416455097448581
06/06/2022 03:54:39.681 - oc_logger - INFO - Function evaluation number: 56, SI: 1, Sub-iteration number: 27, FoM: 0.6416455097448581
06/06/2022 03:54:39.806 - oc_logger - INFO - New record achieved. Previous FoM: 0.6416455097448581, new best FoM : 0.6340704555832696
06/06/2022 03:54:39.806 - oc_logger - INFO - Function evaluation number: 57, SI: 1, Sub-iteration number: 28, FoM: 0.6340704555832696
06/06/2022 03:54:39.939 - oc_logger - INFO - New record achieved. Previous FoM: 0.6340704555832696, new best FoM : 0.626283175777061
06/06/2022 03:54:39.940 - oc_logger - INFO - Function evaluation number: 58, SI: 1, Sub-iteration number: 28, FoM: 0.626283175777061
06/06/2022 03:54:40.077 - oc_logger - INFO - Function evaluation number: 59, SI: 1, Sub-iteration number: 29, FoM: 0.6277214014329178
06/06/2022 03:54:40.203 - oc_logger - INFO - New record achieved. Previous FoM: 0.626283175777061, new best FoM : 0.6240381153031389
06/06/2022 03:54:40.203 - oc_logger - INFO - Function evaluation number: 60, SI: 1, Sub-iteration number: 30, FoM: 0.6240381153031389
06/06/2022 03:54:40.340 - oc_logger - INFO - New record achieved. Previous FoM: 0.6240381153031389, new best FoM : 0.6173319787591209
06/06/2022 03:54:40.340 - oc_logger - INFO - Function evaluation number: 61, SI: 1, Sub-iteration number: 30, FoM: 0.6173319787591209
06/06/2022 03:54:40.476 - oc_logger - INFO - New record achieved. Previous FoM: 0.6173319787591209, new best FoM : 0.6100793438552592
06/06/2022 03:54:40.476 - oc_logger - INFO - Function evaluation number: 62, SI: 1, Sub-iteration number: 31, FoM: 0.6100793438552592
06/06/2022 03:54:40.612 - oc_logger - INFO - New record achieved. Previous FoM: 0.6100793438552592, new best FoM : 0.6022627586556869
06/06/2022 03:54:40.612 - oc_logger - INFO - Function evaluation number: 63, SI: 1, Sub-iteration number: 31, FoM: 0.6022627586556869
06/06/2022 03:54:40.748 - oc_logger - INFO - Function evaluation number: 64, SI: 1, Sub-iteration number: 32, FoM: 0.6033433052731249
06/06/2022 03:54:40.877 - oc_logger - INFO - New record achieved. Previous FoM: 0.6022627586556869, new best FoM : 0.596349955244966
06/06/2022 03:54:40.877 - oc_logger - INFO - Function evaluation number: 65, SI: 1, Sub-iteration number: 33, FoM: 0.596349955244966
06/06/2022 03:54:41.008 - oc_logger - INFO - New record achieved. Previous FoM: 0.596349955244966, new best FoM : 0.5890899272812444
06/06/2022 03:54:41.008 - oc_logger - INFO - Function evaluation number: 66, SI: 1, Sub-iteration number: 33, FoM: 0.5890899272812444
06/06/2022 03:54:41.137 - oc_logger - INFO - New record achieved. Previous FoM: 0.5890899272812444, new best FoM : 0.5866336478463441
06/06/2022 03:54:41.137 - oc_logger - INFO - Function evaluation number: 67, SI: 1, Sub-iteration number: 34, FoM: 0.5866336478463441
06/06/2022 03:54:41.262 - oc_logger - INFO - New record achieved. Previous FoM: 0.5866336478463441, new best FoM : 0.5792208459013055
06/06/2022 03:54:41.262 - oc_logger - INFO - Function evaluation number: 68, SI: 1, Sub-iteration number: 34, FoM: 0.5792208459013055
06/06/2022 03:54:41.397 - oc_logger - INFO - New record achieved. Previous FoM: 0.5792208459013055, new best FoM : 0.5766856745775302
06/06/2022 03:54:41.397 - oc_logger - INFO - Function evaluation number: 69, SI: 1, Sub-iteration number: 35, FoM: 0.5766856745775302
06/06/2022 03:54:41.536 - oc_logger - INFO - New record achieved. Previous FoM: 0.5766856745775302, new best FoM : 0.5691524754932233
06/06/2022 03:54:41.536 - oc_logger - INFO - Function evaluation number: 70, SI: 1, Sub-iteration number: 35, FoM: 0.5691524754932233
06/06/2022 03:54:41.671 - oc_logger - INFO - New record achieved. Previous FoM: 0.5691524754932233, new best FoM : 0.5666974758962227
06/06/2022 03:54:41.671 - oc_logger - INFO - Function evaluation number: 71, SI: 1, Sub-iteration number: 36, FoM: 0.5666974758962227
06/06/2022 03:54:41.808 - oc_logger - INFO - New record achieved. Previous FoM: 0.5666974758962227, new best FoM : 0.5591627244627599
06/06/2022 03:54:41.808 - oc_logger - INFO - Function evaluation number: 72, SI: 1, Sub-iteration number: 36, FoM: 0.5591627244627599
06/06/2022 03:54:41.938 - oc_logger - INFO - New record achieved. Previous FoM: 0.5591627244627599, new best FoM : 0.5575400734790632
06/06/2022 03:54:41.939 - oc_logger - INFO - Function evaluation number: 73, SI: 1, Sub-iteration number: 37, FoM: 0.5575400734790632
06/06/2022 03:54:42.074 - oc_logger - INFO - New record achieved. Previous FoM: 0.5575400734790632, new best FoM : 0.5501999051577051
06/06/2022 03:54:42.074 - oc_logger - INFO - Function evaluation number: 74, SI: 1, Sub-iteration number: 37, FoM: 0.5501999051577051
06/06/2022 03:54:42.207 - oc_logger - INFO - Function evaluation number: 75, SI: 1, Sub-iteration number: 38, FoM: 0.5529217306310306
06/06/2022 03:54:42.339 - oc_logger - INFO - New record achieved. Previous FoM: 0.5501999051577051, new best FoM : 0.5413680944903432
06/06/2022 03:54:42.339 - oc_logger - INFO - Function evaluation number: 76, SI: 1, Sub-iteration number: 39, FoM: 0.5413680944903432
06/06/2022 03:54:42.474 - oc_logger - INFO - New record achieved. Previous FoM: 0.5413680944903432, new best FoM : 0.5345663167781732
06/06/2022 03:54:42.474 - oc_logger - INFO - Function evaluation number: 77, SI: 1, Sub-iteration number: 39, FoM: 0.5345663167781732
06/06/2022 03:54:42.610 - oc_logger - INFO - New record achieved. Previous FoM: 0.5345663167781732, new best FoM : 0.5329718218862548
06/06/2022 03:54:42.610 - oc_logger - INFO - Function evaluation number: 78, SI: 1, Sub-iteration number: 40, FoM: 0.5329718218862548
06/06/2022 03:54:42.734 - oc_logger - INFO - New record achieved. Previous FoM: 0.5329718218862548, new best FoM : 0.5266417354077257
06/06/2022 03:54:42.734 - oc_logger - INFO - Function evaluation number: 79, SI: 1, Sub-iteration number: 40, FoM: 0.5266417354077257
06/06/2022 03:54:42.865 - oc_logger - INFO - Function evaluation number: 80, SI: 1, Sub-iteration number: 41, FoM: 0.5282312143904633
06/06/2022 03:54:43.000 - oc_logger - INFO - New record achieved. Previous FoM: 0.5266417354077257, new best FoM : 0.5183134937290852
06/06/2022 03:54:43.000 - oc_logger - INFO - Function evaluation number: 81, SI: 1, Sub-iteration number: 42, FoM: 0.5183134937290852
06/06/2022 03:54:43.134 - oc_logger - INFO - New record achieved. Previous FoM: 0.5183134937290852, new best FoM : 0.5131390374305511
06/06/2022 03:54:43.134 - oc_logger - INFO - Function evaluation number: 82, SI: 1, Sub-iteration number: 42, FoM: 0.5131390374305511
06/06/2022 03:54:43.272 - oc_logger - INFO - Function evaluation number: 83, SI: 1, Sub-iteration number: 43, FoM: 0.5135354147810065
06/06/2022 03:54:43.399 - oc_logger - INFO - New record achieved. Previous FoM: 0.5131390374305511, new best FoM : 0.5093680250938004
06/06/2022 03:54:43.399 - oc_logger - INFO - Function evaluation number: 84, SI: 1, Sub-iteration number: 44, FoM: 0.5093680250938004
06/06/2022 03:54:43.530 - oc_logger - INFO - New record achieved. Previous FoM: 0.5093680250938004, new best FoM : 0.5058652567612075
06/06/2022 03:54:43.530 - oc_logger - INFO - Function evaluation number: 85, SI: 1, Sub-iteration number: 44, FoM: 0.5058652567612075
06/06/2022 03:54:43.662 - oc_logger - INFO - Function evaluation number: 86, SI: 1, Sub-iteration number: 45, FoM: 0.5058903874483909
06/06/2022 03:54:43.800 - oc_logger - INFO - New record achieved. Previous FoM: 0.5058652567612075, new best FoM : 0.5037324683058582
06/06/2022 03:54:43.800 - oc_logger - INFO - Function evaluation number: 87, SI: 1, Sub-iteration number: 46, FoM: 0.5037324683058582
06/06/2022 03:54:43.940 - oc_logger - INFO - New record achieved. Previous FoM: 0.5037324683058582, new best FoM : 0.5020946771796637
06/06/2022 03:54:43.940 - oc_logger - INFO - Function evaluation number: 88, SI: 1, Sub-iteration number: 46, FoM: 0.5020946771796637
06/06/2022 03:54:44.079 - oc_logger - INFO - New record achieved. Previous FoM: 0.5020946771796637, new best FoM : 0.501602525520364
06/06/2022 03:54:44.079 - oc_logger - INFO - Function evaluation number: 89, SI: 1, Sub-iteration number: 47, FoM: 0.501602525520364
06/06/2022 03:54:44.220 - oc_logger - INFO - New record achieved. Previous FoM: 0.501602525520364, new best FoM : 0.501319608410066
06/06/2022 03:54:44.220 - oc_logger - INFO - Function evaluation number: 90, SI: 1, Sub-iteration number: 47, FoM: 0.501319608410066
06/06/2022 03:54:44.363 - oc_logger - INFO - Function evaluation number: 91, SI: 1, Sub-iteration number: 48, FoM: 0.5021331752917487
06/06/2022 03:54:44.491 - oc_logger - INFO - Function evaluation number: 92, SI: 1, Sub-iteration number: 49, FoM: 0.5024120201812423
06/06/2022 03:54:44.626 - oc_logger - INFO - Function evaluation number: 93, SI: 1, Sub-iteration number: 50, FoM: 0.5047875742821253
06/06/2022 03:54:44.758 - oc_logger - INFO - Function evaluation number: 94, SI: 1, Sub-iteration number: 51, FoM: 0.5115840501285043
06/06/2022 03:54:44.898 - oc_logger - INFO - Function evaluation number: 95, SI: 1, Sub-iteration number: 52, FoM: 0.5115527680529677
06/06/2022 03:54:45.030 - oc_logger - INFO - Function evaluation number: 96, SI: 1, Sub-iteration number: 53, FoM: 0.5223755930394791
06/06/2022 03:54:45.159 - oc_logger - INFO - Function evaluation number: 97, SI: 1, Sub-iteration number: 53, FoM: 0.5062008608389132
06/06/2022 03:54:45.293 - oc_logger - INFO - Function evaluation number: 98, SI: 1, Sub-iteration number: 54, FoM: 0.5122015432540101
06/06/2022 03:54:45.426 - oc_logger - INFO - Function evaluation number: 99, SI: 1, Sub-iteration number: 54, FoM: 0.5062057815718647
06/06/2022 03:54:45.550 - oc_logger - INFO - Function evaluation number: 100, SI: 1, Sub-iteration number: 55, FoM: 0.5131844788127975
06/06/2022 03:54:45.684 - oc_logger - INFO - Function evaluation number: 101, SI: 1, Sub-iteration number: 55, FoM: 0.5060839480711217
06/06/2022 03:54:45.802 - oc_logger - INFO - Function evaluation number: 102, SI: 1, Sub-iteration number: 56, FoM: 0.5077189096896619
06/06/2022 03:54:45.927 - oc_logger - INFO - Function evaluation number: 103, SI: 1, Sub-iteration number: 56, FoM: 0.5035141026770349
06/06/2022 03:54:46.054 - oc_logger - INFO - Function evaluation number: 104, SI: 1, Sub-iteration number: 57, FoM: 0.5089729397188332
06/06/2022 03:54:46.177 - oc_logger - INFO - Function evaluation number: 105, SI: 1, Sub-iteration number: 57, FoM: 0.5034042357005741
06/06/2022 03:54:46.290 - oc_logger - INFO - Function evaluation number: 106, SI: 1, Sub-iteration number: 58, FoM: 0.5071924015837298
06/06/2022 03:54:46.424 - oc_logger - INFO - Function evaluation number: 107, SI: 1, Sub-iteration number: 58, FoM: 0.5034920409248056
06/06/2022 03:54:46.553 - oc_logger - INFO - Function evaluation number: 108, SI: 1, Sub-iteration number: 59, FoM: 0.5082373412006804
06/06/2022 03:54:46.679 - oc_logger - INFO - Function evaluation number: 109, SI: 1, Sub-iteration number: 59, FoM: 0.5032913005874922
06/06/2022 03:54:46.801 - oc_logger - INFO - Function evaluation number: 110, SI: 1, Sub-iteration number: 60, FoM: 0.5100930836226668
06/06/2022 03:54:46.932 - oc_logger - INFO - Function evaluation number: 111, SI: 1, Sub-iteration number: 60, FoM: 0.5031234027513269
06/06/2022 03:54:47.064 - oc_logger - INFO - Function evaluation number: 112, SI: 1, Sub-iteration number: 61, FoM: 0.5048024043682912
06/06/2022 03:54:47.190 - oc_logger - INFO - Function evaluation number: 113, SI: 1, Sub-iteration number: 61, FoM: 0.5029766049641895
06/06/2022 03:54:47.300 - oc_logger - INFO - Function evaluation number: 114, SI: 1, Sub-iteration number: 62, FoM: 0.5038319134101785
06/06/2022 03:54:47.426 - oc_logger - INFO - Function evaluation number: 115, SI: 1, Sub-iteration number: 62, FoM: 0.5023336014791289
06/06/2022 03:54:47.549 - oc_logger - INFO - Function evaluation number: 116, SI: 1, Sub-iteration number: 63, FoM: 0.5039266564746878
06/06/2022 03:54:47.678 - oc_logger - INFO - Function evaluation number: 117, SI: 1, Sub-iteration number: 63, FoM: 0.5023096308349732
06/06/2022 03:54:47.799 - oc_logger - INFO - Function evaluation number: 118, SI: 1, Sub-iteration number: 64, FoM: 0.5047416604227359
06/06/2022 03:54:47.929 - oc_logger - INFO - Function evaluation number: 119, SI: 1, Sub-iteration number: 64, FoM: 0.5021898424527649
06/06/2022 03:54:48.052 - oc_logger - INFO - Function evaluation number: 120, SI: 1, Sub-iteration number: 65, FoM: 0.5047583527918666
06/06/2022 03:54:48.179 - oc_logger - INFO - Function evaluation number: 121, SI: 1, Sub-iteration number: 65, FoM: 0.5021286068613284
06/06/2022 03:54:48.311 - oc_logger - INFO - Function evaluation number: 122, SI: 1, Sub-iteration number: 66, FoM: 0.5056035602617467
06/06/2022 03:54:48.439 - oc_logger - INFO - Function evaluation number: 123, SI: 1, Sub-iteration number: 66, FoM: 0.5019680934177315
06/06/2022 03:54:48.567 - oc_logger - INFO - Function evaluation number: 124, SI: 1, Sub-iteration number: 67, FoM: 0.5026764752831676
06/06/2022 03:54:48.693 - oc_logger - INFO - Function evaluation number: 125, SI: 1, Sub-iteration number: 67, FoM: 0.5019321505784475
06/06/2022 03:54:48.815 - oc_logger - INFO - Function evaluation number: 126, SI: 1, Sub-iteration number: 68, FoM: 0.5031451420628048
06/06/2022 03:54:48.945 - oc_logger - INFO - Function evaluation number: 127, SI: 1, Sub-iteration number: 68, FoM: 0.5017683903494681
06/06/2022 03:54:49.067 - oc_logger - INFO - Function evaluation number: 128, SI: 1, Sub-iteration number: 69, FoM: 0.5033462277567132
06/06/2022 03:54:49.198 - oc_logger - INFO - Function evaluation number: 129, SI: 1, Sub-iteration number: 69, FoM: 0.5017096996494891
06/06/2022 03:54:49.320 - oc_logger - INFO - Function evaluation number: 130, SI: 1, Sub-iteration number: 70, FoM: 0.5033794855707918
06/06/2022 03:54:49.447 - oc_logger - INFO - Function evaluation number: 131, SI: 1, Sub-iteration number: 70, FoM: 0.501697598441718
06/06/2022 03:54:49.577 - oc_logger - INFO - Function evaluation number: 132, SI: 1, Sub-iteration number: 71, FoM: 0.5020621538640504
06/06/2022 03:54:49.708 - oc_logger - INFO - Function evaluation number: 133, SI: 1, Sub-iteration number: 72, FoM: 0.5020812184735168
06/06/2022 03:54:49.835 - oc_logger - INFO - Function evaluation number: 134, SI: 1, Sub-iteration number: 73, FoM: 0.5018348756634246
06/06/2022 03:54:49.967 - oc_logger - INFO - Function evaluation number: 135, SI: 1, Sub-iteration number: 74, FoM: 0.502410361399634
06/06/2022 03:54:50.083 - oc_logger - INFO - Function evaluation number: 136, SI: 1, Sub-iteration number: 74, FoM: 0.5016370025604691
06/06/2022 03:54:50.207 - oc_logger - INFO - Function evaluation number: 137, SI: 1, Sub-iteration number: 75, FoM: 0.5030524617822955
06/06/2022 03:54:50.329 - oc_logger - INFO - Function evaluation number: 138, SI: 1, Sub-iteration number: 75, FoM: 0.5015762019792361
06/06/2022 03:54:50.462 - oc_logger - INFO - Function evaluation number: 139, SI: 1, Sub-iteration number: 76, FoM: 0.5019060979879724
06/06/2022 03:54:50.595 - oc_logger - INFO - Function evaluation number: 140, SI: 1, Sub-iteration number: 77, FoM: 0.5022238139170856
06/06/2022 03:54:50.725 - oc_logger - INFO - Function evaluation number: 141, SI: 1, Sub-iteration number: 77, FoM: 0.5015775558494531
06/06/2022 03:54:50.853 - oc_logger - INFO - Function evaluation number: 142, SI: 1, Sub-iteration number: 78, FoM: 0.5019760709675012
06/06/2022 03:54:50.988 - oc_logger - INFO - Function evaluation number: 143, SI: 1, Sub-iteration number: 78, FoM: 0.5015778161028873
06/06/2022 03:54:51.110 - oc_logger - INFO - Function evaluation number: 144, SI: 1, Sub-iteration number: 79, FoM: 0.5022842068591326
06/06/2022 03:54:51.238 - oc_logger - INFO - Function evaluation number: 145, SI: 1, Sub-iteration number: 79, FoM: 0.5015361751548362
06/06/2022 03:54:51.360 - oc_logger - INFO - Function evaluation number: 146, SI: 1, Sub-iteration number: 80, FoM: 0.5022096122216922
06/06/2022 03:54:51.493 - oc_logger - INFO - Function evaluation number: 147, SI: 1, Sub-iteration number: 80, FoM: 0.5015032865161977
06/06/2022 03:54:51.493 - oc_logger - INFO - SI 1 finished - Number of evaluations: 147, Best FoM: 0.501319608410066, Terminate reason: Convergence of the FoM.

06/06/2022 03:54:51.493 - oc_logger - INFO - Direct search start time has been reset.
06/06/2022 03:54:51.615 - oc_logger - INFO - Function evaluation number: 148, SI: 2, Sub-iteration number: 0, FoM: 0.501319608410066
06/06/2022 03:54:51.744 - oc_logger - INFO - Function evaluation number: 149, SI: 2, Sub-iteration number: 0, FoM: 0.502184362462946
06/06/2022 03:54:51.864 - oc_logger - INFO - New record achieved. Previous FoM: 0.501319608410066, new best FoM : 0.5013069884145513
06/06/2022 03:54:51.864 - oc_logger - INFO - Function evaluation number: 150, SI: 2, Sub-iteration number: 0, FoM: 0.5013069884145513
06/06/2022 03:54:51.993 - oc_logger - INFO - New record achieved. Previous FoM: 0.5013069884145513, new best FoM : 0.5012847193861378
06/06/2022 03:54:51.993 - oc_logger - INFO - Function evaluation number: 151, SI: 2, Sub-iteration number: 0, FoM: 0.5012847193861378
06/06/2022 03:54:52.124 - oc_logger - INFO - Function evaluation number: 152, SI: 2, Sub-iteration number: 0, FoM: 0.5013032642545336
06/06/2022 03:54:52.252 - oc_logger - INFO - Function evaluation number: 153, SI: 2, Sub-iteration number: 0, FoM: 0.5013025701919182
06/06/2022 03:54:52.376 - oc_logger - INFO - Function evaluation number: 154, SI: 2, Sub-iteration number: 0, FoM: 0.5013674004890046
06/06/2022 03:54:52.505 - oc_logger - INFO - Function evaluation number: 155, SI: 2, Sub-iteration number: 0, FoM: 0.501310877330013
06/06/2022 03:54:52.634 - oc_logger - INFO - Function evaluation number: 156, SI: 2, Sub-iteration number: 0, FoM: 0.5012956189689145
06/06/2022 03:54:52.755 - oc_logger - INFO - Function evaluation number: 157, SI: 2, Sub-iteration number: 0, FoM: 0.501504919392735
06/06/2022 03:54:52.881 - oc_logger - INFO - Function evaluation number: 158, SI: 2, Sub-iteration number: 1, FoM: 0.5019034434540606
06/06/2022 03:54:53.013 - oc_logger - INFO - Function evaluation number: 159, SI: 2, Sub-iteration number: 1, FoM: 0.5015489820855542
06/06/2022 03:54:53.013 - oc_logger - INFO - SI 2 finished - Number of evaluations: 12, Best FoM: 0.5012847193861378, Terminate reason: Convergence of the FoM.

06/06/2022 03:54:53.013 - oc_logger - INFO - Direct search start time has been reset.
06/06/2022 03:54:53.140 - oc_logger - INFO - Function evaluation number: 160, SI: 3, Sub-iteration number: 0, FoM: 0.5012847193861378
06/06/2022 03:54:53.269 - oc_logger - INFO - Function evaluation number: 161, SI: 3, Sub-iteration number: 0, FoM: 0.5016430046441702
06/06/2022 03:54:53.392 - oc_logger - INFO - Function evaluation number: 162, SI: 3, Sub-iteration number: 0, FoM: 0.5014346477859193
06/06/2022 03:54:53.521 - oc_logger - INFO - Function evaluation number: 163, SI: 3, Sub-iteration number: 0, FoM: 0.501316721073888
06/06/2022 03:54:53.653 - oc_logger - INFO - New record achieved. Previous FoM: 0.5012847193861378, new best FoM : 0.5012279377488726
06/06/2022 03:54:53.653 - oc_logger - INFO - Function evaluation number: 164, SI: 3, Sub-iteration number: 0, FoM: 0.5012279377488726
06/06/2022 03:54:53.785 - oc_logger - INFO - Function evaluation number: 165, SI: 3, Sub-iteration number: 0, FoM: 0.5012427821100081
06/06/2022 03:54:53.914 - oc_logger - INFO - Function evaluation number: 166, SI: 3, Sub-iteration number: 0, FoM: 0.5012741243213422
06/06/2022 03:54:54.039 - oc_logger - INFO - Function evaluation number: 167, SI: 3, Sub-iteration number: 0, FoM: 0.501263949816319
06/06/2022 03:54:54.161 - oc_logger - INFO - Function evaluation number: 168, SI: 3, Sub-iteration number: 0, FoM: 0.5013314751175395
06/06/2022 03:54:54.297 - oc_logger - INFO - New record achieved. Previous FoM: 0.5012279377488726, new best FoM : 0.5011780375017552
06/06/2022 03:54:54.297 - oc_logger - INFO - Function evaluation number: 169, SI: 3, Sub-iteration number: 0, FoM: 0.5011780375017552
06/06/2022 03:54:54.431 - oc_logger - INFO - Function evaluation number: 170, SI: 3, Sub-iteration number: 1, FoM: 0.5030879024592521
06/06/2022 03:54:54.560 - oc_logger - INFO - Function evaluation number: 171, SI: 3, Sub-iteration number: 1, FoM: 0.5012941359647949
06/06/2022 03:54:54.560 - oc_logger - INFO - SI 3 finished - Number of evaluations: 12, Best FoM: 0.5011780375017552, Terminate reason: Convergence of the FoM.

06/06/2022 03:54:54.561 - oc_logger - INFO - Figure of merit : 0.5011780375017552
06/06/2022 03:54:54.561 - oc_logger - INFO - Std : 0.0
06/06/2022 03:54:54.561 - oc_logger - INFO - total number of function evaluations : 171
06/06/2022 03:54:54.561 - oc_logger - INFO - dcrab_freq_list : [array([[0.08315416, 0.48020984, 1.05216946, 1.28328371]]), array([[0.22181662, 0.67149017, 1.03344788, 1.58713279]]), array([[0.16304096, 0.56563279, 0.8173351 , 1.27797285]])]
06/06/2022 03:54:54.561 - oc_logger - INFO - dcrab_para_list : [array([ 1.72378419,  1.72518408,  1.1488735 , -1.62596024, -1.65776508,
       -0.63567418,  0.05132718, -0.11431772,  3.48067153]), array([ 6.62676942e-02,  1.88281150e-02,  3.46776722e-01, -1.05772737e-17,
        4.18706006e-18,  9.05160288e-18,  1.75123339e-17,  3.58967533e-17,
        3.48067153e+00]), array([-0.20835375,  0.10850401,  0.02249162,  0.02924056,  0.12356416,
       -0.00741408, -0.22571639,  0.03786368,  3.48841798])]
06/06/2022 03:54:54.561 - oc_logger - INFO - terminate_reason : Convergence of the FoM.
