06/05/2022 12:09:51.312 - oc_logger - INFO - The optimization direction is minimization
06/05/2022 12:09:51.316 - oc_logger - INFO - QuOCS version number: 0.0.22
06/05/2022 12:09:51.316 - oc_logger - INFO - Direct search start time has been reset.
06/05/2022 12:09:51.734 - oc_logger - INFO - New record achieved. Previous FoM: 10000000000.0, new best FoM : 0.026308946196235583
06/05/2022 12:09:51.734 - oc_logger - INFO - Function evaluation number: 1, SI: 1, Sub-iteration number: 0, FoM: 0.026308946196235583
06/05/2022 12:09:52.038 - oc_logger - INFO - New record achieved. Previous FoM: 0.026308946196235583, new best FoM : 0.026276370455090015
06/05/2022 12:09:52.041 - oc_logger - INFO - Function evaluation number: 2, SI: 1, Sub-iteration number: 0, FoM: 0.026276370455090015
06/05/2022 12:09:52.314 - oc_logger - INFO - New record achieved. Previous FoM: 0.026276370455090015, new best FoM : 0.026113793982397437
06/05/2022 12:09:52.314 - oc_logger - INFO - Function evaluation number: 3, SI: 1, Sub-iteration number: 0, FoM: 0.026113793982397437
06/05/2022 12:09:52.622 - oc_logger - INFO - Function evaluation number: 4, SI: 1, Sub-iteration number: 0, FoM: 0.02634645168232208
06/05/2022 12:09:52.972 - oc_logger - INFO - Function evaluation number: 5, SI: 1, Sub-iteration number: 0, FoM: 0.026428992684593866
06/05/2022 12:09:53.372 - oc_logger - INFO - Function evaluation number: 6, SI: 1, Sub-iteration number: 0, FoM: 0.026247397098130065
06/05/2022 12:09:53.752 - oc_logger - INFO - Function evaluation number: 7, SI: 1, Sub-iteration number: 0, FoM: 0.02629715583708958
06/05/2022 12:09:54.111 - oc_logger - INFO - Function evaluation number: 8, SI: 1, Sub-iteration number: 0, FoM: 0.0263165557043894
06/05/2022 12:09:54.516 - oc_logger - INFO - Function evaluation number: 9, SI: 1, Sub-iteration number: 0, FoM: 0.02625333857102241
06/05/2022 12:09:54.954 - oc_logger - INFO - New record achieved. Previous FoM: 0.026113793982397437, new best FoM : 0.02611145613049204
06/05/2022 12:09:54.954 - oc_logger - INFO - Function evaluation number: 10, SI: 1, Sub-iteration number: 1, FoM: 0.02611145613049204
06/05/2022 12:09:55.369 - oc_logger - INFO - New record achieved. Previous FoM: 0.02611145613049204, new best FoM : 0.02607191266458475
06/05/2022 12:09:55.369 - oc_logger - INFO - Function evaluation number: 11, SI: 1, Sub-iteration number: 1, FoM: 0.02607191266458475
06/05/2022 12:09:55.794 - oc_logger - INFO - Function evaluation number: 12, SI: 1, Sub-iteration number: 2, FoM: 0.02612502808027739
06/05/2022 12:09:56.252 - oc_logger - INFO - Function evaluation number: 13, SI: 1, Sub-iteration number: 3, FoM: 0.026107029910440116
06/05/2022 12:09:56.681 - oc_logger - INFO - New record achieved. Previous FoM: 0.02607191266458475, new best FoM : 0.026064249669192963
06/05/2022 12:09:56.681 - oc_logger - INFO - Function evaluation number: 14, SI: 1, Sub-iteration number: 4, FoM: 0.026064249669192963
06/05/2022 12:09:57.086 - oc_logger - INFO - New record achieved. Previous FoM: 0.026064249669192963, new best FoM : 0.026033754474087623
06/05/2022 12:09:57.087 - oc_logger - INFO - Function evaluation number: 15, SI: 1, Sub-iteration number: 4, FoM: 0.026033754474087623
06/05/2022 12:09:57.471 - oc_logger - INFO - New record achieved. Previous FoM: 0.026033754474087623, new best FoM : 0.026010320970290435
06/05/2022 12:09:57.471 - oc_logger - INFO - Function evaluation number: 16, SI: 1, Sub-iteration number: 5, FoM: 0.026010320970290435
06/05/2022 12:09:57.886 - oc_logger - INFO - New record achieved. Previous FoM: 0.026010320970290435, new best FoM : 0.025974596885055767
06/05/2022 12:09:57.886 - oc_logger - INFO - Function evaluation number: 17, SI: 1, Sub-iteration number: 5, FoM: 0.025974596885055767
06/05/2022 12:09:58.244 - oc_logger - INFO - New record achieved. Previous FoM: 0.025974596885055767, new best FoM : 0.025955734376279516
06/05/2022 12:09:58.245 - oc_logger - INFO - Function evaluation number: 18, SI: 1, Sub-iteration number: 6, FoM: 0.025955734376279516
06/05/2022 12:09:58.554 - oc_logger - INFO - New record achieved. Previous FoM: 0.025955734376279516, new best FoM : 0.025915810530041328
06/05/2022 12:09:58.554 - oc_logger - INFO - Function evaluation number: 19, SI: 1, Sub-iteration number: 6, FoM: 0.025915810530041328
06/05/2022 12:09:58.820 - oc_logger - INFO - New record achieved. Previous FoM: 0.025915810530041328, new best FoM : 0.025894530709998365
06/05/2022 12:09:58.820 - oc_logger - INFO - Function evaluation number: 20, SI: 1, Sub-iteration number: 7, FoM: 0.025894530709998365
06/05/2022 12:09:59.174 - oc_logger - INFO - New record achieved. Previous FoM: 0.025894530709998365, new best FoM : 0.025849881230558203
06/05/2022 12:09:59.174 - oc_logger - INFO - Function evaluation number: 21, SI: 1, Sub-iteration number: 7, FoM: 0.025849881230558203
06/05/2022 12:09:59.536 - oc_logger - INFO - New record achieved. Previous FoM: 0.025849881230558203, new best FoM : 0.025801462406066178
06/05/2022 12:09:59.536 - oc_logger - INFO - Function evaluation number: 22, SI: 1, Sub-iteration number: 8, FoM: 0.025801462406066178
06/05/2022 12:09:59.894 - oc_logger - INFO - New record achieved. Previous FoM: 0.025801462406066178, new best FoM : 0.025746026833495805
06/05/2022 12:09:59.894 - oc_logger - INFO - Function evaluation number: 23, SI: 1, Sub-iteration number: 8, FoM: 0.025746026833495805
06/05/2022 12:10:00.210 - oc_logger - INFO - Function evaluation number: 24, SI: 1, Sub-iteration number: 9, FoM: 0.025828333363085876
06/05/2022 12:10:00.479 - oc_logger - INFO - Function evaluation number: 25, SI: 1, Sub-iteration number: 10, FoM: 0.02576836050298925
06/05/2022 12:10:00.806 - oc_logger - INFO - New record achieved. Previous FoM: 0.025746026833495805, new best FoM : 0.02569083292229346
06/05/2022 12:10:00.806 - oc_logger - INFO - Function evaluation number: 26, SI: 1, Sub-iteration number: 11, FoM: 0.02569083292229346
06/05/2022 12:10:01.084 - oc_logger - INFO - New record achieved. Previous FoM: 0.02569083292229346, new best FoM : 0.025639077640290053
06/05/2022 12:10:01.084 - oc_logger - INFO - Function evaluation number: 27, SI: 1, Sub-iteration number: 11, FoM: 0.025639077640290053
06/05/2022 12:10:01.402 - oc_logger - INFO - New record achieved. Previous FoM: 0.025639077640290053, new best FoM : 0.025617898111738313
06/05/2022 12:10:01.402 - oc_logger - INFO - Function evaluation number: 28, SI: 1, Sub-iteration number: 12, FoM: 0.025617898111738313
06/05/2022 12:10:01.726 - oc_logger - INFO - New record achieved. Previous FoM: 0.025617898111738313, new best FoM : 0.02556147046871393
06/05/2022 12:10:01.726 - oc_logger - INFO - Function evaluation number: 29, SI: 1, Sub-iteration number: 12, FoM: 0.02556147046871393
06/05/2022 12:10:02.083 - oc_logger - INFO - New record achieved. Previous FoM: 0.02556147046871393, new best FoM : 0.02553818282874587
06/05/2022 12:10:02.083 - oc_logger - INFO - Function evaluation number: 30, SI: 1, Sub-iteration number: 13, FoM: 0.02553818282874587
06/05/2022 12:10:02.397 - oc_logger - INFO - New record achieved. Previous FoM: 0.02553818282874587, new best FoM : 0.025476628776309185
06/05/2022 12:10:02.397 - oc_logger - INFO - Function evaluation number: 31, SI: 1, Sub-iteration number: 13, FoM: 0.025476628776309185
06/05/2022 12:10:02.728 - oc_logger - INFO - New record achieved. Previous FoM: 0.025476628776309185, new best FoM : 0.02547273963215646
06/05/2022 12:10:02.728 - oc_logger - INFO - Function evaluation number: 32, SI: 1, Sub-iteration number: 14, FoM: 0.02547273963215646
06/05/2022 12:10:03.094 - oc_logger - INFO - New record achieved. Previous FoM: 0.02547273963215646, new best FoM : 0.025410394376672696
06/05/2022 12:10:03.094 - oc_logger - INFO - Function evaluation number: 33, SI: 1, Sub-iteration number: 14, FoM: 0.025410394376672696
06/05/2022 12:10:03.522 - oc_logger - INFO - New record achieved. Previous FoM: 0.025410394376672696, new best FoM : 0.025405216682129694
06/05/2022 12:10:03.522 - oc_logger - INFO - Function evaluation number: 34, SI: 1, Sub-iteration number: 15, FoM: 0.025405216682129694
06/05/2022 12:10:03.935 - oc_logger - INFO - New record achieved. Previous FoM: 0.025405216682129694, new best FoM : 0.02534181247491818
06/05/2022 12:10:03.936 - oc_logger - INFO - Function evaluation number: 35, SI: 1, Sub-iteration number: 15, FoM: 0.02534181247491818
06/05/2022 12:10:04.385 - oc_logger - INFO - Function evaluation number: 36, SI: 1, Sub-iteration number: 16, FoM: 0.025343951828637135
06/05/2022 12:10:04.802 - oc_logger - INFO - New record achieved. Previous FoM: 0.02534181247491818, new best FoM : 0.02524496545121424
06/05/2022 12:10:04.802 - oc_logger - INFO - Function evaluation number: 37, SI: 1, Sub-iteration number: 17, FoM: 0.02524496545121424
06/05/2022 12:10:05.119 - oc_logger - INFO - New record achieved. Previous FoM: 0.02524496545121424, new best FoM : 0.025172585265216485
06/05/2022 12:10:05.120 - oc_logger - INFO - Function evaluation number: 38, SI: 1, Sub-iteration number: 17, FoM: 0.025172585265216485
06/05/2022 12:10:05.381 - oc_logger - INFO - New record achieved. Previous FoM: 0.025172585265216485, new best FoM : 0.025156029883731112
06/05/2022 12:10:05.381 - oc_logger - INFO - Function evaluation number: 39, SI: 1, Sub-iteration number: 18, FoM: 0.025156029883731112
06/05/2022 12:10:05.666 - oc_logger - INFO - New record achieved. Previous FoM: 0.025156029883731112, new best FoM : 0.025080068771797137
06/05/2022 12:10:05.666 - oc_logger - INFO - Function evaluation number: 40, SI: 1, Sub-iteration number: 18, FoM: 0.025080068771797137
06/05/2022 12:10:06.028 - oc_logger - INFO - New record achieved. Previous FoM: 0.025080068771797137, new best FoM : 0.0250129232362879
06/05/2022 12:10:06.028 - oc_logger - INFO - Function evaluation number: 41, SI: 1, Sub-iteration number: 19, FoM: 0.0250129232362879
06/05/2022 12:10:06.381 - oc_logger - INFO - New record achieved. Previous FoM: 0.0250129232362879, new best FoM : 0.024922163690010435
06/05/2022 12:10:06.381 - oc_logger - INFO - Function evaluation number: 42, SI: 1, Sub-iteration number: 19, FoM: 0.024922163690010435
06/05/2022 12:10:06.748 - oc_logger - INFO - Function evaluation number: 43, SI: 1, Sub-iteration number: 20, FoM: 0.024940120519859943
06/05/2022 12:10:07.107 - oc_logger - INFO - New record achieved. Previous FoM: 0.024922163690010435, new best FoM : 0.02486233896307677
06/05/2022 12:10:07.107 - oc_logger - INFO - Function evaluation number: 44, SI: 1, Sub-iteration number: 21, FoM: 0.02486233896307677
06/05/2022 12:10:07.408 - oc_logger - INFO - New record achieved. Previous FoM: 0.02486233896307677, new best FoM : 0.024775729777405497
06/05/2022 12:10:07.408 - oc_logger - INFO - Function evaluation number: 45, SI: 1, Sub-iteration number: 21, FoM: 0.024775729777405497
06/05/2022 12:10:07.802 - oc_logger - INFO - New record achieved. Previous FoM: 0.024775729777405497, new best FoM : 0.024771839617264924
06/05/2022 12:10:07.803 - oc_logger - INFO - Function evaluation number: 46, SI: 1, Sub-iteration number: 22, FoM: 0.024771839617264924
06/05/2022 12:10:08.064 - oc_logger - INFO - New record achieved. Previous FoM: 0.024771839617264924, new best FoM : 0.024684537778665416
06/05/2022 12:10:08.064 - oc_logger - INFO - Function evaluation number: 47, SI: 1, Sub-iteration number: 22, FoM: 0.024684537778665416
06/05/2022 12:10:08.327 - oc_logger - INFO - New record achieved. Previous FoM: 0.024684537778665416, new best FoM : 0.024657015225552747
06/05/2022 12:10:08.328 - oc_logger - INFO - Function evaluation number: 48, SI: 1, Sub-iteration number: 23, FoM: 0.024657015225552747
06/05/2022 12:10:08.605 - oc_logger - INFO - New record achieved. Previous FoM: 0.024657015225552747, new best FoM : 0.02456378712580931
06/05/2022 12:10:08.605 - oc_logger - INFO - Function evaluation number: 49, SI: 1, Sub-iteration number: 23, FoM: 0.02456378712580931
06/05/2022 12:10:08.884 - oc_logger - INFO - New record achieved. Previous FoM: 0.02456378712580931, new best FoM : 0.024528815942554072
06/05/2022 12:10:08.884 - oc_logger - INFO - Function evaluation number: 50, SI: 1, Sub-iteration number: 24, FoM: 0.024528815942554072
06/05/2022 12:10:09.146 - oc_logger - INFO - New record achieved. Previous FoM: 0.024528815942554072, new best FoM : 0.024428022440579733
06/05/2022 12:10:09.146 - oc_logger - INFO - Function evaluation number: 51, SI: 1, Sub-iteration number: 24, FoM: 0.024428022440579733
06/05/2022 12:10:09.435 - oc_logger - INFO - New record achieved. Previous FoM: 0.024428022440579733, new best FoM : 0.024304898845749268
06/05/2022 12:10:09.435 - oc_logger - INFO - Function evaluation number: 52, SI: 1, Sub-iteration number: 25, FoM: 0.024304898845749268
06/05/2022 12:10:09.802 - oc_logger - INFO - New record achieved. Previous FoM: 0.024304898845749268, new best FoM : 0.024177049865834244
06/05/2022 12:10:09.802 - oc_logger - INFO - Function evaluation number: 53, SI: 1, Sub-iteration number: 25, FoM: 0.024177049865834244
06/05/2022 12:10:10.171 - oc_logger - INFO - Function evaluation number: 54, SI: 1, Sub-iteration number: 26, FoM: 0.024223726843499493
06/05/2022 12:10:10.506 - oc_logger - INFO - New record achieved. Previous FoM: 0.024177049865834244, new best FoM : 0.02410268040632757
06/05/2022 12:10:10.506 - oc_logger - INFO - Function evaluation number: 55, SI: 1, Sub-iteration number: 27, FoM: 0.02410268040632757
06/05/2022 12:10:10.872 - oc_logger - INFO - New record achieved. Previous FoM: 0.02410268040632757, new best FoM : 0.02398212003749811
06/05/2022 12:10:10.872 - oc_logger - INFO - Function evaluation number: 56, SI: 1, Sub-iteration number: 27, FoM: 0.02398212003749811
06/05/2022 12:10:11.241 - oc_logger - INFO - Function evaluation number: 57, SI: 1, Sub-iteration number: 28, FoM: 0.024002207138205223
06/05/2022 12:10:11.601 - oc_logger - INFO - New record achieved. Previous FoM: 0.02398212003749811, new best FoM : 0.023792835403629642
06/05/2022 12:10:11.601 - oc_logger - INFO - Function evaluation number: 58, SI: 1, Sub-iteration number: 29, FoM: 0.023792835403629642
06/05/2022 12:10:12.050 - oc_logger - INFO - New record achieved. Previous FoM: 0.023792835403629642, new best FoM : 0.023653813344045593
06/05/2022 12:10:12.050 - oc_logger - INFO - Function evaluation number: 59, SI: 1, Sub-iteration number: 29, FoM: 0.023653813344045593
06/05/2022 12:10:12.502 - oc_logger - INFO - Function evaluation number: 60, SI: 1, Sub-iteration number: 30, FoM: 0.023658304809517583
06/05/2022 12:10:12.994 - oc_logger - INFO - New record achieved. Previous FoM: 0.023653813344045593, new best FoM : 0.023494191221186456
06/05/2022 12:10:12.994 - oc_logger - INFO - Function evaluation number: 61, SI: 1, Sub-iteration number: 31, FoM: 0.023494191221186456
06/05/2022 12:10:13.443 - oc_logger - INFO - New record achieved. Previous FoM: 0.023494191221186456, new best FoM : 0.023347856779504905
06/05/2022 12:10:13.443 - oc_logger - INFO - Function evaluation number: 62, SI: 1, Sub-iteration number: 31, FoM: 0.023347856779504905
06/05/2022 12:10:13.777 - oc_logger - INFO - New record achieved. Previous FoM: 0.023347856779504905, new best FoM : 0.023311324437951253
06/05/2022 12:10:13.777 - oc_logger - INFO - Function evaluation number: 63, SI: 1, Sub-iteration number: 32, FoM: 0.023311324437951253
06/05/2022 12:10:14.126 - oc_logger - INFO - New record achieved. Previous FoM: 0.023311324437951253, new best FoM : 0.023157455881584355
06/05/2022 12:10:14.126 - oc_logger - INFO - Function evaluation number: 64, SI: 1, Sub-iteration number: 32, FoM: 0.023157455881584355
06/05/2022 12:10:14.494 - oc_logger - INFO - New record achieved. Previous FoM: 0.023157455881584355, new best FoM : 0.023129750316798536
06/05/2022 12:10:14.494 - oc_logger - INFO - Function evaluation number: 65, SI: 1, Sub-iteration number: 33, FoM: 0.023129750316798536
06/05/2022 12:10:14.863 - oc_logger - INFO - New record achieved. Previous FoM: 0.023129750316798536, new best FoM : 0.022970383176837084
06/05/2022 12:10:14.863 - oc_logger - INFO - Function evaluation number: 66, SI: 1, Sub-iteration number: 33, FoM: 0.022970383176837084
06/05/2022 12:10:15.232 - oc_logger - INFO - Function evaluation number: 67, SI: 1, Sub-iteration number: 34, FoM: 0.023018543470979647
06/05/2022 12:10:15.597 - oc_logger - INFO - New record achieved. Previous FoM: 0.022970383176837084, new best FoM : 0.02277938482150299
06/05/2022 12:10:15.597 - oc_logger - INFO - Function evaluation number: 68, SI: 1, Sub-iteration number: 35, FoM: 0.02277938482150299
06/05/2022 12:10:15.967 - oc_logger - INFO - New record achieved. Previous FoM: 0.02277938482150299, new best FoM : 0.022608168819147734
06/05/2022 12:10:15.967 - oc_logger - INFO - Function evaluation number: 69, SI: 1, Sub-iteration number: 35, FoM: 0.022608168819147734
06/05/2022 12:10:16.334 - oc_logger - INFO - New record achieved. Previous FoM: 0.022608168819147734, new best FoM : 0.022605010873480214
06/05/2022 12:10:16.334 - oc_logger - INFO - Function evaluation number: 70, SI: 1, Sub-iteration number: 36, FoM: 0.022605010873480214
06/05/2022 12:10:16.685 - oc_logger - INFO - New record achieved. Previous FoM: 0.022605010873480214, new best FoM : 0.022433870902220487
06/05/2022 12:10:16.685 - oc_logger - INFO - Function evaluation number: 71, SI: 1, Sub-iteration number: 36, FoM: 0.022433870902220487
06/05/2022 12:10:17.053 - oc_logger - INFO - New record achieved. Previous FoM: 0.022433870902220487, new best FoM : 0.022244731182925914
06/05/2022 12:10:17.054 - oc_logger - INFO - Function evaluation number: 72, SI: 1, Sub-iteration number: 37, FoM: 0.022244731182925914
06/05/2022 12:10:17.421 - oc_logger - INFO - New record achieved. Previous FoM: 0.022244731182925914, new best FoM : 0.022032958694262583
06/05/2022 12:10:17.422 - oc_logger - INFO - Function evaluation number: 73, SI: 1, Sub-iteration number: 37, FoM: 0.022032958694262583
06/05/2022 12:10:17.760 - oc_logger - INFO - Function evaluation number: 74, SI: 1, Sub-iteration number: 38, FoM: 0.022155852293033518
06/05/2022 12:10:18.027 - oc_logger - INFO - New record achieved. Previous FoM: 0.022032958694262583, new best FoM : 0.021795021191460373
06/05/2022 12:10:18.027 - oc_logger - INFO - Function evaluation number: 75, SI: 1, Sub-iteration number: 39, FoM: 0.021795021191460373
06/05/2022 12:10:18.301 - oc_logger - INFO - New record achieved. Previous FoM: 0.021795021191460373, new best FoM : 0.021569087860959124
06/05/2022 12:10:18.301 - oc_logger - INFO - Function evaluation number: 76, SI: 1, Sub-iteration number: 39, FoM: 0.021569087860959124
06/05/2022 12:10:18.646 - oc_logger - INFO - Function evaluation number: 77, SI: 1, Sub-iteration number: 40, FoM: 0.021650347091669797
06/05/2022 12:10:19.013 - oc_logger - INFO - New record achieved. Previous FoM: 0.021569087860959124, new best FoM : 0.021464592718514197
06/05/2022 12:10:19.014 - oc_logger - INFO - Function evaluation number: 78, SI: 1, Sub-iteration number: 41, FoM: 0.021464592718514197
06/05/2022 12:10:19.383 - oc_logger - INFO - New record achieved. Previous FoM: 0.021464592718514197, new best FoM : 0.021258415056391033
06/05/2022 12:10:19.384 - oc_logger - INFO - Function evaluation number: 79, SI: 1, Sub-iteration number: 41, FoM: 0.021258415056391033
06/05/2022 12:10:19.795 - oc_logger - INFO - New record achieved. Previous FoM: 0.021258415056391033, new best FoM : 0.02116658387724446
06/05/2022 12:10:19.795 - oc_logger - INFO - Function evaluation number: 80, SI: 1, Sub-iteration number: 42, FoM: 0.02116658387724446
06/05/2022 12:10:20.214 - oc_logger - INFO - New record achieved. Previous FoM: 0.02116658387724446, new best FoM : 0.02094835223374758
06/05/2022 12:10:20.215 - oc_logger - INFO - Function evaluation number: 81, SI: 1, Sub-iteration number: 42, FoM: 0.02094835223374758
06/05/2022 12:10:20.621 - oc_logger - INFO - New record achieved. Previous FoM: 0.02094835223374758, new best FoM : 0.02082351521443293
06/05/2022 12:10:20.621 - oc_logger - INFO - Function evaluation number: 82, SI: 1, Sub-iteration number: 43, FoM: 0.02082351521443293
06/05/2022 12:10:20.909 - oc_logger - INFO - New record achieved. Previous FoM: 0.02082351521443293, new best FoM : 0.020747118085927774
06/05/2022 12:10:20.909 - oc_logger - INFO - Function evaluation number: 83, SI: 1, Sub-iteration number: 43, FoM: 0.020747118085927774
06/05/2022 12:10:21.186 - oc_logger - INFO - Function evaluation number: 84, SI: 1, Sub-iteration number: 44, FoM: 0.020758060543495938
06/05/2022 12:10:21.569 - oc_logger - INFO - New record achieved. Previous FoM: 0.020747118085927774, new best FoM : 0.0205407233637126
06/05/2022 12:10:21.569 - oc_logger - INFO - Function evaluation number: 85, SI: 1, Sub-iteration number: 45, FoM: 0.0205407233637126
06/05/2022 12:10:21.918 - oc_logger - INFO - New record achieved. Previous FoM: 0.0205407233637126, new best FoM : 0.02036679259027241
06/05/2022 12:10:21.918 - oc_logger - INFO - Function evaluation number: 86, SI: 1, Sub-iteration number: 45, FoM: 0.02036679259027241
06/05/2022 12:10:22.221 - oc_logger - INFO - Function evaluation number: 87, SI: 1, Sub-iteration number: 46, FoM: 0.020661207113035762
06/05/2022 12:10:22.613 - oc_logger - INFO - Function evaluation number: 88, SI: 1, Sub-iteration number: 47, FoM: 0.020911489749393164
06/05/2022 12:10:23.024 - oc_logger - INFO - New record achieved. Previous FoM: 0.02036679259027241, new best FoM : 0.02036092170329662
06/05/2022 12:10:23.024 - oc_logger - INFO - Function evaluation number: 89, SI: 1, Sub-iteration number: 48, FoM: 0.02036092170329662
06/05/2022 12:10:23.442 - oc_logger - INFO - New record achieved. Previous FoM: 0.02036092170329662, new best FoM : 0.020198589300813086
06/05/2022 12:10:23.442 - oc_logger - INFO - Function evaluation number: 90, SI: 1, Sub-iteration number: 48, FoM: 0.020198589300813086
06/05/2022 12:10:23.775 - oc_logger - INFO - New record achieved. Previous FoM: 0.020198589300813086, new best FoM : 0.020122388590788742
06/05/2022 12:10:23.775 - oc_logger - INFO - Function evaluation number: 91, SI: 1, Sub-iteration number: 49, FoM: 0.020122388590788742
06/05/2022 12:10:24.146 - oc_logger - INFO - New record achieved. Previous FoM: 0.020122388590788742, new best FoM : 0.019966482234703542
06/05/2022 12:10:24.146 - oc_logger - INFO - Function evaluation number: 92, SI: 1, Sub-iteration number: 49, FoM: 0.019966482234703542
06/05/2022 12:10:24.498 - oc_logger - INFO - Function evaluation number: 93, SI: 1, Sub-iteration number: 50, FoM: 0.02019444195096909
06/05/2022 12:10:24.852 - oc_logger - INFO - Function evaluation number: 94, SI: 1, Sub-iteration number: 51, FoM: 0.020261005282150246
06/05/2022 12:10:25.246 - oc_logger - INFO - Function evaluation number: 95, SI: 1, Sub-iteration number: 52, FoM: 0.019973617316321857
06/05/2022 12:10:25.638 - oc_logger - INFO - New record achieved. Previous FoM: 0.019966482234703542, new best FoM : 0.019705055827569207
06/05/2022 12:10:25.638 - oc_logger - INFO - Function evaluation number: 96, SI: 1, Sub-iteration number: 53, FoM: 0.019705055827569207
06/05/2022 12:10:26.031 - oc_logger - INFO - New record achieved. Previous FoM: 0.019705055827569207, new best FoM : 0.019494752059380893
06/05/2022 12:10:26.031 - oc_logger - INFO - Function evaluation number: 97, SI: 1, Sub-iteration number: 53, FoM: 0.019494752059380893
06/05/2022 12:10:26.423 - oc_logger - INFO - New record achieved. Previous FoM: 0.019494752059380893, new best FoM : 0.018999704302576026
06/05/2022 12:10:26.423 - oc_logger - INFO - Function evaluation number: 98, SI: 1, Sub-iteration number: 54, FoM: 0.018999704302576026
06/05/2022 12:10:26.682 - oc_logger - INFO - New record achieved. Previous FoM: 0.018999704302576026, new best FoM : 0.01868109026879039
06/05/2022 12:10:26.682 - oc_logger - INFO - Function evaluation number: 99, SI: 1, Sub-iteration number: 54, FoM: 0.01868109026879039
06/05/2022 12:10:27.043 - oc_logger - INFO - Function evaluation number: 100, SI: 1, Sub-iteration number: 55, FoM: 0.018896083352195836
06/05/2022 12:10:27.429 - oc_logger - INFO - Function evaluation number: 101, SI: 1, Sub-iteration number: 56, FoM: 0.01879800541841059
06/05/2022 12:10:27.746 - oc_logger - INFO - Function evaluation number: 102, SI: 1, Sub-iteration number: 57, FoM: 0.01884541529167949
06/05/2022 12:10:28.046 - oc_logger - INFO - New record achieved. Previous FoM: 0.01868109026879039, new best FoM : 0.0184355647716834
06/05/2022 12:10:28.046 - oc_logger - INFO - Function evaluation number: 103, SI: 1, Sub-iteration number: 58, FoM: 0.0184355647716834
06/05/2022 12:10:28.369 - oc_logger - INFO - New record achieved. Previous FoM: 0.0184355647716834, new best FoM : 0.01818599578878599
06/05/2022 12:10:28.369 - oc_logger - INFO - Function evaluation number: 104, SI: 1, Sub-iteration number: 58, FoM: 0.01818599578878599
06/05/2022 12:10:28.687 - oc_logger - INFO - New record achieved. Previous FoM: 0.01818599578878599, new best FoM : 0.017879159170613
06/05/2022 12:10:28.687 - oc_logger - INFO - Function evaluation number: 105, SI: 1, Sub-iteration number: 59, FoM: 0.017879159170613
06/05/2022 12:10:29.029 - oc_logger - INFO - New record achieved. Previous FoM: 0.017879159170613, new best FoM : 0.017590006485393772
06/05/2022 12:10:29.029 - oc_logger - INFO - Function evaluation number: 106, SI: 1, Sub-iteration number: 59, FoM: 0.017590006485393772
06/05/2022 12:10:29.323 - oc_logger - INFO - Function evaluation number: 107, SI: 1, Sub-iteration number: 60, FoM: 0.017605407169237863
06/05/2022 12:10:29.668 - oc_logger - INFO - New record achieved. Previous FoM: 0.017590006485393772, new best FoM : 0.017212327222848045
06/05/2022 12:10:29.669 - oc_logger - INFO - Function evaluation number: 108, SI: 1, Sub-iteration number: 61, FoM: 0.017212327222848045
06/05/2022 12:10:30.014 - oc_logger - INFO - New record achieved. Previous FoM: 0.017212327222848045, new best FoM : 0.016980739071166373
06/05/2022 12:10:30.014 - oc_logger - INFO - Function evaluation number: 109, SI: 1, Sub-iteration number: 61, FoM: 0.016980739071166373
06/05/2022 12:10:30.383 - oc_logger - INFO - New record achieved. Previous FoM: 0.016980739071166373, new best FoM : 0.016805906755207878
06/05/2022 12:10:30.384 - oc_logger - INFO - Function evaluation number: 110, SI: 1, Sub-iteration number: 62, FoM: 0.016805906755207878
06/05/2022 12:10:30.751 - oc_logger - INFO - New record achieved. Previous FoM: 0.016805906755207878, new best FoM : 0.016560496800877678
06/05/2022 12:10:30.752 - oc_logger - INFO - Function evaluation number: 111, SI: 1, Sub-iteration number: 62, FoM: 0.016560496800877678
06/05/2022 12:10:31.120 - oc_logger - INFO - Function evaluation number: 112, SI: 1, Sub-iteration number: 63, FoM: 0.016908176882528658
06/05/2022 12:10:31.516 - oc_logger - INFO - Function evaluation number: 113, SI: 1, Sub-iteration number: 64, FoM: 0.016875291344405574
06/05/2022 12:10:31.907 - oc_logger - INFO - New record achieved. Previous FoM: 0.016560496800877678, new best FoM : 0.016234417002387258
06/05/2022 12:10:31.907 - oc_logger - INFO - Function evaluation number: 114, SI: 1, Sub-iteration number: 65, FoM: 0.016234417002387258
06/05/2022 12:10:32.334 - oc_logger - INFO - New record achieved. Previous FoM: 0.016234417002387258, new best FoM : 0.015995351143512693
06/05/2022 12:10:32.334 - oc_logger - INFO - Function evaluation number: 115, SI: 1, Sub-iteration number: 65, FoM: 0.015995351143512693
06/05/2022 12:10:32.763 - oc_logger - INFO - Function evaluation number: 116, SI: 1, Sub-iteration number: 66, FoM: 0.016040699263848657
06/05/2022 12:10:33.199 - oc_logger - INFO - New record achieved. Previous FoM: 0.015995351143512693, new best FoM : 0.01543966950156328
06/05/2022 12:10:33.199 - oc_logger - INFO - Function evaluation number: 117, SI: 1, Sub-iteration number: 67, FoM: 0.01543966950156328
06/05/2022 12:10:33.596 - oc_logger - INFO - New record achieved. Previous FoM: 0.01543966950156328, new best FoM : 0.015147880033874572
06/05/2022 12:10:33.596 - oc_logger - INFO - Function evaluation number: 118, SI: 1, Sub-iteration number: 67, FoM: 0.015147880033874572
06/05/2022 12:10:34.017 - oc_logger - INFO - Function evaluation number: 119, SI: 1, Sub-iteration number: 68, FoM: 0.01563075046541329
06/05/2022 12:10:34.442 - oc_logger - INFO - Function evaluation number: 120, SI: 1, Sub-iteration number: 69, FoM: 0.01545991688706827
06/05/2022 12:10:34.829 - oc_logger - INFO - New record achieved. Previous FoM: 0.015147880033874572, new best FoM : 0.01504643018457641
06/05/2022 12:10:34.829 - oc_logger - INFO - Function evaluation number: 121, SI: 1, Sub-iteration number: 70, FoM: 0.01504643018457641
06/05/2022 12:10:35.265 - oc_logger - INFO - New record achieved. Previous FoM: 0.01504643018457641, new best FoM : 0.01481249457094358
06/05/2022 12:10:35.265 - oc_logger - INFO - Function evaluation number: 122, SI: 1, Sub-iteration number: 70, FoM: 0.01481249457094358
06/05/2022 12:10:35.641 - oc_logger - INFO - Function evaluation number: 123, SI: 1, Sub-iteration number: 71, FoM: 0.014860889022623613
06/05/2022 12:10:35.988 - oc_logger - INFO - New record achieved. Previous FoM: 0.01481249457094358, new best FoM : 0.014484837132002215
06/05/2022 12:10:35.989 - oc_logger - INFO - Function evaluation number: 124, SI: 1, Sub-iteration number: 72, FoM: 0.014484837132002215
06/05/2022 12:10:36.358 - oc_logger - INFO - New record achieved. Previous FoM: 0.014484837132002215, new best FoM : 0.014262321772203546
06/05/2022 12:10:36.359 - oc_logger - INFO - Function evaluation number: 125, SI: 1, Sub-iteration number: 72, FoM: 0.014262321772203546
06/05/2022 12:10:36.730 - oc_logger - INFO - Function evaluation number: 126, SI: 1, Sub-iteration number: 73, FoM: 0.014384804074021096
06/05/2022 12:10:37.097 - oc_logger - INFO - New record achieved. Previous FoM: 0.014262321772203546, new best FoM : 0.01405708715961651
06/05/2022 12:10:37.097 - oc_logger - INFO - Function evaluation number: 127, SI: 1, Sub-iteration number: 74, FoM: 0.01405708715961651
06/05/2022 12:10:37.470 - oc_logger - INFO - New record achieved. Previous FoM: 0.01405708715961651, new best FoM : 0.013881830342587387
06/05/2022 12:10:37.470 - oc_logger - INFO - Function evaluation number: 128, SI: 1, Sub-iteration number: 74, FoM: 0.013881830342587387
06/05/2022 12:10:37.798 - oc_logger - INFO - New record achieved. Previous FoM: 0.013881830342587387, new best FoM : 0.013869159535315867
06/05/2022 12:10:37.798 - oc_logger - INFO - Function evaluation number: 129, SI: 1, Sub-iteration number: 75, FoM: 0.013869159535315867
06/05/2022 12:10:38.163 - oc_logger - INFO - New record achieved. Previous FoM: 0.013869159535315867, new best FoM : 0.013831230182328791
06/05/2022 12:10:38.163 - oc_logger - INFO - Function evaluation number: 130, SI: 1, Sub-iteration number: 75, FoM: 0.013831230182328791
06/05/2022 12:10:38.536 - oc_logger - INFO - New record achieved. Previous FoM: 0.013831230182328791, new best FoM : 0.013795689100228659
06/05/2022 12:10:38.536 - oc_logger - INFO - Function evaluation number: 131, SI: 1, Sub-iteration number: 76, FoM: 0.013795689100228659
06/05/2022 12:10:38.901 - oc_logger - INFO - New record achieved. Previous FoM: 0.013795689100228659, new best FoM : 0.013703509589792606
06/05/2022 12:10:38.901 - oc_logger - INFO - Function evaluation number: 132, SI: 1, Sub-iteration number: 76, FoM: 0.013703509589792606
06/05/2022 12:10:39.225 - oc_logger - INFO - New record achieved. Previous FoM: 0.013703509589792606, new best FoM : 0.013445568789272166
06/05/2022 12:10:39.225 - oc_logger - INFO - Function evaluation number: 133, SI: 1, Sub-iteration number: 77, FoM: 0.013445568789272166
06/05/2022 12:10:39.595 - oc_logger - INFO - New record achieved. Previous FoM: 0.013445568789272166, new best FoM : 0.013301774237446828
06/05/2022 12:10:39.596 - oc_logger - INFO - Function evaluation number: 134, SI: 1, Sub-iteration number: 77, FoM: 0.013301774237446828
06/05/2022 12:10:39.920 - oc_logger - INFO - Function evaluation number: 135, SI: 1, Sub-iteration number: 78, FoM: 0.013527984132336468
06/05/2022 12:10:40.199 - oc_logger - INFO - New record achieved. Previous FoM: 0.013301774237446828, new best FoM : 0.013224750424893461
06/05/2022 12:10:40.199 - oc_logger - INFO - Function evaluation number: 136, SI: 1, Sub-iteration number: 79, FoM: 0.013224750424893461
06/05/2022 12:10:40.519 - oc_logger - INFO - New record achieved. Previous FoM: 0.013224750424893461, new best FoM : 0.013105882095519661
06/05/2022 12:10:40.519 - oc_logger - INFO - Function evaluation number: 137, SI: 1, Sub-iteration number: 79, FoM: 0.013105882095519661
06/05/2022 12:10:40.881 - oc_logger - INFO - Function evaluation number: 138, SI: 1, Sub-iteration number: 80, FoM: 0.013256821748432679
06/05/2022 12:10:41.249 - oc_logger - INFO - New record achieved. Previous FoM: 0.013105882095519661, new best FoM : 0.012802870193380778
06/05/2022 12:10:41.249 - oc_logger - INFO - Function evaluation number: 139, SI: 1, Sub-iteration number: 81, FoM: 0.012802870193380778
06/05/2022 12:10:41.619 - oc_logger - INFO - New record achieved. Previous FoM: 0.012802870193380778, new best FoM : 0.012677175426482168
06/05/2022 12:10:41.620 - oc_logger - INFO - Function evaluation number: 140, SI: 1, Sub-iteration number: 81, FoM: 0.012677175426482168
06/05/2022 12:10:41.989 - oc_logger - INFO - Function evaluation number: 141, SI: 1, Sub-iteration number: 82, FoM: 0.013116412918919407
06/05/2022 12:10:42.356 - oc_logger - INFO - Function evaluation number: 142, SI: 1, Sub-iteration number: 83, FoM: 0.0130508602643844
06/05/2022 12:10:42.649 - oc_logger - INFO - New record achieved. Previous FoM: 0.012677175426482168, new best FoM : 0.012562767085942284
06/05/2022 12:10:42.649 - oc_logger - INFO - Function evaluation number: 143, SI: 1, Sub-iteration number: 84, FoM: 0.012562767085942284
06/05/2022 12:10:43.003 - oc_logger - INFO - New record achieved. Previous FoM: 0.012562767085942284, new best FoM : 0.012448498928306795
06/05/2022 12:10:43.003 - oc_logger - INFO - Function evaluation number: 144, SI: 1, Sub-iteration number: 84, FoM: 0.012448498928306795
06/05/2022 12:10:43.347 - oc_logger - INFO - New record achieved. Previous FoM: 0.012448498928306795, new best FoM : 0.012412278807426458
06/05/2022 12:10:43.347 - oc_logger - INFO - Function evaluation number: 145, SI: 1, Sub-iteration number: 85, FoM: 0.012412278807426458
06/05/2022 12:10:43.672 - oc_logger - INFO - New record achieved. Previous FoM: 0.012412278807426458, new best FoM : 0.01226525627774866
06/05/2022 12:10:43.672 - oc_logger - INFO - Function evaluation number: 146, SI: 1, Sub-iteration number: 85, FoM: 0.01226525627774866
06/05/2022 12:10:44.097 - oc_logger - INFO - Function evaluation number: 147, SI: 1, Sub-iteration number: 86, FoM: 0.01229252360459987
06/05/2022 12:10:44.891 - oc_logger - INFO - Function evaluation number: 148, SI: 1, Sub-iteration number: 87, FoM: 0.012631713806697586
06/05/2022 12:10:45.245 - oc_logger - INFO - New record achieved. Previous FoM: 0.01226525627774866, new best FoM : 0.012162430048046513
06/05/2022 12:10:45.245 - oc_logger - INFO - Function evaluation number: 149, SI: 1, Sub-iteration number: 88, FoM: 0.012162430048046513
06/05/2022 12:10:45.527 - oc_logger - INFO - New record achieved. Previous FoM: 0.012162430048046513, new best FoM : 0.012034322720439361
06/05/2022 12:10:45.527 - oc_logger - INFO - Function evaluation number: 150, SI: 1, Sub-iteration number: 88, FoM: 0.012034322720439361
06/05/2022 12:10:45.807 - oc_logger - INFO - Function evaluation number: 151, SI: 1, Sub-iteration number: 89, FoM: 0.012108166578947976
06/05/2022 12:10:46.147 - oc_logger - INFO - New record achieved. Previous FoM: 0.012034322720439361, new best FoM : 0.011879817707219131
06/05/2022 12:10:46.147 - oc_logger - INFO - Function evaluation number: 152, SI: 1, Sub-iteration number: 90, FoM: 0.011879817707219131
06/05/2022 12:10:46.482 - oc_logger - INFO - New record achieved. Previous FoM: 0.011879817707219131, new best FoM : 0.011770558531395858
06/05/2022 12:10:46.482 - oc_logger - INFO - Function evaluation number: 153, SI: 1, Sub-iteration number: 90, FoM: 0.011770558531395858
06/05/2022 12:10:46.854 - oc_logger - INFO - New record achieved. Previous FoM: 0.011770558531395858, new best FoM : 0.011457027591454838
06/05/2022 12:10:46.854 - oc_logger - INFO - Function evaluation number: 154, SI: 1, Sub-iteration number: 91, FoM: 0.011457027591454838
06/05/2022 12:10:47.215 - oc_logger - INFO - New record achieved. Previous FoM: 0.011457027591454838, new best FoM : 0.011308683300542244
06/05/2022 12:10:47.216 - oc_logger - INFO - Function evaluation number: 155, SI: 1, Sub-iteration number: 91, FoM: 0.011308683300542244
06/05/2022 12:10:47.584 - oc_logger - INFO - Function evaluation number: 156, SI: 1, Sub-iteration number: 92, FoM: 0.011639146212707563
06/05/2022 12:10:48.026 - oc_logger - INFO - Function evaluation number: 157, SI: 1, Sub-iteration number: 93, FoM: 0.011588976303905874
06/05/2022 12:10:48.476 - oc_logger - INFO - New record achieved. Previous FoM: 0.011308683300542244, new best FoM : 0.011253755151145906
06/05/2022 12:10:48.476 - oc_logger - INFO - Function evaluation number: 158, SI: 1, Sub-iteration number: 94, FoM: 0.011253755151145906
06/05/2022 12:10:48.898 - oc_logger - INFO - New record achieved. Previous FoM: 0.011253755151145906, new best FoM : 0.011117902490563325
06/05/2022 12:10:48.898 - oc_logger - INFO - Function evaluation number: 159, SI: 1, Sub-iteration number: 94, FoM: 0.011117902490563325
06/05/2022 12:10:49.320 - oc_logger - INFO - New record achieved. Previous FoM: 0.011117902490563325, new best FoM : 0.011116248153280606
06/05/2022 12:10:49.320 - oc_logger - INFO - Function evaluation number: 160, SI: 1, Sub-iteration number: 95, FoM: 0.011116248153280606
06/05/2022 12:10:49.690 - oc_logger - INFO - New record achieved. Previous FoM: 0.011116248153280606, new best FoM : 0.011018473634070491
06/05/2022 12:10:49.690 - oc_logger - INFO - Function evaluation number: 161, SI: 1, Sub-iteration number: 95, FoM: 0.011018473634070491
06/05/2022 12:10:50.018 - oc_logger - INFO - New record achieved. Previous FoM: 0.011018473634070491, new best FoM : 0.011002329743804329
06/05/2022 12:10:50.018 - oc_logger - INFO - Function evaluation number: 162, SI: 1, Sub-iteration number: 96, FoM: 0.011002329743804329
06/05/2022 12:10:50.388 - oc_logger - INFO - New record achieved. Previous FoM: 0.011002329743804329, new best FoM : 0.010885291299990274
06/05/2022 12:10:50.388 - oc_logger - INFO - Function evaluation number: 163, SI: 1, Sub-iteration number: 96, FoM: 0.010885291299990274
06/05/2022 12:10:50.756 - oc_logger - INFO - New record achieved. Previous FoM: 0.010885291299990274, new best FoM : 0.01077728155883484
06/05/2022 12:10:50.756 - oc_logger - INFO - Function evaluation number: 164, SI: 1, Sub-iteration number: 97, FoM: 0.01077728155883484
06/05/2022 12:10:51.120 - oc_logger - INFO - New record achieved. Previous FoM: 0.01077728155883484, new best FoM : 0.010675799912046369
06/05/2022 12:10:51.120 - oc_logger - INFO - Function evaluation number: 165, SI: 1, Sub-iteration number: 97, FoM: 0.010675799912046369
06/05/2022 12:10:51.486 - oc_logger - INFO - New record achieved. Previous FoM: 0.010675799912046369, new best FoM : 0.010547203109892211
06/05/2022 12:10:51.486 - oc_logger - INFO - Function evaluation number: 166, SI: 1, Sub-iteration number: 98, FoM: 0.010547203109892211
06/05/2022 12:10:51.855 - oc_logger - INFO - New record achieved. Previous FoM: 0.010547203109892211, new best FoM : 0.010451325246252918
06/05/2022 12:10:51.855 - oc_logger - INFO - Function evaluation number: 167, SI: 1, Sub-iteration number: 98, FoM: 0.010451325246252918
06/05/2022 12:10:52.274 - oc_logger - INFO - Function evaluation number: 168, SI: 1, Sub-iteration number: 99, FoM: 0.010555209811165311
06/05/2022 12:10:52.692 - oc_logger - INFO - New record achieved. Previous FoM: 0.010451325246252918, new best FoM : 0.010438431508746793
06/05/2022 12:10:52.692 - oc_logger - INFO - Function evaluation number: 169, SI: 1, Sub-iteration number: 100, FoM: 0.010438431508746793
06/05/2022 12:10:53.114 - oc_logger - INFO - New record achieved. Previous FoM: 0.010438431508746793, new best FoM : 0.010410028818004902
06/05/2022 12:10:53.115 - oc_logger - INFO - Function evaluation number: 170, SI: 1, Sub-iteration number: 100, FoM: 0.010410028818004902
06/05/2022 12:10:53.525 - oc_logger - INFO - New record achieved. Previous FoM: 0.010410028818004902, new best FoM : 0.010325452302187177
06/05/2022 12:10:53.525 - oc_logger - INFO - Function evaluation number: 171, SI: 1, Sub-iteration number: 101, FoM: 0.010325452302187177
06/05/2022 12:10:53.892 - oc_logger - INFO - New record achieved. Previous FoM: 0.010325452302187177, new best FoM : 0.010278244596275132
06/05/2022 12:10:53.892 - oc_logger - INFO - Function evaluation number: 172, SI: 1, Sub-iteration number: 101, FoM: 0.010278244596275132
06/05/2022 12:10:54.313 - oc_logger - INFO - Function evaluation number: 173, SI: 1, Sub-iteration number: 102, FoM: 0.010376120186314619
06/05/2022 12:10:54.748 - oc_logger - INFO - New record achieved. Previous FoM: 0.010278244596275132, new best FoM : 0.01011159073611645
06/05/2022 12:10:54.748 - oc_logger - INFO - Function evaluation number: 174, SI: 1, Sub-iteration number: 103, FoM: 0.01011159073611645
06/05/2022 12:10:55.129 - oc_logger - INFO - New record achieved. Previous FoM: 0.01011159073611645, new best FoM : 0.010044701610986584
06/05/2022 12:10:55.129 - oc_logger - INFO - Function evaluation number: 175, SI: 1, Sub-iteration number: 103, FoM: 0.010044701610986584
06/05/2022 12:10:55.545 - oc_logger - INFO - New record achieved. Previous FoM: 0.010044701610986584, new best FoM : 0.00994785430897982
06/05/2022 12:10:55.545 - oc_logger - INFO - Function evaluation number: 176, SI: 1, Sub-iteration number: 104, FoM: 0.00994785430897982
06/05/2022 12:10:55.962 - oc_logger - INFO - New record achieved. Previous FoM: 0.00994785430897982, new best FoM : 0.009874333713610128
06/05/2022 12:10:55.962 - oc_logger - INFO - Function evaluation number: 177, SI: 1, Sub-iteration number: 104, FoM: 0.009874333713610128
06/05/2022 12:10:56.382 - oc_logger - INFO - New record achieved. Previous FoM: 0.009874333713610128, new best FoM : 0.009859782342002021
06/05/2022 12:10:56.382 - oc_logger - INFO - Function evaluation number: 178, SI: 1, Sub-iteration number: 105, FoM: 0.009859782342002021
06/05/2022 12:10:56.819 - oc_logger - INFO - New record achieved. Previous FoM: 0.009859782342002021, new best FoM : 0.009780361574283414
06/05/2022 12:10:56.819 - oc_logger - INFO - Function evaluation number: 179, SI: 1, Sub-iteration number: 105, FoM: 0.009780361574283414
06/05/2022 12:10:57.245 - oc_logger - INFO - Function evaluation number: 180, SI: 1, Sub-iteration number: 106, FoM: 0.009802218424954767
06/05/2022 12:10:57.663 - oc_logger - INFO - New record achieved. Previous FoM: 0.009780361574283414, new best FoM : 0.009619916563346598
06/05/2022 12:10:57.663 - oc_logger - INFO - Function evaluation number: 181, SI: 1, Sub-iteration number: 107, FoM: 0.009619916563346598
06/05/2022 12:10:58.013 - oc_logger - INFO - New record achieved. Previous FoM: 0.009619916563346598, new best FoM : 0.00952996228975267
06/05/2022 12:10:58.013 - oc_logger - INFO - Function evaluation number: 182, SI: 1, Sub-iteration number: 107, FoM: 0.00952996228975267
06/05/2022 12:10:58.417 - oc_logger - INFO - Function evaluation number: 183, SI: 1, Sub-iteration number: 108, FoM: 0.009659421949132496
06/05/2022 12:10:58.844 - oc_logger - INFO - Function evaluation number: 184, SI: 1, Sub-iteration number: 109, FoM: 0.009711288096393544
06/05/2022 12:10:59.180 - oc_logger - INFO - New record achieved. Previous FoM: 0.00952996228975267, new best FoM : 0.009343714000506265
06/05/2022 12:10:59.181 - oc_logger - INFO - Function evaluation number: 185, SI: 1, Sub-iteration number: 110, FoM: 0.009343714000506265
06/05/2022 12:10:59.547 - oc_logger - INFO - New record achieved. Previous FoM: 0.009343714000506265, new best FoM : 0.00928254916425919
06/05/2022 12:10:59.547 - oc_logger - INFO - Function evaluation number: 186, SI: 1, Sub-iteration number: 110, FoM: 0.00928254916425919
06/05/2022 12:10:59.902 - oc_logger - INFO - Function evaluation number: 187, SI: 1, Sub-iteration number: 111, FoM: 0.009363922724972884
06/05/2022 12:11:00.217 - oc_logger - INFO - New record achieved. Previous FoM: 0.00928254916425919, new best FoM : 0.009113650556078712
06/05/2022 12:11:00.217 - oc_logger - INFO - Function evaluation number: 188, SI: 1, Sub-iteration number: 112, FoM: 0.009113650556078712
06/05/2022 12:11:00.587 - oc_logger - INFO - New record achieved. Previous FoM: 0.009113650556078712, new best FoM : 0.009069896059009541
06/05/2022 12:11:00.587 - oc_logger - INFO - Function evaluation number: 189, SI: 1, Sub-iteration number: 112, FoM: 0.009069896059009541
06/05/2022 12:11:00.945 - oc_logger - INFO - Function evaluation number: 190, SI: 1, Sub-iteration number: 113, FoM: 0.009286832131924605
06/05/2022 12:11:01.276 - oc_logger - INFO - Function evaluation number: 191, SI: 1, Sub-iteration number: 114, FoM: 0.009107255963656802
06/05/2022 12:11:01.642 - oc_logger - INFO - New record achieved. Previous FoM: 0.009069896059009541, new best FoM : 0.009062656563286087
06/05/2022 12:11:01.642 - oc_logger - INFO - Function evaluation number: 192, SI: 1, Sub-iteration number: 115, FoM: 0.009062656563286087
06/05/2022 12:11:02.010 - oc_logger - INFO - New record achieved. Previous FoM: 0.009062656563286087, new best FoM : 0.009040013027555971
06/05/2022 12:11:02.010 - oc_logger - INFO - Function evaluation number: 193, SI: 1, Sub-iteration number: 115, FoM: 0.009040013027555971
06/05/2022 12:11:02.377 - oc_logger - INFO - Function evaluation number: 194, SI: 1, Sub-iteration number: 116, FoM: 0.009238787417795713
06/05/2022 12:11:02.743 - oc_logger - INFO - New record achieved. Previous FoM: 0.009040013027555971, new best FoM : 0.00890902566140539
06/05/2022 12:11:02.744 - oc_logger - INFO - Function evaluation number: 195, SI: 1, Sub-iteration number: 117, FoM: 0.00890902566140539
06/05/2022 12:11:03.087 - oc_logger - INFO - New record achieved. Previous FoM: 0.00890902566140539, new best FoM : 0.008868221154641809
06/05/2022 12:11:03.087 - oc_logger - INFO - Function evaluation number: 196, SI: 1, Sub-iteration number: 117, FoM: 0.008868221154641809
06/05/2022 12:11:03.455 - oc_logger - INFO - Function evaluation number: 197, SI: 1, Sub-iteration number: 118, FoM: 0.009118400121411407
06/05/2022 12:11:03.813 - oc_logger - INFO - Function evaluation number: 198, SI: 1, Sub-iteration number: 119, FoM: 0.008877404645443177
06/05/2022 12:11:04.146 - oc_logger - INFO - Function evaluation number: 199, SI: 1, Sub-iteration number: 120, FoM: 0.008912546999931825
06/05/2022 12:11:04.511 - oc_logger - INFO - New record achieved. Previous FoM: 0.008868221154641809, new best FoM : 0.008731182011411098
06/05/2022 12:11:04.511 - oc_logger - INFO - Function evaluation number: 200, SI: 1, Sub-iteration number: 121, FoM: 0.008731182011411098
06/05/2022 12:11:04.880 - oc_logger - INFO - New record achieved. Previous FoM: 0.008731182011411098, new best FoM : 0.008644912773033697
06/05/2022 12:11:04.881 - oc_logger - INFO - Function evaluation number: 201, SI: 1, Sub-iteration number: 121, FoM: 0.008644912773033697
06/05/2022 12:11:05.246 - oc_logger - INFO - Function evaluation number: 202, SI: 1, Sub-iteration number: 122, FoM: 0.008779103968048263
06/05/2022 12:11:05.663 - oc_logger - INFO - Function evaluation number: 203, SI: 1, Sub-iteration number: 123, FoM: 0.008796803415634158
06/05/2022 12:11:06.090 - oc_logger - INFO - New record achieved. Previous FoM: 0.008644912773033697, new best FoM : 0.008535916171805713
06/05/2022 12:11:06.090 - oc_logger - INFO - Function evaluation number: 204, SI: 1, Sub-iteration number: 124, FoM: 0.008535916171805713
06/05/2022 12:11:06.510 - oc_logger - INFO - New record achieved. Previous FoM: 0.008535916171805713, new best FoM : 0.00843946028254794
06/05/2022 12:11:06.510 - oc_logger - INFO - Function evaluation number: 205, SI: 1, Sub-iteration number: 124, FoM: 0.00843946028254794
06/05/2022 12:11:06.928 - oc_logger - INFO - Function evaluation number: 206, SI: 1, Sub-iteration number: 125, FoM: 0.008551775813045226
06/05/2022 12:11:07.242 - oc_logger - INFO - New record achieved. Previous FoM: 0.00843946028254794, new best FoM : 0.008376253530272382
06/05/2022 12:11:07.242 - oc_logger - INFO - Function evaluation number: 207, SI: 1, Sub-iteration number: 126, FoM: 0.008376253530272382
06/05/2022 12:11:07.609 - oc_logger - INFO - New record achieved. Previous FoM: 0.008376253530272382, new best FoM : 0.008302762620766013
06/05/2022 12:11:07.610 - oc_logger - INFO - Function evaluation number: 208, SI: 1, Sub-iteration number: 126, FoM: 0.008302762620766013
06/05/2022 12:11:07.971 - oc_logger - INFO - Function evaluation number: 209, SI: 1, Sub-iteration number: 127, FoM: 0.008394187077949478
06/05/2022 12:11:08.324 - oc_logger - INFO - Function evaluation number: 210, SI: 1, Sub-iteration number: 128, FoM: 0.00842795801391849
06/05/2022 12:11:08.688 - oc_logger - INFO - New record achieved. Previous FoM: 0.008302762620766013, new best FoM : 0.00811723801650055
06/05/2022 12:11:08.688 - oc_logger - INFO - Function evaluation number: 211, SI: 1, Sub-iteration number: 129, FoM: 0.00811723801650055
06/05/2022 12:11:09.057 - oc_logger - INFO - New record achieved. Previous FoM: 0.00811723801650055, new best FoM : 0.00803917318778169
06/05/2022 12:11:09.057 - oc_logger - INFO - Function evaluation number: 212, SI: 1, Sub-iteration number: 129, FoM: 0.00803917318778169
06/05/2022 12:11:09.484 - oc_logger - INFO - Function evaluation number: 213, SI: 1, Sub-iteration number: 130, FoM: 0.008326880298625494
06/05/2022 12:11:09.902 - oc_logger - INFO - Function evaluation number: 214, SI: 1, Sub-iteration number: 131, FoM: 0.008169733610475016
06/05/2022 12:11:10.317 - oc_logger - INFO - New record achieved. Previous FoM: 0.00803917318778169, new best FoM : 0.008005144830132482
06/05/2022 12:11:10.317 - oc_logger - INFO - Function evaluation number: 215, SI: 1, Sub-iteration number: 132, FoM: 0.008005144830132482
06/05/2022 12:11:10.734 - oc_logger - INFO - New record achieved. Previous FoM: 0.008005144830132482, new best FoM : 0.007957914958961698
06/05/2022 12:11:10.734 - oc_logger - INFO - Function evaluation number: 216, SI: 1, Sub-iteration number: 132, FoM: 0.007957914958961698
06/05/2022 12:11:11.143 - oc_logger - INFO - Function evaluation number: 217, SI: 1, Sub-iteration number: 133, FoM: 0.00796973514709487
06/05/2022 12:11:11.555 - oc_logger - INFO - New record achieved. Previous FoM: 0.007957914958961698, new best FoM : 0.007937370240973074
06/05/2022 12:11:11.555 - oc_logger - INFO - Function evaluation number: 218, SI: 1, Sub-iteration number: 134, FoM: 0.007937370240973074
06/05/2022 12:11:11.974 - oc_logger - INFO - New record achieved. Previous FoM: 0.007937370240973074, new best FoM : 0.007914960324008735
06/05/2022 12:11:11.974 - oc_logger - INFO - Function evaluation number: 219, SI: 1, Sub-iteration number: 134, FoM: 0.007914960324008735
06/05/2022 12:11:12.391 - oc_logger - INFO - Function evaluation number: 220, SI: 1, Sub-iteration number: 135, FoM: 0.007947466007954929
06/05/2022 12:11:12.805 - oc_logger - INFO - Function evaluation number: 221, SI: 1, Sub-iteration number: 136, FoM: 0.008047879490093779
06/05/2022 12:11:13.140 - oc_logger - INFO - New record achieved. Previous FoM: 0.007914960324008735, new best FoM : 0.007888491539156384
06/05/2022 12:11:13.140 - oc_logger - INFO - Function evaluation number: 222, SI: 1, Sub-iteration number: 137, FoM: 0.007888491539156384
06/05/2022 12:11:13.451 - oc_logger - INFO - Function evaluation number: 223, SI: 1, Sub-iteration number: 137, FoM: 0.007903056890726234
06/05/2022 12:11:13.806 - oc_logger - INFO - New record achieved. Previous FoM: 0.007888491539156384, new best FoM : 0.007799066496865681
06/05/2022 12:11:13.806 - oc_logger - INFO - Function evaluation number: 224, SI: 1, Sub-iteration number: 138, FoM: 0.007799066496865681
06/05/2022 12:11:14.174 - oc_logger - INFO - New record achieved. Previous FoM: 0.007799066496865681, new best FoM : 0.007756453844692923
06/05/2022 12:11:14.174 - oc_logger - INFO - Function evaluation number: 225, SI: 1, Sub-iteration number: 138, FoM: 0.007756453844692923
06/05/2022 12:11:14.544 - oc_logger - INFO - Function evaluation number: 226, SI: 1, Sub-iteration number: 139, FoM: 0.007910772234865693
06/05/2022 12:11:14.907 - oc_logger - INFO - Function evaluation number: 227, SI: 1, Sub-iteration number: 140, FoM: 0.008174253426102007
06/05/2022 12:11:15.273 - oc_logger - INFO - Function evaluation number: 228, SI: 1, Sub-iteration number: 140, FoM: 0.007991346093846774
06/05/2022 12:11:15.640 - oc_logger - INFO - Function evaluation number: 229, SI: 1, Sub-iteration number: 141, FoM: 0.007760368086863534
06/05/2022 12:11:16.006 - oc_logger - INFO - Function evaluation number: 230, SI: 1, Sub-iteration number: 142, FoM: 0.007948925390889428
06/05/2022 12:11:16.372 - oc_logger - INFO - Function evaluation number: 231, SI: 1, Sub-iteration number: 143, FoM: 0.007928158768676363
06/05/2022 12:11:16.738 - oc_logger - INFO - Function evaluation number: 232, SI: 1, Sub-iteration number: 144, FoM: 0.007796732073605983
06/05/2022 12:11:17.104 - oc_logger - INFO - Function evaluation number: 233, SI: 1, Sub-iteration number: 145, FoM: 0.007818424162096216
06/05/2022 12:11:17.469 - oc_logger - INFO - Function evaluation number: 234, SI: 1, Sub-iteration number: 146, FoM: 0.00783971651122306
06/05/2022 12:11:17.834 - oc_logger - INFO - Function evaluation number: 235, SI: 1, Sub-iteration number: 147, FoM: 0.007786235001485675
06/05/2022 12:11:18.199 - oc_logger - INFO - New record achieved. Previous FoM: 0.007756453844692923, new best FoM : 0.007641675914877966
06/05/2022 12:11:18.199 - oc_logger - INFO - Function evaluation number: 236, SI: 1, Sub-iteration number: 148, FoM: 0.007641675914877966
06/05/2022 12:11:18.568 - oc_logger - INFO - New record achieved. Previous FoM: 0.007641675914877966, new best FoM : 0.0076055307716494935
06/05/2022 12:11:18.568 - oc_logger - INFO - Function evaluation number: 237, SI: 1, Sub-iteration number: 148, FoM: 0.0076055307716494935
06/05/2022 12:11:18.881 - oc_logger - INFO - Function evaluation number: 238, SI: 1, Sub-iteration number: 149, FoM: 0.007656936118024427
06/05/2022 12:11:19.230 - oc_logger - INFO - New record achieved. Previous FoM: 0.0076055307716494935, new best FoM : 0.007587835937409193
06/05/2022 12:11:19.230 - oc_logger - INFO - Function evaluation number: 239, SI: 1, Sub-iteration number: 150, FoM: 0.007587835937409193
06/05/2022 12:11:19.596 - oc_logger - INFO - New record achieved. Previous FoM: 0.007587835937409193, new best FoM : 0.007556941709640608
06/05/2022 12:11:19.596 - oc_logger - INFO - Function evaluation number: 240, SI: 1, Sub-iteration number: 150, FoM: 0.007556941709640608
06/05/2022 12:11:19.963 - oc_logger - INFO - Function evaluation number: 241, SI: 1, Sub-iteration number: 151, FoM: 0.0078061908442358385
06/05/2022 12:11:20.328 - oc_logger - INFO - New record achieved. Previous FoM: 0.007556941709640608, new best FoM : 0.007552134702123792
06/05/2022 12:11:20.328 - oc_logger - INFO - Function evaluation number: 242, SI: 1, Sub-iteration number: 152, FoM: 0.007552134702123792
06/05/2022 12:11:20.694 - oc_logger - INFO - New record achieved. Previous FoM: 0.007552134702123792, new best FoM : 0.007531871893115216
06/05/2022 12:11:20.694 - oc_logger - INFO - Function evaluation number: 243, SI: 1, Sub-iteration number: 152, FoM: 0.007531871893115216
06/05/2022 12:11:21.062 - oc_logger - INFO - Function evaluation number: 244, SI: 1, Sub-iteration number: 153, FoM: 0.007798616477264098
06/05/2022 12:11:21.432 - oc_logger - INFO - Function evaluation number: 245, SI: 1, Sub-iteration number: 153, FoM: 0.007757969082261007
06/05/2022 12:11:21.758 - oc_logger - INFO - Function evaluation number: 246, SI: 1, Sub-iteration number: 154, FoM: 0.007630499165855342
06/05/2022 12:11:22.118 - oc_logger - INFO - Function evaluation number: 247, SI: 1, Sub-iteration number: 155, FoM: 0.007535833739341857
06/05/2022 12:11:22.505 - oc_logger - INFO - New record achieved. Previous FoM: 0.007531871893115216, new best FoM : 0.007434382776699389
06/05/2022 12:11:22.505 - oc_logger - INFO - Function evaluation number: 248, SI: 1, Sub-iteration number: 156, FoM: 0.007434382776699389
06/05/2022 12:11:22.920 - oc_logger - INFO - New record achieved. Previous FoM: 0.007434382776699389, new best FoM : 0.007394569865503464
06/05/2022 12:11:22.920 - oc_logger - INFO - Function evaluation number: 249, SI: 1, Sub-iteration number: 156, FoM: 0.007394569865503464
06/05/2022 12:11:23.268 - oc_logger - INFO - Function evaluation number: 250, SI: 1, Sub-iteration number: 157, FoM: 0.007546706222449684
06/05/2022 12:11:23.657 - oc_logger - INFO - New record achieved. Previous FoM: 0.007394569865503464, new best FoM : 0.007330702661909161
06/05/2022 12:11:23.657 - oc_logger - INFO - Function evaluation number: 251, SI: 1, Sub-iteration number: 158, FoM: 0.007330702661909161
06/05/2022 12:11:24.045 - oc_logger - INFO - New record achieved. Previous FoM: 0.007330702661909161, new best FoM : 0.007280367423966538
06/05/2022 12:11:24.045 - oc_logger - INFO - Function evaluation number: 252, SI: 1, Sub-iteration number: 158, FoM: 0.007280367423966538
06/05/2022 12:11:24.390 - oc_logger - INFO - Function evaluation number: 253, SI: 1, Sub-iteration number: 159, FoM: 0.007323022496022902
06/05/2022 12:11:24.816 - oc_logger - INFO - Function evaluation number: 254, SI: 1, Sub-iteration number: 160, FoM: 0.007381658017651449
06/05/2022 12:11:25.219 - oc_logger - INFO - New record achieved. Previous FoM: 0.007280367423966538, new best FoM : 0.007279609453607838
06/05/2022 12:11:25.219 - oc_logger - INFO - Function evaluation number: 255, SI: 1, Sub-iteration number: 161, FoM: 0.007279609453607838
06/05/2022 12:11:25.643 - oc_logger - INFO - New record achieved. Previous FoM: 0.007279609453607838, new best FoM : 0.0072437277022250335
06/05/2022 12:11:25.643 - oc_logger - INFO - Function evaluation number: 256, SI: 1, Sub-iteration number: 161, FoM: 0.0072437277022250335
06/05/2022 12:11:26.056 - oc_logger - INFO - New record achieved. Previous FoM: 0.0072437277022250335, new best FoM : 0.007227540376871011
06/05/2022 12:11:26.056 - oc_logger - INFO - Function evaluation number: 257, SI: 1, Sub-iteration number: 162, FoM: 0.007227540376871011
06/05/2022 12:11:26.337 - oc_logger - INFO - New record achieved. Previous FoM: 0.007227540376871011, new best FoM : 0.007194993812684736
06/05/2022 12:11:26.337 - oc_logger - INFO - Function evaluation number: 258, SI: 1, Sub-iteration number: 162, FoM: 0.007194993812684736
06/05/2022 12:11:26.731 - oc_logger - INFO - Function evaluation number: 259, SI: 1, Sub-iteration number: 163, FoM: 0.007362845329778267
06/05/2022 12:11:27.165 - oc_logger - INFO - New record achieved. Previous FoM: 0.007194993812684736, new best FoM : 0.007119313409936545
06/05/2022 12:11:27.165 - oc_logger - INFO - Function evaluation number: 260, SI: 1, Sub-iteration number: 164, FoM: 0.007119313409936545
06/05/2022 12:11:27.570 - oc_logger - INFO - New record achieved. Previous FoM: 0.007119313409936545, new best FoM : 0.007099534642341254
06/05/2022 12:11:27.570 - oc_logger - INFO - Function evaluation number: 261, SI: 1, Sub-iteration number: 164, FoM: 0.007099534642341254
06/05/2022 12:11:27.985 - oc_logger - INFO - New record achieved. Previous FoM: 0.007099534642341254, new best FoM : 0.007043180615153299
06/05/2022 12:11:27.985 - oc_logger - INFO - Function evaluation number: 262, SI: 1, Sub-iteration number: 165, FoM: 0.007043180615153299
06/05/2022 12:11:28.404 - oc_logger - INFO - New record achieved. Previous FoM: 0.007043180615153299, new best FoM : 0.007036204981245242
06/05/2022 12:11:28.405 - oc_logger - INFO - Function evaluation number: 263, SI: 1, Sub-iteration number: 165, FoM: 0.007036204981245242
06/05/2022 12:11:28.819 - oc_logger - INFO - Function evaluation number: 264, SI: 1, Sub-iteration number: 166, FoM: 0.007074210884115528
06/05/2022 12:11:29.202 - oc_logger - INFO - Function evaluation number: 265, SI: 1, Sub-iteration number: 167, FoM: 0.007053176304495534
06/05/2022 12:11:29.514 - oc_logger - INFO - Function evaluation number: 266, SI: 1, Sub-iteration number: 168, FoM: 0.007203519146743775
06/05/2022 12:11:29.882 - oc_logger - INFO - Function evaluation number: 267, SI: 1, Sub-iteration number: 169, FoM: 0.00706904693054633
06/05/2022 12:11:30.248 - oc_logger - INFO - Function evaluation number: 268, SI: 1, Sub-iteration number: 170, FoM: 0.007043308398946402
06/05/2022 12:11:30.615 - oc_logger - INFO - New record achieved. Previous FoM: 0.007036204981245242, new best FoM : 0.006984358707624372
06/05/2022 12:11:30.615 - oc_logger - INFO - Function evaluation number: 269, SI: 1, Sub-iteration number: 171, FoM: 0.006984358707624372
06/05/2022 12:11:30.982 - oc_logger - INFO - New record achieved. Previous FoM: 0.006984358707624372, new best FoM : 0.006974246770862447
06/05/2022 12:11:30.982 - oc_logger - INFO - Function evaluation number: 270, SI: 1, Sub-iteration number: 171, FoM: 0.006974246770862447
06/05/2022 12:11:31.345 - oc_logger - INFO - Function evaluation number: 271, SI: 1, Sub-iteration number: 172, FoM: 0.007044838422901378
06/05/2022 12:11:31.711 - oc_logger - INFO - Function evaluation number: 272, SI: 1, Sub-iteration number: 173, FoM: 0.006990723813246946
06/05/2022 12:11:32.076 - oc_logger - INFO - Function evaluation number: 273, SI: 1, Sub-iteration number: 174, FoM: 0.006993627488734666
06/05/2022 12:11:32.350 - oc_logger - INFO - Function evaluation number: 274, SI: 1, Sub-iteration number: 175, FoM: 0.006980359555951443
06/05/2022 12:11:32.647 - oc_logger - INFO - Function evaluation number: 275, SI: 1, Sub-iteration number: 176, FoM: 0.007005812607521644
06/05/2022 12:11:33.014 - oc_logger - INFO - Function evaluation number: 276, SI: 1, Sub-iteration number: 177, FoM: 0.006979576122238873
06/05/2022 12:11:33.376 - oc_logger - INFO - Function evaluation number: 277, SI: 1, Sub-iteration number: 178, FoM: 0.0070575907581067465
06/05/2022 12:11:33.742 - oc_logger - INFO - Function evaluation number: 278, SI: 1, Sub-iteration number: 178, FoM: 0.007029285885628567
06/05/2022 12:11:34.107 - oc_logger - INFO - Function evaluation number: 279, SI: 1, Sub-iteration number: 179, FoM: 0.0069944441113708455
06/05/2022 12:11:34.471 - oc_logger - INFO - New record achieved. Previous FoM: 0.006974246770862447, new best FoM : 0.006950459274769116
06/05/2022 12:11:34.471 - oc_logger - INFO - Function evaluation number: 280, SI: 1, Sub-iteration number: 180, FoM: 0.006950459274769116
06/05/2022 12:11:34.839 - oc_logger - INFO - New record achieved. Previous FoM: 0.006950459274769116, new best FoM : 0.00694924429198307
06/05/2022 12:11:34.839 - oc_logger - INFO - Function evaluation number: 281, SI: 1, Sub-iteration number: 180, FoM: 0.00694924429198307
06/05/2022 12:11:35.205 - oc_logger - INFO - New record achieved. Previous FoM: 0.00694924429198307, new best FoM : 0.006948579324367543
06/05/2022 12:11:35.205 - oc_logger - INFO - Function evaluation number: 282, SI: 1, Sub-iteration number: 181, FoM: 0.006948579324367543
06/05/2022 12:11:35.573 - oc_logger - INFO - New record achieved. Previous FoM: 0.006948579324367543, new best FoM : 0.00694839893742083
06/05/2022 12:11:35.574 - oc_logger - INFO - Function evaluation number: 283, SI: 1, Sub-iteration number: 181, FoM: 0.00694839893742083
06/05/2022 12:11:35.937 - oc_logger - INFO - New record achieved. Previous FoM: 0.00694839893742083, new best FoM : 0.006946293988011276
06/05/2022 12:11:35.937 - oc_logger - INFO - Function evaluation number: 284, SI: 1, Sub-iteration number: 182, FoM: 0.006946293988011276
06/05/2022 12:11:36.306 - oc_logger - INFO - New record achieved. Previous FoM: 0.006946293988011276, new best FoM : 0.006945639784874169
06/05/2022 12:11:36.306 - oc_logger - INFO - Function evaluation number: 285, SI: 1, Sub-iteration number: 182, FoM: 0.006945639784874169
06/05/2022 12:11:36.673 - oc_logger - INFO - Function evaluation number: 286, SI: 1, Sub-iteration number: 183, FoM: 0.0070040970357230226
06/05/2022 12:11:37.037 - oc_logger - INFO - Function evaluation number: 287, SI: 1, Sub-iteration number: 183, FoM: 0.006984797833475498
06/05/2022 12:11:37.368 - oc_logger - INFO - New record achieved. Previous FoM: 0.006945639784874169, new best FoM : 0.006944081940665869
06/05/2022 12:11:37.368 - oc_logger - INFO - Function evaluation number: 288, SI: 1, Sub-iteration number: 184, FoM: 0.006944081940665869
06/05/2022 12:11:37.712 - oc_logger - INFO - New record achieved. Previous FoM: 0.006944081940665869, new best FoM : 0.006943112964827414
06/05/2022 12:11:37.712 - oc_logger - INFO - Function evaluation number: 289, SI: 1, Sub-iteration number: 184, FoM: 0.006943112964827414
06/05/2022 12:11:38.079 - oc_logger - INFO - Function evaluation number: 290, SI: 1, Sub-iteration number: 185, FoM: 0.0069484054817448015
06/05/2022 12:11:38.376 - oc_logger - INFO - Function evaluation number: 291, SI: 1, Sub-iteration number: 186, FoM: 0.006943122590025941
06/05/2022 12:11:38.701 - oc_logger - INFO - Function evaluation number: 292, SI: 1, Sub-iteration number: 187, FoM: 0.0069487023536702885
06/05/2022 12:11:38.996 - oc_logger - INFO - Function evaluation number: 293, SI: 1, Sub-iteration number: 188, FoM: 0.00694536421447145
06/05/2022 12:11:39.458 - oc_logger - INFO - Function evaluation number: 294, SI: 1, Sub-iteration number: 189, FoM: 0.006944113001609131
06/05/2022 12:11:39.458 - oc_logger - INFO - SI 1 finished - Number of evaluations: 294, Best FoM: 0.006943112964827414, Terminate reason: Convergence of the FoM.

06/05/2022 12:11:39.458 - oc_logger - INFO - Direct search start time has been reset.
06/05/2022 12:11:39.690 - oc_logger - INFO - Function evaluation number: 295, SI: 2, Sub-iteration number: 0, FoM: 0.006943112964827414
06/05/2022 12:11:40.004 - oc_logger - INFO - New record achieved. Previous FoM: 0.006943112964827414, new best FoM : 0.006943083870469824
06/05/2022 12:11:40.004 - oc_logger - INFO - Function evaluation number: 296, SI: 2, Sub-iteration number: 0, FoM: 0.006943083870469824
06/05/2022 12:11:40.361 - oc_logger - INFO - Function evaluation number: 297, SI: 2, Sub-iteration number: 0, FoM: 0.006943607813166608
06/05/2022 12:11:40.725 - oc_logger - INFO - Function evaluation number: 298, SI: 2, Sub-iteration number: 0, FoM: 0.006943571464677389
06/05/2022 12:11:41.091 - oc_logger - INFO - Function evaluation number: 299, SI: 2, Sub-iteration number: 0, FoM: 0.006943503315856692
06/05/2022 12:11:41.452 - oc_logger - INFO - Function evaluation number: 300, SI: 2, Sub-iteration number: 0, FoM: 0.006943369337713778
06/05/2022 12:11:41.820 - oc_logger - INFO - Function evaluation number: 301, SI: 2, Sub-iteration number: 0, FoM: 0.006943385025729665
06/05/2022 12:11:42.185 - oc_logger - INFO - Function evaluation number: 302, SI: 2, Sub-iteration number: 0, FoM: 0.006943835074760152
06/05/2022 12:11:42.551 - oc_logger - INFO - Function evaluation number: 303, SI: 2, Sub-iteration number: 0, FoM: 0.006943169264422178
06/05/2022 12:11:42.916 - oc_logger - INFO - New record achieved. Previous FoM: 0.006943083870469824, new best FoM : 0.006942865653505326
06/05/2022 12:11:42.916 - oc_logger - INFO - Function evaluation number: 304, SI: 2, Sub-iteration number: 1, FoM: 0.006942865653505326
06/05/2022 12:11:43.284 - oc_logger - INFO - New record achieved. Previous FoM: 0.006942865653505326, new best FoM : 0.006942744463816153
06/05/2022 12:11:43.284 - oc_logger - INFO - Function evaluation number: 305, SI: 2, Sub-iteration number: 1, FoM: 0.006942744463816153
06/05/2022 12:11:43.287 - oc_logger - INFO - SI 2 finished - Number of evaluations: 11, Best FoM: 0.006942744463816153, Terminate reason: Convergence of the FoM.

06/05/2022 12:11:43.287 - oc_logger - INFO - Direct search start time has been reset.
06/05/2022 12:11:43.658 - oc_logger - INFO - Function evaluation number: 306, SI: 3, Sub-iteration number: 0, FoM: 0.006942744463816153
06/05/2022 12:11:44.023 - oc_logger - INFO - New record achieved. Previous FoM: 0.006942744463816153, new best FoM : 0.006942603691033722
06/05/2022 12:11:44.024 - oc_logger - INFO - Function evaluation number: 307, SI: 3, Sub-iteration number: 0, FoM: 0.006942603691033722
06/05/2022 12:11:44.388 - oc_logger - INFO - Function evaluation number: 308, SI: 3, Sub-iteration number: 0, FoM: 0.00694330001971899
06/05/2022 12:11:44.750 - oc_logger - INFO - Function evaluation number: 309, SI: 3, Sub-iteration number: 0, FoM: 0.006943020143512668
06/05/2022 12:11:45.113 - oc_logger - INFO - Function evaluation number: 310, SI: 3, Sub-iteration number: 0, FoM: 0.0069431339714761675
06/05/2022 12:11:45.475 - oc_logger - INFO - Function evaluation number: 311, SI: 3, Sub-iteration number: 0, FoM: 0.006943189083743362
06/05/2022 12:11:45.839 - oc_logger - INFO - Function evaluation number: 312, SI: 3, Sub-iteration number: 0, FoM: 0.006943186651694577
06/05/2022 12:11:46.202 - oc_logger - INFO - Function evaluation number: 313, SI: 3, Sub-iteration number: 0, FoM: 0.006943306355766565
06/05/2022 12:11:46.558 - oc_logger - INFO - Function evaluation number: 314, SI: 3, Sub-iteration number: 0, FoM: 0.006942656447039286
06/05/2022 12:11:46.910 - oc_logger - INFO - Function evaluation number: 315, SI: 3, Sub-iteration number: 1, FoM: 0.006942652254509851
06/05/2022 12:11:46.910 - oc_logger - INFO - SI 3 finished - Number of evaluations: 10, Best FoM: 0.006942603691033722, Terminate reason: Convergence of the FoM.

06/05/2022 12:11:46.910 - oc_logger - INFO - Figure of merit : 0.006942603691033722
06/05/2022 12:11:46.910 - oc_logger - INFO - Std : 0.0
06/05/2022 12:11:46.910 - oc_logger - INFO - total number of function evaluations : 315
06/05/2022 12:11:46.910 - oc_logger - INFO - dcrab_freq_list : [array([[ 2.90127362,  7.3065186 , 10.05560028, 12.6225262 ]]), array([[ 0.25319609,  5.98367105,  7.53119993, 11.61487218]]), array([[ 1.59680589,  4.07453438,  8.77129871, 12.79798467]])]
06/05/2022 12:11:46.910 - oc_logger - INFO - dcrab_para_list : [array([ 164.19028612,  156.99677797,  -37.51692546, -146.18251606,
         -1.66037537, -152.65934104,  -34.40769021,   30.19328745]), array([-0.167279  ,  0.21397237,  0.00548456, -0.05601821, -0.04345962,
        0.0739329 , -0.41986444,  0.06285577]), array([ 0.18889604, -0.00498367,  0.0013451 ,  0.09884133,  0.03544944,
       -0.1655892 , -0.1703151 , -0.14777805])]
06/05/2022 12:11:46.910 - oc_logger - INFO - terminate_reason : Convergence of the FoM.
