06/05/2022 02:10:53.419 - oc_logger - INFO - The optimization direction is minimization
06/05/2022 02:10:53.423 - oc_logger - INFO - QuOCS version number: 0.0.22
06/05/2022 02:10:53.423 - oc_logger - INFO - Direct search start time has been reset.
06/05/2022 02:10:53.558 - oc_logger - INFO - New record achieved. Previous FoM: 10000000000.0, new best FoM : 0.7323441036043132
06/05/2022 02:10:53.558 - oc_logger - INFO - Function evaluation number: 1, SI: 1, Sub-iteration number: 0, FoM: 0.7323441036043132
06/05/2022 02:10:53.701 - oc_logger - INFO - New record achieved. Previous FoM: 0.7323441036043132, new best FoM : 0.7322567087921183
06/05/2022 02:10:53.701 - oc_logger - INFO - Function evaluation number: 2, SI: 1, Sub-iteration number: 0, FoM: 0.7322567087921183
06/05/2022 02:10:53.825 - oc_logger - INFO - New record achieved. Previous FoM: 0.7322567087921183, new best FoM : 0.7304670665068552
06/05/2022 02:10:53.825 - oc_logger - INFO - Function evaluation number: 3, SI: 1, Sub-iteration number: 0, FoM: 0.7304670665068552
06/05/2022 02:10:53.963 - oc_logger - INFO - Function evaluation number: 4, SI: 1, Sub-iteration number: 0, FoM: 0.7324388849458013
06/05/2022 02:10:54.097 - oc_logger - INFO - Function evaluation number: 5, SI: 1, Sub-iteration number: 0, FoM: 0.7321820985293223
06/05/2022 02:10:54.227 - oc_logger - INFO - Function evaluation number: 6, SI: 1, Sub-iteration number: 0, FoM: 0.732254900718524
06/05/2022 02:10:54.344 - oc_logger - INFO - Function evaluation number: 7, SI: 1, Sub-iteration number: 0, FoM: 0.7322340736532544
06/05/2022 02:10:54.473 - oc_logger - INFO - Function evaluation number: 8, SI: 1, Sub-iteration number: 0, FoM: 0.7323538665048747
06/05/2022 02:10:54.605 - oc_logger - INFO - Function evaluation number: 9, SI: 1, Sub-iteration number: 0, FoM: 0.7321688802395447
06/05/2022 02:10:54.728 - oc_logger - INFO - Function evaluation number: 10, SI: 1, Sub-iteration number: 1, FoM: 0.7316158383040414
06/05/2022 02:10:54.864 - oc_logger - INFO - Function evaluation number: 11, SI: 1, Sub-iteration number: 2, FoM: 0.7315190610025174
06/05/2022 02:10:54.988 - oc_logger - INFO - Function evaluation number: 12, SI: 1, Sub-iteration number: 3, FoM: 0.7313151597965228
06/05/2022 02:10:55.120 - oc_logger - INFO - Function evaluation number: 13, SI: 1, Sub-iteration number: 4, FoM: 0.7311775730600438
06/05/2022 02:10:55.247 - oc_logger - INFO - Function evaluation number: 14, SI: 1, Sub-iteration number: 5, FoM: 0.7308992977632207
06/05/2022 02:10:55.380 - oc_logger - INFO - Function evaluation number: 15, SI: 1, Sub-iteration number: 6, FoM: 0.7305839583866812
06/05/2022 02:10:55.512 - oc_logger - INFO - New record achieved. Previous FoM: 0.7304670665068552, new best FoM : 0.7302428049953471
06/05/2022 02:10:55.512 - oc_logger - INFO - Function evaluation number: 16, SI: 1, Sub-iteration number: 7, FoM: 0.7302428049953471
06/05/2022 02:10:55.646 - oc_logger - INFO - New record achieved. Previous FoM: 0.7302428049953471, new best FoM : 0.7299966805522795
06/05/2022 02:10:55.646 - oc_logger - INFO - Function evaluation number: 17, SI: 1, Sub-iteration number: 7, FoM: 0.7299966805522795
06/05/2022 02:10:55.771 - oc_logger - INFO - New record achieved. Previous FoM: 0.7299966805522795, new best FoM : 0.7297050371468485
06/05/2022 02:10:55.772 - oc_logger - INFO - Function evaluation number: 18, SI: 1, Sub-iteration number: 8, FoM: 0.7297050371468485
06/05/2022 02:10:55.919 - oc_logger - INFO - New record achieved. Previous FoM: 0.7297050371468485, new best FoM : 0.7293911418340937
06/05/2022 02:10:55.919 - oc_logger - INFO - Function evaluation number: 19, SI: 1, Sub-iteration number: 8, FoM: 0.7293911418340937
06/05/2022 02:10:56.081 - oc_logger - INFO - Function evaluation number: 20, SI: 1, Sub-iteration number: 9, FoM: 0.7297194604889843
06/05/2022 02:10:56.209 - oc_logger - INFO - New record achieved. Previous FoM: 0.7293911418340937, new best FoM : 0.7293608345786671
06/05/2022 02:10:56.209 - oc_logger - INFO - Function evaluation number: 21, SI: 1, Sub-iteration number: 10, FoM: 0.7293608345786671
06/05/2022 02:10:56.344 - oc_logger - INFO - New record achieved. Previous FoM: 0.7293608345786671, new best FoM : 0.7290878550145103
06/05/2022 02:10:56.344 - oc_logger - INFO - Function evaluation number: 22, SI: 1, Sub-iteration number: 10, FoM: 0.7290878550145103
06/05/2022 02:10:56.478 - oc_logger - INFO - New record achieved. Previous FoM: 0.7290878550145103, new best FoM : 0.7290201039087871
06/05/2022 02:10:56.478 - oc_logger - INFO - Function evaluation number: 23, SI: 1, Sub-iteration number: 11, FoM: 0.7290201039087871
06/05/2022 02:10:56.610 - oc_logger - INFO - New record achieved. Previous FoM: 0.7290201039087871, new best FoM : 0.7287329274099159
06/05/2022 02:10:56.610 - oc_logger - INFO - Function evaluation number: 24, SI: 1, Sub-iteration number: 11, FoM: 0.7287329274099159
06/05/2022 02:10:56.744 - oc_logger - INFO - New record achieved. Previous FoM: 0.7287329274099159, new best FoM : 0.7285304681099309
06/05/2022 02:10:56.744 - oc_logger - INFO - Function evaluation number: 25, SI: 1, Sub-iteration number: 12, FoM: 0.7285304681099309
06/05/2022 02:10:56.876 - oc_logger - INFO - New record achieved. Previous FoM: 0.7285304681099309, new best FoM : 0.7281952199525384
06/05/2022 02:10:56.877 - oc_logger - INFO - Function evaluation number: 26, SI: 1, Sub-iteration number: 12, FoM: 0.7281952199525384
06/05/2022 02:10:57.012 - oc_logger - INFO - New record achieved. Previous FoM: 0.7281952199525384, new best FoM : 0.7281494643000969
06/05/2022 02:10:57.012 - oc_logger - INFO - Function evaluation number: 27, SI: 1, Sub-iteration number: 13, FoM: 0.7281494643000969
06/05/2022 02:10:57.146 - oc_logger - INFO - New record achieved. Previous FoM: 0.7281494643000969, new best FoM : 0.7278053667354135
06/05/2022 02:10:57.146 - oc_logger - INFO - Function evaluation number: 28, SI: 1, Sub-iteration number: 13, FoM: 0.7278053667354135
06/05/2022 02:10:57.275 - oc_logger - INFO - New record achieved. Previous FoM: 0.7278053667354135, new best FoM : 0.7277778783445146
06/05/2022 02:10:57.275 - oc_logger - INFO - Function evaluation number: 29, SI: 1, Sub-iteration number: 14, FoM: 0.7277778783445146
06/05/2022 02:10:57.400 - oc_logger - INFO - New record achieved. Previous FoM: 0.7277778783445146, new best FoM : 0.7274286846396365
06/05/2022 02:10:57.400 - oc_logger - INFO - Function evaluation number: 30, SI: 1, Sub-iteration number: 14, FoM: 0.7274286846396365
06/05/2022 02:10:57.528 - oc_logger - INFO - New record achieved. Previous FoM: 0.7274286846396365, new best FoM : 0.7270467196090146
06/05/2022 02:10:57.528 - oc_logger - INFO - Function evaluation number: 31, SI: 1, Sub-iteration number: 15, FoM: 0.7270467196090146
06/05/2022 02:10:57.662 - oc_logger - INFO - New record achieved. Previous FoM: 0.7270467196090146, new best FoM : 0.7265985073264483
06/05/2022 02:10:57.662 - oc_logger - INFO - Function evaluation number: 32, SI: 1, Sub-iteration number: 15, FoM: 0.7265985073264483
06/05/2022 02:10:57.798 - oc_logger - INFO - Function evaluation number: 33, SI: 1, Sub-iteration number: 16, FoM: 0.7267442875441263
06/05/2022 02:10:57.929 - oc_logger - INFO - New record achieved. Previous FoM: 0.7265985073264483, new best FoM : 0.7262656997740982
06/05/2022 02:10:57.929 - oc_logger - INFO - Function evaluation number: 34, SI: 1, Sub-iteration number: 17, FoM: 0.7262656997740982
06/05/2022 02:10:58.073 - oc_logger - INFO - New record achieved. Previous FoM: 0.7262656997740982, new best FoM : 0.7258285230948543
06/05/2022 02:10:58.073 - oc_logger - INFO - Function evaluation number: 35, SI: 1, Sub-iteration number: 17, FoM: 0.7258285230948543
06/05/2022 02:10:58.208 - oc_logger - INFO - New record achieved. Previous FoM: 0.7258285230948543, new best FoM : 0.7257206042867022
06/05/2022 02:10:58.208 - oc_logger - INFO - Function evaluation number: 36, SI: 1, Sub-iteration number: 18, FoM: 0.7257206042867022
06/05/2022 02:10:58.339 - oc_logger - INFO - New record achieved. Previous FoM: 0.7257206042867022, new best FoM : 0.7252603941807485
06/05/2022 02:10:58.339 - oc_logger - INFO - Function evaluation number: 37, SI: 1, Sub-iteration number: 18, FoM: 0.7252603941807485
06/05/2022 02:10:58.470 - oc_logger - INFO - New record achieved. Previous FoM: 0.7252603941807485, new best FoM : 0.7250573635890035
06/05/2022 02:10:58.470 - oc_logger - INFO - Function evaluation number: 38, SI: 1, Sub-iteration number: 19, FoM: 0.7250573635890035
06/05/2022 02:10:58.607 - oc_logger - INFO - New record achieved. Previous FoM: 0.7250573635890035, new best FoM : 0.7245496687710857
06/05/2022 02:10:58.607 - oc_logger - INFO - Function evaluation number: 39, SI: 1, Sub-iteration number: 19, FoM: 0.7245496687710857
06/05/2022 02:10:58.741 - oc_logger - INFO - New record achieved. Previous FoM: 0.7245496687710857, new best FoM : 0.7243337701307051
06/05/2022 02:10:58.741 - oc_logger - INFO - Function evaluation number: 40, SI: 1, Sub-iteration number: 20, FoM: 0.7243337701307051
06/05/2022 02:10:58.881 - oc_logger - INFO - New record achieved. Previous FoM: 0.7243337701307051, new best FoM : 0.7237715544545456
06/05/2022 02:10:58.881 - oc_logger - INFO - Function evaluation number: 41, SI: 1, Sub-iteration number: 20, FoM: 0.7237715544545456
06/05/2022 02:10:59.014 - oc_logger - INFO - Function evaluation number: 42, SI: 1, Sub-iteration number: 21, FoM: 0.7237938837104222
06/05/2022 02:10:59.141 - oc_logger - INFO - New record achieved. Previous FoM: 0.7237715544545456, new best FoM : 0.7231398848834667
06/05/2022 02:10:59.141 - oc_logger - INFO - Function evaluation number: 43, SI: 1, Sub-iteration number: 22, FoM: 0.7231398848834667
06/05/2022 02:10:59.271 - oc_logger - INFO - New record achieved. Previous FoM: 0.7231398848834667, new best FoM : 0.7225405479332074
06/05/2022 02:10:59.272 - oc_logger - INFO - Function evaluation number: 44, SI: 1, Sub-iteration number: 22, FoM: 0.7225405479332074
06/05/2022 02:10:59.405 - oc_logger - INFO - New record achieved. Previous FoM: 0.7225405479332074, new best FoM : 0.7222515753700447
06/05/2022 02:10:59.405 - oc_logger - INFO - Function evaluation number: 45, SI: 1, Sub-iteration number: 23, FoM: 0.7222515753700447
06/05/2022 02:10:59.541 - oc_logger - INFO - New record achieved. Previous FoM: 0.7222515753700447, new best FoM : 0.7215766075034926
06/05/2022 02:10:59.541 - oc_logger - INFO - Function evaluation number: 46, SI: 1, Sub-iteration number: 23, FoM: 0.7215766075034926
06/05/2022 02:10:59.673 - oc_logger - INFO - Function evaluation number: 47, SI: 1, Sub-iteration number: 24, FoM: 0.7216927025592618
06/05/2022 02:10:59.807 - oc_logger - INFO - New record achieved. Previous FoM: 0.7215766075034926, new best FoM : 0.7207168442501111
06/05/2022 02:10:59.807 - oc_logger - INFO - Function evaluation number: 48, SI: 1, Sub-iteration number: 25, FoM: 0.7207168442501111
06/05/2022 02:10:59.937 - oc_logger - INFO - New record achieved. Previous FoM: 0.7207168442501111, new best FoM : 0.7199910699180323
06/05/2022 02:10:59.937 - oc_logger - INFO - Function evaluation number: 49, SI: 1, Sub-iteration number: 25, FoM: 0.7199910699180323
06/05/2022 02:11:00.089 - oc_logger - INFO - New record achieved. Previous FoM: 0.7199910699180323, new best FoM : 0.7199333176243018
06/05/2022 02:11:00.089 - oc_logger - INFO - Function evaluation number: 50, SI: 1, Sub-iteration number: 26, FoM: 0.7199333176243018
06/05/2022 02:11:00.215 - oc_logger - INFO - New record achieved. Previous FoM: 0.7199333176243018, new best FoM : 0.7191826851688365
06/05/2022 02:11:00.215 - oc_logger - INFO - Function evaluation number: 51, SI: 1, Sub-iteration number: 26, FoM: 0.7191826851688365
06/05/2022 02:11:00.341 - oc_logger - INFO - New record achieved. Previous FoM: 0.7191826851688365, new best FoM : 0.7189326973972956
06/05/2022 02:11:00.342 - oc_logger - INFO - Function evaluation number: 52, SI: 1, Sub-iteration number: 27, FoM: 0.7189326973972956
06/05/2022 02:11:00.469 - oc_logger - INFO - New record achieved. Previous FoM: 0.7189326973972956, new best FoM : 0.718114899718747
06/05/2022 02:11:00.469 - oc_logger - INFO - Function evaluation number: 53, SI: 1, Sub-iteration number: 27, FoM: 0.718114899718747
06/05/2022 02:11:00.604 - oc_logger - INFO - New record achieved. Previous FoM: 0.718114899718747, new best FoM : 0.7180294191424743
06/05/2022 02:11:00.604 - oc_logger - INFO - Function evaluation number: 54, SI: 1, Sub-iteration number: 28, FoM: 0.7180294191424743
