06/07/2022 06:28:44.531 - oc_logger - INFO - The optimization direction is minimization
06/07/2022 06:28:44.532 - oc_logger - INFO - QuOCS version number: 0.0.22
06/07/2022 06:28:44.578 - oc_logger - INFO - Function evaluation number: 1, FoM: 0.4785086816692401
06/07/2022 06:28:44.590 - oc_logger - INFO - Function evaluation number: 2, FoM: 0.463139346312191
06/07/2022 06:28:44.608 - oc_logger - INFO - Function evaluation number: 3, FoM: 0.4702793915478174
06/07/2022 06:28:44.616 - oc_logger - INFO - Function evaluation number: 4, FoM: 0.45397769374368135
06/07/2022 06:28:44.625 - oc_logger - INFO - Function evaluation number: 5, FoM: 0.4403461137223157
06/07/2022 06:28:44.632 - oc_logger - INFO - Function evaluation number: 6, FoM: 0.43252032928246675
06/07/2022 06:28:44.640 - oc_logger - INFO - Function evaluation number: 7, FoM: 0.41166758931809544
06/07/2022 06:28:44.648 - oc_logger - INFO - Function evaluation number: 8, FoM: 0.38394336269936447
06/07/2022 06:28:44.656 - oc_logger - INFO - Function evaluation number: 9, FoM: 0.33752415536265035
06/07/2022 06:28:44.664 - oc_logger - INFO - Function evaluation number: 10, FoM: 0.3036313965889751
06/07/2022 06:28:44.671 - oc_logger - INFO - Function evaluation number: 11, FoM: 0.22801208525573446
06/07/2022 06:28:44.679 - oc_logger - INFO - Function evaluation number: 12, FoM: 0.14723565563439256
06/07/2022 06:28:44.687 - oc_logger - INFO - Function evaluation number: 13, FoM: 0.03694478655919786
06/07/2022 06:28:44.695 - oc_logger - INFO - Function evaluation number: 14, FoM: 0.012665812452350877
06/07/2022 06:28:44.702 - oc_logger - INFO - Function evaluation number: 15, FoM: 0.020445306627790427
06/07/2022 06:28:44.711 - oc_logger - INFO - Function evaluation number: 16, FoM: 0.022754361946296875
06/07/2022 06:28:44.718 - oc_logger - INFO - Function evaluation number: 17, FoM: 0.09929041389613025
06/07/2022 06:28:44.726 - oc_logger - INFO - Function evaluation number: 18, FoM: 0.012749975727857743
06/07/2022 06:28:44.734 - oc_logger - INFO - Function evaluation number: 19, FoM: 0.12277282533428036
06/07/2022 06:28:44.742 - oc_logger - INFO - Function evaluation number: 20, FoM: 0.01813712416137303
06/07/2022 06:28:44.750 - oc_logger - INFO - Function evaluation number: 21, FoM: 0.037463485500014215
06/07/2022 06:28:44.759 - oc_logger - INFO - Function evaluation number: 22, FoM: 0.021326852873744917
06/07/2022 06:28:44.767 - oc_logger - INFO - Function evaluation number: 23, FoM: 0.012711963702793039
06/07/2022 06:28:44.775 - oc_logger - INFO - Function evaluation number: 24, FoM: 0.02137029745001473
06/07/2022 06:28:44.784 - oc_logger - INFO - Function evaluation number: 25, FoM: 0.007294694868776097
06/07/2022 06:28:44.793 - oc_logger - INFO - Function evaluation number: 26, FoM: 0.03757605157511701
06/07/2022 06:28:44.802 - oc_logger - INFO - Function evaluation number: 27, FoM: 0.007451422158521792
06/07/2022 06:28:44.810 - oc_logger - INFO - Function evaluation number: 28, FoM: 0.03769154938857544
06/07/2022 06:28:44.820 - oc_logger - INFO - Function evaluation number: 29, FoM: 0.004006642618663125
06/07/2022 06:28:44.830 - oc_logger - INFO - Function evaluation number: 30, FoM: 0.0041091009421412306
06/07/2022 06:28:44.837 - oc_logger - INFO - Function evaluation number: 31, FoM: 0.01268990412534765
06/07/2022 06:28:44.847 - oc_logger - INFO - Function evaluation number: 32, FoM: 0.0012856895759533193
06/07/2022 06:28:44.855 - oc_logger - INFO - Function evaluation number: 33, FoM: 0.001418387373434915
06/07/2022 06:28:44.864 - oc_logger - INFO - Function evaluation number: 34, FoM: 0.007371843640917697
06/07/2022 06:28:44.872 - oc_logger - INFO - Function evaluation number: 35, FoM: 0.0014119095813003302
06/07/2022 06:28:44.882 - oc_logger - INFO - Function evaluation number: 36, FoM: 0.001527385446121965
06/07/2022 06:28:44.891 - oc_logger - INFO - Function evaluation number: 37, FoM: 0.0006608110849938287
06/07/2022 06:28:44.900 - oc_logger - INFO - Function evaluation number: 38, FoM: 0.0034794008289658063
06/07/2022 06:28:44.907 - oc_logger - INFO - Function evaluation number: 39, FoM: 0.00023547984337102257
06/07/2022 06:28:44.916 - oc_logger - INFO - Function evaluation number: 40, FoM: 0.000840300321869103
06/07/2022 06:28:44.924 - oc_logger - INFO - Function evaluation number: 41, FoM: 0.00031805246608374027
06/07/2022 06:28:44.936 - oc_logger - INFO - Function evaluation number: 42, FoM: 0.0011954592575156298
06/07/2022 06:28:44.947 - oc_logger - INFO - Function evaluation number: 43, FoM: 0.0001895583769438991
06/07/2022 06:28:44.960 - oc_logger - INFO - Function evaluation number: 44, FoM: 0.0002731984689735567
06/07/2022 06:28:44.974 - oc_logger - INFO - Function evaluation number: 45, FoM: 0.00012455404303002293
06/07/2022 06:28:44.988 - oc_logger - INFO - Function evaluation number: 46, FoM: 0.0005529864009098384
06/07/2022 06:28:45.000 - oc_logger - INFO - Function evaluation number: 47, FoM: 3.969322868191405e-05
06/07/2022 06:28:45.013 - oc_logger - INFO - Function evaluation number: 48, FoM: 0.00010394728703322365
06/07/2022 06:28:45.030 - oc_logger - INFO - Function evaluation number: 49, FoM: 0.0002674581682309274
06/07/2022 06:28:45.043 - oc_logger - INFO - Function evaluation number: 50, FoM: 2.6218262844102114e-05
06/07/2022 06:28:45.055 - oc_logger - INFO - Function evaluation number: 51, FoM: 9.099853961924698e-05
06/07/2022 06:28:45.069 - oc_logger - INFO - Function evaluation number: 52, FoM: 4.205079328845063e-05
06/07/2022 06:28:45.081 - oc_logger - INFO - Function evaluation number: 53, FoM: 5.542209803999221e-05
06/07/2022 06:28:45.094 - oc_logger - INFO - Function evaluation number: 54, FoM: 1.762974940811013e-05
06/07/2022 06:28:45.098 - oc_logger - INFO - Figure of merit : 1.762974940811013e-05
06/07/2022 06:28:45.099 - oc_logger - INFO - parameters : [5.95409695 2.69156161]
06/07/2022 06:28:45.099 - oc_logger - INFO - terminate_reason : Convergence of the simplex.
