06/08/2022 09:32:13.401 - oc_logger - INFO - The optimization direction is minimization
06/08/2022 09:32:13.402 - oc_logger - INFO - QuOCS version number: 0.0.22
06/08/2022 09:32:13.485 - oc_logger - INFO - Function evaluation number: 1, FoM: 0.59368752477903
06/08/2022 09:32:13.507 - oc_logger - INFO - Function evaluation number: 2, FoM: 0.5790004018072327
06/08/2022 09:32:13.525 - oc_logger - INFO - Function evaluation number: 3, FoM: 0.5487669274055816
06/08/2022 09:32:13.541 - oc_logger - INFO - Function evaluation number: 4, FoM: 0.5307978961136399
06/08/2022 09:32:13.563 - oc_logger - INFO - Function evaluation number: 5, FoM: 0.49337503724307763
06/08/2022 09:32:13.590 - oc_logger - INFO - Function evaluation number: 6, FoM: 0.4540929858307159
06/08/2022 09:32:13.611 - oc_logger - INFO - Function evaluation number: 7, FoM: 0.3780109392758402
06/08/2022 09:32:13.636 - oc_logger - INFO - Function evaluation number: 8, FoM: 0.30742403716816324
06/08/2022 09:32:13.658 - oc_logger - INFO - Function evaluation number: 9, FoM: 0.17400549448256264
06/08/2022 09:32:13.678 - oc_logger - INFO - Function evaluation number: 10, FoM: 0.06153903997809884
06/08/2022 09:32:13.703 - oc_logger - INFO - Function evaluation number: 11, FoM: 0.06470229495966939
06/08/2022 09:32:13.723 - oc_logger - INFO - Function evaluation number: 12, FoM: 0.057304965590110335
06/08/2022 09:32:13.780 - oc_logger - INFO - Function evaluation number: 13, FoM: 0.044980938977799534
06/08/2022 09:32:13.807 - oc_logger - INFO - Function evaluation number: 14, FoM: 0.026969532773994942
06/08/2022 09:32:13.827 - oc_logger - INFO - Function evaluation number: 15, FoM: 0.3628331892980795
06/08/2022 09:32:13.853 - oc_logger - INFO - Function evaluation number: 16, FoM: 0.46481064302496566
06/08/2022 09:32:13.879 - oc_logger - INFO - Function evaluation number: 17, FoM: 0.07278357675150482
06/08/2022 09:32:13.909 - oc_logger - INFO - Function evaluation number: 18, FoM: 0.013685300198936101
06/08/2022 09:32:13.933 - oc_logger - INFO - Function evaluation number: 19, FoM: 0.07630351678977298
06/08/2022 09:32:13.956 - oc_logger - INFO - Function evaluation number: 20, FoM: 0.2360927461506963
06/08/2022 09:32:13.974 - oc_logger - INFO - Function evaluation number: 21, FoM: 0.05941430316053031
06/08/2022 09:32:13.992 - oc_logger - INFO - Function evaluation number: 22, FoM: 0.10896835669444593
06/08/2022 09:32:14.010 - oc_logger - INFO - Function evaluation number: 23, FoM: 0.03248852328173579
06/08/2022 09:32:14.027 - oc_logger - INFO - Function evaluation number: 24, FoM: 0.053280359016464995
06/08/2022 09:32:14.045 - oc_logger - INFO - Function evaluation number: 25, FoM: 0.014779357397376902
06/08/2022 09:32:14.061 - oc_logger - INFO - Function evaluation number: 26, FoM: 0.04580580417230107
06/08/2022 09:32:14.077 - oc_logger - INFO - Function evaluation number: 27, FoM: 0.00524308115432226
06/08/2022 09:32:14.097 - oc_logger - INFO - Function evaluation number: 28, FoM: 0.006466408174777283
06/08/2022 09:32:14.116 - oc_logger - INFO - Function evaluation number: 29, FoM: 0.027635251625311996
06/08/2022 09:32:14.137 - oc_logger - INFO - Function evaluation number: 30, FoM: 0.004207198904050857
06/08/2022 09:32:14.157 - oc_logger - INFO - Function evaluation number: 31, FoM: 0.005364091253011516
06/08/2022 09:32:14.176 - oc_logger - INFO - Function evaluation number: 32, FoM: 0.0024800119257319952
06/08/2022 09:32:14.198 - oc_logger - INFO - Function evaluation number: 33, FoM: 0.01151093894354105
06/08/2022 09:32:14.218 - oc_logger - INFO - Function evaluation number: 34, FoM: 0.0008960281296077621
06/08/2022 09:32:14.235 - oc_logger - INFO - Function evaluation number: 35, FoM: 0.002680040597926703
06/08/2022 09:32:14.255 - oc_logger - INFO - Function evaluation number: 36, FoM: 0.0009308694822378616
06/08/2022 09:32:14.276 - oc_logger - INFO - Function evaluation number: 37, FoM: 0.004372638136405982
06/08/2022 09:32:14.298 - oc_logger - INFO - Function evaluation number: 38, FoM: 0.0007916361562654295
06/08/2022 09:32:14.323 - oc_logger - INFO - Function evaluation number: 39, FoM: 0.0008252418883207824
06/08/2022 09:32:14.345 - oc_logger - INFO - Function evaluation number: 40, FoM: 0.0024965425263938634
06/08/2022 09:32:14.369 - oc_logger - INFO - Function evaluation number: 41, FoM: 4.166945183714521e-05
06/08/2022 09:32:14.390 - oc_logger - INFO - Function evaluation number: 42, FoM: 7.61225820142819e-05
06/08/2022 09:32:14.407 - oc_logger - INFO - Function evaluation number: 43, FoM: 0.0009133334491282508
06/08/2022 09:32:14.427 - oc_logger - INFO - Function evaluation number: 44, FoM: 0.0003669453894261654
06/08/2022 09:32:14.448 - oc_logger - INFO - Function evaluation number: 45, FoM: 0.0004855410347514022
06/08/2022 09:32:14.476 - oc_logger - INFO - Function evaluation number: 46, FoM: 0.00015421159109973992
06/08/2022 09:32:14.493 - oc_logger - INFO - Function evaluation number: 47, FoM: 0.00027203182367385725
06/08/2022 09:32:14.512 - oc_logger - INFO - Function evaluation number: 48, FoM: 4.774767669002422e-05
06/08/2022 09:32:14.531 - oc_logger - INFO - Function evaluation number: 49, FoM: 8.169207399166822e-05
06/08/2022 09:32:14.550 - oc_logger - INFO - Function evaluation number: 50, FoM: 3.645499524163043e-05
06/08/2022 09:32:14.567 - oc_logger - INFO - Function evaluation number: 51, FoM: 0.00012585092502548356
06/08/2022 09:32:14.587 - oc_logger - INFO - Function evaluation number: 52, FoM: 4.372754745185503e-06
06/08/2022 09:32:14.605 - oc_logger - INFO - Function evaluation number: 53, FoM: 9.366250875553206e-06
06/08/2022 09:32:14.623 - oc_logger - INFO - Function evaluation number: 54, FoM: 5.0264702453395316e-05
06/08/2022 09:32:14.641 - oc_logger - INFO - Function evaluation number: 55, FoM: 1.4768888612071152e-05
06/08/2022 09:32:14.661 - oc_logger - INFO - Function evaluation number: 56, FoM: 2.8590960385654896e-05
06/08/2022 09:32:14.679 - oc_logger - INFO - Function evaluation number: 57, FoM: 3.9273808022377565e-06
06/08/2022 09:32:14.695 - oc_logger - INFO - Function evaluation number: 58, FoM: 9.106866062258412e-06
06/08/2022 09:32:14.717 - oc_logger - INFO - Function evaluation number: 59, FoM: 4.411674862092596e-06
06/08/2022 09:32:14.735 - oc_logger - INFO - Function evaluation number: 60, FoM: 4.824902336109105e-06
06/08/2022 09:32:14.752 - oc_logger - INFO - Function evaluation number: 61, FoM: 2.083301399169457e-06
06/08/2022 09:32:14.771 - oc_logger - INFO - Function evaluation number: 62, FoM: 1.0390605028387512e-05
06/08/2022 09:32:14.791 - oc_logger - INFO - Function evaluation number: 63, FoM: 6.905140392809983e-07
06/08/2022 09:32:14.792 - oc_logger - INFO - Figure of merit : 6.905140392809983e-07
06/08/2022 09:32:14.793 - oc_logger - INFO - parameters : [7.0187461  0.01267635]
06/08/2022 09:32:14.793 - oc_logger - INFO - terminate_reason : Convergence of the simplex.
