06/07/2022 06:26:44.679 - oc_logger - INFO - The optimization direction is minimization
06/07/2022 06:26:44.680 - oc_logger - INFO - QuOCS version number: 0.0.22
06/07/2022 06:26:44.736 - oc_logger - INFO - Function evaluation number: 1, FoM: 0.4785086816692401
06/07/2022 06:26:44.747 - oc_logger - INFO - Function evaluation number: 2, FoM: 0.4608305681343472
06/07/2022 06:26:44.753 - oc_logger - INFO - Function evaluation number: 3, FoM: 0.47905694925408326
06/07/2022 06:26:44.759 - oc_logger - INFO - Function evaluation number: 4, FoM: 0.46045866678516023
06/07/2022 06:26:44.765 - oc_logger - INFO - Function evaluation number: 5, FoM: 0.4506975553935373
06/07/2022 06:26:44.773 - oc_logger - INFO - Function evaluation number: 6, FoM: 0.43051787417136
06/07/2022 06:26:44.779 - oc_logger - INFO - Function evaluation number: 7, FoM: 0.4030577133673131
06/07/2022 06:26:44.784 - oc_logger - INFO - Function evaluation number: 8, FoM: 0.3917930653985199
06/07/2022 06:26:44.790 - oc_logger - INFO - Function evaluation number: 9, FoM: 0.3533816907369445
06/07/2022 06:26:44.796 - oc_logger - INFO - Function evaluation number: 10, FoM: 0.29591178401828766
06/07/2022 06:26:44.802 - oc_logger - INFO - Function evaluation number: 11, FoM: 0.2097266988335219
06/07/2022 06:26:44.808 - oc_logger - INFO - Function evaluation number: 12, FoM: 0.1583992782203748
06/07/2022 06:26:44.814 - oc_logger - INFO - Function evaluation number: 13, FoM: 0.05347436452147347
06/07/2022 06:26:44.820 - oc_logger - INFO - Function evaluation number: 14, FoM: 0.01622193424674445
06/07/2022 06:26:44.826 - oc_logger - INFO - Function evaluation number: 15, FoM: 0.03158231355896757
06/07/2022 06:26:44.832 - oc_logger - INFO - Function evaluation number: 16, FoM: 0.0018207458958221512
06/07/2022 06:26:44.838 - oc_logger - INFO - Function evaluation number: 17, FoM: 0.1885534681774228
06/07/2022 06:26:44.844 - oc_logger - INFO - Function evaluation number: 18, FoM: 0.09505638132276428
06/07/2022 06:26:44.851 - oc_logger - INFO - Function evaluation number: 19, FoM: 0.008195267207960377
06/07/2022 06:26:44.857 - oc_logger - INFO - Function evaluation number: 20, FoM: 0.008936525821509722
06/07/2022 06:26:44.864 - oc_logger - INFO - Function evaluation number: 21, FoM: 0.018456843266509537
06/07/2022 06:26:44.872 - oc_logger - INFO - Function evaluation number: 22, FoM: 0.022902389340033302
06/07/2022 06:26:44.878 - oc_logger - INFO - Function evaluation number: 23, FoM: 0.021775008202586044
06/07/2022 06:26:44.890 - oc_logger - INFO - Function evaluation number: 24, FoM: 0.008262107864886348
06/07/2022 06:26:44.897 - oc_logger - INFO - Function evaluation number: 25, FoM: 0.06166275610913996
06/07/2022 06:26:44.905 - oc_logger - INFO - Function evaluation number: 26, FoM: 0.012516079291135629
06/07/2022 06:26:44.914 - oc_logger - INFO - Function evaluation number: 27, FoM: 0.029981619580256802
06/07/2022 06:26:44.923 - oc_logger - INFO - Function evaluation number: 28, FoM: 0.0047724137802618305
06/07/2022 06:26:44.932 - oc_logger - INFO - Function evaluation number: 29, FoM: 0.009682255753272528
06/07/2022 06:26:44.941 - oc_logger - INFO - Function evaluation number: 30, FoM: 0.003116720783089777
06/07/2022 06:26:44.950 - oc_logger - INFO - Function evaluation number: 31, FoM: 0.010815478084820862
06/07/2022 06:26:44.960 - oc_logger - INFO - Function evaluation number: 32, FoM: 0.0012957328008580404
06/07/2022 06:26:44.968 - oc_logger - INFO - Function evaluation number: 33, FoM: 0.0024824871806359283
06/07/2022 06:26:44.976 - oc_logger - INFO - Function evaluation number: 34, FoM: 0.0011422885981793307
06/07/2022 06:26:44.985 - oc_logger - INFO - Function evaluation number: 35, FoM: 0.004071490220130203
06/07/2022 06:26:44.994 - oc_logger - INFO - Function evaluation number: 36, FoM: 0.0002774528954375688
06/07/2022 06:26:45.003 - oc_logger - INFO - Function evaluation number: 37, FoM: 0.0004371395642310816
06/07/2022 06:26:45.012 - oc_logger - INFO - Function evaluation number: 38, FoM: 0.001903021843067454
06/07/2022 06:26:45.022 - oc_logger - INFO - Function evaluation number: 39, FoM: 0.00039845541624883296
06/07/2022 06:26:45.030 - oc_logger - INFO - Function evaluation number: 40, FoM: 0.0005545683030632187
06/07/2022 06:26:45.038 - oc_logger - INFO - Function evaluation number: 41, FoM: 0.0001869851744720208
06/07/2022 06:26:45.047 - oc_logger - INFO - Function evaluation number: 42, FoM: 0.0008708547237649134
06/07/2022 06:26:45.056 - oc_logger - INFO - Function evaluation number: 43, FoM: 8.417168130070429e-05
06/07/2022 06:26:45.064 - oc_logger - INFO - Function evaluation number: 44, FoM: 0.00017374688040061592
06/07/2022 06:26:45.072 - oc_logger - INFO - Function evaluation number: 45, FoM: 0.000443023278690724
06/07/2022 06:26:45.079 - oc_logger - INFO - Function evaluation number: 46, FoM: 2.8721382334895296e-05
06/07/2022 06:26:45.087 - oc_logger - INFO - Function evaluation number: 47, FoM: 0.00011889409099274939
06/07/2022 06:26:45.095 - oc_logger - INFO - Function evaluation number: 48, FoM: 4.547566513490864e-05
06/07/2022 06:26:45.103 - oc_logger - INFO - Function evaluation number: 49, FoM: 0.00015863779201097383
06/07/2022 06:26:45.110 - oc_logger - INFO - Function evaluation number: 50, FoM: 2.3586710006018308e-05
06/07/2022 06:26:45.133 - oc_logger - INFO - Function evaluation number: 51, FoM: 4.025643792915368e-05
06/07/2022 06:26:45.140 - oc_logger - INFO - Function evaluation number: 52, FoM: 1.8866904474501567e-05
06/07/2022 06:26:45.152 - oc_logger - INFO - Function evaluation number: 53, FoM: 7.112642403495073e-05
06/07/2022 06:26:45.160 - oc_logger - INFO - Function evaluation number: 54, FoM: 3.7342147473085063e-06
06/07/2022 06:26:45.163 - oc_logger - INFO - Figure of merit : 3.7342147473085063e-06
06/07/2022 06:26:45.164 - oc_logger - INFO - parameters : [ 6.70646035 -0.34734126]
06/07/2022 06:26:45.164 - oc_logger - INFO - terminate_reason : Convergence of the simplex.
