06/07/2022 06:28:32.365 - oc_logger - INFO - The optimization direction is minimization
06/07/2022 06:28:32.366 - oc_logger - INFO - QuOCS version number: 0.0.22
06/07/2022 06:28:32.413 - oc_logger - INFO - Function evaluation number: 1, FoM: 0.4785086816692401
06/07/2022 06:28:32.427 - oc_logger - INFO - Function evaluation number: 2, FoM: 0.46245893775191427
06/07/2022 06:28:32.435 - oc_logger - INFO - Function evaluation number: 3, FoM: 0.47159822475258817
06/07/2022 06:28:32.443 - oc_logger - INFO - Function evaluation number: 4, FoM: 0.4546871251056953
06/07/2022 06:28:32.451 - oc_logger - INFO - Function evaluation number: 5, FoM: 0.44145882266760184
06/07/2022 06:28:32.460 - oc_logger - INFO - Function evaluation number: 6, FoM: 0.43128800075530305
06/07/2022 06:28:32.468 - oc_logger - INFO - Function evaluation number: 7, FoM: 0.4088180810067237
06/07/2022 06:28:32.476 - oc_logger - INFO - Function evaluation number: 8, FoM: 0.3830329114246869
06/07/2022 06:28:32.483 - oc_logger - INFO - Function evaluation number: 9, FoM: 0.3364579092925922
06/07/2022 06:28:32.491 - oc_logger - INFO - Function evaluation number: 10, FoM: 0.2976097155829054
06/07/2022 06:28:32.499 - oc_logger - INFO - Function evaluation number: 11, FoM: 0.21804403110643078
06/07/2022 06:28:32.507 - oc_logger - INFO - Function evaluation number: 12, FoM: 0.14002539880496423
06/07/2022 06:28:32.514 - oc_logger - INFO - Function evaluation number: 13, FoM: 0.03081618017819099
06/07/2022 06:28:32.522 - oc_logger - INFO - Function evaluation number: 14, FoM: 0.016820212209198715
06/07/2022 06:28:32.530 - oc_logger - INFO - Function evaluation number: 15, FoM: 0.038032291922815986
06/07/2022 06:28:32.538 - oc_logger - INFO - Function evaluation number: 16, FoM: 0.03505018691030504
06/07/2022 06:28:32.546 - oc_logger - INFO - Function evaluation number: 17, FoM: 0.01925031273732114
06/07/2022 06:28:32.554 - oc_logger - INFO - Function evaluation number: 18, FoM: 0.020705430209083664
06/07/2022 06:28:32.561 - oc_logger - INFO - Function evaluation number: 19, FoM: 0.0118992293234359
06/07/2022 06:28:32.569 - oc_logger - INFO - Function evaluation number: 20, FoM: 0.02151632746478449
06/07/2022 06:28:32.577 - oc_logger - INFO - Function evaluation number: 21, FoM: 0.02051667367551735
06/07/2022 06:28:32.584 - oc_logger - INFO - Function evaluation number: 22, FoM: 0.021315695534271484
06/07/2022 06:28:32.592 - oc_logger - INFO - Function evaluation number: 23, FoM: 0.01626847595939407
06/07/2022 06:28:32.600 - oc_logger - INFO - Function evaluation number: 24, FoM: 0.0024486128104331817
06/07/2022 06:28:32.608 - oc_logger - INFO - Function evaluation number: 25, FoM: 0.028191862589626693
06/07/2022 06:28:32.617 - oc_logger - INFO - Function evaluation number: 26, FoM: 0.01097084986694663
06/07/2022 06:28:32.626 - oc_logger - INFO - Function evaluation number: 27, FoM: 0.033879143148091484
06/07/2022 06:28:32.634 - oc_logger - INFO - Function evaluation number: 28, FoM: 0.003832558412457221
06/07/2022 06:28:32.644 - oc_logger - INFO - Function evaluation number: 29, FoM: 0.009995788867807054
06/07/2022 06:28:32.653 - oc_logger - INFO - Function evaluation number: 30, FoM: 0.005730893066634879
06/07/2022 06:28:32.663 - oc_logger - INFO - Function evaluation number: 31, FoM: 0.004768278509189483
06/07/2022 06:28:32.672 - oc_logger - INFO - Function evaluation number: 32, FoM: 0.001902042711521168
06/07/2022 06:28:32.682 - oc_logger - INFO - Function evaluation number: 33, FoM: 0.009004911295691587
06/07/2022 06:28:32.690 - oc_logger - INFO - Function evaluation number: 34, FoM: 0.0009331028570427335
06/07/2022 06:28:32.699 - oc_logger - INFO - Function evaluation number: 35, FoM: 0.0014434681759287749
06/07/2022 06:28:32.709 - oc_logger - INFO - Function evaluation number: 36, FoM: 0.0040718228566229975
06/07/2022 06:28:32.716 - oc_logger - INFO - Function evaluation number: 37, FoM: 0.00033061019284541526
06/07/2022 06:28:32.726 - oc_logger - INFO - Function evaluation number: 38, FoM: 0.0008605978880118492
06/07/2022 06:28:32.734 - oc_logger - INFO - Function evaluation number: 39, FoM: 0.0021745771621067833
06/07/2022 06:28:32.742 - oc_logger - INFO - Function evaluation number: 40, FoM: 0.00017561416828293375
06/07/2022 06:28:32.752 - oc_logger - INFO - Function evaluation number: 41, FoM: 0.0006942936648677289
06/07/2022 06:28:32.759 - oc_logger - INFO - Function evaluation number: 42, FoM: 0.00031038942641625766
06/07/2022 06:28:32.768 - oc_logger - INFO - Function evaluation number: 43, FoM: 0.0008093334867924629
06/07/2022 06:28:32.775 - oc_logger - INFO - Function evaluation number: 44, FoM: 4.2842880872973055e-05
06/07/2022 06:28:32.783 - oc_logger - INFO - Function evaluation number: 45, FoM: 0.00017859412910326
06/07/2022 06:28:32.791 - oc_logger - INFO - Function evaluation number: 46, FoM: 5.586052640593753e-05
06/07/2022 06:28:32.800 - oc_logger - INFO - Function evaluation number: 47, FoM: 0.0002754983276054279
06/07/2022 06:28:32.808 - oc_logger - INFO - Function evaluation number: 48, FoM: 6.328994876292349e-05
06/07/2022 06:28:32.816 - oc_logger - INFO - Function evaluation number: 49, FoM: 0.0001622665369366283
06/07/2022 06:28:32.824 - oc_logger - INFO - Function evaluation number: 50, FoM: 7.014288619044962e-06
06/07/2022 06:28:32.832 - oc_logger - INFO - Function evaluation number: 51, FoM: 1.998769904787423e-05
06/07/2022 06:28:32.842 - oc_logger - INFO - Function evaluation number: 52, FoM: 6.979860649036773e-05
06/07/2022 06:28:32.851 - oc_logger - INFO - Function evaluation number: 53, FoM: 1.4654145999548618e-05
06/07/2022 06:28:32.859 - oc_logger - INFO - Function evaluation number: 54, FoM: 2.767903123646054e-05
06/07/2022 06:28:32.867 - oc_logger - INFO - Function evaluation number: 55, FoM: 8.095531059515437e-06
06/07/2022 06:28:32.877 - oc_logger - INFO - Function evaluation number: 56, FoM: 2.9755310770429588e-05
06/07/2022 06:28:32.887 - oc_logger - INFO - Function evaluation number: 57, FoM: 3.5439116965463313e-06
06/07/2022 06:28:32.889 - oc_logger - INFO - Figure of merit : 3.5439116965463313e-06
06/07/2022 06:28:32.889 - oc_logger - INFO - parameters : [6.73414957 2.73623616]
06/07/2022 06:28:32.889 - oc_logger - INFO - terminate_reason : Convergence of the simplex.
