06/05/2022 01:41:18.221 - oc_logger - INFO - The optimization direction is minimization
06/05/2022 01:41:18.223 - oc_logger - INFO - QuOCS version number: 0.0.22
06/05/2022 01:41:18.224 - oc_logger - INFO - Direct search start time has been reset.
06/05/2022 01:41:18.366 - oc_logger - INFO - New record achieved. Previous FoM: 10000000000.0, new best FoM : 0.053302887804772214
06/05/2022 01:41:18.366 - oc_logger - INFO - Function evaluation number: 1, SI: 1, Sub-iteration number: 0, FoM: 0.053302887804772214
06/05/2022 01:41:18.509 - oc_logger - INFO - Function evaluation number: 2, SI: 1, Sub-iteration number: 0, FoM: 0.05451380446191445
06/05/2022 01:41:18.694 - oc_logger - INFO - Function evaluation number: 3, SI: 1, Sub-iteration number: 0, FoM: 0.056009914324330556
06/05/2022 01:41:18.836 - oc_logger - INFO - Function evaluation number: 4, SI: 1, Sub-iteration number: 0, FoM: 0.05451072727611517
06/05/2022 01:41:18.979 - oc_logger - INFO - New record achieved. Previous FoM: 0.053302887804772214, new best FoM : 0.05212030056658645
06/05/2022 01:41:18.980 - oc_logger - INFO - Function evaluation number: 5, SI: 1, Sub-iteration number: 0, FoM: 0.05212030056658645
06/05/2022 01:41:19.121 - oc_logger - INFO - Function evaluation number: 6, SI: 1, Sub-iteration number: 0, FoM: 0.05348838825125812
06/05/2022 01:41:19.261 - oc_logger - INFO - Function evaluation number: 7, SI: 1, Sub-iteration number: 0, FoM: 0.05219495900898896
06/05/2022 01:41:19.401 - oc_logger - INFO - Function evaluation number: 8, SI: 1, Sub-iteration number: 0, FoM: 0.05499572676337594
06/05/2022 01:41:19.528 - oc_logger - INFO - Function evaluation number: 9, SI: 1, Sub-iteration number: 0, FoM: 0.05226889124492484
06/05/2022 01:41:19.670 - oc_logger - INFO - New record achieved. Previous FoM: 0.05212030056658645, new best FoM : 0.05088510460557183
06/05/2022 01:41:19.670 - oc_logger - INFO - Function evaluation number: 10, SI: 1, Sub-iteration number: 1, FoM: 0.05088510460557183
06/05/2022 01:41:19.814 - oc_logger - INFO - New record achieved. Previous FoM: 0.05088510460557183, new best FoM : 0.05026038915395137
06/05/2022 01:41:19.814 - oc_logger - INFO - Function evaluation number: 11, SI: 1, Sub-iteration number: 1, FoM: 0.05026038915395137
06/05/2022 01:41:19.958 - oc_logger - INFO - Function evaluation number: 12, SI: 1, Sub-iteration number: 2, FoM: 0.05069562950688655
06/05/2022 01:41:20.122 - oc_logger - INFO - New record achieved. Previous FoM: 0.05026038915395137, new best FoM : 0.050222425817277316
06/05/2022 01:41:20.122 - oc_logger - INFO - Function evaluation number: 13, SI: 1, Sub-iteration number: 3, FoM: 0.050222425817277316
06/05/2022 01:41:20.267 - oc_logger - INFO - New record achieved. Previous FoM: 0.050222425817277316, new best FoM : 0.04969760096835463
06/05/2022 01:41:20.267 - oc_logger - INFO - Function evaluation number: 14, SI: 1, Sub-iteration number: 3, FoM: 0.04969760096835463
06/05/2022 01:41:20.410 - oc_logger - INFO - New record achieved. Previous FoM: 0.04969760096835463, new best FoM : 0.04904769166041323
06/05/2022 01:41:20.410 - oc_logger - INFO - Function evaluation number: 15, SI: 1, Sub-iteration number: 4, FoM: 0.04904769166041323
06/05/2022 01:41:20.553 - oc_logger - INFO - New record achieved. Previous FoM: 0.04904769166041323, new best FoM : 0.048383576306987086
06/05/2022 01:41:20.553 - oc_logger - INFO - Function evaluation number: 16, SI: 1, Sub-iteration number: 4, FoM: 0.048383576306987086
06/05/2022 01:41:20.686 - oc_logger - INFO - Function evaluation number: 17, SI: 1, Sub-iteration number: 5, FoM: 0.048770931138079066
06/05/2022 01:41:20.823 - oc_logger - INFO - New record achieved. Previous FoM: 0.048383576306987086, new best FoM : 0.0478449935058185
06/05/2022 01:41:20.823 - oc_logger - INFO - Function evaluation number: 18, SI: 1, Sub-iteration number: 6, FoM: 0.0478449935058185
06/05/2022 01:41:20.964 - oc_logger - INFO - New record achieved. Previous FoM: 0.0478449935058185, new best FoM : 0.04718226447813756
06/05/2022 01:41:20.964 - oc_logger - INFO - Function evaluation number: 19, SI: 1, Sub-iteration number: 6, FoM: 0.04718226447813756
06/05/2022 01:41:21.108 - oc_logger - INFO - Function evaluation number: 20, SI: 1, Sub-iteration number: 7, FoM: 0.04758348214500929
06/05/2022 01:41:21.245 - oc_logger - INFO - New record achieved. Previous FoM: 0.04718226447813756, new best FoM : 0.0465336370652627
06/05/2022 01:41:21.245 - oc_logger - INFO - Function evaluation number: 21, SI: 1, Sub-iteration number: 8, FoM: 0.0465336370652627
06/05/2022 01:41:21.385 - oc_logger - INFO - New record achieved. Previous FoM: 0.0465336370652627, new best FoM : 0.04584794137500059
06/05/2022 01:41:21.385 - oc_logger - INFO - Function evaluation number: 22, SI: 1, Sub-iteration number: 8, FoM: 0.04584794137500059
06/05/2022 01:41:21.535 - oc_logger - INFO - New record achieved. Previous FoM: 0.04584794137500059, new best FoM : 0.04508067440520869
06/05/2022 01:41:21.536 - oc_logger - INFO - Function evaluation number: 23, SI: 1, Sub-iteration number: 9, FoM: 0.04508067440520869
06/05/2022 01:41:21.708 - oc_logger - INFO - New record achieved. Previous FoM: 0.04508067440520869, new best FoM : 0.044234313958321225
06/05/2022 01:41:21.708 - oc_logger - INFO - Function evaluation number: 24, SI: 1, Sub-iteration number: 9, FoM: 0.044234313958321225
06/05/2022 01:41:21.846 - oc_logger - INFO - Function evaluation number: 25, SI: 1, Sub-iteration number: 10, FoM: 0.044842334447671606
06/05/2022 01:41:21.986 - oc_logger - INFO - New record achieved. Previous FoM: 0.044234313958321225, new best FoM : 0.04394324541603134
06/05/2022 01:41:21.986 - oc_logger - INFO - Function evaluation number: 26, SI: 1, Sub-iteration number: 11, FoM: 0.04394324541603134
06/05/2022 01:41:22.119 - oc_logger - INFO - New record achieved. Previous FoM: 0.04394324541603134, new best FoM : 0.04318211734208477
06/05/2022 01:41:22.119 - oc_logger - INFO - Function evaluation number: 27, SI: 1, Sub-iteration number: 11, FoM: 0.04318211734208477
06/05/2022 01:41:22.255 - oc_logger - INFO - New record achieved. Previous FoM: 0.04318211734208477, new best FoM : 0.042888647220180154
06/05/2022 01:41:22.255 - oc_logger - INFO - Function evaluation number: 28, SI: 1, Sub-iteration number: 12, FoM: 0.042888647220180154
06/05/2022 01:41:22.389 - oc_logger - INFO - New record achieved. Previous FoM: 0.042888647220180154, new best FoM : 0.042070646906327
06/05/2022 01:41:22.389 - oc_logger - INFO - Function evaluation number: 29, SI: 1, Sub-iteration number: 12, FoM: 0.042070646906327
06/05/2022 01:41:22.522 - oc_logger - INFO - Function evaluation number: 30, SI: 1, Sub-iteration number: 13, FoM: 0.042131833549273634
06/05/2022 01:41:22.655 - oc_logger - INFO - New record achieved. Previous FoM: 0.042070646906327, new best FoM : 0.040989879942902596
06/05/2022 01:41:22.655 - oc_logger - INFO - Function evaluation number: 31, SI: 1, Sub-iteration number: 14, FoM: 0.040989879942902596
06/05/2022 01:41:22.796 - oc_logger - INFO - New record achieved. Previous FoM: 0.040989879942902596, new best FoM : 0.0401071452336188
06/05/2022 01:41:22.796 - oc_logger - INFO - Function evaluation number: 32, SI: 1, Sub-iteration number: 14, FoM: 0.0401071452336188
06/05/2022 01:41:22.934 - oc_logger - INFO - New record achieved. Previous FoM: 0.0401071452336188, new best FoM : 0.03992639409884058
06/05/2022 01:41:22.934 - oc_logger - INFO - Function evaluation number: 33, SI: 1, Sub-iteration number: 15, FoM: 0.03992639409884058
06/05/2022 01:41:23.067 - oc_logger - INFO - New record achieved. Previous FoM: 0.03992639409884058, new best FoM : 0.03901455133321541
06/05/2022 01:41:23.068 - oc_logger - INFO - Function evaluation number: 34, SI: 1, Sub-iteration number: 15, FoM: 0.03901455133321541
06/05/2022 01:41:23.202 - oc_logger - INFO - New record achieved. Previous FoM: 0.03901455133321541, new best FoM : 0.03834086410999393
06/05/2022 01:41:23.204 - oc_logger - INFO - Function evaluation number: 35, SI: 1, Sub-iteration number: 16, FoM: 0.03834086410999393
06/05/2022 01:41:23.335 - oc_logger - INFO - New record achieved. Previous FoM: 0.03834086410999393, new best FoM : 0.03729771656499137
06/05/2022 01:41:23.335 - oc_logger - INFO - Function evaluation number: 36, SI: 1, Sub-iteration number: 16, FoM: 0.03729771656499137
06/05/2022 01:41:23.479 - oc_logger - INFO - Function evaluation number: 37, SI: 1, Sub-iteration number: 17, FoM: 0.03749875086308829
06/05/2022 01:41:23.622 - oc_logger - INFO - New record achieved. Previous FoM: 0.03729771656499137, new best FoM : 0.036671334982198434
06/05/2022 01:41:23.622 - oc_logger - INFO - Function evaluation number: 38, SI: 1, Sub-iteration number: 18, FoM: 0.036671334982198434
06/05/2022 01:41:23.760 - oc_logger - INFO - New record achieved. Previous FoM: 0.036671334982198434, new best FoM : 0.03570641984016598
06/05/2022 01:41:23.761 - oc_logger - INFO - Function evaluation number: 39, SI: 1, Sub-iteration number: 18, FoM: 0.03570641984016598
06/05/2022 01:41:23.900 - oc_logger - INFO - New record achieved. Previous FoM: 0.03570641984016598, new best FoM : 0.03519128644456926
06/05/2022 01:41:23.900 - oc_logger - INFO - Function evaluation number: 40, SI: 1, Sub-iteration number: 19, FoM: 0.03519128644456926
06/05/2022 01:41:24.038 - oc_logger - INFO - New record achieved. Previous FoM: 0.03519128644456926, new best FoM : 0.0341318580488581
06/05/2022 01:41:24.038 - oc_logger - INFO - Function evaluation number: 41, SI: 1, Sub-iteration number: 19, FoM: 0.0341318580488581
06/05/2022 01:41:24.178 - oc_logger - INFO - New record achieved. Previous FoM: 0.0341318580488581, new best FoM : 0.03398031209661434
06/05/2022 01:41:24.178 - oc_logger - INFO - Function evaluation number: 42, SI: 1, Sub-iteration number: 20, FoM: 0.03398031209661434
06/05/2022 01:41:24.323 - oc_logger - INFO - New record achieved. Previous FoM: 0.03398031209661434, new best FoM : 0.03290504014492668
06/05/2022 01:41:24.323 - oc_logger - INFO - Function evaluation number: 43, SI: 1, Sub-iteration number: 20, FoM: 0.03290504014492668
06/05/2022 01:41:24.468 - oc_logger - INFO - New record achieved. Previous FoM: 0.03290504014492668, new best FoM : 0.032729943389687266
06/05/2022 01:41:24.468 - oc_logger - INFO - Function evaluation number: 44, SI: 1, Sub-iteration number: 21, FoM: 0.032729943389687266
06/05/2022 01:41:24.608 - oc_logger - INFO - New record achieved. Previous FoM: 0.032729943389687266, new best FoM : 0.03163556223950892
06/05/2022 01:41:24.608 - oc_logger - INFO - Function evaluation number: 45, SI: 1, Sub-iteration number: 21, FoM: 0.03163556223950892
06/05/2022 01:41:24.751 - oc_logger - INFO - New record achieved. Previous FoM: 0.03163556223950892, new best FoM : 0.03036511335592973
06/05/2022 01:41:24.751 - oc_logger - INFO - Function evaluation number: 46, SI: 1, Sub-iteration number: 22, FoM: 0.03036511335592973
06/05/2022 01:41:24.887 - oc_logger - INFO - New record achieved. Previous FoM: 0.03036511335592973, new best FoM : 0.029034175062837897
06/05/2022 01:41:24.887 - oc_logger - INFO - Function evaluation number: 47, SI: 1, Sub-iteration number: 22, FoM: 0.029034175062837897
06/05/2022 01:41:25.021 - oc_logger - INFO - Function evaluation number: 48, SI: 1, Sub-iteration number: 23, FoM: 0.029454705804869086
06/05/2022 01:41:25.161 - oc_logger - INFO - New record achieved. Previous FoM: 0.029034175062837897, new best FoM : 0.02819058046907752
06/05/2022 01:41:25.161 - oc_logger - INFO - Function evaluation number: 49, SI: 1, Sub-iteration number: 24, FoM: 0.02819058046907752
06/05/2022 01:41:25.302 - oc_logger - INFO - New record achieved. Previous FoM: 0.02819058046907752, new best FoM : 0.026959150710667346
06/05/2022 01:41:25.302 - oc_logger - INFO - Function evaluation number: 50, SI: 1, Sub-iteration number: 24, FoM: 0.026959150710667346
06/05/2022 01:41:25.446 - oc_logger - INFO - Function evaluation number: 51, SI: 1, Sub-iteration number: 25, FoM: 0.027040205855667243
06/05/2022 01:41:25.588 - oc_logger - INFO - New record achieved. Previous FoM: 0.026959150710667346, new best FoM : 0.02488993647542148
06/05/2022 01:41:25.588 - oc_logger - INFO - Function evaluation number: 52, SI: 1, Sub-iteration number: 26, FoM: 0.02488993647542148
06/05/2022 01:41:25.723 - oc_logger - INFO - New record achieved. Previous FoM: 0.02488993647542148, new best FoM : 0.023514180081084413
06/05/2022 01:41:25.723 - oc_logger - INFO - Function evaluation number: 53, SI: 1, Sub-iteration number: 26, FoM: 0.023514180081084413
06/05/2022 01:41:25.869 - oc_logger - INFO - New record achieved. Previous FoM: 0.023514180081084413, new best FoM : 0.02341366763818853
06/05/2022 01:41:25.869 - oc_logger - INFO - Function evaluation number: 54, SI: 1, Sub-iteration number: 27, FoM: 0.02341366763818853
06/05/2022 01:41:26.002 - oc_logger - INFO - New record achieved. Previous FoM: 0.02341366763818853, new best FoM : 0.022057527813091005
06/05/2022 01:41:26.002 - oc_logger - INFO - Function evaluation number: 55, SI: 1, Sub-iteration number: 27, FoM: 0.022057527813091005
06/05/2022 01:41:26.147 - oc_logger - INFO - New record achieved. Previous FoM: 0.022057527813091005, new best FoM : 0.02195610841406137
06/05/2022 01:41:26.147 - oc_logger - INFO - Function evaluation number: 56, SI: 1, Sub-iteration number: 28, FoM: 0.02195610841406137
06/05/2022 01:41:26.301 - oc_logger - INFO - New record achieved. Previous FoM: 0.02195610841406137, new best FoM : 0.020621614446816983
06/05/2022 01:41:26.302 - oc_logger - INFO - Function evaluation number: 57, SI: 1, Sub-iteration number: 28, FoM: 0.020621614446816983
06/05/2022 01:41:26.448 - oc_logger - INFO - New record achieved. Previous FoM: 0.020621614446816983, new best FoM : 0.0201943349493362
06/05/2022 01:41:26.448 - oc_logger - INFO - Function evaluation number: 58, SI: 1, Sub-iteration number: 29, FoM: 0.0201943349493362
06/05/2022 01:41:26.578 - oc_logger - INFO - New record achieved. Previous FoM: 0.0201943349493362, new best FoM : 0.018824738766057836
06/05/2022 01:41:26.578 - oc_logger - INFO - Function evaluation number: 59, SI: 1, Sub-iteration number: 29, FoM: 0.018824738766057836
06/05/2022 01:41:26.715 - oc_logger - INFO - New record achieved. Previous FoM: 0.018824738766057836, new best FoM : 0.018358444663573725
06/05/2022 01:41:26.715 - oc_logger - INFO - Function evaluation number: 60, SI: 1, Sub-iteration number: 30, FoM: 0.018358444663573725
06/05/2022 01:41:26.854 - oc_logger - INFO - New record achieved. Previous FoM: 0.018358444663573725, new best FoM : 0.016955547032671436
06/05/2022 01:41:26.854 - oc_logger - INFO - Function evaluation number: 61, SI: 1, Sub-iteration number: 30, FoM: 0.016955547032671436
06/05/2022 01:41:26.993 - oc_logger - INFO - Function evaluation number: 62, SI: 1, Sub-iteration number: 31, FoM: 0.017262327160692537
06/05/2022 01:41:27.136 - oc_logger - INFO - New record achieved. Previous FoM: 0.016955547032671436, new best FoM : 0.015093540633562164
06/05/2022 01:41:27.136 - oc_logger - INFO - Function evaluation number: 63, SI: 1, Sub-iteration number: 32, FoM: 0.015093540633562164
06/05/2022 01:41:27.283 - oc_logger - INFO - New record achieved. Previous FoM: 0.015093540633562164, new best FoM : 0.013674294006584264
06/05/2022 01:41:27.284 - oc_logger - INFO - Function evaluation number: 64, SI: 1, Sub-iteration number: 32, FoM: 0.013674294006584264
06/05/2022 01:41:27.432 - oc_logger - INFO - New record achieved. Previous FoM: 0.013674294006584264, new best FoM : 0.01366976020441335
06/05/2022 01:41:27.432 - oc_logger - INFO - Function evaluation number: 65, SI: 1, Sub-iteration number: 33, FoM: 0.01366976020441335
06/05/2022 01:41:27.574 - oc_logger - INFO - New record achieved. Previous FoM: 0.01366976020441335, new best FoM : 0.012321031364009194
06/05/2022 01:41:27.575 - oc_logger - INFO - Function evaluation number: 66, SI: 1, Sub-iteration number: 33, FoM: 0.012321031364009194
06/05/2022 01:41:27.720 - oc_logger - INFO - New record achieved. Previous FoM: 0.012321031364009194, new best FoM : 0.010820746525447178
06/05/2022 01:41:27.720 - oc_logger - INFO - Function evaluation number: 67, SI: 1, Sub-iteration number: 34, FoM: 0.010820746525447178
06/05/2022 01:41:27.865 - oc_logger - INFO - New record achieved. Previous FoM: 0.010820746525447178, new best FoM : 0.009330633152994094
06/05/2022 01:41:27.865 - oc_logger - INFO - Function evaluation number: 68, SI: 1, Sub-iteration number: 34, FoM: 0.009330633152994094
06/05/2022 01:41:28.004 - oc_logger - INFO - Function evaluation number: 69, SI: 1, Sub-iteration number: 35, FoM: 0.010122642309790653
06/05/2022 01:41:28.147 - oc_logger - INFO - New record achieved. Previous FoM: 0.009330633152994094, new best FoM : 0.008756261982541758
06/05/2022 01:41:28.147 - oc_logger - INFO - Function evaluation number: 70, SI: 1, Sub-iteration number: 36, FoM: 0.008756261982541758
06/05/2022 01:41:28.285 - oc_logger - INFO - New record achieved. Previous FoM: 0.008756261982541758, new best FoM : 0.0075397125741101245
06/05/2022 01:41:28.285 - oc_logger - INFO - Function evaluation number: 71, SI: 1, Sub-iteration number: 36, FoM: 0.0075397125741101245
06/05/2022 01:41:28.426 - oc_logger - INFO - New record achieved. Previous FoM: 0.0075397125741101245, new best FoM : 0.007125875154552985
06/05/2022 01:41:28.426 - oc_logger - INFO - Function evaluation number: 72, SI: 1, Sub-iteration number: 37, FoM: 0.007125875154552985
06/05/2022 01:41:28.568 - oc_logger - INFO - New record achieved. Previous FoM: 0.007125875154552985, new best FoM : 0.005962337181395938
06/05/2022 01:41:28.568 - oc_logger - INFO - Function evaluation number: 73, SI: 1, Sub-iteration number: 37, FoM: 0.005962337181395938
06/05/2022 01:41:28.708 - oc_logger - INFO - New record achieved. Previous FoM: 0.005962337181395938, new best FoM : 0.005753370221279863
06/05/2022 01:41:28.708 - oc_logger - INFO - Function evaluation number: 74, SI: 1, Sub-iteration number: 38, FoM: 0.005753370221279863
06/05/2022 01:41:28.850 - oc_logger - INFO - New record achieved. Previous FoM: 0.005753370221279863, new best FoM : 0.0046845950122827995
06/05/2022 01:41:28.850 - oc_logger - INFO - Function evaluation number: 75, SI: 1, Sub-iteration number: 38, FoM: 0.0046845950122827995
06/05/2022 01:41:28.990 - oc_logger - INFO - New record achieved. Previous FoM: 0.0046845950122827995, new best FoM : 0.004365819343517874
06/05/2022 01:41:28.990 - oc_logger - INFO - Function evaluation number: 76, SI: 1, Sub-iteration number: 39, FoM: 0.004365819343517874
06/05/2022 01:41:29.135 - oc_logger - INFO - New record achieved. Previous FoM: 0.004365819343517874, new best FoM : 0.0034005572704861597
06/05/2022 01:41:29.135 - oc_logger - INFO - Function evaluation number: 77, SI: 1, Sub-iteration number: 39, FoM: 0.0034005572704861597
06/05/2022 01:41:29.280 - oc_logger - INFO - New record achieved. Previous FoM: 0.0034005572704861597, new best FoM : 0.0025251178835681287
06/05/2022 01:41:29.280 - oc_logger - INFO - Function evaluation number: 78, SI: 1, Sub-iteration number: 40, FoM: 0.0025251178835681287
06/05/2022 01:41:29.421 - oc_logger - INFO - New record achieved. Previous FoM: 0.0025251178835681287, new best FoM : 0.0017201765892662646
06/05/2022 01:41:29.421 - oc_logger - INFO - Function evaluation number: 79, SI: 1, Sub-iteration number: 40, FoM: 0.0017201765892662646
06/05/2022 01:41:29.565 - oc_logger - INFO - Function evaluation number: 80, SI: 1, Sub-iteration number: 41, FoM: 0.0020181105739057736
06/05/2022 01:41:29.707 - oc_logger - INFO - New record achieved. Previous FoM: 0.0017201765892662646, new best FoM : 0.00156801900312864
06/05/2022 01:41:29.707 - oc_logger - INFO - Function evaluation number: 81, SI: 1, Sub-iteration number: 42, FoM: 0.00156801900312864
06/05/2022 01:41:29.845 - oc_logger - INFO - New record achieved. Previous FoM: 0.00156801900312864, new best FoM : 0.0013244970287962232
06/05/2022 01:41:29.845 - oc_logger - INFO - Function evaluation number: 82, SI: 1, Sub-iteration number: 42, FoM: 0.0013244970287962232
06/05/2022 01:41:29.990 - oc_logger - INFO - New record achieved. Previous FoM: 0.0013244970287962232, new best FoM : 0.0012837042245134045
06/05/2022 01:41:29.990 - oc_logger - INFO - Function evaluation number: 83, SI: 1, Sub-iteration number: 43, FoM: 0.0012837042245134045
06/05/2022 01:41:30.139 - oc_logger - INFO - New record achieved. Previous FoM: 0.0012837042245134045, new best FoM : 0.0011121943377022658
06/05/2022 01:41:30.139 - oc_logger - INFO - Function evaluation number: 84, SI: 1, Sub-iteration number: 43, FoM: 0.0011121943377022658
06/05/2022 01:41:30.275 - oc_logger - INFO - New record achieved. Previous FoM: 0.0011121943377022658, new best FoM : 0.0010732094440173423
06/05/2022 01:41:30.275 - oc_logger - INFO - Function evaluation number: 85, SI: 1, Sub-iteration number: 44, FoM: 0.0010732094440173423
06/05/2022 01:41:30.415 - oc_logger - INFO - New record achieved. Previous FoM: 0.0010732094440173423, new best FoM : 0.0009676645854953536
06/05/2022 01:41:30.415 - oc_logger - INFO - Function evaluation number: 86, SI: 1, Sub-iteration number: 44, FoM: 0.0009676645854953536
06/05/2022 01:41:30.555 - oc_logger - INFO - New record achieved. Previous FoM: 0.0009676645854953536, new best FoM : 0.0008917346167129914
06/05/2022 01:41:30.555 - oc_logger - INFO - Function evaluation number: 87, SI: 1, Sub-iteration number: 45, FoM: 0.0008917346167129914
06/05/2022 01:41:30.699 - oc_logger - INFO - New record achieved. Previous FoM: 0.0008917346167129914, new best FoM : 0.0008312908255763141
06/05/2022 01:41:30.699 - oc_logger - INFO - Function evaluation number: 88, SI: 1, Sub-iteration number: 45, FoM: 0.0008312908255763141
06/05/2022 01:41:30.833 - oc_logger - INFO - New record achieved. Previous FoM: 0.0008312908255763141, new best FoM : 0.0006935504293915651
06/05/2022 01:41:30.833 - oc_logger - INFO - Function evaluation number: 89, SI: 1, Sub-iteration number: 46, FoM: 0.0006935504293915651
06/05/2022 01:41:30.970 - oc_logger - INFO - New record achieved. Previous FoM: 0.0006935504293915651, new best FoM : 0.000646470228110374
06/05/2022 01:41:30.971 - oc_logger - INFO - Function evaluation number: 90, SI: 1, Sub-iteration number: 46, FoM: 0.000646470228110374
06/05/2022 01:41:31.112 - oc_logger - INFO - Function evaluation number: 91, SI: 1, Sub-iteration number: 47, FoM: 0.0007115094787207843
06/05/2022 01:41:31.254 - oc_logger - INFO - Function evaluation number: 92, SI: 1, Sub-iteration number: 48, FoM: 0.0006985748119032742
06/05/2022 01:41:31.389 - oc_logger - INFO - New record achieved. Previous FoM: 0.000646470228110374, new best FoM : 0.0006266597270252472
06/05/2022 01:41:31.390 - oc_logger - INFO - Function evaluation number: 93, SI: 1, Sub-iteration number: 49, FoM: 0.0006266597270252472
06/05/2022 01:41:31.525 - oc_logger - INFO - New record achieved. Previous FoM: 0.0006266597270252472, new best FoM : 0.000603930588506274
06/05/2022 01:41:31.525 - oc_logger - INFO - Function evaluation number: 94, SI: 1, Sub-iteration number: 49, FoM: 0.000603930588506274
06/05/2022 01:41:31.659 - oc_logger - INFO - Function evaluation number: 95, SI: 1, Sub-iteration number: 50, FoM: 0.0006614848118572381
06/05/2022 01:41:31.792 - oc_logger - INFO - Function evaluation number: 96, SI: 1, Sub-iteration number: 51, FoM: 0.0006094242388151594
06/05/2022 01:41:31.918 - oc_logger - INFO - New record achieved. Previous FoM: 0.000603930588506274, new best FoM : 0.0005904420923147358
06/05/2022 01:41:31.918 - oc_logger - INFO - Function evaluation number: 97, SI: 1, Sub-iteration number: 52, FoM: 0.0005904420923147358
06/05/2022 01:41:32.043 - oc_logger - INFO - New record achieved. Previous FoM: 0.0005904420923147358, new best FoM : 0.0005794951432370743
06/05/2022 01:41:32.043 - oc_logger - INFO - Function evaluation number: 98, SI: 1, Sub-iteration number: 52, FoM: 0.0005794951432370743
06/05/2022 01:41:32.166 - oc_logger - INFO - New record achieved. Previous FoM: 0.0005794951432370743, new best FoM : 0.0005766444458056297
06/05/2022 01:41:32.167 - oc_logger - INFO - Function evaluation number: 99, SI: 1, Sub-iteration number: 53, FoM: 0.0005766444458056297
06/05/2022 01:41:32.298 - oc_logger - INFO - New record achieved. Previous FoM: 0.0005766444458056297, new best FoM : 0.0005690139339057376
06/05/2022 01:41:32.298 - oc_logger - INFO - Function evaluation number: 100, SI: 1, Sub-iteration number: 53, FoM: 0.0005690139339057376
06/05/2022 01:41:32.426 - oc_logger - INFO - New record achieved. Previous FoM: 0.0005690139339057376, new best FoM : 0.0005587067296815018
06/05/2022 01:41:32.426 - oc_logger - INFO - Function evaluation number: 101, SI: 1, Sub-iteration number: 54, FoM: 0.0005587067296815018
06/05/2022 01:41:32.556 - oc_logger - INFO - New record achieved. Previous FoM: 0.0005587067296815018, new best FoM : 0.0005530182183022259
06/05/2022 01:41:32.556 - oc_logger - INFO - Function evaluation number: 102, SI: 1, Sub-iteration number: 54, FoM: 0.0005530182183022259
06/05/2022 01:41:32.683 - oc_logger - INFO - Function evaluation number: 103, SI: 1, Sub-iteration number: 55, FoM: 0.0005590903366688993
06/05/2022 01:41:32.804 - oc_logger - INFO - New record achieved. Previous FoM: 0.0005530182183022259, new best FoM : 0.0005528570184465398
06/05/2022 01:41:32.804 - oc_logger - INFO - Function evaluation number: 104, SI: 1, Sub-iteration number: 56, FoM: 0.0005528570184465398
06/05/2022 01:41:32.934 - oc_logger - INFO - New record achieved. Previous FoM: 0.0005528570184465398, new best FoM : 0.0005497883347997945
06/05/2022 01:41:32.934 - oc_logger - INFO - Function evaluation number: 105, SI: 1, Sub-iteration number: 56, FoM: 0.0005497883347997945
06/05/2022 01:41:33.059 - oc_logger - INFO - New record achieved. Previous FoM: 0.0005497883347997945, new best FoM : 0.0005480262807534553
06/05/2022 01:41:33.059 - oc_logger - INFO - Function evaluation number: 106, SI: 1, Sub-iteration number: 57, FoM: 0.0005480262807534553
06/05/2022 01:41:33.187 - oc_logger - INFO - New record achieved. Previous FoM: 0.0005480262807534553, new best FoM : 0.0005463192221862867
06/05/2022 01:41:33.188 - oc_logger - INFO - Function evaluation number: 107, SI: 1, Sub-iteration number: 57, FoM: 0.0005463192221862867
06/05/2022 01:41:33.321 - oc_logger - INFO - Function evaluation number: 108, SI: 1, Sub-iteration number: 58, FoM: 0.0005480943602993449
06/05/2022 01:41:33.452 - oc_logger - INFO - New record achieved. Previous FoM: 0.0005463192221862867, new best FoM : 0.0005454928484952548
06/05/2022 01:41:33.452 - oc_logger - INFO - Function evaluation number: 109, SI: 1, Sub-iteration number: 59, FoM: 0.0005454928484952548
06/05/2022 01:41:33.595 - oc_logger - INFO - New record achieved. Previous FoM: 0.0005454928484952548, new best FoM : 0.0005454353676852541
06/05/2022 01:41:33.595 - oc_logger - INFO - Function evaluation number: 110, SI: 1, Sub-iteration number: 59, FoM: 0.0005454353676852541
06/05/2022 01:41:33.741 - oc_logger - INFO - New record achieved. Previous FoM: 0.0005454353676852541, new best FoM : 0.0005453343032837399
06/05/2022 01:41:33.741 - oc_logger - INFO - Function evaluation number: 111, SI: 1, Sub-iteration number: 60, FoM: 0.0005453343032837399
06/05/2022 01:41:33.886 - oc_logger - INFO - Function evaluation number: 112, SI: 1, Sub-iteration number: 60, FoM: 0.0005454915159297524
06/05/2022 01:41:34.028 - oc_logger - INFO - Function evaluation number: 113, SI: 1, Sub-iteration number: 61, FoM: 0.0005455580664099902
06/05/2022 01:41:34.172 - oc_logger - INFO - Function evaluation number: 114, SI: 1, Sub-iteration number: 62, FoM: 0.00054745017538671
06/05/2022 01:41:34.305 - oc_logger - INFO - Function evaluation number: 115, SI: 1, Sub-iteration number: 63, FoM: 0.0005471804046570661
06/05/2022 01:41:34.449 - oc_logger - INFO - Function evaluation number: 116, SI: 1, Sub-iteration number: 64, FoM: 0.0005476200830119016
06/05/2022 01:41:34.589 - oc_logger - INFO - Function evaluation number: 117, SI: 1, Sub-iteration number: 65, FoM: 0.0005492611821759086
06/05/2022 01:41:34.722 - oc_logger - INFO - Function evaluation number: 118, SI: 1, Sub-iteration number: 65, FoM: 0.0005477896568837348
06/05/2022 01:41:34.861 - oc_logger - INFO - Function evaluation number: 119, SI: 1, Sub-iteration number: 66, FoM: 0.0005530027756254219
06/05/2022 01:41:34.995 - oc_logger - INFO - Function evaluation number: 120, SI: 1, Sub-iteration number: 66, FoM: 0.0005459497700270877
06/05/2022 01:41:35.136 - oc_logger - INFO - Function evaluation number: 121, SI: 1, Sub-iteration number: 67, FoM: 0.0005462274723948557
06/05/2022 01:41:35.279 - oc_logger - INFO - Function evaluation number: 122, SI: 1, Sub-iteration number: 68, FoM: 0.0005498264595009683
06/05/2022 01:41:35.422 - oc_logger - INFO - Function evaluation number: 123, SI: 1, Sub-iteration number: 68, FoM: 0.0005466618883572805
06/05/2022 01:41:35.563 - oc_logger - INFO - Function evaluation number: 124, SI: 1, Sub-iteration number: 69, FoM: 0.0005468697671316969
06/05/2022 01:41:35.701 - oc_logger - INFO - Function evaluation number: 125, SI: 1, Sub-iteration number: 70, FoM: 0.0005513261784791945
06/05/2022 01:41:35.839 - oc_logger - INFO - Function evaluation number: 126, SI: 1, Sub-iteration number: 70, FoM: 0.0005462133193249175
06/05/2022 01:41:35.976 - oc_logger - INFO - Function evaluation number: 127, SI: 1, Sub-iteration number: 71, FoM: 0.0005471133438306186
06/05/2022 01:41:36.108 - oc_logger - INFO - Function evaluation number: 128, SI: 1, Sub-iteration number: 71, FoM: 0.0005459559285528881
06/05/2022 01:41:36.244 - oc_logger - INFO - Function evaluation number: 129, SI: 1, Sub-iteration number: 72, FoM: 0.0005501418738884656
06/05/2022 01:41:36.373 - oc_logger - INFO - Function evaluation number: 130, SI: 1, Sub-iteration number: 72, FoM: 0.0005459535715039987
06/05/2022 01:41:36.514 - oc_logger - INFO - Function evaluation number: 131, SI: 1, Sub-iteration number: 73, FoM: 0.0005457289875018256
06/05/2022 01:41:36.658 - oc_logger - INFO - Function evaluation number: 132, SI: 1, Sub-iteration number: 74, FoM: 0.0005463783134342926
06/05/2022 01:41:36.804 - oc_logger - INFO - Function evaluation number: 133, SI: 1, Sub-iteration number: 74, FoM: 0.0005456112082374842
06/05/2022 01:41:36.949 - oc_logger - INFO - Function evaluation number: 134, SI: 1, Sub-iteration number: 75, FoM: 0.000546289432537983
06/05/2022 01:41:37.092 - oc_logger - INFO - Function evaluation number: 135, SI: 1, Sub-iteration number: 75, FoM: 0.0005457658723021508
06/05/2022 01:41:37.226 - oc_logger - INFO - Function evaluation number: 136, SI: 1, Sub-iteration number: 76, FoM: 0.0005466892389268674
06/05/2022 01:41:37.361 - oc_logger - INFO - Function evaluation number: 137, SI: 1, Sub-iteration number: 76, FoM: 0.0005455265855032199
06/05/2022 01:41:37.498 - oc_logger - INFO - Function evaluation number: 138, SI: 1, Sub-iteration number: 77, FoM: 0.000545917526538986
06/05/2022 01:41:37.642 - oc_logger - INFO - Function evaluation number: 139, SI: 1, Sub-iteration number: 78, FoM: 0.0005462238029427802
06/05/2022 01:41:37.785 - oc_logger - INFO - Function evaluation number: 140, SI: 1, Sub-iteration number: 78, FoM: 0.0005455715596729416
06/05/2022 01:41:37.925 - oc_logger - INFO - Function evaluation number: 141, SI: 1, Sub-iteration number: 79, FoM: 0.0005460656083683402
06/05/2022 01:41:38.066 - oc_logger - INFO - Function evaluation number: 142, SI: 1, Sub-iteration number: 79, FoM: 0.0005455460498874354
06/05/2022 01:41:38.066 - oc_logger - INFO - SI 1 finished - Number of evaluations: 142, Best FoM: 0.0005453343032837399, Terminate reason: Convergence of the FoM.

06/05/2022 01:41:38.067 - oc_logger - INFO - Direct search start time has been reset.
06/05/2022 01:41:38.211 - oc_logger - INFO - Function evaluation number: 143, SI: 2, Sub-iteration number: 0, FoM: 0.0005453343032837399
06/05/2022 01:41:38.356 - oc_logger - INFO - New record achieved. Previous FoM: 0.0005453343032837399, new best FoM : 0.0005453321675328304
06/05/2022 01:41:38.357 - oc_logger - INFO - Function evaluation number: 144, SI: 2, Sub-iteration number: 0, FoM: 0.0005453321675328304
06/05/2022 01:41:38.500 - oc_logger - INFO - Function evaluation number: 145, SI: 2, Sub-iteration number: 0, FoM: 0.0005456620654906708
06/05/2022 01:41:38.634 - oc_logger - INFO - Function evaluation number: 146, SI: 2, Sub-iteration number: 0, FoM: 0.0005454302108562903
06/05/2022 01:41:38.775 - oc_logger - INFO - Function evaluation number: 147, SI: 2, Sub-iteration number: 0, FoM: 0.0005454710732543111
06/05/2022 01:41:38.919 - oc_logger - INFO - Function evaluation number: 148, SI: 2, Sub-iteration number: 0, FoM: 0.0005456619821999631
06/05/2022 01:41:39.063 - oc_logger - INFO - Function evaluation number: 149, SI: 2, Sub-iteration number: 0, FoM: 0.0005453331875616696
06/05/2022 01:41:39.205 - oc_logger - INFO - Function evaluation number: 150, SI: 2, Sub-iteration number: 0, FoM: 0.0005456105727202898
06/05/2022 01:41:39.343 - oc_logger - INFO - New record achieved. Previous FoM: 0.0005453321675328304, new best FoM : 0.000545310920183617
06/05/2022 01:41:39.343 - oc_logger - INFO - Function evaluation number: 151, SI: 2, Sub-iteration number: 0, FoM: 0.000545310920183617
06/05/2022 01:41:39.484 - oc_logger - INFO - Function evaluation number: 152, SI: 2, Sub-iteration number: 1, FoM: 0.0005453394119001587
06/05/2022 01:41:39.484 - oc_logger - INFO - SI 2 finished - Number of evaluations: 10, Best FoM: 0.000545310920183617, Terminate reason: Convergence of the FoM.

06/05/2022 01:41:39.484 - oc_logger - INFO - Direct search start time has been reset.
06/05/2022 01:41:39.628 - oc_logger - INFO - Function evaluation number: 153, SI: 3, Sub-iteration number: 0, FoM: 0.000545310920183617
06/05/2022 01:41:39.774 - oc_logger - INFO - Function evaluation number: 154, SI: 3, Sub-iteration number: 0, FoM: 0.0005454017579114012
06/05/2022 01:41:39.916 - oc_logger - INFO - Function evaluation number: 155, SI: 3, Sub-iteration number: 0, FoM: 0.0005457343456255481
06/05/2022 01:41:40.062 - oc_logger - INFO - Function evaluation number: 156, SI: 3, Sub-iteration number: 0, FoM: 0.0005456130668657355
06/05/2022 01:41:40.201 - oc_logger - INFO - Function evaluation number: 157, SI: 3, Sub-iteration number: 0, FoM: 0.0005455726279719464
06/05/2022 01:41:40.335 - oc_logger - INFO - Function evaluation number: 158, SI: 3, Sub-iteration number: 0, FoM: 0.0005456528573883901
06/05/2022 01:41:40.476 - oc_logger - INFO - Function evaluation number: 159, SI: 3, Sub-iteration number: 0, FoM: 0.0005455037508650395
06/05/2022 01:41:40.620 - oc_logger - INFO - Function evaluation number: 160, SI: 3, Sub-iteration number: 0, FoM: 0.0005456628264607355
06/05/2022 01:41:40.764 - oc_logger - INFO - New record achieved. Previous FoM: 0.000545310920183617, new best FoM : 0.0005453012778987576
06/05/2022 01:41:40.764 - oc_logger - INFO - Function evaluation number: 161, SI: 3, Sub-iteration number: 0, FoM: 0.0005453012778987576
06/05/2022 01:41:40.904 - oc_logger - INFO - Function evaluation number: 162, SI: 3, Sub-iteration number: 1, FoM: 0.0005453307414169384
06/05/2022 01:41:40.904 - oc_logger - INFO - SI 3 finished - Number of evaluations: 10, Best FoM: 0.0005453012778987576, Terminate reason: Convergence of the FoM.

06/05/2022 01:41:40.905 - oc_logger - INFO - Direct search start time has been reset.
06/05/2022 01:41:41.041 - oc_logger - INFO - Function evaluation number: 163, SI: 4, Sub-iteration number: 0, FoM: 0.0005453012778987576
06/05/2022 01:41:41.183 - oc_logger - INFO - Function evaluation number: 164, SI: 4, Sub-iteration number: 0, FoM: 0.0005453626488894914
06/05/2022 01:41:41.320 - oc_logger - INFO - Function evaluation number: 165, SI: 4, Sub-iteration number: 0, FoM: 0.0005458536274047798
06/05/2022 01:41:41.463 - oc_logger - INFO - Function evaluation number: 166, SI: 4, Sub-iteration number: 0, FoM: 0.0005454667334524599
06/05/2022 01:41:41.609 - oc_logger - INFO - Function evaluation number: 167, SI: 4, Sub-iteration number: 0, FoM: 0.0005454674042805197
06/05/2022 01:41:41.751 - oc_logger - INFO - Function evaluation number: 168, SI: 4, Sub-iteration number: 0, FoM: 0.0005459514040433433
06/05/2022 01:41:41.898 - oc_logger - INFO - Function evaluation number: 169, SI: 4, Sub-iteration number: 0, FoM: 0.0005454904769671698
06/05/2022 01:41:42.042 - oc_logger - INFO - Function evaluation number: 170, SI: 4, Sub-iteration number: 0, FoM: 0.0005457763700373874
06/05/2022 01:41:42.186 - oc_logger - INFO - Function evaluation number: 171, SI: 4, Sub-iteration number: 0, FoM: 0.0005453322666456595
06/05/2022 01:41:42.328 - oc_logger - INFO - New record achieved. Previous FoM: 0.0005453012778987576, new best FoM : 0.0005452470964616429
06/05/2022 01:41:42.328 - oc_logger - INFO - Function evaluation number: 172, SI: 4, Sub-iteration number: 1, FoM: 0.0005452470964616429
06/05/2022 01:41:42.471 - oc_logger - INFO - New record achieved. Previous FoM: 0.0005452470964616429, new best FoM : 0.000545224109258946
06/05/2022 01:41:42.471 - oc_logger - INFO - Function evaluation number: 173, SI: 4, Sub-iteration number: 1, FoM: 0.000545224109258946
06/05/2022 01:41:42.614 - oc_logger - INFO - Function evaluation number: 174, SI: 4, Sub-iteration number: 2, FoM: 0.0005452417814517663
06/05/2022 01:41:42.755 - oc_logger - INFO - New record achieved. Previous FoM: 0.000545224109258946, new best FoM : 0.0005452137259158718
06/05/2022 01:41:42.755 - oc_logger - INFO - Function evaluation number: 175, SI: 4, Sub-iteration number: 3, FoM: 0.0005452137259158718
06/05/2022 01:41:42.897 - oc_logger - INFO - Function evaluation number: 176, SI: 4, Sub-iteration number: 3, FoM: 0.0005452316185799999
06/05/2022 01:41:42.897 - oc_logger - INFO - SI 4 finished - Number of evaluations: 14, Best FoM: 0.0005452137259158718, Terminate reason: Convergence of the FoM.

06/05/2022 01:41:42.897 - oc_logger - INFO - Direct search start time has been reset.
06/05/2022 01:41:43.040 - oc_logger - INFO - Function evaluation number: 177, SI: 5, Sub-iteration number: 0, FoM: 0.0005452137259158718
06/05/2022 01:41:43.179 - oc_logger - INFO - Function evaluation number: 178, SI: 5, Sub-iteration number: 0, FoM: 0.0005453105048249807
06/05/2022 01:41:43.318 - oc_logger - INFO - Function evaluation number: 179, SI: 5, Sub-iteration number: 0, FoM: 0.0005453346868461439
06/05/2022 01:41:43.458 - oc_logger - INFO - Function evaluation number: 180, SI: 5, Sub-iteration number: 0, FoM: 0.0005453343582657588
06/05/2022 01:41:43.594 - oc_logger - INFO - Function evaluation number: 181, SI: 5, Sub-iteration number: 0, FoM: 0.0005452213114399695
06/05/2022 01:41:43.731 - oc_logger - INFO - Function evaluation number: 182, SI: 5, Sub-iteration number: 0, FoM: 0.0005452241922268009
06/05/2022 01:41:43.863 - oc_logger - INFO - Function evaluation number: 183, SI: 5, Sub-iteration number: 0, FoM: 0.0005454580201265102
06/05/2022 01:41:43.995 - oc_logger - INFO - Function evaluation number: 184, SI: 5, Sub-iteration number: 0, FoM: 0.0005453469797183086
06/05/2022 01:41:44.138 - oc_logger - INFO - Function evaluation number: 185, SI: 5, Sub-iteration number: 0, FoM: 0.0005452710551849815
06/05/2022 01:41:44.280 - oc_logger - INFO - Function evaluation number: 186, SI: 5, Sub-iteration number: 1, FoM: 0.0005453514554487615
06/05/2022 01:41:44.414 - oc_logger - INFO - Function evaluation number: 187, SI: 5, Sub-iteration number: 1, FoM: 0.0005452716251289624
06/05/2022 01:41:44.414 - oc_logger - INFO - SI 5 finished - Number of evaluations: 11, Best FoM: 0.0005452137259158718, Terminate reason: Convergence of the FoM.

06/05/2022 01:41:44.414 - oc_logger - INFO - Figure of merit : 0.0005452137259158718
06/05/2022 01:41:44.414 - oc_logger - INFO - Std : 0.0
06/05/2022 01:41:44.414 - oc_logger - INFO - total number of function evaluations : 187
06/05/2022 01:41:44.415 - oc_logger - INFO - dcrab_freq_list : [array([[0.1876211 , 0.5153711 , 0.94300363, 1.45845733]]), array([[0.06661678, 0.57734407, 1.11286915, 1.22409157]]), array([[0.22081587, 0.70310813, 0.83311393, 1.4550515 ]]), array([[0.13725212, 0.62440211, 0.89530509, 1.17465203]]), array([[0.28419163, 0.74697396, 0.81158618, 1.32234243]])]
06/05/2022 01:41:44.415 - oc_logger - INFO - dcrab_para_list : [array([-10.54661515, -13.08289363,  -7.51260968,   8.47727056,
         6.62698957,   4.3527939 ,  -0.88928915,   4.5236679 ]), array([ 0.10971932, -0.00798454,  0.04600131,  0.04146296, -0.06333107,
        0.1023058 , -0.03014635,  0.3060662 ]), array([ 0.10932174,  0.01745589, -0.02101657, -0.00127766, -0.02702975,
       -0.01205738,  0.04535741,  0.33070748]), array([-0.09156639, -0.05508886,  0.11000682,  0.15266541, -0.26065489,
        0.09164575, -0.25286886,  0.16022904]), array([0., 0., 0., 0., 0., 0., 0., 0.])]
06/05/2022 01:41:44.415 - oc_logger - INFO - terminate_reason : Convergence of the FoM.
