06/05/2022 02:50:41.043 - oc_logger - INFO - The optimization direction is minimization
06/05/2022 02:50:41.045 - oc_logger - INFO - QuOCS version number: 0.0.22
06/05/2022 02:50:41.045 - oc_logger - INFO - Direct search start time has been reset.
06/05/2022 02:50:41.176 - oc_logger - INFO - New record achieved. Previous FoM: 10000000000.0, new best FoM : 0.018603234256322376
06/05/2022 02:50:41.176 - oc_logger - INFO - Function evaluation number: 1, SI: 1, Sub-iteration number: 0, FoM: 0.018603234256322376
06/05/2022 02:50:41.309 - oc_logger - INFO - Function evaluation number: 2, SI: 1, Sub-iteration number: 0, FoM: 0.018709831379081665
06/05/2022 02:50:41.438 - oc_logger - INFO - Function evaluation number: 3, SI: 1, Sub-iteration number: 0, FoM: 0.018625351409202295
06/05/2022 02:50:41.564 - oc_logger - INFO - New record achieved. Previous FoM: 0.018603234256322376, new best FoM : 0.01856857414553237
06/05/2022 02:50:41.564 - oc_logger - INFO - Function evaluation number: 4, SI: 1, Sub-iteration number: 0, FoM: 0.01856857414553237
06/05/2022 02:50:41.684 - oc_logger - INFO - Function evaluation number: 5, SI: 1, Sub-iteration number: 0, FoM: 0.018703810374196106
06/05/2022 02:50:41.800 - oc_logger - INFO - Function evaluation number: 6, SI: 1, Sub-iteration number: 0, FoM: 0.018645239688870885
06/05/2022 02:50:41.915 - oc_logger - INFO - New record achieved. Previous FoM: 0.01856857414553237, new best FoM : 0.018545816360736267
06/05/2022 02:50:41.915 - oc_logger - INFO - Function evaluation number: 7, SI: 1, Sub-iteration number: 0, FoM: 0.018545816360736267
06/05/2022 02:50:42.042 - oc_logger - INFO - Function evaluation number: 8, SI: 1, Sub-iteration number: 0, FoM: 0.01856774913092818
06/05/2022 02:50:42.167 - oc_logger - INFO - Function evaluation number: 9, SI: 1, Sub-iteration number: 0, FoM: 0.01867311507447611
06/05/2022 02:50:42.294 - oc_logger - INFO - New record achieved. Previous FoM: 0.018545816360736267, new best FoM : 0.018523558671533324
06/05/2022 02:50:42.294 - oc_logger - INFO - Function evaluation number: 10, SI: 1, Sub-iteration number: 1, FoM: 0.018523558671533324
06/05/2022 02:50:42.427 - oc_logger - INFO - New record achieved. Previous FoM: 0.018523558671533324, new best FoM : 0.018500340777095614
06/05/2022 02:50:42.427 - oc_logger - INFO - Function evaluation number: 11, SI: 1, Sub-iteration number: 1, FoM: 0.018500340777095614
06/05/2022 02:50:42.555 - oc_logger - INFO - New record achieved. Previous FoM: 0.018500340777095614, new best FoM : 0.018478872373059785
06/05/2022 02:50:42.556 - oc_logger - INFO - Function evaluation number: 12, SI: 1, Sub-iteration number: 2, FoM: 0.018478872373059785
06/05/2022 02:50:42.689 - oc_logger - INFO - New record achieved. Previous FoM: 0.018478872373059785, new best FoM : 0.01845086556823139
06/05/2022 02:50:42.689 - oc_logger - INFO - Function evaluation number: 13, SI: 1, Sub-iteration number: 2, FoM: 0.01845086556823139
06/05/2022 02:50:42.824 - oc_logger - INFO - Function evaluation number: 14, SI: 1, Sub-iteration number: 3, FoM: 0.01845393984473387
06/05/2022 02:50:42.948 - oc_logger - INFO - New record achieved. Previous FoM: 0.01845086556823139, new best FoM : 0.01843395095378486
06/05/2022 02:50:42.948 - oc_logger - INFO - Function evaluation number: 15, SI: 1, Sub-iteration number: 4, FoM: 0.01843395095378486
06/05/2022 02:50:43.078 - oc_logger - INFO - New record achieved. Previous FoM: 0.01843395095378486, new best FoM : 0.01840762998800627
06/05/2022 02:50:43.079 - oc_logger - INFO - Function evaluation number: 16, SI: 1, Sub-iteration number: 4, FoM: 0.01840762998800627
06/05/2022 02:50:43.205 - oc_logger - INFO - New record achieved. Previous FoM: 0.01840762998800627, new best FoM : 0.018399400781358932
06/05/2022 02:50:43.205 - oc_logger - INFO - Function evaluation number: 17, SI: 1, Sub-iteration number: 5, FoM: 0.018399400781358932
06/05/2022 02:50:43.326 - oc_logger - INFO - New record achieved. Previous FoM: 0.018399400781358932, new best FoM : 0.018371250084966873
06/05/2022 02:50:43.326 - oc_logger - INFO - Function evaluation number: 18, SI: 1, Sub-iteration number: 5, FoM: 0.018371250084966873
06/05/2022 02:50:43.460 - oc_logger - INFO - New record achieved. Previous FoM: 0.018371250084966873, new best FoM : 0.018363614827296315
06/05/2022 02:50:43.460 - oc_logger - INFO - Function evaluation number: 19, SI: 1, Sub-iteration number: 6, FoM: 0.018363614827296315
06/05/2022 02:50:43.591 - oc_logger - INFO - New record achieved. Previous FoM: 0.018363614827296315, new best FoM : 0.018333784299377598
06/05/2022 02:50:43.591 - oc_logger - INFO - Function evaluation number: 20, SI: 1, Sub-iteration number: 6, FoM: 0.018333784299377598
06/05/2022 02:50:43.721 - oc_logger - INFO - Function evaluation number: 21, SI: 1, Sub-iteration number: 7, FoM: 0.01833949649221589
06/05/2022 02:50:43.878 - oc_logger - INFO - New record achieved. Previous FoM: 0.018333784299377598, new best FoM : 0.0182835393795443
06/05/2022 02:50:43.878 - oc_logger - INFO - Function evaluation number: 22, SI: 1, Sub-iteration number: 8, FoM: 0.0182835393795443
06/05/2022 02:50:44.011 - oc_logger - INFO - New record achieved. Previous FoM: 0.0182835393795443, new best FoM : 0.01824819254985377
06/05/2022 02:50:44.011 - oc_logger - INFO - Function evaluation number: 23, SI: 1, Sub-iteration number: 8, FoM: 0.01824819254985377
06/05/2022 02:50:44.138 - oc_logger - INFO - New record achieved. Previous FoM: 0.01824819254985377, new best FoM : 0.018231113951104105
06/05/2022 02:50:44.138 - oc_logger - INFO - Function evaluation number: 24, SI: 1, Sub-iteration number: 9, FoM: 0.018231113951104105
06/05/2022 02:50:44.265 - oc_logger - INFO - New record achieved. Previous FoM: 0.018231113951104105, new best FoM : 0.01819197766418934
06/05/2022 02:50:44.266 - oc_logger - INFO - Function evaluation number: 25, SI: 1, Sub-iteration number: 9, FoM: 0.01819197766418934
06/05/2022 02:50:44.389 - oc_logger - INFO - Function evaluation number: 26, SI: 1, Sub-iteration number: 10, FoM: 0.018199461253369242
06/05/2022 02:50:44.518 - oc_logger - INFO - New record achieved. Previous FoM: 0.01819197766418934, new best FoM : 0.018182073359684137
06/05/2022 02:50:44.518 - oc_logger - INFO - Function evaluation number: 27, SI: 1, Sub-iteration number: 11, FoM: 0.018182073359684137
06/05/2022 02:50:44.645 - oc_logger - INFO - New record achieved. Previous FoM: 0.018182073359684137, new best FoM : 0.018148250611011774
06/05/2022 02:50:44.646 - oc_logger - INFO - Function evaluation number: 28, SI: 1, Sub-iteration number: 11, FoM: 0.018148250611011774
06/05/2022 02:50:44.774 - oc_logger - INFO - New record achieved. Previous FoM: 0.018148250611011774, new best FoM : 0.018109770784481838
06/05/2022 02:50:44.774 - oc_logger - INFO - Function evaluation number: 29, SI: 1, Sub-iteration number: 12, FoM: 0.018109770784481838
06/05/2022 02:50:44.905 - oc_logger - INFO - New record achieved. Previous FoM: 0.018109770784481838, new best FoM : 0.01806737356747279
06/05/2022 02:50:44.905 - oc_logger - INFO - Function evaluation number: 30, SI: 1, Sub-iteration number: 12, FoM: 0.01806737356747279
06/05/2022 02:50:45.032 - oc_logger - INFO - Function evaluation number: 31, SI: 1, Sub-iteration number: 13, FoM: 0.01806792694045989
06/05/2022 02:50:45.147 - oc_logger - INFO - New record achieved. Previous FoM: 0.01806737356747279, new best FoM : 0.018028396051409823
06/05/2022 02:50:45.147 - oc_logger - INFO - Function evaluation number: 32, SI: 1, Sub-iteration number: 14, FoM: 0.018028396051409823
06/05/2022 02:50:45.277 - oc_logger - INFO - New record achieved. Previous FoM: 0.018028396051409823, new best FoM : 0.017985768204791697
06/05/2022 02:50:45.277 - oc_logger - INFO - Function evaluation number: 33, SI: 1, Sub-iteration number: 14, FoM: 0.017985768204791697
06/05/2022 02:50:45.401 - oc_logger - INFO - New record achieved. Previous FoM: 0.017985768204791697, new best FoM : 0.017971941120969337
06/05/2022 02:50:45.401 - oc_logger - INFO - Function evaluation number: 34, SI: 1, Sub-iteration number: 15, FoM: 0.017971941120969337
06/05/2022 02:50:45.529 - oc_logger - INFO - New record achieved. Previous FoM: 0.017971941120969337, new best FoM : 0.017926295117424496
06/05/2022 02:50:45.529 - oc_logger - INFO - Function evaluation number: 35, SI: 1, Sub-iteration number: 15, FoM: 0.017926295117424496
06/05/2022 02:50:45.650 - oc_logger - INFO - New record achieved. Previous FoM: 0.017926295117424496, new best FoM : 0.01787637626405314
06/05/2022 02:50:45.650 - oc_logger - INFO - Function evaluation number: 36, SI: 1, Sub-iteration number: 16, FoM: 0.01787637626405314
06/05/2022 02:50:45.781 - oc_logger - INFO - New record achieved. Previous FoM: 0.01787637626405314, new best FoM : 0.017819666077332652
06/05/2022 02:50:45.782 - oc_logger - INFO - Function evaluation number: 37, SI: 1, Sub-iteration number: 16, FoM: 0.017819666077332652
06/05/2022 02:50:45.914 - oc_logger - INFO - Function evaluation number: 38, SI: 1, Sub-iteration number: 17, FoM: 0.017854191950306242
06/05/2022 02:50:46.035 - oc_logger - INFO - New record achieved. Previous FoM: 0.017819666077332652, new best FoM : 0.017816510107995343
06/05/2022 02:50:46.035 - oc_logger - INFO - Function evaluation number: 39, SI: 1, Sub-iteration number: 18, FoM: 0.017816510107995343
06/05/2022 02:50:46.171 - oc_logger - INFO - New record achieved. Previous FoM: 0.017816510107995343, new best FoM : 0.01776894580635824
06/05/2022 02:50:46.171 - oc_logger - INFO - Function evaluation number: 40, SI: 1, Sub-iteration number: 18, FoM: 0.01776894580635824
06/05/2022 02:50:46.303 - oc_logger - INFO - New record achieved. Previous FoM: 0.01776894580635824, new best FoM : 0.01771896856429145
06/05/2022 02:50:46.303 - oc_logger - INFO - Function evaluation number: 41, SI: 1, Sub-iteration number: 19, FoM: 0.01771896856429145
06/05/2022 02:50:46.428 - oc_logger - INFO - New record achieved. Previous FoM: 0.01771896856429145, new best FoM : 0.017660349657285468
06/05/2022 02:50:46.429 - oc_logger - INFO - Function evaluation number: 42, SI: 1, Sub-iteration number: 19, FoM: 0.017660349657285468
06/05/2022 02:50:46.562 - oc_logger - INFO - New record achieved. Previous FoM: 0.017660349657285468, new best FoM : 0.017640819913311567
06/05/2022 02:50:46.562 - oc_logger - INFO - Function evaluation number: 43, SI: 1, Sub-iteration number: 20, FoM: 0.017640819913311567
06/05/2022 02:50:46.690 - oc_logger - INFO - New record achieved. Previous FoM: 0.017640819913311567, new best FoM : 0.017577951909993228
06/05/2022 02:50:46.690 - oc_logger - INFO - Function evaluation number: 44, SI: 1, Sub-iteration number: 20, FoM: 0.017577951909993228
06/05/2022 02:50:46.821 - oc_logger - INFO - Function evaluation number: 45, SI: 1, Sub-iteration number: 21, FoM: 0.017598135241639
06/05/2022 02:50:46.945 - oc_logger - INFO - New record achieved. Previous FoM: 0.017577951909993228, new best FoM : 0.017482592997495328
06/05/2022 02:50:46.945 - oc_logger - INFO - Function evaluation number: 46, SI: 1, Sub-iteration number: 22, FoM: 0.017482592997495328
06/05/2022 02:50:47.068 - oc_logger - INFO - New record achieved. Previous FoM: 0.017482592997495328, new best FoM : 0.0174102647093336
06/05/2022 02:50:47.068 - oc_logger - INFO - Function evaluation number: 47, SI: 1, Sub-iteration number: 22, FoM: 0.0174102647093336
06/05/2022 02:50:47.196 - oc_logger - INFO - Function evaluation number: 48, SI: 1, Sub-iteration number: 23, FoM: 0.017419881835105233
06/05/2022 02:50:47.332 - oc_logger - INFO - New record achieved. Previous FoM: 0.0174102647093336, new best FoM : 0.017352843830160003
06/05/2022 02:50:47.332 - oc_logger - INFO - Function evaluation number: 49, SI: 1, Sub-iteration number: 24, FoM: 0.017352843830160003
06/05/2022 02:50:47.461 - oc_logger - INFO - New record achieved. Previous FoM: 0.017352843830160003, new best FoM : 0.017281886641874022
06/05/2022 02:50:47.461 - oc_logger - INFO - Function evaluation number: 50, SI: 1, Sub-iteration number: 24, FoM: 0.017281886641874022
06/05/2022 02:50:47.585 - oc_logger - INFO - New record achieved. Previous FoM: 0.017281886641874022, new best FoM : 0.017281807245305925
06/05/2022 02:50:47.585 - oc_logger - INFO - Function evaluation number: 51, SI: 1, Sub-iteration number: 25, FoM: 0.017281807245305925
06/05/2022 02:50:47.715 - oc_logger - INFO - New record achieved. Previous FoM: 0.017281807245305925, new best FoM : 0.017211008104174863
06/05/2022 02:50:47.715 - oc_logger - INFO - Function evaluation number: 52, SI: 1, Sub-iteration number: 25, FoM: 0.017211008104174863
06/05/2022 02:50:47.840 - oc_logger - INFO - New record achieved. Previous FoM: 0.017211008104174863, new best FoM : 0.017164804857382143
06/05/2022 02:50:47.840 - oc_logger - INFO - Function evaluation number: 53, SI: 1, Sub-iteration number: 26, FoM: 0.017164804857382143
06/05/2022 02:50:47.967 - oc_logger - INFO - New record achieved. Previous FoM: 0.017164804857382143, new best FoM : 0.01708389906814145
06/05/2022 02:50:47.968 - oc_logger - INFO - Function evaluation number: 54, SI: 1, Sub-iteration number: 26, FoM: 0.01708389906814145
06/05/2022 02:50:48.092 - oc_logger - INFO - New record achieved. Previous FoM: 0.01708389906814145, new best FoM : 0.017045149699994266
06/05/2022 02:50:48.092 - oc_logger - INFO - Function evaluation number: 55, SI: 1, Sub-iteration number: 27, FoM: 0.017045149699994266
06/05/2022 02:50:48.217 - oc_logger - INFO - New record achieved. Previous FoM: 0.017045149699994266, new best FoM : 0.01695590493213006
06/05/2022 02:50:48.217 - oc_logger - INFO - Function evaluation number: 56, SI: 1, Sub-iteration number: 27, FoM: 0.01695590493213006
06/05/2022 02:50:48.352 - oc_logger - INFO - Function evaluation number: 57, SI: 1, Sub-iteration number: 28, FoM: 0.016976549309070443
06/05/2022 02:50:48.483 - oc_logger - INFO - New record achieved. Previous FoM: 0.01695590493213006, new best FoM : 0.01688403676495831
06/05/2022 02:50:48.484 - oc_logger - INFO - Function evaluation number: 58, SI: 1, Sub-iteration number: 29, FoM: 0.01688403676495831
06/05/2022 02:50:48.613 - oc_logger - INFO - New record achieved. Previous FoM: 0.01688403676495831, new best FoM : 0.01679596789903437
06/05/2022 02:50:48.613 - oc_logger - INFO - Function evaluation number: 59, SI: 1, Sub-iteration number: 29, FoM: 0.01679596789903437
06/05/2022 02:50:48.744 - oc_logger - INFO - New record achieved. Previous FoM: 0.01679596789903437, new best FoM : 0.016710727509632095
06/05/2022 02:50:48.744 - oc_logger - INFO - Function evaluation number: 60, SI: 1, Sub-iteration number: 30, FoM: 0.016710727509632095
06/05/2022 02:50:48.875 - oc_logger - INFO - New record achieved. Previous FoM: 0.016710727509632095, new best FoM : 0.0166040917419088
06/05/2022 02:50:48.875 - oc_logger - INFO - Function evaluation number: 61, SI: 1, Sub-iteration number: 30, FoM: 0.0166040917419088
06/05/2022 02:50:49.002 - oc_logger - INFO - Function evaluation number: 62, SI: 1, Sub-iteration number: 31, FoM: 0.016662610344080786
06/05/2022 02:50:49.132 - oc_logger - INFO - New record achieved. Previous FoM: 0.0166040917419088, new best FoM : 0.016487963370852232
06/05/2022 02:50:49.132 - oc_logger - INFO - Function evaluation number: 63, SI: 1, Sub-iteration number: 32, FoM: 0.016487963370852232
06/05/2022 02:50:49.264 - oc_logger - INFO - New record achieved. Previous FoM: 0.016487963370852232, new best FoM : 0.016374645527722165
06/05/2022 02:50:49.264 - oc_logger - INFO - Function evaluation number: 64, SI: 1, Sub-iteration number: 32, FoM: 0.016374645527722165
06/05/2022 02:50:49.397 - oc_logger - INFO - Function evaluation number: 65, SI: 1, Sub-iteration number: 33, FoM: 0.016388887602884483
06/05/2022 02:50:49.528 - oc_logger - INFO - New record achieved. Previous FoM: 0.016374645527722165, new best FoM : 0.01625522271944768
06/05/2022 02:50:49.528 - oc_logger - INFO - Function evaluation number: 66, SI: 1, Sub-iteration number: 34, FoM: 0.01625522271944768
06/05/2022 02:50:49.661 - oc_logger - INFO - New record achieved. Previous FoM: 0.01625522271944768, new best FoM : 0.016137916607244063
06/05/2022 02:50:49.661 - oc_logger - INFO - Function evaluation number: 67, SI: 1, Sub-iteration number: 34, FoM: 0.016137916607244063
06/05/2022 02:50:49.789 - oc_logger - INFO - Function evaluation number: 68, SI: 1, Sub-iteration number: 35, FoM: 0.016145358916598296
06/05/2022 02:50:49.919 - oc_logger - INFO - New record achieved. Previous FoM: 0.016137916607244063, new best FoM : 0.016044895272646298
06/05/2022 02:50:49.919 - oc_logger - INFO - Function evaluation number: 69, SI: 1, Sub-iteration number: 36, FoM: 0.016044895272646298
06/05/2022 02:50:50.054 - oc_logger - INFO - New record achieved. Previous FoM: 0.016044895272646298, new best FoM : 0.01593060277484626
06/05/2022 02:50:50.054 - oc_logger - INFO - Function evaluation number: 70, SI: 1, Sub-iteration number: 36, FoM: 0.01593060277484626
06/05/2022 02:50:50.187 - oc_logger - INFO - New record achieved. Previous FoM: 0.01593060277484626, new best FoM : 0.015812658066198693
06/05/2022 02:50:50.187 - oc_logger - INFO - Function evaluation number: 71, SI: 1, Sub-iteration number: 37, FoM: 0.015812658066198693
06/05/2022 02:50:50.320 - oc_logger - INFO - New record achieved. Previous FoM: 0.015812658066198693, new best FoM : 0.015672908475480418
06/05/2022 02:50:50.320 - oc_logger - INFO - Function evaluation number: 72, SI: 1, Sub-iteration number: 37, FoM: 0.015672908475480418
06/05/2022 02:50:50.450 - oc_logger - INFO - Function evaluation number: 73, SI: 1, Sub-iteration number: 38, FoM: 0.01569044343534498
06/05/2022 02:50:50.577 - oc_logger - INFO - New record achieved. Previous FoM: 0.015672908475480418, new best FoM : 0.015580513679055885
06/05/2022 02:50:50.577 - oc_logger - INFO - Function evaluation number: 74, SI: 1, Sub-iteration number: 39, FoM: 0.015580513679055885
06/05/2022 02:50:50.711 - oc_logger - INFO - New record achieved. Previous FoM: 0.015580513679055885, new best FoM : 0.01544817212116556
06/05/2022 02:50:50.711 - oc_logger - INFO - Function evaluation number: 75, SI: 1, Sub-iteration number: 39, FoM: 0.01544817212116556
06/05/2022 02:50:50.843 - oc_logger - INFO - New record achieved. Previous FoM: 0.01544817212116556, new best FoM : 0.01535338599209557
06/05/2022 02:50:50.843 - oc_logger - INFO - Function evaluation number: 76, SI: 1, Sub-iteration number: 40, FoM: 0.01535338599209557
06/05/2022 02:50:50.979 - oc_logger - INFO - New record achieved. Previous FoM: 0.01535338599209557, new best FoM : 0.015200975232096403
06/05/2022 02:50:50.979 - oc_logger - INFO - Function evaluation number: 77, SI: 1, Sub-iteration number: 40, FoM: 0.015200975232096403
06/05/2022 02:50:51.111 - oc_logger - INFO - Function evaluation number: 78, SI: 1, Sub-iteration number: 41, FoM: 0.015267768516656344
06/05/2022 02:50:51.244 - oc_logger - INFO - New record achieved. Previous FoM: 0.015200975232096403, new best FoM : 0.015011916959165927
06/05/2022 02:50:51.245 - oc_logger - INFO - Function evaluation number: 79, SI: 1, Sub-iteration number: 42, FoM: 0.015011916959165927
06/05/2022 02:50:51.375 - oc_logger - INFO - New record achieved. Previous FoM: 0.015011916959165927, new best FoM : 0.014846427412362195
06/05/2022 02:50:51.375 - oc_logger - INFO - Function evaluation number: 80, SI: 1, Sub-iteration number: 42, FoM: 0.014846427412362195
06/05/2022 02:50:51.500 - oc_logger - INFO - Function evaluation number: 81, SI: 1, Sub-iteration number: 43, FoM: 0.014911693895199307
06/05/2022 02:50:51.629 - oc_logger - INFO - New record achieved. Previous FoM: 0.014846427412362195, new best FoM : 0.014621358733764356
06/05/2022 02:50:51.630 - oc_logger - INFO - Function evaluation number: 82, SI: 1, Sub-iteration number: 44, FoM: 0.014621358733764356
06/05/2022 02:50:51.757 - oc_logger - INFO - New record achieved. Previous FoM: 0.014621358733764356, new best FoM : 0.014437924566977012
06/05/2022 02:50:51.757 - oc_logger - INFO - Function evaluation number: 83, SI: 1, Sub-iteration number: 44, FoM: 0.014437924566977012
06/05/2022 02:50:51.883 - oc_logger - INFO - Function evaluation number: 84, SI: 1, Sub-iteration number: 45, FoM: 0.014452343038467541
06/05/2022 02:50:52.013 - oc_logger - INFO - New record achieved. Previous FoM: 0.014437924566977012, new best FoM : 0.014378864669009173
06/05/2022 02:50:52.013 - oc_logger - INFO - Function evaluation number: 85, SI: 1, Sub-iteration number: 46, FoM: 0.014378864669009173
06/05/2022 02:50:52.131 - oc_logger - INFO - New record achieved. Previous FoM: 0.014378864669009173, new best FoM : 0.014209788149995739
06/05/2022 02:50:52.131 - oc_logger - INFO - Function evaluation number: 86, SI: 1, Sub-iteration number: 46, FoM: 0.014209788149995739
06/05/2022 02:50:52.256 - oc_logger - INFO - New record achieved. Previous FoM: 0.014209788149995739, new best FoM : 0.01382786133305225
06/05/2022 02:50:52.256 - oc_logger - INFO - Function evaluation number: 87, SI: 1, Sub-iteration number: 47, FoM: 0.01382786133305225
06/05/2022 02:50:52.386 - oc_logger - INFO - New record achieved. Previous FoM: 0.01382786133305225, new best FoM : 0.0134006635656585
06/05/2022 02:50:52.386 - oc_logger - INFO - Function evaluation number: 88, SI: 1, Sub-iteration number: 47, FoM: 0.0134006635656585
06/05/2022 02:50:52.517 - oc_logger - INFO - Function evaluation number: 89, SI: 1, Sub-iteration number: 48, FoM: 0.013559249742266188
06/05/2022 02:50:52.640 - oc_logger - INFO - New record achieved. Previous FoM: 0.0134006635656585, new best FoM : 0.013007600532492725
06/05/2022 02:50:52.640 - oc_logger - INFO - Function evaluation number: 90, SI: 1, Sub-iteration number: 49, FoM: 0.013007600532492725
06/05/2022 02:50:52.776 - oc_logger - INFO - New record achieved. Previous FoM: 0.013007600532492725, new best FoM : 0.01252000347190052
06/05/2022 02:50:52.776 - oc_logger - INFO - Function evaluation number: 91, SI: 1, Sub-iteration number: 49, FoM: 0.01252000347190052
06/05/2022 02:50:52.910 - oc_logger - INFO - New record achieved. Previous FoM: 0.01252000347190052, new best FoM : 0.012477414271499288
06/05/2022 02:50:52.911 - oc_logger - INFO - Function evaluation number: 92, SI: 1, Sub-iteration number: 50, FoM: 0.012477414271499288
06/05/2022 02:50:53.041 - oc_logger - INFO - New record achieved. Previous FoM: 0.012477414271499288, new best FoM : 0.012084518232773234
06/05/2022 02:50:53.042 - oc_logger - INFO - Function evaluation number: 93, SI: 1, Sub-iteration number: 50, FoM: 0.012084518232773234
06/05/2022 02:50:53.165 - oc_logger - INFO - New record achieved. Previous FoM: 0.012084518232773234, new best FoM : 0.011928747939046191
06/05/2022 02:50:53.165 - oc_logger - INFO - Function evaluation number: 94, SI: 1, Sub-iteration number: 51, FoM: 0.011928747939046191
06/05/2022 02:50:53.298 - oc_logger - INFO - New record achieved. Previous FoM: 0.011928747939046191, new best FoM : 0.011448772560709863
06/05/2022 02:50:53.298 - oc_logger - INFO - Function evaluation number: 95, SI: 1, Sub-iteration number: 51, FoM: 0.011448772560709863
06/05/2022 02:50:53.433 - oc_logger - INFO - New record achieved. Previous FoM: 0.011448772560709863, new best FoM : 0.011303205910399017
06/05/2022 02:50:53.433 - oc_logger - INFO - Function evaluation number: 96, SI: 1, Sub-iteration number: 52, FoM: 0.011303205910399017
06/05/2022 02:50:53.563 - oc_logger - INFO - New record achieved. Previous FoM: 0.011303205910399017, new best FoM : 0.010929555144680747
06/05/2022 02:50:53.563 - oc_logger - INFO - Function evaluation number: 97, SI: 1, Sub-iteration number: 52, FoM: 0.010929555144680747
06/05/2022 02:50:53.699 - oc_logger - INFO - New record achieved. Previous FoM: 0.010929555144680747, new best FoM : 0.01090857882420282
06/05/2022 02:50:53.699 - oc_logger - INFO - Function evaluation number: 98, SI: 1, Sub-iteration number: 53, FoM: 0.01090857882420282
06/05/2022 02:50:53.834 - oc_logger - INFO - New record achieved. Previous FoM: 0.01090857882420282, new best FoM : 0.010519987072013293
06/05/2022 02:50:53.834 - oc_logger - INFO - Function evaluation number: 99, SI: 1, Sub-iteration number: 53, FoM: 0.010519987072013293
06/05/2022 02:50:53.970 - oc_logger - INFO - New record achieved. Previous FoM: 0.010519987072013293, new best FoM : 0.010301870865269125
06/05/2022 02:50:53.970 - oc_logger - INFO - Function evaluation number: 100, SI: 1, Sub-iteration number: 54, FoM: 0.010301870865269125
06/05/2022 02:50:54.103 - oc_logger - INFO - New record achieved. Previous FoM: 0.010301870865269125, new best FoM : 0.009994058164038755
06/05/2022 02:50:54.103 - oc_logger - INFO - Function evaluation number: 101, SI: 1, Sub-iteration number: 54, FoM: 0.009994058164038755
06/05/2022 02:50:54.227 - oc_logger - INFO - Function evaluation number: 102, SI: 1, Sub-iteration number: 55, FoM: 0.01006442405099739
06/05/2022 02:50:54.359 - oc_logger - INFO - New record achieved. Previous FoM: 0.009994058164038755, new best FoM : 0.009684610864405752
06/05/2022 02:50:54.359 - oc_logger - INFO - Function evaluation number: 103, SI: 1, Sub-iteration number: 56, FoM: 0.009684610864405752
06/05/2022 02:50:54.489 - oc_logger - INFO - New record achieved. Previous FoM: 0.009684610864405752, new best FoM : 0.0093632059725538
06/05/2022 02:50:54.489 - oc_logger - INFO - Function evaluation number: 104, SI: 1, Sub-iteration number: 56, FoM: 0.0093632059725538
06/05/2022 02:50:54.618 - oc_logger - INFO - New record achieved. Previous FoM: 0.0093632059725538, new best FoM : 0.008991319361722594
06/05/2022 02:50:54.618 - oc_logger - INFO - Function evaluation number: 105, SI: 1, Sub-iteration number: 57, FoM: 0.008991319361722594
06/05/2022 02:50:54.757 - oc_logger - INFO - New record achieved. Previous FoM: 0.008991319361722594, new best FoM : 0.008688776200727166
06/05/2022 02:50:54.757 - oc_logger - INFO - Function evaluation number: 106, SI: 1, Sub-iteration number: 57, FoM: 0.008688776200727166
06/05/2022 02:50:54.893 - oc_logger - INFO - Function evaluation number: 107, SI: 1, Sub-iteration number: 58, FoM: 0.008995880498849473
06/05/2022 02:50:55.022 - oc_logger - INFO - New record achieved. Previous FoM: 0.008688776200727166, new best FoM : 0.008556698987821965
06/05/2022 02:50:55.022 - oc_logger - INFO - Function evaluation number: 108, SI: 1, Sub-iteration number: 59, FoM: 0.008556698987821965
06/05/2022 02:50:55.143 - oc_logger - INFO - New record achieved. Previous FoM: 0.008556698987821965, new best FoM : 0.008394799271493558
06/05/2022 02:50:55.143 - oc_logger - INFO - Function evaluation number: 109, SI: 1, Sub-iteration number: 59, FoM: 0.008394799271493558
06/05/2022 02:50:55.272 - oc_logger - INFO - Function evaluation number: 110, SI: 1, Sub-iteration number: 60, FoM: 0.008395667603917745
06/05/2022 02:50:55.395 - oc_logger - INFO - New record achieved. Previous FoM: 0.008394799271493558, new best FoM : 0.00820174711027466
06/05/2022 02:50:55.396 - oc_logger - INFO - Function evaluation number: 111, SI: 1, Sub-iteration number: 61, FoM: 0.00820174711027466
06/05/2022 02:50:55.528 - oc_logger - INFO - New record achieved. Previous FoM: 0.00820174711027466, new best FoM : 0.008019868527343932
06/05/2022 02:50:55.529 - oc_logger - INFO - Function evaluation number: 112, SI: 1, Sub-iteration number: 61, FoM: 0.008019868527343932
06/05/2022 02:50:55.663 - oc_logger - INFO - Function evaluation number: 113, SI: 1, Sub-iteration number: 62, FoM: 0.00813691061955002
06/05/2022 02:50:55.792 - oc_logger - INFO - New record achieved. Previous FoM: 0.008019868527343932, new best FoM : 0.007750107172341925
06/05/2022 02:50:55.793 - oc_logger - INFO - Function evaluation number: 114, SI: 1, Sub-iteration number: 63, FoM: 0.007750107172341925
06/05/2022 02:50:55.929 - oc_logger - INFO - New record achieved. Previous FoM: 0.007750107172341925, new best FoM : 0.007665862210772922
06/05/2022 02:50:55.929 - oc_logger - INFO - Function evaluation number: 115, SI: 1, Sub-iteration number: 63, FoM: 0.007665862210772922
06/05/2022 02:50:56.061 - oc_logger - INFO - Function evaluation number: 116, SI: 1, Sub-iteration number: 64, FoM: 0.007741275266525349
06/05/2022 02:50:56.190 - oc_logger - INFO - Function evaluation number: 117, SI: 1, Sub-iteration number: 65, FoM: 0.0077953454066075345
06/05/2022 02:50:56.315 - oc_logger - INFO - New record achieved. Previous FoM: 0.007665862210772922, new best FoM : 0.0076367325155124455
06/05/2022 02:50:56.315 - oc_logger - INFO - Function evaluation number: 118, SI: 1, Sub-iteration number: 66, FoM: 0.0076367325155124455
06/05/2022 02:50:56.450 - oc_logger - INFO - New record achieved. Previous FoM: 0.0076367325155124455, new best FoM : 0.007577833195042349
06/05/2022 02:50:56.451 - oc_logger - INFO - Function evaluation number: 119, SI: 1, Sub-iteration number: 66, FoM: 0.007577833195042349
06/05/2022 02:50:56.587 - oc_logger - INFO - New record achieved. Previous FoM: 0.007577833195042349, new best FoM : 0.007534760454047218
06/05/2022 02:50:56.587 - oc_logger - INFO - Function evaluation number: 120, SI: 1, Sub-iteration number: 67, FoM: 0.007534760454047218
06/05/2022 02:50:56.723 - oc_logger - INFO - New record achieved. Previous FoM: 0.007534760454047218, new best FoM : 0.007473218597486064
06/05/2022 02:50:56.723 - oc_logger - INFO - Function evaluation number: 121, SI: 1, Sub-iteration number: 67, FoM: 0.007473218597486064
06/05/2022 02:50:56.855 - oc_logger - INFO - New record achieved. Previous FoM: 0.007473218597486064, new best FoM : 0.007468656539283081
06/05/2022 02:50:56.855 - oc_logger - INFO - Function evaluation number: 122, SI: 1, Sub-iteration number: 68, FoM: 0.007468656539283081
06/05/2022 02:50:56.991 - oc_logger - INFO - New record achieved. Previous FoM: 0.007468656539283081, new best FoM : 0.007404393562611689
06/05/2022 02:50:56.991 - oc_logger - INFO - Function evaluation number: 123, SI: 1, Sub-iteration number: 68, FoM: 0.007404393562611689
06/05/2022 02:50:57.125 - oc_logger - INFO - New record achieved. Previous FoM: 0.007404393562611689, new best FoM : 0.00729419863294245
06/05/2022 02:50:57.125 - oc_logger - INFO - Function evaluation number: 124, SI: 1, Sub-iteration number: 69, FoM: 0.00729419863294245
06/05/2022 02:50:57.256 - oc_logger - INFO - New record achieved. Previous FoM: 0.00729419863294245, new best FoM : 0.007198169898918083
06/05/2022 02:50:57.256 - oc_logger - INFO - Function evaluation number: 125, SI: 1, Sub-iteration number: 69, FoM: 0.007198169898918083
06/05/2022 02:50:57.390 - oc_logger - INFO - Function evaluation number: 126, SI: 1, Sub-iteration number: 70, FoM: 0.007224453742184278
06/05/2022 02:50:57.524 - oc_logger - INFO - Function evaluation number: 127, SI: 1, Sub-iteration number: 71, FoM: 0.0074714301995632
06/05/2022 02:50:57.654 - oc_logger - INFO - New record achieved. Previous FoM: 0.007198169898918083, new best FoM : 0.007106497485948382
06/05/2022 02:50:57.655 - oc_logger - INFO - Function evaluation number: 128, SI: 1, Sub-iteration number: 72, FoM: 0.007106497485948382
06/05/2022 02:50:57.784 - oc_logger - INFO - New record achieved. Previous FoM: 0.007106497485948382, new best FoM : 0.007026549018591455
06/05/2022 02:50:57.784 - oc_logger - INFO - Function evaluation number: 129, SI: 1, Sub-iteration number: 72, FoM: 0.007026549018591455
06/05/2022 02:50:57.918 - oc_logger - INFO - Function evaluation number: 130, SI: 1, Sub-iteration number: 73, FoM: 0.007147559220544331
06/05/2022 02:50:58.047 - oc_logger - INFO - Function evaluation number: 131, SI: 1, Sub-iteration number: 74, FoM: 0.007083215478592919
06/05/2022 02:50:58.169 - oc_logger - INFO - New record achieved. Previous FoM: 0.007026549018591455, new best FoM : 0.006936246285492387
06/05/2022 02:50:58.169 - oc_logger - INFO - Function evaluation number: 132, SI: 1, Sub-iteration number: 75, FoM: 0.006936246285492387
06/05/2022 02:50:58.303 - oc_logger - INFO - New record achieved. Previous FoM: 0.006936246285492387, new best FoM : 0.006860552801826181
06/05/2022 02:50:58.303 - oc_logger - INFO - Function evaluation number: 133, SI: 1, Sub-iteration number: 75, FoM: 0.006860552801826181
06/05/2022 02:50:58.437 - oc_logger - INFO - Function evaluation number: 134, SI: 1, Sub-iteration number: 76, FoM: 0.006916034885030009
06/05/2022 02:50:58.564 - oc_logger - INFO - New record achieved. Previous FoM: 0.006860552801826181, new best FoM : 0.006749151371309936
06/05/2022 02:50:58.565 - oc_logger - INFO - Function evaluation number: 135, SI: 1, Sub-iteration number: 77, FoM: 0.006749151371309936
06/05/2022 02:50:58.697 - oc_logger - INFO - New record achieved. Previous FoM: 0.006749151371309936, new best FoM : 0.006661484128571926
06/05/2022 02:50:58.697 - oc_logger - INFO - Function evaluation number: 136, SI: 1, Sub-iteration number: 77, FoM: 0.006661484128571926
06/05/2022 02:50:58.825 - oc_logger - INFO - New record achieved. Previous FoM: 0.006661484128571926, new best FoM : 0.006635929849372668
06/05/2022 02:50:58.825 - oc_logger - INFO - Function evaluation number: 137, SI: 1, Sub-iteration number: 78, FoM: 0.006635929849372668
06/05/2022 02:50:58.961 - oc_logger - INFO - New record achieved. Previous FoM: 0.006635929849372668, new best FoM : 0.00656416696242601
06/05/2022 02:50:58.961 - oc_logger - INFO - Function evaluation number: 138, SI: 1, Sub-iteration number: 78, FoM: 0.00656416696242601
06/05/2022 02:50:59.094 - oc_logger - INFO - Function evaluation number: 139, SI: 1, Sub-iteration number: 79, FoM: 0.006656257889921191
06/05/2022 02:50:59.223 - oc_logger - INFO - New record achieved. Previous FoM: 0.00656416696242601, new best FoM : 0.006528744974768075
06/05/2022 02:50:59.223 - oc_logger - INFO - Function evaluation number: 140, SI: 1, Sub-iteration number: 80, FoM: 0.006528744974768075
06/05/2022 02:50:59.349 - oc_logger - INFO - New record achieved. Previous FoM: 0.006528744974768075, new best FoM : 0.006483873319534483
06/05/2022 02:50:59.349 - oc_logger - INFO - Function evaluation number: 141, SI: 1, Sub-iteration number: 80, FoM: 0.006483873319534483
06/05/2022 02:50:59.478 - oc_logger - INFO - New record achieved. Previous FoM: 0.006483873319534483, new best FoM : 0.006413589006489695
06/05/2022 02:50:59.478 - oc_logger - INFO - Function evaluation number: 142, SI: 1, Sub-iteration number: 81, FoM: 0.006413589006489695
06/05/2022 02:50:59.615 - oc_logger - INFO - New record achieved. Previous FoM: 0.006413589006489695, new best FoM : 0.006353315931594383
06/05/2022 02:50:59.616 - oc_logger - INFO - Function evaluation number: 143, SI: 1, Sub-iteration number: 81, FoM: 0.006353315931594383
06/05/2022 02:50:59.749 - oc_logger - INFO - New record achieved. Previous FoM: 0.006353315931594383, new best FoM : 0.006346283321709945
06/05/2022 02:50:59.750 - oc_logger - INFO - Function evaluation number: 144, SI: 1, Sub-iteration number: 82, FoM: 0.006346283321709945
06/05/2022 02:50:59.879 - oc_logger - INFO - New record achieved. Previous FoM: 0.006346283321709945, new best FoM : 0.006273937606297353
06/05/2022 02:50:59.879 - oc_logger - INFO - Function evaluation number: 145, SI: 1, Sub-iteration number: 82, FoM: 0.006273937606297353
06/05/2022 02:51:00.011 - oc_logger - INFO - New record achieved. Previous FoM: 0.006273937606297353, new best FoM : 0.006254014328830992
06/05/2022 02:51:00.011 - oc_logger - INFO - Function evaluation number: 146, SI: 1, Sub-iteration number: 83, FoM: 0.006254014328830992
06/05/2022 02:51:00.151 - oc_logger - INFO - New record achieved. Previous FoM: 0.006254014328830992, new best FoM : 0.006199564214992459
06/05/2022 02:51:00.151 - oc_logger - INFO - Function evaluation number: 147, SI: 1, Sub-iteration number: 83, FoM: 0.006199564214992459
06/05/2022 02:51:00.279 - oc_logger - INFO - New record achieved. Previous FoM: 0.006199564214992459, new best FoM : 0.006127552909380718
06/05/2022 02:51:00.280 - oc_logger - INFO - Function evaluation number: 148, SI: 1, Sub-iteration number: 84, FoM: 0.006127552909380718
06/05/2022 02:51:00.412 - oc_logger - INFO - New record achieved. Previous FoM: 0.006127552909380718, new best FoM : 0.006051971391551336
06/05/2022 02:51:00.412 - oc_logger - INFO - Function evaluation number: 149, SI: 1, Sub-iteration number: 84, FoM: 0.006051971391551336
06/05/2022 02:51:00.540 - oc_logger - INFO - New record achieved. Previous FoM: 0.006051971391551336, new best FoM : 0.00603845398797398
06/05/2022 02:51:00.540 - oc_logger - INFO - Function evaluation number: 150, SI: 1, Sub-iteration number: 85, FoM: 0.00603845398797398
06/05/2022 02:51:00.673 - oc_logger - INFO - New record achieved. Previous FoM: 0.00603845398797398, new best FoM : 0.005977264620981582
06/05/2022 02:51:00.673 - oc_logger - INFO - Function evaluation number: 151, SI: 1, Sub-iteration number: 85, FoM: 0.005977264620981582
06/05/2022 02:51:00.810 - oc_logger - INFO - Function evaluation number: 152, SI: 1, Sub-iteration number: 86, FoM: 0.006246710514588472
06/05/2022 02:51:00.946 - oc_logger - INFO - Function evaluation number: 153, SI: 1, Sub-iteration number: 87, FoM: 0.005993191551956767
06/05/2022 02:51:01.079 - oc_logger - INFO - New record achieved. Previous FoM: 0.005977264620981582, new best FoM : 0.005902554114665115
06/05/2022 02:51:01.079 - oc_logger - INFO - Function evaluation number: 154, SI: 1, Sub-iteration number: 88, FoM: 0.005902554114665115
06/05/2022 02:51:01.208 - oc_logger - INFO - New record achieved. Previous FoM: 0.005902554114665115, new best FoM : 0.005846594816124595
06/05/2022 02:51:01.208 - oc_logger - INFO - Function evaluation number: 155, SI: 1, Sub-iteration number: 88, FoM: 0.005846594816124595
06/05/2022 02:51:01.343 - oc_logger - INFO - New record achieved. Previous FoM: 0.005846594816124595, new best FoM : 0.005815641655194659
06/05/2022 02:51:01.343 - oc_logger - INFO - Function evaluation number: 156, SI: 1, Sub-iteration number: 89, FoM: 0.005815641655194659
06/05/2022 02:51:01.476 - oc_logger - INFO - New record achieved. Previous FoM: 0.005815641655194659, new best FoM : 0.005776123267467237
06/05/2022 02:51:01.476 - oc_logger - INFO - Function evaluation number: 157, SI: 1, Sub-iteration number: 89, FoM: 0.005776123267467237
06/05/2022 02:51:01.604 - oc_logger - INFO - Function evaluation number: 158, SI: 1, Sub-iteration number: 90, FoM: 0.005792728443976047
06/05/2022 02:51:01.734 - oc_logger - INFO - Function evaluation number: 159, SI: 1, Sub-iteration number: 91, FoM: 0.005909132932494066
06/05/2022 02:51:01.861 - oc_logger - INFO - New record achieved. Previous FoM: 0.005776123267467237, new best FoM : 0.005617853413895646
06/05/2022 02:51:01.861 - oc_logger - INFO - Function evaluation number: 160, SI: 1, Sub-iteration number: 92, FoM: 0.005617853413895646
06/05/2022 02:51:01.989 - oc_logger - INFO - New record achieved. Previous FoM: 0.005617853413895646, new best FoM : 0.0055646354198992665
06/05/2022 02:51:01.989 - oc_logger - INFO - Function evaluation number: 161, SI: 1, Sub-iteration number: 92, FoM: 0.0055646354198992665
06/05/2022 02:51:02.111 - oc_logger - INFO - Function evaluation number: 162, SI: 1, Sub-iteration number: 93, FoM: 0.005571829218791069
06/05/2022 02:51:02.236 - oc_logger - INFO - Function evaluation number: 163, SI: 1, Sub-iteration number: 94, FoM: 0.005661700970862715
06/05/2022 02:51:02.372 - oc_logger - INFO - New record achieved. Previous FoM: 0.0055646354198992665, new best FoM : 0.005540843718469635
06/05/2022 02:51:02.372 - oc_logger - INFO - Function evaluation number: 164, SI: 1, Sub-iteration number: 95, FoM: 0.005540843718469635
06/05/2022 02:51:02.498 - oc_logger - INFO - New record achieved. Previous FoM: 0.005540843718469635, new best FoM : 0.005489568510033793
06/05/2022 02:51:02.498 - oc_logger - INFO - Function evaluation number: 165, SI: 1, Sub-iteration number: 95, FoM: 0.005489568510033793
06/05/2022 02:51:02.641 - oc_logger - INFO - New record achieved. Previous FoM: 0.005489568510033793, new best FoM : 0.005476315251464858
06/05/2022 02:51:02.641 - oc_logger - INFO - Function evaluation number: 166, SI: 1, Sub-iteration number: 96, FoM: 0.005476315251464858
06/05/2022 02:51:02.782 - oc_logger - INFO - New record achieved. Previous FoM: 0.005476315251464858, new best FoM : 0.0054227220182681
06/05/2022 02:51:02.782 - oc_logger - INFO - Function evaluation number: 167, SI: 1, Sub-iteration number: 96, FoM: 0.0054227220182681
06/05/2022 02:51:02.917 - oc_logger - INFO - New record achieved. Previous FoM: 0.0054227220182681, new best FoM : 0.005374941811244982
06/05/2022 02:51:02.918 - oc_logger - INFO - Function evaluation number: 168, SI: 1, Sub-iteration number: 97, FoM: 0.005374941811244982
06/05/2022 02:51:03.052 - oc_logger - INFO - New record achieved. Previous FoM: 0.005374941811244982, new best FoM : 0.005315000910065759
06/05/2022 02:51:03.052 - oc_logger - INFO - Function evaluation number: 169, SI: 1, Sub-iteration number: 97, FoM: 0.005315000910065759
06/05/2022 02:51:03.191 - oc_logger - INFO - Function evaluation number: 170, SI: 1, Sub-iteration number: 98, FoM: 0.005322079921970868
06/05/2022 02:51:03.321 - oc_logger - INFO - New record achieved. Previous FoM: 0.005315000910065759, new best FoM : 0.0052508363163426
06/05/2022 02:51:03.321 - oc_logger - INFO - Function evaluation number: 171, SI: 1, Sub-iteration number: 99, FoM: 0.0052508363163426
06/05/2022 02:51:03.457 - oc_logger - INFO - New record achieved. Previous FoM: 0.0052508363163426, new best FoM : 0.00518764732078103
06/05/2022 02:51:03.457 - oc_logger - INFO - Function evaluation number: 172, SI: 1, Sub-iteration number: 99, FoM: 0.00518764732078103
06/05/2022 02:51:03.593 - oc_logger - INFO - New record achieved. Previous FoM: 0.00518764732078103, new best FoM : 0.005109817342203948
06/05/2022 02:51:03.593 - oc_logger - INFO - Function evaluation number: 173, SI: 1, Sub-iteration number: 100, FoM: 0.005109817342203948
06/05/2022 02:51:03.729 - oc_logger - INFO - New record achieved. Previous FoM: 0.005109817342203948, new best FoM : 0.005031484716665702
06/05/2022 02:51:03.729 - oc_logger - INFO - Function evaluation number: 174, SI: 1, Sub-iteration number: 100, FoM: 0.005031484716665702
06/05/2022 02:51:03.866 - oc_logger - INFO - Function evaluation number: 175, SI: 1, Sub-iteration number: 101, FoM: 0.005088424545656167
06/05/2022 02:51:03.998 - oc_logger - INFO - Function evaluation number: 176, SI: 1, Sub-iteration number: 102, FoM: 0.005046581867515498
06/05/2022 02:51:04.125 - oc_logger - INFO - New record achieved. Previous FoM: 0.005031484716665702, new best FoM : 0.004961387208721302
06/05/2022 02:51:04.125 - oc_logger - INFO - Function evaluation number: 177, SI: 1, Sub-iteration number: 103, FoM: 0.004961387208721302
06/05/2022 02:51:04.246 - oc_logger - INFO - New record achieved. Previous FoM: 0.004961387208721302, new best FoM : 0.00492218807264444
06/05/2022 02:51:04.246 - oc_logger - INFO - Function evaluation number: 178, SI: 1, Sub-iteration number: 103, FoM: 0.00492218807264444
06/05/2022 02:51:04.365 - oc_logger - INFO - New record achieved. Previous FoM: 0.00492218807264444, new best FoM : 0.004871441190668624
06/05/2022 02:51:04.365 - oc_logger - INFO - Function evaluation number: 179, SI: 1, Sub-iteration number: 104, FoM: 0.004871441190668624
06/05/2022 02:51:04.490 - oc_logger - INFO - New record achieved. Previous FoM: 0.004871441190668624, new best FoM : 0.004813119988218428
06/05/2022 02:51:04.490 - oc_logger - INFO - Function evaluation number: 180, SI: 1, Sub-iteration number: 104, FoM: 0.004813119988218428
06/05/2022 02:51:04.615 - oc_logger - INFO - New record achieved. Previous FoM: 0.004813119988218428, new best FoM : 0.004774147074243396
06/05/2022 02:51:04.615 - oc_logger - INFO - Function evaluation number: 181, SI: 1, Sub-iteration number: 105, FoM: 0.004774147074243396
06/05/2022 02:51:04.741 - oc_logger - INFO - New record achieved. Previous FoM: 0.004774147074243396, new best FoM : 0.004733232644831387
06/05/2022 02:51:04.741 - oc_logger - INFO - Function evaluation number: 182, SI: 1, Sub-iteration number: 105, FoM: 0.004733232644831387
06/05/2022 02:51:04.875 - oc_logger - INFO - Function evaluation number: 183, SI: 1, Sub-iteration number: 106, FoM: 0.0047338904479934385
06/05/2022 02:51:05.001 - oc_logger - INFO - New record achieved. Previous FoM: 0.004733232644831387, new best FoM : 0.0047118689289326054
06/05/2022 02:51:05.002 - oc_logger - INFO - Function evaluation number: 184, SI: 1, Sub-iteration number: 107, FoM: 0.0047118689289326054
06/05/2022 02:51:05.126 - oc_logger - INFO - New record achieved. Previous FoM: 0.0047118689289326054, new best FoM : 0.004679337909412107
06/05/2022 02:51:05.126 - oc_logger - INFO - Function evaluation number: 185, SI: 1, Sub-iteration number: 107, FoM: 0.004679337909412107
06/05/2022 02:51:05.240 - oc_logger - INFO - New record achieved. Previous FoM: 0.004679337909412107, new best FoM : 0.004673105496844632
06/05/2022 02:51:05.240 - oc_logger - INFO - Function evaluation number: 186, SI: 1, Sub-iteration number: 108, FoM: 0.004673105496844632
06/05/2022 02:51:05.367 - oc_logger - INFO - New record achieved. Previous FoM: 0.004673105496844632, new best FoM : 0.004652067357348355
06/05/2022 02:51:05.367 - oc_logger - INFO - Function evaluation number: 187, SI: 1, Sub-iteration number: 108, FoM: 0.004652067357348355
06/05/2022 02:51:05.482 - oc_logger - INFO - New record achieved. Previous FoM: 0.004652067357348355, new best FoM : 0.004645187997029621
06/05/2022 02:51:05.482 - oc_logger - INFO - Function evaluation number: 188, SI: 1, Sub-iteration number: 109, FoM: 0.004645187997029621
06/05/2022 02:51:05.613 - oc_logger - INFO - New record achieved. Previous FoM: 0.004645187997029621, new best FoM : 0.0046131133202490515
06/05/2022 02:51:05.613 - oc_logger - INFO - Function evaluation number: 189, SI: 1, Sub-iteration number: 109, FoM: 0.0046131133202490515
06/05/2022 02:51:05.742 - oc_logger - INFO - New record achieved. Previous FoM: 0.0046131133202490515, new best FoM : 0.004564257764285706
06/05/2022 02:51:05.742 - oc_logger - INFO - Function evaluation number: 190, SI: 1, Sub-iteration number: 110, FoM: 0.004564257764285706
06/05/2022 02:51:05.868 - oc_logger - INFO - New record achieved. Previous FoM: 0.004564257764285706, new best FoM : 0.004540262973939724
06/05/2022 02:51:05.868 - oc_logger - INFO - Function evaluation number: 191, SI: 1, Sub-iteration number: 110, FoM: 0.004540262973939724
06/05/2022 02:51:06.002 - oc_logger - INFO - New record achieved. Previous FoM: 0.004540262973939724, new best FoM : 0.004516046784910022
06/05/2022 02:51:06.002 - oc_logger - INFO - Function evaluation number: 192, SI: 1, Sub-iteration number: 111, FoM: 0.004516046784910022
06/05/2022 02:51:06.123 - oc_logger - INFO - New record achieved. Previous FoM: 0.004516046784910022, new best FoM : 0.004484128550714006
06/05/2022 02:51:06.123 - oc_logger - INFO - Function evaluation number: 193, SI: 1, Sub-iteration number: 111, FoM: 0.004484128550714006
06/05/2022 02:51:06.254 - oc_logger - INFO - New record achieved. Previous FoM: 0.004484128550714006, new best FoM : 0.004413312795795821
06/05/2022 02:51:06.254 - oc_logger - INFO - Function evaluation number: 194, SI: 1, Sub-iteration number: 112, FoM: 0.004413312795795821
06/05/2022 02:51:06.388 - oc_logger - INFO - New record achieved. Previous FoM: 0.004413312795795821, new best FoM : 0.004373710013035548
06/05/2022 02:51:06.388 - oc_logger - INFO - Function evaluation number: 195, SI: 1, Sub-iteration number: 112, FoM: 0.004373710013035548
06/05/2022 02:51:06.513 - oc_logger - INFO - Function evaluation number: 196, SI: 1, Sub-iteration number: 113, FoM: 0.004423650547847879
06/05/2022 02:51:06.634 - oc_logger - INFO - Function evaluation number: 197, SI: 1, Sub-iteration number: 114, FoM: 0.004431661234209905
06/05/2022 02:51:06.750 - oc_logger - INFO - Function evaluation number: 198, SI: 1, Sub-iteration number: 115, FoM: 0.004455821986768971
06/05/2022 02:51:06.871 - oc_logger - INFO - Function evaluation number: 199, SI: 1, Sub-iteration number: 116, FoM: 0.004393958704189127
06/05/2022 02:51:07.001 - oc_logger - INFO - New record achieved. Previous FoM: 0.004373710013035548, new best FoM : 0.00429589767845695
06/05/2022 02:51:07.002 - oc_logger - INFO - Function evaluation number: 200, SI: 1, Sub-iteration number: 117, FoM: 0.00429589767845695
06/05/2022 02:51:07.131 - oc_logger - INFO - New record achieved. Previous FoM: 0.00429589767845695, new best FoM : 0.004273403445885893
06/05/2022 02:51:07.132 - oc_logger - INFO - Function evaluation number: 201, SI: 1, Sub-iteration number: 117, FoM: 0.004273403445885893
06/05/2022 02:51:07.258 - oc_logger - INFO - Function evaluation number: 202, SI: 1, Sub-iteration number: 118, FoM: 0.004376280999427218
06/05/2022 02:51:07.383 - oc_logger - INFO - Function evaluation number: 203, SI: 1, Sub-iteration number: 119, FoM: 0.004355450450977627
06/05/2022 02:51:07.515 - oc_logger - INFO - Function evaluation number: 204, SI: 1, Sub-iteration number: 120, FoM: 0.00429910042447923
06/05/2022 02:51:07.641 - oc_logger - INFO - Function evaluation number: 205, SI: 1, Sub-iteration number: 121, FoM: 0.004493068980742199
06/05/2022 02:51:07.769 - oc_logger - INFO - Function evaluation number: 206, SI: 1, Sub-iteration number: 121, FoM: 0.004424284992665339
06/05/2022 02:51:07.901 - oc_logger - INFO - Function evaluation number: 207, SI: 1, Sub-iteration number: 122, FoM: 0.004305776485692081
06/05/2022 02:51:08.033 - oc_logger - INFO - Function evaluation number: 208, SI: 1, Sub-iteration number: 123, FoM: 0.0044270097174198275
06/05/2022 02:51:08.158 - oc_logger - INFO - Function evaluation number: 209, SI: 1, Sub-iteration number: 123, FoM: 0.00440201312793298
06/05/2022 02:51:08.282 - oc_logger - INFO - Function evaluation number: 210, SI: 1, Sub-iteration number: 124, FoM: 0.00431604975496358
06/05/2022 02:51:08.416 - oc_logger - INFO - Function evaluation number: 211, SI: 1, Sub-iteration number: 125, FoM: 0.004395835514368063
06/05/2022 02:51:08.540 - oc_logger - INFO - Function evaluation number: 212, SI: 1, Sub-iteration number: 125, FoM: 0.004325504758945775
06/05/2022 02:51:08.674 - oc_logger - INFO - Function evaluation number: 213, SI: 1, Sub-iteration number: 126, FoM: 0.004321081877451061
06/05/2022 02:51:08.806 - oc_logger - INFO - New record achieved. Previous FoM: 0.004273403445885893, new best FoM : 0.004214918540064061
06/05/2022 02:51:08.806 - oc_logger - INFO - Function evaluation number: 214, SI: 1, Sub-iteration number: 127, FoM: 0.004214918540064061
06/05/2022 02:51:08.941 - oc_logger - INFO - New record achieved. Previous FoM: 0.004214918540064061, new best FoM : 0.00420381710384965
06/05/2022 02:51:08.942 - oc_logger - INFO - Function evaluation number: 215, SI: 1, Sub-iteration number: 127, FoM: 0.00420381710384965
06/05/2022 02:51:09.075 - oc_logger - INFO - Function evaluation number: 216, SI: 1, Sub-iteration number: 128, FoM: 0.004319462294977705
06/05/2022 02:51:09.210 - oc_logger - INFO - Function evaluation number: 217, SI: 1, Sub-iteration number: 129, FoM: 0.004217368554473078
06/05/2022 02:51:09.345 - oc_logger - INFO - Function evaluation number: 218, SI: 1, Sub-iteration number: 130, FoM: 0.004257085092696178
06/05/2022 02:51:09.468 - oc_logger - INFO - Function evaluation number: 219, SI: 1, Sub-iteration number: 131, FoM: 0.004305896703351797
06/05/2022 02:51:09.593 - oc_logger - INFO - Function evaluation number: 220, SI: 1, Sub-iteration number: 132, FoM: 0.004297747752692982
06/05/2022 02:51:09.723 - oc_logger - INFO - Function evaluation number: 221, SI: 1, Sub-iteration number: 133, FoM: 0.004219532393957448
06/05/2022 02:51:09.852 - oc_logger - INFO - New record achieved. Previous FoM: 0.00420381710384965, new best FoM : 0.004198899365303044
06/05/2022 02:51:09.852 - oc_logger - INFO - Function evaluation number: 222, SI: 1, Sub-iteration number: 134, FoM: 0.004198899365303044
06/05/2022 02:51:09.984 - oc_logger - INFO - Function evaluation number: 223, SI: 1, Sub-iteration number: 134, FoM: 0.004210769572889794
06/05/2022 02:51:10.118 - oc_logger - INFO - New record achieved. Previous FoM: 0.004198899365303044, new best FoM : 0.004176886105827227
06/05/2022 02:51:10.118 - oc_logger - INFO - Function evaluation number: 224, SI: 1, Sub-iteration number: 135, FoM: 0.004176886105827227
06/05/2022 02:51:10.246 - oc_logger - INFO - New record achieved. Previous FoM: 0.004176886105827227, new best FoM : 0.004163652790371453
06/05/2022 02:51:10.247 - oc_logger - INFO - Function evaluation number: 225, SI: 1, Sub-iteration number: 135, FoM: 0.004163652790371453
06/05/2022 02:51:10.384 - oc_logger - INFO - New record achieved. Previous FoM: 0.004163652790371453, new best FoM : 0.004147837583383662
06/05/2022 02:51:10.384 - oc_logger - INFO - Function evaluation number: 226, SI: 1, Sub-iteration number: 136, FoM: 0.004147837583383662
06/05/2022 02:51:10.517 - oc_logger - INFO - New record achieved. Previous FoM: 0.004147837583383662, new best FoM : 0.004146844710224529
06/05/2022 02:51:10.517 - oc_logger - INFO - Function evaluation number: 227, SI: 1, Sub-iteration number: 136, FoM: 0.004146844710224529
06/05/2022 02:51:10.652 - oc_logger - INFO - Function evaluation number: 228, SI: 1, Sub-iteration number: 137, FoM: 0.004185075347800771
06/05/2022 02:51:10.777 - oc_logger - INFO - New record achieved. Previous FoM: 0.004146844710224529, new best FoM : 0.004140208753128594
06/05/2022 02:51:10.777 - oc_logger - INFO - Function evaluation number: 229, SI: 1, Sub-iteration number: 138, FoM: 0.004140208753128594
06/05/2022 02:51:10.914 - oc_logger - INFO - New record achieved. Previous FoM: 0.004140208753128594, new best FoM : 0.004135122882993891
06/05/2022 02:51:10.914 - oc_logger - INFO - Function evaluation number: 230, SI: 1, Sub-iteration number: 138, FoM: 0.004135122882993891
06/05/2022 02:51:11.041 - oc_logger - INFO - New record achieved. Previous FoM: 0.004135122882993891, new best FoM : 0.0041134684408666855
06/05/2022 02:51:11.041 - oc_logger - INFO - Function evaluation number: 231, SI: 1, Sub-iteration number: 139, FoM: 0.0041134684408666855
06/05/2022 02:51:11.172 - oc_logger - INFO - Function evaluation number: 232, SI: 1, Sub-iteration number: 139, FoM: 0.004131797197282072
06/05/2022 02:51:11.303 - oc_logger - INFO - Function evaluation number: 233, SI: 1, Sub-iteration number: 140, FoM: 0.004265114207498977
06/05/2022 02:51:11.434 - oc_logger - INFO - Function evaluation number: 234, SI: 1, Sub-iteration number: 140, FoM: 0.004194750135646963
06/05/2022 02:51:11.556 - oc_logger - INFO - Function evaluation number: 235, SI: 1, Sub-iteration number: 141, FoM: 0.004177567590555098
06/05/2022 02:51:11.685 - oc_logger - INFO - New record achieved. Previous FoM: 0.0041134684408666855, new best FoM : 0.004082095754579407
06/05/2022 02:51:11.685 - oc_logger - INFO - Function evaluation number: 236, SI: 1, Sub-iteration number: 142, FoM: 0.004082095754579407
06/05/2022 02:51:11.819 - oc_logger - INFO - Function evaluation number: 237, SI: 1, Sub-iteration number: 142, FoM: 0.004082559873455516
06/05/2022 02:51:11.951 - oc_logger - INFO - New record achieved. Previous FoM: 0.004082095754579407, new best FoM : 0.004055748352579935
06/05/2022 02:51:11.951 - oc_logger - INFO - Function evaluation number: 238, SI: 1, Sub-iteration number: 143, FoM: 0.004055748352579935
06/05/2022 02:51:12.084 - oc_logger - INFO - New record achieved. Previous FoM: 0.004055748352579935, new best FoM : 0.004040383275855319
06/05/2022 02:51:12.084 - oc_logger - INFO - Function evaluation number: 239, SI: 1, Sub-iteration number: 143, FoM: 0.004040383275855319
06/05/2022 02:51:12.219 - oc_logger - INFO - Function evaluation number: 240, SI: 1, Sub-iteration number: 144, FoM: 0.004054340751639907
06/05/2022 02:51:12.350 - oc_logger - INFO - Function evaluation number: 241, SI: 1, Sub-iteration number: 145, FoM: 0.004195949055250114
06/05/2022 02:51:12.480 - oc_logger - INFO - Function evaluation number: 242, SI: 1, Sub-iteration number: 145, FoM: 0.004141990686826302
06/05/2022 02:51:12.610 - oc_logger - INFO - Function evaluation number: 243, SI: 1, Sub-iteration number: 146, FoM: 0.004092964896371454
06/05/2022 02:51:12.734 - oc_logger - INFO - Function evaluation number: 244, SI: 1, Sub-iteration number: 147, FoM: 0.004089598935777983
06/05/2022 02:51:12.862 - oc_logger - INFO - Function evaluation number: 245, SI: 1, Sub-iteration number: 148, FoM: 0.004065816285037327
06/05/2022 02:51:12.992 - oc_logger - INFO - New record achieved. Previous FoM: 0.004040383275855319, new best FoM : 0.003981514632045657
06/05/2022 02:51:12.993 - oc_logger - INFO - Function evaluation number: 246, SI: 1, Sub-iteration number: 149, FoM: 0.003981514632045657
06/05/2022 02:51:13.125 - oc_logger - INFO - New record achieved. Previous FoM: 0.003981514632045657, new best FoM : 0.003972354177171344
06/05/2022 02:51:13.126 - oc_logger - INFO - Function evaluation number: 247, SI: 1, Sub-iteration number: 149, FoM: 0.003972354177171344
06/05/2022 02:51:13.259 - oc_logger - INFO - Function evaluation number: 248, SI: 1, Sub-iteration number: 150, FoM: 0.004038246331634521
06/05/2022 02:51:13.386 - oc_logger - INFO - Function evaluation number: 249, SI: 1, Sub-iteration number: 151, FoM: 0.0040112112200834105
06/05/2022 02:51:13.503 - oc_logger - INFO - Function evaluation number: 250, SI: 1, Sub-iteration number: 152, FoM: 0.003994703518520937
06/05/2022 02:51:13.627 - oc_logger - INFO - Function evaluation number: 251, SI: 1, Sub-iteration number: 153, FoM: 0.0040350332474319295
06/05/2022 02:51:13.757 - oc_logger - INFO - New record achieved. Previous FoM: 0.003972354177171344, new best FoM : 0.003962799177021803
06/05/2022 02:51:13.757 - oc_logger - INFO - Function evaluation number: 252, SI: 1, Sub-iteration number: 154, FoM: 0.003962799177021803
06/05/2022 02:51:13.889 - oc_logger - INFO - New record achieved. Previous FoM: 0.003962799177021803, new best FoM : 0.003960934597002863
06/05/2022 02:51:13.889 - oc_logger - INFO - Function evaluation number: 253, SI: 1, Sub-iteration number: 154, FoM: 0.003960934597002863
06/05/2022 02:51:14.027 - oc_logger - INFO - Function evaluation number: 254, SI: 1, Sub-iteration number: 155, FoM: 0.004066137172541562
06/05/2022 02:51:14.151 - oc_logger - INFO - Function evaluation number: 255, SI: 1, Sub-iteration number: 155, FoM: 0.0040362643392519715
06/05/2022 02:51:14.293 - oc_logger - INFO - New record achieved. Previous FoM: 0.003960934597002863, new best FoM : 0.003939104123922399
06/05/2022 02:51:14.294 - oc_logger - INFO - Function evaluation number: 256, SI: 1, Sub-iteration number: 156, FoM: 0.003939104123922399
06/05/2022 02:51:14.431 - oc_logger - INFO - New record achieved. Previous FoM: 0.003939104123922399, new best FoM : 0.0039321821317745975
06/05/2022 02:51:14.431 - oc_logger - INFO - Function evaluation number: 257, SI: 1, Sub-iteration number: 156, FoM: 0.0039321821317745975
06/05/2022 02:51:14.566 - oc_logger - INFO - New record achieved. Previous FoM: 0.0039321821317745975, new best FoM : 0.003921017670288629
06/05/2022 02:51:14.566 - oc_logger - INFO - Function evaluation number: 258, SI: 1, Sub-iteration number: 157, FoM: 0.003921017670288629
06/05/2022 02:51:14.702 - oc_logger - INFO - New record achieved. Previous FoM: 0.003921017670288629, new best FoM : 0.003915210770339184
06/05/2022 02:51:14.702 - oc_logger - INFO - Function evaluation number: 259, SI: 1, Sub-iteration number: 157, FoM: 0.003915210770339184
06/05/2022 02:51:14.834 - oc_logger - INFO - Function evaluation number: 260, SI: 1, Sub-iteration number: 158, FoM: 0.0039656912008492196
06/05/2022 02:51:14.967 - oc_logger - INFO - Function evaluation number: 261, SI: 1, Sub-iteration number: 159, FoM: 0.003923817120767725
06/05/2022 02:51:15.085 - oc_logger - INFO - Function evaluation number: 262, SI: 1, Sub-iteration number: 160, FoM: 0.003943093945765863
06/05/2022 02:51:15.204 - oc_logger - INFO - Function evaluation number: 263, SI: 1, Sub-iteration number: 161, FoM: 0.0039261532670700205
06/05/2022 02:51:15.327 - oc_logger - INFO - New record achieved. Previous FoM: 0.003915210770339184, new best FoM : 0.003870946066911629
06/05/2022 02:51:15.327 - oc_logger - INFO - Function evaluation number: 264, SI: 1, Sub-iteration number: 162, FoM: 0.003870946066911629
06/05/2022 02:51:15.452 - oc_logger - INFO - New record achieved. Previous FoM: 0.003870946066911629, new best FoM : 0.0038644192875150196
06/05/2022 02:51:15.452 - oc_logger - INFO - Function evaluation number: 265, SI: 1, Sub-iteration number: 162, FoM: 0.0038644192875150196
06/05/2022 02:51:15.575 - oc_logger - INFO - New record achieved. Previous FoM: 0.0038644192875150196, new best FoM : 0.0038496757393757797
06/05/2022 02:51:15.575 - oc_logger - INFO - Function evaluation number: 266, SI: 1, Sub-iteration number: 163, FoM: 0.0038496757393757797
06/05/2022 02:51:15.708 - oc_logger - INFO - New record achieved. Previous FoM: 0.0038496757393757797, new best FoM : 0.003840689940468156
06/05/2022 02:51:15.708 - oc_logger - INFO - Function evaluation number: 267, SI: 1, Sub-iteration number: 163, FoM: 0.003840689940468156
06/05/2022 02:51:15.837 - oc_logger - INFO - Function evaluation number: 268, SI: 1, Sub-iteration number: 164, FoM: 0.003890023789771324
06/05/2022 02:51:15.964 - oc_logger - INFO - New record achieved. Previous FoM: 0.003840689940468156, new best FoM : 0.0038248625957966187
06/05/2022 02:51:15.964 - oc_logger - INFO - Function evaluation number: 269, SI: 1, Sub-iteration number: 165, FoM: 0.0038248625957966187
06/05/2022 02:51:16.093 - oc_logger - INFO - New record achieved. Previous FoM: 0.0038248625957966187, new best FoM : 0.0038174518869588114
06/05/2022 02:51:16.094 - oc_logger - INFO - Function evaluation number: 270, SI: 1, Sub-iteration number: 165, FoM: 0.0038174518869588114
06/05/2022 02:51:16.217 - oc_logger - INFO - Function evaluation number: 271, SI: 1, Sub-iteration number: 166, FoM: 0.003911434533829694
06/05/2022 02:51:16.351 - oc_logger - INFO - Function evaluation number: 272, SI: 1, Sub-iteration number: 167, FoM: 0.0038357927892747057
06/05/2022 02:51:16.481 - oc_logger - INFO - Function evaluation number: 273, SI: 1, Sub-iteration number: 168, FoM: 0.0038210908535172283
06/05/2022 02:51:16.602 - oc_logger - INFO - New record achieved. Previous FoM: 0.0038174518869588114, new best FoM : 0.0037803971739741593
06/05/2022 02:51:16.602 - oc_logger - INFO - Function evaluation number: 274, SI: 1, Sub-iteration number: 169, FoM: 0.0037803971739741593
06/05/2022 02:51:16.732 - oc_logger - INFO - New record achieved. Previous FoM: 0.0037803971739741593, new best FoM : 0.003767423882973353
06/05/2022 02:51:16.732 - oc_logger - INFO - Function evaluation number: 275, SI: 1, Sub-iteration number: 169, FoM: 0.003767423882973353
06/05/2022 02:51:16.865 - oc_logger - INFO - New record achieved. Previous FoM: 0.003767423882973353, new best FoM : 0.0037531877190267737
06/05/2022 02:51:16.865 - oc_logger - INFO - Function evaluation number: 276, SI: 1, Sub-iteration number: 170, FoM: 0.0037531877190267737
06/05/2022 02:51:16.998 - oc_logger - INFO - New record achieved. Previous FoM: 0.0037531877190267737, new best FoM : 0.003737041436548183
06/05/2022 02:51:16.998 - oc_logger - INFO - Function evaluation number: 277, SI: 1, Sub-iteration number: 170, FoM: 0.003737041436548183
06/05/2022 02:51:17.134 - oc_logger - INFO - Function evaluation number: 278, SI: 1, Sub-iteration number: 171, FoM: 0.0038291963635020965
06/05/2022 02:51:17.266 - oc_logger - INFO - Function evaluation number: 279, SI: 1, Sub-iteration number: 172, FoM: 0.003748890382711978
06/05/2022 02:51:17.392 - oc_logger - INFO - New record achieved. Previous FoM: 0.003737041436548183, new best FoM : 0.0037347830551713868
06/05/2022 02:51:17.392 - oc_logger - INFO - Function evaluation number: 280, SI: 1, Sub-iteration number: 173, FoM: 0.0037347830551713868
06/05/2022 02:51:17.528 - oc_logger - INFO - New record achieved. Previous FoM: 0.0037347830551713868, new best FoM : 0.0037252460578341973
06/05/2022 02:51:17.528 - oc_logger - INFO - Function evaluation number: 281, SI: 1, Sub-iteration number: 173, FoM: 0.0037252460578341973
06/05/2022 02:51:17.663 - oc_logger - INFO - New record achieved. Previous FoM: 0.0037252460578341973, new best FoM : 0.0037042533753125495
06/05/2022 02:51:17.664 - oc_logger - INFO - Function evaluation number: 282, SI: 1, Sub-iteration number: 174, FoM: 0.0037042533753125495
06/05/2022 02:51:17.787 - oc_logger - INFO - New record achieved. Previous FoM: 0.0037042533753125495, new best FoM : 0.0037023693784610234
06/05/2022 02:51:17.787 - oc_logger - INFO - Function evaluation number: 283, SI: 1, Sub-iteration number: 174, FoM: 0.0037023693784610234
06/05/2022 02:51:17.913 - oc_logger - INFO - Function evaluation number: 284, SI: 1, Sub-iteration number: 175, FoM: 0.003706986122649969
06/05/2022 02:51:18.034 - oc_logger - INFO - Function evaluation number: 285, SI: 1, Sub-iteration number: 176, FoM: 0.0037740571911165643
06/05/2022 02:51:18.158 - oc_logger - INFO - New record achieved. Previous FoM: 0.0037023693784610234, new best FoM : 0.003638685513300155
06/05/2022 02:51:18.158 - oc_logger - INFO - Function evaluation number: 286, SI: 1, Sub-iteration number: 177, FoM: 0.003638685513300155
06/05/2022 02:51:18.291 - oc_logger - INFO - New record achieved. Previous FoM: 0.003638685513300155, new best FoM : 0.003617425995780077
06/05/2022 02:51:18.291 - oc_logger - INFO - Function evaluation number: 287, SI: 1, Sub-iteration number: 177, FoM: 0.003617425995780077
06/05/2022 02:51:18.421 - oc_logger - INFO - New record achieved. Previous FoM: 0.003617425995780077, new best FoM : 0.003617014910300642
06/05/2022 02:51:18.421 - oc_logger - INFO - Function evaluation number: 288, SI: 1, Sub-iteration number: 178, FoM: 0.003617014910300642
06/05/2022 02:51:18.551 - oc_logger - INFO - New record achieved. Previous FoM: 0.003617014910300642, new best FoM : 0.003600867404420227
06/05/2022 02:51:18.551 - oc_logger - INFO - Function evaluation number: 289, SI: 1, Sub-iteration number: 178, FoM: 0.003600867404420227
06/05/2022 02:51:18.678 - oc_logger - INFO - Function evaluation number: 290, SI: 1, Sub-iteration number: 179, FoM: 0.0037169734329906
06/05/2022 02:51:18.801 - oc_logger - INFO - Function evaluation number: 291, SI: 1, Sub-iteration number: 180, FoM: 0.0036144570868910098
06/05/2022 02:51:18.918 - oc_logger - INFO - Function evaluation number: 292, SI: 1, Sub-iteration number: 181, FoM: 0.003628155810777689
06/05/2022 02:51:19.049 - oc_logger - INFO - Function evaluation number: 293, SI: 1, Sub-iteration number: 182, FoM: 0.0036163506051556382
06/05/2022 02:51:19.169 - oc_logger - INFO - Function evaluation number: 294, SI: 1, Sub-iteration number: 183, FoM: 0.003621312229576956
06/05/2022 02:51:19.295 - oc_logger - INFO - Function evaluation number: 295, SI: 1, Sub-iteration number: 184, FoM: 0.0036717926072367124
06/05/2022 02:51:19.416 - oc_logger - INFO - Function evaluation number: 296, SI: 1, Sub-iteration number: 185, FoM: 0.0036526039186763892
06/05/2022 02:51:19.542 - oc_logger - INFO - New record achieved. Previous FoM: 0.003600867404420227, new best FoM : 0.003549016608389466
06/05/2022 02:51:19.542 - oc_logger - INFO - Function evaluation number: 297, SI: 1, Sub-iteration number: 186, FoM: 0.003549016608389466
06/05/2022 02:51:19.671 - oc_logger - INFO - New record achieved. Previous FoM: 0.003549016608389466, new best FoM : 0.003538782991125644
06/05/2022 02:51:19.671 - oc_logger - INFO - Function evaluation number: 298, SI: 1, Sub-iteration number: 186, FoM: 0.003538782991125644
06/05/2022 02:51:19.799 - oc_logger - INFO - Function evaluation number: 299, SI: 1, Sub-iteration number: 187, FoM: 0.003609019787603862
06/05/2022 02:51:19.929 - oc_logger - INFO - Function evaluation number: 300, SI: 1, Sub-iteration number: 188, FoM: 0.003657776447579142
06/05/2022 02:51:20.051 - oc_logger - INFO - Function evaluation number: 301, SI: 1, Sub-iteration number: 188, FoM: 0.003596975298477245
06/05/2022 02:51:20.176 - oc_logger - INFO - Function evaluation number: 302, SI: 1, Sub-iteration number: 189, FoM: 0.003603598325649826
06/05/2022 02:51:20.306 - oc_logger - INFO - Function evaluation number: 303, SI: 1, Sub-iteration number: 190, FoM: 0.0035499355660998377
06/05/2022 02:51:20.434 - oc_logger - INFO - Function evaluation number: 304, SI: 1, Sub-iteration number: 191, FoM: 0.003550871085305829
06/05/2022 02:51:20.561 - oc_logger - INFO - Function evaluation number: 305, SI: 1, Sub-iteration number: 192, FoM: 0.0035494238207661732
06/05/2022 02:51:20.691 - oc_logger - INFO - Function evaluation number: 306, SI: 1, Sub-iteration number: 193, FoM: 0.0035457931173125123
06/05/2022 02:51:20.818 - oc_logger - INFO - Function evaluation number: 307, SI: 1, Sub-iteration number: 194, FoM: 0.003570808632837652
06/05/2022 02:51:20.943 - oc_logger - INFO - New record achieved. Previous FoM: 0.003538782991125644, new best FoM : 0.0035214290218777977
06/05/2022 02:51:20.943 - oc_logger - INFO - Function evaluation number: 308, SI: 1, Sub-iteration number: 195, FoM: 0.0035214290218777977
06/05/2022 02:51:21.072 - oc_logger - INFO - Function evaluation number: 309, SI: 1, Sub-iteration number: 195, FoM: 0.0035214660844410384
06/05/2022 02:51:21.203 - oc_logger - INFO - New record achieved. Previous FoM: 0.0035214290218777977, new best FoM : 0.0034964767550642595
06/05/2022 02:51:21.203 - oc_logger - INFO - Function evaluation number: 310, SI: 1, Sub-iteration number: 196, FoM: 0.0034964767550642595
06/05/2022 02:51:21.326 - oc_logger - INFO - New record achieved. Previous FoM: 0.0034964767550642595, new best FoM : 0.003485255143467314
06/05/2022 02:51:21.326 - oc_logger - INFO - Function evaluation number: 311, SI: 1, Sub-iteration number: 196, FoM: 0.003485255143467314
06/05/2022 02:51:21.453 - oc_logger - INFO - Function evaluation number: 312, SI: 1, Sub-iteration number: 197, FoM: 0.0034881951078223894
06/05/2022 02:51:21.581 - oc_logger - INFO - Function evaluation number: 313, SI: 1, Sub-iteration number: 198, FoM: 0.003511584782896149
06/05/2022 02:51:21.712 - oc_logger - INFO - Function evaluation number: 314, SI: 1, Sub-iteration number: 199, FoM: 0.0035020893726742663
06/05/2022 02:51:21.835 - oc_logger - INFO - New record achieved. Previous FoM: 0.003485255143467314, new best FoM : 0.003480042701562991
06/05/2022 02:51:21.835 - oc_logger - INFO - Function evaluation number: 315, SI: 1, Sub-iteration number: 200, FoM: 0.003480042701562991
06/05/2022 02:51:21.964 - oc_logger - INFO - New record achieved. Previous FoM: 0.003480042701562991, new best FoM : 0.0034728625278789282
06/05/2022 02:51:21.964 - oc_logger - INFO - Function evaluation number: 316, SI: 1, Sub-iteration number: 200, FoM: 0.0034728625278789282
06/05/2022 02:51:22.095 - oc_logger - INFO - Function evaluation number: 317, SI: 1, Sub-iteration number: 201, FoM: 0.0034746952173669854
06/05/2022 02:51:22.215 - oc_logger - INFO - New record achieved. Previous FoM: 0.0034728625278789282, new best FoM : 0.003461789610284205
06/05/2022 02:51:22.216 - oc_logger - INFO - Function evaluation number: 318, SI: 1, Sub-iteration number: 202, FoM: 0.003461789610284205
06/05/2022 02:51:22.341 - oc_logger - INFO - New record achieved. Previous FoM: 0.003461789610284205, new best FoM : 0.0034545401922991825
06/05/2022 02:51:22.341 - oc_logger - INFO - Function evaluation number: 319, SI: 1, Sub-iteration number: 202, FoM: 0.0034545401922991825
06/05/2022 02:51:22.462 - oc_logger - INFO - New record achieved. Previous FoM: 0.0034545401922991825, new best FoM : 0.0034244081029425333
06/05/2022 02:51:22.462 - oc_logger - INFO - Function evaluation number: 320, SI: 1, Sub-iteration number: 203, FoM: 0.0034244081029425333
06/05/2022 02:51:22.584 - oc_logger - INFO - New record achieved. Previous FoM: 0.0034244081029425333, new best FoM : 0.0034138592896092446
06/05/2022 02:51:22.584 - oc_logger - INFO - Function evaluation number: 321, SI: 1, Sub-iteration number: 203, FoM: 0.0034138592896092446
06/05/2022 02:51:22.715 - oc_logger - INFO - Function evaluation number: 322, SI: 1, Sub-iteration number: 204, FoM: 0.003416984605756568
06/05/2022 02:51:22.835 - oc_logger - INFO - Function evaluation number: 323, SI: 1, Sub-iteration number: 205, FoM: 0.003461103112902042
06/05/2022 02:51:22.961 - oc_logger - INFO - Function evaluation number: 324, SI: 1, Sub-iteration number: 206, FoM: 0.003435155375004828
06/05/2022 02:51:23.088 - oc_logger - INFO - Function evaluation number: 325, SI: 1, Sub-iteration number: 207, FoM: 0.0034604498336258116
06/05/2022 02:51:23.215 - oc_logger - INFO - New record achieved. Previous FoM: 0.0034138592896092446, new best FoM : 0.0034024365897165065
06/05/2022 02:51:23.216 - oc_logger - INFO - Function evaluation number: 326, SI: 1, Sub-iteration number: 208, FoM: 0.0034024365897165065
06/05/2022 02:51:23.341 - oc_logger - INFO - New record achieved. Previous FoM: 0.0034024365897165065, new best FoM : 0.0033945862397146698
06/05/2022 02:51:23.341 - oc_logger - INFO - Function evaluation number: 327, SI: 1, Sub-iteration number: 208, FoM: 0.0033945862397146698
06/05/2022 02:51:23.467 - oc_logger - INFO - Function evaluation number: 328, SI: 1, Sub-iteration number: 209, FoM: 0.003394805798551559
06/05/2022 02:51:23.591 - oc_logger - INFO - Function evaluation number: 329, SI: 1, Sub-iteration number: 210, FoM: 0.0034150056474913093
06/05/2022 02:51:23.723 - oc_logger - INFO - New record achieved. Previous FoM: 0.0033945862397146698, new best FoM : 0.0033845796425177044
06/05/2022 02:51:23.723 - oc_logger - INFO - Function evaluation number: 330, SI: 1, Sub-iteration number: 211, FoM: 0.0033845796425177044
06/05/2022 02:51:23.858 - oc_logger - INFO - Function evaluation number: 331, SI: 1, Sub-iteration number: 211, FoM: 0.003384607855389965
06/05/2022 02:51:23.987 - oc_logger - INFO - Function evaluation number: 332, SI: 1, Sub-iteration number: 212, FoM: 0.0033897039362390524
06/05/2022 02:51:24.120 - oc_logger - INFO - New record achieved. Previous FoM: 0.0033845796425177044, new best FoM : 0.0033489192313619354
06/05/2022 02:51:24.120 - oc_logger - INFO - Function evaluation number: 333, SI: 1, Sub-iteration number: 213, FoM: 0.0033489192313619354
06/05/2022 02:51:24.244 - oc_logger - INFO - New record achieved. Previous FoM: 0.0033489192313619354, new best FoM : 0.0033376018442402566
06/05/2022 02:51:24.244 - oc_logger - INFO - Function evaluation number: 334, SI: 1, Sub-iteration number: 213, FoM: 0.0033376018442402566
06/05/2022 02:51:24.372 - oc_logger - INFO - Function evaluation number: 335, SI: 1, Sub-iteration number: 214, FoM: 0.0033413723137841744
06/05/2022 02:51:24.489 - oc_logger - INFO - Function evaluation number: 336, SI: 1, Sub-iteration number: 215, FoM: 0.00335552829176311
06/05/2022 02:51:24.616 - oc_logger - INFO - Function evaluation number: 337, SI: 1, Sub-iteration number: 216, FoM: 0.0033653768212591473
06/05/2022 02:51:24.748 - oc_logger - INFO - New record achieved. Previous FoM: 0.0033376018442402566, new best FoM : 0.003320685329413875
06/05/2022 02:51:24.748 - oc_logger - INFO - Function evaluation number: 338, SI: 1, Sub-iteration number: 217, FoM: 0.003320685329413875
06/05/2022 02:51:24.877 - oc_logger - INFO - New record achieved. Previous FoM: 0.003320685329413875, new best FoM : 0.003311407005036404
06/05/2022 02:51:24.877 - oc_logger - INFO - Function evaluation number: 339, SI: 1, Sub-iteration number: 217, FoM: 0.003311407005036404
06/05/2022 02:51:25.007 - oc_logger - INFO - New record achieved. Previous FoM: 0.003311407005036404, new best FoM : 0.0033101019666407216
06/05/2022 02:51:25.008 - oc_logger - INFO - Function evaluation number: 340, SI: 1, Sub-iteration number: 218, FoM: 0.0033101019666407216
06/05/2022 02:51:25.135 - oc_logger - INFO - New record achieved. Previous FoM: 0.0033101019666407216, new best FoM : 0.003308572012452937
06/05/2022 02:51:25.135 - oc_logger - INFO - Function evaluation number: 341, SI: 1, Sub-iteration number: 218, FoM: 0.003308572012452937
06/05/2022 02:51:25.260 - oc_logger - INFO - New record achieved. Previous FoM: 0.003308572012452937, new best FoM : 0.0032904494769455672
06/05/2022 02:51:25.260 - oc_logger - INFO - Function evaluation number: 342, SI: 1, Sub-iteration number: 219, FoM: 0.0032904494769455672
06/05/2022 02:51:25.389 - oc_logger - INFO - New record achieved. Previous FoM: 0.0032904494769455672, new best FoM : 0.00328169356927821
06/05/2022 02:51:25.389 - oc_logger - INFO - Function evaluation number: 343, SI: 1, Sub-iteration number: 219, FoM: 0.00328169356927821
06/05/2022 02:51:25.514 - oc_logger - INFO - Function evaluation number: 344, SI: 1, Sub-iteration number: 220, FoM: 0.003304405769032237
06/05/2022 02:51:25.644 - oc_logger - INFO - New record achieved. Previous FoM: 0.00328169356927821, new best FoM : 0.0032569706099611073
06/05/2022 02:51:25.644 - oc_logger - INFO - Function evaluation number: 345, SI: 1, Sub-iteration number: 221, FoM: 0.0032569706099611073
06/05/2022 02:51:25.769 - oc_logger - INFO - New record achieved. Previous FoM: 0.0032569706099611073, new best FoM : 0.003244039804534471
06/05/2022 02:51:25.769 - oc_logger - INFO - Function evaluation number: 346, SI: 1, Sub-iteration number: 221, FoM: 0.003244039804534471
06/05/2022 02:51:25.900 - oc_logger - INFO - Function evaluation number: 347, SI: 1, Sub-iteration number: 222, FoM: 0.0033115573096557105
06/05/2022 02:51:26.028 - oc_logger - INFO - New record achieved. Previous FoM: 0.003244039804534471, new best FoM : 0.0032409406734063007
06/05/2022 02:51:26.029 - oc_logger - INFO - Function evaluation number: 348, SI: 1, Sub-iteration number: 223, FoM: 0.0032409406734063007
06/05/2022 02:51:26.159 - oc_logger - INFO - Function evaluation number: 349, SI: 1, Sub-iteration number: 223, FoM: 0.0032483239362625094
06/05/2022 02:51:26.287 - oc_logger - INFO - Function evaluation number: 350, SI: 1, Sub-iteration number: 224, FoM: 0.0032477395634081807
06/05/2022 02:51:26.403 - oc_logger - INFO - Function evaluation number: 351, SI: 1, Sub-iteration number: 225, FoM: 0.003250148152436849
06/05/2022 02:51:26.528 - oc_logger - INFO - Function evaluation number: 352, SI: 1, Sub-iteration number: 226, FoM: 0.0033131638839092314
06/05/2022 02:51:26.646 - oc_logger - INFO - Function evaluation number: 353, SI: 1, Sub-iteration number: 226, FoM: 0.0032892825266095382
06/05/2022 02:51:26.767 - oc_logger - INFO - Function evaluation number: 354, SI: 1, Sub-iteration number: 227, FoM: 0.0032931636090119953
06/05/2022 02:51:26.887 - oc_logger - INFO - Function evaluation number: 355, SI: 1, Sub-iteration number: 228, FoM: 0.0032498220103609476
06/05/2022 02:51:27.007 - oc_logger - INFO - New record achieved. Previous FoM: 0.0032409406734063007, new best FoM : 0.003217804843923977
06/05/2022 02:51:27.007 - oc_logger - INFO - Function evaluation number: 356, SI: 1, Sub-iteration number: 229, FoM: 0.003217804843923977
06/05/2022 02:51:27.141 - oc_logger - INFO - Function evaluation number: 357, SI: 1, Sub-iteration number: 229, FoM: 0.0032230803084516424
06/05/2022 02:51:27.272 - oc_logger - INFO - Function evaluation number: 358, SI: 1, Sub-iteration number: 230, FoM: 0.0032569638810949764
06/05/2022 02:51:27.400 - oc_logger - INFO - Function evaluation number: 359, SI: 1, Sub-iteration number: 231, FoM: 0.003244598811426469
06/05/2022 02:51:27.583 - oc_logger - INFO - New record achieved. Previous FoM: 0.003217804843923977, new best FoM : 0.003215671522595831
06/05/2022 02:51:27.583 - oc_logger - INFO - Function evaluation number: 360, SI: 1, Sub-iteration number: 232, FoM: 0.003215671522595831
06/05/2022 02:51:27.739 - oc_logger - INFO - Function evaluation number: 361, SI: 1, Sub-iteration number: 232, FoM: 0.003215671522595831
06/05/2022 02:51:27.857 - oc_logger - INFO - Function evaluation number: 362, SI: 1, Sub-iteration number: 233, FoM: 0.0032528323422647
06/05/2022 02:51:27.980 - oc_logger - INFO - Function evaluation number: 363, SI: 1, Sub-iteration number: 233, FoM: 0.0032337268314734935
06/05/2022 02:51:28.105 - oc_logger - INFO - Function evaluation number: 364, SI: 1, Sub-iteration number: 234, FoM: 0.0032350137908941923
06/05/2022 02:51:28.233 - oc_logger - INFO - Function evaluation number: 365, SI: 1, Sub-iteration number: 235, FoM: 0.0032727860697469024
06/05/2022 02:51:28.354 - oc_logger - INFO - Function evaluation number: 366, SI: 1, Sub-iteration number: 235, FoM: 0.0032353520602227404
06/05/2022 02:51:28.478 - oc_logger - INFO - Function evaluation number: 367, SI: 1, Sub-iteration number: 236, FoM: 0.0032512426024476904
06/05/2022 02:51:28.607 - oc_logger - INFO - Function evaluation number: 368, SI: 1, Sub-iteration number: 236, FoM: 0.0032303918538327814
06/05/2022 02:51:28.734 - oc_logger - INFO - Function evaluation number: 369, SI: 1, Sub-iteration number: 237, FoM: 0.003244012204410285
06/05/2022 02:51:28.863 - oc_logger - INFO - Function evaluation number: 370, SI: 1, Sub-iteration number: 238, FoM: 0.0032377834873803524
06/05/2022 02:51:28.990 - oc_logger - INFO - Function evaluation number: 371, SI: 1, Sub-iteration number: 239, FoM: 0.00323394668270649
06/05/2022 02:51:29.107 - oc_logger - INFO - Function evaluation number: 372, SI: 1, Sub-iteration number: 240, FoM: 0.003215671522595831
06/05/2022 02:51:29.231 - oc_logger - INFO - Function evaluation number: 373, SI: 1, Sub-iteration number: 241, FoM: 0.0032238471299996796
06/05/2022 02:51:29.352 - oc_logger - INFO - Function evaluation number: 374, SI: 1, Sub-iteration number: 242, FoM: 0.003219639273007391
06/05/2022 02:51:29.476 - oc_logger - INFO - Function evaluation number: 375, SI: 1, Sub-iteration number: 243, FoM: 0.003215671522595831
06/05/2022 02:51:29.606 - oc_logger - INFO - Function evaluation number: 376, SI: 1, Sub-iteration number: 244, FoM: 0.003229566611949952
06/05/2022 02:51:29.740 - oc_logger - INFO - Function evaluation number: 377, SI: 1, Sub-iteration number: 245, FoM: 0.003215671522595831
06/05/2022 02:51:29.864 - oc_logger - INFO - Function evaluation number: 378, SI: 1, Sub-iteration number: 246, FoM: 0.003215671522595831
06/05/2022 02:51:29.999 - oc_logger - INFO - Function evaluation number: 379, SI: 1, Sub-iteration number: 247, FoM: 0.0032385423396866786
06/05/2022 02:51:30.131 - oc_logger - INFO - Function evaluation number: 380, SI: 1, Sub-iteration number: 247, FoM: 0.0032179398544569526
06/05/2022 02:51:30.261 - oc_logger - INFO - Function evaluation number: 381, SI: 1, Sub-iteration number: 248, FoM: 0.003215671522595831
06/05/2022 02:51:30.395 - oc_logger - INFO - Function evaluation number: 382, SI: 1, Sub-iteration number: 249, FoM: 0.0032376804956013583
06/05/2022 02:51:30.525 - oc_logger - INFO - Function evaluation number: 383, SI: 1, Sub-iteration number: 249, FoM: 0.003215671522595831
06/05/2022 02:51:30.525 - oc_logger - INFO - SI 1 finished - Number of evaluations: 383, Best FoM: 0.003215671522595831, Terminate reason: Convergence of the FoM.

06/05/2022 02:51:30.525 - oc_logger - INFO - Direct search start time has been reset.
06/05/2022 02:51:30.659 - oc_logger - INFO - Function evaluation number: 384, SI: 2, Sub-iteration number: 0, FoM: 0.003215671522595831
06/05/2022 02:51:30.786 - oc_logger - INFO - Function evaluation number: 385, SI: 2, Sub-iteration number: 0, FoM: 0.003215671522595831
06/05/2022 02:51:30.920 - oc_logger - INFO - Function evaluation number: 386, SI: 2, Sub-iteration number: 0, FoM: 0.003215671522595831
06/05/2022 02:51:31.056 - oc_logger - INFO - Function evaluation number: 387, SI: 2, Sub-iteration number: 0, FoM: 0.003215671522595831
06/05/2022 02:51:31.189 - oc_logger - INFO - Function evaluation number: 388, SI: 2, Sub-iteration number: 0, FoM: 0.003215671522595831
06/05/2022 02:51:31.321 - oc_logger - INFO - Function evaluation number: 389, SI: 2, Sub-iteration number: 0, FoM: 0.003215671522595831
06/05/2022 02:51:31.455 - oc_logger - INFO - Function evaluation number: 390, SI: 2, Sub-iteration number: 0, FoM: 0.003215671522595831
06/05/2022 02:51:31.593 - oc_logger - INFO - Function evaluation number: 391, SI: 2, Sub-iteration number: 0, FoM: 0.003215671522595831
06/05/2022 02:51:31.723 - oc_logger - INFO - Function evaluation number: 392, SI: 2, Sub-iteration number: 0, FoM: 0.003215671522595831
06/05/2022 02:51:31.853 - oc_logger - INFO - Function evaluation number: 393, SI: 2, Sub-iteration number: 1, FoM: 0.003215671522595831
06/05/2022 02:51:31.980 - oc_logger - INFO - Function evaluation number: 394, SI: 2, Sub-iteration number: 1, FoM: 0.003215671522595831
06/05/2022 02:51:32.106 - oc_logger - INFO - Function evaluation number: 395, SI: 2, Sub-iteration number: 1, FoM: 0.003215671522595831
06/05/2022 02:51:32.236 - oc_logger - INFO - Function evaluation number: 396, SI: 2, Sub-iteration number: 1, FoM: 0.003215671522595831
06/05/2022 02:51:32.368 - oc_logger - INFO - Function evaluation number: 397, SI: 2, Sub-iteration number: 1, FoM: 0.003215671522595831
06/05/2022 02:51:32.500 - oc_logger - INFO - Function evaluation number: 398, SI: 2, Sub-iteration number: 1, FoM: 0.003215671522595831
06/05/2022 02:51:32.625 - oc_logger - INFO - Function evaluation number: 399, SI: 2, Sub-iteration number: 1, FoM: 0.003215671522595831
06/05/2022 02:51:32.761 - oc_logger - INFO - Function evaluation number: 400, SI: 2, Sub-iteration number: 1, FoM: 0.003215671522595831
06/05/2022 02:51:32.888 - oc_logger - INFO - Function evaluation number: 401, SI: 2, Sub-iteration number: 1, FoM: 0.003215671522595831
06/05/2022 02:51:33.019 - oc_logger - INFO - Function evaluation number: 402, SI: 2, Sub-iteration number: 1, FoM: 0.003215671522595831
06/05/2022 02:51:33.019 - oc_logger - INFO - SI 2 finished - Number of evaluations: 19, Best FoM: 0.003215671522595831, Terminate reason: Convergence of the FoM.

06/05/2022 02:51:33.019 - oc_logger - INFO - Direct search start time has been reset.
06/05/2022 02:51:33.153 - oc_logger - INFO - Function evaluation number: 403, SI: 3, Sub-iteration number: 0, FoM: 0.003215671522595831
06/05/2022 02:51:33.275 - oc_logger - INFO - Function evaluation number: 404, SI: 3, Sub-iteration number: 0, FoM: 0.003215671522595831
06/05/2022 02:51:33.406 - oc_logger - INFO - Function evaluation number: 405, SI: 3, Sub-iteration number: 0, FoM: 0.003215671522595831
06/05/2022 02:51:33.535 - oc_logger - INFO - Function evaluation number: 406, SI: 3, Sub-iteration number: 0, FoM: 0.003215671522595831
06/05/2022 02:51:33.662 - oc_logger - INFO - Function evaluation number: 407, SI: 3, Sub-iteration number: 0, FoM: 0.003215671522595831
06/05/2022 02:51:33.797 - oc_logger - INFO - Function evaluation number: 408, SI: 3, Sub-iteration number: 0, FoM: 0.003215671522595831
06/05/2022 02:51:33.930 - oc_logger - INFO - Function evaluation number: 409, SI: 3, Sub-iteration number: 0, FoM: 0.003215671522595831
06/05/2022 02:51:34.058 - oc_logger - INFO - Function evaluation number: 410, SI: 3, Sub-iteration number: 0, FoM: 0.003215671522595831
06/05/2022 02:51:34.180 - oc_logger - INFO - Function evaluation number: 411, SI: 3, Sub-iteration number: 0, FoM: 0.003215671522595831
06/05/2022 02:51:34.303 - oc_logger - INFO - Function evaluation number: 412, SI: 3, Sub-iteration number: 1, FoM: 0.003215671522595831
06/05/2022 02:51:34.430 - oc_logger - INFO - Function evaluation number: 413, SI: 3, Sub-iteration number: 1, FoM: 0.003215671522595831
06/05/2022 02:51:34.554 - oc_logger - INFO - Function evaluation number: 414, SI: 3, Sub-iteration number: 1, FoM: 0.003215671522595831
06/05/2022 02:51:34.679 - oc_logger - INFO - Function evaluation number: 415, SI: 3, Sub-iteration number: 1, FoM: 0.003215671522595831
06/05/2022 02:51:34.805 - oc_logger - INFO - Function evaluation number: 416, SI: 3, Sub-iteration number: 1, FoM: 0.003215671522595831
06/05/2022 02:51:34.937 - oc_logger - INFO - Function evaluation number: 417, SI: 3, Sub-iteration number: 1, FoM: 0.003215671522595831
06/05/2022 02:51:35.058 - oc_logger - INFO - Function evaluation number: 418, SI: 3, Sub-iteration number: 1, FoM: 0.003215671522595831
06/05/2022 02:51:35.186 - oc_logger - INFO - Function evaluation number: 419, SI: 3, Sub-iteration number: 1, FoM: 0.003215671522595831
06/05/2022 02:51:35.310 - oc_logger - INFO - Function evaluation number: 420, SI: 3, Sub-iteration number: 1, FoM: 0.003215671522595831
06/05/2022 02:51:35.439 - oc_logger - INFO - Function evaluation number: 421, SI: 3, Sub-iteration number: 1, FoM: 0.003215671522595831
06/05/2022 02:51:35.439 - oc_logger - INFO - SI 3 finished - Number of evaluations: 19, Best FoM: 0.003215671522595831, Terminate reason: Convergence of the FoM.

06/05/2022 02:51:35.439 - oc_logger - INFO - Figure of merit : 0.003215671522595831
06/05/2022 02:51:35.440 - oc_logger - INFO - Std : 0.0
06/05/2022 02:51:35.440 - oc_logger - INFO - total number of function evaluations : 421
06/05/2022 02:51:35.440 - oc_logger - INFO - dcrab_freq_list : [array([[ 2.38854962,  7.21349696,  9.73821896, 14.41921223]]), array([[ 1.53323088,  6.41814041,  9.89858365, 12.59238319]]), array([[ 1.76586813,  6.96067679,  7.67197586, 11.35707564]])]
06/05/2022 02:51:35.440 - oc_logger - INFO - dcrab_para_list : [array([-240.03643602, -118.36604377,  164.06746053, -195.15655753,
         66.61556845,  180.53293916,  -51.64137028,   87.19590736]), array([0., 0., 0., 0., 0., 0., 0., 0.]), array([0., 0., 0., 0., 0., 0., 0., 0.])]
06/05/2022 02:51:35.440 - oc_logger - INFO - terminate_reason : Convergence of the FoM.
