06/08/2022 10:54:42.460 - oc_logger - INFO - The optimization direction is minimization
06/08/2022 10:54:42.460 - oc_logger - INFO - QuOCS version number: 0.0.22
06/08/2022 10:54:43.104 - oc_logger - INFO - Function evaluation number: 1, FoM: 0.7546517695374654
06/08/2022 10:54:43.469 - oc_logger - INFO - Function evaluation number: 2, FoM: 0.7403955154224682
06/08/2022 10:54:43.968 - oc_logger - INFO - Function evaluation number: 3, FoM: 0.7393191685108527
06/08/2022 10:54:44.377 - oc_logger - INFO - Function evaluation number: 4, FoM: 0.7212898282200239
06/08/2022 10:54:44.741 - oc_logger - INFO - Function evaluation number: 5, FoM: 0.699264667365308
06/08/2022 10:54:45.071 - oc_logger - INFO - Function evaluation number: 6, FoM: 0.6964526610439195
06/08/2022 10:54:45.470 - oc_logger - INFO - Function evaluation number: 7, FoM: 0.6677660379125857
06/08/2022 10:54:45.798 - oc_logger - INFO - Function evaluation number: 8, FoM: 0.6107345228677892
06/08/2022 10:54:46.120 - oc_logger - INFO - Function evaluation number: 9, FoM: 0.5280473516425769
06/08/2022 10:54:46.450 - oc_logger - INFO - Function evaluation number: 10, FoM: 0.483773512234265
06/08/2022 10:54:46.821 - oc_logger - INFO - Function evaluation number: 11, FoM: 0.3789730415507422
06/08/2022 10:54:47.144 - oc_logger - INFO - Function evaluation number: 12, FoM: 0.31623640415598975
06/08/2022 10:54:47.478 - oc_logger - INFO - Function evaluation number: 13, FoM: 0.39567866759680925
06/08/2022 10:54:47.814 - oc_logger - INFO - Function evaluation number: 14, FoM: 0.3451613541068931
06/08/2022 10:54:48.204 - oc_logger - INFO - Function evaluation number: 15, FoM: 0.4645048474172203
06/08/2022 10:54:48.539 - oc_logger - INFO - Function evaluation number: 16, FoM: 0.3195154130433968
06/08/2022 10:54:48.876 - oc_logger - INFO - Function evaluation number: 17, FoM: 0.4214662111696318
06/08/2022 10:54:49.239 - oc_logger - INFO - Function evaluation number: 18, FoM: 0.3133702437649939
06/08/2022 10:54:49.590 - oc_logger - INFO - Function evaluation number: 19, FoM: 0.32575713641679604
06/08/2022 10:54:49.973 - oc_logger - INFO - Function evaluation number: 20, FoM: 0.31294653356363966
06/08/2022 10:54:50.306 - oc_logger - INFO - Function evaluation number: 21, FoM: 0.31053062251383023
06/08/2022 10:54:50.673 - oc_logger - INFO - Function evaluation number: 22, FoM: 0.3173309249979682
06/08/2022 10:54:50.674 - oc_logger - INFO - Figure of merit : 0.31053062251383023
06/08/2022 10:54:50.674 - oc_logger - INFO - parameters : [6.97583575 1.56213019]
06/08/2022 10:54:50.674 - oc_logger - INFO - terminate_reason : Convergence of the FoM.
