06/07/2022 06:37:28.982 - oc_logger - INFO - The optimization direction is minimization
06/07/2022 06:37:28.983 - oc_logger - INFO - QuOCS version number: 0.0.22
06/07/2022 06:37:29.030 - oc_logger - INFO - Function evaluation number: 1, FoM: 0.2146784277073126
06/07/2022 06:37:29.046 - oc_logger - INFO - Function evaluation number: 2, FoM: 0.2383110507707802
06/07/2022 06:37:29.053 - oc_logger - INFO - Function evaluation number: 3, FoM: 0.2247469731714018
06/07/2022 06:37:29.062 - oc_logger - INFO - Function evaluation number: 4, FoM: 0.19579615298489772
06/07/2022 06:37:29.070 - oc_logger - INFO - Function evaluation number: 5, FoM: 0.15953647407026028
06/07/2022 06:37:29.078 - oc_logger - INFO - Function evaluation number: 6, FoM: 0.13623478958983837
06/07/2022 06:37:29.086 - oc_logger - INFO - Function evaluation number: 7, FoM: 0.05904244054560581
06/07/2022 06:37:29.094 - oc_logger - INFO - Function evaluation number: 8, FoM: 0.030394725627167274
06/07/2022 06:37:29.102 - oc_logger - INFO - Function evaluation number: 9, FoM: 0.2064291157607271
06/07/2022 06:37:29.111 - oc_logger - INFO - Function evaluation number: 10, FoM: 0.18871099824505733
06/07/2022 06:37:29.119 - oc_logger - INFO - Function evaluation number: 11, FoM: 0.09834046281888309
06/07/2022 06:37:29.127 - oc_logger - INFO - Function evaluation number: 12, FoM: 0.0798619376204589
06/07/2022 06:37:29.135 - oc_logger - INFO - Function evaluation number: 13, FoM: 0.02951859337299456
06/07/2022 06:37:29.143 - oc_logger - INFO - Function evaluation number: 14, FoM: 0.12977474613133555
06/07/2022 06:37:29.152 - oc_logger - INFO - Function evaluation number: 15, FoM: 0.017108798012738013
06/07/2022 06:37:29.161 - oc_logger - INFO - Function evaluation number: 16, FoM: 0.011396053315418264
06/07/2022 06:37:29.168 - oc_logger - INFO - Function evaluation number: 17, FoM: 0.02006080718112524
06/07/2022 06:37:29.177 - oc_logger - INFO - Function evaluation number: 18, FoM: 0.055373327410777495
06/07/2022 06:37:29.185 - oc_logger - INFO - Function evaluation number: 19, FoM: 0.006628748214845714
06/07/2022 06:37:29.193 - oc_logger - INFO - Function evaluation number: 20, FoM: 0.014543373053684139
06/07/2022 06:37:29.201 - oc_logger - INFO - Function evaluation number: 21, FoM: 0.005359532423693469
06/07/2022 06:37:29.211 - oc_logger - INFO - Function evaluation number: 22, FoM: 0.02413747718763537
06/07/2022 06:37:29.218 - oc_logger - INFO - Function evaluation number: 23, FoM: 0.0031455134519753347
06/07/2022 06:37:29.228 - oc_logger - INFO - Function evaluation number: 24, FoM: 0.0014451485873918646
06/07/2022 06:37:29.238 - oc_logger - INFO - Function evaluation number: 25, FoM: 0.0007552560274584064
06/07/2022 06:37:29.247 - oc_logger - INFO - Function evaluation number: 26, FoM: 0.010349281720728465
06/07/2022 06:37:29.256 - oc_logger - INFO - Function evaluation number: 27, FoM: 0.0005277499636111571
06/07/2022 06:37:29.266 - oc_logger - INFO - Function evaluation number: 28, FoM: 0.007138777949658226
06/07/2022 06:37:29.274 - oc_logger - INFO - Function evaluation number: 29, FoM: 0.002805097848899818
06/07/2022 06:37:29.283 - oc_logger - INFO - Function evaluation number: 30, FoM: 0.0023044111509056275
06/07/2022 06:37:29.292 - oc_logger - INFO - Function evaluation number: 31, FoM: 0.0004624148296383801
06/07/2022 06:37:29.302 - oc_logger - INFO - Function evaluation number: 32, FoM: 0.003644297593054957
06/07/2022 06:37:29.312 - oc_logger - INFO - Function evaluation number: 33, FoM: 0.0007265945824252995
06/07/2022 06:37:29.322 - oc_logger - INFO - Function evaluation number: 34, FoM: 0.0014920009458753158
06/07/2022 06:37:29.331 - oc_logger - INFO - Function evaluation number: 35, FoM: 0.00043877697662497717
06/07/2022 06:37:29.340 - oc_logger - INFO - Function evaluation number: 36, FoM: 0.0022217085062185005
06/07/2022 06:37:29.349 - oc_logger - INFO - Function evaluation number: 37, FoM: 9.21056287968014e-05
06/07/2022 06:37:29.356 - oc_logger - INFO - Function evaluation number: 38, FoM: 0.0003891807120046664
06/07/2022 06:37:29.366 - oc_logger - INFO - Function evaluation number: 39, FoM: 0.0005645702653681584
06/07/2022 06:37:29.373 - oc_logger - INFO - Function evaluation number: 40, FoM: 0.000444296376716391
06/07/2022 06:37:29.381 - oc_logger - INFO - Function evaluation number: 41, FoM: 0.0002775771442453667
06/07/2022 06:37:29.389 - oc_logger - INFO - Function evaluation number: 42, FoM: 0.00030439980824414903
06/07/2022 06:37:29.397 - oc_logger - INFO - Function evaluation number: 43, FoM: 8.70757435964542e-05
06/07/2022 06:37:29.406 - oc_logger - INFO - Function evaluation number: 44, FoM: 0.0005370987483385159
06/07/2022 06:37:29.414 - oc_logger - INFO - Function evaluation number: 45, FoM: 0.00019747248412638196
06/07/2022 06:37:29.422 - oc_logger - INFO - Function evaluation number: 46, FoM: 7.867705275654835e-05
06/07/2022 06:37:29.431 - oc_logger - INFO - Function evaluation number: 47, FoM: 0.000408279615688123
06/07/2022 06:37:29.440 - oc_logger - INFO - Function evaluation number: 48, FoM: 3.049831512846879e-05
06/07/2022 06:37:29.449 - oc_logger - INFO - Function evaluation number: 49, FoM: 5.4606792929456915e-05
06/07/2022 06:37:29.460 - oc_logger - INFO - Function evaluation number: 50, FoM: 3.0637269996081073e-05
06/07/2022 06:37:29.470 - oc_logger - INFO - Function evaluation number: 51, FoM: 0.00013482113539531326
06/07/2022 06:37:29.477 - oc_logger - INFO - Function evaluation number: 52, FoM: 3.342621691659886e-06
06/07/2022 06:37:29.487 - oc_logger - INFO - Function evaluation number: 53, FoM: 4.4884735995176506e-05
06/07/2022 06:37:29.498 - oc_logger - INFO - Function evaluation number: 54, FoM: 3.194777470993948e-05
06/07/2022 06:37:29.506 - oc_logger - INFO - Function evaluation number: 55, FoM: 1.9769697875204884e-05
06/07/2022 06:37:29.516 - oc_logger - INFO - Function evaluation number: 56, FoM: 1.5475550896093537e-05
06/07/2022 06:37:29.518 - oc_logger - INFO - Figure of merit : 3.342621691659886e-06
06/07/2022 06:37:29.519 - oc_logger - INFO - parameters : [3.75115014 4.29909108]
06/07/2022 06:37:29.520 - oc_logger - INFO - terminate_reason : Convergence of the simplex.
