06/07/2022 07:14:42.764 - oc_logger - INFO - The optimization direction is minimization
06/07/2022 07:14:42.764 - oc_logger - INFO - QuOCS version number: 0.0.22
06/07/2022 07:14:42.827 - oc_logger - INFO - Function evaluation number: 1, FoM: 0.6312499524784072
06/07/2022 07:14:42.846 - oc_logger - INFO - Function evaluation number: 2, FoM: 0.6050620016114001
06/07/2022 07:14:42.858 - oc_logger - INFO - Function evaluation number: 3, FoM: 0.6292227428913059
06/07/2022 07:14:42.870 - oc_logger - INFO - Function evaluation number: 4, FoM: 0.6020126702720296
06/07/2022 07:14:42.880 - oc_logger - INFO - Function evaluation number: 5, FoM: 0.5848506429611364
06/07/2022 07:14:42.891 - oc_logger - INFO - Function evaluation number: 6, FoM: 0.5551182534874586
06/07/2022 07:14:42.904 - oc_logger - INFO - Function evaluation number: 7, FoM: 0.5107315586139858
06/07/2022 07:14:42.914 - oc_logger - INFO - Function evaluation number: 8, FoM: 0.4840693046305613
06/07/2022 07:14:42.926 - oc_logger - INFO - Function evaluation number: 9, FoM: 0.4173490449568221
06/07/2022 07:14:42.938 - oc_logger - INFO - Function evaluation number: 10, FoM: 0.3470531755210836
06/07/2022 07:14:42.947 - oc_logger - INFO - Function evaluation number: 11, FoM: 0.2822525808757531
06/07/2022 07:14:42.958 - oc_logger - INFO - Function evaluation number: 12, FoM: 0.28839842025569173
06/07/2022 07:14:42.969 - oc_logger - INFO - Function evaluation number: 13, FoM: 0.44102705168125955
06/07/2022 07:14:42.980 - oc_logger - INFO - Function evaluation number: 14, FoM: 0.3144953571509337
06/07/2022 07:14:42.992 - oc_logger - INFO - Function evaluation number: 15, FoM: 0.32847438913516624
06/07/2022 07:14:43.003 - oc_logger - INFO - Function evaluation number: 16, FoM: 0.28632863564129396
06/07/2022 07:14:43.016 - oc_logger - INFO - Function evaluation number: 17, FoM: 0.3351423361540511
06/07/2022 07:14:43.027 - oc_logger - INFO - Function evaluation number: 18, FoM: 0.2788442544807528
06/07/2022 07:14:43.038 - oc_logger - INFO - Function evaluation number: 19, FoM: 0.2797291850352349
06/07/2022 07:14:43.052 - oc_logger - INFO - Function evaluation number: 20, FoM: 0.2908071402318789
06/07/2022 07:14:43.064 - oc_logger - INFO - Function evaluation number: 21, FoM: 0.2788460094548366
06/07/2022 07:14:43.067 - oc_logger - INFO - Figure of merit : 0.2788442544807528
06/07/2022 07:14:43.069 - oc_logger - INFO - parameters : [6.4008983  3.76792836]
06/07/2022 07:14:43.069 - oc_logger - INFO - terminate_reason : Convergence of the FoM.
