06/08/2022 07:03:57.239 - oc_logger - INFO - The optimization direction is minimization
06/08/2022 07:03:57.239 - oc_logger - INFO - QuOCS version number: 0.0.22
06/08/2022 07:03:57.276 - oc_logger - INFO - Function evaluation number: 1, FoM: 0.6360197177307646
06/08/2022 07:03:57.285 - oc_logger - INFO - Function evaluation number: 2, FoM: 0.5970412007669335
06/08/2022 07:03:57.292 - oc_logger - INFO - Function evaluation number: 3, FoM: 0.629226879192073
06/08/2022 07:03:57.296 - oc_logger - INFO - Function evaluation number: 4, FoM: 0.5875218639656137
06/08/2022 07:03:57.301 - oc_logger - INFO - Function evaluation number: 5, FoM: 0.5570047923620094
06/08/2022 07:03:57.306 - oc_logger - INFO - Function evaluation number: 6, FoM: 0.5121152097064625
06/08/2022 07:03:57.311 - oc_logger - INFO - Function evaluation number: 7, FoM: 0.4349400314078683
06/08/2022 07:03:57.315 - oc_logger - INFO - Function evaluation number: 8, FoM: 0.37678836117862335
06/08/2022 07:03:57.321 - oc_logger - INFO - Function evaluation number: 9, FoM: 0.2435150698167362
06/08/2022 07:03:57.331 - oc_logger - INFO - Function evaluation number: 10, FoM: 0.10673544696996895
06/08/2022 07:03:57.337 - oc_logger - INFO - Function evaluation number: 11, FoM: 0.05003252464474617
06/08/2022 07:03:57.342 - oc_logger - INFO - Function evaluation number: 12, FoM: 0.07160944429093519
06/08/2022 07:03:57.346 - oc_logger - INFO - Function evaluation number: 13, FoM: 0.16231963926978898
06/08/2022 07:03:57.352 - oc_logger - INFO - Function evaluation number: 14, FoM: 0.021763171762517297
06/08/2022 07:03:57.358 - oc_logger - INFO - Function evaluation number: 15, FoM: 0.07667123489121841
06/08/2022 07:03:57.362 - oc_logger - INFO - Function evaluation number: 16, FoM: 0.07359296738464316
06/08/2022 07:03:57.369 - oc_logger - INFO - Function evaluation number: 17, FoM: 0.07509748595812216
06/08/2022 07:03:57.374 - oc_logger - INFO - Function evaluation number: 18, FoM: 0.05338169768799661
06/08/2022 07:03:57.379 - oc_logger - INFO - Function evaluation number: 19, FoM: 0.04082211666970903
06/08/2022 07:03:57.382 - oc_logger - INFO - Function evaluation number: 20, FoM: 0.09797394303415241
06/08/2022 07:03:57.388 - oc_logger - INFO - Function evaluation number: 21, FoM: 0.0275594444181555
06/08/2022 07:03:57.396 - oc_logger - INFO - Function evaluation number: 22, FoM: 0.06487830576700859
06/08/2022 07:03:57.402 - oc_logger - INFO - Function evaluation number: 23, FoM: 0.005187744562979546
06/08/2022 07:03:57.408 - oc_logger - INFO - Function evaluation number: 24, FoM: 0.012444972723541836
06/08/2022 07:03:57.414 - oc_logger - INFO - Function evaluation number: 25, FoM: 0.044992715092717295
06/08/2022 07:03:57.421 - oc_logger - INFO - Function evaluation number: 26, FoM: 0.007241595131033618
06/08/2022 07:03:57.428 - oc_logger - INFO - Function evaluation number: 27, FoM: 0.013716689727819364
06/08/2022 07:03:57.433 - oc_logger - INFO - Function evaluation number: 28, FoM: 0.005529565295691374
06/08/2022 07:03:57.440 - oc_logger - INFO - Function evaluation number: 29, FoM: 0.01886334656921096
06/08/2022 07:03:57.445 - oc_logger - INFO - Function evaluation number: 30, FoM: 0.001057599467794157
06/08/2022 07:03:57.451 - oc_logger - INFO - Function evaluation number: 31, FoM: 0.0013854503841521648
06/08/2022 07:03:57.456 - oc_logger - INFO - Function evaluation number: 32, FoM: 0.007400188165917365
06/08/2022 07:03:57.461 - oc_logger - INFO - Function evaluation number: 33, FoM: 0.0019541206927951027
06/08/2022 07:03:57.467 - oc_logger - INFO - Function evaluation number: 34, FoM: 0.004340476487355138
06/08/2022 07:03:57.474 - oc_logger - INFO - Function evaluation number: 35, FoM: 0.00035877047661481143
06/08/2022 07:03:57.485 - oc_logger - INFO - Function evaluation number: 36, FoM: 0.0006920855297871675
06/08/2022 07:03:57.490 - oc_logger - INFO - Function evaluation number: 37, FoM: 0.002121571809816203
06/08/2022 07:03:57.496 - oc_logger - INFO - Function evaluation number: 38, FoM: 0.00026821073235661075
06/08/2022 07:03:57.501 - oc_logger - INFO - Function evaluation number: 39, FoM: 0.0005975166256344533
06/08/2022 07:03:57.509 - oc_logger - INFO - Function evaluation number: 40, FoM: 0.00027694237206432604
06/08/2022 07:03:57.514 - oc_logger - INFO - Function evaluation number: 41, FoM: 0.0009018982526503017
06/08/2022 07:03:57.522 - oc_logger - INFO - Function evaluation number: 42, FoM: 4.2677660832102227e-05
06/08/2022 07:03:57.527 - oc_logger - INFO - Function evaluation number: 43, FoM: 5.203169828194021e-05
06/08/2022 07:03:57.533 - oc_logger - INFO - Function evaluation number: 44, FoM: 0.000363092896115802
06/08/2022 07:03:57.540 - oc_logger - INFO - Function evaluation number: 45, FoM: 0.00011061601532880161
06/08/2022 07:03:57.549 - oc_logger - INFO - Function evaluation number: 46, FoM: 0.00020503584319675472
06/08/2022 07:03:57.559 - oc_logger - INFO - Function evaluation number: 47, FoM: 3.176084545808422e-05
06/08/2022 07:03:57.564 - oc_logger - INFO - Function evaluation number: 48, FoM: 4.029375678227254e-05
06/08/2022 07:03:57.570 - oc_logger - INFO - Function evaluation number: 49, FoM: 0.00011513744917279745
06/08/2022 07:03:57.574 - oc_logger - INFO - Function evaluation number: 50, FoM: 3.209424100369951e-06
06/08/2022 07:03:57.579 - oc_logger - INFO - Function evaluation number: 51, FoM: 1.2596557836697109e-05
06/08/2022 07:03:57.583 - oc_logger - INFO - Function evaluation number: 52, FoM: 4.713285794277766e-05
06/08/2022 07:03:57.588 - oc_logger - INFO - Function evaluation number: 53, FoM: 1.2041031910436928e-05
06/08/2022 07:03:57.595 - oc_logger - INFO - Function evaluation number: 54, FoM: 2.0557361948503328e-05
06/08/2022 07:03:57.600 - oc_logger - INFO - Function evaluation number: 55, FoM: 3.938187027707762e-06
06/08/2022 07:03:57.606 - oc_logger - INFO - Function evaluation number: 56, FoM: 1.908367243708131e-05
06/08/2022 07:03:57.611 - oc_logger - INFO - Function evaluation number: 57, FoM: 4.285980494733721e-06
06/08/2022 07:03:57.617 - oc_logger - INFO - Function evaluation number: 58, FoM: 1.127636935494003e-05
06/08/2022 07:03:57.623 - oc_logger - INFO - Function evaluation number: 59, FoM: 4.0192434558328216e-07
06/08/2022 07:03:57.627 - oc_logger - INFO - Function evaluation number: 60, FoM: 8.359587515549549e-07
06/08/2022 07:03:57.632 - oc_logger - INFO - Function evaluation number: 61, FoM: 4.617630118275429e-06
06/08/2022 07:03:57.636 - oc_logger - INFO - Function evaluation number: 62, FoM: 1.2510271659715855e-06
06/08/2022 07:03:57.644 - oc_logger - INFO - Function evaluation number: 63, FoM: 2.6624999067692556e-06
06/08/2022 07:03:57.649 - oc_logger - INFO - Function evaluation number: 64, FoM: 2.722370555652276e-07
06/08/2022 07:03:57.654 - oc_logger - INFO - Function evaluation number: 65, FoM: 1.0419357836521925e-06
06/08/2022 07:03:57.658 - oc_logger - INFO - Function evaluation number: 66, FoM: 5.100477840080941e-07
06/08/2022 07:03:57.662 - oc_logger - INFO - Function evaluation number: 67, FoM: 4.2891877871653605e-07
06/08/2022 07:03:57.667 - oc_logger - INFO - Function evaluation number: 68, FoM: 1.5829008293000157e-07
06/08/2022 07:03:57.673 - oc_logger - INFO - Function evaluation number: 69, FoM: 8.595718077319958e-07
06/08/2022 07:03:57.690 - oc_logger - INFO - Function evaluation number: 70, FoM: 1.0967977703835174e-07
06/08/2022 07:03:57.698 - oc_logger - INFO - Function evaluation number: 71, FoM: 1.0834932306913458e-07
06/08/2022 07:03:57.706 - oc_logger - INFO - Function evaluation number: 72, FoM: 1.24323918049285e-07
06/08/2022 07:03:57.712 - oc_logger - INFO - Function evaluation number: 73, FoM: 3.954551903717629e-07
06/08/2022 07:03:57.717 - oc_logger - INFO - Function evaluation number: 74, FoM: 1.407236227546349e-08
06/08/2022 07:03:57.722 - oc_logger - INFO - Function evaluation number: 75, FoM: 6.142677166920407e-08
06/08/2022 07:03:57.729 - oc_logger - INFO - Function evaluation number: 76, FoM: 1.5315232138046753e-07
06/08/2022 07:03:57.734 - oc_logger - INFO - Function evaluation number: 77, FoM: 4.44191119441939e-08
06/08/2022 07:03:57.746 - oc_logger - INFO - Function evaluation number: 78, FoM: 3.4209501231785566e-08
06/08/2022 07:03:57.752 - oc_logger - INFO - Figure of merit : 1.407236227546349e-08
06/08/2022 07:03:57.754 - oc_logger - INFO - parameters : [7.15270891 3.366129  ]
06/08/2022 07:03:57.754 - oc_logger - INFO - terminate_reason : Convergence of the simplex.
