17/06/2022 20:03:07.134 - oc_logger - INFO - The optimization direction is minimization
17/06/2022 20:03:07.140 - oc_logger - INFO - QuOCS version number: 0.0.27
17/06/2022 20:03:07.140 - oc_logger - INFO - Direct search start time has been reset.
17/06/2022 20:03:07.523 - oc_logger - INFO - New record achieved. Previous FoM: 10000000000.0, new best FoM : 0.9674566088432687
17/06/2022 20:03:07.523 - oc_logger - INFO - Function evaluation number: 1, SI: 1, Sub-iteration number: 0, FoM: 0.9674566088432687
17/06/2022 20:03:07.914 - oc_logger - INFO - New record achieved. Previous FoM: 0.9674566088432687, new best FoM : 0.9641750841221652
17/06/2022 20:03:07.917 - oc_logger - INFO - Function evaluation number: 2, SI: 1, Sub-iteration number: 0, FoM: 0.9641750841221652
17/06/2022 20:03:08.316 - oc_logger - INFO - Function evaluation number: 3, SI: 1, Sub-iteration number: 0, FoM: 0.9666690414195583
17/06/2022 20:03:08.817 - oc_logger - INFO - New record achieved. Previous FoM: 0.9641750841221652, new best FoM : 0.9550329523213569
17/06/2022 20:03:08.817 - oc_logger - INFO - Function evaluation number: 4, SI: 1, Sub-iteration number: 0, FoM: 0.9550329523213569
17/06/2022 20:03:09.444 - oc_logger - INFO - Function evaluation number: 5, SI: 1, Sub-iteration number: 0, FoM: 0.9640803209624703
17/06/2022 20:03:09.803 - oc_logger - INFO - Function evaluation number: 6, SI: 1, Sub-iteration number: 0, FoM: 0.9555013380653736
17/06/2022 20:03:10.275 - oc_logger - INFO - Function evaluation number: 7, SI: 1, Sub-iteration number: 0, FoM: 0.9666897778793712
17/06/2022 20:03:10.765 - oc_logger - INFO - Function evaluation number: 8, SI: 1, Sub-iteration number: 0, FoM: 0.9672336696456534
17/06/2022 20:03:11.253 - oc_logger - INFO - Function evaluation number: 9, SI: 1, Sub-iteration number: 0, FoM: 0.9686900982653494
17/06/2022 20:03:11.727 - oc_logger - INFO - New record achieved. Previous FoM: 0.9550329523213569, new best FoM : 0.9468605641007456
17/06/2022 20:03:11.727 - oc_logger - INFO - Function evaluation number: 10, SI: 1, Sub-iteration number: 1, FoM: 0.9468605641007456
17/06/2022 20:03:12.214 - oc_logger - INFO - New record achieved. Previous FoM: 0.9468605641007456, new best FoM : 0.9405865761997382
17/06/2022 20:03:12.214 - oc_logger - INFO - Function evaluation number: 11, SI: 1, Sub-iteration number: 1, FoM: 0.9405865761997382
17/06/2022 20:03:12.665 - oc_logger - INFO - Function evaluation number: 12, SI: 1, Sub-iteration number: 2, FoM: 0.9515128158260787
17/06/2022 20:03:13.046 - oc_logger - INFO - Function evaluation number: 13, SI: 1, Sub-iteration number: 3, FoM: 0.9453540131228674
17/06/2022 20:03:13.447 - oc_logger - INFO - New record achieved. Previous FoM: 0.9405865761997382, new best FoM : 0.9394246436961263
17/06/2022 20:03:13.447 - oc_logger - INFO - Function evaluation number: 14, SI: 1, Sub-iteration number: 4, FoM: 0.9394246436961263
17/06/2022 20:03:13.840 - oc_logger - INFO - New record achieved. Previous FoM: 0.9394246436961263, new best FoM : 0.933928161834961
17/06/2022 20:03:13.840 - oc_logger - INFO - Function evaluation number: 15, SI: 1, Sub-iteration number: 4, FoM: 0.933928161834961
17/06/2022 20:03:14.234 - oc_logger - INFO - New record achieved. Previous FoM: 0.933928161834961, new best FoM : 0.9281532529373454
17/06/2022 20:03:14.234 - oc_logger - INFO - Function evaluation number: 16, SI: 1, Sub-iteration number: 5, FoM: 0.9281532529373454
17/06/2022 20:03:14.609 - oc_logger - INFO - New record achieved. Previous FoM: 0.9281532529373454, new best FoM : 0.9204174847024185
17/06/2022 20:03:14.609 - oc_logger - INFO - Function evaluation number: 17, SI: 1, Sub-iteration number: 5, FoM: 0.9204174847024185
17/06/2022 20:03:15.001 - oc_logger - INFO - Function evaluation number: 18, SI: 1, Sub-iteration number: 6, FoM: 0.920820546378261
17/06/2022 20:03:15.393 - oc_logger - INFO - New record achieved. Previous FoM: 0.9204174847024185, new best FoM : 0.9023438909091621
17/06/2022 20:03:15.393 - oc_logger - INFO - Function evaluation number: 19, SI: 1, Sub-iteration number: 7, FoM: 0.9023438909091621
17/06/2022 20:03:15.753 - oc_logger - INFO - New record achieved. Previous FoM: 0.9023438909091621, new best FoM : 0.8900133185145194
17/06/2022 20:03:15.753 - oc_logger - INFO - Function evaluation number: 20, SI: 1, Sub-iteration number: 7, FoM: 0.8900133185145194
17/06/2022 20:03:16.152 - oc_logger - INFO - Function evaluation number: 21, SI: 1, Sub-iteration number: 8, FoM: 0.9043824137902978
17/06/2022 20:03:16.551 - oc_logger - INFO - New record achieved. Previous FoM: 0.8900133185145194, new best FoM : 0.8877037049878316
17/06/2022 20:03:16.551 - oc_logger - INFO - Function evaluation number: 22, SI: 1, Sub-iteration number: 9, FoM: 0.8877037049878316
17/06/2022 20:03:16.959 - oc_logger - INFO - New record achieved. Previous FoM: 0.8877037049878316, new best FoM : 0.8757849210541243
17/06/2022 20:03:16.959 - oc_logger - INFO - Function evaluation number: 23, SI: 1, Sub-iteration number: 9, FoM: 0.8757849210541243
17/06/2022 20:03:17.313 - oc_logger - INFO - New record achieved. Previous FoM: 0.8757849210541243, new best FoM : 0.8700373687071898
17/06/2022 20:03:17.313 - oc_logger - INFO - Function evaluation number: 24, SI: 1, Sub-iteration number: 10, FoM: 0.8700373687071898
17/06/2022 20:03:17.676 - oc_logger - INFO - New record achieved. Previous FoM: 0.8700373687071898, new best FoM : 0.8557000624855029
17/06/2022 20:03:17.676 - oc_logger - INFO - Function evaluation number: 25, SI: 1, Sub-iteration number: 10, FoM: 0.8557000624855029
17/06/2022 20:03:18.069 - oc_logger - INFO - New record achieved. Previous FoM: 0.8557000624855029, new best FoM : 0.8545717634576201
17/06/2022 20:03:18.069 - oc_logger - INFO - Function evaluation number: 26, SI: 1, Sub-iteration number: 11, FoM: 0.8545717634576201
17/06/2022 20:03:18.416 - oc_logger - INFO - New record achieved. Previous FoM: 0.8545717634576201, new best FoM : 0.839118872854826
17/06/2022 20:03:18.416 - oc_logger - INFO - Function evaluation number: 27, SI: 1, Sub-iteration number: 11, FoM: 0.839118872854826
17/06/2022 20:03:18.805 - oc_logger - INFO - New record achieved. Previous FoM: 0.839118872854826, new best FoM : 0.831500969749198
17/06/2022 20:03:18.805 - oc_logger - INFO - Function evaluation number: 28, SI: 1, Sub-iteration number: 12, FoM: 0.831500969749198
17/06/2022 20:03:19.204 - oc_logger - INFO - New record achieved. Previous FoM: 0.831500969749198, new best FoM : 0.8130941653363943
17/06/2022 20:03:19.204 - oc_logger - INFO - Function evaluation number: 29, SI: 1, Sub-iteration number: 12, FoM: 0.8130941653363943
17/06/2022 20:03:19.604 - oc_logger - INFO - New record achieved. Previous FoM: 0.8130941653363943, new best FoM : 0.8092315927392384
17/06/2022 20:03:19.604 - oc_logger - INFO - Function evaluation number: 30, SI: 1, Sub-iteration number: 13, FoM: 0.8092315927392384
17/06/2022 20:03:20.002 - oc_logger - INFO - New record achieved. Previous FoM: 0.8092315927392384, new best FoM : 0.7893036280529044
17/06/2022 20:03:20.002 - oc_logger - INFO - Function evaluation number: 31, SI: 1, Sub-iteration number: 13, FoM: 0.7893036280529044
17/06/2022 20:03:20.367 - oc_logger - INFO - Function evaluation number: 32, SI: 1, Sub-iteration number: 14, FoM: 0.7907479680279599
17/06/2022 20:03:20.756 - oc_logger - INFO - New record achieved. Previous FoM: 0.7893036280529044, new best FoM : 0.7496411335294451
17/06/2022 20:03:20.756 - oc_logger - INFO - Function evaluation number: 33, SI: 1, Sub-iteration number: 15, FoM: 0.7496411335294451
17/06/2022 20:03:21.134 - oc_logger - INFO - New record achieved. Previous FoM: 0.7496411335294451, new best FoM : 0.7222694758703637
17/06/2022 20:03:21.134 - oc_logger - INFO - Function evaluation number: 34, SI: 1, Sub-iteration number: 15, FoM: 0.7222694758703637
17/06/2022 20:03:21.501 - oc_logger - INFO - Function evaluation number: 35, SI: 1, Sub-iteration number: 16, FoM: 0.7233333289109434
17/06/2022 20:03:21.896 - oc_logger - INFO - New record achieved. Previous FoM: 0.7222694758703637, new best FoM : 0.6983541795337946
17/06/2022 20:03:21.896 - oc_logger - INFO - Function evaluation number: 36, SI: 1, Sub-iteration number: 17, FoM: 0.6983541795337946
17/06/2022 20:03:22.290 - oc_logger - INFO - New record achieved. Previous FoM: 0.6983541795337946, new best FoM : 0.670048911470889
17/06/2022 20:03:22.290 - oc_logger - INFO - Function evaluation number: 37, SI: 1, Sub-iteration number: 17, FoM: 0.670048911470889
17/06/2022 20:03:22.688 - oc_logger - INFO - New record achieved. Previous FoM: 0.670048911470889, new best FoM : 0.6589001581588304
17/06/2022 20:03:22.688 - oc_logger - INFO - Function evaluation number: 38, SI: 1, Sub-iteration number: 18, FoM: 0.6589001581588304
17/06/2022 20:03:23.083 - oc_logger - INFO - New record achieved. Previous FoM: 0.6589001581588304, new best FoM : 0.6269963585946015
17/06/2022 20:03:23.083 - oc_logger - INFO - Function evaluation number: 39, SI: 1, Sub-iteration number: 18, FoM: 0.6269963585946015
17/06/2022 20:03:23.478 - oc_logger - INFO - New record achieved. Previous FoM: 0.6269963585946015, new best FoM : 0.6243868128810937
17/06/2022 20:03:23.478 - oc_logger - INFO - Function evaluation number: 40, SI: 1, Sub-iteration number: 19, FoM: 0.6243868128810937
17/06/2022 20:03:23.887 - oc_logger - INFO - New record achieved. Previous FoM: 0.6243868128810937, new best FoM : 0.5914777953008514
17/06/2022 20:03:23.887 - oc_logger - INFO - Function evaluation number: 41, SI: 1, Sub-iteration number: 19, FoM: 0.5914777953008514
17/06/2022 20:03:24.292 - oc_logger - INFO - New record achieved. Previous FoM: 0.5914777953008514, new best FoM : 0.579467783998171
17/06/2022 20:03:24.292 - oc_logger - INFO - Function evaluation number: 42, SI: 1, Sub-iteration number: 20, FoM: 0.579467783998171
17/06/2022 20:03:24.688 - oc_logger - INFO - New record achieved. Previous FoM: 0.579467783998171, new best FoM : 0.5437403014896607
17/06/2022 20:03:24.688 - oc_logger - INFO - Function evaluation number: 43, SI: 1, Sub-iteration number: 20, FoM: 0.5437403014896607
17/06/2022 20:03:25.087 - oc_logger - INFO - New record achieved. Previous FoM: 0.5437403014896607, new best FoM : 0.5416969569397325
17/06/2022 20:03:25.087 - oc_logger - INFO - Function evaluation number: 44, SI: 1, Sub-iteration number: 21, FoM: 0.5416969569397325
17/06/2022 20:03:25.484 - oc_logger - INFO - New record achieved. Previous FoM: 0.5416969569397325, new best FoM : 0.5056940370031273
17/06/2022 20:03:25.484 - oc_logger - INFO - Function evaluation number: 45, SI: 1, Sub-iteration number: 21, FoM: 0.5056940370031273
17/06/2022 20:03:25.851 - oc_logger - INFO - New record achieved. Previous FoM: 0.5056940370031273, new best FoM : 0.49720539173711753
17/06/2022 20:03:25.851 - oc_logger - INFO - Function evaluation number: 46, SI: 1, Sub-iteration number: 22, FoM: 0.49720539173711753
17/06/2022 20:03:26.246 - oc_logger - INFO - New record achieved. Previous FoM: 0.49720539173711753, new best FoM : 0.46057013644675926
17/06/2022 20:03:26.246 - oc_logger - INFO - Function evaluation number: 47, SI: 1, Sub-iteration number: 22, FoM: 0.46057013644675926
17/06/2022 20:03:26.641 - oc_logger - INFO - New record achieved. Previous FoM: 0.46057013644675926, new best FoM : 0.4082294706710332
17/06/2022 20:03:26.641 - oc_logger - INFO - Function evaluation number: 48, SI: 1, Sub-iteration number: 23, FoM: 0.4082294706710332
17/06/2022 20:03:27.036 - oc_logger - INFO - New record achieved. Previous FoM: 0.4082294706710332, new best FoM : 0.3606539887636393
17/06/2022 20:03:27.036 - oc_logger - INFO - Function evaluation number: 49, SI: 1, Sub-iteration number: 23, FoM: 0.3606539887636393
17/06/2022 20:03:27.432 - oc_logger - INFO - Function evaluation number: 50, SI: 1, Sub-iteration number: 24, FoM: 0.39485804775161326
17/06/2022 20:03:27.824 - oc_logger - INFO - New record achieved. Previous FoM: 0.3606539887636393, new best FoM : 0.33084132728472204
17/06/2022 20:03:27.825 - oc_logger - INFO - Function evaluation number: 51, SI: 1, Sub-iteration number: 25, FoM: 0.33084132728472204
17/06/2022 20:03:28.218 - oc_logger - INFO - New record achieved. Previous FoM: 0.33084132728472204, new best FoM : 0.2924586687914108
17/06/2022 20:03:28.218 - oc_logger - INFO - Function evaluation number: 52, SI: 1, Sub-iteration number: 25, FoM: 0.2924586687914108
17/06/2022 20:03:28.611 - oc_logger - INFO - New record achieved. Previous FoM: 0.2924586687914108, new best FoM : 0.27796900987034523
17/06/2022 20:03:28.611 - oc_logger - INFO - Function evaluation number: 53, SI: 1, Sub-iteration number: 26, FoM: 0.27796900987034523
17/06/2022 20:03:29.015 - oc_logger - INFO - New record achieved. Previous FoM: 0.27796900987034523, new best FoM : 0.236520002270884
17/06/2022 20:03:29.015 - oc_logger - INFO - Function evaluation number: 54, SI: 1, Sub-iteration number: 26, FoM: 0.236520002270884
17/06/2022 20:03:29.411 - oc_logger - INFO - Function evaluation number: 55, SI: 1, Sub-iteration number: 27, FoM: 0.23919130808720113
17/06/2022 20:03:29.805 - oc_logger - INFO - New record achieved. Previous FoM: 0.236520002270884, new best FoM : 0.19789269503455753
17/06/2022 20:03:29.805 - oc_logger - INFO - Function evaluation number: 56, SI: 1, Sub-iteration number: 28, FoM: 0.19789269503455753
17/06/2022 20:03:30.207 - oc_logger - INFO - New record achieved. Previous FoM: 0.19789269503455753, new best FoM : 0.1663637434525994
17/06/2022 20:03:30.208 - oc_logger - INFO - Function evaluation number: 57, SI: 1, Sub-iteration number: 28, FoM: 0.1663637434525994
17/06/2022 20:03:30.606 - oc_logger - INFO - New record achieved. Previous FoM: 0.1663637434525994, new best FoM : 0.15494710093841235
17/06/2022 20:03:30.606 - oc_logger - INFO - Function evaluation number: 58, SI: 1, Sub-iteration number: 29, FoM: 0.15494710093841235
17/06/2022 20:03:31.003 - oc_logger - INFO - New record achieved. Previous FoM: 0.15494710093841235, new best FoM : 0.12633644238264374
17/06/2022 20:03:31.003 - oc_logger - INFO - Function evaluation number: 59, SI: 1, Sub-iteration number: 29, FoM: 0.12633644238264374
17/06/2022 20:03:31.398 - oc_logger - INFO - New record achieved. Previous FoM: 0.12633644238264374, new best FoM : 0.11494588361691671
17/06/2022 20:03:31.398 - oc_logger - INFO - Function evaluation number: 60, SI: 1, Sub-iteration number: 30, FoM: 0.11494588361691671
17/06/2022 20:03:31.796 - oc_logger - INFO - New record achieved. Previous FoM: 0.11494588361691671, new best FoM : 0.09291366837078141
17/06/2022 20:03:31.797 - oc_logger - INFO - Function evaluation number: 61, SI: 1, Sub-iteration number: 30, FoM: 0.09291366837078141
17/06/2022 20:03:32.191 - oc_logger - INFO - New record achieved. Previous FoM: 0.09291366837078141, new best FoM : 0.07078095361098735
17/06/2022 20:03:32.192 - oc_logger - INFO - Function evaluation number: 62, SI: 1, Sub-iteration number: 31, FoM: 0.07078095361098735
17/06/2022 20:03:32.590 - oc_logger - INFO - New record achieved. Previous FoM: 0.07078095361098735, new best FoM : 0.051517910654058086
17/06/2022 20:03:32.590 - oc_logger - INFO - Function evaluation number: 63, SI: 1, Sub-iteration number: 31, FoM: 0.051517910654058086
17/06/2022 20:03:32.983 - oc_logger - INFO - Function evaluation number: 64, SI: 1, Sub-iteration number: 32, FoM: 0.07085418428047308
17/06/2022 20:03:33.447 - oc_logger - INFO - Function evaluation number: 65, SI: 1, Sub-iteration number: 33, FoM: 0.11893849844768933
17/06/2022 20:03:34.112 - oc_logger - INFO - New record achieved. Previous FoM: 0.051517910654058086, new best FoM : 0.044799747378794996
17/06/2022 20:03:34.113 - oc_logger - INFO - Function evaluation number: 66, SI: 1, Sub-iteration number: 34, FoM: 0.044799747378794996
17/06/2022 20:03:34.805 - oc_logger - INFO - Function evaluation number: 67, SI: 1, Sub-iteration number: 34, FoM: 0.046637145152185866
17/06/2022 20:03:35.384 - oc_logger - INFO - Function evaluation number: 68, SI: 1, Sub-iteration number: 35, FoM: 0.06814084662852138
17/06/2022 20:03:36.064 - oc_logger - INFO - Function evaluation number: 69, SI: 1, Sub-iteration number: 36, FoM: 0.14587516039917614
17/06/2022 20:03:36.733 - oc_logger - INFO - Function evaluation number: 70, SI: 1, Sub-iteration number: 37, FoM: 0.1193054236764689
17/06/2022 20:03:37.148 - oc_logger - INFO - Function evaluation number: 71, SI: 1, Sub-iteration number: 38, FoM: 0.1310679178879145
17/06/2022 20:03:37.547 - oc_logger - INFO - Function evaluation number: 72, SI: 1, Sub-iteration number: 38, FoM: 0.09289339386927353
17/06/2022 20:03:37.940 - oc_logger - INFO - Function evaluation number: 73, SI: 1, Sub-iteration number: 39, FoM: 0.10129125515428894
17/06/2022 20:03:38.338 - oc_logger - INFO - Function evaluation number: 74, SI: 1, Sub-iteration number: 40, FoM: 0.1556890526249871
17/06/2022 20:03:38.735 - oc_logger - INFO - Function evaluation number: 75, SI: 1, Sub-iteration number: 40, FoM: 0.08669160108775198
17/06/2022 20:03:39.187 - oc_logger - INFO - New record achieved. Previous FoM: 0.044799747378794996, new best FoM : 0.017050597347188945
17/06/2022 20:03:39.187 - oc_logger - INFO - Function evaluation number: 76, SI: 1, Sub-iteration number: 41, FoM: 0.017050597347188945
17/06/2022 20:03:39.616 - oc_logger - INFO - New record achieved. Previous FoM: 0.017050597347188945, new best FoM : 0.012349644901291312
17/06/2022 20:03:39.616 - oc_logger - INFO - Function evaluation number: 77, SI: 1, Sub-iteration number: 41, FoM: 0.012349644901291312
17/06/2022 20:03:39.988 - oc_logger - INFO - Function evaluation number: 78, SI: 1, Sub-iteration number: 42, FoM: 0.1241951170190726
17/06/2022 20:03:40.393 - oc_logger - INFO - Function evaluation number: 79, SI: 1, Sub-iteration number: 42, FoM: 0.07182551130045556
17/06/2022 20:03:40.818 - oc_logger - INFO - Function evaluation number: 80, SI: 1, Sub-iteration number: 43, FoM: 0.05306719977601848
17/06/2022 20:03:41.225 - oc_logger - INFO - Function evaluation number: 81, SI: 1, Sub-iteration number: 44, FoM: 0.1199353393281325
17/06/2022 20:03:41.655 - oc_logger - INFO - Function evaluation number: 82, SI: 1, Sub-iteration number: 44, FoM: 0.06347859123629618
17/06/2022 20:03:42.053 - oc_logger - INFO - Function evaluation number: 83, SI: 1, Sub-iteration number: 45, FoM: 0.051432173505200796
17/06/2022 20:03:42.436 - oc_logger - INFO - Function evaluation number: 84, SI: 1, Sub-iteration number: 46, FoM: 0.06266148225463919
17/06/2022 20:03:42.833 - oc_logger - INFO - New record achieved. Previous FoM: 0.012349644901291312, new best FoM : 0.012047243479044512
17/06/2022 20:03:42.834 - oc_logger - INFO - Function evaluation number: 85, SI: 1, Sub-iteration number: 47, FoM: 0.012047243479044512
17/06/2022 20:03:43.239 - oc_logger - INFO - New record achieved. Previous FoM: 0.012047243479044512, new best FoM : 0.00879660784678482
17/06/2022 20:03:43.239 - oc_logger - INFO - Function evaluation number: 86, SI: 1, Sub-iteration number: 47, FoM: 0.00879660784678482
17/06/2022 20:03:43.639 - oc_logger - INFO - Function evaluation number: 87, SI: 1, Sub-iteration number: 48, FoM: 0.05180483572791117
17/06/2022 20:03:44.035 - oc_logger - INFO - New record achieved. Previous FoM: 0.00879660784678482, new best FoM : 0.0068805501531947755
17/06/2022 20:03:44.035 - oc_logger - INFO - Function evaluation number: 88, SI: 1, Sub-iteration number: 49, FoM: 0.0068805501531947755
17/06/2022 20:03:44.480 - oc_logger - INFO - New record achieved. Previous FoM: 0.0068805501531947755, new best FoM : 0.005563911453547399
17/06/2022 20:03:44.480 - oc_logger - INFO - Function evaluation number: 89, SI: 1, Sub-iteration number: 49, FoM: 0.005563911453547399
17/06/2022 20:03:45.114 - oc_logger - INFO - Function evaluation number: 90, SI: 1, Sub-iteration number: 50, FoM: 0.026633879520321146
17/06/2022 20:03:45.554 - oc_logger - INFO - Function evaluation number: 91, SI: 1, Sub-iteration number: 51, FoM: 0.07255685083421781
17/06/2022 20:03:46.091 - oc_logger - INFO - Function evaluation number: 92, SI: 1, Sub-iteration number: 51, FoM: 0.0331169266183754
17/06/2022 20:03:46.838 - oc_logger - INFO - Function evaluation number: 93, SI: 1, Sub-iteration number: 52, FoM: 0.07272903787733986
17/06/2022 20:03:47.403 - oc_logger - INFO - Function evaluation number: 94, SI: 1, Sub-iteration number: 52, FoM: 0.031681662161183954
17/06/2022 20:03:48.031 - oc_logger - INFO - Function evaluation number: 95, SI: 1, Sub-iteration number: 53, FoM: 0.010750666481791016
17/06/2022 20:03:48.580 - oc_logger - INFO - Function evaluation number: 96, SI: 1, Sub-iteration number: 54, FoM: 0.042217379688418766
17/06/2022 20:03:49.124 - oc_logger - INFO - Function evaluation number: 97, SI: 1, Sub-iteration number: 55, FoM: 0.012163304519491214
17/06/2022 20:03:49.683 - oc_logger - INFO - Function evaluation number: 98, SI: 1, Sub-iteration number: 56, FoM: 0.03427157678842985
17/06/2022 20:03:50.205 - oc_logger - INFO - Function evaluation number: 99, SI: 1, Sub-iteration number: 56, FoM: 0.019068047715706693
17/06/2022 20:03:50.791 - oc_logger - INFO - Function evaluation number: 100, SI: 1, Sub-iteration number: 57, FoM: 0.016061281884303336
17/06/2022 20:03:51.206 - oc_logger - INFO - Function evaluation number: 101, SI: 1, Sub-iteration number: 58, FoM: 0.027691263273419864
17/06/2022 20:03:51.696 - oc_logger - INFO - Function evaluation number: 102, SI: 1, Sub-iteration number: 58, FoM: 0.015367625795200568
17/06/2022 20:03:52.353 - oc_logger - INFO - Function evaluation number: 103, SI: 1, Sub-iteration number: 59, FoM: 0.01980092067248218
17/06/2022 20:03:53.016 - oc_logger - INFO - Function evaluation number: 104, SI: 1, Sub-iteration number: 59, FoM: 0.01088699843915375
17/06/2022 20:03:53.623 - oc_logger - INFO - Function evaluation number: 105, SI: 1, Sub-iteration number: 60, FoM: 0.019885676532106378
17/06/2022 20:03:54.399 - oc_logger - INFO - Function evaluation number: 106, SI: 1, Sub-iteration number: 60, FoM: 0.01107250919119429
17/06/2022 20:03:54.927 - oc_logger - INFO - Function evaluation number: 107, SI: 1, Sub-iteration number: 61, FoM: 0.024847307768490312
17/06/2022 20:03:55.593 - oc_logger - INFO - Function evaluation number: 108, SI: 1, Sub-iteration number: 61, FoM: 0.008902125640318337
17/06/2022 20:03:56.059 - oc_logger - INFO - Function evaluation number: 109, SI: 1, Sub-iteration number: 62, FoM: 0.022361763559477943
17/06/2022 20:03:56.574 - oc_logger - INFO - Function evaluation number: 110, SI: 1, Sub-iteration number: 62, FoM: 0.008830885452398074
17/06/2022 20:03:57.139 - oc_logger - INFO - Function evaluation number: 111, SI: 1, Sub-iteration number: 63, FoM: 0.01182620996212791
17/06/2022 20:03:57.685 - oc_logger - INFO - Function evaluation number: 112, SI: 1, Sub-iteration number: 64, FoM: 0.013215580795863158
17/06/2022 20:03:58.424 - oc_logger - INFO - Function evaluation number: 113, SI: 1, Sub-iteration number: 64, FoM: 0.007674001963039356
17/06/2022 20:03:59.061 - oc_logger - INFO - Function evaluation number: 114, SI: 1, Sub-iteration number: 65, FoM: 0.01372496949055757
17/06/2022 20:03:59.594 - oc_logger - INFO - Function evaluation number: 115, SI: 1, Sub-iteration number: 65, FoM: 0.007439522358774764
17/06/2022 20:04:00.145 - oc_logger - INFO - Function evaluation number: 116, SI: 1, Sub-iteration number: 66, FoM: 0.016554867172939858
17/06/2022 20:04:00.755 - oc_logger - INFO - Function evaluation number: 117, SI: 1, Sub-iteration number: 66, FoM: 0.006848132974020871
17/06/2022 20:04:01.302 - oc_logger - INFO - Function evaluation number: 118, SI: 1, Sub-iteration number: 67, FoM: 0.018937425954197118
17/06/2022 20:04:01.874 - oc_logger - INFO - Function evaluation number: 119, SI: 1, Sub-iteration number: 67, FoM: 0.00652243998218538
17/06/2022 20:04:02.410 - oc_logger - INFO - Function evaluation number: 120, SI: 1, Sub-iteration number: 68, FoM: 0.009624734843606597
17/06/2022 20:04:03.023 - oc_logger - INFO - Function evaluation number: 121, SI: 1, Sub-iteration number: 68, FoM: 0.006472551942186766
17/06/2022 20:04:03.713 - oc_logger - INFO - Function evaluation number: 122, SI: 1, Sub-iteration number: 69, FoM: 0.010764962493988173
17/06/2022 20:04:04.151 - oc_logger - INFO - Function evaluation number: 123, SI: 1, Sub-iteration number: 69, FoM: 0.006067103256588324
17/06/2022 20:04:04.761 - oc_logger - INFO - Function evaluation number: 124, SI: 1, Sub-iteration number: 70, FoM: 0.011647439104039092
17/06/2022 20:04:05.293 - oc_logger - INFO - Function evaluation number: 125, SI: 1, Sub-iteration number: 70, FoM: 0.005982769547883571
17/06/2022 20:04:06.009 - oc_logger - INFO - Function evaluation number: 126, SI: 1, Sub-iteration number: 71, FoM: 0.01140871742842875
17/06/2022 20:04:06.629 - oc_logger - INFO - Function evaluation number: 127, SI: 1, Sub-iteration number: 71, FoM: 0.005975706746703224
17/06/2022 20:04:07.219 - oc_logger - INFO - Function evaluation number: 128, SI: 1, Sub-iteration number: 72, FoM: 0.010236490163839984
17/06/2022 20:04:07.819 - oc_logger - INFO - New record achieved. Previous FoM: 0.005563911453547399, new best FoM : 0.005437354434800978
17/06/2022 20:04:07.819 - oc_logger - INFO - Function evaluation number: 129, SI: 1, Sub-iteration number: 72, FoM: 0.005437354434800978
17/06/2022 20:04:08.445 - oc_logger - INFO - Function evaluation number: 130, SI: 1, Sub-iteration number: 73, FoM: 0.01055303187876766
17/06/2022 20:04:09.075 - oc_logger - INFO - New record achieved. Previous FoM: 0.005437354434800978, new best FoM : 0.005295543775139966
17/06/2022 20:04:09.075 - oc_logger - INFO - Function evaluation number: 131, SI: 1, Sub-iteration number: 73, FoM: 0.005295543775139966
17/06/2022 20:04:09.673 - oc_logger - INFO - Function evaluation number: 132, SI: 1, Sub-iteration number: 74, FoM: 0.00681651788056048
17/06/2022 20:04:10.235 - oc_logger - INFO - New record achieved. Previous FoM: 0.005295543775139966, new best FoM : 0.005265211521798929
17/06/2022 20:04:10.235 - oc_logger - INFO - Function evaluation number: 133, SI: 1, Sub-iteration number: 74, FoM: 0.005265211521798929
17/06/2022 20:04:10.790 - oc_logger - INFO - Function evaluation number: 134, SI: 1, Sub-iteration number: 75, FoM: 0.0075058909461511725
17/06/2022 20:04:11.353 - oc_logger - INFO - New record achieved. Previous FoM: 0.005265211521798929, new best FoM : 0.0050437920261180436
17/06/2022 20:04:11.353 - oc_logger - INFO - Function evaluation number: 135, SI: 1, Sub-iteration number: 75, FoM: 0.0050437920261180436
17/06/2022 20:04:11.916 - oc_logger - INFO - Function evaluation number: 136, SI: 1, Sub-iteration number: 76, FoM: 0.008477163537557564
17/06/2022 20:04:12.473 - oc_logger - INFO - New record achieved. Previous FoM: 0.0050437920261180436, new best FoM : 0.00493424540621934
17/06/2022 20:04:12.473 - oc_logger - INFO - Function evaluation number: 137, SI: 1, Sub-iteration number: 76, FoM: 0.00493424540621934
17/06/2022 20:04:13.023 - oc_logger - INFO - Function evaluation number: 138, SI: 1, Sub-iteration number: 77, FoM: 0.008045365835369633
17/06/2022 20:04:13.591 - oc_logger - INFO - New record achieved. Previous FoM: 0.00493424540621934, new best FoM : 0.00475470766976438
17/06/2022 20:04:13.591 - oc_logger - INFO - Function evaluation number: 139, SI: 1, Sub-iteration number: 77, FoM: 0.00475470766976438
17/06/2022 20:04:14.137 - oc_logger - INFO - Function evaluation number: 140, SI: 1, Sub-iteration number: 78, FoM: 0.005836291460203369
17/06/2022 20:04:14.677 - oc_logger - INFO - Function evaluation number: 141, SI: 1, Sub-iteration number: 79, FoM: 0.008987011978739523
17/06/2022 20:04:15.223 - oc_logger - INFO - New record achieved. Previous FoM: 0.00475470766976438, new best FoM : 0.004635980922212513
17/06/2022 20:04:15.223 - oc_logger - INFO - Function evaluation number: 142, SI: 1, Sub-iteration number: 79, FoM: 0.004635980922212513
17/06/2022 20:04:15.759 - oc_logger - INFO - Function evaluation number: 143, SI: 1, Sub-iteration number: 80, FoM: 0.005940688901408753
17/06/2022 20:04:16.319 - oc_logger - INFO - Function evaluation number: 144, SI: 1, Sub-iteration number: 80, FoM: 0.004818017634336869
17/06/2022 20:04:16.760 - oc_logger - INFO - Function evaluation number: 145, SI: 1, Sub-iteration number: 81, FoM: 0.008532304739087948
17/06/2022 20:04:17.137 - oc_logger - INFO - New record achieved. Previous FoM: 0.004635980922212513, new best FoM : 0.004452488313579028
17/06/2022 20:04:17.137 - oc_logger - INFO - Function evaluation number: 146, SI: 1, Sub-iteration number: 81, FoM: 0.004452488313579028
17/06/2022 20:04:17.528 - oc_logger - INFO - Function evaluation number: 147, SI: 1, Sub-iteration number: 82, FoM: 0.005772511212798315
17/06/2022 20:04:17.916 - oc_logger - INFO - Function evaluation number: 148, SI: 1, Sub-iteration number: 82, FoM: 0.0046262376843445585
17/06/2022 20:04:18.324 - oc_logger - INFO - Function evaluation number: 149, SI: 1, Sub-iteration number: 83, FoM: 0.005803914689540446
17/06/2022 20:04:18.715 - oc_logger - INFO - Function evaluation number: 150, SI: 1, Sub-iteration number: 83, FoM: 0.004544823020928734
17/06/2022 20:04:19.143 - oc_logger - INFO - Function evaluation number: 151, SI: 1, Sub-iteration number: 84, FoM: 0.006033841717086985
17/06/2022 20:04:19.548 - oc_logger - INFO - Function evaluation number: 152, SI: 1, Sub-iteration number: 84, FoM: 0.004507138890056495
17/06/2022 20:04:19.949 - oc_logger - INFO - New record achieved. Previous FoM: 0.004452488313579028, new best FoM : 0.004356588469020317
17/06/2022 20:04:19.949 - oc_logger - INFO - Function evaluation number: 153, SI: 1, Sub-iteration number: 85, FoM: 0.004356588469020317
17/06/2022 20:04:20.348 - oc_logger - INFO - Function evaluation number: 154, SI: 1, Sub-iteration number: 85, FoM: 0.004707428740966191
17/06/2022 20:04:20.963 - oc_logger - INFO - Function evaluation number: 155, SI: 1, Sub-iteration number: 86, FoM: 0.005287508710005495
17/06/2022 20:04:21.562 - oc_logger - INFO - New record achieved. Previous FoM: 0.004356588469020317, new best FoM : 0.004347452417905129
17/06/2022 20:04:21.563 - oc_logger - INFO - Function evaluation number: 156, SI: 1, Sub-iteration number: 86, FoM: 0.004347452417905129
17/06/2022 20:04:22.192 - oc_logger - INFO - Function evaluation number: 157, SI: 1, Sub-iteration number: 87, FoM: 0.005276263630991096
17/06/2022 20:04:22.813 - oc_logger - INFO - New record achieved. Previous FoM: 0.004347452417905129, new best FoM : 0.004284631596860322
17/06/2022 20:04:22.813 - oc_logger - INFO - Function evaluation number: 158, SI: 1, Sub-iteration number: 87, FoM: 0.004284631596860322
17/06/2022 20:04:23.417 - oc_logger - INFO - Function evaluation number: 159, SI: 1, Sub-iteration number: 88, FoM: 0.005217494989742
17/06/2022 20:04:23.841 - oc_logger - INFO - New record achieved. Previous FoM: 0.004284631596860322, new best FoM : 0.00425427759071495
17/06/2022 20:04:23.842 - oc_logger - INFO - Function evaluation number: 160, SI: 1, Sub-iteration number: 88, FoM: 0.00425427759071495
17/06/2022 20:04:24.395 - oc_logger - INFO - Function evaluation number: 161, SI: 1, Sub-iteration number: 89, FoM: 0.00587577549085283
17/06/2022 20:04:24.793 - oc_logger - INFO - New record achieved. Previous FoM: 0.00425427759071495, new best FoM : 0.004139839273149093
17/06/2022 20:04:24.793 - oc_logger - INFO - Function evaluation number: 162, SI: 1, Sub-iteration number: 89, FoM: 0.004139839273149093
17/06/2022 20:04:25.210 - oc_logger - INFO - Function evaluation number: 163, SI: 1, Sub-iteration number: 90, FoM: 0.004326866648941441
17/06/2022 20:04:25.561 - oc_logger - INFO - Function evaluation number: 164, SI: 1, Sub-iteration number: 91, FoM: 0.004766547510854591
17/06/2022 20:04:25.917 - oc_logger - INFO - Function evaluation number: 165, SI: 1, Sub-iteration number: 91, FoM: 0.00416706035140979
17/06/2022 20:04:26.661 - oc_logger - INFO - Function evaluation number: 166, SI: 1, Sub-iteration number: 92, FoM: 0.004930785488707179
17/06/2022 20:04:27.366 - oc_logger - INFO - New record achieved. Previous FoM: 0.004139839273149093, new best FoM : 0.004131818759910755
17/06/2022 20:04:27.366 - oc_logger - INFO - Function evaluation number: 167, SI: 1, Sub-iteration number: 92, FoM: 0.004131818759910755
17/06/2022 20:04:28.113 - oc_logger - INFO - Function evaluation number: 168, SI: 1, Sub-iteration number: 93, FoM: 0.0048236871206550624
17/06/2022 20:04:28.967 - oc_logger - INFO - New record achieved. Previous FoM: 0.004131818759910755, new best FoM : 0.004112685645275116
17/06/2022 20:04:28.967 - oc_logger - INFO - Function evaluation number: 169, SI: 1, Sub-iteration number: 93, FoM: 0.004112685645275116
17/06/2022 20:04:29.590 - oc_logger - INFO - Function evaluation number: 170, SI: 1, Sub-iteration number: 94, FoM: 0.005050207554260666
