06/06/2022 05:26:56.248 - oc_logger - INFO - The optimization direction is minimization
06/06/2022 05:26:56.248 - oc_logger - INFO - QuOCS version number: 0.0.22
06/06/2022 05:26:56.248 - oc_logger - INFO - Direct search start time has been reset.
06/06/2022 05:26:56.271 - oc_logger - INFO - New record achieved. Previous FoM: 10000000000.0, new best FoM : 0.5024412427339915
06/06/2022 05:26:56.272 - oc_logger - INFO - Function evaluation number: 1, SI: 1, Sub-iteration number: 0, FoM: 0.5024412427339915
06/06/2022 05:26:56.278 - oc_logger - INFO - New record achieved. Previous FoM: 0.5024412427339915, new best FoM : 0.49283562110012646
06/06/2022 05:26:56.279 - oc_logger - INFO - Function evaluation number: 2, SI: 1, Sub-iteration number: 0, FoM: 0.49283562110012646
06/06/2022 05:26:56.282 - oc_logger - INFO - Function evaluation number: 3, SI: 1, Sub-iteration number: 0, FoM: 0.49980376884082844
06/06/2022 05:26:56.285 - oc_logger - INFO - New record achieved. Previous FoM: 0.49283562110012646, new best FoM : 0.4893524275393121
06/06/2022 05:26:56.285 - oc_logger - INFO - Function evaluation number: 4, SI: 1, Sub-iteration number: 1, FoM: 0.4893524275393121
06/06/2022 05:26:56.289 - oc_logger - INFO - New record achieved. Previous FoM: 0.4893524275393121, new best FoM : 0.4813457822017212
06/06/2022 05:26:56.289 - oc_logger - INFO - Function evaluation number: 5, SI: 1, Sub-iteration number: 1, FoM: 0.4813457822017212
06/06/2022 05:26:56.292 - oc_logger - INFO - New record achieved. Previous FoM: 0.4813457822017212, new best FoM : 0.47251521010797726
06/06/2022 05:26:56.292 - oc_logger - INFO - Function evaluation number: 6, SI: 1, Sub-iteration number: 2, FoM: 0.47251521010797726
06/06/2022 05:26:56.296 - oc_logger - INFO - New record achieved. Previous FoM: 0.47251521010797726, new best FoM : 0.4553273630030825
06/06/2022 05:26:56.296 - oc_logger - INFO - Function evaluation number: 7, SI: 1, Sub-iteration number: 2, FoM: 0.4553273630030825
06/06/2022 05:26:56.300 - oc_logger - INFO - New record achieved. Previous FoM: 0.4553273630030825, new best FoM : 0.43809048933690364
06/06/2022 05:26:56.300 - oc_logger - INFO - Function evaluation number: 8, SI: 1, Sub-iteration number: 3, FoM: 0.43809048933690364
06/06/2022 05:26:56.303 - oc_logger - INFO - New record achieved. Previous FoM: 0.43809048933690364, new best FoM : 0.40113528657919795
06/06/2022 05:26:56.303 - oc_logger - INFO - Function evaluation number: 9, SI: 1, Sub-iteration number: 3, FoM: 0.40113528657919795
06/06/2022 05:26:56.307 - oc_logger - INFO - New record achieved. Previous FoM: 0.40113528657919795, new best FoM : 0.36310899841843136
06/06/2022 05:26:56.307 - oc_logger - INFO - Function evaluation number: 10, SI: 1, Sub-iteration number: 4, FoM: 0.36310899841843136
06/06/2022 05:26:56.311 - oc_logger - INFO - New record achieved. Previous FoM: 0.36310899841843136, new best FoM : 0.28595304454277704
06/06/2022 05:26:56.311 - oc_logger - INFO - Function evaluation number: 11, SI: 1, Sub-iteration number: 4, FoM: 0.28595304454277704
06/06/2022 05:26:56.315 - oc_logger - INFO - New record achieved. Previous FoM: 0.28595304454277704, new best FoM : 0.21078678018793295
06/06/2022 05:26:56.315 - oc_logger - INFO - Function evaluation number: 12, SI: 1, Sub-iteration number: 5, FoM: 0.21078678018793295
06/06/2022 05:26:56.318 - oc_logger - INFO - New record achieved. Previous FoM: 0.21078678018793295, new best FoM : 0.08330772165562472
06/06/2022 05:26:56.318 - oc_logger - INFO - Function evaluation number: 13, SI: 1, Sub-iteration number: 5, FoM: 0.08330772165562472
06/06/2022 05:26:56.322 - oc_logger - INFO - New record achieved. Previous FoM: 0.08330772165562472, new best FoM : 0.0037008747971488676
06/06/2022 05:26:56.322 - oc_logger - INFO - Function evaluation number: 14, SI: 1, Sub-iteration number: 6, FoM: 0.0037008747971488676
06/06/2022 05:26:56.326 - oc_logger - INFO - Function evaluation number: 15, SI: 1, Sub-iteration number: 6, FoM: 0.004932667984654637
06/06/2022 05:26:56.329 - oc_logger - INFO - New record achieved. Previous FoM: 0.0037008747971488676, new best FoM : 0.0017645997282074166
06/06/2022 05:26:56.329 - oc_logger - INFO - Function evaluation number: 16, SI: 1, Sub-iteration number: 7, FoM: 0.0017645997282074166
06/06/2022 05:26:56.332 - oc_logger - INFO - Function evaluation number: 17, SI: 1, Sub-iteration number: 7, FoM: 0.21507893124498423
06/06/2022 05:26:56.335 - oc_logger - INFO - Function evaluation number: 18, SI: 1, Sub-iteration number: 8, FoM: 0.07266447356968897
06/06/2022 05:26:56.337 - oc_logger - INFO - New record achieved. Previous FoM: 0.0017645997282074166, new best FoM : 0.0014527014451553022
06/06/2022 05:26:56.337 - oc_logger - INFO - Function evaluation number: 19, SI: 1, Sub-iteration number: 8, FoM: 0.0014527014451553022
06/06/2022 05:26:56.342 - oc_logger - INFO - Function evaluation number: 20, SI: 1, Sub-iteration number: 9, FoM: 0.1614781465347792
06/06/2022 05:26:56.344 - oc_logger - INFO - Function evaluation number: 21, SI: 1, Sub-iteration number: 9, FoM: 0.02182884948010355
06/06/2022 05:26:56.346 - oc_logger - INFO - New record achieved. Previous FoM: 0.0014527014451553022, new best FoM : 0.00018914125593560982
06/06/2022 05:26:56.346 - oc_logger - INFO - Function evaluation number: 22, SI: 1, Sub-iteration number: 9, FoM: 0.00018914125593560982
06/06/2022 05:26:56.350 - oc_logger - INFO - Function evaluation number: 23, SI: 1, Sub-iteration number: 9, FoM: 0.021915081452110963
06/06/2022 05:26:56.352 - oc_logger - INFO - Function evaluation number: 24, SI: 1, Sub-iteration number: 10, FoM: 0.06649181014589811
06/06/2022 05:26:56.355 - oc_logger - INFO - Function evaluation number: 25, SI: 1, Sub-iteration number: 10, FoM: 0.01652196340197487
06/06/2022 05:26:56.357 - oc_logger - INFO - Function evaluation number: 26, SI: 1, Sub-iteration number: 11, FoM: 0.028739066221910914
06/06/2022 05:26:56.360 - oc_logger - INFO - Function evaluation number: 27, SI: 1, Sub-iteration number: 11, FoM: 0.009383000429363797
06/06/2022 05:26:56.363 - oc_logger - INFO - Function evaluation number: 28, SI: 1, Sub-iteration number: 12, FoM: 0.013381249421029029
06/06/2022 05:26:56.365 - oc_logger - INFO - Function evaluation number: 29, SI: 1, Sub-iteration number: 12, FoM: 0.004731746476906329
06/06/2022 05:26:56.368 - oc_logger - INFO - Function evaluation number: 30, SI: 1, Sub-iteration number: 13, FoM: 0.006667143856037505
06/06/2022 05:26:56.370 - oc_logger - INFO - Function evaluation number: 31, SI: 1, Sub-iteration number: 13, FoM: 0.0021411838837370745
06/06/2022 05:26:56.373 - oc_logger - INFO - Function evaluation number: 32, SI: 1, Sub-iteration number: 14, FoM: 0.0035603584791092935
06/06/2022 05:26:56.375 - oc_logger - INFO - Function evaluation number: 33, SI: 1, Sub-iteration number: 14, FoM: 0.0007804731830669542
06/06/2022 05:26:56.378 - oc_logger - INFO - Function evaluation number: 34, SI: 1, Sub-iteration number: 15, FoM: 0.0023369337357741493
06/06/2022 05:26:56.380 - oc_logger - INFO - Function evaluation number: 35, SI: 1, Sub-iteration number: 15, FoM: 0.00047261298486644954
06/06/2022 05:26:56.385 - oc_logger - INFO - Function evaluation number: 36, SI: 1, Sub-iteration number: 16, FoM: 0.0010791685862726608
06/06/2022 05:26:56.389 - oc_logger - INFO - Function evaluation number: 37, SI: 1, Sub-iteration number: 16, FoM: 0.0003224305595983523
06/06/2022 05:26:56.391 - oc_logger - INFO - Function evaluation number: 38, SI: 1, Sub-iteration number: 17, FoM: 0.0009711598521360276
06/06/2022 05:26:56.395 - oc_logger - INFO - New record achieved. Previous FoM: 0.00018914125593560982, new best FoM : 0.00010671179570997946
06/06/2022 05:26:56.395 - oc_logger - INFO - Function evaluation number: 39, SI: 1, Sub-iteration number: 17, FoM: 0.00010671179570997946
06/06/2022 05:26:56.399 - oc_logger - INFO - Function evaluation number: 40, SI: 1, Sub-iteration number: 18, FoM: 0.0002409556443742078
06/06/2022 05:26:56.402 - oc_logger - INFO - New record achieved. Previous FoM: 0.00010671179570997946, new best FoM : 9.947266649157349e-05
06/06/2022 05:26:56.402 - oc_logger - INFO - Function evaluation number: 41, SI: 1, Sub-iteration number: 18, FoM: 9.947266649157349e-05
06/06/2022 05:26:56.406 - oc_logger - INFO - Function evaluation number: 42, SI: 1, Sub-iteration number: 19, FoM: 0.00039761439575769497
06/06/2022 05:26:56.408 - oc_logger - INFO - New record achieved. Previous FoM: 9.947266649157349e-05, new best FoM : 4.334478553658094e-05
06/06/2022 05:26:56.408 - oc_logger - INFO - Function evaluation number: 43, SI: 1, Sub-iteration number: 19, FoM: 4.334478553658094e-05
06/06/2022 05:26:56.412 - oc_logger - INFO - Function evaluation number: 44, SI: 1, Sub-iteration number: 20, FoM: 5.0154298348425996e-05
06/06/2022 05:26:56.415 - oc_logger - INFO - Function evaluation number: 45, SI: 1, Sub-iteration number: 21, FoM: 0.0001924663843264618
06/06/2022 05:26:56.418 - oc_logger - INFO - New record achieved. Previous FoM: 4.334478553658094e-05, new best FoM : 2.6264659529262602e-05
06/06/2022 05:26:56.418 - oc_logger - INFO - Function evaluation number: 46, SI: 1, Sub-iteration number: 21, FoM: 2.6264659529262602e-05
06/06/2022 05:26:56.422 - oc_logger - INFO - Function evaluation number: 47, SI: 1, Sub-iteration number: 22, FoM: 3.337914025036692e-05
06/06/2022 05:26:56.424 - oc_logger - INFO - Function evaluation number: 48, SI: 1, Sub-iteration number: 23, FoM: 0.00010304704313268687
06/06/2022 05:26:56.427 - oc_logger - INFO - New record achieved. Previous FoM: 2.6264659529262602e-05, new best FoM : 6.802619840318158e-06
06/06/2022 05:26:56.427 - oc_logger - INFO - Function evaluation number: 49, SI: 1, Sub-iteration number: 23, FoM: 6.802619840318158e-06
06/06/2022 05:26:56.430 - oc_logger - INFO - Function evaluation number: 50, SI: 1, Sub-iteration number: 24, FoM: 1.367440741439907e-05
06/06/2022 05:26:56.435 - oc_logger - INFO - Function evaluation number: 51, SI: 1, Sub-iteration number: 25, FoM: 4.679456817568983e-05
06/06/2022 05:26:56.437 - oc_logger - INFO - Function evaluation number: 52, SI: 1, Sub-iteration number: 25, FoM: 7.985901610774171e-06
06/06/2022 05:26:56.441 - oc_logger - INFO - Function evaluation number: 53, SI: 1, Sub-iteration number: 26, FoM: 1.5069215908436462e-05
06/06/2022 05:26:56.443 - oc_logger - INFO - New record achieved. Previous FoM: 6.802619840318158e-06, new best FoM : 6.574187680907784e-06
06/06/2022 05:26:56.443 - oc_logger - INFO - Function evaluation number: 54, SI: 1, Sub-iteration number: 26, FoM: 6.574187680907784e-06
06/06/2022 05:26:56.447 - oc_logger - INFO - Function evaluation number: 55, SI: 1, Sub-iteration number: 27, FoM: 2.1386060046424404e-05
06/06/2022 05:26:56.450 - oc_logger - INFO - New record achieved. Previous FoM: 6.574187680907784e-06, new best FoM : 6.393193642262318e-07
06/06/2022 05:26:56.450 - oc_logger - INFO - Function evaluation number: 56, SI: 1, Sub-iteration number: 27, FoM: 6.393193642262318e-07
06/06/2022 05:26:56.454 - oc_logger - INFO - Function evaluation number: 57, SI: 1, Sub-iteration number: 28, FoM: 9.464461439012695e-07
06/06/2022 05:26:56.457 - oc_logger - INFO - Function evaluation number: 58, SI: 1, Sub-iteration number: 29, FoM: 8.129468837547726e-06
06/06/2022 05:26:56.459 - oc_logger - INFO - Function evaluation number: 59, SI: 1, Sub-iteration number: 29, FoM: 2.89917059470568e-06
06/06/2022 05:26:56.462 - oc_logger - INFO - Function evaluation number: 60, SI: 1, Sub-iteration number: 30, FoM: 4.4526577219761165e-06
06/06/2022 05:26:56.466 - oc_logger - INFO - Function evaluation number: 61, SI: 1, Sub-iteration number: 30, FoM: 1.0614377699003086e-06
06/06/2022 05:26:56.470 - oc_logger - INFO - Function evaluation number: 62, SI: 1, Sub-iteration number: 31, FoM: 2.614476394824372e-06
06/06/2022 05:26:56.472 - oc_logger - INFO - New record achieved. Previous FoM: 6.393193642262318e-07, new best FoM : 1.4251529401043683e-07
06/06/2022 05:26:56.472 - oc_logger - INFO - Function evaluation number: 63, SI: 1, Sub-iteration number: 31, FoM: 1.4251529401043683e-07
06/06/2022 05:26:56.473 - oc_logger - INFO - SI 1 finished - Number of evaluations: 63, Best FoM: 1.4251529401043683e-07, Terminate reason: Convergence of the simplex.

06/06/2022 05:26:56.473 - oc_logger - INFO - Figure of merit : 1.4251529401043683e-07
06/06/2022 05:26:56.473 - oc_logger - INFO - Std : 0.0
06/06/2022 05:26:56.473 - oc_logger - INFO - total number of function evaluations : 63
06/06/2022 05:26:56.474 - oc_logger - INFO - dcrab_freq_list : [array([], dtype=float64)]
06/06/2022 05:26:56.474 - oc_logger - INFO - dcrab_para_list : [array([6.69565747, 2.44915617])]
06/06/2022 05:26:56.474 - oc_logger - INFO - terminate_reason : Convergence of the simplex.
