06/05/2022 12:59:07.398 - oc_logger - INFO - The optimization direction is minimization
06/05/2022 12:59:07.400 - oc_logger - INFO - QuOCS version number: 0.0.22
06/05/2022 12:59:07.400 - oc_logger - INFO - Direct search start time has been reset.
06/05/2022 12:59:07.537 - oc_logger - INFO - New record achieved. Previous FoM: 10000000000.0, new best FoM : 0.27316874860647666
06/05/2022 12:59:07.538 - oc_logger - INFO - Function evaluation number: 1, SI: 1, Sub-iteration number: 0, FoM: 0.27316874860647666
06/05/2022 12:59:07.686 - oc_logger - INFO - New record achieved. Previous FoM: 0.27316874860647666, new best FoM : 0.2731545791504888
06/05/2022 12:59:07.689 - oc_logger - INFO - Function evaluation number: 2, SI: 1, Sub-iteration number: 0, FoM: 0.2731545791504888
06/05/2022 12:59:07.818 - oc_logger - INFO - Function evaluation number: 3, SI: 1, Sub-iteration number: 0, FoM: 0.2733778506555721
06/05/2022 12:59:07.945 - oc_logger - INFO - Function evaluation number: 4, SI: 1, Sub-iteration number: 0, FoM: 0.2732767335855062
06/05/2022 12:59:08.074 - oc_logger - INFO - New record achieved. Previous FoM: 0.2731545791504888, new best FoM : 0.2731452288599243
06/05/2022 12:59:08.074 - oc_logger - INFO - Function evaluation number: 5, SI: 1, Sub-iteration number: 0, FoM: 0.2731452288599243
06/05/2022 12:59:08.209 - oc_logger - INFO - New record achieved. Previous FoM: 0.2731452288599243, new best FoM : 0.273139413527557
06/05/2022 12:59:08.209 - oc_logger - INFO - Function evaluation number: 6, SI: 1, Sub-iteration number: 0, FoM: 0.273139413527557
06/05/2022 12:59:08.332 - oc_logger - INFO - Function evaluation number: 7, SI: 1, Sub-iteration number: 0, FoM: 0.2731700283908254
06/05/2022 12:59:08.469 - oc_logger - INFO - Function evaluation number: 8, SI: 1, Sub-iteration number: 0, FoM: 0.27315994781521535
06/05/2022 12:59:08.597 - oc_logger - INFO - Function evaluation number: 9, SI: 1, Sub-iteration number: 0, FoM: 0.2731752319324552
06/05/2022 12:59:08.721 - oc_logger - INFO - Function evaluation number: 10, SI: 1, Sub-iteration number: 1, FoM: 0.27332159982192983
06/05/2022 12:59:08.848 - oc_logger - INFO - Function evaluation number: 11, SI: 1, Sub-iteration number: 1, FoM: 0.27323271711914
06/05/2022 12:59:08.849 - oc_logger - INFO - SI 1 finished - Number of evaluations: 11, Best FoM: 0.273139413527557, Terminate reason: Convergence of the FoM.

06/05/2022 12:59:08.849 - oc_logger - INFO - Direct search start time has been reset.
06/05/2022 12:59:08.981 - oc_logger - INFO - Function evaluation number: 12, SI: 2, Sub-iteration number: 0, FoM: 0.273139413527557
06/05/2022 12:59:09.106 - oc_logger - INFO - New record achieved. Previous FoM: 0.273139413527557, new best FoM : 0.2730998750104736
06/05/2022 12:59:09.106 - oc_logger - INFO - Function evaluation number: 13, SI: 2, Sub-iteration number: 0, FoM: 0.2730998750104736
06/05/2022 12:59:09.242 - oc_logger - INFO - Function evaluation number: 14, SI: 2, Sub-iteration number: 0, FoM: 0.2733176243331562
06/05/2022 12:59:09.365 - oc_logger - INFO - Function evaluation number: 15, SI: 2, Sub-iteration number: 0, FoM: 0.27314362925382074
06/05/2022 12:59:09.498 - oc_logger - INFO - New record achieved. Previous FoM: 0.2730998750104736, new best FoM : 0.2730888405915559
06/05/2022 12:59:09.498 - oc_logger - INFO - Function evaluation number: 16, SI: 2, Sub-iteration number: 0, FoM: 0.2730888405915559
06/05/2022 12:59:09.626 - oc_logger - INFO - New record achieved. Previous FoM: 0.2730888405915559, new best FoM : 0.27306522406918576
06/05/2022 12:59:09.627 - oc_logger - INFO - Function evaluation number: 17, SI: 2, Sub-iteration number: 0, FoM: 0.27306522406918576
06/05/2022 12:59:09.756 - oc_logger - INFO - Function evaluation number: 18, SI: 2, Sub-iteration number: 0, FoM: 0.27312510208565777
06/05/2022 12:59:09.880 - oc_logger - INFO - Function evaluation number: 19, SI: 2, Sub-iteration number: 0, FoM: 0.2731380745024792
06/05/2022 12:59:10.013 - oc_logger - INFO - Function evaluation number: 20, SI: 2, Sub-iteration number: 0, FoM: 0.27316060486503124
06/05/2022 12:59:10.142 - oc_logger - INFO - Function evaluation number: 21, SI: 2, Sub-iteration number: 1, FoM: 0.273315347742929
06/05/2022 12:59:10.266 - oc_logger - INFO - Function evaluation number: 22, SI: 2, Sub-iteration number: 1, FoM: 0.2732066653493168
06/05/2022 12:59:10.267 - oc_logger - INFO - SI 2 finished - Number of evaluations: 11, Best FoM: 0.27306522406918576, Terminate reason: Convergence of the FoM.

06/05/2022 12:59:10.267 - oc_logger - INFO - Direct search start time has been reset.
06/05/2022 12:59:10.397 - oc_logger - INFO - Function evaluation number: 23, SI: 3, Sub-iteration number: 0, FoM: 0.27306522406918576
06/05/2022 12:59:10.533 - oc_logger - INFO - New record achieved. Previous FoM: 0.27306522406918576, new best FoM : 0.27297681897300974
06/05/2022 12:59:10.533 - oc_logger - INFO - Function evaluation number: 24, SI: 3, Sub-iteration number: 0, FoM: 0.27297681897300974
06/05/2022 12:59:10.663 - oc_logger - INFO - Function evaluation number: 25, SI: 3, Sub-iteration number: 0, FoM: 0.2732760564356853
06/05/2022 12:59:10.793 - oc_logger - INFO - Function evaluation number: 26, SI: 3, Sub-iteration number: 0, FoM: 0.2731654902875944
06/05/2022 12:59:10.924 - oc_logger - INFO - Function evaluation number: 27, SI: 3, Sub-iteration number: 0, FoM: 0.2731261124940597
06/05/2022 12:59:11.054 - oc_logger - INFO - New record achieved. Previous FoM: 0.27297681897300974, new best FoM : 0.27284880305181947
06/05/2022 12:59:11.054 - oc_logger - INFO - Function evaluation number: 28, SI: 3, Sub-iteration number: 0, FoM: 0.27284880305181947
06/05/2022 12:59:11.184 - oc_logger - INFO - Function evaluation number: 29, SI: 3, Sub-iteration number: 0, FoM: 0.27304941179779396
06/05/2022 12:59:11.322 - oc_logger - INFO - Function evaluation number: 30, SI: 3, Sub-iteration number: 0, FoM: 0.27303382849611246
06/05/2022 12:59:11.444 - oc_logger - INFO - Function evaluation number: 31, SI: 3, Sub-iteration number: 0, FoM: 0.27307908250203916
06/05/2022 12:59:11.576 - oc_logger - INFO - Function evaluation number: 32, SI: 3, Sub-iteration number: 1, FoM: 0.273053963062156
06/05/2022 12:59:11.704 - oc_logger - INFO - Function evaluation number: 33, SI: 3, Sub-iteration number: 2, FoM: 0.27299893572006506
06/05/2022 12:59:11.832 - oc_logger - INFO - Function evaluation number: 34, SI: 3, Sub-iteration number: 3, FoM: 0.2731614397819029
06/05/2022 12:59:11.950 - oc_logger - INFO - Function evaluation number: 35, SI: 3, Sub-iteration number: 3, FoM: 0.27305255374295423
06/05/2022 12:59:11.950 - oc_logger - INFO - SI 3 finished - Number of evaluations: 13, Best FoM: 0.27284880305181947, Terminate reason: Convergence of the FoM.

06/05/2022 12:59:11.951 - oc_logger - INFO - Direct search start time has been reset.
06/05/2022 12:59:12.088 - oc_logger - INFO - Function evaluation number: 36, SI: 4, Sub-iteration number: 0, FoM: 0.27284880305181947
06/05/2022 12:59:12.220 - oc_logger - INFO - Function evaluation number: 37, SI: 4, Sub-iteration number: 0, FoM: 0.273025547117429
06/05/2022 12:59:12.355 - oc_logger - INFO - Function evaluation number: 38, SI: 4, Sub-iteration number: 0, FoM: 0.27299232960040176
06/05/2022 12:59:12.479 - oc_logger - INFO - New record achieved. Previous FoM: 0.27284880305181947, new best FoM : 0.27273928594146046
06/05/2022 12:59:12.479 - oc_logger - INFO - Function evaluation number: 39, SI: 4, Sub-iteration number: 0, FoM: 0.27273928594146046
06/05/2022 12:59:12.608 - oc_logger - INFO - New record achieved. Previous FoM: 0.27273928594146046, new best FoM : 0.2727198886679949
06/05/2022 12:59:12.608 - oc_logger - INFO - Function evaluation number: 40, SI: 4, Sub-iteration number: 0, FoM: 0.2727198886679949
06/05/2022 12:59:12.734 - oc_logger - INFO - New record achieved. Previous FoM: 0.2727198886679949, new best FoM : 0.2725899535074683
06/05/2022 12:59:12.734 - oc_logger - INFO - Function evaluation number: 41, SI: 4, Sub-iteration number: 0, FoM: 0.2725899535074683
06/05/2022 12:59:12.868 - oc_logger - INFO - Function evaluation number: 42, SI: 4, Sub-iteration number: 0, FoM: 0.27287376855476964
06/05/2022 12:59:12.990 - oc_logger - INFO - Function evaluation number: 43, SI: 4, Sub-iteration number: 0, FoM: 0.2728177970490303
06/05/2022 12:59:13.123 - oc_logger - INFO - Function evaluation number: 44, SI: 4, Sub-iteration number: 0, FoM: 0.27286038736441187
06/05/2022 12:59:13.246 - oc_logger - INFO - New record achieved. Previous FoM: 0.2725899535074683, new best FoM : 0.27243277776232766
06/05/2022 12:59:13.246 - oc_logger - INFO - Function evaluation number: 45, SI: 4, Sub-iteration number: 1, FoM: 0.27243277776232766
06/05/2022 12:59:13.374 - oc_logger - INFO - New record achieved. Previous FoM: 0.27243277776232766, new best FoM : 0.2723313466923942
06/05/2022 12:59:13.374 - oc_logger - INFO - Function evaluation number: 46, SI: 4, Sub-iteration number: 1, FoM: 0.2723313466923942
06/05/2022 12:59:13.499 - oc_logger - INFO - Function evaluation number: 47, SI: 4, Sub-iteration number: 2, FoM: 0.27282710624144935
06/05/2022 12:59:13.625 - oc_logger - INFO - Function evaluation number: 48, SI: 4, Sub-iteration number: 3, FoM: 0.2724731238529381
06/05/2022 12:59:13.749 - oc_logger - INFO - Function evaluation number: 49, SI: 4, Sub-iteration number: 4, FoM: 0.2724330977624405
06/05/2022 12:59:13.884 - oc_logger - INFO - New record achieved. Previous FoM: 0.2723313466923942, new best FoM : 0.2722629171497144
06/05/2022 12:59:13.884 - oc_logger - INFO - Function evaluation number: 50, SI: 4, Sub-iteration number: 5, FoM: 0.2722629171497144
06/05/2022 12:59:14.019 - oc_logger - INFO - New record achieved. Previous FoM: 0.2722629171497144, new best FoM : 0.2721686549649249
06/05/2022 12:59:14.019 - oc_logger - INFO - Function evaluation number: 51, SI: 4, Sub-iteration number: 5, FoM: 0.2721686549649249
06/05/2022 12:59:14.157 - oc_logger - INFO - Function evaluation number: 52, SI: 4, Sub-iteration number: 6, FoM: 0.27268985228871534
06/05/2022 12:59:14.286 - oc_logger - INFO - New record achieved. Previous FoM: 0.2721686549649249, new best FoM : 0.272064235939546
06/05/2022 12:59:14.286 - oc_logger - INFO - Function evaluation number: 53, SI: 4, Sub-iteration number: 7, FoM: 0.272064235939546
06/05/2022 12:59:14.418 - oc_logger - INFO - New record achieved. Previous FoM: 0.272064235939546, new best FoM : 0.2719394202865575
06/05/2022 12:59:14.418 - oc_logger - INFO - Function evaluation number: 54, SI: 4, Sub-iteration number: 7, FoM: 0.2719394202865575
06/05/2022 12:59:14.545 - oc_logger - INFO - Function evaluation number: 55, SI: 4, Sub-iteration number: 8, FoM: 0.27205216876741856
06/05/2022 12:59:14.679 - oc_logger - INFO - New record achieved. Previous FoM: 0.2719394202865575, new best FoM : 0.2718418527469175
06/05/2022 12:59:14.679 - oc_logger - INFO - Function evaluation number: 56, SI: 4, Sub-iteration number: 9, FoM: 0.2718418527469175
06/05/2022 12:59:14.809 - oc_logger - INFO - New record achieved. Previous FoM: 0.2718418527469175, new best FoM : 0.27171145169711
06/05/2022 12:59:14.809 - oc_logger - INFO - Function evaluation number: 57, SI: 4, Sub-iteration number: 9, FoM: 0.27171145169711
06/05/2022 12:59:14.938 - oc_logger - INFO - Function evaluation number: 58, SI: 4, Sub-iteration number: 10, FoM: 0.2721652534160257
06/05/2022 12:59:15.064 - oc_logger - INFO - New record achieved. Previous FoM: 0.27171145169711, new best FoM : 0.271572239610823
06/05/2022 12:59:15.065 - oc_logger - INFO - Function evaluation number: 59, SI: 4, Sub-iteration number: 11, FoM: 0.271572239610823
06/05/2022 12:59:15.198 - oc_logger - INFO - New record achieved. Previous FoM: 0.271572239610823, new best FoM : 0.27141081560877
06/05/2022 12:59:15.199 - oc_logger - INFO - Function evaluation number: 60, SI: 4, Sub-iteration number: 11, FoM: 0.27141081560877
06/05/2022 12:59:15.327 - oc_logger - INFO - Function evaluation number: 61, SI: 4, Sub-iteration number: 12, FoM: 0.27143549553816304
06/05/2022 12:59:15.462 - oc_logger - INFO - New record achieved. Previous FoM: 0.27141081560877, new best FoM : 0.27125122169296145
06/05/2022 12:59:15.462 - oc_logger - INFO - Function evaluation number: 62, SI: 4, Sub-iteration number: 13, FoM: 0.27125122169296145
06/05/2022 12:59:15.595 - oc_logger - INFO - New record achieved. Previous FoM: 0.27125122169296145, new best FoM : 0.2710765564245041
06/05/2022 12:59:15.596 - oc_logger - INFO - Function evaluation number: 63, SI: 4, Sub-iteration number: 13, FoM: 0.2710765564245041
06/05/2022 12:59:15.730 - oc_logger - INFO - New record achieved. Previous FoM: 0.2710765564245041, new best FoM : 0.27095850271889943
06/05/2022 12:59:15.730 - oc_logger - INFO - Function evaluation number: 64, SI: 4, Sub-iteration number: 14, FoM: 0.27095850271889943
06/05/2022 12:59:15.856 - oc_logger - INFO - New record achieved. Previous FoM: 0.27095850271889943, new best FoM : 0.2707380581619203
06/05/2022 12:59:15.857 - oc_logger - INFO - Function evaluation number: 65, SI: 4, Sub-iteration number: 14, FoM: 0.2707380581619203
06/05/2022 12:59:15.989 - oc_logger - INFO - Function evaluation number: 66, SI: 4, Sub-iteration number: 15, FoM: 0.2708039856546265
06/05/2022 12:59:16.110 - oc_logger - INFO - Function evaluation number: 67, SI: 4, Sub-iteration number: 16, FoM: 0.2708275139469527
06/05/2022 12:59:16.246 - oc_logger - INFO - New record achieved. Previous FoM: 0.2707380581619203, new best FoM : 0.27021399147186076
06/05/2022 12:59:16.246 - oc_logger - INFO - Function evaluation number: 68, SI: 4, Sub-iteration number: 17, FoM: 0.27021399147186076
06/05/2022 12:59:16.375 - oc_logger - INFO - New record achieved. Previous FoM: 0.27021399147186076, new best FoM : 0.26992747127764116
06/05/2022 12:59:16.375 - oc_logger - INFO - Function evaluation number: 69, SI: 4, Sub-iteration number: 17, FoM: 0.26992747127764116
06/05/2022 12:59:16.510 - oc_logger - INFO - New record achieved. Previous FoM: 0.26992747127764116, new best FoM : 0.2697557868791316
06/05/2022 12:59:16.510 - oc_logger - INFO - Function evaluation number: 70, SI: 4, Sub-iteration number: 18, FoM: 0.2697557868791316
06/05/2022 12:59:16.633 - oc_logger - INFO - New record achieved. Previous FoM: 0.2697557868791316, new best FoM : 0.2694054782269455
06/05/2022 12:59:16.633 - oc_logger - INFO - Function evaluation number: 71, SI: 4, Sub-iteration number: 18, FoM: 0.2694054782269455
06/05/2022 12:59:16.768 - oc_logger - INFO - Function evaluation number: 72, SI: 4, Sub-iteration number: 19, FoM: 0.2696739296016122
06/05/2022 12:59:16.885 - oc_logger - INFO - New record achieved. Previous FoM: 0.2694054782269455, new best FoM : 0.26933568508428984
06/05/2022 12:59:16.885 - oc_logger - INFO - Function evaluation number: 73, SI: 4, Sub-iteration number: 20, FoM: 0.26933568508428984
06/05/2022 12:59:17.014 - oc_logger - INFO - New record achieved. Previous FoM: 0.26933568508428984, new best FoM : 0.26901491183403026
06/05/2022 12:59:17.014 - oc_logger - INFO - Function evaluation number: 74, SI: 4, Sub-iteration number: 20, FoM: 0.26901491183403026
06/05/2022 12:59:17.150 - oc_logger - INFO - New record achieved. Previous FoM: 0.26901491183403026, new best FoM : 0.2686474970678103
06/05/2022 12:59:17.150 - oc_logger - INFO - Function evaluation number: 75, SI: 4, Sub-iteration number: 21, FoM: 0.2686474970678103
06/05/2022 12:59:17.281 - oc_logger - INFO - New record achieved. Previous FoM: 0.2686474970678103, new best FoM : 0.2682114370348372
06/05/2022 12:59:17.282 - oc_logger - INFO - Function evaluation number: 76, SI: 4, Sub-iteration number: 21, FoM: 0.2682114370348372
06/05/2022 12:59:17.412 - oc_logger - INFO - Function evaluation number: 77, SI: 4, Sub-iteration number: 22, FoM: 0.2684387213497802
06/05/2022 12:59:17.546 - oc_logger - INFO - Function evaluation number: 78, SI: 4, Sub-iteration number: 23, FoM: 0.26838026290860717
06/05/2022 12:59:17.681 - oc_logger - INFO - New record achieved. Previous FoM: 0.2682114370348372, new best FoM : 0.2672703207148478
06/05/2022 12:59:17.681 - oc_logger - INFO - Function evaluation number: 79, SI: 4, Sub-iteration number: 24, FoM: 0.2672703207148478
06/05/2022 12:59:17.813 - oc_logger - INFO - New record achieved. Previous FoM: 0.2672703207148478, new best FoM : 0.26671581295659785
06/05/2022 12:59:17.813 - oc_logger - INFO - Function evaluation number: 80, SI: 4, Sub-iteration number: 24, FoM: 0.26671581295659785
06/05/2022 12:59:17.940 - oc_logger - INFO - New record achieved. Previous FoM: 0.26671581295659785, new best FoM : 0.2661208732443453
06/05/2022 12:59:17.940 - oc_logger - INFO - Function evaluation number: 81, SI: 4, Sub-iteration number: 25, FoM: 0.2661208732443453
06/05/2022 12:59:18.072 - oc_logger - INFO - New record achieved. Previous FoM: 0.2661208732443453, new best FoM : 0.2653706194342942
06/05/2022 12:59:18.072 - oc_logger - INFO - Function evaluation number: 82, SI: 4, Sub-iteration number: 25, FoM: 0.2653706194342942
06/05/2022 12:59:18.201 - oc_logger - INFO - Function evaluation number: 83, SI: 4, Sub-iteration number: 26, FoM: 0.2662297183894097
06/05/2022 12:59:18.333 - oc_logger - INFO - Function evaluation number: 84, SI: 4, Sub-iteration number: 27, FoM: 0.2655673840092976
06/05/2022 12:59:18.461 - oc_logger - INFO - New record achieved. Previous FoM: 0.2653706194342942, new best FoM : 0.2646552572886416
06/05/2022 12:59:18.461 - oc_logger - INFO - Function evaluation number: 85, SI: 4, Sub-iteration number: 28, FoM: 0.2646552572886416
06/05/2022 12:59:18.595 - oc_logger - INFO - New record achieved. Previous FoM: 0.2646552572886416, new best FoM : 0.2639190737131758
06/05/2022 12:59:18.595 - oc_logger - INFO - Function evaluation number: 86, SI: 4, Sub-iteration number: 28, FoM: 0.2639190737131758
06/05/2022 12:59:18.722 - oc_logger - INFO - New record achieved. Previous FoM: 0.2639190737131758, new best FoM : 0.2637576672649872
06/05/2022 12:59:18.723 - oc_logger - INFO - Function evaluation number: 87, SI: 4, Sub-iteration number: 29, FoM: 0.2637576672649872
06/05/2022 12:59:18.852 - oc_logger - INFO - New record achieved. Previous FoM: 0.2637576672649872, new best FoM : 0.26294619605658076
06/05/2022 12:59:18.852 - oc_logger - INFO - Function evaluation number: 88, SI: 4, Sub-iteration number: 29, FoM: 0.26294619605658076
06/05/2022 12:59:18.980 - oc_logger - INFO - Function evaluation number: 89, SI: 4, Sub-iteration number: 30, FoM: 0.2632245032045166
06/05/2022 12:59:19.115 - oc_logger - INFO - New record achieved. Previous FoM: 0.26294619605658076, new best FoM : 0.2618414574540706
06/05/2022 12:59:19.115 - oc_logger - INFO - Function evaluation number: 90, SI: 4, Sub-iteration number: 31, FoM: 0.2618414574540706
06/05/2022 12:59:19.245 - oc_logger - INFO - New record achieved. Previous FoM: 0.2618414574540706, new best FoM : 0.260887004459764
06/05/2022 12:59:19.245 - oc_logger - INFO - Function evaluation number: 91, SI: 4, Sub-iteration number: 31, FoM: 0.260887004459764
06/05/2022 12:59:19.377 - oc_logger - INFO - New record achieved. Previous FoM: 0.260887004459764, new best FoM : 0.25950548495626724
06/05/2022 12:59:19.377 - oc_logger - INFO - Function evaluation number: 92, SI: 4, Sub-iteration number: 32, FoM: 0.25950548495626724
06/05/2022 12:59:19.506 - oc_logger - INFO - New record achieved. Previous FoM: 0.25950548495626724, new best FoM : 0.25809954627484544
06/05/2022 12:59:19.506 - oc_logger - INFO - Function evaluation number: 93, SI: 4, Sub-iteration number: 32, FoM: 0.25809954627484544
06/05/2022 12:59:19.628 - oc_logger - INFO - Function evaluation number: 94, SI: 4, Sub-iteration number: 33, FoM: 0.259364376649163
06/05/2022 12:59:19.760 - oc_logger - INFO - Function evaluation number: 95, SI: 4, Sub-iteration number: 34, FoM: 0.25823804002128936
06/05/2022 12:59:19.895 - oc_logger - INFO - New record achieved. Previous FoM: 0.25809954627484544, new best FoM : 0.256854827988113
06/05/2022 12:59:19.895 - oc_logger - INFO - Function evaluation number: 96, SI: 4, Sub-iteration number: 35, FoM: 0.256854827988113
06/05/2022 12:59:20.025 - oc_logger - INFO - New record achieved. Previous FoM: 0.256854827988113, new best FoM : 0.2555323739238715
06/05/2022 12:59:20.026 - oc_logger - INFO - Function evaluation number: 97, SI: 4, Sub-iteration number: 35, FoM: 0.2555323739238715
06/05/2022 12:59:20.160 - oc_logger - INFO - New record achieved. Previous FoM: 0.2555323739238715, new best FoM : 0.2541132042920726
06/05/2022 12:59:20.161 - oc_logger - INFO - Function evaluation number: 98, SI: 4, Sub-iteration number: 36, FoM: 0.2541132042920726
06/05/2022 12:59:20.285 - oc_logger - INFO - New record achieved. Previous FoM: 0.2541132042920726, new best FoM : 0.2523361544824825
06/05/2022 12:59:20.286 - oc_logger - INFO - Function evaluation number: 99, SI: 4, Sub-iteration number: 36, FoM: 0.2523361544824825
06/05/2022 12:59:20.419 - oc_logger - INFO - Function evaluation number: 100, SI: 4, Sub-iteration number: 37, FoM: 0.2529481399190969
06/05/2022 12:59:20.545 - oc_logger - INFO - New record achieved. Previous FoM: 0.2523361544824825, new best FoM : 0.2513104112093876
06/05/2022 12:59:20.545 - oc_logger - INFO - Function evaluation number: 101, SI: 4, Sub-iteration number: 38, FoM: 0.2513104112093876
06/05/2022 12:59:20.680 - oc_logger - INFO - New record achieved. Previous FoM: 0.2513104112093876, new best FoM : 0.24955882191512446
06/05/2022 12:59:20.680 - oc_logger - INFO - Function evaluation number: 102, SI: 4, Sub-iteration number: 38, FoM: 0.24955882191512446
06/05/2022 12:59:20.805 - oc_logger - INFO - New record achieved. Previous FoM: 0.24955882191512446, new best FoM : 0.24722525801957607
06/05/2022 12:59:20.805 - oc_logger - INFO - Function evaluation number: 103, SI: 4, Sub-iteration number: 39, FoM: 0.24722525801957607
06/05/2022 12:59:20.942 - oc_logger - INFO - New record achieved. Previous FoM: 0.24722525801957607, new best FoM : 0.24472335042060667
06/05/2022 12:59:20.942 - oc_logger - INFO - Function evaluation number: 104, SI: 4, Sub-iteration number: 39, FoM: 0.24472335042060667
06/05/2022 12:59:21.075 - oc_logger - INFO - Function evaluation number: 105, SI: 4, Sub-iteration number: 40, FoM: 0.2458822782422071
06/05/2022 12:59:21.206 - oc_logger - INFO - New record achieved. Previous FoM: 0.24472335042060667, new best FoM : 0.243996239106681
06/05/2022 12:59:21.206 - oc_logger - INFO - Function evaluation number: 106, SI: 4, Sub-iteration number: 41, FoM: 0.243996239106681
06/05/2022 12:59:21.331 - oc_logger - INFO - New record achieved. Previous FoM: 0.243996239106681, new best FoM : 0.24166011312735391
06/05/2022 12:59:21.331 - oc_logger - INFO - Function evaluation number: 107, SI: 4, Sub-iteration number: 41, FoM: 0.24166011312735391
06/05/2022 12:59:21.469 - oc_logger - INFO - New record achieved. Previous FoM: 0.24166011312735391, new best FoM : 0.24083586814438662
06/05/2022 12:59:21.470 - oc_logger - INFO - Function evaluation number: 108, SI: 4, Sub-iteration number: 42, FoM: 0.24083586814438662
06/05/2022 12:59:21.596 - oc_logger - INFO - New record achieved. Previous FoM: 0.24083586814438662, new best FoM : 0.238180011416261
06/05/2022 12:59:21.596 - oc_logger - INFO - Function evaluation number: 109, SI: 4, Sub-iteration number: 42, FoM: 0.238180011416261
06/05/2022 12:59:21.732 - oc_logger - INFO - New record achieved. Previous FoM: 0.238180011416261, new best FoM : 0.23514212134708457
06/05/2022 12:59:21.732 - oc_logger - INFO - Function evaluation number: 110, SI: 4, Sub-iteration number: 43, FoM: 0.23514212134708457
06/05/2022 12:59:21.863 - oc_logger - INFO - New record achieved. Previous FoM: 0.23514212134708457, new best FoM : 0.23227850414422746
06/05/2022 12:59:21.863 - oc_logger - INFO - Function evaluation number: 111, SI: 4, Sub-iteration number: 43, FoM: 0.23227850414422746
06/05/2022 12:59:21.999 - oc_logger - INFO - Function evaluation number: 112, SI: 4, Sub-iteration number: 44, FoM: 0.23264033994342292
06/05/2022 12:59:22.115 - oc_logger - INFO - New record achieved. Previous FoM: 0.23227850414422746, new best FoM : 0.23129815164855494
06/05/2022 12:59:22.115 - oc_logger - INFO - Function evaluation number: 113, SI: 4, Sub-iteration number: 45, FoM: 0.23129815164855494
06/05/2022 12:59:22.247 - oc_logger - INFO - New record achieved. Previous FoM: 0.23129815164855494, new best FoM : 0.22908398511150874
06/05/2022 12:59:22.247 - oc_logger - INFO - Function evaluation number: 114, SI: 4, Sub-iteration number: 45, FoM: 0.22908398511150874
06/05/2022 12:59:22.375 - oc_logger - INFO - New record achieved. Previous FoM: 0.22908398511150874, new best FoM : 0.22610694129224673
06/05/2022 12:59:22.375 - oc_logger - INFO - Function evaluation number: 115, SI: 4, Sub-iteration number: 46, FoM: 0.22610694129224673
06/05/2022 12:59:22.506 - oc_logger - INFO - New record achieved. Previous FoM: 0.22610694129224673, new best FoM : 0.22395359685289595
06/05/2022 12:59:22.506 - oc_logger - INFO - Function evaluation number: 116, SI: 4, Sub-iteration number: 46, FoM: 0.22395359685289595
06/05/2022 12:59:22.630 - oc_logger - INFO - New record achieved. Previous FoM: 0.22395359685289595, new best FoM : 0.22381432874460128
06/05/2022 12:59:22.630 - oc_logger - INFO - Function evaluation number: 117, SI: 4, Sub-iteration number: 47, FoM: 0.22381432874460128
06/05/2022 12:59:22.767 - oc_logger - INFO - New record achieved. Previous FoM: 0.22381432874460128, new best FoM : 0.22187386549035126
06/05/2022 12:59:22.767 - oc_logger - INFO - Function evaluation number: 118, SI: 4, Sub-iteration number: 47, FoM: 0.22187386549035126
06/05/2022 12:59:22.901 - oc_logger - INFO - Function evaluation number: 119, SI: 4, Sub-iteration number: 48, FoM: 0.22211656408816483
06/05/2022 12:59:23.036 - oc_logger - INFO - New record achieved. Previous FoM: 0.22187386549035126, new best FoM : 0.22045550045805407
06/05/2022 12:59:23.036 - oc_logger - INFO - Function evaluation number: 120, SI: 4, Sub-iteration number: 49, FoM: 0.22045550045805407
06/05/2022 12:59:23.171 - oc_logger - INFO - New record achieved. Previous FoM: 0.22045550045805407, new best FoM : 0.2191935012639844
06/05/2022 12:59:23.171 - oc_logger - INFO - Function evaluation number: 121, SI: 4, Sub-iteration number: 49, FoM: 0.2191935012639844
06/05/2022 12:59:23.301 - oc_logger - INFO - New record achieved. Previous FoM: 0.2191935012639844, new best FoM : 0.21828041058704684
06/05/2022 12:59:23.301 - oc_logger - INFO - Function evaluation number: 122, SI: 4, Sub-iteration number: 50, FoM: 0.21828041058704684
06/05/2022 12:59:23.426 - oc_logger - INFO - New record achieved. Previous FoM: 0.21828041058704684, new best FoM : 0.2170681763242025
06/05/2022 12:59:23.426 - oc_logger - INFO - Function evaluation number: 123, SI: 4, Sub-iteration number: 50, FoM: 0.2170681763242025
06/05/2022 12:59:23.554 - oc_logger - INFO - Function evaluation number: 124, SI: 4, Sub-iteration number: 51, FoM: 0.21720758622556946
06/05/2022 12:59:23.675 - oc_logger - INFO - New record achieved. Previous FoM: 0.2170681763242025, new best FoM : 0.2161145352105618
06/05/2022 12:59:23.675 - oc_logger - INFO - Function evaluation number: 125, SI: 4, Sub-iteration number: 52, FoM: 0.2161145352105618
06/05/2022 12:59:23.810 - oc_logger - INFO - New record achieved. Previous FoM: 0.2161145352105618, new best FoM : 0.21516043677085006
06/05/2022 12:59:23.810 - oc_logger - INFO - Function evaluation number: 126, SI: 4, Sub-iteration number: 52, FoM: 0.21516043677085006
06/05/2022 12:59:23.929 - oc_logger - INFO - New record achieved. Previous FoM: 0.21516043677085006, new best FoM : 0.21479190900347356
06/05/2022 12:59:23.930 - oc_logger - INFO - Function evaluation number: 127, SI: 4, Sub-iteration number: 53, FoM: 0.21479190900347356
06/05/2022 12:59:24.058 - oc_logger - INFO - New record achieved. Previous FoM: 0.21479190900347356, new best FoM : 0.21398629413275694
06/05/2022 12:59:24.058 - oc_logger - INFO - Function evaluation number: 128, SI: 4, Sub-iteration number: 53, FoM: 0.21398629413275694
06/05/2022 12:59:24.186 - oc_logger - INFO - New record achieved. Previous FoM: 0.21398629413275694, new best FoM : 0.21339995606151008
06/05/2022 12:59:24.186 - oc_logger - INFO - Function evaluation number: 129, SI: 4, Sub-iteration number: 54, FoM: 0.21339995606151008
06/05/2022 12:59:24.321 - oc_logger - INFO - New record achieved. Previous FoM: 0.21339995606151008, new best FoM : 0.21264250672779939
06/05/2022 12:59:24.321 - oc_logger - INFO - Function evaluation number: 130, SI: 4, Sub-iteration number: 54, FoM: 0.21264250672779939
06/05/2022 12:59:24.445 - oc_logger - INFO - Function evaluation number: 131, SI: 4, Sub-iteration number: 55, FoM: 0.21295455913704053
06/05/2022 12:59:24.574 - oc_logger - INFO - New record achieved. Previous FoM: 0.21264250672779939, new best FoM : 0.21236974174001355
06/05/2022 12:59:24.574 - oc_logger - INFO - Function evaluation number: 132, SI: 4, Sub-iteration number: 56, FoM: 0.21236974174001355
06/05/2022 12:59:24.705 - oc_logger - INFO - New record achieved. Previous FoM: 0.21236974174001355, new best FoM : 0.21177804753822982
06/05/2022 12:59:24.705 - oc_logger - INFO - Function evaluation number: 133, SI: 4, Sub-iteration number: 56, FoM: 0.21177804753822982
06/05/2022 12:59:24.838 - oc_logger - INFO - Function evaluation number: 134, SI: 4, Sub-iteration number: 57, FoM: 0.21183500603851302
06/05/2022 12:59:24.971 - oc_logger - INFO - New record achieved. Previous FoM: 0.21177804753822982, new best FoM : 0.21082174629434236
06/05/2022 12:59:24.971 - oc_logger - INFO - Function evaluation number: 135, SI: 4, Sub-iteration number: 58, FoM: 0.21082174629434236
06/05/2022 12:59:25.100 - oc_logger - INFO - New record achieved. Previous FoM: 0.21082174629434236, new best FoM : 0.21034880764701824
06/05/2022 12:59:25.100 - oc_logger - INFO - Function evaluation number: 136, SI: 4, Sub-iteration number: 58, FoM: 0.21034880764701824
06/05/2022 12:59:25.229 - oc_logger - INFO - Function evaluation number: 137, SI: 4, Sub-iteration number: 59, FoM: 0.2103879755936453
06/05/2022 12:59:25.362 - oc_logger - INFO - New record achieved. Previous FoM: 0.21034880764701824, new best FoM : 0.20982480927895475
06/05/2022 12:59:25.362 - oc_logger - INFO - Function evaluation number: 138, SI: 4, Sub-iteration number: 60, FoM: 0.20982480927895475
06/05/2022 12:59:25.497 - oc_logger - INFO - New record achieved. Previous FoM: 0.20982480927895475, new best FoM : 0.20946211086698274
06/05/2022 12:59:25.497 - oc_logger - INFO - Function evaluation number: 139, SI: 4, Sub-iteration number: 60, FoM: 0.20946211086698274
06/05/2022 12:59:25.629 - oc_logger - INFO - Function evaluation number: 140, SI: 4, Sub-iteration number: 61, FoM: 0.20958558429636942
06/05/2022 12:59:25.758 - oc_logger - INFO - New record achieved. Previous FoM: 0.20946211086698274, new best FoM : 0.20911757421457056
06/05/2022 12:59:25.758 - oc_logger - INFO - Function evaluation number: 141, SI: 4, Sub-iteration number: 62, FoM: 0.20911757421457056
06/05/2022 12:59:25.891 - oc_logger - INFO - New record achieved. Previous FoM: 0.20911757421457056, new best FoM : 0.20882069869169007
06/05/2022 12:59:25.892 - oc_logger - INFO - Function evaluation number: 142, SI: 4, Sub-iteration number: 62, FoM: 0.20882069869169007
06/05/2022 12:59:26.023 - oc_logger - INFO - Function evaluation number: 143, SI: 4, Sub-iteration number: 63, FoM: 0.20893305507406368
06/05/2022 12:59:26.158 - oc_logger - INFO - New record achieved. Previous FoM: 0.20882069869169007, new best FoM : 0.2086478733457291
06/05/2022 12:59:26.158 - oc_logger - INFO - Function evaluation number: 144, SI: 4, Sub-iteration number: 64, FoM: 0.2086478733457291
06/05/2022 12:59:26.282 - oc_logger - INFO - New record achieved. Previous FoM: 0.2086478733457291, new best FoM : 0.20841008591299026
06/05/2022 12:59:26.282 - oc_logger - INFO - Function evaluation number: 145, SI: 4, Sub-iteration number: 64, FoM: 0.20841008591299026
06/05/2022 12:59:26.412 - oc_logger - INFO - New record achieved. Previous FoM: 0.20841008591299026, new best FoM : 0.20822269164303697
06/05/2022 12:59:26.412 - oc_logger - INFO - Function evaluation number: 146, SI: 4, Sub-iteration number: 65, FoM: 0.20822269164303697
06/05/2022 12:59:26.543 - oc_logger - INFO - New record achieved. Previous FoM: 0.20822269164303697, new best FoM : 0.20801526863302677
06/05/2022 12:59:26.543 - oc_logger - INFO - Function evaluation number: 147, SI: 4, Sub-iteration number: 65, FoM: 0.20801526863302677
06/05/2022 12:59:26.674 - oc_logger - INFO - New record achieved. Previous FoM: 0.20801526863302677, new best FoM : 0.20783768374337463
06/05/2022 12:59:26.674 - oc_logger - INFO - Function evaluation number: 148, SI: 4, Sub-iteration number: 66, FoM: 0.20783768374337463
06/05/2022 12:59:26.801 - oc_logger - INFO - New record achieved. Previous FoM: 0.20783768374337463, new best FoM : 0.2076535624782061
06/05/2022 12:59:26.801 - oc_logger - INFO - Function evaluation number: 149, SI: 4, Sub-iteration number: 66, FoM: 0.2076535624782061
06/05/2022 12:59:26.937 - oc_logger - INFO - Function evaluation number: 150, SI: 4, Sub-iteration number: 67, FoM: 0.20788562349958173
06/05/2022 12:59:27.064 - oc_logger - INFO - New record achieved. Previous FoM: 0.2076535624782061, new best FoM : 0.2075142040966923
06/05/2022 12:59:27.064 - oc_logger - INFO - Function evaluation number: 151, SI: 4, Sub-iteration number: 68, FoM: 0.2075142040966923
06/05/2022 12:59:27.192 - oc_logger - INFO - New record achieved. Previous FoM: 0.2075142040966923, new best FoM : 0.2073689485350675
06/05/2022 12:59:27.193 - oc_logger - INFO - Function evaluation number: 152, SI: 4, Sub-iteration number: 68, FoM: 0.2073689485350675
06/05/2022 12:59:27.324 - oc_logger - INFO - Function evaluation number: 153, SI: 4, Sub-iteration number: 69, FoM: 0.20738900073004574
06/05/2022 12:59:27.456 - oc_logger - INFO - New record achieved. Previous FoM: 0.2073689485350675, new best FoM : 0.20717398141561527
06/05/2022 12:59:27.456 - oc_logger - INFO - Function evaluation number: 154, SI: 4, Sub-iteration number: 70, FoM: 0.20717398141561527
06/05/2022 12:59:27.582 - oc_logger - INFO - New record achieved. Previous FoM: 0.20717398141561527, new best FoM : 0.20703711899743793
06/05/2022 12:59:27.582 - oc_logger - INFO - Function evaluation number: 155, SI: 4, Sub-iteration number: 70, FoM: 0.20703711899743793
06/05/2022 12:59:27.712 - oc_logger - INFO - Function evaluation number: 156, SI: 4, Sub-iteration number: 71, FoM: 0.20705263196033252
06/05/2022 12:59:27.836 - oc_logger - INFO - New record achieved. Previous FoM: 0.20703711899743793, new best FoM : 0.20690413631526416
06/05/2022 12:59:27.836 - oc_logger - INFO - Function evaluation number: 157, SI: 4, Sub-iteration number: 72, FoM: 0.20690413631526416
06/05/2022 12:59:27.970 - oc_logger - INFO - New record achieved. Previous FoM: 0.20690413631526416, new best FoM : 0.2067978105883671
06/05/2022 12:59:27.970 - oc_logger - INFO - Function evaluation number: 158, SI: 4, Sub-iteration number: 72, FoM: 0.2067978105883671
06/05/2022 12:59:28.101 - oc_logger - INFO - New record achieved. Previous FoM: 0.2067978105883671, new best FoM : 0.20674493651080883
06/05/2022 12:59:28.101 - oc_logger - INFO - Function evaluation number: 159, SI: 4, Sub-iteration number: 73, FoM: 0.20674493651080883
06/05/2022 12:59:28.236 - oc_logger - INFO - New record achieved. Previous FoM: 0.20674493651080883, new best FoM : 0.20666213841531722
06/05/2022 12:59:28.236 - oc_logger - INFO - Function evaluation number: 160, SI: 4, Sub-iteration number: 73, FoM: 0.20666213841531722
06/05/2022 12:59:28.362 - oc_logger - INFO - Function evaluation number: 161, SI: 4, Sub-iteration number: 74, FoM: 0.20681149009525002
06/05/2022 12:59:28.488 - oc_logger - INFO - New record achieved. Previous FoM: 0.20666213841531722, new best FoM : 0.20660051762516174
06/05/2022 12:59:28.488 - oc_logger - INFO - Function evaluation number: 162, SI: 4, Sub-iteration number: 75, FoM: 0.20660051762516174
06/05/2022 12:59:28.612 - oc_logger - INFO - New record achieved. Previous FoM: 0.20660051762516174, new best FoM : 0.20652405870160417
06/05/2022 12:59:28.612 - oc_logger - INFO - Function evaluation number: 163, SI: 4, Sub-iteration number: 75, FoM: 0.20652405870160417
06/05/2022 12:59:28.744 - oc_logger - INFO - New record achieved. Previous FoM: 0.20652405870160417, new best FoM : 0.2065158062169502
06/05/2022 12:59:28.744 - oc_logger - INFO - Function evaluation number: 164, SI: 4, Sub-iteration number: 76, FoM: 0.2065158062169502
06/05/2022 12:59:28.872 - oc_logger - INFO - New record achieved. Previous FoM: 0.2065158062169502, new best FoM : 0.20643671213608605
06/05/2022 12:59:28.873 - oc_logger - INFO - Function evaluation number: 165, SI: 4, Sub-iteration number: 76, FoM: 0.20643671213608605
06/05/2022 12:59:29.009 - oc_logger - INFO - New record achieved. Previous FoM: 0.20643671213608605, new best FoM : 0.2064340596087243
06/05/2022 12:59:29.010 - oc_logger - INFO - Function evaluation number: 166, SI: 4, Sub-iteration number: 77, FoM: 0.2064340596087243
06/05/2022 12:59:29.140 - oc_logger - INFO - New record achieved. Previous FoM: 0.2064340596087243, new best FoM : 0.20637473108077087
06/05/2022 12:59:29.141 - oc_logger - INFO - Function evaluation number: 167, SI: 4, Sub-iteration number: 77, FoM: 0.20637473108077087
06/05/2022 12:59:29.275 - oc_logger - INFO - New record achieved. Previous FoM: 0.20637473108077087, new best FoM : 0.20635199488367717
06/05/2022 12:59:29.275 - oc_logger - INFO - Function evaluation number: 168, SI: 4, Sub-iteration number: 78, FoM: 0.20635199488367717
06/05/2022 12:59:29.395 - oc_logger - INFO - New record achieved. Previous FoM: 0.20635199488367717, new best FoM : 0.2063156508407139
06/05/2022 12:59:29.395 - oc_logger - INFO - Function evaluation number: 169, SI: 4, Sub-iteration number: 78, FoM: 0.2063156508407139
06/05/2022 12:59:29.523 - oc_logger - INFO - Function evaluation number: 170, SI: 4, Sub-iteration number: 79, FoM: 0.20632851761682158
06/05/2022 12:59:29.652 - oc_logger - INFO - New record achieved. Previous FoM: 0.2063156508407139, new best FoM : 0.20626875420150415
06/05/2022 12:59:29.652 - oc_logger - INFO - Function evaluation number: 171, SI: 4, Sub-iteration number: 80, FoM: 0.20626875420150415
06/05/2022 12:59:29.778 - oc_logger - INFO - New record achieved. Previous FoM: 0.20626875420150415, new best FoM : 0.2062293831742148
06/05/2022 12:59:29.778 - oc_logger - INFO - Function evaluation number: 172, SI: 4, Sub-iteration number: 80, FoM: 0.2062293831742148
06/05/2022 12:59:29.906 - oc_logger - INFO - New record achieved. Previous FoM: 0.2062293831742148, new best FoM : 0.20621199550426528
06/05/2022 12:59:29.907 - oc_logger - INFO - Function evaluation number: 173, SI: 4, Sub-iteration number: 81, FoM: 0.20621199550426528
06/05/2022 12:59:30.044 - oc_logger - INFO - New record achieved. Previous FoM: 0.20621199550426528, new best FoM : 0.20617398788827812
06/05/2022 12:59:30.044 - oc_logger - INFO - Function evaluation number: 174, SI: 4, Sub-iteration number: 81, FoM: 0.20617398788827812
06/05/2022 12:59:30.166 - oc_logger - INFO - New record achieved. Previous FoM: 0.20617398788827812, new best FoM : 0.20612996256434912
06/05/2022 12:59:30.166 - oc_logger - INFO - Function evaluation number: 175, SI: 4, Sub-iteration number: 82, FoM: 0.20612996256434912
06/05/2022 12:59:30.294 - oc_logger - INFO - New record achieved. Previous FoM: 0.20612996256434912, new best FoM : 0.2060961344517216
06/05/2022 12:59:30.294 - oc_logger - INFO - Function evaluation number: 176, SI: 4, Sub-iteration number: 82, FoM: 0.2060961344517216
06/05/2022 12:59:30.407 - oc_logger - INFO - New record achieved. Previous FoM: 0.2060961344517216, new best FoM : 0.20609579672583034
06/05/2022 12:59:30.407 - oc_logger - INFO - Function evaluation number: 177, SI: 4, Sub-iteration number: 83, FoM: 0.20609579672583034
06/05/2022 12:59:30.541 - oc_logger - INFO - New record achieved. Previous FoM: 0.20609579672583034, new best FoM : 0.20606673133053321
06/05/2022 12:59:30.541 - oc_logger - INFO - Function evaluation number: 178, SI: 4, Sub-iteration number: 83, FoM: 0.20606673133053321
06/05/2022 12:59:30.667 - oc_logger - INFO - Function evaluation number: 179, SI: 4, Sub-iteration number: 84, FoM: 0.20606973383166194
06/05/2022 12:59:30.797 - oc_logger - INFO - New record achieved. Previous FoM: 0.20606673133053321, new best FoM : 0.20604520113806912
06/05/2022 12:59:30.797 - oc_logger - INFO - Function evaluation number: 180, SI: 4, Sub-iteration number: 85, FoM: 0.20604520113806912
06/05/2022 12:59:30.922 - oc_logger - INFO - New record achieved. Previous FoM: 0.20604520113806912, new best FoM : 0.20602088054387102
06/05/2022 12:59:30.922 - oc_logger - INFO - Function evaluation number: 181, SI: 4, Sub-iteration number: 85, FoM: 0.20602088054387102
06/05/2022 12:59:31.055 - oc_logger - INFO - New record achieved. Previous FoM: 0.20602088054387102, new best FoM : 0.20601534848768932
06/05/2022 12:59:31.055 - oc_logger - INFO - Function evaluation number: 182, SI: 4, Sub-iteration number: 86, FoM: 0.20601534848768932
06/05/2022 12:59:31.176 - oc_logger - INFO - New record achieved. Previous FoM: 0.20601534848768932, new best FoM : 0.20598997870159508
06/05/2022 12:59:31.176 - oc_logger - INFO - Function evaluation number: 183, SI: 4, Sub-iteration number: 86, FoM: 0.20598997870159508
06/05/2022 12:59:31.307 - oc_logger - INFO - New record achieved. Previous FoM: 0.20598997870159508, new best FoM : 0.2059860439960729
06/05/2022 12:59:31.307 - oc_logger - INFO - Function evaluation number: 184, SI: 4, Sub-iteration number: 87, FoM: 0.2059860439960729
06/05/2022 12:59:31.435 - oc_logger - INFO - New record achieved. Previous FoM: 0.2059860439960729, new best FoM : 0.20596050232882657
06/05/2022 12:59:31.435 - oc_logger - INFO - Function evaluation number: 185, SI: 4, Sub-iteration number: 87, FoM: 0.20596050232882657
06/05/2022 12:59:31.570 - oc_logger - INFO - New record achieved. Previous FoM: 0.20596050232882657, new best FoM : 0.20593380638023395
06/05/2022 12:59:31.571 - oc_logger - INFO - Function evaluation number: 186, SI: 4, Sub-iteration number: 88, FoM: 0.20593380638023395
06/05/2022 12:59:31.696 - oc_logger - INFO - New record achieved. Previous FoM: 0.20593380638023395, new best FoM : 0.20590943147289886
06/05/2022 12:59:31.696 - oc_logger - INFO - Function evaluation number: 187, SI: 4, Sub-iteration number: 88, FoM: 0.20590943147289886
06/05/2022 12:59:31.834 - oc_logger - INFO - Function evaluation number: 188, SI: 4, Sub-iteration number: 89, FoM: 0.20591868070285602
06/05/2022 12:59:31.958 - oc_logger - INFO - Function evaluation number: 189, SI: 4, Sub-iteration number: 90, FoM: 0.20591400421395245
06/05/2022 12:59:31.958 - oc_logger - INFO - SI 4 finished - Number of evaluations: 154, Best FoM: 0.20590943147289886, Terminate reason: Convergence of the FoM.

06/05/2022 12:59:31.958 - oc_logger - INFO - Direct search start time has been reset.
06/05/2022 12:59:32.096 - oc_logger - INFO - Function evaluation number: 190, SI: 5, Sub-iteration number: 0, FoM: 0.20590943147289886
06/05/2022 12:59:32.219 - oc_logger - INFO - New record achieved. Previous FoM: 0.20590943147289886, new best FoM : 0.20590696507030615
06/05/2022 12:59:32.219 - oc_logger - INFO - Function evaluation number: 191, SI: 5, Sub-iteration number: 0, FoM: 0.20590696507030615
06/05/2022 12:59:32.355 - oc_logger - INFO - Function evaluation number: 192, SI: 5, Sub-iteration number: 0, FoM: 0.20591632658253278
06/05/2022 12:59:32.477 - oc_logger - INFO - Function evaluation number: 193, SI: 5, Sub-iteration number: 0, FoM: 0.20592171672840043
06/05/2022 12:59:32.604 - oc_logger - INFO - New record achieved. Previous FoM: 0.20590696507030615, new best FoM : 0.20590317692673876
06/05/2022 12:59:32.605 - oc_logger - INFO - Function evaluation number: 194, SI: 5, Sub-iteration number: 0, FoM: 0.20590317692673876
06/05/2022 12:59:32.735 - oc_logger - INFO - Function evaluation number: 195, SI: 5, Sub-iteration number: 0, FoM: 0.20590667153552633
06/05/2022 12:59:32.865 - oc_logger - INFO - New record achieved. Previous FoM: 0.20590317692673876, new best FoM : 0.2059014586092024
06/05/2022 12:59:32.865 - oc_logger - INFO - Function evaluation number: 196, SI: 5, Sub-iteration number: 0, FoM: 0.2059014586092024
06/05/2022 12:59:32.989 - oc_logger - INFO - New record achieved. Previous FoM: 0.2059014586092024, new best FoM : 0.20589899727517236
06/05/2022 12:59:32.989 - oc_logger - INFO - Function evaluation number: 197, SI: 5, Sub-iteration number: 0, FoM: 0.20589899727517236
06/05/2022 12:59:33.126 - oc_logger - INFO - Function evaluation number: 198, SI: 5, Sub-iteration number: 0, FoM: 0.20590464456753432
06/05/2022 12:59:33.257 - oc_logger - INFO - New record achieved. Previous FoM: 0.20589899727517236, new best FoM : 0.20589441487476867
06/05/2022 12:59:33.257 - oc_logger - INFO - Function evaluation number: 199, SI: 5, Sub-iteration number: 1, FoM: 0.20589441487476867
06/05/2022 12:59:33.392 - oc_logger - INFO - New record achieved. Previous FoM: 0.20589441487476867, new best FoM : 0.20589437596473759
06/05/2022 12:59:33.392 - oc_logger - INFO - Function evaluation number: 200, SI: 5, Sub-iteration number: 1, FoM: 0.20589437596473759
06/05/2022 12:59:33.393 - oc_logger - INFO - SI 5 finished - Number of evaluations: 11, Best FoM: 0.20589437596473759, Terminate reason: Convergence of the FoM.

06/05/2022 12:59:33.393 - oc_logger - INFO - Figure of merit : 0.20589437596473759
06/05/2022 12:59:33.393 - oc_logger - INFO - Std : 0.0
06/05/2022 12:59:33.393 - oc_logger - INFO - total number of function evaluations : 200
06/05/2022 12:59:33.394 - oc_logger - INFO - dcrab_freq_list : [array([[0.02309903, 0.56269216, 1.03924676, 1.4470811 ]]), array([[0.07038436, 0.68147619, 0.79443453, 1.37696197]]), array([[0.26196604, 0.38521737, 0.92194365, 1.36947666]]), array([[0.22414348, 0.69809925, 0.93049083, 1.26849626]]), array([[0.26710032, 0.65936025, 1.04601671, 1.282461  ]])]
06/05/2022 12:59:33.394 - oc_logger - INFO - dcrab_para_list : [array([-1.23980209e-01,  3.20576132e-03, -4.86336516e-03,  8.93771031e-03,
        3.30930651e-01,  6.86345312e-17, -4.25659780e-17,  1.21127839e-15]), array([ 3.72962925e-02, -5.61961151e-03, -5.93306415e-03,  3.56246114e-02,
        3.49675696e-01,  2.61127595e-18,  5.64960131e-19,  2.21340195e-18]), array([-1.55653540e-01,  7.07665859e-02, -1.00749425e-01,  8.20645151e-02,
        2.80854116e-01, -1.06262144e-17, -2.71627935e-18,  1.92340755e-17]), array([-26.17000231,  11.59601514,  24.24147766,  30.33679252,
        22.56932298,   5.71017955,  16.0283735 , -29.2963822 ]), array([-0.3046591 ,  0.09941887, -0.32969408,  0.07745887,  0.08717386,
        0.11311715,  0.08680061,  0.13855653])]
06/05/2022 12:59:33.394 - oc_logger - INFO - terminate_reason : Convergence of the FoM.
