06/05/2022 12:59:52.349 - oc_logger - INFO - The optimization direction is minimization
06/05/2022 12:59:52.350 - oc_logger - INFO - QuOCS version number: 0.0.22
06/05/2022 12:59:52.350 - oc_logger - INFO - Direct search start time has been reset.
06/05/2022 12:59:52.621 - oc_logger - INFO - New record achieved. Previous FoM: 10000000000.0, new best FoM : 0.026308946196235583
06/05/2022 12:59:52.621 - oc_logger - INFO - Function evaluation number: 1, SI: 1, Sub-iteration number: 0, FoM: 0.026308946196235583
06/05/2022 12:59:52.873 - oc_logger - INFO - Function evaluation number: 2, SI: 1, Sub-iteration number: 0, FoM: 0.02652327581666447
06/05/2022 12:59:53.200 - oc_logger - INFO - New record achieved. Previous FoM: 0.026308946196235583, new best FoM : 0.026259569572780417
06/05/2022 12:59:53.200 - oc_logger - INFO - Function evaluation number: 3, SI: 1, Sub-iteration number: 0, FoM: 0.026259569572780417
06/05/2022 12:59:53.496 - oc_logger - INFO - New record achieved. Previous FoM: 0.026259569572780417, new best FoM : 0.026077568488569014
06/05/2022 12:59:53.496 - oc_logger - INFO - Function evaluation number: 4, SI: 1, Sub-iteration number: 0, FoM: 0.026077568488569014
06/05/2022 12:59:53.961 - oc_logger - INFO - Function evaluation number: 5, SI: 1, Sub-iteration number: 0, FoM: 0.026204561282913597
06/05/2022 12:59:54.297 - oc_logger - INFO - Function evaluation number: 6, SI: 1, Sub-iteration number: 0, FoM: 0.026485551159947995
06/05/2022 12:59:54.692 - oc_logger - INFO - Function evaluation number: 7, SI: 1, Sub-iteration number: 0, FoM: 0.026185111399138927
06/05/2022 12:59:55.104 - oc_logger - INFO - Function evaluation number: 8, SI: 1, Sub-iteration number: 0, FoM: 0.026448823160525436
06/05/2022 12:59:55.518 - oc_logger - INFO - Function evaluation number: 9, SI: 1, Sub-iteration number: 0, FoM: 0.026411910666850003
06/05/2022 12:59:55.901 - oc_logger - INFO - New record achieved. Previous FoM: 0.026077568488569014, new best FoM : 0.02607288604899105
06/05/2022 12:59:55.901 - oc_logger - INFO - Function evaluation number: 10, SI: 1, Sub-iteration number: 1, FoM: 0.02607288604899105
06/05/2022 12:59:56.240 - oc_logger - INFO - New record achieved. Previous FoM: 0.02607288604899105, new best FoM : 0.02601686560879135
06/05/2022 12:59:56.240 - oc_logger - INFO - Function evaluation number: 11, SI: 1, Sub-iteration number: 1, FoM: 0.02601686560879135
06/05/2022 12:59:56.578 - oc_logger - INFO - New record achieved. Previous FoM: 0.02601686560879135, new best FoM : 0.025993741586926356
06/05/2022 12:59:56.578 - oc_logger - INFO - Function evaluation number: 12, SI: 1, Sub-iteration number: 2, FoM: 0.025993741586926356
06/05/2022 12:59:56.907 - oc_logger - INFO - New record achieved. Previous FoM: 0.025993741586926356, new best FoM : 0.025932635876064203
06/05/2022 12:59:56.907 - oc_logger - INFO - Function evaluation number: 13, SI: 1, Sub-iteration number: 2, FoM: 0.025932635876064203
06/05/2022 12:59:57.228 - oc_logger - INFO - New record achieved. Previous FoM: 0.025932635876064203, new best FoM : 0.025901659240841646
06/05/2022 12:59:57.228 - oc_logger - INFO - Function evaluation number: 14, SI: 1, Sub-iteration number: 3, FoM: 0.025901659240841646
06/05/2022 12:59:57.569 - oc_logger - INFO - New record achieved. Previous FoM: 0.025901659240841646, new best FoM : 0.025833714885124426
06/05/2022 12:59:57.569 - oc_logger - INFO - Function evaluation number: 15, SI: 1, Sub-iteration number: 3, FoM: 0.025833714885124426
06/05/2022 12:59:57.913 - oc_logger - INFO - New record achieved. Previous FoM: 0.025833714885124426, new best FoM : 0.025794370014428303
06/05/2022 12:59:57.913 - oc_logger - INFO - Function evaluation number: 16, SI: 1, Sub-iteration number: 4, FoM: 0.025794370014428303
06/05/2022 12:59:58.256 - oc_logger - INFO - New record achieved. Previous FoM: 0.025794370014428303, new best FoM : 0.025717741749488043
06/05/2022 12:59:58.257 - oc_logger - INFO - Function evaluation number: 17, SI: 1, Sub-iteration number: 4, FoM: 0.025717741749488043
06/05/2022 12:59:58.597 - oc_logger - INFO - Function evaluation number: 18, SI: 1, Sub-iteration number: 5, FoM: 0.025749024874493487
06/05/2022 12:59:58.864 - oc_logger - INFO - New record achieved. Previous FoM: 0.025717741749488043, new best FoM : 0.025670737377677
06/05/2022 12:59:58.864 - oc_logger - INFO - Function evaluation number: 19, SI: 1, Sub-iteration number: 6, FoM: 0.025670737377677
06/05/2022 12:59:59.160 - oc_logger - INFO - New record achieved. Previous FoM: 0.025670737377677, new best FoM : 0.025597593526386575
06/05/2022 12:59:59.160 - oc_logger - INFO - Function evaluation number: 20, SI: 1, Sub-iteration number: 6, FoM: 0.025597593526386575
06/05/2022 12:59:59.503 - oc_logger - INFO - New record achieved. Previous FoM: 0.025597593526386575, new best FoM : 0.025574495322348678
06/05/2022 12:59:59.503 - oc_logger - INFO - Function evaluation number: 21, SI: 1, Sub-iteration number: 7, FoM: 0.025574495322348678
06/05/2022 12:59:59.844 - oc_logger - INFO - New record achieved. Previous FoM: 0.025574495322348678, new best FoM : 0.0254963475961405
06/05/2022 12:59:59.844 - oc_logger - INFO - Function evaluation number: 22, SI: 1, Sub-iteration number: 7, FoM: 0.0254963475961405
06/05/2022 01:00:00.185 - oc_logger - INFO - New record achieved. Previous FoM: 0.0254963475961405, new best FoM : 0.02542269389166174
06/05/2022 01:00:00.185 - oc_logger - INFO - Function evaluation number: 23, SI: 1, Sub-iteration number: 8, FoM: 0.02542269389166174
06/05/2022 01:00:00.513 - oc_logger - INFO - New record achieved. Previous FoM: 0.02542269389166174, new best FoM : 0.025328274277796936
06/05/2022 01:00:00.514 - oc_logger - INFO - Function evaluation number: 24, SI: 1, Sub-iteration number: 8, FoM: 0.025328274277796936
06/05/2022 01:00:00.857 - oc_logger - INFO - Function evaluation number: 25, SI: 1, Sub-iteration number: 9, FoM: 0.02534232503960243
06/05/2022 01:00:01.197 - oc_logger - INFO - New record achieved. Previous FoM: 0.025328274277796936, new best FoM : 0.025235166857582314
06/05/2022 01:00:01.197 - oc_logger - INFO - Function evaluation number: 26, SI: 1, Sub-iteration number: 10, FoM: 0.025235166857582314
06/05/2022 01:00:01.536 - oc_logger - INFO - New record achieved. Previous FoM: 0.025235166857582314, new best FoM : 0.025138433805684923
06/05/2022 01:00:01.536 - oc_logger - INFO - Function evaluation number: 27, SI: 1, Sub-iteration number: 10, FoM: 0.025138433805684923
06/05/2022 01:00:01.875 - oc_logger - INFO - New record achieved. Previous FoM: 0.025138433805684923, new best FoM : 0.025120707070459103
06/05/2022 01:00:01.875 - oc_logger - INFO - Function evaluation number: 28, SI: 1, Sub-iteration number: 11, FoM: 0.025120707070459103
06/05/2022 01:00:02.217 - oc_logger - INFO - New record achieved. Previous FoM: 0.025120707070459103, new best FoM : 0.025020214914850958
06/05/2022 01:00:02.217 - oc_logger - INFO - Function evaluation number: 29, SI: 1, Sub-iteration number: 11, FoM: 0.025020214914850958
06/05/2022 01:00:02.620 - oc_logger - INFO - New record achieved. Previous FoM: 0.025020214914850958, new best FoM : 0.02501616930374906
06/05/2022 01:00:02.620 - oc_logger - INFO - Function evaluation number: 30, SI: 1, Sub-iteration number: 12, FoM: 0.02501616930374906
06/05/2022 01:00:03.019 - oc_logger - INFO - New record achieved. Previous FoM: 0.02501616930374906, new best FoM : 0.024915010028567774
06/05/2022 01:00:03.019 - oc_logger - INFO - Function evaluation number: 31, SI: 1, Sub-iteration number: 12, FoM: 0.024915010028567774
06/05/2022 01:00:03.360 - oc_logger - INFO - New record achieved. Previous FoM: 0.024915010028567774, new best FoM : 0.02489252874232062
06/05/2022 01:00:03.360 - oc_logger - INFO - Function evaluation number: 32, SI: 1, Sub-iteration number: 13, FoM: 0.02489252874232062
06/05/2022 01:00:03.700 - oc_logger - INFO - New record achieved. Previous FoM: 0.02489252874232062, new best FoM : 0.0247866025210165
06/05/2022 01:00:03.700 - oc_logger - INFO - Function evaluation number: 33, SI: 1, Sub-iteration number: 13, FoM: 0.0247866025210165
06/05/2022 01:00:04.040 - oc_logger - INFO - New record achieved. Previous FoM: 0.0247866025210165, new best FoM : 0.024692837997176476
06/05/2022 01:00:04.040 - oc_logger - INFO - Function evaluation number: 34, SI: 1, Sub-iteration number: 14, FoM: 0.024692837997176476
06/05/2022 01:00:04.363 - oc_logger - INFO - New record achieved. Previous FoM: 0.024692837997176476, new best FoM : 0.02456638289029811
06/05/2022 01:00:04.363 - oc_logger - INFO - Function evaluation number: 35, SI: 1, Sub-iteration number: 14, FoM: 0.02456638289029811
06/05/2022 01:00:04.541 - oc_logger - INFO - New record achieved. Previous FoM: 0.02456638289029811, new best FoM : 0.0245546939429373
06/05/2022 01:00:04.541 - oc_logger - INFO - Function evaluation number: 36, SI: 1, Sub-iteration number: 15, FoM: 0.0245546939429373
06/05/2022 01:00:04.736 - oc_logger - INFO - New record achieved. Previous FoM: 0.0245546939429373, new best FoM : 0.024425957979446133
06/05/2022 01:00:04.736 - oc_logger - INFO - Function evaluation number: 37, SI: 1, Sub-iteration number: 15, FoM: 0.024425957979446133
06/05/2022 01:00:04.918 - oc_logger - INFO - New record achieved. Previous FoM: 0.024425957979446133, new best FoM : 0.02438914487675714
06/05/2022 01:00:04.918 - oc_logger - INFO - Function evaluation number: 38, SI: 1, Sub-iteration number: 16, FoM: 0.02438914487675714
06/05/2022 01:00:05.131 - oc_logger - INFO - New record achieved. Previous FoM: 0.02438914487675714, new best FoM : 0.02425266579592389
06/05/2022 01:00:05.131 - oc_logger - INFO - Function evaluation number: 39, SI: 1, Sub-iteration number: 16, FoM: 0.02425266579592389
06/05/2022 01:00:05.319 - oc_logger - INFO - Function evaluation number: 40, SI: 1, Sub-iteration number: 17, FoM: 0.02427018561531258
06/05/2022 01:00:05.639 - oc_logger - INFO - New record achieved. Previous FoM: 0.02425266579592389, new best FoM : 0.024023146216069047
06/05/2022 01:00:05.639 - oc_logger - INFO - Function evaluation number: 41, SI: 1, Sub-iteration number: 18, FoM: 0.024023146216069047
06/05/2022 01:00:05.985 - oc_logger - INFO - New record achieved. Previous FoM: 0.024023146216069047, new best FoM : 0.023862759208990725
06/05/2022 01:00:05.985 - oc_logger - INFO - Function evaluation number: 42, SI: 1, Sub-iteration number: 18, FoM: 0.023862759208990725
06/05/2022 01:00:06.298 - oc_logger - INFO - Function evaluation number: 43, SI: 1, Sub-iteration number: 19, FoM: 0.023892156962235456
06/05/2022 01:00:06.638 - oc_logger - INFO - New record achieved. Previous FoM: 0.023862759208990725, new best FoM : 0.023729661728612905
06/05/2022 01:00:06.638 - oc_logger - INFO - Function evaluation number: 44, SI: 1, Sub-iteration number: 20, FoM: 0.023729661728612905
06/05/2022 01:00:06.969 - oc_logger - INFO - New record achieved. Previous FoM: 0.023729661728612905, new best FoM : 0.023571096626864185
06/05/2022 01:00:06.969 - oc_logger - INFO - Function evaluation number: 45, SI: 1, Sub-iteration number: 20, FoM: 0.023571096626864185
06/05/2022 01:00:07.314 - oc_logger - INFO - New record achieved. Previous FoM: 0.023571096626864185, new best FoM : 0.023500511532687285
06/05/2022 01:00:07.314 - oc_logger - INFO - Function evaluation number: 46, SI: 1, Sub-iteration number: 21, FoM: 0.023500511532687285
06/05/2022 01:00:07.644 - oc_logger - INFO - New record achieved. Previous FoM: 0.023500511532687285, new best FoM : 0.0233270185253448
06/05/2022 01:00:07.644 - oc_logger - INFO - Function evaluation number: 47, SI: 1, Sub-iteration number: 21, FoM: 0.0233270185253448
06/05/2022 01:00:07.985 - oc_logger - INFO - New record achieved. Previous FoM: 0.0233270185253448, new best FoM : 0.02326534585548712
06/05/2022 01:00:07.986 - oc_logger - INFO - Function evaluation number: 48, SI: 1, Sub-iteration number: 22, FoM: 0.02326534585548712
06/05/2022 01:00:08.255 - oc_logger - INFO - New record achieved. Previous FoM: 0.02326534585548712, new best FoM : 0.023079028899558596
06/05/2022 01:00:08.255 - oc_logger - INFO - Function evaluation number: 49, SI: 1, Sub-iteration number: 22, FoM: 0.023079028899558596
06/05/2022 01:00:08.595 - oc_logger - INFO - Function evaluation number: 50, SI: 1, Sub-iteration number: 23, FoM: 0.023111454449575297
06/05/2022 01:00:08.934 - oc_logger - INFO - New record achieved. Previous FoM: 0.023079028899558596, new best FoM : 0.022924100992907315
06/05/2022 01:00:08.934 - oc_logger - INFO - Function evaluation number: 51, SI: 1, Sub-iteration number: 24, FoM: 0.022924100992907315
06/05/2022 01:00:09.215 - oc_logger - INFO - New record achieved. Previous FoM: 0.022924100992907315, new best FoM : 0.022740063466879956
06/05/2022 01:00:09.215 - oc_logger - INFO - Function evaluation number: 52, SI: 1, Sub-iteration number: 24, FoM: 0.022740063466879956
06/05/2022 01:00:09.560 - oc_logger - INFO - New record achieved. Previous FoM: 0.022740063466879956, new best FoM : 0.022698169209668273
06/05/2022 01:00:09.560 - oc_logger - INFO - Function evaluation number: 53, SI: 1, Sub-iteration number: 25, FoM: 0.022698169209668273
06/05/2022 01:00:09.903 - oc_logger - INFO - New record achieved. Previous FoM: 0.022698169209668273, new best FoM : 0.02250577803309317
06/05/2022 01:00:09.904 - oc_logger - INFO - Function evaluation number: 54, SI: 1, Sub-iteration number: 25, FoM: 0.02250577803309317
06/05/2022 01:00:10.244 - oc_logger - INFO - New record achieved. Previous FoM: 0.02250577803309317, new best FoM : 0.022288271669547277
06/05/2022 01:00:10.244 - oc_logger - INFO - Function evaluation number: 55, SI: 1, Sub-iteration number: 26, FoM: 0.022288271669547277
06/05/2022 01:00:10.588 - oc_logger - INFO - New record achieved. Previous FoM: 0.022288271669547277, new best FoM : 0.02204941805804561
06/05/2022 01:00:10.589 - oc_logger - INFO - Function evaluation number: 56, SI: 1, Sub-iteration number: 26, FoM: 0.02204941805804561
06/05/2022 01:00:10.928 - oc_logger - INFO - Function evaluation number: 57, SI: 1, Sub-iteration number: 27, FoM: 0.02218077893401782
