06/05/2022 12:45:46.410 - oc_logger - INFO - The optimization direction is minimization
06/05/2022 12:45:46.412 - oc_logger - INFO - QuOCS version number: 0.0.22
06/05/2022 12:45:46.412 - oc_logger - INFO - Direct search start time has been reset.
06/05/2022 12:45:46.796 - oc_logger - INFO - New record achieved. Previous FoM: 10000000000.0, new best FoM : 0.9736910538037644
06/05/2022 12:45:46.797 - oc_logger - INFO - Function evaluation number: 1, SI: 1, Sub-iteration number: 0, FoM: 0.9736910538037644
06/05/2022 12:45:47.078 - oc_logger - INFO - New record achieved. Previous FoM: 0.9736910538037644, new best FoM : 0.9724978790967739
06/05/2022 12:45:47.082 - oc_logger - INFO - Function evaluation number: 2, SI: 1, Sub-iteration number: 0, FoM: 0.9724978790967739
06/05/2022 12:45:47.467 - oc_logger - INFO - Function evaluation number: 3, SI: 1, Sub-iteration number: 0, FoM: 0.9725221144133066
06/05/2022 12:45:48.008 - oc_logger - INFO - Function evaluation number: 4, SI: 1, Sub-iteration number: 0, FoM: 0.9738482820465497
06/05/2022 12:45:48.465 - oc_logger - INFO - Function evaluation number: 5, SI: 1, Sub-iteration number: 0, FoM: 0.9733160808462112
06/05/2022 12:45:48.890 - oc_logger - INFO - Function evaluation number: 6, SI: 1, Sub-iteration number: 0, FoM: 0.9743618446219584
06/05/2022 12:45:49.264 - oc_logger - INFO - Function evaluation number: 7, SI: 1, Sub-iteration number: 0, FoM: 0.9730412254203152
06/05/2022 12:45:49.656 - oc_logger - INFO - Function evaluation number: 8, SI: 1, Sub-iteration number: 0, FoM: 0.9727135864167418
06/05/2022 12:45:50.043 - oc_logger - INFO - Function evaluation number: 9, SI: 1, Sub-iteration number: 0, FoM: 0.972756687312129
06/05/2022 12:45:50.462 - oc_logger - INFO - New record achieved. Previous FoM: 0.9724978790967739, new best FoM : 0.9717019574483229
06/05/2022 12:45:50.462 - oc_logger - INFO - Function evaluation number: 10, SI: 1, Sub-iteration number: 1, FoM: 0.9717019574483229
06/05/2022 12:45:50.918 - oc_logger - INFO - New record achieved. Previous FoM: 0.9717019574483229, new best FoM : 0.9713588301127247
06/05/2022 12:45:50.918 - oc_logger - INFO - Function evaluation number: 11, SI: 1, Sub-iteration number: 1, FoM: 0.9713588301127247
06/05/2022 12:45:51.371 - oc_logger - INFO - Function evaluation number: 12, SI: 1, Sub-iteration number: 2, FoM: 0.9716083853462039
06/05/2022 12:45:51.668 - oc_logger - INFO - New record achieved. Previous FoM: 0.9713588301127247, new best FoM : 0.9712395187305743
06/05/2022 12:45:51.669 - oc_logger - INFO - Function evaluation number: 13, SI: 1, Sub-iteration number: 3, FoM: 0.9712395187305743
06/05/2022 12:45:52.012 - oc_logger - INFO - New record achieved. Previous FoM: 0.9712395187305743, new best FoM : 0.9709243185360061
06/05/2022 12:45:52.012 - oc_logger - INFO - Function evaluation number: 14, SI: 1, Sub-iteration number: 3, FoM: 0.9709243185360061
06/05/2022 12:45:52.315 - oc_logger - INFO - Function evaluation number: 15, SI: 1, Sub-iteration number: 4, FoM: 0.9710236641460487
06/05/2022 12:45:52.706 - oc_logger - INFO - New record achieved. Previous FoM: 0.9709243185360061, new best FoM : 0.970795335015113
06/05/2022 12:45:52.706 - oc_logger - INFO - Function evaluation number: 16, SI: 1, Sub-iteration number: 5, FoM: 0.970795335015113
06/05/2022 12:45:53.091 - oc_logger - INFO - New record achieved. Previous FoM: 0.970795335015113, new best FoM : 0.9705074544213663
06/05/2022 12:45:53.091 - oc_logger - INFO - Function evaluation number: 17, SI: 1, Sub-iteration number: 5, FoM: 0.9705074544213663
06/05/2022 12:45:53.470 - oc_logger - INFO - Function evaluation number: 18, SI: 1, Sub-iteration number: 6, FoM: 0.9705199219476695
06/05/2022 12:45:53.855 - oc_logger - INFO - New record achieved. Previous FoM: 0.9705074544213663, new best FoM : 0.9700023408542512
06/05/2022 12:45:53.856 - oc_logger - INFO - Function evaluation number: 19, SI: 1, Sub-iteration number: 7, FoM: 0.9700023408542512
06/05/2022 12:45:54.210 - oc_logger - INFO - New record achieved. Previous FoM: 0.9700023408542512, new best FoM : 0.9696533884977634
06/05/2022 12:45:54.210 - oc_logger - INFO - Function evaluation number: 20, SI: 1, Sub-iteration number: 7, FoM: 0.9696533884977634
06/05/2022 12:45:54.427 - oc_logger - INFO - New record achieved. Previous FoM: 0.9696533884977634, new best FoM : 0.9694667635144599
06/05/2022 12:45:54.427 - oc_logger - INFO - Function evaluation number: 21, SI: 1, Sub-iteration number: 8, FoM: 0.9694667635144599
06/05/2022 12:45:54.652 - oc_logger - INFO - New record achieved. Previous FoM: 0.9694667635144599, new best FoM : 0.9690717368263073
06/05/2022 12:45:54.652 - oc_logger - INFO - Function evaluation number: 22, SI: 1, Sub-iteration number: 8, FoM: 0.9690717368263073
06/05/2022 12:45:54.875 - oc_logger - INFO - New record achieved. Previous FoM: 0.9690717368263073, new best FoM : 0.9686093842836632
06/05/2022 12:45:54.875 - oc_logger - INFO - Function evaluation number: 23, SI: 1, Sub-iteration number: 9, FoM: 0.9686093842836632
06/05/2022 12:45:55.113 - oc_logger - INFO - New record achieved. Previous FoM: 0.9686093842836632, new best FoM : 0.9681031520414803
06/05/2022 12:45:55.114 - oc_logger - INFO - Function evaluation number: 24, SI: 1, Sub-iteration number: 9, FoM: 0.9681031520414803
06/05/2022 12:45:55.407 - oc_logger - INFO - Function evaluation number: 25, SI: 1, Sub-iteration number: 10, FoM: 0.9686615189537849
06/05/2022 12:45:55.691 - oc_logger - INFO - Function evaluation number: 26, SI: 1, Sub-iteration number: 11, FoM: 0.9682321781759493
06/05/2022 12:45:55.998 - oc_logger - INFO - New record achieved. Previous FoM: 0.9681031520414803, new best FoM : 0.9678683039079088
06/05/2022 12:45:55.998 - oc_logger - INFO - Function evaluation number: 27, SI: 1, Sub-iteration number: 12, FoM: 0.9678683039079088
06/05/2022 12:45:56.332 - oc_logger - INFO - New record achieved. Previous FoM: 0.9678683039079088, new best FoM : 0.9674609797223126
06/05/2022 12:45:56.332 - oc_logger - INFO - Function evaluation number: 28, SI: 1, Sub-iteration number: 12, FoM: 0.9674609797223126
06/05/2022 12:45:56.672 - oc_logger - INFO - New record achieved. Previous FoM: 0.9674609797223126, new best FoM : 0.9670819843794635
06/05/2022 12:45:56.672 - oc_logger - INFO - Function evaluation number: 29, SI: 1, Sub-iteration number: 13, FoM: 0.9670819843794635
06/05/2022 12:45:57.016 - oc_logger - INFO - New record achieved. Previous FoM: 0.9670819843794635, new best FoM : 0.9665830597646434
06/05/2022 12:45:57.016 - oc_logger - INFO - Function evaluation number: 30, SI: 1, Sub-iteration number: 13, FoM: 0.9665830597646434
06/05/2022 12:45:57.356 - oc_logger - INFO - New record achieved. Previous FoM: 0.9665830597646434, new best FoM : 0.9664999954937791
06/05/2022 12:45:57.356 - oc_logger - INFO - Function evaluation number: 31, SI: 1, Sub-iteration number: 14, FoM: 0.9664999954937791
06/05/2022 12:45:57.677 - oc_logger - INFO - New record achieved. Previous FoM: 0.9664999954937791, new best FoM : 0.965977281397768
06/05/2022 12:45:57.677 - oc_logger - INFO - Function evaluation number: 32, SI: 1, Sub-iteration number: 14, FoM: 0.965977281397768
06/05/2022 12:45:57.976 - oc_logger - INFO - New record achieved. Previous FoM: 0.965977281397768, new best FoM : 0.9653351495028772
06/05/2022 12:45:57.976 - oc_logger - INFO - Function evaluation number: 33, SI: 1, Sub-iteration number: 15, FoM: 0.9653351495028772
06/05/2022 12:45:58.314 - oc_logger - INFO - New record achieved. Previous FoM: 0.9653351495028772, new best FoM : 0.9646559598964696
06/05/2022 12:45:58.314 - oc_logger - INFO - Function evaluation number: 34, SI: 1, Sub-iteration number: 15, FoM: 0.9646559598964696
06/05/2022 12:45:58.688 - oc_logger - INFO - Function evaluation number: 35, SI: 1, Sub-iteration number: 16, FoM: 0.9649715545844089
06/05/2022 12:45:59.097 - oc_logger - INFO - New record achieved. Previous FoM: 0.9646559598964696, new best FoM : 0.9645411791686157
06/05/2022 12:45:59.097 - oc_logger - INFO - Function evaluation number: 36, SI: 1, Sub-iteration number: 17, FoM: 0.9645411791686157
06/05/2022 12:45:59.435 - oc_logger - INFO - New record achieved. Previous FoM: 0.9645411791686157, new best FoM : 0.9639516992283355
06/05/2022 12:45:59.435 - oc_logger - INFO - Function evaluation number: 37, SI: 1, Sub-iteration number: 17, FoM: 0.9639516992283355
06/05/2022 12:45:59.776 - oc_logger - INFO - New record achieved. Previous FoM: 0.9639516992283355, new best FoM : 0.9637620112576522
06/05/2022 12:45:59.776 - oc_logger - INFO - Function evaluation number: 38, SI: 1, Sub-iteration number: 18, FoM: 0.9637620112576522
06/05/2022 12:46:00.243 - oc_logger - INFO - New record achieved. Previous FoM: 0.9637620112576522, new best FoM : 0.9631221002555033
06/05/2022 12:46:00.243 - oc_logger - INFO - Function evaluation number: 39, SI: 1, Sub-iteration number: 18, FoM: 0.9631221002555033
06/05/2022 12:46:00.616 - oc_logger - INFO - New record achieved. Previous FoM: 0.9631221002555033, new best FoM : 0.962901827545856
06/05/2022 12:46:00.616 - oc_logger - INFO - Function evaluation number: 40, SI: 1, Sub-iteration number: 19, FoM: 0.962901827545856
06/05/2022 12:46:00.884 - oc_logger - INFO - New record achieved. Previous FoM: 0.962901827545856, new best FoM : 0.9622035004204939
06/05/2022 12:46:00.884 - oc_logger - INFO - Function evaluation number: 41, SI: 1, Sub-iteration number: 19, FoM: 0.9622035004204939
06/05/2022 12:46:01.167 - oc_logger - INFO - New record achieved. Previous FoM: 0.9622035004204939, new best FoM : 0.9615000400831756
06/05/2022 12:46:01.167 - oc_logger - INFO - Function evaluation number: 42, SI: 1, Sub-iteration number: 20, FoM: 0.9615000400831756
06/05/2022 12:46:01.395 - oc_logger - INFO - New record achieved. Previous FoM: 0.9615000400831756, new best FoM : 0.9606267413260708
06/05/2022 12:46:01.395 - oc_logger - INFO - Function evaluation number: 43, SI: 1, Sub-iteration number: 20, FoM: 0.9606267413260708
06/05/2022 12:46:01.732 - oc_logger - INFO - New record achieved. Previous FoM: 0.9606267413260708, new best FoM : 0.9604260751114007
06/05/2022 12:46:01.732 - oc_logger - INFO - Function evaluation number: 44, SI: 1, Sub-iteration number: 21, FoM: 0.9604260751114007
06/05/2022 12:46:02.131 - oc_logger - INFO - New record achieved. Previous FoM: 0.9604260751114007, new best FoM : 0.9594942461643899
06/05/2022 12:46:02.131 - oc_logger - INFO - Function evaluation number: 45, SI: 1, Sub-iteration number: 21, FoM: 0.9594942461643899
06/05/2022 12:46:02.393 - oc_logger - INFO - Function evaluation number: 46, SI: 1, Sub-iteration number: 22, FoM: 0.9595477953258286
06/05/2022 12:46:02.837 - oc_logger - INFO - New record achieved. Previous FoM: 0.9594942461643899, new best FoM : 0.9585287881429209
06/05/2022 12:46:02.837 - oc_logger - INFO - Function evaluation number: 47, SI: 1, Sub-iteration number: 23, FoM: 0.9585287881429209
06/05/2022 12:46:03.282 - oc_logger - INFO - New record achieved. Previous FoM: 0.9585287881429209, new best FoM : 0.9575420372532409
06/05/2022 12:46:03.282 - oc_logger - INFO - Function evaluation number: 48, SI: 1, Sub-iteration number: 23, FoM: 0.9575420372532409
06/05/2022 12:46:03.726 - oc_logger - INFO - Function evaluation number: 49, SI: 1, Sub-iteration number: 24, FoM: 0.9577086369903002
06/05/2022 12:46:04.147 - oc_logger - INFO - New record achieved. Previous FoM: 0.9575420372532409, new best FoM : 0.9562210831163407
06/05/2022 12:46:04.147 - oc_logger - INFO - Function evaluation number: 50, SI: 1, Sub-iteration number: 25, FoM: 0.9562210831163407
06/05/2022 12:46:04.541 - oc_logger - INFO - New record achieved. Previous FoM: 0.9562210831163407, new best FoM : 0.9550992426857503
06/05/2022 12:46:04.541 - oc_logger - INFO - Function evaluation number: 51, SI: 1, Sub-iteration number: 25, FoM: 0.9550992426857503
06/05/2022 12:46:05.028 - oc_logger - INFO - New record achieved. Previous FoM: 0.9550992426857503, new best FoM : 0.9546749594030315
06/05/2022 12:46:05.029 - oc_logger - INFO - Function evaluation number: 52, SI: 1, Sub-iteration number: 26, FoM: 0.9546749594030315
06/05/2022 12:46:05.439 - oc_logger - INFO - New record achieved. Previous FoM: 0.9546749594030315, new best FoM : 0.9534347506284151
06/05/2022 12:46:05.439 - oc_logger - INFO - Function evaluation number: 53, SI: 1, Sub-iteration number: 26, FoM: 0.9534347506284151
06/05/2022 12:46:05.852 - oc_logger - INFO - New record achieved. Previous FoM: 0.9534347506284151, new best FoM : 0.9530604843255078
06/05/2022 12:46:05.852 - oc_logger - INFO - Function evaluation number: 54, SI: 1, Sub-iteration number: 27, FoM: 0.9530604843255078
06/05/2022 12:46:06.225 - oc_logger - INFO - New record achieved. Previous FoM: 0.9530604843255078, new best FoM : 0.9517121808247612
06/05/2022 12:46:06.225 - oc_logger - INFO - Function evaluation number: 55, SI: 1, Sub-iteration number: 27, FoM: 0.9517121808247612
06/05/2022 12:46:06.567 - oc_logger - INFO - New record achieved. Previous FoM: 0.9517121808247612, new best FoM : 0.9513325401339793
06/05/2022 12:46:06.567 - oc_logger - INFO - Function evaluation number: 56, SI: 1, Sub-iteration number: 28, FoM: 0.9513325401339793
06/05/2022 12:46:06.874 - oc_logger - INFO - New record achieved. Previous FoM: 0.9513325401339793, new best FoM : 0.9498721742458494
06/05/2022 12:46:06.874 - oc_logger - INFO - Function evaluation number: 57, SI: 1, Sub-iteration number: 28, FoM: 0.9498721742458494
06/05/2022 12:46:07.200 - oc_logger - INFO - Function evaluation number: 58, SI: 1, Sub-iteration number: 29, FoM: 0.9502954111296745
06/05/2022 12:46:07.500 - oc_logger - INFO - New record achieved. Previous FoM: 0.9498721742458494, new best FoM : 0.9490607920287252
06/05/2022 12:46:07.501 - oc_logger - INFO - Function evaluation number: 59, SI: 1, Sub-iteration number: 30, FoM: 0.9490607920287252
06/05/2022 12:46:07.754 - oc_logger - INFO - New record achieved. Previous FoM: 0.9490607920287252, new best FoM : 0.9476616320945003
06/05/2022 12:46:07.755 - oc_logger - INFO - Function evaluation number: 60, SI: 1, Sub-iteration number: 30, FoM: 0.9476616320945003
06/05/2022 12:46:07.993 - oc_logger - INFO - New record achieved. Previous FoM: 0.9476616320945003, new best FoM : 0.9459603407620942
06/05/2022 12:46:07.993 - oc_logger - INFO - Function evaluation number: 61, SI: 1, Sub-iteration number: 31, FoM: 0.9459603407620942
06/05/2022 12:46:08.327 - oc_logger - INFO - New record achieved. Previous FoM: 0.9459603407620942, new best FoM : 0.9441264194000417
06/05/2022 12:46:08.327 - oc_logger - INFO - Function evaluation number: 62, SI: 1, Sub-iteration number: 31, FoM: 0.9441264194000417
06/05/2022 12:46:08.670 - oc_logger - INFO - Function evaluation number: 63, SI: 1, Sub-iteration number: 32, FoM: 0.9444186395288174
06/05/2022 12:46:09.023 - oc_logger - INFO - New record achieved. Previous FoM: 0.9441264194000417, new best FoM : 0.9410541156660217
06/05/2022 12:46:09.024 - oc_logger - INFO - Function evaluation number: 64, SI: 1, Sub-iteration number: 33, FoM: 0.9410541156660217
06/05/2022 12:46:09.395 - oc_logger - INFO - New record achieved. Previous FoM: 0.9410541156660217, new best FoM : 0.9387979764464639
06/05/2022 12:46:09.395 - oc_logger - INFO - Function evaluation number: 65, SI: 1, Sub-iteration number: 33, FoM: 0.9387979764464639
06/05/2022 12:46:09.645 - oc_logger - INFO - Function evaluation number: 66, SI: 1, Sub-iteration number: 34, FoM: 0.9395796902747188
06/05/2022 12:46:10.040 - oc_logger - INFO - New record achieved. Previous FoM: 0.9387979764464639, new best FoM : 0.9378079269887692
06/05/2022 12:46:10.040 - oc_logger - INFO - Function evaluation number: 67, SI: 1, Sub-iteration number: 35, FoM: 0.9378079269887692
06/05/2022 12:46:10.418 - oc_logger - INFO - New record achieved. Previous FoM: 0.9378079269887692, new best FoM : 0.9356957714955048
06/05/2022 12:46:10.418 - oc_logger - INFO - Function evaluation number: 68, SI: 1, Sub-iteration number: 35, FoM: 0.9356957714955048
06/05/2022 12:46:10.835 - oc_logger - INFO - New record achieved. Previous FoM: 0.9356957714955048, new best FoM : 0.935537059935277
06/05/2022 12:46:10.835 - oc_logger - INFO - Function evaluation number: 69, SI: 1, Sub-iteration number: 36, FoM: 0.935537059935277
06/05/2022 12:46:11.220 - oc_logger - INFO - New record achieved. Previous FoM: 0.935537059935277, new best FoM : 0.9333504950965092
06/05/2022 12:46:11.220 - oc_logger - INFO - Function evaluation number: 70, SI: 1, Sub-iteration number: 36, FoM: 0.9333504950965092
06/05/2022 12:46:11.563 - oc_logger - INFO - New record achieved. Previous FoM: 0.9333504950965092, new best FoM : 0.9326564784140529
06/05/2022 12:46:11.563 - oc_logger - INFO - Function evaluation number: 71, SI: 1, Sub-iteration number: 37, FoM: 0.9326564784140529
06/05/2022 12:46:11.908 - oc_logger - INFO - New record achieved. Previous FoM: 0.9326564784140529, new best FoM : 0.9302629218976675
06/05/2022 12:46:11.908 - oc_logger - INFO - Function evaluation number: 72, SI: 1, Sub-iteration number: 37, FoM: 0.9302629218976675
06/05/2022 12:46:12.243 - oc_logger - INFO - New record achieved. Previous FoM: 0.9302629218976675, new best FoM : 0.9278537001354797
06/05/2022 12:46:12.243 - oc_logger - INFO - Function evaluation number: 73, SI: 1, Sub-iteration number: 38, FoM: 0.9278537001354797
06/05/2022 12:46:12.555 - oc_logger - INFO - New record achieved. Previous FoM: 0.9278537001354797, new best FoM : 0.9248225095014454
06/05/2022 12:46:12.555 - oc_logger - INFO - Function evaluation number: 74, SI: 1, Sub-iteration number: 38, FoM: 0.9248225095014454
06/05/2022 12:46:12.952 - oc_logger - INFO - New record achieved. Previous FoM: 0.9248225095014454, new best FoM : 0.9243384594762927
06/05/2022 12:46:12.952 - oc_logger - INFO - Function evaluation number: 75, SI: 1, Sub-iteration number: 39, FoM: 0.9243384594762927
06/05/2022 12:46:13.299 - oc_logger - INFO - New record achieved. Previous FoM: 0.9243384594762927, new best FoM : 0.9211257819533714
06/05/2022 12:46:13.299 - oc_logger - INFO - Function evaluation number: 76, SI: 1, Sub-iteration number: 39, FoM: 0.9211257819533714
06/05/2022 12:46:13.636 - oc_logger - INFO - Function evaluation number: 77, SI: 1, Sub-iteration number: 40, FoM: 0.9219759559096794
06/05/2022 12:46:13.980 - oc_logger - INFO - New record achieved. Previous FoM: 0.9211257819533714, new best FoM : 0.9162267218093616
06/05/2022 12:46:13.981 - oc_logger - INFO - Function evaluation number: 78, SI: 1, Sub-iteration number: 41, FoM: 0.9162267218093616
06/05/2022 12:46:14.324 - oc_logger - INFO - New record achieved. Previous FoM: 0.9162267218093616, new best FoM : 0.9123709935083277
06/05/2022 12:46:14.325 - oc_logger - INFO - Function evaluation number: 79, SI: 1, Sub-iteration number: 41, FoM: 0.9123709935083277
06/05/2022 12:46:14.697 - oc_logger - INFO - Function evaluation number: 80, SI: 1, Sub-iteration number: 42, FoM: 0.914415131497395
06/05/2022 12:46:15.083 - oc_logger - INFO - New record achieved. Previous FoM: 0.9123709935083277, new best FoM : 0.9089557039174825
06/05/2022 12:46:15.083 - oc_logger - INFO - Function evaluation number: 81, SI: 1, Sub-iteration number: 43, FoM: 0.9089557039174825
06/05/2022 12:46:15.472 - oc_logger - INFO - New record achieved. Previous FoM: 0.9089557039174825, new best FoM : 0.9053269103602966
06/05/2022 12:46:15.472 - oc_logger - INFO - Function evaluation number: 82, SI: 1, Sub-iteration number: 43, FoM: 0.9053269103602966
06/05/2022 12:46:15.864 - oc_logger - INFO - New record achieved. Previous FoM: 0.9053269103602966, new best FoM : 0.905031486098696
06/05/2022 12:46:15.864 - oc_logger - INFO - Function evaluation number: 83, SI: 1, Sub-iteration number: 44, FoM: 0.905031486098696
06/05/2022 12:46:16.163 - oc_logger - INFO - New record achieved. Previous FoM: 0.905031486098696, new best FoM : 0.9016955115211207
06/05/2022 12:46:16.163 - oc_logger - INFO - Function evaluation number: 84, SI: 1, Sub-iteration number: 44, FoM: 0.9016955115211207
06/05/2022 12:46:16.501 - oc_logger - INFO - New record achieved. Previous FoM: 0.9016955115211207, new best FoM : 0.9002724262221004
06/05/2022 12:46:16.501 - oc_logger - INFO - Function evaluation number: 85, SI: 1, Sub-iteration number: 45, FoM: 0.9002724262221004
06/05/2022 12:46:16.813 - oc_logger - INFO - New record achieved. Previous FoM: 0.9002724262221004, new best FoM : 0.8972540360029562
06/05/2022 12:46:16.813 - oc_logger - INFO - Function evaluation number: 86, SI: 1, Sub-iteration number: 45, FoM: 0.8972540360029562
06/05/2022 12:46:17.161 - oc_logger - INFO - New record achieved. Previous FoM: 0.8972540360029562, new best FoM : 0.8959202070240304
06/05/2022 12:46:17.161 - oc_logger - INFO - Function evaluation number: 87, SI: 1, Sub-iteration number: 46, FoM: 0.8959202070240304
06/05/2022 12:46:17.487 - oc_logger - INFO - New record achieved. Previous FoM: 0.8959202070240304, new best FoM : 0.8927445584308185
06/05/2022 12:46:17.487 - oc_logger - INFO - Function evaluation number: 88, SI: 1, Sub-iteration number: 46, FoM: 0.8927445584308185
06/05/2022 12:46:17.816 - oc_logger - INFO - New record achieved. Previous FoM: 0.8927445584308185, new best FoM : 0.8926122029353736
06/05/2022 12:46:17.816 - oc_logger - INFO - Function evaluation number: 89, SI: 1, Sub-iteration number: 47, FoM: 0.8926122029353736
06/05/2022 12:46:18.143 - oc_logger - INFO - New record achieved. Previous FoM: 0.8926122029353736, new best FoM : 0.8894396764911964
06/05/2022 12:46:18.143 - oc_logger - INFO - Function evaluation number: 90, SI: 1, Sub-iteration number: 47, FoM: 0.8894396764911964
06/05/2022 12:46:18.480 - oc_logger - INFO - New record achieved. Previous FoM: 0.8894396764911964, new best FoM : 0.8889498586227856
06/05/2022 12:46:18.480 - oc_logger - INFO - Function evaluation number: 91, SI: 1, Sub-iteration number: 48, FoM: 0.8889498586227856
06/05/2022 12:46:18.788 - oc_logger - INFO - New record achieved. Previous FoM: 0.8889498586227856, new best FoM : 0.8861552797869303
06/05/2022 12:46:18.788 - oc_logger - INFO - Function evaluation number: 92, SI: 1, Sub-iteration number: 48, FoM: 0.8861552797869303
06/05/2022 12:46:19.196 - oc_logger - INFO - New record achieved. Previous FoM: 0.8861552797869303, new best FoM : 0.884221206720078
06/05/2022 12:46:19.196 - oc_logger - INFO - Function evaluation number: 93, SI: 1, Sub-iteration number: 49, FoM: 0.884221206720078
06/05/2022 12:46:19.601 - oc_logger - INFO - New record achieved. Previous FoM: 0.884221206720078, new best FoM : 0.8815269606042979
06/05/2022 12:46:19.601 - oc_logger - INFO - Function evaluation number: 94, SI: 1, Sub-iteration number: 49, FoM: 0.8815269606042979
06/05/2022 12:46:19.997 - oc_logger - INFO - New record achieved. Previous FoM: 0.8815269606042979, new best FoM : 0.8813106402054351
06/05/2022 12:46:19.997 - oc_logger - INFO - Function evaluation number: 95, SI: 1, Sub-iteration number: 50, FoM: 0.8813106402054351
06/05/2022 12:46:20.377 - oc_logger - INFO - New record achieved. Previous FoM: 0.8813106402054351, new best FoM : 0.8788480711988976
06/05/2022 12:46:20.377 - oc_logger - INFO - Function evaluation number: 96, SI: 1, Sub-iteration number: 50, FoM: 0.8788480711988976
06/05/2022 12:46:20.735 - oc_logger - INFO - New record achieved. Previous FoM: 0.8788480711988976, new best FoM : 0.8770829779241011
06/05/2022 12:46:20.735 - oc_logger - INFO - Function evaluation number: 97, SI: 1, Sub-iteration number: 51, FoM: 0.8770829779241011
06/05/2022 12:46:21.125 - oc_logger - INFO - New record achieved. Previous FoM: 0.8770829779241011, new best FoM : 0.8746411528020656
06/05/2022 12:46:21.125 - oc_logger - INFO - Function evaluation number: 98, SI: 1, Sub-iteration number: 51, FoM: 0.8746411528020656
06/05/2022 12:46:21.535 - oc_logger - INFO - Function evaluation number: 99, SI: 1, Sub-iteration number: 52, FoM: 0.8757647604255739
06/05/2022 12:46:21.924 - oc_logger - INFO - New record achieved. Previous FoM: 0.8746411528020656, new best FoM : 0.8729656915745978
06/05/2022 12:46:21.924 - oc_logger - INFO - Function evaluation number: 100, SI: 1, Sub-iteration number: 53, FoM: 0.8729656915745978
06/05/2022 12:46:22.315 - oc_logger - INFO - New record achieved. Previous FoM: 0.8729656915745978, new best FoM : 0.8708842633935407
06/05/2022 12:46:22.316 - oc_logger - INFO - Function evaluation number: 101, SI: 1, Sub-iteration number: 53, FoM: 0.8708842633935407
06/05/2022 12:46:22.668 - oc_logger - INFO - New record achieved. Previous FoM: 0.8708842633935407, new best FoM : 0.8676887417485739
06/05/2022 12:46:22.668 - oc_logger - INFO - Function evaluation number: 102, SI: 1, Sub-iteration number: 54, FoM: 0.8676887417485739
06/05/2022 12:46:23.044 - oc_logger - INFO - New record achieved. Previous FoM: 0.8676887417485739, new best FoM : 0.8651126628282345
06/05/2022 12:46:23.044 - oc_logger - INFO - Function evaluation number: 103, SI: 1, Sub-iteration number: 54, FoM: 0.8651126628282345
06/05/2022 12:46:23.387 - oc_logger - INFO - Function evaluation number: 104, SI: 1, Sub-iteration number: 55, FoM: 0.8663865981507373
06/05/2022 12:46:23.673 - oc_logger - INFO - Function evaluation number: 105, SI: 1, Sub-iteration number: 56, FoM: 0.865948498961372
06/05/2022 12:46:24.096 - oc_logger - INFO - New record achieved. Previous FoM: 0.8651126628282345, new best FoM : 0.8629126539862648
06/05/2022 12:46:24.096 - oc_logger - INFO - Function evaluation number: 106, SI: 1, Sub-iteration number: 57, FoM: 0.8629126539862648
06/05/2022 12:46:24.519 - oc_logger - INFO - New record achieved. Previous FoM: 0.8629126539862648, new best FoM : 0.8611803315212448
06/05/2022 12:46:24.519 - oc_logger - INFO - Function evaluation number: 107, SI: 1, Sub-iteration number: 57, FoM: 0.8611803315212448
06/05/2022 12:46:24.939 - oc_logger - INFO - New record achieved. Previous FoM: 0.8611803315212448, new best FoM : 0.8607049084828303
06/05/2022 12:46:24.939 - oc_logger - INFO - Function evaluation number: 108, SI: 1, Sub-iteration number: 58, FoM: 0.8607049084828303
06/05/2022 12:46:25.356 - oc_logger - INFO - New record achieved. Previous FoM: 0.8607049084828303, new best FoM : 0.8590056195557859
06/05/2022 12:46:25.356 - oc_logger - INFO - Function evaluation number: 109, SI: 1, Sub-iteration number: 58, FoM: 0.8590056195557859
06/05/2022 12:46:25.721 - oc_logger - INFO - Function evaluation number: 110, SI: 1, Sub-iteration number: 59, FoM: 0.8593782555367573
06/05/2022 12:46:26.144 - oc_logger - INFO - New record achieved. Previous FoM: 0.8590056195557859, new best FoM : 0.8565491631516028
06/05/2022 12:46:26.144 - oc_logger - INFO - Function evaluation number: 111, SI: 1, Sub-iteration number: 60, FoM: 0.8565491631516028
06/05/2022 12:46:26.537 - oc_logger - INFO - New record achieved. Previous FoM: 0.8565491631516028, new best FoM : 0.8547152540399858
06/05/2022 12:46:26.537 - oc_logger - INFO - Function evaluation number: 112, SI: 1, Sub-iteration number: 60, FoM: 0.8547152540399858
06/05/2022 12:46:26.946 - oc_logger - INFO - New record achieved. Previous FoM: 0.8547152540399858, new best FoM : 0.8542368206443745
06/05/2022 12:46:26.946 - oc_logger - INFO - Function evaluation number: 113, SI: 1, Sub-iteration number: 61, FoM: 0.8542368206443745
06/05/2022 12:46:27.337 - oc_logger - INFO - New record achieved. Previous FoM: 0.8542368206443745, new best FoM : 0.8528483446805742
06/05/2022 12:46:27.337 - oc_logger - INFO - Function evaluation number: 114, SI: 1, Sub-iteration number: 61, FoM: 0.8528483446805742
06/05/2022 12:46:27.587 - oc_logger - INFO - New record achieved. Previous FoM: 0.8528483446805742, new best FoM : 0.8523890201111883
06/05/2022 12:46:27.587 - oc_logger - INFO - Function evaluation number: 115, SI: 1, Sub-iteration number: 62, FoM: 0.8523890201111883
06/05/2022 12:46:27.967 - oc_logger - INFO - New record achieved. Previous FoM: 0.8523890201111883, new best FoM : 0.8511949972146543
06/05/2022 12:46:27.967 - oc_logger - INFO - Function evaluation number: 116, SI: 1, Sub-iteration number: 62, FoM: 0.8511949972146543
06/05/2022 12:46:28.392 - oc_logger - INFO - Function evaluation number: 117, SI: 1, Sub-iteration number: 63, FoM: 0.8522195450551773
06/05/2022 12:46:28.747 - oc_logger - INFO - New record achieved. Previous FoM: 0.8511949972146543, new best FoM : 0.8493474329108455
06/05/2022 12:46:28.747 - oc_logger - INFO - Function evaluation number: 118, SI: 1, Sub-iteration number: 64, FoM: 0.8493474329108455
06/05/2022 12:46:29.010 - oc_logger - INFO - New record achieved. Previous FoM: 0.8493474329108455, new best FoM : 0.8480637220538019
06/05/2022 12:46:29.010 - oc_logger - INFO - Function evaluation number: 119, SI: 1, Sub-iteration number: 64, FoM: 0.8480637220538019
06/05/2022 12:46:29.324 - oc_logger - INFO - Function evaluation number: 120, SI: 1, Sub-iteration number: 65, FoM: 0.8487054203375037
06/05/2022 12:46:29.668 - oc_logger - INFO - New record achieved. Previous FoM: 0.8480637220538019, new best FoM : 0.8466909901614337
06/05/2022 12:46:29.669 - oc_logger - INFO - Function evaluation number: 121, SI: 1, Sub-iteration number: 66, FoM: 0.8466909901614337
06/05/2022 12:46:30.015 - oc_logger - INFO - New record achieved. Previous FoM: 0.8466909901614337, new best FoM : 0.8454551429104786
06/05/2022 12:46:30.015 - oc_logger - INFO - Function evaluation number: 122, SI: 1, Sub-iteration number: 66, FoM: 0.8454551429104786
06/05/2022 12:46:30.259 - oc_logger - INFO - Function evaluation number: 123, SI: 1, Sub-iteration number: 67, FoM: 0.8456990357089823
06/05/2022 12:46:30.579 - oc_logger - INFO - New record achieved. Previous FoM: 0.8454551429104786, new best FoM : 0.8440913427430966
06/05/2022 12:46:30.579 - oc_logger - INFO - Function evaluation number: 124, SI: 1, Sub-iteration number: 68, FoM: 0.8440913427430966
06/05/2022 12:46:30.926 - oc_logger - INFO - New record achieved. Previous FoM: 0.8440913427430966, new best FoM : 0.8433654592442146
06/05/2022 12:46:30.926 - oc_logger - INFO - Function evaluation number: 125, SI: 1, Sub-iteration number: 68, FoM: 0.8433654592442146
06/05/2022 12:46:31.270 - oc_logger - INFO - Function evaluation number: 126, SI: 1, Sub-iteration number: 69, FoM: 0.8446420673806673
06/05/2022 12:46:31.611 - oc_logger - INFO - Function evaluation number: 127, SI: 1, Sub-iteration number: 70, FoM: 0.8437750415874767
06/05/2022 12:46:32.003 - oc_logger - INFO - New record achieved. Previous FoM: 0.8433654592442146, new best FoM : 0.8428484675501038
06/05/2022 12:46:32.003 - oc_logger - INFO - Function evaluation number: 128, SI: 1, Sub-iteration number: 71, FoM: 0.8428484675501038
06/05/2022 12:46:32.413 - oc_logger - INFO - New record achieved. Previous FoM: 0.8428484675501038, new best FoM : 0.8423713721667825
06/05/2022 12:46:32.413 - oc_logger - INFO - Function evaluation number: 129, SI: 1, Sub-iteration number: 71, FoM: 0.8423713721667825
06/05/2022 12:46:32.788 - oc_logger - INFO - New record achieved. Previous FoM: 0.8423713721667825, new best FoM : 0.8405313957873922
06/05/2022 12:46:32.788 - oc_logger - INFO - Function evaluation number: 130, SI: 1, Sub-iteration number: 72, FoM: 0.8405313957873922
06/05/2022 12:46:33.189 - oc_logger - INFO - New record achieved. Previous FoM: 0.8405313957873922, new best FoM : 0.8396610231859749
06/05/2022 12:46:33.189 - oc_logger - INFO - Function evaluation number: 131, SI: 1, Sub-iteration number: 72, FoM: 0.8396610231859749
06/05/2022 12:46:33.582 - oc_logger - INFO - Function evaluation number: 132, SI: 1, Sub-iteration number: 73, FoM: 0.8402950657692968
06/05/2022 12:46:33.971 - oc_logger - INFO - Function evaluation number: 133, SI: 1, Sub-iteration number: 74, FoM: 0.8403684787779759
06/05/2022 12:46:34.364 - oc_logger - INFO - Function evaluation number: 134, SI: 1, Sub-iteration number: 75, FoM: 0.8401272443092158
06/05/2022 12:46:34.703 - oc_logger - INFO - Function evaluation number: 135, SI: 1, Sub-iteration number: 76, FoM: 0.8405925228855536
06/05/2022 12:46:35.043 - oc_logger - INFO - New record achieved. Previous FoM: 0.8396610231859749, new best FoM : 0.8384597027493438
06/05/2022 12:46:35.043 - oc_logger - INFO - Function evaluation number: 136, SI: 1, Sub-iteration number: 77, FoM: 0.8384597027493438
06/05/2022 12:46:35.391 - oc_logger - INFO - New record achieved. Previous FoM: 0.8384597027493438, new best FoM : 0.8379145254866096
06/05/2022 12:46:35.391 - oc_logger - INFO - Function evaluation number: 137, SI: 1, Sub-iteration number: 77, FoM: 0.8379145254866096
06/05/2022 12:46:35.646 - oc_logger - INFO - Function evaluation number: 138, SI: 1, Sub-iteration number: 78, FoM: 0.8382584358027368
06/05/2022 12:46:35.948 - oc_logger - INFO - New record achieved. Previous FoM: 0.8379145254866096, new best FoM : 0.8377094649799989
06/05/2022 12:46:35.950 - oc_logger - INFO - Function evaluation number: 139, SI: 1, Sub-iteration number: 79, FoM: 0.8377094649799989
06/05/2022 12:46:36.227 - oc_logger - INFO - New record achieved. Previous FoM: 0.8377094649799989, new best FoM : 0.8373304434493802
06/05/2022 12:46:36.228 - oc_logger - INFO - Function evaluation number: 140, SI: 1, Sub-iteration number: 79, FoM: 0.8373304434493802
06/05/2022 12:46:36.569 - oc_logger - INFO - New record achieved. Previous FoM: 0.8373304434493802, new best FoM : 0.8371963432836261
06/05/2022 12:46:36.569 - oc_logger - INFO - Function evaluation number: 141, SI: 1, Sub-iteration number: 80, FoM: 0.8371963432836261
06/05/2022 12:46:36.916 - oc_logger - INFO - New record achieved. Previous FoM: 0.8371963432836261, new best FoM : 0.8367829586903979
06/05/2022 12:46:36.916 - oc_logger - INFO - Function evaluation number: 142, SI: 1, Sub-iteration number: 80, FoM: 0.8367829586903979
06/05/2022 12:46:37.244 - oc_logger - INFO - New record achieved. Previous FoM: 0.8367829586903979, new best FoM : 0.836557157650484
06/05/2022 12:46:37.244 - oc_logger - INFO - Function evaluation number: 143, SI: 1, Sub-iteration number: 81, FoM: 0.836557157650484
06/05/2022 12:46:37.523 - oc_logger - INFO - New record achieved. Previous FoM: 0.836557157650484, new best FoM : 0.83610711841937
06/05/2022 12:46:37.523 - oc_logger - INFO - Function evaluation number: 144, SI: 1, Sub-iteration number: 81, FoM: 0.83610711841937
06/05/2022 12:46:37.816 - oc_logger - INFO - Function evaluation number: 145, SI: 1, Sub-iteration number: 82, FoM: 0.8362685618138623
06/05/2022 12:46:38.157 - oc_logger - INFO - Function evaluation number: 146, SI: 1, Sub-iteration number: 83, FoM: 0.8362779249392434
06/05/2022 12:46:38.509 - oc_logger - INFO - New record achieved. Previous FoM: 0.83610711841937, new best FoM : 0.8350205751685245
06/05/2022 12:46:38.509 - oc_logger - INFO - Function evaluation number: 147, SI: 1, Sub-iteration number: 84, FoM: 0.8350205751685245
06/05/2022 12:46:38.820 - oc_logger - INFO - New record achieved. Previous FoM: 0.8350205751685245, new best FoM : 0.8345350420574618
06/05/2022 12:46:38.820 - oc_logger - INFO - Function evaluation number: 148, SI: 1, Sub-iteration number: 84, FoM: 0.8345350420574618
06/05/2022 12:46:39.148 - oc_logger - INFO - New record achieved. Previous FoM: 0.8345350420574618, new best FoM : 0.834516680465313
06/05/2022 12:46:39.148 - oc_logger - INFO - Function evaluation number: 149, SI: 1, Sub-iteration number: 85, FoM: 0.834516680465313
06/05/2022 12:46:39.489 - oc_logger - INFO - New record achieved. Previous FoM: 0.834516680465313, new best FoM : 0.8341829884126073
06/05/2022 12:46:39.489 - oc_logger - INFO - Function evaluation number: 150, SI: 1, Sub-iteration number: 85, FoM: 0.8341829884126073
06/05/2022 12:46:39.786 - oc_logger - INFO - New record achieved. Previous FoM: 0.8341829884126073, new best FoM : 0.8340457455781769
06/05/2022 12:46:39.786 - oc_logger - INFO - Function evaluation number: 151, SI: 1, Sub-iteration number: 86, FoM: 0.8340457455781769
06/05/2022 12:46:40.197 - oc_logger - INFO - New record achieved. Previous FoM: 0.8340457455781769, new best FoM : 0.833626279258507
06/05/2022 12:46:40.197 - oc_logger - INFO - Function evaluation number: 152, SI: 1, Sub-iteration number: 86, FoM: 0.833626279258507
06/05/2022 12:46:40.500 - oc_logger - INFO - Function evaluation number: 153, SI: 1, Sub-iteration number: 87, FoM: 0.833847865013639
06/05/2022 12:46:40.782 - oc_logger - INFO - New record achieved. Previous FoM: 0.833626279258507, new best FoM : 0.8327959029710698
06/05/2022 12:46:40.782 - oc_logger - INFO - Function evaluation number: 154, SI: 1, Sub-iteration number: 88, FoM: 0.8327959029710698
06/05/2022 12:46:41.100 - oc_logger - INFO - New record achieved. Previous FoM: 0.8327959029710698, new best FoM : 0.8323116943352549
06/05/2022 12:46:41.100 - oc_logger - INFO - Function evaluation number: 155, SI: 1, Sub-iteration number: 88, FoM: 0.8323116943352549
06/05/2022 12:46:41.454 - oc_logger - INFO - Function evaluation number: 156, SI: 1, Sub-iteration number: 89, FoM: 0.8324452190591584
06/05/2022 12:46:41.806 - oc_logger - INFO - New record achieved. Previous FoM: 0.8323116943352549, new best FoM : 0.8317437767465339
06/05/2022 12:46:41.806 - oc_logger - INFO - Function evaluation number: 157, SI: 1, Sub-iteration number: 90, FoM: 0.8317437767465339
06/05/2022 12:46:42.302 - oc_logger - INFO - New record achieved. Previous FoM: 0.8317437767465339, new best FoM : 0.8312210842975672
06/05/2022 12:46:42.303 - oc_logger - INFO - Function evaluation number: 158, SI: 1, Sub-iteration number: 90, FoM: 0.8312210842975672
06/05/2022 12:46:42.798 - oc_logger - INFO - Function evaluation number: 159, SI: 1, Sub-iteration number: 91, FoM: 0.8315249998610904
06/05/2022 12:46:43.119 - oc_logger - INFO - Function evaluation number: 160, SI: 1, Sub-iteration number: 92, FoM: 0.8320329966544755
06/05/2022 12:46:43.356 - oc_logger - INFO - Function evaluation number: 161, SI: 1, Sub-iteration number: 93, FoM: 0.8312437533860411
06/05/2022 12:46:43.658 - oc_logger - INFO - New record achieved. Previous FoM: 0.8312210842975672, new best FoM : 0.830237695154751
06/05/2022 12:46:43.659 - oc_logger - INFO - Function evaluation number: 162, SI: 1, Sub-iteration number: 94, FoM: 0.830237695154751
06/05/2022 12:46:43.962 - oc_logger - INFO - New record achieved. Previous FoM: 0.830237695154751, new best FoM : 0.8298087146286568
06/05/2022 12:46:43.962 - oc_logger - INFO - Function evaluation number: 163, SI: 1, Sub-iteration number: 94, FoM: 0.8298087146286568
06/05/2022 12:46:44.274 - oc_logger - INFO - New record achieved. Previous FoM: 0.8298087146286568, new best FoM : 0.8296626658558237
06/05/2022 12:46:44.274 - oc_logger - INFO - Function evaluation number: 164, SI: 1, Sub-iteration number: 95, FoM: 0.8296626658558237
06/05/2022 12:46:44.567 - oc_logger - INFO - New record achieved. Previous FoM: 0.8296626658558237, new best FoM : 0.8291935875766192
06/05/2022 12:46:44.568 - oc_logger - INFO - Function evaluation number: 165, SI: 1, Sub-iteration number: 95, FoM: 0.8291935875766192
06/05/2022 12:46:45.100 - oc_logger - INFO - New record achieved. Previous FoM: 0.8291935875766192, new best FoM : 0.8290215285640132
06/05/2022 12:46:45.100 - oc_logger - INFO - Function evaluation number: 166, SI: 1, Sub-iteration number: 96, FoM: 0.8290215285640132
06/05/2022 12:46:45.627 - oc_logger - INFO - New record achieved. Previous FoM: 0.8290215285640132, new best FoM : 0.8285130687189097
06/05/2022 12:46:45.627 - oc_logger - INFO - Function evaluation number: 167, SI: 1, Sub-iteration number: 96, FoM: 0.8285130687189097
06/05/2022 12:46:46.245 - oc_logger - INFO - Function evaluation number: 168, SI: 1, Sub-iteration number: 97, FoM: 0.8293599137673409
06/05/2022 12:46:46.779 - oc_logger - INFO - Function evaluation number: 169, SI: 1, Sub-iteration number: 98, FoM: 0.8291893708928915
06/05/2022 12:46:47.072 - oc_logger - INFO - New record achieved. Previous FoM: 0.8285130687189097, new best FoM : 0.8278300560964824
06/05/2022 12:46:47.073 - oc_logger - INFO - Function evaluation number: 170, SI: 1, Sub-iteration number: 99, FoM: 0.8278300560964824
06/05/2022 12:46:47.392 - oc_logger - INFO - New record achieved. Previous FoM: 0.8278300560964824, new best FoM : 0.8274196571198088
06/05/2022 12:46:47.392 - oc_logger - INFO - Function evaluation number: 171, SI: 1, Sub-iteration number: 99, FoM: 0.8274196571198088
06/05/2022 12:46:47.705 - oc_logger - INFO - New record achieved. Previous FoM: 0.8274196571198088, new best FoM : 0.8273985019444129
06/05/2022 12:46:47.705 - oc_logger - INFO - Function evaluation number: 172, SI: 1, Sub-iteration number: 100, FoM: 0.8273985019444129
06/05/2022 12:46:48.050 - oc_logger - INFO - New record achieved. Previous FoM: 0.8273985019444129, new best FoM : 0.8269350105556474
06/05/2022 12:46:48.050 - oc_logger - INFO - Function evaluation number: 173, SI: 1, Sub-iteration number: 100, FoM: 0.8269350105556474
06/05/2022 12:46:48.390 - oc_logger - INFO - New record achieved. Previous FoM: 0.8269350105556474, new best FoM : 0.8264993136439339
06/05/2022 12:46:48.390 - oc_logger - INFO - Function evaluation number: 174, SI: 1, Sub-iteration number: 101, FoM: 0.8264993136439339
06/05/2022 12:46:48.700 - oc_logger - INFO - New record achieved. Previous FoM: 0.8264993136439339, new best FoM : 0.8259326426923974
06/05/2022 12:46:48.700 - oc_logger - INFO - Function evaluation number: 175, SI: 1, Sub-iteration number: 101, FoM: 0.8259326426923974
06/05/2022 12:46:49.052 - oc_logger - INFO - New record achieved. Previous FoM: 0.8259326426923974, new best FoM : 0.8258363846844904
06/05/2022 12:46:49.052 - oc_logger - INFO - Function evaluation number: 176, SI: 1, Sub-iteration number: 102, FoM: 0.8258363846844904
06/05/2022 12:46:49.392 - oc_logger - INFO - New record achieved. Previous FoM: 0.8258363846844904, new best FoM : 0.8253080443051947
06/05/2022 12:46:49.392 - oc_logger - INFO - Function evaluation number: 177, SI: 1, Sub-iteration number: 102, FoM: 0.8253080443051947
06/05/2022 12:46:49.765 - oc_logger - INFO - Function evaluation number: 178, SI: 1, Sub-iteration number: 103, FoM: 0.8254095601237574
06/05/2022 12:46:50.147 - oc_logger - INFO - New record achieved. Previous FoM: 0.8253080443051947, new best FoM : 0.8247917644872114
06/05/2022 12:46:50.147 - oc_logger - INFO - Function evaluation number: 179, SI: 1, Sub-iteration number: 104, FoM: 0.8247917644872114
06/05/2022 12:46:50.516 - oc_logger - INFO - New record achieved. Previous FoM: 0.8247917644872114, new best FoM : 0.824218244203524
06/05/2022 12:46:50.516 - oc_logger - INFO - Function evaluation number: 180, SI: 1, Sub-iteration number: 104, FoM: 0.824218244203524
06/05/2022 12:46:50.798 - oc_logger - INFO - New record achieved. Previous FoM: 0.824218244203524, new best FoM : 0.824178334851982
06/05/2022 12:46:50.798 - oc_logger - INFO - Function evaluation number: 181, SI: 1, Sub-iteration number: 105, FoM: 0.824178334851982
06/05/2022 12:46:51.113 - oc_logger - INFO - New record achieved. Previous FoM: 0.824178334851982, new best FoM : 0.8235984808470053
06/05/2022 12:46:51.113 - oc_logger - INFO - Function evaluation number: 182, SI: 1, Sub-iteration number: 105, FoM: 0.8235984808470053
06/05/2022 12:46:51.395 - oc_logger - INFO - New record achieved. Previous FoM: 0.8235984808470053, new best FoM : 0.8226978970914385
06/05/2022 12:46:51.396 - oc_logger - INFO - Function evaluation number: 183, SI: 1, Sub-iteration number: 106, FoM: 0.8226978970914385
06/05/2022 12:46:51.695 - oc_logger - INFO - New record achieved. Previous FoM: 0.8226978970914385, new best FoM : 0.8219524663293967
06/05/2022 12:46:51.695 - oc_logger - INFO - Function evaluation number: 184, SI: 1, Sub-iteration number: 106, FoM: 0.8219524663293967
06/05/2022 12:46:52.022 - oc_logger - INFO - New record achieved. Previous FoM: 0.8219524663293967, new best FoM : 0.8214159697575676
06/05/2022 12:46:52.022 - oc_logger - INFO - Function evaluation number: 185, SI: 1, Sub-iteration number: 107, FoM: 0.8214159697575676
06/05/2022 12:46:52.338 - oc_logger - INFO - New record achieved. Previous FoM: 0.8214159697575676, new best FoM : 0.8205306434022271
06/05/2022 12:46:52.339 - oc_logger - INFO - Function evaluation number: 186, SI: 1, Sub-iteration number: 107, FoM: 0.8205306434022271
06/05/2022 12:46:52.733 - oc_logger - INFO - Function evaluation number: 187, SI: 1, Sub-iteration number: 108, FoM: 0.8216436555972593
06/05/2022 12:46:52.987 - oc_logger - INFO - New record achieved. Previous FoM: 0.8205306434022271, new best FoM : 0.820438566233862
06/05/2022 12:46:52.987 - oc_logger - INFO - Function evaluation number: 188, SI: 1, Sub-iteration number: 109, FoM: 0.820438566233862
06/05/2022 12:46:53.264 - oc_logger - INFO - New record achieved. Previous FoM: 0.820438566233862, new best FoM : 0.8197159009083683
06/05/2022 12:46:53.264 - oc_logger - INFO - Function evaluation number: 189, SI: 1, Sub-iteration number: 109, FoM: 0.8197159009083683
06/05/2022 12:46:53.648 - oc_logger - INFO - Function evaluation number: 190, SI: 1, Sub-iteration number: 110, FoM: 0.8204041869278794
