06/08/2022 08:35:31.589 - oc_logger - INFO - The optimization direction is minimization
06/08/2022 08:35:31.589 - oc_logger - INFO - QuOCS version number: 0.0.22
06/08/2022 08:35:31.594 - oc_logger - INFO - Function evaluation number: 1, FoM: 0.5936875247790295
06/08/2022 08:35:31.600 - oc_logger - INFO - Function evaluation number: 2, FoM: 0.6200723229285003
06/08/2022 08:35:31.605 - oc_logger - INFO - Function evaluation number: 3, FoM: 0.6210537009155196
06/08/2022 08:35:31.609 - oc_logger - INFO - Function evaluation number: 4, FoM: 0.5926585652308899
06/08/2022 08:35:31.613 - oc_logger - INFO - Function evaluation number: 5, FoM: 0.5761934940145317
06/08/2022 08:35:31.616 - oc_logger - INFO - Function evaluation number: 6, FoM: 0.5411306204129919
06/08/2022 08:35:31.622 - oc_logger - INFO - Function evaluation number: 7, FoM: 0.48938857751643217
06/08/2022 08:35:31.626 - oc_logger - INFO - Function evaluation number: 8, FoM: 0.46512042076696425
06/08/2022 08:35:31.629 - oc_logger - INFO - Function evaluation number: 9, FoM: 0.38503689876217273
06/08/2022 08:35:31.633 - oc_logger - INFO - Function evaluation number: 10, FoM: 0.26878156468295344
06/08/2022 08:35:31.638 - oc_logger - INFO - Function evaluation number: 11, FoM: 0.10272217764511848
06/08/2022 08:35:31.642 - oc_logger - INFO - Function evaluation number: 12, FoM: 0.015385423414458588
06/08/2022 08:35:31.646 - oc_logger - INFO - Function evaluation number: 13, FoM: 0.07182965910592864
06/08/2022 08:35:31.649 - oc_logger - INFO - Function evaluation number: 14, FoM: 0.07157588222840916
06/08/2022 08:35:31.654 - oc_logger - INFO - Function evaluation number: 15, FoM: 0.04051410025987767
06/08/2022 08:35:31.658 - oc_logger - INFO - Function evaluation number: 16, FoM: 0.04399057706763765
06/08/2022 08:35:31.661 - oc_logger - INFO - Function evaluation number: 17, FoM: 0.05900653075710571
06/08/2022 08:35:31.665 - oc_logger - INFO - Function evaluation number: 18, FoM: 0.06869303054670661
06/08/2022 08:35:31.670 - oc_logger - INFO - Function evaluation number: 19, FoM: 0.05631153290403024
06/08/2022 08:35:31.673 - oc_logger - INFO - Function evaluation number: 20, FoM: 0.056071754605362956
06/08/2022 08:35:31.677 - oc_logger - INFO - Function evaluation number: 21, FoM: 0.1844793302806076
06/08/2022 08:35:31.681 - oc_logger - INFO - Function evaluation number: 22, FoM: 0.01977748537337143
06/08/2022 08:35:31.685 - oc_logger - INFO - Function evaluation number: 23, FoM: 0.045418365133370386
06/08/2022 08:35:31.689 - oc_logger - INFO - Function evaluation number: 24, FoM: 0.026600784882670148
06/08/2022 08:35:31.693 - oc_logger - INFO - Function evaluation number: 25, FoM: 0.024533540246168828
06/08/2022 08:35:31.697 - oc_logger - INFO - Function evaluation number: 26, FoM: 0.010176933321965564
06/08/2022 08:35:31.700 - oc_logger - INFO - Function evaluation number: 27, FoM: 0.05168195069499171
06/08/2022 08:35:31.705 - oc_logger - INFO - Function evaluation number: 28, FoM: 0.004356331170871419
06/08/2022 08:35:31.709 - oc_logger - INFO - Function evaluation number: 29, FoM: 0.009038252010792558
06/08/2022 08:35:31.712 - oc_logger - INFO - Function evaluation number: 30, FoM: 0.02189231913766898
06/08/2022 08:35:31.716 - oc_logger - INFO - Function evaluation number: 31, FoM: 0.0015230789342718376
06/08/2022 08:35:31.721 - oc_logger - INFO - Function evaluation number: 32, FoM: 0.0065065747437986765
06/08/2022 08:35:31.725 - oc_logger - INFO - Function evaluation number: 33, FoM: 0.0024871166193899397
06/08/2022 08:35:31.729 - oc_logger - INFO - Function evaluation number: 34, FoM: 0.008612106682796439
06/08/2022 08:35:31.732 - oc_logger - INFO - Function evaluation number: 35, FoM: 0.0012073081734771396
06/08/2022 08:35:31.738 - oc_logger - INFO - Function evaluation number: 36, FoM: 0.0021528381804944985
06/08/2022 08:35:31.742 - oc_logger - INFO - Function evaluation number: 37, FoM: 0.0010043765329486032
06/08/2022 08:35:31.745 - oc_logger - INFO - Function evaluation number: 38, FoM: 0.003692103386184975
06/08/2022 08:35:31.749 - oc_logger - INFO - Function evaluation number: 39, FoM: 0.00020314366404738937
06/08/2022 08:35:31.754 - oc_logger - INFO - Function evaluation number: 40, FoM: 0.00040967732158048165
06/08/2022 08:35:31.758 - oc_logger - INFO - Function evaluation number: 41, FoM: 0.0016274728688909779
06/08/2022 08:35:31.762 - oc_logger - INFO - Function evaluation number: 42, FoM: 0.0003504378959748866
06/08/2022 08:35:31.766 - oc_logger - INFO - Function evaluation number: 43, FoM: 0.0005547255766433778
06/08/2022 08:35:31.771 - oc_logger - INFO - Function evaluation number: 44, FoM: 0.0001675679511793371
06/08/2022 08:35:31.775 - oc_logger - INFO - Function evaluation number: 45, FoM: 0.000722710976657881
06/08/2022 08:35:31.779 - oc_logger - INFO - Function evaluation number: 46, FoM: 8.277785900978607e-05
06/08/2022 08:35:31.783 - oc_logger - INFO - Function evaluation number: 47, FoM: 0.00011813652988412748
06/08/2022 08:35:31.789 - oc_logger - INFO - Function evaluation number: 48, FoM: 0.00036817435257119335
06/08/2022 08:35:31.793 - oc_logger - INFO - Function evaluation number: 49, FoM: 3.347551084031952e-05
06/08/2022 08:35:31.797 - oc_logger - INFO - Function evaluation number: 50, FoM: 6.905310614391258e-05
06/08/2022 08:35:31.801 - oc_logger - INFO - Function evaluation number: 51, FoM: 0.0001853005671051955
06/08/2022 08:35:31.806 - oc_logger - INFO - Function evaluation number: 52, FoM: 1.5797460755306858e-05
06/08/2022 08:35:31.810 - oc_logger - INFO - Function evaluation number: 53, FoM: 5.1155160014859646e-05
06/08/2022 08:35:31.814 - oc_logger - INFO - Function evaluation number: 54, FoM: 2.1198434832392365e-05
06/08/2022 08:35:31.818 - oc_logger - INFO - Function evaluation number: 55, FoM: 7.04791640162572e-05
06/08/2022 08:35:31.823 - oc_logger - INFO - Function evaluation number: 56, FoM: 7.473395857826581e-06
06/08/2022 08:35:31.827 - oc_logger - INFO - Function evaluation number: 57, FoM: 1.2932583740798975e-05
06/08/2022 08:35:31.831 - oc_logger - INFO - Function evaluation number: 58, FoM: 3.61687809666833e-05
06/08/2022 08:35:31.834 - oc_logger - INFO - Function evaluation number: 59, FoM: 2.8092618147290693e-06
06/08/2022 08:35:31.840 - oc_logger - INFO - Function evaluation number: 60, FoM: 8.195724253923231e-06
06/08/2022 08:35:31.844 - oc_logger - INFO - Function evaluation number: 61, FoM: 2.946577268625461e-06
06/08/2022 08:35:31.847 - oc_logger - INFO - Function evaluation number: 62, FoM: 1.3234830618324978e-05
06/08/2022 08:35:31.851 - oc_logger - INFO - Function evaluation number: 63, FoM: 2.2916100489434044e-06
06/08/2022 08:35:31.854 - oc_logger - INFO - Figure of merit : 2.2916100489434044e-06
06/08/2022 08:35:31.855 - oc_logger - INFO - parameters : [ 5.62233187 -2.74918258]
06/08/2022 08:35:31.855 - oc_logger - INFO - terminate_reason : Convergence of the simplex.
