06/06/2022 06:30:01.244 - oc_logger - INFO - The optimization direction is minimization
06/06/2022 06:30:01.244 - oc_logger - INFO - QuOCS version number: 0.0.22
06/06/2022 06:30:01.244 - oc_logger - INFO - Direct search start time has been reset.
06/06/2022 06:30:01.247 - oc_logger - INFO - New record achieved. Previous FoM: 10000000000.0, new best FoM : 0.4785086816692401
06/06/2022 06:30:01.248 - oc_logger - INFO - Function evaluation number: 1, SI: 1, Sub-iteration number: 0, FoM: 0.4785086816692401
06/06/2022 06:30:01.253 - oc_logger - INFO - New record achieved. Previous FoM: 0.4785086816692401, new best FoM : 0.460826778404959
06/06/2022 06:30:01.254 - oc_logger - INFO - Function evaluation number: 2, SI: 1, Sub-iteration number: 0, FoM: 0.460826778404959
06/06/2022 06:30:01.257 - oc_logger - INFO - Function evaluation number: 3, SI: 1, Sub-iteration number: 0, FoM: 0.4786352932241519
06/06/2022 06:30:01.261 - oc_logger - INFO - Function evaluation number: 4, SI: 1, Sub-iteration number: 1, FoM: 0.460917771219594
06/06/2022 06:30:01.263 - oc_logger - INFO - New record achieved. Previous FoM: 0.460826778404959, new best FoM : 0.4415362783462953
06/06/2022 06:30:01.263 - oc_logger - INFO - Function evaluation number: 5, SI: 1, Sub-iteration number: 2, FoM: 0.4415362783462953
06/06/2022 06:30:01.267 - oc_logger - INFO - New record achieved. Previous FoM: 0.4415362783462953, new best FoM : 0.4206633622296828
06/06/2022 06:30:01.267 - oc_logger - INFO - Function evaluation number: 6, SI: 1, Sub-iteration number: 2, FoM: 0.4206633622296828
06/06/2022 06:30:01.271 - oc_logger - INFO - New record achieved. Previous FoM: 0.4206633622296828, new best FoM : 0.4201937812716934
06/06/2022 06:30:01.271 - oc_logger - INFO - Function evaluation number: 7, SI: 1, Sub-iteration number: 3, FoM: 0.4201937812716934
06/06/2022 06:30:01.275 - oc_logger - INFO - New record achieved. Previous FoM: 0.4201937812716934, new best FoM : 0.39730199225626994
06/06/2022 06:30:01.275 - oc_logger - INFO - Function evaluation number: 8, SI: 1, Sub-iteration number: 3, FoM: 0.39730199225626994
06/06/2022 06:30:01.278 - oc_logger - INFO - New record achieved. Previous FoM: 0.39730199225626994, new best FoM : 0.34935206157907295
06/06/2022 06:30:01.278 - oc_logger - INFO - Function evaluation number: 9, SI: 1, Sub-iteration number: 4, FoM: 0.34935206157907295
06/06/2022 06:30:01.282 - oc_logger - INFO - New record achieved. Previous FoM: 0.34935206157907295, new best FoM : 0.2843517551446294
06/06/2022 06:30:01.282 - oc_logger - INFO - Function evaluation number: 10, SI: 1, Sub-iteration number: 4, FoM: 0.2843517551446294
06/06/2022 06:30:01.286 - oc_logger - INFO - New record achieved. Previous FoM: 0.2843517551446294, new best FoM : 0.2556316647798872
06/06/2022 06:30:01.286 - oc_logger - INFO - Function evaluation number: 11, SI: 1, Sub-iteration number: 5, FoM: 0.2556316647798872
06/06/2022 06:30:01.290 - oc_logger - INFO - New record achieved. Previous FoM: 0.2556316647798872, new best FoM : 0.16807446243474122
06/06/2022 06:30:01.290 - oc_logger - INFO - Function evaluation number: 12, SI: 1, Sub-iteration number: 5, FoM: 0.16807446243474122
06/06/2022 06:30:01.294 - oc_logger - INFO - New record achieved. Previous FoM: 0.16807446243474122, new best FoM : 0.06531106723641356
06/06/2022 06:30:01.294 - oc_logger - INFO - Function evaluation number: 13, SI: 1, Sub-iteration number: 6, FoM: 0.06531106723641356
06/06/2022 06:30:01.298 - oc_logger - INFO - New record achieved. Previous FoM: 0.06531106723641356, new best FoM : 0.01815320256251085
06/06/2022 06:30:01.298 - oc_logger - INFO - Function evaluation number: 14, SI: 1, Sub-iteration number: 6, FoM: 0.01815320256251085
06/06/2022 06:30:01.302 - oc_logger - INFO - New record achieved. Previous FoM: 0.01815320256251085, new best FoM : 0.00960834957823109
06/06/2022 06:30:01.302 - oc_logger - INFO - Function evaluation number: 15, SI: 1, Sub-iteration number: 7, FoM: 0.00960834957823109
06/06/2022 06:30:01.306 - oc_logger - INFO - Function evaluation number: 16, SI: 1, Sub-iteration number: 7, FoM: 0.1777695506134913
06/06/2022 06:30:01.308 - oc_logger - INFO - Function evaluation number: 17, SI: 1, Sub-iteration number: 8, FoM: 0.20475109760146226
06/06/2022 06:30:01.311 - oc_logger - INFO - Function evaluation number: 18, SI: 1, Sub-iteration number: 8, FoM: 0.02637850113732121
06/06/2022 06:30:01.314 - oc_logger - INFO - Function evaluation number: 19, SI: 1, Sub-iteration number: 9, FoM: 0.04954547300715417
06/06/2022 06:30:01.316 - oc_logger - INFO - Function evaluation number: 20, SI: 1, Sub-iteration number: 9, FoM: 0.01161922625097711
06/06/2022 06:30:01.319 - oc_logger - INFO - Function evaluation number: 21, SI: 1, Sub-iteration number: 10, FoM: 0.016527194409043267
06/06/2022 06:30:01.322 - oc_logger - INFO - Function evaluation number: 22, SI: 1, Sub-iteration number: 10, FoM: 0.019828046641355623
06/06/2022 06:30:01.325 - oc_logger - INFO - Function evaluation number: 23, SI: 1, Sub-iteration number: 10, FoM: 0.021194696836315252
06/06/2022 06:30:01.328 - oc_logger - INFO - Function evaluation number: 24, SI: 1, Sub-iteration number: 10, FoM: 0.02067923453062659
06/06/2022 06:30:01.330 - oc_logger - INFO - New record achieved. Previous FoM: 0.00960834957823109, new best FoM : 0.004935330798365056
06/06/2022 06:30:01.330 - oc_logger - INFO - Function evaluation number: 25, SI: 1, Sub-iteration number: 11, FoM: 0.004935330798365056
06/06/2022 06:30:01.334 - oc_logger - INFO - Function evaluation number: 26, SI: 1, Sub-iteration number: 11, FoM: 0.014151353564216484
06/06/2022 06:30:01.337 - oc_logger - INFO - Function evaluation number: 27, SI: 1, Sub-iteration number: 12, FoM: 0.022350004481714092
06/06/2022 06:30:01.340 - oc_logger - INFO - Function evaluation number: 28, SI: 1, Sub-iteration number: 12, FoM: 0.016151603774857692
06/06/2022 06:30:01.343 - oc_logger - INFO - Function evaluation number: 29, SI: 1, Sub-iteration number: 13, FoM: 0.005531023186943984
06/06/2022 06:30:01.345 - oc_logger - INFO - Function evaluation number: 30, SI: 1, Sub-iteration number: 14, FoM: 0.012336306565514432
06/06/2022 06:30:01.348 - oc_logger - INFO - Function evaluation number: 31, SI: 1, Sub-iteration number: 14, FoM: 0.0051595354887561395
06/06/2022 06:30:01.351 - oc_logger - INFO - Function evaluation number: 32, SI: 1, Sub-iteration number: 15, FoM: 0.013057500965313551
06/06/2022 06:30:01.353 - oc_logger - INFO - New record achieved. Previous FoM: 0.004935330798365056, new best FoM : 7.377138112518722e-05
06/06/2022 06:30:01.353 - oc_logger - INFO - Function evaluation number: 33, SI: 1, Sub-iteration number: 15, FoM: 7.377138112518722e-05
06/06/2022 06:30:01.357 - oc_logger - INFO - Function evaluation number: 34, SI: 1, Sub-iteration number: 16, FoM: 0.00018921329819954202
06/06/2022 06:30:01.360 - oc_logger - INFO - Function evaluation number: 35, SI: 1, Sub-iteration number: 17, FoM: 0.005679962475395484
06/06/2022 06:30:01.363 - oc_logger - INFO - Function evaluation number: 36, SI: 1, Sub-iteration number: 17, FoM: 0.002518530906943539
06/06/2022 06:30:01.366 - oc_logger - INFO - Function evaluation number: 37, SI: 1, Sub-iteration number: 18, FoM: 0.0027907363470998092
06/06/2022 06:30:01.369 - oc_logger - INFO - Function evaluation number: 38, SI: 1, Sub-iteration number: 18, FoM: 0.0012503815739182134
06/06/2022 06:30:01.372 - oc_logger - INFO - Function evaluation number: 39, SI: 1, Sub-iteration number: 19, FoM: 0.0014044546586197137
06/06/2022 06:30:01.375 - oc_logger - INFO - Function evaluation number: 40, SI: 1, Sub-iteration number: 19, FoM: 0.000601452529742863
06/06/2022 06:30:01.378 - oc_logger - INFO - Function evaluation number: 41, SI: 1, Sub-iteration number: 20, FoM: 0.0007259909131013265
06/06/2022 06:30:01.380 - oc_logger - INFO - Function evaluation number: 42, SI: 1, Sub-iteration number: 20, FoM: 0.0002732851400166769
06/06/2022 06:30:01.383 - oc_logger - INFO - Function evaluation number: 43, SI: 1, Sub-iteration number: 21, FoM: 0.000390439747255944
06/06/2022 06:30:01.385 - oc_logger - INFO - Function evaluation number: 44, SI: 1, Sub-iteration number: 21, FoM: 0.00010827709122973594
06/06/2022 06:30:01.388 - oc_logger - INFO - Function evaluation number: 45, SI: 1, Sub-iteration number: 22, FoM: 0.0003686213875047084
06/06/2022 06:30:01.390 - oc_logger - INFO - New record achieved. Previous FoM: 7.377138112518722e-05, new best FoM : 4.874400957910474e-05
06/06/2022 06:30:01.390 - oc_logger - INFO - Function evaluation number: 46, SI: 1, Sub-iteration number: 22, FoM: 4.874400957910474e-05
06/06/2022 06:30:01.394 - oc_logger - INFO - Function evaluation number: 47, SI: 1, Sub-iteration number: 23, FoM: 8.323930730680384e-05
06/06/2022 06:30:01.397 - oc_logger - INFO - New record achieved. Previous FoM: 4.874400957910474e-05, new best FoM : 3.528411521791508e-05
06/06/2022 06:30:01.397 - oc_logger - INFO - Function evaluation number: 48, SI: 1, Sub-iteration number: 23, FoM: 3.528411521791508e-05
06/06/2022 06:30:01.401 - oc_logger - INFO - Function evaluation number: 49, SI: 1, Sub-iteration number: 24, FoM: 0.00015832100738000232
06/06/2022 06:30:01.404 - oc_logger - INFO - New record achieved. Previous FoM: 3.528411521791508e-05, new best FoM : 1.5959733125514575e-05
06/06/2022 06:30:01.404 - oc_logger - INFO - Function evaluation number: 50, SI: 1, Sub-iteration number: 24, FoM: 1.5959733125514575e-05
06/06/2022 06:30:01.408 - oc_logger - INFO - Function evaluation number: 51, SI: 1, Sub-iteration number: 25, FoM: 2.921180949178037e-05
06/06/2022 06:30:01.411 - oc_logger - INFO - Function evaluation number: 52, SI: 1, Sub-iteration number: 26, FoM: 8.03567227174451e-05
06/06/2022 06:30:01.413 - oc_logger - INFO - New record achieved. Previous FoM: 1.5959733125514575e-05, new best FoM : 6.320998952591417e-06
06/06/2022 06:30:01.413 - oc_logger - INFO - Function evaluation number: 53, SI: 1, Sub-iteration number: 26, FoM: 6.320998952591417e-06
06/06/2022 06:30:01.418 - oc_logger - INFO - Function evaluation number: 54, SI: 1, Sub-iteration number: 27, FoM: 1.9719178846688834e-05
06/06/2022 06:30:01.419 - oc_logger - INFO - Function evaluation number: 55, SI: 1, Sub-iteration number: 27, FoM: 7.430168745492516e-06
06/06/2022 06:30:01.422 - oc_logger - INFO - Function evaluation number: 56, SI: 1, Sub-iteration number: 28, FoM: 2.9711362758200188e-05
06/06/2022 06:30:01.425 - oc_logger - INFO - New record achieved. Previous FoM: 6.320998952591417e-06, new best FoM : 4.5467094211826264e-06
06/06/2022 06:30:01.425 - oc_logger - INFO - Function evaluation number: 57, SI: 1, Sub-iteration number: 28, FoM: 4.5467094211826264e-06
06/06/2022 06:30:01.429 - oc_logger - INFO - Function evaluation number: 58, SI: 1, Sub-iteration number: 29, FoM: 5.626886073306636e-06
06/06/2022 06:30:01.432 - oc_logger - INFO - Function evaluation number: 59, SI: 1, Sub-iteration number: 30, FoM: 1.65036282280262e-05
06/06/2022 06:30:01.435 - oc_logger - INFO - New record achieved. Previous FoM: 4.5467094211826264e-06, new best FoM : 6.136542816115309e-07
06/06/2022 06:30:01.435 - oc_logger - INFO - Function evaluation number: 60, SI: 1, Sub-iteration number: 30, FoM: 6.136542816115309e-07
06/06/2022 06:30:01.438 - oc_logger - INFO - Function evaluation number: 61, SI: 1, Sub-iteration number: 31, FoM: 1.7205315584467584e-06
06/06/2022 06:30:01.441 - oc_logger - INFO - Function evaluation number: 62, SI: 1, Sub-iteration number: 32, FoM: 6.869481299798252e-06
06/06/2022 06:30:01.443 - oc_logger - INFO - Function evaluation number: 63, SI: 1, Sub-iteration number: 32, FoM: 1.6929586370562077e-06
06/06/2022 06:30:01.446 - oc_logger - INFO - Function evaluation number: 64, SI: 1, Sub-iteration number: 33, FoM: 2.774282353179558e-06
06/06/2022 06:30:01.449 - oc_logger - INFO - New record achieved. Previous FoM: 6.136542816115309e-07, new best FoM : 5.861894227798814e-07
06/06/2022 06:30:01.449 - oc_logger - INFO - Function evaluation number: 65, SI: 1, Sub-iteration number: 33, FoM: 5.861894227798814e-07
06/06/2022 06:30:01.454 - oc_logger - INFO - Function evaluation number: 66, SI: 1, Sub-iteration number: 34, FoM: 2.8896131786249057e-06
06/06/2022 06:30:01.456 - oc_logger - INFO - New record achieved. Previous FoM: 5.861894227798814e-07, new best FoM : 5.478750206844296e-07
06/06/2022 06:30:01.457 - oc_logger - INFO - Function evaluation number: 67, SI: 1, Sub-iteration number: 34, FoM: 5.478750206844296e-07
06/06/2022 06:30:01.460 - oc_logger - INFO - Function evaluation number: 68, SI: 1, Sub-iteration number: 35, FoM: 5.634348219096807e-07
06/06/2022 06:30:01.463 - oc_logger - INFO - Function evaluation number: 69, SI: 1, Sub-iteration number: 36, FoM: 1.7018085087805446e-06
06/06/2022 06:30:01.467 - oc_logger - INFO - New record achieved. Previous FoM: 5.478750206844296e-07, new best FoM : 1.4050050012315296e-08
06/06/2022 06:30:01.467 - oc_logger - INFO - Function evaluation number: 70, SI: 1, Sub-iteration number: 36, FoM: 1.4050050012315296e-08
06/06/2022 06:30:01.471 - oc_logger - INFO - Function evaluation number: 71, SI: 1, Sub-iteration number: 37, FoM: 4.024409838709886e-08
06/06/2022 06:30:01.473 - oc_logger - INFO - Function evaluation number: 72, SI: 1, Sub-iteration number: 38, FoM: 5.975815163816733e-07
06/06/2022 06:30:01.476 - oc_logger - INFO - Function evaluation number: 73, SI: 1, Sub-iteration number: 38, FoM: 2.6154584809034986e-07
06/06/2022 06:30:01.479 - oc_logger - INFO - Function evaluation number: 74, SI: 1, Sub-iteration number: 39, FoM: 3.11182422052525e-07
06/06/2022 06:30:01.483 - oc_logger - INFO - Function evaluation number: 75, SI: 1, Sub-iteration number: 39, FoM: 1.1837251734370113e-07
06/06/2022 06:30:01.487 - oc_logger - INFO - Function evaluation number: 76, SI: 1, Sub-iteration number: 40, FoM: 1.6799161584035716e-07
06/06/2022 06:30:01.489 - oc_logger - INFO - Function evaluation number: 77, SI: 1, Sub-iteration number: 40, FoM: 4.678366827270963e-08
06/06/2022 06:30:01.493 - oc_logger - INFO - Function evaluation number: 78, SI: 1, Sub-iteration number: 41, FoM: 9.639839770869685e-08
06/06/2022 06:30:01.495 - oc_logger - INFO - New record achieved. Previous FoM: 1.4050050012315296e-08, new best FoM : 1.0988700616110236e-08
06/06/2022 06:30:01.495 - oc_logger - INFO - Function evaluation number: 79, SI: 1, Sub-iteration number: 41, FoM: 1.0988700616110236e-08
06/06/2022 06:30:01.499 - oc_logger - INFO - Function evaluation number: 80, SI: 1, Sub-iteration number: 42, FoM: 2.774033047714397e-08
06/06/2022 06:30:01.502 - oc_logger - INFO - Function evaluation number: 81, SI: 1, Sub-iteration number: 42, FoM: 1.471686461584909e-08
06/06/2022 06:30:01.505 - oc_logger - INFO - Function evaluation number: 82, SI: 1, Sub-iteration number: 43, FoM: 1.9275864349133087e-08
06/06/2022 06:30:01.507 - oc_logger - INFO - New record achieved. Previous FoM: 1.0988700616110236e-08, new best FoM : 7.211810260088214e-09
06/06/2022 06:30:01.508 - oc_logger - INFO - Function evaluation number: 83, SI: 1, Sub-iteration number: 43, FoM: 7.211810260088214e-09
06/06/2022 06:30:01.513 - oc_logger - INFO - Function evaluation number: 84, SI: 1, Sub-iteration number: 44, FoM: 3.169494400268036e-08
06/06/2022 06:30:01.517 - oc_logger - INFO - New record achieved. Previous FoM: 7.211810260088214e-09, new best FoM : 2.071851579188433e-09
06/06/2022 06:30:01.517 - oc_logger - INFO - Function evaluation number: 85, SI: 1, Sub-iteration number: 44, FoM: 2.071851579188433e-09
06/06/2022 06:30:01.522 - oc_logger - INFO - Function evaluation number: 86, SI: 1, Sub-iteration number: 45, FoM: 8.761921743705159e-09
06/06/2022 06:30:01.524 - oc_logger - INFO - Function evaluation number: 87, SI: 1, Sub-iteration number: 45, FoM: 2.720814129553162e-09
06/06/2022 06:30:01.528 - oc_logger - INFO - Function evaluation number: 88, SI: 1, Sub-iteration number: 46, FoM: 1.1769572538788964e-08
06/06/2022 06:30:01.530 - oc_logger - INFO - Function evaluation number: 89, SI: 1, Sub-iteration number: 46, FoM: 2.4775916873664983e-09
06/06/2022 06:30:01.533 - oc_logger - INFO - Function evaluation number: 90, SI: 1, Sub-iteration number: 47, FoM: 2.508807606105279e-09
06/06/2022 06:30:01.536 - oc_logger - INFO - New record achieved. Previous FoM: 2.071851579188433e-09, new best FoM : 1.4502443690389555e-09
06/06/2022 06:30:01.536 - oc_logger - INFO - Function evaluation number: 91, SI: 1, Sub-iteration number: 47, FoM: 1.4502443690389555e-09
06/06/2022 06:30:01.542 - oc_logger - INFO - Function evaluation number: 92, SI: 1, Sub-iteration number: 48, FoM: 3.365304590552398e-09
06/06/2022 06:30:01.545 - oc_logger - INFO - New record achieved. Previous FoM: 1.4502443690389555e-09, new best FoM : 1.1201566341156877e-09
06/06/2022 06:30:01.545 - oc_logger - INFO - Function evaluation number: 93, SI: 1, Sub-iteration number: 48, FoM: 1.1201566341156877e-09
06/06/2022 06:30:01.549 - oc_logger - INFO - Function evaluation number: 94, SI: 1, Sub-iteration number: 49, FoM: 4.67428828976324e-09
06/06/2022 06:30:01.552 - oc_logger - INFO - New record achieved. Previous FoM: 1.1201566341156877e-09, new best FoM : 3.8524605727729977e-10
06/06/2022 06:30:01.552 - oc_logger - INFO - Function evaluation number: 95, SI: 1, Sub-iteration number: 49, FoM: 3.8524605727729977e-10
06/06/2022 06:30:01.557 - oc_logger - INFO - Function evaluation number: 96, SI: 1, Sub-iteration number: 50, FoM: 7.822322789508007e-10
06/06/2022 06:30:01.560 - oc_logger - INFO - Function evaluation number: 97, SI: 1, Sub-iteration number: 51, FoM: 2.255461928335478e-09
06/06/2022 06:30:01.563 - oc_logger - INFO - New record achieved. Previous FoM: 3.8524605727729977e-10, new best FoM : 2.762710060721929e-10
06/06/2022 06:30:01.563 - oc_logger - INFO - Function evaluation number: 98, SI: 1, Sub-iteration number: 51, FoM: 2.762710060721929e-10
06/06/2022 06:30:01.567 - oc_logger - INFO - Function evaluation number: 99, SI: 1, Sub-iteration number: 52, FoM: 6.075835390362272e-10
06/06/2022 06:30:01.569 - oc_logger - INFO - Function evaluation number: 100, SI: 1, Sub-iteration number: 52, FoM: 2.8766500292931596e-10
06/06/2022 06:30:01.573 - oc_logger - INFO - Function evaluation number: 101, SI: 1, Sub-iteration number: 53, FoM: 9.575358284052982e-10
06/06/2022 06:30:01.576 - oc_logger - INFO - New record achieved. Previous FoM: 2.762710060721929e-10, new best FoM : 4.800038144736618e-11
06/06/2022 06:30:01.576 - oc_logger - INFO - Function evaluation number: 102, SI: 1, Sub-iteration number: 53, FoM: 4.800038144736618e-11
06/06/2022 06:30:01.580 - oc_logger - INFO - Function evaluation number: 103, SI: 1, Sub-iteration number: 54, FoM: 7.718459205108275e-11
06/06/2022 06:30:01.583 - oc_logger - INFO - Function evaluation number: 104, SI: 1, Sub-iteration number: 55, FoM: 3.8999958817953484e-10
06/06/2022 06:30:01.585 - oc_logger - INFO - Function evaluation number: 105, SI: 1, Sub-iteration number: 55, FoM: 1.1009015921104037e-10
06/06/2022 06:30:01.589 - oc_logger - INFO - Function evaluation number: 106, SI: 1, Sub-iteration number: 56, FoM: 2.2304491587021857e-10
06/06/2022 06:30:01.592 - oc_logger - INFO - New record achieved. Previous FoM: 4.800038144736618e-11, new best FoM : 2.6903146377321718e-11
06/06/2022 06:30:01.592 - oc_logger - INFO - Function evaluation number: 107, SI: 1, Sub-iteration number: 56, FoM: 2.6903146377321718e-11
06/06/2022 06:30:01.596 - oc_logger - INFO - Function evaluation number: 108, SI: 1, Sub-iteration number: 57, FoM: 3.290567818226009e-11
06/06/2022 06:30:01.599 - oc_logger - INFO - Function evaluation number: 109, SI: 1, Sub-iteration number: 58, FoM: 1.2023537721006505e-10
06/06/2022 06:30:01.602 - oc_logger - INFO - New record achieved. Previous FoM: 2.6903146377321718e-11, new best FoM : 5.916267475924997e-12
06/06/2022 06:30:01.602 - oc_logger - INFO - Function evaluation number: 110, SI: 1, Sub-iteration number: 58, FoM: 5.916267475924997e-12
06/06/2022 06:30:01.606 - oc_logger - INFO - Function evaluation number: 111, SI: 1, Sub-iteration number: 59, FoM: 3.6003977577081514e-11
06/06/2022 06:30:01.608 - oc_logger - INFO - Function evaluation number: 112, SI: 1, Sub-iteration number: 59, FoM: 2.5967894501377486e-11
06/06/2022 06:30:01.611 - oc_logger - INFO - Function evaluation number: 113, SI: 1, Sub-iteration number: 60, FoM: 2.3145041438965563e-11
06/06/2022 06:30:01.614 - oc_logger - INFO - Function evaluation number: 114, SI: 1, Sub-iteration number: 61, FoM: 5.2142401507637715e-11
06/06/2022 06:30:01.616 - oc_logger - INFO - Function evaluation number: 115, SI: 1, Sub-iteration number: 61, FoM: 7.215561481643817e-12
06/06/2022 06:30:01.619 - oc_logger - INFO - Function evaluation number: 116, SI: 1, Sub-iteration number: 62, FoM: 1.1347145445483875e-11
06/06/2022 06:30:01.622 - oc_logger - INFO - Function evaluation number: 117, SI: 1, Sub-iteration number: 62, FoM: 7.845946115025981e-12
06/06/2022 06:30:01.625 - oc_logger - INFO - Function evaluation number: 118, SI: 1, Sub-iteration number: 63, FoM: 9.399703237988888e-12
06/06/2022 06:30:01.628 - oc_logger - INFO - New record achieved. Previous FoM: 5.916267475924997e-12, new best FoM : 4.816369525428854e-12
06/06/2022 06:30:01.628 - oc_logger - INFO - Function evaluation number: 119, SI: 1, Sub-iteration number: 63, FoM: 4.816369525428854e-12
06/06/2022 06:30:01.632 - oc_logger - INFO - Function evaluation number: 120, SI: 1, Sub-iteration number: 64, FoM: 1.0839440456322791e-11
06/06/2022 06:30:01.635 - oc_logger - INFO - New record achieved. Previous FoM: 4.816369525428854e-12, new best FoM : 3.6486369481281145e-12
06/06/2022 06:30:01.635 - oc_logger - INFO - Function evaluation number: 121, SI: 1, Sub-iteration number: 64, FoM: 3.6486369481281145e-12
06/06/2022 06:30:01.638 - oc_logger - INFO - Function evaluation number: 122, SI: 1, Sub-iteration number: 65, FoM: 1.450550790593752e-11
06/06/2022 06:30:01.641 - oc_logger - INFO - New record achieved. Previous FoM: 3.6486369481281145e-12, new best FoM : 7.843725668976731e-13
06/06/2022 06:30:01.641 - oc_logger - INFO - Function evaluation number: 123, SI: 1, Sub-iteration number: 65, FoM: 7.843725668976731e-13
06/06/2022 06:30:01.645 - oc_logger - INFO - Function evaluation number: 124, SI: 1, Sub-iteration number: 66, FoM: 2.2205570715527756e-12
06/06/2022 06:30:01.648 - oc_logger - INFO - Function evaluation number: 125, SI: 1, Sub-iteration number: 67, FoM: 6.479483616317339e-12
06/06/2022 06:30:01.650 - oc_logger - INFO - Function evaluation number: 126, SI: 1, Sub-iteration number: 67, FoM: 1.1242118347354335e-12
06/06/2022 06:30:01.653 - oc_logger - INFO - Function evaluation number: 127, SI: 1, Sub-iteration number: 68, FoM: 2.2313262348916396e-12
06/06/2022 06:30:01.656 - oc_logger - INFO - Function evaluation number: 128, SI: 1, Sub-iteration number: 68, FoM: 9.563461134121098e-13
06/06/2022 06:30:01.659 - oc_logger - INFO - Function evaluation number: 129, SI: 1, Sub-iteration number: 69, FoM: 2.8368418725222e-12
06/06/2022 06:30:01.662 - oc_logger - INFO - New record achieved. Previous FoM: 7.843725668976731e-13, new best FoM : 1.538769112130467e-13
06/06/2022 06:30:01.662 - oc_logger - INFO - Function evaluation number: 130, SI: 1, Sub-iteration number: 69, FoM: 1.538769112130467e-13
06/06/2022 06:30:01.666 - oc_logger - INFO - Function evaluation number: 131, SI: 1, Sub-iteration number: 70, FoM: 2.3070434451710753e-13
06/06/2022 06:30:01.669 - oc_logger - INFO - Function evaluation number: 132, SI: 1, Sub-iteration number: 71, FoM: 1.2354561818028742e-12
06/06/2022 06:30:01.672 - oc_logger - INFO - Function evaluation number: 133, SI: 1, Sub-iteration number: 71, FoM: 2.7411406477995115e-13
06/06/2022 06:30:01.674 - oc_logger - INFO - Function evaluation number: 134, SI: 1, Sub-iteration number: 72, FoM: 7.362999099314038e-13
06/06/2022 06:30:01.677 - oc_logger - INFO - New record achieved. Previous FoM: 1.538769112130467e-13, new best FoM : 2.1871393585115584e-14
06/06/2022 06:30:01.677 - oc_logger - INFO - Function evaluation number: 135, SI: 1, Sub-iteration number: 72, FoM: 2.1871393585115584e-14
06/06/2022 06:30:01.681 - oc_logger - INFO - Function evaluation number: 136, SI: 1, Sub-iteration number: 73, FoM: 2.4347190930029683e-13
06/06/2022 06:30:01.685 - oc_logger - INFO - Function evaluation number: 137, SI: 1, Sub-iteration number: 73, FoM: 1.7674750552032492e-13
06/06/2022 06:30:01.689 - oc_logger - INFO - Function evaluation number: 138, SI: 1, Sub-iteration number: 74, FoM: 6.283862319378386e-14
06/06/2022 06:30:01.692 - oc_logger - INFO - Function evaluation number: 139, SI: 1, Sub-iteration number: 75, FoM: 2.1793677973391823e-13
06/06/2022 06:30:01.694 - oc_logger - INFO - Function evaluation number: 140, SI: 1, Sub-iteration number: 75, FoM: 6.838973831690964e-14
06/06/2022 06:30:01.698 - oc_logger - INFO - Function evaluation number: 141, SI: 1, Sub-iteration number: 76, FoM: 1.2079226507921703e-13
06/06/2022 06:30:01.701 - oc_logger - INFO - New record achieved. Previous FoM: 2.1871393585115584e-14, new best FoM : 2.1094237467877974e-14
06/06/2022 06:30:01.701 - oc_logger - INFO - Function evaluation number: 142, SI: 1, Sub-iteration number: 76, FoM: 2.1094237467877974e-14
06/06/2022 06:30:01.705 - oc_logger - INFO - New record achieved. Previous FoM: 2.1094237467877974e-14, new best FoM : 8.215650382226158e-15
06/06/2022 06:30:01.705 - oc_logger - INFO - Function evaluation number: 143, SI: 1, Sub-iteration number: 77, FoM: 8.215650382226158e-15
06/06/2022 06:30:01.708 - oc_logger - INFO - Function evaluation number: 144, SI: 1, Sub-iteration number: 77, FoM: 5.440092820663267e-14
06/06/2022 06:30:01.710 - oc_logger - INFO - Function evaluation number: 145, SI: 1, Sub-iteration number: 78, FoM: 8.260059303211165e-14
06/06/2022 06:30:01.714 - oc_logger - INFO - New record achieved. Previous FoM: 8.215650382226158e-15, new best FoM : 6.439293542825908e-15
06/06/2022 06:30:01.714 - oc_logger - INFO - Function evaluation number: 146, SI: 1, Sub-iteration number: 78, FoM: 6.439293542825908e-15
06/06/2022 06:30:01.720 - oc_logger - INFO - Function evaluation number: 147, SI: 1, Sub-iteration number: 79, FoM: 7.915890165577366e-14
06/06/2022 06:30:01.724 - oc_logger - INFO - Function evaluation number: 148, SI: 1, Sub-iteration number: 79, FoM: 2.6645352591003757e-14
06/06/2022 06:30:01.726 - oc_logger - INFO - Function evaluation number: 149, SI: 1, Sub-iteration number: 79, FoM: 8.881784197001252e-15
06/06/2022 06:30:01.729 - oc_logger - INFO - Function evaluation number: 150, SI: 1, Sub-iteration number: 79, FoM: 1.865174681370263e-14
06/06/2022 06:30:01.729 - oc_logger - INFO - SI 1 finished - Number of evaluations: 150, Best FoM: 6.439293542825908e-15, Terminate reason: Convergence of the simplex.

06/06/2022 06:30:01.730 - oc_logger - INFO - Direct search start time has been reset.
06/06/2022 06:30:01.733 - oc_logger - INFO - Function evaluation number: 151, SI: 2, Sub-iteration number: 0, FoM: 6.439293542825908e-15
06/06/2022 06:30:01.735 - oc_logger - INFO - Function evaluation number: 152, SI: 2, Sub-iteration number: 0, FoM: 0.01087144512638405
06/06/2022 06:30:01.738 - oc_logger - INFO - Function evaluation number: 153, SI: 2, Sub-iteration number: 0, FoM: 0.005169663828223925
06/06/2022 06:30:01.741 - oc_logger - INFO - Function evaluation number: 154, SI: 2, Sub-iteration number: 1, FoM: 0.004603347760590681
06/06/2022 06:30:01.743 - oc_logger - INFO - Function evaluation number: 155, SI: 2, Sub-iteration number: 2, FoM: 0.008695041537007286
06/06/2022 06:30:01.747 - oc_logger - INFO - Function evaluation number: 156, SI: 2, Sub-iteration number: 2, FoM: 0.0012469257126843658
06/06/2022 06:30:01.751 - oc_logger - INFO - Function evaluation number: 157, SI: 2, Sub-iteration number: 3, FoM: 0.006546962313460636
06/06/2022 06:30:01.755 - oc_logger - INFO - Function evaluation number: 158, SI: 2, Sub-iteration number: 3, FoM: 0.002081400362624608
06/06/2022 06:30:01.758 - oc_logger - INFO - Function evaluation number: 159, SI: 2, Sub-iteration number: 4, FoM: 0.0034964605101873714
06/06/2022 06:30:01.761 - oc_logger - INFO - Function evaluation number: 160, SI: 2, Sub-iteration number: 4, FoM: 0.0007531896444010755
06/06/2022 06:30:01.764 - oc_logger - INFO - Function evaluation number: 161, SI: 2, Sub-iteration number: 5, FoM: 0.0019479334862793074
06/06/2022 06:30:01.767 - oc_logger - INFO - Function evaluation number: 162, SI: 2, Sub-iteration number: 5, FoM: 0.000427116688360929
06/06/2022 06:30:01.770 - oc_logger - INFO - Function evaluation number: 163, SI: 2, Sub-iteration number: 6, FoM: 0.001202400255671865
06/06/2022 06:30:01.774 - oc_logger - INFO - Function evaluation number: 164, SI: 2, Sub-iteration number: 6, FoM: 0.0002729802618275379
06/06/2022 06:30:01.778 - oc_logger - INFO - Function evaluation number: 165, SI: 2, Sub-iteration number: 7, FoM: 0.0006940648629654156
06/06/2022 06:30:01.780 - oc_logger - INFO - Function evaluation number: 166, SI: 2, Sub-iteration number: 7, FoM: 0.00014428714877023907
06/06/2022 06:30:01.783 - oc_logger - INFO - Function evaluation number: 167, SI: 2, Sub-iteration number: 8, FoM: 0.00042036244224763486
06/06/2022 06:30:01.786 - oc_logger - INFO - Function evaluation number: 168, SI: 2, Sub-iteration number: 8, FoM: 0.00010087791760415854
06/06/2022 06:30:01.790 - oc_logger - INFO - Function evaluation number: 169, SI: 2, Sub-iteration number: 9, FoM: 0.0002444911863463961
06/06/2022 06:30:01.793 - oc_logger - INFO - Function evaluation number: 170, SI: 2, Sub-iteration number: 9, FoM: 4.6771992901262216e-05
06/06/2022 06:30:01.796 - oc_logger - INFO - Function evaluation number: 171, SI: 2, Sub-iteration number: 10, FoM: 0.00014814573128263397
06/06/2022 06:30:01.799 - oc_logger - INFO - Function evaluation number: 172, SI: 2, Sub-iteration number: 10, FoM: 3.8832428359780735e-05
06/06/2022 06:30:01.802 - oc_logger - INFO - Function evaluation number: 173, SI: 2, Sub-iteration number: 11, FoM: 8.55228650269435e-05
06/06/2022 06:30:01.804 - oc_logger - INFO - Function evaluation number: 174, SI: 2, Sub-iteration number: 11, FoM: 1.3643874323565619e-05
06/06/2022 06:30:01.808 - oc_logger - INFO - Function evaluation number: 175, SI: 2, Sub-iteration number: 12, FoM: 5.257737449204658e-05
06/06/2022 06:30:01.810 - oc_logger - INFO - Function evaluation number: 176, SI: 2, Sub-iteration number: 12, FoM: 1.6029679522633344e-05
06/06/2022 06:30:01.813 - oc_logger - INFO - Function evaluation number: 177, SI: 2, Sub-iteration number: 13, FoM: 2.9675234006765194e-05
06/06/2022 06:30:01.816 - oc_logger - INFO - Function evaluation number: 178, SI: 2, Sub-iteration number: 13, FoM: 4.615875834002026e-06
06/06/2022 06:30:01.819 - oc_logger - INFO - Function evaluation number: 179, SI: 2, Sub-iteration number: 14, FoM: 1.8219370579330985e-05
06/06/2022 06:30:01.821 - oc_logger - INFO - Function evaluation number: 180, SI: 2, Sub-iteration number: 14, FoM: 5.657085959898112e-06
06/06/2022 06:30:01.824 - oc_logger - INFO - Function evaluation number: 181, SI: 2, Sub-iteration number: 15, FoM: 1.0274546017097208e-05
06/06/2022 06:30:01.827 - oc_logger - INFO - Function evaluation number: 182, SI: 2, Sub-iteration number: 15, FoM: 1.6689330900598875e-06
06/06/2022 06:30:01.829 - oc_logger - INFO - Function evaluation number: 183, SI: 2, Sub-iteration number: 16, FoM: 6.302372932753819e-06
06/06/2022 06:30:01.832 - oc_logger - INFO - Function evaluation number: 184, SI: 2, Sub-iteration number: 16, FoM: 1.8959607950286284e-06
06/06/2022 06:30:01.834 - oc_logger - INFO - Function evaluation number: 185, SI: 2, Sub-iteration number: 17, FoM: 3.5631624877296986e-06
06/06/2022 06:30:01.837 - oc_logger - INFO - Function evaluation number: 186, SI: 2, Sub-iteration number: 17, FoM: 5.335918293880582e-07
06/06/2022 06:30:01.841 - oc_logger - INFO - Function evaluation number: 187, SI: 2, Sub-iteration number: 18, FoM: 2.1932978579997098e-06
06/06/2022 06:30:01.843 - oc_logger - INFO - Function evaluation number: 188, SI: 2, Sub-iteration number: 18, FoM: 6.983337487165286e-07
06/06/2022 06:30:01.846 - oc_logger - INFO - Function evaluation number: 189, SI: 2, Sub-iteration number: 19, FoM: 1.2327825911206958e-06
06/06/2022 06:30:01.848 - oc_logger - INFO - Function evaluation number: 190, SI: 2, Sub-iteration number: 19, FoM: 2.1429420782315134e-07
06/06/2022 06:30:01.851 - oc_logger - INFO - Function evaluation number: 191, SI: 2, Sub-iteration number: 20, FoM: 7.525748273451427e-07
06/06/2022 06:30:01.854 - oc_logger - INFO - Function evaluation number: 192, SI: 2, Sub-iteration number: 20, FoM: 2.146340425390747e-07
06/06/2022 06:30:01.857 - oc_logger - INFO - Function evaluation number: 193, SI: 2, Sub-iteration number: 21, FoM: 4.284490419115272e-07
06/06/2022 06:30:01.860 - oc_logger - INFO - Function evaluation number: 194, SI: 2, Sub-iteration number: 21, FoM: 5.450925466554679e-08
06/06/2022 06:30:01.863 - oc_logger - INFO - Function evaluation number: 195, SI: 2, Sub-iteration number: 22, FoM: 2.6634509042722243e-07
06/06/2022 06:30:01.865 - oc_logger - INFO - Function evaluation number: 196, SI: 2, Sub-iteration number: 22, FoM: 9.27833340158557e-08
06/06/2022 06:30:01.868 - oc_logger - INFO - Function evaluation number: 197, SI: 2, Sub-iteration number: 23, FoM: 1.4753642330056493e-07
06/06/2022 06:30:01.871 - oc_logger - INFO - Function evaluation number: 198, SI: 2, Sub-iteration number: 23, FoM: 3.236562573505353e-08
06/06/2022 06:30:01.874 - oc_logger - INFO - Function evaluation number: 199, SI: 2, Sub-iteration number: 24, FoM: 8.814894170150467e-08
06/06/2022 06:30:01.876 - oc_logger - INFO - Function evaluation number: 200, SI: 2, Sub-iteration number: 24, FoM: 1.9546049445651192e-08
06/06/2022 06:30:01.879 - oc_logger - INFO - Function evaluation number: 201, SI: 2, Sub-iteration number: 25, FoM: 5.177515172150038e-08
06/06/2022 06:30:01.882 - oc_logger - INFO - Function evaluation number: 202, SI: 2, Sub-iteration number: 25, FoM: 1.1080510176064706e-08
06/06/2022 06:30:01.884 - oc_logger - INFO - Function evaluation number: 203, SI: 2, Sub-iteration number: 26, FoM: 3.109217050489832e-08
06/06/2022 06:30:01.888 - oc_logger - INFO - Function evaluation number: 204, SI: 2, Sub-iteration number: 26, FoM: 7.182112238268701e-09
06/06/2022 06:30:01.891 - oc_logger - INFO - Function evaluation number: 205, SI: 2, Sub-iteration number: 27, FoM: 1.812157890412891e-08
06/06/2022 06:30:01.894 - oc_logger - INFO - Function evaluation number: 206, SI: 2, Sub-iteration number: 27, FoM: 3.631076217480711e-09
06/06/2022 06:30:01.897 - oc_logger - INFO - Function evaluation number: 207, SI: 2, Sub-iteration number: 28, FoM: 1.1006418110248717e-08
06/06/2022 06:30:01.900 - oc_logger - INFO - Function evaluation number: 208, SI: 2, Sub-iteration number: 28, FoM: 2.770644824678925e-09
06/06/2022 06:30:01.903 - oc_logger - INFO - Function evaluation number: 209, SI: 2, Sub-iteration number: 29, FoM: 6.3115688231363265e-09
06/06/2022 06:30:01.906 - oc_logger - INFO - Function evaluation number: 210, SI: 2, Sub-iteration number: 29, FoM: 1.064177190812643e-09
06/06/2022 06:30:01.909 - oc_logger - INFO - Function evaluation number: 211, SI: 2, Sub-iteration number: 30, FoM: 3.92224852596712e-09
06/06/2022 06:30:01.911 - oc_logger - INFO - Function evaluation number: 212, SI: 2, Sub-iteration number: 30, FoM: 1.1626632989703012e-09
06/06/2022 06:30:01.914 - oc_logger - INFO - Function evaluation number: 213, SI: 2, Sub-iteration number: 31, FoM: 2.1837809338620673e-09
06/06/2022 06:30:01.918 - oc_logger - INFO - Function evaluation number: 214, SI: 2, Sub-iteration number: 31, FoM: 3.4236169454970877e-10
06/06/2022 06:30:01.922 - oc_logger - INFO - Function evaluation number: 215, SI: 2, Sub-iteration number: 32, FoM: 1.2948047078964464e-09
06/06/2022 06:30:01.925 - oc_logger - INFO - Function evaluation number: 216, SI: 2, Sub-iteration number: 32, FoM: 4.17644807626516e-10
06/06/2022 06:30:01.927 - oc_logger - INFO - Function evaluation number: 217, SI: 2, Sub-iteration number: 33, FoM: 7.618465858172385e-10
06/06/2022 06:30:01.930 - oc_logger - INFO - Function evaluation number: 218, SI: 2, Sub-iteration number: 33, FoM: 1.0857703625077875e-10
06/06/2022 06:30:01.934 - oc_logger - INFO - Function evaluation number: 219, SI: 2, Sub-iteration number: 34, FoM: 4.91550022907461e-10
06/06/2022 06:30:01.936 - oc_logger - INFO - Function evaluation number: 220, SI: 2, Sub-iteration number: 34, FoM: 1.5735812652906134e-10
06/06/2022 06:30:01.939 - oc_logger - INFO - Function evaluation number: 221, SI: 2, Sub-iteration number: 35, FoM: 2.5959867588909447e-10
06/06/2022 06:30:01.942 - oc_logger - INFO - Function evaluation number: 222, SI: 2, Sub-iteration number: 35, FoM: 5.898947996740844e-11
06/06/2022 06:30:01.944 - oc_logger - INFO - Function evaluation number: 223, SI: 2, Sub-iteration number: 36, FoM: 1.421569528758937e-10
06/06/2022 06:30:01.948 - oc_logger - INFO - Function evaluation number: 224, SI: 2, Sub-iteration number: 36, FoM: 3.2196578736432e-11
06/06/2022 06:30:01.952 - oc_logger - INFO - Function evaluation number: 225, SI: 2, Sub-iteration number: 37, FoM: 9.325495931022942e-11
06/06/2022 06:30:01.955 - oc_logger - INFO - Function evaluation number: 226, SI: 2, Sub-iteration number: 37, FoM: 2.549227495762807e-11
06/06/2022 06:30:01.958 - oc_logger - INFO - Function evaluation number: 227, SI: 2, Sub-iteration number: 38, FoM: 4.8586246137460876e-11
06/06/2022 06:30:01.961 - oc_logger - INFO - Function evaluation number: 228, SI: 2, Sub-iteration number: 38, FoM: 6.313394251833415e-12
06/06/2022 06:30:01.964 - oc_logger - INFO - Function evaluation number: 229, SI: 2, Sub-iteration number: 39, FoM: 3.433076045666894e-11
06/06/2022 06:30:01.967 - oc_logger - INFO - Function evaluation number: 230, SI: 2, Sub-iteration number: 39, FoM: 1.3306244994737426e-11
06/06/2022 06:30:01.970 - oc_logger - INFO - Function evaluation number: 231, SI: 2, Sub-iteration number: 40, FoM: 1.660582782392339e-11
06/06/2022 06:30:01.973 - oc_logger - INFO - Function evaluation number: 232, SI: 2, Sub-iteration number: 40, FoM: 6.52233822506787e-12
06/06/2022 06:30:01.975 - oc_logger - INFO - Function evaluation number: 233, SI: 2, Sub-iteration number: 41, FoM: 8.435141474194552e-12
06/06/2022 06:30:01.979 - oc_logger - INFO - Function evaluation number: 234, SI: 2, Sub-iteration number: 41, FoM: 2.9554136915521667e-12
06/06/2022 06:30:01.983 - oc_logger - INFO - Function evaluation number: 235, SI: 2, Sub-iteration number: 42, FoM: 1.056932319443149e-12
06/06/2022 06:30:01.986 - oc_logger - INFO - Function evaluation number: 236, SI: 2, Sub-iteration number: 43, FoM: 1.310651587260736e-11
06/06/2022 06:30:01.989 - oc_logger - INFO - Function evaluation number: 237, SI: 2, Sub-iteration number: 43, FoM: 3.4721114872127146e-12
06/06/2022 06:30:01.991 - oc_logger - INFO - Function evaluation number: 238, SI: 2, Sub-iteration number: 43, FoM: 9.663381206337363e-13
06/06/2022 06:30:01.994 - oc_logger - INFO - Function evaluation number: 239, SI: 2, Sub-iteration number: 43, FoM: 2.289501921381998e-12
06/06/2022 06:30:01.997 - oc_logger - INFO - Function evaluation number: 240, SI: 2, Sub-iteration number: 44, FoM: 4.122036045828281e-12
06/06/2022 06:30:02.000 - oc_logger - INFO - Function evaluation number: 241, SI: 2, Sub-iteration number: 44, FoM: 1.8196555373606316e-12
06/06/2022 06:30:02.003 - oc_logger - INFO - Function evaluation number: 242, SI: 2, Sub-iteration number: 45, FoM: 1.385891401639583e-12
06/06/2022 06:30:02.005 - oc_logger - INFO - Function evaluation number: 243, SI: 2, Sub-iteration number: 45, FoM: 3.0164759579065503e-13
06/06/2022 06:30:02.008 - oc_logger - INFO - Function evaluation number: 244, SI: 2, Sub-iteration number: 46, FoM: 1.291411422243982e-12
06/06/2022 06:30:02.011 - oc_logger - INFO - Function evaluation number: 245, SI: 2, Sub-iteration number: 46, FoM: 4.89386309254769e-13
06/06/2022 06:30:02.014 - oc_logger - INFO - Function evaluation number: 246, SI: 2, Sub-iteration number: 47, FoM: 6.388223283693151e-13
06/06/2022 06:30:02.017 - oc_logger - INFO - Function evaluation number: 247, SI: 2, Sub-iteration number: 47, FoM: 2.284838984678572e-13
06/06/2022 06:30:02.020 - oc_logger - INFO - Function evaluation number: 248, SI: 2, Sub-iteration number: 48, FoM: 2.384759056894836e-13
06/06/2022 06:30:02.022 - oc_logger - INFO - Function evaluation number: 249, SI: 2, Sub-iteration number: 48, FoM: 2.4558133304708463e-13
06/06/2022 06:30:02.025 - oc_logger - INFO - Function evaluation number: 250, SI: 2, Sub-iteration number: 48, FoM: 1.56097357262297e-13
06/06/2022 06:30:02.028 - oc_logger - INFO - Function evaluation number: 251, SI: 2, Sub-iteration number: 48, FoM: 4.39648317751562e-14
06/06/2022 06:30:02.030 - oc_logger - INFO - Function evaluation number: 252, SI: 2, Sub-iteration number: 49, FoM: 1.5121237595394632e-13
06/06/2022 06:30:02.033 - oc_logger - INFO - Function evaluation number: 253, SI: 2, Sub-iteration number: 49, FoM: 7.116529587847253e-14
06/06/2022 06:30:02.036 - oc_logger - INFO - Function evaluation number: 254, SI: 2, Sub-iteration number: 50, FoM: 8.193445921733655e-14
06/06/2022 06:30:02.039 - oc_logger - INFO - Function evaluation number: 255, SI: 2, Sub-iteration number: 50, FoM: 3.530509218307998e-14
06/06/2022 06:30:02.042 - oc_logger - INFO - Function evaluation number: 256, SI: 2, Sub-iteration number: 51, FoM: 8.970602038971265e-14
06/06/2022 06:30:02.045 - oc_logger - INFO - Function evaluation number: 257, SI: 2, Sub-iteration number: 51, FoM: 1.2989609388114332e-14
06/06/2022 06:30:02.048 - oc_logger - INFO - Function evaluation number: 258, SI: 2, Sub-iteration number: 52, FoM: 4.1744385725905886e-14
06/06/2022 06:30:02.050 - oc_logger - INFO - Function evaluation number: 259, SI: 2, Sub-iteration number: 52, FoM: 1.2878587085651816e-14
06/06/2022 06:30:02.053 - oc_logger - INFO - Function evaluation number: 260, SI: 2, Sub-iteration number: 53, FoM: 2.5424107263916085e-14
06/06/2022 06:30:02.057 - oc_logger - INFO - New record achieved. Previous FoM: 6.439293542825908e-15, new best FoM : 1.6653345369377348e-15
06/06/2022 06:30:02.057 - oc_logger - INFO - Function evaluation number: 261, SI: 2, Sub-iteration number: 53, FoM: 1.6653345369377348e-15
06/06/2022 06:30:02.062 - oc_logger - INFO - SI 2 finished - Number of evaluations: 111, Best FoM: 1.6653345369377348e-15, Terminate reason: Convergence of the simplex.

06/06/2022 06:30:02.062 - oc_logger - INFO - Direct search start time has been reset.
06/06/2022 06:30:02.065 - oc_logger - INFO - Function evaluation number: 262, SI: 3, Sub-iteration number: 0, FoM: 1.6653345369377348e-15
06/06/2022 06:30:02.068 - oc_logger - INFO - Function evaluation number: 263, SI: 3, Sub-iteration number: 0, FoM: 0.011059934146997907
06/06/2022 06:30:02.071 - oc_logger - INFO - Function evaluation number: 264, SI: 3, Sub-iteration number: 0, FoM: 0.004812990974081388
06/06/2022 06:30:02.074 - oc_logger - INFO - Function evaluation number: 265, SI: 3, Sub-iteration number: 1, FoM: 0.0050244865160440355
06/06/2022 06:30:02.077 - oc_logger - INFO - Function evaluation number: 266, SI: 3, Sub-iteration number: 1, FoM: 0.0015078975311206833
06/06/2022 06:30:02.080 - oc_logger - INFO - Function evaluation number: 267, SI: 3, Sub-iteration number: 2, FoM: 0.005698285087484045
06/06/2022 06:30:02.082 - oc_logger - INFO - Function evaluation number: 268, SI: 3, Sub-iteration number: 2, FoM: 0.0019465924230216425
06/06/2022 06:30:02.085 - oc_logger - INFO - Function evaluation number: 269, SI: 3, Sub-iteration number: 3, FoM: 0.00331042033609652
06/06/2022 06:30:02.089 - oc_logger - INFO - Function evaluation number: 270, SI: 3, Sub-iteration number: 3, FoM: 0.0005725961176497041
06/06/2022 06:30:02.092 - oc_logger - INFO - Function evaluation number: 271, SI: 3, Sub-iteration number: 4, FoM: 0.0021591622486250017
06/06/2022 06:30:02.095 - oc_logger - INFO - Function evaluation number: 272, SI: 3, Sub-iteration number: 4, FoM: 0.0006213646592230226
06/06/2022 06:30:02.097 - oc_logger - INFO - Function evaluation number: 273, SI: 3, Sub-iteration number: 5, FoM: 0.0012122939790016884
06/06/2022 06:30:02.101 - oc_logger - INFO - Function evaluation number: 274, SI: 3, Sub-iteration number: 5, FoM: 0.0001705001168201825
06/06/2022 06:30:02.103 - oc_logger - INFO - Function evaluation number: 275, SI: 3, Sub-iteration number: 6, FoM: 0.000734333060261827
06/06/2022 06:30:02.106 - oc_logger - INFO - Function evaluation number: 276, SI: 3, Sub-iteration number: 6, FoM: 0.00024242688940290247
06/06/2022 06:30:02.109 - oc_logger - INFO - Function evaluation number: 277, SI: 3, Sub-iteration number: 7, FoM: 0.00041103834346434276
06/06/2022 06:30:02.112 - oc_logger - INFO - Function evaluation number: 278, SI: 3, Sub-iteration number: 7, FoM: 7.820130659241809e-05
06/06/2022 06:30:02.115 - oc_logger - INFO - Function evaluation number: 279, SI: 3, Sub-iteration number: 8, FoM: 0.00025011810567099335
06/06/2022 06:30:02.118 - oc_logger - INFO - Function evaluation number: 280, SI: 3, Sub-iteration number: 8, FoM: 6.59111042131677e-05
06/06/2022 06:30:02.123 - oc_logger - INFO - Function evaluation number: 281, SI: 3, Sub-iteration number: 9, FoM: 0.00014393660731415459
06/06/2022 06:30:02.126 - oc_logger - INFO - Function evaluation number: 282, SI: 3, Sub-iteration number: 9, FoM: 2.2556537447981917e-05
06/06/2022 06:30:02.129 - oc_logger - INFO - Function evaluation number: 283, SI: 3, Sub-iteration number: 10, FoM: 8.872899793477274e-05
06/06/2022 06:30:02.131 - oc_logger - INFO - Function evaluation number: 284, SI: 3, Sub-iteration number: 10, FoM: 2.7364765772697197e-05
06/06/2022 06:30:02.135 - oc_logger - INFO - Function evaluation number: 285, SI: 3, Sub-iteration number: 11, FoM: 4.9955334683216e-05
06/06/2022 06:30:02.137 - oc_logger - INFO - Function evaluation number: 286, SI: 3, Sub-iteration number: 11, FoM: 8.063159274263043e-06
06/06/2022 06:30:02.140 - oc_logger - INFO - Function evaluation number: 287, SI: 3, Sub-iteration number: 12, FoM: 3.056823879377113e-05
06/06/2022 06:30:02.143 - oc_logger - INFO - Function evaluation number: 288, SI: 3, Sub-iteration number: 12, FoM: 9.247356799191309e-06
06/06/2022 06:30:02.145 - oc_logger - INFO - Function evaluation number: 289, SI: 3, Sub-iteration number: 13, FoM: 1.731504620661184e-05
06/06/2022 06:30:02.148 - oc_logger - INFO - Function evaluation number: 290, SI: 3, Sub-iteration number: 13, FoM: 2.5997584769399396e-06
06/06/2022 06:30:02.152 - oc_logger - INFO - Function evaluation number: 291, SI: 3, Sub-iteration number: 14, FoM: 1.0692002797130229e-05
06/06/2022 06:30:02.155 - oc_logger - INFO - Function evaluation number: 292, SI: 3, Sub-iteration number: 14, FoM: 3.389508982598599e-06
06/06/2022 06:30:02.158 - oc_logger - INFO - Function evaluation number: 293, SI: 3, Sub-iteration number: 15, FoM: 5.98807054252859e-06
06/06/2022 06:30:02.160 - oc_logger - INFO - Function evaluation number: 294, SI: 3, Sub-iteration number: 15, FoM: 1.0488992474577685e-06
06/06/2022 06:30:02.164 - oc_logger - INFO - Function evaluation number: 295, SI: 3, Sub-iteration number: 16, FoM: 3.636351258551329e-06
06/06/2022 06:30:02.167 - oc_logger - INFO - Function evaluation number: 296, SI: 3, Sub-iteration number: 16, FoM: 1.033857957688511e-06
06/06/2022 06:30:02.170 - oc_logger - INFO - Function evaluation number: 297, SI: 3, Sub-iteration number: 17, FoM: 2.0843964890771005e-06
06/06/2022 06:30:02.172 - oc_logger - INFO - Function evaluation number: 298, SI: 3, Sub-iteration number: 17, FoM: 2.6816004283780615e-07
06/06/2022 06:30:02.175 - oc_logger - INFO - Function evaluation number: 299, SI: 3, Sub-iteration number: 18, FoM: 1.29748460730994e-06
06/06/2022 06:30:02.178 - oc_logger - INFO - Function evaluation number: 300, SI: 3, Sub-iteration number: 18, FoM: 4.481082397367331e-07
06/06/2022 06:30:02.182 - oc_logger - INFO - Function evaluation number: 301, SI: 3, Sub-iteration number: 19, FoM: 7.175634109124474e-07
06/06/2022 06:30:02.185 - oc_logger - INFO - Function evaluation number: 302, SI: 3, Sub-iteration number: 19, FoM: 1.5596178459809096e-07
06/06/2022 06:30:02.188 - oc_logger - INFO - Function evaluation number: 303, SI: 3, Sub-iteration number: 20, FoM: 4.2809635569796e-07
06/06/2022 06:30:02.191 - oc_logger - INFO - Function evaluation number: 304, SI: 3, Sub-iteration number: 20, FoM: 9.61699595514176e-08
06/06/2022 06:30:02.194 - oc_logger - INFO - Function evaluation number: 305, SI: 3, Sub-iteration number: 21, FoM: 2.5195152564272405e-07
06/06/2022 06:30:02.196 - oc_logger - INFO - Function evaluation number: 306, SI: 3, Sub-iteration number: 21, FoM: 5.336540764844244e-08
06/06/2022 06:30:02.198 - oc_logger - INFO - Function evaluation number: 307, SI: 3, Sub-iteration number: 22, FoM: 1.5091652871834782e-07
06/06/2022 06:30:02.201 - oc_logger - INFO - Function evaluation number: 308, SI: 3, Sub-iteration number: 22, FoM: 3.523827363238752e-08
06/06/2022 06:30:02.204 - oc_logger - INFO - Function evaluation number: 309, SI: 3, Sub-iteration number: 23, FoM: 8.827291675395088e-08
06/06/2022 06:30:02.206 - oc_logger - INFO - Function evaluation number: 310, SI: 3, Sub-iteration number: 23, FoM: 1.7568786647714774e-08
06/06/2022 06:30:02.209 - oc_logger - INFO - Function evaluation number: 311, SI: 3, Sub-iteration number: 24, FoM: 5.3359053509005605e-08
06/06/2022 06:30:02.213 - oc_logger - INFO - Function evaluation number: 312, SI: 3, Sub-iteration number: 24, FoM: 1.3465633719178527e-08
06/06/2022 06:30:02.216 - oc_logger - INFO - Function evaluation number: 313, SI: 3, Sub-iteration number: 25, FoM: 3.0803543937807376e-08
06/06/2022 06:30:02.219 - oc_logger - INFO - Function evaluation number: 314, SI: 3, Sub-iteration number: 25, FoM: 5.259950919267453e-09
06/06/2022 06:30:02.222 - oc_logger - INFO - Function evaluation number: 315, SI: 3, Sub-iteration number: 26, FoM: 1.8969360859877327e-08
06/06/2022 06:30:02.225 - oc_logger - INFO - Function evaluation number: 316, SI: 3, Sub-iteration number: 26, FoM: 5.535814251445004e-09
06/06/2022 06:30:02.227 - oc_logger - INFO - Function evaluation number: 317, SI: 3, Sub-iteration number: 27, FoM: 1.0681677986568161e-08
06/06/2022 06:30:02.230 - oc_logger - INFO - Function evaluation number: 318, SI: 3, Sub-iteration number: 27, FoM: 1.5261740760053044e-09
06/06/2022 06:30:02.233 - oc_logger - INFO - Function evaluation number: 319, SI: 3, Sub-iteration number: 28, FoM: 6.486213788292616e-09
06/06/2022 06:30:02.236 - oc_logger - INFO - Function evaluation number: 320, SI: 3, Sub-iteration number: 28, FoM: 2.1706272335109134e-09
06/06/2022 06:30:02.239 - oc_logger - INFO - Function evaluation number: 321, SI: 3, Sub-iteration number: 29, FoM: 3.702457229692868e-09
06/06/2022 06:30:02.242 - oc_logger - INFO - Function evaluation number: 322, SI: 3, Sub-iteration number: 29, FoM: 6.641610594826375e-10
06/06/2022 06:30:02.244 - oc_logger - INFO - Function evaluation number: 323, SI: 3, Sub-iteration number: 30, FoM: 2.3007172833544587e-09
06/06/2022 06:30:02.247 - oc_logger - INFO - Function evaluation number: 324, SI: 3, Sub-iteration number: 30, FoM: 6.331204449594452e-10
06/06/2022 06:30:02.250 - oc_logger - INFO - Function evaluation number: 325, SI: 3, Sub-iteration number: 31, FoM: 1.2788969883104073e-09
06/06/2022 06:30:02.252 - oc_logger - INFO - Function evaluation number: 326, SI: 3, Sub-iteration number: 31, FoM: 1.5253742713383645e-10
06/06/2022 06:30:02.255 - oc_logger - INFO - Function evaluation number: 327, SI: 3, Sub-iteration number: 32, FoM: 8.277525331834568e-10
06/06/2022 06:30:02.258 - oc_logger - INFO - Function evaluation number: 328, SI: 3, Sub-iteration number: 32, FoM: 2.9558089309489333e-10
06/06/2022 06:30:02.261 - oc_logger - INFO - Function evaluation number: 329, SI: 3, Sub-iteration number: 33, FoM: 4.3485737233339705e-10
06/06/2022 06:30:02.264 - oc_logger - INFO - Function evaluation number: 330, SI: 3, Sub-iteration number: 33, FoM: 1.1989031989401155e-10
06/06/2022 06:30:02.266 - oc_logger - INFO - Function evaluation number: 331, SI: 3, Sub-iteration number: 34, FoM: 2.33187913423194e-10
06/06/2022 06:30:02.269 - oc_logger - INFO - Function evaluation number: 332, SI: 3, Sub-iteration number: 34, FoM: 3.572053763889471e-11
06/06/2022 06:30:02.272 - oc_logger - INFO - Function evaluation number: 333, SI: 3, Sub-iteration number: 35, FoM: 1.5718837342859615e-10
06/06/2022 06:30:02.274 - oc_logger - INFO - Function evaluation number: 334, SI: 3, Sub-iteration number: 35, FoM: 5.659295254645258e-11
06/06/2022 06:30:02.277 - oc_logger - INFO - Function evaluation number: 335, SI: 3, Sub-iteration number: 36, FoM: 8.19446732691631e-11
06/06/2022 06:30:02.280 - oc_logger - INFO - Function evaluation number: 336, SI: 3, Sub-iteration number: 36, FoM: 2.3451685038367032e-11
06/06/2022 06:30:02.282 - oc_logger - INFO - Function evaluation number: 337, SI: 3, Sub-iteration number: 37, FoM: 3.802602677183131e-11
06/06/2022 06:30:02.285 - oc_logger - INFO - Function evaluation number: 338, SI: 3, Sub-iteration number: 37, FoM: 7.205569474422191e-12
06/06/2022 06:30:02.289 - oc_logger - INFO - Function evaluation number: 339, SI: 3, Sub-iteration number: 38, FoM: 2.97092350720618e-11
06/06/2022 06:30:02.292 - oc_logger - INFO - Function evaluation number: 340, SI: 3, Sub-iteration number: 38, FoM: 1.2133849480733261e-11
06/06/2022 06:30:02.295 - oc_logger - INFO - Function evaluation number: 341, SI: 3, Sub-iteration number: 39, FoM: 1.44472211971447e-11
06/06/2022 06:30:02.298 - oc_logger - INFO - Function evaluation number: 342, SI: 3, Sub-iteration number: 39, FoM: 5.9827698351000436e-12
06/06/2022 06:30:02.301 - oc_logger - INFO - Function evaluation number: 343, SI: 3, Sub-iteration number: 40, FoM: 3.6202152386977104e-12
06/06/2022 06:30:02.304 - oc_logger - INFO - Function evaluation number: 344, SI: 3, Sub-iteration number: 41, FoM: 1.76459957756947e-11
06/06/2022 06:30:02.306 - oc_logger - INFO - Function evaluation number: 345, SI: 3, Sub-iteration number: 41, FoM: 6.1524119132627675e-12
06/06/2022 06:30:02.309 - oc_logger - INFO - Function evaluation number: 346, SI: 3, Sub-iteration number: 41, FoM: 2.2712942637781453e-12
06/06/2022 06:30:02.312 - oc_logger - INFO - Function evaluation number: 347, SI: 3, Sub-iteration number: 41, FoM: 4.164890654578812e-12
06/06/2022 06:30:02.314 - oc_logger - INFO - Function evaluation number: 348, SI: 3, Sub-iteration number: 42, FoM: 5.718536755239256e-12
06/06/2022 06:30:02.317 - oc_logger - INFO - Function evaluation number: 349, SI: 3, Sub-iteration number: 42, FoM: 3.213429522475053e-12
06/06/2022 06:30:02.322 - oc_logger - INFO - Function evaluation number: 350, SI: 3, Sub-iteration number: 43, FoM: 1.7272849817118185e-12
06/06/2022 06:30:02.325 - oc_logger - INFO - Function evaluation number: 351, SI: 3, Sub-iteration number: 44, FoM: 3.4955371930323054e-12
06/06/2022 06:30:02.327 - oc_logger - INFO - Function evaluation number: 352, SI: 3, Sub-iteration number: 44, FoM: 8.468781231840694e-13
06/06/2022 06:30:02.330 - oc_logger - INFO - Function evaluation number: 353, SI: 3, Sub-iteration number: 45, FoM: 1.6291412663349547e-12
06/06/2022 06:30:02.333 - oc_logger - INFO - Function evaluation number: 354, SI: 3, Sub-iteration number: 45, FoM: 1.2119194536808209e-12
06/06/2022 06:30:02.337 - oc_logger - INFO - Function evaluation number: 355, SI: 3, Sub-iteration number: 46, FoM: 4.671818487622659e-13
06/06/2022 06:30:02.340 - oc_logger - INFO - Function evaluation number: 356, SI: 3, Sub-iteration number: 47, FoM: 1.226574397605873e-12
06/06/2022 06:30:02.342 - oc_logger - INFO - Function evaluation number: 357, SI: 3, Sub-iteration number: 47, FoM: 3.8058445284150366e-13
06/06/2022 06:30:02.345 - oc_logger - INFO - Function evaluation number: 358, SI: 3, Sub-iteration number: 48, FoM: 5.677680547933051e-13
06/06/2022 06:30:02.348 - oc_logger - INFO - Function evaluation number: 359, SI: 3, Sub-iteration number: 48, FoM: 6.150635556423367e-14
06/06/2022 06:30:02.353 - oc_logger - INFO - Function evaluation number: 360, SI: 3, Sub-iteration number: 49, FoM: 4.598543767997398e-13
06/06/2022 06:30:02.356 - oc_logger - INFO - Function evaluation number: 361, SI: 3, Sub-iteration number: 49, FoM: 2.1360690993788012e-13
06/06/2022 06:30:02.359 - oc_logger - INFO - Function evaluation number: 362, SI: 3, Sub-iteration number: 50, FoM: 2.049471703458039e-13
06/06/2022 06:30:02.361 - oc_logger - INFO - Function evaluation number: 363, SI: 3, Sub-iteration number: 50, FoM: 8.759659664292485e-14
06/06/2022 06:30:02.365 - oc_logger - INFO - Function evaluation number: 364, SI: 3, Sub-iteration number: 51, FoM: 1.2145839889399213e-13
06/06/2022 06:30:02.368 - oc_logger - INFO - Function evaluation number: 365, SI: 3, Sub-iteration number: 51, FoM: 3.452793606584237e-14
06/06/2022 06:30:02.371 - oc_logger - INFO - Function evaluation number: 366, SI: 3, Sub-iteration number: 52, FoM: 2.0794477251229182e-13
06/06/2022 06:30:02.373 - oc_logger - INFO - Function evaluation number: 367, SI: 3, Sub-iteration number: 52, FoM: 3.9968028886505635e-15
06/06/2022 06:30:02.376 - oc_logger - INFO - Function evaluation number: 368, SI: 3, Sub-iteration number: 53, FoM: 5.950795411990839e-14
06/06/2022 06:30:02.379 - oc_logger - INFO - Function evaluation number: 369, SI: 3, Sub-iteration number: 53, FoM: 7.549516567451064e-15
06/06/2022 06:30:02.384 - oc_logger - INFO - Function evaluation number: 370, SI: 3, Sub-iteration number: 54, FoM: 3.9745984281580604e-14
06/06/2022 06:30:02.386 - oc_logger - INFO - Function evaluation number: 371, SI: 3, Sub-iteration number: 54, FoM: 3.9968028886505635e-15
06/06/2022 06:30:02.389 - oc_logger - INFO - Function evaluation number: 372, SI: 3, Sub-iteration number: 55, FoM: 2.9976021664879227e-14
06/06/2022 06:30:02.392 - oc_logger - INFO - Function evaluation number: 373, SI: 3, Sub-iteration number: 55, FoM: 1.0658141036401503e-14
06/06/2022 06:30:02.394 - oc_logger - INFO - Function evaluation number: 374, SI: 3, Sub-iteration number: 55, FoM: 1.6209256159527285e-14
06/06/2022 06:30:02.397 - oc_logger - INFO - Function evaluation number: 375, SI: 3, Sub-iteration number: 55, FoM: 5.329070518200751e-15
06/06/2022 06:30:02.400 - oc_logger - INFO - Function evaluation number: 376, SI: 3, Sub-iteration number: 56, FoM: 2.886579864025407e-14
06/06/2022 06:30:02.402 - oc_logger - INFO - Function evaluation number: 377, SI: 3, Sub-iteration number: 56, FoM: 1.3766765505351941e-14
06/06/2022 06:30:02.402 - oc_logger - INFO - SI 3 finished - Number of evaluations: 116, Best FoM: 1.6653345369377348e-15, Terminate reason: Convergence of the simplex.

06/06/2022 06:30:02.402 - oc_logger - INFO - Figure of merit : 1.6653345369377348e-15
06/06/2022 06:30:02.403 - oc_logger - INFO - Std : 0.0
06/06/2022 06:30:02.403 - oc_logger - INFO - total number of function evaluations : 377
06/06/2022 06:30:02.403 - oc_logger - INFO - dcrab_freq_list : [array([], dtype=float64), array([], dtype=float64), array([], dtype=float64)]
06/06/2022 06:30:02.403 - oc_logger - INFO - dcrab_para_list : [array([6.73474833, 2.94148834]), array([6.73474831, 2.94147858]), array([6.73474831, 2.94147858])]
06/06/2022 06:30:02.403 - oc_logger - INFO - terminate_reason : Convergence of the simplex.
