06/08/2022 11:13:03.445 - oc_logger - INFO - The optimization direction is minimization
06/08/2022 11:13:03.446 - oc_logger - INFO - QuOCS version number: 0.0.22
06/08/2022 11:13:04.136 - oc_logger - INFO - Function evaluation number: 1, FoM: 0.7148583257291549
06/08/2022 11:13:04.597 - oc_logger - INFO - Function evaluation number: 2, FoM: 0.6831057746477088
06/08/2022 11:13:05.208 - oc_logger - INFO - Function evaluation number: 3, FoM: 0.7221282686317505
06/08/2022 11:13:05.670 - oc_logger - INFO - Function evaluation number: 4, FoM: 0.6736381287336257
06/08/2022 11:13:06.068 - oc_logger - INFO - Function evaluation number: 5, FoM: 0.6440071451883407
06/08/2022 11:13:06.479 - oc_logger - INFO - Function evaluation number: 6, FoM: 0.6008435102267352
06/08/2022 11:13:06.915 - oc_logger - INFO - Function evaluation number: 7, FoM: 0.529841767269081
06/08/2022 11:13:07.288 - oc_logger - INFO - Function evaluation number: 8, FoM: 0.48077545266088173
06/08/2022 11:13:07.676 - oc_logger - INFO - Function evaluation number: 9, FoM: 0.3781842616219542
06/08/2022 11:13:08.085 - oc_logger - INFO - Function evaluation number: 10, FoM: 0.29491754381925606
06/08/2022 11:13:08.539 - oc_logger - INFO - Function evaluation number: 11, FoM: 0.27319735449008
06/08/2022 11:13:08.924 - oc_logger - INFO - Function evaluation number: 12, FoM: 0.36380792544839435
06/08/2022 11:13:09.327 - oc_logger - INFO - Function evaluation number: 13, FoM: 0.6636058155824878
06/08/2022 11:13:09.742 - oc_logger - INFO - Function evaluation number: 14, FoM: 0.2673661309094396
06/08/2022 11:13:10.195 - oc_logger - INFO - Function evaluation number: 15, FoM: 0.34452881042903005
06/08/2022 11:13:10.588 - oc_logger - INFO - Function evaluation number: 16, FoM: 0.2814958846594606
06/08/2022 11:13:10.978 - oc_logger - INFO - Function evaluation number: 17, FoM: 0.2922195468982399
06/08/2022 11:13:11.422 - oc_logger - INFO - Function evaluation number: 18, FoM: 0.2661773034876508
06/08/2022 11:13:11.825 - oc_logger - INFO - Function evaluation number: 19, FoM: 0.3152132164788679
06/08/2022 11:13:12.222 - oc_logger - INFO - Function evaluation number: 20, FoM: 0.26289902725338754
06/08/2022 11:13:12.614 - oc_logger - INFO - Function evaluation number: 21, FoM: 0.26317849475692734
06/08/2022 11:13:13.080 - oc_logger - INFO - Function evaluation number: 22, FoM: 0.2740086306694077
06/08/2022 11:13:13.482 - oc_logger - INFO - Function evaluation number: 23, FoM: 0.2628227137245088
06/08/2022 11:13:13.483 - oc_logger - INFO - Figure of merit : 0.2628227137245088
06/08/2022 11:13:13.483 - oc_logger - INFO - parameters : [ 6.26194746 -1.60533046]
06/08/2022 11:13:13.484 - oc_logger - INFO - terminate_reason : Convergence of the FoM.
