06/05/2022 02:14:35.103 - oc_logger - INFO - The optimization direction is minimization
06/05/2022 02:14:35.107 - oc_logger - INFO - QuOCS version number: 0.0.22
06/05/2022 02:14:35.107 - oc_logger - INFO - Direct search start time has been reset.
06/05/2022 02:14:35.263 - oc_logger - INFO - New record achieved. Previous FoM: 10000000000.0, new best FoM : 0.5866271899357298
06/05/2022 02:14:35.264 - oc_logger - INFO - Function evaluation number: 1, SI: 1, Sub-iteration number: 0, FoM: 0.5866271899357298
06/05/2022 02:14:35.393 - oc_logger - INFO - New record achieved. Previous FoM: 0.5866271899357298, new best FoM : 0.5860111828333403
06/05/2022 02:14:35.393 - oc_logger - INFO - Function evaluation number: 2, SI: 1, Sub-iteration number: 0, FoM: 0.5860111828333403
06/05/2022 02:14:35.533 - oc_logger - INFO - Function evaluation number: 3, SI: 1, Sub-iteration number: 0, FoM: 0.5891394387784061
06/05/2022 02:14:35.667 - oc_logger - INFO - Function evaluation number: 4, SI: 1, Sub-iteration number: 0, FoM: 0.5882746588650052
06/05/2022 02:14:35.801 - oc_logger - INFO - Function evaluation number: 5, SI: 1, Sub-iteration number: 0, FoM: 0.5882935330039016
06/05/2022 02:14:35.931 - oc_logger - INFO - Function evaluation number: 6, SI: 1, Sub-iteration number: 0, FoM: 0.5869491547075645
06/05/2022 02:14:36.061 - oc_logger - INFO - Function evaluation number: 7, SI: 1, Sub-iteration number: 0, FoM: 0.5885589402369822
06/05/2022 02:14:36.188 - oc_logger - INFO - Function evaluation number: 8, SI: 1, Sub-iteration number: 0, FoM: 0.5873463543416291
06/05/2022 02:14:36.317 - oc_logger - INFO - Function evaluation number: 9, SI: 1, Sub-iteration number: 0, FoM: 0.586187400517303
06/05/2022 02:14:36.444 - oc_logger - INFO - New record achieved. Previous FoM: 0.5860111828333403, new best FoM : 0.5853951981228132
06/05/2022 02:14:36.444 - oc_logger - INFO - Function evaluation number: 10, SI: 1, Sub-iteration number: 1, FoM: 0.5853951981228132
06/05/2022 02:14:36.573 - oc_logger - INFO - New record achieved. Previous FoM: 0.5853951981228132, new best FoM : 0.5849177329100336
06/05/2022 02:14:36.573 - oc_logger - INFO - Function evaluation number: 11, SI: 1, Sub-iteration number: 1, FoM: 0.5849177329100336
06/05/2022 02:14:36.705 - oc_logger - INFO - Function evaluation number: 12, SI: 1, Sub-iteration number: 2, FoM: 0.5850692576655694
06/05/2022 02:14:36.839 - oc_logger - INFO - New record achieved. Previous FoM: 0.5849177329100336, new best FoM : 0.5845102079358289
06/05/2022 02:14:36.839 - oc_logger - INFO - Function evaluation number: 13, SI: 1, Sub-iteration number: 3, FoM: 0.5845102079358289
06/05/2022 02:14:36.970 - oc_logger - INFO - New record achieved. Previous FoM: 0.5845102079358289, new best FoM : 0.5840235242782565
06/05/2022 02:14:36.970 - oc_logger - INFO - Function evaluation number: 14, SI: 1, Sub-iteration number: 3, FoM: 0.5840235242782565
06/05/2022 02:14:37.103 - oc_logger - INFO - New record achieved. Previous FoM: 0.5840235242782565, new best FoM : 0.583444780833517
06/05/2022 02:14:37.103 - oc_logger - INFO - Function evaluation number: 15, SI: 1, Sub-iteration number: 4, FoM: 0.583444780833517
06/05/2022 02:14:37.222 - oc_logger - INFO - New record achieved. Previous FoM: 0.583444780833517, new best FoM : 0.5828211094705109
06/05/2022 02:14:37.222 - oc_logger - INFO - Function evaluation number: 16, SI: 1, Sub-iteration number: 4, FoM: 0.5828211094705109
06/05/2022 02:14:37.362 - oc_logger - INFO - Function evaluation number: 17, SI: 1, Sub-iteration number: 5, FoM: 0.5832680211874959
06/05/2022 02:14:37.500 - oc_logger - INFO - New record achieved. Previous FoM: 0.5828211094705109, new best FoM : 0.582748819944928
06/05/2022 02:14:37.500 - oc_logger - INFO - Function evaluation number: 18, SI: 1, Sub-iteration number: 6, FoM: 0.582748819944928
06/05/2022 02:14:37.643 - oc_logger - INFO - New record achieved. Previous FoM: 0.582748819944928, new best FoM : 0.5822103267824956
06/05/2022 02:14:37.643 - oc_logger - INFO - Function evaluation number: 19, SI: 1, Sub-iteration number: 6, FoM: 0.5822103267824956
06/05/2022 02:14:37.776 - oc_logger - INFO - New record achieved. Previous FoM: 0.5822103267824956, new best FoM : 0.5819446673191568
06/05/2022 02:14:37.776 - oc_logger - INFO - Function evaluation number: 20, SI: 1, Sub-iteration number: 7, FoM: 0.5819446673191568
06/05/2022 02:14:38.017 - oc_logger - INFO - New record achieved. Previous FoM: 0.5819446673191568, new best FoM : 0.581339709475571
06/05/2022 02:14:38.017 - oc_logger - INFO - Function evaluation number: 21, SI: 1, Sub-iteration number: 7, FoM: 0.581339709475571
06/05/2022 02:14:38.239 - oc_logger - INFO - New record achieved. Previous FoM: 0.581339709475571, new best FoM : 0.5811651041698059
06/05/2022 02:14:38.240 - oc_logger - INFO - Function evaluation number: 22, SI: 1, Sub-iteration number: 8, FoM: 0.5811651041698059
06/05/2022 02:14:38.411 - oc_logger - INFO - New record achieved. Previous FoM: 0.5811651041698059, new best FoM : 0.5805148641978907
06/05/2022 02:14:38.411 - oc_logger - INFO - Function evaluation number: 23, SI: 1, Sub-iteration number: 8, FoM: 0.5805148641978907
06/05/2022 02:14:38.614 - oc_logger - INFO - New record achieved. Previous FoM: 0.5805148641978907, new best FoM : 0.5799362571196645
06/05/2022 02:14:38.614 - oc_logger - INFO - Function evaluation number: 24, SI: 1, Sub-iteration number: 9, FoM: 0.5799362571196645
06/05/2022 02:14:38.728 - oc_logger - INFO - New record achieved. Previous FoM: 0.5799362571196645, new best FoM : 0.5791455399500198
06/05/2022 02:14:38.729 - oc_logger - INFO - Function evaluation number: 25, SI: 1, Sub-iteration number: 9, FoM: 0.5791455399500198
06/05/2022 02:14:38.873 - oc_logger - INFO - Function evaluation number: 26, SI: 1, Sub-iteration number: 10, FoM: 0.5794269155525065
06/05/2022 02:14:39.048 - oc_logger - INFO - New record achieved. Previous FoM: 0.5791455399500198, new best FoM : 0.5781942550701133
06/05/2022 02:14:39.048 - oc_logger - INFO - Function evaluation number: 27, SI: 1, Sub-iteration number: 11, FoM: 0.5781942550701133
06/05/2022 02:14:39.216 - oc_logger - INFO - New record achieved. Previous FoM: 0.5781942550701133, new best FoM : 0.5773252613655421
06/05/2022 02:14:39.216 - oc_logger - INFO - Function evaluation number: 28, SI: 1, Sub-iteration number: 11, FoM: 0.5773252613655421
06/05/2022 02:14:39.381 - oc_logger - INFO - Function evaluation number: 29, SI: 1, Sub-iteration number: 12, FoM: 0.5774118514857352
06/05/2022 02:14:39.545 - oc_logger - INFO - New record achieved. Previous FoM: 0.5773252613655421, new best FoM : 0.5766877160682412
06/05/2022 02:14:39.545 - oc_logger - INFO - Function evaluation number: 30, SI: 1, Sub-iteration number: 13, FoM: 0.5766877160682412
06/05/2022 02:14:39.724 - oc_logger - INFO - New record achieved. Previous FoM: 0.5766877160682412, new best FoM : 0.5758308115423889
06/05/2022 02:14:39.725 - oc_logger - INFO - Function evaluation number: 31, SI: 1, Sub-iteration number: 13, FoM: 0.5758308115423889
06/05/2022 02:14:39.890 - oc_logger - INFO - New record achieved. Previous FoM: 0.5758308115423889, new best FoM : 0.5753731468853431
06/05/2022 02:14:39.890 - oc_logger - INFO - Function evaluation number: 32, SI: 1, Sub-iteration number: 14, FoM: 0.5753731468853431
06/05/2022 02:14:40.043 - oc_logger - INFO - New record achieved. Previous FoM: 0.5753731468853431, new best FoM : 0.5744027349591088
06/05/2022 02:14:40.043 - oc_logger - INFO - Function evaluation number: 33, SI: 1, Sub-iteration number: 14, FoM: 0.5744027349591088
06/05/2022 02:14:40.208 - oc_logger - INFO - New record achieved. Previous FoM: 0.5744027349591088, new best FoM : 0.5739973509454457
06/05/2022 02:14:40.209 - oc_logger - INFO - Function evaluation number: 34, SI: 1, Sub-iteration number: 15, FoM: 0.5739973509454457
06/05/2022 02:14:40.377 - oc_logger - INFO - New record achieved. Previous FoM: 0.5739973509454457, new best FoM : 0.5729208313211842
06/05/2022 02:14:40.377 - oc_logger - INFO - Function evaluation number: 35, SI: 1, Sub-iteration number: 15, FoM: 0.5729208313211842
06/05/2022 02:14:40.551 - oc_logger - INFO - New record achieved. Previous FoM: 0.5729208313211842, new best FoM : 0.572757506106969
06/05/2022 02:14:40.551 - oc_logger - INFO - Function evaluation number: 36, SI: 1, Sub-iteration number: 16, FoM: 0.572757506106969
06/05/2022 02:14:40.733 - oc_logger - INFO - New record achieved. Previous FoM: 0.572757506106969, new best FoM : 0.5716305703786142
06/05/2022 02:14:40.733 - oc_logger - INFO - Function evaluation number: 37, SI: 1, Sub-iteration number: 16, FoM: 0.5716305703786142
06/05/2022 02:14:40.911 - oc_logger - INFO - New record achieved. Previous FoM: 0.5716305703786142, new best FoM : 0.5713659802058505
06/05/2022 02:14:40.911 - oc_logger - INFO - Function evaluation number: 38, SI: 1, Sub-iteration number: 17, FoM: 0.5713659802058505
06/05/2022 02:14:41.061 - oc_logger - INFO - New record achieved. Previous FoM: 0.5713659802058505, new best FoM : 0.570166407833081
06/05/2022 02:14:41.061 - oc_logger - INFO - Function evaluation number: 39, SI: 1, Sub-iteration number: 17, FoM: 0.570166407833081
06/05/2022 02:14:41.206 - oc_logger - INFO - New record achieved. Previous FoM: 0.570166407833081, new best FoM : 0.570157952323596
06/05/2022 02:14:41.206 - oc_logger - INFO - Function evaluation number: 40, SI: 1, Sub-iteration number: 18, FoM: 0.570157952323596
06/05/2022 02:14:41.376 - oc_logger - INFO - New record achieved. Previous FoM: 0.570157952323596, new best FoM : 0.5689451578550304
06/05/2022 02:14:41.376 - oc_logger - INFO - Function evaluation number: 41, SI: 1, Sub-iteration number: 18, FoM: 0.5689451578550304
06/05/2022 02:14:41.552 - oc_logger - INFO - New record achieved. Previous FoM: 0.5689451578550304, new best FoM : 0.5677920497100396
06/05/2022 02:14:41.552 - oc_logger - INFO - Function evaluation number: 42, SI: 1, Sub-iteration number: 19, FoM: 0.5677920497100396
06/05/2022 02:14:41.712 - oc_logger - INFO - New record achieved. Previous FoM: 0.5677920497100396, new best FoM : 0.5662917983014071
06/05/2022 02:14:41.712 - oc_logger - INFO - Function evaluation number: 43, SI: 1, Sub-iteration number: 19, FoM: 0.5662917983014071
06/05/2022 02:14:41.890 - oc_logger - INFO - Function evaluation number: 44, SI: 1, Sub-iteration number: 20, FoM: 0.5667994427878413
06/05/2022 02:14:42.053 - oc_logger - INFO - New record achieved. Previous FoM: 0.5662917983014071, new best FoM : 0.5641610798857122
06/05/2022 02:14:42.053 - oc_logger - INFO - Function evaluation number: 45, SI: 1, Sub-iteration number: 21, FoM: 0.5641610798857122
06/05/2022 02:14:42.216 - oc_logger - INFO - New record achieved. Previous FoM: 0.5641610798857122, new best FoM : 0.5624234044616465
06/05/2022 02:14:42.217 - oc_logger - INFO - Function evaluation number: 46, SI: 1, Sub-iteration number: 21, FoM: 0.5624234044616465
06/05/2022 02:14:42.391 - oc_logger - INFO - New record achieved. Previous FoM: 0.5624234044616465, new best FoM : 0.5622720815463595
06/05/2022 02:14:42.391 - oc_logger - INFO - Function evaluation number: 47, SI: 1, Sub-iteration number: 22, FoM: 0.5622720815463595
06/05/2022 02:14:42.546 - oc_logger - INFO - New record achieved. Previous FoM: 0.5622720815463595, new best FoM : 0.5604712626427529
06/05/2022 02:14:42.546 - oc_logger - INFO - Function evaluation number: 48, SI: 1, Sub-iteration number: 22, FoM: 0.5604712626427529
06/05/2022 02:14:42.713 - oc_logger - INFO - New record achieved. Previous FoM: 0.5604712626427529, new best FoM : 0.5602171181809974
06/05/2022 02:14:42.713 - oc_logger - INFO - Function evaluation number: 49, SI: 1, Sub-iteration number: 23, FoM: 0.5602171181809974
06/05/2022 02:14:42.872 - oc_logger - INFO - New record achieved. Previous FoM: 0.5602171181809974, new best FoM : 0.5583324113922883
06/05/2022 02:14:42.872 - oc_logger - INFO - Function evaluation number: 50, SI: 1, Sub-iteration number: 23, FoM: 0.5583324113922883
06/05/2022 02:14:43.007 - oc_logger - INFO - New record achieved. Previous FoM: 0.5583324113922883, new best FoM : 0.5580770516056346
06/05/2022 02:14:43.007 - oc_logger - INFO - Function evaluation number: 51, SI: 1, Sub-iteration number: 24, FoM: 0.5580770516056346
06/05/2022 02:14:43.148 - oc_logger - INFO - New record achieved. Previous FoM: 0.5580770516056346, new best FoM : 0.5561104421542515
06/05/2022 02:14:43.148 - oc_logger - INFO - Function evaluation number: 52, SI: 1, Sub-iteration number: 24, FoM: 0.5561104421542515
06/05/2022 02:14:43.285 - oc_logger - INFO - New record achieved. Previous FoM: 0.5561104421542515, new best FoM : 0.5554287350032191
06/05/2022 02:14:43.285 - oc_logger - INFO - Function evaluation number: 53, SI: 1, Sub-iteration number: 25, FoM: 0.5554287350032191
06/05/2022 02:14:43.425 - oc_logger - INFO - New record achieved. Previous FoM: 0.5554287350032191, new best FoM : 0.5532727828733133
06/05/2022 02:14:43.425 - oc_logger - INFO - Function evaluation number: 54, SI: 1, Sub-iteration number: 25, FoM: 0.5532727828733133
06/05/2022 02:14:43.570 - oc_logger - INFO - New record achieved. Previous FoM: 0.5532727828733133, new best FoM : 0.5526130393278936
06/05/2022 02:14:43.571 - oc_logger - INFO - Function evaluation number: 55, SI: 1, Sub-iteration number: 26, FoM: 0.5526130393278936
06/05/2022 02:14:43.718 - oc_logger - INFO - New record achieved. Previous FoM: 0.5526130393278936, new best FoM : 0.5502689874305202
06/05/2022 02:14:43.718 - oc_logger - INFO - Function evaluation number: 56, SI: 1, Sub-iteration number: 26, FoM: 0.5502689874305202
06/05/2022 02:14:43.876 - oc_logger - INFO - New record achieved. Previous FoM: 0.5502689874305202, new best FoM : 0.549075621002833
06/05/2022 02:14:43.877 - oc_logger - INFO - Function evaluation number: 57, SI: 1, Sub-iteration number: 27, FoM: 0.549075621002833
06/05/2022 02:14:44.071 - oc_logger - INFO - New record achieved. Previous FoM: 0.549075621002833, new best FoM : 0.5464152368249129
06/05/2022 02:14:44.071 - oc_logger - INFO - Function evaluation number: 58, SI: 1, Sub-iteration number: 27, FoM: 0.5464152368249129
06/05/2022 02:14:44.213 - oc_logger - INFO - New record achieved. Previous FoM: 0.5464152368249129, new best FoM : 0.5461586631389337
06/05/2022 02:14:44.213 - oc_logger - INFO - Function evaluation number: 59, SI: 1, Sub-iteration number: 28, FoM: 0.5461586631389337
06/05/2022 02:14:44.368 - oc_logger - INFO - New record achieved. Previous FoM: 0.5461586631389337, new best FoM : 0.5434013988901744
06/05/2022 02:14:44.368 - oc_logger - INFO - Function evaluation number: 60, SI: 1, Sub-iteration number: 28, FoM: 0.5434013988901744
06/05/2022 02:14:44.505 - oc_logger - INFO - New record achieved. Previous FoM: 0.5434013988901744, new best FoM : 0.5406492178556899
06/05/2022 02:14:44.506 - oc_logger - INFO - Function evaluation number: 61, SI: 1, Sub-iteration number: 29, FoM: 0.5406492178556899
06/05/2022 02:14:44.656 - oc_logger - INFO - New record achieved. Previous FoM: 0.5406492178556899, new best FoM : 0.5371940896449553
06/05/2022 02:14:44.656 - oc_logger - INFO - Function evaluation number: 62, SI: 1, Sub-iteration number: 29, FoM: 0.5371940896449553
06/05/2022 02:14:44.822 - oc_logger - INFO - Function evaluation number: 63, SI: 1, Sub-iteration number: 30, FoM: 0.538448088025673
06/05/2022 02:14:44.982 - oc_logger - INFO - New record achieved. Previous FoM: 0.5371940896449553, new best FoM : 0.5347749168570182
06/05/2022 02:14:44.982 - oc_logger - INFO - Function evaluation number: 64, SI: 1, Sub-iteration number: 31, FoM: 0.5347749168570182
06/05/2022 02:14:45.120 - oc_logger - INFO - New record achieved. Previous FoM: 0.5347749168570182, new best FoM : 0.5313279129921183
06/05/2022 02:14:45.120 - oc_logger - INFO - Function evaluation number: 65, SI: 1, Sub-iteration number: 31, FoM: 0.5313279129921183
06/05/2022 02:14:45.261 - oc_logger - INFO - New record achieved. Previous FoM: 0.5313279129921183, new best FoM : 0.5301061666158599
06/05/2022 02:14:45.261 - oc_logger - INFO - Function evaluation number: 66, SI: 1, Sub-iteration number: 32, FoM: 0.5301061666158599
06/05/2022 02:14:45.429 - oc_logger - INFO - New record achieved. Previous FoM: 0.5301061666158599, new best FoM : 0.5263227618374362
06/05/2022 02:14:45.429 - oc_logger - INFO - Function evaluation number: 67, SI: 1, Sub-iteration number: 32, FoM: 0.5263227618374362
06/05/2022 02:14:45.590 - oc_logger - INFO - New record achieved. Previous FoM: 0.5263227618374362, new best FoM : 0.5247587340516057
06/05/2022 02:14:45.590 - oc_logger - INFO - Function evaluation number: 68, SI: 1, Sub-iteration number: 33, FoM: 0.5247587340516057
06/05/2022 02:14:45.737 - oc_logger - INFO - New record achieved. Previous FoM: 0.5247587340516057, new best FoM : 0.5205522283807681
06/05/2022 02:14:45.737 - oc_logger - INFO - Function evaluation number: 69, SI: 1, Sub-iteration number: 33, FoM: 0.5205522283807681
06/05/2022 02:14:45.880 - oc_logger - INFO - New record achieved. Previous FoM: 0.5205522283807681, new best FoM : 0.5193588310991605
06/05/2022 02:14:45.880 - oc_logger - INFO - Function evaluation number: 70, SI: 1, Sub-iteration number: 34, FoM: 0.5193588310991605
06/05/2022 02:14:46.034 - oc_logger - INFO - New record achieved. Previous FoM: 0.5193588310991605, new best FoM : 0.5148122424263212
06/05/2022 02:14:46.034 - oc_logger - INFO - Function evaluation number: 71, SI: 1, Sub-iteration number: 34, FoM: 0.5148122424263212
06/05/2022 02:14:46.198 - oc_logger - INFO - New record achieved. Previous FoM: 0.5148122424263212, new best FoM : 0.5134231868653574
06/05/2022 02:14:46.198 - oc_logger - INFO - Function evaluation number: 72, SI: 1, Sub-iteration number: 35, FoM: 0.5134231868653574
06/05/2022 02:14:46.344 - oc_logger - INFO - New record achieved. Previous FoM: 0.5134231868653574, new best FoM : 0.5084841658240786
06/05/2022 02:14:46.344 - oc_logger - INFO - Function evaluation number: 73, SI: 1, Sub-iteration number: 35, FoM: 0.5084841658240786
06/05/2022 02:14:46.501 - oc_logger - INFO - New record achieved. Previous FoM: 0.5084841658240786, new best FoM : 0.5078139476874832
06/05/2022 02:14:46.501 - oc_logger - INFO - Function evaluation number: 74, SI: 1, Sub-iteration number: 36, FoM: 0.5078139476874832
06/05/2022 02:14:46.650 - oc_logger - INFO - New record achieved. Previous FoM: 0.5078139476874832, new best FoM : 0.5026489821372901
06/05/2022 02:14:46.650 - oc_logger - INFO - Function evaluation number: 75, SI: 1, Sub-iteration number: 36, FoM: 0.5026489821372901
06/05/2022 02:14:46.809 - oc_logger - INFO - New record achieved. Previous FoM: 0.5026489821372901, new best FoM : 0.5004714382377256
06/05/2022 02:14:46.809 - oc_logger - INFO - Function evaluation number: 76, SI: 1, Sub-iteration number: 37, FoM: 0.5004714382377256
06/05/2022 02:14:46.954 - oc_logger - INFO - New record achieved. Previous FoM: 0.5004714382377256, new best FoM : 0.49472690859240187
06/05/2022 02:14:46.954 - oc_logger - INFO - Function evaluation number: 77, SI: 1, Sub-iteration number: 37, FoM: 0.49472690859240187
06/05/2022 02:14:47.169 - oc_logger - INFO - Function evaluation number: 78, SI: 1, Sub-iteration number: 38, FoM: 0.4949144768373078
06/05/2022 02:14:47.325 - oc_logger - INFO - New record achieved. Previous FoM: 0.49472690859240187, new best FoM : 0.4847771457301171
06/05/2022 02:14:47.326 - oc_logger - INFO - Function evaluation number: 79, SI: 1, Sub-iteration number: 39, FoM: 0.4847771457301171
06/05/2022 02:14:47.476 - oc_logger - INFO - New record achieved. Previous FoM: 0.4847771457301171, new best FoM : 0.47791446327018217
06/05/2022 02:14:47.476 - oc_logger - INFO - Function evaluation number: 80, SI: 1, Sub-iteration number: 39, FoM: 0.47791446327018217
06/05/2022 02:14:47.624 - oc_logger - INFO - Function evaluation number: 81, SI: 1, Sub-iteration number: 40, FoM: 0.47822517416013344
06/05/2022 02:14:47.779 - oc_logger - INFO - New record achieved. Previous FoM: 0.47791446327018217, new best FoM : 0.4734664114603382
06/05/2022 02:14:47.780 - oc_logger - INFO - Function evaluation number: 82, SI: 1, Sub-iteration number: 41, FoM: 0.4734664114603382
06/05/2022 02:14:47.922 - oc_logger - INFO - New record achieved. Previous FoM: 0.4734664114603382, new best FoM : 0.4681897072942557
06/05/2022 02:14:47.922 - oc_logger - INFO - Function evaluation number: 83, SI: 1, Sub-iteration number: 41, FoM: 0.4681897072942557
06/05/2022 02:14:48.075 - oc_logger - INFO - New record achieved. Previous FoM: 0.4681897072942557, new best FoM : 0.4645437294532132
06/05/2022 02:14:48.075 - oc_logger - INFO - Function evaluation number: 84, SI: 1, Sub-iteration number: 42, FoM: 0.4645437294532132
06/05/2022 02:14:48.222 - oc_logger - INFO - New record achieved. Previous FoM: 0.4645437294532132, new best FoM : 0.4582753011961571
06/05/2022 02:14:48.222 - oc_logger - INFO - Function evaluation number: 85, SI: 1, Sub-iteration number: 42, FoM: 0.4582753011961571
06/05/2022 02:14:48.363 - oc_logger - INFO - Function evaluation number: 86, SI: 1, Sub-iteration number: 43, FoM: 0.4583230054160471
06/05/2022 02:14:48.511 - oc_logger - INFO - New record achieved. Previous FoM: 0.4582753011961571, new best FoM : 0.4527604650113455
06/05/2022 02:14:48.511 - oc_logger - INFO - Function evaluation number: 87, SI: 1, Sub-iteration number: 44, FoM: 0.4527604650113455
06/05/2022 02:14:48.661 - oc_logger - INFO - New record achieved. Previous FoM: 0.4527604650113455, new best FoM : 0.4478726813815117
06/05/2022 02:14:48.661 - oc_logger - INFO - Function evaluation number: 88, SI: 1, Sub-iteration number: 44, FoM: 0.4478726813815117
06/05/2022 02:14:48.801 - oc_logger - INFO - Function evaluation number: 89, SI: 1, Sub-iteration number: 45, FoM: 0.4479098884345789
06/05/2022 02:14:48.946 - oc_logger - INFO - New record achieved. Previous FoM: 0.4478726813815117, new best FoM : 0.4418400988174732
06/05/2022 02:14:48.946 - oc_logger - INFO - Function evaluation number: 90, SI: 1, Sub-iteration number: 46, FoM: 0.4418400988174732
06/05/2022 02:14:49.112 - oc_logger - INFO - New record achieved. Previous FoM: 0.4418400988174732, new best FoM : 0.43745455347884443
06/05/2022 02:14:49.112 - oc_logger - INFO - Function evaluation number: 91, SI: 1, Sub-iteration number: 46, FoM: 0.43745455347884443
06/05/2022 02:14:49.262 - oc_logger - INFO - New record achieved. Previous FoM: 0.43745455347884443, new best FoM : 0.43529392992588445
06/05/2022 02:14:49.262 - oc_logger - INFO - Function evaluation number: 92, SI: 1, Sub-iteration number: 47, FoM: 0.43529392992588445
06/05/2022 02:14:49.410 - oc_logger - INFO - New record achieved. Previous FoM: 0.43529392992588445, new best FoM : 0.4316151184847494
06/05/2022 02:14:49.410 - oc_logger - INFO - Function evaluation number: 93, SI: 1, Sub-iteration number: 47, FoM: 0.4316151184847494
06/05/2022 02:14:49.554 - oc_logger - INFO - Function evaluation number: 94, SI: 1, Sub-iteration number: 48, FoM: 0.43467475093496655
06/05/2022 02:14:49.716 - oc_logger - INFO - New record achieved. Previous FoM: 0.4316151184847494, new best FoM : 0.4286186853526329
06/05/2022 02:14:49.716 - oc_logger - INFO - Function evaluation number: 95, SI: 1, Sub-iteration number: 49, FoM: 0.4286186853526329
06/05/2022 02:14:49.874 - oc_logger - INFO - New record achieved. Previous FoM: 0.4286186853526329, new best FoM : 0.42562553715110185
06/05/2022 02:14:49.874 - oc_logger - INFO - Function evaluation number: 96, SI: 1, Sub-iteration number: 49, FoM: 0.42562553715110185
06/05/2022 02:14:50.024 - oc_logger - INFO - New record achieved. Previous FoM: 0.42562553715110185, new best FoM : 0.425056078937152
06/05/2022 02:14:50.024 - oc_logger - INFO - Function evaluation number: 97, SI: 1, Sub-iteration number: 50, FoM: 0.425056078937152
06/05/2022 02:14:50.169 - oc_logger - INFO - New record achieved. Previous FoM: 0.425056078937152, new best FoM : 0.42216140673673397
06/05/2022 02:14:50.169 - oc_logger - INFO - Function evaluation number: 98, SI: 1, Sub-iteration number: 50, FoM: 0.42216140673673397
06/05/2022 02:14:50.329 - oc_logger - INFO - New record achieved. Previous FoM: 0.42216140673673397, new best FoM : 0.4219342284789356
06/05/2022 02:14:50.329 - oc_logger - INFO - Function evaluation number: 99, SI: 1, Sub-iteration number: 51, FoM: 0.4219342284789356
06/05/2022 02:14:50.511 - oc_logger - INFO - New record achieved. Previous FoM: 0.4219342284789356, new best FoM : 0.4192476255068369
06/05/2022 02:14:50.511 - oc_logger - INFO - Function evaluation number: 100, SI: 1, Sub-iteration number: 51, FoM: 0.4192476255068369
06/05/2022 02:14:50.673 - oc_logger - INFO - New record achieved. Previous FoM: 0.4192476255068369, new best FoM : 0.41902645862043475
06/05/2022 02:14:50.673 - oc_logger - INFO - Function evaluation number: 101, SI: 1, Sub-iteration number: 52, FoM: 0.41902645862043475
06/05/2022 02:14:50.872 - oc_logger - INFO - New record achieved. Previous FoM: 0.41902645862043475, new best FoM : 0.41678899829145133
06/05/2022 02:14:50.872 - oc_logger - INFO - Function evaluation number: 102, SI: 1, Sub-iteration number: 52, FoM: 0.41678899829145133
06/05/2022 02:14:51.063 - oc_logger - INFO - New record achieved. Previous FoM: 0.41678899829145133, new best FoM : 0.4143509600574339
06/05/2022 02:14:51.064 - oc_logger - INFO - Function evaluation number: 103, SI: 1, Sub-iteration number: 53, FoM: 0.4143509600574339
06/05/2022 02:14:51.269 - oc_logger - INFO - New record achieved. Previous FoM: 0.4143509600574339, new best FoM : 0.4115311762088518
06/05/2022 02:14:51.269 - oc_logger - INFO - Function evaluation number: 104, SI: 1, Sub-iteration number: 53, FoM: 0.4115311762088518
06/05/2022 02:14:51.467 - oc_logger - INFO - New record achieved. Previous FoM: 0.4115311762088518, new best FoM : 0.40944723489856594
06/05/2022 02:14:51.467 - oc_logger - INFO - Function evaluation number: 105, SI: 1, Sub-iteration number: 54, FoM: 0.40944723489856594
06/05/2022 02:14:51.671 - oc_logger - INFO - New record achieved. Previous FoM: 0.40944723489856594, new best FoM : 0.40652522423586723
06/05/2022 02:14:51.671 - oc_logger - INFO - Function evaluation number: 106, SI: 1, Sub-iteration number: 54, FoM: 0.40652522423586723
06/05/2022 02:14:51.868 - oc_logger - INFO - Function evaluation number: 107, SI: 1, Sub-iteration number: 55, FoM: 0.41021083907491585
06/05/2022 02:14:52.076 - oc_logger - INFO - New record achieved. Previous FoM: 0.40652522423586723, new best FoM : 0.4064237209084359
06/05/2022 02:14:52.076 - oc_logger - INFO - Function evaluation number: 108, SI: 1, Sub-iteration number: 56, FoM: 0.4064237209084359
06/05/2022 02:14:52.278 - oc_logger - INFO - New record achieved. Previous FoM: 0.4064237209084359, new best FoM : 0.40456956044092096
06/05/2022 02:14:52.278 - oc_logger - INFO - Function evaluation number: 109, SI: 1, Sub-iteration number: 56, FoM: 0.40456956044092096
06/05/2022 02:14:52.481 - oc_logger - INFO - New record achieved. Previous FoM: 0.40456956044092096, new best FoM : 0.40163820694174535
06/05/2022 02:14:52.481 - oc_logger - INFO - Function evaluation number: 110, SI: 1, Sub-iteration number: 57, FoM: 0.40163820694174535
06/05/2022 02:14:52.679 - oc_logger - INFO - New record achieved. Previous FoM: 0.40163820694174535, new best FoM : 0.39974367271526257
06/05/2022 02:14:52.679 - oc_logger - INFO - Function evaluation number: 111, SI: 1, Sub-iteration number: 57, FoM: 0.39974367271526257
06/05/2022 02:14:52.889 - oc_logger - INFO - Function evaluation number: 112, SI: 1, Sub-iteration number: 58, FoM: 0.3999338167253703
06/05/2022 02:14:53.084 - oc_logger - INFO - New record achieved. Previous FoM: 0.39974367271526257, new best FoM : 0.3984878755272978
06/05/2022 02:14:53.084 - oc_logger - INFO - Function evaluation number: 113, SI: 1, Sub-iteration number: 59, FoM: 0.3984878755272978
06/05/2022 02:14:53.277 - oc_logger - INFO - New record achieved. Previous FoM: 0.3984878755272978, new best FoM : 0.39661636091569497
06/05/2022 02:14:53.278 - oc_logger - INFO - Function evaluation number: 114, SI: 1, Sub-iteration number: 59, FoM: 0.39661636091569497
06/05/2022 02:14:53.475 - oc_logger - INFO - New record achieved. Previous FoM: 0.39661636091569497, new best FoM : 0.39614309460930497
06/05/2022 02:14:53.476 - oc_logger - INFO - Function evaluation number: 115, SI: 1, Sub-iteration number: 60, FoM: 0.39614309460930497
06/05/2022 02:14:53.692 - oc_logger - INFO - New record achieved. Previous FoM: 0.39614309460930497, new best FoM : 0.39480558809031807
06/05/2022 02:14:53.692 - oc_logger - INFO - Function evaluation number: 116, SI: 1, Sub-iteration number: 60, FoM: 0.39480558809031807
06/05/2022 02:14:53.896 - oc_logger - INFO - New record achieved. Previous FoM: 0.39480558809031807, new best FoM : 0.3913187935477317
06/05/2022 02:14:53.896 - oc_logger - INFO - Function evaluation number: 117, SI: 1, Sub-iteration number: 61, FoM: 0.3913187935477317
06/05/2022 02:14:54.079 - oc_logger - INFO - New record achieved. Previous FoM: 0.3913187935477317, new best FoM : 0.389636940904202
06/05/2022 02:14:54.079 - oc_logger - INFO - Function evaluation number: 118, SI: 1, Sub-iteration number: 61, FoM: 0.389636940904202
06/05/2022 02:14:54.237 - oc_logger - INFO - Function evaluation number: 119, SI: 1, Sub-iteration number: 62, FoM: 0.3930196067518962
06/05/2022 02:14:54.389 - oc_logger - INFO - New record achieved. Previous FoM: 0.389636940904202, new best FoM : 0.3894607232331051
06/05/2022 02:14:54.389 - oc_logger - INFO - Function evaluation number: 120, SI: 1, Sub-iteration number: 63, FoM: 0.3894607232331051
06/05/2022 02:14:54.553 - oc_logger - INFO - New record achieved. Previous FoM: 0.3894607232331051, new best FoM : 0.38830618162753994
06/05/2022 02:14:54.553 - oc_logger - INFO - Function evaluation number: 121, SI: 1, Sub-iteration number: 63, FoM: 0.38830618162753994
06/05/2022 02:14:54.737 - oc_logger - INFO - Function evaluation number: 122, SI: 1, Sub-iteration number: 64, FoM: 0.39016329856944343
06/05/2022 02:14:54.928 - oc_logger - INFO - New record achieved. Previous FoM: 0.38830618162753994, new best FoM : 0.3877687165561631
06/05/2022 02:14:54.928 - oc_logger - INFO - Function evaluation number: 123, SI: 1, Sub-iteration number: 65, FoM: 0.3877687165561631
06/05/2022 02:14:55.125 - oc_logger - INFO - New record achieved. Previous FoM: 0.3877687165561631, new best FoM : 0.38668694015069294
06/05/2022 02:14:55.125 - oc_logger - INFO - Function evaluation number: 124, SI: 1, Sub-iteration number: 65, FoM: 0.38668694015069294
06/05/2022 02:14:55.311 - oc_logger - INFO - Function evaluation number: 125, SI: 1, Sub-iteration number: 66, FoM: 0.3878899391316015
06/05/2022 02:14:55.514 - oc_logger - INFO - New record achieved. Previous FoM: 0.38668694015069294, new best FoM : 0.3860297139002551
06/05/2022 02:14:55.514 - oc_logger - INFO - Function evaluation number: 126, SI: 1, Sub-iteration number: 67, FoM: 0.3860297139002551
06/05/2022 02:14:55.705 - oc_logger - INFO - New record achieved. Previous FoM: 0.3860297139002551, new best FoM : 0.3855426901997262
06/05/2022 02:14:55.705 - oc_logger - INFO - Function evaluation number: 127, SI: 1, Sub-iteration number: 67, FoM: 0.3855426901997262
06/05/2022 02:14:55.919 - oc_logger - INFO - Function evaluation number: 128, SI: 1, Sub-iteration number: 68, FoM: 0.3868276034435928
06/05/2022 02:14:56.110 - oc_logger - INFO - New record achieved. Previous FoM: 0.3855426901997262, new best FoM : 0.3848646735050891
06/05/2022 02:14:56.110 - oc_logger - INFO - Function evaluation number: 129, SI: 1, Sub-iteration number: 69, FoM: 0.3848646735050891
06/05/2022 02:14:56.303 - oc_logger - INFO - New record achieved. Previous FoM: 0.3848646735050891, new best FoM : 0.3844270425781099
06/05/2022 02:14:56.303 - oc_logger - INFO - Function evaluation number: 130, SI: 1, Sub-iteration number: 69, FoM: 0.3844270425781099
06/05/2022 02:14:56.496 - oc_logger - INFO - New record achieved. Previous FoM: 0.3844270425781099, new best FoM : 0.38174786298510766
06/05/2022 02:14:56.496 - oc_logger - INFO - Function evaluation number: 131, SI: 1, Sub-iteration number: 70, FoM: 0.38174786298510766
06/05/2022 02:14:56.705 - oc_logger - INFO - New record achieved. Previous FoM: 0.38174786298510766, new best FoM : 0.3805436161337665
06/05/2022 02:14:56.706 - oc_logger - INFO - Function evaluation number: 132, SI: 1, Sub-iteration number: 70, FoM: 0.3805436161337665
06/05/2022 02:14:56.901 - oc_logger - INFO - Function evaluation number: 133, SI: 1, Sub-iteration number: 71, FoM: 0.3816789480652898
06/05/2022 02:14:57.114 - oc_logger - INFO - Function evaluation number: 134, SI: 1, Sub-iteration number: 72, FoM: 0.38340932418394136
06/05/2022 02:14:57.316 - oc_logger - INFO - Function evaluation number: 135, SI: 1, Sub-iteration number: 73, FoM: 0.38135047963579016
06/05/2022 02:14:57.531 - oc_logger - INFO - New record achieved. Previous FoM: 0.3805436161337665, new best FoM : 0.38045230488739
06/05/2022 02:14:57.531 - oc_logger - INFO - Function evaluation number: 136, SI: 1, Sub-iteration number: 74, FoM: 0.38045230488739
06/05/2022 02:14:57.737 - oc_logger - INFO - New record achieved. Previous FoM: 0.38045230488739, new best FoM : 0.3801035156785235
06/05/2022 02:14:57.737 - oc_logger - INFO - Function evaluation number: 137, SI: 1, Sub-iteration number: 74, FoM: 0.3801035156785235
06/05/2022 02:14:57.937 - oc_logger - INFO - Function evaluation number: 138, SI: 1, Sub-iteration number: 75, FoM: 0.3801841101767147
06/05/2022 02:14:58.147 - oc_logger - INFO - Function evaluation number: 139, SI: 1, Sub-iteration number: 76, FoM: 0.38035534534744875
06/05/2022 02:14:58.335 - oc_logger - INFO - New record achieved. Previous FoM: 0.3801035156785235, new best FoM : 0.37870579197180343
06/05/2022 02:14:58.336 - oc_logger - INFO - Function evaluation number: 140, SI: 1, Sub-iteration number: 77, FoM: 0.37870579197180343
06/05/2022 02:14:58.505 - oc_logger - INFO - New record achieved. Previous FoM: 0.37870579197180343, new best FoM : 0.37817812811717366
06/05/2022 02:14:58.505 - oc_logger - INFO - Function evaluation number: 141, SI: 1, Sub-iteration number: 77, FoM: 0.37817812811717366
06/05/2022 02:14:58.691 - oc_logger - INFO - Function evaluation number: 142, SI: 1, Sub-iteration number: 78, FoM: 0.3787357768733942
06/05/2022 02:14:58.886 - oc_logger - INFO - New record achieved. Previous FoM: 0.37817812811717366, new best FoM : 0.37660878584337965
06/05/2022 02:14:58.886 - oc_logger - INFO - Function evaluation number: 143, SI: 1, Sub-iteration number: 79, FoM: 0.37660878584337965
06/05/2022 02:14:59.077 - oc_logger - INFO - New record achieved. Previous FoM: 0.37660878584337965, new best FoM : 0.3758119906267555
06/05/2022 02:14:59.077 - oc_logger - INFO - Function evaluation number: 144, SI: 1, Sub-iteration number: 79, FoM: 0.3758119906267555
06/05/2022 02:14:59.266 - oc_logger - INFO - Function evaluation number: 145, SI: 1, Sub-iteration number: 80, FoM: 0.376833223822027
06/05/2022 02:14:59.445 - oc_logger - INFO - Function evaluation number: 146, SI: 1, Sub-iteration number: 81, FoM: 0.37625984101803844
06/05/2022 02:14:59.615 - oc_logger - INFO - Function evaluation number: 147, SI: 1, Sub-iteration number: 82, FoM: 0.37698501462956
06/05/2022 02:14:59.778 - oc_logger - INFO - New record achieved. Previous FoM: 0.3758119906267555, new best FoM : 0.3752289333572343
06/05/2022 02:14:59.778 - oc_logger - INFO - Function evaluation number: 148, SI: 1, Sub-iteration number: 83, FoM: 0.3752289333572343
06/05/2022 02:14:59.934 - oc_logger - INFO - New record achieved. Previous FoM: 0.3752289333572343, new best FoM : 0.37457532602423804
06/05/2022 02:14:59.934 - oc_logger - INFO - Function evaluation number: 149, SI: 1, Sub-iteration number: 83, FoM: 0.37457532602423804
06/05/2022 02:15:00.097 - oc_logger - INFO - Function evaluation number: 150, SI: 1, Sub-iteration number: 84, FoM: 0.3753987270471094
06/05/2022 02:15:00.253 - oc_logger - INFO - New record achieved. Previous FoM: 0.37457532602423804, new best FoM : 0.3732548173843796
06/05/2022 02:15:00.254 - oc_logger - INFO - Function evaluation number: 151, SI: 1, Sub-iteration number: 85, FoM: 0.3732548173843796
06/05/2022 02:15:00.406 - oc_logger - INFO - New record achieved. Previous FoM: 0.3732548173843796, new best FoM : 0.3724314652367503
06/05/2022 02:15:00.406 - oc_logger - INFO - Function evaluation number: 152, SI: 1, Sub-iteration number: 85, FoM: 0.3724314652367503
06/05/2022 02:15:00.561 - oc_logger - INFO - Function evaluation number: 153, SI: 1, Sub-iteration number: 86, FoM: 0.3731230262936165
06/05/2022 02:15:00.713 - oc_logger - INFO - Function evaluation number: 154, SI: 1, Sub-iteration number: 87, FoM: 0.3727316062578784
06/05/2022 02:15:00.861 - oc_logger - INFO - New record achieved. Previous FoM: 0.3724314652367503, new best FoM : 0.37218469657119513
06/05/2022 02:15:00.861 - oc_logger - INFO - Function evaluation number: 155, SI: 1, Sub-iteration number: 88, FoM: 0.37218469657119513
06/05/2022 02:15:01.010 - oc_logger - INFO - New record achieved. Previous FoM: 0.37218469657119513, new best FoM : 0.371571844043854
06/05/2022 02:15:01.011 - oc_logger - INFO - Function evaluation number: 156, SI: 1, Sub-iteration number: 88, FoM: 0.371571844043854
06/05/2022 02:15:01.162 - oc_logger - INFO - New record achieved. Previous FoM: 0.371571844043854, new best FoM : 0.37049278692952103
06/05/2022 02:15:01.162 - oc_logger - INFO - Function evaluation number: 157, SI: 1, Sub-iteration number: 89, FoM: 0.37049278692952103
06/05/2022 02:15:01.307 - oc_logger - INFO - New record achieved. Previous FoM: 0.37049278692952103, new best FoM : 0.3696806673832659
06/05/2022 02:15:01.308 - oc_logger - INFO - Function evaluation number: 158, SI: 1, Sub-iteration number: 89, FoM: 0.3696806673832659
06/05/2022 02:15:01.452 - oc_logger - INFO - Function evaluation number: 159, SI: 1, Sub-iteration number: 90, FoM: 0.37035249075954146
06/05/2022 02:15:01.599 - oc_logger - INFO - Function evaluation number: 160, SI: 1, Sub-iteration number: 91, FoM: 0.3701200660767259
06/05/2022 02:15:01.741 - oc_logger - INFO - New record achieved. Previous FoM: 0.3696806673832659, new best FoM : 0.3685876433776435
06/05/2022 02:15:01.742 - oc_logger - INFO - Function evaluation number: 161, SI: 1, Sub-iteration number: 92, FoM: 0.3685876433776435
06/05/2022 02:15:01.905 - oc_logger - INFO - New record achieved. Previous FoM: 0.3685876433776435, new best FoM : 0.367783995916116
06/05/2022 02:15:01.906 - oc_logger - INFO - Function evaluation number: 162, SI: 1, Sub-iteration number: 92, FoM: 0.367783995916116
06/05/2022 02:15:02.056 - oc_logger - INFO - Function evaluation number: 163, SI: 1, Sub-iteration number: 93, FoM: 0.36794429933250283
06/05/2022 02:15:02.202 - oc_logger - INFO - Function evaluation number: 164, SI: 1, Sub-iteration number: 94, FoM: 0.36781799318395714
06/05/2022 02:15:02.347 - oc_logger - INFO - New record achieved. Previous FoM: 0.367783995916116, new best FoM : 0.36640182233406604
06/05/2022 02:15:02.347 - oc_logger - INFO - Function evaluation number: 165, SI: 1, Sub-iteration number: 95, FoM: 0.36640182233406604
06/05/2022 02:15:02.495 - oc_logger - INFO - New record achieved. Previous FoM: 0.36640182233406604, new best FoM : 0.36558376501176115
06/05/2022 02:15:02.495 - oc_logger - INFO - Function evaluation number: 166, SI: 1, Sub-iteration number: 95, FoM: 0.36558376501176115
06/05/2022 02:15:02.644 - oc_logger - INFO - New record achieved. Previous FoM: 0.36558376501176115, new best FoM : 0.364938371693883
06/05/2022 02:15:02.645 - oc_logger - INFO - Function evaluation number: 167, SI: 1, Sub-iteration number: 96, FoM: 0.364938371693883
06/05/2022 02:15:02.790 - oc_logger - INFO - New record achieved. Previous FoM: 0.364938371693883, new best FoM : 0.36395154921574857
06/05/2022 02:15:02.790 - oc_logger - INFO - Function evaluation number: 168, SI: 1, Sub-iteration number: 96, FoM: 0.36395154921574857
06/05/2022 02:15:02.937 - oc_logger - INFO - Function evaluation number: 169, SI: 1, Sub-iteration number: 97, FoM: 0.36542159374220573
06/05/2022 02:15:03.080 - oc_logger - INFO - Function evaluation number: 170, SI: 1, Sub-iteration number: 98, FoM: 0.36443140959350606
06/05/2022 02:15:03.219 - oc_logger - INFO - New record achieved. Previous FoM: 0.36395154921574857, new best FoM : 0.36225037675339933
06/05/2022 02:15:03.219 - oc_logger - INFO - Function evaluation number: 171, SI: 1, Sub-iteration number: 99, FoM: 0.36225037675339933
06/05/2022 02:15:03.368 - oc_logger - INFO - New record achieved. Previous FoM: 0.36225037675339933, new best FoM : 0.3613531431142587
06/05/2022 02:15:03.368 - oc_logger - INFO - Function evaluation number: 172, SI: 1, Sub-iteration number: 99, FoM: 0.3613531431142587
06/05/2022 02:15:03.517 - oc_logger - INFO - Function evaluation number: 173, SI: 1, Sub-iteration number: 100, FoM: 0.3620005341528276
06/05/2022 02:15:03.665 - oc_logger - INFO - New record achieved. Previous FoM: 0.3613531431142587, new best FoM : 0.36086662031807026
06/05/2022 02:15:03.665 - oc_logger - INFO - Function evaluation number: 174, SI: 1, Sub-iteration number: 101, FoM: 0.36086662031807026
06/05/2022 02:15:03.813 - oc_logger - INFO - New record achieved. Previous FoM: 0.36086662031807026, new best FoM : 0.36069284484418307
06/05/2022 02:15:03.813 - oc_logger - INFO - Function evaluation number: 175, SI: 1, Sub-iteration number: 101, FoM: 0.36069284484418307
06/05/2022 02:15:03.957 - oc_logger - INFO - New record achieved. Previous FoM: 0.36069284484418307, new best FoM : 0.3597427919984756
06/05/2022 02:15:03.958 - oc_logger - INFO - Function evaluation number: 176, SI: 1, Sub-iteration number: 102, FoM: 0.3597427919984756
06/05/2022 02:15:04.106 - oc_logger - INFO - New record achieved. Previous FoM: 0.3597427919984756, new best FoM : 0.35883657312406925
06/05/2022 02:15:04.106 - oc_logger - INFO - Function evaluation number: 177, SI: 1, Sub-iteration number: 102, FoM: 0.35883657312406925
06/05/2022 02:15:04.255 - oc_logger - INFO - Function evaluation number: 178, SI: 1, Sub-iteration number: 103, FoM: 0.3588710951068137
06/05/2022 02:15:04.403 - oc_logger - INFO - New record achieved. Previous FoM: 0.35883657312406925, new best FoM : 0.3577616397731118
06/05/2022 02:15:04.403 - oc_logger - INFO - Function evaluation number: 179, SI: 1, Sub-iteration number: 104, FoM: 0.3577616397731118
06/05/2022 02:15:04.551 - oc_logger - INFO - New record achieved. Previous FoM: 0.3577616397731118, new best FoM : 0.35680020479244623
06/05/2022 02:15:04.552 - oc_logger - INFO - Function evaluation number: 180, SI: 1, Sub-iteration number: 104, FoM: 0.35680020479244623
06/05/2022 02:15:04.699 - oc_logger - INFO - Function evaluation number: 181, SI: 1, Sub-iteration number: 105, FoM: 0.3568845378114456
06/05/2022 02:15:04.848 - oc_logger - INFO - Function evaluation number: 182, SI: 1, Sub-iteration number: 106, FoM: 0.35687848317919213
06/05/2022 02:15:04.991 - oc_logger - INFO - New record achieved. Previous FoM: 0.35680020479244623, new best FoM : 0.35332930076352365
06/05/2022 02:15:04.991 - oc_logger - INFO - Function evaluation number: 183, SI: 1, Sub-iteration number: 107, FoM: 0.35332930076352365
06/05/2022 02:15:05.136 - oc_logger - INFO - New record achieved. Previous FoM: 0.35332930076352365, new best FoM : 0.35228695398153065
06/05/2022 02:15:05.136 - oc_logger - INFO - Function evaluation number: 184, SI: 1, Sub-iteration number: 107, FoM: 0.35228695398153065
06/05/2022 02:15:05.286 - oc_logger - INFO - Function evaluation number: 185, SI: 1, Sub-iteration number: 108, FoM: 0.35313378449939115
06/05/2022 02:15:05.441 - oc_logger - INFO - Function evaluation number: 186, SI: 1, Sub-iteration number: 109, FoM: 0.3537249956608012
06/05/2022 02:15:05.592 - oc_logger - INFO - New record achieved. Previous FoM: 0.35228695398153065, new best FoM : 0.3506427361989617
06/05/2022 02:15:05.592 - oc_logger - INFO - Function evaluation number: 187, SI: 1, Sub-iteration number: 110, FoM: 0.3506427361989617
06/05/2022 02:15:05.738 - oc_logger - INFO - New record achieved. Previous FoM: 0.3506427361989617, new best FoM : 0.34957973137059173
06/05/2022 02:15:05.738 - oc_logger - INFO - Function evaluation number: 188, SI: 1, Sub-iteration number: 110, FoM: 0.34957973137059173
06/05/2022 02:15:05.888 - oc_logger - INFO - Function evaluation number: 189, SI: 1, Sub-iteration number: 111, FoM: 0.35286165253925683
06/05/2022 02:15:06.038 - oc_logger - INFO - Function evaluation number: 190, SI: 1, Sub-iteration number: 112, FoM: 0.3510302589581831
06/05/2022 02:15:06.186 - oc_logger - INFO - New record achieved. Previous FoM: 0.34957973137059173, new best FoM : 0.3483817432063626
06/05/2022 02:15:06.186 - oc_logger - INFO - Function evaluation number: 191, SI: 1, Sub-iteration number: 113, FoM: 0.3483817432063626
06/05/2022 02:15:06.330 - oc_logger - INFO - New record achieved. Previous FoM: 0.3483817432063626, new best FoM : 0.34737033174079635
06/05/2022 02:15:06.331 - oc_logger - INFO - Function evaluation number: 192, SI: 1, Sub-iteration number: 113, FoM: 0.34737033174079635
06/05/2022 02:15:06.476 - oc_logger - INFO - New record achieved. Previous FoM: 0.34737033174079635, new best FoM : 0.345833495392611
06/05/2022 02:15:06.476 - oc_logger - INFO - Function evaluation number: 193, SI: 1, Sub-iteration number: 114, FoM: 0.345833495392611
06/05/2022 02:15:06.622 - oc_logger - INFO - New record achieved. Previous FoM: 0.345833495392611, new best FoM : 0.3444849390927356
06/05/2022 02:15:06.622 - oc_logger - INFO - Function evaluation number: 194, SI: 1, Sub-iteration number: 114, FoM: 0.3444849390927356
06/05/2022 02:15:06.772 - oc_logger - INFO - Function evaluation number: 195, SI: 1, Sub-iteration number: 115, FoM: 0.347791876622755
06/05/2022 02:15:06.920 - oc_logger - INFO - Function evaluation number: 196, SI: 1, Sub-iteration number: 116, FoM: 0.3450589104773649
06/05/2022 02:15:07.066 - oc_logger - INFO - Function evaluation number: 197, SI: 1, Sub-iteration number: 117, FoM: 0.3449279145827163
06/05/2022 02:15:07.237 - oc_logger - INFO - New record achieved. Previous FoM: 0.3444849390927356, new best FoM : 0.3434603677331457
06/05/2022 02:15:07.237 - oc_logger - INFO - Function evaluation number: 198, SI: 1, Sub-iteration number: 118, FoM: 0.3434603677331457
06/05/2022 02:15:07.433 - oc_logger - INFO - New record achieved. Previous FoM: 0.3434603677331457, new best FoM : 0.34297349957179746
06/05/2022 02:15:07.433 - oc_logger - INFO - Function evaluation number: 199, SI: 1, Sub-iteration number: 118, FoM: 0.34297349957179746
06/05/2022 02:15:07.606 - oc_logger - INFO - New record achieved. Previous FoM: 0.34297349957179746, new best FoM : 0.34134810347437516
06/05/2022 02:15:07.606 - oc_logger - INFO - Function evaluation number: 200, SI: 1, Sub-iteration number: 119, FoM: 0.34134810347437516
06/05/2022 02:15:07.793 - oc_logger - INFO - New record achieved. Previous FoM: 0.34134810347437516, new best FoM : 0.34079515435286756
06/05/2022 02:15:07.793 - oc_logger - INFO - Function evaluation number: 201, SI: 1, Sub-iteration number: 119, FoM: 0.34079515435286756
06/05/2022 02:15:07.979 - oc_logger - INFO - New record achieved. Previous FoM: 0.34079515435286756, new best FoM : 0.3389643103675267
06/05/2022 02:15:07.979 - oc_logger - INFO - Function evaluation number: 202, SI: 1, Sub-iteration number: 120, FoM: 0.3389643103675267
06/05/2022 02:15:08.143 - oc_logger - INFO - New record achieved. Previous FoM: 0.3389643103675267, new best FoM : 0.3378995259678311
06/05/2022 02:15:08.144 - oc_logger - INFO - Function evaluation number: 203, SI: 1, Sub-iteration number: 120, FoM: 0.3378995259678311
06/05/2022 02:15:08.301 - oc_logger - INFO - Function evaluation number: 204, SI: 1, Sub-iteration number: 121, FoM: 0.3398847520203496
06/05/2022 02:15:08.464 - oc_logger - INFO - Function evaluation number: 205, SI: 1, Sub-iteration number: 122, FoM: 0.3397834982406269
06/05/2022 02:15:08.624 - oc_logger - INFO - New record achieved. Previous FoM: 0.3378995259678311, new best FoM : 0.33533670544222116
06/05/2022 02:15:08.624 - oc_logger - INFO - Function evaluation number: 206, SI: 1, Sub-iteration number: 123, FoM: 0.33533670544222116
06/05/2022 02:15:08.814 - oc_logger - INFO - New record achieved. Previous FoM: 0.33533670544222116, new best FoM : 0.3341301711101621
06/05/2022 02:15:08.814 - oc_logger - INFO - Function evaluation number: 207, SI: 1, Sub-iteration number: 123, FoM: 0.3341301711101621
06/05/2022 02:15:08.981 - oc_logger - INFO - Function evaluation number: 208, SI: 1, Sub-iteration number: 124, FoM: 0.33727943864904086
06/05/2022 02:15:09.155 - oc_logger - INFO - New record achieved. Previous FoM: 0.3341301711101621, new best FoM : 0.3333036189485705
06/05/2022 02:15:09.155 - oc_logger - INFO - Function evaluation number: 209, SI: 1, Sub-iteration number: 125, FoM: 0.3333036189485705
06/05/2022 02:15:09.325 - oc_logger - INFO - New record achieved. Previous FoM: 0.3333036189485705, new best FoM : 0.33204433719206683
06/05/2022 02:15:09.325 - oc_logger - INFO - Function evaluation number: 210, SI: 1, Sub-iteration number: 125, FoM: 0.33204433719206683
06/05/2022 02:15:09.509 - oc_logger - INFO - Function evaluation number: 211, SI: 1, Sub-iteration number: 126, FoM: 0.333180622124606
06/05/2022 02:15:09.702 - oc_logger - INFO - New record achieved. Previous FoM: 0.33204433719206683, new best FoM : 0.33158025245789835
06/05/2022 02:15:09.702 - oc_logger - INFO - Function evaluation number: 212, SI: 1, Sub-iteration number: 127, FoM: 0.33158025245789835
06/05/2022 02:15:09.889 - oc_logger - INFO - New record achieved. Previous FoM: 0.33158025245789835, new best FoM : 0.3308275654927655
06/05/2022 02:15:09.889 - oc_logger - INFO - Function evaluation number: 213, SI: 1, Sub-iteration number: 127, FoM: 0.3308275654927655
06/05/2022 02:15:10.106 - oc_logger - INFO - Function evaluation number: 214, SI: 1, Sub-iteration number: 128, FoM: 0.3311302999926762
06/05/2022 02:15:10.301 - oc_logger - INFO - Function evaluation number: 215, SI: 1, Sub-iteration number: 129, FoM: 0.3329577547303524
06/05/2022 02:15:10.483 - oc_logger - INFO - New record achieved. Previous FoM: 0.3308275654927655, new best FoM : 0.3274817908133677
06/05/2022 02:15:10.483 - oc_logger - INFO - Function evaluation number: 216, SI: 1, Sub-iteration number: 130, FoM: 0.3274817908133677
06/05/2022 02:15:10.657 - oc_logger - INFO - New record achieved. Previous FoM: 0.3274817908133677, new best FoM : 0.3263741428681186
06/05/2022 02:15:10.657 - oc_logger - INFO - Function evaluation number: 217, SI: 1, Sub-iteration number: 130, FoM: 0.3263741428681186
06/05/2022 02:15:10.827 - oc_logger - INFO - Function evaluation number: 218, SI: 1, Sub-iteration number: 131, FoM: 0.32683055775884085
06/05/2022 02:15:10.989 - oc_logger - INFO - New record achieved. Previous FoM: 0.3263741428681186, new best FoM : 0.32366605513658353
06/05/2022 02:15:10.990 - oc_logger - INFO - Function evaluation number: 219, SI: 1, Sub-iteration number: 132, FoM: 0.32366605513658353
06/05/2022 02:15:11.149 - oc_logger - INFO - New record achieved. Previous FoM: 0.32366605513658353, new best FoM : 0.3223003415743312
06/05/2022 02:15:11.149 - oc_logger - INFO - Function evaluation number: 220, SI: 1, Sub-iteration number: 132, FoM: 0.3223003415743312
06/05/2022 02:15:11.303 - oc_logger - INFO - Function evaluation number: 221, SI: 1, Sub-iteration number: 133, FoM: 0.32316157993202455
06/05/2022 02:15:11.458 - oc_logger - INFO - New record achieved. Previous FoM: 0.3223003415743312, new best FoM : 0.32161354987639645
06/05/2022 02:15:11.458 - oc_logger - INFO - Function evaluation number: 222, SI: 1, Sub-iteration number: 134, FoM: 0.32161354987639645
06/05/2022 02:15:11.609 - oc_logger - INFO - New record achieved. Previous FoM: 0.32161354987639645, new best FoM : 0.3205698546829603
06/05/2022 02:15:11.609 - oc_logger - INFO - Function evaluation number: 223, SI: 1, Sub-iteration number: 134, FoM: 0.3205698546829603
06/05/2022 02:15:11.755 - oc_logger - INFO - Function evaluation number: 224, SI: 1, Sub-iteration number: 135, FoM: 0.3268415284501288
06/05/2022 02:15:11.902 - oc_logger - INFO - New record achieved. Previous FoM: 0.3205698546829603, new best FoM : 0.3199308174468687
06/05/2022 02:15:11.902 - oc_logger - INFO - Function evaluation number: 225, SI: 1, Sub-iteration number: 136, FoM: 0.3199308174468687
06/05/2022 02:15:12.056 - oc_logger - INFO - New record achieved. Previous FoM: 0.3199308174468687, new best FoM : 0.3189445370164815
06/05/2022 02:15:12.056 - oc_logger - INFO - Function evaluation number: 226, SI: 1, Sub-iteration number: 136, FoM: 0.3189445370164815
06/05/2022 02:15:12.209 - oc_logger - INFO - Function evaluation number: 227, SI: 1, Sub-iteration number: 137, FoM: 0.325205702614765
06/05/2022 02:15:12.361 - oc_logger - INFO - New record achieved. Previous FoM: 0.3189445370164815, new best FoM : 0.31650727712362914
06/05/2022 02:15:12.361 - oc_logger - INFO - Function evaluation number: 228, SI: 1, Sub-iteration number: 138, FoM: 0.31650727712362914
06/05/2022 02:15:12.512 - oc_logger - INFO - New record achieved. Previous FoM: 0.31650727712362914, new best FoM : 0.31508380525717306
06/05/2022 02:15:12.513 - oc_logger - INFO - Function evaluation number: 229, SI: 1, Sub-iteration number: 138, FoM: 0.31508380525717306
06/05/2022 02:15:12.665 - oc_logger - INFO - Function evaluation number: 230, SI: 1, Sub-iteration number: 139, FoM: 0.3195423412279593
06/05/2022 02:15:12.819 - oc_logger - INFO - New record achieved. Previous FoM: 0.31508380525717306, new best FoM : 0.3149978409012515
06/05/2022 02:15:12.819 - oc_logger - INFO - Function evaluation number: 231, SI: 1, Sub-iteration number: 140, FoM: 0.3149978409012515
06/05/2022 02:15:12.974 - oc_logger - INFO - New record achieved. Previous FoM: 0.3149978409012515, new best FoM : 0.3137610099738417
06/05/2022 02:15:12.974 - oc_logger - INFO - Function evaluation number: 232, SI: 1, Sub-iteration number: 140, FoM: 0.3137610099738417
06/05/2022 02:15:13.130 - oc_logger - INFO - New record achieved. Previous FoM: 0.3137610099738417, new best FoM : 0.313143748011088
06/05/2022 02:15:13.130 - oc_logger - INFO - Function evaluation number: 233, SI: 1, Sub-iteration number: 141, FoM: 0.313143748011088
06/05/2022 02:15:13.284 - oc_logger - INFO - New record achieved. Previous FoM: 0.313143748011088, new best FoM : 0.3119923732036183
06/05/2022 02:15:13.284 - oc_logger - INFO - Function evaluation number: 234, SI: 1, Sub-iteration number: 141, FoM: 0.3119923732036183
06/05/2022 02:15:13.440 - oc_logger - INFO - Function evaluation number: 235, SI: 1, Sub-iteration number: 142, FoM: 0.32041388160961204
06/05/2022 02:15:13.593 - oc_logger - INFO - New record achieved. Previous FoM: 0.3119923732036183, new best FoM : 0.310207607124216
06/05/2022 02:15:13.593 - oc_logger - INFO - Function evaluation number: 236, SI: 1, Sub-iteration number: 143, FoM: 0.310207607124216
06/05/2022 02:15:13.743 - oc_logger - INFO - New record achieved. Previous FoM: 0.310207607124216, new best FoM : 0.30854644348685434
06/05/2022 02:15:13.744 - oc_logger - INFO - Function evaluation number: 237, SI: 1, Sub-iteration number: 143, FoM: 0.30854644348685434
06/05/2022 02:15:13.895 - oc_logger - INFO - Function evaluation number: 238, SI: 1, Sub-iteration number: 144, FoM: 0.30977017809144103
06/05/2022 02:15:14.045 - oc_logger - INFO - Function evaluation number: 239, SI: 1, Sub-iteration number: 145, FoM: 0.30866167167978875
06/05/2022 02:15:14.199 - oc_logger - INFO - Function evaluation number: 240, SI: 1, Sub-iteration number: 146, FoM: 0.3153945523356523
06/05/2022 02:15:14.347 - oc_logger - INFO - Function evaluation number: 241, SI: 1, Sub-iteration number: 147, FoM: 0.31187575232826703
06/05/2022 02:15:14.496 - oc_logger - INFO - New record achieved. Previous FoM: 0.30854644348685434, new best FoM : 0.30640703699912364
06/05/2022 02:15:14.496 - oc_logger - INFO - Function evaluation number: 242, SI: 1, Sub-iteration number: 148, FoM: 0.30640703699912364
06/05/2022 02:15:14.642 - oc_logger - INFO - New record achieved. Previous FoM: 0.30640703699912364, new best FoM : 0.30590315067860674
06/05/2022 02:15:14.643 - oc_logger - INFO - Function evaluation number: 243, SI: 1, Sub-iteration number: 148, FoM: 0.30590315067860674
06/05/2022 02:15:14.787 - oc_logger - INFO - Function evaluation number: 244, SI: 1, Sub-iteration number: 149, FoM: 0.31051192910929326
06/05/2022 02:15:14.926 - oc_logger - INFO - New record achieved. Previous FoM: 0.30590315067860674, new best FoM : 0.30495938265791456
06/05/2022 02:15:14.926 - oc_logger - INFO - Function evaluation number: 245, SI: 1, Sub-iteration number: 150, FoM: 0.30495938265791456
06/05/2022 02:15:15.078 - oc_logger - INFO - New record achieved. Previous FoM: 0.30495938265791456, new best FoM : 0.3047605405940651
06/05/2022 02:15:15.078 - oc_logger - INFO - Function evaluation number: 246, SI: 1, Sub-iteration number: 150, FoM: 0.3047605405940651
06/05/2022 02:15:15.228 - oc_logger - INFO - New record achieved. Previous FoM: 0.3047605405940651, new best FoM : 0.3035500994284107
06/05/2022 02:15:15.228 - oc_logger - INFO - Function evaluation number: 247, SI: 1, Sub-iteration number: 151, FoM: 0.3035500994284107
06/05/2022 02:15:15.378 - oc_logger - INFO - New record achieved. Previous FoM: 0.3035500994284107, new best FoM : 0.30328631019005203
06/05/2022 02:15:15.378 - oc_logger - INFO - Function evaluation number: 248, SI: 1, Sub-iteration number: 151, FoM: 0.30328631019005203
06/05/2022 02:15:15.529 - oc_logger - INFO - New record achieved. Previous FoM: 0.30328631019005203, new best FoM : 0.3008361513265678
06/05/2022 02:15:15.529 - oc_logger - INFO - Function evaluation number: 249, SI: 1, Sub-iteration number: 152, FoM: 0.3008361513265678
06/05/2022 02:15:15.671 - oc_logger - INFO - New record achieved. Previous FoM: 0.3008361513265678, new best FoM : 0.2998978614854386
06/05/2022 02:15:15.671 - oc_logger - INFO - Function evaluation number: 250, SI: 1, Sub-iteration number: 152, FoM: 0.2998978614854386
06/05/2022 02:15:15.820 - oc_logger - INFO - Function evaluation number: 251, SI: 1, Sub-iteration number: 153, FoM: 0.30896788311065904
06/05/2022 02:15:15.969 - oc_logger - INFO - Function evaluation number: 252, SI: 1, Sub-iteration number: 154, FoM: 0.3028209748846762
06/05/2022 02:15:16.112 - oc_logger - INFO - Function evaluation number: 253, SI: 1, Sub-iteration number: 155, FoM: 0.3018930460952347
06/05/2022 02:15:16.258 - oc_logger - INFO - Function evaluation number: 254, SI: 1, Sub-iteration number: 156, FoM: 0.3116685471792737
06/05/2022 02:15:16.409 - oc_logger - INFO - Function evaluation number: 255, SI: 1, Sub-iteration number: 156, FoM: 0.30580191209592866
06/05/2022 02:15:16.559 - oc_logger - INFO - New record achieved. Previous FoM: 0.2998978614854386, new best FoM : 0.2994734625605242
06/05/2022 02:15:16.559 - oc_logger - INFO - Function evaluation number: 256, SI: 1, Sub-iteration number: 157, FoM: 0.2994734625605242
06/05/2022 02:15:16.710 - oc_logger - INFO - New record achieved. Previous FoM: 0.2994734625605242, new best FoM : 0.29847741399921346
06/05/2022 02:15:16.710 - oc_logger - INFO - Function evaluation number: 257, SI: 1, Sub-iteration number: 157, FoM: 0.29847741399921346
06/05/2022 02:15:16.855 - oc_logger - INFO - Function evaluation number: 258, SI: 1, Sub-iteration number: 158, FoM: 0.3011284750471014
06/05/2022 02:15:17.001 - oc_logger - INFO - Function evaluation number: 259, SI: 1, Sub-iteration number: 159, FoM: 0.3009248156210116
06/05/2022 02:15:17.168 - oc_logger - INFO - Function evaluation number: 260, SI: 1, Sub-iteration number: 160, FoM: 0.29997645103128145
06/05/2022 02:15:17.333 - oc_logger - INFO - New record achieved. Previous FoM: 0.29847741399921346, new best FoM : 0.2960484489676487
06/05/2022 02:15:17.333 - oc_logger - INFO - Function evaluation number: 261, SI: 1, Sub-iteration number: 161, FoM: 0.2960484489676487
06/05/2022 02:15:17.494 - oc_logger - INFO - New record achieved. Previous FoM: 0.2960484489676487, new best FoM : 0.29462140337189435
06/05/2022 02:15:17.495 - oc_logger - INFO - Function evaluation number: 262, SI: 1, Sub-iteration number: 161, FoM: 0.29462140337189435
06/05/2022 02:15:17.649 - oc_logger - INFO - New record achieved. Previous FoM: 0.29462140337189435, new best FoM : 0.2919965133581123
06/05/2022 02:15:17.649 - oc_logger - INFO - Function evaluation number: 263, SI: 1, Sub-iteration number: 162, FoM: 0.2919965133581123
06/05/2022 02:15:17.804 - oc_logger - INFO - New record achieved. Previous FoM: 0.2919965133581123, new best FoM : 0.2901404447676571
06/05/2022 02:15:17.804 - oc_logger - INFO - Function evaluation number: 264, SI: 1, Sub-iteration number: 162, FoM: 0.2901404447676571
06/05/2022 02:15:17.959 - oc_logger - INFO - Function evaluation number: 265, SI: 1, Sub-iteration number: 163, FoM: 0.2973678239992912
06/05/2022 02:15:18.108 - oc_logger - INFO - Function evaluation number: 266, SI: 1, Sub-iteration number: 164, FoM: 0.29533181655767826
06/05/2022 02:15:18.265 - oc_logger - INFO - Function evaluation number: 267, SI: 1, Sub-iteration number: 165, FoM: 0.2907417292986708
06/05/2022 02:15:18.419 - oc_logger - INFO - New record achieved. Previous FoM: 0.2901404447676571, new best FoM : 0.2896809678922171
06/05/2022 02:15:18.419 - oc_logger - INFO - Function evaluation number: 268, SI: 1, Sub-iteration number: 166, FoM: 0.2896809678922171
06/05/2022 02:15:18.573 - oc_logger - INFO - New record achieved. Previous FoM: 0.2896809678922171, new best FoM : 0.2892034198693426
06/05/2022 02:15:18.573 - oc_logger - INFO - Function evaluation number: 269, SI: 1, Sub-iteration number: 166, FoM: 0.2892034198693426
06/05/2022 02:15:18.730 - oc_logger - INFO - Function evaluation number: 270, SI: 1, Sub-iteration number: 167, FoM: 0.2914402522807271
06/05/2022 02:15:18.882 - oc_logger - INFO - New record achieved. Previous FoM: 0.2892034198693426, new best FoM : 0.28464657319124
06/05/2022 02:15:18.883 - oc_logger - INFO - Function evaluation number: 271, SI: 1, Sub-iteration number: 168, FoM: 0.28464657319124
06/05/2022 02:15:19.040 - oc_logger - INFO - New record achieved. Previous FoM: 0.28464657319124, new best FoM : 0.2829645813999667
06/05/2022 02:15:19.041 - oc_logger - INFO - Function evaluation number: 272, SI: 1, Sub-iteration number: 168, FoM: 0.2829645813999667
06/05/2022 02:15:19.194 - oc_logger - INFO - Function evaluation number: 273, SI: 1, Sub-iteration number: 169, FoM: 0.28333082705212
06/05/2022 02:15:19.345 - oc_logger - INFO - Function evaluation number: 274, SI: 1, Sub-iteration number: 170, FoM: 0.2844340713029281
06/05/2022 02:15:19.494 - oc_logger - INFO - Function evaluation number: 275, SI: 1, Sub-iteration number: 171, FoM: 0.2844850612013622
06/05/2022 02:15:19.648 - oc_logger - INFO - New record achieved. Previous FoM: 0.2829645813999667, new best FoM : 0.27951984103731764
06/05/2022 02:15:19.648 - oc_logger - INFO - Function evaluation number: 276, SI: 1, Sub-iteration number: 172, FoM: 0.27951984103731764
06/05/2022 02:15:19.794 - oc_logger - INFO - New record achieved. Previous FoM: 0.27951984103731764, new best FoM : 0.27946638260466916
06/05/2022 02:15:19.794 - oc_logger - INFO - Function evaluation number: 277, SI: 1, Sub-iteration number: 172, FoM: 0.27946638260466916
06/05/2022 02:15:19.948 - oc_logger - INFO - Function evaluation number: 278, SI: 1, Sub-iteration number: 173, FoM: 0.29106550162692224
06/05/2022 02:15:20.100 - oc_logger - INFO - Function evaluation number: 279, SI: 1, Sub-iteration number: 173, FoM: 0.2860602876475583
06/05/2022 02:15:20.250 - oc_logger - INFO - Function evaluation number: 280, SI: 1, Sub-iteration number: 174, FoM: 0.28189537587020075
06/05/2022 02:15:20.397 - oc_logger - INFO - Function evaluation number: 281, SI: 1, Sub-iteration number: 175, FoM: 0.2830954589274308
06/05/2022 02:15:20.552 - oc_logger - INFO - New record achieved. Previous FoM: 0.27946638260466916, new best FoM : 0.2768033062831061
06/05/2022 02:15:20.552 - oc_logger - INFO - Function evaluation number: 282, SI: 1, Sub-iteration number: 176, FoM: 0.2768033062831061
06/05/2022 02:15:20.701 - oc_logger - INFO - New record achieved. Previous FoM: 0.2768033062831061, new best FoM : 0.2764452597033584
06/05/2022 02:15:20.701 - oc_logger - INFO - Function evaluation number: 283, SI: 1, Sub-iteration number: 176, FoM: 0.2764452597033584
06/05/2022 02:15:20.849 - oc_logger - INFO - Function evaluation number: 284, SI: 1, Sub-iteration number: 177, FoM: 0.27816989439654793
06/05/2022 02:15:21.001 - oc_logger - INFO - Function evaluation number: 285, SI: 1, Sub-iteration number: 178, FoM: 0.2766428349232385
06/05/2022 02:15:21.152 - oc_logger - INFO - Function evaluation number: 286, SI: 1, Sub-iteration number: 179, FoM: 0.2789857876020361
06/05/2022 02:15:21.303 - oc_logger - INFO - Function evaluation number: 287, SI: 1, Sub-iteration number: 180, FoM: 0.30029798600999835
06/05/2022 02:15:21.452 - oc_logger - INFO - Function evaluation number: 288, SI: 1, Sub-iteration number: 180, FoM: 0.2808271164076682
06/05/2022 02:15:21.603 - oc_logger - INFO - Function evaluation number: 289, SI: 1, Sub-iteration number: 181, FoM: 0.28041763728240054
06/05/2022 02:15:21.750 - oc_logger - INFO - Function evaluation number: 290, SI: 1, Sub-iteration number: 182, FoM: 0.27730871400733426
06/05/2022 02:15:21.904 - oc_logger - INFO - Function evaluation number: 291, SI: 1, Sub-iteration number: 183, FoM: 0.27661679972559217
06/05/2022 02:15:22.054 - oc_logger - INFO - Function evaluation number: 292, SI: 1, Sub-iteration number: 184, FoM: 0.28075569308800097
06/05/2022 02:15:22.218 - oc_logger - INFO - Function evaluation number: 293, SI: 1, Sub-iteration number: 184, FoM: 0.27728085509847256
06/05/2022 02:15:22.393 - oc_logger - INFO - Function evaluation number: 294, SI: 1, Sub-iteration number: 185, FoM: 0.2944476105805375
06/05/2022 02:15:22.555 - oc_logger - INFO - Function evaluation number: 295, SI: 1, Sub-iteration number: 185, FoM: 0.2782460699273086
06/05/2022 02:15:22.718 - oc_logger - INFO - New record achieved. Previous FoM: 0.2764452597033584, new best FoM : 0.27636072775742326
06/05/2022 02:15:22.718 - oc_logger - INFO - Function evaluation number: 296, SI: 1, Sub-iteration number: 186, FoM: 0.27636072775742326
06/05/2022 02:15:22.869 - oc_logger - INFO - New record achieved. Previous FoM: 0.27636072775742326, new best FoM : 0.2763194844125909
06/05/2022 02:15:22.869 - oc_logger - INFO - Function evaluation number: 297, SI: 1, Sub-iteration number: 186, FoM: 0.2763194844125909
06/05/2022 02:15:23.033 - oc_logger - INFO - Function evaluation number: 298, SI: 1, Sub-iteration number: 187, FoM: 0.276557907441902
06/05/2022 02:15:23.186 - oc_logger - INFO - New record achieved. Previous FoM: 0.2763194844125909, new best FoM : 0.2761270364151097
06/05/2022 02:15:23.187 - oc_logger - INFO - Function evaluation number: 299, SI: 1, Sub-iteration number: 188, FoM: 0.2761270364151097
06/05/2022 02:15:23.346 - oc_logger - INFO - New record achieved. Previous FoM: 0.2761270364151097, new best FoM : 0.2760634521447247
06/05/2022 02:15:23.346 - oc_logger - INFO - Function evaluation number: 300, SI: 1, Sub-iteration number: 188, FoM: 0.2760634521447247
06/05/2022 02:15:23.504 - oc_logger - INFO - Function evaluation number: 301, SI: 1, Sub-iteration number: 189, FoM: 0.276131473547113
06/05/2022 02:15:23.668 - oc_logger - INFO - Function evaluation number: 302, SI: 1, Sub-iteration number: 190, FoM: 0.276467383815416
06/05/2022 02:15:23.823 - oc_logger - INFO - Function evaluation number: 303, SI: 1, Sub-iteration number: 191, FoM: 0.27613314120188803
06/05/2022 02:15:23.979 - oc_logger - INFO - New record achieved. Previous FoM: 0.2760634521447247, new best FoM : 0.27576867647520664
06/05/2022 02:15:23.980 - oc_logger - INFO - Function evaluation number: 304, SI: 1, Sub-iteration number: 192, FoM: 0.27576867647520664
06/05/2022 02:15:24.135 - oc_logger - INFO - New record achieved. Previous FoM: 0.27576867647520664, new best FoM : 0.2757058804924467
06/05/2022 02:15:24.135 - oc_logger - INFO - Function evaluation number: 305, SI: 1, Sub-iteration number: 192, FoM: 0.2757058804924467
06/05/2022 02:15:24.291 - oc_logger - INFO - Function evaluation number: 306, SI: 1, Sub-iteration number: 193, FoM: 0.27586890180929957
06/05/2022 02:15:24.439 - oc_logger - INFO - Function evaluation number: 307, SI: 1, Sub-iteration number: 194, FoM: 0.2769088075237941
06/05/2022 02:15:24.592 - oc_logger - INFO - Function evaluation number: 308, SI: 1, Sub-iteration number: 194, FoM: 0.2760275161229859
06/05/2022 02:15:24.740 - oc_logger - INFO - Function evaluation number: 309, SI: 1, Sub-iteration number: 195, FoM: 0.276234702291842
06/05/2022 02:15:24.889 - oc_logger - INFO - Function evaluation number: 310, SI: 1, Sub-iteration number: 196, FoM: 0.27595026555968916
06/05/2022 02:15:25.037 - oc_logger - INFO - New record achieved. Previous FoM: 0.2757058804924467, new best FoM : 0.2756491878138182
06/05/2022 02:15:25.038 - oc_logger - INFO - Function evaluation number: 311, SI: 1, Sub-iteration number: 197, FoM: 0.2756491878138182
06/05/2022 02:15:25.191 - oc_logger - INFO - New record achieved. Previous FoM: 0.2756491878138182, new best FoM : 0.275638343174482
06/05/2022 02:15:25.191 - oc_logger - INFO - Function evaluation number: 312, SI: 1, Sub-iteration number: 197, FoM: 0.275638343174482
06/05/2022 02:15:25.347 - oc_logger - INFO - Function evaluation number: 313, SI: 1, Sub-iteration number: 198, FoM: 0.2756637534064824
06/05/2022 02:15:25.501 - oc_logger - INFO - Function evaluation number: 314, SI: 1, Sub-iteration number: 199, FoM: 0.2758705189179881
06/05/2022 02:15:25.657 - oc_logger - INFO - Function evaluation number: 315, SI: 1, Sub-iteration number: 200, FoM: 0.2756503149175714
06/05/2022 02:15:25.810 - oc_logger - INFO - New record achieved. Previous FoM: 0.275638343174482, new best FoM : 0.27554343125648784
06/05/2022 02:15:25.810 - oc_logger - INFO - Function evaluation number: 316, SI: 1, Sub-iteration number: 201, FoM: 0.27554343125648784
06/05/2022 02:15:25.959 - oc_logger - INFO - New record achieved. Previous FoM: 0.27554343125648784, new best FoM : 0.2754832437616963
06/05/2022 02:15:25.959 - oc_logger - INFO - Function evaluation number: 317, SI: 1, Sub-iteration number: 201, FoM: 0.2754832437616963
06/05/2022 02:15:26.114 - oc_logger - INFO - New record achieved. Previous FoM: 0.2754832437616963, new best FoM : 0.27541103729258953
06/05/2022 02:15:26.114 - oc_logger - INFO - Function evaluation number: 318, SI: 1, Sub-iteration number: 202, FoM: 0.27541103729258953
06/05/2022 02:15:26.266 - oc_logger - INFO - New record achieved. Previous FoM: 0.27541103729258953, new best FoM : 0.2753339182693164
06/05/2022 02:15:26.266 - oc_logger - INFO - Function evaluation number: 319, SI: 1, Sub-iteration number: 202, FoM: 0.2753339182693164
06/05/2022 02:15:26.420 - oc_logger - INFO - New record achieved. Previous FoM: 0.2753339182693164, new best FoM : 0.27533240577277807
06/05/2022 02:15:26.420 - oc_logger - INFO - Function evaluation number: 320, SI: 1, Sub-iteration number: 203, FoM: 0.27533240577277807
06/05/2022 02:15:26.568 - oc_logger - INFO - New record achieved. Previous FoM: 0.27533240577277807, new best FoM : 0.27525584388683744
06/05/2022 02:15:26.568 - oc_logger - INFO - Function evaluation number: 321, SI: 1, Sub-iteration number: 203, FoM: 0.27525584388683744
06/05/2022 02:15:26.721 - oc_logger - INFO - Function evaluation number: 322, SI: 1, Sub-iteration number: 204, FoM: 0.2754687252180983
06/05/2022 02:15:26.873 - oc_logger - INFO - New record achieved. Previous FoM: 0.27525584388683744, new best FoM : 0.2751245304022325
06/05/2022 02:15:26.873 - oc_logger - INFO - Function evaluation number: 323, SI: 1, Sub-iteration number: 205, FoM: 0.2751245304022325
06/05/2022 02:15:27.027 - oc_logger - INFO - New record achieved. Previous FoM: 0.2751245304022325, new best FoM : 0.27505928517816536
06/05/2022 02:15:27.027 - oc_logger - INFO - Function evaluation number: 324, SI: 1, Sub-iteration number: 205, FoM: 0.27505928517816536
06/05/2022 02:15:27.182 - oc_logger - INFO - Function evaluation number: 325, SI: 1, Sub-iteration number: 206, FoM: 0.275273483787969
06/05/2022 02:15:27.332 - oc_logger - INFO - New record achieved. Previous FoM: 0.27505928517816536, new best FoM : 0.27503107061325216
06/05/2022 02:15:27.332 - oc_logger - INFO - Function evaluation number: 326, SI: 1, Sub-iteration number: 207, FoM: 0.27503107061325216
06/05/2022 02:15:27.486 - oc_logger - INFO - New record achieved. Previous FoM: 0.27503107061325216, new best FoM : 0.2749632413453885
06/05/2022 02:15:27.486 - oc_logger - INFO - Function evaluation number: 327, SI: 1, Sub-iteration number: 207, FoM: 0.2749632413453885
06/05/2022 02:15:27.641 - oc_logger - INFO - New record achieved. Previous FoM: 0.2749632413453885, new best FoM : 0.2748634886695228
06/05/2022 02:15:27.641 - oc_logger - INFO - Function evaluation number: 328, SI: 1, Sub-iteration number: 208, FoM: 0.2748634886695228
06/05/2022 02:15:27.796 - oc_logger - INFO - New record achieved. Previous FoM: 0.2748634886695228, new best FoM : 0.2748038213263756
06/05/2022 02:15:27.796 - oc_logger - INFO - Function evaluation number: 329, SI: 1, Sub-iteration number: 208, FoM: 0.2748038213263756
06/05/2022 02:15:27.945 - oc_logger - INFO - Function evaluation number: 330, SI: 1, Sub-iteration number: 209, FoM: 0.27493187603114344
06/05/2022 02:15:28.098 - oc_logger - INFO - New record achieved. Previous FoM: 0.2748038213263756, new best FoM : 0.2747401456876619
06/05/2022 02:15:28.098 - oc_logger - INFO - Function evaluation number: 331, SI: 1, Sub-iteration number: 210, FoM: 0.2747401456876619
06/05/2022 02:15:28.256 - oc_logger - INFO - New record achieved. Previous FoM: 0.2747401456876619, new best FoM : 0.2746565016012992
06/05/2022 02:15:28.256 - oc_logger - INFO - Function evaluation number: 332, SI: 1, Sub-iteration number: 210, FoM: 0.2746565016012992
06/05/2022 02:15:28.413 - oc_logger - INFO - Function evaluation number: 333, SI: 1, Sub-iteration number: 211, FoM: 0.2748829204143082
06/05/2022 02:15:28.560 - oc_logger - INFO - New record achieved. Previous FoM: 0.2746565016012992, new best FoM : 0.274604985273748
06/05/2022 02:15:28.560 - oc_logger - INFO - Function evaluation number: 334, SI: 1, Sub-iteration number: 212, FoM: 0.274604985273748
06/05/2022 02:15:28.714 - oc_logger - INFO - Function evaluation number: 335, SI: 1, Sub-iteration number: 212, FoM: 0.2746893146162136
06/05/2022 02:15:28.868 - oc_logger - INFO - Function evaluation number: 336, SI: 1, Sub-iteration number: 213, FoM: 0.2746946813541269
06/05/2022 02:15:29.023 - oc_logger - INFO - New record achieved. Previous FoM: 0.274604985273748, new best FoM : 0.27436955443151145
06/05/2022 02:15:29.023 - oc_logger - INFO - Function evaluation number: 337, SI: 1, Sub-iteration number: 214, FoM: 0.27436955443151145
06/05/2022 02:15:29.179 - oc_logger - INFO - New record achieved. Previous FoM: 0.27436955443151145, new best FoM : 0.27427757128052876
06/05/2022 02:15:29.179 - oc_logger - INFO - Function evaluation number: 338, SI: 1, Sub-iteration number: 214, FoM: 0.27427757128052876
06/05/2022 02:15:29.337 - oc_logger - INFO - Function evaluation number: 339, SI: 1, Sub-iteration number: 215, FoM: 0.27444247136308664
06/05/2022 02:15:29.514 - oc_logger - INFO - Function evaluation number: 340, SI: 1, Sub-iteration number: 216, FoM: 0.27448147169834325
06/05/2022 02:15:29.710 - oc_logger - INFO - Function evaluation number: 341, SI: 1, Sub-iteration number: 217, FoM: 0.28984363878847963
06/05/2022 02:15:29.894 - oc_logger - INFO - Function evaluation number: 342, SI: 1, Sub-iteration number: 217, FoM: 0.27478029071883114
06/05/2022 02:15:30.073 - oc_logger - INFO - Function evaluation number: 343, SI: 1, Sub-iteration number: 218, FoM: 0.2745427154495086
06/05/2022 02:15:30.247 - oc_logger - INFO - New record achieved. Previous FoM: 0.27427757128052876, new best FoM : 0.27415923262380115
06/05/2022 02:15:30.247 - oc_logger - INFO - Function evaluation number: 344, SI: 1, Sub-iteration number: 219, FoM: 0.27415923262380115
06/05/2022 02:15:30.425 - oc_logger - INFO - New record achieved. Previous FoM: 0.27415923262380115, new best FoM : 0.27410493469897645
06/05/2022 02:15:30.425 - oc_logger - INFO - Function evaluation number: 345, SI: 1, Sub-iteration number: 219, FoM: 0.27410493469897645
06/05/2022 02:15:30.608 - oc_logger - INFO - Function evaluation number: 346, SI: 1, Sub-iteration number: 220, FoM: 0.27420015882759907
06/05/2022 02:15:30.821 - oc_logger - INFO - Function evaluation number: 347, SI: 1, Sub-iteration number: 221, FoM: 0.2742181317156458
06/05/2022 02:15:31.017 - oc_logger - INFO - Function evaluation number: 348, SI: 1, Sub-iteration number: 222, FoM: 0.2742596643742422
06/05/2022 02:15:31.200 - oc_logger - INFO - Function evaluation number: 349, SI: 1, Sub-iteration number: 223, FoM: 0.2741595062830444
06/05/2022 02:15:31.396 - oc_logger - INFO - Function evaluation number: 350, SI: 1, Sub-iteration number: 224, FoM: 0.27415473727248285
06/05/2022 02:15:31.571 - oc_logger - INFO - New record achieved. Previous FoM: 0.27410493469897645, new best FoM : 0.2738734766260673
06/05/2022 02:15:31.571 - oc_logger - INFO - Function evaluation number: 351, SI: 1, Sub-iteration number: 225, FoM: 0.2738734766260673
06/05/2022 02:15:31.749 - oc_logger - INFO - Function evaluation number: 352, SI: 1, Sub-iteration number: 225, FoM: 0.2738801561945008
06/05/2022 02:15:31.915 - oc_logger - INFO - Function evaluation number: 353, SI: 1, Sub-iteration number: 226, FoM: 0.27454958300032517
06/05/2022 02:15:32.089 - oc_logger - INFO - Function evaluation number: 354, SI: 1, Sub-iteration number: 226, FoM: 0.2743085631846385
06/05/2022 02:15:32.265 - oc_logger - INFO - New record achieved. Previous FoM: 0.2738734766260673, new best FoM : 0.27382406640738
06/05/2022 02:15:32.265 - oc_logger - INFO - Function evaluation number: 355, SI: 1, Sub-iteration number: 227, FoM: 0.27382406640738
06/05/2022 02:15:32.437 - oc_logger - INFO - Function evaluation number: 356, SI: 1, Sub-iteration number: 227, FoM: 0.2738365982679972
06/05/2022 02:15:32.611 - oc_logger - INFO - New record achieved. Previous FoM: 0.27382406640738, new best FoM : 0.2737750262954647
06/05/2022 02:15:32.611 - oc_logger - INFO - Function evaluation number: 357, SI: 1, Sub-iteration number: 228, FoM: 0.2737750262954647
06/05/2022 02:15:32.788 - oc_logger - INFO - Function evaluation number: 358, SI: 1, Sub-iteration number: 228, FoM: 0.2740194572208099
06/05/2022 02:15:32.961 - oc_logger - INFO - Function evaluation number: 359, SI: 1, Sub-iteration number: 229, FoM: 0.2738829168815221
06/05/2022 02:15:33.132 - oc_logger - INFO - Function evaluation number: 360, SI: 1, Sub-iteration number: 230, FoM: 0.274398199508019
06/05/2022 02:15:33.300 - oc_logger - INFO - Function evaluation number: 361, SI: 1, Sub-iteration number: 230, FoM: 0.2740704911167763
06/05/2022 02:15:33.480 - oc_logger - INFO - Function evaluation number: 362, SI: 1, Sub-iteration number: 231, FoM: 0.2738979744337202
06/05/2022 02:15:33.663 - oc_logger - INFO - Function evaluation number: 363, SI: 1, Sub-iteration number: 232, FoM: 0.274352152294722
06/05/2022 02:15:33.895 - oc_logger - INFO - Function evaluation number: 364, SI: 1, Sub-iteration number: 232, FoM: 0.2740388515111094
06/05/2022 02:15:34.141 - oc_logger - INFO - Function evaluation number: 365, SI: 1, Sub-iteration number: 233, FoM: 0.274116360363338
06/05/2022 02:15:34.368 - oc_logger - INFO - Function evaluation number: 366, SI: 1, Sub-iteration number: 233, FoM: 0.27403157881411
06/05/2022 02:15:34.609 - oc_logger - INFO - Function evaluation number: 367, SI: 1, Sub-iteration number: 234, FoM: 0.2738062631455187
06/05/2022 02:15:34.831 - oc_logger - INFO - Function evaluation number: 368, SI: 1, Sub-iteration number: 235, FoM: 0.27377707797170914
06/05/2022 02:15:34.831 - oc_logger - INFO - SI 1 finished - Number of evaluations: 368, Best FoM: 0.2737750262954647, Terminate reason: Convergence of the FoM.

06/05/2022 02:15:34.831 - oc_logger - INFO - Direct search start time has been reset.
06/05/2022 02:15:35.041 - oc_logger - INFO - Function evaluation number: 369, SI: 2, Sub-iteration number: 0, FoM: 0.2737750262954647
06/05/2022 02:15:35.240 - oc_logger - INFO - New record achieved. Previous FoM: 0.2737750262954647, new best FoM : 0.27377356724376034
06/05/2022 02:15:35.240 - oc_logger - INFO - Function evaluation number: 370, SI: 2, Sub-iteration number: 0, FoM: 0.27377356724376034
06/05/2022 02:15:35.421 - oc_logger - INFO - New record achieved. Previous FoM: 0.27377356724376034, new best FoM : 0.2737627056760723
06/05/2022 02:15:35.422 - oc_logger - INFO - Function evaluation number: 371, SI: 2, Sub-iteration number: 0, FoM: 0.2737627056760723
06/05/2022 02:15:35.595 - oc_logger - INFO - Function evaluation number: 372, SI: 2, Sub-iteration number: 0, FoM: 0.2737663234738148
06/05/2022 02:15:35.776 - oc_logger - INFO - Function evaluation number: 373, SI: 2, Sub-iteration number: 0, FoM: 0.27377551427547653
06/05/2022 02:15:35.959 - oc_logger - INFO - Function evaluation number: 374, SI: 2, Sub-iteration number: 0, FoM: 0.2737851933063161
06/05/2022 02:15:36.124 - oc_logger - INFO - Function evaluation number: 375, SI: 2, Sub-iteration number: 0, FoM: 0.2737713547552172
06/05/2022 02:15:36.302 - oc_logger - INFO - Function evaluation number: 376, SI: 2, Sub-iteration number: 0, FoM: 0.2737671990005407
06/05/2022 02:15:36.480 - oc_logger - INFO - Function evaluation number: 377, SI: 2, Sub-iteration number: 0, FoM: 0.27377092863131114
06/05/2022 02:15:36.649 - oc_logger - INFO - Function evaluation number: 378, SI: 2, Sub-iteration number: 1, FoM: 0.27377412612861884
06/05/2022 02:15:36.649 - oc_logger - INFO - SI 2 finished - Number of evaluations: 10, Best FoM: 0.2737627056760723, Terminate reason: Convergence of the FoM.

06/05/2022 02:15:36.649 - oc_logger - INFO - Direct search start time has been reset.
06/05/2022 02:15:36.819 - oc_logger - INFO - Function evaluation number: 379, SI: 3, Sub-iteration number: 0, FoM: 0.2737627056760723
06/05/2022 02:15:37.022 - oc_logger - INFO - Function evaluation number: 380, SI: 3, Sub-iteration number: 0, FoM: 0.27376793191430326
06/05/2022 02:15:37.239 - oc_logger - INFO - New record achieved. Previous FoM: 0.2737627056760723, new best FoM : 0.2737526230772296
06/05/2022 02:15:37.239 - oc_logger - INFO - Function evaluation number: 381, SI: 3, Sub-iteration number: 0, FoM: 0.2737526230772296
06/05/2022 02:15:37.448 - oc_logger - INFO - Function evaluation number: 382, SI: 3, Sub-iteration number: 0, FoM: 0.27375993635087503
06/05/2022 02:15:37.641 - oc_logger - INFO - New record achieved. Previous FoM: 0.2737526230772296, new best FoM : 0.2737487211551354
06/05/2022 02:15:37.641 - oc_logger - INFO - Function evaluation number: 383, SI: 3, Sub-iteration number: 0, FoM: 0.2737487211551354
06/05/2022 02:15:37.832 - oc_logger - INFO - Function evaluation number: 384, SI: 3, Sub-iteration number: 0, FoM: 0.27375469958289733
06/05/2022 02:15:38.024 - oc_logger - INFO - Function evaluation number: 385, SI: 3, Sub-iteration number: 0, FoM: 0.2737525789090962
06/05/2022 02:15:38.220 - oc_logger - INFO - Function evaluation number: 386, SI: 3, Sub-iteration number: 0, FoM: 0.273751078018849
06/05/2022 02:15:38.404 - oc_logger - INFO - Function evaluation number: 387, SI: 3, Sub-iteration number: 0, FoM: 0.273762699987916
06/05/2022 02:15:38.585 - oc_logger - INFO - New record achieved. Previous FoM: 0.2737487211551354, new best FoM : 0.27374379801954285
06/05/2022 02:15:38.585 - oc_logger - INFO - Function evaluation number: 388, SI: 3, Sub-iteration number: 1, FoM: 0.27374379801954285
06/05/2022 02:15:38.755 - oc_logger - INFO - Function evaluation number: 389, SI: 3, Sub-iteration number: 1, FoM: 0.2737549982961799
06/05/2022 02:15:38.756 - oc_logger - INFO - SI 3 finished - Number of evaluations: 11, Best FoM: 0.27374379801954285, Terminate reason: Convergence of the FoM.

06/05/2022 02:15:38.756 - oc_logger - INFO - Figure of merit : 0.27374379801954285
06/05/2022 02:15:38.756 - oc_logger - INFO - Std : 0.0
06/05/2022 02:15:38.756 - oc_logger - INFO - total number of function evaluations : 389
06/05/2022 02:15:38.756 - oc_logger - INFO - dcrab_freq_list : [array([[0.59033081, 1.7268867 , 2.53160355, 4.73237653]]), array([[0.25735333, 1.92789121, 3.14593586, 4.16160022]]), array([[1.07876247, 1.68178026, 2.58239684, 4.58741375]])]
06/05/2022 02:15:38.756 - oc_logger - INFO - dcrab_para_list : [array([ 57.31295619, -32.15031116,  -6.93369121, -10.58224088,
        40.02374965, -24.22773423,   8.68013946, -22.13007893]), array([-4.01004905e-02,  3.51271904e-01, -2.70605234e-18, -5.09601072e-19,
       -4.81216384e-18, -5.84840775e-19, -3.99538639e-18,  1.42130298e-18]), array([-0.15627413,  0.05340386,  0.02250877,  0.1704706 ,  0.01324949,
        0.22327606,  0.26454247, -0.05325961])]
06/05/2022 02:15:38.756 - oc_logger - INFO - terminate_reason : Convergence of the FoM.
