06/06/2022 03:38:09.510 - oc_logger - INFO - The optimization direction is minimization
06/06/2022 03:38:09.512 - oc_logger - INFO - QuOCS version number: 0.0.22
06/06/2022 03:38:09.512 - oc_logger - INFO - Direct search start time has been reset.
06/06/2022 03:38:09.670 - oc_logger - INFO - New record achieved. Previous FoM: 10000000000.0, new best FoM : 0.8210583057097363
06/06/2022 03:38:09.671 - oc_logger - INFO - Function evaluation number: 1, SI: 1, Sub-iteration number: 0, FoM: 0.8210583057097363
06/06/2022 03:38:09.838 - oc_logger - INFO - New record achieved. Previous FoM: 0.8210583057097363, new best FoM : 0.8165944429789728
06/06/2022 03:38:09.842 - oc_logger - INFO - Function evaluation number: 2, SI: 1, Sub-iteration number: 0, FoM: 0.8165944429789728
06/06/2022 03:38:10.014 - oc_logger - INFO - Function evaluation number: 3, SI: 1, Sub-iteration number: 0, FoM: 0.8231746513365309
06/06/2022 03:38:10.169 - oc_logger - INFO - Function evaluation number: 4, SI: 1, Sub-iteration number: 0, FoM: 0.825485512279199
06/06/2022 03:38:10.320 - oc_logger - INFO - New record achieved. Previous FoM: 0.8165944429789728, new best FoM : 0.7875758843378065
06/06/2022 03:38:10.320 - oc_logger - INFO - Function evaluation number: 5, SI: 1, Sub-iteration number: 0, FoM: 0.7875758843378065
06/06/2022 03:38:10.477 - oc_logger - INFO - Function evaluation number: 6, SI: 1, Sub-iteration number: 0, FoM: 0.8108219193651686
06/06/2022 03:38:10.616 - oc_logger - INFO - Function evaluation number: 7, SI: 1, Sub-iteration number: 0, FoM: 0.813334673141716
06/06/2022 03:38:10.770 - oc_logger - INFO - Function evaluation number: 8, SI: 1, Sub-iteration number: 0, FoM: 0.7890967963567936
06/06/2022 03:38:10.923 - oc_logger - INFO - Function evaluation number: 9, SI: 1, Sub-iteration number: 0, FoM: 0.8177667376545135
06/06/2022 03:38:11.082 - oc_logger - INFO - Function evaluation number: 10, SI: 1, Sub-iteration number: 0, FoM: 0.796225241401017
06/06/2022 03:38:11.226 - oc_logger - INFO - Function evaluation number: 11, SI: 1, Sub-iteration number: 1, FoM: 0.7917889183354292
06/06/2022 03:38:11.384 - oc_logger - INFO - New record achieved. Previous FoM: 0.7875758843378065, new best FoM : 0.786948523087551
06/06/2022 03:38:11.384 - oc_logger - INFO - Function evaluation number: 12, SI: 1, Sub-iteration number: 2, FoM: 0.786948523087551
06/06/2022 03:38:11.544 - oc_logger - INFO - New record achieved. Previous FoM: 0.786948523087551, new best FoM : 0.7828517971699682
06/06/2022 03:38:11.544 - oc_logger - INFO - Function evaluation number: 13, SI: 1, Sub-iteration number: 2, FoM: 0.7828517971699682
06/06/2022 03:38:11.698 - oc_logger - INFO - New record achieved. Previous FoM: 0.7828517971699682, new best FoM : 0.7801121323426821
06/06/2022 03:38:11.699 - oc_logger - INFO - Function evaluation number: 14, SI: 1, Sub-iteration number: 3, FoM: 0.7801121323426821
06/06/2022 03:38:11.844 - oc_logger - INFO - New record achieved. Previous FoM: 0.7801121323426821, new best FoM : 0.7753773785286785
06/06/2022 03:38:11.845 - oc_logger - INFO - Function evaluation number: 15, SI: 1, Sub-iteration number: 3, FoM: 0.7753773785286785
06/06/2022 03:38:11.987 - oc_logger - INFO - New record achieved. Previous FoM: 0.7753773785286785, new best FoM : 0.7750275144137713
06/06/2022 03:38:11.987 - oc_logger - INFO - Function evaluation number: 16, SI: 1, Sub-iteration number: 4, FoM: 0.7750275144137713
06/06/2022 03:38:12.120 - oc_logger - INFO - New record achieved. Previous FoM: 0.7750275144137713, new best FoM : 0.7703466261925349
06/06/2022 03:38:12.120 - oc_logger - INFO - Function evaluation number: 17, SI: 1, Sub-iteration number: 4, FoM: 0.7703466261925349
06/06/2022 03:38:12.274 - oc_logger - INFO - New record achieved. Previous FoM: 0.7703466261925349, new best FoM : 0.7611428221974107
06/06/2022 03:38:12.275 - oc_logger - INFO - Function evaluation number: 18, SI: 1, Sub-iteration number: 5, FoM: 0.7611428221974107
06/06/2022 03:38:12.453 - oc_logger - INFO - New record achieved. Previous FoM: 0.7611428221974107, new best FoM : 0.7539645091857928
06/06/2022 03:38:12.453 - oc_logger - INFO - Function evaluation number: 19, SI: 1, Sub-iteration number: 5, FoM: 0.7539645091857928
06/06/2022 03:38:12.599 - oc_logger - INFO - New record achieved. Previous FoM: 0.7539645091857928, new best FoM : 0.753749906460183
06/06/2022 03:38:12.599 - oc_logger - INFO - Function evaluation number: 20, SI: 1, Sub-iteration number: 6, FoM: 0.753749906460183
06/06/2022 03:38:12.736 - oc_logger - INFO - New record achieved. Previous FoM: 0.753749906460183, new best FoM : 0.7466468006297549
06/06/2022 03:38:12.736 - oc_logger - INFO - Function evaluation number: 21, SI: 1, Sub-iteration number: 6, FoM: 0.7466468006297549
06/06/2022 03:38:12.882 - oc_logger - INFO - New record achieved. Previous FoM: 0.7466468006297549, new best FoM : 0.7408335081585049
06/06/2022 03:38:12.882 - oc_logger - INFO - Function evaluation number: 22, SI: 1, Sub-iteration number: 7, FoM: 0.7408335081585049
06/06/2022 03:38:13.027 - oc_logger - INFO - New record achieved. Previous FoM: 0.7408335081585049, new best FoM : 0.7323516636607992
06/06/2022 03:38:13.027 - oc_logger - INFO - Function evaluation number: 23, SI: 1, Sub-iteration number: 7, FoM: 0.7323516636607992
06/06/2022 03:38:13.173 - oc_logger - INFO - Function evaluation number: 24, SI: 1, Sub-iteration number: 8, FoM: 0.7422152156068638
06/06/2022 03:38:13.319 - oc_logger - INFO - Function evaluation number: 25, SI: 1, Sub-iteration number: 9, FoM: 0.735548243095399
06/06/2022 03:38:13.482 - oc_logger - INFO - New record achieved. Previous FoM: 0.7323516636607992, new best FoM : 0.7268508402384368
06/06/2022 03:38:13.483 - oc_logger - INFO - Function evaluation number: 26, SI: 1, Sub-iteration number: 10, FoM: 0.7268508402384368
06/06/2022 03:38:13.649 - oc_logger - INFO - New record achieved. Previous FoM: 0.7268508402384368, new best FoM : 0.7194687853295663
06/06/2022 03:38:13.649 - oc_logger - INFO - Function evaluation number: 27, SI: 1, Sub-iteration number: 10, FoM: 0.7194687853295663
06/06/2022 03:38:13.810 - oc_logger - INFO - New record achieved. Previous FoM: 0.7194687853295663, new best FoM : 0.7150893694160929
06/06/2022 03:38:13.810 - oc_logger - INFO - Function evaluation number: 28, SI: 1, Sub-iteration number: 11, FoM: 0.7150893694160929
06/06/2022 03:38:13.964 - oc_logger - INFO - New record achieved. Previous FoM: 0.7150893694160929, new best FoM : 0.7070396970109321
06/06/2022 03:38:13.964 - oc_logger - INFO - Function evaluation number: 29, SI: 1, Sub-iteration number: 11, FoM: 0.7070396970109321
06/06/2022 03:38:14.100 - oc_logger - INFO - New record achieved. Previous FoM: 0.7070396970109321, new best FoM : 0.6996763904483436
06/06/2022 03:38:14.100 - oc_logger - INFO - Function evaluation number: 30, SI: 1, Sub-iteration number: 12, FoM: 0.6996763904483436
06/06/2022 03:38:14.229 - oc_logger - INFO - New record achieved. Previous FoM: 0.6996763904483436, new best FoM : 0.6896764175440426
06/06/2022 03:38:14.229 - oc_logger - INFO - Function evaluation number: 31, SI: 1, Sub-iteration number: 12, FoM: 0.6896764175440426
06/06/2022 03:38:14.373 - oc_logger - INFO - New record achieved. Previous FoM: 0.6896764175440426, new best FoM : 0.6866187640730943
06/06/2022 03:38:14.373 - oc_logger - INFO - Function evaluation number: 32, SI: 1, Sub-iteration number: 13, FoM: 0.6866187640730943
06/06/2022 03:38:14.536 - oc_logger - INFO - New record achieved. Previous FoM: 0.6866187640730943, new best FoM : 0.675620620592465
06/06/2022 03:38:14.536 - oc_logger - INFO - Function evaluation number: 33, SI: 1, Sub-iteration number: 13, FoM: 0.675620620592465
06/06/2022 03:38:14.691 - oc_logger - INFO - New record achieved. Previous FoM: 0.675620620592465, new best FoM : 0.6668722863895263
06/06/2022 03:38:14.691 - oc_logger - INFO - Function evaluation number: 34, SI: 1, Sub-iteration number: 14, FoM: 0.6668722863895263
06/06/2022 03:38:14.841 - oc_logger - INFO - New record achieved. Previous FoM: 0.6668722863895263, new best FoM : 0.6534627701828314
06/06/2022 03:38:14.841 - oc_logger - INFO - Function evaluation number: 35, SI: 1, Sub-iteration number: 14, FoM: 0.6534627701828314
06/06/2022 03:38:15.010 - oc_logger - INFO - Function evaluation number: 36, SI: 1, Sub-iteration number: 15, FoM: 0.6686048637672601
06/06/2022 03:38:15.160 - oc_logger - INFO - Function evaluation number: 37, SI: 1, Sub-iteration number: 16, FoM: 0.6564458745417844
06/06/2022 03:38:15.308 - oc_logger - INFO - New record achieved. Previous FoM: 0.6534627701828314, new best FoM : 0.6425221329775217
06/06/2022 03:38:15.308 - oc_logger - INFO - Function evaluation number: 38, SI: 1, Sub-iteration number: 17, FoM: 0.6425221329775217
06/06/2022 03:38:15.453 - oc_logger - INFO - New record achieved. Previous FoM: 0.6425221329775217, new best FoM : 0.6308351430654342
06/06/2022 03:38:15.454 - oc_logger - INFO - Function evaluation number: 39, SI: 1, Sub-iteration number: 17, FoM: 0.6308351430654342
06/06/2022 03:38:15.592 - oc_logger - INFO - New record achieved. Previous FoM: 0.6308351430654342, new best FoM : 0.6267169132698935
06/06/2022 03:38:15.592 - oc_logger - INFO - Function evaluation number: 40, SI: 1, Sub-iteration number: 18, FoM: 0.6267169132698935
06/06/2022 03:38:15.743 - oc_logger - INFO - New record achieved. Previous FoM: 0.6267169132698935, new best FoM : 0.6142421164619317
06/06/2022 03:38:15.743 - oc_logger - INFO - Function evaluation number: 41, SI: 1, Sub-iteration number: 18, FoM: 0.6142421164619317
06/06/2022 03:38:15.868 - oc_logger - INFO - New record achieved. Previous FoM: 0.6142421164619317, new best FoM : 0.6019620175004965
06/06/2022 03:38:15.869 - oc_logger - INFO - Function evaluation number: 42, SI: 1, Sub-iteration number: 19, FoM: 0.6019620175004965
06/06/2022 03:38:16.017 - oc_logger - INFO - New record achieved. Previous FoM: 0.6019620175004965, new best FoM : 0.5867418893074088
06/06/2022 03:38:16.017 - oc_logger - INFO - Function evaluation number: 43, SI: 1, Sub-iteration number: 19, FoM: 0.5867418893074088
06/06/2022 03:38:16.162 - oc_logger - INFO - New record achieved. Previous FoM: 0.5867418893074088, new best FoM : 0.5835233001105813
06/06/2022 03:38:16.162 - oc_logger - INFO - Function evaluation number: 44, SI: 1, Sub-iteration number: 20, FoM: 0.5835233001105813
06/06/2022 03:38:16.309 - oc_logger - INFO - New record achieved. Previous FoM: 0.5835233001105813, new best FoM : 0.5672324654429298
06/06/2022 03:38:16.309 - oc_logger - INFO - Function evaluation number: 45, SI: 1, Sub-iteration number: 20, FoM: 0.5672324654429298
06/06/2022 03:38:16.454 - oc_logger - INFO - New record achieved. Previous FoM: 0.5672324654429298, new best FoM : 0.55645512152434
06/06/2022 03:38:16.454 - oc_logger - INFO - Function evaluation number: 46, SI: 1, Sub-iteration number: 21, FoM: 0.55645512152434
06/06/2022 03:38:16.596 - oc_logger - INFO - New record achieved. Previous FoM: 0.55645512152434, new best FoM : 0.536632817759181
06/06/2022 03:38:16.596 - oc_logger - INFO - Function evaluation number: 47, SI: 1, Sub-iteration number: 21, FoM: 0.536632817759181
06/06/2022 03:38:16.738 - oc_logger - INFO - Function evaluation number: 48, SI: 1, Sub-iteration number: 22, FoM: 0.5511405585974847
06/06/2022 03:38:16.881 - oc_logger - INFO - Function evaluation number: 49, SI: 1, Sub-iteration number: 23, FoM: 0.5375524443884437
06/06/2022 03:38:17.026 - oc_logger - INFO - New record achieved. Previous FoM: 0.536632817759181, new best FoM : 0.5100474588830108
06/06/2022 03:38:17.027 - oc_logger - INFO - Function evaluation number: 50, SI: 1, Sub-iteration number: 24, FoM: 0.5100474588830108
06/06/2022 03:38:17.165 - oc_logger - INFO - New record achieved. Previous FoM: 0.5100474588830108, new best FoM : 0.4906869080801495
06/06/2022 03:38:17.165 - oc_logger - INFO - Function evaluation number: 51, SI: 1, Sub-iteration number: 24, FoM: 0.4906869080801495
06/06/2022 03:38:17.310 - oc_logger - INFO - New record achieved. Previous FoM: 0.4906869080801495, new best FoM : 0.4874077170716332
06/06/2022 03:38:17.310 - oc_logger - INFO - Function evaluation number: 52, SI: 1, Sub-iteration number: 25, FoM: 0.4874077170716332
06/06/2022 03:38:17.452 - oc_logger - INFO - New record achieved. Previous FoM: 0.4874077170716332, new best FoM : 0.46726512404271625
06/06/2022 03:38:17.453 - oc_logger - INFO - Function evaluation number: 53, SI: 1, Sub-iteration number: 25, FoM: 0.46726512404271625
06/06/2022 03:38:17.593 - oc_logger - INFO - New record achieved. Previous FoM: 0.46726512404271625, new best FoM : 0.45451975202726747
06/06/2022 03:38:17.594 - oc_logger - INFO - Function evaluation number: 54, SI: 1, Sub-iteration number: 26, FoM: 0.45451975202726747
06/06/2022 03:38:17.742 - oc_logger - INFO - New record achieved. Previous FoM: 0.45451975202726747, new best FoM : 0.4325652067774538
06/06/2022 03:38:17.742 - oc_logger - INFO - Function evaluation number: 55, SI: 1, Sub-iteration number: 26, FoM: 0.4325652067774538
06/06/2022 03:38:17.888 - oc_logger - INFO - New record achieved. Previous FoM: 0.4325652067774538, new best FoM : 0.42365768586019825
06/06/2022 03:38:17.888 - oc_logger - INFO - Function evaluation number: 56, SI: 1, Sub-iteration number: 27, FoM: 0.42365768586019825
06/06/2022 03:38:18.030 - oc_logger - INFO - New record achieved. Previous FoM: 0.42365768586019825, new best FoM : 0.3985553811861724
06/06/2022 03:38:18.031 - oc_logger - INFO - Function evaluation number: 57, SI: 1, Sub-iteration number: 27, FoM: 0.3985553811861724
06/06/2022 03:38:18.171 - oc_logger - INFO - New record achieved. Previous FoM: 0.3985553811861724, new best FoM : 0.3891142187562109
06/06/2022 03:38:18.171 - oc_logger - INFO - Function evaluation number: 58, SI: 1, Sub-iteration number: 28, FoM: 0.3891142187562109
06/06/2022 03:38:18.313 - oc_logger - INFO - New record achieved. Previous FoM: 0.3891142187562109, new best FoM : 0.36127643635828566
06/06/2022 03:38:18.313 - oc_logger - INFO - Function evaluation number: 59, SI: 1, Sub-iteration number: 28, FoM: 0.36127643635828566
06/06/2022 03:38:18.447 - oc_logger - INFO - Function evaluation number: 60, SI: 1, Sub-iteration number: 29, FoM: 0.3737239451862133
06/06/2022 03:38:18.594 - oc_logger - INFO - New record achieved. Previous FoM: 0.36127643635828566, new best FoM : 0.34572764763007
06/06/2022 03:38:18.594 - oc_logger - INFO - Function evaluation number: 61, SI: 1, Sub-iteration number: 30, FoM: 0.34572764763007
06/06/2022 03:38:18.741 - oc_logger - INFO - New record achieved. Previous FoM: 0.34572764763007, new best FoM : 0.31893347596665367
06/06/2022 03:38:18.741 - oc_logger - INFO - Function evaluation number: 62, SI: 1, Sub-iteration number: 30, FoM: 0.31893347596665367
06/06/2022 03:38:18.884 - oc_logger - INFO - New record achieved. Previous FoM: 0.31893347596665367, new best FoM : 0.3116680620046882
06/06/2022 03:38:18.884 - oc_logger - INFO - Function evaluation number: 63, SI: 1, Sub-iteration number: 31, FoM: 0.3116680620046882
06/06/2022 03:38:19.028 - oc_logger - INFO - New record achieved. Previous FoM: 0.3116680620046882, new best FoM : 0.28316492810731975
06/06/2022 03:38:19.028 - oc_logger - INFO - Function evaluation number: 64, SI: 1, Sub-iteration number: 31, FoM: 0.28316492810731975
06/06/2022 03:38:19.176 - oc_logger - INFO - New record achieved. Previous FoM: 0.28316492810731975, new best FoM : 0.26515608454255557
06/06/2022 03:38:19.176 - oc_logger - INFO - Function evaluation number: 65, SI: 1, Sub-iteration number: 32, FoM: 0.26515608454255557
06/06/2022 03:38:19.314 - oc_logger - INFO - New record achieved. Previous FoM: 0.26515608454255557, new best FoM : 0.2322911963188763
06/06/2022 03:38:19.314 - oc_logger - INFO - Function evaluation number: 66, SI: 1, Sub-iteration number: 32, FoM: 0.2322911963188763
06/06/2022 03:38:19.446 - oc_logger - INFO - New record achieved. Previous FoM: 0.2322911963188763, new best FoM : 0.21568441154681173
06/06/2022 03:38:19.446 - oc_logger - INFO - Function evaluation number: 67, SI: 1, Sub-iteration number: 33, FoM: 0.21568441154681173
06/06/2022 03:38:19.591 - oc_logger - INFO - New record achieved. Previous FoM: 0.21568441154681173, new best FoM : 0.182058331568121
06/06/2022 03:38:19.591 - oc_logger - INFO - Function evaluation number: 68, SI: 1, Sub-iteration number: 33, FoM: 0.182058331568121
06/06/2022 03:38:19.737 - oc_logger - INFO - Function evaluation number: 69, SI: 1, Sub-iteration number: 34, FoM: 0.18494140299727535
06/06/2022 03:38:19.880 - oc_logger - INFO - New record achieved. Previous FoM: 0.182058331568121, new best FoM : 0.13829320987018145
06/06/2022 03:38:19.880 - oc_logger - INFO - Function evaluation number: 70, SI: 1, Sub-iteration number: 35, FoM: 0.13829320987018145
06/06/2022 03:38:20.031 - oc_logger - INFO - New record achieved. Previous FoM: 0.13829320987018145, new best FoM : 0.1002700472930681
06/06/2022 03:38:20.031 - oc_logger - INFO - Function evaluation number: 71, SI: 1, Sub-iteration number: 35, FoM: 0.1002700472930681
06/06/2022 03:38:20.180 - oc_logger - INFO - New record achieved. Previous FoM: 0.1002700472930681, new best FoM : 0.08978994102851934
06/06/2022 03:38:20.180 - oc_logger - INFO - Function evaluation number: 72, SI: 1, Sub-iteration number: 36, FoM: 0.08978994102851934
06/06/2022 03:38:20.329 - oc_logger - INFO - New record achieved. Previous FoM: 0.08978994102851934, new best FoM : 0.04861971483137484
06/06/2022 03:38:20.329 - oc_logger - INFO - Function evaluation number: 73, SI: 1, Sub-iteration number: 36, FoM: 0.04861971483137484
06/06/2022 03:38:20.482 - oc_logger - INFO - Function evaluation number: 74, SI: 1, Sub-iteration number: 37, FoM: 0.05557150221706442
06/06/2022 03:38:20.628 - oc_logger - INFO - New record achieved. Previous FoM: 0.04861971483137484, new best FoM : 0.017401179878634765
06/06/2022 03:38:20.628 - oc_logger - INFO - Function evaluation number: 75, SI: 1, Sub-iteration number: 38, FoM: 0.017401179878634765
06/06/2022 03:38:20.776 - oc_logger - INFO - Function evaluation number: 76, SI: 1, Sub-iteration number: 38, FoM: 0.021383949578569927
06/06/2022 03:38:20.923 - oc_logger - INFO - Function evaluation number: 77, SI: 1, Sub-iteration number: 39, FoM: 0.0458716438851825
06/06/2022 03:38:21.069 - oc_logger - INFO - Function evaluation number: 78, SI: 1, Sub-iteration number: 40, FoM: 0.0815503328176932
06/06/2022 03:38:21.210 - oc_logger - INFO - Function evaluation number: 79, SI: 1, Sub-iteration number: 41, FoM: 0.1270177472678764
06/06/2022 03:38:21.351 - oc_logger - INFO - Function evaluation number: 80, SI: 1, Sub-iteration number: 42, FoM: 0.1465509412538184
06/06/2022 03:38:21.494 - oc_logger - INFO - Function evaluation number: 81, SI: 1, Sub-iteration number: 43, FoM: 0.18625443567320432
06/06/2022 03:38:21.638 - oc_logger - INFO - Function evaluation number: 82, SI: 1, Sub-iteration number: 43, FoM: 0.12805941478240845
06/06/2022 03:38:21.782 - oc_logger - INFO - Function evaluation number: 83, SI: 1, Sub-iteration number: 44, FoM: 0.20254851283121633
06/06/2022 03:38:21.921 - oc_logger - INFO - Function evaluation number: 84, SI: 1, Sub-iteration number: 44, FoM: 0.12477124791750549
06/06/2022 03:38:22.063 - oc_logger - INFO - Function evaluation number: 85, SI: 1, Sub-iteration number: 45, FoM: 0.20708145743189077
06/06/2022 03:38:22.203 - oc_logger - INFO - Function evaluation number: 86, SI: 1, Sub-iteration number: 45, FoM: 0.09702172545096732
06/06/2022 03:38:22.347 - oc_logger - INFO - Function evaluation number: 87, SI: 1, Sub-iteration number: 46, FoM: 0.13288500959021232
06/06/2022 03:38:22.482 - oc_logger - INFO - Function evaluation number: 88, SI: 1, Sub-iteration number: 46, FoM: 0.08819626207445375
06/06/2022 03:38:22.632 - oc_logger - INFO - Function evaluation number: 89, SI: 1, Sub-iteration number: 47, FoM: 0.17473449718872758
06/06/2022 03:38:22.776 - oc_logger - INFO - Function evaluation number: 90, SI: 1, Sub-iteration number: 47, FoM: 0.08247645707541662
06/06/2022 03:38:22.927 - oc_logger - INFO - Function evaluation number: 91, SI: 1, Sub-iteration number: 48, FoM: 0.13009583492577792
06/06/2022 03:38:23.069 - oc_logger - INFO - Function evaluation number: 92, SI: 1, Sub-iteration number: 48, FoM: 0.08641827070717256
06/06/2022 03:38:23.209 - oc_logger - INFO - Function evaluation number: 93, SI: 1, Sub-iteration number: 49, FoM: 0.10651997861305662
06/06/2022 03:38:23.354 - oc_logger - INFO - Function evaluation number: 94, SI: 1, Sub-iteration number: 49, FoM: 0.06864406031975723
06/06/2022 03:38:23.499 - oc_logger - INFO - Function evaluation number: 95, SI: 1, Sub-iteration number: 50, FoM: 0.13584917737727198
06/06/2022 03:38:23.639 - oc_logger - INFO - Function evaluation number: 96, SI: 1, Sub-iteration number: 50, FoM: 0.0636438074905481
06/06/2022 03:38:23.784 - oc_logger - INFO - Function evaluation number: 97, SI: 1, Sub-iteration number: 51, FoM: 0.09145814582983669
06/06/2022 03:38:23.929 - oc_logger - INFO - Function evaluation number: 98, SI: 1, Sub-iteration number: 51, FoM: 0.06082483058795729
06/06/2022 03:38:24.075 - oc_logger - INFO - Function evaluation number: 99, SI: 1, Sub-iteration number: 52, FoM: 0.0962821493008641
06/06/2022 03:38:24.213 - oc_logger - INFO - Function evaluation number: 100, SI: 1, Sub-iteration number: 52, FoM: 0.05878709478802502
06/06/2022 03:38:24.350 - oc_logger - INFO - Function evaluation number: 101, SI: 1, Sub-iteration number: 53, FoM: 0.10822009654929876
06/06/2022 03:38:24.484 - oc_logger - INFO - Function evaluation number: 102, SI: 1, Sub-iteration number: 53, FoM: 0.05419420954680021
06/06/2022 03:38:24.626 - oc_logger - INFO - Function evaluation number: 103, SI: 1, Sub-iteration number: 54, FoM: 0.11749590031949786
06/06/2022 03:38:24.766 - oc_logger - INFO - Function evaluation number: 104, SI: 1, Sub-iteration number: 54, FoM: 0.05296010131066198
06/06/2022 03:38:24.913 - oc_logger - INFO - Function evaluation number: 105, SI: 1, Sub-iteration number: 55, FoM: 0.06667155495836763
06/06/2022 03:38:25.063 - oc_logger - INFO - Function evaluation number: 106, SI: 1, Sub-iteration number: 55, FoM: 0.04601129852910102
06/06/2022 03:38:25.207 - oc_logger - INFO - Function evaluation number: 107, SI: 1, Sub-iteration number: 56, FoM: 0.07405601351189417
06/06/2022 03:38:25.351 - oc_logger - INFO - Function evaluation number: 108, SI: 1, Sub-iteration number: 56, FoM: 0.043692122163346836
06/06/2022 03:38:25.498 - oc_logger - INFO - Function evaluation number: 109, SI: 1, Sub-iteration number: 57, FoM: 0.07808571204894421
06/06/2022 03:38:25.636 - oc_logger - INFO - Function evaluation number: 110, SI: 1, Sub-iteration number: 57, FoM: 0.03967754758465891
06/06/2022 03:38:25.781 - oc_logger - INFO - Function evaluation number: 111, SI: 1, Sub-iteration number: 58, FoM: 0.0807746914551204
06/06/2022 03:38:25.921 - oc_logger - INFO - Function evaluation number: 112, SI: 1, Sub-iteration number: 58, FoM: 0.037646195426284446
06/06/2022 03:38:26.066 - oc_logger - INFO - Function evaluation number: 113, SI: 1, Sub-iteration number: 59, FoM: 0.07762249508436159
06/06/2022 03:38:26.210 - oc_logger - INFO - Function evaluation number: 114, SI: 1, Sub-iteration number: 59, FoM: 0.03447102964854176
06/06/2022 03:38:26.359 - oc_logger - INFO - Function evaluation number: 115, SI: 1, Sub-iteration number: 60, FoM: 0.05039885237139219
06/06/2022 03:38:26.499 - oc_logger - INFO - Function evaluation number: 116, SI: 1, Sub-iteration number: 61, FoM: 0.07461715470519636
06/06/2022 03:38:26.638 - oc_logger - INFO - Function evaluation number: 117, SI: 1, Sub-iteration number: 61, FoM: 0.03448642385833356
06/06/2022 03:38:26.781 - oc_logger - INFO - Function evaluation number: 118, SI: 1, Sub-iteration number: 62, FoM: 0.0499939497933255
06/06/2022 03:38:26.921 - oc_logger - INFO - Function evaluation number: 119, SI: 1, Sub-iteration number: 62, FoM: 0.035042496127164036
06/06/2022 03:38:27.065 - oc_logger - INFO - Function evaluation number: 120, SI: 1, Sub-iteration number: 63, FoM: 0.05097280832157591
06/06/2022 03:38:27.212 - oc_logger - INFO - Function evaluation number: 121, SI: 1, Sub-iteration number: 63, FoM: 0.029426842887690374
06/06/2022 03:38:27.363 - oc_logger - INFO - Function evaluation number: 122, SI: 1, Sub-iteration number: 64, FoM: 0.04386799512150552
06/06/2022 03:38:27.504 - oc_logger - INFO - Function evaluation number: 123, SI: 1, Sub-iteration number: 65, FoM: 0.06691902138183603
06/06/2022 03:38:27.641 - oc_logger - INFO - Function evaluation number: 124, SI: 1, Sub-iteration number: 65, FoM: 0.02942708187831866
06/06/2022 03:38:27.787 - oc_logger - INFO - Function evaluation number: 125, SI: 1, Sub-iteration number: 66, FoM: 0.04224325963456499
06/06/2022 03:38:27.931 - oc_logger - INFO - Function evaluation number: 126, SI: 1, Sub-iteration number: 67, FoM: 0.047853654421616154
06/06/2022 03:38:28.070 - oc_logger - INFO - Function evaluation number: 127, SI: 1, Sub-iteration number: 67, FoM: 0.0302311111682676
06/06/2022 03:38:28.207 - oc_logger - INFO - Function evaluation number: 128, SI: 1, Sub-iteration number: 68, FoM: 0.046994068146364754
06/06/2022 03:38:28.355 - oc_logger - INFO - Function evaluation number: 129, SI: 1, Sub-iteration number: 68, FoM: 0.028616195735006622
06/06/2022 03:38:28.497 - oc_logger - INFO - Function evaluation number: 130, SI: 1, Sub-iteration number: 69, FoM: 0.05029160136935373
06/06/2022 03:38:28.630 - oc_logger - INFO - Function evaluation number: 131, SI: 1, Sub-iteration number: 69, FoM: 0.02598474413133589
06/06/2022 03:38:28.764 - oc_logger - INFO - Function evaluation number: 132, SI: 1, Sub-iteration number: 70, FoM: 0.05085445530702559
06/06/2022 03:38:28.911 - oc_logger - INFO - Function evaluation number: 133, SI: 1, Sub-iteration number: 70, FoM: 0.02417478666791184
06/06/2022 03:38:29.052 - oc_logger - INFO - Function evaluation number: 134, SI: 1, Sub-iteration number: 71, FoM: 0.03599765246058895
06/06/2022 03:38:29.194 - oc_logger - INFO - Function evaluation number: 135, SI: 1, Sub-iteration number: 71, FoM: 0.024389382429184092
06/06/2022 03:38:29.329 - oc_logger - INFO - Function evaluation number: 136, SI: 1, Sub-iteration number: 72, FoM: 0.03836730270086608
06/06/2022 03:38:29.470 - oc_logger - INFO - Function evaluation number: 137, SI: 1, Sub-iteration number: 72, FoM: 0.0237095870759787
06/06/2022 03:38:29.621 - oc_logger - INFO - Function evaluation number: 138, SI: 1, Sub-iteration number: 73, FoM: 0.04362546798958822
06/06/2022 03:38:29.767 - oc_logger - INFO - Function evaluation number: 139, SI: 1, Sub-iteration number: 73, FoM: 0.02224021976546997
06/06/2022 03:38:29.916 - oc_logger - INFO - Function evaluation number: 140, SI: 1, Sub-iteration number: 74, FoM: 0.032645785683001916
06/06/2022 03:38:30.056 - oc_logger - INFO - Function evaluation number: 141, SI: 1, Sub-iteration number: 74, FoM: 0.02089824082929237
06/06/2022 03:38:30.192 - oc_logger - INFO - Function evaluation number: 142, SI: 1, Sub-iteration number: 75, FoM: 0.03434749928066594
06/06/2022 03:38:30.338 - oc_logger - INFO - Function evaluation number: 143, SI: 1, Sub-iteration number: 75, FoM: 0.020088845774094644
06/06/2022 03:38:30.481 - oc_logger - INFO - Function evaluation number: 144, SI: 1, Sub-iteration number: 76, FoM: 0.029518664982375986
06/06/2022 03:38:30.626 - oc_logger - INFO - Function evaluation number: 145, SI: 1, Sub-iteration number: 76, FoM: 0.018659052034354584
06/06/2022 03:38:30.769 - oc_logger - INFO - Function evaluation number: 146, SI: 1, Sub-iteration number: 77, FoM: 0.03181981406034606
06/06/2022 03:38:30.918 - oc_logger - INFO - Function evaluation number: 147, SI: 1, Sub-iteration number: 77, FoM: 0.019397765215660057
06/06/2022 03:38:31.066 - oc_logger - INFO - Function evaluation number: 148, SI: 1, Sub-iteration number: 78, FoM: 0.03304163430123763
06/06/2022 03:38:31.210 - oc_logger - INFO - New record achieved. Previous FoM: 0.017401179878634765, new best FoM : 0.016998191517729522
06/06/2022 03:38:31.210 - oc_logger - INFO - Function evaluation number: 149, SI: 1, Sub-iteration number: 78, FoM: 0.016998191517729522
06/06/2022 03:38:31.353 - oc_logger - INFO - Function evaluation number: 150, SI: 1, Sub-iteration number: 79, FoM: 0.02708361981906382
06/06/2022 03:38:31.493 - oc_logger - INFO - New record achieved. Previous FoM: 0.016998191517729522, new best FoM : 0.016629608236540916
06/06/2022 03:38:31.493 - oc_logger - INFO - Function evaluation number: 151, SI: 1, Sub-iteration number: 79, FoM: 0.016629608236540916
06/06/2022 03:38:31.639 - oc_logger - INFO - Function evaluation number: 152, SI: 1, Sub-iteration number: 80, FoM: 0.03094153898742258
06/06/2022 03:38:31.783 - oc_logger - INFO - New record achieved. Previous FoM: 0.016629608236540916, new best FoM : 0.01575085950126487
06/06/2022 03:38:31.783 - oc_logger - INFO - Function evaluation number: 153, SI: 1, Sub-iteration number: 80, FoM: 0.01575085950126487
06/06/2022 03:38:31.933 - oc_logger - INFO - Function evaluation number: 154, SI: 1, Sub-iteration number: 81, FoM: 0.026257547661679648
06/06/2022 03:38:32.080 - oc_logger - INFO - Function evaluation number: 155, SI: 1, Sub-iteration number: 81, FoM: 0.016210928647409695
06/06/2022 03:38:32.226 - oc_logger - INFO - Function evaluation number: 156, SI: 1, Sub-iteration number: 82, FoM: 0.028141729619458378
06/06/2022 03:38:32.365 - oc_logger - INFO - New record achieved. Previous FoM: 0.01575085950126487, new best FoM : 0.014395334911833757
06/06/2022 03:38:32.365 - oc_logger - INFO - Function evaluation number: 157, SI: 1, Sub-iteration number: 82, FoM: 0.014395334911833757
06/06/2022 03:38:32.501 - oc_logger - INFO - Function evaluation number: 158, SI: 1, Sub-iteration number: 83, FoM: 0.02282397101657263
06/06/2022 03:38:32.651 - oc_logger - INFO - New record achieved. Previous FoM: 0.014395334911833757, new best FoM : 0.01435849257540922
06/06/2022 03:38:32.652 - oc_logger - INFO - Function evaluation number: 159, SI: 1, Sub-iteration number: 83, FoM: 0.01435849257540922
06/06/2022 03:38:32.803 - oc_logger - INFO - Function evaluation number: 160, SI: 1, Sub-iteration number: 84, FoM: 0.02363103914881859
06/06/2022 03:38:32.948 - oc_logger - INFO - New record achieved. Previous FoM: 0.01435849257540922, new best FoM : 0.013623983253218785
06/06/2022 03:38:32.948 - oc_logger - INFO - Function evaluation number: 161, SI: 1, Sub-iteration number: 84, FoM: 0.013623983253218785
06/06/2022 03:38:33.096 - oc_logger - INFO - Function evaluation number: 162, SI: 1, Sub-iteration number: 85, FoM: 0.023449450167010166
06/06/2022 03:38:33.243 - oc_logger - INFO - New record achieved. Previous FoM: 0.013623983253218785, new best FoM : 0.012873000795476486
06/06/2022 03:38:33.244 - oc_logger - INFO - Function evaluation number: 163, SI: 1, Sub-iteration number: 85, FoM: 0.012873000795476486
06/06/2022 03:38:33.378 - oc_logger - INFO - Function evaluation number: 164, SI: 1, Sub-iteration number: 86, FoM: 0.01816791450668398
06/06/2022 03:38:33.523 - oc_logger - INFO - Function evaluation number: 165, SI: 1, Sub-iteration number: 86, FoM: 0.01338309825904882
06/06/2022 03:38:33.663 - oc_logger - INFO - Function evaluation number: 166, SI: 1, Sub-iteration number: 87, FoM: 0.020617035107934667
06/06/2022 03:38:33.808 - oc_logger - INFO - New record achieved. Previous FoM: 0.012873000795476486, new best FoM : 0.010072371592020235
06/06/2022 03:38:33.808 - oc_logger - INFO - Function evaluation number: 167, SI: 1, Sub-iteration number: 87, FoM: 0.010072371592020235
06/06/2022 03:38:33.949 - oc_logger - INFO - Function evaluation number: 168, SI: 1, Sub-iteration number: 88, FoM: 0.027896790349452916
06/06/2022 03:38:34.091 - oc_logger - INFO - Function evaluation number: 169, SI: 1, Sub-iteration number: 88, FoM: 0.010126000712080585
06/06/2022 03:38:34.226 - oc_logger - INFO - Function evaluation number: 170, SI: 1, Sub-iteration number: 89, FoM: 0.011790690591169994
06/06/2022 03:38:34.374 - oc_logger - INFO - Function evaluation number: 171, SI: 1, Sub-iteration number: 90, FoM: 0.017439505604437966
06/06/2022 03:38:34.515 - oc_logger - INFO - Function evaluation number: 172, SI: 1, Sub-iteration number: 90, FoM: 0.011073883600008605
06/06/2022 03:38:34.662 - oc_logger - INFO - Function evaluation number: 173, SI: 1, Sub-iteration number: 91, FoM: 0.020225103857498983
06/06/2022 03:38:34.802 - oc_logger - INFO - Function evaluation number: 174, SI: 1, Sub-iteration number: 91, FoM: 0.010191001060100402
06/06/2022 03:38:34.945 - oc_logger - INFO - Function evaluation number: 175, SI: 1, Sub-iteration number: 92, FoM: 0.01929316994742103
06/06/2022 03:38:35.081 - oc_logger - INFO - New record achieved. Previous FoM: 0.010072371592020235, new best FoM : 0.009068253545245653
06/06/2022 03:38:35.081 - oc_logger - INFO - Function evaluation number: 176, SI: 1, Sub-iteration number: 92, FoM: 0.009068253545245653
06/06/2022 03:38:35.222 - oc_logger - INFO - Function evaluation number: 177, SI: 1, Sub-iteration number: 93, FoM: 0.014219798698666741
06/06/2022 03:38:35.351 - oc_logger - INFO - Function evaluation number: 178, SI: 1, Sub-iteration number: 93, FoM: 0.009786404569666729
06/06/2022 03:38:35.494 - oc_logger - INFO - Function evaluation number: 179, SI: 1, Sub-iteration number: 94, FoM: 0.019117126870202283
06/06/2022 03:38:35.634 - oc_logger - INFO - New record achieved. Previous FoM: 0.009068253545245653, new best FoM : 0.00878864627289011
06/06/2022 03:38:35.634 - oc_logger - INFO - Function evaluation number: 180, SI: 1, Sub-iteration number: 94, FoM: 0.00878864627289011
06/06/2022 03:38:35.784 - oc_logger - INFO - Function evaluation number: 181, SI: 1, Sub-iteration number: 95, FoM: 0.020767743110450043
06/06/2022 03:38:35.918 - oc_logger - INFO - New record achieved. Previous FoM: 0.00878864627289011, new best FoM : 0.008531071279169744
06/06/2022 03:38:35.918 - oc_logger - INFO - Function evaluation number: 182, SI: 1, Sub-iteration number: 95, FoM: 0.008531071279169744
06/06/2022 03:38:36.067 - oc_logger - INFO - Function evaluation number: 183, SI: 1, Sub-iteration number: 96, FoM: 0.019949910455592912
06/06/2022 03:38:36.210 - oc_logger - INFO - New record achieved. Previous FoM: 0.008531071279169744, new best FoM : 0.007904937694368064
06/06/2022 03:38:36.210 - oc_logger - INFO - Function evaluation number: 184, SI: 1, Sub-iteration number: 96, FoM: 0.007904937694368064
06/06/2022 03:38:36.356 - oc_logger - INFO - Function evaluation number: 185, SI: 1, Sub-iteration number: 97, FoM: 0.009217493528982823
06/06/2022 03:38:36.503 - oc_logger - INFO - Function evaluation number: 186, SI: 1, Sub-iteration number: 98, FoM: 0.014026431067418077
06/06/2022 03:38:36.647 - oc_logger - INFO - New record achieved. Previous FoM: 0.007904937694368064, new best FoM : 0.00724517955581927
06/06/2022 03:38:36.647 - oc_logger - INFO - Function evaluation number: 187, SI: 1, Sub-iteration number: 98, FoM: 0.00724517955581927
06/06/2022 03:38:36.794 - oc_logger - INFO - Function evaluation number: 188, SI: 1, Sub-iteration number: 99, FoM: 0.010934002032275902
06/06/2022 03:38:36.944 - oc_logger - INFO - New record achieved. Previous FoM: 0.00724517955581927, new best FoM : 0.006915987566488591
06/06/2022 03:38:36.944 - oc_logger - INFO - Function evaluation number: 189, SI: 1, Sub-iteration number: 99, FoM: 0.006915987566488591
06/06/2022 03:38:37.094 - oc_logger - INFO - Function evaluation number: 190, SI: 1, Sub-iteration number: 100, FoM: 0.011681656968759668
06/06/2022 03:38:37.242 - oc_logger - INFO - New record achieved. Previous FoM: 0.006915987566488591, new best FoM : 0.006772248877286113
06/06/2022 03:38:37.242 - oc_logger - INFO - Function evaluation number: 191, SI: 1, Sub-iteration number: 100, FoM: 0.006772248877286113
06/06/2022 03:38:37.400 - oc_logger - INFO - Function evaluation number: 192, SI: 1, Sub-iteration number: 101, FoM: 0.01008691796046457
06/06/2022 03:38:37.538 - oc_logger - INFO - New record achieved. Previous FoM: 0.006772248877286113, new best FoM : 0.006438114047776278
06/06/2022 03:38:37.538 - oc_logger - INFO - Function evaluation number: 193, SI: 1, Sub-iteration number: 101, FoM: 0.006438114047776278
06/06/2022 03:38:37.691 - oc_logger - INFO - Function evaluation number: 194, SI: 1, Sub-iteration number: 102, FoM: 0.012627427125615487
06/06/2022 03:38:37.846 - oc_logger - INFO - New record achieved. Previous FoM: 0.006438114047776278, new best FoM : 0.006321926636638442
06/06/2022 03:38:37.846 - oc_logger - INFO - Function evaluation number: 195, SI: 1, Sub-iteration number: 102, FoM: 0.006321926636638442
06/06/2022 03:38:37.991 - oc_logger - INFO - Function evaluation number: 196, SI: 1, Sub-iteration number: 103, FoM: 0.009707421933564553
06/06/2022 03:38:38.137 - oc_logger - INFO - Function evaluation number: 197, SI: 1, Sub-iteration number: 103, FoM: 0.0063360094910360765
06/06/2022 03:38:38.275 - oc_logger - INFO - Function evaluation number: 198, SI: 1, Sub-iteration number: 104, FoM: 0.011685475248732313
06/06/2022 03:38:38.417 - oc_logger - INFO - New record achieved. Previous FoM: 0.006321926636638442, new best FoM : 0.005814281050805392
06/06/2022 03:38:38.417 - oc_logger - INFO - Function evaluation number: 199, SI: 1, Sub-iteration number: 104, FoM: 0.005814281050805392
06/06/2022 03:38:38.562 - oc_logger - INFO - Function evaluation number: 200, SI: 1, Sub-iteration number: 105, FoM: 0.009341356618130403
06/06/2022 03:38:38.701 - oc_logger - INFO - Function evaluation number: 201, SI: 1, Sub-iteration number: 105, FoM: 0.006081038612347545
06/06/2022 03:38:38.838 - oc_logger - INFO - Function evaluation number: 202, SI: 1, Sub-iteration number: 106, FoM: 0.010078719670733927
06/06/2022 03:38:38.972 - oc_logger - INFO - Function evaluation number: 203, SI: 1, Sub-iteration number: 106, FoM: 0.0058537793813944194
06/06/2022 03:38:39.096 - oc_logger - INFO - Function evaluation number: 204, SI: 1, Sub-iteration number: 107, FoM: 0.009303599500477655
06/06/2022 03:38:39.245 - oc_logger - INFO - New record achieved. Previous FoM: 0.005814281050805392, new best FoM : 0.005290915535302032
06/06/2022 03:38:39.245 - oc_logger - INFO - Function evaluation number: 205, SI: 1, Sub-iteration number: 107, FoM: 0.005290915535302032
06/06/2022 03:38:39.396 - oc_logger - INFO - Function evaluation number: 206, SI: 1, Sub-iteration number: 108, FoM: 0.00902826340028351
06/06/2022 03:38:39.539 - oc_logger - INFO - New record achieved. Previous FoM: 0.005290915535302032, new best FoM : 0.0047614835116056575
06/06/2022 03:38:39.539 - oc_logger - INFO - Function evaluation number: 207, SI: 1, Sub-iteration number: 108, FoM: 0.0047614835116056575
06/06/2022 03:38:39.688 - oc_logger - INFO - Function evaluation number: 208, SI: 1, Sub-iteration number: 109, FoM: 0.007651292762316686
06/06/2022 03:38:39.825 - oc_logger - INFO - New record achieved. Previous FoM: 0.0047614835116056575, new best FoM : 0.004670103027512917
06/06/2022 03:38:39.826 - oc_logger - INFO - Function evaluation number: 209, SI: 1, Sub-iteration number: 109, FoM: 0.004670103027512917
06/06/2022 03:38:39.959 - oc_logger - INFO - Function evaluation number: 210, SI: 1, Sub-iteration number: 110, FoM: 0.008018700291975156
06/06/2022 03:38:40.103 - oc_logger - INFO - New record achieved. Previous FoM: 0.004670103027512917, new best FoM : 0.0045034851948937416
06/06/2022 03:38:40.103 - oc_logger - INFO - Function evaluation number: 211, SI: 1, Sub-iteration number: 110, FoM: 0.0045034851948937416
06/06/2022 03:38:40.246 - oc_logger - INFO - Function evaluation number: 212, SI: 1, Sub-iteration number: 111, FoM: 0.00709391247334934
06/06/2022 03:38:40.387 - oc_logger - INFO - New record achieved. Previous FoM: 0.0045034851948937416, new best FoM : 0.004122487184105461
06/06/2022 03:38:40.387 - oc_logger - INFO - Function evaluation number: 213, SI: 1, Sub-iteration number: 111, FoM: 0.004122487184105461
06/06/2022 03:38:40.542 - oc_logger - INFO - Function evaluation number: 214, SI: 1, Sub-iteration number: 112, FoM: 0.007019983313966582
06/06/2022 03:38:40.698 - oc_logger - INFO - Function evaluation number: 215, SI: 1, Sub-iteration number: 112, FoM: 0.004301081311405941
06/06/2022 03:38:40.844 - oc_logger - INFO - Function evaluation number: 216, SI: 1, Sub-iteration number: 113, FoM: 0.007951469094344077
06/06/2022 03:38:40.992 - oc_logger - INFO - Function evaluation number: 217, SI: 1, Sub-iteration number: 113, FoM: 0.004124960105553521
06/06/2022 03:38:41.135 - oc_logger - INFO - Function evaluation number: 218, SI: 1, Sub-iteration number: 114, FoM: 0.006766558740950224
06/06/2022 03:38:41.280 - oc_logger - INFO - Function evaluation number: 219, SI: 1, Sub-iteration number: 114, FoM: 0.004144958329186821
06/06/2022 03:38:41.435 - oc_logger - INFO - Function evaluation number: 220, SI: 1, Sub-iteration number: 115, FoM: 0.007138612024669699
06/06/2022 03:38:41.578 - oc_logger - INFO - New record achieved. Previous FoM: 0.004122487184105461, new best FoM : 0.0039461661256372516
06/06/2022 03:38:41.578 - oc_logger - INFO - Function evaluation number: 221, SI: 1, Sub-iteration number: 115, FoM: 0.0039461661256372516
06/06/2022 03:38:41.719 - oc_logger - INFO - Function evaluation number: 222, SI: 1, Sub-iteration number: 116, FoM: 0.006861730934693666
06/06/2022 03:38:41.862 - oc_logger - INFO - New record achieved. Previous FoM: 0.0039461661256372516, new best FoM : 0.0038427539789921417
06/06/2022 03:38:41.862 - oc_logger - INFO - Function evaluation number: 223, SI: 1, Sub-iteration number: 116, FoM: 0.0038427539789921417
06/06/2022 03:38:42.004 - oc_logger - INFO - Function evaluation number: 224, SI: 1, Sub-iteration number: 117, FoM: 0.0061596051318186795
06/06/2022 03:38:42.146 - oc_logger - INFO - New record achieved. Previous FoM: 0.0038427539789921417, new best FoM : 0.0035482112871472182
06/06/2022 03:38:42.146 - oc_logger - INFO - Function evaluation number: 225, SI: 1, Sub-iteration number: 117, FoM: 0.0035482112871472182
06/06/2022 03:38:42.290 - oc_logger - INFO - Function evaluation number: 226, SI: 1, Sub-iteration number: 118, FoM: 0.005877511256012213
06/06/2022 03:38:42.436 - oc_logger - INFO - New record achieved. Previous FoM: 0.0035482112871472182, new best FoM : 0.003137176790556806
06/06/2022 03:38:42.437 - oc_logger - INFO - Function evaluation number: 227, SI: 1, Sub-iteration number: 118, FoM: 0.003137176790556806
06/06/2022 03:38:42.584 - oc_logger - INFO - Function evaluation number: 228, SI: 1, Sub-iteration number: 119, FoM: 0.005256517113691572
06/06/2022 03:38:42.725 - oc_logger - INFO - Function evaluation number: 229, SI: 1, Sub-iteration number: 119, FoM: 0.003144872561118617
06/06/2022 03:38:42.863 - oc_logger - INFO - Function evaluation number: 230, SI: 1, Sub-iteration number: 120, FoM: 0.005411363984635598
06/06/2022 03:38:43.005 - oc_logger - INFO - New record achieved. Previous FoM: 0.003137176790556806, new best FoM : 0.002985055264711489
06/06/2022 03:38:43.006 - oc_logger - INFO - Function evaluation number: 231, SI: 1, Sub-iteration number: 120, FoM: 0.002985055264711489
06/06/2022 03:38:43.145 - oc_logger - INFO - Function evaluation number: 232, SI: 1, Sub-iteration number: 121, FoM: 0.0050144154422538945
06/06/2022 03:38:43.286 - oc_logger - INFO - New record achieved. Previous FoM: 0.002985055264711489, new best FoM : 0.0028818843913378522
06/06/2022 03:38:43.286 - oc_logger - INFO - Function evaluation number: 233, SI: 1, Sub-iteration number: 121, FoM: 0.0028818843913378522
06/06/2022 03:38:43.433 - oc_logger - INFO - Function evaluation number: 234, SI: 1, Sub-iteration number: 122, FoM: 0.005189083610363632
06/06/2022 03:38:43.575 - oc_logger - INFO - New record achieved. Previous FoM: 0.0028818843913378522, new best FoM : 0.0027345457787459893
06/06/2022 03:38:43.575 - oc_logger - INFO - Function evaluation number: 235, SI: 1, Sub-iteration number: 122, FoM: 0.0027345457787459893
06/06/2022 03:38:43.719 - oc_logger - INFO - Function evaluation number: 236, SI: 1, Sub-iteration number: 123, FoM: 0.004648932661578398
06/06/2022 03:38:43.861 - oc_logger - INFO - Function evaluation number: 237, SI: 1, Sub-iteration number: 123, FoM: 0.0027799583760070856
06/06/2022 03:38:44.001 - oc_logger - INFO - Function evaluation number: 238, SI: 1, Sub-iteration number: 124, FoM: 0.004503185507698015
06/06/2022 03:38:44.145 - oc_logger - INFO - New record achieved. Previous FoM: 0.0027345457787459893, new best FoM : 0.002696569725923914
06/06/2022 03:38:44.145 - oc_logger - INFO - Function evaluation number: 239, SI: 1, Sub-iteration number: 124, FoM: 0.002696569725923914
06/06/2022 03:38:44.290 - oc_logger - INFO - Function evaluation number: 240, SI: 1, Sub-iteration number: 125, FoM: 0.004746480870634118
06/06/2022 03:38:44.435 - oc_logger - INFO - New record achieved. Previous FoM: 0.002696569725923914, new best FoM : 0.002651927976585311
06/06/2022 03:38:44.435 - oc_logger - INFO - Function evaluation number: 241, SI: 1, Sub-iteration number: 125, FoM: 0.002651927976585311
06/06/2022 03:38:44.580 - oc_logger - INFO - Function evaluation number: 242, SI: 1, Sub-iteration number: 126, FoM: 0.004553650967173972
06/06/2022 03:38:44.725 - oc_logger - INFO - New record achieved. Previous FoM: 0.002651927976585311, new best FoM : 0.0025438508676325355
06/06/2022 03:38:44.725 - oc_logger - INFO - Function evaluation number: 243, SI: 1, Sub-iteration number: 126, FoM: 0.0025438508676325355
06/06/2022 03:38:44.861 - oc_logger - INFO - Function evaluation number: 244, SI: 1, Sub-iteration number: 127, FoM: 0.004139025422143949
06/06/2022 03:38:45.015 - oc_logger - INFO - New record achieved. Previous FoM: 0.0025438508676325355, new best FoM : 0.0023769178888284337
06/06/2022 03:38:45.015 - oc_logger - INFO - Function evaluation number: 245, SI: 1, Sub-iteration number: 127, FoM: 0.0023769178888284337
06/06/2022 03:38:45.162 - oc_logger - INFO - Function evaluation number: 246, SI: 1, Sub-iteration number: 128, FoM: 0.0037775413079625952
06/06/2022 03:38:45.300 - oc_logger - INFO - New record achieved. Previous FoM: 0.0023769178888284337, new best FoM : 0.0020834593230355525
06/06/2022 03:38:45.300 - oc_logger - INFO - Function evaluation number: 247, SI: 1, Sub-iteration number: 128, FoM: 0.0020834593230355525
06/06/2022 03:38:45.439 - oc_logger - INFO - Function evaluation number: 248, SI: 1, Sub-iteration number: 129, FoM: 0.0036517270972834526
06/06/2022 03:38:45.580 - oc_logger - INFO - Function evaluation number: 249, SI: 1, Sub-iteration number: 129, FoM: 0.002100593783322502
06/06/2022 03:38:45.717 - oc_logger - INFO - Function evaluation number: 250, SI: 1, Sub-iteration number: 130, FoM: 0.0035963019349947167
06/06/2022 03:38:45.858 - oc_logger - INFO - New record achieved. Previous FoM: 0.0020834593230355525, new best FoM : 0.001977972257762639
06/06/2022 03:38:45.858 - oc_logger - INFO - Function evaluation number: 251, SI: 1, Sub-iteration number: 130, FoM: 0.001977972257762639
06/06/2022 03:38:45.988 - oc_logger - INFO - Function evaluation number: 252, SI: 1, Sub-iteration number: 131, FoM: 0.0033512775513911963
06/06/2022 03:38:46.135 - oc_logger - INFO - New record achieved. Previous FoM: 0.001977972257762639, new best FoM : 0.0019312845345562657
06/06/2022 03:38:46.135 - oc_logger - INFO - Function evaluation number: 253, SI: 1, Sub-iteration number: 131, FoM: 0.0019312845345562657
06/06/2022 03:38:46.283 - oc_logger - INFO - Function evaluation number: 254, SI: 1, Sub-iteration number: 132, FoM: 0.0033536197170409565
06/06/2022 03:38:46.423 - oc_logger - INFO - New record achieved. Previous FoM: 0.0019312845345562657, new best FoM : 0.001840368008068638
06/06/2022 03:38:46.423 - oc_logger - INFO - Function evaluation number: 255, SI: 1, Sub-iteration number: 132, FoM: 0.001840368008068638
06/06/2022 03:38:46.564 - oc_logger - INFO - Function evaluation number: 256, SI: 1, Sub-iteration number: 133, FoM: 0.0031941406450486376
06/06/2022 03:38:46.705 - oc_logger - INFO - New record achieved. Previous FoM: 0.001840368008068638, new best FoM : 0.0018350921357357386
06/06/2022 03:38:46.705 - oc_logger - INFO - Function evaluation number: 257, SI: 1, Sub-iteration number: 133, FoM: 0.0018350921357357386
06/06/2022 03:38:46.846 - oc_logger - INFO - Function evaluation number: 258, SI: 1, Sub-iteration number: 134, FoM: 0.0030645421924280214
06/06/2022 03:38:46.986 - oc_logger - INFO - New record achieved. Previous FoM: 0.0018350921357357386, new best FoM : 0.001768199919936153
06/06/2022 03:38:46.986 - oc_logger - INFO - Function evaluation number: 259, SI: 1, Sub-iteration number: 134, FoM: 0.001768199919936153
06/06/2022 03:38:47.118 - oc_logger - INFO - Function evaluation number: 260, SI: 1, Sub-iteration number: 135, FoM: 0.0031334740211680367
06/06/2022 03:38:47.264 - oc_logger - INFO - Function evaluation number: 261, SI: 1, Sub-iteration number: 135, FoM: 0.0017828136979565201
06/06/2022 03:38:47.406 - oc_logger - INFO - Function evaluation number: 262, SI: 1, Sub-iteration number: 136, FoM: 0.003051844079992927
06/06/2022 03:38:47.545 - oc_logger - INFO - New record achieved. Previous FoM: 0.001768199919936153, new best FoM : 0.0016815153176373832
06/06/2022 03:38:47.545 - oc_logger - INFO - Function evaluation number: 263, SI: 1, Sub-iteration number: 136, FoM: 0.0016815153176373832
06/06/2022 03:38:47.682 - oc_logger - INFO - Function evaluation number: 264, SI: 1, Sub-iteration number: 137, FoM: 0.0027469012491516676
06/06/2022 03:38:47.830 - oc_logger - INFO - New record achieved. Previous FoM: 0.0016815153176373832, new best FoM : 0.0015955886218534943
06/06/2022 03:38:47.830 - oc_logger - INFO - Function evaluation number: 265, SI: 1, Sub-iteration number: 137, FoM: 0.0015955886218534943
06/06/2022 03:38:47.974 - oc_logger - INFO - Function evaluation number: 266, SI: 1, Sub-iteration number: 138, FoM: 0.002577824992037292
06/06/2022 03:38:48.117 - oc_logger - INFO - New record achieved. Previous FoM: 0.0015955886218534943, new best FoM : 0.0013860686905959874
06/06/2022 03:38:48.117 - oc_logger - INFO - Function evaluation number: 267, SI: 1, Sub-iteration number: 138, FoM: 0.0013860686905959874
06/06/2022 03:38:48.262 - oc_logger - INFO - Function evaluation number: 268, SI: 1, Sub-iteration number: 139, FoM: 0.0023706937458432
06/06/2022 03:38:48.404 - oc_logger - INFO - Function evaluation number: 269, SI: 1, Sub-iteration number: 139, FoM: 0.0014012048491846008
06/06/2022 03:38:48.545 - oc_logger - INFO - Function evaluation number: 270, SI: 1, Sub-iteration number: 140, FoM: 0.0023975913897915646
06/06/2022 03:38:48.685 - oc_logger - INFO - New record achieved. Previous FoM: 0.0013860686905959874, new best FoM : 0.0013087983602889652
06/06/2022 03:38:48.685 - oc_logger - INFO - Function evaluation number: 271, SI: 1, Sub-iteration number: 140, FoM: 0.0013087983602889652
06/06/2022 03:38:48.815 - oc_logger - INFO - Function evaluation number: 272, SI: 1, Sub-iteration number: 141, FoM: 0.002231863963513492
06/06/2022 03:38:48.963 - oc_logger - INFO - New record achieved. Previous FoM: 0.0013087983602889652, new best FoM : 0.001295945443821056
06/06/2022 03:38:48.963 - oc_logger - INFO - Function evaluation number: 273, SI: 1, Sub-iteration number: 141, FoM: 0.001295945443821056
06/06/2022 03:38:49.105 - oc_logger - INFO - Function evaluation number: 274, SI: 1, Sub-iteration number: 142, FoM: 0.0022345522807041274
06/06/2022 03:38:49.247 - oc_logger - INFO - New record achieved. Previous FoM: 0.001295945443821056, new best FoM : 0.0012166320467057457
06/06/2022 03:38:49.247 - oc_logger - INFO - Function evaluation number: 275, SI: 1, Sub-iteration number: 142, FoM: 0.0012166320467057457
06/06/2022 03:38:49.395 - oc_logger - INFO - Function evaluation number: 276, SI: 1, Sub-iteration number: 143, FoM: 0.0021257098224007898
06/06/2022 03:38:49.542 - oc_logger - INFO - Function evaluation number: 277, SI: 1, Sub-iteration number: 143, FoM: 0.0012326591592259906
06/06/2022 03:38:49.691 - oc_logger - INFO - Function evaluation number: 278, SI: 1, Sub-iteration number: 144, FoM: 0.0022114882481154563
06/06/2022 03:38:49.835 - oc_logger - INFO - New record achieved. Previous FoM: 0.0012166320467057457, new best FoM : 0.00117885811573748
06/06/2022 03:38:49.835 - oc_logger - INFO - Function evaluation number: 279, SI: 1, Sub-iteration number: 144, FoM: 0.00117885811573748
06/06/2022 03:38:49.977 - oc_logger - INFO - Function evaluation number: 280, SI: 1, Sub-iteration number: 145, FoM: 0.0019278237126032494
06/06/2022 03:38:50.124 - oc_logger - INFO - Function evaluation number: 281, SI: 1, Sub-iteration number: 145, FoM: 0.0011818858061768411
06/06/2022 03:38:50.279 - oc_logger - INFO - Function evaluation number: 282, SI: 1, Sub-iteration number: 146, FoM: 0.002025301011159275
06/06/2022 03:38:50.422 - oc_logger - INFO - New record achieved. Previous FoM: 0.00117885811573748, new best FoM : 0.001111770469067186
06/06/2022 03:38:50.423 - oc_logger - INFO - Function evaluation number: 283, SI: 1, Sub-iteration number: 146, FoM: 0.001111770469067186
06/06/2022 03:38:50.570 - oc_logger - INFO - Function evaluation number: 284, SI: 1, Sub-iteration number: 147, FoM: 0.0018424979568950617
06/06/2022 03:38:50.715 - oc_logger - INFO - New record achieved. Previous FoM: 0.001111770469067186, new best FoM : 0.0010710190756297866
06/06/2022 03:38:50.716 - oc_logger - INFO - Function evaluation number: 285, SI: 1, Sub-iteration number: 147, FoM: 0.0010710190756297866
06/06/2022 03:38:50.857 - oc_logger - INFO - Function evaluation number: 286, SI: 1, Sub-iteration number: 148, FoM: 0.0017031986168081215
06/06/2022 03:38:51.014 - oc_logger - INFO - New record achieved. Previous FoM: 0.0010710190756297866, new best FoM : 0.0009261486489214876
06/06/2022 03:38:51.014 - oc_logger - INFO - Function evaluation number: 287, SI: 1, Sub-iteration number: 148, FoM: 0.0009261486489214876
06/06/2022 03:38:51.162 - oc_logger - INFO - Function evaluation number: 288, SI: 1, Sub-iteration number: 149, FoM: 0.0015953297650287412
06/06/2022 03:38:51.308 - oc_logger - INFO - Function evaluation number: 289, SI: 1, Sub-iteration number: 149, FoM: 0.0009307089686076964
06/06/2022 03:38:51.453 - oc_logger - INFO - Function evaluation number: 290, SI: 1, Sub-iteration number: 150, FoM: 0.0015964807849602192
06/06/2022 03:38:51.598 - oc_logger - INFO - New record achieved. Previous FoM: 0.0009261486489214876, new best FoM : 0.0008646407867732853
06/06/2022 03:38:51.598 - oc_logger - INFO - Function evaluation number: 291, SI: 1, Sub-iteration number: 150, FoM: 0.0008646407867732853
06/06/2022 03:38:51.735 - oc_logger - INFO - Function evaluation number: 292, SI: 1, Sub-iteration number: 151, FoM: 0.001488448098326156
06/06/2022 03:38:51.879 - oc_logger - INFO - Function evaluation number: 293, SI: 1, Sub-iteration number: 151, FoM: 0.000870847134638586
06/06/2022 03:38:52.021 - oc_logger - INFO - Function evaluation number: 294, SI: 1, Sub-iteration number: 152, FoM: 0.0015095266680140718
06/06/2022 03:38:52.168 - oc_logger - INFO - New record achieved. Previous FoM: 0.0008646407867732853, new best FoM : 0.0008149281226808025
06/06/2022 03:38:52.168 - oc_logger - INFO - Function evaluation number: 295, SI: 1, Sub-iteration number: 152, FoM: 0.0008149281226808025
06/06/2022 03:38:52.317 - oc_logger - INFO - Function evaluation number: 296, SI: 1, Sub-iteration number: 153, FoM: 0.0013940601017892185
06/06/2022 03:38:52.496 - oc_logger - INFO - Function evaluation number: 297, SI: 1, Sub-iteration number: 153, FoM: 0.0008172882916780422
06/06/2022 03:38:52.695 - oc_logger - INFO - Function evaluation number: 298, SI: 1, Sub-iteration number: 154, FoM: 0.0014019900110686656
06/06/2022 03:38:52.831 - oc_logger - INFO - New record achieved. Previous FoM: 0.0008149281226808025, new best FoM : 0.0007776416877223191
06/06/2022 03:38:52.831 - oc_logger - INFO - Function evaluation number: 299, SI: 1, Sub-iteration number: 154, FoM: 0.0007776416877223191
06/06/2022 03:38:52.992 - oc_logger - INFO - Function evaluation number: 300, SI: 1, Sub-iteration number: 155, FoM: 0.0013672804101536595
06/06/2022 03:38:53.150 - oc_logger - INFO - Function evaluation number: 301, SI: 1, Sub-iteration number: 155, FoM: 0.0007927319520875109
06/06/2022 03:38:53.311 - oc_logger - INFO - Function evaluation number: 302, SI: 1, Sub-iteration number: 156, FoM: 0.0013514451842833175
06/06/2022 03:38:53.459 - oc_logger - INFO - New record achieved. Previous FoM: 0.0007776416877223191, new best FoM : 0.0007338633990650045
06/06/2022 03:38:53.459 - oc_logger - INFO - Function evaluation number: 303, SI: 1, Sub-iteration number: 156, FoM: 0.0007338633990650045
06/06/2022 03:38:53.607 - oc_logger - INFO - Function evaluation number: 304, SI: 1, Sub-iteration number: 157, FoM: 0.0012274055776525516
06/06/2022 03:38:53.750 - oc_logger - INFO - New record achieved. Previous FoM: 0.0007338633990650045, new best FoM : 0.0007201977511754887
06/06/2022 03:38:53.750 - oc_logger - INFO - Function evaluation number: 305, SI: 1, Sub-iteration number: 157, FoM: 0.0007201977511754887
06/06/2022 03:38:53.891 - oc_logger - INFO - Function evaluation number: 306, SI: 1, Sub-iteration number: 158, FoM: 0.0011327707534404263
06/06/2022 03:38:54.035 - oc_logger - INFO - New record achieved. Previous FoM: 0.0007201977511754887, new best FoM : 0.0006155063232409219
06/06/2022 03:38:54.035 - oc_logger - INFO - Function evaluation number: 307, SI: 1, Sub-iteration number: 158, FoM: 0.0006155063232409219
06/06/2022 03:38:54.179 - oc_logger - INFO - Function evaluation number: 308, SI: 1, Sub-iteration number: 159, FoM: 0.0010653617002081006
06/06/2022 03:38:54.325 - oc_logger - INFO - Function evaluation number: 309, SI: 1, Sub-iteration number: 159, FoM: 0.0006215320667877222
06/06/2022 03:38:54.472 - oc_logger - INFO - Function evaluation number: 310, SI: 1, Sub-iteration number: 160, FoM: 0.0010623107021313638
06/06/2022 03:38:54.618 - oc_logger - INFO - New record achieved. Previous FoM: 0.0006155063232409219, new best FoM : 0.0005756183662988246
06/06/2022 03:38:54.618 - oc_logger - INFO - Function evaluation number: 311, SI: 1, Sub-iteration number: 160, FoM: 0.0005756183662988246
06/06/2022 03:38:54.765 - oc_logger - INFO - Function evaluation number: 312, SI: 1, Sub-iteration number: 161, FoM: 0.0009931215097083168
06/06/2022 03:38:54.905 - oc_logger - INFO - Function evaluation number: 313, SI: 1, Sub-iteration number: 161, FoM: 0.0005806801395072947
06/06/2022 03:38:55.053 - oc_logger - INFO - Function evaluation number: 314, SI: 1, Sub-iteration number: 162, FoM: 0.000997781466471892
06/06/2022 03:38:55.188 - oc_logger - INFO - New record achieved. Previous FoM: 0.0005756183662988246, new best FoM : 0.0005397230663538588
06/06/2022 03:38:55.188 - oc_logger - INFO - Function evaluation number: 315, SI: 1, Sub-iteration number: 162, FoM: 0.0005397230663538588
06/06/2022 03:38:55.329 - oc_logger - INFO - Function evaluation number: 316, SI: 1, Sub-iteration number: 163, FoM: 0.0009364660823372173
06/06/2022 03:38:55.477 - oc_logger - INFO - Function evaluation number: 317, SI: 1, Sub-iteration number: 163, FoM: 0.0005478395914959577
06/06/2022 03:38:55.614 - oc_logger - INFO - Function evaluation number: 318, SI: 1, Sub-iteration number: 164, FoM: 0.0009719111111333723
06/06/2022 03:38:55.762 - oc_logger - INFO - New record achieved. Previous FoM: 0.0005397230663538588, new best FoM : 0.000524354706356922
06/06/2022 03:38:55.762 - oc_logger - INFO - Function evaluation number: 319, SI: 1, Sub-iteration number: 164, FoM: 0.000524354706356922
06/06/2022 03:38:55.906 - oc_logger - INFO - Function evaluation number: 320, SI: 1, Sub-iteration number: 165, FoM: 0.0008746537311401514
06/06/2022 03:38:56.049 - oc_logger - INFO - New record achieved. Previous FoM: 0.000524354706356922, new best FoM : 0.0005209531843245463
06/06/2022 03:38:56.049 - oc_logger - INFO - Function evaluation number: 321, SI: 1, Sub-iteration number: 165, FoM: 0.0005209531843245463
06/06/2022 03:38:56.197 - oc_logger - INFO - Function evaluation number: 322, SI: 1, Sub-iteration number: 166, FoM: 0.0008923266184834855
06/06/2022 03:38:56.335 - oc_logger - INFO - New record achieved. Previous FoM: 0.0005209531843245463, new best FoM : 0.0004846896437660231
06/06/2022 03:38:56.335 - oc_logger - INFO - Function evaluation number: 323, SI: 1, Sub-iteration number: 166, FoM: 0.0004846896437660231
06/06/2022 03:38:56.483 - oc_logger - INFO - Function evaluation number: 324, SI: 1, Sub-iteration number: 167, FoM: 0.0008271870992219155
06/06/2022 03:38:56.619 - oc_logger - INFO - New record achieved. Previous FoM: 0.0004846896437660231, new best FoM : 0.00048394456637335104
06/06/2022 03:38:56.619 - oc_logger - INFO - Function evaluation number: 325, SI: 1, Sub-iteration number: 167, FoM: 0.00048394456637335104
06/06/2022 03:38:56.620 - oc_logger - INFO - SI 1 finished - Number of evaluations: 325, Best FoM: 0.00048394456637335104, Terminate reason: Convergence of the simplex.

06/06/2022 03:38:56.621 - oc_logger - INFO - Direct search start time has been reset.
06/06/2022 03:38:56.780 - oc_logger - INFO - Function evaluation number: 326, SI: 2, Sub-iteration number: 0, FoM: 0.00048394456637335104
06/06/2022 03:38:56.924 - oc_logger - INFO - Function evaluation number: 327, SI: 2, Sub-iteration number: 0, FoM: 0.010161758533826837
06/06/2022 03:38:57.086 - oc_logger - INFO - Function evaluation number: 328, SI: 2, Sub-iteration number: 0, FoM: 0.07069446785585931
06/06/2022 03:38:57.253 - oc_logger - INFO - Function evaluation number: 329, SI: 2, Sub-iteration number: 0, FoM: 0.023541329427943403
06/06/2022 03:38:57.421 - oc_logger - INFO - Function evaluation number: 330, SI: 2, Sub-iteration number: 0, FoM: 0.048100969355241
06/06/2022 03:38:57.584 - oc_logger - INFO - Function evaluation number: 331, SI: 2, Sub-iteration number: 0, FoM: 0.008682774707323704
06/06/2022 03:38:57.742 - oc_logger - INFO - Function evaluation number: 332, SI: 2, Sub-iteration number: 0, FoM: 0.0258187398424512
06/06/2022 03:38:57.890 - oc_logger - INFO - Function evaluation number: 333, SI: 2, Sub-iteration number: 0, FoM: 0.04906506445798331
06/06/2022 03:38:58.036 - oc_logger - INFO - Function evaluation number: 334, SI: 2, Sub-iteration number: 0, FoM: 0.01962570153101506
06/06/2022 03:38:58.199 - oc_logger - INFO - Function evaluation number: 335, SI: 2, Sub-iteration number: 0, FoM: 0.006185534661571124
06/06/2022 03:38:58.371 - oc_logger - INFO - Function evaluation number: 336, SI: 2, Sub-iteration number: 1, FoM: 0.10059789131467678
06/06/2022 03:38:58.537 - oc_logger - INFO - Function evaluation number: 337, SI: 2, Sub-iteration number: 1, FoM: 0.044854649523538126
06/06/2022 03:38:58.705 - oc_logger - INFO - Function evaluation number: 338, SI: 2, Sub-iteration number: 2, FoM: 0.042470876987563244
06/06/2022 03:38:58.850 - oc_logger - INFO - Function evaluation number: 339, SI: 2, Sub-iteration number: 3, FoM: 0.06013851331307385
06/06/2022 03:38:58.993 - oc_logger - INFO - Function evaluation number: 340, SI: 2, Sub-iteration number: 3, FoM: 0.03153955566657207
06/06/2022 03:38:59.145 - oc_logger - INFO - Function evaluation number: 341, SI: 2, Sub-iteration number: 4, FoM: 0.049703876549135106
06/06/2022 03:38:59.293 - oc_logger - INFO - Function evaluation number: 342, SI: 2, Sub-iteration number: 4, FoM: 0.030433613519350478
06/06/2022 03:38:59.434 - oc_logger - INFO - Function evaluation number: 343, SI: 2, Sub-iteration number: 5, FoM: 0.048671070595103005
06/06/2022 03:38:59.568 - oc_logger - INFO - Function evaluation number: 344, SI: 2, Sub-iteration number: 5, FoM: 0.028256676841940553
06/06/2022 03:38:59.725 - oc_logger - INFO - Function evaluation number: 345, SI: 2, Sub-iteration number: 6, FoM: 0.0373831811960188
06/06/2022 03:38:59.911 - oc_logger - INFO - Function evaluation number: 346, SI: 2, Sub-iteration number: 6, FoM: 0.021005587213271504
06/06/2022 03:39:00.065 - oc_logger - INFO - Function evaluation number: 347, SI: 2, Sub-iteration number: 7, FoM: 0.036061760362765094
06/06/2022 03:39:00.221 - oc_logger - INFO - Function evaluation number: 348, SI: 2, Sub-iteration number: 7, FoM: 0.02029496690385646
06/06/2022 03:39:00.374 - oc_logger - INFO - Function evaluation number: 349, SI: 2, Sub-iteration number: 8, FoM: 0.035005475585787815
06/06/2022 03:39:00.528 - oc_logger - INFO - Function evaluation number: 350, SI: 2, Sub-iteration number: 8, FoM: 0.018457448349674554
06/06/2022 03:39:00.674 - oc_logger - INFO - Function evaluation number: 351, SI: 2, Sub-iteration number: 9, FoM: 0.02905557148849658
06/06/2022 03:39:00.832 - oc_logger - INFO - Function evaluation number: 352, SI: 2, Sub-iteration number: 9, FoM: 0.017603302701712176
06/06/2022 03:39:01.002 - oc_logger - INFO - Function evaluation number: 353, SI: 2, Sub-iteration number: 10, FoM: 0.029120375457342584
06/06/2022 03:39:01.158 - oc_logger - INFO - Function evaluation number: 354, SI: 2, Sub-iteration number: 10, FoM: 0.015264115485770113
06/06/2022 03:39:01.304 - oc_logger - INFO - Function evaluation number: 355, SI: 2, Sub-iteration number: 11, FoM: 0.02256771881842501
06/06/2022 03:39:01.445 - oc_logger - INFO - Function evaluation number: 356, SI: 2, Sub-iteration number: 11, FoM: 0.014356858023258479
06/06/2022 03:39:01.587 - oc_logger - INFO - Function evaluation number: 357, SI: 2, Sub-iteration number: 12, FoM: 0.026532760939683042
06/06/2022 03:39:01.737 - oc_logger - INFO - Function evaluation number: 358, SI: 2, Sub-iteration number: 12, FoM: 0.013158399032057955
06/06/2022 03:39:01.872 - oc_logger - INFO - Function evaluation number: 359, SI: 2, Sub-iteration number: 13, FoM: 0.0245754854244552
06/06/2022 03:39:02.015 - oc_logger - INFO - Function evaluation number: 360, SI: 2, Sub-iteration number: 13, FoM: 0.013783172167028512
06/06/2022 03:39:02.163 - oc_logger - INFO - Function evaluation number: 361, SI: 2, Sub-iteration number: 14, FoM: 0.024080599959276805
06/06/2022 03:39:02.304 - oc_logger - INFO - Function evaluation number: 362, SI: 2, Sub-iteration number: 14, FoM: 0.011901970437394604
06/06/2022 03:39:02.441 - oc_logger - INFO - Function evaluation number: 363, SI: 2, Sub-iteration number: 15, FoM: 0.01863699386011486
06/06/2022 03:39:02.577 - oc_logger - INFO - Function evaluation number: 364, SI: 2, Sub-iteration number: 15, FoM: 0.01214583665139557
06/06/2022 03:39:02.724 - oc_logger - INFO - Function evaluation number: 365, SI: 2, Sub-iteration number: 16, FoM: 0.020222417938532633
06/06/2022 03:39:02.871 - oc_logger - INFO - Function evaluation number: 366, SI: 2, Sub-iteration number: 16, FoM: 0.009745372741421732
06/06/2022 03:39:03.023 - oc_logger - INFO - Function evaluation number: 367, SI: 2, Sub-iteration number: 17, FoM: 0.014375385155642073
06/06/2022 03:39:03.170 - oc_logger - INFO - Function evaluation number: 368, SI: 2, Sub-iteration number: 17, FoM: 0.009971663274832787
06/06/2022 03:39:03.324 - oc_logger - INFO - Function evaluation number: 369, SI: 2, Sub-iteration number: 18, FoM: 0.0163473044654614
06/06/2022 03:39:03.470 - oc_logger - INFO - Function evaluation number: 370, SI: 2, Sub-iteration number: 18, FoM: 0.009586004578567842
06/06/2022 03:39:03.617 - oc_logger - INFO - Function evaluation number: 371, SI: 2, Sub-iteration number: 19, FoM: 0.017286784893018936
06/06/2022 03:39:03.784 - oc_logger - INFO - Function evaluation number: 372, SI: 2, Sub-iteration number: 19, FoM: 0.008508455118967806
06/06/2022 03:39:03.940 - oc_logger - INFO - Function evaluation number: 373, SI: 2, Sub-iteration number: 20, FoM: 0.01276990113421117
06/06/2022 03:39:04.095 - oc_logger - INFO - Function evaluation number: 374, SI: 2, Sub-iteration number: 20, FoM: 0.008376846584284614
06/06/2022 03:39:04.250 - oc_logger - INFO - Function evaluation number: 375, SI: 2, Sub-iteration number: 21, FoM: 0.015836219578523325
06/06/2022 03:39:04.399 - oc_logger - INFO - Function evaluation number: 376, SI: 2, Sub-iteration number: 21, FoM: 0.007641114865382104
06/06/2022 03:39:04.544 - oc_logger - INFO - Function evaluation number: 377, SI: 2, Sub-iteration number: 22, FoM: 0.011009418258149273
06/06/2022 03:39:04.687 - oc_logger - INFO - Function evaluation number: 378, SI: 2, Sub-iteration number: 22, FoM: 0.006051169891329811
06/06/2022 03:39:04.831 - oc_logger - INFO - Function evaluation number: 379, SI: 2, Sub-iteration number: 23, FoM: 0.009110301540654064
06/06/2022 03:39:04.991 - oc_logger - INFO - Function evaluation number: 380, SI: 2, Sub-iteration number: 24, FoM: 0.010543679389245497
06/06/2022 03:39:05.154 - oc_logger - INFO - Function evaluation number: 381, SI: 2, Sub-iteration number: 24, FoM: 0.00659952310690215
06/06/2022 03:39:05.314 - oc_logger - INFO - Function evaluation number: 382, SI: 2, Sub-iteration number: 25, FoM: 0.01296129515890787
06/06/2022 03:39:05.459 - oc_logger - INFO - Function evaluation number: 383, SI: 2, Sub-iteration number: 25, FoM: 0.006321927817481088
06/06/2022 03:39:05.602 - oc_logger - INFO - Function evaluation number: 384, SI: 2, Sub-iteration number: 26, FoM: 0.009897350016848439
06/06/2022 03:39:05.770 - oc_logger - INFO - Function evaluation number: 385, SI: 2, Sub-iteration number: 26, FoM: 0.006207543107384694
06/06/2022 03:39:05.933 - oc_logger - INFO - Function evaluation number: 386, SI: 2, Sub-iteration number: 27, FoM: 0.011486219981017287
06/06/2022 03:39:06.100 - oc_logger - INFO - Function evaluation number: 387, SI: 2, Sub-iteration number: 27, FoM: 0.00566678206039728
06/06/2022 03:39:06.261 - oc_logger - INFO - Function evaluation number: 388, SI: 2, Sub-iteration number: 28, FoM: 0.00912068279809719
06/06/2022 03:39:06.409 - oc_logger - INFO - Function evaluation number: 389, SI: 2, Sub-iteration number: 28, FoM: 0.005815589469770344
06/06/2022 03:39:06.549 - oc_logger - INFO - Function evaluation number: 390, SI: 2, Sub-iteration number: 29, FoM: 0.010970974240278264
06/06/2022 03:39:06.693 - oc_logger - INFO - Function evaluation number: 391, SI: 2, Sub-iteration number: 29, FoM: 0.005432984590349577
06/06/2022 03:39:06.847 - oc_logger - INFO - Function evaluation number: 392, SI: 2, Sub-iteration number: 30, FoM: 0.007929703694933954
06/06/2022 03:39:07.006 - oc_logger - INFO - Function evaluation number: 393, SI: 2, Sub-iteration number: 30, FoM: 0.005245577816386238
06/06/2022 03:39:07.159 - oc_logger - INFO - Function evaluation number: 394, SI: 2, Sub-iteration number: 31, FoM: 0.007165914748975322
06/06/2022 03:39:07.315 - oc_logger - INFO - Function evaluation number: 395, SI: 2, Sub-iteration number: 31, FoM: 0.004475157861956625
06/06/2022 03:39:07.465 - oc_logger - INFO - Function evaluation number: 396, SI: 2, Sub-iteration number: 32, FoM: 0.008397864077199668
06/06/2022 03:39:07.615 - oc_logger - INFO - Function evaluation number: 397, SI: 2, Sub-iteration number: 32, FoM: 0.004150835177810119
06/06/2022 03:39:07.766 - oc_logger - INFO - Function evaluation number: 398, SI: 2, Sub-iteration number: 33, FoM: 0.006751272329478475
