06/06/2022 05:41:18.926 - oc_logger - INFO - The optimization direction is minimization
06/06/2022 05:41:18.926 - oc_logger - INFO - QuOCS version number: 0.0.22
06/06/2022 05:41:18.926 - oc_logger - INFO - Direct search start time has been reset.
06/06/2022 05:41:18.930 - oc_logger - INFO - New record achieved. Previous FoM: 10000000000.0, new best FoM : 0.5221193463888141
06/06/2022 05:41:18.930 - oc_logger - INFO - Function evaluation number: 1, SI: 1, Sub-iteration number: 0, FoM: 0.5221193463888141
06/06/2022 05:41:18.936 - oc_logger - INFO - New record achieved. Previous FoM: 0.5221193463888141, new best FoM : 0.512749097718056
06/06/2022 05:41:18.936 - oc_logger - INFO - Function evaluation number: 2, SI: 1, Sub-iteration number: 0, FoM: 0.512749097718056
06/06/2022 05:41:18.941 - oc_logger - INFO - Function evaluation number: 3, SI: 1, Sub-iteration number: 0, FoM: 0.523457899820206
06/06/2022 05:41:18.943 - oc_logger - INFO - New record achieved. Previous FoM: 0.512749097718056, new best FoM : 0.5115168505831782
06/06/2022 05:41:18.943 - oc_logger - INFO - Function evaluation number: 4, SI: 1, Sub-iteration number: 1, FoM: 0.5115168505831782
06/06/2022 05:41:18.947 - oc_logger - INFO - New record achieved. Previous FoM: 0.5115168505831782, new best FoM : 0.5048064299686068
06/06/2022 05:41:18.947 - oc_logger - INFO - Function evaluation number: 5, SI: 1, Sub-iteration number: 1, FoM: 0.5048064299686068
06/06/2022 05:41:18.951 - oc_logger - INFO - New record achieved. Previous FoM: 0.5048064299686068, new best FoM : 0.49204332222227176
06/06/2022 05:41:18.951 - oc_logger - INFO - Function evaluation number: 6, SI: 1, Sub-iteration number: 2, FoM: 0.49204332222227176
06/06/2022 05:41:18.955 - oc_logger - INFO - New record achieved. Previous FoM: 0.49204332222227176, new best FoM : 0.4720384188345177
06/06/2022 05:41:18.955 - oc_logger - INFO - Function evaluation number: 7, SI: 1, Sub-iteration number: 2, FoM: 0.4720384188345177
06/06/2022 05:41:18.959 - oc_logger - INFO - New record achieved. Previous FoM: 0.4720384188345177, new best FoM : 0.4618264395530006
06/06/2022 05:41:18.959 - oc_logger - INFO - Function evaluation number: 8, SI: 1, Sub-iteration number: 3, FoM: 0.4618264395530006
06/06/2022 05:41:18.963 - oc_logger - INFO - New record achieved. Previous FoM: 0.4618264395530006, new best FoM : 0.4295363684100534
06/06/2022 05:41:18.963 - oc_logger - INFO - Function evaluation number: 9, SI: 1, Sub-iteration number: 3, FoM: 0.4295363684100534
06/06/2022 05:41:18.966 - oc_logger - INFO - New record achieved. Previous FoM: 0.4295363684100534, new best FoM : 0.37984699882808515
06/06/2022 05:41:18.967 - oc_logger - INFO - Function evaluation number: 10, SI: 1, Sub-iteration number: 4, FoM: 0.37984699882808515
06/06/2022 05:41:18.970 - oc_logger - INFO - New record achieved. Previous FoM: 0.37984699882808515, new best FoM : 0.29605001230002115
06/06/2022 05:41:18.970 - oc_logger - INFO - Function evaluation number: 11, SI: 1, Sub-iteration number: 4, FoM: 0.29605001230002115
06/06/2022 05:41:18.975 - oc_logger - INFO - New record achieved. Previous FoM: 0.29605001230002115, new best FoM : 0.23951997684282045
06/06/2022 05:41:18.975 - oc_logger - INFO - Function evaluation number: 12, SI: 1, Sub-iteration number: 5, FoM: 0.23951997684282045
06/06/2022 05:41:18.978 - oc_logger - INFO - New record achieved. Previous FoM: 0.23951997684282045, new best FoM : 0.11498049231292118
06/06/2022 05:41:18.979 - oc_logger - INFO - Function evaluation number: 13, SI: 1, Sub-iteration number: 5, FoM: 0.11498049231292118
06/06/2022 05:41:18.982 - oc_logger - INFO - New record achieved. Previous FoM: 0.11498049231292118, new best FoM : 0.010404980412134779
06/06/2022 05:41:18.982 - oc_logger - INFO - Function evaluation number: 14, SI: 1, Sub-iteration number: 6, FoM: 0.010404980412134779
06/06/2022 05:41:18.986 - oc_logger - INFO - New record achieved. Previous FoM: 0.010404980412134779, new best FoM : 0.0011337787115124343
06/06/2022 05:41:18.986 - oc_logger - INFO - Function evaluation number: 15, SI: 1, Sub-iteration number: 6, FoM: 0.0011337787115124343
06/06/2022 05:41:18.990 - oc_logger - INFO - Function evaluation number: 16, SI: 1, Sub-iteration number: 7, FoM: 0.12430985132795958
06/06/2022 05:41:18.993 - oc_logger - INFO - Function evaluation number: 17, SI: 1, Sub-iteration number: 7, FoM: 0.0029915894745782268
06/06/2022 05:41:18.996 - oc_logger - INFO - Function evaluation number: 18, SI: 1, Sub-iteration number: 8, FoM: 0.31522359126224475
06/06/2022 05:41:18.998 - oc_logger - INFO - Function evaluation number: 19, SI: 1, Sub-iteration number: 8, FoM: 0.00835308905158616
06/06/2022 05:41:19.001 - oc_logger - INFO - Function evaluation number: 20, SI: 1, Sub-iteration number: 9, FoM: 0.12944586306020622
06/06/2022 05:41:19.003 - oc_logger - INFO - Function evaluation number: 21, SI: 1, Sub-iteration number: 9, FoM: 0.023104302688167655
06/06/2022 05:41:19.006 - oc_logger - INFO - Function evaluation number: 22, SI: 1, Sub-iteration number: 9, FoM: 0.0020759827249590135
06/06/2022 05:41:19.009 - oc_logger - INFO - Function evaluation number: 23, SI: 1, Sub-iteration number: 9, FoM: 0.02306234723124745
06/06/2022 05:41:19.012 - oc_logger - INFO - Function evaluation number: 24, SI: 1, Sub-iteration number: 10, FoM: 0.052244441502409145
06/06/2022 05:41:19.015 - oc_logger - INFO - Function evaluation number: 25, SI: 1, Sub-iteration number: 10, FoM: 0.016721153335348182
06/06/2022 05:41:19.017 - oc_logger - INFO - Function evaluation number: 26, SI: 1, Sub-iteration number: 11, FoM: 0.021678689164774445
06/06/2022 05:41:19.020 - oc_logger - INFO - Function evaluation number: 27, SI: 1, Sub-iteration number: 11, FoM: 0.010231311608228655
06/06/2022 05:41:19.024 - oc_logger - INFO - Function evaluation number: 28, SI: 1, Sub-iteration number: 12, FoM: 0.009063064531286469
06/06/2022 05:41:19.027 - oc_logger - INFO - Function evaluation number: 29, SI: 1, Sub-iteration number: 12, FoM: 0.003477476438834226
06/06/2022 05:41:19.030 - oc_logger - INFO - Function evaluation number: 30, SI: 1, Sub-iteration number: 13, FoM: 0.006181554863951222
06/06/2022 05:41:19.033 - oc_logger - INFO - New record achieved. Previous FoM: 0.0011337787115124343, new best FoM : 0.0008713431569544738
06/06/2022 05:41:19.033 - oc_logger - INFO - Function evaluation number: 31, SI: 1, Sub-iteration number: 13, FoM: 0.0008713431569544738
06/06/2022 05:41:19.036 - oc_logger - INFO - Function evaluation number: 32, SI: 1, Sub-iteration number: 14, FoM: 0.0018766925028701475
06/06/2022 05:41:19.039 - oc_logger - INFO - New record achieved. Previous FoM: 0.0008713431569544738, new best FoM : 0.0008570012800838134
06/06/2022 05:41:19.039 - oc_logger - INFO - Function evaluation number: 33, SI: 1, Sub-iteration number: 14, FoM: 0.0008570012800838134
06/06/2022 05:41:19.043 - oc_logger - INFO - Function evaluation number: 34, SI: 1, Sub-iteration number: 15, FoM: 0.0029430005326483988
06/06/2022 05:41:19.046 - oc_logger - INFO - New record achieved. Previous FoM: 0.0008570012800838134, new best FoM : 0.00014522365279656668
06/06/2022 05:41:19.047 - oc_logger - INFO - Function evaluation number: 35, SI: 1, Sub-iteration number: 15, FoM: 0.00014522365279656668
06/06/2022 05:41:19.050 - oc_logger - INFO - Function evaluation number: 36, SI: 1, Sub-iteration number: 16, FoM: 0.00015752379185407506
06/06/2022 05:41:19.054 - oc_logger - INFO - Function evaluation number: 37, SI: 1, Sub-iteration number: 17, FoM: 0.0011399449831568376
06/06/2022 05:41:19.057 - oc_logger - INFO - Function evaluation number: 38, SI: 1, Sub-iteration number: 17, FoM: 0.00035008771710698383
06/06/2022 05:41:19.060 - oc_logger - INFO - Function evaluation number: 39, SI: 1, Sub-iteration number: 18, FoM: 0.0006483975401017084
06/06/2022 05:41:19.063 - oc_logger - INFO - New record achieved. Previous FoM: 0.00014522365279656668, new best FoM : 9.85463835931899e-05
06/06/2022 05:41:19.063 - oc_logger - INFO - Function evaluation number: 40, SI: 1, Sub-iteration number: 18, FoM: 9.85463835931899e-05
06/06/2022 05:41:19.067 - oc_logger - INFO - Function evaluation number: 41, SI: 1, Sub-iteration number: 19, FoM: 0.00011238613182562585
06/06/2022 05:41:19.070 - oc_logger - INFO - Function evaluation number: 42, SI: 1, Sub-iteration number: 20, FoM: 0.00035674436196597714
06/06/2022 05:41:19.072 - oc_logger - INFO - New record achieved. Previous FoM: 9.85463835931899e-05, new best FoM : 2.0211455651120147e-05
06/06/2022 05:41:19.073 - oc_logger - INFO - Function evaluation number: 43, SI: 1, Sub-iteration number: 20, FoM: 2.0211455651120147e-05
06/06/2022 05:41:19.077 - oc_logger - INFO - Function evaluation number: 44, SI: 1, Sub-iteration number: 21, FoM: 3.259246476083888e-05
06/06/2022 05:41:19.079 - oc_logger - INFO - Function evaluation number: 45, SI: 1, Sub-iteration number: 22, FoM: 0.00015171594866258964
06/06/2022 05:41:19.082 - oc_logger - INFO - Function evaluation number: 46, SI: 1, Sub-iteration number: 22, FoM: 3.586083471740498e-05
06/06/2022 05:41:19.085 - oc_logger - INFO - Function evaluation number: 47, SI: 1, Sub-iteration number: 23, FoM: 8.927035514316728e-05
06/06/2022 05:41:19.087 - oc_logger - INFO - New record achieved. Previous FoM: 2.0211455651120147e-05, new best FoM : 4.548044314267585e-06
06/06/2022 05:41:19.088 - oc_logger - INFO - Function evaluation number: 48, SI: 1, Sub-iteration number: 23, FoM: 4.548044314267585e-06
06/06/2022 05:41:19.091 - oc_logger - INFO - Function evaluation number: 49, SI: 1, Sub-iteration number: 24, FoM: 1.8325332306501352e-05
06/06/2022 05:41:19.094 - oc_logger - INFO - Function evaluation number: 50, SI: 1, Sub-iteration number: 25, FoM: 4.24146538027248e-05
06/06/2022 05:41:19.096 - oc_logger - INFO - Function evaluation number: 51, SI: 1, Sub-iteration number: 25, FoM: 4.562427304177774e-06
06/06/2022 05:41:19.099 - oc_logger - INFO - Function evaluation number: 52, SI: 1, Sub-iteration number: 26, FoM: 1.6953552883114398e-05
06/06/2022 05:41:19.102 - oc_logger - INFO - Function evaluation number: 53, SI: 1, Sub-iteration number: 26, FoM: 8.716706829448029e-06
06/06/2022 05:41:19.105 - oc_logger - INFO - Function evaluation number: 54, SI: 1, Sub-iteration number: 27, FoM: 8.920858990291158e-06
06/06/2022 05:41:19.107 - oc_logger - INFO - New record achieved. Previous FoM: 4.548044314267585e-06, new best FoM : 4.453150579619702e-06
06/06/2022 05:41:19.108 - oc_logger - INFO - Function evaluation number: 55, SI: 1, Sub-iteration number: 27, FoM: 4.453150579619702e-06
06/06/2022 05:41:19.111 - oc_logger - INFO - Function evaluation number: 56, SI: 1, Sub-iteration number: 28, FoM: 5.253191537546442e-06
06/06/2022 05:41:19.114 - oc_logger - INFO - New record achieved. Previous FoM: 4.453150579619702e-06, new best FoM : 2.333293210199372e-06
06/06/2022 05:41:19.114 - oc_logger - INFO - Function evaluation number: 57, SI: 1, Sub-iteration number: 28, FoM: 2.333293210199372e-06
06/06/2022 05:41:19.118 - oc_logger - INFO - Function evaluation number: 58, SI: 1, Sub-iteration number: 29, FoM: 1.1288918247975843e-05
06/06/2022 05:41:19.120 - oc_logger - INFO - New record achieved. Previous FoM: 2.333293210199372e-06, new best FoM : 5.611019238127568e-07
06/06/2022 05:41:19.120 - oc_logger - INFO - Function evaluation number: 59, SI: 1, Sub-iteration number: 29, FoM: 5.611019238127568e-07
06/06/2022 05:41:19.124 - oc_logger - INFO - Function evaluation number: 60, SI: 1, Sub-iteration number: 30, FoM: 2.6924444994635977e-06
06/06/2022 05:41:19.127 - oc_logger - INFO - Function evaluation number: 61, SI: 1, Sub-iteration number: 30, FoM: 8.931135134782053e-07
06/06/2022 05:41:19.132 - oc_logger - INFO - Function evaluation number: 62, SI: 1, Sub-iteration number: 31, FoM: 3.8055724169705485e-06
06/06/2022 05:41:19.135 - oc_logger - INFO - Function evaluation number: 63, SI: 1, Sub-iteration number: 31, FoM: 8.109329803218657e-07
06/06/2022 05:41:19.137 - oc_logger - INFO - Function evaluation number: 64, SI: 1, Sub-iteration number: 32, FoM: 1.1352513773488226e-06
06/06/2022 05:41:19.140 - oc_logger - INFO - New record achieved. Previous FoM: 5.611019238127568e-07, new best FoM : 3.789010233345991e-07
06/06/2022 05:41:19.140 - oc_logger - INFO - Function evaluation number: 65, SI: 1, Sub-iteration number: 32, FoM: 3.789010233345991e-07
06/06/2022 05:41:19.142 - oc_logger - INFO - SI 1 finished - Number of evaluations: 65, Best FoM: 3.789010233345991e-07, Terminate reason: Convergence of the simplex.

06/06/2022 05:41:19.142 - oc_logger - INFO - Figure of merit : 3.789010233345991e-07
06/06/2022 05:41:19.142 - oc_logger - INFO - Std : 0.0
06/06/2022 05:41:19.142 - oc_logger - INFO - total number of function evaluations : 65
06/06/2022 05:41:19.142 - oc_logger - INFO - dcrab_freq_list : [array([], dtype=float64)]
06/06/2022 05:41:19.142 - oc_logger - INFO - dcrab_para_list : [array([ 6.70724991, -0.29420838])]
06/06/2022 05:41:19.142 - oc_logger - INFO - terminate_reason : Convergence of the simplex.
