06/06/2022 04:00:01.554 - oc_logger - INFO - The optimization direction is minimization
06/06/2022 04:00:01.557 - oc_logger - INFO - QuOCS version number: 0.0.22
06/06/2022 04:00:01.557 - oc_logger - INFO - Direct search start time has been reset.
06/06/2022 04:00:01.740 - oc_logger - INFO - New record achieved. Previous FoM: 10000000000.0, new best FoM : 0.7076147778271638
06/06/2022 04:00:01.740 - oc_logger - INFO - Function evaluation number: 1, SI: 1, Sub-iteration number: 0, FoM: 0.7076147778271638
06/06/2022 04:00:01.956 - oc_logger - INFO - New record achieved. Previous FoM: 0.7076147778271638, new best FoM : 0.693470394180177
06/06/2022 04:00:01.956 - oc_logger - INFO - Function evaluation number: 2, SI: 1, Sub-iteration number: 0, FoM: 0.693470394180177
06/06/2022 04:00:02.126 - oc_logger - INFO - Function evaluation number: 3, SI: 1, Sub-iteration number: 0, FoM: 0.7051853064275322
06/06/2022 04:00:02.326 - oc_logger - INFO - Function evaluation number: 4, SI: 1, Sub-iteration number: 0, FoM: 0.7019444665657224
06/06/2022 04:00:02.481 - oc_logger - INFO - Function evaluation number: 5, SI: 1, Sub-iteration number: 0, FoM: 0.7089907376255844
06/06/2022 04:00:02.667 - oc_logger - INFO - Function evaluation number: 6, SI: 1, Sub-iteration number: 0, FoM: 0.7086081638118168
06/06/2022 04:00:02.813 - oc_logger - INFO - Function evaluation number: 7, SI: 1, Sub-iteration number: 0, FoM: 0.7103572140365977
06/06/2022 04:00:02.989 - oc_logger - INFO - Function evaluation number: 8, SI: 1, Sub-iteration number: 0, FoM: 0.7068786601056237
06/06/2022 04:00:03.130 - oc_logger - INFO - Function evaluation number: 9, SI: 1, Sub-iteration number: 0, FoM: 0.7041028018964863
06/06/2022 04:00:03.275 - oc_logger - INFO - Function evaluation number: 10, SI: 1, Sub-iteration number: 0, FoM: 0.7180949722044276
06/06/2022 04:00:03.418 - oc_logger - INFO - New record achieved. Previous FoM: 0.693470394180177, new best FoM : 0.6922727238231157
06/06/2022 04:00:03.418 - oc_logger - INFO - Function evaluation number: 11, SI: 1, Sub-iteration number: 1, FoM: 0.6922727238231157
06/06/2022 04:00:03.572 - oc_logger - INFO - New record achieved. Previous FoM: 0.6922727238231157, new best FoM : 0.6893816265548472
06/06/2022 04:00:03.572 - oc_logger - INFO - Function evaluation number: 12, SI: 1, Sub-iteration number: 1, FoM: 0.6893816265548472
06/06/2022 04:00:03.726 - oc_logger - INFO - Function evaluation number: 13, SI: 1, Sub-iteration number: 2, FoM: 0.6954542358215355
06/06/2022 04:00:03.884 - oc_logger - INFO - Function evaluation number: 14, SI: 1, Sub-iteration number: 3, FoM: 0.6938000326102449
06/06/2022 04:00:04.042 - oc_logger - INFO - Function evaluation number: 15, SI: 1, Sub-iteration number: 4, FoM: 0.6908835631125843
06/06/2022 04:00:04.209 - oc_logger - INFO - New record achieved. Previous FoM: 0.6893816265548472, new best FoM : 0.6881484637373657
06/06/2022 04:00:04.209 - oc_logger - INFO - Function evaluation number: 16, SI: 1, Sub-iteration number: 5, FoM: 0.6881484637373657
06/06/2022 04:00:04.363 - oc_logger - INFO - New record achieved. Previous FoM: 0.6881484637373657, new best FoM : 0.6859762506510654
06/06/2022 04:00:04.363 - oc_logger - INFO - Function evaluation number: 17, SI: 1, Sub-iteration number: 5, FoM: 0.6859762506510654
06/06/2022 04:00:04.531 - oc_logger - INFO - New record achieved. Previous FoM: 0.6859762506510654, new best FoM : 0.6842340574245267
06/06/2022 04:00:04.531 - oc_logger - INFO - Function evaluation number: 18, SI: 1, Sub-iteration number: 6, FoM: 0.6842340574245267
06/06/2022 04:00:04.698 - oc_logger - INFO - New record achieved. Previous FoM: 0.6842340574245267, new best FoM : 0.681709287567426
06/06/2022 04:00:04.698 - oc_logger - INFO - Function evaluation number: 19, SI: 1, Sub-iteration number: 6, FoM: 0.681709287567426
06/06/2022 04:00:04.857 - oc_logger - INFO - New record achieved. Previous FoM: 0.681709287567426, new best FoM : 0.6807120437447896
06/06/2022 04:00:04.857 - oc_logger - INFO - Function evaluation number: 20, SI: 1, Sub-iteration number: 7, FoM: 0.6807120437447896
06/06/2022 04:00:05.025 - oc_logger - INFO - New record achieved. Previous FoM: 0.6807120437447896, new best FoM : 0.677986758927676
06/06/2022 04:00:05.026 - oc_logger - INFO - Function evaluation number: 21, SI: 1, Sub-iteration number: 7, FoM: 0.677986758927676
06/06/2022 04:00:05.196 - oc_logger - INFO - New record achieved. Previous FoM: 0.677986758927676, new best FoM : 0.6759862489066931
06/06/2022 04:00:05.196 - oc_logger - INFO - Function evaluation number: 22, SI: 1, Sub-iteration number: 8, FoM: 0.6759862489066931
06/06/2022 04:00:05.361 - oc_logger - INFO - New record achieved. Previous FoM: 0.6759862489066931, new best FoM : 0.6728589334750874
06/06/2022 04:00:05.361 - oc_logger - INFO - Function evaluation number: 23, SI: 1, Sub-iteration number: 8, FoM: 0.6728589334750874
06/06/2022 04:00:05.534 - oc_logger - INFO - New record achieved. Previous FoM: 0.6728589334750874, new best FoM : 0.6717040033588102
06/06/2022 04:00:05.534 - oc_logger - INFO - Function evaluation number: 24, SI: 1, Sub-iteration number: 9, FoM: 0.6717040033588102
06/06/2022 04:00:05.701 - oc_logger - INFO - New record achieved. Previous FoM: 0.6717040033588102, new best FoM : 0.6683504074695474
06/06/2022 04:00:05.702 - oc_logger - INFO - Function evaluation number: 25, SI: 1, Sub-iteration number: 9, FoM: 0.6683504074695474
06/06/2022 04:00:05.880 - oc_logger - INFO - Function evaluation number: 26, SI: 1, Sub-iteration number: 10, FoM: 0.6721944446882273
06/06/2022 04:00:06.047 - oc_logger - INFO - Function evaluation number: 27, SI: 1, Sub-iteration number: 11, FoM: 0.6690403947149017
06/06/2022 04:00:06.225 - oc_logger - INFO - New record achieved. Previous FoM: 0.6683504074695474, new best FoM : 0.6639529693583339
06/06/2022 04:00:06.225 - oc_logger - INFO - Function evaluation number: 28, SI: 1, Sub-iteration number: 12, FoM: 0.6639529693583339
06/06/2022 04:00:06.383 - oc_logger - INFO - New record achieved. Previous FoM: 0.6639529693583339, new best FoM : 0.6606888388877579
06/06/2022 04:00:06.383 - oc_logger - INFO - Function evaluation number: 29, SI: 1, Sub-iteration number: 12, FoM: 0.6606888388877579
06/06/2022 04:00:06.544 - oc_logger - INFO - New record achieved. Previous FoM: 0.6606888388877579, new best FoM : 0.6598624953130672
06/06/2022 04:00:06.544 - oc_logger - INFO - Function evaluation number: 30, SI: 1, Sub-iteration number: 13, FoM: 0.6598624953130672
06/06/2022 04:00:06.711 - oc_logger - INFO - New record achieved. Previous FoM: 0.6598624953130672, new best FoM : 0.6564435607024737
06/06/2022 04:00:06.711 - oc_logger - INFO - Function evaluation number: 31, SI: 1, Sub-iteration number: 13, FoM: 0.6564435607024737
06/06/2022 04:00:06.871 - oc_logger - INFO - New record achieved. Previous FoM: 0.6564435607024737, new best FoM : 0.6540802544720554
06/06/2022 04:00:06.871 - oc_logger - INFO - Function evaluation number: 32, SI: 1, Sub-iteration number: 14, FoM: 0.6540802544720554
06/06/2022 04:00:07.029 - oc_logger - INFO - New record achieved. Previous FoM: 0.6540802544720554, new best FoM : 0.6502009851940818
06/06/2022 04:00:07.029 - oc_logger - INFO - Function evaluation number: 33, SI: 1, Sub-iteration number: 14, FoM: 0.6502009851940818
06/06/2022 04:00:07.190 - oc_logger - INFO - New record achieved. Previous FoM: 0.6502009851940818, new best FoM : 0.6495767110286287
06/06/2022 04:00:07.190 - oc_logger - INFO - Function evaluation number: 34, SI: 1, Sub-iteration number: 15, FoM: 0.6495767110286287
06/06/2022 04:00:07.348 - oc_logger - INFO - New record achieved. Previous FoM: 0.6495767110286287, new best FoM : 0.6455939554322787
06/06/2022 04:00:07.348 - oc_logger - INFO - Function evaluation number: 35, SI: 1, Sub-iteration number: 15, FoM: 0.6455939554322787
06/06/2022 04:00:07.504 - oc_logger - INFO - Function evaluation number: 36, SI: 1, Sub-iteration number: 16, FoM: 0.6458491789314063
06/06/2022 04:00:07.670 - oc_logger - INFO - New record achieved. Previous FoM: 0.6455939554322787, new best FoM : 0.6424279954805001
06/06/2022 04:00:07.670 - oc_logger - INFO - Function evaluation number: 37, SI: 1, Sub-iteration number: 17, FoM: 0.6424279954805001
06/06/2022 04:00:07.832 - oc_logger - INFO - New record achieved. Previous FoM: 0.6424279954805001, new best FoM : 0.6385530076600976
06/06/2022 04:00:07.832 - oc_logger - INFO - Function evaluation number: 38, SI: 1, Sub-iteration number: 17, FoM: 0.6385530076600976
06/06/2022 04:00:07.983 - oc_logger - INFO - Function evaluation number: 39, SI: 1, Sub-iteration number: 18, FoM: 0.6399368128118936
06/06/2022 04:00:08.138 - oc_logger - INFO - New record achieved. Previous FoM: 0.6385530076600976, new best FoM : 0.63352454655823
06/06/2022 04:00:08.138 - oc_logger - INFO - Function evaluation number: 40, SI: 1, Sub-iteration number: 19, FoM: 0.63352454655823
06/06/2022 04:00:08.296 - oc_logger - INFO - New record achieved. Previous FoM: 0.63352454655823, new best FoM : 0.6293397057284079
06/06/2022 04:00:08.296 - oc_logger - INFO - Function evaluation number: 41, SI: 1, Sub-iteration number: 19, FoM: 0.6293397057284079
06/06/2022 04:00:08.461 - oc_logger - INFO - New record achieved. Previous FoM: 0.6293397057284079, new best FoM : 0.6279448380791621
06/06/2022 04:00:08.461 - oc_logger - INFO - Function evaluation number: 42, SI: 1, Sub-iteration number: 20, FoM: 0.6279448380791621
06/06/2022 04:00:08.620 - oc_logger - INFO - New record achieved. Previous FoM: 0.6279448380791621, new best FoM : 0.6235255842662335
06/06/2022 04:00:08.620 - oc_logger - INFO - Function evaluation number: 43, SI: 1, Sub-iteration number: 20, FoM: 0.6235255842662335
06/06/2022 04:00:08.784 - oc_logger - INFO - New record achieved. Previous FoM: 0.6235255842662335, new best FoM : 0.6189476665204661
06/06/2022 04:00:08.784 - oc_logger - INFO - Function evaluation number: 44, SI: 1, Sub-iteration number: 21, FoM: 0.6189476665204661
06/06/2022 04:00:08.936 - oc_logger - INFO - New record achieved. Previous FoM: 0.6189476665204661, new best FoM : 0.61370006967324
06/06/2022 04:00:08.936 - oc_logger - INFO - Function evaluation number: 45, SI: 1, Sub-iteration number: 21, FoM: 0.61370006967324
06/06/2022 04:00:09.095 - oc_logger - INFO - Function evaluation number: 46, SI: 1, Sub-iteration number: 22, FoM: 0.6160705410151666
06/06/2022 04:00:09.247 - oc_logger - INFO - New record achieved. Previous FoM: 0.61370006967324, new best FoM : 0.6113924422889992
06/06/2022 04:00:09.247 - oc_logger - INFO - Function evaluation number: 47, SI: 1, Sub-iteration number: 23, FoM: 0.6113924422889992
06/06/2022 04:00:09.406 - oc_logger - INFO - New record achieved. Previous FoM: 0.6113924422889992, new best FoM : 0.6066317246830588
06/06/2022 04:00:09.406 - oc_logger - INFO - Function evaluation number: 48, SI: 1, Sub-iteration number: 23, FoM: 0.6066317246830588
06/06/2022 04:00:09.559 - oc_logger - INFO - Function evaluation number: 49, SI: 1, Sub-iteration number: 24, FoM: 0.6079685693448915
06/06/2022 04:00:09.716 - oc_logger - INFO - New record achieved. Previous FoM: 0.6066317246830588, new best FoM : 0.6038359524335245
06/06/2022 04:00:09.716 - oc_logger - INFO - Function evaluation number: 50, SI: 1, Sub-iteration number: 25, FoM: 0.6038359524335245
06/06/2022 04:00:09.869 - oc_logger - INFO - New record achieved. Previous FoM: 0.6038359524335245, new best FoM : 0.5994172683913996
06/06/2022 04:00:09.869 - oc_logger - INFO - Function evaluation number: 51, SI: 1, Sub-iteration number: 25, FoM: 0.5994172683913996
06/06/2022 04:00:10.026 - oc_logger - INFO - New record achieved. Previous FoM: 0.5994172683913996, new best FoM : 0.594404974626842
06/06/2022 04:00:10.026 - oc_logger - INFO - Function evaluation number: 52, SI: 1, Sub-iteration number: 26, FoM: 0.594404974626842
06/06/2022 04:00:10.181 - oc_logger - INFO - New record achieved. Previous FoM: 0.594404974626842, new best FoM : 0.5891417070882846
06/06/2022 04:00:10.181 - oc_logger - INFO - Function evaluation number: 53, SI: 1, Sub-iteration number: 26, FoM: 0.5891417070882846
06/06/2022 04:00:10.336 - oc_logger - INFO - New record achieved. Previous FoM: 0.5891417070882846, new best FoM : 0.5887910447414716
06/06/2022 04:00:10.336 - oc_logger - INFO - Function evaluation number: 54, SI: 1, Sub-iteration number: 27, FoM: 0.5887910447414716
06/06/2022 04:00:10.491 - oc_logger - INFO - New record achieved. Previous FoM: 0.5887910447414716, new best FoM : 0.5835646096391742
06/06/2022 04:00:10.491 - oc_logger - INFO - Function evaluation number: 55, SI: 1, Sub-iteration number: 27, FoM: 0.5835646096391742
06/06/2022 04:00:10.649 - oc_logger - INFO - New record achieved. Previous FoM: 0.5835646096391742, new best FoM : 0.5788177153251644
06/06/2022 04:00:10.649 - oc_logger - INFO - Function evaluation number: 56, SI: 1, Sub-iteration number: 28, FoM: 0.5788177153251644
06/06/2022 04:00:10.803 - oc_logger - INFO - New record achieved. Previous FoM: 0.5788177153251644, new best FoM : 0.5729034819703815
06/06/2022 04:00:10.803 - oc_logger - INFO - Function evaluation number: 57, SI: 1, Sub-iteration number: 28, FoM: 0.5729034819703815
06/06/2022 04:00:10.962 - oc_logger - INFO - Function evaluation number: 58, SI: 1, Sub-iteration number: 29, FoM: 0.5750982576935405
06/06/2022 04:00:11.115 - oc_logger - INFO - New record achieved. Previous FoM: 0.5729034819703815, new best FoM : 0.5702222588620718
06/06/2022 04:00:11.115 - oc_logger - INFO - Function evaluation number: 59, SI: 1, Sub-iteration number: 30, FoM: 0.5702222588620718
06/06/2022 04:00:11.277 - oc_logger - INFO - New record achieved. Previous FoM: 0.5702222588620718, new best FoM : 0.5649884806723632
06/06/2022 04:00:11.277 - oc_logger - INFO - Function evaluation number: 60, SI: 1, Sub-iteration number: 30, FoM: 0.5649884806723632
06/06/2022 04:00:11.433 - oc_logger - INFO - Function evaluation number: 61, SI: 1, Sub-iteration number: 31, FoM: 0.5660225416099112
06/06/2022 04:00:11.590 - oc_logger - INFO - New record achieved. Previous FoM: 0.5649884806723632, new best FoM : 0.5587447938545906
06/06/2022 04:00:11.590 - oc_logger - INFO - Function evaluation number: 62, SI: 1, Sub-iteration number: 32, FoM: 0.5587447938545906
06/06/2022 04:00:11.741 - oc_logger - INFO - New record achieved. Previous FoM: 0.5587447938545906, new best FoM : 0.5535406467815189
06/06/2022 04:00:11.741 - oc_logger - INFO - Function evaluation number: 63, SI: 1, Sub-iteration number: 32, FoM: 0.5535406467815189
06/06/2022 04:00:11.898 - oc_logger - INFO - New record achieved. Previous FoM: 0.5535406467815189, new best FoM : 0.5523522718986321
06/06/2022 04:00:11.898 - oc_logger - INFO - Function evaluation number: 64, SI: 1, Sub-iteration number: 33, FoM: 0.5523522718986321
06/06/2022 04:00:12.052 - oc_logger - INFO - New record achieved. Previous FoM: 0.5523522718986321, new best FoM : 0.5471223540800363
06/06/2022 04:00:12.052 - oc_logger - INFO - Function evaluation number: 65, SI: 1, Sub-iteration number: 33, FoM: 0.5471223540800363
06/06/2022 04:00:12.210 - oc_logger - INFO - New record achieved. Previous FoM: 0.5471223540800363, new best FoM : 0.5425180165590358
06/06/2022 04:00:12.210 - oc_logger - INFO - Function evaluation number: 66, SI: 1, Sub-iteration number: 34, FoM: 0.5425180165590358
06/06/2022 04:00:12.367 - oc_logger - INFO - New record achieved. Previous FoM: 0.5425180165590358, new best FoM : 0.5369315015218424
06/06/2022 04:00:12.368 - oc_logger - INFO - Function evaluation number: 67, SI: 1, Sub-iteration number: 34, FoM: 0.5369315015218424
06/06/2022 04:00:12.531 - oc_logger - INFO - New record achieved. Previous FoM: 0.5369315015218424, new best FoM : 0.5361542804063903
06/06/2022 04:00:12.531 - oc_logger - INFO - Function evaluation number: 68, SI: 1, Sub-iteration number: 35, FoM: 0.5361542804063903
06/06/2022 04:00:12.681 - oc_logger - INFO - New record achieved. Previous FoM: 0.5361542804063903, new best FoM : 0.5308337517517127
06/06/2022 04:00:12.681 - oc_logger - INFO - Function evaluation number: 69, SI: 1, Sub-iteration number: 35, FoM: 0.5308337517517127
06/06/2022 04:00:12.842 - oc_logger - INFO - Function evaluation number: 70, SI: 1, Sub-iteration number: 36, FoM: 0.5324073659243747
06/06/2022 04:00:12.995 - oc_logger - INFO - New record achieved. Previous FoM: 0.5308337517517127, new best FoM : 0.5274406563786022
06/06/2022 04:00:12.995 - oc_logger - INFO - Function evaluation number: 71, SI: 1, Sub-iteration number: 37, FoM: 0.5274406563786022
06/06/2022 04:00:13.154 - oc_logger - INFO - New record achieved. Previous FoM: 0.5274406563786022, new best FoM : 0.52295584659552
06/06/2022 04:00:13.155 - oc_logger - INFO - Function evaluation number: 72, SI: 1, Sub-iteration number: 37, FoM: 0.52295584659552
06/06/2022 04:00:13.306 - oc_logger - INFO - Function evaluation number: 73, SI: 1, Sub-iteration number: 38, FoM: 0.5234538897611029
06/06/2022 04:00:13.463 - oc_logger - INFO - New record achieved. Previous FoM: 0.52295584659552, new best FoM : 0.5170970499101208
06/06/2022 04:00:13.463 - oc_logger - INFO - Function evaluation number: 74, SI: 1, Sub-iteration number: 39, FoM: 0.5170970499101208
06/06/2022 04:00:13.617 - oc_logger - INFO - New record achieved. Previous FoM: 0.5170970499101208, new best FoM : 0.5131432382401819
06/06/2022 04:00:13.617 - oc_logger - INFO - Function evaluation number: 75, SI: 1, Sub-iteration number: 39, FoM: 0.5131432382401819
06/06/2022 04:00:13.776 - oc_logger - INFO - New record achieved. Previous FoM: 0.5131432382401819, new best FoM : 0.5127011842290455
06/06/2022 04:00:13.776 - oc_logger - INFO - Function evaluation number: 76, SI: 1, Sub-iteration number: 40, FoM: 0.5127011842290455
06/06/2022 04:00:13.929 - oc_logger - INFO - New record achieved. Previous FoM: 0.5127011842290455, new best FoM : 0.5092599623174905
06/06/2022 04:00:13.929 - oc_logger - INFO - Function evaluation number: 77, SI: 1, Sub-iteration number: 40, FoM: 0.5092599623174905
06/06/2022 04:00:14.083 - oc_logger - INFO - New record achieved. Previous FoM: 0.5092599623174905, new best FoM : 0.5060501239383006
06/06/2022 04:00:14.083 - oc_logger - INFO - Function evaluation number: 78, SI: 1, Sub-iteration number: 41, FoM: 0.5060501239383006
06/06/2022 04:00:14.242 - oc_logger - INFO - New record achieved. Previous FoM: 0.5060501239383006, new best FoM : 0.5032663258669838
06/06/2022 04:00:14.242 - oc_logger - INFO - Function evaluation number: 79, SI: 1, Sub-iteration number: 41, FoM: 0.5032663258669838
06/06/2022 04:00:14.407 - oc_logger - INFO - Function evaluation number: 80, SI: 1, Sub-iteration number: 42, FoM: 0.5037245651027212
06/06/2022 04:00:14.578 - oc_logger - INFO - New record achieved. Previous FoM: 0.5032663258669838, new best FoM : 0.5024440653064219
06/06/2022 04:00:14.578 - oc_logger - INFO - Function evaluation number: 81, SI: 1, Sub-iteration number: 43, FoM: 0.5024440653064219
06/06/2022 04:00:14.747 - oc_logger - INFO - New record achieved. Previous FoM: 0.5024440653064219, new best FoM : 0.5012582922542174
06/06/2022 04:00:14.748 - oc_logger - INFO - Function evaluation number: 82, SI: 1, Sub-iteration number: 43, FoM: 0.5012582922542174
06/06/2022 04:00:14.914 - oc_logger - INFO - New record achieved. Previous FoM: 0.5012582922542174, new best FoM : 0.5010861097890127
06/06/2022 04:00:14.914 - oc_logger - INFO - Function evaluation number: 83, SI: 1, Sub-iteration number: 44, FoM: 0.5010861097890127
06/06/2022 04:00:15.091 - oc_logger - INFO - New record achieved. Previous FoM: 0.5010861097890127, new best FoM : 0.5002258125948289
06/06/2022 04:00:15.091 - oc_logger - INFO - Function evaluation number: 84, SI: 1, Sub-iteration number: 44, FoM: 0.5002258125948289
06/06/2022 04:00:15.265 - oc_logger - INFO - Function evaluation number: 85, SI: 1, Sub-iteration number: 45, FoM: 0.5002621135719965
06/06/2022 04:00:15.437 - oc_logger - INFO - Function evaluation number: 86, SI: 1, Sub-iteration number: 46, FoM: 0.5006826411338415
06/06/2022 04:00:15.587 - oc_logger - INFO - Function evaluation number: 87, SI: 1, Sub-iteration number: 47, FoM: 0.5021759402625159
06/06/2022 04:00:15.751 - oc_logger - INFO - Function evaluation number: 88, SI: 1, Sub-iteration number: 48, FoM: 0.5067051072109016
06/06/2022 04:00:15.905 - oc_logger - INFO - Function evaluation number: 89, SI: 1, Sub-iteration number: 49, FoM: 0.5084138372703397
06/06/2022 04:00:16.064 - oc_logger - INFO - Function evaluation number: 90, SI: 1, Sub-iteration number: 50, FoM: 0.5126452744098591
06/06/2022 04:00:16.215 - oc_logger - INFO - Function evaluation number: 91, SI: 1, Sub-iteration number: 50, FoM: 0.5042213777423653
06/06/2022 04:00:16.371 - oc_logger - INFO - Function evaluation number: 92, SI: 1, Sub-iteration number: 51, FoM: 0.5115921332263832
06/06/2022 04:00:16.526 - oc_logger - INFO - Function evaluation number: 93, SI: 1, Sub-iteration number: 51, FoM: 0.5038113588557719
06/06/2022 04:00:16.671 - oc_logger - INFO - Function evaluation number: 94, SI: 1, Sub-iteration number: 52, FoM: 0.5114887067001115
06/06/2022 04:00:16.817 - oc_logger - INFO - Function evaluation number: 95, SI: 1, Sub-iteration number: 52, FoM: 0.5028554330832921
06/06/2022 04:00:16.961 - oc_logger - INFO - Function evaluation number: 96, SI: 1, Sub-iteration number: 53, FoM: 0.5046362973311235
06/06/2022 04:00:17.105 - oc_logger - INFO - Function evaluation number: 97, SI: 1, Sub-iteration number: 53, FoM: 0.5020569219827555
06/06/2022 04:00:17.247 - oc_logger - INFO - Function evaluation number: 98, SI: 1, Sub-iteration number: 54, FoM: 0.5063759615659242
06/06/2022 04:00:17.393 - oc_logger - INFO - Function evaluation number: 99, SI: 1, Sub-iteration number: 54, FoM: 0.5016683646625111
06/06/2022 04:00:17.532 - oc_logger - INFO - Function evaluation number: 100, SI: 1, Sub-iteration number: 55, FoM: 0.5053453140286835
06/06/2022 04:00:17.676 - oc_logger - INFO - Function evaluation number: 101, SI: 1, Sub-iteration number: 55, FoM: 0.501714148120325
06/06/2022 04:00:17.819 - oc_logger - INFO - Function evaluation number: 102, SI: 1, Sub-iteration number: 56, FoM: 0.5044538147125344
06/06/2022 04:00:17.959 - oc_logger - INFO - Function evaluation number: 103, SI: 1, Sub-iteration number: 56, FoM: 0.501534734037861
06/06/2022 04:00:18.098 - oc_logger - INFO - Function evaluation number: 104, SI: 1, Sub-iteration number: 57, FoM: 0.5050656914035834
06/06/2022 04:00:18.245 - oc_logger - INFO - Function evaluation number: 105, SI: 1, Sub-iteration number: 57, FoM: 0.5012491351899524
06/06/2022 04:00:18.385 - oc_logger - INFO - Function evaluation number: 106, SI: 1, Sub-iteration number: 58, FoM: 0.5033762213096158
06/06/2022 04:00:18.531 - oc_logger - INFO - Function evaluation number: 107, SI: 1, Sub-iteration number: 58, FoM: 0.5010180114920387
06/06/2022 04:00:18.674 - oc_logger - INFO - Function evaluation number: 108, SI: 1, Sub-iteration number: 59, FoM: 0.5020497194399832
06/06/2022 04:00:18.823 - oc_logger - INFO - Function evaluation number: 109, SI: 1, Sub-iteration number: 59, FoM: 0.5010582522191801
06/06/2022 04:00:18.981 - oc_logger - INFO - Function evaluation number: 110, SI: 1, Sub-iteration number: 60, FoM: 0.5042676624139779
06/06/2022 04:00:19.136 - oc_logger - INFO - Function evaluation number: 111, SI: 1, Sub-iteration number: 60, FoM: 0.500682245100064
06/06/2022 04:00:19.296 - oc_logger - INFO - Function evaluation number: 112, SI: 1, Sub-iteration number: 61, FoM: 0.5015374345247074
06/06/2022 04:00:19.449 - oc_logger - INFO - Function evaluation number: 113, SI: 1, Sub-iteration number: 61, FoM: 0.5008058235731059
06/06/2022 04:00:19.604 - oc_logger - INFO - Function evaluation number: 114, SI: 1, Sub-iteration number: 62, FoM: 0.5022151810524234
06/06/2022 04:00:19.752 - oc_logger - INFO - Function evaluation number: 115, SI: 1, Sub-iteration number: 62, FoM: 0.5007559900971825
06/06/2022 04:00:19.908 - oc_logger - INFO - New record achieved. Previous FoM: 0.5002258125948289, new best FoM : 0.5000314478464322
06/06/2022 04:00:19.908 - oc_logger - INFO - Function evaluation number: 116, SI: 1, Sub-iteration number: 63, FoM: 0.5000314478464322
06/06/2022 04:00:20.062 - oc_logger - INFO - Function evaluation number: 117, SI: 1, Sub-iteration number: 63, FoM: 0.5001709444618808
06/06/2022 04:00:20.218 - oc_logger - INFO - Function evaluation number: 118, SI: 1, Sub-iteration number: 64, FoM: 0.5011824615813334
06/06/2022 04:00:20.369 - oc_logger - INFO - Function evaluation number: 119, SI: 1, Sub-iteration number: 64, FoM: 0.5005718405863134
06/06/2022 04:00:20.527 - oc_logger - INFO - Function evaluation number: 120, SI: 1, Sub-iteration number: 65, FoM: 0.5015144008683892
06/06/2022 04:00:20.676 - oc_logger - INFO - Function evaluation number: 121, SI: 1, Sub-iteration number: 65, FoM: 0.5004771197160633
06/06/2022 04:00:20.831 - oc_logger - INFO - Function evaluation number: 122, SI: 1, Sub-iteration number: 66, FoM: 0.5012433353361943
06/06/2022 04:00:20.986 - oc_logger - INFO - Function evaluation number: 123, SI: 1, Sub-iteration number: 66, FoM: 0.5004775638128978
06/06/2022 04:00:21.143 - oc_logger - INFO - Function evaluation number: 124, SI: 1, Sub-iteration number: 67, FoM: 0.5003665176035711
06/06/2022 04:00:21.297 - oc_logger - INFO - Function evaluation number: 125, SI: 1, Sub-iteration number: 68, FoM: 0.5010963519309353
06/06/2022 04:00:21.455 - oc_logger - INFO - Function evaluation number: 126, SI: 1, Sub-iteration number: 68, FoM: 0.5003189075676563
06/06/2022 04:00:21.605 - oc_logger - INFO - Function evaluation number: 127, SI: 1, Sub-iteration number: 69, FoM: 0.5005775416336247
06/06/2022 04:00:21.762 - oc_logger - INFO - Function evaluation number: 128, SI: 1, Sub-iteration number: 70, FoM: 0.5008190697651307
06/06/2022 04:00:21.914 - oc_logger - INFO - Function evaluation number: 129, SI: 1, Sub-iteration number: 70, FoM: 0.5002950051009148
06/06/2022 04:00:22.074 - oc_logger - INFO - Function evaluation number: 130, SI: 1, Sub-iteration number: 71, FoM: 0.5007886775044628
06/06/2022 04:00:22.227 - oc_logger - INFO - Function evaluation number: 131, SI: 1, Sub-iteration number: 71, FoM: 0.5002378164170487
06/06/2022 04:00:22.383 - oc_logger - INFO - Function evaluation number: 132, SI: 1, Sub-iteration number: 72, FoM: 0.5005141516170064
06/06/2022 04:00:22.535 - oc_logger - INFO - Function evaluation number: 133, SI: 1, Sub-iteration number: 72, FoM: 0.5002166475601814
06/06/2022 04:00:22.535 - oc_logger - INFO - SI 1 finished - Number of evaluations: 133, Best FoM: 0.5000314478464322, Terminate reason: Convergence of the FoM.

06/06/2022 04:00:22.535 - oc_logger - INFO - Direct search start time has been reset.
06/06/2022 04:00:22.693 - oc_logger - INFO - Function evaluation number: 134, SI: 2, Sub-iteration number: 0, FoM: 0.5000314478464322
06/06/2022 04:00:22.843 - oc_logger - INFO - New record achieved. Previous FoM: 0.5000314478464322, new best FoM : 0.49981321733591666
06/06/2022 04:00:22.843 - oc_logger - INFO - Function evaluation number: 135, SI: 2, Sub-iteration number: 0, FoM: 0.49981321733591666
06/06/2022 04:00:22.999 - oc_logger - INFO - Function evaluation number: 136, SI: 2, Sub-iteration number: 0, FoM: 0.5002222291461673
06/06/2022 04:00:23.151 - oc_logger - INFO - Function evaluation number: 137, SI: 2, Sub-iteration number: 0, FoM: 0.49985059081396743
06/06/2022 04:00:23.309 - oc_logger - INFO - Function evaluation number: 138, SI: 2, Sub-iteration number: 0, FoM: 0.49991895064567604
06/06/2022 04:00:23.464 - oc_logger - INFO - Function evaluation number: 139, SI: 2, Sub-iteration number: 0, FoM: 0.49984739459244687
06/06/2022 04:00:23.623 - oc_logger - INFO - Function evaluation number: 140, SI: 2, Sub-iteration number: 0, FoM: 0.5000685339154063
06/06/2022 04:00:23.779 - oc_logger - INFO - Function evaluation number: 141, SI: 2, Sub-iteration number: 0, FoM: 0.5000694579488288
06/06/2022 04:00:23.937 - oc_logger - INFO - Function evaluation number: 142, SI: 2, Sub-iteration number: 0, FoM: 0.5000489764421827
06/06/2022 04:00:24.090 - oc_logger - INFO - New record achieved. Previous FoM: 0.49981321733591666, new best FoM : 0.4990263853696765
06/06/2022 04:00:24.090 - oc_logger - INFO - Function evaluation number: 143, SI: 2, Sub-iteration number: 0, FoM: 0.4990263853696765
06/06/2022 04:00:24.249 - oc_logger - INFO - Function evaluation number: 144, SI: 2, Sub-iteration number: 1, FoM: 0.49974772717064053
06/06/2022 04:00:24.401 - oc_logger - INFO - Function evaluation number: 145, SI: 2, Sub-iteration number: 2, FoM: 0.4995411646600142
06/06/2022 04:00:24.562 - oc_logger - INFO - Function evaluation number: 146, SI: 2, Sub-iteration number: 3, FoM: 0.49923507975335324
06/06/2022 04:00:24.715 - oc_logger - INFO - Function evaluation number: 147, SI: 2, Sub-iteration number: 4, FoM: 0.49935787853385905
06/06/2022 04:00:24.874 - oc_logger - INFO - Function evaluation number: 148, SI: 2, Sub-iteration number: 5, FoM: 0.49926460791296534
06/06/2022 04:00:25.034 - oc_logger - INFO - New record achieved. Previous FoM: 0.4990263853696765, new best FoM : 0.4989650822700459
06/06/2022 04:00:25.034 - oc_logger - INFO - Function evaluation number: 149, SI: 2, Sub-iteration number: 6, FoM: 0.4989650822700459
06/06/2022 04:00:25.189 - oc_logger - INFO - New record achieved. Previous FoM: 0.4989650822700459, new best FoM : 0.4988687708723516
06/06/2022 04:00:25.189 - oc_logger - INFO - Function evaluation number: 150, SI: 2, Sub-iteration number: 6, FoM: 0.4988687708723516
06/06/2022 04:00:25.347 - oc_logger - INFO - Function evaluation number: 151, SI: 2, Sub-iteration number: 7, FoM: 0.49931280680441836
06/06/2022 04:00:25.507 - oc_logger - INFO - Function evaluation number: 152, SI: 2, Sub-iteration number: 8, FoM: 0.49920562262656254
06/06/2022 04:00:25.661 - oc_logger - INFO - Function evaluation number: 153, SI: 2, Sub-iteration number: 9, FoM: 0.49966781177937214
06/06/2022 04:00:25.821 - oc_logger - INFO - New record achieved. Previous FoM: 0.4988687708723516, new best FoM : 0.4986367099046153
06/06/2022 04:00:25.821 - oc_logger - INFO - Function evaluation number: 154, SI: 2, Sub-iteration number: 10, FoM: 0.4986367099046153
06/06/2022 04:00:25.974 - oc_logger - INFO - New record achieved. Previous FoM: 0.4986367099046153, new best FoM : 0.49852139974741405
06/06/2022 04:00:25.974 - oc_logger - INFO - Function evaluation number: 155, SI: 2, Sub-iteration number: 10, FoM: 0.49852139974741405
06/06/2022 04:00:26.133 - oc_logger - INFO - Function evaluation number: 156, SI: 2, Sub-iteration number: 11, FoM: 0.4993945080702459
06/06/2022 04:00:26.281 - oc_logger - INFO - Function evaluation number: 157, SI: 2, Sub-iteration number: 12, FoM: 0.4985884862593676
06/06/2022 04:00:26.434 - oc_logger - INFO - Function evaluation number: 158, SI: 2, Sub-iteration number: 13, FoM: 0.4995997712614818
06/06/2022 04:00:26.584 - oc_logger - INFO - Function evaluation number: 159, SI: 2, Sub-iteration number: 13, FoM: 0.49916376053956824
06/06/2022 04:00:26.739 - oc_logger - INFO - Function evaluation number: 160, SI: 2, Sub-iteration number: 14, FoM: 0.4985452061784793
06/06/2022 04:00:26.890 - oc_logger - INFO - New record achieved. Previous FoM: 0.49852139974741405, new best FoM : 0.49850157344738877
06/06/2022 04:00:26.890 - oc_logger - INFO - Function evaluation number: 161, SI: 2, Sub-iteration number: 15, FoM: 0.49850157344738877
06/06/2022 04:00:27.051 - oc_logger - INFO - New record achieved. Previous FoM: 0.49850157344738877, new best FoM : 0.49843265721231467
06/06/2022 04:00:27.052 - oc_logger - INFO - Function evaluation number: 162, SI: 2, Sub-iteration number: 15, FoM: 0.49843265721231467
06/06/2022 04:00:27.207 - oc_logger - INFO - New record achieved. Previous FoM: 0.49843265721231467, new best FoM : 0.4982321292852473
06/06/2022 04:00:27.207 - oc_logger - INFO - Function evaluation number: 163, SI: 2, Sub-iteration number: 16, FoM: 0.4982321292852473
06/06/2022 04:00:27.366 - oc_logger - INFO - New record achieved. Previous FoM: 0.4982321292852473, new best FoM : 0.4981098756825215
06/06/2022 04:00:27.366 - oc_logger - INFO - Function evaluation number: 164, SI: 2, Sub-iteration number: 16, FoM: 0.4981098756825215
06/06/2022 04:00:27.519 - oc_logger - INFO - Function evaluation number: 165, SI: 2, Sub-iteration number: 17, FoM: 0.4985198469421328
06/06/2022 04:00:27.668 - oc_logger - INFO - New record achieved. Previous FoM: 0.4981098756825215, new best FoM : 0.4980879788387337
06/06/2022 04:00:27.668 - oc_logger - INFO - Function evaluation number: 166, SI: 2, Sub-iteration number: 18, FoM: 0.4980879788387337
06/06/2022 04:00:27.820 - oc_logger - INFO - New record achieved. Previous FoM: 0.4980879788387337, new best FoM : 0.49800061155531916
06/06/2022 04:00:27.820 - oc_logger - INFO - Function evaluation number: 167, SI: 2, Sub-iteration number: 18, FoM: 0.49800061155531916
06/06/2022 04:00:27.979 - oc_logger - INFO - Function evaluation number: 168, SI: 2, Sub-iteration number: 19, FoM: 0.4982060712781773
06/06/2022 04:00:28.131 - oc_logger - INFO - New record achieved. Previous FoM: 0.49800061155531916, new best FoM : 0.49760886558849104
06/06/2022 04:00:28.131 - oc_logger - INFO - Function evaluation number: 169, SI: 2, Sub-iteration number: 20, FoM: 0.49760886558849104
06/06/2022 04:00:28.287 - oc_logger - INFO - New record achieved. Previous FoM: 0.49760886558849104, new best FoM : 0.4974412493898659
06/06/2022 04:00:28.288 - oc_logger - INFO - Function evaluation number: 170, SI: 2, Sub-iteration number: 20, FoM: 0.4974412493898659
06/06/2022 04:00:28.444 - oc_logger - INFO - Function evaluation number: 171, SI: 2, Sub-iteration number: 21, FoM: 0.49757452700383475
06/06/2022 04:00:28.595 - oc_logger - INFO - Function evaluation number: 172, SI: 2, Sub-iteration number: 22, FoM: 0.4975264604640832
06/06/2022 04:00:28.748 - oc_logger - INFO - New record achieved. Previous FoM: 0.4974412493898659, new best FoM : 0.497332057369379
06/06/2022 04:00:28.749 - oc_logger - INFO - Function evaluation number: 173, SI: 2, Sub-iteration number: 23, FoM: 0.497332057369379
06/06/2022 04:00:28.905 - oc_logger - INFO - New record achieved. Previous FoM: 0.497332057369379, new best FoM : 0.49718925080321363
06/06/2022 04:00:28.905 - oc_logger - INFO - Function evaluation number: 174, SI: 2, Sub-iteration number: 23, FoM: 0.49718925080321363
06/06/2022 04:00:29.058 - oc_logger - INFO - New record achieved. Previous FoM: 0.49718925080321363, new best FoM : 0.49711583030224316
06/06/2022 04:00:29.058 - oc_logger - INFO - Function evaluation number: 175, SI: 2, Sub-iteration number: 24, FoM: 0.49711583030224316
06/06/2022 04:00:29.213 - oc_logger - INFO - New record achieved. Previous FoM: 0.49711583030224316, new best FoM : 0.4969637576238648
06/06/2022 04:00:29.213 - oc_logger - INFO - Function evaluation number: 176, SI: 2, Sub-iteration number: 24, FoM: 0.4969637576238648
06/06/2022 04:00:29.366 - oc_logger - INFO - Function evaluation number: 177, SI: 2, Sub-iteration number: 25, FoM: 0.49715150068387637
06/06/2022 04:00:29.523 - oc_logger - INFO - New record achieved. Previous FoM: 0.4969637576238648, new best FoM : 0.4966954885636905
06/06/2022 04:00:29.523 - oc_logger - INFO - Function evaluation number: 178, SI: 2, Sub-iteration number: 26, FoM: 0.4966954885636905
06/06/2022 04:00:29.675 - oc_logger - INFO - New record achieved. Previous FoM: 0.4966954885636905, new best FoM : 0.4965352147920489
06/06/2022 04:00:29.675 - oc_logger - INFO - Function evaluation number: 179, SI: 2, Sub-iteration number: 26, FoM: 0.4965352147920489
06/06/2022 04:00:29.833 - oc_logger - INFO - Function evaluation number: 180, SI: 2, Sub-iteration number: 27, FoM: 0.49698101467213207
06/06/2022 04:00:29.989 - oc_logger - INFO - New record achieved. Previous FoM: 0.4965352147920489, new best FoM : 0.4961700030245868
06/06/2022 04:00:29.989 - oc_logger - INFO - Function evaluation number: 181, SI: 2, Sub-iteration number: 28, FoM: 0.4961700030245868
06/06/2022 04:00:30.148 - oc_logger - INFO - New record achieved. Previous FoM: 0.4961700030245868, new best FoM : 0.49593736723999426
06/06/2022 04:00:30.148 - oc_logger - INFO - Function evaluation number: 182, SI: 2, Sub-iteration number: 28, FoM: 0.49593736723999426
06/06/2022 04:00:30.303 - oc_logger - INFO - Function evaluation number: 183, SI: 2, Sub-iteration number: 29, FoM: 0.4960713480164536
06/06/2022 04:00:30.462 - oc_logger - INFO - Function evaluation number: 184, SI: 2, Sub-iteration number: 30, FoM: 0.49624164897565026
06/06/2022 04:00:30.615 - oc_logger - INFO - New record achieved. Previous FoM: 0.49593736723999426, new best FoM : 0.49574322947804084
06/06/2022 04:00:30.616 - oc_logger - INFO - Function evaluation number: 185, SI: 2, Sub-iteration number: 31, FoM: 0.49574322947804084
06/06/2022 04:00:30.777 - oc_logger - INFO - New record achieved. Previous FoM: 0.49574322947804084, new best FoM : 0.4955423601882314
06/06/2022 04:00:30.777 - oc_logger - INFO - Function evaluation number: 186, SI: 2, Sub-iteration number: 31, FoM: 0.4955423601882314
06/06/2022 04:00:30.927 - oc_logger - INFO - New record achieved. Previous FoM: 0.4955423601882314, new best FoM : 0.4953652899752856
06/06/2022 04:00:30.927 - oc_logger - INFO - Function evaluation number: 187, SI: 2, Sub-iteration number: 32, FoM: 0.4953652899752856
06/06/2022 04:00:31.087 - oc_logger - INFO - New record achieved. Previous FoM: 0.4953652899752856, new best FoM : 0.49512268860764164
06/06/2022 04:00:31.088 - oc_logger - INFO - Function evaluation number: 188, SI: 2, Sub-iteration number: 32, FoM: 0.49512268860764164
06/06/2022 04:00:31.240 - oc_logger - INFO - Function evaluation number: 189, SI: 2, Sub-iteration number: 33, FoM: 0.49526828877198437
06/06/2022 04:00:31.396 - oc_logger - INFO - New record achieved. Previous FoM: 0.49512268860764164, new best FoM : 0.49493547239772173
06/06/2022 04:00:31.396 - oc_logger - INFO - Function evaluation number: 190, SI: 2, Sub-iteration number: 34, FoM: 0.49493547239772173
06/06/2022 04:00:31.549 - oc_logger - INFO - New record achieved. Previous FoM: 0.49493547239772173, new best FoM : 0.49471344880606105
06/06/2022 04:00:31.549 - oc_logger - INFO - Function evaluation number: 191, SI: 2, Sub-iteration number: 34, FoM: 0.49471344880606105
06/06/2022 04:00:31.703 - oc_logger - INFO - Function evaluation number: 192, SI: 2, Sub-iteration number: 35, FoM: 0.49492670187814747
06/06/2022 04:00:31.857 - oc_logger - INFO - New record achieved. Previous FoM: 0.49471344880606105, new best FoM : 0.4939513330153148
06/06/2022 04:00:31.857 - oc_logger - INFO - Function evaluation number: 193, SI: 2, Sub-iteration number: 36, FoM: 0.4939513330153148
06/06/2022 04:00:32.021 - oc_logger - INFO - New record achieved. Previous FoM: 0.4939513330153148, new best FoM : 0.4935947217607697
06/06/2022 04:00:32.021 - oc_logger - INFO - Function evaluation number: 194, SI: 2, Sub-iteration number: 36, FoM: 0.4935947217607697
06/06/2022 04:00:32.170 - oc_logger - INFO - Function evaluation number: 195, SI: 2, Sub-iteration number: 37, FoM: 0.49413457959743134
06/06/2022 04:00:32.326 - oc_logger - INFO - Function evaluation number: 196, SI: 2, Sub-iteration number: 38, FoM: 0.49385540130529526
06/06/2022 04:00:32.477 - oc_logger - INFO - New record achieved. Previous FoM: 0.4935947217607697, new best FoM : 0.49350186199290835
06/06/2022 04:00:32.477 - oc_logger - INFO - Function evaluation number: 197, SI: 2, Sub-iteration number: 39, FoM: 0.49350186199290835
06/06/2022 04:00:32.640 - oc_logger - INFO - New record achieved. Previous FoM: 0.49350186199290835, new best FoM : 0.4932530038607519
06/06/2022 04:00:32.640 - oc_logger - INFO - Function evaluation number: 198, SI: 2, Sub-iteration number: 39, FoM: 0.4932530038607519
06/06/2022 04:00:32.786 - oc_logger - INFO - New record achieved. Previous FoM: 0.4932530038607519, new best FoM : 0.492732207004993
06/06/2022 04:00:32.786 - oc_logger - INFO - Function evaluation number: 199, SI: 2, Sub-iteration number: 40, FoM: 0.492732207004993
06/06/2022 04:00:32.948 - oc_logger - INFO - New record achieved. Previous FoM: 0.492732207004993, new best FoM : 0.49234671242614336
06/06/2022 04:00:32.948 - oc_logger - INFO - Function evaluation number: 200, SI: 2, Sub-iteration number: 40, FoM: 0.49234671242614336
06/06/2022 04:00:33.103 - oc_logger - INFO - Function evaluation number: 201, SI: 2, Sub-iteration number: 41, FoM: 0.4925385068873671
06/06/2022 04:00:33.260 - oc_logger - INFO - Function evaluation number: 202, SI: 2, Sub-iteration number: 42, FoM: 0.4924608327780532
06/06/2022 04:00:33.410 - oc_logger - INFO - New record achieved. Previous FoM: 0.49234671242614336, new best FoM : 0.49189098276361376
06/06/2022 04:00:33.410 - oc_logger - INFO - Function evaluation number: 203, SI: 2, Sub-iteration number: 43, FoM: 0.49189098276361376
06/06/2022 04:00:33.569 - oc_logger - INFO - New record achieved. Previous FoM: 0.49189098276361376, new best FoM : 0.4915614091008004
06/06/2022 04:00:33.570 - oc_logger - INFO - Function evaluation number: 204, SI: 2, Sub-iteration number: 43, FoM: 0.4915614091008004
06/06/2022 04:00:33.717 - oc_logger - INFO - New record achieved. Previous FoM: 0.4915614091008004, new best FoM : 0.4913375923157034
06/06/2022 04:00:33.717 - oc_logger - INFO - Function evaluation number: 205, SI: 2, Sub-iteration number: 44, FoM: 0.4913375923157034
06/06/2022 04:00:33.872 - oc_logger - INFO - New record achieved. Previous FoM: 0.4913375923157034, new best FoM : 0.49096600619312913
06/06/2022 04:00:33.872 - oc_logger - INFO - Function evaluation number: 206, SI: 2, Sub-iteration number: 44, FoM: 0.49096600619312913
06/06/2022 04:00:34.024 - oc_logger - INFO - New record achieved. Previous FoM: 0.49096600619312913, new best FoM : 0.49048994638744703
06/06/2022 04:00:34.024 - oc_logger - INFO - Function evaluation number: 207, SI: 2, Sub-iteration number: 45, FoM: 0.49048994638744703
06/06/2022 04:00:34.179 - oc_logger - INFO - New record achieved. Previous FoM: 0.49048994638744703, new best FoM : 0.48999893093211533
06/06/2022 04:00:34.180 - oc_logger - INFO - Function evaluation number: 208, SI: 2, Sub-iteration number: 45, FoM: 0.48999893093211533
06/06/2022 04:00:34.327 - oc_logger - INFO - Function evaluation number: 209, SI: 2, Sub-iteration number: 46, FoM: 0.4906662445634006
06/06/2022 04:00:34.479 - oc_logger - INFO - New record achieved. Previous FoM: 0.48999893093211533, new best FoM : 0.48981934521739356
06/06/2022 04:00:34.479 - oc_logger - INFO - Function evaluation number: 210, SI: 2, Sub-iteration number: 47, FoM: 0.48981934521739356
06/06/2022 04:00:34.630 - oc_logger - INFO - New record achieved. Previous FoM: 0.48981934521739356, new best FoM : 0.48937078106462617
06/06/2022 04:00:34.631 - oc_logger - INFO - Function evaluation number: 211, SI: 2, Sub-iteration number: 47, FoM: 0.48937078106462617
06/06/2022 04:00:34.783 - oc_logger - INFO - New record achieved. Previous FoM: 0.48937078106462617, new best FoM : 0.4889918664866372
06/06/2022 04:00:34.783 - oc_logger - INFO - Function evaluation number: 212, SI: 2, Sub-iteration number: 48, FoM: 0.4889918664866372
06/06/2022 04:00:34.936 - oc_logger - INFO - New record achieved. Previous FoM: 0.4889918664866372, new best FoM : 0.48844815699499355
06/06/2022 04:00:34.936 - oc_logger - INFO - Function evaluation number: 213, SI: 2, Sub-iteration number: 48, FoM: 0.48844815699499355
06/06/2022 04:00:35.088 - oc_logger - INFO - Function evaluation number: 214, SI: 2, Sub-iteration number: 49, FoM: 0.4888541267370665
06/06/2022 04:00:35.242 - oc_logger - INFO - New record achieved. Previous FoM: 0.48844815699499355, new best FoM : 0.48817644791999293
06/06/2022 04:00:35.242 - oc_logger - INFO - Function evaluation number: 215, SI: 2, Sub-iteration number: 50, FoM: 0.48817644791999293
06/06/2022 04:00:35.400 - oc_logger - INFO - New record achieved. Previous FoM: 0.48817644791999293, new best FoM : 0.4877246764533141
06/06/2022 04:00:35.400 - oc_logger - INFO - Function evaluation number: 216, SI: 2, Sub-iteration number: 50, FoM: 0.4877246764533141
06/06/2022 04:00:35.556 - oc_logger - INFO - New record achieved. Previous FoM: 0.4877246764533141, new best FoM : 0.4875082786012096
06/06/2022 04:00:35.557 - oc_logger - INFO - Function evaluation number: 217, SI: 2, Sub-iteration number: 51, FoM: 0.4875082786012096
06/06/2022 04:00:35.725 - oc_logger - INFO - New record achieved. Previous FoM: 0.4875082786012096, new best FoM : 0.4870849470296058
06/06/2022 04:00:35.725 - oc_logger - INFO - Function evaluation number: 218, SI: 2, Sub-iteration number: 51, FoM: 0.4870849470296058
06/06/2022 04:00:35.887 - oc_logger - INFO - New record achieved. Previous FoM: 0.4870849470296058, new best FoM : 0.4866778050291414
06/06/2022 04:00:35.887 - oc_logger - INFO - Function evaluation number: 219, SI: 2, Sub-iteration number: 52, FoM: 0.4866778050291414
06/06/2022 04:00:36.064 - oc_logger - INFO - New record achieved. Previous FoM: 0.4866778050291414, new best FoM : 0.4863293296090797
06/06/2022 04:00:36.064 - oc_logger - INFO - Function evaluation number: 220, SI: 2, Sub-iteration number: 52, FoM: 0.4863293296090797
06/06/2022 04:00:36.229 - oc_logger - INFO - New record achieved. Previous FoM: 0.4863293296090797, new best FoM : 0.4862670420388152
06/06/2022 04:00:36.229 - oc_logger - INFO - Function evaluation number: 221, SI: 2, Sub-iteration number: 53, FoM: 0.4862670420388152
06/06/2022 04:00:36.387 - oc_logger - INFO - New record achieved. Previous FoM: 0.4862670420388152, new best FoM : 0.4858361411647689
06/06/2022 04:00:36.387 - oc_logger - INFO - Function evaluation number: 222, SI: 2, Sub-iteration number: 53, FoM: 0.4858361411647689
06/06/2022 04:00:36.538 - oc_logger - INFO - Function evaluation number: 223, SI: 2, Sub-iteration number: 54, FoM: 0.48599711709848525
06/06/2022 04:00:36.695 - oc_logger - INFO - New record achieved. Previous FoM: 0.4858361411647689, new best FoM : 0.48542856642524257
06/06/2022 04:00:36.695 - oc_logger - INFO - Function evaluation number: 224, SI: 2, Sub-iteration number: 55, FoM: 0.48542856642524257
06/06/2022 04:00:36.861 - oc_logger - INFO - New record achieved. Previous FoM: 0.48542856642524257, new best FoM : 0.4850585931085706
06/06/2022 04:00:36.861 - oc_logger - INFO - Function evaluation number: 225, SI: 2, Sub-iteration number: 55, FoM: 0.4850585931085706
06/06/2022 04:00:37.027 - oc_logger - INFO - Function evaluation number: 226, SI: 2, Sub-iteration number: 56, FoM: 0.4851021558470152
06/06/2022 04:00:37.179 - oc_logger - INFO - New record achieved. Previous FoM: 0.4850585931085706, new best FoM : 0.48461244757268507
06/06/2022 04:00:37.179 - oc_logger - INFO - Function evaluation number: 227, SI: 2, Sub-iteration number: 57, FoM: 0.48461244757268507
06/06/2022 04:00:37.369 - oc_logger - INFO - New record achieved. Previous FoM: 0.48461244757268507, new best FoM : 0.48440408618907227
06/06/2022 04:00:37.369 - oc_logger - INFO - Function evaluation number: 228, SI: 2, Sub-iteration number: 57, FoM: 0.48440408618907227
06/06/2022 04:00:37.555 - oc_logger - INFO - New record achieved. Previous FoM: 0.48440408618907227, new best FoM : 0.48380303219538967
06/06/2022 04:00:37.555 - oc_logger - INFO - Function evaluation number: 229, SI: 2, Sub-iteration number: 58, FoM: 0.48380303219538967
06/06/2022 04:00:37.727 - oc_logger - INFO - New record achieved. Previous FoM: 0.48380303219538967, new best FoM : 0.4834083277270622
06/06/2022 04:00:37.728 - oc_logger - INFO - Function evaluation number: 230, SI: 2, Sub-iteration number: 58, FoM: 0.4834083277270622
06/06/2022 04:00:38.108 - oc_logger - INFO - Function evaluation number: 231, SI: 2, Sub-iteration number: 59, FoM: 0.4844866796181725
06/06/2022 04:00:38.342 - oc_logger - INFO - Function evaluation number: 232, SI: 2, Sub-iteration number: 60, FoM: 0.4834580342310568
06/06/2022 04:00:38.588 - oc_logger - INFO - Function evaluation number: 233, SI: 2, Sub-iteration number: 61, FoM: 0.4839030666289418
06/06/2022 04:00:38.744 - oc_logger - INFO - New record achieved. Previous FoM: 0.4834083277270622, new best FoM : 0.4826625450149574
06/06/2022 04:00:38.745 - oc_logger - INFO - Function evaluation number: 234, SI: 2, Sub-iteration number: 62, FoM: 0.4826625450149574
06/06/2022 04:00:38.903 - oc_logger - INFO - New record achieved. Previous FoM: 0.4826625450149574, new best FoM : 0.48236384395878773
06/06/2022 04:00:38.904 - oc_logger - INFO - Function evaluation number: 235, SI: 2, Sub-iteration number: 62, FoM: 0.48236384395878773
06/06/2022 04:00:39.059 - oc_logger - INFO - Function evaluation number: 236, SI: 2, Sub-iteration number: 63, FoM: 0.4823853765979955
06/06/2022 04:00:39.224 - oc_logger - INFO - Function evaluation number: 237, SI: 2, Sub-iteration number: 64, FoM: 0.4840936652879614
06/06/2022 04:00:39.399 - oc_logger - INFO - New record achieved. Previous FoM: 0.48236384395878773, new best FoM : 0.48218432680932166
06/06/2022 04:00:39.399 - oc_logger - INFO - Function evaluation number: 238, SI: 2, Sub-iteration number: 65, FoM: 0.48218432680932166
06/06/2022 04:00:39.564 - oc_logger - INFO - New record achieved. Previous FoM: 0.48218432680932166, new best FoM : 0.481996291024376
06/06/2022 04:00:39.564 - oc_logger - INFO - Function evaluation number: 239, SI: 2, Sub-iteration number: 65, FoM: 0.481996291024376
06/06/2022 04:00:39.757 - oc_logger - INFO - Function evaluation number: 240, SI: 2, Sub-iteration number: 66, FoM: 0.4841811288784479
06/06/2022 04:00:39.921 - oc_logger - INFO - New record achieved. Previous FoM: 0.481996291024376, new best FoM : 0.48155156338741256
06/06/2022 04:00:39.921 - oc_logger - INFO - Function evaluation number: 241, SI: 2, Sub-iteration number: 67, FoM: 0.48155156338741256
06/06/2022 04:00:40.087 - oc_logger - INFO - New record achieved. Previous FoM: 0.48155156338741256, new best FoM : 0.48128322272933144
06/06/2022 04:00:40.087 - oc_logger - INFO - Function evaluation number: 242, SI: 2, Sub-iteration number: 67, FoM: 0.48128322272933144
06/06/2022 04:00:40.251 - oc_logger - INFO - Function evaluation number: 243, SI: 2, Sub-iteration number: 68, FoM: 0.48170186806560256
06/06/2022 04:00:40.413 - oc_logger - INFO - Function evaluation number: 244, SI: 2, Sub-iteration number: 69, FoM: 0.48326111375308145
06/06/2022 04:00:40.579 - oc_logger - INFO - Function evaluation number: 245, SI: 2, Sub-iteration number: 70, FoM: 0.48253963628412466
06/06/2022 04:00:40.749 - oc_logger - INFO - Function evaluation number: 246, SI: 2, Sub-iteration number: 71, FoM: 0.4814256851077212
06/06/2022 04:00:40.916 - oc_logger - INFO - New record achieved. Previous FoM: 0.48128322272933144, new best FoM : 0.48077710933677364
06/06/2022 04:00:40.917 - oc_logger - INFO - Function evaluation number: 247, SI: 2, Sub-iteration number: 72, FoM: 0.48077710933677364
06/06/2022 04:00:41.082 - oc_logger - INFO - New record achieved. Previous FoM: 0.48077710933677364, new best FoM : 0.48059503967982975
06/06/2022 04:00:41.082 - oc_logger - INFO - Function evaluation number: 248, SI: 2, Sub-iteration number: 72, FoM: 0.48059503967982975
06/06/2022 04:00:41.241 - oc_logger - INFO - Function evaluation number: 249, SI: 2, Sub-iteration number: 73, FoM: 0.480736016592597
06/06/2022 04:00:41.395 - oc_logger - INFO - Function evaluation number: 250, SI: 2, Sub-iteration number: 74, FoM: 0.4810068704412561
06/06/2022 04:00:41.538 - oc_logger - INFO - Function evaluation number: 251, SI: 2, Sub-iteration number: 75, FoM: 0.48247671602689857
06/06/2022 04:00:41.691 - oc_logger - INFO - Function evaluation number: 252, SI: 2, Sub-iteration number: 75, FoM: 0.48177155909670766
06/06/2022 04:00:41.848 - oc_logger - INFO - New record achieved. Previous FoM: 0.48059503967982975, new best FoM : 0.48026963759633534
06/06/2022 04:00:41.849 - oc_logger - INFO - Function evaluation number: 253, SI: 2, Sub-iteration number: 76, FoM: 0.48026963759633534
06/06/2022 04:00:42.009 - oc_logger - INFO - New record achieved. Previous FoM: 0.48026963759633534, new best FoM : 0.48017539220365824
06/06/2022 04:00:42.009 - oc_logger - INFO - Function evaluation number: 254, SI: 2, Sub-iteration number: 76, FoM: 0.48017539220365824
06/06/2022 04:00:42.164 - oc_logger - INFO - New record achieved. Previous FoM: 0.48017539220365824, new best FoM : 0.48005677764090826
06/06/2022 04:00:42.164 - oc_logger - INFO - Function evaluation number: 255, SI: 2, Sub-iteration number: 77, FoM: 0.48005677764090826
06/06/2022 04:00:42.322 - oc_logger - INFO - New record achieved. Previous FoM: 0.48005677764090826, new best FoM : 0.4799975247418877
06/06/2022 04:00:42.322 - oc_logger - INFO - Function evaluation number: 256, SI: 2, Sub-iteration number: 77, FoM: 0.4799975247418877
06/06/2022 04:00:42.469 - oc_logger - INFO - New record achieved. Previous FoM: 0.4799975247418877, new best FoM : 0.4794154464405814
06/06/2022 04:00:42.469 - oc_logger - INFO - Function evaluation number: 257, SI: 2, Sub-iteration number: 78, FoM: 0.4794154464405814
06/06/2022 04:00:42.615 - oc_logger - INFO - New record achieved. Previous FoM: 0.4794154464405814, new best FoM : 0.47920500995807835
06/06/2022 04:00:42.615 - oc_logger - INFO - Function evaluation number: 258, SI: 2, Sub-iteration number: 78, FoM: 0.47920500995807835
06/06/2022 04:00:42.763 - oc_logger - INFO - Function evaluation number: 259, SI: 2, Sub-iteration number: 79, FoM: 0.4795827644781214
06/06/2022 04:00:42.907 - oc_logger - INFO - New record achieved. Previous FoM: 0.47920500995807835, new best FoM : 0.47890979159023794
06/06/2022 04:00:42.907 - oc_logger - INFO - Function evaluation number: 260, SI: 2, Sub-iteration number: 80, FoM: 0.47890979159023794
06/06/2022 04:00:43.057 - oc_logger - INFO - New record achieved. Previous FoM: 0.47890979159023794, new best FoM : 0.478732704845645
06/06/2022 04:00:43.057 - oc_logger - INFO - Function evaluation number: 261, SI: 2, Sub-iteration number: 80, FoM: 0.478732704845645
06/06/2022 04:00:43.213 - oc_logger - INFO - Function evaluation number: 262, SI: 2, Sub-iteration number: 81, FoM: 0.48088382911862926
06/06/2022 04:00:43.361 - oc_logger - INFO - New record achieved. Previous FoM: 0.478732704845645, new best FoM : 0.47859950938674356
06/06/2022 04:00:43.361 - oc_logger - INFO - Function evaluation number: 263, SI: 2, Sub-iteration number: 82, FoM: 0.47859950938674356
06/06/2022 04:00:43.520 - oc_logger - INFO - New record achieved. Previous FoM: 0.47859950938674356, new best FoM : 0.4784175983303588
06/06/2022 04:00:43.521 - oc_logger - INFO - Function evaluation number: 264, SI: 2, Sub-iteration number: 82, FoM: 0.4784175983303588
06/06/2022 04:00:43.673 - oc_logger - INFO - Function evaluation number: 265, SI: 2, Sub-iteration number: 83, FoM: 0.4784266349531794
06/06/2022 04:00:43.824 - oc_logger - INFO - Function evaluation number: 266, SI: 2, Sub-iteration number: 84, FoM: 0.48070134311732815
06/06/2022 04:00:43.985 - oc_logger - INFO - New record achieved. Previous FoM: 0.4784175983303588, new best FoM : 0.47814454125352845
06/06/2022 04:00:43.985 - oc_logger - INFO - Function evaluation number: 267, SI: 2, Sub-iteration number: 85, FoM: 0.47814454125352845
06/06/2022 04:00:44.148 - oc_logger - INFO - New record achieved. Previous FoM: 0.47814454125352845, new best FoM : 0.47800539820563526
06/06/2022 04:00:44.149 - oc_logger - INFO - Function evaluation number: 268, SI: 2, Sub-iteration number: 85, FoM: 0.47800539820563526
06/06/2022 04:00:44.438 - oc_logger - INFO - Function evaluation number: 269, SI: 2, Sub-iteration number: 86, FoM: 0.4797935898925735
06/06/2022 04:00:44.675 - oc_logger - INFO - Function evaluation number: 270, SI: 2, Sub-iteration number: 87, FoM: 0.47925595054957193
06/06/2022 04:00:44.832 - oc_logger - INFO - New record achieved. Previous FoM: 0.47800539820563526, new best FoM : 0.47753285792685185
06/06/2022 04:00:44.833 - oc_logger - INFO - Function evaluation number: 271, SI: 2, Sub-iteration number: 88, FoM: 0.47753285792685185
06/06/2022 04:00:44.994 - oc_logger - INFO - New record achieved. Previous FoM: 0.47753285792685185, new best FoM : 0.4773714213143675
06/06/2022 04:00:44.994 - oc_logger - INFO - Function evaluation number: 272, SI: 2, Sub-iteration number: 88, FoM: 0.4773714213143675
06/06/2022 04:00:45.144 - oc_logger - INFO - Function evaluation number: 273, SI: 2, Sub-iteration number: 89, FoM: 0.4776390222977237
06/06/2022 04:00:45.293 - oc_logger - INFO - Function evaluation number: 274, SI: 2, Sub-iteration number: 90, FoM: 0.4794428044819098
06/06/2022 04:00:45.445 - oc_logger - INFO - New record achieved. Previous FoM: 0.4773714213143675, new best FoM : 0.47700243542057785
06/06/2022 04:00:45.446 - oc_logger - INFO - Function evaluation number: 275, SI: 2, Sub-iteration number: 91, FoM: 0.47700243542057785
06/06/2022 04:00:45.602 - oc_logger - INFO - New record achieved. Previous FoM: 0.47700243542057785, new best FoM : 0.47685793458553694
06/06/2022 04:00:45.602 - oc_logger - INFO - Function evaluation number: 276, SI: 2, Sub-iteration number: 91, FoM: 0.47685793458553694
06/06/2022 04:00:45.751 - oc_logger - INFO - Function evaluation number: 277, SI: 2, Sub-iteration number: 92, FoM: 0.47954722436199926
06/06/2022 04:00:45.906 - oc_logger - INFO - Function evaluation number: 278, SI: 2, Sub-iteration number: 92, FoM: 0.47861479435490684
06/06/2022 04:00:46.062 - oc_logger - INFO - Function evaluation number: 279, SI: 2, Sub-iteration number: 93, FoM: 0.480586482135145
06/06/2022 04:00:46.226 - oc_logger - INFO - Function evaluation number: 280, SI: 2, Sub-iteration number: 93, FoM: 0.4783873048996262
06/06/2022 04:00:46.398 - oc_logger - INFO - Function evaluation number: 281, SI: 2, Sub-iteration number: 94, FoM: 0.47714840384432555
06/06/2022 04:00:46.561 - oc_logger - INFO - Function evaluation number: 282, SI: 2, Sub-iteration number: 95, FoM: 0.4768710172808168
06/06/2022 04:00:46.721 - oc_logger - INFO - Function evaluation number: 283, SI: 2, Sub-iteration number: 96, FoM: 0.47758105428164677
06/06/2022 04:00:46.860 - oc_logger - INFO - New record achieved. Previous FoM: 0.47685793458553694, new best FoM : 0.47659449317129676
06/06/2022 04:00:46.860 - oc_logger - INFO - Function evaluation number: 284, SI: 2, Sub-iteration number: 97, FoM: 0.47659449317129676
06/06/2022 04:00:47.049 - oc_logger - INFO - New record achieved. Previous FoM: 0.47659449317129676, new best FoM : 0.4765144489677119
06/06/2022 04:00:47.050 - oc_logger - INFO - Function evaluation number: 285, SI: 2, Sub-iteration number: 97, FoM: 0.4765144489677119
06/06/2022 04:00:47.211 - oc_logger - INFO - New record achieved. Previous FoM: 0.4765144489677119, new best FoM : 0.4761656721643506
06/06/2022 04:00:47.211 - oc_logger - INFO - Function evaluation number: 286, SI: 2, Sub-iteration number: 98, FoM: 0.4761656721643506
06/06/2022 04:00:47.362 - oc_logger - INFO - New record achieved. Previous FoM: 0.4761656721643506, new best FoM : 0.4760185315808748
06/06/2022 04:00:47.362 - oc_logger - INFO - Function evaluation number: 287, SI: 2, Sub-iteration number: 98, FoM: 0.4760185315808748
06/06/2022 04:00:47.510 - oc_logger - INFO - Function evaluation number: 288, SI: 2, Sub-iteration number: 99, FoM: 0.4770741288174959
06/06/2022 04:00:47.673 - oc_logger - INFO - Function evaluation number: 289, SI: 2, Sub-iteration number: 100, FoM: 0.4762379389151885
06/06/2022 04:00:47.845 - oc_logger - INFO - Function evaluation number: 290, SI: 2, Sub-iteration number: 101, FoM: 0.47615974576756237
06/06/2022 04:00:48.011 - oc_logger - INFO - Function evaluation number: 291, SI: 2, Sub-iteration number: 102, FoM: 0.4765916868736392
06/06/2022 04:00:48.174 - oc_logger - INFO - New record achieved. Previous FoM: 0.4760185315808748, new best FoM : 0.47558583247828734
06/06/2022 04:00:48.175 - oc_logger - INFO - Function evaluation number: 292, SI: 2, Sub-iteration number: 103, FoM: 0.47558583247828734
06/06/2022 04:00:48.341 - oc_logger - INFO - New record achieved. Previous FoM: 0.47558583247828734, new best FoM : 0.47548096272791607
06/06/2022 04:00:48.341 - oc_logger - INFO - Function evaluation number: 293, SI: 2, Sub-iteration number: 103, FoM: 0.47548096272791607
06/06/2022 04:00:48.512 - oc_logger - INFO - Function evaluation number: 294, SI: 2, Sub-iteration number: 104, FoM: 0.4761535168831822
06/06/2022 04:00:48.672 - oc_logger - INFO - Function evaluation number: 295, SI: 2, Sub-iteration number: 105, FoM: 0.4775914070399633
06/06/2022 04:00:48.836 - oc_logger - INFO - Function evaluation number: 296, SI: 2, Sub-iteration number: 105, FoM: 0.4765130159662444
06/06/2022 04:00:49.000 - oc_logger - INFO - New record achieved. Previous FoM: 0.47548096272791607, new best FoM : 0.47532778806746867
06/06/2022 04:00:49.000 - oc_logger - INFO - Function evaluation number: 297, SI: 2, Sub-iteration number: 106, FoM: 0.47532778806746867
06/06/2022 04:00:49.153 - oc_logger - INFO - New record achieved. Previous FoM: 0.47532778806746867, new best FoM : 0.4752076489504071
06/06/2022 04:00:49.153 - oc_logger - INFO - Function evaluation number: 298, SI: 2, Sub-iteration number: 106, FoM: 0.4752076489504071
06/06/2022 04:00:49.315 - oc_logger - INFO - New record achieved. Previous FoM: 0.4752076489504071, new best FoM : 0.4751609945402845
06/06/2022 04:00:49.315 - oc_logger - INFO - Function evaluation number: 299, SI: 2, Sub-iteration number: 107, FoM: 0.4751609945402845
06/06/2022 04:00:49.480 - oc_logger - INFO - New record achieved. Previous FoM: 0.4751609945402845, new best FoM : 0.4750477327523074
06/06/2022 04:00:49.480 - oc_logger - INFO - Function evaluation number: 300, SI: 2, Sub-iteration number: 107, FoM: 0.4750477327523074
06/06/2022 04:00:49.637 - oc_logger - INFO - Function evaluation number: 301, SI: 2, Sub-iteration number: 108, FoM: 0.47679711220950083
06/06/2022 04:00:49.794 - oc_logger - INFO - Function evaluation number: 302, SI: 2, Sub-iteration number: 108, FoM: 0.4761233902166587
06/06/2022 04:00:49.953 - oc_logger - INFO - Function evaluation number: 303, SI: 2, Sub-iteration number: 109, FoM: 0.475274692829602
06/06/2022 04:00:50.113 - oc_logger - INFO - Function evaluation number: 304, SI: 2, Sub-iteration number: 110, FoM: 0.47580607977352884
06/06/2022 04:00:50.270 - oc_logger - INFO - Function evaluation number: 305, SI: 2, Sub-iteration number: 111, FoM: 0.4750529724906296
06/06/2022 04:00:50.430 - oc_logger - INFO - Function evaluation number: 306, SI: 2, Sub-iteration number: 112, FoM: 0.475053913337831
06/06/2022 04:00:50.578 - oc_logger - INFO - Function evaluation number: 307, SI: 2, Sub-iteration number: 113, FoM: 0.47561608890751694
06/06/2022 04:00:50.729 - oc_logger - INFO - New record achieved. Previous FoM: 0.4750477327523074, new best FoM : 0.474851313041485
06/06/2022 04:00:50.729 - oc_logger - INFO - Function evaluation number: 308, SI: 2, Sub-iteration number: 114, FoM: 0.474851313041485
06/06/2022 04:00:50.883 - oc_logger - INFO - Function evaluation number: 309, SI: 2, Sub-iteration number: 114, FoM: 0.4748902615116627
06/06/2022 04:00:51.041 - oc_logger - INFO - New record achieved. Previous FoM: 0.474851313041485, new best FoM : 0.4746648559370972
06/06/2022 04:00:51.041 - oc_logger - INFO - Function evaluation number: 310, SI: 2, Sub-iteration number: 115, FoM: 0.4746648559370972
06/06/2022 04:00:51.199 - oc_logger - INFO - Function evaluation number: 311, SI: 2, Sub-iteration number: 115, FoM: 0.4746748925508142
06/06/2022 04:00:51.352 - oc_logger - INFO - Function evaluation number: 312, SI: 2, Sub-iteration number: 116, FoM: 0.47590365530373735
06/06/2022 04:00:51.510 - oc_logger - INFO - Function evaluation number: 313, SI: 2, Sub-iteration number: 116, FoM: 0.47536241843245064
06/06/2022 04:00:51.663 - oc_logger - INFO - Function evaluation number: 314, SI: 2, Sub-iteration number: 117, FoM: 0.4760493249641713
06/06/2022 04:00:51.807 - oc_logger - INFO - Function evaluation number: 315, SI: 2, Sub-iteration number: 117, FoM: 0.4752458633235416
06/06/2022 04:00:51.947 - oc_logger - INFO - New record achieved. Previous FoM: 0.4746648559370972, new best FoM : 0.4745357930338103
06/06/2022 04:00:51.948 - oc_logger - INFO - Function evaluation number: 316, SI: 2, Sub-iteration number: 118, FoM: 0.4745357930338103
06/06/2022 04:00:52.100 - oc_logger - INFO - New record achieved. Previous FoM: 0.4745357930338103, new best FoM : 0.47446255735549825
06/06/2022 04:00:52.100 - oc_logger - INFO - Function evaluation number: 317, SI: 2, Sub-iteration number: 118, FoM: 0.47446255735549825
06/06/2022 04:00:52.253 - oc_logger - INFO - Function evaluation number: 318, SI: 2, Sub-iteration number: 119, FoM: 0.4752339653244416
06/06/2022 04:00:52.398 - oc_logger - INFO - Function evaluation number: 319, SI: 2, Sub-iteration number: 120, FoM: 0.4745146458887962
06/06/2022 04:00:52.540 - oc_logger - INFO - Function evaluation number: 320, SI: 2, Sub-iteration number: 121, FoM: 0.47484818341381385
06/06/2022 04:00:52.688 - oc_logger - INFO - Function evaluation number: 321, SI: 2, Sub-iteration number: 122, FoM: 0.4755889265454878
06/06/2022 04:00:52.835 - oc_logger - INFO - Function evaluation number: 322, SI: 2, Sub-iteration number: 122, FoM: 0.4749476035121124
06/06/2022 04:00:52.988 - oc_logger - INFO - New record achieved. Previous FoM: 0.47446255735549825, new best FoM : 0.47437960669278656
06/06/2022 04:00:52.988 - oc_logger - INFO - Function evaluation number: 323, SI: 2, Sub-iteration number: 123, FoM: 0.47437960669278656
06/06/2022 04:00:53.141 - oc_logger - INFO - New record achieved. Previous FoM: 0.47437960669278656, new best FoM : 0.4743217796623771
06/06/2022 04:00:53.141 - oc_logger - INFO - Function evaluation number: 324, SI: 2, Sub-iteration number: 123, FoM: 0.4743217796623771
06/06/2022 04:00:53.292 - oc_logger - INFO - Function evaluation number: 325, SI: 2, Sub-iteration number: 124, FoM: 0.4745359860543913
06/06/2022 04:00:53.443 - oc_logger - INFO - Function evaluation number: 326, SI: 2, Sub-iteration number: 125, FoM: 0.4745570249612262
06/06/2022 04:00:53.596 - oc_logger - INFO - Function evaluation number: 327, SI: 2, Sub-iteration number: 126, FoM: 0.4743344005909602
06/06/2022 04:00:53.748 - oc_logger - INFO - Function evaluation number: 328, SI: 2, Sub-iteration number: 127, FoM: 0.4753882487032546
06/06/2022 04:00:53.898 - oc_logger - INFO - Function evaluation number: 329, SI: 2, Sub-iteration number: 127, FoM: 0.474674774211053
06/06/2022 04:00:54.050 - oc_logger - INFO - New record achieved. Previous FoM: 0.4743217796623771, new best FoM : 0.4741875416565753
06/06/2022 04:00:54.050 - oc_logger - INFO - Function evaluation number: 330, SI: 2, Sub-iteration number: 128, FoM: 0.4741875416565753
06/06/2022 04:00:54.204 - oc_logger - INFO - New record achieved. Previous FoM: 0.4741875416565753, new best FoM : 0.47414783483148737
06/06/2022 04:00:54.204 - oc_logger - INFO - Function evaluation number: 331, SI: 2, Sub-iteration number: 128, FoM: 0.47414783483148737
06/06/2022 04:00:54.356 - oc_logger - INFO - New record achieved. Previous FoM: 0.47414783483148737, new best FoM : 0.474143972947928
06/06/2022 04:00:54.356 - oc_logger - INFO - Function evaluation number: 332, SI: 2, Sub-iteration number: 129, FoM: 0.474143972947928
06/06/2022 04:00:54.509 - oc_logger - INFO - New record achieved. Previous FoM: 0.474143972947928, new best FoM : 0.4741251115995697
06/06/2022 04:00:54.509 - oc_logger - INFO - Function evaluation number: 333, SI: 2, Sub-iteration number: 129, FoM: 0.4741251115995697
06/06/2022 04:00:54.659 - oc_logger - INFO - Function evaluation number: 334, SI: 2, Sub-iteration number: 130, FoM: 0.4744378405882822
06/06/2022 04:00:54.806 - oc_logger - INFO - New record achieved. Previous FoM: 0.4741251115995697, new best FoM : 0.473990274347565
06/06/2022 04:00:54.806 - oc_logger - INFO - Function evaluation number: 335, SI: 2, Sub-iteration number: 131, FoM: 0.473990274347565
06/06/2022 04:00:54.963 - oc_logger - INFO - New record achieved. Previous FoM: 0.473990274347565, new best FoM : 0.473937719307177
06/06/2022 04:00:54.964 - oc_logger - INFO - Function evaluation number: 336, SI: 2, Sub-iteration number: 131, FoM: 0.473937719307177
