06/05/2022 12:02:45.458 - oc_logger - INFO - The optimization direction is minimization
06/05/2022 12:02:45.460 - oc_logger - INFO - QuOCS version number: 0.0.22
06/05/2022 12:02:45.460 - oc_logger - INFO - Direct search start time has been reset.
06/05/2022 12:02:45.802 - oc_logger - INFO - New record achieved. Previous FoM: 10000000000.0, new best FoM : 0.026308946196235583
06/05/2022 12:02:45.802 - oc_logger - INFO - Function evaluation number: 1, SI: 1, Sub-iteration number: 0, FoM: 0.026308946196235583
06/05/2022 12:02:46.148 - oc_logger - INFO - New record achieved. Previous FoM: 0.026308946196235583, new best FoM : 0.026139663030101623
06/05/2022 12:02:46.149 - oc_logger - INFO - Function evaluation number: 2, SI: 1, Sub-iteration number: 0, FoM: 0.026139663030101623
06/05/2022 12:02:46.564 - oc_logger - INFO - New record achieved. Previous FoM: 0.026139663030101623, new best FoM : 0.025620455018963928
06/05/2022 12:02:46.565 - oc_logger - INFO - Function evaluation number: 3, SI: 1, Sub-iteration number: 0, FoM: 0.025620455018963928
06/05/2022 12:02:46.845 - oc_logger - INFO - Function evaluation number: 4, SI: 1, Sub-iteration number: 0, FoM: 0.026052686843682338
06/05/2022 12:02:47.191 - oc_logger - INFO - Function evaluation number: 5, SI: 1, Sub-iteration number: 0, FoM: 0.02637535659995438
06/05/2022 12:02:47.601 - oc_logger - INFO - Function evaluation number: 6, SI: 1, Sub-iteration number: 0, FoM: 0.026560251875552554
06/05/2022 12:02:47.989 - oc_logger - INFO - Function evaluation number: 7, SI: 1, Sub-iteration number: 0, FoM: 0.026330340470202662
06/05/2022 12:02:48.373 - oc_logger - INFO - Function evaluation number: 8, SI: 1, Sub-iteration number: 0, FoM: 0.02630498041631213
06/05/2022 12:02:48.759 - oc_logger - INFO - Function evaluation number: 9, SI: 1, Sub-iteration number: 0, FoM: 0.026128263174642785
06/05/2022 12:02:49.145 - oc_logger - INFO - Function evaluation number: 10, SI: 1, Sub-iteration number: 1, FoM: 0.025757379471074815
06/05/2022 12:02:49.551 - oc_logger - INFO - Function evaluation number: 11, SI: 1, Sub-iteration number: 2, FoM: 0.025785566064468024
06/05/2022 12:02:49.867 - oc_logger - INFO - Function evaluation number: 12, SI: 1, Sub-iteration number: 3, FoM: 0.025695268798482496
06/05/2022 12:02:50.121 - oc_logger - INFO - New record achieved. Previous FoM: 0.025620455018963928, new best FoM : 0.02556413864995799
06/05/2022 12:02:50.121 - oc_logger - INFO - Function evaluation number: 13, SI: 1, Sub-iteration number: 4, FoM: 0.02556413864995799
06/05/2022 12:02:50.445 - oc_logger - INFO - New record achieved. Previous FoM: 0.02556413864995799, new best FoM : 0.025471898291786865
06/05/2022 12:02:50.445 - oc_logger - INFO - Function evaluation number: 14, SI: 1, Sub-iteration number: 4, FoM: 0.025471898291786865
06/05/2022 12:02:50.786 - oc_logger - INFO - New record achieved. Previous FoM: 0.025471898291786865, new best FoM : 0.025361767843313676
06/05/2022 12:02:50.786 - oc_logger - INFO - Function evaluation number: 15, SI: 1, Sub-iteration number: 5, FoM: 0.025361767843313676
06/05/2022 12:02:51.135 - oc_logger - INFO - New record achieved. Previous FoM: 0.025361767843313676, new best FoM : 0.025245264706161508
06/05/2022 12:02:51.135 - oc_logger - INFO - Function evaluation number: 16, SI: 1, Sub-iteration number: 5, FoM: 0.025245264706161508
06/05/2022 12:02:51.398 - oc_logger - INFO - Function evaluation number: 17, SI: 1, Sub-iteration number: 6, FoM: 0.025301967220326405
06/05/2022 12:02:51.778 - oc_logger - INFO - New record achieved. Previous FoM: 0.025245264706161508, new best FoM : 0.025108832024099192
06/05/2022 12:02:51.778 - oc_logger - INFO - Function evaluation number: 18, SI: 1, Sub-iteration number: 7, FoM: 0.025108832024099192
06/05/2022 12:02:52.095 - oc_logger - INFO - New record achieved. Previous FoM: 0.025108832024099192, new best FoM : 0.024983012060618925
06/05/2022 12:02:52.095 - oc_logger - INFO - Function evaluation number: 19, SI: 1, Sub-iteration number: 7, FoM: 0.024983012060618925
06/05/2022 12:02:52.438 - oc_logger - INFO - New record achieved. Previous FoM: 0.024983012060618925, new best FoM : 0.024918173413721045
06/05/2022 12:02:52.438 - oc_logger - INFO - Function evaluation number: 20, SI: 1, Sub-iteration number: 8, FoM: 0.024918173413721045
06/05/2022 12:02:52.783 - oc_logger - INFO - New record achieved. Previous FoM: 0.024918173413721045, new best FoM : 0.024778358923890687
06/05/2022 12:02:52.783 - oc_logger - INFO - Function evaluation number: 21, SI: 1, Sub-iteration number: 8, FoM: 0.024778358923890687
06/05/2022 12:02:53.125 - oc_logger - INFO - Function evaluation number: 22, SI: 1, Sub-iteration number: 9, FoM: 0.02492965516937684
06/05/2022 12:02:53.539 - oc_logger - INFO - New record achieved. Previous FoM: 0.024778358923890687, new best FoM : 0.024752553527246146
06/05/2022 12:02:53.539 - oc_logger - INFO - Function evaluation number: 23, SI: 1, Sub-iteration number: 10, FoM: 0.024752553527246146
06/05/2022 12:02:53.936 - oc_logger - INFO - New record achieved. Previous FoM: 0.024752553527246146, new best FoM : 0.024628507004499367
06/05/2022 12:02:53.937 - oc_logger - INFO - Function evaluation number: 24, SI: 1, Sub-iteration number: 10, FoM: 0.024628507004499367
06/05/2022 12:02:54.330 - oc_logger - INFO - New record achieved. Previous FoM: 0.024628507004499367, new best FoM : 0.02454966233451128
06/05/2022 12:02:54.330 - oc_logger - INFO - Function evaluation number: 25, SI: 1, Sub-iteration number: 11, FoM: 0.02454966233451128
06/05/2022 12:02:54.721 - oc_logger - INFO - New record achieved. Previous FoM: 0.02454966233451128, new best FoM : 0.024408533439110314
06/05/2022 12:02:54.721 - oc_logger - INFO - Function evaluation number: 26, SI: 1, Sub-iteration number: 11, FoM: 0.024408533439110314
06/05/2022 12:02:55.111 - oc_logger - INFO - New record achieved. Previous FoM: 0.024408533439110314, new best FoM : 0.024323127654446774
06/05/2022 12:02:55.111 - oc_logger - INFO - Function evaluation number: 27, SI: 1, Sub-iteration number: 12, FoM: 0.024323127654446774
06/05/2022 12:02:55.419 - oc_logger - INFO - New record achieved. Previous FoM: 0.024323127654446774, new best FoM : 0.024163558873739777
06/05/2022 12:02:55.419 - oc_logger - INFO - Function evaluation number: 28, SI: 1, Sub-iteration number: 12, FoM: 0.024163558873739777
06/05/2022 12:02:55.761 - oc_logger - INFO - New record achieved. Previous FoM: 0.024163558873739777, new best FoM : 0.02414500392652985
06/05/2022 12:02:55.761 - oc_logger - INFO - Function evaluation number: 29, SI: 1, Sub-iteration number: 13, FoM: 0.02414500392652985
06/05/2022 12:02:56.104 - oc_logger - INFO - New record achieved. Previous FoM: 0.02414500392652985, new best FoM : 0.023981991658956092
06/05/2022 12:02:56.105 - oc_logger - INFO - Function evaluation number: 30, SI: 1, Sub-iteration number: 13, FoM: 0.023981991658956092
06/05/2022 12:02:56.446 - oc_logger - INFO - Function evaluation number: 31, SI: 1, Sub-iteration number: 14, FoM: 0.02398433073363193
06/05/2022 12:02:56.788 - oc_logger - INFO - New record achieved. Previous FoM: 0.023981991658956092, new best FoM : 0.02372921821739138
06/05/2022 12:02:56.789 - oc_logger - INFO - Function evaluation number: 32, SI: 1, Sub-iteration number: 15, FoM: 0.02372921821739138
06/05/2022 12:02:57.146 - oc_logger - INFO - New record achieved. Previous FoM: 0.02372921821739138, new best FoM : 0.023543433959580473
06/05/2022 12:02:57.146 - oc_logger - INFO - Function evaluation number: 33, SI: 1, Sub-iteration number: 15, FoM: 0.023543433959580473
06/05/2022 12:02:57.403 - oc_logger - INFO - Function evaluation number: 34, SI: 1, Sub-iteration number: 16, FoM: 0.023628116516632325
06/05/2022 12:02:57.706 - oc_logger - INFO - New record achieved. Previous FoM: 0.023543433959580473, new best FoM : 0.023359873196980407
06/05/2022 12:02:57.707 - oc_logger - INFO - Function evaluation number: 35, SI: 1, Sub-iteration number: 17, FoM: 0.023359873196980407
06/05/2022 12:02:58.047 - oc_logger - INFO - New record achieved. Previous FoM: 0.023359873196980407, new best FoM : 0.023167661633818115
06/05/2022 12:02:58.047 - oc_logger - INFO - Function evaluation number: 36, SI: 1, Sub-iteration number: 17, FoM: 0.023167661633818115
06/05/2022 12:02:58.354 - oc_logger - INFO - New record achieved. Previous FoM: 0.023167661633818115, new best FoM : 0.023110449558125246
06/05/2022 12:02:58.354 - oc_logger - INFO - Function evaluation number: 37, SI: 1, Sub-iteration number: 18, FoM: 0.023110449558125246
06/05/2022 12:02:58.694 - oc_logger - INFO - New record achieved. Previous FoM: 0.023110449558125246, new best FoM : 0.022906693239968745
06/05/2022 12:02:58.695 - oc_logger - INFO - Function evaluation number: 38, SI: 1, Sub-iteration number: 18, FoM: 0.022906693239968745
06/05/2022 12:02:59.037 - oc_logger - INFO - New record achieved. Previous FoM: 0.022906693239968745, new best FoM : 0.022832096051255912
06/05/2022 12:02:59.037 - oc_logger - INFO - Function evaluation number: 39, SI: 1, Sub-iteration number: 19, FoM: 0.022832096051255912
06/05/2022 12:02:59.378 - oc_logger - INFO - New record achieved. Previous FoM: 0.022832096051255912, new best FoM : 0.02261311139211153
06/05/2022 12:02:59.378 - oc_logger - INFO - Function evaluation number: 40, SI: 1, Sub-iteration number: 19, FoM: 0.02261311139211153
06/05/2022 12:02:59.721 - oc_logger - INFO - New record achieved. Previous FoM: 0.02261311139211153, new best FoM : 0.022602452384719585
06/05/2022 12:02:59.722 - oc_logger - INFO - Function evaluation number: 41, SI: 1, Sub-iteration number: 20, FoM: 0.022602452384719585
06/05/2022 12:03:00.067 - oc_logger - INFO - New record achieved. Previous FoM: 0.022602452384719585, new best FoM : 0.022382378377732715
06/05/2022 12:03:00.067 - oc_logger - INFO - Function evaluation number: 42, SI: 1, Sub-iteration number: 20, FoM: 0.022382378377732715
06/05/2022 12:03:00.360 - oc_logger - INFO - Function evaluation number: 43, SI: 1, Sub-iteration number: 21, FoM: 0.022398306151282132
06/05/2022 12:03:00.619 - oc_logger - INFO - New record achieved. Previous FoM: 0.022382378377732715, new best FoM : 0.02218366335924249
06/05/2022 12:03:00.620 - oc_logger - INFO - Function evaluation number: 44, SI: 1, Sub-iteration number: 22, FoM: 0.02218366335924249
06/05/2022 12:03:00.907 - oc_logger - INFO - New record achieved. Previous FoM: 0.02218366335924249, new best FoM : 0.021964287460571774
06/05/2022 12:03:00.907 - oc_logger - INFO - Function evaluation number: 45, SI: 1, Sub-iteration number: 22, FoM: 0.021964287460571774
06/05/2022 12:03:01.179 - oc_logger - INFO - New record achieved. Previous FoM: 0.021964287460571774, new best FoM : 0.021694792355597237
06/05/2022 12:03:01.180 - oc_logger - INFO - Function evaluation number: 46, SI: 1, Sub-iteration number: 23, FoM: 0.021694792355597237
06/05/2022 12:03:01.457 - oc_logger - INFO - New record achieved. Previous FoM: 0.021694792355597237, new best FoM : 0.02141826681736858
06/05/2022 12:03:01.457 - oc_logger - INFO - Function evaluation number: 47, SI: 1, Sub-iteration number: 23, FoM: 0.02141826681736858
06/05/2022 12:03:01.783 - oc_logger - INFO - Function evaluation number: 48, SI: 1, Sub-iteration number: 24, FoM: 0.021489354047159126
06/05/2022 12:03:02.061 - oc_logger - INFO - New record achieved. Previous FoM: 0.02141826681736858, new best FoM : 0.021072674846689288
06/05/2022 12:03:02.061 - oc_logger - INFO - Function evaluation number: 49, SI: 1, Sub-iteration number: 25, FoM: 0.021072674846689288
06/05/2022 12:03:02.396 - oc_logger - INFO - New record achieved. Previous FoM: 0.021072674846689288, new best FoM : 0.02077507040117499
06/05/2022 12:03:02.396 - oc_logger - INFO - Function evaluation number: 50, SI: 1, Sub-iteration number: 25, FoM: 0.02077507040117499
06/05/2022 12:03:02.661 - oc_logger - INFO - Function evaluation number: 51, SI: 1, Sub-iteration number: 26, FoM: 0.02084398977395019
06/05/2022 12:03:02.996 - oc_logger - INFO - New record achieved. Previous FoM: 0.02077507040117499, new best FoM : 0.020588876771564957
06/05/2022 12:03:02.996 - oc_logger - INFO - Function evaluation number: 52, SI: 1, Sub-iteration number: 27, FoM: 0.020588876771564957
06/05/2022 12:03:03.283 - oc_logger - INFO - New record achieved. Previous FoM: 0.020588876771564957, new best FoM : 0.020309327336575866
06/05/2022 12:03:03.284 - oc_logger - INFO - Function evaluation number: 53, SI: 1, Sub-iteration number: 27, FoM: 0.020309327336575866
06/05/2022 12:03:03.551 - oc_logger - INFO - New record achieved. Previous FoM: 0.020309327336575866, new best FoM : 0.020304063910526193
06/05/2022 12:03:03.552 - oc_logger - INFO - Function evaluation number: 54, SI: 1, Sub-iteration number: 28, FoM: 0.020304063910526193
06/05/2022 12:03:03.811 - oc_logger - INFO - New record achieved. Previous FoM: 0.020304063910526193, new best FoM : 0.020025565808314827
06/05/2022 12:03:03.812 - oc_logger - INFO - Function evaluation number: 55, SI: 1, Sub-iteration number: 28, FoM: 0.020025565808314827
06/05/2022 12:03:04.094 - oc_logger - INFO - New record achieved. Previous FoM: 0.020025565808314827, new best FoM : 0.01992970916159653
06/05/2022 12:03:04.094 - oc_logger - INFO - Function evaluation number: 56, SI: 1, Sub-iteration number: 29, FoM: 0.01992970916159653
06/05/2022 12:03:04.391 - oc_logger - INFO - New record achieved. Previous FoM: 0.01992970916159653, new best FoM : 0.019632838370337136
06/05/2022 12:03:04.391 - oc_logger - INFO - Function evaluation number: 57, SI: 1, Sub-iteration number: 29, FoM: 0.019632838370337136
06/05/2022 12:03:04.769 - oc_logger - INFO - New record achieved. Previous FoM: 0.019632838370337136, new best FoM : 0.01928431670873554
06/05/2022 12:03:04.769 - oc_logger - INFO - Function evaluation number: 58, SI: 1, Sub-iteration number: 30, FoM: 0.01928431670873554
06/05/2022 12:03:05.133 - oc_logger - INFO - New record achieved. Previous FoM: 0.01928431670873554, new best FoM : 0.01891603913473716
06/05/2022 12:03:05.134 - oc_logger - INFO - Function evaluation number: 59, SI: 1, Sub-iteration number: 30, FoM: 0.01891603913473716
06/05/2022 12:03:05.428 - oc_logger - INFO - Function evaluation number: 60, SI: 1, Sub-iteration number: 31, FoM: 0.018935334592681152
06/05/2022 12:03:05.779 - oc_logger - INFO - New record achieved. Previous FoM: 0.01891603913473716, new best FoM : 0.01875968861527333
06/05/2022 12:03:05.779 - oc_logger - INFO - Function evaluation number: 61, SI: 1, Sub-iteration number: 32, FoM: 0.01875968861527333
06/05/2022 12:03:06.125 - oc_logger - INFO - New record achieved. Previous FoM: 0.01875968861527333, new best FoM : 0.018434199537765483
06/05/2022 12:03:06.125 - oc_logger - INFO - Function evaluation number: 62, SI: 1, Sub-iteration number: 32, FoM: 0.018434199537765483
06/05/2022 12:03:06.468 - oc_logger - INFO - New record achieved. Previous FoM: 0.018434199537765483, new best FoM : 0.01811142988318637
06/05/2022 12:03:06.468 - oc_logger - INFO - Function evaluation number: 63, SI: 1, Sub-iteration number: 33, FoM: 0.01811142988318637
06/05/2022 12:03:06.755 - oc_logger - INFO - New record achieved. Previous FoM: 0.01811142988318637, new best FoM : 0.017721425071776653
06/05/2022 12:03:06.756 - oc_logger - INFO - Function evaluation number: 64, SI: 1, Sub-iteration number: 33, FoM: 0.017721425071776653
06/05/2022 12:03:07.102 - oc_logger - INFO - Function evaluation number: 65, SI: 1, Sub-iteration number: 34, FoM: 0.017881865095110805
06/05/2022 12:03:07.470 - oc_logger - INFO - New record achieved. Previous FoM: 0.017721425071776653, new best FoM : 0.017262047593208152
06/05/2022 12:03:07.470 - oc_logger - INFO - Function evaluation number: 66, SI: 1, Sub-iteration number: 35, FoM: 0.017262047593208152
06/05/2022 12:03:07.892 - oc_logger - INFO - New record achieved. Previous FoM: 0.017262047593208152, new best FoM : 0.01685046996124484
06/05/2022 12:03:07.892 - oc_logger - INFO - Function evaluation number: 67, SI: 1, Sub-iteration number: 35, FoM: 0.01685046996124484
06/05/2022 12:03:08.313 - oc_logger - INFO - Function evaluation number: 68, SI: 1, Sub-iteration number: 36, FoM: 0.01685605825315928
06/05/2022 12:03:08.639 - oc_logger - INFO - New record achieved. Previous FoM: 0.01685046996124484, new best FoM : 0.01636414088162863
06/05/2022 12:03:08.639 - oc_logger - INFO - Function evaluation number: 69, SI: 1, Sub-iteration number: 37, FoM: 0.01636414088162863
06/05/2022 12:03:08.951 - oc_logger - INFO - New record achieved. Previous FoM: 0.01636414088162863, new best FoM : 0.015937988237746725
06/05/2022 12:03:08.951 - oc_logger - INFO - Function evaluation number: 70, SI: 1, Sub-iteration number: 37, FoM: 0.015937988237746725
06/05/2022 12:03:09.264 - oc_logger - INFO - New record achieved. Previous FoM: 0.015937988237746725, new best FoM : 0.01583848759154516
06/05/2022 12:03:09.264 - oc_logger - INFO - Function evaluation number: 71, SI: 1, Sub-iteration number: 38, FoM: 0.01583848759154516
06/05/2022 12:03:09.510 - oc_logger - INFO - New record achieved. Previous FoM: 0.01583848759154516, new best FoM : 0.015398882750426002
06/05/2022 12:03:09.510 - oc_logger - INFO - Function evaluation number: 72, SI: 1, Sub-iteration number: 38, FoM: 0.015398882750426002
06/05/2022 12:03:09.790 - oc_logger - INFO - Function evaluation number: 73, SI: 1, Sub-iteration number: 39, FoM: 0.015616451594438141
06/05/2022 12:03:10.066 - oc_logger - INFO - New record achieved. Previous FoM: 0.015398882750426002, new best FoM : 0.014869893977636384
06/05/2022 12:03:10.066 - oc_logger - INFO - Function evaluation number: 74, SI: 1, Sub-iteration number: 40, FoM: 0.014869893977636384
06/05/2022 12:03:10.329 - oc_logger - INFO - New record achieved. Previous FoM: 0.014869893977636384, new best FoM : 0.014406714168698986
06/05/2022 12:03:10.330 - oc_logger - INFO - Function evaluation number: 75, SI: 1, Sub-iteration number: 40, FoM: 0.014406714168698986
06/05/2022 12:03:10.677 - oc_logger - INFO - New record achieved. Previous FoM: 0.014406714168698986, new best FoM : 0.014342692685410108
06/05/2022 12:03:10.677 - oc_logger - INFO - Function evaluation number: 76, SI: 1, Sub-iteration number: 41, FoM: 0.014342692685410108
06/05/2022 12:03:11.036 - oc_logger - INFO - New record achieved. Previous FoM: 0.014342692685410108, new best FoM : 0.013875698042598361
06/05/2022 12:03:11.036 - oc_logger - INFO - Function evaluation number: 77, SI: 1, Sub-iteration number: 41, FoM: 0.013875698042598361
06/05/2022 12:03:11.343 - oc_logger - INFO - Function evaluation number: 78, SI: 1, Sub-iteration number: 42, FoM: 0.013886344567383913
06/05/2022 12:03:11.645 - oc_logger - INFO - New record achieved. Previous FoM: 0.013875698042598361, new best FoM : 0.013149299860155672
06/05/2022 12:03:11.645 - oc_logger - INFO - Function evaluation number: 79, SI: 1, Sub-iteration number: 43, FoM: 0.013149299860155672
06/05/2022 12:03:11.888 - oc_logger - INFO - New record achieved. Previous FoM: 0.013149299860155672, new best FoM : 0.012638458185503909
06/05/2022 12:03:11.888 - oc_logger - INFO - Function evaluation number: 80, SI: 1, Sub-iteration number: 43, FoM: 0.012638458185503909
06/05/2022 12:03:12.153 - oc_logger - INFO - Function evaluation number: 81, SI: 1, Sub-iteration number: 44, FoM: 0.012896184960112134
06/05/2022 12:03:12.498 - oc_logger - INFO - New record achieved. Previous FoM: 0.012638458185503909, new best FoM : 0.012017504669176504
06/05/2022 12:03:12.498 - oc_logger - INFO - Function evaluation number: 82, SI: 1, Sub-iteration number: 45, FoM: 0.012017504669176504
06/05/2022 12:03:12.840 - oc_logger - INFO - New record achieved. Previous FoM: 0.012017504669176504, new best FoM : 0.011469549526349598
06/05/2022 12:03:12.840 - oc_logger - INFO - Function evaluation number: 83, SI: 1, Sub-iteration number: 45, FoM: 0.011469549526349598
06/05/2022 12:03:13.187 - oc_logger - INFO - Function evaluation number: 84, SI: 1, Sub-iteration number: 46, FoM: 0.011737812080659382
06/05/2022 12:03:13.529 - oc_logger - INFO - New record achieved. Previous FoM: 0.011469549526349598, new best FoM : 0.011117626383764123
06/05/2022 12:03:13.529 - oc_logger - INFO - Function evaluation number: 85, SI: 1, Sub-iteration number: 47, FoM: 0.011117626383764123
06/05/2022 12:03:13.875 - oc_logger - INFO - New record achieved. Previous FoM: 0.011117626383764123, new best FoM : 0.010598144601680182
06/05/2022 12:03:13.875 - oc_logger - INFO - Function evaluation number: 86, SI: 1, Sub-iteration number: 47, FoM: 0.010598144601680182
06/05/2022 12:03:14.214 - oc_logger - INFO - New record achieved. Previous FoM: 0.010598144601680182, new best FoM : 0.010199966652962411
06/05/2022 12:03:14.215 - oc_logger - INFO - Function evaluation number: 87, SI: 1, Sub-iteration number: 48, FoM: 0.010199966652962411
06/05/2022 12:03:14.560 - oc_logger - INFO - New record achieved. Previous FoM: 0.010199966652962411, new best FoM : 0.009646504319077431
06/05/2022 12:03:14.560 - oc_logger - INFO - Function evaluation number: 88, SI: 1, Sub-iteration number: 48, FoM: 0.009646504319077431
06/05/2022 12:03:14.905 - oc_logger - INFO - Function evaluation number: 89, SI: 1, Sub-iteration number: 49, FoM: 0.00991403971909488
06/05/2022 12:03:15.343 - oc_logger - INFO - New record achieved. Previous FoM: 0.009646504319077431, new best FoM : 0.00944853445891558
06/05/2022 12:03:15.343 - oc_logger - INFO - Function evaluation number: 90, SI: 1, Sub-iteration number: 50, FoM: 0.00944853445891558
06/05/2022 12:03:15.770 - oc_logger - INFO - New record achieved. Previous FoM: 0.00944853445891558, new best FoM : 0.009001404359658016
06/05/2022 12:03:15.770 - oc_logger - INFO - Function evaluation number: 91, SI: 1, Sub-iteration number: 50, FoM: 0.009001404359658016
06/05/2022 12:03:16.138 - oc_logger - INFO - New record achieved. Previous FoM: 0.009001404359658016, new best FoM : 0.008598334331321955
06/05/2022 12:03:16.138 - oc_logger - INFO - Function evaluation number: 92, SI: 1, Sub-iteration number: 51, FoM: 0.008598334331321955
06/05/2022 12:03:16.487 - oc_logger - INFO - New record achieved. Previous FoM: 0.008598334331321955, new best FoM : 0.008153085347942457
06/05/2022 12:03:16.487 - oc_logger - INFO - Function evaluation number: 93, SI: 1, Sub-iteration number: 51, FoM: 0.008153085347942457
06/05/2022 12:03:16.840 - oc_logger - INFO - Function evaluation number: 94, SI: 1, Sub-iteration number: 52, FoM: 0.00834164710077645
06/05/2022 12:03:17.223 - oc_logger - INFO - New record achieved. Previous FoM: 0.008153085347942457, new best FoM : 0.007802753879782354
06/05/2022 12:03:17.223 - oc_logger - INFO - Function evaluation number: 95, SI: 1, Sub-iteration number: 53, FoM: 0.007802753879782354
06/05/2022 12:03:17.581 - oc_logger - INFO - New record achieved. Previous FoM: 0.007802753879782354, new best FoM : 0.007452058063013078
06/05/2022 12:03:17.581 - oc_logger - INFO - Function evaluation number: 96, SI: 1, Sub-iteration number: 53, FoM: 0.007452058063013078
06/05/2022 12:03:17.961 - oc_logger - INFO - New record achieved. Previous FoM: 0.007452058063013078, new best FoM : 0.0073744123068292255
06/05/2022 12:03:17.961 - oc_logger - INFO - Function evaluation number: 97, SI: 1, Sub-iteration number: 54, FoM: 0.0073744123068292255
06/05/2022 12:03:18.314 - oc_logger - INFO - New record achieved. Previous FoM: 0.0073744123068292255, new best FoM : 0.007049137774741809
06/05/2022 12:03:18.314 - oc_logger - INFO - Function evaluation number: 98, SI: 1, Sub-iteration number: 54, FoM: 0.007049137774741809
06/05/2022 12:03:18.693 - oc_logger - INFO - New record achieved. Previous FoM: 0.007049137774741809, new best FoM : 0.006918016870083865
06/05/2022 12:03:18.693 - oc_logger - INFO - Function evaluation number: 99, SI: 1, Sub-iteration number: 55, FoM: 0.006918016870083865
06/05/2022 12:03:19.012 - oc_logger - INFO - New record achieved. Previous FoM: 0.006918016870083865, new best FoM : 0.006711733517001051
06/05/2022 12:03:19.012 - oc_logger - INFO - Function evaluation number: 100, SI: 1, Sub-iteration number: 55, FoM: 0.006711733517001051
06/05/2022 12:03:19.358 - oc_logger - INFO - New record achieved. Previous FoM: 0.006711733517001051, new best FoM : 0.006671718895128076
06/05/2022 12:03:19.359 - oc_logger - INFO - Function evaluation number: 101, SI: 1, Sub-iteration number: 56, FoM: 0.006671718895128076
06/05/2022 12:03:19.697 - oc_logger - INFO - New record achieved. Previous FoM: 0.006671718895128076, new best FoM : 0.0064480705392726545
06/05/2022 12:03:19.697 - oc_logger - INFO - Function evaluation number: 102, SI: 1, Sub-iteration number: 56, FoM: 0.0064480705392726545
06/05/2022 12:03:20.029 - oc_logger - INFO - Function evaluation number: 103, SI: 1, Sub-iteration number: 57, FoM: 0.006537937701260543
06/05/2022 12:03:20.379 - oc_logger - INFO - New record achieved. Previous FoM: 0.0064480705392726545, new best FoM : 0.006160930954853927
06/05/2022 12:03:20.379 - oc_logger - INFO - Function evaluation number: 104, SI: 1, Sub-iteration number: 58, FoM: 0.006160930954853927
06/05/2022 12:03:20.734 - oc_logger - INFO - New record achieved. Previous FoM: 0.006160930954853927, new best FoM : 0.006047989945613064
06/05/2022 12:03:20.734 - oc_logger - INFO - Function evaluation number: 105, SI: 1, Sub-iteration number: 58, FoM: 0.006047989945613064
06/05/2022 12:03:21.059 - oc_logger - INFO - Function evaluation number: 106, SI: 1, Sub-iteration number: 59, FoM: 0.006095663742338497
06/05/2022 12:03:21.416 - oc_logger - INFO - Function evaluation number: 107, SI: 1, Sub-iteration number: 60, FoM: 0.006141231286587612
06/05/2022 12:03:21.736 - oc_logger - INFO - New record achieved. Previous FoM: 0.006047989945613064, new best FoM : 0.005988355608194995
06/05/2022 12:03:21.736 - oc_logger - INFO - Function evaluation number: 108, SI: 1, Sub-iteration number: 61, FoM: 0.005988355608194995
06/05/2022 12:03:22.070 - oc_logger - INFO - New record achieved. Previous FoM: 0.005988355608194995, new best FoM : 0.005873222869651085
06/05/2022 12:03:22.070 - oc_logger - INFO - Function evaluation number: 109, SI: 1, Sub-iteration number: 61, FoM: 0.005873222869651085
06/05/2022 12:03:22.600 - oc_logger - INFO - Function evaluation number: 110, SI: 1, Sub-iteration number: 62, FoM: 0.005879457315699721
06/05/2022 12:03:22.871 - oc_logger - INFO - New record achieved. Previous FoM: 0.005873222869651085, new best FoM : 0.005767863191269651
06/05/2022 12:03:22.871 - oc_logger - INFO - Function evaluation number: 111, SI: 1, Sub-iteration number: 63, FoM: 0.005767863191269651
06/05/2022 12:03:23.173 - oc_logger - INFO - New record achieved. Previous FoM: 0.005767863191269651, new best FoM : 0.00565895926156168
06/05/2022 12:03:23.174 - oc_logger - INFO - Function evaluation number: 112, SI: 1, Sub-iteration number: 63, FoM: 0.00565895926156168
06/05/2022 12:03:23.619 - oc_logger - INFO - Function evaluation number: 113, SI: 1, Sub-iteration number: 64, FoM: 0.0057666007283470044
06/05/2022 12:03:24.031 - oc_logger - INFO - New record achieved. Previous FoM: 0.00565895926156168, new best FoM : 0.0055514627377112324
06/05/2022 12:03:24.032 - oc_logger - INFO - Function evaluation number: 114, SI: 1, Sub-iteration number: 65, FoM: 0.0055514627377112324
06/05/2022 12:03:24.520 - oc_logger - INFO - New record achieved. Previous FoM: 0.0055514627377112324, new best FoM : 0.005496469968584217
06/05/2022 12:03:24.521 - oc_logger - INFO - Function evaluation number: 115, SI: 1, Sub-iteration number: 65, FoM: 0.005496469968584217
06/05/2022 12:03:25.096 - oc_logger - INFO - New record achieved. Previous FoM: 0.005496469968584217, new best FoM : 0.0054854401896125005
06/05/2022 12:03:25.096 - oc_logger - INFO - Function evaluation number: 116, SI: 1, Sub-iteration number: 66, FoM: 0.0054854401896125005
06/05/2022 12:03:25.567 - oc_logger - INFO - New record achieved. Previous FoM: 0.0054854401896125005, new best FoM : 0.005430596066667626
06/05/2022 12:03:25.567 - oc_logger - INFO - Function evaluation number: 117, SI: 1, Sub-iteration number: 66, FoM: 0.005430596066667626
06/05/2022 12:03:25.872 - oc_logger - INFO - Function evaluation number: 118, SI: 1, Sub-iteration number: 67, FoM: 0.005458047902553442
06/05/2022 12:03:26.230 - oc_logger - INFO - Function evaluation number: 119, SI: 1, Sub-iteration number: 68, FoM: 0.0055346885225621145
06/05/2022 12:03:26.639 - oc_logger - INFO - New record achieved. Previous FoM: 0.005430596066667626, new best FoM : 0.005291237983770958
06/05/2022 12:03:26.639 - oc_logger - INFO - Function evaluation number: 120, SI: 1, Sub-iteration number: 69, FoM: 0.005291237983770958
06/05/2022 12:03:27.048 - oc_logger - INFO - New record achieved. Previous FoM: 0.005291237983770958, new best FoM : 0.0052208396539031865
06/05/2022 12:03:27.048 - oc_logger - INFO - Function evaluation number: 121, SI: 1, Sub-iteration number: 69, FoM: 0.0052208396539031865
06/05/2022 12:03:27.458 - oc_logger - INFO - Function evaluation number: 122, SI: 1, Sub-iteration number: 70, FoM: 0.005372651061581468
06/05/2022 12:03:27.798 - oc_logger - INFO - Function evaluation number: 123, SI: 1, Sub-iteration number: 71, FoM: 0.005276450494296481
06/05/2022 12:03:28.151 - oc_logger - INFO - Function evaluation number: 124, SI: 1, Sub-iteration number: 72, FoM: 0.005275313310252883
06/05/2022 12:03:28.548 - oc_logger - INFO - Function evaluation number: 125, SI: 1, Sub-iteration number: 73, FoM: 0.005254716825845884
06/05/2022 12:03:28.955 - oc_logger - INFO - New record achieved. Previous FoM: 0.0052208396539031865, new best FoM : 0.005159916553857058
06/05/2022 12:03:28.955 - oc_logger - INFO - Function evaluation number: 126, SI: 1, Sub-iteration number: 74, FoM: 0.005159916553857058
06/05/2022 12:03:29.292 - oc_logger - INFO - New record achieved. Previous FoM: 0.005159916553857058, new best FoM : 0.005113708430502628
06/05/2022 12:03:29.292 - oc_logger - INFO - Function evaluation number: 127, SI: 1, Sub-iteration number: 74, FoM: 0.005113708430502628
06/05/2022 12:03:29.707 - oc_logger - INFO - New record achieved. Previous FoM: 0.005113708430502628, new best FoM : 0.0050789169279122914
06/05/2022 12:03:29.707 - oc_logger - INFO - Function evaluation number: 128, SI: 1, Sub-iteration number: 75, FoM: 0.0050789169279122914
06/05/2022 12:03:30.324 - oc_logger - INFO - New record achieved. Previous FoM: 0.0050789169279122914, new best FoM : 0.005026457964454778
06/05/2022 12:03:30.324 - oc_logger - INFO - Function evaluation number: 129, SI: 1, Sub-iteration number: 75, FoM: 0.005026457964454778
06/05/2022 12:03:30.734 - oc_logger - INFO - Function evaluation number: 130, SI: 1, Sub-iteration number: 76, FoM: 0.0050567573570697855
06/05/2022 12:03:31.005 - oc_logger - INFO - New record achieved. Previous FoM: 0.005026457964454778, new best FoM : 0.00499660163542448
06/05/2022 12:03:31.005 - oc_logger - INFO - Function evaluation number: 131, SI: 1, Sub-iteration number: 77, FoM: 0.00499660163542448
06/05/2022 12:03:31.334 - oc_logger - INFO - New record achieved. Previous FoM: 0.00499660163542448, new best FoM : 0.004964115714976458
06/05/2022 12:03:31.334 - oc_logger - INFO - Function evaluation number: 132, SI: 1, Sub-iteration number: 77, FoM: 0.004964115714976458
06/05/2022 12:03:31.646 - oc_logger - INFO - New record achieved. Previous FoM: 0.004964115714976458, new best FoM : 0.004949672609078415
06/05/2022 12:03:31.646 - oc_logger - INFO - Function evaluation number: 133, SI: 1, Sub-iteration number: 78, FoM: 0.004949672609078415
06/05/2022 12:03:31.914 - oc_logger - INFO - New record achieved. Previous FoM: 0.004949672609078415, new best FoM : 0.0049172844338541966
06/05/2022 12:03:31.914 - oc_logger - INFO - Function evaluation number: 134, SI: 1, Sub-iteration number: 78, FoM: 0.0049172844338541966
06/05/2022 12:03:32.243 - oc_logger - INFO - New record achieved. Previous FoM: 0.0049172844338541966, new best FoM : 0.004909969051812513
06/05/2022 12:03:32.243 - oc_logger - INFO - Function evaluation number: 135, SI: 1, Sub-iteration number: 79, FoM: 0.004909969051812513
06/05/2022 12:03:32.566 - oc_logger - INFO - New record achieved. Previous FoM: 0.004909969051812513, new best FoM : 0.004867412349243261
06/05/2022 12:03:32.566 - oc_logger - INFO - Function evaluation number: 136, SI: 1, Sub-iteration number: 79, FoM: 0.004867412349243261
06/05/2022 12:03:32.869 - oc_logger - INFO - New record achieved. Previous FoM: 0.004867412349243261, new best FoM : 0.004841043379079646
06/05/2022 12:03:32.869 - oc_logger - INFO - Function evaluation number: 137, SI: 1, Sub-iteration number: 80, FoM: 0.004841043379079646
06/05/2022 12:03:33.198 - oc_logger - INFO - New record achieved. Previous FoM: 0.004841043379079646, new best FoM : 0.004806025798902658
06/05/2022 12:03:33.198 - oc_logger - INFO - Function evaluation number: 138, SI: 1, Sub-iteration number: 80, FoM: 0.004806025798902658
06/05/2022 12:03:33.527 - oc_logger - INFO - New record achieved. Previous FoM: 0.004806025798902658, new best FoM : 0.004726633919004408
06/05/2022 12:03:33.527 - oc_logger - INFO - Function evaluation number: 139, SI: 1, Sub-iteration number: 81, FoM: 0.004726633919004408
06/05/2022 12:03:33.853 - oc_logger - INFO - New record achieved. Previous FoM: 0.004726633919004408, new best FoM : 0.004664553587512388
06/05/2022 12:03:33.854 - oc_logger - INFO - Function evaluation number: 140, SI: 1, Sub-iteration number: 81, FoM: 0.004664553587512388
06/05/2022 12:03:34.165 - oc_logger - INFO - Function evaluation number: 141, SI: 1, Sub-iteration number: 82, FoM: 0.0047557344634621135
06/05/2022 12:03:34.432 - oc_logger - INFO - Function evaluation number: 142, SI: 1, Sub-iteration number: 83, FoM: 0.004789791066261206
06/05/2022 12:03:34.755 - oc_logger - INFO - Function evaluation number: 143, SI: 1, Sub-iteration number: 84, FoM: 0.0046702151853119656
06/05/2022 12:03:35.071 - oc_logger - INFO - Function evaluation number: 144, SI: 1, Sub-iteration number: 85, FoM: 0.004675099684344319
06/05/2022 12:03:35.334 - oc_logger - INFO - New record achieved. Previous FoM: 0.004664553587512388, new best FoM : 0.004599798345599981
06/05/2022 12:03:35.335 - oc_logger - INFO - Function evaluation number: 145, SI: 1, Sub-iteration number: 86, FoM: 0.004599798345599981
06/05/2022 12:03:35.692 - oc_logger - INFO - New record achieved. Previous FoM: 0.004599798345599981, new best FoM : 0.004572610421325729
06/05/2022 12:03:35.692 - oc_logger - INFO - Function evaluation number: 146, SI: 1, Sub-iteration number: 86, FoM: 0.004572610421325729
06/05/2022 12:03:36.052 - oc_logger - INFO - Function evaluation number: 147, SI: 1, Sub-iteration number: 87, FoM: 0.00460148660441706
06/05/2022 12:03:36.306 - oc_logger - INFO - New record achieved. Previous FoM: 0.004572610421325729, new best FoM : 0.004564647462017346
06/05/2022 12:03:36.307 - oc_logger - INFO - Function evaluation number: 148, SI: 1, Sub-iteration number: 88, FoM: 0.004564647462017346
06/05/2022 12:03:36.556 - oc_logger - INFO - New record achieved. Previous FoM: 0.004564647462017346, new best FoM : 0.004540269313622836
06/05/2022 12:03:36.556 - oc_logger - INFO - Function evaluation number: 149, SI: 1, Sub-iteration number: 88, FoM: 0.004540269313622836
06/05/2022 12:03:36.832 - oc_logger - INFO - New record achieved. Previous FoM: 0.004540269313622836, new best FoM : 0.004538989907027169
06/05/2022 12:03:36.832 - oc_logger - INFO - Function evaluation number: 150, SI: 1, Sub-iteration number: 89, FoM: 0.004538989907027169
06/05/2022 12:03:37.181 - oc_logger - INFO - New record achieved. Previous FoM: 0.004538989907027169, new best FoM : 0.004526891375859821
06/05/2022 12:03:37.181 - oc_logger - INFO - Function evaluation number: 151, SI: 1, Sub-iteration number: 89, FoM: 0.004526891375859821
06/05/2022 12:03:37.429 - oc_logger - INFO - New record achieved. Previous FoM: 0.004526891375859821, new best FoM : 0.004475558103251842
06/05/2022 12:03:37.429 - oc_logger - INFO - Function evaluation number: 152, SI: 1, Sub-iteration number: 90, FoM: 0.004475558103251842
06/05/2022 12:03:37.728 - oc_logger - INFO - New record achieved. Previous FoM: 0.004475558103251842, new best FoM : 0.004443496162391036
06/05/2022 12:03:37.728 - oc_logger - INFO - Function evaluation number: 153, SI: 1, Sub-iteration number: 90, FoM: 0.004443496162391036
06/05/2022 12:03:38.076 - oc_logger - INFO - Function evaluation number: 154, SI: 1, Sub-iteration number: 91, FoM: 0.004457327798153665
06/05/2022 12:03:38.416 - oc_logger - INFO - Function evaluation number: 155, SI: 1, Sub-iteration number: 92, FoM: 0.004445239522672395
06/05/2022 12:03:38.762 - oc_logger - INFO - New record achieved. Previous FoM: 0.004443496162391036, new best FoM : 0.0044160665720360814
06/05/2022 12:03:38.763 - oc_logger - INFO - Function evaluation number: 156, SI: 1, Sub-iteration number: 93, FoM: 0.0044160665720360814
06/05/2022 12:03:39.107 - oc_logger - INFO - New record achieved. Previous FoM: 0.0044160665720360814, new best FoM : 0.0043961083605674744
06/05/2022 12:03:39.107 - oc_logger - INFO - Function evaluation number: 157, SI: 1, Sub-iteration number: 93, FoM: 0.0043961083605674744
06/05/2022 12:03:39.458 - oc_logger - INFO - Function evaluation number: 158, SI: 1, Sub-iteration number: 94, FoM: 0.0043988345758728675
06/05/2022 12:03:39.746 - oc_logger - INFO - New record achieved. Previous FoM: 0.0043961083605674744, new best FoM : 0.004349918269561659
06/05/2022 12:03:39.746 - oc_logger - INFO - Function evaluation number: 159, SI: 1, Sub-iteration number: 95, FoM: 0.004349918269561659
06/05/2022 12:03:40.068 - oc_logger - INFO - New record achieved. Previous FoM: 0.004349918269561659, new best FoM : 0.004329651767856935
06/05/2022 12:03:40.068 - oc_logger - INFO - Function evaluation number: 160, SI: 1, Sub-iteration number: 95, FoM: 0.004329651767856935
06/05/2022 12:03:40.401 - oc_logger - INFO - Function evaluation number: 161, SI: 1, Sub-iteration number: 96, FoM: 0.004363825705077207
06/05/2022 12:03:40.736 - oc_logger - INFO - Function evaluation number: 162, SI: 1, Sub-iteration number: 97, FoM: 0.004332119760017905
06/05/2022 12:03:41.053 - oc_logger - INFO - New record achieved. Previous FoM: 0.004329651767856935, new best FoM : 0.004287363438330916
06/05/2022 12:03:41.053 - oc_logger - INFO - Function evaluation number: 163, SI: 1, Sub-iteration number: 98, FoM: 0.004287363438330916
06/05/2022 12:03:41.419 - oc_logger - INFO - New record achieved. Previous FoM: 0.004287363438330916, new best FoM : 0.004264844770785148
06/05/2022 12:03:41.419 - oc_logger - INFO - Function evaluation number: 164, SI: 1, Sub-iteration number: 98, FoM: 0.004264844770785148
06/05/2022 12:03:41.786 - oc_logger - INFO - Function evaluation number: 165, SI: 1, Sub-iteration number: 99, FoM: 0.004282336867871384
06/05/2022 12:03:42.152 - oc_logger - INFO - Function evaluation number: 166, SI: 1, Sub-iteration number: 100, FoM: 0.004279729684519729
06/05/2022 12:03:42.519 - oc_logger - INFO - New record achieved. Previous FoM: 0.004264844770785148, new best FoM : 0.004252454523157256
06/05/2022 12:03:42.519 - oc_logger - INFO - Function evaluation number: 167, SI: 1, Sub-iteration number: 101, FoM: 0.004252454523157256
06/05/2022 12:03:42.919 - oc_logger - INFO - New record achieved. Previous FoM: 0.004252454523157256, new best FoM : 0.004240561231641848
06/05/2022 12:03:42.920 - oc_logger - INFO - Function evaluation number: 168, SI: 1, Sub-iteration number: 101, FoM: 0.004240561231641848
06/05/2022 12:03:43.469 - oc_logger - INFO - New record achieved. Previous FoM: 0.004240561231641848, new best FoM : 0.004219291081513532
06/05/2022 12:03:43.470 - oc_logger - INFO - Function evaluation number: 169, SI: 1, Sub-iteration number: 102, FoM: 0.004219291081513532
06/05/2022 12:03:43.930 - oc_logger - INFO - New record achieved. Previous FoM: 0.004219291081513532, new best FoM : 0.004203781771394577
06/05/2022 12:03:43.930 - oc_logger - INFO - Function evaluation number: 170, SI: 1, Sub-iteration number: 102, FoM: 0.004203781771394577
06/05/2022 12:03:44.228 - oc_logger - INFO - Function evaluation number: 171, SI: 1, Sub-iteration number: 103, FoM: 0.004208370525062954
06/05/2022 12:03:44.513 - oc_logger - INFO - New record achieved. Previous FoM: 0.004203781771394577, new best FoM : 0.004171176649205299
06/05/2022 12:03:44.513 - oc_logger - INFO - Function evaluation number: 172, SI: 1, Sub-iteration number: 104, FoM: 0.004171176649205299
06/05/2022 12:03:44.776 - oc_logger - INFO - New record achieved. Previous FoM: 0.004171176649205299, new best FoM : 0.0041509483058168595
06/05/2022 12:03:44.777 - oc_logger - INFO - Function evaluation number: 173, SI: 1, Sub-iteration number: 104, FoM: 0.0041509483058168595
06/05/2022 12:03:45.106 - oc_logger - INFO - Function evaluation number: 174, SI: 1, Sub-iteration number: 105, FoM: 0.004153345390395358
06/05/2022 12:03:45.442 - oc_logger - INFO - New record achieved. Previous FoM: 0.0041509483058168595, new best FoM : 0.004124045376812324
06/05/2022 12:03:45.442 - oc_logger - INFO - Function evaluation number: 175, SI: 1, Sub-iteration number: 106, FoM: 0.004124045376812324
06/05/2022 12:03:45.953 - oc_logger - INFO - New record achieved. Previous FoM: 0.004124045376812324, new best FoM : 0.004111600430127371
06/05/2022 12:03:45.953 - oc_logger - INFO - Function evaluation number: 176, SI: 1, Sub-iteration number: 106, FoM: 0.004111600430127371
06/05/2022 12:03:46.290 - oc_logger - INFO - Function evaluation number: 177, SI: 1, Sub-iteration number: 107, FoM: 0.004124721162995337
06/05/2022 12:03:46.656 - oc_logger - INFO - New record achieved. Previous FoM: 0.004111600430127371, new best FoM : 0.004094214514888228
06/05/2022 12:03:46.656 - oc_logger - INFO - Function evaluation number: 178, SI: 1, Sub-iteration number: 108, FoM: 0.004094214514888228
06/05/2022 12:03:47.078 - oc_logger - INFO - New record achieved. Previous FoM: 0.004094214514888228, new best FoM : 0.004080876160677982
06/05/2022 12:03:47.078 - oc_logger - INFO - Function evaluation number: 179, SI: 1, Sub-iteration number: 108, FoM: 0.004080876160677982
06/05/2022 12:03:47.473 - oc_logger - INFO - Function evaluation number: 180, SI: 1, Sub-iteration number: 109, FoM: 0.004114288273244449
06/05/2022 12:03:47.891 - oc_logger - INFO - New record achieved. Previous FoM: 0.004080876160677982, new best FoM : 0.00404819802945644
06/05/2022 12:03:47.891 - oc_logger - INFO - Function evaluation number: 181, SI: 1, Sub-iteration number: 110, FoM: 0.00404819802945644
06/05/2022 12:03:48.342 - oc_logger - INFO - New record achieved. Previous FoM: 0.00404819802945644, new best FoM : 0.004029293078098073
06/05/2022 12:03:48.342 - oc_logger - INFO - Function evaluation number: 182, SI: 1, Sub-iteration number: 110, FoM: 0.004029293078098073
06/05/2022 12:03:48.742 - oc_logger - INFO - Function evaluation number: 183, SI: 1, Sub-iteration number: 111, FoM: 0.004045993309355844
06/05/2022 12:03:49.130 - oc_logger - INFO - Function evaluation number: 184, SI: 1, Sub-iteration number: 112, FoM: 0.004039002865598551
06/05/2022 12:03:49.477 - oc_logger - INFO - Function evaluation number: 185, SI: 1, Sub-iteration number: 113, FoM: 0.0040391094695617635
06/05/2022 12:03:49.875 - oc_logger - INFO - Function evaluation number: 186, SI: 1, Sub-iteration number: 114, FoM: 0.004031225371836422
06/05/2022 12:03:50.259 - oc_logger - INFO - New record achieved. Previous FoM: 0.004029293078098073, new best FoM : 0.004007569597344496
06/05/2022 12:03:50.259 - oc_logger - INFO - Function evaluation number: 187, SI: 1, Sub-iteration number: 115, FoM: 0.004007569597344496
06/05/2022 12:03:50.637 - oc_logger - INFO - New record achieved. Previous FoM: 0.004007569597344496, new best FoM : 0.003996943261570185
06/05/2022 12:03:50.637 - oc_logger - INFO - Function evaluation number: 188, SI: 1, Sub-iteration number: 115, FoM: 0.003996943261570185
06/05/2022 12:03:51.005 - oc_logger - INFO - Function evaluation number: 189, SI: 1, Sub-iteration number: 116, FoM: 0.004036955225090733
06/05/2022 12:03:51.388 - oc_logger - INFO - New record achieved. Previous FoM: 0.003996943261570185, new best FoM : 0.003975224658931298
06/05/2022 12:03:51.389 - oc_logger - INFO - Function evaluation number: 190, SI: 1, Sub-iteration number: 117, FoM: 0.003975224658931298
06/05/2022 12:03:51.739 - oc_logger - INFO - New record achieved. Previous FoM: 0.003975224658931298, new best FoM : 0.003966938568646827
06/05/2022 12:03:51.739 - oc_logger - INFO - Function evaluation number: 191, SI: 1, Sub-iteration number: 117, FoM: 0.003966938568646827
06/05/2022 12:03:52.106 - oc_logger - INFO - New record achieved. Previous FoM: 0.003966938568646827, new best FoM : 0.003965904895154693
06/05/2022 12:03:52.106 - oc_logger - INFO - Function evaluation number: 192, SI: 1, Sub-iteration number: 118, FoM: 0.003965904895154693
06/05/2022 12:03:52.473 - oc_logger - INFO - New record achieved. Previous FoM: 0.003965904895154693, new best FoM : 0.003958043134013156
06/05/2022 12:03:52.473 - oc_logger - INFO - Function evaluation number: 193, SI: 1, Sub-iteration number: 118, FoM: 0.003958043134013156
06/05/2022 12:03:52.841 - oc_logger - INFO - Function evaluation number: 194, SI: 1, Sub-iteration number: 119, FoM: 0.0039729439992818305
06/05/2022 12:03:53.174 - oc_logger - INFO - New record achieved. Previous FoM: 0.003958043134013156, new best FoM : 0.003953753630326018
06/05/2022 12:03:53.174 - oc_logger - INFO - Function evaluation number: 195, SI: 1, Sub-iteration number: 120, FoM: 0.003953753630326018
06/05/2022 12:03:53.555 - oc_logger - INFO - New record achieved. Previous FoM: 0.003953753630326018, new best FoM : 0.003946508278329319
06/05/2022 12:03:53.555 - oc_logger - INFO - Function evaluation number: 196, SI: 1, Sub-iteration number: 120, FoM: 0.003946508278329319
06/05/2022 12:03:53.935 - oc_logger - INFO - Function evaluation number: 197, SI: 1, Sub-iteration number: 121, FoM: 0.003984076520456181
06/05/2022 12:03:54.291 - oc_logger - INFO - Function evaluation number: 198, SI: 1, Sub-iteration number: 122, FoM: 0.003962652166405567
06/05/2022 12:03:54.568 - oc_logger - INFO - Function evaluation number: 199, SI: 1, Sub-iteration number: 123, FoM: 0.003965390529509727
06/05/2022 12:03:54.942 - oc_logger - INFO - New record achieved. Previous FoM: 0.003946508278329319, new best FoM : 0.003927974718369032
06/05/2022 12:03:54.942 - oc_logger - INFO - Function evaluation number: 200, SI: 1, Sub-iteration number: 124, FoM: 0.003927974718369032
06/05/2022 12:03:55.328 - oc_logger - INFO - New record achieved. Previous FoM: 0.003927974718369032, new best FoM : 0.003924352109045293
06/05/2022 12:03:55.328 - oc_logger - INFO - Function evaluation number: 201, SI: 1, Sub-iteration number: 124, FoM: 0.003924352109045293
06/05/2022 12:03:55.694 - oc_logger - INFO - Function evaluation number: 202, SI: 1, Sub-iteration number: 125, FoM: 0.003936393482231626
06/05/2022 12:03:56.103 - oc_logger - INFO - Function evaluation number: 203, SI: 1, Sub-iteration number: 126, FoM: 0.003932318399645474
06/05/2022 12:03:56.447 - oc_logger - INFO - New record achieved. Previous FoM: 0.003924352109045293, new best FoM : 0.0039216670944058896
06/05/2022 12:03:56.447 - oc_logger - INFO - Function evaluation number: 204, SI: 1, Sub-iteration number: 127, FoM: 0.0039216670944058896
06/05/2022 12:03:56.767 - oc_logger - INFO - New record achieved. Previous FoM: 0.0039216670944058896, new best FoM : 0.003918551709759632
06/05/2022 12:03:56.767 - oc_logger - INFO - Function evaluation number: 205, SI: 1, Sub-iteration number: 127, FoM: 0.003918551709759632
06/05/2022 12:03:57.116 - oc_logger - INFO - New record achieved. Previous FoM: 0.003918551709759632, new best FoM : 0.003916617149129942
06/05/2022 12:03:57.116 - oc_logger - INFO - Function evaluation number: 206, SI: 1, Sub-iteration number: 128, FoM: 0.003916617149129942
06/05/2022 12:03:57.554 - oc_logger - INFO - New record achieved. Previous FoM: 0.003916617149129942, new best FoM : 0.003913946819730785
06/05/2022 12:03:57.555 - oc_logger - INFO - Function evaluation number: 207, SI: 1, Sub-iteration number: 128, FoM: 0.003913946819730785
06/05/2022 12:03:58.018 - oc_logger - INFO - Function evaluation number: 208, SI: 1, Sub-iteration number: 129, FoM: 0.003926743790367837
06/05/2022 12:03:58.435 - oc_logger - INFO - Function evaluation number: 209, SI: 1, Sub-iteration number: 130, FoM: 0.003926750174474081
06/05/2022 12:03:58.790 - oc_logger - INFO - New record achieved. Previous FoM: 0.003913946819730785, new best FoM : 0.0039029085691392185
06/05/2022 12:03:58.790 - oc_logger - INFO - Function evaluation number: 210, SI: 1, Sub-iteration number: 131, FoM: 0.0039029085691392185
06/05/2022 12:03:59.167 - oc_logger - INFO - New record achieved. Previous FoM: 0.0039029085691392185, new best FoM : 0.0039003456296482497
06/05/2022 12:03:59.168 - oc_logger - INFO - Function evaluation number: 211, SI: 1, Sub-iteration number: 131, FoM: 0.0039003456296482497
06/05/2022 12:03:59.503 - oc_logger - INFO - Function evaluation number: 212, SI: 1, Sub-iteration number: 132, FoM: 0.003907831974182763
06/05/2022 12:03:59.845 - oc_logger - INFO - Function evaluation number: 213, SI: 1, Sub-iteration number: 133, FoM: 0.0039043573116367414
06/05/2022 12:04:00.177 - oc_logger - INFO - Function evaluation number: 214, SI: 1, Sub-iteration number: 134, FoM: 0.0039111072899465915
06/05/2022 12:04:00.607 - oc_logger - INFO - Function evaluation number: 215, SI: 1, Sub-iteration number: 135, FoM: 0.00390417528740461
06/05/2022 12:04:01.085 - oc_logger - INFO - Function evaluation number: 216, SI: 1, Sub-iteration number: 136, FoM: 0.003918983024338796
06/05/2022 12:04:01.459 - oc_logger - INFO - New record achieved. Previous FoM: 0.0039003456296482497, new best FoM : 0.003896062666944644
06/05/2022 12:04:01.459 - oc_logger - INFO - Function evaluation number: 217, SI: 1, Sub-iteration number: 137, FoM: 0.003896062666944644
06/05/2022 12:04:02.014 - oc_logger - INFO - New record achieved. Previous FoM: 0.003896062666944644, new best FoM : 0.0038947390802782644
06/05/2022 12:04:02.014 - oc_logger - INFO - Function evaluation number: 218, SI: 1, Sub-iteration number: 137, FoM: 0.0038947390802782644
06/05/2022 12:04:02.541 - oc_logger - INFO - Function evaluation number: 219, SI: 1, Sub-iteration number: 138, FoM: 0.003912431553515394
06/05/2022 12:04:02.995 - oc_logger - INFO - New record achieved. Previous FoM: 0.0038947390802782644, new best FoM : 0.0038933702718010332
06/05/2022 12:04:02.995 - oc_logger - INFO - Function evaluation number: 220, SI: 1, Sub-iteration number: 139, FoM: 0.0038933702718010332
06/05/2022 12:04:03.458 - oc_logger - INFO - New record achieved. Previous FoM: 0.0038933702718010332, new best FoM : 0.003892688592173621
06/05/2022 12:04:03.458 - oc_logger - INFO - Function evaluation number: 221, SI: 1, Sub-iteration number: 139, FoM: 0.003892688592173621
06/05/2022 12:04:03.894 - oc_logger - INFO - Function evaluation number: 222, SI: 1, Sub-iteration number: 140, FoM: 0.0038969686125425174
06/05/2022 12:04:04.230 - oc_logger - INFO - Function evaluation number: 223, SI: 1, Sub-iteration number: 141, FoM: 0.003905396350756263
06/05/2022 12:04:04.566 - oc_logger - INFO - Function evaluation number: 224, SI: 1, Sub-iteration number: 142, FoM: 0.0038956829594412046
06/05/2022 12:04:04.967 - oc_logger - INFO - New record achieved. Previous FoM: 0.003892688592173621, new best FoM : 0.0038899726167997972
06/05/2022 12:04:04.967 - oc_logger - INFO - Function evaluation number: 225, SI: 1, Sub-iteration number: 143, FoM: 0.0038899726167997972
06/05/2022 12:04:05.388 - oc_logger - INFO - New record achieved. Previous FoM: 0.0038899726167997972, new best FoM : 0.00388983158569034
06/05/2022 12:04:05.388 - oc_logger - INFO - Function evaluation number: 226, SI: 1, Sub-iteration number: 143, FoM: 0.00388983158569034
06/05/2022 12:04:05.728 - oc_logger - INFO - Function evaluation number: 227, SI: 1, Sub-iteration number: 144, FoM: 0.003913028029158827
06/05/2022 12:04:06.065 - oc_logger - INFO - Function evaluation number: 228, SI: 1, Sub-iteration number: 144, FoM: 0.003900284935206777
06/05/2022 12:04:06.393 - oc_logger - INFO - Function evaluation number: 229, SI: 1, Sub-iteration number: 145, FoM: 0.0038959836884869814
06/05/2022 12:04:06.738 - oc_logger - INFO - Function evaluation number: 230, SI: 1, Sub-iteration number: 146, FoM: 0.003902474831688263
06/05/2022 12:04:07.083 - oc_logger - INFO - Function evaluation number: 231, SI: 1, Sub-iteration number: 146, FoM: 0.003898325722419993
06/05/2022 12:04:07.426 - oc_logger - INFO - Function evaluation number: 232, SI: 1, Sub-iteration number: 147, FoM: 0.003895149496395578
06/05/2022 12:04:07.770 - oc_logger - INFO - Function evaluation number: 233, SI: 1, Sub-iteration number: 148, FoM: 0.003891426428648259
06/05/2022 12:04:08.097 - oc_logger - INFO - Function evaluation number: 234, SI: 1, Sub-iteration number: 149, FoM: 0.003895353200867646
06/05/2022 12:04:08.423 - oc_logger - INFO - New record achieved. Previous FoM: 0.00388983158569034, new best FoM : 0.003888929766621585
06/05/2022 12:04:08.423 - oc_logger - INFO - Function evaluation number: 235, SI: 1, Sub-iteration number: 150, FoM: 0.003888929766621585
06/05/2022 12:04:08.771 - oc_logger - INFO - New record achieved. Previous FoM: 0.003888929766621585, new best FoM : 0.003888700366785347
06/05/2022 12:04:08.771 - oc_logger - INFO - Function evaluation number: 236, SI: 1, Sub-iteration number: 150, FoM: 0.003888700366785347
06/05/2022 12:04:09.116 - oc_logger - INFO - Function evaluation number: 237, SI: 1, Sub-iteration number: 151, FoM: 0.003896887729238685
06/05/2022 12:04:09.462 - oc_logger - INFO - Function evaluation number: 238, SI: 1, Sub-iteration number: 151, FoM: 0.003893178517505369
06/05/2022 12:04:09.785 - oc_logger - INFO - New record achieved. Previous FoM: 0.003888700366785347, new best FoM : 0.0038864201679698063
06/05/2022 12:04:09.785 - oc_logger - INFO - Function evaluation number: 239, SI: 1, Sub-iteration number: 152, FoM: 0.0038864201679698063
06/05/2022 12:04:10.058 - oc_logger - INFO - New record achieved. Previous FoM: 0.0038864201679698063, new best FoM : 0.003885377875374796
06/05/2022 12:04:10.058 - oc_logger - INFO - Function evaluation number: 240, SI: 1, Sub-iteration number: 152, FoM: 0.003885377875374796
06/05/2022 12:04:10.408 - oc_logger - INFO - Function evaluation number: 241, SI: 1, Sub-iteration number: 153, FoM: 0.0038912271295297174
06/05/2022 12:04:10.750 - oc_logger - INFO - Function evaluation number: 242, SI: 1, Sub-iteration number: 154, FoM: 0.0038877278299058737
06/05/2022 12:04:11.088 - oc_logger - INFO - Function evaluation number: 243, SI: 1, Sub-iteration number: 155, FoM: 0.0038908857834121235
06/05/2022 12:04:11.372 - oc_logger - INFO - Function evaluation number: 244, SI: 1, Sub-iteration number: 156, FoM: 0.0038909063406314948
06/05/2022 12:04:11.685 - oc_logger - INFO - New record achieved. Previous FoM: 0.003885377875374796, new best FoM : 0.003882530592476008
06/05/2022 12:04:11.685 - oc_logger - INFO - Function evaluation number: 245, SI: 1, Sub-iteration number: 157, FoM: 0.003882530592476008
06/05/2022 12:04:12.031 - oc_logger - INFO - New record achieved. Previous FoM: 0.003882530592476008, new best FoM : 0.0038811166930321495
06/05/2022 12:04:12.031 - oc_logger - INFO - Function evaluation number: 246, SI: 1, Sub-iteration number: 157, FoM: 0.0038811166930321495
06/05/2022 12:04:12.377 - oc_logger - INFO - Function evaluation number: 247, SI: 1, Sub-iteration number: 158, FoM: 0.0038825012205618847
06/05/2022 12:04:12.721 - oc_logger - INFO - Function evaluation number: 248, SI: 1, Sub-iteration number: 159, FoM: 0.003904069412884348
06/05/2022 12:04:13.064 - oc_logger - INFO - Function evaluation number: 249, SI: 1, Sub-iteration number: 159, FoM: 0.0038869829846464032
06/05/2022 12:04:13.451 - oc_logger - INFO - Function evaluation number: 250, SI: 1, Sub-iteration number: 160, FoM: 0.0038852512185765242
06/05/2022 12:04:13.719 - oc_logger - INFO - Function evaluation number: 251, SI: 1, Sub-iteration number: 161, FoM: 0.003884502722323546
06/05/2022 12:04:14.067 - oc_logger - INFO - New record achieved. Previous FoM: 0.0038811166930321495, new best FoM : 0.003879726362081115
06/05/2022 12:04:14.067 - oc_logger - INFO - Function evaluation number: 252, SI: 1, Sub-iteration number: 162, FoM: 0.003879726362081115
06/05/2022 12:04:14.383 - oc_logger - INFO - New record achieved. Previous FoM: 0.003879726362081115, new best FoM : 0.003879543610183167
06/05/2022 12:04:14.384 - oc_logger - INFO - Function evaluation number: 253, SI: 1, Sub-iteration number: 162, FoM: 0.003879543610183167
06/05/2022 12:04:14.751 - oc_logger - INFO - Function evaluation number: 254, SI: 1, Sub-iteration number: 163, FoM: 0.0038817006533932163
06/05/2022 12:04:15.143 - oc_logger - INFO - New record achieved. Previous FoM: 0.003879543610183167, new best FoM : 0.0038793307902699192
06/05/2022 12:04:15.143 - oc_logger - INFO - Function evaluation number: 255, SI: 1, Sub-iteration number: 164, FoM: 0.0038793307902699192
06/05/2022 12:04:15.442 - oc_logger - INFO - New record achieved. Previous FoM: 0.0038793307902699192, new best FoM : 0.0038791997035467762
06/05/2022 12:04:15.442 - oc_logger - INFO - Function evaluation number: 256, SI: 1, Sub-iteration number: 164, FoM: 0.0038791997035467762
06/05/2022 12:04:15.668 - oc_logger - INFO - New record achieved. Previous FoM: 0.0038791997035467762, new best FoM : 0.0038755503231262534
06/05/2022 12:04:15.668 - oc_logger - INFO - Function evaluation number: 257, SI: 1, Sub-iteration number: 165, FoM: 0.0038755503231262534
06/05/2022 12:04:15.932 - oc_logger - INFO - New record achieved. Previous FoM: 0.0038755503231262534, new best FoM : 0.00387500273119179
06/05/2022 12:04:15.932 - oc_logger - INFO - Function evaluation number: 258, SI: 1, Sub-iteration number: 165, FoM: 0.00387500273119179
06/05/2022 12:04:16.238 - oc_logger - INFO - New record achieved. Previous FoM: 0.00387500273119179, new best FoM : 0.00387265034874118
06/05/2022 12:04:16.238 - oc_logger - INFO - Function evaluation number: 259, SI: 1, Sub-iteration number: 166, FoM: 0.00387265034874118
06/05/2022 12:04:16.522 - oc_logger - INFO - New record achieved. Previous FoM: 0.00387265034874118, new best FoM : 0.003871288609383128
06/05/2022 12:04:16.522 - oc_logger - INFO - Function evaluation number: 260, SI: 1, Sub-iteration number: 166, FoM: 0.003871288609383128
06/05/2022 12:04:16.854 - oc_logger - INFO - Function evaluation number: 261, SI: 1, Sub-iteration number: 167, FoM: 0.003872203062372237
06/05/2022 12:04:17.082 - oc_logger - INFO - Function evaluation number: 262, SI: 1, Sub-iteration number: 168, FoM: 0.003873786047956962
06/05/2022 12:04:17.419 - oc_logger - INFO - Function evaluation number: 263, SI: 1, Sub-iteration number: 169, FoM: 0.0038713912306195253
06/05/2022 12:04:17.670 - oc_logger - INFO - Function evaluation number: 264, SI: 1, Sub-iteration number: 170, FoM: 0.0038721837833264328
06/05/2022 12:04:18.174 - oc_logger - INFO - Function evaluation number: 265, SI: 1, Sub-iteration number: 171, FoM: 0.003884952172003686
06/05/2022 12:04:18.624 - oc_logger - INFO - Function evaluation number: 266, SI: 1, Sub-iteration number: 171, FoM: 0.0038777209766440723
06/05/2022 12:04:19.072 - oc_logger - INFO - New record achieved. Previous FoM: 0.003871288609383128, new best FoM : 0.003868105742523942
06/05/2022 12:04:19.072 - oc_logger - INFO - Function evaluation number: 267, SI: 1, Sub-iteration number: 172, FoM: 0.003868105742523942
06/05/2022 12:04:19.359 - oc_logger - INFO - New record achieved. Previous FoM: 0.003868105742523942, new best FoM : 0.003866966091669144
06/05/2022 12:04:19.359 - oc_logger - INFO - Function evaluation number: 268, SI: 1, Sub-iteration number: 172, FoM: 0.003866966091669144
06/05/2022 12:04:19.643 - oc_logger - INFO - Function evaluation number: 269, SI: 1, Sub-iteration number: 173, FoM: 0.0038734951561661957
06/05/2022 12:04:19.988 - oc_logger - INFO - Function evaluation number: 270, SI: 1, Sub-iteration number: 174, FoM: 0.003872334318646642
06/05/2022 12:04:20.329 - oc_logger - INFO - New record achieved. Previous FoM: 0.003866966091669144, new best FoM : 0.0038640717283423553
06/05/2022 12:04:20.329 - oc_logger - INFO - Function evaluation number: 271, SI: 1, Sub-iteration number: 175, FoM: 0.0038640717283423553
06/05/2022 12:04:20.677 - oc_logger - INFO - New record achieved. Previous FoM: 0.0038640717283423553, new best FoM : 0.003862675809803595
06/05/2022 12:04:20.678 - oc_logger - INFO - Function evaluation number: 272, SI: 1, Sub-iteration number: 175, FoM: 0.003862675809803595
06/05/2022 12:04:21.023 - oc_logger - INFO - Function evaluation number: 273, SI: 1, Sub-iteration number: 176, FoM: 0.0038661712866143727
06/05/2022 12:04:21.339 - oc_logger - INFO - Function evaluation number: 274, SI: 1, Sub-iteration number: 177, FoM: 0.0038698928788535314
06/05/2022 12:04:21.712 - oc_logger - INFO - Function evaluation number: 275, SI: 1, Sub-iteration number: 178, FoM: 0.003873331109099265
06/05/2022 12:04:22.046 - oc_logger - INFO - Function evaluation number: 276, SI: 1, Sub-iteration number: 178, FoM: 0.003868895194545141
06/05/2022 12:04:22.395 - oc_logger - INFO - Function evaluation number: 277, SI: 1, Sub-iteration number: 179, FoM: 0.0038649542131053982
06/05/2022 12:04:22.729 - oc_logger - INFO - Function evaluation number: 278, SI: 1, Sub-iteration number: 180, FoM: 0.003875750949467349
06/05/2022 12:04:23.079 - oc_logger - INFO - Function evaluation number: 279, SI: 1, Sub-iteration number: 180, FoM: 0.0038699122649158424
06/05/2022 12:04:23.414 - oc_logger - INFO - New record achieved. Previous FoM: 0.003862675809803595, new best FoM : 0.0038614810976496106
06/05/2022 12:04:23.414 - oc_logger - INFO - Function evaluation number: 280, SI: 1, Sub-iteration number: 181, FoM: 0.0038614810976496106
06/05/2022 12:04:23.798 - oc_logger - INFO - New record achieved. Previous FoM: 0.0038614810976496106, new best FoM : 0.0038609006858697503
06/05/2022 12:04:23.798 - oc_logger - INFO - Function evaluation number: 281, SI: 1, Sub-iteration number: 181, FoM: 0.0038609006858697503
06/05/2022 12:04:24.116 - oc_logger - INFO - New record achieved. Previous FoM: 0.0038609006858697503, new best FoM : 0.003860565143027017
06/05/2022 12:04:24.116 - oc_logger - INFO - Function evaluation number: 282, SI: 1, Sub-iteration number: 182, FoM: 0.003860565143027017
06/05/2022 12:04:24.470 - oc_logger - INFO - New record achieved. Previous FoM: 0.003860565143027017, new best FoM : 0.003860406188261556
06/05/2022 12:04:24.471 - oc_logger - INFO - Function evaluation number: 283, SI: 1, Sub-iteration number: 182, FoM: 0.003860406188261556
06/05/2022 12:04:24.786 - oc_logger - INFO - Function evaluation number: 284, SI: 1, Sub-iteration number: 183, FoM: 0.003867587656484872
06/05/2022 12:04:25.122 - oc_logger - INFO - Function evaluation number: 285, SI: 1, Sub-iteration number: 184, FoM: 0.0038720965796824602
06/05/2022 12:04:25.462 - oc_logger - INFO - Function evaluation number: 286, SI: 1, Sub-iteration number: 184, FoM: 0.003865564621723938
06/05/2022 12:04:25.853 - oc_logger - INFO - New record achieved. Previous FoM: 0.003860406188261556, new best FoM : 0.0038576124343953078
06/05/2022 12:04:25.853 - oc_logger - INFO - Function evaluation number: 287, SI: 1, Sub-iteration number: 185, FoM: 0.0038576124343953078
06/05/2022 12:04:26.320 - oc_logger - INFO - New record achieved. Previous FoM: 0.0038576124343953078, new best FoM : 0.0038568222326842427
06/05/2022 12:04:26.320 - oc_logger - INFO - Function evaluation number: 288, SI: 1, Sub-iteration number: 185, FoM: 0.0038568222326842427
06/05/2022 12:04:26.770 - oc_logger - INFO - Function evaluation number: 289, SI: 1, Sub-iteration number: 186, FoM: 0.0038676524709019278
06/05/2022 12:04:27.204 - oc_logger - INFO - Function evaluation number: 290, SI: 1, Sub-iteration number: 186, FoM: 0.0038656838782724634
06/05/2022 12:04:27.586 - oc_logger - INFO - Function evaluation number: 291, SI: 1, Sub-iteration number: 187, FoM: 0.003859238374537055
06/05/2022 12:04:27.964 - oc_logger - INFO - New record achieved. Previous FoM: 0.0038568222326842427, new best FoM : 0.003855817904368064
06/05/2022 12:04:27.964 - oc_logger - INFO - Function evaluation number: 292, SI: 1, Sub-iteration number: 188, FoM: 0.003855817904368064
06/05/2022 12:04:28.361 - oc_logger - INFO - New record achieved. Previous FoM: 0.003855817904368064, new best FoM : 0.0038550919094452185
06/05/2022 12:04:28.362 - oc_logger - INFO - Function evaluation number: 293, SI: 1, Sub-iteration number: 188, FoM: 0.0038550919094452185
06/05/2022 12:04:28.776 - oc_logger - INFO - Function evaluation number: 294, SI: 1, Sub-iteration number: 189, FoM: 0.003860761314580574
06/05/2022 12:04:29.207 - oc_logger - INFO - New record achieved. Previous FoM: 0.0038550919094452185, new best FoM : 0.0038532332745409015
06/05/2022 12:04:29.207 - oc_logger - INFO - Function evaluation number: 295, SI: 1, Sub-iteration number: 190, FoM: 0.0038532332745409015
06/05/2022 12:04:29.614 - oc_logger - INFO - New record achieved. Previous FoM: 0.0038532332745409015, new best FoM : 0.003852671343268277
06/05/2022 12:04:29.614 - oc_logger - INFO - Function evaluation number: 296, SI: 1, Sub-iteration number: 190, FoM: 0.003852671343268277
06/05/2022 12:04:30.005 - oc_logger - INFO - Function evaluation number: 297, SI: 1, Sub-iteration number: 191, FoM: 0.0038543694346890867
06/05/2022 12:04:30.455 - oc_logger - INFO - New record achieved. Previous FoM: 0.003852671343268277, new best FoM : 0.003852666265256821
06/05/2022 12:04:30.456 - oc_logger - INFO - Function evaluation number: 298, SI: 1, Sub-iteration number: 192, FoM: 0.003852666265256821
06/05/2022 12:04:30.950 - oc_logger - INFO - Function evaluation number: 299, SI: 1, Sub-iteration number: 192, FoM: 0.0038534827555114504
06/05/2022 12:04:31.346 - oc_logger - INFO - New record achieved. Previous FoM: 0.003852666265256821, new best FoM : 0.003850957601929328
06/05/2022 12:04:31.346 - oc_logger - INFO - Function evaluation number: 300, SI: 1, Sub-iteration number: 193, FoM: 0.003850957601929328
06/05/2022 12:04:31.784 - oc_logger - INFO - New record achieved. Previous FoM: 0.003850957601929328, new best FoM : 0.0038507003824059804
06/05/2022 12:04:31.784 - oc_logger - INFO - Function evaluation number: 301, SI: 1, Sub-iteration number: 193, FoM: 0.0038507003824059804
06/05/2022 12:04:32.232 - oc_logger - INFO - Function evaluation number: 302, SI: 1, Sub-iteration number: 194, FoM: 0.0038599172635080947
06/05/2022 12:04:32.578 - oc_logger - INFO - New record achieved. Previous FoM: 0.0038507003824059804, new best FoM : 0.003845679010459513
06/05/2022 12:04:32.578 - oc_logger - INFO - Function evaluation number: 303, SI: 1, Sub-iteration number: 195, FoM: 0.003845679010459513
06/05/2022 12:04:32.984 - oc_logger - INFO - New record achieved. Previous FoM: 0.003845679010459513, new best FoM : 0.0038444440463876184
06/05/2022 12:04:32.984 - oc_logger - INFO - Function evaluation number: 304, SI: 1, Sub-iteration number: 195, FoM: 0.0038444440463876184
06/05/2022 12:04:33.403 - oc_logger - INFO - Function evaluation number: 305, SI: 1, Sub-iteration number: 196, FoM: 0.003857874050503085
06/05/2022 12:04:33.739 - oc_logger - INFO - Function evaluation number: 306, SI: 1, Sub-iteration number: 197, FoM: 0.0038503768904275537
06/05/2022 12:04:34.125 - oc_logger - INFO - Function evaluation number: 307, SI: 1, Sub-iteration number: 198, FoM: 0.003850210247965613
06/05/2022 12:04:34.673 - oc_logger - INFO - Function evaluation number: 308, SI: 1, Sub-iteration number: 199, FoM: 0.0038451104098051747
06/05/2022 12:04:35.153 - oc_logger - INFO - Function evaluation number: 309, SI: 1, Sub-iteration number: 200, FoM: 0.003847411042510407
06/05/2022 12:04:35.480 - oc_logger - INFO - Function evaluation number: 310, SI: 1, Sub-iteration number: 201, FoM: 0.0038465719267253284
06/05/2022 12:04:35.792 - oc_logger - INFO - New record achieved. Previous FoM: 0.0038444440463876184, new best FoM : 0.0038432781637492974
06/05/2022 12:04:35.792 - oc_logger - INFO - Function evaluation number: 311, SI: 1, Sub-iteration number: 202, FoM: 0.0038432781637492974
06/05/2022 12:04:36.104 - oc_logger - INFO - New record achieved. Previous FoM: 0.0038432781637492974, new best FoM : 0.003842525388414786
06/05/2022 12:04:36.104 - oc_logger - INFO - Function evaluation number: 312, SI: 1, Sub-iteration number: 202, FoM: 0.003842525388414786
06/05/2022 12:04:36.634 - oc_logger - INFO - New record achieved. Previous FoM: 0.003842525388414786, new best FoM : 0.0038408593442764705
06/05/2022 12:04:36.634 - oc_logger - INFO - Function evaluation number: 313, SI: 1, Sub-iteration number: 203, FoM: 0.0038408593442764705
06/05/2022 12:04:37.041 - oc_logger - INFO - New record achieved. Previous FoM: 0.0038408593442764705, new best FoM : 0.0038406775347360478
06/05/2022 12:04:37.042 - oc_logger - INFO - Function evaluation number: 314, SI: 1, Sub-iteration number: 203, FoM: 0.0038406775347360478
06/05/2022 12:04:37.565 - oc_logger - INFO - Function evaluation number: 315, SI: 1, Sub-iteration number: 204, FoM: 0.0038460748573762027
06/05/2022 12:04:37.928 - oc_logger - INFO - Function evaluation number: 316, SI: 1, Sub-iteration number: 205, FoM: 0.0038645020548604414
06/05/2022 12:04:38.281 - oc_logger - INFO - Function evaluation number: 317, SI: 1, Sub-iteration number: 205, FoM: 0.0038481118178537166
06/05/2022 12:04:38.752 - oc_logger - INFO - Function evaluation number: 318, SI: 1, Sub-iteration number: 206, FoM: 0.003841064340136202
06/05/2022 12:04:39.121 - oc_logger - INFO - Function evaluation number: 319, SI: 1, Sub-iteration number: 207, FoM: 0.003850376903495878
06/05/2022 12:04:39.659 - oc_logger - INFO - Function evaluation number: 320, SI: 1, Sub-iteration number: 207, FoM: 0.0038462369101057714
06/05/2022 12:04:40.070 - oc_logger - INFO - Function evaluation number: 321, SI: 1, Sub-iteration number: 208, FoM: 0.0038414624957550103
06/05/2022 12:04:40.586 - oc_logger - INFO - Function evaluation number: 322, SI: 1, Sub-iteration number: 209, FoM: 0.0038414757367117858
06/05/2022 12:04:40.920 - oc_logger - INFO - Function evaluation number: 323, SI: 1, Sub-iteration number: 210, FoM: 0.0038416894497373955
06/05/2022 12:04:41.374 - oc_logger - INFO - Function evaluation number: 324, SI: 1, Sub-iteration number: 211, FoM: 0.003845246865269991
06/05/2022 12:04:41.811 - oc_logger - INFO - Function evaluation number: 325, SI: 1, Sub-iteration number: 211, FoM: 0.0038427468795841913
06/05/2022 12:04:42.204 - oc_logger - INFO - Function evaluation number: 326, SI: 1, Sub-iteration number: 212, FoM: 0.0038421917943063377
06/05/2022 12:04:42.204 - oc_logger - INFO - SI 1 finished - Number of evaluations: 326, Best FoM: 0.0038406775347360478, Terminate reason: Convergence of the FoM.

06/05/2022 12:04:42.204 - oc_logger - INFO - Direct search start time has been reset.
06/05/2022 12:04:42.598 - oc_logger - INFO - Function evaluation number: 327, SI: 2, Sub-iteration number: 0, FoM: 0.0038406775347360478
06/05/2022 12:04:43.067 - oc_logger - INFO - New record achieved. Previous FoM: 0.0038406775347360478, new best FoM : 0.003840658960943988
06/05/2022 12:04:43.067 - oc_logger - INFO - Function evaluation number: 328, SI: 2, Sub-iteration number: 0, FoM: 0.003840658960943988
06/05/2022 12:04:43.585 - oc_logger - INFO - New record achieved. Previous FoM: 0.003840658960943988, new best FoM : 0.003840080756532527
06/05/2022 12:04:43.585 - oc_logger - INFO - Function evaluation number: 329, SI: 2, Sub-iteration number: 0, FoM: 0.003840080756532527
06/05/2022 12:04:43.961 - oc_logger - INFO - Function evaluation number: 330, SI: 2, Sub-iteration number: 0, FoM: 0.003840846021913702
06/05/2022 12:04:44.286 - oc_logger - INFO - Function evaluation number: 331, SI: 2, Sub-iteration number: 0, FoM: 0.003841200703688208
06/05/2022 12:04:44.603 - oc_logger - INFO - Function evaluation number: 332, SI: 2, Sub-iteration number: 0, FoM: 0.003840170738292459
06/05/2022 12:04:44.986 - oc_logger - INFO - Function evaluation number: 333, SI: 2, Sub-iteration number: 0, FoM: 0.0038404426449983875
06/05/2022 12:04:45.306 - oc_logger - INFO - Function evaluation number: 334, SI: 2, Sub-iteration number: 0, FoM: 0.003841084960282126
06/05/2022 12:04:45.674 - oc_logger - INFO - Function evaluation number: 335, SI: 2, Sub-iteration number: 0, FoM: 0.0038407225844387938
06/05/2022 12:04:46.074 - oc_logger - INFO - New record achieved. Previous FoM: 0.003840080756532527, new best FoM : 0.0038399857012986205
06/05/2022 12:04:46.074 - oc_logger - INFO - Function evaluation number: 336, SI: 2, Sub-iteration number: 1, FoM: 0.0038399857012986205
06/05/2022 12:04:46.457 - oc_logger - INFO - New record achieved. Previous FoM: 0.0038399857012986205, new best FoM : 0.0038398725979126302
06/05/2022 12:04:46.457 - oc_logger - INFO - Function evaluation number: 337, SI: 2, Sub-iteration number: 1, FoM: 0.0038398725979126302
06/05/2022 12:04:46.461 - oc_logger - INFO - SI 2 finished - Number of evaluations: 11, Best FoM: 0.0038398725979126302, Terminate reason: Convergence of the FoM.

06/05/2022 12:04:46.462 - oc_logger - INFO - Direct search start time has been reset.
06/05/2022 12:04:46.825 - oc_logger - INFO - Function evaluation number: 338, SI: 3, Sub-iteration number: 0, FoM: 0.0038398725979126302
06/05/2022 12:04:47.143 - oc_logger - INFO - New record achieved. Previous FoM: 0.0038398725979126302, new best FoM : 0.0038396905407301896
06/05/2022 12:04:47.143 - oc_logger - INFO - Function evaluation number: 339, SI: 3, Sub-iteration number: 0, FoM: 0.0038396905407301896
06/05/2022 12:04:47.529 - oc_logger - INFO - Function evaluation number: 340, SI: 3, Sub-iteration number: 0, FoM: 0.0038401574384314685
06/05/2022 12:04:47.910 - oc_logger - INFO - Function evaluation number: 341, SI: 3, Sub-iteration number: 0, FoM: 0.003840273295082297
06/05/2022 12:04:48.278 - oc_logger - INFO - New record achieved. Previous FoM: 0.0038396905407301896, new best FoM : 0.0038396623088385873
06/05/2022 12:04:48.278 - oc_logger - INFO - Function evaluation number: 342, SI: 3, Sub-iteration number: 0, FoM: 0.0038396623088385873
06/05/2022 12:04:48.646 - oc_logger - INFO - Function evaluation number: 343, SI: 3, Sub-iteration number: 0, FoM: 0.0038401845403203128
06/05/2022 12:04:49.016 - oc_logger - INFO - Function evaluation number: 344, SI: 3, Sub-iteration number: 0, FoM: 0.00383968110592936
06/05/2022 12:04:49.363 - oc_logger - INFO - Function evaluation number: 345, SI: 3, Sub-iteration number: 0, FoM: 0.00383967329207191
06/05/2022 12:04:49.711 - oc_logger - INFO - Function evaluation number: 346, SI: 3, Sub-iteration number: 0, FoM: 0.003839984290119891
06/05/2022 12:04:50.197 - oc_logger - INFO - New record achieved. Previous FoM: 0.0038396623088385873, new best FoM : 0.003839591589539171
06/05/2022 12:04:50.197 - oc_logger - INFO - Function evaluation number: 347, SI: 3, Sub-iteration number: 1, FoM: 0.003839591589539171
06/05/2022 12:04:50.622 - oc_logger - INFO - New record achieved. Previous FoM: 0.003839591589539171, new best FoM : 0.003839575006740925
06/05/2022 12:04:50.622 - oc_logger - INFO - Function evaluation number: 348, SI: 3, Sub-iteration number: 1, FoM: 0.003839575006740925
06/05/2022 12:04:50.633 - oc_logger - INFO - SI 3 finished - Number of evaluations: 11, Best FoM: 0.003839575006740925, Terminate reason: Convergence of the FoM.

06/05/2022 12:04:50.633 - oc_logger - INFO - Figure of merit : 0.003839575006740925
06/05/2022 12:04:50.634 - oc_logger - INFO - Std : 0.0
06/05/2022 12:04:50.634 - oc_logger - INFO - total number of function evaluations : 348
06/05/2022 12:04:50.634 - oc_logger - INFO - dcrab_freq_list : [array([[ 0.93878563,  3.78263343,  8.16618491, 13.61709543]]), array([[ 1.54701178,  5.38823545,  8.18400323, 13.06379517]]), array([[ 2.34814719,  4.72108682,  7.83029228, 11.61748358]])]
06/05/2022 12:04:50.634 - oc_logger - INFO - dcrab_para_list : [array([135.20730326,  78.26100392, -21.24929642,  35.43193124,
       -15.7670877 , -52.37279469, -28.91287753,  20.18146514]), array([-0.01559376,  0.10093155,  0.09878706, -0.44756487,  0.07954098,
        0.10234932,  0.09199501,  0.13695838]), array([-0.33742468,  0.22126255, -0.2798622 , -0.0279539 , -0.04909085,
       -0.01590746,  0.13785471, -0.03070314])]
06/05/2022 12:04:50.634 - oc_logger - INFO - terminate_reason : Convergence of the FoM.
