06/08/2022 07:01:37.084 - oc_logger - INFO - The optimization direction is minimization
06/08/2022 07:01:37.085 - oc_logger - INFO - QuOCS version number: 0.0.22
06/08/2022 07:01:37.119 - oc_logger - INFO - Function evaluation number: 1, FoM: 0.6360197177307646
06/08/2022 07:01:37.129 - oc_logger - INFO - Function evaluation number: 2, FoM: 0.6465545253480189
06/08/2022 07:01:37.134 - oc_logger - INFO - Function evaluation number: 3, FoM: 0.661923995517545
06/08/2022 07:01:37.139 - oc_logger - INFO - Function evaluation number: 4, FoM: 0.6138927779635388
06/08/2022 07:01:37.142 - oc_logger - INFO - Function evaluation number: 5, FoM: 0.5796007103770286
06/08/2022 07:01:37.146 - oc_logger - INFO - Function evaluation number: 6, FoM: 0.5614939462148547
06/08/2022 07:01:37.150 - oc_logger - INFO - Function evaluation number: 7, FoM: 0.5019233548546123
06/08/2022 07:01:37.155 - oc_logger - INFO - Function evaluation number: 8, FoM: 0.41261342985248384
06/08/2022 07:01:37.160 - oc_logger - INFO - Function evaluation number: 9, FoM: 0.2637813061798746
06/08/2022 07:01:37.167 - oc_logger - INFO - Function evaluation number: 10, FoM: 0.16230049524131107
06/08/2022 07:01:37.171 - oc_logger - INFO - Function evaluation number: 11, FoM: 0.01520192819097077
06/08/2022 07:01:37.175 - oc_logger - INFO - Function evaluation number: 12, FoM: 0.07563824129665386
06/08/2022 07:01:37.180 - oc_logger - INFO - Function evaluation number: 13, FoM: 0.09284021909889284
06/08/2022 07:01:37.185 - oc_logger - INFO - Function evaluation number: 14, FoM: 0.05098832952222909
06/08/2022 07:01:37.188 - oc_logger - INFO - Function evaluation number: 15, FoM: 0.06032318893578115
06/08/2022 07:01:37.194 - oc_logger - INFO - Function evaluation number: 16, FoM: 0.06950781339937984
06/08/2022 07:01:37.202 - oc_logger - INFO - Function evaluation number: 17, FoM: 0.07514696018258471
06/08/2022 07:01:37.209 - oc_logger - INFO - Function evaluation number: 18, FoM: 0.06597461820195516
06/08/2022 07:01:37.213 - oc_logger - INFO - Function evaluation number: 19, FoM: 0.016954814887553016
06/08/2022 07:01:37.218 - oc_logger - INFO - Function evaluation number: 20, FoM: 0.11479726857547234
06/08/2022 07:01:37.222 - oc_logger - INFO - Function evaluation number: 21, FoM: 0.039919500162447275
06/08/2022 07:01:37.229 - oc_logger - INFO - Function evaluation number: 22, FoM: 0.0524648882608294
06/08/2022 07:01:37.234 - oc_logger - INFO - Function evaluation number: 23, FoM: 0.02154433530580957
06/08/2022 07:01:37.239 - oc_logger - INFO - Function evaluation number: 24, FoM: 0.024900357059573608
06/08/2022 07:01:37.244 - oc_logger - INFO - Function evaluation number: 25, FoM: 0.011101430562914016
06/08/2022 07:01:37.249 - oc_logger - INFO - Function evaluation number: 26, FoM: 0.037951990487156806
06/08/2022 07:01:37.253 - oc_logger - INFO - Function evaluation number: 27, FoM: 0.0012598352269544977
06/08/2022 07:01:37.259 - oc_logger - INFO - Function evaluation number: 28, FoM: 0.0058062887615003556
06/08/2022 07:01:37.266 - oc_logger - INFO - Function evaluation number: 29, FoM: 0.019396546767936562
06/08/2022 07:01:37.271 - oc_logger - INFO - Function evaluation number: 30, FoM: 0.00395286817873286
06/08/2022 07:01:37.275 - oc_logger - INFO - Function evaluation number: 31, FoM: 0.0082503668349041
06/08/2022 07:01:37.279 - oc_logger - INFO - Function evaluation number: 32, FoM: 0.002184419424745787
06/08/2022 07:01:37.283 - oc_logger - INFO - Function evaluation number: 33, FoM: 0.00758020718817165
06/08/2022 07:01:37.286 - oc_logger - INFO - Function evaluation number: 34, FoM: 0.0011390169400937733
06/08/2022 07:01:37.294 - oc_logger - INFO - Function evaluation number: 35, FoM: 0.0020460040057808104
06/08/2022 07:01:37.303 - oc_logger - INFO - Function evaluation number: 36, FoM: 0.0009981044800759786
06/08/2022 07:01:37.308 - oc_logger - INFO - Function evaluation number: 37, FoM: 0.003366080662918769
06/08/2022 07:01:37.313 - oc_logger - INFO - Function evaluation number: 38, FoM: 9.175017975626698e-05
06/08/2022 07:01:37.316 - oc_logger - INFO - Function evaluation number: 39, FoM: 0.00023390374115084267
06/08/2022 07:01:37.322 - oc_logger - INFO - Function evaluation number: 40, FoM: 0.001331358658482884
06/08/2022 07:01:37.330 - oc_logger - INFO - Function evaluation number: 41, FoM: 0.00041863396250474416
06/08/2022 07:01:37.334 - oc_logger - INFO - Function evaluation number: 42, FoM: 0.0007461015405196836
06/08/2022 07:01:37.339 - oc_logger - INFO - Function evaluation number: 43, FoM: 0.00012817365913364576
06/08/2022 07:01:37.344 - oc_logger - INFO - Function evaluation number: 44, FoM: 0.0002698442853243943
06/08/2022 07:01:37.348 - oc_logger - INFO - Function evaluation number: 45, FoM: 0.00010775328320011823
06/08/2022 07:01:37.352 - oc_logger - INFO - Function evaluation number: 46, FoM: 0.0003279469410893965
06/08/2022 07:01:37.357 - oc_logger - INFO - Function evaluation number: 47, FoM: 1.4257019321783915e-05
06/08/2022 07:01:37.367 - oc_logger - INFO - Function evaluation number: 48, FoM: 3.0199288890919718e-05
06/08/2022 07:01:37.376 - oc_logger - INFO - Function evaluation number: 49, FoM: 0.0001361636312262604
06/08/2022 07:01:37.380 - oc_logger - INFO - Function evaluation number: 50, FoM: 3.4743343996890275e-05
06/08/2022 07:01:37.385 - oc_logger - INFO - Function evaluation number: 51, FoM: 7.921356577500482e-05
06/08/2022 07:01:37.392 - oc_logger - INFO - Function evaluation number: 52, FoM: 6.247020532423875e-06
06/08/2022 07:01:37.396 - oc_logger - INFO - Function evaluation number: 53, FoM: 2.2253745697975447e-05
06/08/2022 07:01:37.403 - oc_logger - INFO - Function evaluation number: 54, FoM: 9.112683450052117e-06
06/08/2022 07:01:37.410 - oc_logger - INFO - Function evaluation number: 55, FoM: 2.9612365486597625e-05
06/08/2022 07:01:37.414 - oc_logger - INFO - Function evaluation number: 56, FoM: 3.2929112698809604e-06
06/08/2022 07:01:37.415 - oc_logger - INFO - Figure of merit : 3.2929112698809604e-06
06/08/2022 07:01:37.416 - oc_logger - INFO - parameters : [5.83710295 2.40785768]
06/08/2022 07:01:37.416 - oc_logger - INFO - terminate_reason : Convergence of the simplex.
