17/06/2022 19:42:32.222 - oc_logger - INFO - The optimization direction is minimization
17/06/2022 19:42:32.224 - oc_logger - INFO - QuOCS version number: 0.0.27
17/06/2022 19:42:32.224 - oc_logger - INFO - Direct search start time has been reset.
17/06/2022 19:42:32.521 - oc_logger - INFO - New record achieved. Previous FoM: 10000000000.0, new best FoM : 0.9674566088432687
17/06/2022 19:42:32.521 - oc_logger - INFO - Function evaluation number: 1, SI: 1, Sub-iteration number: 0, FoM: 0.9674566088432687
17/06/2022 19:42:32.899 - oc_logger - INFO - Function evaluation number: 2, SI: 1, Sub-iteration number: 0, FoM: 0.9678961454479582
17/06/2022 19:42:33.243 - oc_logger - INFO - New record achieved. Previous FoM: 0.9674566088432687, new best FoM : 0.964983566602885
17/06/2022 19:42:33.243 - oc_logger - INFO - Function evaluation number: 3, SI: 1, Sub-iteration number: 0, FoM: 0.964983566602885
17/06/2022 19:42:33.677 - oc_logger - INFO - Function evaluation number: 4, SI: 1, Sub-iteration number: 0, FoM: 0.9677543397835832
17/06/2022 19:42:34.233 - oc_logger - INFO - New record achieved. Previous FoM: 0.964983566602885, new best FoM : 0.9573720325246317
17/06/2022 19:42:34.233 - oc_logger - INFO - Function evaluation number: 5, SI: 1, Sub-iteration number: 0, FoM: 0.9573720325246317
17/06/2022 19:42:34.757 - oc_logger - INFO - New record achieved. Previous FoM: 0.9573720325246317, new best FoM : 0.9547234798946714
17/06/2022 19:42:34.757 - oc_logger - INFO - Function evaluation number: 6, SI: 1, Sub-iteration number: 0, FoM: 0.9547234798946714
17/06/2022 19:42:35.225 - oc_logger - INFO - Function evaluation number: 7, SI: 1, Sub-iteration number: 0, FoM: 0.9674289477667315
17/06/2022 19:42:35.584 - oc_logger - INFO - Function evaluation number: 8, SI: 1, Sub-iteration number: 0, FoM: 0.9685925115761553
17/06/2022 19:42:35.954 - oc_logger - INFO - Function evaluation number: 9, SI: 1, Sub-iteration number: 0, FoM: 0.9665303840911413
17/06/2022 19:42:36.254 - oc_logger - INFO - Function evaluation number: 10, SI: 1, Sub-iteration number: 1, FoM: 0.9573261978452876
17/06/2022 19:42:36.738 - oc_logger - INFO - Function evaluation number: 11, SI: 1, Sub-iteration number: 2, FoM: 0.9579343391302706
17/06/2022 19:42:37.067 - oc_logger - INFO - New record achieved. Previous FoM: 0.9547234798946714, new best FoM : 0.9546652771692291
17/06/2022 19:42:37.068 - oc_logger - INFO - Function evaluation number: 12, SI: 1, Sub-iteration number: 3, FoM: 0.9546652771692291
17/06/2022 19:42:37.434 - oc_logger - INFO - New record achieved. Previous FoM: 0.9546652771692291, new best FoM : 0.9522117910640553
17/06/2022 19:42:37.434 - oc_logger - INFO - Function evaluation number: 13, SI: 1, Sub-iteration number: 3, FoM: 0.9522117910640553
17/06/2022 19:42:37.798 - oc_logger - INFO - New record achieved. Previous FoM: 0.9522117910640553, new best FoM : 0.9488748833894975
17/06/2022 19:42:37.798 - oc_logger - INFO - Function evaluation number: 14, SI: 1, Sub-iteration number: 4, FoM: 0.9488748833894975
17/06/2022 19:42:38.113 - oc_logger - INFO - New record achieved. Previous FoM: 0.9488748833894975, new best FoM : 0.9451249889567158
17/06/2022 19:42:38.114 - oc_logger - INFO - Function evaluation number: 15, SI: 1, Sub-iteration number: 4, FoM: 0.9451249889567158
17/06/2022 19:42:38.489 - oc_logger - INFO - New record achieved. Previous FoM: 0.9451249889567158, new best FoM : 0.9400309059726634
17/06/2022 19:42:38.489 - oc_logger - INFO - Function evaluation number: 16, SI: 1, Sub-iteration number: 5, FoM: 0.9400309059726634
17/06/2022 19:42:38.853 - oc_logger - INFO - New record achieved. Previous FoM: 0.9400309059726634, new best FoM : 0.934290988589479
17/06/2022 19:42:38.853 - oc_logger - INFO - Function evaluation number: 17, SI: 1, Sub-iteration number: 5, FoM: 0.934290988589479
17/06/2022 19:42:39.160 - oc_logger - INFO - New record achieved. Previous FoM: 0.934290988589479, new best FoM : 0.9306955333224985
17/06/2022 19:42:39.160 - oc_logger - INFO - Function evaluation number: 18, SI: 1, Sub-iteration number: 6, FoM: 0.9306955333224985
17/06/2022 19:42:39.493 - oc_logger - INFO - New record achieved. Previous FoM: 0.9306955333224985, new best FoM : 0.9232613876456814
17/06/2022 19:42:39.493 - oc_logger - INFO - Function evaluation number: 19, SI: 1, Sub-iteration number: 6, FoM: 0.9232613876456814
17/06/2022 19:42:39.861 - oc_logger - INFO - New record achieved. Previous FoM: 0.9232613876456814, new best FoM : 0.9231372149697736
17/06/2022 19:42:39.861 - oc_logger - INFO - Function evaluation number: 20, SI: 1, Sub-iteration number: 7, FoM: 0.9231372149697736
17/06/2022 19:42:40.222 - oc_logger - INFO - New record achieved. Previous FoM: 0.9231372149697736, new best FoM : 0.9151975802460351
17/06/2022 19:42:40.222 - oc_logger - INFO - Function evaluation number: 21, SI: 1, Sub-iteration number: 7, FoM: 0.9151975802460351
17/06/2022 19:42:40.589 - oc_logger - INFO - Function evaluation number: 22, SI: 1, Sub-iteration number: 8, FoM: 0.9255954546972944
17/06/2022 19:42:40.942 - oc_logger - INFO - Function evaluation number: 23, SI: 1, Sub-iteration number: 9, FoM: 0.9157376177328898
17/06/2022 19:42:41.347 - oc_logger - INFO - New record achieved. Previous FoM: 0.9151975802460351, new best FoM : 0.9013411289885738
17/06/2022 19:42:41.347 - oc_logger - INFO - Function evaluation number: 24, SI: 1, Sub-iteration number: 10, FoM: 0.9013411289885738
17/06/2022 19:42:41.800 - oc_logger - INFO - New record achieved. Previous FoM: 0.9013411289885738, new best FoM : 0.8914234802154557
17/06/2022 19:42:41.800 - oc_logger - INFO - Function evaluation number: 25, SI: 1, Sub-iteration number: 10, FoM: 0.8914234802154557
17/06/2022 19:42:42.169 - oc_logger - INFO - New record achieved. Previous FoM: 0.8914234802154557, new best FoM : 0.8864345927304057
17/06/2022 19:42:42.169 - oc_logger - INFO - Function evaluation number: 26, SI: 1, Sub-iteration number: 11, FoM: 0.8864345927304057
17/06/2022 19:42:42.532 - oc_logger - INFO - New record achieved. Previous FoM: 0.8864345927304057, new best FoM : 0.8745024911435771
17/06/2022 19:42:42.532 - oc_logger - INFO - Function evaluation number: 27, SI: 1, Sub-iteration number: 11, FoM: 0.8745024911435771
17/06/2022 19:42:42.933 - oc_logger - INFO - New record achieved. Previous FoM: 0.8745024911435771, new best FoM : 0.8657293268366509
17/06/2022 19:42:42.934 - oc_logger - INFO - Function evaluation number: 28, SI: 1, Sub-iteration number: 12, FoM: 0.8657293268366509
17/06/2022 19:42:43.434 - oc_logger - INFO - New record achieved. Previous FoM: 0.8657293268366509, new best FoM : 0.8504805200551703
17/06/2022 19:42:43.434 - oc_logger - INFO - Function evaluation number: 29, SI: 1, Sub-iteration number: 12, FoM: 0.8504805200551703
17/06/2022 19:42:43.926 - oc_logger - INFO - Function evaluation number: 30, SI: 1, Sub-iteration number: 13, FoM: 0.8505280769411788
17/06/2022 19:42:44.384 - oc_logger - INFO - New record achieved. Previous FoM: 0.8504805200551703, new best FoM : 0.8458262264580373
17/06/2022 19:42:44.384 - oc_logger - INFO - Function evaluation number: 31, SI: 1, Sub-iteration number: 14, FoM: 0.8458262264580373
17/06/2022 19:42:44.832 - oc_logger - INFO - New record achieved. Previous FoM: 0.8458262264580373, new best FoM : 0.8319547313505706
17/06/2022 19:42:44.832 - oc_logger - INFO - Function evaluation number: 32, SI: 1, Sub-iteration number: 14, FoM: 0.8319547313505706
17/06/2022 19:42:45.315 - oc_logger - INFO - New record achieved. Previous FoM: 0.8319547313505706, new best FoM : 0.8318760049039226
17/06/2022 19:42:45.315 - oc_logger - INFO - Function evaluation number: 33, SI: 1, Sub-iteration number: 15, FoM: 0.8318760049039226
17/06/2022 19:42:45.754 - oc_logger - INFO - New record achieved. Previous FoM: 0.8318760049039226, new best FoM : 0.8174083416489474
17/06/2022 19:42:45.754 - oc_logger - INFO - Function evaluation number: 34, SI: 1, Sub-iteration number: 15, FoM: 0.8174083416489474
17/06/2022 19:42:46.064 - oc_logger - INFO - New record achieved. Previous FoM: 0.8174083416489474, new best FoM : 0.8045666817051398
17/06/2022 19:42:46.064 - oc_logger - INFO - Function evaluation number: 35, SI: 1, Sub-iteration number: 16, FoM: 0.8045666817051398
17/06/2022 19:42:46.427 - oc_logger - INFO - New record achieved. Previous FoM: 0.8045666817051398, new best FoM : 0.7864173316884091
17/06/2022 19:42:46.427 - oc_logger - INFO - Function evaluation number: 36, SI: 1, Sub-iteration number: 16, FoM: 0.7864173316884091
17/06/2022 19:42:46.791 - oc_logger - INFO - New record achieved. Previous FoM: 0.7864173316884091, new best FoM : 0.776786079457732
17/06/2022 19:42:46.792 - oc_logger - INFO - Function evaluation number: 37, SI: 1, Sub-iteration number: 17, FoM: 0.776786079457732
17/06/2022 19:42:47.121 - oc_logger - INFO - New record achieved. Previous FoM: 0.776786079457732, new best FoM : 0.7553943426245632
17/06/2022 19:42:47.121 - oc_logger - INFO - Function evaluation number: 38, SI: 1, Sub-iteration number: 17, FoM: 0.7553943426245632
17/06/2022 19:42:47.484 - oc_logger - INFO - New record achieved. Previous FoM: 0.7553943426245632, new best FoM : 0.7269262803395165
17/06/2022 19:42:47.484 - oc_logger - INFO - Function evaluation number: 39, SI: 1, Sub-iteration number: 18, FoM: 0.7269262803395165
17/06/2022 19:42:47.849 - oc_logger - INFO - New record achieved. Previous FoM: 0.7269262803395165, new best FoM : 0.6971889030515226
17/06/2022 19:42:47.850 - oc_logger - INFO - Function evaluation number: 40, SI: 1, Sub-iteration number: 18, FoM: 0.6971889030515226
17/06/2022 19:42:48.197 - oc_logger - INFO - Function evaluation number: 41, SI: 1, Sub-iteration number: 19, FoM: 0.7107699302481238
17/06/2022 19:42:48.607 - oc_logger - INFO - New record achieved. Previous FoM: 0.6971889030515226, new best FoM : 0.6882639387508815
17/06/2022 19:42:48.607 - oc_logger - INFO - Function evaluation number: 42, SI: 1, Sub-iteration number: 20, FoM: 0.6882639387508815
17/06/2022 19:42:49.022 - oc_logger - INFO - New record achieved. Previous FoM: 0.6882639387508815, new best FoM : 0.661080746383229
17/06/2022 19:42:49.022 - oc_logger - INFO - Function evaluation number: 43, SI: 1, Sub-iteration number: 20, FoM: 0.661080746383229
17/06/2022 19:42:49.442 - oc_logger - INFO - Function evaluation number: 44, SI: 1, Sub-iteration number: 21, FoM: 0.6748620179476132
17/06/2022 19:42:49.855 - oc_logger - INFO - New record achieved. Previous FoM: 0.661080746383229, new best FoM : 0.6300725822318716
17/06/2022 19:42:49.856 - oc_logger - INFO - Function evaluation number: 45, SI: 1, Sub-iteration number: 22, FoM: 0.6300725822318716
17/06/2022 19:42:50.282 - oc_logger - INFO - New record achieved. Previous FoM: 0.6300725822318716, new best FoM : 0.6026350777648776
17/06/2022 19:42:50.282 - oc_logger - INFO - Function evaluation number: 46, SI: 1, Sub-iteration number: 22, FoM: 0.6026350777648776
17/06/2022 19:42:50.709 - oc_logger - INFO - New record achieved. Previous FoM: 0.6026350777648776, new best FoM : 0.581929228455571
17/06/2022 19:42:50.710 - oc_logger - INFO - Function evaluation number: 47, SI: 1, Sub-iteration number: 23, FoM: 0.581929228455571
17/06/2022 19:42:51.032 - oc_logger - INFO - New record achieved. Previous FoM: 0.581929228455571, new best FoM : 0.5485135929626823
17/06/2022 19:42:51.033 - oc_logger - INFO - Function evaluation number: 48, SI: 1, Sub-iteration number: 23, FoM: 0.5485135929626823
17/06/2022 19:42:51.295 - oc_logger - INFO - New record achieved. Previous FoM: 0.5485135929626823, new best FoM : 0.5309100012334864
17/06/2022 19:42:51.296 - oc_logger - INFO - Function evaluation number: 49, SI: 1, Sub-iteration number: 24, FoM: 0.5309100012334864
17/06/2022 19:42:51.611 - oc_logger - INFO - New record achieved. Previous FoM: 0.5309100012334864, new best FoM : 0.49464330906137277
17/06/2022 19:42:51.611 - oc_logger - INFO - Function evaluation number: 50, SI: 1, Sub-iteration number: 24, FoM: 0.49464330906137277
17/06/2022 19:42:51.959 - oc_logger - INFO - New record achieved. Previous FoM: 0.49464330906137277, new best FoM : 0.4892689672447862
17/06/2022 19:42:51.959 - oc_logger - INFO - Function evaluation number: 51, SI: 1, Sub-iteration number: 25, FoM: 0.4892689672447862
17/06/2022 19:42:52.245 - oc_logger - INFO - New record achieved. Previous FoM: 0.4892689672447862, new best FoM : 0.4518043563354508
17/06/2022 19:42:52.245 - oc_logger - INFO - Function evaluation number: 52, SI: 1, Sub-iteration number: 25, FoM: 0.4518043563354508
17/06/2022 19:42:52.613 - oc_logger - INFO - New record achieved. Previous FoM: 0.4518043563354508, new best FoM : 0.45005612209527646
17/06/2022 19:42:52.613 - oc_logger - INFO - Function evaluation number: 53, SI: 1, Sub-iteration number: 26, FoM: 0.45005612209527646
17/06/2022 19:42:53.098 - oc_logger - INFO - New record achieved. Previous FoM: 0.45005612209527646, new best FoM : 0.4138150844520586
17/06/2022 19:42:53.099 - oc_logger - INFO - Function evaluation number: 54, SI: 1, Sub-iteration number: 26, FoM: 0.4138150844520586
17/06/2022 19:42:53.637 - oc_logger - INFO - Function evaluation number: 55, SI: 1, Sub-iteration number: 27, FoM: 0.4302836574278728
17/06/2022 19:42:54.133 - oc_logger - INFO - New record achieved. Previous FoM: 0.4138150844520586, new best FoM : 0.3954615252321454
17/06/2022 19:42:54.133 - oc_logger - INFO - Function evaluation number: 56, SI: 1, Sub-iteration number: 28, FoM: 0.3954615252321454
17/06/2022 19:42:54.639 - oc_logger - INFO - New record achieved. Previous FoM: 0.3954615252321454, new best FoM : 0.3696268191512214
17/06/2022 19:42:54.639 - oc_logger - INFO - Function evaluation number: 57, SI: 1, Sub-iteration number: 28, FoM: 0.3696268191512214
17/06/2022 19:42:55.157 - oc_logger - INFO - New record achieved. Previous FoM: 0.3696268191512214, new best FoM : 0.326713388711628
17/06/2022 19:42:55.157 - oc_logger - INFO - Function evaluation number: 58, SI: 1, Sub-iteration number: 29, FoM: 0.326713388711628
17/06/2022 19:42:55.646 - oc_logger - INFO - New record achieved. Previous FoM: 0.326713388711628, new best FoM : 0.2922992124963093
17/06/2022 19:42:55.646 - oc_logger - INFO - Function evaluation number: 59, SI: 1, Sub-iteration number: 29, FoM: 0.2922992124963093
17/06/2022 19:42:56.144 - oc_logger - INFO - Function evaluation number: 60, SI: 1, Sub-iteration number: 30, FoM: 0.30542556133574594
17/06/2022 19:42:56.629 - oc_logger - INFO - New record achieved. Previous FoM: 0.2922992124963093, new best FoM : 0.23489603234215994
17/06/2022 19:42:56.629 - oc_logger - INFO - Function evaluation number: 61, SI: 1, Sub-iteration number: 31, FoM: 0.23489603234215994
17/06/2022 19:42:57.080 - oc_logger - INFO - New record achieved. Previous FoM: 0.23489603234215994, new best FoM : 0.201140290575612
17/06/2022 19:42:57.082 - oc_logger - INFO - Function evaluation number: 62, SI: 1, Sub-iteration number: 31, FoM: 0.201140290575612
17/06/2022 19:42:57.534 - oc_logger - INFO - Function evaluation number: 63, SI: 1, Sub-iteration number: 32, FoM: 0.23426911494042613
17/06/2022 19:42:57.984 - oc_logger - INFO - Function evaluation number: 64, SI: 1, Sub-iteration number: 33, FoM: 0.21554398869934455
17/06/2022 19:42:58.431 - oc_logger - INFO - Function evaluation number: 65, SI: 1, Sub-iteration number: 34, FoM: 0.23645836876428294
17/06/2022 19:42:58.875 - oc_logger - INFO - New record achieved. Previous FoM: 0.201140290575612, new best FoM : 0.20059799356993735
17/06/2022 19:42:58.875 - oc_logger - INFO - Function evaluation number: 66, SI: 1, Sub-iteration number: 35, FoM: 0.20059799356993735
17/06/2022 19:42:59.317 - oc_logger - INFO - New record achieved. Previous FoM: 0.20059799356993735, new best FoM : 0.19907972315248557
17/06/2022 19:42:59.318 - oc_logger - INFO - Function evaluation number: 67, SI: 1, Sub-iteration number: 35, FoM: 0.19907972315248557
17/06/2022 19:42:59.766 - oc_logger - INFO - Function evaluation number: 68, SI: 1, Sub-iteration number: 36, FoM: 0.23871074936725245
17/06/2022 19:43:00.226 - oc_logger - INFO - New record achieved. Previous FoM: 0.19907972315248557, new best FoM : 0.16327799299030288
17/06/2022 19:43:00.226 - oc_logger - INFO - Function evaluation number: 69, SI: 1, Sub-iteration number: 37, FoM: 0.16327799299030288
17/06/2022 19:43:00.679 - oc_logger - INFO - New record achieved. Previous FoM: 0.16327799299030288, new best FoM : 0.16267750776143275
17/06/2022 19:43:00.679 - oc_logger - INFO - Function evaluation number: 70, SI: 1, Sub-iteration number: 37, FoM: 0.16267750776143275
17/06/2022 19:43:01.148 - oc_logger - INFO - New record achieved. Previous FoM: 0.16267750776143275, new best FoM : 0.13448214793258284
17/06/2022 19:43:01.149 - oc_logger - INFO - Function evaluation number: 71, SI: 1, Sub-iteration number: 38, FoM: 0.13448214793258284
17/06/2022 19:43:01.627 - oc_logger - INFO - New record achieved. Previous FoM: 0.13448214793258284, new best FoM : 0.12568080069816256
17/06/2022 19:43:01.627 - oc_logger - INFO - Function evaluation number: 72, SI: 1, Sub-iteration number: 38, FoM: 0.12568080069816256
17/06/2022 19:43:02.097 - oc_logger - INFO - Function evaluation number: 73, SI: 1, Sub-iteration number: 39, FoM: 0.236164189508135
17/06/2022 19:43:02.547 - oc_logger - INFO - Function evaluation number: 74, SI: 1, Sub-iteration number: 40, FoM: 0.14594703824140565
17/06/2022 19:43:02.988 - oc_logger - INFO - New record achieved. Previous FoM: 0.12568080069816256, new best FoM : 0.09965086519494704
17/06/2022 19:43:02.988 - oc_logger - INFO - Function evaluation number: 75, SI: 1, Sub-iteration number: 41, FoM: 0.09965086519494704
17/06/2022 19:43:03.444 - oc_logger - INFO - New record achieved. Previous FoM: 0.09965086519494704, new best FoM : 0.08610568971217902
17/06/2022 19:43:03.444 - oc_logger - INFO - Function evaluation number: 76, SI: 1, Sub-iteration number: 41, FoM: 0.08610568971217902
17/06/2022 19:43:03.905 - oc_logger - INFO - Function evaluation number: 77, SI: 1, Sub-iteration number: 42, FoM: 0.25702010676267495
17/06/2022 19:43:04.194 - oc_logger - INFO - Function evaluation number: 78, SI: 1, Sub-iteration number: 42, FoM: 0.19226414275521175
17/06/2022 19:43:04.542 - oc_logger - INFO - Function evaluation number: 79, SI: 1, Sub-iteration number: 43, FoM: 0.12293747819114365
17/06/2022 19:43:04.907 - oc_logger - INFO - Function evaluation number: 80, SI: 1, Sub-iteration number: 44, FoM: 0.1285597960194309
17/06/2022 19:43:05.272 - oc_logger - INFO - Function evaluation number: 81, SI: 1, Sub-iteration number: 45, FoM: 0.24113236751151634
17/06/2022 19:43:05.639 - oc_logger - INFO - Function evaluation number: 82, SI: 1, Sub-iteration number: 45, FoM: 0.1583084883306255
17/06/2022 19:43:06.004 - oc_logger - INFO - New record achieved. Previous FoM: 0.08610568971217902, new best FoM : 0.0659769408838684
17/06/2022 19:43:06.004 - oc_logger - INFO - Function evaluation number: 83, SI: 1, Sub-iteration number: 46, FoM: 0.0659769408838684
17/06/2022 19:43:06.292 - oc_logger - INFO - New record achieved. Previous FoM: 0.0659769408838684, new best FoM : 0.055357036554210315
17/06/2022 19:43:06.292 - oc_logger - INFO - Function evaluation number: 84, SI: 1, Sub-iteration number: 46, FoM: 0.055357036554210315
17/06/2022 19:43:06.576 - oc_logger - INFO - New record achieved. Previous FoM: 0.055357036554210315, new best FoM : 0.05175349592694756
17/06/2022 19:43:06.576 - oc_logger - INFO - Function evaluation number: 85, SI: 1, Sub-iteration number: 47, FoM: 0.05175349592694756
17/06/2022 19:43:06.940 - oc_logger - INFO - New record achieved. Previous FoM: 0.05175349592694756, new best FoM : 0.043793155289845176
17/06/2022 19:43:06.940 - oc_logger - INFO - Function evaluation number: 86, SI: 1, Sub-iteration number: 47, FoM: 0.043793155289845176
17/06/2022 19:43:07.305 - oc_logger - INFO - Function evaluation number: 87, SI: 1, Sub-iteration number: 48, FoM: 0.047818563100287315
17/06/2022 19:43:07.669 - oc_logger - INFO - Function evaluation number: 88, SI: 1, Sub-iteration number: 49, FoM: 0.07432496108790598
17/06/2022 19:43:08.029 - oc_logger - INFO - Function evaluation number: 89, SI: 1, Sub-iteration number: 50, FoM: 0.11232449848449633
17/06/2022 19:43:08.395 - oc_logger - INFO - New record achieved. Previous FoM: 0.043793155289845176, new best FoM : 0.03285084505811775
17/06/2022 19:43:08.395 - oc_logger - INFO - Function evaluation number: 90, SI: 1, Sub-iteration number: 51, FoM: 0.03285084505811775
17/06/2022 19:43:08.760 - oc_logger - INFO - New record achieved. Previous FoM: 0.03285084505811775, new best FoM : 0.029725842996624285
17/06/2022 19:43:08.761 - oc_logger - INFO - Function evaluation number: 91, SI: 1, Sub-iteration number: 51, FoM: 0.029725842996624285
17/06/2022 19:43:09.112 - oc_logger - INFO - New record achieved. Previous FoM: 0.029725842996624285, new best FoM : 0.01326403015207911
17/06/2022 19:43:09.112 - oc_logger - INFO - Function evaluation number: 92, SI: 1, Sub-iteration number: 52, FoM: 0.01326403015207911
17/06/2022 19:43:09.479 - oc_logger - INFO - New record achieved. Previous FoM: 0.01326403015207911, new best FoM : 0.010179474686836332
17/06/2022 19:43:09.480 - oc_logger - INFO - Function evaluation number: 93, SI: 1, Sub-iteration number: 52, FoM: 0.010179474686836332
17/06/2022 19:43:09.843 - oc_logger - INFO - New record achieved. Previous FoM: 0.010179474686836332, new best FoM : 0.004273125002749012
17/06/2022 19:43:09.843 - oc_logger - INFO - Function evaluation number: 94, SI: 1, Sub-iteration number: 53, FoM: 0.004273125002749012
17/06/2022 19:43:10.148 - oc_logger - INFO - Function evaluation number: 95, SI: 1, Sub-iteration number: 53, FoM: 0.005038349572594636
17/06/2022 19:43:10.548 - oc_logger - INFO - Function evaluation number: 96, SI: 1, Sub-iteration number: 54, FoM: 0.10037363385743236
17/06/2022 19:43:10.960 - oc_logger - INFO - Function evaluation number: 97, SI: 1, Sub-iteration number: 54, FoM: 0.06033278256732155
17/06/2022 19:43:11.301 - oc_logger - INFO - New record achieved. Previous FoM: 0.004273125002749012, new best FoM : 0.0036568429603875963
17/06/2022 19:43:11.301 - oc_logger - INFO - Function evaluation number: 98, SI: 1, Sub-iteration number: 55, FoM: 0.0036568429603875963
17/06/2022 19:43:11.655 - oc_logger - INFO - Function evaluation number: 99, SI: 1, Sub-iteration number: 55, FoM: 0.006405883776630095
17/06/2022 19:43:12.019 - oc_logger - INFO - Function evaluation number: 100, SI: 1, Sub-iteration number: 56, FoM: 0.077779608986981
17/06/2022 19:43:12.381 - oc_logger - INFO - Function evaluation number: 101, SI: 1, Sub-iteration number: 56, FoM: 0.04529558157937874
17/06/2022 19:43:12.743 - oc_logger - INFO - Function evaluation number: 102, SI: 1, Sub-iteration number: 57, FoM: 0.04499335492221912
17/06/2022 19:43:13.106 - oc_logger - INFO - Function evaluation number: 103, SI: 1, Sub-iteration number: 58, FoM: 0.00648578361046781
17/06/2022 19:43:13.468 - oc_logger - INFO - Function evaluation number: 104, SI: 1, Sub-iteration number: 59, FoM: 0.02253758943103923
17/06/2022 19:43:13.781 - oc_logger - INFO - Function evaluation number: 105, SI: 1, Sub-iteration number: 60, FoM: 0.013796737730221609
17/06/2022 19:43:14.101 - oc_logger - INFO - Function evaluation number: 106, SI: 1, Sub-iteration number: 61, FoM: 0.05019010680004132
17/06/2022 19:43:14.465 - oc_logger - INFO - Function evaluation number: 107, SI: 1, Sub-iteration number: 61, FoM: 0.02362000893283689
17/06/2022 19:43:14.799 - oc_logger - INFO - Function evaluation number: 108, SI: 1, Sub-iteration number: 62, FoM: 0.04340152025647892
17/06/2022 19:43:15.159 - oc_logger - INFO - Function evaluation number: 109, SI: 1, Sub-iteration number: 62, FoM: 0.021985512398762563
17/06/2022 19:43:15.527 - oc_logger - INFO - Function evaluation number: 110, SI: 1, Sub-iteration number: 63, FoM: 0.054734929508313046
17/06/2022 19:43:15.915 - oc_logger - INFO - Function evaluation number: 111, SI: 1, Sub-iteration number: 63, FoM: 0.014512624772604843
17/06/2022 19:43:16.283 - oc_logger - INFO - Function evaluation number: 112, SI: 1, Sub-iteration number: 64, FoM: 0.020904624672565264
17/06/2022 19:43:16.649 - oc_logger - INFO - Function evaluation number: 113, SI: 1, Sub-iteration number: 65, FoM: 0.030296986823428185
17/06/2022 19:43:16.965 - oc_logger - INFO - Function evaluation number: 114, SI: 1, Sub-iteration number: 65, FoM: 0.012177459184436135
17/06/2022 19:43:17.325 - oc_logger - INFO - Function evaluation number: 115, SI: 1, Sub-iteration number: 66, FoM: 0.0243212706702568
17/06/2022 19:43:17.686 - oc_logger - INFO - Function evaluation number: 116, SI: 1, Sub-iteration number: 66, FoM: 0.012095826507146468
17/06/2022 19:43:17.995 - oc_logger - INFO - Function evaluation number: 117, SI: 1, Sub-iteration number: 67, FoM: 0.02060792515570853
17/06/2022 19:43:18.303 - oc_logger - INFO - Function evaluation number: 118, SI: 1, Sub-iteration number: 67, FoM: 0.01157433288537879
17/06/2022 19:43:18.760 - oc_logger - INFO - Function evaluation number: 119, SI: 1, Sub-iteration number: 68, FoM: 0.02394681083907746
17/06/2022 19:43:19.293 - oc_logger - INFO - Function evaluation number: 120, SI: 1, Sub-iteration number: 68, FoM: 0.008097019387216409
17/06/2022 19:43:19.836 - oc_logger - INFO - Function evaluation number: 121, SI: 1, Sub-iteration number: 69, FoM: 0.025215380853620295
17/06/2022 19:43:20.225 - oc_logger - INFO - Function evaluation number: 122, SI: 1, Sub-iteration number: 69, FoM: 0.007502723711337644
17/06/2022 19:43:20.604 - oc_logger - INFO - Function evaluation number: 123, SI: 1, Sub-iteration number: 70, FoM: 0.00998392727311015
17/06/2022 19:43:20.990 - oc_logger - INFO - Function evaluation number: 124, SI: 1, Sub-iteration number: 71, FoM: 0.019041589480215504
17/06/2022 19:43:21.378 - oc_logger - INFO - Function evaluation number: 125, SI: 1, Sub-iteration number: 71, FoM: 0.006897203374198635
17/06/2022 19:43:21.815 - oc_logger - INFO - Function evaluation number: 126, SI: 1, Sub-iteration number: 72, FoM: 0.014720898229610646
17/06/2022 19:43:22.164 - oc_logger - INFO - Function evaluation number: 127, SI: 1, Sub-iteration number: 72, FoM: 0.007084371970351944
17/06/2022 19:43:22.704 - oc_logger - INFO - Function evaluation number: 128, SI: 1, Sub-iteration number: 73, FoM: 0.015387337145458702
17/06/2022 19:43:23.203 - oc_logger - INFO - Function evaluation number: 129, SI: 1, Sub-iteration number: 73, FoM: 0.006283158372362041
17/06/2022 19:43:23.694 - oc_logger - INFO - Function evaluation number: 130, SI: 1, Sub-iteration number: 74, FoM: 0.009266424684809427
17/06/2022 19:43:24.091 - oc_logger - INFO - Function evaluation number: 131, SI: 1, Sub-iteration number: 74, FoM: 0.006180869205175132
17/06/2022 19:43:24.430 - oc_logger - INFO - Function evaluation number: 132, SI: 1, Sub-iteration number: 75, FoM: 0.010766164822401003
17/06/2022 19:43:24.796 - oc_logger - INFO - Function evaluation number: 133, SI: 1, Sub-iteration number: 75, FoM: 0.005485161803327143
17/06/2022 19:43:25.134 - oc_logger - INFO - Function evaluation number: 134, SI: 1, Sub-iteration number: 76, FoM: 0.010985193027226114
17/06/2022 19:43:25.495 - oc_logger - INFO - Function evaluation number: 135, SI: 1, Sub-iteration number: 76, FoM: 0.005120994866225526
17/06/2022 19:43:25.846 - oc_logger - INFO - Function evaluation number: 136, SI: 1, Sub-iteration number: 77, FoM: 0.007499029475594443
17/06/2022 19:43:26.134 - oc_logger - INFO - Function evaluation number: 137, SI: 1, Sub-iteration number: 77, FoM: 0.00517687928829258
17/06/2022 19:43:26.560 - oc_logger - INFO - Function evaluation number: 138, SI: 1, Sub-iteration number: 78, FoM: 0.007133203917061737
17/06/2022 19:43:27.023 - oc_logger - INFO - Function evaluation number: 139, SI: 1, Sub-iteration number: 78, FoM: 0.0050869834930098445
17/06/2022 19:43:27.525 - oc_logger - INFO - Function evaluation number: 140, SI: 1, Sub-iteration number: 79, FoM: 0.009488397078864175
17/06/2022 19:43:28.012 - oc_logger - INFO - Function evaluation number: 141, SI: 1, Sub-iteration number: 79, FoM: 0.004656798132922857
17/06/2022 19:43:28.480 - oc_logger - INFO - Function evaluation number: 142, SI: 1, Sub-iteration number: 80, FoM: 0.006274247146213052
17/06/2022 19:43:28.927 - oc_logger - INFO - Function evaluation number: 143, SI: 1, Sub-iteration number: 80, FoM: 0.004835514511584593
17/06/2022 19:43:29.377 - oc_logger - INFO - Function evaluation number: 144, SI: 1, Sub-iteration number: 81, FoM: 0.007683964800925258
17/06/2022 19:43:29.736 - oc_logger - INFO - Function evaluation number: 145, SI: 1, Sub-iteration number: 81, FoM: 0.004666026166681547
17/06/2022 19:43:30.171 - oc_logger - INFO - Function evaluation number: 146, SI: 1, Sub-iteration number: 82, FoM: 0.007141282666985327
17/06/2022 19:43:30.621 - oc_logger - INFO - Function evaluation number: 147, SI: 1, Sub-iteration number: 82, FoM: 0.004332422160507887
17/06/2022 19:43:31.065 - oc_logger - INFO - Function evaluation number: 148, SI: 1, Sub-iteration number: 83, FoM: 0.007693418669895813
17/06/2022 19:43:31.513 - oc_logger - INFO - Function evaluation number: 149, SI: 1, Sub-iteration number: 83, FoM: 0.004113303410232083
17/06/2022 19:43:31.896 - oc_logger - INFO - Function evaluation number: 150, SI: 1, Sub-iteration number: 84, FoM: 0.004645320966659372
17/06/2022 19:43:32.254 - oc_logger - INFO - Function evaluation number: 151, SI: 1, Sub-iteration number: 85, FoM: 0.005605056126514962
17/06/2022 19:43:32.619 - oc_logger - INFO - Function evaluation number: 152, SI: 1, Sub-iteration number: 85, FoM: 0.004218140471299647
17/06/2022 19:43:32.983 - oc_logger - INFO - Function evaluation number: 153, SI: 1, Sub-iteration number: 86, FoM: 0.005551623339129397
17/06/2022 19:43:33.345 - oc_logger - INFO - Function evaluation number: 154, SI: 1, Sub-iteration number: 86, FoM: 0.004089096636874068
17/06/2022 19:43:33.711 - oc_logger - INFO - Function evaluation number: 155, SI: 1, Sub-iteration number: 87, FoM: 0.005213658863247428
17/06/2022 19:43:34.071 - oc_logger - INFO - Function evaluation number: 156, SI: 1, Sub-iteration number: 87, FoM: 0.00402356166588691
17/06/2022 19:43:34.432 - oc_logger - INFO - Function evaluation number: 157, SI: 1, Sub-iteration number: 88, FoM: 0.005407261662609519
17/06/2022 19:43:34.745 - oc_logger - INFO - Function evaluation number: 158, SI: 1, Sub-iteration number: 88, FoM: 0.003999158980596107
17/06/2022 19:43:35.099 - oc_logger - INFO - Function evaluation number: 159, SI: 1, Sub-iteration number: 89, FoM: 0.004733220320099485
17/06/2022 19:43:35.466 - oc_logger - INFO - Function evaluation number: 160, SI: 1, Sub-iteration number: 89, FoM: 0.004053329048728127
17/06/2022 19:43:35.828 - oc_logger - INFO - Function evaluation number: 161, SI: 1, Sub-iteration number: 90, FoM: 0.004458208259533136
17/06/2022 19:43:36.185 - oc_logger - INFO - Function evaluation number: 162, SI: 1, Sub-iteration number: 90, FoM: 0.0039031580561398327
17/06/2022 19:43:36.507 - oc_logger - INFO - Function evaluation number: 163, SI: 1, Sub-iteration number: 91, FoM: 0.004384105625500068
17/06/2022 19:43:36.865 - oc_logger - INFO - Function evaluation number: 164, SI: 1, Sub-iteration number: 91, FoM: 0.003871004684733448
17/06/2022 19:43:37.223 - oc_logger - INFO - Function evaluation number: 165, SI: 1, Sub-iteration number: 92, FoM: 0.004373252848299258
17/06/2022 19:43:37.584 - oc_logger - INFO - Function evaluation number: 166, SI: 1, Sub-iteration number: 92, FoM: 0.0038410747087752606
17/06/2022 19:43:37.966 - oc_logger - INFO - Function evaluation number: 167, SI: 1, Sub-iteration number: 93, FoM: 0.004379096199164878
17/06/2022 19:43:38.410 - oc_logger - INFO - Function evaluation number: 168, SI: 1, Sub-iteration number: 93, FoM: 0.0037830495672876996
17/06/2022 19:43:38.889 - oc_logger - INFO - Function evaluation number: 169, SI: 1, Sub-iteration number: 94, FoM: 0.0043378290533958586
17/06/2022 19:43:39.344 - oc_logger - INFO - Function evaluation number: 170, SI: 1, Sub-iteration number: 94, FoM: 0.0037738407028887755
17/06/2022 19:43:39.797 - oc_logger - INFO - Function evaluation number: 171, SI: 1, Sub-iteration number: 95, FoM: 0.004147832714348598
17/06/2022 19:43:40.253 - oc_logger - INFO - Function evaluation number: 172, SI: 1, Sub-iteration number: 95, FoM: 0.0037691883133678106
17/06/2022 19:43:40.701 - oc_logger - INFO - Function evaluation number: 173, SI: 1, Sub-iteration number: 96, FoM: 0.004240005653278089
17/06/2022 19:43:41.147 - oc_logger - INFO - Function evaluation number: 174, SI: 1, Sub-iteration number: 96, FoM: 0.0037447018148517586
17/06/2022 19:43:41.597 - oc_logger - INFO - Function evaluation number: 175, SI: 1, Sub-iteration number: 97, FoM: 0.004199088696638986
17/06/2022 19:43:42.045 - oc_logger - INFO - Function evaluation number: 176, SI: 1, Sub-iteration number: 97, FoM: 0.0037333808399533375
17/06/2022 19:43:42.496 - oc_logger - INFO - Function evaluation number: 177, SI: 1, Sub-iteration number: 98, FoM: 0.003957342359081961
17/06/2022 19:43:42.918 - oc_logger - INFO - Function evaluation number: 178, SI: 1, Sub-iteration number: 98, FoM: 0.0037018414607133954
17/06/2022 19:43:43.260 - oc_logger - INFO - Function evaluation number: 179, SI: 1, Sub-iteration number: 99, FoM: 0.003881694510831979
17/06/2022 19:43:43.623 - oc_logger - INFO - Function evaluation number: 180, SI: 1, Sub-iteration number: 99, FoM: 0.0036882811082107336
17/06/2022 19:43:43.924 - oc_logger - INFO - Function evaluation number: 181, SI: 1, Sub-iteration number: 100, FoM: 0.003852918254889204
17/06/2022 19:43:44.364 - oc_logger - INFO - Function evaluation number: 182, SI: 1, Sub-iteration number: 100, FoM: 0.00367358882385882
17/06/2022 19:43:44.756 - oc_logger - INFO - Function evaluation number: 183, SI: 1, Sub-iteration number: 101, FoM: 0.003932947760289629
17/06/2022 19:43:45.150 - oc_logger - INFO - New record achieved. Previous FoM: 0.0036568429603875963, new best FoM : 0.0036345728169023817
17/06/2022 19:43:45.151 - oc_logger - INFO - Function evaluation number: 184, SI: 1, Sub-iteration number: 101, FoM: 0.0036345728169023817
17/06/2022 19:43:45.536 - oc_logger - INFO - Function evaluation number: 185, SI: 1, Sub-iteration number: 102, FoM: 0.003814028971042993
17/06/2022 19:43:45.922 - oc_logger - INFO - Function evaluation number: 186, SI: 1, Sub-iteration number: 102, FoM: 0.0036396189983094462
17/06/2022 19:43:46.312 - oc_logger - INFO - Function evaluation number: 187, SI: 1, Sub-iteration number: 103, FoM: 0.003823189593880616
17/06/2022 19:43:46.700 - oc_logger - INFO - Function evaluation number: 188, SI: 1, Sub-iteration number: 103, FoM: 0.003635644383916836
17/06/2022 19:43:47.088 - oc_logger - INFO - Function evaluation number: 189, SI: 1, Sub-iteration number: 104, FoM: 0.0038028570498844783
17/06/2022 19:43:47.475 - oc_logger - INFO - New record achieved. Previous FoM: 0.0036345728169023817, new best FoM : 0.003623616598643409
17/06/2022 19:43:47.475 - oc_logger - INFO - Function evaluation number: 190, SI: 1, Sub-iteration number: 104, FoM: 0.003623616598643409
17/06/2022 19:43:47.864 - oc_logger - INFO - Function evaluation number: 191, SI: 1, Sub-iteration number: 105, FoM: 0.003783903368148711
17/06/2022 19:43:48.250 - oc_logger - INFO - New record achieved. Previous FoM: 0.003623616598643409, new best FoM : 0.003618267683551002
17/06/2022 19:43:48.250 - oc_logger - INFO - Function evaluation number: 192, SI: 1, Sub-iteration number: 105, FoM: 0.003618267683551002
17/06/2022 19:43:48.640 - oc_logger - INFO - Function evaluation number: 193, SI: 1, Sub-iteration number: 106, FoM: 0.003730279374757006
17/06/2022 19:43:49.029 - oc_logger - INFO - New record achieved. Previous FoM: 0.003618267683551002, new best FoM : 0.003605398434784468
17/06/2022 19:43:49.029 - oc_logger - INFO - Function evaluation number: 194, SI: 1, Sub-iteration number: 106, FoM: 0.003605398434784468
17/06/2022 19:43:49.417 - oc_logger - INFO - Function evaluation number: 195, SI: 1, Sub-iteration number: 107, FoM: 0.0036702529144138074
17/06/2022 19:43:49.808 - oc_logger - INFO - New record achieved. Previous FoM: 0.003605398434784468, new best FoM : 0.0035199603059544726
17/06/2022 19:43:49.808 - oc_logger - INFO - Function evaluation number: 196, SI: 1, Sub-iteration number: 108, FoM: 0.0035199603059544726
17/06/2022 19:43:50.201 - oc_logger - INFO - Function evaluation number: 197, SI: 1, Sub-iteration number: 108, FoM: 0.003547856281564288
17/06/2022 19:43:50.589 - oc_logger - INFO - Function evaluation number: 198, SI: 1, Sub-iteration number: 109, FoM: 0.0037751031217789777
17/06/2022 19:43:50.989 - oc_logger - INFO - Function evaluation number: 199, SI: 1, Sub-iteration number: 109, FoM: 0.003574008348048996
17/06/2022 19:43:51.483 - oc_logger - INFO - Function evaluation number: 200, SI: 1, Sub-iteration number: 110, FoM: 0.003994202617299325
17/06/2022 19:43:51.953 - oc_logger - INFO - Function evaluation number: 201, SI: 1, Sub-iteration number: 110, FoM: 0.003549522919052972
17/06/2022 19:43:52.406 - oc_logger - INFO - Function evaluation number: 202, SI: 1, Sub-iteration number: 111, FoM: 0.003597928382501836
17/06/2022 19:43:52.857 - oc_logger - INFO - Function evaluation number: 203, SI: 1, Sub-iteration number: 112, FoM: 0.003524090851632078
17/06/2022 19:43:53.306 - oc_logger - INFO - Function evaluation number: 204, SI: 1, Sub-iteration number: 113, FoM: 0.0036438557082496548
17/06/2022 19:43:53.750 - oc_logger - INFO - Function evaluation number: 205, SI: 1, Sub-iteration number: 113, FoM: 0.003558143626277155
17/06/2022 19:43:54.201 - oc_logger - INFO - Function evaluation number: 206, SI: 1, Sub-iteration number: 114, FoM: 0.003530784801230924
17/06/2022 19:43:54.585 - oc_logger - INFO - New record achieved. Previous FoM: 0.0035199603059544726, new best FoM : 0.0034875648918547553
17/06/2022 19:43:54.585 - oc_logger - INFO - Function evaluation number: 207, SI: 1, Sub-iteration number: 115, FoM: 0.0034875648918547553
17/06/2022 19:43:54.956 - oc_logger - INFO - Function evaluation number: 208, SI: 1, Sub-iteration number: 115, FoM: 0.0035160021569250466
17/06/2022 19:43:55.336 - oc_logger - INFO - Function evaluation number: 209, SI: 1, Sub-iteration number: 116, FoM: 0.0035034676089150674
17/06/2022 19:43:55.701 - oc_logger - INFO - Function evaluation number: 210, SI: 1, Sub-iteration number: 117, FoM: 0.0036681589387735913
17/06/2022 19:43:56.066 - oc_logger - INFO - Function evaluation number: 211, SI: 1, Sub-iteration number: 117, FoM: 0.0035164156570417493
17/06/2022 19:43:56.431 - oc_logger - INFO - New record achieved. Previous FoM: 0.0034875648918547553, new best FoM : 0.003453975028853584
17/06/2022 19:43:56.431 - oc_logger - INFO - Function evaluation number: 212, SI: 1, Sub-iteration number: 118, FoM: 0.003453975028853584
17/06/2022 19:43:56.794 - oc_logger - INFO - Function evaluation number: 213, SI: 1, Sub-iteration number: 118, FoM: 0.0034757338610512667
17/06/2022 19:43:57.155 - oc_logger - INFO - Function evaluation number: 214, SI: 1, Sub-iteration number: 119, FoM: 0.0034933645958281634
17/06/2022 19:43:57.688 - oc_logger - INFO - Function evaluation number: 215, SI: 1, Sub-iteration number: 120, FoM: 0.003481610713835681
17/06/2022 19:43:58.186 - oc_logger - INFO - Function evaluation number: 216, SI: 1, Sub-iteration number: 121, FoM: 0.0034885934874036018
17/06/2022 19:43:58.667 - oc_logger - INFO - Function evaluation number: 217, SI: 1, Sub-iteration number: 122, FoM: 0.003467447262564094
17/06/2022 19:43:59.155 - oc_logger - INFO - Function evaluation number: 218, SI: 1, Sub-iteration number: 123, FoM: 0.0034896043842099767
17/06/2022 19:43:59.642 - oc_logger - INFO - New record achieved. Previous FoM: 0.003453975028853584, new best FoM : 0.0033538671930021247
17/06/2022 19:43:59.642 - oc_logger - INFO - Function evaluation number: 219, SI: 1, Sub-iteration number: 124, FoM: 0.0033538671930021247
17/06/2022 19:44:00.154 - oc_logger - INFO - New record achieved. Previous FoM: 0.0033538671930021247, new best FoM : 0.0033509851553858994
17/06/2022 19:44:00.154 - oc_logger - INFO - Function evaluation number: 220, SI: 1, Sub-iteration number: 124, FoM: 0.0033509851553858994
17/06/2022 19:44:00.648 - oc_logger - INFO - Function evaluation number: 221, SI: 1, Sub-iteration number: 125, FoM: 0.003491375512148953
17/06/2022 19:44:01.156 - oc_logger - INFO - Function evaluation number: 222, SI: 1, Sub-iteration number: 126, FoM: 0.0037808068419880048
17/06/2022 19:44:01.523 - oc_logger - INFO - Function evaluation number: 223, SI: 1, Sub-iteration number: 126, FoM: 0.003415988561975003
17/06/2022 19:44:01.886 - oc_logger - INFO - Function evaluation number: 224, SI: 1, Sub-iteration number: 127, FoM: 0.0034978561142747777
17/06/2022 19:44:02.249 - oc_logger - INFO - Function evaluation number: 225, SI: 1, Sub-iteration number: 127, FoM: 0.0034398128798320826
17/06/2022 19:44:02.613 - oc_logger - INFO - Function evaluation number: 226, SI: 1, Sub-iteration number: 128, FoM: 0.0035377194561200254
17/06/2022 19:44:02.930 - oc_logger - INFO - Function evaluation number: 227, SI: 1, Sub-iteration number: 128, FoM: 0.0034353477335657967
17/06/2022 19:44:03.240 - oc_logger - INFO - Function evaluation number: 228, SI: 1, Sub-iteration number: 129, FoM: 0.0034492352569603923
17/06/2022 19:44:03.710 - oc_logger - INFO - Function evaluation number: 229, SI: 1, Sub-iteration number: 130, FoM: 0.0034402947552331087
17/06/2022 19:44:04.243 - oc_logger - INFO - New record achieved. Previous FoM: 0.0033509851553858994, new best FoM : 0.003329474079158068
17/06/2022 19:44:04.243 - oc_logger - INFO - Function evaluation number: 230, SI: 1, Sub-iteration number: 131, FoM: 0.003329474079158068
17/06/2022 19:44:04.732 - oc_logger - INFO - New record achieved. Previous FoM: 0.003329474079158068, new best FoM : 0.0033266354525860464
17/06/2022 19:44:04.732 - oc_logger - INFO - Function evaluation number: 231, SI: 1, Sub-iteration number: 131, FoM: 0.0033266354525860464
17/06/2022 19:44:05.104 - oc_logger - INFO - Function evaluation number: 232, SI: 1, Sub-iteration number: 132, FoM: 0.0034589623345654408
17/06/2022 19:44:05.472 - oc_logger - INFO - Function evaluation number: 233, SI: 1, Sub-iteration number: 132, FoM: 0.003408421630594627
17/06/2022 19:44:05.836 - oc_logger - INFO - New record achieved. Previous FoM: 0.0033266354525860464, new best FoM : 0.003318495913988362
17/06/2022 19:44:05.836 - oc_logger - INFO - Function evaluation number: 234, SI: 1, Sub-iteration number: 133, FoM: 0.003318495913988362
17/06/2022 19:44:06.171 - oc_logger - INFO - New record achieved. Previous FoM: 0.003318495913988362, new best FoM : 0.003317454679301335
17/06/2022 19:44:06.171 - oc_logger - INFO - Function evaluation number: 235, SI: 1, Sub-iteration number: 133, FoM: 0.003317454679301335
17/06/2022 19:44:06.541 - oc_logger - INFO - Function evaluation number: 236, SI: 1, Sub-iteration number: 134, FoM: 0.0034141670368760257
17/06/2022 19:44:06.904 - oc_logger - INFO - Function evaluation number: 237, SI: 1, Sub-iteration number: 135, FoM: 0.003497871416020093
17/06/2022 19:44:07.269 - oc_logger - INFO - Function evaluation number: 238, SI: 1, Sub-iteration number: 135, FoM: 0.0033846415185100343
17/06/2022 19:44:07.686 - oc_logger - INFO - Function evaluation number: 239, SI: 1, Sub-iteration number: 136, FoM: 0.003518129017928806
17/06/2022 19:44:08.136 - oc_logger - INFO - Function evaluation number: 240, SI: 1, Sub-iteration number: 136, FoM: 0.0033826154669843733
17/06/2022 19:44:08.584 - oc_logger - INFO - Function evaluation number: 241, SI: 1, Sub-iteration number: 137, FoM: 0.003499729895643844
17/06/2022 19:44:09.040 - oc_logger - INFO - Function evaluation number: 242, SI: 1, Sub-iteration number: 137, FoM: 0.0033822679183325155
17/06/2022 19:44:09.493 - oc_logger - INFO - New record achieved. Previous FoM: 0.003317454679301335, new best FoM : 0.0032957869920788863
17/06/2022 19:44:09.494 - oc_logger - INFO - Function evaluation number: 243, SI: 1, Sub-iteration number: 138, FoM: 0.0032957869920788863
17/06/2022 19:44:09.953 - oc_logger - INFO - New record achieved. Previous FoM: 0.0032957869920788863, new best FoM : 0.0032903646531969866
17/06/2022 19:44:09.953 - oc_logger - INFO - Function evaluation number: 244, SI: 1, Sub-iteration number: 138, FoM: 0.0032903646531969866
17/06/2022 19:44:10.361 - oc_logger - INFO - Function evaluation number: 245, SI: 1, Sub-iteration number: 139, FoM: 0.0033974764796200763
17/06/2022 19:44:10.724 - oc_logger - INFO - Function evaluation number: 246, SI: 1, Sub-iteration number: 140, FoM: 0.003354631245307882
17/06/2022 19:44:11.090 - oc_logger - INFO - Function evaluation number: 247, SI: 1, Sub-iteration number: 141, FoM: 0.003406610783932784
17/06/2022 19:44:11.409 - oc_logger - INFO - Function evaluation number: 248, SI: 1, Sub-iteration number: 141, FoM: 0.003357011086855044
17/06/2022 19:44:11.772 - oc_logger - INFO - Function evaluation number: 249, SI: 1, Sub-iteration number: 142, FoM: 0.0033738967525616115
17/06/2022 19:44:12.109 - oc_logger - INFO - Function evaluation number: 250, SI: 1, Sub-iteration number: 143, FoM: 0.003327488906250675
17/06/2022 19:44:12.110 - oc_logger - INFO - SI 1 finished - Number of evaluations: 250, Best FoM: 0.0032903646531969866, Terminate reason: Exceeded number of allowed function evaluations per direct search.

17/06/2022 19:44:12.110 - oc_logger - INFO - Direct search start time has been reset.
17/06/2022 19:44:12.476 - oc_logger - INFO - Function evaluation number: 251, SI: 2, Sub-iteration number: 0, FoM: 0.0032903646531969866
17/06/2022 19:44:12.833 - oc_logger - INFO - Function evaluation number: 252, SI: 2, Sub-iteration number: 0, FoM: 0.006013899543935497
17/06/2022 19:44:13.173 - oc_logger - INFO - Function evaluation number: 253, SI: 2, Sub-iteration number: 0, FoM: 0.006008259094345325
17/06/2022 19:44:13.538 - oc_logger - INFO - Function evaluation number: 254, SI: 2, Sub-iteration number: 0, FoM: 0.007437940405444987
17/06/2022 19:44:13.881 - oc_logger - INFO - Function evaluation number: 255, SI: 2, Sub-iteration number: 0, FoM: 0.0061490172033281665
17/06/2022 19:44:14.243 - oc_logger - INFO - Function evaluation number: 256, SI: 2, Sub-iteration number: 0, FoM: 0.008089913536931892
17/06/2022 19:44:14.535 - oc_logger - INFO - Function evaluation number: 257, SI: 2, Sub-iteration number: 0, FoM: 0.0033609486736543293
17/06/2022 19:44:14.899 - oc_logger - INFO - Function evaluation number: 258, SI: 2, Sub-iteration number: 0, FoM: 0.0037476307280063237
17/06/2022 19:44:15.264 - oc_logger - INFO - Function evaluation number: 259, SI: 2, Sub-iteration number: 0, FoM: 0.004754984736118351
17/06/2022 19:44:15.628 - oc_logger - INFO - Function evaluation number: 260, SI: 2, Sub-iteration number: 1, FoM: 0.006532609364264141
17/06/2022 19:44:15.938 - oc_logger - INFO - Function evaluation number: 261, SI: 2, Sub-iteration number: 2, FoM: 0.0098297423202367
17/06/2022 19:44:16.219 - oc_logger - INFO - Function evaluation number: 262, SI: 2, Sub-iteration number: 2, FoM: 0.005079412646588066
17/06/2022 19:44:16.584 - oc_logger - INFO - Function evaluation number: 263, SI: 2, Sub-iteration number: 3, FoM: 0.007351122301270219
17/06/2022 19:44:16.902 - oc_logger - INFO - Function evaluation number: 264, SI: 2, Sub-iteration number: 3, FoM: 0.0047658195783798485
17/06/2022 19:44:17.215 - oc_logger - INFO - Function evaluation number: 265, SI: 2, Sub-iteration number: 4, FoM: 0.009401695503879037
17/06/2022 19:44:17.567 - oc_logger - INFO - Function evaluation number: 266, SI: 2, Sub-iteration number: 4, FoM: 0.004392742606109223
17/06/2022 19:44:17.923 - oc_logger - INFO - Function evaluation number: 267, SI: 2, Sub-iteration number: 5, FoM: 0.005845032644995918
17/06/2022 19:44:18.285 - oc_logger - INFO - Function evaluation number: 268, SI: 2, Sub-iteration number: 6, FoM: 0.006950169011673446
17/06/2022 19:44:18.649 - oc_logger - INFO - Function evaluation number: 269, SI: 2, Sub-iteration number: 6, FoM: 0.004519444331774536
17/06/2022 19:44:18.996 - oc_logger - INFO - Function evaluation number: 270, SI: 2, Sub-iteration number: 7, FoM: 0.005704883436047692
17/06/2022 19:44:19.359 - oc_logger - INFO - Function evaluation number: 271, SI: 2, Sub-iteration number: 7, FoM: 0.004429610014941132
17/06/2022 19:44:19.723 - oc_logger - INFO - Function evaluation number: 272, SI: 2, Sub-iteration number: 8, FoM: 0.006181278789176292
17/06/2022 19:44:20.090 - oc_logger - INFO - Function evaluation number: 273, SI: 2, Sub-iteration number: 8, FoM: 0.004061333944594181
17/06/2022 19:44:20.460 - oc_logger - INFO - Function evaluation number: 274, SI: 2, Sub-iteration number: 9, FoM: 0.004989759126190152
17/06/2022 19:44:20.788 - oc_logger - INFO - Function evaluation number: 275, SI: 2, Sub-iteration number: 9, FoM: 0.003982213055621853
17/06/2022 19:44:21.101 - oc_logger - INFO - Function evaluation number: 276, SI: 2, Sub-iteration number: 10, FoM: 0.006542648858841149
17/06/2022 19:44:21.534 - oc_logger - INFO - Function evaluation number: 277, SI: 2, Sub-iteration number: 10, FoM: 0.003855372429384052
17/06/2022 19:44:21.850 - oc_logger - INFO - Function evaluation number: 278, SI: 2, Sub-iteration number: 11, FoM: 0.004104302399182136
17/06/2022 19:44:22.373 - oc_logger - INFO - Function evaluation number: 279, SI: 2, Sub-iteration number: 12, FoM: 0.0050776197768478415
17/06/2022 19:44:22.897 - oc_logger - INFO - Function evaluation number: 280, SI: 2, Sub-iteration number: 12, FoM: 0.003774183949447618
17/06/2022 19:44:23.310 - oc_logger - INFO - Function evaluation number: 281, SI: 2, Sub-iteration number: 13, FoM: 0.004916258129745166
17/06/2022 19:44:23.659 - oc_logger - INFO - Function evaluation number: 282, SI: 2, Sub-iteration number: 13, FoM: 0.0037697366031365087
17/06/2022 19:44:24.021 - oc_logger - INFO - Function evaluation number: 283, SI: 2, Sub-iteration number: 14, FoM: 0.0044782713314536204
17/06/2022 19:44:24.385 - oc_logger - INFO - Function evaluation number: 284, SI: 2, Sub-iteration number: 14, FoM: 0.003648523679354976
17/06/2022 19:44:24.749 - oc_logger - INFO - Function evaluation number: 285, SI: 2, Sub-iteration number: 15, FoM: 0.004669842425813919
17/06/2022 19:44:25.086 - oc_logger - INFO - Function evaluation number: 286, SI: 2, Sub-iteration number: 15, FoM: 0.003608466457077797
17/06/2022 19:44:25.453 - oc_logger - INFO - Function evaluation number: 287, SI: 2, Sub-iteration number: 16, FoM: 0.004095047386951434
17/06/2022 19:44:25.816 - oc_logger - INFO - Function evaluation number: 288, SI: 2, Sub-iteration number: 16, FoM: 0.0036123561968813833
17/06/2022 19:44:26.176 - oc_logger - INFO - Function evaluation number: 289, SI: 2, Sub-iteration number: 17, FoM: 0.004108065020085205
17/06/2022 19:44:26.540 - oc_logger - INFO - Function evaluation number: 290, SI: 2, Sub-iteration number: 17, FoM: 0.0035416351828905235
17/06/2022 19:44:26.900 - oc_logger - INFO - Function evaluation number: 291, SI: 2, Sub-iteration number: 18, FoM: 0.0040352922234702104
17/06/2022 19:44:27.263 - oc_logger - INFO - Function evaluation number: 292, SI: 2, Sub-iteration number: 18, FoM: 0.003502093753861235
17/06/2022 19:44:27.625 - oc_logger - INFO - Function evaluation number: 293, SI: 2, Sub-iteration number: 19, FoM: 0.004030200713017518
17/06/2022 19:44:27.956 - oc_logger - INFO - Function evaluation number: 294, SI: 2, Sub-iteration number: 19, FoM: 0.0035008956039894734
17/06/2022 19:44:28.312 - oc_logger - INFO - Function evaluation number: 295, SI: 2, Sub-iteration number: 20, FoM: 0.003767754711945348
17/06/2022 19:44:28.675 - oc_logger - INFO - Function evaluation number: 296, SI: 2, Sub-iteration number: 20, FoM: 0.0035097198183666745
17/06/2022 19:44:29.040 - oc_logger - INFO - Function evaluation number: 297, SI: 2, Sub-iteration number: 21, FoM: 0.0038220685187064785
17/06/2022 19:44:29.341 - oc_logger - INFO - Function evaluation number: 298, SI: 2, Sub-iteration number: 21, FoM: 0.003450857381096739
17/06/2022 19:44:29.703 - oc_logger - INFO - Function evaluation number: 299, SI: 2, Sub-iteration number: 22, FoM: 0.0037273795947163624
17/06/2022 19:44:30.066 - oc_logger - INFO - Function evaluation number: 300, SI: 2, Sub-iteration number: 22, FoM: 0.0034380843539206785
17/06/2022 19:44:30.431 - oc_logger - INFO - Function evaluation number: 301, SI: 2, Sub-iteration number: 23, FoM: 0.003800506708280804
17/06/2022 19:44:30.868 - oc_logger - INFO - Function evaluation number: 302, SI: 2, Sub-iteration number: 23, FoM: 0.003430227972699207
17/06/2022 19:44:31.217 - oc_logger - INFO - Function evaluation number: 303, SI: 2, Sub-iteration number: 24, FoM: 0.003676318316942817
17/06/2022 19:44:31.579 - oc_logger - INFO - Function evaluation number: 304, SI: 2, Sub-iteration number: 24, FoM: 0.003404131819964906
17/06/2022 19:44:31.946 - oc_logger - INFO - Function evaluation number: 305, SI: 2, Sub-iteration number: 25, FoM: 0.0034718883129535305
17/06/2022 19:44:32.311 - oc_logger - INFO - Function evaluation number: 306, SI: 2, Sub-iteration number: 26, FoM: 0.0037904133454531586
17/06/2022 19:44:32.672 - oc_logger - INFO - Function evaluation number: 307, SI: 2, Sub-iteration number: 26, FoM: 0.0033711037592901727
17/06/2022 19:44:33.036 - oc_logger - INFO - Function evaluation number: 308, SI: 2, Sub-iteration number: 27, FoM: 0.003518401163212892
17/06/2022 19:44:33.398 - oc_logger - INFO - Function evaluation number: 309, SI: 2, Sub-iteration number: 27, FoM: 0.003394129519629585
17/06/2022 19:44:33.760 - oc_logger - INFO - Function evaluation number: 310, SI: 2, Sub-iteration number: 28, FoM: 0.0034926917931437096
17/06/2022 19:44:34.120 - oc_logger - INFO - Function evaluation number: 311, SI: 2, Sub-iteration number: 28, FoM: 0.0033797441743164125
17/06/2022 19:44:34.481 - oc_logger - INFO - Function evaluation number: 312, SI: 2, Sub-iteration number: 29, FoM: 0.003387541836635921
17/06/2022 19:44:34.888 - oc_logger - INFO - Function evaluation number: 313, SI: 2, Sub-iteration number: 30, FoM: 0.0035055361494723547
17/06/2022 19:44:35.312 - oc_logger - INFO - Function evaluation number: 314, SI: 2, Sub-iteration number: 30, FoM: 0.003355814439903626
17/06/2022 19:44:35.758 - oc_logger - INFO - Function evaluation number: 315, SI: 2, Sub-iteration number: 31, FoM: 0.003472627528564587
17/06/2022 19:44:36.211 - oc_logger - INFO - Function evaluation number: 316, SI: 2, Sub-iteration number: 31, FoM: 0.0033542683398233297
17/06/2022 19:44:36.658 - oc_logger - INFO - Function evaluation number: 317, SI: 2, Sub-iteration number: 32, FoM: 0.0034562354430545117
17/06/2022 19:44:37.104 - oc_logger - INFO - Function evaluation number: 318, SI: 2, Sub-iteration number: 32, FoM: 0.003341138467829463
17/06/2022 19:44:37.494 - oc_logger - INFO - Function evaluation number: 319, SI: 2, Sub-iteration number: 33, FoM: 0.0034139926149213684
17/06/2022 19:44:37.839 - oc_logger - INFO - Function evaluation number: 320, SI: 2, Sub-iteration number: 33, FoM: 0.0033391094080473804
17/06/2022 19:44:38.197 - oc_logger - INFO - Function evaluation number: 321, SI: 2, Sub-iteration number: 34, FoM: 0.0034386371836453433
17/06/2022 19:44:38.556 - oc_logger - INFO - Function evaluation number: 322, SI: 2, Sub-iteration number: 34, FoM: 0.0033332212965011543
17/06/2022 19:44:38.916 - oc_logger - INFO - Function evaluation number: 323, SI: 2, Sub-iteration number: 35, FoM: 0.0034947869431000145
17/06/2022 19:44:39.276 - oc_logger - INFO - Function evaluation number: 324, SI: 2, Sub-iteration number: 35, FoM: 0.00332464810429689
17/06/2022 19:44:39.637 - oc_logger - INFO - Function evaluation number: 325, SI: 2, Sub-iteration number: 36, FoM: 0.0034345687827415095
17/06/2022 19:44:40.007 - oc_logger - INFO - Function evaluation number: 326, SI: 2, Sub-iteration number: 36, FoM: 0.0033252475968860162
17/06/2022 19:44:40.374 - oc_logger - INFO - New record achieved. Previous FoM: 0.0032903646531969866, new best FoM : 0.0032880219760543783
17/06/2022 19:44:40.374 - oc_logger - INFO - Function evaluation number: 327, SI: 2, Sub-iteration number: 37, FoM: 0.0032880219760543783
17/06/2022 19:44:40.685 - oc_logger - INFO - Function evaluation number: 328, SI: 2, Sub-iteration number: 37, FoM: 0.0032980236257910134
17/06/2022 19:44:40.977 - oc_logger - INFO - Function evaluation number: 329, SI: 2, Sub-iteration number: 38, FoM: 0.0033374158652410557
17/06/2022 19:44:41.339 - oc_logger - INFO - Function evaluation number: 330, SI: 2, Sub-iteration number: 39, FoM: 0.003345626852525707
17/06/2022 19:44:41.615 - oc_logger - INFO - Function evaluation number: 331, SI: 2, Sub-iteration number: 39, FoM: 0.0033120795019037086
17/06/2022 19:44:41.943 - oc_logger - INFO - Function evaluation number: 332, SI: 2, Sub-iteration number: 40, FoM: 0.003299400853699952
17/06/2022 19:44:42.360 - oc_logger - INFO - Function evaluation number: 333, SI: 2, Sub-iteration number: 41, FoM: 0.0032942333986840655
17/06/2022 19:44:42.899 - oc_logger - INFO - Function evaluation number: 334, SI: 2, Sub-iteration number: 42, FoM: 0.0033990504595127202
17/06/2022 19:44:43.427 - oc_logger - INFO - Function evaluation number: 335, SI: 2, Sub-iteration number: 42, FoM: 0.0032987058002339475
17/06/2022 19:44:43.922 - oc_logger - INFO - Function evaluation number: 336, SI: 2, Sub-iteration number: 43, FoM: 0.0033302035080156056
17/06/2022 19:44:44.407 - oc_logger - INFO - Function evaluation number: 337, SI: 2, Sub-iteration number: 43, FoM: 0.0033001652216088084
17/06/2022 19:44:44.897 - oc_logger - INFO - Function evaluation number: 338, SI: 2, Sub-iteration number: 44, FoM: 0.00331203542171854
17/06/2022 19:44:45.400 - oc_logger - INFO - New record achieved. Previous FoM: 0.0032880219760543783, new best FoM : 0.00327067783151469
17/06/2022 19:44:45.400 - oc_logger - INFO - Function evaluation number: 339, SI: 2, Sub-iteration number: 45, FoM: 0.00327067783151469
17/06/2022 19:44:45.891 - oc_logger - INFO - Function evaluation number: 340, SI: 2, Sub-iteration number: 45, FoM: 0.0032798245858518538
17/06/2022 19:44:46.380 - oc_logger - INFO - Function evaluation number: 341, SI: 2, Sub-iteration number: 46, FoM: 0.003288718236803434
17/06/2022 19:44:46.872 - oc_logger - INFO - Function evaluation number: 342, SI: 2, Sub-iteration number: 47, FoM: 0.0033367551863597855
17/06/2022 19:44:47.277 - oc_logger - INFO - Function evaluation number: 343, SI: 2, Sub-iteration number: 47, FoM: 0.0032843896500966974
17/06/2022 19:44:47.639 - oc_logger - INFO - Function evaluation number: 344, SI: 2, Sub-iteration number: 48, FoM: 0.003328447052318939
17/06/2022 19:44:47.999 - oc_logger - INFO - Function evaluation number: 345, SI: 2, Sub-iteration number: 48, FoM: 0.003278622398122266
17/06/2022 19:44:48.339 - oc_logger - INFO - Function evaluation number: 346, SI: 2, Sub-iteration number: 49, FoM: 0.003290392302963574
17/06/2022 19:44:48.703 - oc_logger - INFO - Function evaluation number: 347, SI: 2, Sub-iteration number: 50, FoM: 0.0032961538441760307
17/06/2022 19:44:49.066 - oc_logger - INFO - Function evaluation number: 348, SI: 2, Sub-iteration number: 50, FoM: 0.0032781559681041017
17/06/2022 19:44:49.428 - oc_logger - INFO - Function evaluation number: 349, SI: 2, Sub-iteration number: 51, FoM: 0.00329811433213556
17/06/2022 19:44:49.791 - oc_logger - INFO - Function evaluation number: 350, SI: 2, Sub-iteration number: 51, FoM: 0.00327711094495009
17/06/2022 19:44:50.150 - oc_logger - INFO - Function evaluation number: 351, SI: 2, Sub-iteration number: 52, FoM: 0.0032805922355416683
17/06/2022 19:44:50.465 - oc_logger - INFO - New record achieved. Previous FoM: 0.00327067783151469, new best FoM : 0.00325100858889793
17/06/2022 19:44:50.465 - oc_logger - INFO - Function evaluation number: 352, SI: 2, Sub-iteration number: 53, FoM: 0.00325100858889793
17/06/2022 19:44:50.836 - oc_logger - INFO - Function evaluation number: 353, SI: 2, Sub-iteration number: 53, FoM: 0.0032526164565400695
17/06/2022 19:44:51.182 - oc_logger - INFO - Function evaluation number: 354, SI: 2, Sub-iteration number: 54, FoM: 0.003337047389225134
17/06/2022 19:44:51.494 - oc_logger - INFO - Function evaluation number: 355, SI: 2, Sub-iteration number: 54, FoM: 0.0032679408650390096
17/06/2022 19:44:51.839 - oc_logger - INFO - Function evaluation number: 356, SI: 2, Sub-iteration number: 55, FoM: 0.0032763656571125344
17/06/2022 19:44:52.198 - oc_logger - INFO - Function evaluation number: 357, SI: 2, Sub-iteration number: 56, FoM: 0.003309158031806425
17/06/2022 19:44:52.559 - oc_logger - INFO - Function evaluation number: 358, SI: 2, Sub-iteration number: 56, FoM: 0.0032673906535516384
17/06/2022 19:44:52.921 - oc_logger - INFO - Function evaluation number: 359, SI: 2, Sub-iteration number: 57, FoM: 0.0032738846925446374
17/06/2022 19:44:53.284 - oc_logger - INFO - Function evaluation number: 360, SI: 2, Sub-iteration number: 58, FoM: 0.0032677625894330653
17/06/2022 19:44:53.649 - oc_logger - INFO - Function evaluation number: 361, SI: 2, Sub-iteration number: 59, FoM: 0.0032640614983985294
17/06/2022 19:44:54.019 - oc_logger - INFO - Function evaluation number: 362, SI: 2, Sub-iteration number: 60, FoM: 0.003269452312876342
17/06/2022 19:44:54.386 - oc_logger - INFO - Function evaluation number: 363, SI: 2, Sub-iteration number: 61, FoM: 0.0032514764691985443
17/06/2022 19:44:54.703 - oc_logger - INFO - Function evaluation number: 364, SI: 2, Sub-iteration number: 62, FoM: 0.00330093535440501
17/06/2022 19:44:55.046 - oc_logger - INFO - Function evaluation number: 365, SI: 2, Sub-iteration number: 62, FoM: 0.003258608233857596
17/06/2022 19:44:55.413 - oc_logger - INFO - New record achieved. Previous FoM: 0.00325100858889793, new best FoM : 0.003244776532962179
17/06/2022 19:44:55.414 - oc_logger - INFO - Function evaluation number: 366, SI: 2, Sub-iteration number: 63, FoM: 0.003244776532962179
17/06/2022 19:44:55.764 - oc_logger - INFO - Function evaluation number: 367, SI: 2, Sub-iteration number: 63, FoM: 0.003246985996273599
17/06/2022 19:44:56.097 - oc_logger - INFO - Function evaluation number: 368, SI: 2, Sub-iteration number: 64, FoM: 0.0032735622056745406
17/06/2022 19:44:56.460 - oc_logger - INFO - Function evaluation number: 369, SI: 2, Sub-iteration number: 64, FoM: 0.0032569999483720302
17/06/2022 19:44:56.802 - oc_logger - INFO - Function evaluation number: 370, SI: 2, Sub-iteration number: 65, FoM: 0.0032488330610752625
17/06/2022 19:44:57.159 - oc_logger - INFO - Function evaluation number: 371, SI: 2, Sub-iteration number: 66, FoM: 0.0032796913293845487
17/06/2022 19:44:57.488 - oc_logger - INFO - Function evaluation number: 372, SI: 2, Sub-iteration number: 66, FoM: 0.003254383622112611
17/06/2022 19:44:57.810 - oc_logger - INFO - Function evaluation number: 373, SI: 2, Sub-iteration number: 67, FoM: 0.0032472573035687846
17/06/2022 19:44:58.163 - oc_logger - INFO - Function evaluation number: 374, SI: 2, Sub-iteration number: 68, FoM: 0.00328022656881255
17/06/2022 19:44:58.530 - oc_logger - INFO - Function evaluation number: 375, SI: 2, Sub-iteration number: 68, FoM: 0.003251144798056438
17/06/2022 19:44:58.863 - oc_logger - INFO - New record achieved. Previous FoM: 0.003244776532962179, new best FoM : 0.003236683747670721
17/06/2022 19:44:58.863 - oc_logger - INFO - Function evaluation number: 376, SI: 2, Sub-iteration number: 69, FoM: 0.003236683747670721
17/06/2022 19:44:59.217 - oc_logger - INFO - Function evaluation number: 377, SI: 2, Sub-iteration number: 69, FoM: 0.003237629605608916
17/06/2022 19:44:59.582 - oc_logger - INFO - Function evaluation number: 378, SI: 2, Sub-iteration number: 70, FoM: 0.0032610294559728414
17/06/2022 19:44:59.944 - oc_logger - INFO - Function evaluation number: 379, SI: 2, Sub-iteration number: 70, FoM: 0.0032475696803350163
17/06/2022 19:45:00.314 - oc_logger - INFO - Function evaluation number: 380, SI: 2, Sub-iteration number: 71, FoM: 0.0032379244977710497
17/06/2022 19:45:00.679 - oc_logger - INFO - New record achieved. Previous FoM: 0.003236683747670721, new best FoM : 0.0032364084859740627
17/06/2022 19:45:00.679 - oc_logger - INFO - Function evaluation number: 381, SI: 2, Sub-iteration number: 72, FoM: 0.0032364084859740627
17/06/2022 19:45:01.046 - oc_logger - INFO - Function evaluation number: 382, SI: 2, Sub-iteration number: 72, FoM: 0.0032383393746325817
17/06/2022 19:45:01.409 - oc_logger - INFO - Function evaluation number: 383, SI: 2, Sub-iteration number: 73, FoM: 0.0032402890821318087
17/06/2022 19:45:01.773 - oc_logger - INFO - Function evaluation number: 384, SI: 2, Sub-iteration number: 74, FoM: 0.0032384017075923754
17/06/2022 19:45:02.135 - oc_logger - INFO - Function evaluation number: 385, SI: 2, Sub-iteration number: 75, FoM: 0.0032428595720234155
17/06/2022 19:45:02.499 - oc_logger - INFO - New record achieved. Previous FoM: 0.0032364084859740627, new best FoM : 0.00322289092537531
17/06/2022 19:45:02.499 - oc_logger - INFO - Function evaluation number: 386, SI: 2, Sub-iteration number: 76, FoM: 0.00322289092537531
17/06/2022 19:45:02.866 - oc_logger - INFO - New record achieved. Previous FoM: 0.00322289092537531, new best FoM : 0.0032218000583380535
17/06/2022 19:45:02.866 - oc_logger - INFO - Function evaluation number: 387, SI: 2, Sub-iteration number: 76, FoM: 0.0032218000583380535
17/06/2022 19:45:03.230 - oc_logger - INFO - Function evaluation number: 388, SI: 2, Sub-iteration number: 77, FoM: 0.003256518675157305
17/06/2022 19:45:03.593 - oc_logger - INFO - Function evaluation number: 389, SI: 2, Sub-iteration number: 77, FoM: 0.003237321442926988
17/06/2022 19:45:03.957 - oc_logger - INFO - Function evaluation number: 390, SI: 2, Sub-iteration number: 78, FoM: 0.0032283531627744777
17/06/2022 19:45:04.319 - oc_logger - INFO - Function evaluation number: 391, SI: 2, Sub-iteration number: 79, FoM: 0.003244772670075502
17/06/2022 19:45:04.642 - oc_logger - INFO - Function evaluation number: 392, SI: 2, Sub-iteration number: 79, FoM: 0.003234907186375091
17/06/2022 19:45:04.972 - oc_logger - INFO - Function evaluation number: 393, SI: 2, Sub-iteration number: 80, FoM: 0.003248237527053499
17/06/2022 19:45:05.379 - oc_logger - INFO - Function evaluation number: 394, SI: 2, Sub-iteration number: 80, FoM: 0.0032331794211541975
17/06/2022 19:45:05.721 - oc_logger - INFO - Function evaluation number: 395, SI: 2, Sub-iteration number: 81, FoM: 0.0032356219732903035
17/06/2022 19:45:06.173 - oc_logger - INFO - Function evaluation number: 396, SI: 2, Sub-iteration number: 82, FoM: 0.0032412240917354396
17/06/2022 19:45:06.578 - oc_logger - INFO - Function evaluation number: 397, SI: 2, Sub-iteration number: 82, FoM: 0.0032322931287955825
17/06/2022 19:45:06.922 - oc_logger - INFO - Function evaluation number: 398, SI: 2, Sub-iteration number: 83, FoM: 0.003223680811309304
17/06/2022 19:45:07.284 - oc_logger - INFO - Function evaluation number: 399, SI: 2, Sub-iteration number: 84, FoM: 0.003228356159793999
17/06/2022 19:45:07.642 - oc_logger - INFO - Function evaluation number: 400, SI: 2, Sub-iteration number: 85, FoM: 0.0032290459708379515
17/06/2022 19:45:07.942 - oc_logger - INFO - Function evaluation number: 401, SI: 2, Sub-iteration number: 86, FoM: 0.0032290205450070664
17/06/2022 19:45:08.272 - oc_logger - INFO - Function evaluation number: 402, SI: 2, Sub-iteration number: 87, FoM: 0.0032413941256694834
17/06/2022 19:45:08.580 - oc_logger - INFO - Function evaluation number: 403, SI: 2, Sub-iteration number: 87, FoM: 0.0032285049573397284
17/06/2022 19:45:08.938 - oc_logger - INFO - New record achieved. Previous FoM: 0.0032218000583380535, new best FoM : 0.0032172652251776235
17/06/2022 19:45:08.938 - oc_logger - INFO - Function evaluation number: 404, SI: 2, Sub-iteration number: 88, FoM: 0.0032172652251776235
17/06/2022 19:45:09.306 - oc_logger - INFO - New record achieved. Previous FoM: 0.0032172652251776235, new best FoM : 0.003216523281660444
17/06/2022 19:45:09.306 - oc_logger - INFO - Function evaluation number: 405, SI: 2, Sub-iteration number: 88, FoM: 0.003216523281660444
17/06/2022 19:45:09.642 - oc_logger - INFO - New record achieved. Previous FoM: 0.003216523281660444, new best FoM : 0.003215475898789122
17/06/2022 19:45:09.642 - oc_logger - INFO - Function evaluation number: 406, SI: 2, Sub-iteration number: 89, FoM: 0.003215475898789122
17/06/2022 19:45:09.972 - oc_logger - INFO - New record achieved. Previous FoM: 0.003215475898789122, new best FoM : 0.0032149964188975533
17/06/2022 19:45:09.972 - oc_logger - INFO - Function evaluation number: 407, SI: 2, Sub-iteration number: 89, FoM: 0.0032149964188975533
17/06/2022 19:45:10.337 - oc_logger - INFO - Function evaluation number: 408, SI: 2, Sub-iteration number: 90, FoM: 0.003238446847902199
17/06/2022 19:45:10.674 - oc_logger - INFO - Function evaluation number: 409, SI: 2, Sub-iteration number: 90, FoM: 0.0032233791953446556
17/06/2022 19:45:11.028 - oc_logger - INFO - Function evaluation number: 410, SI: 2, Sub-iteration number: 91, FoM: 0.0032237546224124225
17/06/2022 19:45:11.391 - oc_logger - INFO - Function evaluation number: 411, SI: 2, Sub-iteration number: 92, FoM: 0.003218897857055647
17/06/2022 19:45:11.758 - oc_logger - INFO - Function evaluation number: 412, SI: 2, Sub-iteration number: 93, FoM: 0.0032177931540409155
17/06/2022 19:45:12.128 - oc_logger - INFO - New record achieved. Previous FoM: 0.0032149964188975533, new best FoM : 0.003211294123825148
17/06/2022 19:45:12.128 - oc_logger - INFO - Function evaluation number: 413, SI: 2, Sub-iteration number: 94, FoM: 0.003211294123825148
17/06/2022 19:45:12.494 - oc_logger - INFO - New record achieved. Previous FoM: 0.003211294123825148, new best FoM : 0.0032112461013215077
17/06/2022 19:45:12.494 - oc_logger - INFO - Function evaluation number: 414, SI: 2, Sub-iteration number: 94, FoM: 0.0032112461013215077
17/06/2022 19:45:12.862 - oc_logger - INFO - Function evaluation number: 415, SI: 2, Sub-iteration number: 95, FoM: 0.00321849433366328
17/06/2022 19:45:13.224 - oc_logger - INFO - Function evaluation number: 416, SI: 2, Sub-iteration number: 96, FoM: 0.0032127744019090354
17/06/2022 19:45:13.589 - oc_logger - INFO - New record achieved. Previous FoM: 0.0032112461013215077, new best FoM : 0.0032088181610485655
17/06/2022 19:45:13.589 - oc_logger - INFO - Function evaluation number: 417, SI: 2, Sub-iteration number: 97, FoM: 0.0032088181610485655
17/06/2022 19:45:13.900 - oc_logger - INFO - Function evaluation number: 418, SI: 2, Sub-iteration number: 97, FoM: 0.003209101972953543
17/06/2022 19:45:14.243 - oc_logger - INFO - New record achieved. Previous FoM: 0.0032088181610485655, new best FoM : 0.0032046525247309
17/06/2022 19:45:14.243 - oc_logger - INFO - Function evaluation number: 419, SI: 2, Sub-iteration number: 98, FoM: 0.0032046525247309
17/06/2022 19:45:14.732 - oc_logger - INFO - New record achieved. Previous FoM: 0.0032046525247309, new best FoM : 0.003203975773961476
17/06/2022 19:45:14.732 - oc_logger - INFO - Function evaluation number: 420, SI: 2, Sub-iteration number: 98, FoM: 0.003203975773961476
17/06/2022 19:45:15.354 - oc_logger - INFO - Function evaluation number: 421, SI: 2, Sub-iteration number: 99, FoM: 0.0032167605840266456
17/06/2022 19:45:15.930 - oc_logger - INFO - Function evaluation number: 422, SI: 2, Sub-iteration number: 100, FoM: 0.003211077372891835
17/06/2022 19:45:16.462 - oc_logger - INFO - Function evaluation number: 423, SI: 2, Sub-iteration number: 101, FoM: 0.0032104503687058195
17/06/2022 19:45:17.000 - oc_logger - INFO - Function evaluation number: 424, SI: 2, Sub-iteration number: 102, FoM: 0.003215128388263988
17/06/2022 19:45:17.529 - oc_logger - INFO - Function evaluation number: 425, SI: 2, Sub-iteration number: 103, FoM: 0.0032058891497287467
17/06/2022 19:45:18.014 - oc_logger - INFO - Function evaluation number: 426, SI: 2, Sub-iteration number: 104, FoM: 0.0032094050184131584
17/06/2022 19:45:18.499 - oc_logger - INFO - New record achieved. Previous FoM: 0.003203975773961476, new best FoM : 0.003195651835422475
17/06/2022 19:45:18.499 - oc_logger - INFO - Function evaluation number: 427, SI: 2, Sub-iteration number: 105, FoM: 0.003195651835422475
17/06/2022 19:45:18.991 - oc_logger - INFO - New record achieved. Previous FoM: 0.003195651835422475, new best FoM : 0.0031936990337064763
17/06/2022 19:45:18.991 - oc_logger - INFO - Function evaluation number: 428, SI: 2, Sub-iteration number: 105, FoM: 0.0031936990337064763
17/06/2022 19:45:19.361 - oc_logger - INFO - Function evaluation number: 429, SI: 2, Sub-iteration number: 106, FoM: 0.0032084349094700926
17/06/2022 19:45:19.727 - oc_logger - INFO - Function evaluation number: 430, SI: 2, Sub-iteration number: 107, FoM: 0.0032115266974852563
17/06/2022 19:45:20.093 - oc_logger - INFO - Function evaluation number: 431, SI: 2, Sub-iteration number: 107, FoM: 0.003206627660331307
17/06/2022 19:45:20.520 - oc_logger - INFO - Function evaluation number: 432, SI: 2, Sub-iteration number: 108, FoM: 0.0032160365553789427
17/06/2022 19:45:20.887 - oc_logger - INFO - Function evaluation number: 433, SI: 2, Sub-iteration number: 108, FoM: 0.0032061687563907926
17/06/2022 19:45:21.443 - oc_logger - INFO - Function evaluation number: 434, SI: 2, Sub-iteration number: 109, FoM: 0.0032018369780038025
17/06/2022 19:45:21.930 - oc_logger - INFO - Function evaluation number: 435, SI: 2, Sub-iteration number: 110, FoM: 0.0031993756492992853
17/06/2022 19:45:22.237 - oc_logger - INFO - New record achieved. Previous FoM: 0.0031936990337064763, new best FoM : 0.0031924655667638913
17/06/2022 19:45:22.237 - oc_logger - INFO - Function evaluation number: 436, SI: 2, Sub-iteration number: 111, FoM: 0.0031924655667638913
17/06/2022 19:45:22.604 - oc_logger - INFO - New record achieved. Previous FoM: 0.0031924655667638913, new best FoM : 0.0031909734104882403
17/06/2022 19:45:22.605 - oc_logger - INFO - Function evaluation number: 437, SI: 2, Sub-iteration number: 111, FoM: 0.0031909734104882403
17/06/2022 19:45:22.967 - oc_logger - INFO - Function evaluation number: 438, SI: 2, Sub-iteration number: 112, FoM: 0.0032133168239406595
17/06/2022 19:45:23.336 - oc_logger - INFO - Function evaluation number: 439, SI: 2, Sub-iteration number: 112, FoM: 0.0032027592070261734
17/06/2022 19:45:23.711 - oc_logger - INFO - Function evaluation number: 440, SI: 2, Sub-iteration number: 113, FoM: 0.003199007693200584
17/06/2022 19:45:24.072 - oc_logger - INFO - Function evaluation number: 441, SI: 2, Sub-iteration number: 114, FoM: 0.003191095974097169
17/06/2022 19:45:24.491 - oc_logger - INFO - Function evaluation number: 442, SI: 2, Sub-iteration number: 115, FoM: 0.0031947569600377923
17/06/2022 19:45:24.886 - oc_logger - INFO - New record achieved. Previous FoM: 0.0031909734104882403, new best FoM : 0.0031848682288374563
17/06/2022 19:45:24.886 - oc_logger - INFO - Function evaluation number: 443, SI: 2, Sub-iteration number: 116, FoM: 0.0031848682288374563
17/06/2022 19:45:25.217 - oc_logger - INFO - New record achieved. Previous FoM: 0.0031848682288374563, new best FoM : 0.0031828690443457264
17/06/2022 19:45:25.217 - oc_logger - INFO - Function evaluation number: 444, SI: 2, Sub-iteration number: 116, FoM: 0.0031828690443457264
17/06/2022 19:45:25.554 - oc_logger - INFO - Function evaluation number: 445, SI: 2, Sub-iteration number: 117, FoM: 0.0031905814661814524
17/06/2022 19:45:25.921 - oc_logger - INFO - Function evaluation number: 446, SI: 2, Sub-iteration number: 118, FoM: 0.0031853062768416596
17/06/2022 19:45:26.283 - oc_logger - INFO - New record achieved. Previous FoM: 0.0031828690443457264, new best FoM : 0.003179401604308074
17/06/2022 19:45:26.284 - oc_logger - INFO - Function evaluation number: 447, SI: 2, Sub-iteration number: 119, FoM: 0.003179401604308074
17/06/2022 19:45:26.632 - oc_logger - INFO - New record achieved. Previous FoM: 0.003179401604308074, new best FoM : 0.0031776281111361993
17/06/2022 19:45:26.632 - oc_logger - INFO - Function evaluation number: 448, SI: 2, Sub-iteration number: 119, FoM: 0.0031776281111361993
17/06/2022 19:45:26.970 - oc_logger - INFO - Function evaluation number: 449, SI: 2, Sub-iteration number: 120, FoM: 0.0031842850883242457
17/06/2022 19:45:27.345 - oc_logger - INFO - Function evaluation number: 450, SI: 2, Sub-iteration number: 121, FoM: 0.0031961207534099145
17/06/2022 19:45:27.643 - oc_logger - INFO - Function evaluation number: 451, SI: 2, Sub-iteration number: 121, FoM: 0.00318949752255282
17/06/2022 19:45:27.951 - oc_logger - INFO - Function evaluation number: 452, SI: 2, Sub-iteration number: 122, FoM: 0.00317778396459234
17/06/2022 19:45:28.316 - oc_logger - INFO - New record achieved. Previous FoM: 0.0031776281111361993, new best FoM : 0.003175553499142336
17/06/2022 19:45:28.316 - oc_logger - INFO - Function evaluation number: 453, SI: 2, Sub-iteration number: 123, FoM: 0.003175553499142336
17/06/2022 19:45:28.686 - oc_logger - INFO - New record achieved. Previous FoM: 0.003175553499142336, new best FoM : 0.0031741241680268706
17/06/2022 19:45:28.686 - oc_logger - INFO - Function evaluation number: 454, SI: 2, Sub-iteration number: 123, FoM: 0.0031741241680268706
17/06/2022 19:45:29.052 - oc_logger - INFO - New record achieved. Previous FoM: 0.0031741241680268706, new best FoM : 0.003170078011621058
17/06/2022 19:45:29.052 - oc_logger - INFO - Function evaluation number: 455, SI: 2, Sub-iteration number: 124, FoM: 0.003170078011621058
17/06/2022 19:45:29.418 - oc_logger - INFO - New record achieved. Previous FoM: 0.003170078011621058, new best FoM : 0.003167658633428494
17/06/2022 19:45:29.418 - oc_logger - INFO - Function evaluation number: 456, SI: 2, Sub-iteration number: 124, FoM: 0.003167658633428494
17/06/2022 19:45:29.786 - oc_logger - INFO - Function evaluation number: 457, SI: 2, Sub-iteration number: 125, FoM: 0.0031749540653753794
17/06/2022 19:45:30.151 - oc_logger - INFO - Function evaluation number: 458, SI: 2, Sub-iteration number: 126, FoM: 0.0031695211110599475
17/06/2022 19:45:30.511 - oc_logger - INFO - New record achieved. Previous FoM: 0.003167658633428494, new best FoM : 0.0031657689653412646
17/06/2022 19:45:30.511 - oc_logger - INFO - Function evaluation number: 459, SI: 2, Sub-iteration number: 127, FoM: 0.0031657689653412646
17/06/2022 19:45:30.845 - oc_logger - INFO - New record achieved. Previous FoM: 0.0031657689653412646, new best FoM : 0.0031643719181737584
17/06/2022 19:45:30.845 - oc_logger - INFO - Function evaluation number: 460, SI: 2, Sub-iteration number: 127, FoM: 0.0031643719181737584
17/06/2022 19:45:31.174 - oc_logger - INFO - Function evaluation number: 461, SI: 2, Sub-iteration number: 128, FoM: 0.0031704612057199544
17/06/2022 19:45:31.545 - oc_logger - INFO - New record achieved. Previous FoM: 0.0031643719181737584, new best FoM : 0.003157188297070679
17/06/2022 19:45:31.546 - oc_logger - INFO - Function evaluation number: 462, SI: 2, Sub-iteration number: 129, FoM: 0.003157188297070679
17/06/2022 19:45:31.913 - oc_logger - INFO - New record achieved. Previous FoM: 0.003157188297070679, new best FoM : 0.003154338270636159
17/06/2022 19:45:31.913 - oc_logger - INFO - Function evaluation number: 463, SI: 2, Sub-iteration number: 129, FoM: 0.003154338270636159
17/06/2022 19:45:32.192 - oc_logger - INFO - Function evaluation number: 464, SI: 2, Sub-iteration number: 130, FoM: 0.003159185706617329
17/06/2022 19:45:32.488 - oc_logger - INFO - New record achieved. Previous FoM: 0.003154338270636159, new best FoM : 0.0031531498149047765
17/06/2022 19:45:32.489 - oc_logger - INFO - Function evaluation number: 465, SI: 2, Sub-iteration number: 131, FoM: 0.0031531498149047765
17/06/2022 19:45:32.859 - oc_logger - INFO - New record achieved. Previous FoM: 0.0031531498149047765, new best FoM : 0.0031507759548580205
17/06/2022 19:45:32.859 - oc_logger - INFO - Function evaluation number: 466, SI: 2, Sub-iteration number: 131, FoM: 0.0031507759548580205
17/06/2022 19:45:33.185 - oc_logger - INFO - Function evaluation number: 467, SI: 2, Sub-iteration number: 132, FoM: 0.0031582077963369093
17/06/2022 19:45:33.547 - oc_logger - INFO - New record achieved. Previous FoM: 0.0031507759548580205, new best FoM : 0.003147086491454565
17/06/2022 19:45:33.547 - oc_logger - INFO - Function evaluation number: 468, SI: 2, Sub-iteration number: 133, FoM: 0.003147086491454565
17/06/2022 19:45:33.910 - oc_logger - INFO - New record achieved. Previous FoM: 0.003147086491454565, new best FoM : 0.00314454395244812
17/06/2022 19:45:33.910 - oc_logger - INFO - Function evaluation number: 469, SI: 2, Sub-iteration number: 133, FoM: 0.00314454395244812
17/06/2022 19:45:34.281 - oc_logger - INFO - Function evaluation number: 470, SI: 2, Sub-iteration number: 134, FoM: 0.003153390558124136
17/06/2022 19:45:34.583 - oc_logger - INFO - Function evaluation number: 471, SI: 2, Sub-iteration number: 135, FoM: 0.0031501709159080793
17/06/2022 19:45:34.927 - oc_logger - INFO - New record achieved. Previous FoM: 0.00314454395244812, new best FoM : 0.0031370599599810367
17/06/2022 19:45:34.927 - oc_logger - INFO - Function evaluation number: 472, SI: 2, Sub-iteration number: 136, FoM: 0.0031370599599810367
17/06/2022 19:45:35.293 - oc_logger - INFO - New record achieved. Previous FoM: 0.0031370599599810367, new best FoM : 0.0031337113456506582
17/06/2022 19:45:35.293 - oc_logger - INFO - Function evaluation number: 473, SI: 2, Sub-iteration number: 136, FoM: 0.0031337113456506582
17/06/2022 19:45:35.663 - oc_logger - INFO - New record achieved. Previous FoM: 0.0031337113456506582, new best FoM : 0.003132945774174667
17/06/2022 19:45:35.663 - oc_logger - INFO - Function evaluation number: 474, SI: 2, Sub-iteration number: 137, FoM: 0.003132945774174667
17/06/2022 19:45:36.015 - oc_logger - INFO - New record achieved. Previous FoM: 0.003132945774174667, new best FoM : 0.0031295900624153106
17/06/2022 19:45:36.015 - oc_logger - INFO - Function evaluation number: 475, SI: 2, Sub-iteration number: 137, FoM: 0.0031295900624153106
17/06/2022 19:45:36.306 - oc_logger - INFO - Function evaluation number: 476, SI: 2, Sub-iteration number: 138, FoM: 0.0031320486806507564
17/06/2022 19:45:36.679 - oc_logger - INFO - Function evaluation number: 477, SI: 2, Sub-iteration number: 139, FoM: 0.003139692168273145
17/06/2022 19:45:37.035 - oc_logger - INFO - New record achieved. Previous FoM: 0.0031295900624153106, new best FoM : 0.0031268874345977693
17/06/2022 19:45:37.036 - oc_logger - INFO - Function evaluation number: 478, SI: 2, Sub-iteration number: 140, FoM: 0.0031268874345977693
