06/06/2022 05:41:35.890 - oc_logger - INFO - The optimization direction is minimization
06/06/2022 05:41:35.890 - oc_logger - INFO - QuOCS version number: 0.0.22
06/06/2022 05:41:35.890 - oc_logger - INFO - Direct search start time has been reset.
06/06/2022 05:41:35.894 - oc_logger - INFO - New record achieved. Previous FoM: 10000000000.0, new best FoM : 0.5221193463888141
06/06/2022 05:41:35.894 - oc_logger - INFO - Function evaluation number: 1, SI: 1, Sub-iteration number: 0, FoM: 0.5221193463888141
06/06/2022 05:41:35.900 - oc_logger - INFO - New record achieved. Previous FoM: 0.5221193463888141, new best FoM : 0.5140137888931757
06/06/2022 05:41:35.900 - oc_logger - INFO - Function evaluation number: 2, SI: 1, Sub-iteration number: 0, FoM: 0.5140137888931757
06/06/2022 05:41:35.904 - oc_logger - INFO - Function evaluation number: 3, SI: 1, Sub-iteration number: 0, FoM: 0.5179115475380108
06/06/2022 05:41:35.907 - oc_logger - INFO - New record achieved. Previous FoM: 0.5140137888931757, new best FoM : 0.5086132993406267
06/06/2022 05:41:35.908 - oc_logger - INFO - Function evaluation number: 4, SI: 1, Sub-iteration number: 1, FoM: 0.5086132993406267
06/06/2022 05:41:35.911 - oc_logger - INFO - New record achieved. Previous FoM: 0.5086132993406267, new best FoM : 0.500105325678069
06/06/2022 05:41:35.911 - oc_logger - INFO - Function evaluation number: 5, SI: 1, Sub-iteration number: 1, FoM: 0.500105325678069
06/06/2022 05:41:35.915 - oc_logger - INFO - New record achieved. Previous FoM: 0.500105325678069, new best FoM : 0.49564007623730455
06/06/2022 05:41:35.915 - oc_logger - INFO - Function evaluation number: 6, SI: 1, Sub-iteration number: 2, FoM: 0.49564007623730455
06/06/2022 05:41:35.919 - oc_logger - INFO - New record achieved. Previous FoM: 0.49564007623730455, new best FoM : 0.48221346582157065
06/06/2022 05:41:35.919 - oc_logger - INFO - Function evaluation number: 7, SI: 1, Sub-iteration number: 2, FoM: 0.48221346582157065
06/06/2022 05:41:35.923 - oc_logger - INFO - New record achieved. Previous FoM: 0.48221346582157065, new best FoM : 0.46152956446710536
06/06/2022 05:41:35.923 - oc_logger - INFO - Function evaluation number: 8, SI: 1, Sub-iteration number: 3, FoM: 0.46152956446710536
06/06/2022 05:41:35.926 - oc_logger - INFO - New record achieved. Previous FoM: 0.46152956446710536, new best FoM : 0.42527572858160856
06/06/2022 05:41:35.927 - oc_logger - INFO - Function evaluation number: 9, SI: 1, Sub-iteration number: 3, FoM: 0.42527572858160856
06/06/2022 05:41:35.930 - oc_logger - INFO - New record achieved. Previous FoM: 0.42527572858160856, new best FoM : 0.3999558632492274
06/06/2022 05:41:35.930 - oc_logger - INFO - Function evaluation number: 10, SI: 1, Sub-iteration number: 4, FoM: 0.3999558632492274
06/06/2022 05:41:35.934 - oc_logger - INFO - New record achieved. Previous FoM: 0.3999558632492274, new best FoM : 0.33499671870150605
06/06/2022 05:41:35.934 - oc_logger - INFO - Function evaluation number: 11, SI: 1, Sub-iteration number: 4, FoM: 0.33499671870150605
06/06/2022 05:41:35.938 - oc_logger - INFO - New record achieved. Previous FoM: 0.33499671870150605, new best FoM : 0.2524784192935009
06/06/2022 05:41:35.938 - oc_logger - INFO - Function evaluation number: 12, SI: 1, Sub-iteration number: 5, FoM: 0.2524784192935009
06/06/2022 05:41:35.941 - oc_logger - INFO - New record achieved. Previous FoM: 0.2524784192935009, new best FoM : 0.12236195427030805
06/06/2022 05:41:35.941 - oc_logger - INFO - Function evaluation number: 13, SI: 1, Sub-iteration number: 5, FoM: 0.12236195427030805
06/06/2022 05:41:35.945 - oc_logger - INFO - New record achieved. Previous FoM: 0.12236195427030805, new best FoM : 0.04349478029455067
06/06/2022 05:41:35.945 - oc_logger - INFO - Function evaluation number: 14, SI: 1, Sub-iteration number: 6, FoM: 0.04349478029455067
06/06/2022 05:41:35.948 - oc_logger - INFO - New record achieved. Previous FoM: 0.04349478029455067, new best FoM : 0.021727583533690753
06/06/2022 05:41:35.948 - oc_logger - INFO - Function evaluation number: 15, SI: 1, Sub-iteration number: 6, FoM: 0.021727583533690753
06/06/2022 05:41:35.953 - oc_logger - INFO - Function evaluation number: 16, SI: 1, Sub-iteration number: 7, FoM: 0.08121935912503697
06/06/2022 05:41:35.955 - oc_logger - INFO - Function evaluation number: 17, SI: 1, Sub-iteration number: 8, FoM: 0.3648956600192167
06/06/2022 05:41:35.958 - oc_logger - INFO - New record achieved. Previous FoM: 0.021727583533690753, new best FoM : 0.010188904435881163
06/06/2022 05:41:35.958 - oc_logger - INFO - Function evaluation number: 18, SI: 1, Sub-iteration number: 8, FoM: 0.010188904435881163
06/06/2022 05:41:35.962 - oc_logger - INFO - Function evaluation number: 19, SI: 1, Sub-iteration number: 9, FoM: 0.1305678901361793
06/06/2022 05:41:35.965 - oc_logger - INFO - New record achieved. Previous FoM: 0.010188904435881163, new best FoM : 0.0011915648282356806
06/06/2022 05:41:35.965 - oc_logger - INFO - Function evaluation number: 20, SI: 1, Sub-iteration number: 9, FoM: 0.0011915648282356806
06/06/2022 05:41:35.970 - oc_logger - INFO - Function evaluation number: 21, SI: 1, Sub-iteration number: 10, FoM: 0.02199162857197945
06/06/2022 05:41:35.973 - oc_logger - INFO - Function evaluation number: 22, SI: 1, Sub-iteration number: 10, FoM: 0.021876350308618564
06/06/2022 05:41:35.974 - oc_logger - INFO - Function evaluation number: 23, SI: 1, Sub-iteration number: 10, FoM: 0.021970350227012325
06/06/2022 05:41:35.977 - oc_logger - INFO - Function evaluation number: 24, SI: 1, Sub-iteration number: 10, FoM: 0.014867114137114168
06/06/2022 05:41:35.980 - oc_logger - INFO - Function evaluation number: 25, SI: 1, Sub-iteration number: 11, FoM: 0.02249670660219283
06/06/2022 05:41:35.982 - oc_logger - INFO - Function evaluation number: 26, SI: 1, Sub-iteration number: 11, FoM: 0.0178049366296964
06/06/2022 05:41:35.985 - oc_logger - INFO - Function evaluation number: 27, SI: 1, Sub-iteration number: 12, FoM: 0.0046651185558809205
06/06/2022 05:41:35.988 - oc_logger - INFO - Function evaluation number: 28, SI: 1, Sub-iteration number: 13, FoM: 0.02678907137976616
06/06/2022 05:41:35.990 - oc_logger - INFO - Function evaluation number: 29, SI: 1, Sub-iteration number: 13, FoM: 0.007733325679499803
06/06/2022 05:41:35.993 - oc_logger - INFO - Function evaluation number: 30, SI: 1, Sub-iteration number: 14, FoM: 0.013194915059262624
06/06/2022 05:41:35.996 - oc_logger - INFO - Function evaluation number: 31, SI: 1, Sub-iteration number: 14, FoM: 0.003317607239851972
06/06/2022 05:41:35.998 - oc_logger - INFO - Function evaluation number: 32, SI: 1, Sub-iteration number: 15, FoM: 0.008201365663173643
06/06/2022 05:41:36.001 - oc_logger - INFO - New record achieved. Previous FoM: 0.0011915648282356806, new best FoM : 0.001075838638966542
06/06/2022 05:41:36.001 - oc_logger - INFO - Function evaluation number: 33, SI: 1, Sub-iteration number: 15, FoM: 0.001075838638966542
06/06/2022 05:41:36.005 - oc_logger - INFO - Function evaluation number: 34, SI: 1, Sub-iteration number: 16, FoM: 0.0034134833541733522
06/06/2022 05:41:36.007 - oc_logger - INFO - Function evaluation number: 35, SI: 1, Sub-iteration number: 16, FoM: 0.0017251040318491118
06/06/2022 05:41:36.010 - oc_logger - INFO - Function evaluation number: 36, SI: 1, Sub-iteration number: 17, FoM: 0.0016408437967130318
06/06/2022 05:41:36.012 - oc_logger - INFO - New record achieved. Previous FoM: 0.001075838638966542, new best FoM : 0.0007768630962696754
06/06/2022 05:41:36.012 - oc_logger - INFO - Function evaluation number: 37, SI: 1, Sub-iteration number: 17, FoM: 0.0007768630962696754
06/06/2022 05:41:36.017 - oc_logger - INFO - Function evaluation number: 38, SI: 1, Sub-iteration number: 18, FoM: 0.003141842270468209
06/06/2022 05:41:36.020 - oc_logger - INFO - New record achieved. Previous FoM: 0.0007768630962696754, new best FoM : 0.00014512656602838625
06/06/2022 05:41:36.020 - oc_logger - INFO - Function evaluation number: 39, SI: 1, Sub-iteration number: 18, FoM: 0.00014512656602838625
06/06/2022 05:41:36.024 - oc_logger - INFO - Function evaluation number: 40, SI: 1, Sub-iteration number: 19, FoM: 0.0004353587600951503
06/06/2022 05:41:36.026 - oc_logger - INFO - Function evaluation number: 41, SI: 1, Sub-iteration number: 20, FoM: 0.0013332685720084392
06/06/2022 05:41:36.029 - oc_logger - INFO - Function evaluation number: 42, SI: 1, Sub-iteration number: 20, FoM: 0.00024006181673474902
06/06/2022 05:41:36.032 - oc_logger - INFO - Function evaluation number: 43, SI: 1, Sub-iteration number: 21, FoM: 0.0005353339485009156
06/06/2022 05:41:36.035 - oc_logger - INFO - Function evaluation number: 44, SI: 1, Sub-iteration number: 21, FoM: 0.0001948685108756898
06/06/2022 05:41:36.038 - oc_logger - INFO - Function evaluation number: 45, SI: 1, Sub-iteration number: 22, FoM: 0.0005765186650159571
06/06/2022 05:41:36.041 - oc_logger - INFO - New record achieved. Previous FoM: 0.00014512656602838625, new best FoM : 3.456651851352355e-05
06/06/2022 05:41:36.041 - oc_logger - INFO - Function evaluation number: 46, SI: 1, Sub-iteration number: 22, FoM: 3.456651851352355e-05
06/06/2022 05:41:36.044 - oc_logger - INFO - Function evaluation number: 47, SI: 1, Sub-iteration number: 23, FoM: 8.47106074193249e-05
06/06/2022 05:41:36.047 - oc_logger - INFO - Function evaluation number: 48, SI: 1, Sub-iteration number: 24, FoM: 0.00026523942599154804
06/06/2022 05:41:36.050 - oc_logger - INFO - Function evaluation number: 49, SI: 1, Sub-iteration number: 24, FoM: 4.287231931487945e-05
06/06/2022 05:41:36.052 - oc_logger - INFO - Function evaluation number: 50, SI: 1, Sub-iteration number: 25, FoM: 9.275199887048835e-05
06/06/2022 05:41:36.055 - oc_logger - INFO - Function evaluation number: 51, SI: 1, Sub-iteration number: 25, FoM: 4.0231665359380386e-05
06/06/2022 05:41:36.058 - oc_logger - INFO - Function evaluation number: 52, SI: 1, Sub-iteration number: 26, FoM: 0.00011778890921021468
06/06/2022 05:41:36.061 - oc_logger - INFO - New record achieved. Previous FoM: 3.456651851352355e-05, new best FoM : 2.7579973806979297e-06
06/06/2022 05:41:36.061 - oc_logger - INFO - Function evaluation number: 53, SI: 1, Sub-iteration number: 26, FoM: 2.7579973806979297e-06
06/06/2022 05:41:36.062 - oc_logger - INFO - SI 1 finished - Number of evaluations: 53, Best FoM: 2.7579973806979297e-06, Terminate reason: Convergence of the simplex.

06/06/2022 05:41:36.062 - oc_logger - INFO - Figure of merit : 2.7579973806979297e-06
06/06/2022 05:41:36.062 - oc_logger - INFO - Std : 0.0
06/06/2022 05:41:36.062 - oc_logger - INFO - total number of function evaluations : 53
06/06/2022 05:41:36.063 - oc_logger - INFO - dcrab_freq_list : [array([], dtype=float64)]
06/06/2022 05:41:36.063 - oc_logger - INFO - dcrab_para_list : [array([6.72992932, 1.87146702])]
06/06/2022 05:41:36.063 - oc_logger - INFO - terminate_reason : Convergence of the simplex.
