06/07/2022 07:15:33.133 - oc_logger - INFO - The optimization direction is minimization
06/07/2022 07:15:33.133 - oc_logger - INFO - QuOCS version number: 0.0.22
06/07/2022 07:15:33.198 - oc_logger - INFO - Function evaluation number: 1, FoM: 0.6360197177307646
06/07/2022 07:15:33.215 - oc_logger - INFO - Function evaluation number: 2, FoM: 0.5984879410618889
06/07/2022 07:15:33.224 - oc_logger - INFO - Function evaluation number: 3, FoM: 0.6465212547212517
06/07/2022 07:15:33.234 - oc_logger - INFO - Function evaluation number: 4, FoM: 0.5834842489001617
06/07/2022 07:15:33.244 - oc_logger - INFO - Function evaluation number: 5, FoM: 0.5417253285445535
06/07/2022 07:15:33.255 - oc_logger - INFO - Function evaluation number: 6, FoM: 0.4836801561902112
06/07/2022 07:15:33.269 - oc_logger - INFO - Function evaluation number: 7, FoM: 0.37943277922338225
06/07/2022 07:15:33.280 - oc_logger - INFO - Function evaluation number: 8, FoM: 0.2984156120209789
06/07/2022 07:15:33.292 - oc_logger - INFO - Function evaluation number: 9, FoM: 0.13043012513661156
06/07/2022 07:15:33.303 - oc_logger - INFO - Function evaluation number: 10, FoM: 0.009150464543033587
06/07/2022 07:15:33.314 - oc_logger - INFO - Function evaluation number: 11, FoM: 0.06707700128797178
06/07/2022 07:15:33.326 - oc_logger - INFO - Function evaluation number: 12, FoM: 0.07611680622244177
06/07/2022 07:15:33.336 - oc_logger - INFO - Function evaluation number: 13, FoM: 0.01683051788997103
06/07/2022 07:15:33.347 - oc_logger - INFO - Function evaluation number: 14, FoM: 0.07469840841344721
06/07/2022 07:15:33.359 - oc_logger - INFO - Function evaluation number: 15, FoM: 0.07633004364496121
06/07/2022 07:15:33.369 - oc_logger - INFO - Function evaluation number: 16, FoM: 0.07711008271796582
06/07/2022 07:15:33.379 - oc_logger - INFO - Function evaluation number: 17, FoM: 0.06389006407543629
06/07/2022 07:15:33.392 - oc_logger - INFO - Function evaluation number: 18, FoM: 0.05327371515651935
06/07/2022 07:15:33.403 - oc_logger - INFO - Function evaluation number: 19, FoM: 0.16306139151211552
06/07/2022 07:15:33.414 - oc_logger - INFO - Function evaluation number: 20, FoM: 0.030942329530851742
06/07/2022 07:15:33.426 - oc_logger - INFO - Function evaluation number: 21, FoM: 0.06527622472788464
06/07/2022 07:15:33.438 - oc_logger - INFO - Function evaluation number: 22, FoM: 0.013131717262749976
06/07/2022 07:15:33.448 - oc_logger - INFO - Function evaluation number: 23, FoM: 0.04159809734794073
06/07/2022 07:15:33.460 - oc_logger - INFO - Function evaluation number: 24, FoM: 0.015626773903336222
06/07/2022 07:15:33.471 - oc_logger - INFO - Function evaluation number: 25, FoM: 0.020762178751687177
06/07/2022 07:15:33.481 - oc_logger - INFO - Function evaluation number: 26, FoM: 0.007228373686989142
06/07/2022 07:15:33.493 - oc_logger - INFO - Function evaluation number: 27, FoM: 0.026915565140747333
06/07/2022 07:15:33.505 - oc_logger - INFO - Function evaluation number: 28, FoM: 0.0021561237198516325
06/07/2022 07:15:33.516 - oc_logger - INFO - Function evaluation number: 29, FoM: 0.004212782987099595
06/07/2022 07:15:33.526 - oc_logger - INFO - Function evaluation number: 30, FoM: 0.014215739107757197
06/07/2022 07:15:33.538 - oc_logger - INFO - Function evaluation number: 31, FoM: 0.0021030374288106835
06/07/2022 07:15:33.548 - oc_logger - INFO - Function evaluation number: 32, FoM: 0.004087014541714895
06/07/2022 07:15:33.558 - oc_logger - INFO - Function evaluation number: 33, FoM: 0.0020491188517988146
06/07/2022 07:15:33.571 - oc_logger - INFO - Function evaluation number: 34, FoM: 0.006205693045371108
06/07/2022 07:15:33.581 - oc_logger - INFO - Function evaluation number: 35, FoM: 2.7255662686465065e-05
06/07/2022 07:15:33.593 - oc_logger - INFO - Function evaluation number: 36, FoM: 8.210236427785844e-05
06/07/2022 07:15:33.605 - oc_logger - INFO - Function evaluation number: 37, FoM: 0.0021838549014241426
06/07/2022 07:15:33.615 - oc_logger - INFO - Function evaluation number: 38, FoM: 0.0010004434368628967
06/07/2022 07:15:33.628 - oc_logger - INFO - Function evaluation number: 39, FoM: 0.0011160675261747688
06/07/2022 07:15:33.640 - oc_logger - INFO - Function evaluation number: 40, FoM: 0.0004737062128268299
06/07/2022 07:15:33.650 - oc_logger - INFO - Function evaluation number: 41, FoM: 0.0005845522795108193
06/07/2022 07:15:33.661 - oc_logger - INFO - Function evaluation number: 42, FoM: 0.00020973903176568776
06/07/2022 07:15:33.676 - oc_logger - INFO - Function evaluation number: 43, FoM: 0.00031939059075758447
06/07/2022 07:15:33.687 - oc_logger - INFO - Function evaluation number: 44, FoM: 7.760596318195923e-05
06/07/2022 07:15:33.697 - oc_logger - INFO - Function evaluation number: 45, FoM: 0.00013219836481925817
06/07/2022 07:15:33.708 - oc_logger - INFO - Function evaluation number: 46, FoM: 2.8416900782479715e-05
06/07/2022 07:15:33.719 - oc_logger - INFO - Function evaluation number: 47, FoM: 0.000133315779351717
06/07/2022 07:15:33.730 - oc_logger - INFO - Function evaluation number: 48, FoM: 2.4904095803357507e-05
06/07/2022 07:15:33.742 - oc_logger - INFO - Function evaluation number: 49, FoM: 2.6009545727623262e-05
06/07/2022 07:15:33.753 - oc_logger - INFO - Function evaluation number: 50, FoM: 7.818919051794104e-05
06/07/2022 07:15:33.763 - oc_logger - INFO - Function evaluation number: 51, FoM: 8.873066659198514e-07
06/07/2022 07:15:33.774 - oc_logger - INFO - Function evaluation number: 52, FoM: 2.0595779079979337e-06
06/07/2022 07:15:33.786 - oc_logger - INFO - Function evaluation number: 53, FoM: 2.7816819629600253e-05
06/07/2022 07:15:33.796 - oc_logger - INFO - Function evaluation number: 54, FoM: 1.1725652550920174e-05
06/07/2022 07:15:33.808 - oc_logger - INFO - Function evaluation number: 55, FoM: 1.4634805225344216e-05
06/07/2022 07:15:33.819 - oc_logger - INFO - Function evaluation number: 56, FoM: 5.135984504134328e-06
06/07/2022 07:15:33.832 - oc_logger - INFO - Function evaluation number: 57, FoM: 8.044244391602895e-06
06/07/2022 07:15:33.843 - oc_logger - INFO - Function evaluation number: 58, FoM: 1.8410388793466126e-06
06/07/2022 07:15:33.855 - oc_logger - INFO - Function evaluation number: 59, FoM: 2.9368313525512946e-06
06/07/2022 07:15:33.865 - oc_logger - INFO - Function evaluation number: 60, FoM: 7.78013028002178e-07
06/07/2022 07:15:33.877 - oc_logger - INFO - Function evaluation number: 61, FoM: 3.4970273448120537e-06
06/07/2022 07:15:33.889 - oc_logger - INFO - Function evaluation number: 62, FoM: 5.087661691938195e-07
06/07/2022 07:15:33.893 - oc_logger - INFO - Figure of merit : 5.087661691938195e-07
06/07/2022 07:15:33.893 - oc_logger - INFO - parameters : [5.83746476 2.41603486]
06/07/2022 07:15:33.894 - oc_logger - INFO - terminate_reason : Convergence of the simplex.
