17/06/2022 19:16:28.669 - oc_logger - INFO - The optimization direction is minimization
17/06/2022 19:16:28.672 - oc_logger - INFO - QuOCS version number: 0.0.27
17/06/2022 19:16:28.672 - oc_logger - INFO - Direct search start time has been reset.
17/06/2022 19:16:28.810 - oc_logger - INFO - New record achieved. Previous FoM: 10000000000.0, new best FoM : 0.9984479141965246
17/06/2022 19:16:28.810 - oc_logger - INFO - Function evaluation number: 1, SI: 1, Sub-iteration number: 0, FoM: 0.9984479141965246
17/06/2022 19:16:28.958 - oc_logger - INFO - New record achieved. Previous FoM: 0.9984479141965246, new best FoM : 0.9983309754531834
17/06/2022 19:16:28.962 - oc_logger - INFO - Function evaluation number: 2, SI: 1, Sub-iteration number: 0, FoM: 0.9983309754531834
17/06/2022 19:16:29.101 - oc_logger - INFO - Function evaluation number: 3, SI: 1, Sub-iteration number: 0, FoM: 0.9995340237375302
17/06/2022 19:16:29.245 - oc_logger - INFO - Function evaluation number: 4, SI: 1, Sub-iteration number: 0, FoM: 0.9984247140579252
17/06/2022 19:16:29.388 - oc_logger - INFO - New record achieved. Previous FoM: 0.9983309754531834, new best FoM : 0.9862626396360681
17/06/2022 19:16:29.388 - oc_logger - INFO - Function evaluation number: 5, SI: 1, Sub-iteration number: 0, FoM: 0.9862626396360681
17/06/2022 19:16:29.532 - oc_logger - INFO - Function evaluation number: 6, SI: 1, Sub-iteration number: 0, FoM: 0.9908165478570439
17/06/2022 19:16:29.674 - oc_logger - INFO - Function evaluation number: 7, SI: 1, Sub-iteration number: 0, FoM: 0.9990572484974142
17/06/2022 19:16:29.817 - oc_logger - INFO - Function evaluation number: 8, SI: 1, Sub-iteration number: 0, FoM: 0.9999735311471395
17/06/2022 19:16:29.967 - oc_logger - INFO - Function evaluation number: 9, SI: 1, Sub-iteration number: 0, FoM: 0.9991601493671153
17/06/2022 19:16:30.098 - oc_logger - INFO - Function evaluation number: 10, SI: 1, Sub-iteration number: 0, FoM: 0.9984629085650838
17/06/2022 19:16:30.247 - oc_logger - INFO - Function evaluation number: 11, SI: 1, Sub-iteration number: 1, FoM: 0.991909768133153
17/06/2022 19:16:30.396 - oc_logger - INFO - Function evaluation number: 12, SI: 1, Sub-iteration number: 2, FoM: 0.9935489589117299
17/06/2022 19:16:30.530 - oc_logger - INFO - Function evaluation number: 13, SI: 1, Sub-iteration number: 3, FoM: 0.9927992697547939
17/06/2022 19:16:30.676 - oc_logger - INFO - New record achieved. Previous FoM: 0.9862626396360681, new best FoM : 0.9716522524841102
17/06/2022 19:16:30.676 - oc_logger - INFO - Function evaluation number: 14, SI: 1, Sub-iteration number: 4, FoM: 0.9716522524841102
17/06/2022 19:16:30.815 - oc_logger - INFO - New record achieved. Previous FoM: 0.9716522524841102, new best FoM : 0.9638893450770418
17/06/2022 19:16:30.815 - oc_logger - INFO - Function evaluation number: 15, SI: 1, Sub-iteration number: 4, FoM: 0.9638893450770418
17/06/2022 19:16:30.956 - oc_logger - INFO - Function evaluation number: 16, SI: 1, Sub-iteration number: 5, FoM: 0.9822711060880928
17/06/2022 19:16:31.105 - oc_logger - INFO - Function evaluation number: 17, SI: 1, Sub-iteration number: 6, FoM: 0.9763369649879665
17/06/2022 19:16:31.246 - oc_logger - INFO - Function evaluation number: 18, SI: 1, Sub-iteration number: 7, FoM: 0.9682915836436875
17/06/2022 19:16:31.393 - oc_logger - INFO - New record achieved. Previous FoM: 0.9638893450770418, new best FoM : 0.9559714071151232
17/06/2022 19:16:31.393 - oc_logger - INFO - Function evaluation number: 19, SI: 1, Sub-iteration number: 8, FoM: 0.9559714071151232
17/06/2022 19:16:31.540 - oc_logger - INFO - New record achieved. Previous FoM: 0.9559714071151232, new best FoM : 0.9477781790284064
17/06/2022 19:16:31.540 - oc_logger - INFO - Function evaluation number: 20, SI: 1, Sub-iteration number: 8, FoM: 0.9477781790284064
17/06/2022 19:16:31.684 - oc_logger - INFO - Function evaluation number: 21, SI: 1, Sub-iteration number: 9, FoM: 0.9593635711690259
17/06/2022 19:16:31.831 - oc_logger - INFO - Function evaluation number: 22, SI: 1, Sub-iteration number: 10, FoM: 0.9502626353623231
17/06/2022 19:16:31.971 - oc_logger - INFO - New record achieved. Previous FoM: 0.9477781790284064, new best FoM : 0.9390613093781682
17/06/2022 19:16:31.971 - oc_logger - INFO - Function evaluation number: 23, SI: 1, Sub-iteration number: 11, FoM: 0.9390613093781682
17/06/2022 19:16:32.119 - oc_logger - INFO - New record achieved. Previous FoM: 0.9390613093781682, new best FoM : 0.9304121168003032
17/06/2022 19:16:32.119 - oc_logger - INFO - Function evaluation number: 24, SI: 1, Sub-iteration number: 11, FoM: 0.9304121168003032
17/06/2022 19:16:32.277 - oc_logger - INFO - New record achieved. Previous FoM: 0.9304121168003032, new best FoM : 0.9230184091043317
17/06/2022 19:16:32.277 - oc_logger - INFO - Function evaluation number: 25, SI: 1, Sub-iteration number: 12, FoM: 0.9230184091043317
17/06/2022 19:16:32.412 - oc_logger - INFO - New record achieved. Previous FoM: 0.9230184091043317, new best FoM : 0.9118628741498986
17/06/2022 19:16:32.412 - oc_logger - INFO - Function evaluation number: 26, SI: 1, Sub-iteration number: 12, FoM: 0.9118628741498986
17/06/2022 19:16:32.550 - oc_logger - INFO - Function evaluation number: 27, SI: 1, Sub-iteration number: 13, FoM: 0.9124282686509836
17/06/2022 19:16:32.726 - oc_logger - INFO - New record achieved. Previous FoM: 0.9118628741498986, new best FoM : 0.8995650458589096
17/06/2022 19:16:32.726 - oc_logger - INFO - Function evaluation number: 28, SI: 1, Sub-iteration number: 14, FoM: 0.8995650458589096
17/06/2022 19:16:32.862 - oc_logger - INFO - New record achieved. Previous FoM: 0.8995650458589096, new best FoM : 0.8866956123438797
17/06/2022 19:16:32.862 - oc_logger - INFO - Function evaluation number: 29, SI: 1, Sub-iteration number: 14, FoM: 0.8866956123438797
17/06/2022 19:16:33.010 - oc_logger - INFO - Function evaluation number: 30, SI: 1, Sub-iteration number: 15, FoM: 0.8867487459248251
17/06/2022 19:16:33.151 - oc_logger - INFO - New record achieved. Previous FoM: 0.8866956123438797, new best FoM : 0.8792070142766805
17/06/2022 19:16:33.151 - oc_logger - INFO - Function evaluation number: 31, SI: 1, Sub-iteration number: 16, FoM: 0.8792070142766805
17/06/2022 19:16:33.297 - oc_logger - INFO - New record achieved. Previous FoM: 0.8792070142766805, new best FoM : 0.8663954038681414
17/06/2022 19:16:33.297 - oc_logger - INFO - Function evaluation number: 32, SI: 1, Sub-iteration number: 16, FoM: 0.8663954038681414
17/06/2022 19:16:33.443 - oc_logger - INFO - New record achieved. Previous FoM: 0.8663954038681414, new best FoM : 0.8601830712285494
17/06/2022 19:16:33.443 - oc_logger - INFO - Function evaluation number: 33, SI: 1, Sub-iteration number: 17, FoM: 0.8601830712285494
17/06/2022 19:16:33.588 - oc_logger - INFO - New record achieved. Previous FoM: 0.8601830712285494, new best FoM : 0.8453102744674282
17/06/2022 19:16:33.588 - oc_logger - INFO - Function evaluation number: 34, SI: 1, Sub-iteration number: 17, FoM: 0.8453102744674282
17/06/2022 19:16:33.731 - oc_logger - INFO - New record achieved. Previous FoM: 0.8453102744674282, new best FoM : 0.8370285167671778
17/06/2022 19:16:33.731 - oc_logger - INFO - Function evaluation number: 35, SI: 1, Sub-iteration number: 18, FoM: 0.8370285167671778
17/06/2022 19:16:33.874 - oc_logger - INFO - New record achieved. Previous FoM: 0.8370285167671778, new best FoM : 0.819666098837815
17/06/2022 19:16:33.874 - oc_logger - INFO - Function evaluation number: 36, SI: 1, Sub-iteration number: 18, FoM: 0.819666098837815
17/06/2022 19:16:34.012 - oc_logger - INFO - New record achieved. Previous FoM: 0.819666098837815, new best FoM : 0.8174514174632528
17/06/2022 19:16:34.012 - oc_logger - INFO - Function evaluation number: 37, SI: 1, Sub-iteration number: 19, FoM: 0.8174514174632528
17/06/2022 19:16:34.157 - oc_logger - INFO - New record achieved. Previous FoM: 0.8174514174632528, new best FoM : 0.7989117981851822
17/06/2022 19:16:34.157 - oc_logger - INFO - Function evaluation number: 38, SI: 1, Sub-iteration number: 19, FoM: 0.7989117981851822
17/06/2022 19:16:34.301 - oc_logger - INFO - New record achieved. Previous FoM: 0.7989117981851822, new best FoM : 0.7818870953749779
17/06/2022 19:16:34.301 - oc_logger - INFO - Function evaluation number: 39, SI: 1, Sub-iteration number: 20, FoM: 0.7818870953749779
17/06/2022 19:16:34.438 - oc_logger - INFO - New record achieved. Previous FoM: 0.7818870953749779, new best FoM : 0.7588451890402319
17/06/2022 19:16:34.438 - oc_logger - INFO - Function evaluation number: 40, SI: 1, Sub-iteration number: 20, FoM: 0.7588451890402319
17/06/2022 19:16:34.584 - oc_logger - INFO - Function evaluation number: 41, SI: 1, Sub-iteration number: 21, FoM: 0.7649718418905505
17/06/2022 19:16:34.719 - oc_logger - INFO - New record achieved. Previous FoM: 0.7588451890402319, new best FoM : 0.7536835757033257
17/06/2022 19:16:34.719 - oc_logger - INFO - Function evaluation number: 42, SI: 1, Sub-iteration number: 22, FoM: 0.7536835757033257
17/06/2022 19:16:34.858 - oc_logger - INFO - New record achieved. Previous FoM: 0.7536835757033257, new best FoM : 0.7328086373503211
17/06/2022 19:16:34.858 - oc_logger - INFO - Function evaluation number: 43, SI: 1, Sub-iteration number: 22, FoM: 0.7328086373503211
17/06/2022 19:16:35.001 - oc_logger - INFO - New record achieved. Previous FoM: 0.7328086373503211, new best FoM : 0.7080836622213761
17/06/2022 19:16:35.001 - oc_logger - INFO - Function evaluation number: 44, SI: 1, Sub-iteration number: 23, FoM: 0.7080836622213761
17/06/2022 19:16:35.168 - oc_logger - INFO - New record achieved. Previous FoM: 0.7080836622213761, new best FoM : 0.6812716227747803
17/06/2022 19:16:35.168 - oc_logger - INFO - Function evaluation number: 45, SI: 1, Sub-iteration number: 23, FoM: 0.6812716227747803
17/06/2022 19:16:35.313 - oc_logger - INFO - Function evaluation number: 46, SI: 1, Sub-iteration number: 24, FoM: 0.694155694754742
17/06/2022 19:16:35.792 - oc_logger - INFO - New record achieved. Previous FoM: 0.6812716227747803, new best FoM : 0.645525395900615
17/06/2022 19:16:35.792 - oc_logger - INFO - Function evaluation number: 47, SI: 1, Sub-iteration number: 25, FoM: 0.645525395900615
17/06/2022 19:16:36.004 - oc_logger - INFO - New record achieved. Previous FoM: 0.645525395900615, new best FoM : 0.6152127481507481
17/06/2022 19:16:36.004 - oc_logger - INFO - Function evaluation number: 48, SI: 1, Sub-iteration number: 25, FoM: 0.6152127481507481
17/06/2022 19:16:36.181 - oc_logger - INFO - Function evaluation number: 49, SI: 1, Sub-iteration number: 26, FoM: 0.6163080086054461
17/06/2022 19:16:36.319 - oc_logger - INFO - New record achieved. Previous FoM: 0.6152127481507481, new best FoM : 0.5840486806983611
17/06/2022 19:16:36.319 - oc_logger - INFO - Function evaluation number: 50, SI: 1, Sub-iteration number: 27, FoM: 0.5840486806983611
17/06/2022 19:16:36.458 - oc_logger - INFO - New record achieved. Previous FoM: 0.5840486806983611, new best FoM : 0.5529563383055862
17/06/2022 19:16:36.458 - oc_logger - INFO - Function evaluation number: 51, SI: 1, Sub-iteration number: 27, FoM: 0.5529563383055862
17/06/2022 19:16:36.588 - oc_logger - INFO - Function evaluation number: 52, SI: 1, Sub-iteration number: 28, FoM: 0.553275798664736
17/06/2022 19:16:36.722 - oc_logger - INFO - New record achieved. Previous FoM: 0.5529563383055862, new best FoM : 0.5205321279151709
17/06/2022 19:16:36.722 - oc_logger - INFO - Function evaluation number: 53, SI: 1, Sub-iteration number: 29, FoM: 0.5205321279151709
17/06/2022 19:16:36.874 - oc_logger - INFO - New record achieved. Previous FoM: 0.5205321279151709, new best FoM : 0.4887808799877763
17/06/2022 19:16:36.874 - oc_logger - INFO - Function evaluation number: 54, SI: 1, Sub-iteration number: 29, FoM: 0.4887808799877763
17/06/2022 19:16:37.021 - oc_logger - INFO - Function evaluation number: 55, SI: 1, Sub-iteration number: 30, FoM: 0.49721530632662736
17/06/2022 19:16:37.168 - oc_logger - INFO - New record achieved. Previous FoM: 0.4887808799877763, new best FoM : 0.44476922630523996
17/06/2022 19:16:37.168 - oc_logger - INFO - Function evaluation number: 56, SI: 1, Sub-iteration number: 31, FoM: 0.44476922630523996
17/06/2022 19:16:37.314 - oc_logger - INFO - New record achieved. Previous FoM: 0.44476922630523996, new best FoM : 0.41112653295574153
17/06/2022 19:16:37.314 - oc_logger - INFO - Function evaluation number: 57, SI: 1, Sub-iteration number: 31, FoM: 0.41112653295574153
17/06/2022 19:16:37.461 - oc_logger - INFO - New record achieved. Previous FoM: 0.41112653295574153, new best FoM : 0.40410636323151994
17/06/2022 19:16:37.461 - oc_logger - INFO - Function evaluation number: 58, SI: 1, Sub-iteration number: 32, FoM: 0.40410636323151994
17/06/2022 19:16:37.608 - oc_logger - INFO - New record achieved. Previous FoM: 0.40410636323151994, new best FoM : 0.3703448989288256
17/06/2022 19:16:37.608 - oc_logger - INFO - Function evaluation number: 59, SI: 1, Sub-iteration number: 32, FoM: 0.3703448989288256
17/06/2022 19:16:37.753 - oc_logger - INFO - Function evaluation number: 60, SI: 1, Sub-iteration number: 33, FoM: 0.37463577733500886
17/06/2022 19:16:37.899 - oc_logger - INFO - New record achieved. Previous FoM: 0.3703448989288256, new best FoM : 0.324583989698638
17/06/2022 19:16:37.900 - oc_logger - INFO - Function evaluation number: 61, SI: 1, Sub-iteration number: 34, FoM: 0.324583989698638
17/06/2022 19:16:38.032 - oc_logger - INFO - New record achieved. Previous FoM: 0.324583989698638, new best FoM : 0.2910832781844014
17/06/2022 19:16:38.032 - oc_logger - INFO - Function evaluation number: 62, SI: 1, Sub-iteration number: 34, FoM: 0.2910832781844014
17/06/2022 19:16:38.166 - oc_logger - INFO - Function evaluation number: 63, SI: 1, Sub-iteration number: 35, FoM: 0.3091855920741834
17/06/2022 19:16:38.321 - oc_logger - INFO - New record achieved. Previous FoM: 0.2910832781844014, new best FoM : 0.26008293858146925
17/06/2022 19:16:38.321 - oc_logger - INFO - Function evaluation number: 64, SI: 1, Sub-iteration number: 36, FoM: 0.26008293858146925
17/06/2022 19:16:38.459 - oc_logger - INFO - New record achieved. Previous FoM: 0.26008293858146925, new best FoM : 0.23003536211610653
17/06/2022 19:16:38.459 - oc_logger - INFO - Function evaluation number: 65, SI: 1, Sub-iteration number: 36, FoM: 0.23003536211610653
17/06/2022 19:16:38.595 - oc_logger - INFO - Function evaluation number: 66, SI: 1, Sub-iteration number: 37, FoM: 0.2516074503987583
17/06/2022 19:16:38.744 - oc_logger - INFO - New record achieved. Previous FoM: 0.23003536211610653, new best FoM : 0.19078257184452252
17/06/2022 19:16:38.744 - oc_logger - INFO - Function evaluation number: 67, SI: 1, Sub-iteration number: 38, FoM: 0.19078257184452252
17/06/2022 19:16:38.887 - oc_logger - INFO - New record achieved. Previous FoM: 0.19078257184452252, new best FoM : 0.16265770313966377
17/06/2022 19:16:38.887 - oc_logger - INFO - Function evaluation number: 68, SI: 1, Sub-iteration number: 38, FoM: 0.16265770313966377
17/06/2022 19:16:39.032 - oc_logger - INFO - Function evaluation number: 69, SI: 1, Sub-iteration number: 39, FoM: 0.16991016197340714
17/06/2022 19:16:39.166 - oc_logger - INFO - New record achieved. Previous FoM: 0.16265770313966377, new best FoM : 0.13844877037512615
17/06/2022 19:16:39.167 - oc_logger - INFO - Function evaluation number: 70, SI: 1, Sub-iteration number: 40, FoM: 0.13844877037512615
17/06/2022 19:16:39.313 - oc_logger - INFO - New record achieved. Previous FoM: 0.13844877037512615, new best FoM : 0.11990634438717163
17/06/2022 19:16:39.313 - oc_logger - INFO - Function evaluation number: 71, SI: 1, Sub-iteration number: 40, FoM: 0.11990634438717163
17/06/2022 19:16:39.452 - oc_logger - INFO - Function evaluation number: 72, SI: 1, Sub-iteration number: 41, FoM: 0.12236563432236935
17/06/2022 19:16:39.586 - oc_logger - INFO - New record achieved. Previous FoM: 0.11990634438717163, new best FoM : 0.1017791980685353
17/06/2022 19:16:39.586 - oc_logger - INFO - Function evaluation number: 73, SI: 1, Sub-iteration number: 42, FoM: 0.1017791980685353
17/06/2022 19:16:39.730 - oc_logger - INFO - New record achieved. Previous FoM: 0.1017791980685353, new best FoM : 0.08495688581310201
17/06/2022 19:16:39.730 - oc_logger - INFO - Function evaluation number: 74, SI: 1, Sub-iteration number: 42, FoM: 0.08495688581310201
17/06/2022 19:16:39.865 - oc_logger - INFO - New record achieved. Previous FoM: 0.08495688581310201, new best FoM : 0.07724224351271292
17/06/2022 19:16:39.865 - oc_logger - INFO - Function evaluation number: 75, SI: 1, Sub-iteration number: 43, FoM: 0.07724224351271292
17/06/2022 19:16:40.009 - oc_logger - INFO - New record achieved. Previous FoM: 0.07724224351271292, new best FoM : 0.06723082449084827
17/06/2022 19:16:40.009 - oc_logger - INFO - Function evaluation number: 76, SI: 1, Sub-iteration number: 43, FoM: 0.06723082449084827
17/06/2022 19:16:40.156 - oc_logger - INFO - Function evaluation number: 77, SI: 1, Sub-iteration number: 44, FoM: 0.11407568912760535
17/06/2022 19:16:40.296 - oc_logger - INFO - Function evaluation number: 78, SI: 1, Sub-iteration number: 45, FoM: 0.07410470066657293
