06/08/2022 08:37:33.873 - oc_logger - INFO - The optimization direction is minimization
06/08/2022 08:37:33.873 - oc_logger - INFO - QuOCS version number: 0.0.22
06/08/2022 08:37:33.877 - oc_logger - INFO - Function evaluation number: 1, FoM: 0.5936875247790295
06/08/2022 08:37:33.884 - oc_logger - INFO - Function evaluation number: 2, FoM: 0.5482259467774799
06/08/2022 08:37:33.888 - oc_logger - INFO - Function evaluation number: 3, FoM: 0.6059935908890048
06/08/2022 08:37:33.892 - oc_logger - INFO - Function evaluation number: 4, FoM: 0.5319454516503879
06/08/2022 08:37:33.896 - oc_logger - INFO - Function evaluation number: 5, FoM: 0.4860508286503108
06/08/2022 08:37:33.901 - oc_logger - INFO - Function evaluation number: 6, FoM: 0.4232469008266937
06/08/2022 08:37:33.905 - oc_logger - INFO - Function evaluation number: 7, FoM: 0.3161420625396921
06/08/2022 08:37:33.909 - oc_logger - INFO - Function evaluation number: 8, FoM: 0.2370781697951968
06/08/2022 08:37:33.913 - oc_logger - INFO - Function evaluation number: 9, FoM: 0.08002097540897046
06/08/2022 08:37:33.917 - oc_logger - INFO - Function evaluation number: 10, FoM: 0.0380926001070887
06/08/2022 08:37:33.921 - oc_logger - INFO - Function evaluation number: 11, FoM: 0.04857430890652359
06/08/2022 08:37:33.925 - oc_logger - INFO - Function evaluation number: 12, FoM: 0.06561700796358494
06/08/2022 08:37:33.928 - oc_logger - INFO - Function evaluation number: 13, FoM: 0.01798945758137882
06/08/2022 08:37:33.933 - oc_logger - INFO - Function evaluation number: 14, FoM: 0.28832982036860355
06/08/2022 08:37:33.937 - oc_logger - INFO - Function evaluation number: 15, FoM: 0.07567638563215584
06/08/2022 08:37:33.941 - oc_logger - INFO - Function evaluation number: 16, FoM: 0.06933618032617783
06/08/2022 08:37:33.944 - oc_logger - INFO - Function evaluation number: 17, FoM: 0.07225719757278393
06/08/2022 08:37:33.949 - oc_logger - INFO - Function evaluation number: 18, FoM: 0.03382633577942373
06/08/2022 08:37:33.954 - oc_logger - INFO - Function evaluation number: 19, FoM: 0.11565398431993079
06/08/2022 08:37:33.958 - oc_logger - INFO - Function evaluation number: 20, FoM: 0.05053221991666601
06/08/2022 08:37:33.961 - oc_logger - INFO - Function evaluation number: 21, FoM: 0.0462486307312413
06/08/2022 08:37:33.966 - oc_logger - INFO - Function evaluation number: 22, FoM: 0.016170872641136924
06/08/2022 08:37:33.969 - oc_logger - INFO - Function evaluation number: 23, FoM: 0.08409718621563689
06/08/2022 08:37:33.973 - oc_logger - INFO - Function evaluation number: 24, FoM: 0.010618971616407347
06/08/2022 08:37:33.976 - oc_logger - INFO - Function evaluation number: 25, FoM: 0.012148469615274493
06/08/2022 08:37:33.981 - oc_logger - INFO - Function evaluation number: 26, FoM: 0.03444184474429113
06/08/2022 08:37:33.985 - oc_logger - INFO - Function evaluation number: 27, FoM: 0.0018557036344215572
06/08/2022 08:37:33.989 - oc_logger - INFO - Function evaluation number: 28, FoM: 0.003538730051102612
06/08/2022 08:37:33.993 - oc_logger - INFO - Function evaluation number: 29, FoM: 0.017077606235429532
06/08/2022 08:37:33.996 - oc_logger - INFO - Function evaluation number: 30, FoM: 0.004099357546935467
06/08/2022 08:37:34.001 - oc_logger - INFO - Function evaluation number: 31, FoM: 0.009755912797568045
06/08/2022 08:37:34.004 - oc_logger - INFO - Function evaluation number: 32, FoM: 0.0007362650968270046
06/08/2022 08:37:34.008 - oc_logger - INFO - Function evaluation number: 33, FoM: 0.002373551483072056
06/08/2022 08:37:34.011 - oc_logger - INFO - Function evaluation number: 34, FoM: 0.0009162025002185104
06/08/2022 08:37:34.016 - oc_logger - INFO - Function evaluation number: 35, FoM: 0.0034675000788413346
06/08/2022 08:37:34.020 - oc_logger - INFO - Function evaluation number: 36, FoM: 0.0005095251152775759
06/08/2022 08:37:34.024 - oc_logger - INFO - Function evaluation number: 37, FoM: 0.0006920532763081688
06/08/2022 08:37:34.027 - oc_logger - INFO - Function evaluation number: 38, FoM: 0.0019476519692986916
06/08/2022 08:37:34.032 - oc_logger - INFO - Function evaluation number: 39, FoM: 6.911899525996468e-05
06/08/2022 08:37:34.036 - oc_logger - INFO - Function evaluation number: 40, FoM: 0.00024994843386072496
06/08/2022 08:37:34.040 - oc_logger - INFO - Function evaluation number: 41, FoM: 0.0008264357070373318
06/08/2022 08:37:34.043 - oc_logger - INFO - Function evaluation number: 42, FoM: 0.00017457499727213666
06/08/2022 08:37:34.048 - oc_logger - INFO - Function evaluation number: 43, FoM: 0.0003566583547499613
06/08/2022 08:37:34.052 - oc_logger - INFO - Function evaluation number: 44, FoM: 9.882297362651116e-05
06/08/2022 08:37:34.055 - oc_logger - INFO - Function evaluation number: 45, FoM: 0.000342249382373927
06/08/2022 08:37:34.058 - oc_logger - INFO - Function evaluation number: 46, FoM: 4.521866553941489e-05
06/08/2022 08:37:34.062 - oc_logger - INFO - Function evaluation number: 47, FoM: 7.515642664235322e-05
06/08/2022 08:37:34.068 - oc_logger - INFO - Function evaluation number: 48, FoM: 3.1548966282657354e-05
06/08/2022 08:37:34.072 - oc_logger - INFO - Function evaluation number: 49, FoM: 0.00014593656575245806
06/08/2022 08:37:34.074 - oc_logger - INFO - Function evaluation number: 50, FoM: 1.5394879349317492e-05
06/08/2022 08:37:34.078 - oc_logger - INFO - Function evaluation number: 51, FoM: 2.890046105985533e-05
06/08/2022 08:37:34.084 - oc_logger - INFO - Function evaluation number: 52, FoM: 7.587394929187141e-05
06/08/2022 08:37:34.087 - oc_logger - INFO - Function evaluation number: 53, FoM: 4.683292555207608e-06
06/08/2022 08:37:34.091 - oc_logger - INFO - Function evaluation number: 54, FoM: 1.8327081143909574e-05
06/08/2022 08:37:34.095 - oc_logger - INFO - Function evaluation number: 55, FoM: 6.464919933280022e-06
06/08/2022 08:37:34.100 - oc_logger - INFO - Function evaluation number: 56, FoM: 2.6527550241906006e-05
06/08/2022 08:37:34.105 - oc_logger - INFO - Function evaluation number: 57, FoM: 4.915947045880387e-06
06/08/2022 08:37:34.108 - oc_logger - INFO - Function evaluation number: 58, FoM: 6.6637423961068976e-06
06/08/2022 08:37:34.112 - oc_logger - INFO - Function evaluation number: 59, FoM: 3.1675073846049173e-06
06/08/2022 08:37:34.113 - oc_logger - INFO - Figure of merit : 3.1675073846049173e-06
06/08/2022 08:37:34.114 - oc_logger - INFO - parameters : [ 6.9215311  -2.10013108]
06/08/2022 08:37:34.114 - oc_logger - INFO - terminate_reason : Convergence of the simplex.
