06/05/2022 01:25:42.673 - oc_logger - INFO - The optimization direction is minimization
06/05/2022 01:25:42.675 - oc_logger - INFO - QuOCS version number: 0.0.22
06/05/2022 01:25:42.675 - oc_logger - INFO - Direct search start time has been reset.
06/05/2022 01:25:43.030 - oc_logger - INFO - New record achieved. Previous FoM: 10000000000.0, new best FoM : 0.7323441036043131
06/05/2022 01:25:43.030 - oc_logger - INFO - Function evaluation number: 1, SI: 1, Sub-iteration number: 0, FoM: 0.7323441036043131
06/05/2022 01:25:43.441 - oc_logger - INFO - New record achieved. Previous FoM: 0.7323441036043131, new best FoM : 0.7322605705717826
06/05/2022 01:25:43.441 - oc_logger - INFO - Function evaluation number: 2, SI: 1, Sub-iteration number: 0, FoM: 0.7322605705717826
06/05/2022 01:25:43.800 - oc_logger - INFO - Function evaluation number: 3, SI: 1, Sub-iteration number: 0, FoM: 0.7322973062883958
06/05/2022 01:25:44.108 - oc_logger - INFO - New record achieved. Previous FoM: 0.7322605705717826, new best FoM : 0.7322212699787246
06/05/2022 01:25:44.108 - oc_logger - INFO - Function evaluation number: 4, SI: 1, Sub-iteration number: 0, FoM: 0.7322212699787246
06/05/2022 01:25:44.462 - oc_logger - INFO - Function evaluation number: 5, SI: 1, Sub-iteration number: 0, FoM: 0.7324220006876256
06/05/2022 01:25:44.802 - oc_logger - INFO - Function evaluation number: 6, SI: 1, Sub-iteration number: 0, FoM: 0.7323706639872346
06/05/2022 01:25:45.143 - oc_logger - INFO - New record achieved. Previous FoM: 0.7322212699787246, new best FoM : 0.7322031483610271
06/05/2022 01:25:45.143 - oc_logger - INFO - Function evaluation number: 7, SI: 1, Sub-iteration number: 0, FoM: 0.7322031483610271
06/05/2022 01:25:45.564 - oc_logger - INFO - Function evaluation number: 8, SI: 1, Sub-iteration number: 0, FoM: 0.7322373771613659
06/05/2022 01:25:45.985 - oc_logger - INFO - Function evaluation number: 9, SI: 1, Sub-iteration number: 0, FoM: 0.7322972922735954
06/05/2022 01:25:46.359 - oc_logger - INFO - New record achieved. Previous FoM: 0.7322031483610271, new best FoM : 0.7321345866302742
06/05/2022 01:25:46.359 - oc_logger - INFO - Function evaluation number: 10, SI: 1, Sub-iteration number: 1, FoM: 0.7321345866302742
06/05/2022 01:25:46.684 - oc_logger - INFO - New record achieved. Previous FoM: 0.7321345866302742, new best FoM : 0.7320991409009752
06/05/2022 01:25:46.684 - oc_logger - INFO - Function evaluation number: 11, SI: 1, Sub-iteration number: 1, FoM: 0.7320991409009752
06/05/2022 01:25:46.686 - oc_logger - INFO - SI 1 finished - Number of evaluations: 11, Best FoM: 0.7320991409009752, Terminate reason: Convergence of the FoM.

06/05/2022 01:25:46.686 - oc_logger - INFO - Direct search start time has been reset.
06/05/2022 01:25:47.043 - oc_logger - INFO - Function evaluation number: 12, SI: 2, Sub-iteration number: 0, FoM: 0.7320991409009752
06/05/2022 01:25:47.435 - oc_logger - INFO - Function evaluation number: 13, SI: 2, Sub-iteration number: 0, FoM: 0.7321822318678741
06/05/2022 01:25:47.825 - oc_logger - INFO - New record achieved. Previous FoM: 0.7320991409009752, new best FoM : 0.7318284625389512
06/05/2022 01:25:47.825 - oc_logger - INFO - Function evaluation number: 14, SI: 2, Sub-iteration number: 0, FoM: 0.7318284625389512
06/05/2022 01:25:48.220 - oc_logger - INFO - Function evaluation number: 15, SI: 2, Sub-iteration number: 0, FoM: 0.7320848856841464
06/05/2022 01:25:48.611 - oc_logger - INFO - Function evaluation number: 16, SI: 2, Sub-iteration number: 0, FoM: 0.7320673202749335
06/05/2022 01:25:48.898 - oc_logger - INFO - Function evaluation number: 17, SI: 2, Sub-iteration number: 0, FoM: 0.7321225964670202
06/05/2022 01:25:49.230 - oc_logger - INFO - Function evaluation number: 18, SI: 2, Sub-iteration number: 0, FoM: 0.7320640970720078
06/05/2022 01:25:49.573 - oc_logger - INFO - Function evaluation number: 19, SI: 2, Sub-iteration number: 0, FoM: 0.7319817636263859
06/05/2022 01:25:49.914 - oc_logger - INFO - Function evaluation number: 20, SI: 2, Sub-iteration number: 0, FoM: 0.7319241597971615
06/05/2022 01:25:50.259 - oc_logger - INFO - Function evaluation number: 21, SI: 2, Sub-iteration number: 1, FoM: 0.7318626001943143
06/05/2022 01:25:50.259 - oc_logger - INFO - SI 2 finished - Number of evaluations: 10, Best FoM: 0.7318284625389512, Terminate reason: Convergence of the FoM.

06/05/2022 01:25:50.259 - oc_logger - INFO - Direct search start time has been reset.
06/05/2022 01:25:50.607 - oc_logger - INFO - Function evaluation number: 22, SI: 3, Sub-iteration number: 0, FoM: 0.7318284625389512
06/05/2022 01:25:50.952 - oc_logger - INFO - New record achieved. Previous FoM: 0.7318284625389512, new best FoM : 0.7315510259754601
06/05/2022 01:25:50.952 - oc_logger - INFO - Function evaluation number: 23, SI: 3, Sub-iteration number: 0, FoM: 0.7315510259754601
06/05/2022 01:25:51.299 - oc_logger - INFO - Function evaluation number: 24, SI: 3, Sub-iteration number: 0, FoM: 0.731934719051787
06/05/2022 01:25:51.645 - oc_logger - INFO - Function evaluation number: 25, SI: 3, Sub-iteration number: 0, FoM: 0.7318485998892724
06/05/2022 01:25:51.916 - oc_logger - INFO - Function evaluation number: 26, SI: 3, Sub-iteration number: 0, FoM: 0.731888162438082
06/05/2022 01:25:52.253 - oc_logger - INFO - Function evaluation number: 27, SI: 3, Sub-iteration number: 0, FoM: 0.7318356713813441
06/05/2022 01:25:52.590 - oc_logger - INFO - Function evaluation number: 28, SI: 3, Sub-iteration number: 0, FoM: 0.7318407776273168
06/05/2022 01:25:52.887 - oc_logger - INFO - Function evaluation number: 29, SI: 3, Sub-iteration number: 0, FoM: 0.731781670848859
06/05/2022 01:25:53.231 - oc_logger - INFO - Function evaluation number: 30, SI: 3, Sub-iteration number: 0, FoM: 0.7317028737607909
06/05/2022 01:25:53.551 - oc_logger - INFO - Function evaluation number: 31, SI: 3, Sub-iteration number: 1, FoM: 0.7316342105141351
06/05/2022 01:25:53.551 - oc_logger - INFO - SI 3 finished - Number of evaluations: 10, Best FoM: 0.7315510259754601, Terminate reason: Convergence of the FoM.

06/05/2022 01:25:53.551 - oc_logger - INFO - Figure of merit : 0.7315510259754601
06/05/2022 01:25:53.551 - oc_logger - INFO - Std : 0.0
06/05/2022 01:25:53.551 - oc_logger - INFO - total number of function evaluations : 31
06/05/2022 01:25:53.551 - oc_logger - INFO - dcrab_freq_list : [array([[19.98058882, 31.59127005, 73.75091672, 79.02537289]]), array([[15.17483636, 42.31453472, 61.65534553, 82.84430313]]), array([[24.64196321, 36.80621608, 53.28762494, 85.76050146]])]
06/05/2022 01:25:53.551 - oc_logger - INFO - dcrab_para_list : [array([-0.22916494,  0.01001002,  0.01265821, -0.40349262,  0.09914676,
        0.10722823,  0.16579438,  0.01128369]), array([-1.52029414e-01,  3.19197521e-01,  9.96324101e-18,  3.70989541e-17,
       -1.83789635e-17, -3.22610136e-17, -1.89372922e-17, -7.55396273e-18]), array([ 0.05996704,  0.03273137,  0.0068777 ,  0.0396412 ,  0.04324811,
        0.00884764, -0.06672129,  0.33513202])]
06/05/2022 01:25:53.551 - oc_logger - INFO - terminate_reason : Convergence of the FoM.
