17/06/2022 20:07:21.503 - oc_logger - INFO - The optimization direction is minimization
17/06/2022 20:07:21.503 - oc_logger - INFO - QuOCS version number: 0.0.27
17/06/2022 20:07:21.515 - oc_logger - INFO - Function evaluation number: 1, FoM: 0.040206247583196686
17/06/2022 20:07:21.535 - oc_logger - INFO - Function evaluation number: 2, FoM: 0.04325346364548355
17/06/2022 20:07:21.548 - oc_logger - INFO - Function evaluation number: 3, FoM: 0.03969253209814838
17/06/2022 20:07:21.559 - oc_logger - INFO - Function evaluation number: 4, FoM: 0.036917868271343024
17/06/2022 20:07:21.567 - oc_logger - INFO - Function evaluation number: 5, FoM: 0.034179581789449465
17/06/2022 20:07:21.579 - oc_logger - INFO - Function evaluation number: 6, FoM: 0.03362846742754122
17/06/2022 20:07:21.591 - oc_logger - INFO - Function evaluation number: 7, FoM: 0.030743705786093645
17/06/2022 20:07:21.599 - oc_logger - INFO - Function evaluation number: 8, FoM: 0.027020405098909572
17/06/2022 20:07:21.611 - oc_logger - INFO - Function evaluation number: 9, FoM: 0.023636372876292278
17/06/2022 20:07:21.620 - oc_logger - INFO - Function evaluation number: 10, FoM: 0.02169036789490486
17/06/2022 20:07:21.630 - oc_logger - INFO - Function evaluation number: 11, FoM: 0.020470984752376076
17/06/2022 20:07:21.638 - oc_logger - INFO - Function evaluation number: 12, FoM: 0.027620168289299585
17/06/2022 20:07:21.647 - oc_logger - INFO - Function evaluation number: 13, FoM: 0.02236839862823481
17/06/2022 20:07:21.656 - oc_logger - INFO - Function evaluation number: 14, FoM: 0.02698781258675631
17/06/2022 20:07:21.664 - oc_logger - INFO - Function evaluation number: 15, FoM: 0.021518042335575527
17/06/2022 20:07:21.672 - oc_logger - INFO - Function evaluation number: 16, FoM: 0.02109169352792517
17/06/2022 20:07:21.680 - oc_logger - INFO - Function evaluation number: 17, FoM: 0.019287092517689564
17/06/2022 20:07:21.689 - oc_logger - INFO - Function evaluation number: 18, FoM: 0.01822776908954682
17/06/2022 20:07:21.697 - oc_logger - INFO - Function evaluation number: 19, FoM: 0.01949805205899946
17/06/2022 20:07:21.706 - oc_logger - INFO - Function evaluation number: 20, FoM: 0.01658089301924437
17/06/2022 20:07:21.714 - oc_logger - INFO - Function evaluation number: 21, FoM: 0.014837041257067973
17/06/2022 20:07:21.723 - oc_logger - INFO - Function evaluation number: 22, FoM: 0.014634467094645331
17/06/2022 20:07:21.732 - oc_logger - INFO - Function evaluation number: 23, FoM: 0.014391798319471572
17/06/2022 20:07:21.742 - oc_logger - INFO - Function evaluation number: 24, FoM: 0.009757120382630546
17/06/2022 20:07:21.751 - oc_logger - INFO - Function evaluation number: 25, FoM: 0.006816468705565404
17/06/2022 20:07:21.761 - oc_logger - INFO - Function evaluation number: 26, FoM: 0.012395023628961499
17/06/2022 20:07:21.771 - oc_logger - INFO - Function evaluation number: 27, FoM: 0.00660072672039691
17/06/2022 20:07:21.780 - oc_logger - INFO - Function evaluation number: 28, FoM: 0.007960881628691574
17/06/2022 20:07:21.791 - oc_logger - INFO - Function evaluation number: 29, FoM: 0.0022583002229505933
17/06/2022 20:07:21.799 - oc_logger - INFO - Function evaluation number: 30, FoM: 0.0017151630869784995
17/06/2022 20:07:21.810 - oc_logger - INFO - Function evaluation number: 31, FoM: 0.0008080689143661335
17/06/2022 20:07:21.820 - oc_logger - INFO - Function evaluation number: 32, FoM: 0.0031992448835455045
17/06/2022 20:07:21.831 - oc_logger - INFO - Function evaluation number: 33, FoM: 0.004266872301443181
17/06/2022 20:07:21.840 - oc_logger - INFO - Function evaluation number: 34, FoM: 0.0010055870534489975
17/06/2022 20:07:21.849 - oc_logger - INFO - Function evaluation number: 35, FoM: 0.0017233569803631887
17/06/2022 20:07:21.861 - oc_logger - INFO - Function evaluation number: 36, FoM: 0.0004343729994459311
17/06/2022 20:07:21.871 - oc_logger - INFO - Function evaluation number: 37, FoM: 0.0022409928353216424
17/06/2022 20:07:21.880 - oc_logger - INFO - Function evaluation number: 38, FoM: 0.00016391672882165587
17/06/2022 20:07:21.890 - oc_logger - INFO - Function evaluation number: 39, FoM: 0.003575835460297827
17/06/2022 20:07:21.900 - oc_logger - INFO - Function evaluation number: 40, FoM: 7.754272324356215e-05
17/06/2022 20:07:21.908 - oc_logger - INFO - Function evaluation number: 41, FoM: 0.0001759229305841048
17/06/2022 20:07:21.916 - oc_logger - INFO - Function evaluation number: 42, FoM: 2.866891796937665e-05
17/06/2022 20:07:21.927 - oc_logger - INFO - Function evaluation number: 43, FoM: 0.0005584888118996822
17/06/2022 20:07:21.935 - oc_logger - INFO - Function evaluation number: 44, FoM: 2.0057870097178743e-05
17/06/2022 20:07:21.947 - oc_logger - INFO - Function evaluation number: 45, FoM: 7.420459297380333e-05
17/06/2022 20:07:21.956 - oc_logger - INFO - Function evaluation number: 46, FoM: 2.3814564193092025e-05
17/06/2022 20:07:21.964 - oc_logger - INFO - Function evaluation number: 47, FoM: 0.00011864628479207884
17/06/2022 20:07:21.974 - oc_logger - INFO - Function evaluation number: 48, FoM: 9.373004947854646e-06
17/06/2022 20:07:21.985 - oc_logger - INFO - Function evaluation number: 49, FoM: 1.4114396458930756e-05
17/06/2022 20:07:21.995 - oc_logger - INFO - Function evaluation number: 50, FoM: 2.272122056834469e-05
17/06/2022 20:07:22.002 - oc_logger - INFO - Function evaluation number: 51, FoM: 1.0321210728303498e-05
17/06/2022 20:07:22.009 - oc_logger - INFO - Function evaluation number: 52, FoM: 1.8215460209858314e-05
17/06/2022 20:07:22.017 - oc_logger - INFO - Function evaluation number: 53, FoM: 8.565548801353629e-06
17/06/2022 20:07:22.019 - oc_logger - INFO - Figure of merit : 8.565548801353629e-06
17/06/2022 20:07:22.020 - oc_logger - INFO - parameters : [3.90718707 0.42633443]
17/06/2022 20:07:22.020 - oc_logger - INFO - terminate_reason : Convergence of the simplex.
