06/08/2022 09:31:16.123 - oc_logger - INFO - The optimization direction is minimization
06/08/2022 09:31:16.123 - oc_logger - INFO - QuOCS version number: 0.0.22
06/08/2022 09:31:16.146 - oc_logger - INFO - Function evaluation number: 1, FoM: 0.59368752477903
06/08/2022 09:31:16.166 - oc_logger - INFO - Function evaluation number: 2, FoM: 0.579974951620005
06/08/2022 09:31:16.194 - oc_logger - INFO - Function evaluation number: 3, FoM: 0.5483874651237132
06/08/2022 09:31:16.216 - oc_logger - INFO - Function evaluation number: 4, FoM: 0.5315836436374826
06/08/2022 09:31:16.238 - oc_logger - INFO - Function evaluation number: 5, FoM: 0.4946743198480915
06/08/2022 09:31:16.259 - oc_logger - INFO - Function evaluation number: 6, FoM: 0.4536143341843204
06/08/2022 09:31:16.279 - oc_logger - INFO - Function evaluation number: 7, FoM: 0.3764704613504789
06/08/2022 09:31:16.300 - oc_logger - INFO - Function evaluation number: 8, FoM: 0.30794417648505645
06/08/2022 09:31:16.319 - oc_logger - INFO - Function evaluation number: 9, FoM: 0.1750137377017601
06/08/2022 09:31:16.336 - oc_logger - INFO - Function evaluation number: 10, FoM: 0.05988734104368609
06/08/2022 09:31:16.357 - oc_logger - INFO - Function evaluation number: 11, FoM: 0.0656963508775601
06/08/2022 09:31:16.378 - oc_logger - INFO - Function evaluation number: 12, FoM: 0.057102763088677344
06/08/2022 09:31:16.396 - oc_logger - INFO - Function evaluation number: 13, FoM: 0.045606933086324464
06/08/2022 09:31:16.420 - oc_logger - INFO - Function evaluation number: 14, FoM: 0.028065767812948006
06/08/2022 09:31:16.441 - oc_logger - INFO - Function evaluation number: 15, FoM: 0.36547376736007986
06/08/2022 09:31:16.465 - oc_logger - INFO - Function evaluation number: 16, FoM: 0.46281378444557186
06/08/2022 09:31:16.484 - oc_logger - INFO - Function evaluation number: 17, FoM: 0.0729160265848181
06/08/2022 09:31:16.504 - oc_logger - INFO - Function evaluation number: 18, FoM: 0.013679931045721627
06/08/2022 09:31:16.524 - oc_logger - INFO - Function evaluation number: 19, FoM: 0.07639167799905588
06/08/2022 09:31:16.550 - oc_logger - INFO - Function evaluation number: 20, FoM: 0.23574152715827001
06/08/2022 09:31:16.577 - oc_logger - INFO - Function evaluation number: 21, FoM: 0.05898590612959986
06/08/2022 09:31:16.595 - oc_logger - INFO - Function evaluation number: 22, FoM: 0.10915479970854014
06/08/2022 09:31:16.616 - oc_logger - INFO - Function evaluation number: 23, FoM: 0.031970165462143596
06/08/2022 09:31:16.637 - oc_logger - INFO - Function evaluation number: 24, FoM: 0.05366300270046065
06/08/2022 09:31:16.658 - oc_logger - INFO - Function evaluation number: 25, FoM: 0.014257493126089482
06/08/2022 09:31:16.681 - oc_logger - INFO - Function evaluation number: 26, FoM: 0.04605426465757523
06/08/2022 09:31:16.701 - oc_logger - INFO - Function evaluation number: 27, FoM: 0.005887850893199431
06/08/2022 09:31:16.722 - oc_logger - INFO - Function evaluation number: 28, FoM: 0.006527127609516126
06/08/2022 09:31:16.746 - oc_logger - INFO - Function evaluation number: 29, FoM: 0.028410002025094916
06/08/2022 09:31:16.765 - oc_logger - INFO - Function evaluation number: 30, FoM: 0.004037580911961491
06/08/2022 09:31:16.788 - oc_logger - INFO - Function evaluation number: 31, FoM: 0.004644905631894236
06/08/2022 09:31:16.806 - oc_logger - INFO - Function evaluation number: 32, FoM: 0.013969662101247726
06/08/2022 09:31:16.829 - oc_logger - INFO - Function evaluation number: 33, FoM: 0.000698862956312607
06/08/2022 09:31:16.846 - oc_logger - INFO - Function evaluation number: 34, FoM: 0.0013242785238342103
06/08/2022 09:31:16.867 - oc_logger - INFO - Function evaluation number: 35, FoM: 0.006206532882490068
06/08/2022 09:31:16.890 - oc_logger - INFO - Function evaluation number: 36, FoM: 0.001532120375598689
06/08/2022 09:31:16.908 - oc_logger - INFO - Function evaluation number: 37, FoM: 0.0035902838192367614
06/08/2022 09:31:16.926 - oc_logger - INFO - Function evaluation number: 38, FoM: 0.0002653901486917576
06/08/2022 09:31:16.943 - oc_logger - INFO - Function evaluation number: 39, FoM: 0.0008834572602141044
06/08/2022 09:31:16.962 - oc_logger - INFO - Function evaluation number: 40, FoM: 0.000334996593011061
06/08/2022 09:31:16.980 - oc_logger - INFO - Function evaluation number: 41, FoM: 0.0012936526979878682
06/08/2022 09:31:16.996 - oc_logger - INFO - Function evaluation number: 42, FoM: 0.00019840592431452642
06/08/2022 09:31:17.016 - oc_logger - INFO - Function evaluation number: 43, FoM: 0.00026882938982197846
06/08/2022 09:31:17.034 - oc_logger - INFO - Function evaluation number: 44, FoM: 0.00011732495123228937
06/08/2022 09:31:17.053 - oc_logger - INFO - Function evaluation number: 45, FoM: 0.0005822331473138709
06/08/2022 09:31:17.074 - oc_logger - INFO - Function evaluation number: 46, FoM: 5.4012564175032196e-05
06/08/2022 09:31:17.093 - oc_logger - INFO - Function evaluation number: 47, FoM: 0.00013406577400698616
06/08/2022 09:31:17.113 - oc_logger - INFO - Function evaluation number: 48, FoM: 5.135306669079576e-05
06/08/2022 09:31:17.132 - oc_logger - INFO - Function evaluation number: 49, FoM: 0.00022260934654916298
06/08/2022 09:31:17.149 - oc_logger - INFO - Function evaluation number: 50, FoM: 3.227824683860181e-05
06/08/2022 09:31:17.168 - oc_logger - INFO - Function evaluation number: 51, FoM: 3.5090662021453056e-05
06/08/2022 09:31:17.189 - oc_logger - INFO - Function evaluation number: 52, FoM: 0.00011867694833844755
06/08/2022 09:31:17.208 - oc_logger - INFO - Function evaluation number: 53, FoM: 8.861341513011212e-06
06/08/2022 09:31:17.228 - oc_logger - INFO - Function evaluation number: 54, FoM: 1.1510175037310333e-05
06/08/2022 09:31:17.248 - oc_logger - INFO - Function evaluation number: 55, FoM: 5.272637922271173e-05
06/08/2022 09:31:17.266 - oc_logger - INFO - Function evaluation number: 56, FoM: 1.1023144993238532e-05
06/08/2022 09:31:17.285 - oc_logger - INFO - Function evaluation number: 57, FoM: 1.384088407518913e-05
06/08/2022 09:31:17.304 - oc_logger - INFO - Function evaluation number: 58, FoM: 5.244671640980414e-06
06/08/2022 09:31:17.325 - oc_logger - INFO - Function evaluation number: 59, FoM: 2.5147633438526995e-05
06/08/2022 09:31:17.343 - oc_logger - INFO - Function evaluation number: 60, FoM: 1.9744450006076164e-06
06/08/2022 09:31:17.361 - oc_logger - INFO - Function evaluation number: 61, FoM: 5.682403119489088e-06
06/08/2022 09:31:17.379 - oc_logger - INFO - Function evaluation number: 62, FoM: 2.0107109984790483e-06
06/08/2022 09:31:17.380 - oc_logger - INFO - Figure of merit : 1.9744450006076164e-06
06/08/2022 09:31:17.380 - oc_logger - INFO - parameters : [ 7.01246605 -0.13067291]
06/08/2022 09:31:17.380 - oc_logger - INFO - terminate_reason : Convergence of the simplex.
