06/05/2022 11:38:50.217 - oc_logger - INFO - The optimization direction is minimization
06/05/2022 11:38:50.252 - oc_logger - INFO - QuOCS version number: 0.0.22
06/05/2022 11:38:50.252 - oc_logger - INFO - Direct search start time has been reset.
06/05/2022 11:38:50.722 - oc_logger - INFO - New record achieved. Previous FoM: 10000000000.0, new best FoM : 0.018603234256322376
06/05/2022 11:38:50.722 - oc_logger - INFO - Function evaluation number: 1, SI: 1, Sub-iteration number: 0, FoM: 0.018603234256322376
06/05/2022 11:38:51.086 - oc_logger - INFO - Function evaluation number: 2, SI: 1, Sub-iteration number: 0, FoM: 0.018635175442100693
06/05/2022 11:38:51.383 - oc_logger - INFO - New record achieved. Previous FoM: 0.018603234256322376, new best FoM : 0.018575783422740688
06/05/2022 11:38:51.383 - oc_logger - INFO - Function evaluation number: 3, SI: 1, Sub-iteration number: 0, FoM: 0.018575783422740688
06/05/2022 11:38:51.713 - oc_logger - INFO - Function evaluation number: 4, SI: 1, Sub-iteration number: 0, FoM: 0.018629268546684674
06/05/2022 11:38:52.084 - oc_logger - INFO - New record achieved. Previous FoM: 0.018575783422740688, new best FoM : 0.018565884764527474
06/05/2022 11:38:52.084 - oc_logger - INFO - Function evaluation number: 5, SI: 1, Sub-iteration number: 0, FoM: 0.018565884764527474
06/05/2022 11:38:52.592 - oc_logger - INFO - Function evaluation number: 6, SI: 1, Sub-iteration number: 0, FoM: 0.018840106249342292
06/05/2022 11:38:52.927 - oc_logger - INFO - New record achieved. Previous FoM: 0.018565884764527474, new best FoM : 0.018491096171635024
06/05/2022 11:38:52.927 - oc_logger - INFO - Function evaluation number: 7, SI: 1, Sub-iteration number: 0, FoM: 0.018491096171635024
06/05/2022 11:38:53.264 - oc_logger - INFO - Function evaluation number: 8, SI: 1, Sub-iteration number: 0, FoM: 0.018526463367222967
06/05/2022 11:38:53.620 - oc_logger - INFO - Function evaluation number: 9, SI: 1, Sub-iteration number: 0, FoM: 0.018757419355276972
06/05/2022 11:38:53.953 - oc_logger - INFO - New record achieved. Previous FoM: 0.018491096171635024, new best FoM : 0.01835762815972719
06/05/2022 11:38:53.953 - oc_logger - INFO - Function evaluation number: 10, SI: 1, Sub-iteration number: 1, FoM: 0.01835762815972719
06/05/2022 11:38:54.298 - oc_logger - INFO - New record achieved. Previous FoM: 0.01835762815972719, new best FoM : 0.01829782227786081
06/05/2022 11:38:54.298 - oc_logger - INFO - Function evaluation number: 11, SI: 1, Sub-iteration number: 1, FoM: 0.01829782227786081
06/05/2022 11:38:54.640 - oc_logger - INFO - Function evaluation number: 12, SI: 1, Sub-iteration number: 2, FoM: 0.018324869386132425
06/05/2022 11:38:54.933 - oc_logger - INFO - Function evaluation number: 13, SI: 1, Sub-iteration number: 3, FoM: 0.018368569621887376
06/05/2022 11:38:55.234 - oc_logger - INFO - Function evaluation number: 14, SI: 1, Sub-iteration number: 4, FoM: 0.01830958315156972
06/05/2022 11:38:55.600 - oc_logger - INFO - New record achieved. Previous FoM: 0.01829782227786081, new best FoM : 0.018262309963932077
06/05/2022 11:38:55.600 - oc_logger - INFO - Function evaluation number: 15, SI: 1, Sub-iteration number: 5, FoM: 0.018262309963932077
06/05/2022 11:38:55.993 - oc_logger - INFO - New record achieved. Previous FoM: 0.018262309963932077, new best FoM : 0.01821994139230909
06/05/2022 11:38:55.993 - oc_logger - INFO - Function evaluation number: 16, SI: 1, Sub-iteration number: 5, FoM: 0.01821994139230909
06/05/2022 11:38:56.380 - oc_logger - INFO - New record achieved. Previous FoM: 0.01821994139230909, new best FoM : 0.018200809703174503
06/05/2022 11:38:56.380 - oc_logger - INFO - Function evaluation number: 17, SI: 1, Sub-iteration number: 6, FoM: 0.018200809703174503
06/05/2022 11:38:56.724 - oc_logger - INFO - New record achieved. Previous FoM: 0.018200809703174503, new best FoM : 0.018154201183605334
06/05/2022 11:38:56.724 - oc_logger - INFO - Function evaluation number: 18, SI: 1, Sub-iteration number: 6, FoM: 0.018154201183605334
06/05/2022 11:38:57.076 - oc_logger - INFO - New record achieved. Previous FoM: 0.018154201183605334, new best FoM : 0.01810839348952631
06/05/2022 11:38:57.076 - oc_logger - INFO - Function evaluation number: 19, SI: 1, Sub-iteration number: 7, FoM: 0.01810839348952631
06/05/2022 11:38:57.455 - oc_logger - INFO - New record achieved. Previous FoM: 0.01810839348952631, new best FoM : 0.018051638445341744
06/05/2022 11:38:57.456 - oc_logger - INFO - Function evaluation number: 20, SI: 1, Sub-iteration number: 7, FoM: 0.018051638445341744
06/05/2022 11:38:57.834 - oc_logger - INFO - New record achieved. Previous FoM: 0.018051638445341744, new best FoM : 0.018029476326372196
06/05/2022 11:38:57.834 - oc_logger - INFO - Function evaluation number: 21, SI: 1, Sub-iteration number: 8, FoM: 0.018029476326372196
06/05/2022 11:38:58.204 - oc_logger - INFO - New record achieved. Previous FoM: 0.018029476326372196, new best FoM : 0.01796790167507545
06/05/2022 11:38:58.204 - oc_logger - INFO - Function evaluation number: 22, SI: 1, Sub-iteration number: 8, FoM: 0.01796790167507545
06/05/2022 11:38:58.587 - oc_logger - INFO - New record achieved. Previous FoM: 0.01796790167507545, new best FoM : 0.01793443389979199
06/05/2022 11:38:58.587 - oc_logger - INFO - Function evaluation number: 23, SI: 1, Sub-iteration number: 9, FoM: 0.01793443389979199
06/05/2022 11:38:58.935 - oc_logger - INFO - New record achieved. Previous FoM: 0.01793443389979199, new best FoM : 0.01786552912213346
06/05/2022 11:38:58.936 - oc_logger - INFO - Function evaluation number: 24, SI: 1, Sub-iteration number: 9, FoM: 0.01786552912213346
06/05/2022 11:38:59.292 - oc_logger - INFO - Function evaluation number: 25, SI: 1, Sub-iteration number: 10, FoM: 0.01793005252298907
06/05/2022 11:38:59.628 - oc_logger - INFO - Function evaluation number: 26, SI: 1, Sub-iteration number: 11, FoM: 0.01787515602096912
06/05/2022 11:39:00.001 - oc_logger - INFO - New record achieved. Previous FoM: 0.01786552912213346, new best FoM : 0.01778242318725909
06/05/2022 11:39:00.001 - oc_logger - INFO - Function evaluation number: 27, SI: 1, Sub-iteration number: 12, FoM: 0.01778242318725909
06/05/2022 11:39:00.346 - oc_logger - INFO - New record achieved. Previous FoM: 0.01778242318725909, new best FoM : 0.017717129743621385
06/05/2022 11:39:00.347 - oc_logger - INFO - Function evaluation number: 28, SI: 1, Sub-iteration number: 12, FoM: 0.017717129743621385
06/05/2022 11:39:00.722 - oc_logger - INFO - New record achieved. Previous FoM: 0.017717129743621385, new best FoM : 0.017650135245804388
06/05/2022 11:39:00.722 - oc_logger - INFO - Function evaluation number: 29, SI: 1, Sub-iteration number: 13, FoM: 0.017650135245804388
06/05/2022 11:39:01.064 - oc_logger - INFO - New record achieved. Previous FoM: 0.017650135245804388, new best FoM : 0.01757009428700218
06/05/2022 11:39:01.064 - oc_logger - INFO - Function evaluation number: 30, SI: 1, Sub-iteration number: 13, FoM: 0.01757009428700218
06/05/2022 11:39:01.405 - oc_logger - INFO - New record achieved. Previous FoM: 0.01757009428700218, new best FoM : 0.017565418622204954
06/05/2022 11:39:01.405 - oc_logger - INFO - Function evaluation number: 31, SI: 1, Sub-iteration number: 14, FoM: 0.017565418622204954
06/05/2022 11:39:01.746 - oc_logger - INFO - New record achieved. Previous FoM: 0.017565418622204954, new best FoM : 0.01748454054794435
06/05/2022 11:39:01.746 - oc_logger - INFO - Function evaluation number: 32, SI: 1, Sub-iteration number: 14, FoM: 0.01748454054794435
06/05/2022 11:39:02.050 - oc_logger - INFO - New record achieved. Previous FoM: 0.01748454054794435, new best FoM : 0.01746384702698145
06/05/2022 11:39:02.051 - oc_logger - INFO - Function evaluation number: 33, SI: 1, Sub-iteration number: 15, FoM: 0.01746384702698145
06/05/2022 11:39:02.381 - oc_logger - INFO - New record achieved. Previous FoM: 0.01746384702698145, new best FoM : 0.017378568617770762
06/05/2022 11:39:02.382 - oc_logger - INFO - Function evaluation number: 34, SI: 1, Sub-iteration number: 15, FoM: 0.017378568617770762
06/05/2022 11:39:02.721 - oc_logger - INFO - Function evaluation number: 35, SI: 1, Sub-iteration number: 16, FoM: 0.01739783856262067
06/05/2022 11:39:03.059 - oc_logger - INFO - New record achieved. Previous FoM: 0.017378568617770762, new best FoM : 0.017338601756387018
06/05/2022 11:39:03.059 - oc_logger - INFO - Function evaluation number: 36, SI: 1, Sub-iteration number: 17, FoM: 0.017338601756387018
06/05/2022 11:39:03.420 - oc_logger - INFO - New record achieved. Previous FoM: 0.017338601756387018, new best FoM : 0.017260819694997376
06/05/2022 11:39:03.420 - oc_logger - INFO - Function evaluation number: 37, SI: 1, Sub-iteration number: 17, FoM: 0.017260819694997376
06/05/2022 11:39:03.814 - oc_logger - INFO - New record achieved. Previous FoM: 0.017260819694997376, new best FoM : 0.017210112515152698
06/05/2022 11:39:03.814 - oc_logger - INFO - Function evaluation number: 38, SI: 1, Sub-iteration number: 18, FoM: 0.017210112515152698
06/05/2022 11:39:04.208 - oc_logger - INFO - New record achieved. Previous FoM: 0.017210112515152698, new best FoM : 0.017121295378222268
06/05/2022 11:39:04.208 - oc_logger - INFO - Function evaluation number: 39, SI: 1, Sub-iteration number: 18, FoM: 0.017121295378222268
06/05/2022 11:39:04.639 - oc_logger - INFO - New record achieved. Previous FoM: 0.017121295378222268, new best FoM : 0.017077320771141213
06/05/2022 11:39:04.639 - oc_logger - INFO - Function evaluation number: 40, SI: 1, Sub-iteration number: 19, FoM: 0.017077320771141213
06/05/2022 11:39:05.063 - oc_logger - INFO - New record achieved. Previous FoM: 0.017077320771141213, new best FoM : 0.01697902936935225
06/05/2022 11:39:05.064 - oc_logger - INFO - Function evaluation number: 41, SI: 1, Sub-iteration number: 19, FoM: 0.01697902936935225
06/05/2022 11:39:05.462 - oc_logger - INFO - New record achieved. Previous FoM: 0.01697902936935225, new best FoM : 0.016868309122707092
06/05/2022 11:39:05.462 - oc_logger - INFO - Function evaluation number: 42, SI: 1, Sub-iteration number: 20, FoM: 0.016868309122707092
06/05/2022 11:39:05.802 - oc_logger - INFO - New record achieved. Previous FoM: 0.016868309122707092, new best FoM : 0.016745931217682086
06/05/2022 11:39:05.802 - oc_logger - INFO - Function evaluation number: 43, SI: 1, Sub-iteration number: 20, FoM: 0.016745931217682086
06/05/2022 11:39:06.144 - oc_logger - INFO - Function evaluation number: 44, SI: 1, Sub-iteration number: 21, FoM: 0.016772628580214777
06/05/2022 11:39:06.446 - oc_logger - INFO - New record achieved. Previous FoM: 0.016745931217682086, new best FoM : 0.016718839686692633
06/05/2022 11:39:06.447 - oc_logger - INFO - Function evaluation number: 45, SI: 1, Sub-iteration number: 22, FoM: 0.016718839686692633
06/05/2022 11:39:06.758 - oc_logger - INFO - New record achieved. Previous FoM: 0.016718839686692633, new best FoM : 0.016614142348122418
06/05/2022 11:39:06.758 - oc_logger - INFO - Function evaluation number: 46, SI: 1, Sub-iteration number: 22, FoM: 0.016614142348122418
06/05/2022 11:39:07.112 - oc_logger - INFO - New record achieved. Previous FoM: 0.016614142348122418, new best FoM : 0.01658700912454003
06/05/2022 11:39:07.112 - oc_logger - INFO - Function evaluation number: 47, SI: 1, Sub-iteration number: 23, FoM: 0.01658700912454003
06/05/2022 11:39:07.510 - oc_logger - INFO - New record achieved. Previous FoM: 0.01658700912454003, new best FoM : 0.016476677425049102
06/05/2022 11:39:07.510 - oc_logger - INFO - Function evaluation number: 48, SI: 1, Sub-iteration number: 23, FoM: 0.016476677425049102
06/05/2022 11:39:07.892 - oc_logger - INFO - New record achieved. Previous FoM: 0.016476677425049102, new best FoM : 0.016443874290152816
06/05/2022 11:39:07.892 - oc_logger - INFO - Function evaluation number: 49, SI: 1, Sub-iteration number: 24, FoM: 0.016443874290152816
06/05/2022 11:39:08.240 - oc_logger - INFO - New record achieved. Previous FoM: 0.016443874290152816, new best FoM : 0.016326707714014455
06/05/2022 11:39:08.240 - oc_logger - INFO - Function evaluation number: 50, SI: 1, Sub-iteration number: 24, FoM: 0.016326707714014455
06/05/2022 11:39:08.539 - oc_logger - INFO - New record achieved. Previous FoM: 0.016326707714014455, new best FoM : 0.016204331236112424
06/05/2022 11:39:08.539 - oc_logger - INFO - Function evaluation number: 51, SI: 1, Sub-iteration number: 25, FoM: 0.016204331236112424
06/05/2022 11:39:08.879 - oc_logger - INFO - New record achieved. Previous FoM: 0.016204331236112424, new best FoM : 0.016060798218659023
06/05/2022 11:39:08.880 - oc_logger - INFO - Function evaluation number: 52, SI: 1, Sub-iteration number: 25, FoM: 0.016060798218659023
06/05/2022 11:39:09.221 - oc_logger - INFO - New record achieved. Previous FoM: 0.016060798218659023, new best FoM : 0.01602317210001991
06/05/2022 11:39:09.222 - oc_logger - INFO - Function evaluation number: 53, SI: 1, Sub-iteration number: 26, FoM: 0.01602317210001991
06/05/2022 11:39:09.561 - oc_logger - INFO - New record achieved. Previous FoM: 0.01602317210001991, new best FoM : 0.015872172938150464
06/05/2022 11:39:09.562 - oc_logger - INFO - Function evaluation number: 54, SI: 1, Sub-iteration number: 26, FoM: 0.015872172938150464
06/05/2022 11:39:09.896 - oc_logger - INFO - New record achieved. Previous FoM: 0.015872172938150464, new best FoM : 0.015850491977545067
06/05/2022 11:39:09.896 - oc_logger - INFO - Function evaluation number: 55, SI: 1, Sub-iteration number: 27, FoM: 0.015850491977545067
06/05/2022 11:39:10.289 - oc_logger - INFO - New record achieved. Previous FoM: 0.015850491977545067, new best FoM : 0.015695575925026795
06/05/2022 11:39:10.289 - oc_logger - INFO - Function evaluation number: 56, SI: 1, Sub-iteration number: 27, FoM: 0.015695575925026795
06/05/2022 11:39:10.732 - oc_logger - INFO - New record achieved. Previous FoM: 0.015695575925026795, new best FoM : 0.015672226077570794
06/05/2022 11:39:10.732 - oc_logger - INFO - Function evaluation number: 57, SI: 1, Sub-iteration number: 28, FoM: 0.015672226077570794
06/05/2022 11:39:11.119 - oc_logger - INFO - New record achieved. Previous FoM: 0.015672226077570794, new best FoM : 0.015513115101108088
06/05/2022 11:39:11.119 - oc_logger - INFO - Function evaluation number: 58, SI: 1, Sub-iteration number: 28, FoM: 0.015513115101108088
06/05/2022 11:39:11.507 - oc_logger - INFO - Function evaluation number: 59, SI: 1, Sub-iteration number: 29, FoM: 0.01556043352101677
06/05/2022 11:39:11.892 - oc_logger - INFO - New record achieved. Previous FoM: 0.015513115101108088, new best FoM : 0.015297175336644209
06/05/2022 11:39:11.892 - oc_logger - INFO - Function evaluation number: 60, SI: 1, Sub-iteration number: 30, FoM: 0.015297175336644209
06/05/2022 11:39:12.231 - oc_logger - INFO - New record achieved. Previous FoM: 0.015297175336644209, new best FoM : 0.01512134331020698
06/05/2022 11:39:12.231 - oc_logger - INFO - Function evaluation number: 61, SI: 1, Sub-iteration number: 30, FoM: 0.01512134331020698
06/05/2022 11:39:12.572 - oc_logger - INFO - New record achieved. Previous FoM: 0.01512134331020698, new best FoM : 0.015057933982030924
06/05/2022 11:39:12.572 - oc_logger - INFO - Function evaluation number: 62, SI: 1, Sub-iteration number: 31, FoM: 0.015057933982030924
06/05/2022 11:39:12.914 - oc_logger - INFO - New record achieved. Previous FoM: 0.015057933982030924, new best FoM : 0.014869515009881873
06/05/2022 11:39:12.914 - oc_logger - INFO - Function evaluation number: 63, SI: 1, Sub-iteration number: 31, FoM: 0.014869515009881873
06/05/2022 11:39:13.177 - oc_logger - INFO - New record achieved. Previous FoM: 0.014869515009881873, new best FoM : 0.01479653030571726
06/05/2022 11:39:13.177 - oc_logger - INFO - Function evaluation number: 64, SI: 1, Sub-iteration number: 32, FoM: 0.01479653030571726
06/05/2022 11:39:13.482 - oc_logger - INFO - New record achieved. Previous FoM: 0.01479653030571726, new best FoM : 0.014593701461157904
06/05/2022 11:39:13.483 - oc_logger - INFO - Function evaluation number: 65, SI: 1, Sub-iteration number: 32, FoM: 0.014593701461157904
06/05/2022 11:39:13.823 - oc_logger - INFO - New record achieved. Previous FoM: 0.014593701461157904, new best FoM : 0.014517784108327159
06/05/2022 11:39:13.823 - oc_logger - INFO - Function evaluation number: 66, SI: 1, Sub-iteration number: 33, FoM: 0.014517784108327159
06/05/2022 11:39:14.164 - oc_logger - INFO - New record achieved. Previous FoM: 0.014517784108327159, new best FoM : 0.014300410628118376
06/05/2022 11:39:14.164 - oc_logger - INFO - Function evaluation number: 67, SI: 1, Sub-iteration number: 33, FoM: 0.014300410628118376
06/05/2022 11:39:14.506 - oc_logger - INFO - Function evaluation number: 68, SI: 1, Sub-iteration number: 34, FoM: 0.014338141122042236
06/05/2022 11:39:14.847 - oc_logger - INFO - New record achieved. Previous FoM: 0.014300410628118376, new best FoM : 0.014144143263248643
06/05/2022 11:39:14.847 - oc_logger - INFO - Function evaluation number: 69, SI: 1, Sub-iteration number: 35, FoM: 0.014144143263248643
06/05/2022 11:39:15.238 - oc_logger - INFO - New record achieved. Previous FoM: 0.014144143263248643, new best FoM : 0.013936215212130398
06/05/2022 11:39:15.238 - oc_logger - INFO - Function evaluation number: 70, SI: 1, Sub-iteration number: 35, FoM: 0.013936215212130398
06/05/2022 11:39:15.580 - oc_logger - INFO - New record achieved. Previous FoM: 0.013936215212130398, new best FoM : 0.01388304963470366
06/05/2022 11:39:15.580 - oc_logger - INFO - Function evaluation number: 71, SI: 1, Sub-iteration number: 36, FoM: 0.01388304963470366
06/05/2022 11:39:15.988 - oc_logger - INFO - New record achieved. Previous FoM: 0.01388304963470366, new best FoM : 0.013665557169105558
06/05/2022 11:39:15.988 - oc_logger - INFO - Function evaluation number: 72, SI: 1, Sub-iteration number: 36, FoM: 0.013665557169105558
06/05/2022 11:39:16.338 - oc_logger - INFO - New record achieved. Previous FoM: 0.013665557169105558, new best FoM : 0.013551561715267946
06/05/2022 11:39:16.338 - oc_logger - INFO - Function evaluation number: 73, SI: 1, Sub-iteration number: 37, FoM: 0.013551561715267946
06/05/2022 11:39:16.642 - oc_logger - INFO - New record achieved. Previous FoM: 0.013551561715267946, new best FoM : 0.01331182974637235
06/05/2022 11:39:16.642 - oc_logger - INFO - Function evaluation number: 74, SI: 1, Sub-iteration number: 37, FoM: 0.01331182974637235
06/05/2022 11:39:17.037 - oc_logger - INFO - New record achieved. Previous FoM: 0.01331182974637235, new best FoM : 0.013068580025016652
06/05/2022 11:39:17.037 - oc_logger - INFO - Function evaluation number: 75, SI: 1, Sub-iteration number: 38, FoM: 0.013068580025016652
06/05/2022 11:39:17.381 - oc_logger - INFO - New record achieved. Previous FoM: 0.013068580025016652, new best FoM : 0.012780095079747866
06/05/2022 11:39:17.381 - oc_logger - INFO - Function evaluation number: 76, SI: 1, Sub-iteration number: 38, FoM: 0.012780095079747866
06/05/2022 11:39:17.727 - oc_logger - INFO - Function evaluation number: 77, SI: 1, Sub-iteration number: 39, FoM: 0.012862784425967777
06/05/2022 11:39:18.066 - oc_logger - INFO - New record achieved. Previous FoM: 0.012780095079747866, new best FoM : 0.012614814787044959
06/05/2022 11:39:18.066 - oc_logger - INFO - Function evaluation number: 78, SI: 1, Sub-iteration number: 40, FoM: 0.012614814787044959
06/05/2022 11:39:18.389 - oc_logger - INFO - New record achieved. Previous FoM: 0.012614814787044959, new best FoM : 0.012348395472058793
06/05/2022 11:39:18.389 - oc_logger - INFO - Function evaluation number: 79, SI: 1, Sub-iteration number: 40, FoM: 0.012348395472058793
06/05/2022 11:39:18.776 - oc_logger - INFO - New record achieved. Previous FoM: 0.012348395472058793, new best FoM : 0.012327975869260821
06/05/2022 11:39:18.776 - oc_logger - INFO - Function evaluation number: 80, SI: 1, Sub-iteration number: 41, FoM: 0.012327975869260821
06/05/2022 11:39:19.165 - oc_logger - INFO - New record achieved. Previous FoM: 0.012327975869260821, new best FoM : 0.012060708528512265
06/05/2022 11:39:19.165 - oc_logger - INFO - Function evaluation number: 81, SI: 1, Sub-iteration number: 41, FoM: 0.012060708528512265
06/05/2022 11:39:19.556 - oc_logger - INFO - New record achieved. Previous FoM: 0.012060708528512265, new best FoM : 0.012015041687474026
06/05/2022 11:39:19.558 - oc_logger - INFO - Function evaluation number: 82, SI: 1, Sub-iteration number: 42, FoM: 0.012015041687474026
06/05/2022 11:39:19.946 - oc_logger - INFO - New record achieved. Previous FoM: 0.012015041687474026, new best FoM : 0.011741718782134258
06/05/2022 11:39:19.946 - oc_logger - INFO - Function evaluation number: 83, SI: 1, Sub-iteration number: 42, FoM: 0.011741718782134258
06/05/2022 11:39:20.336 - oc_logger - INFO - New record achieved. Previous FoM: 0.011741718782134258, new best FoM : 0.011482614207421249
06/05/2022 11:39:20.336 - oc_logger - INFO - Function evaluation number: 84, SI: 1, Sub-iteration number: 43, FoM: 0.011482614207421249
06/05/2022 11:39:20.725 - oc_logger - INFO - New record achieved. Previous FoM: 0.011482614207421249, new best FoM : 0.011233615025230237
06/05/2022 11:39:20.725 - oc_logger - INFO - Function evaluation number: 85, SI: 1, Sub-iteration number: 43, FoM: 0.011233615025230237
06/05/2022 11:39:21.118 - oc_logger - INFO - Function evaluation number: 86, SI: 1, Sub-iteration number: 44, FoM: 0.011318086099143532
06/05/2022 11:39:21.514 - oc_logger - INFO - New record achieved. Previous FoM: 0.011233615025230237, new best FoM : 0.01092101662411904
06/05/2022 11:39:21.514 - oc_logger - INFO - Function evaluation number: 87, SI: 1, Sub-iteration number: 45, FoM: 0.01092101662411904
06/05/2022 11:39:21.931 - oc_logger - INFO - New record achieved. Previous FoM: 0.01092101662411904, new best FoM : 0.010694232028988448
06/05/2022 11:39:21.931 - oc_logger - INFO - Function evaluation number: 88, SI: 1, Sub-iteration number: 45, FoM: 0.010694232028988448
06/05/2022 11:39:22.279 - oc_logger - INFO - Function evaluation number: 89, SI: 1, Sub-iteration number: 46, FoM: 0.010965336965115369
06/05/2022 11:39:22.613 - oc_logger - INFO - Function evaluation number: 90, SI: 1, Sub-iteration number: 47, FoM: 0.010848096091596982
06/05/2022 11:39:22.950 - oc_logger - INFO - New record achieved. Previous FoM: 0.010694232028988448, new best FoM : 0.010246193910151136
06/05/2022 11:39:22.951 - oc_logger - INFO - Function evaluation number: 91, SI: 1, Sub-iteration number: 48, FoM: 0.010246193910151136
06/05/2022 11:39:23.242 - oc_logger - INFO - New record achieved. Previous FoM: 0.010246193910151136, new best FoM : 0.009985386093262494
06/05/2022 11:39:23.242 - oc_logger - INFO - Function evaluation number: 92, SI: 1, Sub-iteration number: 48, FoM: 0.009985386093262494
06/05/2022 11:39:23.557 - oc_logger - INFO - Function evaluation number: 93, SI: 1, Sub-iteration number: 49, FoM: 0.010244706759873545
06/05/2022 11:39:23.996 - oc_logger - INFO - Function evaluation number: 94, SI: 1, Sub-iteration number: 50, FoM: 0.010009303107960554
06/05/2022 11:39:24.413 - oc_logger - INFO - New record achieved. Previous FoM: 0.009985386093262494, new best FoM : 0.00971734887530995
06/05/2022 11:39:24.413 - oc_logger - INFO - Function evaluation number: 95, SI: 1, Sub-iteration number: 51, FoM: 0.00971734887530995
06/05/2022 11:39:24.869 - oc_logger - INFO - New record achieved. Previous FoM: 0.00971734887530995, new best FoM : 0.009580128008309319
06/05/2022 11:39:24.869 - oc_logger - INFO - Function evaluation number: 96, SI: 1, Sub-iteration number: 51, FoM: 0.009580128008309319
06/05/2022 11:39:25.289 - oc_logger - INFO - Function evaluation number: 97, SI: 1, Sub-iteration number: 52, FoM: 0.00980972805782021
06/05/2022 11:39:25.682 - oc_logger - INFO - New record achieved. Previous FoM: 0.009580128008309319, new best FoM : 0.009364438679208997
06/05/2022 11:39:25.682 - oc_logger - INFO - Function evaluation number: 98, SI: 1, Sub-iteration number: 53, FoM: 0.009364438679208997
06/05/2022 11:39:26.072 - oc_logger - INFO - New record achieved. Previous FoM: 0.009364438679208997, new best FoM : 0.00923435279579532
06/05/2022 11:39:26.072 - oc_logger - INFO - Function evaluation number: 99, SI: 1, Sub-iteration number: 53, FoM: 0.00923435279579532
06/05/2022 11:39:26.353 - oc_logger - INFO - Function evaluation number: 100, SI: 1, Sub-iteration number: 54, FoM: 0.009350224996817924
06/05/2022 11:39:26.689 - oc_logger - INFO - New record achieved. Previous FoM: 0.00923435279579532, new best FoM : 0.008961419862379971
06/05/2022 11:39:26.690 - oc_logger - INFO - Function evaluation number: 101, SI: 1, Sub-iteration number: 55, FoM: 0.008961419862379971
06/05/2022 11:39:27.027 - oc_logger - INFO - New record achieved. Previous FoM: 0.008961419862379971, new best FoM : 0.008777026404247712
06/05/2022 11:39:27.027 - oc_logger - INFO - Function evaluation number: 102, SI: 1, Sub-iteration number: 55, FoM: 0.008777026404247712
06/05/2022 11:39:27.314 - oc_logger - INFO - Function evaluation number: 103, SI: 1, Sub-iteration number: 56, FoM: 0.008965207624849314
06/05/2022 11:39:27.654 - oc_logger - INFO - Function evaluation number: 104, SI: 1, Sub-iteration number: 57, FoM: 0.008915360577372744
06/05/2022 11:39:27.908 - oc_logger - INFO - Function evaluation number: 105, SI: 1, Sub-iteration number: 58, FoM: 0.008898024682213235
06/05/2022 11:39:28.236 - oc_logger - INFO - New record achieved. Previous FoM: 0.008777026404247712, new best FoM : 0.008644956746654775
06/05/2022 11:39:28.236 - oc_logger - INFO - Function evaluation number: 106, SI: 1, Sub-iteration number: 59, FoM: 0.008644956746654775
06/05/2022 11:39:28.696 - oc_logger - INFO - New record achieved. Previous FoM: 0.008644956746654775, new best FoM : 0.008472781311661848
06/05/2022 11:39:28.698 - oc_logger - INFO - Function evaluation number: 107, SI: 1, Sub-iteration number: 59, FoM: 0.008472781311661848
06/05/2022 11:39:29.163 - oc_logger - INFO - New record achieved. Previous FoM: 0.008472781311661848, new best FoM : 0.008411923992483805
06/05/2022 11:39:29.163 - oc_logger - INFO - Function evaluation number: 108, SI: 1, Sub-iteration number: 60, FoM: 0.008411923992483805
06/05/2022 11:39:29.483 - oc_logger - INFO - New record achieved. Previous FoM: 0.008411923992483805, new best FoM : 0.008292048619964909
06/05/2022 11:39:29.483 - oc_logger - INFO - Function evaluation number: 109, SI: 1, Sub-iteration number: 60, FoM: 0.008292048619964909
06/05/2022 11:39:29.825 - oc_logger - INFO - Function evaluation number: 110, SI: 1, Sub-iteration number: 61, FoM: 0.008400550995914635
06/05/2022 11:39:30.167 - oc_logger - INFO - Function evaluation number: 111, SI: 1, Sub-iteration number: 62, FoM: 0.008299745882308085
06/05/2022 11:39:30.479 - oc_logger - INFO - New record achieved. Previous FoM: 0.008292048619964909, new best FoM : 0.008111287556436864
06/05/2022 11:39:30.479 - oc_logger - INFO - Function evaluation number: 112, SI: 1, Sub-iteration number: 63, FoM: 0.008111287556436864
06/05/2022 11:39:30.855 - oc_logger - INFO - New record achieved. Previous FoM: 0.008111287556436864, new best FoM : 0.007978991312669659
06/05/2022 11:39:30.855 - oc_logger - INFO - Function evaluation number: 113, SI: 1, Sub-iteration number: 63, FoM: 0.007978991312669659
06/05/2022 11:39:31.227 - oc_logger - INFO - Function evaluation number: 114, SI: 1, Sub-iteration number: 64, FoM: 0.007980715097923974
06/05/2022 11:39:31.590 - oc_logger - INFO - New record achieved. Previous FoM: 0.007978991312669659, new best FoM : 0.007698660150251224
06/05/2022 11:39:31.590 - oc_logger - INFO - Function evaluation number: 115, SI: 1, Sub-iteration number: 65, FoM: 0.007698660150251224
06/05/2022 11:39:31.982 - oc_logger - INFO - New record achieved. Previous FoM: 0.007698660150251224, new best FoM : 0.007536745153990609
06/05/2022 11:39:31.982 - oc_logger - INFO - Function evaluation number: 116, SI: 1, Sub-iteration number: 65, FoM: 0.007536745153990609
06/05/2022 11:39:32.327 - oc_logger - INFO - New record achieved. Previous FoM: 0.007536745153990609, new best FoM : 0.0074456284411927864
06/05/2022 11:39:32.328 - oc_logger - INFO - Function evaluation number: 117, SI: 1, Sub-iteration number: 66, FoM: 0.0074456284411927864
06/05/2022 11:39:32.668 - oc_logger - INFO - New record achieved. Previous FoM: 0.0074456284411927864, new best FoM : 0.0072929412827580364
06/05/2022 11:39:32.668 - oc_logger - INFO - Function evaluation number: 118, SI: 1, Sub-iteration number: 66, FoM: 0.0072929412827580364
06/05/2022 11:39:33.089 - oc_logger - INFO - New record achieved. Previous FoM: 0.0072929412827580364, new best FoM : 0.007252162668085704
06/05/2022 11:39:33.089 - oc_logger - INFO - Function evaluation number: 119, SI: 1, Sub-iteration number: 67, FoM: 0.007252162668085704
06/05/2022 11:39:33.489 - oc_logger - INFO - New record achieved. Previous FoM: 0.007252162668085704, new best FoM : 0.007085057916373039
06/05/2022 11:39:33.489 - oc_logger - INFO - Function evaluation number: 120, SI: 1, Sub-iteration number: 67, FoM: 0.007085057916373039
06/05/2022 11:39:33.880 - oc_logger - INFO - Function evaluation number: 121, SI: 1, Sub-iteration number: 68, FoM: 0.007386204682432229
06/05/2022 11:39:34.262 - oc_logger - INFO - Function evaluation number: 122, SI: 1, Sub-iteration number: 69, FoM: 0.007227805357192474
06/05/2022 11:39:34.605 - oc_logger - INFO - New record achieved. Previous FoM: 0.007085057916373039, new best FoM : 0.0070037496639590024
06/05/2022 11:39:34.606 - oc_logger - INFO - Function evaluation number: 123, SI: 1, Sub-iteration number: 70, FoM: 0.0070037496639590024
06/05/2022 11:39:34.949 - oc_logger - INFO - New record achieved. Previous FoM: 0.0070037496639590024, new best FoM : 0.006896340589228722
06/05/2022 11:39:34.950 - oc_logger - INFO - Function evaluation number: 124, SI: 1, Sub-iteration number: 70, FoM: 0.006896340589228722
06/05/2022 11:39:35.292 - oc_logger - INFO - New record achieved. Previous FoM: 0.006896340589228722, new best FoM : 0.00680004929357525
06/05/2022 11:39:35.292 - oc_logger - INFO - Function evaluation number: 125, SI: 1, Sub-iteration number: 71, FoM: 0.00680004929357525
06/05/2022 11:39:35.633 - oc_logger - INFO - New record achieved. Previous FoM: 0.00680004929357525, new best FoM : 0.006684750635066239
06/05/2022 11:39:35.633 - oc_logger - INFO - Function evaluation number: 126, SI: 1, Sub-iteration number: 71, FoM: 0.006684750635066239
06/05/2022 11:39:35.979 - oc_logger - INFO - Function evaluation number: 127, SI: 1, Sub-iteration number: 72, FoM: 0.006701888328039529
06/05/2022 11:39:36.318 - oc_logger - INFO - New record achieved. Previous FoM: 0.006684750635066239, new best FoM : 0.006426883990407917
06/05/2022 11:39:36.318 - oc_logger - INFO - Function evaluation number: 128, SI: 1, Sub-iteration number: 73, FoM: 0.006426883990407917
06/05/2022 11:39:36.697 - oc_logger - INFO - New record achieved. Previous FoM: 0.006426883990407917, new best FoM : 0.006296241505984179
06/05/2022 11:39:36.697 - oc_logger - INFO - Function evaluation number: 129, SI: 1, Sub-iteration number: 73, FoM: 0.006296241505984179
06/05/2022 11:39:37.096 - oc_logger - INFO - Function evaluation number: 130, SI: 1, Sub-iteration number: 74, FoM: 0.006512911777386554
06/05/2022 11:39:37.448 - oc_logger - INFO - Function evaluation number: 131, SI: 1, Sub-iteration number: 75, FoM: 0.006327041070617101
06/05/2022 11:39:37.790 - oc_logger - INFO - New record achieved. Previous FoM: 0.006296241505984179, new best FoM : 0.006291601005632197
06/05/2022 11:39:37.790 - oc_logger - INFO - Function evaluation number: 132, SI: 1, Sub-iteration number: 76, FoM: 0.006291601005632197
06/05/2022 11:39:38.136 - oc_logger - INFO - New record achieved. Previous FoM: 0.006291601005632197, new best FoM : 0.006240590080303976
06/05/2022 11:39:38.136 - oc_logger - INFO - Function evaluation number: 133, SI: 1, Sub-iteration number: 76, FoM: 0.006240590080303976
06/05/2022 11:39:38.471 - oc_logger - INFO - New record achieved. Previous FoM: 0.006240590080303976, new best FoM : 0.00608897491862892
06/05/2022 11:39:38.471 - oc_logger - INFO - Function evaluation number: 134, SI: 1, Sub-iteration number: 77, FoM: 0.00608897491862892
06/05/2022 11:39:38.865 - oc_logger - INFO - New record achieved. Previous FoM: 0.00608897491862892, new best FoM : 0.0060199265267142366
06/05/2022 11:39:38.865 - oc_logger - INFO - Function evaluation number: 135, SI: 1, Sub-iteration number: 77, FoM: 0.0060199265267142366
06/05/2022 11:39:39.244 - oc_logger - INFO - Function evaluation number: 136, SI: 1, Sub-iteration number: 78, FoM: 0.006087907465621933
06/05/2022 11:39:39.584 - oc_logger - INFO - Function evaluation number: 137, SI: 1, Sub-iteration number: 79, FoM: 0.006061941584896591
06/05/2022 11:39:39.927 - oc_logger - INFO - New record achieved. Previous FoM: 0.0060199265267142366, new best FoM : 0.006018200952613628
06/05/2022 11:39:39.928 - oc_logger - INFO - Function evaluation number: 138, SI: 1, Sub-iteration number: 80, FoM: 0.006018200952613628
06/05/2022 11:39:40.253 - oc_logger - INFO - New record achieved. Previous FoM: 0.006018200952613628, new best FoM : 0.005963865715071126
06/05/2022 11:39:40.253 - oc_logger - INFO - Function evaluation number: 139, SI: 1, Sub-iteration number: 80, FoM: 0.005963865715071126
06/05/2022 11:39:40.586 - oc_logger - INFO - New record achieved. Previous FoM: 0.005963865715071126, new best FoM : 0.0059300287929026085
06/05/2022 11:39:40.586 - oc_logger - INFO - Function evaluation number: 140, SI: 1, Sub-iteration number: 81, FoM: 0.0059300287929026085
06/05/2022 11:39:40.936 - oc_logger - INFO - New record achieved. Previous FoM: 0.0059300287929026085, new best FoM : 0.005901229550088427
06/05/2022 11:39:40.936 - oc_logger - INFO - Function evaluation number: 141, SI: 1, Sub-iteration number: 81, FoM: 0.005901229550088427
06/05/2022 11:39:41.300 - oc_logger - INFO - New record achieved. Previous FoM: 0.005901229550088427, new best FoM : 0.0057847389030045715
06/05/2022 11:39:41.300 - oc_logger - INFO - Function evaluation number: 142, SI: 1, Sub-iteration number: 82, FoM: 0.0057847389030045715
06/05/2022 11:39:41.691 - oc_logger - INFO - New record achieved. Previous FoM: 0.0057847389030045715, new best FoM : 0.005730711174665171
06/05/2022 11:39:41.691 - oc_logger - INFO - Function evaluation number: 143, SI: 1, Sub-iteration number: 82, FoM: 0.005730711174665171
06/05/2022 11:39:42.036 - oc_logger - INFO - Function evaluation number: 144, SI: 1, Sub-iteration number: 83, FoM: 0.005855484458279325
06/05/2022 11:39:42.315 - oc_logger - INFO - Function evaluation number: 145, SI: 1, Sub-iteration number: 84, FoM: 0.005864313280801614
06/05/2022 11:39:42.587 - oc_logger - INFO - New record achieved. Previous FoM: 0.005730711174665171, new best FoM : 0.005658770683570347
06/05/2022 11:39:42.587 - oc_logger - INFO - Function evaluation number: 146, SI: 1, Sub-iteration number: 85, FoM: 0.005658770683570347
06/05/2022 11:39:42.930 - oc_logger - INFO - New record achieved. Previous FoM: 0.005658770683570347, new best FoM : 0.005599485625187861
06/05/2022 11:39:42.930 - oc_logger - INFO - Function evaluation number: 147, SI: 1, Sub-iteration number: 85, FoM: 0.005599485625187861
06/05/2022 11:39:43.271 - oc_logger - INFO - Function evaluation number: 148, SI: 1, Sub-iteration number: 86, FoM: 0.0056443150534349895
06/05/2022 11:39:43.614 - oc_logger - INFO - Function evaluation number: 149, SI: 1, Sub-iteration number: 87, FoM: 0.005623957389426559
06/05/2022 11:39:43.955 - oc_logger - INFO - Function evaluation number: 150, SI: 1, Sub-iteration number: 88, FoM: 0.0056076417218933194
06/05/2022 11:39:44.301 - oc_logger - INFO - New record achieved. Previous FoM: 0.005599485625187861, new best FoM : 0.005545942360036027
06/05/2022 11:39:44.301 - oc_logger - INFO - Function evaluation number: 151, SI: 1, Sub-iteration number: 89, FoM: 0.005545942360036027
06/05/2022 11:39:44.632 - oc_logger - INFO - New record achieved. Previous FoM: 0.005545942360036027, new best FoM : 0.005501557920305267
06/05/2022 11:39:44.632 - oc_logger - INFO - Function evaluation number: 152, SI: 1, Sub-iteration number: 89, FoM: 0.005501557920305267
06/05/2022 11:39:44.977 - oc_logger - INFO - New record achieved. Previous FoM: 0.005501557920305267, new best FoM : 0.005460643434056611
06/05/2022 11:39:44.977 - oc_logger - INFO - Function evaluation number: 153, SI: 1, Sub-iteration number: 90, FoM: 0.005460643434056611
06/05/2022 11:39:45.319 - oc_logger - INFO - New record achieved. Previous FoM: 0.005460643434056611, new best FoM : 0.005407832580963445
06/05/2022 11:39:45.319 - oc_logger - INFO - Function evaluation number: 154, SI: 1, Sub-iteration number: 90, FoM: 0.005407832580963445
06/05/2022 11:39:45.649 - oc_logger - INFO - New record achieved. Previous FoM: 0.005407832580963445, new best FoM : 0.005385279680237165
06/05/2022 11:39:45.649 - oc_logger - INFO - Function evaluation number: 155, SI: 1, Sub-iteration number: 91, FoM: 0.005385279680237165
06/05/2022 11:39:45.987 - oc_logger - INFO - New record achieved. Previous FoM: 0.005385279680237165, new best FoM : 0.00532834259483006
06/05/2022 11:39:45.988 - oc_logger - INFO - Function evaluation number: 156, SI: 1, Sub-iteration number: 91, FoM: 0.00532834259483006
06/05/2022 11:39:46.324 - oc_logger - INFO - New record achieved. Previous FoM: 0.00532834259483006, new best FoM : 0.005266775002525925
06/05/2022 11:39:46.324 - oc_logger - INFO - Function evaluation number: 157, SI: 1, Sub-iteration number: 92, FoM: 0.005266775002525925
06/05/2022 11:39:46.661 - oc_logger - INFO - New record achieved. Previous FoM: 0.005266775002525925, new best FoM : 0.005197421611691899
06/05/2022 11:39:46.662 - oc_logger - INFO - Function evaluation number: 158, SI: 1, Sub-iteration number: 92, FoM: 0.005197421611691899
06/05/2022 11:39:46.951 - oc_logger - INFO - Function evaluation number: 159, SI: 1, Sub-iteration number: 93, FoM: 0.005257542134811444
06/05/2022 11:39:47.238 - oc_logger - INFO - Function evaluation number: 160, SI: 1, Sub-iteration number: 94, FoM: 0.00523923310190999
06/05/2022 11:39:47.555 - oc_logger - INFO - New record achieved. Previous FoM: 0.005197421611691899, new best FoM : 0.005166722142906699
06/05/2022 11:39:47.555 - oc_logger - INFO - Function evaluation number: 161, SI: 1, Sub-iteration number: 95, FoM: 0.005166722142906699
06/05/2022 11:39:47.899 - oc_logger - INFO - New record achieved. Previous FoM: 0.005166722142906699, new best FoM : 0.0051187881671337365
06/05/2022 11:39:47.899 - oc_logger - INFO - Function evaluation number: 162, SI: 1, Sub-iteration number: 95, FoM: 0.0051187881671337365
06/05/2022 11:39:48.247 - oc_logger - INFO - New record achieved. Previous FoM: 0.0051187881671337365, new best FoM : 0.005063659571613366
06/05/2022 11:39:48.247 - oc_logger - INFO - Function evaluation number: 163, SI: 1, Sub-iteration number: 96, FoM: 0.005063659571613366
06/05/2022 11:39:48.591 - oc_logger - INFO - New record achieved. Previous FoM: 0.005063659571613366, new best FoM : 0.004993839652832732
06/05/2022 11:39:48.591 - oc_logger - INFO - Function evaluation number: 164, SI: 1, Sub-iteration number: 96, FoM: 0.004993839652832732
06/05/2022 11:39:48.934 - oc_logger - INFO - New record achieved. Previous FoM: 0.004993839652832732, new best FoM : 0.004993539594988938
06/05/2022 11:39:48.934 - oc_logger - INFO - Function evaluation number: 165, SI: 1, Sub-iteration number: 97, FoM: 0.004993539594988938
06/05/2022 11:39:49.278 - oc_logger - INFO - New record achieved. Previous FoM: 0.004993539594988938, new best FoM : 0.004936151212670992
06/05/2022 11:39:49.278 - oc_logger - INFO - Function evaluation number: 166, SI: 1, Sub-iteration number: 97, FoM: 0.004936151212670992
06/05/2022 11:39:49.569 - oc_logger - INFO - New record achieved. Previous FoM: 0.004936151212670992, new best FoM : 0.004858228240228746
06/05/2022 11:39:49.569 - oc_logger - INFO - Function evaluation number: 167, SI: 1, Sub-iteration number: 98, FoM: 0.004858228240228746
06/05/2022 11:39:49.901 - oc_logger - INFO - New record achieved. Previous FoM: 0.004858228240228746, new best FoM : 0.00477875193408317
06/05/2022 11:39:49.901 - oc_logger - INFO - Function evaluation number: 168, SI: 1, Sub-iteration number: 98, FoM: 0.00477875193408317
06/05/2022 11:39:50.244 - oc_logger - INFO - Function evaluation number: 169, SI: 1, Sub-iteration number: 99, FoM: 0.004813531739996102
06/05/2022 11:39:50.582 - oc_logger - INFO - New record achieved. Previous FoM: 0.00477875193408317, new best FoM : 0.004733380883415461
06/05/2022 11:39:50.582 - oc_logger - INFO - Function evaluation number: 170, SI: 1, Sub-iteration number: 100, FoM: 0.004733380883415461
06/05/2022 11:39:50.923 - oc_logger - INFO - New record achieved. Previous FoM: 0.004733380883415461, new best FoM : 0.004675865480266994
06/05/2022 11:39:50.923 - oc_logger - INFO - Function evaluation number: 171, SI: 1, Sub-iteration number: 100, FoM: 0.004675865480266994
06/05/2022 11:39:51.266 - oc_logger - INFO - New record achieved. Previous FoM: 0.004675865480266994, new best FoM : 0.004659979146762194
06/05/2022 11:39:51.266 - oc_logger - INFO - Function evaluation number: 172, SI: 1, Sub-iteration number: 101, FoM: 0.004659979146762194
06/05/2022 11:39:51.609 - oc_logger - INFO - New record achieved. Previous FoM: 0.004659979146762194, new best FoM : 0.00459360032445455
06/05/2022 11:39:51.609 - oc_logger - INFO - Function evaluation number: 173, SI: 1, Sub-iteration number: 101, FoM: 0.00459360032445455
06/05/2022 11:39:51.951 - oc_logger - INFO - Function evaluation number: 174, SI: 1, Sub-iteration number: 102, FoM: 0.004610673889306582
06/05/2022 11:39:52.293 - oc_logger - INFO - New record achieved. Previous FoM: 0.00459360032445455, new best FoM : 0.004487448820130635
06/05/2022 11:39:52.294 - oc_logger - INFO - Function evaluation number: 175, SI: 1, Sub-iteration number: 103, FoM: 0.004487448820130635
06/05/2022 11:39:52.633 - oc_logger - INFO - New record achieved. Previous FoM: 0.004487448820130635, new best FoM : 0.004417263203258637
06/05/2022 11:39:52.634 - oc_logger - INFO - Function evaluation number: 176, SI: 1, Sub-iteration number: 103, FoM: 0.004417263203258637
06/05/2022 11:39:52.959 - oc_logger - INFO - New record achieved. Previous FoM: 0.004417263203258637, new best FoM : 0.004374609740899982
06/05/2022 11:39:52.959 - oc_logger - INFO - Function evaluation number: 177, SI: 1, Sub-iteration number: 104, FoM: 0.004374609740899982
06/05/2022 11:39:53.203 - oc_logger - INFO - New record achieved. Previous FoM: 0.004374609740899982, new best FoM : 0.004299200333320208
06/05/2022 11:39:53.203 - oc_logger - INFO - Function evaluation number: 178, SI: 1, Sub-iteration number: 104, FoM: 0.004299200333320208
06/05/2022 11:39:53.461 - oc_logger - INFO - Function evaluation number: 179, SI: 1, Sub-iteration number: 105, FoM: 0.004367277778407064
06/05/2022 11:39:53.736 - oc_logger - INFO - New record achieved. Previous FoM: 0.004299200333320208, new best FoM : 0.004228963390303875
06/05/2022 11:39:53.736 - oc_logger - INFO - Function evaluation number: 180, SI: 1, Sub-iteration number: 106, FoM: 0.004228963390303875
06/05/2022 11:39:54.041 - oc_logger - INFO - New record achieved. Previous FoM: 0.004228963390303875, new best FoM : 0.004171562443792909
06/05/2022 11:39:54.041 - oc_logger - INFO - Function evaluation number: 181, SI: 1, Sub-iteration number: 106, FoM: 0.004171562443792909
06/05/2022 11:39:54.382 - oc_logger - INFO - Function evaluation number: 182, SI: 1, Sub-iteration number: 107, FoM: 0.004229032729049065
06/05/2022 11:39:54.664 - oc_logger - INFO - Function evaluation number: 183, SI: 1, Sub-iteration number: 108, FoM: 0.004192927256852608
06/05/2022 11:39:54.950 - oc_logger - INFO - New record achieved. Previous FoM: 0.004171562443792909, new best FoM : 0.004094866416085363
06/05/2022 11:39:54.950 - oc_logger - INFO - Function evaluation number: 184, SI: 1, Sub-iteration number: 109, FoM: 0.004094866416085363
06/05/2022 11:39:55.291 - oc_logger - INFO - New record achieved. Previous FoM: 0.004094866416085363, new best FoM : 0.004063496640684061
06/05/2022 11:39:55.291 - oc_logger - INFO - Function evaluation number: 185, SI: 1, Sub-iteration number: 109, FoM: 0.004063496640684061
06/05/2022 11:39:55.604 - oc_logger - INFO - New record achieved. Previous FoM: 0.004063496640684061, new best FoM : 0.004034506336298982
06/05/2022 11:39:55.604 - oc_logger - INFO - Function evaluation number: 186, SI: 1, Sub-iteration number: 110, FoM: 0.004034506336298982
06/05/2022 11:39:55.989 - oc_logger - INFO - New record achieved. Previous FoM: 0.004034506336298982, new best FoM : 0.004003041161316001
06/05/2022 11:39:55.989 - oc_logger - INFO - Function evaluation number: 187, SI: 1, Sub-iteration number: 110, FoM: 0.004003041161316001
06/05/2022 11:39:56.367 - oc_logger - INFO - New record achieved. Previous FoM: 0.004003041161316001, new best FoM : 0.003989457381400996
06/05/2022 11:39:56.367 - oc_logger - INFO - Function evaluation number: 188, SI: 1, Sub-iteration number: 111, FoM: 0.003989457381400996
06/05/2022 11:39:56.716 - oc_logger - INFO - New record achieved. Previous FoM: 0.003989457381400996, new best FoM : 0.0039707941005753256
06/05/2022 11:39:56.716 - oc_logger - INFO - Function evaluation number: 189, SI: 1, Sub-iteration number: 111, FoM: 0.0039707941005753256
06/05/2022 11:39:57.045 - oc_logger - INFO - Function evaluation number: 190, SI: 1, Sub-iteration number: 112, FoM: 0.004009923259025716
06/05/2022 11:39:57.416 - oc_logger - INFO - New record achieved. Previous FoM: 0.0039707941005753256, new best FoM : 0.003945031444284153
06/05/2022 11:39:57.416 - oc_logger - INFO - Function evaluation number: 191, SI: 1, Sub-iteration number: 113, FoM: 0.003945031444284153
06/05/2022 11:39:57.677 - oc_logger - INFO - New record achieved. Previous FoM: 0.003945031444284153, new best FoM : 0.00393209385178539
06/05/2022 11:39:57.677 - oc_logger - INFO - Function evaluation number: 192, SI: 1, Sub-iteration number: 113, FoM: 0.00393209385178539
06/05/2022 11:39:58.015 - oc_logger - INFO - Function evaluation number: 193, SI: 1, Sub-iteration number: 114, FoM: 0.0039555682994710795
06/05/2022 11:39:58.352 - oc_logger - INFO - New record achieved. Previous FoM: 0.00393209385178539, new best FoM : 0.003917451745735434
06/05/2022 11:39:58.352 - oc_logger - INFO - Function evaluation number: 194, SI: 1, Sub-iteration number: 115, FoM: 0.003917451745735434
06/05/2022 11:39:58.689 - oc_logger - INFO - New record achieved. Previous FoM: 0.003917451745735434, new best FoM : 0.003909404797705296
06/05/2022 11:39:58.689 - oc_logger - INFO - Function evaluation number: 195, SI: 1, Sub-iteration number: 115, FoM: 0.003909404797705296
06/05/2022 11:39:59.032 - oc_logger - INFO - Function evaluation number: 196, SI: 1, Sub-iteration number: 116, FoM: 0.003927888441241478
06/05/2022 11:39:59.374 - oc_logger - INFO - Function evaluation number: 197, SI: 1, Sub-iteration number: 117, FoM: 0.003946210336726486
06/05/2022 11:39:59.703 - oc_logger - INFO - Function evaluation number: 198, SI: 1, Sub-iteration number: 118, FoM: 0.003926277285785318
06/05/2022 11:40:00.131 - oc_logger - INFO - New record achieved. Previous FoM: 0.003909404797705296, new best FoM : 0.00387457168342642
06/05/2022 11:40:00.131 - oc_logger - INFO - Function evaluation number: 199, SI: 1, Sub-iteration number: 119, FoM: 0.00387457168342642
06/05/2022 11:40:00.530 - oc_logger - INFO - New record achieved. Previous FoM: 0.00387457168342642, new best FoM : 0.003861249769725461
06/05/2022 11:40:00.530 - oc_logger - INFO - Function evaluation number: 200, SI: 1, Sub-iteration number: 119, FoM: 0.003861249769725461
06/05/2022 11:40:00.871 - oc_logger - INFO - Function evaluation number: 201, SI: 1, Sub-iteration number: 120, FoM: 0.0038911909639421927
06/05/2022 11:40:01.245 - oc_logger - INFO - New record achieved. Previous FoM: 0.003861249769725461, new best FoM : 0.003848940444901916
06/05/2022 11:40:01.245 - oc_logger - INFO - Function evaluation number: 202, SI: 1, Sub-iteration number: 121, FoM: 0.003848940444901916
06/05/2022 11:40:01.601 - oc_logger - INFO - New record achieved. Previous FoM: 0.003848940444901916, new best FoM : 0.0038345941607423883
06/05/2022 11:40:01.601 - oc_logger - INFO - Function evaluation number: 203, SI: 1, Sub-iteration number: 121, FoM: 0.0038345941607423883
06/05/2022 11:40:01.923 - oc_logger - INFO - Function evaluation number: 204, SI: 1, Sub-iteration number: 122, FoM: 0.0038564476373632584
06/05/2022 11:40:02.212 - oc_logger - INFO - Function evaluation number: 205, SI: 1, Sub-iteration number: 123, FoM: 0.003865351385078375
06/05/2022 11:40:02.550 - oc_logger - INFO - Function evaluation number: 206, SI: 1, Sub-iteration number: 124, FoM: 0.003844377089568529
06/05/2022 11:40:02.967 - oc_logger - INFO - Function evaluation number: 207, SI: 1, Sub-iteration number: 125, FoM: 0.003840562576742923
06/05/2022 11:40:03.307 - oc_logger - INFO - New record achieved. Previous FoM: 0.0038345941607423883, new best FoM : 0.003810837369061182
06/05/2022 11:40:03.308 - oc_logger - INFO - Function evaluation number: 208, SI: 1, Sub-iteration number: 126, FoM: 0.003810837369061182
06/05/2022 11:40:03.660 - oc_logger - INFO - New record achieved. Previous FoM: 0.003810837369061182, new best FoM : 0.0038011807871005665
06/05/2022 11:40:03.660 - oc_logger - INFO - Function evaluation number: 209, SI: 1, Sub-iteration number: 126, FoM: 0.0038011807871005665
06/05/2022 11:40:04.004 - oc_logger - INFO - New record achieved. Previous FoM: 0.0038011807871005665, new best FoM : 0.0037693526942823574
06/05/2022 11:40:04.004 - oc_logger - INFO - Function evaluation number: 210, SI: 1, Sub-iteration number: 127, FoM: 0.0037693526942823574
06/05/2022 11:40:04.348 - oc_logger - INFO - New record achieved. Previous FoM: 0.0037693526942823574, new best FoM : 0.003752528857626669
06/05/2022 11:40:04.349 - oc_logger - INFO - Function evaluation number: 211, SI: 1, Sub-iteration number: 127, FoM: 0.003752528857626669
06/05/2022 11:40:04.640 - oc_logger - INFO - Function evaluation number: 212, SI: 1, Sub-iteration number: 128, FoM: 0.0037594595135799214
06/05/2022 11:40:04.980 - oc_logger - INFO - Function evaluation number: 213, SI: 1, Sub-iteration number: 129, FoM: 0.0038073106872644757
06/05/2022 11:40:05.320 - oc_logger - INFO - Function evaluation number: 214, SI: 1, Sub-iteration number: 130, FoM: 0.0037543798295782693
06/05/2022 11:40:05.659 - oc_logger - INFO - New record achieved. Previous FoM: 0.003752528857626669, new best FoM : 0.0037414062257052905
06/05/2022 11:40:05.660 - oc_logger - INFO - Function evaluation number: 215, SI: 1, Sub-iteration number: 131, FoM: 0.0037414062257052905
06/05/2022 11:40:05.999 - oc_logger - INFO - New record achieved. Previous FoM: 0.0037414062257052905, new best FoM : 0.0037282230911663827
06/05/2022 11:40:05.999 - oc_logger - INFO - Function evaluation number: 216, SI: 1, Sub-iteration number: 131, FoM: 0.0037282230911663827
06/05/2022 11:40:06.343 - oc_logger - INFO - New record achieved. Previous FoM: 0.0037282230911663827, new best FoM : 0.0037188115659790855
06/05/2022 11:40:06.343 - oc_logger - INFO - Function evaluation number: 217, SI: 1, Sub-iteration number: 132, FoM: 0.0037188115659790855
06/05/2022 11:40:06.641 - oc_logger - INFO - New record achieved. Previous FoM: 0.0037188115659790855, new best FoM : 0.003703697839260167
06/05/2022 11:40:06.641 - oc_logger - INFO - Function evaluation number: 218, SI: 1, Sub-iteration number: 132, FoM: 0.003703697839260167
06/05/2022 11:40:06.893 - oc_logger - INFO - Function evaluation number: 219, SI: 1, Sub-iteration number: 133, FoM: 0.003709045904259245
06/05/2022 11:40:07.141 - oc_logger - INFO - New record achieved. Previous FoM: 0.003703697839260167, new best FoM : 0.0036719757765476535
06/05/2022 11:40:07.141 - oc_logger - INFO - Function evaluation number: 220, SI: 1, Sub-iteration number: 134, FoM: 0.0036719757765476535
06/05/2022 11:40:07.394 - oc_logger - INFO - Function evaluation number: 221, SI: 1, Sub-iteration number: 134, FoM: 0.003673702808201562
06/05/2022 11:40:07.642 - oc_logger - INFO - Function evaluation number: 222, SI: 1, Sub-iteration number: 135, FoM: 0.0036941112939731235
06/05/2022 11:40:07.940 - oc_logger - INFO - New record achieved. Previous FoM: 0.0036719757765476535, new best FoM : 0.0036683759157508655
06/05/2022 11:40:07.940 - oc_logger - INFO - Function evaluation number: 223, SI: 1, Sub-iteration number: 136, FoM: 0.0036683759157508655
06/05/2022 11:40:08.351 - oc_logger - INFO - Function evaluation number: 224, SI: 1, Sub-iteration number: 136, FoM: 0.0036683759157508655
06/05/2022 11:40:08.771 - oc_logger - INFO - Function evaluation number: 225, SI: 1, Sub-iteration number: 137, FoM: 0.00367226687626776
06/05/2022 11:40:09.187 - oc_logger - INFO - Function evaluation number: 226, SI: 1, Sub-iteration number: 138, FoM: 0.003673069090295855
06/05/2022 11:40:09.554 - oc_logger - INFO - Function evaluation number: 227, SI: 1, Sub-iteration number: 139, FoM: 0.0036683759157508655
06/05/2022 11:40:09.890 - oc_logger - INFO - Function evaluation number: 228, SI: 1, Sub-iteration number: 140, FoM: 0.003700846081590603
06/05/2022 11:40:10.230 - oc_logger - INFO - Function evaluation number: 229, SI: 1, Sub-iteration number: 141, FoM: 0.0036683759157508655
06/05/2022 11:40:10.571 - oc_logger - INFO - Function evaluation number: 230, SI: 1, Sub-iteration number: 142, FoM: 0.003681601591572048
06/05/2022 11:40:10.911 - oc_logger - INFO - Function evaluation number: 231, SI: 1, Sub-iteration number: 143, FoM: 0.0036683759157508655
06/05/2022 11:40:11.251 - oc_logger - INFO - Function evaluation number: 232, SI: 1, Sub-iteration number: 144, FoM: 0.0036683759157508655
06/05/2022 11:40:11.589 - oc_logger - INFO - Function evaluation number: 233, SI: 1, Sub-iteration number: 145, FoM: 0.0037086383550877233
06/05/2022 11:40:11.906 - oc_logger - INFO - Function evaluation number: 234, SI: 1, Sub-iteration number: 145, FoM: 0.0036737395280558305
06/05/2022 11:40:12.245 - oc_logger - INFO - Function evaluation number: 235, SI: 1, Sub-iteration number: 146, FoM: 0.003681401218169289
06/05/2022 11:40:12.586 - oc_logger - INFO - Function evaluation number: 236, SI: 1, Sub-iteration number: 146, FoM: 0.0036683759157508655
06/05/2022 11:40:12.925 - oc_logger - INFO - Function evaluation number: 237, SI: 1, Sub-iteration number: 147, FoM: 0.0036683759157508655
06/05/2022 11:40:13.262 - oc_logger - INFO - Function evaluation number: 238, SI: 1, Sub-iteration number: 148, FoM: 0.0036683759157508655
06/05/2022 11:40:13.262 - oc_logger - INFO - SI 1 finished - Number of evaluations: 238, Best FoM: 0.0036683759157508655, Terminate reason: Convergence of the FoM.

06/05/2022 11:40:13.262 - oc_logger - INFO - Direct search start time has been reset.
06/05/2022 11:40:13.604 - oc_logger - INFO - Function evaluation number: 239, SI: 2, Sub-iteration number: 0, FoM: 0.0036683759157508655
06/05/2022 11:40:13.878 - oc_logger - INFO - Function evaluation number: 240, SI: 2, Sub-iteration number: 0, FoM: 0.0036683759157508655
06/05/2022 11:40:14.256 - oc_logger - INFO - Function evaluation number: 241, SI: 2, Sub-iteration number: 0, FoM: 0.0036683759157508655
06/05/2022 11:40:14.595 - oc_logger - INFO - Function evaluation number: 242, SI: 2, Sub-iteration number: 0, FoM: 0.0036683759157508655
06/05/2022 11:40:14.971 - oc_logger - INFO - Function evaluation number: 243, SI: 2, Sub-iteration number: 0, FoM: 0.0036683759157508655
06/05/2022 11:40:15.361 - oc_logger - INFO - Function evaluation number: 244, SI: 2, Sub-iteration number: 0, FoM: 0.0036683759157508655
06/05/2022 11:40:15.733 - oc_logger - INFO - Function evaluation number: 245, SI: 2, Sub-iteration number: 0, FoM: 0.0036683759157508655
06/05/2022 11:40:16.074 - oc_logger - INFO - Function evaluation number: 246, SI: 2, Sub-iteration number: 0, FoM: 0.0036683759157508655
06/05/2022 11:40:16.415 - oc_logger - INFO - Function evaluation number: 247, SI: 2, Sub-iteration number: 0, FoM: 0.0036683759157508655
06/05/2022 11:40:16.762 - oc_logger - INFO - Function evaluation number: 248, SI: 2, Sub-iteration number: 1, FoM: 0.0036683759157508655
06/05/2022 11:40:17.165 - oc_logger - INFO - Function evaluation number: 249, SI: 2, Sub-iteration number: 1, FoM: 0.0036683759157508655
06/05/2022 11:40:17.577 - oc_logger - INFO - Function evaluation number: 250, SI: 2, Sub-iteration number: 1, FoM: 0.0036683759157508655
06/05/2022 11:40:17.920 - oc_logger - INFO - Function evaluation number: 251, SI: 2, Sub-iteration number: 1, FoM: 0.0036683759157508655
06/05/2022 11:40:18.187 - oc_logger - INFO - Function evaluation number: 252, SI: 2, Sub-iteration number: 1, FoM: 0.0036683759157508655
06/05/2022 11:40:18.518 - oc_logger - INFO - Function evaluation number: 253, SI: 2, Sub-iteration number: 1, FoM: 0.0036683759157508655
06/05/2022 11:40:18.789 - oc_logger - INFO - Function evaluation number: 254, SI: 2, Sub-iteration number: 1, FoM: 0.0036683759157508655
06/05/2022 11:40:19.082 - oc_logger - INFO - Function evaluation number: 255, SI: 2, Sub-iteration number: 1, FoM: 0.0036683759157508655
06/05/2022 11:40:19.422 - oc_logger - INFO - Function evaluation number: 256, SI: 2, Sub-iteration number: 1, FoM: 0.0036683759157508655
06/05/2022 11:40:19.721 - oc_logger - INFO - Function evaluation number: 257, SI: 2, Sub-iteration number: 1, FoM: 0.0036683759157508655
06/05/2022 11:40:19.721 - oc_logger - INFO - SI 2 finished - Number of evaluations: 19, Best FoM: 0.0036683759157508655, Terminate reason: Convergence of the FoM.

06/05/2022 11:40:19.722 - oc_logger - INFO - Direct search start time has been reset.
06/05/2022 11:40:20.021 - oc_logger - INFO - Function evaluation number: 258, SI: 3, Sub-iteration number: 0, FoM: 0.0036683759157508655
06/05/2022 11:40:20.358 - oc_logger - INFO - Function evaluation number: 259, SI: 3, Sub-iteration number: 0, FoM: 0.0036683759157508655
06/05/2022 11:40:20.686 - oc_logger - INFO - Function evaluation number: 260, SI: 3, Sub-iteration number: 0, FoM: 0.0036683759157508655
06/05/2022 11:40:20.969 - oc_logger - INFO - Function evaluation number: 261, SI: 3, Sub-iteration number: 0, FoM: 0.0036683759157508655
06/05/2022 11:40:21.314 - oc_logger - INFO - Function evaluation number: 262, SI: 3, Sub-iteration number: 0, FoM: 0.0036683759157508655
06/05/2022 11:40:21.655 - oc_logger - INFO - Function evaluation number: 263, SI: 3, Sub-iteration number: 0, FoM: 0.0036683759157508655
06/05/2022 11:40:21.931 - oc_logger - INFO - Function evaluation number: 264, SI: 3, Sub-iteration number: 0, FoM: 0.0036683759157508655
06/05/2022 11:40:22.253 - oc_logger - INFO - Function evaluation number: 265, SI: 3, Sub-iteration number: 0, FoM: 0.0036683759157508655
06/05/2022 11:40:22.580 - oc_logger - INFO - Function evaluation number: 266, SI: 3, Sub-iteration number: 0, FoM: 0.0036683759157508655
06/05/2022 11:40:22.901 - oc_logger - INFO - Function evaluation number: 267, SI: 3, Sub-iteration number: 1, FoM: 0.0036683759157508655
06/05/2022 11:40:23.240 - oc_logger - INFO - Function evaluation number: 268, SI: 3, Sub-iteration number: 1, FoM: 0.0036683759157508655
06/05/2022 11:40:23.577 - oc_logger - INFO - Function evaluation number: 269, SI: 3, Sub-iteration number: 1, FoM: 0.0036683759157508655
06/05/2022 11:40:23.889 - oc_logger - INFO - Function evaluation number: 270, SI: 3, Sub-iteration number: 1, FoM: 0.0036683759157508655
06/05/2022 11:40:24.300 - oc_logger - INFO - Function evaluation number: 271, SI: 3, Sub-iteration number: 1, FoM: 0.0036683759157508655
06/05/2022 11:40:24.686 - oc_logger - INFO - Function evaluation number: 272, SI: 3, Sub-iteration number: 1, FoM: 0.0036683759157508655
06/05/2022 11:40:24.987 - oc_logger - INFO - Function evaluation number: 273, SI: 3, Sub-iteration number: 1, FoM: 0.0036683759157508655
06/05/2022 11:40:25.316 - oc_logger - INFO - Function evaluation number: 274, SI: 3, Sub-iteration number: 1, FoM: 0.0036683759157508655
06/05/2022 11:40:25.614 - oc_logger - INFO - Function evaluation number: 275, SI: 3, Sub-iteration number: 1, FoM: 0.0036683759157508655
06/05/2022 11:40:25.894 - oc_logger - INFO - Function evaluation number: 276, SI: 3, Sub-iteration number: 1, FoM: 0.0036683759157508655
06/05/2022 11:40:25.894 - oc_logger - INFO - SI 3 finished - Number of evaluations: 19, Best FoM: 0.0036683759157508655, Terminate reason: Convergence of the FoM.

06/05/2022 11:40:25.894 - oc_logger - INFO - Figure of merit : 0.0036683759157508655
06/05/2022 11:40:25.894 - oc_logger - INFO - Std : 0.0
06/05/2022 11:40:25.894 - oc_logger - INFO - total number of function evaluations : 276
06/05/2022 11:40:25.894 - oc_logger - INFO - dcrab_freq_list : [array([[ 1.51940013,  6.66333883,  8.53352305, 14.49356297]]), array([[ 0.92781983,  4.23720717,  9.65019489, 14.64189675]]), array([[ 0.78794797,  5.17274556, 11.13050518, 14.24080375]])]
06/05/2022 11:40:25.894 - oc_logger - INFO - dcrab_para_list : [array([-205.80748379,   65.70400512,   17.23171317,   57.70828057,
        -25.81746424,    7.91942937,   29.5664942 ,  -10.43547526]), array([0., 0., 0., 0., 0., 0., 0., 0.]), array([0., 0., 0., 0., 0., 0., 0., 0.])]
06/05/2022 11:40:25.894 - oc_logger - INFO - terminate_reason : Convergence of the FoM.
