06/08/2022 08:11:19.700 - oc_logger - INFO - The optimization direction is minimization
06/08/2022 08:11:19.700 - oc_logger - INFO - QuOCS version number: 0.0.22
06/08/2022 08:11:19.732 - oc_logger - INFO - Function evaluation number: 1, FoM: 0.5936875247790295
06/08/2022 08:11:19.738 - oc_logger - INFO - Function evaluation number: 2, FoM: 0.5507224570663127
06/08/2022 08:11:19.742 - oc_logger - INFO - Function evaluation number: 3, FoM: 0.5748437567946616
06/08/2022 08:11:19.747 - oc_logger - INFO - Function evaluation number: 4, FoM: 0.5277125781130236
06/08/2022 08:11:19.751 - oc_logger - INFO - Function evaluation number: 5, FoM: 0.48818186669289787
06/08/2022 08:11:19.754 - oc_logger - INFO - Function evaluation number: 6, FoM: 0.45736291067787593
06/08/2022 08:11:19.758 - oc_logger - INFO - Function evaluation number: 7, FoM: 0.38692157579343633
06/08/2022 08:11:19.763 - oc_logger - INFO - Function evaluation number: 8, FoM: 0.3072923467018621
06/08/2022 08:11:19.767 - oc_logger - INFO - Function evaluation number: 9, FoM: 0.17236274256900574
06/08/2022 08:11:19.771 - oc_logger - INFO - Function evaluation number: 10, FoM: 0.0733541240073412
06/08/2022 08:11:19.774 - oc_logger - INFO - Function evaluation number: 11, FoM: 0.0565745740078174
06/08/2022 08:11:19.778 - oc_logger - INFO - Function evaluation number: 12, FoM: 0.06310225227038546
06/08/2022 08:11:19.785 - oc_logger - INFO - Function evaluation number: 13, FoM: 0.15153543713346906
06/08/2022 08:11:19.788 - oc_logger - INFO - Function evaluation number: 14, FoM: 0.016523653524565862
06/08/2022 08:11:19.792 - oc_logger - INFO - Function evaluation number: 15, FoM: 0.07595592209611368
06/08/2022 08:11:19.796 - oc_logger - INFO - Function evaluation number: 16, FoM: 0.06928416331330522
06/08/2022 08:11:19.799 - oc_logger - INFO - Function evaluation number: 17, FoM: 0.07350019623418769
06/08/2022 08:11:19.802 - oc_logger - INFO - Function evaluation number: 18, FoM: 0.043712450122957325
06/08/2022 08:11:19.806 - oc_logger - INFO - Function evaluation number: 19, FoM: 0.05620459968536151
06/08/2022 08:11:19.810 - oc_logger - INFO - Function evaluation number: 20, FoM: 0.007656814691182845
06/08/2022 08:11:19.815 - oc_logger - INFO - Function evaluation number: 21, FoM: 0.04659050785418095
06/08/2022 08:11:19.819 - oc_logger - INFO - Function evaluation number: 22, FoM: 0.026013441318757824
06/08/2022 08:11:19.822 - oc_logger - INFO - Function evaluation number: 23, FoM: 0.019404799482407586
06/08/2022 08:11:19.826 - oc_logger - INFO - Function evaluation number: 24, FoM: 0.006877141026533806
06/08/2022 08:11:19.830 - oc_logger - INFO - Function evaluation number: 25, FoM: 0.034430756581405486
06/08/2022 08:11:19.836 - oc_logger - INFO - Function evaluation number: 26, FoM: 0.005070835648979699
06/08/2022 08:11:19.839 - oc_logger - INFO - Function evaluation number: 27, FoM: 0.0057844246769684915
06/08/2022 08:11:19.843 - oc_logger - INFO - Function evaluation number: 28, FoM: 0.016849554025762936
06/08/2022 08:11:19.846 - oc_logger - INFO - Function evaluation number: 29, FoM: 0.0006159990635279389
06/08/2022 08:11:19.851 - oc_logger - INFO - Function evaluation number: 30, FoM: 0.0013650482942384468
06/08/2022 08:11:19.855 - oc_logger - INFO - Function evaluation number: 31, FoM: 0.007265907090657553
06/08/2022 08:11:19.859 - oc_logger - INFO - Function evaluation number: 32, FoM: 0.002068019753158179
06/08/2022 08:11:19.862 - oc_logger - INFO - Function evaluation number: 33, FoM: 0.004100968778176561
06/08/2022 08:11:19.866 - oc_logger - INFO - Function evaluation number: 34, FoM: 0.0005460776733516859
06/08/2022 08:11:19.871 - oc_logger - INFO - Function evaluation number: 35, FoM: 0.0012831021328105763
06/08/2022 08:11:19.875 - oc_logger - INFO - Function evaluation number: 36, FoM: 0.000626320609399933
06/08/2022 08:11:19.877 - oc_logger - INFO - Function evaluation number: 37, FoM: 0.0006977565914029205
06/08/2022 08:11:19.881 - oc_logger - INFO - Function evaluation number: 38, FoM: 0.0002966152065071448
06/08/2022 08:11:19.884 - oc_logger - INFO - Function evaluation number: 39, FoM: 0.0014528439747747424
06/08/2022 08:11:19.888 - oc_logger - INFO - Function evaluation number: 40, FoM: 9.650256632942611e-05
06/08/2022 08:11:19.891 - oc_logger - INFO - Function evaluation number: 41, FoM: 0.0003472753595089584
06/08/2022 08:11:19.895 - oc_logger - INFO - Function evaluation number: 42, FoM: 0.00012335524505102669
06/08/2022 08:11:19.900 - oc_logger - INFO - Function evaluation number: 43, FoM: 0.0005173497681576489
06/08/2022 08:11:19.904 - oc_logger - INFO - Function evaluation number: 44, FoM: 9.347486636279712e-05
06/08/2022 08:11:19.907 - oc_logger - INFO - Function evaluation number: 45, FoM: 0.00012019556231668282
06/08/2022 08:11:19.910 - oc_logger - INFO - Function evaluation number: 46, FoM: 5.9383442871263625e-05
06/08/2022 08:11:19.914 - oc_logger - INFO - Function evaluation number: 47, FoM: 0.0002492036527055319
06/08/2022 08:11:19.917 - oc_logger - INFO - Function evaluation number: 48, FoM: 1.0007506306086711e-05
06/08/2022 08:11:19.919 - oc_logger - INFO - Figure of merit : 1.0007506306086711e-05
06/08/2022 08:11:19.919 - oc_logger - INFO - parameters : [ 6.97183105 -1.03381611]
06/08/2022 08:11:19.919 - oc_logger - INFO - terminate_reason : Convergence of the simplex.
