06/08/2022 10:34:40.122 - oc_logger - INFO - The optimization direction is minimization
06/08/2022 10:34:40.122 - oc_logger - INFO - QuOCS version number: 0.0.22
06/08/2022 10:34:41.007 - oc_logger - INFO - Function evaluation number: 1, FoM: 0.59368752477903
06/08/2022 10:34:41.522 - oc_logger - INFO - Function evaluation number: 2, FoM: 0.5466917861481964
06/08/2022 10:34:42.040 - oc_logger - INFO - Function evaluation number: 3, FoM: 0.6014346603122438
06/08/2022 10:34:42.504 - oc_logger - INFO - Function evaluation number: 4, FoM: 0.5367382159600504
06/08/2022 10:34:42.967 - oc_logger - INFO - Function evaluation number: 5, FoM: 0.497651796970768
06/08/2022 10:34:43.389 - oc_logger - INFO - Function evaluation number: 6, FoM: 0.43416973178028906
06/08/2022 10:34:43.868 - oc_logger - INFO - Function evaluation number: 7, FoM: 0.33385147410677785
06/08/2022 10:34:44.287 - oc_logger - INFO - Function evaluation number: 8, FoM: 0.27088705117037637
06/08/2022 10:34:44.704 - oc_logger - INFO - Function evaluation number: 9, FoM: 0.12499898140481935
06/08/2022 10:34:45.145 - oc_logger - INFO - Function evaluation number: 10, FoM: 0.009008143295474724
06/08/2022 10:34:45.622 - oc_logger - INFO - Function evaluation number: 11, FoM: 0.06966095798816485
06/08/2022 10:34:46.057 - oc_logger - INFO - Function evaluation number: 12, FoM: 0.07478604725945215
06/08/2022 10:34:46.491 - oc_logger - INFO - Function evaluation number: 13, FoM: 0.03481000378438637
06/08/2022 10:34:46.925 - oc_logger - INFO - Function evaluation number: 14, FoM: 0.07294544854593221
06/08/2022 10:34:47.408 - oc_logger - INFO - Function evaluation number: 15, FoM: 0.07379214760930863
06/08/2022 10:34:47.816 - oc_logger - INFO - Function evaluation number: 16, FoM: 0.07438131567256479
06/08/2022 10:34:48.230 - oc_logger - INFO - Function evaluation number: 17, FoM: 0.05720435736308227
06/08/2022 10:34:48.716 - oc_logger - INFO - Function evaluation number: 18, FoM: 0.05097678215163737
06/08/2022 10:34:49.135 - oc_logger - INFO - Function evaluation number: 19, FoM: 0.14187387408465635
06/08/2022 10:34:49.560 - oc_logger - INFO - Function evaluation number: 20, FoM: 0.026056406779372265
06/08/2022 10:34:49.981 - oc_logger - INFO - Function evaluation number: 21, FoM: 0.06119979649519225
06/08/2022 10:34:50.443 - oc_logger - INFO - Function evaluation number: 22, FoM: 0.01372386496028466
06/08/2022 10:34:50.858 - oc_logger - INFO - Function evaluation number: 23, FoM: 0.035483544411510914
06/08/2022 10:34:51.284 - oc_logger - INFO - Function evaluation number: 24, FoM: 0.012747432119784685
06/08/2022 10:34:51.708 - oc_logger - INFO - Function evaluation number: 25, FoM: 0.031886055663629564
06/08/2022 10:34:52.184 - oc_logger - INFO - Function evaluation number: 26, FoM: 0.0009824141662280184
06/08/2022 10:34:52.595 - oc_logger - INFO - Function evaluation number: 27, FoM: 0.005072799783444326
06/08/2022 10:34:53.008 - oc_logger - INFO - Function evaluation number: 28, FoM: 0.015899248761559126
06/08/2022 10:34:53.473 - oc_logger - INFO - Function evaluation number: 29, FoM: 0.003106769182715352
06/08/2022 10:34:53.901 - oc_logger - INFO - Function evaluation number: 30, FoM: 0.0069975960386403635
06/08/2022 10:34:54.324 - oc_logger - INFO - Function evaluation number: 31, FoM: 0.0019716077286493494
06/08/2022 10:34:54.751 - oc_logger - INFO - Function evaluation number: 32, FoM: 0.006180216948286521
06/08/2022 10:34:55.226 - oc_logger - INFO - Function evaluation number: 33, FoM: 0.0008306657730301481
06/08/2022 10:34:55.641 - oc_logger - INFO - Function evaluation number: 34, FoM: 0.001802081591798288
06/08/2022 10:34:56.059 - oc_logger - INFO - Function evaluation number: 35, FoM: 0.0008670763355000943
06/08/2022 10:34:56.494 - oc_logger - INFO - Function evaluation number: 36, FoM: 0.002661171936391593
06/08/2022 10:34:56.967 - oc_logger - INFO - Function evaluation number: 37, FoM: 6.434855540560225e-05
06/08/2022 10:34:57.387 - oc_logger - INFO - Function evaluation number: 38, FoM: 0.0001013948629806638
06/08/2022 10:34:57.811 - oc_logger - INFO - Function evaluation number: 39, FoM: 0.0010010227996287702
06/08/2022 10:34:58.273 - oc_logger - INFO - Function evaluation number: 40, FoM: 0.0003745326843749286
06/08/2022 10:34:58.691 - oc_logger - INFO - Function evaluation number: 41, FoM: 0.0005413135981542361
06/08/2022 10:34:59.110 - oc_logger - INFO - Function evaluation number: 42, FoM: 0.00014601825316740147
06/08/2022 10:34:59.534 - oc_logger - INFO - Function evaluation number: 43, FoM: 0.0003119051376225812
06/08/2022 10:34:59.998 - oc_logger - INFO - Function evaluation number: 44, FoM: 3.1649174766279486e-05
06/08/2022 10:35:00.426 - oc_logger - INFO - Function evaluation number: 45, FoM: 6.834557708423894e-05
06/08/2022 10:35:00.842 - oc_logger - INFO - Function evaluation number: 46, FoM: 2.6059344984341593e-05
06/08/2022 10:35:01.250 - oc_logger - INFO - Function evaluation number: 47, FoM: 0.00012205000887255402
06/08/2022 10:35:01.711 - oc_logger - INFO - Function evaluation number: 48, FoM: 1.772438137837007e-05
06/08/2022 10:35:02.137 - oc_logger - INFO - Function evaluation number: 49, FoM: 2.3463235319653997e-05
06/08/2022 10:35:02.567 - oc_logger - INFO - Function evaluation number: 50, FoM: 6.720493798251237e-05
06/08/2022 10:35:03.033 - oc_logger - INFO - Function evaluation number: 51, FoM: 2.7494091112689745e-06
06/08/2022 10:35:03.453 - oc_logger - INFO - Function evaluation number: 52, FoM: 8.355375906266005e-06
06/08/2022 10:35:03.855 - oc_logger - INFO - Function evaluation number: 53, FoM: 2.8883437415583302e-05
06/08/2022 10:35:04.274 - oc_logger - INFO - Function evaluation number: 54, FoM: 6.070893371679098e-06
06/08/2022 10:35:04.744 - oc_logger - INFO - Function evaluation number: 55, FoM: 1.1801672670341823e-05
06/08/2022 10:35:05.167 - oc_logger - INFO - Function evaluation number: 56, FoM: 3.3677253248320937e-06
06/08/2022 10:35:05.580 - oc_logger - INFO - Function evaluation number: 57, FoM: 1.2203870596971811e-05
06/08/2022 10:35:06.030 - oc_logger - INFO - Function evaluation number: 58, FoM: 1.4998240330799106e-06
06/08/2022 10:35:06.032 - oc_logger - INFO - Figure of merit : 1.4998240330799106e-06
06/08/2022 10:35:06.033 - oc_logger - INFO - parameters : [ 5.67098991 -1.48204618]
06/08/2022 10:35:06.033 - oc_logger - INFO - terminate_reason : Convergence of the simplex.
