06/06/2022 06:29:51.097 - oc_logger - INFO - The optimization direction is minimization
06/06/2022 06:29:51.098 - oc_logger - INFO - QuOCS version number: 0.0.22
06/06/2022 06:29:51.098 - oc_logger - INFO - Direct search start time has been reset.
06/06/2022 06:29:51.101 - oc_logger - INFO - New record achieved. Previous FoM: 10000000000.0, new best FoM : 0.4785086816692401
06/06/2022 06:29:51.102 - oc_logger - INFO - Function evaluation number: 1, SI: 1, Sub-iteration number: 0, FoM: 0.4785086816692401
06/06/2022 06:29:51.107 - oc_logger - INFO - New record achieved. Previous FoM: 0.4785086816692401, new best FoM : 0.46473732689543845
06/06/2022 06:29:51.107 - oc_logger - INFO - Function evaluation number: 2, SI: 1, Sub-iteration number: 0, FoM: 0.46473732689543845
06/06/2022 06:29:51.111 - oc_logger - INFO - Function evaluation number: 3, SI: 1, Sub-iteration number: 0, FoM: 0.48860599678147165
06/06/2022 06:29:51.113 - oc_logger - INFO - New record achieved. Previous FoM: 0.46473732689543845, new best FoM : 0.45316575106828194
06/06/2022 06:29:51.113 - oc_logger - INFO - Function evaluation number: 4, SI: 1, Sub-iteration number: 1, FoM: 0.45316575106828194
06/06/2022 06:29:51.117 - oc_logger - INFO - New record achieved. Previous FoM: 0.45316575106828194, new best FoM : 0.4328578031581095
06/06/2022 06:29:51.117 - oc_logger - INFO - Function evaluation number: 5, SI: 1, Sub-iteration number: 1, FoM: 0.4328578031581095
06/06/2022 06:29:51.120 - oc_logger - INFO - New record achieved. Previous FoM: 0.4328578031581095, new best FoM : 0.41550162151941916
06/06/2022 06:29:51.120 - oc_logger - INFO - Function evaluation number: 6, SI: 1, Sub-iteration number: 2, FoM: 0.41550162151941916
06/06/2022 06:29:51.123 - oc_logger - INFO - New record achieved. Previous FoM: 0.41550162151941916, new best FoM : 0.37790838523191883
06/06/2022 06:29:51.124 - oc_logger - INFO - Function evaluation number: 7, SI: 1, Sub-iteration number: 2, FoM: 0.37790838523191883
06/06/2022 06:29:51.127 - oc_logger - INFO - New record achieved. Previous FoM: 0.37790838523191883, new best FoM : 0.3378719597337251
06/06/2022 06:29:51.127 - oc_logger - INFO - Function evaluation number: 8, SI: 1, Sub-iteration number: 3, FoM: 0.3378719597337251
06/06/2022 06:29:51.131 - oc_logger - INFO - New record achieved. Previous FoM: 0.3378719597337251, new best FoM : 0.26355138764307084
06/06/2022 06:29:51.131 - oc_logger - INFO - Function evaluation number: 9, SI: 1, Sub-iteration number: 3, FoM: 0.26355138764307084
06/06/2022 06:29:51.134 - oc_logger - INFO - New record achieved. Previous FoM: 0.26355138764307084, new best FoM : 0.1979797275605183
06/06/2022 06:29:51.135 - oc_logger - INFO - Function evaluation number: 10, SI: 1, Sub-iteration number: 4, FoM: 0.1979797275605183
06/06/2022 06:29:51.138 - oc_logger - INFO - New record achieved. Previous FoM: 0.1979797275605183, new best FoM : 0.08453149804513249
06/06/2022 06:29:51.138 - oc_logger - INFO - Function evaluation number: 11, SI: 1, Sub-iteration number: 4, FoM: 0.08453149804513249
06/06/2022 06:29:51.141 - oc_logger - INFO - New record achieved. Previous FoM: 0.08453149804513249, new best FoM : 0.008674001455519664
06/06/2022 06:29:51.141 - oc_logger - INFO - Function evaluation number: 12, SI: 1, Sub-iteration number: 5, FoM: 0.008674001455519664
06/06/2022 06:29:51.145 - oc_logger - INFO - New record achieved. Previous FoM: 0.008674001455519664, new best FoM : 0.007034192400179995
06/06/2022 06:29:51.145 - oc_logger - INFO - Function evaluation number: 13, SI: 1, Sub-iteration number: 5, FoM: 0.007034192400179995
06/06/2022 06:29:51.148 - oc_logger - INFO - Function evaluation number: 14, SI: 1, Sub-iteration number: 6, FoM: 0.11517246781428225
06/06/2022 06:29:51.150 - oc_logger - INFO - New record achieved. Previous FoM: 0.007034192400179995, new best FoM : 0.002160282496609378
06/06/2022 06:29:51.151 - oc_logger - INFO - Function evaluation number: 15, SI: 1, Sub-iteration number: 6, FoM: 0.002160282496609378
06/06/2022 06:29:51.154 - oc_logger - INFO - Function evaluation number: 16, SI: 1, Sub-iteration number: 7, FoM: 0.26031774234869165
06/06/2022 06:29:51.156 - oc_logger - INFO - Function evaluation number: 17, SI: 1, Sub-iteration number: 7, FoM: 0.010495834116008185
06/06/2022 06:29:51.159 - oc_logger - INFO - Function evaluation number: 18, SI: 1, Sub-iteration number: 8, FoM: 0.10030014781088303
06/06/2022 06:29:51.161 - oc_logger - INFO - Function evaluation number: 19, SI: 1, Sub-iteration number: 8, FoM: 0.021195711470088918
06/06/2022 06:29:51.164 - oc_logger - INFO - Function evaluation number: 20, SI: 1, Sub-iteration number: 8, FoM: 0.0046795908642343065
06/06/2022 06:29:51.166 - oc_logger - INFO - Function evaluation number: 21, SI: 1, Sub-iteration number: 8, FoM: 0.021015766137211678
06/06/2022 06:29:51.169 - oc_logger - INFO - Function evaluation number: 22, SI: 1, Sub-iteration number: 9, FoM: 0.039539829156248096
06/06/2022 06:29:51.171 - oc_logger - INFO - Function evaluation number: 23, SI: 1, Sub-iteration number: 9, FoM: 0.01558951681272025
06/06/2022 06:29:51.173 - oc_logger - INFO - Function evaluation number: 24, SI: 1, Sub-iteration number: 10, FoM: 0.01510590781422827
06/06/2022 06:29:51.176 - oc_logger - INFO - Function evaluation number: 25, SI: 1, Sub-iteration number: 10, FoM: 0.0050607664433266475
06/06/2022 06:29:51.178 - oc_logger - INFO - Function evaluation number: 26, SI: 1, Sub-iteration number: 11, FoM: 0.010339470275906981
06/06/2022 06:29:51.181 - oc_logger - INFO - New record achieved. Previous FoM: 0.002160282496609378, new best FoM : 0.0006132507350444794
06/06/2022 06:29:51.181 - oc_logger - INFO - Function evaluation number: 27, SI: 1, Sub-iteration number: 11, FoM: 0.0006132507350444794
06/06/2022 06:29:51.184 - oc_logger - INFO - Function evaluation number: 28, SI: 1, Sub-iteration number: 12, FoM: 0.0034670850877887016
06/06/2022 06:29:51.186 - oc_logger - INFO - Function evaluation number: 29, SI: 1, Sub-iteration number: 12, FoM: 0.001288037835051603
06/06/2022 06:29:51.188 - oc_logger - INFO - Function evaluation number: 30, SI: 1, Sub-iteration number: 13, FoM: 0.004283692514836845
06/06/2022 06:29:51.191 - oc_logger - INFO - Function evaluation number: 31, SI: 1, Sub-iteration number: 13, FoM: 0.0006336696137454467
06/06/2022 06:29:51.193 - oc_logger - INFO - Function evaluation number: 32, SI: 1, Sub-iteration number: 14, FoM: 0.0012816110962616811
06/06/2022 06:29:51.196 - oc_logger - INFO - Function evaluation number: 33, SI: 1, Sub-iteration number: 14, FoM: 0.0006526973908409506
06/06/2022 06:29:51.198 - oc_logger - INFO - Function evaluation number: 34, SI: 1, Sub-iteration number: 15, FoM: 0.0006321426467336133
06/06/2022 06:29:51.201 - oc_logger - INFO - Function evaluation number: 35, SI: 1, Sub-iteration number: 16, FoM: 0.0019150882793543822
06/06/2022 06:29:51.203 - oc_logger - INFO - New record achieved. Previous FoM: 0.0006132507350444794, new best FoM : 1.0027514059762765e-05
06/06/2022 06:29:51.203 - oc_logger - INFO - Function evaluation number: 36, SI: 1, Sub-iteration number: 16, FoM: 1.0027514059762765e-05
06/06/2022 06:29:51.208 - oc_logger - INFO - Function evaluation number: 37, SI: 1, Sub-iteration number: 17, FoM: 2.8922651279517098e-05
06/06/2022 06:29:51.210 - oc_logger - INFO - Function evaluation number: 38, SI: 1, Sub-iteration number: 18, FoM: 0.0006432143396948309
06/06/2022 06:29:51.212 - oc_logger - INFO - Function evaluation number: 39, SI: 1, Sub-iteration number: 18, FoM: 0.00029574332008908133
06/06/2022 06:29:51.215 - oc_logger - INFO - Function evaluation number: 40, SI: 1, Sub-iteration number: 19, FoM: 0.00033249292287917953
06/06/2022 06:29:51.217 - oc_logger - INFO - Function evaluation number: 41, SI: 1, Sub-iteration number: 19, FoM: 0.00013783623847274384
06/06/2022 06:29:51.220 - oc_logger - INFO - Function evaluation number: 42, SI: 1, Sub-iteration number: 20, FoM: 0.00017628234621525074
06/06/2022 06:29:51.222 - oc_logger - INFO - Function evaluation number: 43, SI: 1, Sub-iteration number: 20, FoM: 5.9094557962158234e-05
06/06/2022 06:29:51.225 - oc_logger - INFO - Function evaluation number: 44, SI: 1, Sub-iteration number: 21, FoM: 9.796479227919264e-05
06/06/2022 06:29:51.227 - oc_logger - INFO - Function evaluation number: 45, SI: 1, Sub-iteration number: 21, FoM: 1.9776708188312675e-05
06/06/2022 06:29:51.230 - oc_logger - INFO - Function evaluation number: 46, SI: 1, Sub-iteration number: 22, FoM: 3.878656435607475e-05
06/06/2022 06:29:51.232 - oc_logger - INFO - Function evaluation number: 47, SI: 1, Sub-iteration number: 22, FoM: 1.2048213304582944e-05
06/06/2022 06:29:51.235 - oc_logger - INFO - Function evaluation number: 48, SI: 1, Sub-iteration number: 23, FoM: 4.1839257888698356e-05
06/06/2022 06:29:51.237 - oc_logger - INFO - New record achieved. Previous FoM: 1.0027514059762765e-05, new best FoM : 4.3583367442812104e-06
06/06/2022 06:29:51.237 - oc_logger - INFO - Function evaluation number: 49, SI: 1, Sub-iteration number: 23, FoM: 4.3583367442812104e-06
06/06/2022 06:29:51.241 - oc_logger - INFO - Function evaluation number: 50, SI: 1, Sub-iteration number: 24, FoM: 6.40871049828462e-06
06/06/2022 06:29:51.244 - oc_logger - INFO - Function evaluation number: 51, SI: 1, Sub-iteration number: 25, FoM: 2.0778992599557178e-05
06/06/2022 06:29:51.246 - oc_logger - INFO - New record achieved. Previous FoM: 4.3583367442812104e-06, new best FoM : 2.3294826150266346e-06
06/06/2022 06:29:51.246 - oc_logger - INFO - Function evaluation number: 52, SI: 1, Sub-iteration number: 25, FoM: 2.3294826150266346e-06
06/06/2022 06:29:51.250 - oc_logger - INFO - Function evaluation number: 53, SI: 1, Sub-iteration number: 26, FoM: 4.339853798773774e-06
06/06/2022 06:29:51.252 - oc_logger - INFO - Function evaluation number: 54, SI: 1, Sub-iteration number: 27, FoM: 1.1050449527649775e-05
06/06/2022 06:29:51.255 - oc_logger - INFO - New record achieved. Previous FoM: 2.3294826150266346e-06, new best FoM : 5.052414822070972e-07
06/06/2022 06:29:51.255 - oc_logger - INFO - Function evaluation number: 55, SI: 1, Sub-iteration number: 27, FoM: 5.052414822070972e-07
06/06/2022 06:29:51.259 - oc_logger - INFO - Function evaluation number: 56, SI: 1, Sub-iteration number: 28, FoM: 2.560777496274369e-06
06/06/2022 06:29:51.261 - oc_logger - INFO - Function evaluation number: 57, SI: 1, Sub-iteration number: 28, FoM: 8.15787307484328e-07
06/06/2022 06:29:51.264 - oc_logger - INFO - Function evaluation number: 58, SI: 1, Sub-iteration number: 29, FoM: 3.645961036191636e-06
06/06/2022 06:29:51.266 - oc_logger - INFO - Function evaluation number: 59, SI: 1, Sub-iteration number: 29, FoM: 8.377558273764407e-07
06/06/2022 06:29:51.268 - oc_logger - INFO - Function evaluation number: 60, SI: 1, Sub-iteration number: 30, FoM: 2.149965859232772e-06
06/06/2022 06:29:51.270 - oc_logger - INFO - New record achieved. Previous FoM: 5.052414822070972e-07, new best FoM : 9.135894663003796e-08
06/06/2022 06:29:51.271 - oc_logger - INFO - Function evaluation number: 61, SI: 1, Sub-iteration number: 30, FoM: 9.135894663003796e-08
06/06/2022 06:29:51.274 - oc_logger - INFO - Function evaluation number: 62, SI: 1, Sub-iteration number: 31, FoM: 3.85166177840901e-07
06/06/2022 06:29:51.277 - oc_logger - INFO - Function evaluation number: 63, SI: 1, Sub-iteration number: 32, FoM: 9.916562544454166e-07
06/06/2022 06:29:51.279 - oc_logger - INFO - Function evaluation number: 64, SI: 1, Sub-iteration number: 32, FoM: 1.3088362249558116e-07
06/06/2022 06:29:51.282 - oc_logger - INFO - Function evaluation number: 65, SI: 1, Sub-iteration number: 33, FoM: 4.4330330950526076e-07
06/06/2022 06:29:51.284 - oc_logger - INFO - Function evaluation number: 66, SI: 1, Sub-iteration number: 33, FoM: 1.8617373021001526e-07
06/06/2022 06:29:51.287 - oc_logger - INFO - Function evaluation number: 67, SI: 1, Sub-iteration number: 34, FoM: 2.2806281430032271e-07
06/06/2022 06:29:51.289 - oc_logger - INFO - New record achieved. Previous FoM: 9.135894663003796e-08, new best FoM : 8.464571354949157e-08
06/06/2022 06:29:51.289 - oc_logger - INFO - Function evaluation number: 68, SI: 1, Sub-iteration number: 34, FoM: 8.464571354949157e-08
06/06/2022 06:29:51.293 - oc_logger - INFO - Function evaluation number: 69, SI: 1, Sub-iteration number: 35, FoM: 3.048495420543418e-07
06/06/2022 06:29:51.295 - oc_logger - INFO - New record achieved. Previous FoM: 8.464571354949157e-08, new best FoM : 2.039170121648226e-08
06/06/2022 06:29:51.295 - oc_logger - INFO - Function evaluation number: 70, SI: 1, Sub-iteration number: 35, FoM: 2.039170121648226e-08
06/06/2022 06:29:51.299 - oc_logger - INFO - Function evaluation number: 71, SI: 1, Sub-iteration number: 36, FoM: 3.430719097696766e-08
06/06/2022 06:29:51.301 - oc_logger - INFO - Function evaluation number: 72, SI: 1, Sub-iteration number: 37, FoM: 1.3826584777110185e-07
06/06/2022 06:29:51.304 - oc_logger - INFO - Function evaluation number: 73, SI: 1, Sub-iteration number: 37, FoM: 2.9307581916881986e-08
06/06/2022 06:29:51.306 - oc_logger - INFO - Function evaluation number: 74, SI: 1, Sub-iteration number: 38, FoM: 3.7503963490337355e-08
06/06/2022 06:29:51.309 - oc_logger - INFO - New record achieved. Previous FoM: 2.039170121648226e-08, new best FoM : 1.412577210757604e-08
06/06/2022 06:29:51.309 - oc_logger - INFO - Function evaluation number: 75, SI: 1, Sub-iteration number: 38, FoM: 1.412577210757604e-08
06/06/2022 06:29:51.312 - oc_logger - INFO - Function evaluation number: 76, SI: 1, Sub-iteration number: 39, FoM: 6.311956912696814e-08
06/06/2022 06:29:51.315 - oc_logger - INFO - New record achieved. Previous FoM: 1.412577210757604e-08, new best FoM : 6.204547098320745e-09
06/06/2022 06:29:51.315 - oc_logger - INFO - Function evaluation number: 77, SI: 1, Sub-iteration number: 39, FoM: 6.204547098320745e-09
06/06/2022 06:29:51.318 - oc_logger - INFO - Function evaluation number: 78, SI: 1, Sub-iteration number: 40, FoM: 1.095498358694158e-08
06/06/2022 06:29:51.321 - oc_logger - INFO - Function evaluation number: 79, SI: 1, Sub-iteration number: 41, FoM: 3.199838394252197e-08
06/06/2022 06:29:51.323 - oc_logger - INFO - New record achieved. Previous FoM: 6.204547098320745e-09, new best FoM : 2.5937947345511247e-09
06/06/2022 06:29:51.323 - oc_logger - INFO - Function evaluation number: 80, SI: 1, Sub-iteration number: 41, FoM: 2.5937947345511247e-09
06/06/2022 06:29:51.327 - oc_logger - INFO - Function evaluation number: 81, SI: 1, Sub-iteration number: 42, FoM: 8.81752004744385e-09
06/06/2022 06:29:51.329 - oc_logger - INFO - Function evaluation number: 82, SI: 1, Sub-iteration number: 42, FoM: 3.258745495671178e-09
06/06/2022 06:29:51.332 - oc_logger - INFO - Function evaluation number: 83, SI: 1, Sub-iteration number: 43, FoM: 1.1868122817837445e-08
06/06/2022 06:29:51.336 - oc_logger - INFO - New record achieved. Previous FoM: 2.5937947345511247e-09, new best FoM : 1.7190993073512573e-09
06/06/2022 06:29:51.336 - oc_logger - INFO - Function evaluation number: 84, SI: 1, Sub-iteration number: 43, FoM: 1.7190993073512573e-09
06/06/2022 06:29:51.340 - oc_logger - INFO - Function evaluation number: 85, SI: 1, Sub-iteration number: 44, FoM: 1.9868480194418225e-09
06/06/2022 06:29:51.342 - oc_logger - INFO - Function evaluation number: 86, SI: 1, Sub-iteration number: 45, FoM: 6.5541576610428365e-09
06/06/2022 06:29:51.345 - oc_logger - INFO - New record achieved. Previous FoM: 1.7190993073512573e-09, new best FoM : 2.9862645689604506e-10
06/06/2022 06:29:51.345 - oc_logger - INFO - Function evaluation number: 87, SI: 1, Sub-iteration number: 45, FoM: 2.9862645689604506e-10
06/06/2022 06:29:51.349 - oc_logger - INFO - Function evaluation number: 88, SI: 1, Sub-iteration number: 46, FoM: 1.041196018292112e-09
06/06/2022 06:29:51.352 - oc_logger - INFO - Function evaluation number: 89, SI: 1, Sub-iteration number: 47, FoM: 2.7881611464053435e-09
06/06/2022 06:29:51.354 - oc_logger - INFO - Function evaluation number: 90, SI: 1, Sub-iteration number: 47, FoM: 5.943292524790422e-10
06/06/2022 06:29:51.357 - oc_logger - INFO - Function evaluation number: 91, SI: 1, Sub-iteration number: 48, FoM: 8.232663439855514e-10
06/06/2022 06:29:51.359 - oc_logger - INFO - Function evaluation number: 92, SI: 1, Sub-iteration number: 48, FoM: 5.794269508641037e-10
06/06/2022 06:29:51.362 - oc_logger - INFO - Function evaluation number: 93, SI: 1, Sub-iteration number: 49, FoM: 6.882713288192122e-10
06/06/2022 06:29:51.366 - oc_logger - INFO - Function evaluation number: 94, SI: 1, Sub-iteration number: 49, FoM: 4.15213197157982e-10
06/06/2022 06:29:51.368 - oc_logger - INFO - Function evaluation number: 95, SI: 1, Sub-iteration number: 50, FoM: 5.000728720006009e-10
06/06/2022 06:29:51.371 - oc_logger - INFO - New record achieved. Previous FoM: 2.9862645689604506e-10, new best FoM : 2.1012425133193346e-10
06/06/2022 06:29:51.371 - oc_logger - INFO - Function evaluation number: 96, SI: 1, Sub-iteration number: 50, FoM: 2.1012425133193346e-10
06/06/2022 06:29:51.374 - oc_logger - INFO - Function evaluation number: 97, SI: 1, Sub-iteration number: 51, FoM: 9.270242351533398e-10
06/06/2022 06:29:51.377 - oc_logger - INFO - New record achieved. Previous FoM: 2.1012425133193346e-10, new best FoM : 8.635292481073975e-11
06/06/2022 06:29:51.377 - oc_logger - INFO - Function evaluation number: 98, SI: 1, Sub-iteration number: 51, FoM: 8.635292481073975e-11
06/06/2022 06:29:51.381 - oc_logger - INFO - Function evaluation number: 99, SI: 1, Sub-iteration number: 52, FoM: 1.289874873577901e-10
06/06/2022 06:29:51.384 - oc_logger - INFO - Function evaluation number: 100, SI: 1, Sub-iteration number: 53, FoM: 4.358022831496555e-10
06/06/2022 06:29:51.387 - oc_logger - INFO - New record achieved. Previous FoM: 8.635292481073975e-11, new best FoM : 4.696887323518695e-11
06/06/2022 06:29:51.387 - oc_logger - INFO - Function evaluation number: 101, SI: 1, Sub-iteration number: 53, FoM: 4.696887323518695e-11
06/06/2022 06:29:51.390 - oc_logger - INFO - Function evaluation number: 102, SI: 1, Sub-iteration number: 54, FoM: 1.273394723000365e-10
06/06/2022 06:29:51.394 - oc_logger - INFO - Function evaluation number: 103, SI: 1, Sub-iteration number: 54, FoM: 4.837641398580672e-11
06/06/2022 06:29:51.397 - oc_logger - INFO - Function evaluation number: 104, SI: 1, Sub-iteration number: 55, FoM: 1.7680079622550693e-10
06/06/2022 06:29:51.399 - oc_logger - INFO - New record achieved. Previous FoM: 4.696887323518695e-11, new best FoM : 2.0665247291162814e-11
06/06/2022 06:29:51.399 - oc_logger - INFO - Function evaluation number: 105, SI: 1, Sub-iteration number: 55, FoM: 2.0665247291162814e-11
06/06/2022 06:29:51.403 - oc_logger - INFO - New record achieved. Previous FoM: 2.0665247291162814e-11, new best FoM : 1.2921441694402347e-11
06/06/2022 06:29:51.403 - oc_logger - INFO - Function evaluation number: 106, SI: 1, Sub-iteration number: 56, FoM: 1.2921441694402347e-11
06/06/2022 06:29:51.407 - oc_logger - INFO - Function evaluation number: 107, SI: 1, Sub-iteration number: 56, FoM: 2.743805183058612e-11
06/06/2022 06:29:51.409 - oc_logger - INFO - Function evaluation number: 108, SI: 1, Sub-iteration number: 57, FoM: 8.565392839443575e-11
06/06/2022 06:29:51.412 - oc_logger - INFO - Function evaluation number: 109, SI: 1, Sub-iteration number: 57, FoM: 1.3787526675912432e-11
06/06/2022 06:29:51.414 - oc_logger - INFO - Function evaluation number: 110, SI: 1, Sub-iteration number: 58, FoM: 3.2449598563744075e-11
06/06/2022 06:29:51.417 - oc_logger - INFO - New record achieved. Previous FoM: 1.2921441694402347e-11, new best FoM : 1.1909806474363904e-11
06/06/2022 06:29:51.417 - oc_logger - INFO - Function evaluation number: 111, SI: 1, Sub-iteration number: 58, FoM: 1.1909806474363904e-11
06/06/2022 06:29:51.422 - oc_logger - INFO - Function evaluation number: 112, SI: 1, Sub-iteration number: 59, FoM: 4.0047076765858947e-11
06/06/2022 06:29:51.424 - oc_logger - INFO - New record achieved. Previous FoM: 1.1909806474363904e-11, new best FoM : 1.2645440250480533e-13
06/06/2022 06:29:51.424 - oc_logger - INFO - Function evaluation number: 113, SI: 1, Sub-iteration number: 59, FoM: 1.2645440250480533e-13
06/06/2022 06:29:51.428 - oc_logger - INFO - Function evaluation number: 114, SI: 1, Sub-iteration number: 60, FoM: 6.115108419635362e-12
06/06/2022 06:29:51.430 - oc_logger - INFO - Function evaluation number: 115, SI: 1, Sub-iteration number: 61, FoM: 1.6315060413774063e-11
06/06/2022 06:29:51.433 - oc_logger - INFO - Function evaluation number: 116, SI: 1, Sub-iteration number: 61, FoM: 4.906963724238267e-12
06/06/2022 06:29:51.437 - oc_logger - INFO - Function evaluation number: 117, SI: 1, Sub-iteration number: 62, FoM: 6.4357408291471074e-12
06/06/2022 06:29:51.439 - oc_logger - INFO - Function evaluation number: 118, SI: 1, Sub-iteration number: 62, FoM: 1.1656231535539519e-12
06/06/2022 06:29:51.442 - oc_logger - INFO - Function evaluation number: 119, SI: 1, Sub-iteration number: 63, FoM: 5.597966534764964e-12
06/06/2022 06:29:51.444 - oc_logger - INFO - Function evaluation number: 120, SI: 1, Sub-iteration number: 63, FoM: 2.3281376826389533e-12
06/06/2022 06:29:51.447 - oc_logger - INFO - Function evaluation number: 121, SI: 1, Sub-iteration number: 64, FoM: 2.921218822393712e-12
06/06/2022 06:29:51.449 - oc_logger - INFO - Function evaluation number: 122, SI: 1, Sub-iteration number: 64, FoM: 1.0305090114570703e-12
06/06/2022 06:29:51.453 - oc_logger - INFO - Function evaluation number: 123, SI: 1, Sub-iteration number: 65, FoM: 7.66053886991358e-13
06/06/2022 06:29:51.456 - oc_logger - INFO - Function evaluation number: 124, SI: 1, Sub-iteration number: 66, FoM: 2.00495176017057e-12
06/06/2022 06:29:51.459 - oc_logger - INFO - Function evaluation number: 125, SI: 1, Sub-iteration number: 66, FoM: 9.308109838457312e-13
06/06/2022 06:29:51.461 - oc_logger - INFO - Function evaluation number: 126, SI: 1, Sub-iteration number: 67, FoM: 5.877520692365579e-13
06/06/2022 06:29:51.464 - oc_logger - INFO - Function evaluation number: 127, SI: 1, Sub-iteration number: 68, FoM: 1.2597700660421651e-12
06/06/2022 06:29:51.466 - oc_logger - INFO - Function evaluation number: 128, SI: 1, Sub-iteration number: 68, FoM: 2.7977620220553945e-13
06/06/2022 06:29:51.469 - oc_logger - INFO - Function evaluation number: 129, SI: 1, Sub-iteration number: 69, FoM: 3.206324095117452e-13
06/06/2022 06:29:51.471 - oc_logger - INFO - Function evaluation number: 130, SI: 1, Sub-iteration number: 69, FoM: 2.922107000813412e-13
06/06/2022 06:29:51.474 - oc_logger - INFO - Function evaluation number: 131, SI: 1, Sub-iteration number: 70, FoM: 1.6342482922482304e-13
06/06/2022 06:29:51.476 - oc_logger - INFO - Function evaluation number: 132, SI: 1, Sub-iteration number: 71, FoM: 5.405675906899887e-13
06/06/2022 06:29:51.479 - oc_logger - INFO - New record achieved. Previous FoM: 1.2645440250480533e-13, new best FoM : 1.0769163338864018e-13
06/06/2022 06:29:51.479 - oc_logger - INFO - Function evaluation number: 133, SI: 1, Sub-iteration number: 71, FoM: 1.0769163338864018e-13
06/06/2022 06:29:51.482 - oc_logger - INFO - New record achieved. Previous FoM: 1.0769163338864018e-13, new best FoM : 1.7541523789077473e-14
06/06/2022 06:29:51.482 - oc_logger - INFO - Function evaluation number: 134, SI: 1, Sub-iteration number: 72, FoM: 1.7541523789077473e-14
06/06/2022 06:29:51.485 - oc_logger - INFO - Function evaluation number: 135, SI: 1, Sub-iteration number: 72, FoM: 1.8174350913113813e-13
06/06/2022 06:29:51.488 - oc_logger - INFO - Function evaluation number: 136, SI: 1, Sub-iteration number: 73, FoM: 3.4350300381902343e-13
06/06/2022 06:29:51.490 - oc_logger - INFO - New record achieved. Previous FoM: 1.7541523789077473e-14, new best FoM : 2.6645352591003757e-15
06/06/2022 06:29:51.491 - oc_logger - INFO - Function evaluation number: 137, SI: 1, Sub-iteration number: 73, FoM: 2.6645352591003757e-15
06/06/2022 06:29:51.494 - oc_logger - INFO - Function evaluation number: 138, SI: 1, Sub-iteration number: 74, FoM: 3.7536640462576543e-13
06/06/2022 06:29:51.496 - oc_logger - INFO - Function evaluation number: 139, SI: 1, Sub-iteration number: 74, FoM: 1.0125233984581428e-13
06/06/2022 06:29:51.499 - oc_logger - INFO - Function evaluation number: 140, SI: 1, Sub-iteration number: 75, FoM: 1.4033219031261979e-13
06/06/2022 06:29:51.502 - oc_logger - INFO - Function evaluation number: 141, SI: 1, Sub-iteration number: 75, FoM: 6.972200594645983e-14
06/06/2022 06:29:51.504 - oc_logger - INFO - Function evaluation number: 142, SI: 1, Sub-iteration number: 76, FoM: 5.029310301551959e-14
06/06/2022 06:29:51.507 - oc_logger - INFO - Function evaluation number: 143, SI: 1, Sub-iteration number: 76, FoM: 1.63202784619898e-14
06/06/2022 06:29:51.509 - oc_logger - INFO - Function evaluation number: 144, SI: 1, Sub-iteration number: 77, FoM: 4.674038933671909e-14
06/06/2022 06:29:51.512 - oc_logger - INFO - Function evaluation number: 145, SI: 1, Sub-iteration number: 77, FoM: 1.0436096431476471e-14
06/06/2022 06:29:51.514 - oc_logger - INFO - Function evaluation number: 146, SI: 1, Sub-iteration number: 78, FoM: 2.1538326677728037e-14
06/06/2022 06:29:51.516 - oc_logger - INFO - New record achieved. Previous FoM: 2.6645352591003757e-15, new best FoM : 1.2212453270876722e-15
06/06/2022 06:29:51.517 - oc_logger - INFO - Function evaluation number: 147, SI: 1, Sub-iteration number: 78, FoM: 1.2212453270876722e-15
06/06/2022 06:29:51.518 - oc_logger - INFO - SI 1 finished - Number of evaluations: 147, Best FoM: 1.2212453270876722e-15, Terminate reason: Convergence of the simplex.

06/06/2022 06:29:51.518 - oc_logger - INFO - Direct search start time has been reset.
06/06/2022 06:29:51.521 - oc_logger - INFO - Function evaluation number: 148, SI: 2, Sub-iteration number: 0, FoM: 1.2212453270876722e-15
06/06/2022 06:29:51.524 - oc_logger - INFO - Function evaluation number: 149, SI: 2, Sub-iteration number: 0, FoM: 0.009716389250373658
06/06/2022 06:29:51.526 - oc_logger - INFO - Function evaluation number: 150, SI: 2, Sub-iteration number: 0, FoM: 0.006006195913026424
06/06/2022 06:29:51.529 - oc_logger - INFO - Function evaluation number: 151, SI: 2, Sub-iteration number: 1, FoM: 0.012664599689047762
06/06/2022 06:29:51.531 - oc_logger - INFO - Function evaluation number: 152, SI: 2, Sub-iteration number: 1, FoM: 0.0028919432875906814
06/06/2022 06:29:51.534 - oc_logger - INFO - Function evaluation number: 153, SI: 2, Sub-iteration number: 2, FoM: 0.010255760749609655
06/06/2022 06:29:51.538 - oc_logger - INFO - Function evaluation number: 154, SI: 2, Sub-iteration number: 2, FoM: 0.0024690716240733934
06/06/2022 06:29:51.541 - oc_logger - INFO - Function evaluation number: 155, SI: 2, Sub-iteration number: 3, FoM: 0.0050289682294992755
06/06/2022 06:29:51.543 - oc_logger - INFO - Function evaluation number: 156, SI: 2, Sub-iteration number: 3, FoM: 0.0007733181001323697
06/06/2022 06:29:51.546 - oc_logger - INFO - Function evaluation number: 157, SI: 2, Sub-iteration number: 4, FoM: 0.0034344297492923115
06/06/2022 06:29:51.548 - oc_logger - INFO - Function evaluation number: 158, SI: 2, Sub-iteration number: 4, FoM: 0.0010665674146719262
06/06/2022 06:29:51.551 - oc_logger - INFO - Function evaluation number: 159, SI: 2, Sub-iteration number: 5, FoM: 0.0018855437258145091
06/06/2022 06:29:51.553 - oc_logger - INFO - Function evaluation number: 160, SI: 2, Sub-iteration number: 5, FoM: 0.0003468611623682616
06/06/2022 06:29:51.556 - oc_logger - INFO - Function evaluation number: 161, SI: 2, Sub-iteration number: 6, FoM: 0.0011018597003664699
06/06/2022 06:29:51.559 - oc_logger - INFO - Function evaluation number: 162, SI: 2, Sub-iteration number: 6, FoM: 0.00029734355701938053
06/06/2022 06:29:51.561 - oc_logger - INFO - Function evaluation number: 163, SI: 2, Sub-iteration number: 7, FoM: 0.0006495716016782227
06/06/2022 06:29:51.564 - oc_logger - INFO - Function evaluation number: 164, SI: 2, Sub-iteration number: 7, FoM: 9.994602682894538e-05
06/06/2022 06:29:51.568 - oc_logger - INFO - Function evaluation number: 165, SI: 2, Sub-iteration number: 8, FoM: 0.00039483473842127914
06/06/2022 06:29:51.571 - oc_logger - INFO - Function evaluation number: 166, SI: 2, Sub-iteration number: 8, FoM: 0.00012333702426459148
06/06/2022 06:29:51.574 - oc_logger - INFO - Function evaluation number: 167, SI: 2, Sub-iteration number: 9, FoM: 0.0002227522502293855
06/06/2022 06:29:51.576 - oc_logger - INFO - Function evaluation number: 168, SI: 2, Sub-iteration number: 9, FoM: 3.657420790759147e-05
06/06/2022 06:29:51.579 - oc_logger - INFO - Function evaluation number: 169, SI: 2, Sub-iteration number: 10, FoM: 0.00013693189199270872
06/06/2022 06:29:51.582 - oc_logger - INFO - Function evaluation number: 170, SI: 2, Sub-iteration number: 10, FoM: 4.088846170602345e-05
06/06/2022 06:29:51.585 - oc_logger - INFO - Function evaluation number: 171, SI: 2, Sub-iteration number: 11, FoM: 7.755057876712712e-05
06/06/2022 06:29:51.587 - oc_logger - INFO - Function evaluation number: 172, SI: 2, Sub-iteration number: 11, FoM: 1.1319175132085135e-05
06/06/2022 06:29:51.589 - oc_logger - INFO - Function evaluation number: 173, SI: 2, Sub-iteration number: 12, FoM: 4.785090851644469e-05
06/06/2022 06:29:51.592 - oc_logger - INFO - Function evaluation number: 174, SI: 2, Sub-iteration number: 12, FoM: 1.544782683893242e-05
06/06/2022 06:29:51.597 - oc_logger - INFO - Function evaluation number: 175, SI: 2, Sub-iteration number: 13, FoM: 2.6764735012285712e-05
06/06/2022 06:29:51.600 - oc_logger - INFO - Function evaluation number: 176, SI: 2, Sub-iteration number: 13, FoM: 4.889660659257444e-06
06/06/2022 06:29:51.603 - oc_logger - INFO - Function evaluation number: 177, SI: 2, Sub-iteration number: 14, FoM: 1.622728024430753e-05
06/06/2022 06:29:51.606 - oc_logger - INFO - Function evaluation number: 178, SI: 2, Sub-iteration number: 14, FoM: 4.441194774607027e-06
06/06/2022 06:29:51.609 - oc_logger - INFO - Function evaluation number: 179, SI: 2, Sub-iteration number: 15, FoM: 9.330169563614987e-06
06/06/2022 06:29:51.612 - oc_logger - INFO - Function evaluation number: 180, SI: 2, Sub-iteration number: 15, FoM: 1.3326830565763004e-06
06/06/2022 06:29:51.614 - oc_logger - INFO - Function evaluation number: 181, SI: 2, Sub-iteration number: 16, FoM: 5.779167876474034e-06
06/06/2022 06:29:51.617 - oc_logger - INFO - Function evaluation number: 182, SI: 2, Sub-iteration number: 16, FoM: 1.8890404103188985e-06
06/06/2022 06:29:51.619 - oc_logger - INFO - Function evaluation number: 183, SI: 2, Sub-iteration number: 17, FoM: 3.221140775444553e-06
06/06/2022 06:29:51.622 - oc_logger - INFO - Function evaluation number: 184, SI: 2, Sub-iteration number: 17, FoM: 6.122291944521407e-07
06/06/2022 06:29:51.625 - oc_logger - INFO - Function evaluation number: 185, SI: 2, Sub-iteration number: 18, FoM: 1.9419402066400693e-06
06/06/2022 06:29:51.629 - oc_logger - INFO - Function evaluation number: 186, SI: 2, Sub-iteration number: 18, FoM: 5.124310547000022e-07
06/06/2022 06:29:51.632 - oc_logger - INFO - Function evaluation number: 187, SI: 2, Sub-iteration number: 19, FoM: 1.1249194186158107e-06
06/06/2022 06:29:51.635 - oc_logger - INFO - Function evaluation number: 188, SI: 2, Sub-iteration number: 19, FoM: 1.7847601130327462e-07
06/06/2022 06:29:51.637 - oc_logger - INFO - Function evaluation number: 189, SI: 2, Sub-iteration number: 20, FoM: 6.898524931298056e-07
06/06/2022 06:29:51.640 - oc_logger - INFO - Function evaluation number: 190, SI: 2, Sub-iteration number: 20, FoM: 2.1120260951246195e-07
06/06/2022 06:29:51.643 - oc_logger - INFO - Function evaluation number: 191, SI: 2, Sub-iteration number: 21, FoM: 3.8993921069874204e-07
06/06/2022 06:29:51.646 - oc_logger - INFO - Function evaluation number: 192, SI: 2, Sub-iteration number: 21, FoM: 6.075276448580524e-08
06/06/2022 06:29:51.648 - oc_logger - INFO - Function evaluation number: 193, SI: 2, Sub-iteration number: 22, FoM: 2.4007505983192345e-07
06/06/2022 06:29:51.651 - oc_logger - INFO - Function evaluation number: 194, SI: 2, Sub-iteration number: 22, FoM: 7.428311787904818e-08
06/06/2022 06:29:51.655 - oc_logger - INFO - Function evaluation number: 195, SI: 2, Sub-iteration number: 23, FoM: 1.3499239515102346e-07
06/06/2022 06:29:51.658 - oc_logger - INFO - Function evaluation number: 196, SI: 2, Sub-iteration number: 23, FoM: 2.207546168087049e-08
06/06/2022 06:29:51.661 - oc_logger - INFO - Function evaluation number: 197, SI: 2, Sub-iteration number: 24, FoM: 8.246544735968087e-08
06/06/2022 06:29:51.663 - oc_logger - INFO - Function evaluation number: 198, SI: 2, Sub-iteration number: 24, FoM: 2.4743580850916658e-08
06/06/2022 06:29:51.666 - oc_logger - INFO - Function evaluation number: 199, SI: 2, Sub-iteration number: 25, FoM: 4.6865529457207344e-08
06/06/2022 06:29:51.669 - oc_logger - INFO - Function evaluation number: 200, SI: 2, Sub-iteration number: 25, FoM: 6.790146334090252e-09
06/06/2022 06:29:51.671 - oc_logger - INFO - Function evaluation number: 201, SI: 2, Sub-iteration number: 26, FoM: 2.9073490948050562e-08
06/06/2022 06:29:51.674 - oc_logger - INFO - Function evaluation number: 202, SI: 2, Sub-iteration number: 26, FoM: 9.401328604496939e-09
06/06/2022 06:29:51.676 - oc_logger - INFO - Function evaluation number: 203, SI: 2, Sub-iteration number: 27, FoM: 1.617314204782616e-08
06/06/2022 06:29:51.679 - oc_logger - INFO - Function evaluation number: 204, SI: 2, Sub-iteration number: 27, FoM: 3.0359883496089424e-09
06/06/2022 06:29:51.682 - oc_logger - INFO - Function evaluation number: 205, SI: 2, Sub-iteration number: 28, FoM: 9.722725735628046e-09
06/06/2022 06:29:51.684 - oc_logger - INFO - Function evaluation number: 206, SI: 2, Sub-iteration number: 28, FoM: 2.6047153323105476e-09
06/06/2022 06:29:51.687 - oc_logger - INFO - Function evaluation number: 207, SI: 2, Sub-iteration number: 29, FoM: 5.652426304791902e-09
06/06/2022 06:29:51.690 - oc_logger - INFO - Function evaluation number: 208, SI: 2, Sub-iteration number: 29, FoM: 8.845859600370432e-10
06/06/2022 06:29:51.693 - oc_logger - INFO - Function evaluation number: 209, SI: 2, Sub-iteration number: 30, FoM: 3.4513287783255464e-09
06/06/2022 06:29:51.696 - oc_logger - INFO - Function evaluation number: 210, SI: 2, Sub-iteration number: 30, FoM: 1.0665001104470662e-09
06/06/2022 06:29:51.699 - oc_logger - INFO - Function evaluation number: 211, SI: 2, Sub-iteration number: 31, FoM: 1.961520501581049e-09
06/06/2022 06:29:51.701 - oc_logger - INFO - Function evaluation number: 212, SI: 2, Sub-iteration number: 31, FoM: 3.034460460682453e-10
06/06/2022 06:29:51.704 - oc_logger - INFO - Function evaluation number: 213, SI: 2, Sub-iteration number: 32, FoM: 1.2204642851898484e-09
06/06/2022 06:29:51.706 - oc_logger - INFO - Function evaluation number: 214, SI: 2, Sub-iteration number: 32, FoM: 3.7529579444139927e-10
06/06/2022 06:29:51.709 - oc_logger - INFO - Function evaluation number: 215, SI: 2, Sub-iteration number: 33, FoM: 6.772281624378707e-10
06/06/2022 06:29:51.712 - oc_logger - INFO - Function evaluation number: 216, SI: 2, Sub-iteration number: 33, FoM: 1.1640732822115751e-10
06/06/2022 06:29:51.714 - oc_logger - INFO - Function evaluation number: 217, SI: 2, Sub-iteration number: 34, FoM: 4.062465919218994e-10
06/06/2022 06:29:51.717 - oc_logger - INFO - Function evaluation number: 218, SI: 2, Sub-iteration number: 34, FoM: 1.183245723623827e-10
06/06/2022 06:29:51.720 - oc_logger - INFO - Function evaluation number: 219, SI: 2, Sub-iteration number: 35, FoM: 2.365196927200941e-10
06/06/2022 06:29:51.723 - oc_logger - INFO - Function evaluation number: 220, SI: 2, Sub-iteration number: 35, FoM: 2.768574258737999e-11
06/06/2022 06:29:51.726 - oc_logger - INFO - Function evaluation number: 221, SI: 2, Sub-iteration number: 36, FoM: 1.5198364788915342e-10
06/06/2022 06:29:51.728 - oc_logger - INFO - Function evaluation number: 222, SI: 2, Sub-iteration number: 36, FoM: 5.359490629075481e-11
06/06/2022 06:29:51.731 - oc_logger - INFO - Function evaluation number: 223, SI: 2, Sub-iteration number: 37, FoM: 8.059974909713219e-11
06/06/2022 06:29:51.734 - oc_logger - INFO - Function evaluation number: 224, SI: 2, Sub-iteration number: 37, FoM: 2.1118440329814803e-11
06/06/2022 06:29:51.737 - oc_logger - INFO - Function evaluation number: 225, SI: 2, Sub-iteration number: 38, FoM: 4.4899417517285656e-11
06/06/2022 06:29:51.741 - oc_logger - INFO - Function evaluation number: 226, SI: 2, Sub-iteration number: 38, FoM: 7.379541422380953e-12
06/06/2022 06:29:51.744 - oc_logger - INFO - Function evaluation number: 227, SI: 2, Sub-iteration number: 39, FoM: 2.894473549730492e-11
06/06/2022 06:29:51.746 - oc_logger - INFO - Function evaluation number: 228, SI: 2, Sub-iteration number: 39, FoM: 9.386269539390923e-12
06/06/2022 06:29:51.749 - oc_logger - INFO - Function evaluation number: 229, SI: 2, Sub-iteration number: 40, FoM: 1.5646040019134944e-11
06/06/2022 06:29:51.752 - oc_logger - INFO - Function evaluation number: 230, SI: 2, Sub-iteration number: 40, FoM: 3.3246738695424938e-12
06/06/2022 06:29:51.754 - oc_logger - INFO - Function evaluation number: 231, SI: 2, Sub-iteration number: 41, FoM: 8.343103985453126e-12
06/06/2022 06:29:51.757 - oc_logger - INFO - Function evaluation number: 232, SI: 2, Sub-iteration number: 41, FoM: 2.3090418466154006e-12
06/06/2022 06:29:51.759 - oc_logger - INFO - Function evaluation number: 233, SI: 2, Sub-iteration number: 42, FoM: 5.553557613779958e-12
06/06/2022 06:29:51.762 - oc_logger - INFO - Function evaluation number: 234, SI: 2, Sub-iteration number: 42, FoM: 1.3413714583521141e-12
06/06/2022 06:29:51.765 - oc_logger - INFO - Function evaluation number: 235, SI: 2, Sub-iteration number: 43, FoM: 2.8956836928273333e-12
06/06/2022 06:29:51.769 - oc_logger - INFO - Function evaluation number: 236, SI: 2, Sub-iteration number: 43, FoM: 5.795364188543317e-13
06/06/2022 06:29:51.772 - oc_logger - INFO - Function evaluation number: 237, SI: 2, Sub-iteration number: 44, FoM: 2.0321522242738865e-12
06/06/2022 06:29:51.775 - oc_logger - INFO - Function evaluation number: 238, SI: 2, Sub-iteration number: 44, FoM: 6.659117701701689e-13
06/06/2022 06:29:51.778 - oc_logger - INFO - Function evaluation number: 239, SI: 2, Sub-iteration number: 45, FoM: 1.021627227260069e-12
06/06/2022 06:29:51.781 - oc_logger - INFO - Function evaluation number: 240, SI: 2, Sub-iteration number: 45, FoM: 2.8554936193359026e-13
06/06/2022 06:29:51.783 - oc_logger - INFO - Function evaluation number: 241, SI: 2, Sub-iteration number: 46, FoM: 3.8680170177940454e-13
06/06/2022 06:29:51.786 - oc_logger - INFO - Function evaluation number: 242, SI: 2, Sub-iteration number: 46, FoM: 3.7836400679225335e-13
06/06/2022 06:29:51.789 - oc_logger - INFO - Function evaluation number: 243, SI: 2, Sub-iteration number: 47, FoM: 1.0647038806155251e-13
06/06/2022 06:29:51.792 - oc_logger - INFO - Function evaluation number: 244, SI: 2, Sub-iteration number: 48, FoM: 3.7847502909471586e-13
06/06/2022 06:29:51.794 - oc_logger - INFO - Function evaluation number: 245, SI: 2, Sub-iteration number: 48, FoM: 1.6830981053317373e-13
06/06/2022 06:29:51.799 - oc_logger - INFO - Function evaluation number: 246, SI: 2, Sub-iteration number: 49, FoM: 1.6275869541004795e-13
06/06/2022 06:29:51.802 - oc_logger - INFO - Function evaluation number: 247, SI: 2, Sub-iteration number: 49, FoM: 6.783462680459706e-14
06/06/2022 06:29:51.804 - oc_logger - INFO - Function evaluation number: 248, SI: 2, Sub-iteration number: 50, FoM: 3.2218672174622043e-13
06/06/2022 06:29:51.807 - oc_logger - INFO - Function evaluation number: 249, SI: 2, Sub-iteration number: 50, FoM: 1.63202784619898e-14
06/06/2022 06:29:51.810 - oc_logger - INFO - Function evaluation number: 250, SI: 2, Sub-iteration number: 51, FoM: 9.747758156208874e-14
06/06/2022 06:29:51.814 - oc_logger - INFO - Function evaluation number: 251, SI: 2, Sub-iteration number: 51, FoM: 2.5979218776228663e-14
06/06/2022 06:29:51.816 - oc_logger - INFO - Function evaluation number: 252, SI: 2, Sub-iteration number: 52, FoM: 5.81756864903582e-14
06/06/2022 06:29:51.819 - oc_logger - INFO - Function evaluation number: 253, SI: 2, Sub-iteration number: 52, FoM: 4.3298697960381105e-15
06/06/2022 06:29:51.821 - oc_logger - INFO - Function evaluation number: 254, SI: 2, Sub-iteration number: 53, FoM: 8.326672684688674e-14
06/06/2022 06:29:51.824 - oc_logger - INFO - Function evaluation number: 255, SI: 2, Sub-iteration number: 53, FoM: 6.439293542825908e-15
06/06/2022 06:29:51.827 - oc_logger - INFO - Function evaluation number: 256, SI: 2, Sub-iteration number: 54, FoM: 2.5424107263916085e-14
06/06/2022 06:29:51.831 - oc_logger - INFO - Function evaluation number: 257, SI: 2, Sub-iteration number: 54, FoM: 1.0880185641326534e-14
06/06/2022 06:29:51.834 - oc_logger - INFO - Function evaluation number: 258, SI: 2, Sub-iteration number: 54, FoM: 6.661338147750939e-15
06/06/2022 06:29:51.836 - oc_logger - INFO - Function evaluation number: 259, SI: 2, Sub-iteration number: 54, FoM: 1.3988810110276972e-14
06/06/2022 06:29:51.836 - oc_logger - INFO - SI 2 finished - Number of evaluations: 112, Best FoM: 1.2212453270876722e-15, Terminate reason: Convergence of the simplex.

06/06/2022 06:29:51.837 - oc_logger - INFO - Direct search start time has been reset.
06/06/2022 06:29:51.839 - oc_logger - INFO - Function evaluation number: 260, SI: 3, Sub-iteration number: 0, FoM: 1.2212453270876722e-15
06/06/2022 06:29:51.842 - oc_logger - INFO - Function evaluation number: 261, SI: 3, Sub-iteration number: 0, FoM: 0.009608295563041769
06/06/2022 06:29:51.845 - oc_logger - INFO - Function evaluation number: 262, SI: 3, Sub-iteration number: 0, FoM: 0.007111402256532839
06/06/2022 06:29:51.848 - oc_logger - INFO - Function evaluation number: 263, SI: 3, Sub-iteration number: 1, FoM: 0.002062567717932895
06/06/2022 06:29:51.850 - oc_logger - INFO - Function evaluation number: 264, SI: 3, Sub-iteration number: 2, FoM: 0.00787791696973339
06/06/2022 06:29:51.854 - oc_logger - INFO - Function evaluation number: 265, SI: 3, Sub-iteration number: 2, FoM: 0.0028693195194280374
06/06/2022 06:29:51.857 - oc_logger - INFO - Function evaluation number: 266, SI: 3, Sub-iteration number: 3, FoM: 0.004630178053808498
06/06/2022 06:29:51.860 - oc_logger - INFO - Function evaluation number: 267, SI: 3, Sub-iteration number: 3, FoM: 0.0008703974555968053
06/06/2022 06:29:51.863 - oc_logger - INFO - Function evaluation number: 268, SI: 3, Sub-iteration number: 4, FoM: 0.003087808847565321
06/06/2022 06:29:51.865 - oc_logger - INFO - Function evaluation number: 269, SI: 3, Sub-iteration number: 4, FoM: 0.0008347448241945443
06/06/2022 06:29:51.868 - oc_logger - INFO - Function evaluation number: 270, SI: 3, Sub-iteration number: 5, FoM: 0.0016746544887951131
06/06/2022 06:29:51.870 - oc_logger - INFO - Function evaluation number: 271, SI: 3, Sub-iteration number: 5, FoM: 0.00022068821354215284
06/06/2022 06:29:51.873 - oc_logger - INFO - Function evaluation number: 272, SI: 3, Sub-iteration number: 6, FoM: 0.0010786700979722452
06/06/2022 06:29:51.876 - oc_logger - INFO - Function evaluation number: 273, SI: 3, Sub-iteration number: 6, FoM: 0.00036528631057008987
06/06/2022 06:29:51.879 - oc_logger - INFO - Function evaluation number: 274, SI: 3, Sub-iteration number: 7, FoM: 0.0005914476650182854
06/06/2022 06:29:51.881 - oc_logger - INFO - Function evaluation number: 275, SI: 3, Sub-iteration number: 7, FoM: 0.00012832495081771533
06/06/2022 06:29:51.884 - oc_logger - INFO - Function evaluation number: 276, SI: 3, Sub-iteration number: 8, FoM: 0.0003474433511370112
06/06/2022 06:29:51.887 - oc_logger - INFO - Function evaluation number: 277, SI: 3, Sub-iteration number: 8, FoM: 7.794888858847493e-05
06/06/2022 06:29:51.890 - oc_logger - INFO - Function evaluation number: 278, SI: 3, Sub-iteration number: 9, FoM: 0.00020710375482624332
06/06/2022 06:29:51.893 - oc_logger - INFO - Function evaluation number: 279, SI: 3, Sub-iteration number: 9, FoM: 4.4833769650143296e-05
06/06/2022 06:29:51.895 - oc_logger - INFO - Function evaluation number: 280, SI: 3, Sub-iteration number: 10, FoM: 0.00012255837162467031
06/06/2022 06:29:51.898 - oc_logger - INFO - Function evaluation number: 281, SI: 3, Sub-iteration number: 10, FoM: 2.7695153464790678e-05
06/06/2022 06:29:51.900 - oc_logger - INFO - Function evaluation number: 282, SI: 3, Sub-iteration number: 11, FoM: 7.269221171823936e-05
06/06/2022 06:29:51.903 - oc_logger - INFO - Function evaluation number: 283, SI: 3, Sub-iteration number: 11, FoM: 1.55382718958208e-05
06/06/2022 06:29:51.906 - oc_logger - INFO - Function evaluation number: 284, SI: 3, Sub-iteration number: 12, FoM: 4.3182187349444234e-05
06/06/2022 06:29:51.908 - oc_logger - INFO - Function evaluation number: 285, SI: 3, Sub-iteration number: 12, FoM: 9.937470895504674e-06
06/06/2022 06:29:51.911 - oc_logger - INFO - Function evaluation number: 286, SI: 3, Sub-iteration number: 13, FoM: 2.552243807552035e-05
06/06/2022 06:29:51.913 - oc_logger - INFO - Function evaluation number: 287, SI: 3, Sub-iteration number: 13, FoM: 5.302982269306256e-06
06/06/2022 06:29:51.916 - oc_logger - INFO - Function evaluation number: 288, SI: 3, Sub-iteration number: 14, FoM: 1.522017693700306e-05
06/06/2022 06:29:51.919 - oc_logger - INFO - Function evaluation number: 289, SI: 3, Sub-iteration number: 14, FoM: 3.63120579716103e-06
06/06/2022 06:29:51.922 - oc_logger - INFO - Function evaluation number: 290, SI: 3, Sub-iteration number: 15, FoM: 8.952319377031337e-06
06/06/2022 06:29:51.924 - oc_logger - INFO - Function evaluation number: 291, SI: 3, Sub-iteration number: 15, FoM: 1.7522490494137344e-06
06/06/2022 06:29:51.927 - oc_logger - INFO - Function evaluation number: 292, SI: 3, Sub-iteration number: 16, FoM: 5.37338791928299e-06
06/06/2022 06:29:51.929 - oc_logger - INFO - Function evaluation number: 293, SI: 3, Sub-iteration number: 16, FoM: 1.3716876785530019e-06
06/06/2022 06:29:51.932 - oc_logger - INFO - Function evaluation number: 294, SI: 3, Sub-iteration number: 17, FoM: 3.1321640644454973e-06
06/06/2022 06:29:51.935 - oc_logger - INFO - Function evaluation number: 295, SI: 3, Sub-iteration number: 17, FoM: 5.374294254067991e-07
06/06/2022 06:29:51.938 - oc_logger - INFO - Function evaluation number: 296, SI: 3, Sub-iteration number: 18, FoM: 1.9039237761919736e-06
06/06/2022 06:29:51.942 - oc_logger - INFO - Function evaluation number: 297, SI: 3, Sub-iteration number: 18, FoM: 5.485324333642794e-07
06/06/2022 06:29:51.944 - oc_logger - INFO - Function evaluation number: 298, SI: 3, Sub-iteration number: 19, FoM: 1.0892740474055529e-06
06/06/2022 06:29:51.947 - oc_logger - INFO - Function evaluation number: 299, SI: 3, Sub-iteration number: 19, FoM: 1.3801766951537786e-07
06/06/2022 06:29:51.949 - oc_logger - INFO - Function evaluation number: 300, SI: 3, Sub-iteration number: 20, FoM: 6.835836521279504e-07
06/06/2022 06:29:51.952 - oc_logger - INFO - Function evaluation number: 301, SI: 3, Sub-iteration number: 20, FoM: 2.36259855457277e-07
06/06/2022 06:29:51.955 - oc_logger - INFO - Function evaluation number: 302, SI: 3, Sub-iteration number: 21, FoM: 3.7424609444780543e-07
06/06/2022 06:29:51.958 - oc_logger - INFO - Function evaluation number: 303, SI: 3, Sub-iteration number: 21, FoM: 8.465432799198425e-08
06/06/2022 06:29:51.960 - oc_logger - INFO - Function evaluation number: 304, SI: 3, Sub-iteration number: 22, FoM: 2.1990047094355702e-07
06/06/2022 06:29:51.963 - oc_logger - INFO - Function evaluation number: 305, SI: 3, Sub-iteration number: 22, FoM: 4.692027233410556e-08
06/06/2022 06:29:51.965 - oc_logger - INFO - Function evaluation number: 306, SI: 3, Sub-iteration number: 23, FoM: 1.3208081917071013e-07
06/06/2022 06:29:51.969 - oc_logger - INFO - Function evaluation number: 307, SI: 3, Sub-iteration number: 23, FoM: 3.114798818870668e-08
06/06/2022 06:29:51.973 - oc_logger - INFO - Function evaluation number: 308, SI: 3, Sub-iteration number: 24, FoM: 7.700004345245759e-08
06/06/2022 06:29:51.975 - oc_logger - INFO - Function evaluation number: 309, SI: 3, Sub-iteration number: 24, FoM: 1.523169779193978e-08
06/06/2022 06:29:51.978 - oc_logger - INFO - Function evaluation number: 310, SI: 3, Sub-iteration number: 25, FoM: 4.677648435258419e-08
06/06/2022 06:29:51.981 - oc_logger - INFO - Function evaluation number: 311, SI: 3, Sub-iteration number: 25, FoM: 1.2053701592407151e-08
06/06/2022 06:29:51.984 - oc_logger - INFO - Function evaluation number: 312, SI: 3, Sub-iteration number: 26, FoM: 2.6825028420773833e-08
06/06/2022 06:29:51.986 - oc_logger - INFO - Function evaluation number: 313, SI: 3, Sub-iteration number: 26, FoM: 4.385333984835427e-09
06/06/2022 06:29:51.989 - oc_logger - INFO - Function evaluation number: 314, SI: 3, Sub-iteration number: 27, FoM: 1.667606730482163e-08
06/06/2022 06:29:51.992 - oc_logger - INFO - Function evaluation number: 315, SI: 3, Sub-iteration number: 27, FoM: 5.0783484084604424e-09
06/06/2022 06:29:51.994 - oc_logger - INFO - Function evaluation number: 316, SI: 3, Sub-iteration number: 28, FoM: 9.286527657970112e-09
06/06/2022 06:29:51.998 - oc_logger - INFO - Function evaluation number: 317, SI: 3, Sub-iteration number: 28, FoM: 1.5389032270718417e-09
06/06/2022 06:29:52.002 - oc_logger - INFO - Function evaluation number: 318, SI: 3, Sub-iteration number: 29, FoM: 5.502402977697329e-09
06/06/2022 06:29:52.005 - oc_logger - INFO - Function evaluation number: 319, SI: 3, Sub-iteration number: 29, FoM: 1.7028699561549843e-09
06/06/2022 06:29:52.007 - oc_logger - INFO - Function evaluation number: 320, SI: 3, Sub-iteration number: 30, FoM: 3.2410061301391124e-09
06/06/2022 06:29:52.010 - oc_logger - INFO - Function evaluation number: 321, SI: 3, Sub-iteration number: 30, FoM: 4.142701737208654e-10
06/06/2022 06:29:52.013 - oc_logger - INFO - Function evaluation number: 322, SI: 3, Sub-iteration number: 31, FoM: 2.0923794918914496e-09
06/06/2022 06:29:52.016 - oc_logger - INFO - Function evaluation number: 323, SI: 3, Sub-iteration number: 31, FoM: 7.127833878683987e-10
06/06/2022 06:29:52.019 - oc_logger - INFO - Function evaluation number: 324, SI: 3, Sub-iteration number: 32, FoM: 1.1028556956560465e-09
06/06/2022 06:29:52.021 - oc_logger - INFO - Function evaluation number: 325, SI: 3, Sub-iteration number: 32, FoM: 2.7929791812653093e-10
06/06/2022 06:29:52.024 - oc_logger - INFO - Function evaluation number: 326, SI: 3, Sub-iteration number: 33, FoM: 6.016940279351957e-10
06/06/2022 06:29:52.026 - oc_logger - INFO - Function evaluation number: 327, SI: 3, Sub-iteration number: 33, FoM: 1.1103806762946533e-10
06/06/2022 06:29:52.030 - oc_logger - INFO - Function evaluation number: 328, SI: 3, Sub-iteration number: 34, FoM: 3.9724834532961495e-10
06/06/2022 06:29:52.033 - oc_logger - INFO - Function evaluation number: 329, SI: 3, Sub-iteration number: 34, FoM: 1.2627388024100128e-10
06/06/2022 06:29:52.036 - oc_logger - INFO - Function evaluation number: 330, SI: 3, Sub-iteration number: 35, FoM: 2.1199875188671058e-10
06/06/2022 06:29:52.039 - oc_logger - INFO - Function evaluation number: 331, SI: 3, Sub-iteration number: 35, FoM: 4.57345272764087e-11
06/06/2022 06:29:52.042 - oc_logger - INFO - Function evaluation number: 332, SI: 3, Sub-iteration number: 36, FoM: 1.0434142438953131e-10
06/06/2022 06:29:52.045 - oc_logger - INFO - Function evaluation number: 333, SI: 3, Sub-iteration number: 36, FoM: 7.563372150798386e-11
06/06/2022 06:29:52.047 - oc_logger - INFO - Function evaluation number: 334, SI: 3, Sub-iteration number: 37, FoM: 3.205624654611938e-11
06/06/2022 06:29:52.050 - oc_logger - INFO - Function evaluation number: 335, SI: 3, Sub-iteration number: 38, FoM: 7.570910565135591e-11
06/06/2022 06:29:52.052 - oc_logger - INFO - Function evaluation number: 336, SI: 3, Sub-iteration number: 38, FoM: 2.046740554817461e-11
06/06/2022 06:29:52.055 - oc_logger - INFO - Function evaluation number: 337, SI: 3, Sub-iteration number: 39, FoM: 3.577915741459492e-11
06/06/2022 06:29:52.058 - oc_logger - INFO - Function evaluation number: 338, SI: 3, Sub-iteration number: 39, FoM: 5.664579916242474e-12
06/06/2022 06:29:52.061 - oc_logger - INFO - Function evaluation number: 339, SI: 3, Sub-iteration number: 40, FoM: 2.840905288792328e-11
06/06/2022 06:29:52.064 - oc_logger - INFO - Function evaluation number: 340, SI: 3, Sub-iteration number: 40, FoM: 1.1840972646837145e-11
06/06/2022 06:29:52.067 - oc_logger - INFO - Function evaluation number: 341, SI: 3, Sub-iteration number: 41, FoM: 1.2594369991347776e-11
06/06/2022 06:29:52.070 - oc_logger - INFO - Function evaluation number: 342, SI: 3, Sub-iteration number: 41, FoM: 6.63402666134516e-12
06/06/2022 06:29:52.072 - oc_logger - INFO - Function evaluation number: 343, SI: 3, Sub-iteration number: 42, FoM: 5.587752482938413e-12
06/06/2022 06:29:52.075 - oc_logger - INFO - Function evaluation number: 344, SI: 3, Sub-iteration number: 43, FoM: 1.873212696068549e-11
06/06/2022 06:29:52.078 - oc_logger - INFO - Function evaluation number: 345, SI: 3, Sub-iteration number: 43, FoM: 1.5276668818842154e-12
06/06/2022 06:29:52.080 - oc_logger - INFO - Function evaluation number: 346, SI: 3, Sub-iteration number: 44, FoM: 6.481482017761664e-12
06/06/2022 06:29:52.083 - oc_logger - INFO - Function evaluation number: 347, SI: 3, Sub-iteration number: 44, FoM: 2.526978626349319e-12
06/06/2022 06:29:52.085 - oc_logger - INFO - Function evaluation number: 348, SI: 3, Sub-iteration number: 45, FoM: 3.5076386240007196e-12
06/06/2022 06:29:52.088 - oc_logger - INFO - Function evaluation number: 349, SI: 3, Sub-iteration number: 45, FoM: 1.0085265955694922e-12
06/06/2022 06:29:52.091 - oc_logger - INFO - Function evaluation number: 350, SI: 3, Sub-iteration number: 46, FoM: 4.288458477219592e-12
06/06/2022 06:29:52.093 - oc_logger - INFO - Function evaluation number: 351, SI: 3, Sub-iteration number: 46, FoM: 1.5265566588595902e-13
06/06/2022 06:29:52.096 - oc_logger - INFO - Function evaluation number: 352, SI: 3, Sub-iteration number: 47, FoM: 1.4175327578413999e-12
06/06/2022 06:29:52.098 - oc_logger - INFO - Function evaluation number: 353, SI: 3, Sub-iteration number: 47, FoM: 2.3214763444912023e-13
06/06/2022 06:29:52.100 - oc_logger - INFO - Function evaluation number: 354, SI: 3, Sub-iteration number: 48, FoM: 9.79216707719388e-13
06/06/2022 06:29:52.103 - oc_logger - INFO - Function evaluation number: 355, SI: 3, Sub-iteration number: 48, FoM: 1.1257661469699087e-13
06/06/2022 06:29:52.105 - oc_logger - INFO - Function evaluation number: 356, SI: 3, Sub-iteration number: 49, FoM: 1.4221956945448255e-12
06/06/2022 06:29:52.108 - oc_logger - INFO - Function evaluation number: 357, SI: 3, Sub-iteration number: 49, FoM: 2.9110047705671604e-13
06/06/2022 06:29:52.111 - oc_logger - INFO - Function evaluation number: 358, SI: 3, Sub-iteration number: 49, FoM: 2.2803980925800715e-13
06/06/2022 06:29:52.113 - oc_logger - INFO - Function evaluation number: 359, SI: 3, Sub-iteration number: 49, FoM: 4.2943426592501055e-13
06/06/2022 06:29:52.116 - oc_logger - INFO - Function evaluation number: 360, SI: 3, Sub-iteration number: 50, FoM: 6.246114736541131e-13
06/06/2022 06:29:52.118 - oc_logger - INFO - Function evaluation number: 361, SI: 3, Sub-iteration number: 50, FoM: 3.566036355096003e-13
06/06/2022 06:29:52.121 - oc_logger - INFO - Function evaluation number: 362, SI: 3, Sub-iteration number: 51, FoM: 1.7075230118734908e-13
06/06/2022 06:29:52.124 - oc_logger - INFO - Function evaluation number: 363, SI: 3, Sub-iteration number: 52, FoM: 7.807088309164101e-13
06/06/2022 06:29:52.126 - oc_logger - INFO - Function evaluation number: 364, SI: 3, Sub-iteration number: 52, FoM: 1.1857181902996672e-13
06/06/2022 06:29:52.128 - oc_logger - INFO - Function evaluation number: 365, SI: 3, Sub-iteration number: 53, FoM: 2.673417043297377e-13
06/06/2022 06:29:52.131 - oc_logger - INFO - Function evaluation number: 366, SI: 3, Sub-iteration number: 53, FoM: 4.5852210917018965e-14
06/06/2022 06:29:52.133 - oc_logger - INFO - Function evaluation number: 367, SI: 3, Sub-iteration number: 54, FoM: 2.319255898441952e-13
06/06/2022 06:29:52.136 - oc_logger - INFO - Function evaluation number: 368, SI: 3, Sub-iteration number: 54, FoM: 5.684341886080802e-14
06/06/2022 06:29:52.136 - oc_logger - INFO - SI 3 finished - Number of evaluations: 109, Best FoM: 1.2212453270876722e-15, Terminate reason: Convergence of the simplex.

06/06/2022 06:29:52.137 - oc_logger - INFO - Figure of merit : 1.2212453270876722e-15
06/06/2022 06:29:52.137 - oc_logger - INFO - Std : 0.0
06/06/2022 06:29:52.137 - oc_logger - INFO - total number of function evaluations : 368
06/06/2022 06:29:52.137 - oc_logger - INFO - dcrab_freq_list : [array([], dtype=float64), array([], dtype=float64), array([], dtype=float64)]
06/06/2022 06:29:52.137 - oc_logger - INFO - dcrab_para_list : [array([6.73440589, 2.8247281 ]), array([6.73440589, 2.8247281 ]), array([6.73440589, 2.8247281 ])]
06/06/2022 06:29:52.137 - oc_logger - INFO - terminate_reason : Convergence of the simplex.
