06/05/2022 02:12:42.442 - oc_logger - INFO - The optimization direction is minimization
06/05/2022 02:12:42.444 - oc_logger - INFO - QuOCS version number: 0.0.22
06/05/2022 02:12:42.444 - oc_logger - INFO - Direct search start time has been reset.
06/05/2022 02:12:42.584 - oc_logger - INFO - New record achieved. Previous FoM: 10000000000.0, new best FoM : 0.7669690350411814
06/05/2022 02:12:42.584 - oc_logger - INFO - Function evaluation number: 1, SI: 1, Sub-iteration number: 0, FoM: 0.7669690350411814
06/05/2022 02:12:42.727 - oc_logger - INFO - Function evaluation number: 2, SI: 1, Sub-iteration number: 0, FoM: 0.7676481601233953
06/05/2022 02:12:42.865 - oc_logger - INFO - Function evaluation number: 3, SI: 1, Sub-iteration number: 0, FoM: 0.7673601608783837
06/05/2022 02:12:43.006 - oc_logger - INFO - Function evaluation number: 4, SI: 1, Sub-iteration number: 0, FoM: 0.768142369880927
06/05/2022 02:12:43.146 - oc_logger - INFO - New record achieved. Previous FoM: 0.7669690350411814, new best FoM : 0.7668441775873979
06/05/2022 02:12:43.146 - oc_logger - INFO - Function evaluation number: 5, SI: 1, Sub-iteration number: 0, FoM: 0.7668441775873979
06/05/2022 02:12:43.280 - oc_logger - INFO - Function evaluation number: 6, SI: 1, Sub-iteration number: 0, FoM: 0.7679956171282287
06/05/2022 02:12:43.418 - oc_logger - INFO - New record achieved. Previous FoM: 0.7668441775873979, new best FoM : 0.76647345248303
06/05/2022 02:12:43.418 - oc_logger - INFO - Function evaluation number: 7, SI: 1, Sub-iteration number: 0, FoM: 0.76647345248303
06/05/2022 02:12:43.559 - oc_logger - INFO - Function evaluation number: 8, SI: 1, Sub-iteration number: 0, FoM: 0.7676944953596172
06/05/2022 02:12:43.699 - oc_logger - INFO - Function evaluation number: 9, SI: 1, Sub-iteration number: 0, FoM: 0.7665190647722188
06/05/2022 02:12:43.834 - oc_logger - INFO - New record achieved. Previous FoM: 0.76647345248303, new best FoM : 0.7657789458980796
06/05/2022 02:12:43.835 - oc_logger - INFO - Function evaluation number: 10, SI: 1, Sub-iteration number: 1, FoM: 0.7657789458980796
06/05/2022 02:12:43.974 - oc_logger - INFO - New record achieved. Previous FoM: 0.7657789458980796, new best FoM : 0.7653577405094365
06/05/2022 02:12:43.975 - oc_logger - INFO - Function evaluation number: 11, SI: 1, Sub-iteration number: 1, FoM: 0.7653577405094365
06/05/2022 02:12:44.121 - oc_logger - INFO - Function evaluation number: 12, SI: 1, Sub-iteration number: 2, FoM: 0.7655010215062421
06/05/2022 02:12:44.265 - oc_logger - INFO - Function evaluation number: 13, SI: 1, Sub-iteration number: 3, FoM: 0.7655094006198013
06/05/2022 02:12:44.404 - oc_logger - INFO - New record achieved. Previous FoM: 0.7653577405094365, new best FoM : 0.7646451300449538
06/05/2022 02:12:44.404 - oc_logger - INFO - Function evaluation number: 14, SI: 1, Sub-iteration number: 4, FoM: 0.7646451300449538
06/05/2022 02:12:44.548 - oc_logger - INFO - New record achieved. Previous FoM: 0.7646451300449538, new best FoM : 0.7641657277805904
06/05/2022 02:12:44.548 - oc_logger - INFO - Function evaluation number: 15, SI: 1, Sub-iteration number: 4, FoM: 0.7641657277805904
06/05/2022 02:12:44.686 - oc_logger - INFO - Function evaluation number: 16, SI: 1, Sub-iteration number: 5, FoM: 0.7642783678152077
06/05/2022 02:12:44.827 - oc_logger - INFO - New record achieved. Previous FoM: 0.7641657277805904, new best FoM : 0.7641626067606568
06/05/2022 02:12:44.827 - oc_logger - INFO - Function evaluation number: 17, SI: 1, Sub-iteration number: 6, FoM: 0.7641626067606568
06/05/2022 02:12:44.968 - oc_logger - INFO - New record achieved. Previous FoM: 0.7641626067606568, new best FoM : 0.7637802380657677
06/05/2022 02:12:44.968 - oc_logger - INFO - Function evaluation number: 18, SI: 1, Sub-iteration number: 6, FoM: 0.7637802380657677
06/05/2022 02:12:45.110 - oc_logger - INFO - New record achieved. Previous FoM: 0.7637802380657677, new best FoM : 0.7629430986835533
06/05/2022 02:12:45.110 - oc_logger - INFO - Function evaluation number: 19, SI: 1, Sub-iteration number: 7, FoM: 0.7629430986835533
06/05/2022 02:12:45.254 - oc_logger - INFO - New record achieved. Previous FoM: 0.7629430986835533, new best FoM : 0.762276295134164
06/05/2022 02:12:45.255 - oc_logger - INFO - Function evaluation number: 20, SI: 1, Sub-iteration number: 7, FoM: 0.762276295134164
06/05/2022 02:12:45.414 - oc_logger - INFO - Function evaluation number: 21, SI: 1, Sub-iteration number: 8, FoM: 0.7627530399941305
06/05/2022 02:12:45.560 - oc_logger - INFO - New record achieved. Previous FoM: 0.762276295134164, new best FoM : 0.7611316593654422
06/05/2022 02:12:45.560 - oc_logger - INFO - Function evaluation number: 22, SI: 1, Sub-iteration number: 9, FoM: 0.7611316593654422
06/05/2022 02:12:45.693 - oc_logger - INFO - New record achieved. Previous FoM: 0.7611316593654422, new best FoM : 0.7602268254225075
06/05/2022 02:12:45.693 - oc_logger - INFO - Function evaluation number: 23, SI: 1, Sub-iteration number: 9, FoM: 0.7602268254225075
06/05/2022 02:12:45.829 - oc_logger - INFO - Function evaluation number: 24, SI: 1, Sub-iteration number: 10, FoM: 0.7613455565766218
06/05/2022 02:12:45.962 - oc_logger - INFO - Function evaluation number: 25, SI: 1, Sub-iteration number: 11, FoM: 0.7602748956298324
06/05/2022 02:12:46.104 - oc_logger - INFO - New record achieved. Previous FoM: 0.7602268254225075, new best FoM : 0.7589486675447598
06/05/2022 02:12:46.104 - oc_logger - INFO - Function evaluation number: 26, SI: 1, Sub-iteration number: 12, FoM: 0.7589486675447598
06/05/2022 02:12:46.247 - oc_logger - INFO - New record achieved. Previous FoM: 0.7589486675447598, new best FoM : 0.7579810353738463
06/05/2022 02:12:46.247 - oc_logger - INFO - Function evaluation number: 27, SI: 1, Sub-iteration number: 12, FoM: 0.7579810353738463
06/05/2022 02:12:46.388 - oc_logger - INFO - Function evaluation number: 28, SI: 1, Sub-iteration number: 13, FoM: 0.7585607683847702
06/05/2022 02:12:46.529 - oc_logger - INFO - New record achieved. Previous FoM: 0.7579810353738463, new best FoM : 0.7572081403963687
06/05/2022 02:12:46.529 - oc_logger - INFO - Function evaluation number: 29, SI: 1, Sub-iteration number: 14, FoM: 0.7572081403963687
06/05/2022 02:12:46.663 - oc_logger - INFO - New record achieved. Previous FoM: 0.7572081403963687, new best FoM : 0.7561737510370379
06/05/2022 02:12:46.663 - oc_logger - INFO - Function evaluation number: 30, SI: 1, Sub-iteration number: 14, FoM: 0.7561737510370379
06/05/2022 02:12:46.807 - oc_logger - INFO - New record achieved. Previous FoM: 0.7561737510370379, new best FoM : 0.7549219516026296
06/05/2022 02:12:46.807 - oc_logger - INFO - Function evaluation number: 31, SI: 1, Sub-iteration number: 15, FoM: 0.7549219516026296
06/05/2022 02:12:46.953 - oc_logger - INFO - New record achieved. Previous FoM: 0.7549219516026296, new best FoM : 0.7534486049008038
06/05/2022 02:12:46.953 - oc_logger - INFO - Function evaluation number: 32, SI: 1, Sub-iteration number: 15, FoM: 0.7534486049008038
06/05/2022 02:12:47.096 - oc_logger - INFO - Function evaluation number: 33, SI: 1, Sub-iteration number: 16, FoM: 0.7539085429511871
06/05/2022 02:12:47.237 - oc_logger - INFO - New record achieved. Previous FoM: 0.7534486049008038, new best FoM : 0.7526923989487462
06/05/2022 02:12:47.237 - oc_logger - INFO - Function evaluation number: 34, SI: 1, Sub-iteration number: 17, FoM: 0.7526923989487462
06/05/2022 02:12:47.380 - oc_logger - INFO - New record achieved. Previous FoM: 0.7526923989487462, new best FoM : 0.7512807804107353
06/05/2022 02:12:47.380 - oc_logger - INFO - Function evaluation number: 35, SI: 1, Sub-iteration number: 17, FoM: 0.7512807804107353
06/05/2022 02:12:47.521 - oc_logger - INFO - New record achieved. Previous FoM: 0.7512807804107353, new best FoM : 0.7510038783647216
06/05/2022 02:12:47.521 - oc_logger - INFO - Function evaluation number: 36, SI: 1, Sub-iteration number: 18, FoM: 0.7510038783647216
06/05/2022 02:12:47.648 - oc_logger - INFO - New record achieved. Previous FoM: 0.7510038783647216, new best FoM : 0.749460248531691
06/05/2022 02:12:47.648 - oc_logger - INFO - Function evaluation number: 37, SI: 1, Sub-iteration number: 18, FoM: 0.749460248531691
06/05/2022 02:12:47.790 - oc_logger - INFO - New record achieved. Previous FoM: 0.749460248531691, new best FoM : 0.749322312146278
06/05/2022 02:12:47.790 - oc_logger - INFO - Function evaluation number: 38, SI: 1, Sub-iteration number: 19, FoM: 0.749322312146278
06/05/2022 02:12:47.933 - oc_logger - INFO - New record achieved. Previous FoM: 0.749322312146278, new best FoM : 0.7476772539193793
06/05/2022 02:12:47.933 - oc_logger - INFO - Function evaluation number: 39, SI: 1, Sub-iteration number: 19, FoM: 0.7476772539193793
06/05/2022 02:12:48.077 - oc_logger - INFO - New record achieved. Previous FoM: 0.7476772539193793, new best FoM : 0.7457710773417084
06/05/2022 02:12:48.077 - oc_logger - INFO - Function evaluation number: 40, SI: 1, Sub-iteration number: 20, FoM: 0.7457710773417084
06/05/2022 02:12:48.219 - oc_logger - INFO - New record achieved. Previous FoM: 0.7457710773417084, new best FoM : 0.7435598261315194
06/05/2022 02:12:48.219 - oc_logger - INFO - Function evaluation number: 41, SI: 1, Sub-iteration number: 20, FoM: 0.7435598261315194
06/05/2022 02:12:48.365 - oc_logger - INFO - Function evaluation number: 42, SI: 1, Sub-iteration number: 21, FoM: 0.7437298358938038
06/05/2022 02:12:48.507 - oc_logger - INFO - New record achieved. Previous FoM: 0.7435598261315194, new best FoM : 0.7400165189441879
06/05/2022 02:12:48.507 - oc_logger - INFO - Function evaluation number: 43, SI: 1, Sub-iteration number: 22, FoM: 0.7400165189441879
06/05/2022 02:12:48.649 - oc_logger - INFO - New record achieved. Previous FoM: 0.7400165189441879, new best FoM : 0.7371776983199199
06/05/2022 02:12:48.649 - oc_logger - INFO - Function evaluation number: 44, SI: 1, Sub-iteration number: 22, FoM: 0.7371776983199199
06/05/2022 02:12:48.792 - oc_logger - INFO - Function evaluation number: 45, SI: 1, Sub-iteration number: 23, FoM: 0.7371948428612783
06/05/2022 02:12:48.935 - oc_logger - INFO - New record achieved. Previous FoM: 0.7371776983199199, new best FoM : 0.7361212940182782
06/05/2022 02:12:48.935 - oc_logger - INFO - Function evaluation number: 46, SI: 1, Sub-iteration number: 24, FoM: 0.7361212940182782
06/05/2022 02:12:49.077 - oc_logger - INFO - New record achieved. Previous FoM: 0.7361212940182782, new best FoM : 0.7335141582904569
06/05/2022 02:12:49.077 - oc_logger - INFO - Function evaluation number: 47, SI: 1, Sub-iteration number: 24, FoM: 0.7335141582904569
06/05/2022 02:12:49.219 - oc_logger - INFO - New record achieved. Previous FoM: 0.7335141582904569, new best FoM : 0.7310583917515456
06/05/2022 02:12:49.219 - oc_logger - INFO - Function evaluation number: 48, SI: 1, Sub-iteration number: 25, FoM: 0.7310583917515456
06/05/2022 02:12:49.353 - oc_logger - INFO - New record achieved. Previous FoM: 0.7310583917515456, new best FoM : 0.7277289281324931
06/05/2022 02:12:49.353 - oc_logger - INFO - Function evaluation number: 49, SI: 1, Sub-iteration number: 25, FoM: 0.7277289281324931
06/05/2022 02:12:49.496 - oc_logger - INFO - New record achieved. Previous FoM: 0.7277289281324931, new best FoM : 0.7269810657056937
06/05/2022 02:12:49.496 - oc_logger - INFO - Function evaluation number: 50, SI: 1, Sub-iteration number: 26, FoM: 0.7269810657056937
06/05/2022 02:12:49.637 - oc_logger - INFO - New record achieved. Previous FoM: 0.7269810657056937, new best FoM : 0.723299376093435
06/05/2022 02:12:49.638 - oc_logger - INFO - Function evaluation number: 51, SI: 1, Sub-iteration number: 26, FoM: 0.723299376093435
06/05/2022 02:12:49.778 - oc_logger - INFO - New record achieved. Previous FoM: 0.723299376093435, new best FoM : 0.7220424566250723
06/05/2022 02:12:49.778 - oc_logger - INFO - Function evaluation number: 52, SI: 1, Sub-iteration number: 27, FoM: 0.7220424566250723
06/05/2022 02:12:49.920 - oc_logger - INFO - New record achieved. Previous FoM: 0.7220424566250723, new best FoM : 0.7178929624420834
06/05/2022 02:12:49.920 - oc_logger - INFO - Function evaluation number: 53, SI: 1, Sub-iteration number: 27, FoM: 0.7178929624420834
06/05/2022 02:12:50.063 - oc_logger - INFO - New record achieved. Previous FoM: 0.7178929624420834, new best FoM : 0.7161112157652263
06/05/2022 02:12:50.063 - oc_logger - INFO - Function evaluation number: 54, SI: 1, Sub-iteration number: 28, FoM: 0.7161112157652263
06/05/2022 02:12:50.205 - oc_logger - INFO - New record achieved. Previous FoM: 0.7161112157652263, new best FoM : 0.7113486937167222
06/05/2022 02:12:50.206 - oc_logger - INFO - Function evaluation number: 55, SI: 1, Sub-iteration number: 28, FoM: 0.7113486937167222
06/05/2022 02:12:50.339 - oc_logger - INFO - Function evaluation number: 56, SI: 1, Sub-iteration number: 29, FoM: 0.7124042580793803
06/05/2022 02:12:50.476 - oc_logger - INFO - New record achieved. Previous FoM: 0.7113486937167222, new best FoM : 0.7031657522341362
06/05/2022 02:12:50.476 - oc_logger - INFO - Function evaluation number: 57, SI: 1, Sub-iteration number: 30, FoM: 0.7031657522341362
06/05/2022 02:12:50.617 - oc_logger - INFO - New record achieved. Previous FoM: 0.7031657522341362, new best FoM : 0.6969976670770233
06/05/2022 02:12:50.617 - oc_logger - INFO - Function evaluation number: 58, SI: 1, Sub-iteration number: 30, FoM: 0.6969976670770233
06/05/2022 02:12:50.755 - oc_logger - INFO - Function evaluation number: 59, SI: 1, Sub-iteration number: 31, FoM: 0.7014402031114986
06/05/2022 02:12:50.902 - oc_logger - INFO - New record achieved. Previous FoM: 0.6969976670770233, new best FoM : 0.691064247359871
06/05/2022 02:12:50.902 - oc_logger - INFO - Function evaluation number: 60, SI: 1, Sub-iteration number: 32, FoM: 0.691064247359871
06/05/2022 02:12:51.046 - oc_logger - INFO - New record achieved. Previous FoM: 0.691064247359871, new best FoM : 0.6842869093524271
06/05/2022 02:12:51.046 - oc_logger - INFO - Function evaluation number: 61, SI: 1, Sub-iteration number: 32, FoM: 0.6842869093524271
06/05/2022 02:12:51.186 - oc_logger - INFO - New record achieved. Previous FoM: 0.6842869093524271, new best FoM : 0.6815316884448919
06/05/2022 02:12:51.187 - oc_logger - INFO - Function evaluation number: 62, SI: 1, Sub-iteration number: 33, FoM: 0.6815316884448919
06/05/2022 02:12:51.327 - oc_logger - INFO - New record achieved. Previous FoM: 0.6815316884448919, new best FoM : 0.6737927473188716
06/05/2022 02:12:51.327 - oc_logger - INFO - Function evaluation number: 63, SI: 1, Sub-iteration number: 33, FoM: 0.6737927473188716
06/05/2022 02:12:51.465 - oc_logger - INFO - Function evaluation number: 64, SI: 1, Sub-iteration number: 34, FoM: 0.6744559999339209
06/05/2022 02:12:51.608 - oc_logger - INFO - New record achieved. Previous FoM: 0.6737927473188716, new best FoM : 0.6669564420876422
06/05/2022 02:12:51.609 - oc_logger - INFO - Function evaluation number: 65, SI: 1, Sub-iteration number: 35, FoM: 0.6669564420876422
06/05/2022 02:12:51.750 - oc_logger - INFO - New record achieved. Previous FoM: 0.6669564420876422, new best FoM : 0.6588753389249755
06/05/2022 02:12:51.750 - oc_logger - INFO - Function evaluation number: 66, SI: 1, Sub-iteration number: 35, FoM: 0.6588753389249755
06/05/2022 02:12:51.890 - oc_logger - INFO - New record achieved. Previous FoM: 0.6588753389249755, new best FoM : 0.657676529047669
06/05/2022 02:12:51.890 - oc_logger - INFO - Function evaluation number: 67, SI: 1, Sub-iteration number: 36, FoM: 0.657676529047669
06/05/2022 02:12:52.023 - oc_logger - INFO - New record achieved. Previous FoM: 0.657676529047669, new best FoM : 0.649095960883273
06/05/2022 02:12:52.024 - oc_logger - INFO - Function evaluation number: 68, SI: 1, Sub-iteration number: 36, FoM: 0.649095960883273
06/05/2022 02:12:52.167 - oc_logger - INFO - New record achieved. Previous FoM: 0.649095960883273, new best FoM : 0.6473200437738011
06/05/2022 02:12:52.167 - oc_logger - INFO - Function evaluation number: 69, SI: 1, Sub-iteration number: 37, FoM: 0.6473200437738011
06/05/2022 02:12:52.311 - oc_logger - INFO - New record achieved. Previous FoM: 0.6473200437738011, new best FoM : 0.6381371268807433
06/05/2022 02:12:52.312 - oc_logger - INFO - Function evaluation number: 70, SI: 1, Sub-iteration number: 37, FoM: 0.6381371268807433
06/05/2022 02:12:52.455 - oc_logger - INFO - New record achieved. Previous FoM: 0.6381371268807433, new best FoM : 0.628100688033975
06/05/2022 02:12:52.455 - oc_logger - INFO - Function evaluation number: 71, SI: 1, Sub-iteration number: 38, FoM: 0.628100688033975
06/05/2022 02:12:52.594 - oc_logger - INFO - New record achieved. Previous FoM: 0.628100688033975, new best FoM : 0.6162797243803461
06/05/2022 02:12:52.595 - oc_logger - INFO - Function evaluation number: 72, SI: 1, Sub-iteration number: 38, FoM: 0.6162797243803461
06/05/2022 02:12:52.736 - oc_logger - INFO - Function evaluation number: 73, SI: 1, Sub-iteration number: 39, FoM: 0.6177681620454651
06/05/2022 02:12:52.877 - oc_logger - INFO - New record achieved. Previous FoM: 0.6162797243803461, new best FoM : 0.6022503062070498
06/05/2022 02:12:52.878 - oc_logger - INFO - Function evaluation number: 74, SI: 1, Sub-iteration number: 40, FoM: 0.6022503062070498
06/05/2022 02:12:53.016 - oc_logger - INFO - New record achieved. Previous FoM: 0.6022503062070498, new best FoM : 0.5893967830043028
06/05/2022 02:12:53.016 - oc_logger - INFO - Function evaluation number: 75, SI: 1, Sub-iteration number: 40, FoM: 0.5893967830043028
06/05/2022 02:12:53.149 - oc_logger - INFO - Function evaluation number: 76, SI: 1, Sub-iteration number: 41, FoM: 0.5918262474900327
06/05/2022 02:12:53.294 - oc_logger - INFO - New record achieved. Previous FoM: 0.5893967830043028, new best FoM : 0.582854441436138
06/05/2022 02:12:53.294 - oc_logger - INFO - Function evaluation number: 77, SI: 1, Sub-iteration number: 42, FoM: 0.582854441436138
06/05/2022 02:12:53.435 - oc_logger - INFO - New record achieved. Previous FoM: 0.582854441436138, new best FoM : 0.5710317522222184
06/05/2022 02:12:53.435 - oc_logger - INFO - Function evaluation number: 78, SI: 1, Sub-iteration number: 42, FoM: 0.5710317522222184
06/05/2022 02:12:53.575 - oc_logger - INFO - New record achieved. Previous FoM: 0.5710317522222184, new best FoM : 0.555539398647056
06/05/2022 02:12:53.575 - oc_logger - INFO - Function evaluation number: 79, SI: 1, Sub-iteration number: 43, FoM: 0.555539398647056
06/05/2022 02:12:53.717 - oc_logger - INFO - New record achieved. Previous FoM: 0.555539398647056, new best FoM : 0.5401943808474223
06/05/2022 02:12:53.717 - oc_logger - INFO - Function evaluation number: 80, SI: 1, Sub-iteration number: 43, FoM: 0.5401943808474223
06/05/2022 02:12:53.861 - oc_logger - INFO - Function evaluation number: 81, SI: 1, Sub-iteration number: 44, FoM: 0.5424086885745253
06/05/2022 02:12:53.999 - oc_logger - INFO - New record achieved. Previous FoM: 0.5401943808474223, new best FoM : 0.5283075089514208
06/05/2022 02:12:53.999 - oc_logger - INFO - Function evaluation number: 82, SI: 1, Sub-iteration number: 45, FoM: 0.5283075089514208
06/05/2022 02:12:54.142 - oc_logger - INFO - New record achieved. Previous FoM: 0.5283075089514208, new best FoM : 0.520312997387078
06/05/2022 02:12:54.142 - oc_logger - INFO - Function evaluation number: 83, SI: 1, Sub-iteration number: 45, FoM: 0.520312997387078
06/05/2022 02:12:54.280 - oc_logger - INFO - New record achieved. Previous FoM: 0.520312997387078, new best FoM : 0.5144735127578279
06/05/2022 02:12:54.280 - oc_logger - INFO - Function evaluation number: 84, SI: 1, Sub-iteration number: 46, FoM: 0.5144735127578279
06/05/2022 02:12:54.421 - oc_logger - INFO - New record achieved. Previous FoM: 0.5144735127578279, new best FoM : 0.5064936837845955
06/05/2022 02:12:54.421 - oc_logger - INFO - Function evaluation number: 85, SI: 1, Sub-iteration number: 46, FoM: 0.5064936837845955
06/05/2022 02:12:54.561 - oc_logger - INFO - Function evaluation number: 86, SI: 1, Sub-iteration number: 47, FoM: 0.5107213682393693
06/05/2022 02:12:54.701 - oc_logger - INFO - New record achieved. Previous FoM: 0.5064936837845955, new best FoM : 0.49175032644216876
06/05/2022 02:12:54.701 - oc_logger - INFO - Function evaluation number: 87, SI: 1, Sub-iteration number: 48, FoM: 0.49175032644216876
06/05/2022 02:12:54.845 - oc_logger - INFO - New record achieved. Previous FoM: 0.49175032644216876, new best FoM : 0.47222822528856623
06/05/2022 02:12:54.845 - oc_logger - INFO - Function evaluation number: 88, SI: 1, Sub-iteration number: 48, FoM: 0.47222822528856623
06/05/2022 02:12:54.986 - oc_logger - INFO - Function evaluation number: 89, SI: 1, Sub-iteration number: 49, FoM: 0.4790502150683037
06/05/2022 02:12:55.125 - oc_logger - INFO - New record achieved. Previous FoM: 0.47222822528856623, new best FoM : 0.4469734799930758
06/05/2022 02:12:55.125 - oc_logger - INFO - Function evaluation number: 90, SI: 1, Sub-iteration number: 50, FoM: 0.4469734799930758
06/05/2022 02:12:55.268 - oc_logger - INFO - New record achieved. Previous FoM: 0.4469734799930758, new best FoM : 0.4251637738296651
06/05/2022 02:12:55.268 - oc_logger - INFO - Function evaluation number: 91, SI: 1, Sub-iteration number: 50, FoM: 0.4251637738296651
06/05/2022 02:12:55.403 - oc_logger - INFO - New record achieved. Previous FoM: 0.4251637738296651, new best FoM : 0.4217706392732854
06/05/2022 02:12:55.404 - oc_logger - INFO - Function evaluation number: 92, SI: 1, Sub-iteration number: 51, FoM: 0.4217706392732854
06/05/2022 02:12:55.548 - oc_logger - INFO - New record achieved. Previous FoM: 0.4217706392732854, new best FoM : 0.40206489660501
06/05/2022 02:12:55.548 - oc_logger - INFO - Function evaluation number: 93, SI: 1, Sub-iteration number: 51, FoM: 0.40206489660501
06/05/2022 02:12:55.689 - oc_logger - INFO - New record achieved. Previous FoM: 0.40206489660501, new best FoM : 0.39605001777593585
06/05/2022 02:12:55.689 - oc_logger - INFO - Function evaluation number: 94, SI: 1, Sub-iteration number: 52, FoM: 0.39605001777593585
06/05/2022 02:12:55.827 - oc_logger - INFO - New record achieved. Previous FoM: 0.39605001777593585, new best FoM : 0.3773107784594889
06/05/2022 02:12:55.827 - oc_logger - INFO - Function evaluation number: 95, SI: 1, Sub-iteration number: 52, FoM: 0.3773107784594889
06/05/2022 02:12:55.966 - oc_logger - INFO - New record achieved. Previous FoM: 0.3773107784594889, new best FoM : 0.37225413321909173
06/05/2022 02:12:55.966 - oc_logger - INFO - Function evaluation number: 96, SI: 1, Sub-iteration number: 53, FoM: 0.37225413321909173
06/05/2022 02:12:56.111 - oc_logger - INFO - New record achieved. Previous FoM: 0.37225413321909173, new best FoM : 0.35662443930016874
06/05/2022 02:12:56.111 - oc_logger - INFO - Function evaluation number: 97, SI: 1, Sub-iteration number: 53, FoM: 0.35662443930016874
06/05/2022 02:12:56.250 - oc_logger - INFO - Function evaluation number: 98, SI: 1, Sub-iteration number: 54, FoM: 0.36623035796094505
06/05/2022 02:12:56.393 - oc_logger - INFO - New record achieved. Previous FoM: 0.35662443930016874, new best FoM : 0.3526520068187706
06/05/2022 02:12:56.393 - oc_logger - INFO - Function evaluation number: 99, SI: 1, Sub-iteration number: 55, FoM: 0.3526520068187706
06/05/2022 02:12:56.533 - oc_logger - INFO - New record achieved. Previous FoM: 0.3526520068187706, new best FoM : 0.3478912752344945
06/05/2022 02:12:56.533 - oc_logger - INFO - Function evaluation number: 100, SI: 1, Sub-iteration number: 55, FoM: 0.3478912752344945
06/05/2022 02:12:56.676 - oc_logger - INFO - New record achieved. Previous FoM: 0.3478912752344945, new best FoM : 0.3461773224555724
06/05/2022 02:12:56.676 - oc_logger - INFO - Function evaluation number: 101, SI: 1, Sub-iteration number: 56, FoM: 0.3461773224555724
06/05/2022 02:12:56.818 - oc_logger - INFO - New record achieved. Previous FoM: 0.3461773224555724, new best FoM : 0.34497521915132834
06/05/2022 02:12:56.818 - oc_logger - INFO - Function evaluation number: 102, SI: 1, Sub-iteration number: 56, FoM: 0.34497521915132834
06/05/2022 02:12:56.956 - oc_logger - INFO - New record achieved. Previous FoM: 0.34497521915132834, new best FoM : 0.3336247285700087
06/05/2022 02:12:56.956 - oc_logger - INFO - Function evaluation number: 103, SI: 1, Sub-iteration number: 57, FoM: 0.3336247285700087
06/05/2022 02:12:57.092 - oc_logger - INFO - New record achieved. Previous FoM: 0.3336247285700087, new best FoM : 0.33201376575144415
06/05/2022 02:12:57.092 - oc_logger - INFO - Function evaluation number: 104, SI: 1, Sub-iteration number: 57, FoM: 0.33201376575144415
06/05/2022 02:12:57.236 - oc_logger - INFO - Function evaluation number: 105, SI: 1, Sub-iteration number: 58, FoM: 0.343228786001897
06/05/2022 02:12:57.378 - oc_logger - INFO - Function evaluation number: 106, SI: 1, Sub-iteration number: 59, FoM: 0.3391918097453497
06/05/2022 02:12:57.518 - oc_logger - INFO - Function evaluation number: 107, SI: 1, Sub-iteration number: 60, FoM: 0.35348570060876094
06/05/2022 02:12:57.661 - oc_logger - INFO - Function evaluation number: 108, SI: 1, Sub-iteration number: 61, FoM: 0.35135825159244316
06/05/2022 02:12:57.803 - oc_logger - INFO - Function evaluation number: 109, SI: 1, Sub-iteration number: 62, FoM: 0.35259257496736873
06/05/2022 02:12:57.941 - oc_logger - INFO - Function evaluation number: 110, SI: 1, Sub-iteration number: 63, FoM: 0.35214395341656124
06/05/2022 02:12:58.078 - oc_logger - INFO - Function evaluation number: 111, SI: 1, Sub-iteration number: 64, FoM: 0.3354353136370145
06/05/2022 02:12:58.221 - oc_logger - INFO - Function evaluation number: 112, SI: 1, Sub-iteration number: 65, FoM: 0.3432552519628289
06/05/2022 02:12:58.363 - oc_logger - INFO - Function evaluation number: 113, SI: 1, Sub-iteration number: 66, FoM: 0.40321059083969824
06/05/2022 02:12:58.498 - oc_logger - INFO - Function evaluation number: 114, SI: 1, Sub-iteration number: 66, FoM: 0.3477472827552762
06/05/2022 02:12:58.640 - oc_logger - INFO - Function evaluation number: 115, SI: 1, Sub-iteration number: 67, FoM: 0.3436746013417107
06/05/2022 02:12:58.784 - oc_logger - INFO - Function evaluation number: 116, SI: 1, Sub-iteration number: 68, FoM: 0.33578948204534265
06/05/2022 02:12:58.922 - oc_logger - INFO - Function evaluation number: 117, SI: 1, Sub-iteration number: 69, FoM: 0.36100264981550656
06/05/2022 02:12:59.058 - oc_logger - INFO - Function evaluation number: 118, SI: 1, Sub-iteration number: 69, FoM: 0.34422900201781426
06/05/2022 02:12:59.198 - oc_logger - INFO - New record achieved. Previous FoM: 0.33201376575144415, new best FoM : 0.32912345029192946
06/05/2022 02:12:59.198 - oc_logger - INFO - Function evaluation number: 119, SI: 1, Sub-iteration number: 70, FoM: 0.32912345029192946
06/05/2022 02:12:59.332 - oc_logger - INFO - New record achieved. Previous FoM: 0.32912345029192946, new best FoM : 0.32788593480609307
06/05/2022 02:12:59.332 - oc_logger - INFO - Function evaluation number: 120, SI: 1, Sub-iteration number: 70, FoM: 0.32788593480609307
06/05/2022 02:12:59.473 - oc_logger - INFO - Function evaluation number: 121, SI: 1, Sub-iteration number: 71, FoM: 0.33144507093835396
06/05/2022 02:12:59.613 - oc_logger - INFO - Function evaluation number: 122, SI: 1, Sub-iteration number: 72, FoM: 0.34112294854969283
06/05/2022 02:12:59.757 - oc_logger - INFO - Function evaluation number: 123, SI: 1, Sub-iteration number: 73, FoM: 0.3380351547160635
06/05/2022 02:12:59.897 - oc_logger - INFO - New record achieved. Previous FoM: 0.32788593480609307, new best FoM : 0.3274753450386345
06/05/2022 02:12:59.897 - oc_logger - INFO - Function evaluation number: 124, SI: 1, Sub-iteration number: 74, FoM: 0.3274753450386345
06/05/2022 02:13:00.045 - oc_logger - INFO - New record achieved. Previous FoM: 0.3274753450386345, new best FoM : 0.32694676944910683
06/05/2022 02:13:00.045 - oc_logger - INFO - Function evaluation number: 125, SI: 1, Sub-iteration number: 74, FoM: 0.32694676944910683
06/05/2022 02:13:00.187 - oc_logger - INFO - Function evaluation number: 126, SI: 1, Sub-iteration number: 75, FoM: 0.3315694486212818
06/05/2022 02:13:00.327 - oc_logger - INFO - New record achieved. Previous FoM: 0.32694676944910683, new best FoM : 0.32228309968785407
06/05/2022 02:13:00.327 - oc_logger - INFO - Function evaluation number: 127, SI: 1, Sub-iteration number: 76, FoM: 0.32228309968785407
06/05/2022 02:13:00.463 - oc_logger - INFO - New record achieved. Previous FoM: 0.32228309968785407, new best FoM : 0.32080625732236345
06/05/2022 02:13:00.464 - oc_logger - INFO - Function evaluation number: 128, SI: 1, Sub-iteration number: 76, FoM: 0.32080625732236345
06/05/2022 02:13:00.608 - oc_logger - INFO - Function evaluation number: 129, SI: 1, Sub-iteration number: 77, FoM: 0.3405319026775214
06/05/2022 02:13:00.751 - oc_logger - INFO - Function evaluation number: 130, SI: 1, Sub-iteration number: 77, FoM: 0.33300631468342823
06/05/2022 02:13:00.893 - oc_logger - INFO - Function evaluation number: 131, SI: 1, Sub-iteration number: 78, FoM: 0.3236955334171414
06/05/2022 02:13:01.028 - oc_logger - INFO - New record achieved. Previous FoM: 0.32080625732236345, new best FoM : 0.31905179181813725
06/05/2022 02:13:01.028 - oc_logger - INFO - Function evaluation number: 132, SI: 1, Sub-iteration number: 79, FoM: 0.31905179181813725
06/05/2022 02:13:01.171 - oc_logger - INFO - New record achieved. Previous FoM: 0.31905179181813725, new best FoM : 0.3173525126696225
06/05/2022 02:13:01.172 - oc_logger - INFO - Function evaluation number: 133, SI: 1, Sub-iteration number: 79, FoM: 0.3173525126696225
06/05/2022 02:13:01.315 - oc_logger - INFO - Function evaluation number: 134, SI: 1, Sub-iteration number: 80, FoM: 0.3352308492772599
06/05/2022 02:13:01.455 - oc_logger - INFO - Function evaluation number: 135, SI: 1, Sub-iteration number: 80, FoM: 0.3293168427930767
06/05/2022 02:13:01.593 - oc_logger - INFO - Function evaluation number: 136, SI: 1, Sub-iteration number: 81, FoM: 0.31888223158327156
06/05/2022 02:13:01.735 - oc_logger - INFO - Function evaluation number: 137, SI: 1, Sub-iteration number: 82, FoM: 0.3210988174634538
06/05/2022 02:13:01.879 - oc_logger - INFO - Function evaluation number: 138, SI: 1, Sub-iteration number: 83, FoM: 0.32360623665566335
06/05/2022 02:13:02.011 - oc_logger - INFO - New record achieved. Previous FoM: 0.3173525126696225, new best FoM : 0.3158023331733032
06/05/2022 02:13:02.011 - oc_logger - INFO - Function evaluation number: 139, SI: 1, Sub-iteration number: 84, FoM: 0.3158023331733032
06/05/2022 02:13:02.154 - oc_logger - INFO - New record achieved. Previous FoM: 0.3158023331733032, new best FoM : 0.31388016020912113
06/05/2022 02:13:02.154 - oc_logger - INFO - Function evaluation number: 140, SI: 1, Sub-iteration number: 84, FoM: 0.31388016020912113
06/05/2022 02:13:02.298 - oc_logger - INFO - Function evaluation number: 141, SI: 1, Sub-iteration number: 85, FoM: 0.3149992620202364
06/05/2022 02:13:02.431 - oc_logger - INFO - New record achieved. Previous FoM: 0.31388016020912113, new best FoM : 0.312638449313728
06/05/2022 02:13:02.431 - oc_logger - INFO - Function evaluation number: 142, SI: 1, Sub-iteration number: 86, FoM: 0.312638449313728
06/05/2022 02:13:02.574 - oc_logger - INFO - Function evaluation number: 143, SI: 1, Sub-iteration number: 86, FoM: 0.31380543049204046
06/05/2022 02:13:02.716 - oc_logger - INFO - Function evaluation number: 144, SI: 1, Sub-iteration number: 87, FoM: 0.31633383390709713
06/05/2022 02:13:02.854 - oc_logger - INFO - Function evaluation number: 145, SI: 1, Sub-iteration number: 88, FoM: 0.32559940889609007
06/05/2022 02:13:02.993 - oc_logger - INFO - Function evaluation number: 146, SI: 1, Sub-iteration number: 88, FoM: 0.32022121209645527
06/05/2022 02:13:03.138 - oc_logger - INFO - New record achieved. Previous FoM: 0.312638449313728, new best FoM : 0.3121261664077558
06/05/2022 02:13:03.138 - oc_logger - INFO - Function evaluation number: 147, SI: 1, Sub-iteration number: 89, FoM: 0.3121261664077558
06/05/2022 02:13:03.279 - oc_logger - INFO - New record achieved. Previous FoM: 0.3121261664077558, new best FoM : 0.3114527352143891
06/05/2022 02:13:03.279 - oc_logger - INFO - Function evaluation number: 148, SI: 1, Sub-iteration number: 89, FoM: 0.3114527352143891
06/05/2022 02:13:03.420 - oc_logger - INFO - New record achieved. Previous FoM: 0.3114527352143891, new best FoM : 0.31068509428126323
06/05/2022 02:13:03.420 - oc_logger - INFO - Function evaluation number: 149, SI: 1, Sub-iteration number: 90, FoM: 0.31068509428126323
06/05/2022 02:13:03.562 - oc_logger - INFO - New record achieved. Previous FoM: 0.31068509428126323, new best FoM : 0.3097921621888764
06/05/2022 02:13:03.562 - oc_logger - INFO - Function evaluation number: 150, SI: 1, Sub-iteration number: 90, FoM: 0.3097921621888764
06/05/2022 02:13:03.705 - oc_logger - INFO - Function evaluation number: 151, SI: 1, Sub-iteration number: 91, FoM: 0.31533770539938966
06/05/2022 02:13:03.842 - oc_logger - INFO - New record achieved. Previous FoM: 0.3097921621888764, new best FoM : 0.3090857591644305
06/05/2022 02:13:03.842 - oc_logger - INFO - Function evaluation number: 152, SI: 1, Sub-iteration number: 92, FoM: 0.3090857591644305
06/05/2022 02:13:03.984 - oc_logger - INFO - New record achieved. Previous FoM: 0.3090857591644305, new best FoM : 0.3088590480492891
06/05/2022 02:13:03.984 - oc_logger - INFO - Function evaluation number: 153, SI: 1, Sub-iteration number: 92, FoM: 0.3088590480492891
06/05/2022 02:13:04.126 - oc_logger - INFO - New record achieved. Previous FoM: 0.3088590480492891, new best FoM : 0.3080707188612206
06/05/2022 02:13:04.126 - oc_logger - INFO - Function evaluation number: 154, SI: 1, Sub-iteration number: 93, FoM: 0.3080707188612206
06/05/2022 02:13:04.261 - oc_logger - INFO - Function evaluation number: 155, SI: 1, Sub-iteration number: 93, FoM: 0.3080749153459519
06/05/2022 02:13:04.397 - oc_logger - INFO - Function evaluation number: 156, SI: 1, Sub-iteration number: 94, FoM: 0.33159998742198515
06/05/2022 02:13:04.539 - oc_logger - INFO - Function evaluation number: 157, SI: 1, Sub-iteration number: 94, FoM: 0.31356654153819596
06/05/2022 02:13:04.677 - oc_logger - INFO - Function evaluation number: 158, SI: 1, Sub-iteration number: 95, FoM: 0.3154406708972275
06/05/2022 02:13:04.818 - oc_logger - INFO - Function evaluation number: 159, SI: 1, Sub-iteration number: 95, FoM: 0.3109568793828468
06/05/2022 02:13:04.957 - oc_logger - INFO - New record achieved. Previous FoM: 0.3080707188612206, new best FoM : 0.30639364472366115
06/05/2022 02:13:04.957 - oc_logger - INFO - Function evaluation number: 160, SI: 1, Sub-iteration number: 96, FoM: 0.30639364472366115
06/05/2022 02:13:05.100 - oc_logger - INFO - New record achieved. Previous FoM: 0.30639364472366115, new best FoM : 0.3057373906148415
06/05/2022 02:13:05.100 - oc_logger - INFO - Function evaluation number: 161, SI: 1, Sub-iteration number: 96, FoM: 0.3057373906148415
06/05/2022 02:13:05.236 - oc_logger - INFO - Function evaluation number: 162, SI: 1, Sub-iteration number: 97, FoM: 0.3061866221846742
06/05/2022 02:13:05.380 - oc_logger - INFO - Function evaluation number: 163, SI: 1, Sub-iteration number: 98, FoM: 0.3166720319797165
06/05/2022 02:13:05.522 - oc_logger - INFO - Function evaluation number: 164, SI: 1, Sub-iteration number: 98, FoM: 0.3111487358189372
06/05/2022 02:13:05.661 - oc_logger - INFO - Function evaluation number: 165, SI: 1, Sub-iteration number: 99, FoM: 0.3057608694655164
06/05/2022 02:13:05.802 - oc_logger - INFO - Function evaluation number: 166, SI: 1, Sub-iteration number: 100, FoM: 0.30711110039315326
06/05/2022 02:13:05.945 - oc_logger - INFO - Function evaluation number: 167, SI: 1, Sub-iteration number: 101, FoM: 0.30714771800134244
06/05/2022 02:13:06.086 - oc_logger - INFO - Function evaluation number: 168, SI: 1, Sub-iteration number: 102, FoM: 0.3071366882865607
06/05/2022 02:13:06.227 - oc_logger - INFO - New record achieved. Previous FoM: 0.3057373906148415, new best FoM : 0.30557025964916784
06/05/2022 02:13:06.227 - oc_logger - INFO - Function evaluation number: 169, SI: 1, Sub-iteration number: 103, FoM: 0.30557025964916784
06/05/2022 02:13:06.370 - oc_logger - INFO - Function evaluation number: 170, SI: 1, Sub-iteration number: 103, FoM: 0.3056812997407268
06/05/2022 02:13:06.513 - oc_logger - INFO - New record achieved. Previous FoM: 0.30557025964916784, new best FoM : 0.3049659541449323
06/05/2022 02:13:06.513 - oc_logger - INFO - Function evaluation number: 171, SI: 1, Sub-iteration number: 104, FoM: 0.3049659541449323
06/05/2022 02:13:06.655 - oc_logger - INFO - Function evaluation number: 172, SI: 1, Sub-iteration number: 104, FoM: 0.30527312067518864
06/05/2022 02:13:06.793 - oc_logger - INFO - New record achieved. Previous FoM: 0.3049659541449323, new best FoM : 0.30391091157395644
06/05/2022 02:13:06.793 - oc_logger - INFO - Function evaluation number: 173, SI: 1, Sub-iteration number: 105, FoM: 0.30391091157395644
06/05/2022 02:13:06.934 - oc_logger - INFO - Function evaluation number: 174, SI: 1, Sub-iteration number: 105, FoM: 0.30444019369570674
06/05/2022 02:13:07.071 - oc_logger - INFO - Function evaluation number: 175, SI: 1, Sub-iteration number: 106, FoM: 0.30823937857218997
06/05/2022 02:13:07.210 - oc_logger - INFO - Function evaluation number: 176, SI: 1, Sub-iteration number: 106, FoM: 0.3054826542887571
06/05/2022 02:13:07.352 - oc_logger - INFO - Function evaluation number: 177, SI: 1, Sub-iteration number: 107, FoM: 0.3082200233983736
06/05/2022 02:13:07.494 - oc_logger - INFO - Function evaluation number: 178, SI: 1, Sub-iteration number: 107, FoM: 0.30595270990079404
06/05/2022 02:13:07.636 - oc_logger - INFO - New record achieved. Previous FoM: 0.30391091157395644, new best FoM : 0.3030661939113589
06/05/2022 02:13:07.636 - oc_logger - INFO - Function evaluation number: 179, SI: 1, Sub-iteration number: 108, FoM: 0.3030661939113589
06/05/2022 02:13:07.779 - oc_logger - INFO - Function evaluation number: 180, SI: 1, Sub-iteration number: 108, FoM: 0.3035489666698148
06/05/2022 02:13:07.919 - oc_logger - INFO - Function evaluation number: 181, SI: 1, Sub-iteration number: 109, FoM: 0.30339326913529263
06/05/2022 02:13:08.055 - oc_logger - INFO - Function evaluation number: 182, SI: 1, Sub-iteration number: 110, FoM: 0.3061214760033979
06/05/2022 02:13:08.199 - oc_logger - INFO - Function evaluation number: 183, SI: 1, Sub-iteration number: 110, FoM: 0.30506370080712797
06/05/2022 02:13:08.338 - oc_logger - INFO - Function evaluation number: 184, SI: 1, Sub-iteration number: 111, FoM: 0.30647441939898534
06/05/2022 02:13:08.479 - oc_logger - INFO - Function evaluation number: 185, SI: 1, Sub-iteration number: 111, FoM: 0.30473973846788294
06/05/2022 02:13:08.621 - oc_logger - INFO - Function evaluation number: 186, SI: 1, Sub-iteration number: 112, FoM: 0.30441369350201064
06/05/2022 02:13:08.760 - oc_logger - INFO - Function evaluation number: 187, SI: 1, Sub-iteration number: 113, FoM: 0.304472022562135
06/05/2022 02:13:08.895 - oc_logger - INFO - Function evaluation number: 188, SI: 1, Sub-iteration number: 114, FoM: 0.3045265608098511
06/05/2022 02:13:09.034 - oc_logger - INFO - New record achieved. Previous FoM: 0.3030661939113589, new best FoM : 0.30275973486620866
06/05/2022 02:13:09.034 - oc_logger - INFO - Function evaluation number: 189, SI: 1, Sub-iteration number: 115, FoM: 0.30275973486620866
06/05/2022 02:13:09.170 - oc_logger - INFO - Function evaluation number: 190, SI: 1, Sub-iteration number: 115, FoM: 0.3029392604365352
06/05/2022 02:13:09.313 - oc_logger - INFO - Function evaluation number: 191, SI: 1, Sub-iteration number: 116, FoM: 0.30349895326833665
06/05/2022 02:13:09.451 - oc_logger - INFO - Function evaluation number: 192, SI: 1, Sub-iteration number: 117, FoM: 0.30436434891620967
06/05/2022 02:13:09.592 - oc_logger - INFO - Function evaluation number: 193, SI: 1, Sub-iteration number: 118, FoM: 0.307380810755324
06/05/2022 02:13:09.735 - oc_logger - INFO - Function evaluation number: 194, SI: 1, Sub-iteration number: 118, FoM: 0.3033782888700909
06/05/2022 02:13:09.873 - oc_logger - INFO - Function evaluation number: 195, SI: 1, Sub-iteration number: 119, FoM: 0.3049288583168688
06/05/2022 02:13:10.012 - oc_logger - INFO - Function evaluation number: 196, SI: 1, Sub-iteration number: 119, FoM: 0.30365162344690433
06/05/2022 02:13:10.158 - oc_logger - INFO - Function evaluation number: 197, SI: 1, Sub-iteration number: 120, FoM: 0.30398368660610264
06/05/2022 02:13:10.308 - oc_logger - INFO - Function evaluation number: 198, SI: 1, Sub-iteration number: 121, FoM: 0.3046384031318192
06/05/2022 02:13:10.458 - oc_logger - INFO - Function evaluation number: 199, SI: 1, Sub-iteration number: 121, FoM: 0.3037014239735707
06/05/2022 02:13:10.606 - oc_logger - INFO - Function evaluation number: 200, SI: 1, Sub-iteration number: 122, FoM: 0.30442187454037184
06/05/2022 02:13:10.754 - oc_logger - INFO - Function evaluation number: 201, SI: 1, Sub-iteration number: 122, FoM: 0.30324436842141633
06/05/2022 02:13:10.900 - oc_logger - INFO - Function evaluation number: 202, SI: 1, Sub-iteration number: 123, FoM: 0.3029602667236787
06/05/2022 02:13:11.050 - oc_logger - INFO - Function evaluation number: 203, SI: 1, Sub-iteration number: 124, FoM: 0.303660323844792
06/05/2022 02:13:11.197 - oc_logger - INFO - Function evaluation number: 204, SI: 1, Sub-iteration number: 124, FoM: 0.3032257612023833
06/05/2022 02:13:11.344 - oc_logger - INFO - New record achieved. Previous FoM: 0.30275973486620866, new best FoM : 0.3025535548803502
06/05/2022 02:13:11.344 - oc_logger - INFO - Function evaluation number: 205, SI: 1, Sub-iteration number: 125, FoM: 0.3025535548803502
06/05/2022 02:13:11.492 - oc_logger - INFO - Function evaluation number: 206, SI: 1, Sub-iteration number: 125, FoM: 0.30267229512000515
06/05/2022 02:13:11.641 - oc_logger - INFO - Function evaluation number: 207, SI: 1, Sub-iteration number: 126, FoM: 0.3030117607471968
06/05/2022 02:13:11.791 - oc_logger - INFO - New record achieved. Previous FoM: 0.3025535548803502, new best FoM : 0.30201569814150686
06/05/2022 02:13:11.791 - oc_logger - INFO - Function evaluation number: 208, SI: 1, Sub-iteration number: 127, FoM: 0.30201569814150686
06/05/2022 02:13:11.940 - oc_logger - INFO - Function evaluation number: 209, SI: 1, Sub-iteration number: 127, FoM: 0.3022133985937726
06/05/2022 02:13:12.088 - oc_logger - INFO - Function evaluation number: 210, SI: 1, Sub-iteration number: 128, FoM: 0.3038732497368959
06/05/2022 02:13:12.237 - oc_logger - INFO - Function evaluation number: 211, SI: 1, Sub-iteration number: 128, FoM: 0.30283572657361524
06/05/2022 02:13:12.389 - oc_logger - INFO - Function evaluation number: 212, SI: 1, Sub-iteration number: 129, FoM: 0.30279425913506
06/05/2022 02:13:12.539 - oc_logger - INFO - Function evaluation number: 213, SI: 1, Sub-iteration number: 130, FoM: 0.30255317598841236
06/05/2022 02:13:12.692 - oc_logger - INFO - Function evaluation number: 214, SI: 1, Sub-iteration number: 131, FoM: 0.3041792403728881
06/05/2022 02:13:12.841 - oc_logger - INFO - Function evaluation number: 215, SI: 1, Sub-iteration number: 131, FoM: 0.30246693375256983
06/05/2022 02:13:12.989 - oc_logger - INFO - Function evaluation number: 216, SI: 1, Sub-iteration number: 132, FoM: 0.30267747168740256
06/05/2022 02:13:13.135 - oc_logger - INFO - Function evaluation number: 217, SI: 1, Sub-iteration number: 133, FoM: 0.30278560444640135
06/05/2022 02:13:13.285 - oc_logger - INFO - Function evaluation number: 218, SI: 1, Sub-iteration number: 134, FoM: 0.30377529818612004
06/05/2022 02:13:13.436 - oc_logger - INFO - Function evaluation number: 219, SI: 1, Sub-iteration number: 134, FoM: 0.3024527057298052
06/05/2022 02:13:13.580 - oc_logger - INFO - Function evaluation number: 220, SI: 1, Sub-iteration number: 135, FoM: 0.3035802798786601
06/05/2022 02:13:13.734 - oc_logger - INFO - Function evaluation number: 221, SI: 1, Sub-iteration number: 135, FoM: 0.3023220152361106
06/05/2022 02:13:13.884 - oc_logger - INFO - Function evaluation number: 222, SI: 1, Sub-iteration number: 136, FoM: 0.30280952823417406
06/05/2022 02:13:14.035 - oc_logger - INFO - Function evaluation number: 223, SI: 1, Sub-iteration number: 136, FoM: 0.30243611850229546
06/05/2022 02:13:14.181 - oc_logger - INFO - New record achieved. Previous FoM: 0.30201569814150686, new best FoM : 0.30151009832938014
06/05/2022 02:13:14.181 - oc_logger - INFO - Function evaluation number: 224, SI: 1, Sub-iteration number: 137, FoM: 0.30151009832938014
06/05/2022 02:13:14.331 - oc_logger - INFO - Function evaluation number: 225, SI: 1, Sub-iteration number: 137, FoM: 0.30151236406162907
06/05/2022 02:13:14.482 - oc_logger - INFO - Function evaluation number: 226, SI: 1, Sub-iteration number: 138, FoM: 0.30317267447221796
06/05/2022 02:13:14.638 - oc_logger - INFO - Function evaluation number: 227, SI: 1, Sub-iteration number: 138, FoM: 0.30231243720993384
06/05/2022 02:13:14.788 - oc_logger - INFO - Function evaluation number: 228, SI: 1, Sub-iteration number: 139, FoM: 0.30204918219122223
06/05/2022 02:13:14.937 - oc_logger - INFO - Function evaluation number: 229, SI: 1, Sub-iteration number: 140, FoM: 0.30222363539174857
06/05/2022 02:13:15.085 - oc_logger - INFO - Function evaluation number: 230, SI: 1, Sub-iteration number: 141, FoM: 0.3015860012540732
06/05/2022 02:13:15.240 - oc_logger - INFO - Function evaluation number: 231, SI: 1, Sub-iteration number: 142, FoM: 0.3016363243214084
06/05/2022 02:13:15.390 - oc_logger - INFO - Function evaluation number: 232, SI: 1, Sub-iteration number: 143, FoM: 0.30223334038398575
06/05/2022 02:13:15.542 - oc_logger - INFO - Function evaluation number: 233, SI: 1, Sub-iteration number: 144, FoM: 0.30165634419757403
06/05/2022 02:13:15.691 - oc_logger - INFO - Function evaluation number: 234, SI: 1, Sub-iteration number: 145, FoM: 0.30269057809086564
06/05/2022 02:13:15.840 - oc_logger - INFO - Function evaluation number: 235, SI: 1, Sub-iteration number: 145, FoM: 0.3019402839553569
06/05/2022 02:13:15.998 - oc_logger - INFO - Function evaluation number: 236, SI: 1, Sub-iteration number: 146, FoM: 0.3022539764400325
06/05/2022 02:13:16.147 - oc_logger - INFO - Function evaluation number: 237, SI: 1, Sub-iteration number: 146, FoM: 0.301778125999853
06/05/2022 02:13:16.297 - oc_logger - INFO - New record achieved. Previous FoM: 0.30151009832938014, new best FoM : 0.3014765572248528
06/05/2022 02:13:16.297 - oc_logger - INFO - Function evaluation number: 238, SI: 1, Sub-iteration number: 147, FoM: 0.3014765572248528
06/05/2022 02:13:16.450 - oc_logger - INFO - Function evaluation number: 239, SI: 1, Sub-iteration number: 147, FoM: 0.3016524030815064
06/05/2022 02:13:16.601 - oc_logger - INFO - Function evaluation number: 240, SI: 1, Sub-iteration number: 148, FoM: 0.30179364742639225
06/05/2022 02:13:16.754 - oc_logger - INFO - Function evaluation number: 241, SI: 1, Sub-iteration number: 149, FoM: 0.3018240214819411
06/05/2022 02:13:16.910 - oc_logger - INFO - New record achieved. Previous FoM: 0.3014765572248528, new best FoM : 0.3011396953372182
06/05/2022 02:13:16.910 - oc_logger - INFO - Function evaluation number: 242, SI: 1, Sub-iteration number: 150, FoM: 0.3011396953372182
06/05/2022 02:13:17.063 - oc_logger - INFO - Function evaluation number: 243, SI: 1, Sub-iteration number: 150, FoM: 0.301320094425944
06/05/2022 02:13:17.219 - oc_logger - INFO - Function evaluation number: 244, SI: 1, Sub-iteration number: 151, FoM: 0.3021268171393906
06/05/2022 02:13:17.376 - oc_logger - INFO - Function evaluation number: 245, SI: 1, Sub-iteration number: 151, FoM: 0.3014547672592415
06/05/2022 02:13:17.533 - oc_logger - INFO - Function evaluation number: 246, SI: 1, Sub-iteration number: 152, FoM: 0.30194380135477294
06/05/2022 02:13:17.688 - oc_logger - INFO - Function evaluation number: 247, SI: 1, Sub-iteration number: 152, FoM: 0.30148353748661594
06/05/2022 02:13:17.842 - oc_logger - INFO - Function evaluation number: 248, SI: 1, Sub-iteration number: 153, FoM: 0.30176624340413505
06/05/2022 02:13:17.995 - oc_logger - INFO - Function evaluation number: 249, SI: 1, Sub-iteration number: 153, FoM: 0.30148346859351705
06/05/2022 02:13:18.147 - oc_logger - INFO - Function evaluation number: 250, SI: 1, Sub-iteration number: 154, FoM: 0.3016445322151734
06/05/2022 02:13:18.301 - oc_logger - INFO - Function evaluation number: 251, SI: 1, Sub-iteration number: 154, FoM: 0.30143335568260843
06/05/2022 02:13:18.457 - oc_logger - INFO - Function evaluation number: 252, SI: 1, Sub-iteration number: 155, FoM: 0.3012570735681561
06/05/2022 02:13:18.612 - oc_logger - INFO - Function evaluation number: 253, SI: 1, Sub-iteration number: 156, FoM: 0.3019329115165059
06/05/2022 02:13:18.759 - oc_logger - INFO - Function evaluation number: 254, SI: 1, Sub-iteration number: 156, FoM: 0.3012882033268235
06/05/2022 02:13:18.916 - oc_logger - INFO - Function evaluation number: 255, SI: 1, Sub-iteration number: 157, FoM: 0.30184769642342313
06/05/2022 02:13:19.067 - oc_logger - INFO - Function evaluation number: 256, SI: 1, Sub-iteration number: 157, FoM: 0.3013172670755947
06/05/2022 02:13:19.222 - oc_logger - INFO - Function evaluation number: 257, SI: 1, Sub-iteration number: 158, FoM: 0.30167286214889544
06/05/2022 02:13:19.375 - oc_logger - INFO - Function evaluation number: 258, SI: 1, Sub-iteration number: 158, FoM: 0.301252052946973
06/05/2022 02:13:19.526 - oc_logger - INFO - Function evaluation number: 259, SI: 1, Sub-iteration number: 159, FoM: 0.3011728882857103
06/05/2022 02:13:19.679 - oc_logger - INFO - Function evaluation number: 260, SI: 1, Sub-iteration number: 160, FoM: 0.30152110649680264
06/05/2022 02:13:19.837 - oc_logger - INFO - Function evaluation number: 261, SI: 1, Sub-iteration number: 160, FoM: 0.30129011706583675
06/05/2022 02:13:19.991 - oc_logger - INFO - Function evaluation number: 262, SI: 1, Sub-iteration number: 161, FoM: 0.3012445559019846
06/05/2022 02:13:19.991 - oc_logger - INFO - SI 1 finished - Number of evaluations: 262, Best FoM: 0.3011396953372182, Terminate reason: Convergence of the FoM.

06/05/2022 02:13:19.991 - oc_logger - INFO - Direct search start time has been reset.
06/05/2022 02:13:20.143 - oc_logger - INFO - Function evaluation number: 263, SI: 2, Sub-iteration number: 0, FoM: 0.3011396953372182
06/05/2022 02:13:20.295 - oc_logger - INFO - Function evaluation number: 264, SI: 2, Sub-iteration number: 0, FoM: 0.30219711218020706
06/05/2022 02:13:20.448 - oc_logger - INFO - Function evaluation number: 265, SI: 2, Sub-iteration number: 0, FoM: 0.30129939279938367
06/05/2022 02:13:20.605 - oc_logger - INFO - Function evaluation number: 266, SI: 2, Sub-iteration number: 0, FoM: 0.3018839749526343
06/05/2022 02:13:20.757 - oc_logger - INFO - Function evaluation number: 267, SI: 2, Sub-iteration number: 0, FoM: 0.30157059483080473
06/05/2022 02:13:20.912 - oc_logger - INFO - Function evaluation number: 268, SI: 2, Sub-iteration number: 0, FoM: 0.3015021113882528
06/05/2022 02:13:21.066 - oc_logger - INFO - Function evaluation number: 269, SI: 2, Sub-iteration number: 0, FoM: 0.3012691822442002
06/05/2022 02:13:21.226 - oc_logger - INFO - Function evaluation number: 270, SI: 2, Sub-iteration number: 0, FoM: 0.3019686410002911
06/05/2022 02:13:21.378 - oc_logger - INFO - Function evaluation number: 271, SI: 2, Sub-iteration number: 0, FoM: 0.30118083530550943
06/05/2022 02:13:21.530 - oc_logger - INFO - New record achieved. Previous FoM: 0.3011396953372182, new best FoM : 0.30108838720571185
06/05/2022 02:13:21.530 - oc_logger - INFO - Function evaluation number: 272, SI: 2, Sub-iteration number: 1, FoM: 0.30108838720571185
06/05/2022 02:13:21.685 - oc_logger - INFO - Function evaluation number: 273, SI: 2, Sub-iteration number: 1, FoM: 0.30124750860611427
06/05/2022 02:13:21.838 - oc_logger - INFO - Function evaluation number: 274, SI: 2, Sub-iteration number: 2, FoM: 0.30126046714884847
06/05/2022 02:13:21.992 - oc_logger - INFO - New record achieved. Previous FoM: 0.30108838720571185, new best FoM : 0.3010026593826052
06/05/2022 02:13:21.992 - oc_logger - INFO - Function evaluation number: 275, SI: 2, Sub-iteration number: 3, FoM: 0.3010026593826052
06/05/2022 02:13:22.150 - oc_logger - INFO - Function evaluation number: 276, SI: 2, Sub-iteration number: 3, FoM: 0.3010594037905209
06/05/2022 02:13:22.304 - oc_logger - INFO - New record achieved. Previous FoM: 0.3010026593826052, new best FoM : 0.3007628405176813
06/05/2022 02:13:22.305 - oc_logger - INFO - Function evaluation number: 277, SI: 2, Sub-iteration number: 4, FoM: 0.3007628405176813
06/05/2022 02:13:22.463 - oc_logger - INFO - Function evaluation number: 278, SI: 2, Sub-iteration number: 4, FoM: 0.30082149904470756
06/05/2022 02:13:22.627 - oc_logger - INFO - Function evaluation number: 279, SI: 2, Sub-iteration number: 5, FoM: 0.3011910919673141
06/05/2022 02:13:22.793 - oc_logger - INFO - Function evaluation number: 280, SI: 2, Sub-iteration number: 6, FoM: 0.301262543874118
06/05/2022 02:13:22.967 - oc_logger - INFO - Function evaluation number: 281, SI: 2, Sub-iteration number: 7, FoM: 0.30131208053056935
06/05/2022 02:13:23.139 - oc_logger - INFO - Function evaluation number: 282, SI: 2, Sub-iteration number: 7, FoM: 0.3009866348443293
06/05/2022 02:13:23.312 - oc_logger - INFO - Function evaluation number: 283, SI: 2, Sub-iteration number: 8, FoM: 0.3013237795850605
06/05/2022 02:13:23.496 - oc_logger - INFO - Function evaluation number: 284, SI: 2, Sub-iteration number: 8, FoM: 0.30096082978524596
06/05/2022 02:13:23.659 - oc_logger - INFO - Function evaluation number: 285, SI: 2, Sub-iteration number: 9, FoM: 0.3011662719051449
06/05/2022 02:13:23.825 - oc_logger - INFO - Function evaluation number: 286, SI: 2, Sub-iteration number: 10, FoM: 0.3015906688630223
06/05/2022 02:13:23.986 - oc_logger - INFO - Function evaluation number: 287, SI: 2, Sub-iteration number: 10, FoM: 0.30093571840095945
06/05/2022 02:13:24.148 - oc_logger - INFO - New record achieved. Previous FoM: 0.3007628405176813, new best FoM : 0.3006726925422081
06/05/2022 02:13:24.148 - oc_logger - INFO - Function evaluation number: 288, SI: 2, Sub-iteration number: 11, FoM: 0.3006726925422081
06/05/2022 02:13:24.303 - oc_logger - INFO - Function evaluation number: 289, SI: 2, Sub-iteration number: 11, FoM: 0.3006778193230696
06/05/2022 02:13:24.460 - oc_logger - INFO - Function evaluation number: 290, SI: 2, Sub-iteration number: 12, FoM: 0.3009563291081785
06/05/2022 02:13:24.612 - oc_logger - INFO - Function evaluation number: 291, SI: 2, Sub-iteration number: 13, FoM: 0.30072860261109946
06/05/2022 02:13:24.768 - oc_logger - INFO - Function evaluation number: 292, SI: 2, Sub-iteration number: 14, FoM: 0.3011297388401295
06/05/2022 02:13:24.921 - oc_logger - INFO - Function evaluation number: 293, SI: 2, Sub-iteration number: 14, FoM: 0.30078211047095327
06/05/2022 02:13:25.073 - oc_logger - INFO - Function evaluation number: 294, SI: 2, Sub-iteration number: 15, FoM: 0.3012764008395543
06/05/2022 02:13:25.234 - oc_logger - INFO - Function evaluation number: 295, SI: 2, Sub-iteration number: 15, FoM: 0.30081237280338813
06/05/2022 02:13:25.390 - oc_logger - INFO - New record achieved. Previous FoM: 0.3006726925422081, new best FoM : 0.30067061798591044
06/05/2022 02:13:25.390 - oc_logger - INFO - Function evaluation number: 296, SI: 2, Sub-iteration number: 16, FoM: 0.30067061798591044
06/05/2022 02:13:25.544 - oc_logger - INFO - Function evaluation number: 297, SI: 2, Sub-iteration number: 16, FoM: 0.3007155963687508
06/05/2022 02:13:25.545 - oc_logger - INFO - SI 2 finished - Number of evaluations: 35, Best FoM: 0.30067061798591044, Terminate reason: Convergence of the FoM.

06/05/2022 02:13:25.545 - oc_logger - INFO - Direct search start time has been reset.
06/05/2022 02:13:25.705 - oc_logger - INFO - Function evaluation number: 298, SI: 3, Sub-iteration number: 0, FoM: 0.30067061798591044
06/05/2022 02:13:25.863 - oc_logger - INFO - New record achieved. Previous FoM: 0.30067061798591044, new best FoM : 0.3006628024345548
06/05/2022 02:13:25.863 - oc_logger - INFO - Function evaluation number: 299, SI: 3, Sub-iteration number: 0, FoM: 0.3006628024345548
06/05/2022 02:13:26.016 - oc_logger - INFO - Function evaluation number: 300, SI: 3, Sub-iteration number: 0, FoM: 0.30109517099747884
06/05/2022 02:13:26.171 - oc_logger - INFO - Function evaluation number: 301, SI: 3, Sub-iteration number: 0, FoM: 0.30194658145170505
06/05/2022 02:13:26.328 - oc_logger - INFO - New record achieved. Previous FoM: 0.3006628024345548, new best FoM : 0.3003200112574389
06/05/2022 02:13:26.328 - oc_logger - INFO - Function evaluation number: 302, SI: 3, Sub-iteration number: 0, FoM: 0.3003200112574389
06/05/2022 02:13:26.481 - oc_logger - INFO - Function evaluation number: 303, SI: 3, Sub-iteration number: 0, FoM: 0.3005386553089814
06/05/2022 02:13:26.636 - oc_logger - INFO - Function evaluation number: 304, SI: 3, Sub-iteration number: 0, FoM: 0.30081366424981704
06/05/2022 02:13:26.796 - oc_logger - INFO - Function evaluation number: 305, SI: 3, Sub-iteration number: 0, FoM: 0.3017290066296828
06/05/2022 02:13:26.954 - oc_logger - INFO - Function evaluation number: 306, SI: 3, Sub-iteration number: 0, FoM: 0.3007368588204862
06/05/2022 02:13:27.111 - oc_logger - INFO - Function evaluation number: 307, SI: 3, Sub-iteration number: 1, FoM: 0.30050493151743163
06/05/2022 02:13:27.268 - oc_logger - INFO - New record achieved. Previous FoM: 0.3003200112574389, new best FoM : 0.29980992311619925
06/05/2022 02:13:27.268 - oc_logger - INFO - Function evaluation number: 308, SI: 3, Sub-iteration number: 2, FoM: 0.29980992311619925
06/05/2022 02:13:27.417 - oc_logger - INFO - Function evaluation number: 309, SI: 3, Sub-iteration number: 2, FoM: 0.29983807645059146
06/05/2022 02:13:27.568 - oc_logger - INFO - Function evaluation number: 310, SI: 3, Sub-iteration number: 3, FoM: 0.3008080182695366
06/05/2022 02:13:27.723 - oc_logger - INFO - Function evaluation number: 311, SI: 3, Sub-iteration number: 4, FoM: 0.30071635647550343
06/05/2022 02:13:27.878 - oc_logger - INFO - Function evaluation number: 312, SI: 3, Sub-iteration number: 5, FoM: 0.3011593053015149
06/05/2022 02:13:28.035 - oc_logger - INFO - Function evaluation number: 313, SI: 3, Sub-iteration number: 5, FoM: 0.30049075673968695
06/05/2022 02:13:28.195 - oc_logger - INFO - Function evaluation number: 314, SI: 3, Sub-iteration number: 6, FoM: 0.3000069017507322
06/05/2022 02:13:28.351 - oc_logger - INFO - Function evaluation number: 315, SI: 3, Sub-iteration number: 7, FoM: 0.3006276948242166
06/05/2022 02:13:28.513 - oc_logger - INFO - Function evaluation number: 316, SI: 3, Sub-iteration number: 8, FoM: 0.30029950982470155
06/05/2022 02:13:28.674 - oc_logger - INFO - Function evaluation number: 317, SI: 3, Sub-iteration number: 9, FoM: 0.3009570121480989
06/05/2022 02:13:28.829 - oc_logger - INFO - Function evaluation number: 318, SI: 3, Sub-iteration number: 9, FoM: 0.3002712067951382
06/05/2022 02:13:28.989 - oc_logger - INFO - Function evaluation number: 319, SI: 3, Sub-iteration number: 10, FoM: 0.3006708632319315
06/05/2022 02:13:29.143 - oc_logger - INFO - Function evaluation number: 320, SI: 3, Sub-iteration number: 10, FoM: 0.3003763103103245
06/05/2022 02:13:29.300 - oc_logger - INFO - Function evaluation number: 321, SI: 3, Sub-iteration number: 11, FoM: 0.3002487557719813
06/05/2022 02:13:29.455 - oc_logger - INFO - Function evaluation number: 322, SI: 3, Sub-iteration number: 12, FoM: 0.3000365535993458
06/05/2022 02:13:29.611 - oc_logger - INFO - Function evaluation number: 323, SI: 3, Sub-iteration number: 13, FoM: 0.30001199802156486
06/05/2022 02:13:29.770 - oc_logger - INFO - Function evaluation number: 324, SI: 3, Sub-iteration number: 14, FoM: 0.3002533927473925
06/05/2022 02:13:29.929 - oc_logger - INFO - New record achieved. Previous FoM: 0.29980992311619925, new best FoM : 0.29978590470108557
06/05/2022 02:13:29.929 - oc_logger - INFO - Function evaluation number: 325, SI: 3, Sub-iteration number: 15, FoM: 0.29978590470108557
06/05/2022 02:13:30.099 - oc_logger - INFO - Function evaluation number: 326, SI: 3, Sub-iteration number: 15, FoM: 0.2998818709788126
06/05/2022 02:13:30.267 - oc_logger - INFO - Function evaluation number: 327, SI: 3, Sub-iteration number: 16, FoM: 0.30004157538210663
06/05/2022 02:13:30.462 - oc_logger - INFO - Function evaluation number: 328, SI: 3, Sub-iteration number: 17, FoM: 0.2999546936005911
06/05/2022 02:13:30.655 - oc_logger - INFO - New record achieved. Previous FoM: 0.29978590470108557, new best FoM : 0.29964391948370217
06/05/2022 02:13:30.655 - oc_logger - INFO - Function evaluation number: 329, SI: 3, Sub-iteration number: 18, FoM: 0.29964391948370217
06/05/2022 02:13:30.876 - oc_logger - INFO - Function evaluation number: 330, SI: 3, Sub-iteration number: 18, FoM: 0.2997380660054957
06/05/2022 02:13:31.099 - oc_logger - INFO - Function evaluation number: 331, SI: 3, Sub-iteration number: 19, FoM: 0.300045332981698
06/05/2022 02:13:31.316 - oc_logger - INFO - Function evaluation number: 332, SI: 3, Sub-iteration number: 19, FoM: 0.2998686010190079
06/05/2022 02:13:31.510 - oc_logger - INFO - Function evaluation number: 333, SI: 3, Sub-iteration number: 20, FoM: 0.30015671328356364
06/05/2022 02:13:31.693 - oc_logger - INFO - Function evaluation number: 334, SI: 3, Sub-iteration number: 20, FoM: 0.29984298809744037
06/05/2022 02:13:31.865 - oc_logger - INFO - Function evaluation number: 335, SI: 3, Sub-iteration number: 21, FoM: 0.2998951111386765
06/05/2022 02:13:32.033 - oc_logger - INFO - Function evaluation number: 336, SI: 3, Sub-iteration number: 22, FoM: 0.29969100434052076
06/05/2022 02:13:32.195 - oc_logger - INFO - Function evaluation number: 337, SI: 3, Sub-iteration number: 23, FoM: 0.30010136596019676
06/05/2022 02:13:32.352 - oc_logger - INFO - Function evaluation number: 338, SI: 3, Sub-iteration number: 23, FoM: 0.2998153682828515
06/05/2022 02:13:32.517 - oc_logger - INFO - Function evaluation number: 339, SI: 3, Sub-iteration number: 24, FoM: 0.3001312184876034
06/05/2022 02:13:32.676 - oc_logger - INFO - Function evaluation number: 340, SI: 3, Sub-iteration number: 24, FoM: 0.2998296260692084
06/05/2022 02:13:32.677 - oc_logger - INFO - SI 3 finished - Number of evaluations: 43, Best FoM: 0.29964391948370217, Terminate reason: Convergence of the FoM.

06/05/2022 02:13:32.677 - oc_logger - INFO - Figure of merit : 0.29964391948370217
06/05/2022 02:13:32.677 - oc_logger - INFO - Std : 0.0
06/05/2022 02:13:32.677 - oc_logger - INFO - total number of function evaluations : 340
06/05/2022 02:13:32.677 - oc_logger - INFO - dcrab_freq_list : [array([[1.07043238, 1.36779102, 3.46033553, 4.1313689 ]]), array([[0.93957136, 1.38611297, 2.8845828 , 3.8761695 ]]), array([[1.12590202, 2.38087203, 2.88594304, 4.39959065]])]
06/05/2022 02:13:32.678 - oc_logger - INFO - dcrab_para_list : [array([  3.14559469,   2.8945085 , -14.30824985,   0.50464084,
        -4.77505265,   5.72022336,   3.11360188,   2.96713809]), array([-0.18426633,  0.37489167, -0.08227772, -0.08222313,  0.16132158,
        0.24201939, -0.18640142,  0.05659471]), array([ 0.24174486, -0.01239368, -0.0906547 ,  0.25379316,  0.01785926,
        0.20411672, -0.317636  , -0.06249871])]
06/05/2022 02:13:32.678 - oc_logger - INFO - terminate_reason : Convergence of the FoM.
