06/05/2022 11:57:30.386 - oc_logger - INFO - The optimization direction is minimization
06/05/2022 11:57:30.388 - oc_logger - INFO - QuOCS version number: 0.0.22
06/05/2022 11:57:30.388 - oc_logger - INFO - Direct search start time has been reset.
06/05/2022 11:57:30.690 - oc_logger - INFO - New record achieved. Previous FoM: 10000000000.0, new best FoM : 0.026308946196235583
06/05/2022 11:57:30.690 - oc_logger - INFO - Function evaluation number: 1, SI: 1, Sub-iteration number: 0, FoM: 0.026308946196235583
06/05/2022 11:57:30.979 - oc_logger - INFO - New record achieved. Previous FoM: 0.026308946196235583, new best FoM : 0.02627351395030464
06/05/2022 11:57:30.979 - oc_logger - INFO - Function evaluation number: 2, SI: 1, Sub-iteration number: 0, FoM: 0.02627351395030464
06/05/2022 11:57:31.294 - oc_logger - INFO - Function evaluation number: 3, SI: 1, Sub-iteration number: 0, FoM: 0.02647555755950226
06/05/2022 11:57:31.582 - oc_logger - INFO - Function evaluation number: 4, SI: 1, Sub-iteration number: 0, FoM: 0.026344787652531787
06/05/2022 11:57:31.924 - oc_logger - INFO - Function evaluation number: 5, SI: 1, Sub-iteration number: 0, FoM: 0.026373738113897094
06/05/2022 11:57:32.227 - oc_logger - INFO - New record achieved. Previous FoM: 0.02627351395030464, new best FoM : 0.026232039278408226
06/05/2022 11:57:32.227 - oc_logger - INFO - Function evaluation number: 6, SI: 1, Sub-iteration number: 0, FoM: 0.026232039278408226
06/05/2022 11:57:32.564 - oc_logger - INFO - Function evaluation number: 7, SI: 1, Sub-iteration number: 0, FoM: 0.026312150900633657
06/05/2022 11:57:32.823 - oc_logger - INFO - Function evaluation number: 8, SI: 1, Sub-iteration number: 0, FoM: 0.026289852821068105
06/05/2022 11:57:33.123 - oc_logger - INFO - Function evaluation number: 9, SI: 1, Sub-iteration number: 0, FoM: 0.0263236168233123
06/05/2022 11:57:33.463 - oc_logger - INFO - New record achieved. Previous FoM: 0.026232039278408226, new best FoM : 0.026139662690785048
06/05/2022 11:57:33.464 - oc_logger - INFO - Function evaluation number: 10, SI: 1, Sub-iteration number: 1, FoM: 0.026139662690785048
06/05/2022 11:57:33.822 - oc_logger - INFO - New record achieved. Previous FoM: 0.026139662690785048, new best FoM : 0.026097839528311573
06/05/2022 11:57:33.822 - oc_logger - INFO - Function evaluation number: 11, SI: 1, Sub-iteration number: 1, FoM: 0.026097839528311573
06/05/2022 11:57:34.155 - oc_logger - INFO - Function evaluation number: 12, SI: 1, Sub-iteration number: 2, FoM: 0.026172057441170016
06/05/2022 11:57:34.495 - oc_logger - INFO - Function evaluation number: 13, SI: 1, Sub-iteration number: 3, FoM: 0.026157792993122042
06/05/2022 11:57:34.822 - oc_logger - INFO - Function evaluation number: 14, SI: 1, Sub-iteration number: 4, FoM: 0.02613750871018672
06/05/2022 11:57:35.155 - oc_logger - INFO - Function evaluation number: 15, SI: 1, Sub-iteration number: 5, FoM: 0.026105371822393142
06/05/2022 11:57:35.463 - oc_logger - INFO - New record achieved. Previous FoM: 0.026097839528311573, new best FoM : 0.026057818541574962
06/05/2022 11:57:35.463 - oc_logger - INFO - Function evaluation number: 16, SI: 1, Sub-iteration number: 6, FoM: 0.026057818541574962
06/05/2022 11:57:35.806 - oc_logger - INFO - New record achieved. Previous FoM: 0.026057818541574962, new best FoM : 0.02602652755284396
06/05/2022 11:57:35.806 - oc_logger - INFO - Function evaluation number: 17, SI: 1, Sub-iteration number: 6, FoM: 0.02602652755284396
06/05/2022 11:57:36.054 - oc_logger - INFO - New record achieved. Previous FoM: 0.02602652755284396, new best FoM : 0.026011134754203913
06/05/2022 11:57:36.054 - oc_logger - INFO - Function evaluation number: 18, SI: 1, Sub-iteration number: 7, FoM: 0.026011134754203913
06/05/2022 11:57:36.299 - oc_logger - INFO - New record achieved. Previous FoM: 0.026011134754203913, new best FoM : 0.025976414288900296
06/05/2022 11:57:36.299 - oc_logger - INFO - Function evaluation number: 19, SI: 1, Sub-iteration number: 7, FoM: 0.025976414288900296
06/05/2022 11:57:36.538 - oc_logger - INFO - New record achieved. Previous FoM: 0.025976414288900296, new best FoM : 0.025953314201624278
06/05/2022 11:57:36.538 - oc_logger - INFO - Function evaluation number: 20, SI: 1, Sub-iteration number: 8, FoM: 0.025953314201624278
06/05/2022 11:57:36.845 - oc_logger - INFO - New record achieved. Previous FoM: 0.025953314201624278, new best FoM : 0.025913444454817247
06/05/2022 11:57:36.845 - oc_logger - INFO - Function evaluation number: 21, SI: 1, Sub-iteration number: 8, FoM: 0.025913444454817247
06/05/2022 11:57:37.180 - oc_logger - INFO - Function evaluation number: 22, SI: 1, Sub-iteration number: 9, FoM: 0.025915081824909758
06/05/2022 11:57:37.644 - oc_logger - INFO - New record achieved. Previous FoM: 0.025913444454817247, new best FoM : 0.025910604651770308
06/05/2022 11:57:37.644 - oc_logger - INFO - Function evaluation number: 23, SI: 1, Sub-iteration number: 10, FoM: 0.025910604651770308
06/05/2022 11:57:38.140 - oc_logger - INFO - New record achieved. Previous FoM: 0.025910604651770308, new best FoM : 0.025878017777707263
06/05/2022 11:57:38.140 - oc_logger - INFO - Function evaluation number: 24, SI: 1, Sub-iteration number: 10, FoM: 0.025878017777707263
06/05/2022 11:57:38.608 - oc_logger - INFO - New record achieved. Previous FoM: 0.025878017777707263, new best FoM : 0.02585507316010116
06/05/2022 11:57:38.608 - oc_logger - INFO - Function evaluation number: 25, SI: 1, Sub-iteration number: 11, FoM: 0.02585507316010116
06/05/2022 11:57:39.035 - oc_logger - INFO - New record achieved. Previous FoM: 0.02585507316010116, new best FoM : 0.025817370664529826
06/05/2022 11:57:39.035 - oc_logger - INFO - Function evaluation number: 26, SI: 1, Sub-iteration number: 11, FoM: 0.025817370664529826
06/05/2022 11:57:39.453 - oc_logger - INFO - New record achieved. Previous FoM: 0.025817370664529826, new best FoM : 0.02579545051651211
06/05/2022 11:57:39.453 - oc_logger - INFO - Function evaluation number: 27, SI: 1, Sub-iteration number: 12, FoM: 0.02579545051651211
06/05/2022 11:57:39.855 - oc_logger - INFO - New record achieved. Previous FoM: 0.02579545051651211, new best FoM : 0.025752870744464307
06/05/2022 11:57:39.855 - oc_logger - INFO - Function evaluation number: 28, SI: 1, Sub-iteration number: 12, FoM: 0.025752870744464307
06/05/2022 11:57:40.084 - oc_logger - INFO - New record achieved. Previous FoM: 0.025752870744464307, new best FoM : 0.025739516718008337
06/05/2022 11:57:40.084 - oc_logger - INFO - Function evaluation number: 29, SI: 1, Sub-iteration number: 13, FoM: 0.025739516718008337
06/05/2022 11:57:40.323 - oc_logger - INFO - New record achieved. Previous FoM: 0.025739516718008337, new best FoM : 0.025693986121282153
06/05/2022 11:57:40.323 - oc_logger - INFO - Function evaluation number: 30, SI: 1, Sub-iteration number: 13, FoM: 0.025693986121282153
06/05/2022 11:57:40.637 - oc_logger - INFO - New record achieved. Previous FoM: 0.025693986121282153, new best FoM : 0.025646549721767165
06/05/2022 11:57:40.637 - oc_logger - INFO - Function evaluation number: 31, SI: 1, Sub-iteration number: 14, FoM: 0.025646549721767165
06/05/2022 11:57:40.914 - oc_logger - INFO - New record achieved. Previous FoM: 0.025646549721767165, new best FoM : 0.025590468581292436
06/05/2022 11:57:40.914 - oc_logger - INFO - Function evaluation number: 32, SI: 1, Sub-iteration number: 14, FoM: 0.025590468581292436
06/05/2022 11:57:41.208 - oc_logger - INFO - Function evaluation number: 33, SI: 1, Sub-iteration number: 15, FoM: 0.025608528913705575
06/05/2022 11:57:41.548 - oc_logger - INFO - New record achieved. Previous FoM: 0.025590468581292436, new best FoM : 0.02556659430686714
06/05/2022 11:57:41.548 - oc_logger - INFO - Function evaluation number: 34, SI: 1, Sub-iteration number: 16, FoM: 0.02556659430686714
06/05/2022 11:57:41.891 - oc_logger - INFO - New record achieved. Previous FoM: 0.02556659430686714, new best FoM : 0.025515615526163105
06/05/2022 11:57:41.891 - oc_logger - INFO - Function evaluation number: 35, SI: 1, Sub-iteration number: 16, FoM: 0.025515615526163105
06/05/2022 11:57:42.281 - oc_logger - INFO - Function evaluation number: 36, SI: 1, Sub-iteration number: 17, FoM: 0.02552791625472306
06/05/2022 11:57:42.680 - oc_logger - INFO - New record achieved. Previous FoM: 0.025515615526163105, new best FoM : 0.02543367575035327
06/05/2022 11:57:42.680 - oc_logger - INFO - Function evaluation number: 37, SI: 1, Sub-iteration number: 18, FoM: 0.02543367575035327
06/05/2022 11:57:43.024 - oc_logger - INFO - New record achieved. Previous FoM: 0.02543367575035327, new best FoM : 0.025374058528135235
06/05/2022 11:57:43.024 - oc_logger - INFO - Function evaluation number: 38, SI: 1, Sub-iteration number: 18, FoM: 0.025374058528135235
06/05/2022 11:57:43.449 - oc_logger - INFO - New record achieved. Previous FoM: 0.025374058528135235, new best FoM : 0.025343392970731626
06/05/2022 11:57:43.449 - oc_logger - INFO - Function evaluation number: 39, SI: 1, Sub-iteration number: 19, FoM: 0.025343392970731626
06/05/2022 11:57:43.866 - oc_logger - INFO - New record achieved. Previous FoM: 0.025343392970731626, new best FoM : 0.025277009596968325
06/05/2022 11:57:43.866 - oc_logger - INFO - Function evaluation number: 40, SI: 1, Sub-iteration number: 19, FoM: 0.025277009596968325
06/05/2022 11:57:44.271 - oc_logger - INFO - New record achieved. Previous FoM: 0.025277009596968325, new best FoM : 0.025268976697474965
06/05/2022 11:57:44.271 - oc_logger - INFO - Function evaluation number: 41, SI: 1, Sub-iteration number: 20, FoM: 0.025268976697474965
06/05/2022 11:57:44.696 - oc_logger - INFO - New record achieved. Previous FoM: 0.025268976697474965, new best FoM : 0.02520090397381236
06/05/2022 11:57:44.696 - oc_logger - INFO - Function evaluation number: 42, SI: 1, Sub-iteration number: 20, FoM: 0.02520090397381236
06/05/2022 11:57:44.920 - oc_logger - INFO - New record achieved. Previous FoM: 0.02520090397381236, new best FoM : 0.025195446428696755
06/05/2022 11:57:44.920 - oc_logger - INFO - Function evaluation number: 43, SI: 1, Sub-iteration number: 21, FoM: 0.025195446428696755
06/05/2022 11:57:45.152 - oc_logger - INFO - New record achieved. Previous FoM: 0.025195446428696755, new best FoM : 0.025126261947915784
06/05/2022 11:57:45.153 - oc_logger - INFO - Function evaluation number: 44, SI: 1, Sub-iteration number: 21, FoM: 0.025126261947915784
06/05/2022 11:57:45.446 - oc_logger - INFO - New record achieved. Previous FoM: 0.025126261947915784, new best FoM : 0.025112495375354205
06/05/2022 11:57:45.446 - oc_logger - INFO - Function evaluation number: 45, SI: 1, Sub-iteration number: 22, FoM: 0.025112495375354205
06/05/2022 11:57:45.840 - oc_logger - INFO - New record achieved. Previous FoM: 0.025112495375354205, new best FoM : 0.025040354467972814
06/05/2022 11:57:45.840 - oc_logger - INFO - Function evaluation number: 46, SI: 1, Sub-iteration number: 22, FoM: 0.025040354467972814
06/05/2022 11:57:46.245 - oc_logger - INFO - Function evaluation number: 47, SI: 1, Sub-iteration number: 23, FoM: 0.025055584444380274
06/05/2022 11:57:46.649 - oc_logger - INFO - New record achieved. Previous FoM: 0.025040354467972814, new best FoM : 0.024940484013760034
06/05/2022 11:57:46.649 - oc_logger - INFO - Function evaluation number: 48, SI: 1, Sub-iteration number: 24, FoM: 0.024940484013760034
06/05/2022 11:57:47.044 - oc_logger - INFO - New record achieved. Previous FoM: 0.024940484013760034, new best FoM : 0.02485987152867808
06/05/2022 11:57:47.044 - oc_logger - INFO - Function evaluation number: 49, SI: 1, Sub-iteration number: 24, FoM: 0.02485987152867808
06/05/2022 11:57:47.440 - oc_logger - INFO - New record achieved. Previous FoM: 0.02485987152867808, new best FoM : 0.024836393747265095
06/05/2022 11:57:47.440 - oc_logger - INFO - Function evaluation number: 50, SI: 1, Sub-iteration number: 25, FoM: 0.024836393747265095
06/05/2022 11:57:47.849 - oc_logger - INFO - New record achieved. Previous FoM: 0.024836393747265095, new best FoM : 0.024750718128295768
06/05/2022 11:57:47.849 - oc_logger - INFO - Function evaluation number: 51, SI: 1, Sub-iteration number: 25, FoM: 0.024750718128295768
06/05/2022 11:57:48.271 - oc_logger - INFO - New record achieved. Previous FoM: 0.024750718128295768, new best FoM : 0.024659013808903008
06/05/2022 11:57:48.272 - oc_logger - INFO - Function evaluation number: 52, SI: 1, Sub-iteration number: 26, FoM: 0.024659013808903008
06/05/2022 11:57:48.669 - oc_logger - INFO - New record achieved. Previous FoM: 0.024659013808903008, new best FoM : 0.024553136933753383
06/05/2022 11:57:48.669 - oc_logger - INFO - Function evaluation number: 53, SI: 1, Sub-iteration number: 26, FoM: 0.024553136933753383
06/05/2022 11:57:49.018 - oc_logger - INFO - Function evaluation number: 54, SI: 1, Sub-iteration number: 27, FoM: 0.024594283974226916
06/05/2022 11:57:49.361 - oc_logger - INFO - New record achieved. Previous FoM: 0.024553136933753383, new best FoM : 0.024520319174466954
06/05/2022 11:57:49.361 - oc_logger - INFO - Function evaluation number: 55, SI: 1, Sub-iteration number: 28, FoM: 0.024520319174466954
06/05/2022 11:57:49.707 - oc_logger - INFO - New record achieved. Previous FoM: 0.024520319174466954, new best FoM : 0.02442664693581864
06/05/2022 11:57:49.707 - oc_logger - INFO - Function evaluation number: 56, SI: 1, Sub-iteration number: 28, FoM: 0.02442664693581864
06/05/2022 11:57:49.983 - oc_logger - INFO - New record achieved. Previous FoM: 0.02442664693581864, new best FoM : 0.024403149510629496
06/05/2022 11:57:49.983 - oc_logger - INFO - Function evaluation number: 57, SI: 1, Sub-iteration number: 29, FoM: 0.024403149510629496
06/05/2022 11:57:50.314 - oc_logger - INFO - New record achieved. Previous FoM: 0.024403149510629496, new best FoM : 0.024304468803634016
06/05/2022 11:57:50.314 - oc_logger - INFO - Function evaluation number: 58, SI: 1, Sub-iteration number: 29, FoM: 0.024304468803634016
06/05/2022 11:57:50.734 - oc_logger - INFO - New record achieved. Previous FoM: 0.024304468803634016, new best FoM : 0.02427273674002639
06/05/2022 11:57:50.734 - oc_logger - INFO - Function evaluation number: 59, SI: 1, Sub-iteration number: 30, FoM: 0.02427273674002639
06/05/2022 11:57:51.125 - oc_logger - INFO - New record achieved. Previous FoM: 0.02427273674002639, new best FoM : 0.02416724261150449
06/05/2022 11:57:51.125 - oc_logger - INFO - Function evaluation number: 60, SI: 1, Sub-iteration number: 30, FoM: 0.02416724261150449
06/05/2022 11:57:51.513 - oc_logger - INFO - New record achieved. Previous FoM: 0.02416724261150449, new best FoM : 0.024121964967547815
06/05/2022 11:57:51.513 - oc_logger - INFO - Function evaluation number: 61, SI: 1, Sub-iteration number: 31, FoM: 0.024121964967547815
06/05/2022 11:57:51.902 - oc_logger - INFO - New record achieved. Previous FoM: 0.024121964967547815, new best FoM : 0.024006687192532516
06/05/2022 11:57:51.902 - oc_logger - INFO - Function evaluation number: 62, SI: 1, Sub-iteration number: 31, FoM: 0.024006687192532516
06/05/2022 11:57:52.290 - oc_logger - INFO - New record achieved. Previous FoM: 0.024006687192532516, new best FoM : 0.023881491947426614
06/05/2022 11:57:52.290 - oc_logger - INFO - Function evaluation number: 63, SI: 1, Sub-iteration number: 32, FoM: 0.023881491947426614
06/05/2022 11:57:52.681 - oc_logger - INFO - New record achieved. Previous FoM: 0.023881491947426614, new best FoM : 0.02373882531952176
06/05/2022 11:57:52.681 - oc_logger - INFO - Function evaluation number: 64, SI: 1, Sub-iteration number: 32, FoM: 0.02373882531952176
06/05/2022 11:57:52.977 - oc_logger - INFO - Function evaluation number: 65, SI: 1, Sub-iteration number: 33, FoM: 0.02378051265840353
06/05/2022 11:57:53.304 - oc_logger - INFO - New record achieved. Previous FoM: 0.02373882531952176, new best FoM : 0.02364730268587989
06/05/2022 11:57:53.304 - oc_logger - INFO - Function evaluation number: 66, SI: 1, Sub-iteration number: 34, FoM: 0.02364730268587989
06/05/2022 11:57:53.643 - oc_logger - INFO - New record achieved. Previous FoM: 0.02364730268587989, new best FoM : 0.02351143384096155
06/05/2022 11:57:53.643 - oc_logger - INFO - Function evaluation number: 67, SI: 1, Sub-iteration number: 34, FoM: 0.02351143384096155
06/05/2022 11:57:53.993 - oc_logger - INFO - Function evaluation number: 68, SI: 1, Sub-iteration number: 35, FoM: 0.023531916300335576
06/05/2022 11:57:54.289 - oc_logger - INFO - New record achieved. Previous FoM: 0.02351143384096155, new best FoM : 0.023320332320298398
06/05/2022 11:57:54.289 - oc_logger - INFO - Function evaluation number: 69, SI: 1, Sub-iteration number: 36, FoM: 0.023320332320298398
06/05/2022 11:57:54.631 - oc_logger - INFO - New record achieved. Previous FoM: 0.023320332320298398, new best FoM : 0.023168775860291646
06/05/2022 11:57:54.631 - oc_logger - INFO - Function evaluation number: 70, SI: 1, Sub-iteration number: 36, FoM: 0.023168775860291646
06/05/2022 11:57:54.928 - oc_logger - INFO - New record achieved. Previous FoM: 0.023168775860291646, new best FoM : 0.023133002511961154
06/05/2022 11:57:54.928 - oc_logger - INFO - Function evaluation number: 71, SI: 1, Sub-iteration number: 37, FoM: 0.023133002511961154
06/05/2022 11:57:55.183 - oc_logger - INFO - New record achieved. Previous FoM: 0.023133002511961154, new best FoM : 0.022974148156831742
06/05/2022 11:57:55.183 - oc_logger - INFO - Function evaluation number: 72, SI: 1, Sub-iteration number: 37, FoM: 0.022974148156831742
06/05/2022 11:57:55.416 - oc_logger - INFO - New record achieved. Previous FoM: 0.022974148156831742, new best FoM : 0.022923684758352048
06/05/2022 11:57:55.417 - oc_logger - INFO - Function evaluation number: 73, SI: 1, Sub-iteration number: 38, FoM: 0.022923684758352048
06/05/2022 11:57:55.679 - oc_logger - INFO - New record achieved. Previous FoM: 0.022923684758352048, new best FoM : 0.022754372266573397
06/05/2022 11:57:55.679 - oc_logger - INFO - Function evaluation number: 74, SI: 1, Sub-iteration number: 38, FoM: 0.022754372266573397
06/05/2022 11:57:56.012 - oc_logger - INFO - New record achieved. Previous FoM: 0.022754372266573397, new best FoM : 0.0227086384790105
06/05/2022 11:57:56.013 - oc_logger - INFO - Function evaluation number: 75, SI: 1, Sub-iteration number: 39, FoM: 0.0227086384790105
06/05/2022 11:57:56.436 - oc_logger - INFO - New record achieved. Previous FoM: 0.0227086384790105, new best FoM : 0.022530022059572552
06/05/2022 11:57:56.436 - oc_logger - INFO - Function evaluation number: 76, SI: 1, Sub-iteration number: 39, FoM: 0.022530022059572552
06/05/2022 11:57:56.780 - oc_logger - INFO - New record achieved. Previous FoM: 0.022530022059572552, new best FoM : 0.02249449821263827
06/05/2022 11:57:56.780 - oc_logger - INFO - Function evaluation number: 77, SI: 1, Sub-iteration number: 40, FoM: 0.02249449821263827
06/05/2022 11:57:57.126 - oc_logger - INFO - New record achieved. Previous FoM: 0.02249449821263827, new best FoM : 0.022243019810906928
06/05/2022 11:57:57.126 - oc_logger - INFO - Function evaluation number: 78, SI: 1, Sub-iteration number: 40, FoM: 0.022243019810906928
06/05/2022 11:57:57.421 - oc_logger - INFO - Function evaluation number: 79, SI: 1, Sub-iteration number: 41, FoM: 0.022348171479577017
06/05/2022 11:57:57.804 - oc_logger - INFO - New record achieved. Previous FoM: 0.022243019810906928, new best FoM : 0.02187463038766757
06/05/2022 11:57:57.804 - oc_logger - INFO - Function evaluation number: 80, SI: 1, Sub-iteration number: 42, FoM: 0.02187463038766757
06/05/2022 11:57:58.178 - oc_logger - INFO - New record achieved. Previous FoM: 0.02187463038766757, new best FoM : 0.021601245256855806
06/05/2022 11:57:58.178 - oc_logger - INFO - Function evaluation number: 81, SI: 1, Sub-iteration number: 42, FoM: 0.021601245256855806
06/05/2022 11:57:58.572 - oc_logger - INFO - New record achieved. Previous FoM: 0.021601245256855806, new best FoM : 0.02155263693194598
06/05/2022 11:57:58.572 - oc_logger - INFO - Function evaluation number: 82, SI: 1, Sub-iteration number: 43, FoM: 0.02155263693194598
06/05/2022 11:57:58.967 - oc_logger - INFO - New record achieved. Previous FoM: 0.02155263693194598, new best FoM : 0.021308997892647286
06/05/2022 11:57:58.967 - oc_logger - INFO - Function evaluation number: 83, SI: 1, Sub-iteration number: 43, FoM: 0.021308997892647286
06/05/2022 11:57:59.362 - oc_logger - INFO - New record achieved. Previous FoM: 0.021308997892647286, new best FoM : 0.02098313656721018
06/05/2022 11:57:59.362 - oc_logger - INFO - Function evaluation number: 84, SI: 1, Sub-iteration number: 44, FoM: 0.02098313656721018
06/05/2022 11:57:59.755 - oc_logger - INFO - New record achieved. Previous FoM: 0.02098313656721018, new best FoM : 0.02056247944187506
06/05/2022 11:57:59.755 - oc_logger - INFO - Function evaluation number: 85, SI: 1, Sub-iteration number: 44, FoM: 0.02056247944187506
06/05/2022 11:58:00.059 - oc_logger - INFO - Function evaluation number: 86, SI: 1, Sub-iteration number: 45, FoM: 0.020795740982404998
06/05/2022 11:58:00.313 - oc_logger - INFO - New record achieved. Previous FoM: 0.02056247944187506, new best FoM : 0.020345892217273787
06/05/2022 11:58:00.313 - oc_logger - INFO - Function evaluation number: 87, SI: 1, Sub-iteration number: 46, FoM: 0.020345892217273787
06/05/2022 11:58:00.614 - oc_logger - INFO - New record achieved. Previous FoM: 0.020345892217273787, new best FoM : 0.01994775168566132
06/05/2022 11:58:00.614 - oc_logger - INFO - Function evaluation number: 88, SI: 1, Sub-iteration number: 46, FoM: 0.01994775168566132
06/05/2022 11:58:00.907 - oc_logger - INFO - New record achieved. Previous FoM: 0.01994775168566132, new best FoM : 0.01990465027106547
06/05/2022 11:58:00.907 - oc_logger - INFO - Function evaluation number: 89, SI: 1, Sub-iteration number: 47, FoM: 0.01990465027106547
06/05/2022 11:58:01.245 - oc_logger - INFO - New record achieved. Previous FoM: 0.01990465027106547, new best FoM : 0.019502387495285545
06/05/2022 11:58:01.245 - oc_logger - INFO - Function evaluation number: 90, SI: 1, Sub-iteration number: 47, FoM: 0.019502387495285545
06/05/2022 11:58:01.701 - oc_logger - INFO - New record achieved. Previous FoM: 0.019502387495285545, new best FoM : 0.01949312662794156
06/05/2022 11:58:01.701 - oc_logger - INFO - Function evaluation number: 91, SI: 1, Sub-iteration number: 48, FoM: 0.01949312662794156
06/05/2022 11:58:02.005 - oc_logger - INFO - New record achieved. Previous FoM: 0.01949312662794156, new best FoM : 0.019225962846220246
06/05/2022 11:58:02.005 - oc_logger - INFO - Function evaluation number: 92, SI: 1, Sub-iteration number: 48, FoM: 0.019225962846220246
06/05/2022 11:58:02.342 - oc_logger - INFO - New record achieved. Previous FoM: 0.019225962846220246, new best FoM : 0.01905751739122119
06/05/2022 11:58:02.342 - oc_logger - INFO - Function evaluation number: 93, SI: 1, Sub-iteration number: 49, FoM: 0.01905751739122119
06/05/2022 11:58:02.608 - oc_logger - INFO - New record achieved. Previous FoM: 0.01905751739122119, new best FoM : 0.01875400383665282
06/05/2022 11:58:02.608 - oc_logger - INFO - Function evaluation number: 94, SI: 1, Sub-iteration number: 49, FoM: 0.01875400383665282
06/05/2022 11:58:02.872 - oc_logger - INFO - New record achieved. Previous FoM: 0.01875400383665282, new best FoM : 0.018542248397831473
06/05/2022 11:58:02.872 - oc_logger - INFO - Function evaluation number: 95, SI: 1, Sub-iteration number: 50, FoM: 0.018542248397831473
06/05/2022 11:58:03.184 - oc_logger - INFO - New record achieved. Previous FoM: 0.018542248397831473, new best FoM : 0.01832643986681992
06/05/2022 11:58:03.184 - oc_logger - INFO - Function evaluation number: 96, SI: 1, Sub-iteration number: 50, FoM: 0.01832643986681992
06/05/2022 11:58:03.643 - oc_logger - INFO - New record achieved. Previous FoM: 0.01832643986681992, new best FoM : 0.018304676358945504
06/05/2022 11:58:03.643 - oc_logger - INFO - Function evaluation number: 97, SI: 1, Sub-iteration number: 51, FoM: 0.018304676358945504
06/05/2022 11:58:04.070 - oc_logger - INFO - New record achieved. Previous FoM: 0.018304676358945504, new best FoM : 0.018125832493280924
06/05/2022 11:58:04.070 - oc_logger - INFO - Function evaluation number: 98, SI: 1, Sub-iteration number: 51, FoM: 0.018125832493280924
06/05/2022 11:58:04.461 - oc_logger - INFO - New record achieved. Previous FoM: 0.018125832493280924, new best FoM : 0.017973147788904464
06/05/2022 11:58:04.461 - oc_logger - INFO - Function evaluation number: 99, SI: 1, Sub-iteration number: 52, FoM: 0.017973147788904464
06/05/2022 11:58:04.749 - oc_logger - INFO - New record achieved. Previous FoM: 0.017973147788904464, new best FoM : 0.017805105549299705
06/05/2022 11:58:04.749 - oc_logger - INFO - Function evaluation number: 100, SI: 1, Sub-iteration number: 52, FoM: 0.017805105549299705
06/05/2022 11:58:05.095 - oc_logger - INFO - Function evaluation number: 101, SI: 1, Sub-iteration number: 53, FoM: 0.017882794320209117
06/05/2022 11:58:05.442 - oc_logger - INFO - New record achieved. Previous FoM: 0.017805105549299705, new best FoM : 0.017771891601481626
06/05/2022 11:58:05.442 - oc_logger - INFO - Function evaluation number: 102, SI: 1, Sub-iteration number: 54, FoM: 0.017771891601481626
06/05/2022 11:58:05.791 - oc_logger - INFO - New record achieved. Previous FoM: 0.017771891601481626, new best FoM : 0.017584414916428592
06/05/2022 11:58:05.792 - oc_logger - INFO - Function evaluation number: 103, SI: 1, Sub-iteration number: 54, FoM: 0.017584414916428592
06/05/2022 11:58:06.180 - oc_logger - INFO - New record achieved. Previous FoM: 0.017584414916428592, new best FoM : 0.01736222852774083
06/05/2022 11:58:06.180 - oc_logger - INFO - Function evaluation number: 104, SI: 1, Sub-iteration number: 55, FoM: 0.01736222852774083
06/05/2022 11:58:06.575 - oc_logger - INFO - New record achieved. Previous FoM: 0.01736222852774083, new best FoM : 0.017048354086766637
06/05/2022 11:58:06.575 - oc_logger - INFO - Function evaluation number: 105, SI: 1, Sub-iteration number: 55, FoM: 0.017048354086766637
06/05/2022 11:58:06.911 - oc_logger - INFO - New record achieved. Previous FoM: 0.017048354086766637, new best FoM : 0.016954941029634796
06/05/2022 11:58:06.911 - oc_logger - INFO - Function evaluation number: 106, SI: 1, Sub-iteration number: 56, FoM: 0.016954941029634796
06/05/2022 11:58:07.258 - oc_logger - INFO - New record achieved. Previous FoM: 0.016954941029634796, new best FoM : 0.01675434256791597
06/05/2022 11:58:07.258 - oc_logger - INFO - Function evaluation number: 107, SI: 1, Sub-iteration number: 56, FoM: 0.01675434256791597
06/05/2022 11:58:07.608 - oc_logger - INFO - New record achieved. Previous FoM: 0.01675434256791597, new best FoM : 0.016585997435057398
06/05/2022 11:58:07.608 - oc_logger - INFO - Function evaluation number: 108, SI: 1, Sub-iteration number: 57, FoM: 0.016585997435057398
06/05/2022 11:58:07.933 - oc_logger - INFO - New record achieved. Previous FoM: 0.016585997435057398, new best FoM : 0.016335588497757403
06/05/2022 11:58:07.933 - oc_logger - INFO - Function evaluation number: 109, SI: 1, Sub-iteration number: 57, FoM: 0.016335588497757403
06/05/2022 11:58:08.273 - oc_logger - INFO - Function evaluation number: 110, SI: 1, Sub-iteration number: 58, FoM: 0.016620033470904683
06/05/2022 11:58:08.673 - oc_logger - INFO - New record achieved. Previous FoM: 0.016335588497757403, new best FoM : 0.01629515552197136
06/05/2022 11:58:08.673 - oc_logger - INFO - Function evaluation number: 111, SI: 1, Sub-iteration number: 59, FoM: 0.01629515552197136
06/05/2022 11:58:09.069 - oc_logger - INFO - New record achieved. Previous FoM: 0.01629515552197136, new best FoM : 0.016043809542342635
06/05/2022 11:58:09.069 - oc_logger - INFO - Function evaluation number: 112, SI: 1, Sub-iteration number: 59, FoM: 0.016043809542342635
06/05/2022 11:58:09.467 - oc_logger - INFO - New record achieved. Previous FoM: 0.016043809542342635, new best FoM : 0.015818478280905768
06/05/2022 11:58:09.467 - oc_logger - INFO - Function evaluation number: 113, SI: 1, Sub-iteration number: 60, FoM: 0.015818478280905768
06/05/2022 11:58:09.862 - oc_logger - INFO - New record achieved. Previous FoM: 0.015818478280905768, new best FoM : 0.015573622472072834
06/05/2022 11:58:09.862 - oc_logger - INFO - Function evaluation number: 114, SI: 1, Sub-iteration number: 60, FoM: 0.015573622472072834
06/05/2022 11:58:10.208 - oc_logger - INFO - New record achieved. Previous FoM: 0.015573622472072834, new best FoM : 0.01529308015346309
06/05/2022 11:58:10.208 - oc_logger - INFO - Function evaluation number: 115, SI: 1, Sub-iteration number: 61, FoM: 0.01529308015346309
06/05/2022 11:58:10.579 - oc_logger - INFO - New record achieved. Previous FoM: 0.01529308015346309, new best FoM : 0.015050760855993994
06/05/2022 11:58:10.580 - oc_logger - INFO - Function evaluation number: 116, SI: 1, Sub-iteration number: 61, FoM: 0.015050760855993994
06/05/2022 11:58:10.948 - oc_logger - INFO - New record achieved. Previous FoM: 0.015050760855993994, new best FoM : 0.014973431100701595
06/05/2022 11:58:10.948 - oc_logger - INFO - Function evaluation number: 117, SI: 1, Sub-iteration number: 62, FoM: 0.014973431100701595
06/05/2022 11:58:11.347 - oc_logger - INFO - New record achieved. Previous FoM: 0.014973431100701595, new best FoM : 0.01476404669505893
06/05/2022 11:58:11.347 - oc_logger - INFO - Function evaluation number: 118, SI: 1, Sub-iteration number: 62, FoM: 0.01476404669505893
06/05/2022 11:58:11.746 - oc_logger - INFO - Function evaluation number: 119, SI: 1, Sub-iteration number: 63, FoM: 0.014886441168753262
06/05/2022 11:58:12.140 - oc_logger - INFO - New record achieved. Previous FoM: 0.01476404669505893, new best FoM : 0.014647565598717827
06/05/2022 11:58:12.140 - oc_logger - INFO - Function evaluation number: 120, SI: 1, Sub-iteration number: 64, FoM: 0.014647565598717827
06/05/2022 11:58:12.537 - oc_logger - INFO - New record achieved. Previous FoM: 0.014647565598717827, new best FoM : 0.014443029213602743
06/05/2022 11:58:12.537 - oc_logger - INFO - Function evaluation number: 121, SI: 1, Sub-iteration number: 64, FoM: 0.014443029213602743
06/05/2022 11:58:12.962 - oc_logger - INFO - Function evaluation number: 122, SI: 1, Sub-iteration number: 65, FoM: 0.014892301257306673
06/05/2022 11:58:13.360 - oc_logger - INFO - New record achieved. Previous FoM: 0.014443029213602743, new best FoM : 0.014152019937877958
06/05/2022 11:58:13.360 - oc_logger - INFO - Function evaluation number: 123, SI: 1, Sub-iteration number: 66, FoM: 0.014152019937877958
06/05/2022 11:58:13.756 - oc_logger - INFO - New record achieved. Previous FoM: 0.014152019937877958, new best FoM : 0.014020040330436023
06/05/2022 11:58:13.756 - oc_logger - INFO - Function evaluation number: 124, SI: 1, Sub-iteration number: 66, FoM: 0.014020040330436023
06/05/2022 11:58:14.155 - oc_logger - INFO - Function evaluation number: 125, SI: 1, Sub-iteration number: 67, FoM: 0.014494678790222038
06/05/2022 11:58:14.545 - oc_logger - INFO - Function evaluation number: 126, SI: 1, Sub-iteration number: 68, FoM: 0.014246687370675915
06/05/2022 11:58:14.937 - oc_logger - INFO - New record achieved. Previous FoM: 0.014020040330436023, new best FoM : 0.01401931491693198
06/05/2022 11:58:14.937 - oc_logger - INFO - Function evaluation number: 127, SI: 1, Sub-iteration number: 69, FoM: 0.01401931491693198
06/05/2022 11:58:15.333 - oc_logger - INFO - New record achieved. Previous FoM: 0.01401931491693198, new best FoM : 0.013895345258934322
06/05/2022 11:58:15.333 - oc_logger - INFO - Function evaluation number: 128, SI: 1, Sub-iteration number: 69, FoM: 0.013895345258934322
06/05/2022 11:58:15.731 - oc_logger - INFO - Function evaluation number: 129, SI: 1, Sub-iteration number: 70, FoM: 0.014365195816700371
06/05/2022 11:58:16.102 - oc_logger - INFO - Function evaluation number: 130, SI: 1, Sub-iteration number: 71, FoM: 0.013923254786763706
06/05/2022 11:58:16.451 - oc_logger - INFO - New record achieved. Previous FoM: 0.013895345258934322, new best FoM : 0.013798720843847256
06/05/2022 11:58:16.451 - oc_logger - INFO - Function evaluation number: 131, SI: 1, Sub-iteration number: 72, FoM: 0.013798720843847256
06/05/2022 11:58:16.855 - oc_logger - INFO - New record achieved. Previous FoM: 0.013798720843847256, new best FoM : 0.013670714273419371
06/05/2022 11:58:16.855 - oc_logger - INFO - Function evaluation number: 132, SI: 1, Sub-iteration number: 72, FoM: 0.013670714273419371
06/05/2022 11:58:17.186 - oc_logger - INFO - Function evaluation number: 133, SI: 1, Sub-iteration number: 73, FoM: 0.013781490479295
06/05/2022 11:58:17.500 - oc_logger - INFO - New record achieved. Previous FoM: 0.013670714273419371, new best FoM : 0.013604209634346387
06/05/2022 11:58:17.500 - oc_logger - INFO - Function evaluation number: 134, SI: 1, Sub-iteration number: 74, FoM: 0.013604209634346387
06/05/2022 11:58:17.884 - oc_logger - INFO - New record achieved. Previous FoM: 0.013604209634346387, new best FoM : 0.013508743457720906
06/05/2022 11:58:17.884 - oc_logger - INFO - Function evaluation number: 135, SI: 1, Sub-iteration number: 74, FoM: 0.013508743457720906
06/05/2022 11:58:18.313 - oc_logger - INFO - Function evaluation number: 136, SI: 1, Sub-iteration number: 75, FoM: 0.013598792910012203
06/05/2022 11:58:18.738 - oc_logger - INFO - New record achieved. Previous FoM: 0.013508743457720906, new best FoM : 0.013475946963478203
06/05/2022 11:58:18.738 - oc_logger - INFO - Function evaluation number: 137, SI: 1, Sub-iteration number: 76, FoM: 0.013475946963478203
06/05/2022 11:58:19.086 - oc_logger - INFO - New record achieved. Previous FoM: 0.013475946963478203, new best FoM : 0.013425481704469111
06/05/2022 11:58:19.086 - oc_logger - INFO - Function evaluation number: 138, SI: 1, Sub-iteration number: 76, FoM: 0.013425481704469111
06/05/2022 11:58:19.376 - oc_logger - INFO - New record achieved. Previous FoM: 0.013425481704469111, new best FoM : 0.013344773872201676
06/05/2022 11:58:19.376 - oc_logger - INFO - Function evaluation number: 139, SI: 1, Sub-iteration number: 77, FoM: 0.013344773872201676
06/05/2022 11:58:19.712 - oc_logger - INFO - New record achieved. Previous FoM: 0.013344773872201676, new best FoM : 0.01328538706988125
06/05/2022 11:58:19.712 - oc_logger - INFO - Function evaluation number: 140, SI: 1, Sub-iteration number: 77, FoM: 0.01328538706988125
06/05/2022 11:58:20.061 - oc_logger - INFO - Function evaluation number: 141, SI: 1, Sub-iteration number: 78, FoM: 0.013449354711531747
06/05/2022 11:58:20.366 - oc_logger - INFO - Function evaluation number: 142, SI: 1, Sub-iteration number: 79, FoM: 0.013640325446356405
06/05/2022 11:58:20.711 - oc_logger - INFO - Function evaluation number: 143, SI: 1, Sub-iteration number: 80, FoM: 0.013305974075448979
06/05/2022 11:58:21.057 - oc_logger - INFO - New record achieved. Previous FoM: 0.01328538706988125, new best FoM : 0.013151691310776203
06/05/2022 11:58:21.057 - oc_logger - INFO - Function evaluation number: 144, SI: 1, Sub-iteration number: 81, FoM: 0.013151691310776203
06/05/2022 11:58:21.367 - oc_logger - INFO - New record achieved. Previous FoM: 0.013151691310776203, new best FoM : 0.0130868939780584
06/05/2022 11:58:21.367 - oc_logger - INFO - Function evaluation number: 145, SI: 1, Sub-iteration number: 81, FoM: 0.0130868939780584
06/05/2022 11:58:21.775 - oc_logger - INFO - Function evaluation number: 146, SI: 1, Sub-iteration number: 82, FoM: 0.013298909193315223
06/05/2022 11:58:22.172 - oc_logger - INFO - Function evaluation number: 147, SI: 1, Sub-iteration number: 83, FoM: 0.013172704929494738
06/05/2022 11:58:22.566 - oc_logger - INFO - New record achieved. Previous FoM: 0.0130868939780584, new best FoM : 0.013069558072223875
06/05/2022 11:58:22.566 - oc_logger - INFO - Function evaluation number: 148, SI: 1, Sub-iteration number: 84, FoM: 0.013069558072223875
06/05/2022 11:58:22.960 - oc_logger - INFO - New record achieved. Previous FoM: 0.013069558072223875, new best FoM : 0.013048251824561041
06/05/2022 11:58:22.960 - oc_logger - INFO - Function evaluation number: 149, SI: 1, Sub-iteration number: 84, FoM: 0.013048251824561041
06/05/2022 11:58:23.305 - oc_logger - INFO - Function evaluation number: 150, SI: 1, Sub-iteration number: 85, FoM: 0.013092131832256548
06/05/2022 11:58:23.702 - oc_logger - INFO - New record achieved. Previous FoM: 0.013048251824561041, new best FoM : 0.013027187262112827
06/05/2022 11:58:23.702 - oc_logger - INFO - Function evaluation number: 151, SI: 1, Sub-iteration number: 86, FoM: 0.013027187262112827
06/05/2022 11:58:24.113 - oc_logger - INFO - New record achieved. Previous FoM: 0.013027187262112827, new best FoM : 0.012996153379597142
06/05/2022 11:58:24.113 - oc_logger - INFO - Function evaluation number: 152, SI: 1, Sub-iteration number: 86, FoM: 0.012996153379597142
06/05/2022 11:58:24.535 - oc_logger - INFO - New record achieved. Previous FoM: 0.012996153379597142, new best FoM : 0.01288992957796642
06/05/2022 11:58:24.535 - oc_logger - INFO - Function evaluation number: 153, SI: 1, Sub-iteration number: 87, FoM: 0.01288992957796642
06/05/2022 11:58:24.936 - oc_logger - INFO - New record achieved. Previous FoM: 0.01288992957796642, new best FoM : 0.012855834724007642
06/05/2022 11:58:24.936 - oc_logger - INFO - Function evaluation number: 154, SI: 1, Sub-iteration number: 87, FoM: 0.012855834724007642
06/05/2022 11:58:25.332 - oc_logger - INFO - New record achieved. Previous FoM: 0.012855834724007642, new best FoM : 0.012853837714954519
06/05/2022 11:58:25.332 - oc_logger - INFO - Function evaluation number: 155, SI: 1, Sub-iteration number: 88, FoM: 0.012853837714954519
06/05/2022 11:58:25.728 - oc_logger - INFO - New record achieved. Previous FoM: 0.012853837714954519, new best FoM : 0.012785549834724796
06/05/2022 11:58:25.728 - oc_logger - INFO - Function evaluation number: 156, SI: 1, Sub-iteration number: 88, FoM: 0.012785549834724796
06/05/2022 11:58:26.124 - oc_logger - INFO - New record achieved. Previous FoM: 0.012785549834724796, new best FoM : 0.01271576768735072
06/05/2022 11:58:26.124 - oc_logger - INFO - Function evaluation number: 157, SI: 1, Sub-iteration number: 89, FoM: 0.01271576768735072
06/05/2022 11:58:26.527 - oc_logger - INFO - New record achieved. Previous FoM: 0.01271576768735072, new best FoM : 0.012647660560689888
06/05/2022 11:58:26.527 - oc_logger - INFO - Function evaluation number: 158, SI: 1, Sub-iteration number: 89, FoM: 0.012647660560689888
06/05/2022 11:58:26.930 - oc_logger - INFO - New record achieved. Previous FoM: 0.012647660560689888, new best FoM : 0.01260386116018275
06/05/2022 11:58:26.930 - oc_logger - INFO - Function evaluation number: 159, SI: 1, Sub-iteration number: 90, FoM: 0.01260386116018275
06/05/2022 11:58:27.323 - oc_logger - INFO - New record achieved. Previous FoM: 0.01260386116018275, new best FoM : 0.012523351229024815
06/05/2022 11:58:27.323 - oc_logger - INFO - Function evaluation number: 160, SI: 1, Sub-iteration number: 90, FoM: 0.012523351229024815
06/05/2022 11:58:27.679 - oc_logger - INFO - Function evaluation number: 161, SI: 1, Sub-iteration number: 91, FoM: 0.012699687245097735
06/05/2022 11:58:27.954 - oc_logger - INFO - Function evaluation number: 162, SI: 1, Sub-iteration number: 92, FoM: 0.012568459109673191
06/05/2022 11:58:28.279 - oc_logger - INFO - Function evaluation number: 163, SI: 1, Sub-iteration number: 93, FoM: 0.012531424189461182
06/05/2022 11:58:28.667 - oc_logger - INFO - New record achieved. Previous FoM: 0.012523351229024815, new best FoM : 0.012370344656894572
06/05/2022 11:58:28.667 - oc_logger - INFO - Function evaluation number: 164, SI: 1, Sub-iteration number: 94, FoM: 0.012370344656894572
06/05/2022 11:58:29.096 - oc_logger - INFO - New record achieved. Previous FoM: 0.012370344656894572, new best FoM : 0.012289924268434116
06/05/2022 11:58:29.097 - oc_logger - INFO - Function evaluation number: 165, SI: 1, Sub-iteration number: 94, FoM: 0.012289924268434116
06/05/2022 11:58:29.526 - oc_logger - INFO - New record achieved. Previous FoM: 0.012289924268434116, new best FoM : 0.01220158815518213
06/05/2022 11:58:29.526 - oc_logger - INFO - Function evaluation number: 166, SI: 1, Sub-iteration number: 95, FoM: 0.01220158815518213
06/05/2022 11:58:29.889 - oc_logger - INFO - New record achieved. Previous FoM: 0.01220158815518213, new best FoM : 0.012097456110536031
06/05/2022 11:58:29.889 - oc_logger - INFO - Function evaluation number: 167, SI: 1, Sub-iteration number: 95, FoM: 0.012097456110536031
06/05/2022 11:58:30.239 - oc_logger - INFO - Function evaluation number: 168, SI: 1, Sub-iteration number: 96, FoM: 0.012805169901393687
06/05/2022 11:58:30.521 - oc_logger - INFO - Function evaluation number: 169, SI: 1, Sub-iteration number: 96, FoM: 0.012678202698515495
06/05/2022 11:58:30.865 - oc_logger - INFO - New record achieved. Previous FoM: 0.012097456110536031, new best FoM : 0.0120192216759476
06/05/2022 11:58:30.865 - oc_logger - INFO - Function evaluation number: 170, SI: 1, Sub-iteration number: 97, FoM: 0.0120192216759476
06/05/2022 11:58:31.216 - oc_logger - INFO - New record achieved. Previous FoM: 0.0120192216759476, new best FoM : 0.011894332910305061
06/05/2022 11:58:31.217 - oc_logger - INFO - Function evaluation number: 171, SI: 1, Sub-iteration number: 97, FoM: 0.011894332910305061
06/05/2022 11:58:31.566 - oc_logger - INFO - Function evaluation number: 172, SI: 1, Sub-iteration number: 98, FoM: 0.012229466919727594
06/05/2022 11:58:31.915 - oc_logger - INFO - Function evaluation number: 173, SI: 1, Sub-iteration number: 99, FoM: 0.01230865744344356
06/05/2022 11:58:32.258 - oc_logger - INFO - Function evaluation number: 174, SI: 1, Sub-iteration number: 100, FoM: 0.011945741287898937
06/05/2022 11:58:32.601 - oc_logger - INFO - New record achieved. Previous FoM: 0.011894332910305061, new best FoM : 0.01179508441867183
06/05/2022 11:58:32.602 - oc_logger - INFO - Function evaluation number: 175, SI: 1, Sub-iteration number: 101, FoM: 0.01179508441867183
06/05/2022 11:58:32.955 - oc_logger - INFO - New record achieved. Previous FoM: 0.01179508441867183, new best FoM : 0.01167566620743865
06/05/2022 11:58:32.955 - oc_logger - INFO - Function evaluation number: 176, SI: 1, Sub-iteration number: 101, FoM: 0.01167566620743865
06/05/2022 11:58:33.316 - oc_logger - INFO - Function evaluation number: 177, SI: 1, Sub-iteration number: 102, FoM: 0.011768039682444331
06/05/2022 11:58:33.675 - oc_logger - INFO - New record achieved. Previous FoM: 0.01167566620743865, new best FoM : 0.011501530899182155
06/05/2022 11:58:33.675 - oc_logger - INFO - Function evaluation number: 178, SI: 1, Sub-iteration number: 103, FoM: 0.011501530899182155
06/05/2022 11:58:34.025 - oc_logger - INFO - New record achieved. Previous FoM: 0.011501530899182155, new best FoM : 0.011407338103539222
06/05/2022 11:58:34.025 - oc_logger - INFO - Function evaluation number: 179, SI: 1, Sub-iteration number: 103, FoM: 0.011407338103539222
06/05/2022 11:58:34.406 - oc_logger - INFO - Function evaluation number: 180, SI: 1, Sub-iteration number: 104, FoM: 0.011623188447424937
06/05/2022 11:58:34.757 - oc_logger - INFO - Function evaluation number: 181, SI: 1, Sub-iteration number: 105, FoM: 0.011428208124542483
06/05/2022 11:58:35.102 - oc_logger - INFO - Function evaluation number: 182, SI: 1, Sub-iteration number: 106, FoM: 0.011481358814636855
06/05/2022 11:58:35.448 - oc_logger - INFO - New record achieved. Previous FoM: 0.011407338103539222, new best FoM : 0.011350295922157194
06/05/2022 11:58:35.448 - oc_logger - INFO - Function evaluation number: 183, SI: 1, Sub-iteration number: 107, FoM: 0.011350295922157194
06/05/2022 11:58:35.799 - oc_logger - INFO - New record achieved. Previous FoM: 0.011350295922157194, new best FoM : 0.011331057308382131
06/05/2022 11:58:35.799 - oc_logger - INFO - Function evaluation number: 184, SI: 1, Sub-iteration number: 107, FoM: 0.011331057308382131
06/05/2022 11:58:36.145 - oc_logger - INFO - New record achieved. Previous FoM: 0.011331057308382131, new best FoM : 0.011270058986014075
06/05/2022 11:58:36.145 - oc_logger - INFO - Function evaluation number: 185, SI: 1, Sub-iteration number: 108, FoM: 0.011270058986014075
06/05/2022 11:58:36.457 - oc_logger - INFO - New record achieved. Previous FoM: 0.011270058986014075, new best FoM : 0.01122203759911844
06/05/2022 11:58:36.457 - oc_logger - INFO - Function evaluation number: 186, SI: 1, Sub-iteration number: 108, FoM: 0.01122203759911844
06/05/2022 11:58:36.801 - oc_logger - INFO - New record achieved. Previous FoM: 0.01122203759911844, new best FoM : 0.011126395094442576
06/05/2022 11:58:36.801 - oc_logger - INFO - Function evaluation number: 187, SI: 1, Sub-iteration number: 109, FoM: 0.011126395094442576
06/05/2022 11:58:37.157 - oc_logger - INFO - New record achieved. Previous FoM: 0.011126395094442576, new best FoM : 0.011040599756867997
06/05/2022 11:58:37.157 - oc_logger - INFO - Function evaluation number: 188, SI: 1, Sub-iteration number: 109, FoM: 0.011040599756867997
06/05/2022 11:58:37.507 - oc_logger - INFO - New record achieved. Previous FoM: 0.011040599756867997, new best FoM : 0.011021850603634475
06/05/2022 11:58:37.507 - oc_logger - INFO - Function evaluation number: 189, SI: 1, Sub-iteration number: 110, FoM: 0.011021850603634475
06/05/2022 11:58:37.797 - oc_logger - INFO - New record achieved. Previous FoM: 0.011021850603634475, new best FoM : 0.010966249022163588
06/05/2022 11:58:37.797 - oc_logger - INFO - Function evaluation number: 190, SI: 1, Sub-iteration number: 110, FoM: 0.010966249022163588
06/05/2022 11:58:38.046 - oc_logger - INFO - Function evaluation number: 191, SI: 1, Sub-iteration number: 111, FoM: 0.011101434241615471
06/05/2022 11:58:38.413 - oc_logger - INFO - Function evaluation number: 192, SI: 1, Sub-iteration number: 112, FoM: 0.011114283949942294
06/05/2022 11:58:38.763 - oc_logger - INFO - Function evaluation number: 193, SI: 1, Sub-iteration number: 113, FoM: 0.011100265960439448
06/05/2022 11:58:39.110 - oc_logger - INFO - Function evaluation number: 194, SI: 1, Sub-iteration number: 114, FoM: 0.010988316686048716
06/05/2022 11:58:39.458 - oc_logger - INFO - New record achieved. Previous FoM: 0.010966249022163588, new best FoM : 0.010902386750108572
06/05/2022 11:58:39.458 - oc_logger - INFO - Function evaluation number: 195, SI: 1, Sub-iteration number: 115, FoM: 0.010902386750108572
06/05/2022 11:58:39.788 - oc_logger - INFO - Function evaluation number: 196, SI: 1, Sub-iteration number: 115, FoM: 0.010909794101134018
06/05/2022 11:58:40.127 - oc_logger - INFO - New record achieved. Previous FoM: 0.010902386750108572, new best FoM : 0.010653297876029089
06/05/2022 11:58:40.127 - oc_logger - INFO - Function evaluation number: 197, SI: 1, Sub-iteration number: 116, FoM: 0.010653297876029089
06/05/2022 11:58:40.478 - oc_logger - INFO - New record achieved. Previous FoM: 0.010653297876029089, new best FoM : 0.01058227505021958
06/05/2022 11:58:40.479 - oc_logger - INFO - Function evaluation number: 198, SI: 1, Sub-iteration number: 116, FoM: 0.01058227505021958
06/05/2022 11:58:40.828 - oc_logger - INFO - New record achieved. Previous FoM: 0.01058227505021958, new best FoM : 0.010551721389493673
06/05/2022 11:58:40.828 - oc_logger - INFO - Function evaluation number: 199, SI: 1, Sub-iteration number: 117, FoM: 0.010551721389493673
06/05/2022 11:58:41.176 - oc_logger - INFO - New record achieved. Previous FoM: 0.010551721389493673, new best FoM : 0.010476685830209664
06/05/2022 11:58:41.176 - oc_logger - INFO - Function evaluation number: 200, SI: 1, Sub-iteration number: 117, FoM: 0.010476685830209664
06/05/2022 11:58:41.525 - oc_logger - INFO - Function evaluation number: 201, SI: 1, Sub-iteration number: 118, FoM: 0.010897986087874734
06/05/2022 11:58:41.871 - oc_logger - INFO - Function evaluation number: 202, SI: 1, Sub-iteration number: 119, FoM: 0.010621962457086354
06/05/2022 11:58:42.212 - oc_logger - INFO - Function evaluation number: 203, SI: 1, Sub-iteration number: 120, FoM: 0.01049937235494236
06/05/2022 11:58:42.555 - oc_logger - INFO - Function evaluation number: 204, SI: 1, Sub-iteration number: 121, FoM: 0.01055811797822126
06/05/2022 11:58:42.898 - oc_logger - INFO - New record achieved. Previous FoM: 0.010476685830209664, new best FoM : 0.010433131905160598
06/05/2022 11:58:42.898 - oc_logger - INFO - Function evaluation number: 205, SI: 1, Sub-iteration number: 122, FoM: 0.010433131905160598
06/05/2022 11:58:43.245 - oc_logger - INFO - New record achieved. Previous FoM: 0.010433131905160598, new best FoM : 0.010418609955894609
06/05/2022 11:58:43.245 - oc_logger - INFO - Function evaluation number: 206, SI: 1, Sub-iteration number: 122, FoM: 0.010418609955894609
06/05/2022 11:58:43.590 - oc_logger - INFO - New record achieved. Previous FoM: 0.010418609955894609, new best FoM : 0.010335366626659903
06/05/2022 11:58:43.590 - oc_logger - INFO - Function evaluation number: 207, SI: 1, Sub-iteration number: 123, FoM: 0.010335366626659903
06/05/2022 11:58:43.935 - oc_logger - INFO - New record achieved. Previous FoM: 0.010335366626659903, new best FoM : 0.01029029366722134
06/05/2022 11:58:43.935 - oc_logger - INFO - Function evaluation number: 208, SI: 1, Sub-iteration number: 123, FoM: 0.01029029366722134
06/05/2022 11:58:44.323 - oc_logger - INFO - New record achieved. Previous FoM: 0.01029029366722134, new best FoM : 0.010116807453339316
06/05/2022 11:58:44.323 - oc_logger - INFO - Function evaluation number: 209, SI: 1, Sub-iteration number: 124, FoM: 0.010116807453339316
06/05/2022 11:58:44.749 - oc_logger - INFO - New record achieved. Previous FoM: 0.010116807453339316, new best FoM : 0.01005033288379531
06/05/2022 11:58:44.749 - oc_logger - INFO - Function evaluation number: 210, SI: 1, Sub-iteration number: 124, FoM: 0.01005033288379531
06/05/2022 11:58:45.170 - oc_logger - INFO - Function evaluation number: 211, SI: 1, Sub-iteration number: 125, FoM: 0.010233188373528046
06/05/2022 11:58:45.514 - oc_logger - INFO - Function evaluation number: 212, SI: 1, Sub-iteration number: 126, FoM: 0.010117074907685986
06/05/2022 11:58:45.858 - oc_logger - INFO - Function evaluation number: 213, SI: 1, Sub-iteration number: 127, FoM: 0.01017438661447212
06/05/2022 11:58:46.204 - oc_logger - INFO - New record achieved. Previous FoM: 0.01005033288379531, new best FoM : 0.010022529271040193
06/05/2022 11:58:46.204 - oc_logger - INFO - Function evaluation number: 214, SI: 1, Sub-iteration number: 128, FoM: 0.010022529271040193
06/05/2022 11:58:46.551 - oc_logger - INFO - New record achieved. Previous FoM: 0.010022529271040193, new best FoM : 0.009978494775612745
06/05/2022 11:58:46.551 - oc_logger - INFO - Function evaluation number: 215, SI: 1, Sub-iteration number: 128, FoM: 0.009978494775612745
06/05/2022 11:58:46.897 - oc_logger - INFO - New record achieved. Previous FoM: 0.009978494775612745, new best FoM : 0.009856557735522742
06/05/2022 11:58:46.897 - oc_logger - INFO - Function evaluation number: 216, SI: 1, Sub-iteration number: 129, FoM: 0.009856557735522742
06/05/2022 11:58:47.242 - oc_logger - INFO - New record achieved. Previous FoM: 0.009856557735522742, new best FoM : 0.009822179697793865
06/05/2022 11:58:47.242 - oc_logger - INFO - Function evaluation number: 217, SI: 1, Sub-iteration number: 129, FoM: 0.009822179697793865
06/05/2022 11:58:47.587 - oc_logger - INFO - New record achieved. Previous FoM: 0.009822179697793865, new best FoM : 0.009752638246028456
06/05/2022 11:58:47.587 - oc_logger - INFO - Function evaluation number: 218, SI: 1, Sub-iteration number: 130, FoM: 0.009752638246028456
06/05/2022 11:58:47.931 - oc_logger - INFO - New record achieved. Previous FoM: 0.009752638246028456, new best FoM : 0.0096962785568524
06/05/2022 11:58:47.931 - oc_logger - INFO - Function evaluation number: 219, SI: 1, Sub-iteration number: 130, FoM: 0.0096962785568524
06/05/2022 11:58:48.278 - oc_logger - INFO - Function evaluation number: 220, SI: 1, Sub-iteration number: 131, FoM: 0.009969484880437807
06/05/2022 11:58:48.620 - oc_logger - INFO - New record achieved. Previous FoM: 0.0096962785568524, new best FoM : 0.009692882129742286
06/05/2022 11:58:48.621 - oc_logger - INFO - Function evaluation number: 221, SI: 1, Sub-iteration number: 132, FoM: 0.009692882129742286
06/05/2022 11:58:48.963 - oc_logger - INFO - New record achieved. Previous FoM: 0.009692882129742286, new best FoM : 0.009623981826703654
06/05/2022 11:58:48.963 - oc_logger - INFO - Function evaluation number: 222, SI: 1, Sub-iteration number: 132, FoM: 0.009623981826703654
06/05/2022 11:58:49.352 - oc_logger - INFO - Function evaluation number: 223, SI: 1, Sub-iteration number: 133, FoM: 0.00963866620151399
06/05/2022 11:58:49.744 - oc_logger - INFO - Function evaluation number: 224, SI: 1, Sub-iteration number: 134, FoM: 0.009638401208116543
06/05/2022 11:58:50.138 - oc_logger - INFO - New record achieved. Previous FoM: 0.009623981826703654, new best FoM : 0.009475859294091116
06/05/2022 11:58:50.138 - oc_logger - INFO - Function evaluation number: 225, SI: 1, Sub-iteration number: 135, FoM: 0.009475859294091116
06/05/2022 11:58:50.532 - oc_logger - INFO - New record achieved. Previous FoM: 0.009475859294091116, new best FoM : 0.009455532673680156
06/05/2022 11:58:50.532 - oc_logger - INFO - Function evaluation number: 226, SI: 1, Sub-iteration number: 135, FoM: 0.009455532673680156
06/05/2022 11:58:50.932 - oc_logger - INFO - Function evaluation number: 227, SI: 1, Sub-iteration number: 136, FoM: 0.009471558455743656
06/05/2022 11:58:51.322 - oc_logger - INFO - New record achieved. Previous FoM: 0.009455532673680156, new best FoM : 0.009333269586570103
06/05/2022 11:58:51.322 - oc_logger - INFO - Function evaluation number: 228, SI: 1, Sub-iteration number: 137, FoM: 0.009333269586570103
06/05/2022 11:58:51.684 - oc_logger - INFO - New record achieved. Previous FoM: 0.009333269586570103, new best FoM : 0.009307841996451627
06/05/2022 11:58:51.685 - oc_logger - INFO - Function evaluation number: 229, SI: 1, Sub-iteration number: 137, FoM: 0.009307841996451627
06/05/2022 11:58:52.029 - oc_logger - INFO - Function evaluation number: 230, SI: 1, Sub-iteration number: 138, FoM: 0.009559436485233497
06/05/2022 11:58:52.373 - oc_logger - INFO - Function evaluation number: 231, SI: 1, Sub-iteration number: 139, FoM: 0.009372323087603385
06/05/2022 11:58:52.655 - oc_logger - INFO - New record achieved. Previous FoM: 0.009307841996451627, new best FoM : 0.009280987017152742
06/05/2022 11:58:52.655 - oc_logger - INFO - Function evaluation number: 232, SI: 1, Sub-iteration number: 140, FoM: 0.009280987017152742
06/05/2022 11:58:52.981 - oc_logger - INFO - New record achieved. Previous FoM: 0.009280987017152742, new best FoM : 0.009247525983419158
06/05/2022 11:58:52.982 - oc_logger - INFO - Function evaluation number: 233, SI: 1, Sub-iteration number: 140, FoM: 0.009247525983419158
06/05/2022 11:58:53.327 - oc_logger - INFO - Function evaluation number: 234, SI: 1, Sub-iteration number: 141, FoM: 0.00937095038021496
06/05/2022 11:58:53.620 - oc_logger - INFO - Function evaluation number: 235, SI: 1, Sub-iteration number: 142, FoM: 0.009329168120333131
06/05/2022 11:58:53.933 - oc_logger - INFO - New record achieved. Previous FoM: 0.009247525983419158, new best FoM : 0.009224600831343466
06/05/2022 11:58:53.933 - oc_logger - INFO - Function evaluation number: 236, SI: 1, Sub-iteration number: 143, FoM: 0.009224600831343466
06/05/2022 11:58:54.273 - oc_logger - INFO - New record achieved. Previous FoM: 0.009224600831343466, new best FoM : 0.009196766762561537
06/05/2022 11:58:54.273 - oc_logger - INFO - Function evaluation number: 237, SI: 1, Sub-iteration number: 143, FoM: 0.009196766762561537
06/05/2022 11:58:54.621 - oc_logger - INFO - Function evaluation number: 238, SI: 1, Sub-iteration number: 144, FoM: 0.009322217246714892
06/05/2022 11:58:54.966 - oc_logger - INFO - Function evaluation number: 239, SI: 1, Sub-iteration number: 145, FoM: 0.009257923433840798
06/05/2022 11:58:55.308 - oc_logger - INFO - New record achieved. Previous FoM: 0.009196766762561537, new best FoM : 0.009069207767603338
06/05/2022 11:58:55.308 - oc_logger - INFO - Function evaluation number: 240, SI: 1, Sub-iteration number: 146, FoM: 0.009069207767603338
06/05/2022 11:58:55.651 - oc_logger - INFO - New record achieved. Previous FoM: 0.009069207767603338, new best FoM : 0.009025964303239209
06/05/2022 11:58:55.651 - oc_logger - INFO - Function evaluation number: 241, SI: 1, Sub-iteration number: 146, FoM: 0.009025964303239209
06/05/2022 11:58:55.997 - oc_logger - INFO - Function evaluation number: 242, SI: 1, Sub-iteration number: 147, FoM: 0.009273946792993315
06/05/2022 11:58:56.341 - oc_logger - INFO - Function evaluation number: 243, SI: 1, Sub-iteration number: 148, FoM: 0.009099212878407203
06/05/2022 11:58:56.681 - oc_logger - INFO - Function evaluation number: 244, SI: 1, Sub-iteration number: 149, FoM: 0.009053161288251843
06/05/2022 11:58:57.024 - oc_logger - INFO - Function evaluation number: 245, SI: 1, Sub-iteration number: 150, FoM: 0.009498500488981487
06/05/2022 11:58:57.368 - oc_logger - INFO - Function evaluation number: 246, SI: 1, Sub-iteration number: 150, FoM: 0.009256922386964184
06/05/2022 11:58:57.651 - oc_logger - INFO - New record achieved. Previous FoM: 0.009025964303239209, new best FoM : 0.008912037930256411
06/05/2022 11:58:57.651 - oc_logger - INFO - Function evaluation number: 247, SI: 1, Sub-iteration number: 151, FoM: 0.008912037930256411
06/05/2022 11:58:57.976 - oc_logger - INFO - New record achieved. Previous FoM: 0.008912037930256411, new best FoM : 0.008836708753619082
06/05/2022 11:58:57.976 - oc_logger - INFO - Function evaluation number: 248, SI: 1, Sub-iteration number: 151, FoM: 0.008836708753619082
06/05/2022 11:58:58.358 - oc_logger - INFO - Function evaluation number: 249, SI: 1, Sub-iteration number: 152, FoM: 0.009021421608971902
06/05/2022 11:58:58.718 - oc_logger - INFO - Function evaluation number: 250, SI: 1, Sub-iteration number: 153, FoM: 0.009045760480654419
06/05/2022 11:58:59.061 - oc_logger - INFO - Function evaluation number: 251, SI: 1, Sub-iteration number: 154, FoM: 0.0089350601567455
06/05/2022 11:58:59.403 - oc_logger - INFO - New record achieved. Previous FoM: 0.008836708753619082, new best FoM : 0.008787377648137196
06/05/2022 11:58:59.403 - oc_logger - INFO - Function evaluation number: 252, SI: 1, Sub-iteration number: 155, FoM: 0.008787377648137196
06/05/2022 11:58:59.689 - oc_logger - INFO - New record achieved. Previous FoM: 0.008787377648137196, new best FoM : 0.00873073774158506
06/05/2022 11:58:59.689 - oc_logger - INFO - Function evaluation number: 253, SI: 1, Sub-iteration number: 155, FoM: 0.00873073774158506
06/05/2022 11:59:00.010 - oc_logger - INFO - New record achieved. Previous FoM: 0.00873073774158506, new best FoM : 0.00872367662566953
06/05/2022 11:59:00.010 - oc_logger - INFO - Function evaluation number: 254, SI: 1, Sub-iteration number: 156, FoM: 0.00872367662566953
06/05/2022 11:59:00.350 - oc_logger - INFO - New record achieved. Previous FoM: 0.00872367662566953, new best FoM : 0.008668187504034308
06/05/2022 11:59:00.350 - oc_logger - INFO - Function evaluation number: 255, SI: 1, Sub-iteration number: 156, FoM: 0.008668187504034308
06/05/2022 11:59:00.697 - oc_logger - INFO - Function evaluation number: 256, SI: 1, Sub-iteration number: 157, FoM: 0.008765268826364414
06/05/2022 11:59:01.040 - oc_logger - INFO - New record achieved. Previous FoM: 0.008668187504034308, new best FoM : 0.008640494335543702
06/05/2022 11:59:01.040 - oc_logger - INFO - Function evaluation number: 257, SI: 1, Sub-iteration number: 158, FoM: 0.008640494335543702
06/05/2022 11:59:01.384 - oc_logger - INFO - New record achieved. Previous FoM: 0.008640494335543702, new best FoM : 0.008585647844365885
06/05/2022 11:59:01.384 - oc_logger - INFO - Function evaluation number: 258, SI: 1, Sub-iteration number: 158, FoM: 0.008585647844365885
06/05/2022 11:59:01.729 - oc_logger - INFO - Function evaluation number: 259, SI: 1, Sub-iteration number: 159, FoM: 0.008651442847260937
06/05/2022 11:59:02.070 - oc_logger - INFO - New record achieved. Previous FoM: 0.008585647844365885, new best FoM : 0.008406812286190113
06/05/2022 11:59:02.070 - oc_logger - INFO - Function evaluation number: 260, SI: 1, Sub-iteration number: 160, FoM: 0.008406812286190113
06/05/2022 11:59:02.415 - oc_logger - INFO - New record achieved. Previous FoM: 0.008406812286190113, new best FoM : 0.008360229803938135
06/05/2022 11:59:02.415 - oc_logger - INFO - Function evaluation number: 261, SI: 1, Sub-iteration number: 160, FoM: 0.008360229803938135
06/05/2022 11:59:02.747 - oc_logger - INFO - Function evaluation number: 262, SI: 1, Sub-iteration number: 161, FoM: 0.008365636898153284
06/05/2022 11:59:03.090 - oc_logger - INFO - Function evaluation number: 263, SI: 1, Sub-iteration number: 162, FoM: 0.00840518004742774
06/05/2022 11:59:03.432 - oc_logger - INFO - New record achieved. Previous FoM: 0.008360229803938135, new best FoM : 0.008308349493159173
06/05/2022 11:59:03.432 - oc_logger - INFO - Function evaluation number: 264, SI: 1, Sub-iteration number: 163, FoM: 0.008308349493159173
06/05/2022 11:59:03.758 - oc_logger - INFO - New record achieved. Previous FoM: 0.008308349493159173, new best FoM : 0.008272406131533572
06/05/2022 11:59:03.758 - oc_logger - INFO - Function evaluation number: 265, SI: 1, Sub-iteration number: 163, FoM: 0.008272406131533572
06/05/2022 11:59:04.102 - oc_logger - INFO - Function evaluation number: 266, SI: 1, Sub-iteration number: 164, FoM: 0.008294367324575891
06/05/2022 11:59:04.443 - oc_logger - INFO - New record achieved. Previous FoM: 0.008272406131533572, new best FoM : 0.008189238552184674
06/05/2022 11:59:04.444 - oc_logger - INFO - Function evaluation number: 267, SI: 1, Sub-iteration number: 165, FoM: 0.008189238552184674
06/05/2022 11:59:04.728 - oc_logger - INFO - New record achieved. Previous FoM: 0.008189238552184674, new best FoM : 0.008145439107075658
06/05/2022 11:59:04.728 - oc_logger - INFO - Function evaluation number: 268, SI: 1, Sub-iteration number: 165, FoM: 0.008145439107075658
06/05/2022 11:59:05.074 - oc_logger - INFO - Function evaluation number: 269, SI: 1, Sub-iteration number: 166, FoM: 0.0081963514917881
06/05/2022 11:59:05.417 - oc_logger - INFO - New record achieved. Previous FoM: 0.008145439107075658, new best FoM : 0.008074847345130642
06/05/2022 11:59:05.417 - oc_logger - INFO - Function evaluation number: 270, SI: 1, Sub-iteration number: 167, FoM: 0.008074847345130642
06/05/2022 11:59:05.712 - oc_logger - INFO - New record achieved. Previous FoM: 0.008074847345130642, new best FoM : 0.008027180075693474
06/05/2022 11:59:05.712 - oc_logger - INFO - Function evaluation number: 271, SI: 1, Sub-iteration number: 167, FoM: 0.008027180075693474
06/05/2022 11:59:06.049 - oc_logger - INFO - New record achieved. Previous FoM: 0.008027180075693474, new best FoM : 0.007986498241126072
06/05/2022 11:59:06.049 - oc_logger - INFO - Function evaluation number: 272, SI: 1, Sub-iteration number: 168, FoM: 0.007986498241126072
06/05/2022 11:59:06.392 - oc_logger - INFO - New record achieved. Previous FoM: 0.007986498241126072, new best FoM : 0.00792684612138328
06/05/2022 11:59:06.392 - oc_logger - INFO - Function evaluation number: 273, SI: 1, Sub-iteration number: 168, FoM: 0.00792684612138328
06/05/2022 11:59:06.690 - oc_logger - INFO - Function evaluation number: 274, SI: 1, Sub-iteration number: 169, FoM: 0.008049688600612503
06/05/2022 11:59:06.943 - oc_logger - INFO - Function evaluation number: 275, SI: 1, Sub-iteration number: 170, FoM: 0.00799942617426963
06/05/2022 11:59:07.270 - oc_logger - INFO - New record achieved. Previous FoM: 0.00792684612138328, new best FoM : 0.00783060728683671
06/05/2022 11:59:07.271 - oc_logger - INFO - Function evaluation number: 276, SI: 1, Sub-iteration number: 171, FoM: 0.00783060728683671
06/05/2022 11:59:07.646 - oc_logger - INFO - New record achieved. Previous FoM: 0.00783060728683671, new best FoM : 0.007766698142069095
06/05/2022 11:59:07.646 - oc_logger - INFO - Function evaluation number: 277, SI: 1, Sub-iteration number: 171, FoM: 0.007766698142069095
06/05/2022 11:59:08.035 - oc_logger - INFO - Function evaluation number: 278, SI: 1, Sub-iteration number: 172, FoM: 0.007806263395640944
06/05/2022 11:59:08.457 - oc_logger - INFO - Function evaluation number: 279, SI: 1, Sub-iteration number: 173, FoM: 0.0078014555848003875
06/05/2022 11:59:08.862 - oc_logger - INFO - New record achieved. Previous FoM: 0.007766698142069095, new best FoM : 0.007679623276804937
06/05/2022 11:59:08.862 - oc_logger - INFO - Function evaluation number: 280, SI: 1, Sub-iteration number: 174, FoM: 0.007679623276804937
06/05/2022 11:59:09.284 - oc_logger - INFO - New record achieved. Previous FoM: 0.007679623276804937, new best FoM : 0.007629005731312977
06/05/2022 11:59:09.284 - oc_logger - INFO - Function evaluation number: 281, SI: 1, Sub-iteration number: 174, FoM: 0.007629005731312977
06/05/2022 11:59:09.705 - oc_logger - INFO - New record achieved. Previous FoM: 0.007629005731312977, new best FoM : 0.007598203152369476
06/05/2022 11:59:09.705 - oc_logger - INFO - Function evaluation number: 282, SI: 1, Sub-iteration number: 175, FoM: 0.007598203152369476
06/05/2022 11:59:10.095 - oc_logger - INFO - New record achieved. Previous FoM: 0.007598203152369476, new best FoM : 0.007583012869561201
06/05/2022 11:59:10.095 - oc_logger - INFO - Function evaluation number: 283, SI: 1, Sub-iteration number: 175, FoM: 0.007583012869561201
06/05/2022 11:59:10.484 - oc_logger - INFO - Function evaluation number: 284, SI: 1, Sub-iteration number: 176, FoM: 0.007639584073712569
06/05/2022 11:59:10.844 - oc_logger - INFO - New record achieved. Previous FoM: 0.007583012869561201, new best FoM : 0.0075189386223383226
06/05/2022 11:59:10.845 - oc_logger - INFO - Function evaluation number: 285, SI: 1, Sub-iteration number: 177, FoM: 0.0075189386223383226
06/05/2022 11:59:11.181 - oc_logger - INFO - New record achieved. Previous FoM: 0.0075189386223383226, new best FoM : 0.007501959905158673
06/05/2022 11:59:11.181 - oc_logger - INFO - Function evaluation number: 286, SI: 1, Sub-iteration number: 177, FoM: 0.007501959905158673
06/05/2022 11:59:11.526 - oc_logger - INFO - New record achieved. Previous FoM: 0.007501959905158673, new best FoM : 0.007394741752492773
06/05/2022 11:59:11.526 - oc_logger - INFO - Function evaluation number: 287, SI: 1, Sub-iteration number: 178, FoM: 0.007394741752492773
06/05/2022 11:59:11.808 - oc_logger - INFO - New record achieved. Previous FoM: 0.007394741752492773, new best FoM : 0.007359397330372275
06/05/2022 11:59:11.808 - oc_logger - INFO - Function evaluation number: 288, SI: 1, Sub-iteration number: 178, FoM: 0.007359397330372275
06/05/2022 11:59:12.192 - oc_logger - INFO - Function evaluation number: 289, SI: 1, Sub-iteration number: 179, FoM: 0.007464388890210838
06/05/2022 11:59:12.582 - oc_logger - INFO - Function evaluation number: 290, SI: 1, Sub-iteration number: 180, FoM: 0.00742957355038476
06/05/2022 11:59:12.850 - oc_logger - INFO - New record achieved. Previous FoM: 0.007359397330372275, new best FoM : 0.007219827631616882
06/05/2022 11:59:12.850 - oc_logger - INFO - Function evaluation number: 291, SI: 1, Sub-iteration number: 181, FoM: 0.007219827631616882
06/05/2022 11:59:13.174 - oc_logger - INFO - New record achieved. Previous FoM: 0.007219827631616882, new best FoM : 0.007170530864749947
06/05/2022 11:59:13.174 - oc_logger - INFO - Function evaluation number: 292, SI: 1, Sub-iteration number: 181, FoM: 0.007170530864749947
06/05/2022 11:59:13.521 - oc_logger - INFO - Function evaluation number: 293, SI: 1, Sub-iteration number: 182, FoM: 0.0073821006170585735
06/05/2022 11:59:13.968 - oc_logger - INFO - Function evaluation number: 294, SI: 1, Sub-iteration number: 183, FoM: 0.007336934683829122
06/05/2022 11:59:14.389 - oc_logger - INFO - Function evaluation number: 295, SI: 1, Sub-iteration number: 184, FoM: 0.007294112959449595
06/05/2022 11:59:14.810 - oc_logger - INFO - New record achieved. Previous FoM: 0.007170530864749947, new best FoM : 0.007139118962444235
06/05/2022 11:59:14.810 - oc_logger - INFO - Function evaluation number: 296, SI: 1, Sub-iteration number: 185, FoM: 0.007139118962444235
06/05/2022 11:59:15.236 - oc_logger - INFO - New record achieved. Previous FoM: 0.007139118962444235, new best FoM : 0.0070936005409388825
06/05/2022 11:59:15.236 - oc_logger - INFO - Function evaluation number: 297, SI: 1, Sub-iteration number: 185, FoM: 0.0070936005409388825
06/05/2022 11:59:15.637 - oc_logger - INFO - New record achieved. Previous FoM: 0.0070936005409388825, new best FoM : 0.007080889781904687
06/05/2022 11:59:15.637 - oc_logger - INFO - Function evaluation number: 298, SI: 1, Sub-iteration number: 186, FoM: 0.007080889781904687
06/05/2022 11:59:15.953 - oc_logger - INFO - New record achieved. Previous FoM: 0.007080889781904687, new best FoM : 0.0070414568171258685
06/05/2022 11:59:15.953 - oc_logger - INFO - Function evaluation number: 299, SI: 1, Sub-iteration number: 186, FoM: 0.0070414568171258685
06/05/2022 11:59:16.298 - oc_logger - INFO - Function evaluation number: 300, SI: 1, Sub-iteration number: 187, FoM: 0.007188227304555039
06/05/2022 11:59:16.642 - oc_logger - INFO - New record achieved. Previous FoM: 0.0070414568171258685, new best FoM : 0.00703153485628738
06/05/2022 11:59:16.642 - oc_logger - INFO - Function evaluation number: 301, SI: 1, Sub-iteration number: 188, FoM: 0.00703153485628738
06/05/2022 11:59:16.987 - oc_logger - INFO - Function evaluation number: 302, SI: 1, Sub-iteration number: 188, FoM: 0.007040408628002592
06/05/2022 11:59:17.327 - oc_logger - INFO - Function evaluation number: 303, SI: 1, Sub-iteration number: 189, FoM: 0.007131098255747759
06/05/2022 11:59:17.669 - oc_logger - INFO - New record achieved. Previous FoM: 0.00703153485628738, new best FoM : 0.006990740241822557
06/05/2022 11:59:17.669 - oc_logger - INFO - Function evaluation number: 304, SI: 1, Sub-iteration number: 190, FoM: 0.006990740241822557
06/05/2022 11:59:18.013 - oc_logger - INFO - New record achieved. Previous FoM: 0.006990740241822557, new best FoM : 0.0069809318778977225
06/05/2022 11:59:18.013 - oc_logger - INFO - Function evaluation number: 305, SI: 1, Sub-iteration number: 190, FoM: 0.0069809318778977225
06/05/2022 11:59:18.357 - oc_logger - INFO - New record achieved. Previous FoM: 0.0069809318778977225, new best FoM : 0.006861507982490522
06/05/2022 11:59:18.358 - oc_logger - INFO - Function evaluation number: 306, SI: 1, Sub-iteration number: 191, FoM: 0.006861507982490522
06/05/2022 11:59:18.700 - oc_logger - INFO - New record achieved. Previous FoM: 0.006861507982490522, new best FoM : 0.006839278697146067
06/05/2022 11:59:18.700 - oc_logger - INFO - Function evaluation number: 307, SI: 1, Sub-iteration number: 191, FoM: 0.006839278697146067
06/05/2022 11:59:19.045 - oc_logger - INFO - Function evaluation number: 308, SI: 1, Sub-iteration number: 192, FoM: 0.007053809613578932
06/05/2022 11:59:19.389 - oc_logger - INFO - New record achieved. Previous FoM: 0.006839278697146067, new best FoM : 0.0067853786060699806
06/05/2022 11:59:19.389 - oc_logger - INFO - Function evaluation number: 309, SI: 1, Sub-iteration number: 193, FoM: 0.0067853786060699806
06/05/2022 11:59:19.726 - oc_logger - INFO - New record achieved. Previous FoM: 0.0067853786060699806, new best FoM : 0.006759115177557118
06/05/2022 11:59:19.726 - oc_logger - INFO - Function evaluation number: 310, SI: 1, Sub-iteration number: 193, FoM: 0.006759115177557118
06/05/2022 11:59:20.014 - oc_logger - INFO - Function evaluation number: 311, SI: 1, Sub-iteration number: 194, FoM: 0.006953495265803911
06/05/2022 11:59:20.355 - oc_logger - INFO - Function evaluation number: 312, SI: 1, Sub-iteration number: 195, FoM: 0.006831242091238088
06/05/2022 11:59:20.698 - oc_logger - INFO - Function evaluation number: 313, SI: 1, Sub-iteration number: 196, FoM: 0.006950376697610672
06/05/2022 11:59:21.039 - oc_logger - INFO - Function evaluation number: 314, SI: 1, Sub-iteration number: 197, FoM: 0.006933759903610115
06/05/2022 11:59:21.381 - oc_logger - INFO - Function evaluation number: 315, SI: 1, Sub-iteration number: 198, FoM: 0.0068842207479190565
06/05/2022 11:59:21.723 - oc_logger - INFO - Function evaluation number: 316, SI: 1, Sub-iteration number: 199, FoM: 0.006768951653595923
06/05/2022 11:59:22.068 - oc_logger - INFO - New record achieved. Previous FoM: 0.006759115177557118, new best FoM : 0.006644218476586805
06/05/2022 11:59:22.068 - oc_logger - INFO - Function evaluation number: 317, SI: 1, Sub-iteration number: 200, FoM: 0.006644218476586805
06/05/2022 11:59:22.413 - oc_logger - INFO - New record achieved. Previous FoM: 0.006644218476586805, new best FoM : 0.006606310672569671
06/05/2022 11:59:22.413 - oc_logger - INFO - Function evaluation number: 318, SI: 1, Sub-iteration number: 200, FoM: 0.006606310672569671
06/05/2022 11:59:22.757 - oc_logger - INFO - Function evaluation number: 319, SI: 1, Sub-iteration number: 201, FoM: 0.00665524761617009
06/05/2022 11:59:23.141 - oc_logger - INFO - Function evaluation number: 320, SI: 1, Sub-iteration number: 202, FoM: 0.006765708895292266
06/05/2022 11:59:23.530 - oc_logger - INFO - Function evaluation number: 321, SI: 1, Sub-iteration number: 203, FoM: 0.006713667976781856
06/05/2022 11:59:23.917 - oc_logger - INFO - Function evaluation number: 322, SI: 1, Sub-iteration number: 204, FoM: 0.0067867161502747075
06/05/2022 11:59:24.305 - oc_logger - INFO - Function evaluation number: 323, SI: 1, Sub-iteration number: 205, FoM: 0.006608245655591594
06/05/2022 11:59:24.691 - oc_logger - INFO - New record achieved. Previous FoM: 0.006606310672569671, new best FoM : 0.006420753471806484
06/05/2022 11:59:24.691 - oc_logger - INFO - Function evaluation number: 324, SI: 1, Sub-iteration number: 206, FoM: 0.006420753471806484
06/05/2022 11:59:25.032 - oc_logger - INFO - New record achieved. Previous FoM: 0.006420753471806484, new best FoM : 0.006402621125179975
06/05/2022 11:59:25.032 - oc_logger - INFO - Function evaluation number: 325, SI: 1, Sub-iteration number: 206, FoM: 0.006402621125179975
06/05/2022 11:59:25.357 - oc_logger - INFO - Function evaluation number: 326, SI: 1, Sub-iteration number: 207, FoM: 0.00667215562899548
06/05/2022 11:59:25.698 - oc_logger - INFO - Function evaluation number: 327, SI: 1, Sub-iteration number: 208, FoM: 0.006847232832528416
06/05/2022 11:59:26.038 - oc_logger - INFO - Function evaluation number: 328, SI: 1, Sub-iteration number: 208, FoM: 0.00667830751687748
06/05/2022 11:59:26.380 - oc_logger - INFO - Function evaluation number: 329, SI: 1, Sub-iteration number: 209, FoM: 0.006706023419730589
06/05/2022 11:59:26.726 - oc_logger - INFO - Function evaluation number: 330, SI: 1, Sub-iteration number: 210, FoM: 0.006504925009316986
06/05/2022 11:59:27.069 - oc_logger - INFO - Function evaluation number: 331, SI: 1, Sub-iteration number: 211, FoM: 0.006553052696214645
06/05/2022 11:59:27.438 - oc_logger - INFO - Function evaluation number: 332, SI: 1, Sub-iteration number: 212, FoM: 0.00666760912001485
06/05/2022 11:59:27.827 - oc_logger - INFO - Function evaluation number: 333, SI: 1, Sub-iteration number: 213, FoM: 0.006535151403078143
06/05/2022 11:59:28.215 - oc_logger - INFO - Function evaluation number: 334, SI: 1, Sub-iteration number: 214, FoM: 0.006786172540994007
06/05/2022 11:59:28.602 - oc_logger - INFO - Function evaluation number: 335, SI: 1, Sub-iteration number: 214, FoM: 0.006581196876621509
06/05/2022 11:59:28.992 - oc_logger - INFO - Function evaluation number: 336, SI: 1, Sub-iteration number: 215, FoM: 0.006579567308115708
06/05/2022 11:59:29.381 - oc_logger - INFO - New record achieved. Previous FoM: 0.006402621125179975, new best FoM : 0.006358602578929395
06/05/2022 11:59:29.381 - oc_logger - INFO - Function evaluation number: 337, SI: 1, Sub-iteration number: 216, FoM: 0.006358602578929395
06/05/2022 11:59:29.777 - oc_logger - INFO - Function evaluation number: 338, SI: 1, Sub-iteration number: 216, FoM: 0.006362041951955777
06/05/2022 11:59:30.120 - oc_logger - INFO - Function evaluation number: 339, SI: 1, Sub-iteration number: 217, FoM: 0.006586479161236891
06/05/2022 11:59:30.502 - oc_logger - INFO - Function evaluation number: 340, SI: 1, Sub-iteration number: 218, FoM: 0.006414322102590186
06/05/2022 11:59:30.891 - oc_logger - INFO - Function evaluation number: 341, SI: 1, Sub-iteration number: 219, FoM: 0.006532825285301969
06/05/2022 11:59:31.283 - oc_logger - INFO - New record achieved. Previous FoM: 0.006358602578929395, new best FoM : 0.006356811747207258
06/05/2022 11:59:31.283 - oc_logger - INFO - Function evaluation number: 342, SI: 1, Sub-iteration number: 220, FoM: 0.006356811747207258
06/05/2022 11:59:31.677 - oc_logger - INFO - Function evaluation number: 343, SI: 1, Sub-iteration number: 220, FoM: 0.006356811747207258
06/05/2022 11:59:32.027 - oc_logger - INFO - Function evaluation number: 344, SI: 1, Sub-iteration number: 221, FoM: 0.006532995746373116
06/05/2022 11:59:32.413 - oc_logger - INFO - Function evaluation number: 345, SI: 1, Sub-iteration number: 222, FoM: 0.0064012215282261975
06/05/2022 11:59:32.806 - oc_logger - INFO - Function evaluation number: 346, SI: 1, Sub-iteration number: 223, FoM: 0.006385660027524387
06/05/2022 11:59:33.160 - oc_logger - INFO - Function evaluation number: 347, SI: 1, Sub-iteration number: 224, FoM: 0.006564453473231979
06/05/2022 11:59:33.523 - oc_logger - INFO - Function evaluation number: 348, SI: 1, Sub-iteration number: 224, FoM: 0.006428554686015109
06/05/2022 11:59:33.888 - oc_logger - INFO - Function evaluation number: 349, SI: 1, Sub-iteration number: 225, FoM: 0.006376662150794465
06/05/2022 11:59:34.262 - oc_logger - INFO - Function evaluation number: 350, SI: 1, Sub-iteration number: 226, FoM: 0.006390794010922685
06/05/2022 11:59:34.608 - oc_logger - INFO - Function evaluation number: 351, SI: 1, Sub-iteration number: 227, FoM: 0.006401428447172619
06/05/2022 11:59:34.995 - oc_logger - INFO - Function evaluation number: 352, SI: 1, Sub-iteration number: 228, FoM: 0.006364845880865833
06/05/2022 11:59:35.403 - oc_logger - INFO - Function evaluation number: 353, SI: 1, Sub-iteration number: 229, FoM: 0.006356811747207258
06/05/2022 11:59:35.793 - oc_logger - INFO - Function evaluation number: 354, SI: 1, Sub-iteration number: 230, FoM: 0.006413145835814538
06/05/2022 11:59:36.093 - oc_logger - INFO - Function evaluation number: 355, SI: 1, Sub-iteration number: 230, FoM: 0.006362625582669312
06/05/2022 11:59:36.435 - oc_logger - INFO - Function evaluation number: 356, SI: 1, Sub-iteration number: 231, FoM: 0.00637768470172384
06/05/2022 11:59:36.803 - oc_logger - INFO - Function evaluation number: 357, SI: 1, Sub-iteration number: 232, FoM: 0.006474117307018412
06/05/2022 11:59:37.135 - oc_logger - INFO - Function evaluation number: 358, SI: 1, Sub-iteration number: 232, FoM: 0.006356811747207258
06/05/2022 11:59:37.535 - oc_logger - INFO - Function evaluation number: 359, SI: 1, Sub-iteration number: 233, FoM: 0.006356811747207258
06/05/2022 11:59:37.915 - oc_logger - INFO - Function evaluation number: 360, SI: 1, Sub-iteration number: 234, FoM: 0.006418933148055972
06/05/2022 11:59:38.259 - oc_logger - INFO - Function evaluation number: 361, SI: 1, Sub-iteration number: 234, FoM: 0.006356811747207258
06/05/2022 11:59:38.602 - oc_logger - INFO - Function evaluation number: 362, SI: 1, Sub-iteration number: 235, FoM: 0.0064117373236243225
06/05/2022 11:59:38.998 - oc_logger - INFO - Function evaluation number: 363, SI: 1, Sub-iteration number: 235, FoM: 0.006356811747207258
06/05/2022 11:59:39.386 - oc_logger - INFO - Function evaluation number: 364, SI: 1, Sub-iteration number: 236, FoM: 0.006356811747207258
06/05/2022 11:59:39.386 - oc_logger - INFO - SI 1 finished - Number of evaluations: 364, Best FoM: 0.006356811747207258, Terminate reason: Convergence of the FoM.

06/05/2022 11:59:39.386 - oc_logger - INFO - Direct search start time has been reset.
06/05/2022 11:59:39.781 - oc_logger - INFO - Function evaluation number: 365, SI: 2, Sub-iteration number: 0, FoM: 0.006356811747207258
06/05/2022 11:59:40.158 - oc_logger - INFO - Function evaluation number: 366, SI: 2, Sub-iteration number: 0, FoM: 0.006356811747207258
06/05/2022 11:59:40.460 - oc_logger - INFO - Function evaluation number: 367, SI: 2, Sub-iteration number: 0, FoM: 0.006360071140182
06/05/2022 11:59:40.746 - oc_logger - INFO - Function evaluation number: 368, SI: 2, Sub-iteration number: 0, FoM: 0.006356811747207258
06/05/2022 11:59:41.025 - oc_logger - INFO - Function evaluation number: 369, SI: 2, Sub-iteration number: 0, FoM: 0.006356811747207258
06/05/2022 11:59:41.354 - oc_logger - INFO - Function evaluation number: 370, SI: 2, Sub-iteration number: 0, FoM: 0.006356811747207258
06/05/2022 11:59:41.695 - oc_logger - INFO - Function evaluation number: 371, SI: 2, Sub-iteration number: 0, FoM: 0.006356811747207258
06/05/2022 11:59:42.038 - oc_logger - INFO - Function evaluation number: 372, SI: 2, Sub-iteration number: 0, FoM: 0.006358231525268709
06/05/2022 11:59:42.382 - oc_logger - INFO - Function evaluation number: 373, SI: 2, Sub-iteration number: 0, FoM: 0.006356811747207258
06/05/2022 11:59:42.723 - oc_logger - INFO - Function evaluation number: 374, SI: 2, Sub-iteration number: 1, FoM: 0.006356811747207258
06/05/2022 11:59:42.723 - oc_logger - INFO - SI 2 finished - Number of evaluations: 10, Best FoM: 0.006356811747207258, Terminate reason: Convergence of the FoM.

06/05/2022 11:59:42.723 - oc_logger - INFO - Direct search start time has been reset.
06/05/2022 11:59:43.049 - oc_logger - INFO - Function evaluation number: 375, SI: 3, Sub-iteration number: 0, FoM: 0.006356811747207258
06/05/2022 11:59:43.394 - oc_logger - INFO - Function evaluation number: 376, SI: 3, Sub-iteration number: 0, FoM: 0.006356811747207258
06/05/2022 11:59:43.740 - oc_logger - INFO - Function evaluation number: 377, SI: 3, Sub-iteration number: 0, FoM: 0.006356811747207258
06/05/2022 11:59:44.083 - oc_logger - INFO - Function evaluation number: 378, SI: 3, Sub-iteration number: 0, FoM: 0.006356811747207258
06/05/2022 11:59:44.428 - oc_logger - INFO - Function evaluation number: 379, SI: 3, Sub-iteration number: 0, FoM: 0.006356811747207258
06/05/2022 11:59:44.772 - oc_logger - INFO - Function evaluation number: 380, SI: 3, Sub-iteration number: 0, FoM: 0.006365871727299854
06/05/2022 11:59:45.065 - oc_logger - INFO - Function evaluation number: 381, SI: 3, Sub-iteration number: 0, FoM: 0.006356811747207258
06/05/2022 11:59:45.395 - oc_logger - INFO - Function evaluation number: 382, SI: 3, Sub-iteration number: 0, FoM: 0.006356811747207258
06/05/2022 11:59:45.736 - oc_logger - INFO - Function evaluation number: 383, SI: 3, Sub-iteration number: 0, FoM: 0.006356811747207258
06/05/2022 11:59:46.078 - oc_logger - INFO - Function evaluation number: 384, SI: 3, Sub-iteration number: 1, FoM: 0.006356811747207258
06/05/2022 11:59:46.424 - oc_logger - INFO - Function evaluation number: 385, SI: 3, Sub-iteration number: 1, FoM: 0.006356811747207258
06/05/2022 11:59:46.424 - oc_logger - INFO - SI 3 finished - Number of evaluations: 11, Best FoM: 0.006356811747207258, Terminate reason: Convergence of the FoM.

06/05/2022 11:59:46.424 - oc_logger - INFO - Figure of merit : 0.006356811747207258
06/05/2022 11:59:46.424 - oc_logger - INFO - Std : 0.0
06/05/2022 11:59:46.424 - oc_logger - INFO - total number of function evaluations : 385
06/05/2022 11:59:46.424 - oc_logger - INFO - dcrab_freq_list : [array([[ 3.30097541,  7.30047785,  9.01383467, 13.16078075]]), array([[ 2.82286405,  4.17857893,  9.13040659, 12.57591618]]), array([[ 1.74460352,  5.87448284, 11.24561272, 13.62604665]])]
06/05/2022 11:59:46.424 - oc_logger - INFO - dcrab_para_list : [array([-161.21438723, -569.21043105,  -61.18692838, -180.78127763,
        356.30483686,  116.12089405,  231.24086703,   26.63602119]), array([0., 0., 0., 0., 0., 0., 0., 0.]), array([0., 0., 0., 0., 0., 0., 0., 0.])]
06/05/2022 11:59:46.424 - oc_logger - INFO - terminate_reason : Convergence of the FoM.
