17/06/2022 18:51:27.176 - oc_logger - INFO - The optimization direction is minimization
17/06/2022 18:51:27.176 - oc_logger - INFO - QuOCS version number: 0.0.27
17/06/2022 18:51:27.341 - oc_logger - INFO - Function evaluation number: 1, FoM: 0.008514471577626415
17/06/2022 18:51:27.516 - oc_logger - INFO - Function evaluation number: 2, FoM: 0.00935923137446859
17/06/2022 18:51:27.696 - oc_logger - INFO - Function evaluation number: 3, FoM: 0.010101917103512492
17/06/2022 18:51:27.844 - oc_logger - INFO - Function evaluation number: 4, FoM: 0.007213745186946285
17/06/2022 18:51:27.995 - oc_logger - INFO - Function evaluation number: 5, FoM: 0.00687330379290918
17/06/2022 18:51:28.144 - oc_logger - INFO - Function evaluation number: 6, FoM: 0.006106419978248012
17/06/2022 18:51:28.313 - oc_logger - INFO - Function evaluation number: 7, FoM: 0.005495134349275177
17/06/2022 18:51:28.493 - oc_logger - INFO - Function evaluation number: 8, FoM: 0.004666116975358459
17/06/2022 18:51:28.631 - oc_logger - INFO - Function evaluation number: 9, FoM: 0.004332702377661146
17/06/2022 18:51:28.786 - oc_logger - INFO - Function evaluation number: 10, FoM: 0.00397618643225639
17/06/2022 18:51:28.930 - oc_logger - INFO - Function evaluation number: 11, FoM: 0.004028583987887413
17/06/2022 18:51:29.081 - oc_logger - INFO - Function evaluation number: 12, FoM: 0.004478432448948522
17/06/2022 18:51:29.230 - oc_logger - INFO - Function evaluation number: 13, FoM: 0.006484218442764367
17/06/2022 18:51:29.376 - oc_logger - INFO - Function evaluation number: 14, FoM: 0.00400176029441357
17/06/2022 18:51:29.522 - oc_logger - INFO - Function evaluation number: 15, FoM: 0.005294890992503909
17/06/2022 18:51:29.674 - oc_logger - INFO - Function evaluation number: 16, FoM: 0.00401290545222277
17/06/2022 18:51:29.843 - oc_logger - INFO - Function evaluation number: 17, FoM: 0.0038983972004159595
17/06/2022 18:51:30.046 - oc_logger - INFO - Function evaluation number: 18, FoM: 0.004026736311247614
17/06/2022 18:51:30.196 - oc_logger - INFO - Function evaluation number: 19, FoM: 0.004825063300936794
17/06/2022 18:51:30.409 - oc_logger - INFO - Function evaluation number: 20, FoM: 0.003857154466113455
17/06/2022 18:51:30.682 - oc_logger - INFO - Function evaluation number: 21, FoM: 0.004023778706871761
17/06/2022 18:51:30.878 - oc_logger - INFO - Function evaluation number: 22, FoM: 0.003914563865925369
17/06/2022 18:51:31.038 - oc_logger - INFO - Function evaluation number: 23, FoM: 0.003740603680054355
17/06/2022 18:51:31.188 - oc_logger - INFO - Function evaluation number: 24, FoM: 0.0036870873444440067
17/06/2022 18:51:31.367 - oc_logger - INFO - Function evaluation number: 25, FoM: 0.0037631953618646463
17/06/2022 18:51:31.524 - oc_logger - INFO - Function evaluation number: 26, FoM: 0.0037304454139008847
17/06/2022 18:51:31.687 - oc_logger - INFO - Function evaluation number: 27, FoM: 0.0036455324704491865
17/06/2022 18:51:31.885 - oc_logger - INFO - Function evaluation number: 28, FoM: 0.0036895755200299085
17/06/2022 18:51:32.095 - oc_logger - INFO - Function evaluation number: 29, FoM: 0.003508243554461443
17/06/2022 18:51:32.241 - oc_logger - INFO - Function evaluation number: 30, FoM: 0.0034287500492333756
17/06/2022 18:51:32.559 - oc_logger - INFO - Function evaluation number: 31, FoM: 0.00372107892782636
17/06/2022 18:51:32.776 - oc_logger - INFO - Function evaluation number: 32, FoM: 0.0036198024051217192
17/06/2022 18:51:33.318 - oc_logger - INFO - Function evaluation number: 33, FoM: 0.0034739471824821733
17/06/2022 18:51:33.829 - oc_logger - INFO - Function evaluation number: 34, FoM: 0.0033515876620480167
17/06/2022 18:51:34.032 - oc_logger - INFO - Function evaluation number: 35, FoM: 0.0032853375042495303
17/06/2022 18:51:34.194 - oc_logger - INFO - Function evaluation number: 36, FoM: 0.003162232679322252
17/06/2022 18:51:34.482 - oc_logger - INFO - Function evaluation number: 37, FoM: 0.0030583721614918513
17/06/2022 18:51:34.692 - oc_logger - INFO - Function evaluation number: 38, FoM: 0.003073754306273546
17/06/2022 18:51:34.864 - oc_logger - INFO - Function evaluation number: 39, FoM: 0.002781260013133058
17/06/2022 18:51:35.075 - oc_logger - INFO - Function evaluation number: 40, FoM: 0.002589811856364088
17/06/2022 18:51:35.221 - oc_logger - INFO - Function evaluation number: 41, FoM: 0.00261770961108021
17/06/2022 18:51:35.369 - oc_logger - INFO - Function evaluation number: 42, FoM: 0.002467148052865298
17/06/2022 18:51:35.564 - oc_logger - INFO - Function evaluation number: 43, FoM: 0.0023678003949590964
17/06/2022 18:51:35.751 - oc_logger - INFO - Function evaluation number: 44, FoM: 0.0019210511754195192
17/06/2022 18:51:35.917 - oc_logger - INFO - Function evaluation number: 45, FoM: 0.0016090878480178317
17/06/2022 18:51:36.092 - oc_logger - INFO - Function evaluation number: 46, FoM: 0.001762110801428074
17/06/2022 18:51:36.232 - oc_logger - INFO - Function evaluation number: 47, FoM: 0.0014408227176098132
17/06/2022 18:51:36.383 - oc_logger - INFO - Function evaluation number: 48, FoM: 0.001340376561705492
17/06/2022 18:51:36.529 - oc_logger - INFO - Function evaluation number: 49, FoM: 0.0007605021196896988
17/06/2022 18:51:36.698 - oc_logger - INFO - Function evaluation number: 50, FoM: 0.00045449571329503335
17/06/2022 18:51:36.920 - oc_logger - INFO - Function evaluation number: 51, FoM: 0.0005363870057749631
17/06/2022 18:51:37.112 - oc_logger - INFO - Function evaluation number: 52, FoM: 0.0004972082397468602
17/06/2022 18:51:37.297 - oc_logger - INFO - Function evaluation number: 53, FoM: 7.606953223993074e-06
17/06/2022 18:51:37.445 - oc_logger - INFO - Function evaluation number: 54, FoM: 0.0001200614187192306
17/06/2022 18:51:37.629 - oc_logger - INFO - Function evaluation number: 55, FoM: 0.000147740845096056
17/06/2022 18:51:37.826 - oc_logger - INFO - Function evaluation number: 56, FoM: 0.0005380379915362887
17/06/2022 18:51:37.977 - oc_logger - INFO - Function evaluation number: 57, FoM: 0.00022454863239851353
17/06/2022 18:51:38.117 - oc_logger - INFO - Function evaluation number: 58, FoM: 0.0003634685575832908
17/06/2022 18:51:38.253 - oc_logger - INFO - Function evaluation number: 59, FoM: 0.00016129006722731543
17/06/2022 18:51:38.395 - oc_logger - INFO - Function evaluation number: 60, FoM: 0.0002397838857579604
17/06/2022 18:51:38.554 - oc_logger - INFO - Function evaluation number: 61, FoM: 0.00011521410617632011
17/06/2022 18:51:38.703 - oc_logger - INFO - Function evaluation number: 62, FoM: 0.00015216446555321728
17/06/2022 18:51:38.877 - oc_logger - INFO - Function evaluation number: 63, FoM: 8.736986059609819e-05
17/06/2022 18:51:39.117 - oc_logger - INFO - Function evaluation number: 64, FoM: 9.300899133501961e-05
17/06/2022 18:51:39.306 - oc_logger - INFO - Function evaluation number: 65, FoM: 8.72326528816858e-05
17/06/2022 18:51:39.518 - oc_logger - INFO - Function evaluation number: 66, FoM: 0.00010518228428013643
17/06/2022 18:51:39.766 - oc_logger - INFO - Function evaluation number: 67, FoM: 5.3014646893556616e-05
17/06/2022 18:51:39.955 - oc_logger - INFO - Function evaluation number: 68, FoM: 7.969845553501553e-05
17/06/2022 18:51:40.136 - oc_logger - INFO - Function evaluation number: 69, FoM: 2.9050491932358646e-05
17/06/2022 18:51:40.332 - oc_logger - INFO - Function evaluation number: 70, FoM: 9.687158266757923e-05
17/06/2022 18:51:40.507 - oc_logger - INFO - Function evaluation number: 71, FoM: 3.596396943583713e-05
17/06/2022 18:51:40.709 - oc_logger - INFO - Function evaluation number: 72, FoM: 2.1183579985484258e-05
17/06/2022 18:51:40.851 - oc_logger - INFO - Function evaluation number: 73, FoM: 4.3223924760971144e-05
17/06/2022 18:51:41.026 - oc_logger - INFO - Function evaluation number: 74, FoM: 1.6491076300528817e-05
17/06/2022 18:51:41.215 - oc_logger - INFO - Function evaluation number: 75, FoM: 1.9605009709544596e-05
17/06/2022 18:51:41.365 - oc_logger - INFO - Function evaluation number: 76, FoM: 3.7822754536342984e-05
17/06/2022 18:51:41.526 - oc_logger - INFO - Function evaluation number: 77, FoM: 9.338921785118082e-06
17/06/2022 18:51:41.800 - oc_logger - INFO - Function evaluation number: 78, FoM: 2.5161136388063277e-05
17/06/2022 18:51:41.981 - oc_logger - INFO - Function evaluation number: 79, FoM: 9.372970693699578e-06
17/06/2022 18:51:42.127 - oc_logger - INFO - Function evaluation number: 80, FoM: 1.712432172062961e-05
17/06/2022 18:51:42.279 - oc_logger - INFO - Function evaluation number: 81, FoM: 8.41864671397019e-06
17/06/2022 18:51:42.433 - oc_logger - INFO - Function evaluation number: 82, FoM: 8.576613251265464e-06
17/06/2022 18:51:42.582 - oc_logger - INFO - Function evaluation number: 83, FoM: 1.8931435755709103e-05
17/06/2022 18:51:42.746 - oc_logger - INFO - Function evaluation number: 84, FoM: 5.326434237229449e-06
17/06/2022 18:51:42.974 - oc_logger - INFO - Function evaluation number: 85, FoM: 8.206491971751717e-06
17/06/2022 18:51:43.146 - oc_logger - INFO - Function evaluation number: 86, FoM: 8.42539534229303e-06
17/06/2022 18:51:43.275 - oc_logger - INFO - Function evaluation number: 87, FoM: 5.6004451585156545e-06
17/06/2022 18:51:43.430 - oc_logger - INFO - Function evaluation number: 88, FoM: 7.407820301619239e-06
17/06/2022 18:51:43.577 - oc_logger - INFO - Function evaluation number: 89, FoM: 1.607832883598892e-05
17/06/2022 18:51:43.787 - oc_logger - INFO - Function evaluation number: 90, FoM: 4.621026700735165e-06
17/06/2022 18:51:43.994 - oc_logger - INFO - Function evaluation number: 91, FoM: 8.312583374747717e-06
17/06/2022 18:51:44.142 - oc_logger - INFO - Function evaluation number: 92, FoM: 5.087254128732788e-06
17/06/2022 18:51:44.306 - oc_logger - INFO - Function evaluation number: 93, FoM: 5.603654954611237e-06
17/06/2022 18:51:44.498 - oc_logger - INFO - Function evaluation number: 94, FoM: 4.5256176408603466e-06
17/06/2022 18:51:44.683 - oc_logger - INFO - Function evaluation number: 95, FoM: 7.750340360157537e-06
17/06/2022 18:51:44.834 - oc_logger - INFO - Function evaluation number: 96, FoM: 4.2636929875605745e-06
17/06/2022 18:51:44.995 - oc_logger - INFO - Function evaluation number: 97, FoM: 4.515711874208961e-06
17/06/2022 18:51:45.147 - oc_logger - INFO - Function evaluation number: 98, FoM: 7.426889654049695e-06
17/06/2022 18:51:45.295 - oc_logger - INFO - Function evaluation number: 99, FoM: 3.9512193996671385e-06
17/06/2022 18:51:45.444 - oc_logger - INFO - Function evaluation number: 100, FoM: 3.6518658959039385e-06
17/06/2022 18:51:45.637 - oc_logger - INFO - Function evaluation number: 101, FoM: 3.813403077312927e-06
17/06/2022 18:51:45.640 - oc_logger - INFO - Figure of merit : 3.6518658959039385e-06
17/06/2022 18:51:45.641 - oc_logger - INFO - parameters : [-54.51555858  12.64488518   0.38457909]
17/06/2022 18:51:45.641 - oc_logger - INFO - terminate_reason : Exceeded number of allowed function evaluations per direct search.
