06/06/2022 04:00:58.462 - oc_logger - INFO - The optimization direction is minimization
06/06/2022 04:00:58.463 - oc_logger - INFO - QuOCS version number: 0.0.22
06/06/2022 04:00:58.463 - oc_logger - INFO - Direct search start time has been reset.
06/06/2022 04:00:58.605 - oc_logger - INFO - New record achieved. Previous FoM: 10000000000.0, new best FoM : 0.8069813168570461
06/06/2022 04:00:58.605 - oc_logger - INFO - Function evaluation number: 1, SI: 1, Sub-iteration number: 0, FoM: 0.8069813168570461
06/06/2022 04:00:58.751 - oc_logger - INFO - Function evaluation number: 2, SI: 1, Sub-iteration number: 0, FoM: 0.8149462980972074
06/06/2022 04:00:58.883 - oc_logger - INFO - Function evaluation number: 3, SI: 1, Sub-iteration number: 0, FoM: 0.8106725899186523
06/06/2022 04:00:59.029 - oc_logger - INFO - Function evaluation number: 4, SI: 1, Sub-iteration number: 0, FoM: 0.8077415712666143
06/06/2022 04:00:59.164 - oc_logger - INFO - Function evaluation number: 5, SI: 1, Sub-iteration number: 0, FoM: 0.8074422198419363
06/06/2022 04:00:59.307 - oc_logger - INFO - Function evaluation number: 6, SI: 1, Sub-iteration number: 0, FoM: 0.8097540880360232
06/06/2022 04:00:59.446 - oc_logger - INFO - New record achieved. Previous FoM: 0.8069813168570461, new best FoM : 0.8054324373702056
06/06/2022 04:00:59.446 - oc_logger - INFO - Function evaluation number: 7, SI: 1, Sub-iteration number: 0, FoM: 0.8054324373702056
06/06/2022 04:00:59.575 - oc_logger - INFO - New record achieved. Previous FoM: 0.8054324373702056, new best FoM : 0.8035412042542215
06/06/2022 04:00:59.575 - oc_logger - INFO - Function evaluation number: 8, SI: 1, Sub-iteration number: 0, FoM: 0.8035412042542215
06/06/2022 04:00:59.711 - oc_logger - INFO - Function evaluation number: 9, SI: 1, Sub-iteration number: 0, FoM: 0.8050503430922114
06/06/2022 04:00:59.857 - oc_logger - INFO - New record achieved. Previous FoM: 0.8035412042542215, new best FoM : 0.7983132210370592
06/06/2022 04:00:59.857 - oc_logger - INFO - Function evaluation number: 10, SI: 1, Sub-iteration number: 0, FoM: 0.7983132210370592
06/06/2022 04:01:00.001 - oc_logger - INFO - New record achieved. Previous FoM: 0.7983132210370592, new best FoM : 0.7964863997727285
06/06/2022 04:01:00.001 - oc_logger - INFO - Function evaluation number: 11, SI: 1, Sub-iteration number: 1, FoM: 0.7964863997727285
06/06/2022 04:01:00.138 - oc_logger - INFO - New record achieved. Previous FoM: 0.7964863997727285, new best FoM : 0.7942285694515023
06/06/2022 04:01:00.138 - oc_logger - INFO - Function evaluation number: 12, SI: 1, Sub-iteration number: 1, FoM: 0.7942285694515023
06/06/2022 04:01:00.276 - oc_logger - INFO - Function evaluation number: 13, SI: 1, Sub-iteration number: 2, FoM: 0.7977199636020125
06/06/2022 04:01:00.407 - oc_logger - INFO - Function evaluation number: 14, SI: 1, Sub-iteration number: 3, FoM: 0.7959390951721038
06/06/2022 04:01:00.548 - oc_logger - INFO - Function evaluation number: 15, SI: 1, Sub-iteration number: 4, FoM: 0.7953980356555095
06/06/2022 04:01:00.682 - oc_logger - INFO - New record achieved. Previous FoM: 0.7942285694515023, new best FoM : 0.7928958500592729
06/06/2022 04:01:00.682 - oc_logger - INFO - Function evaluation number: 16, SI: 1, Sub-iteration number: 5, FoM: 0.7928958500592729
06/06/2022 04:01:00.826 - oc_logger - INFO - New record achieved. Previous FoM: 0.7928958500592729, new best FoM : 0.7911802443754499
06/06/2022 04:01:00.827 - oc_logger - INFO - Function evaluation number: 17, SI: 1, Sub-iteration number: 5, FoM: 0.7911802443754499
06/06/2022 04:01:00.964 - oc_logger - INFO - New record achieved. Previous FoM: 0.7911802443754499, new best FoM : 0.7896662792828786
06/06/2022 04:01:00.964 - oc_logger - INFO - Function evaluation number: 18, SI: 1, Sub-iteration number: 6, FoM: 0.7896662792828786
06/06/2022 04:01:01.094 - oc_logger - INFO - New record achieved. Previous FoM: 0.7896662792828786, new best FoM : 0.7876010995842407
06/06/2022 04:01:01.095 - oc_logger - INFO - Function evaluation number: 19, SI: 1, Sub-iteration number: 6, FoM: 0.7876010995842407
06/06/2022 04:01:01.222 - oc_logger - INFO - New record achieved. Previous FoM: 0.7876010995842407, new best FoM : 0.7872181232264053
06/06/2022 04:01:01.222 - oc_logger - INFO - Function evaluation number: 20, SI: 1, Sub-iteration number: 7, FoM: 0.7872181232264053
06/06/2022 04:01:01.366 - oc_logger - INFO - New record achieved. Previous FoM: 0.7872181232264053, new best FoM : 0.7850408225354059
06/06/2022 04:01:01.366 - oc_logger - INFO - Function evaluation number: 21, SI: 1, Sub-iteration number: 7, FoM: 0.7850408225354059
06/06/2022 04:01:01.503 - oc_logger - INFO - New record achieved. Previous FoM: 0.7850408225354059, new best FoM : 0.7829006436445778
06/06/2022 04:01:01.503 - oc_logger - INFO - Function evaluation number: 22, SI: 1, Sub-iteration number: 8, FoM: 0.7829006436445778
06/06/2022 04:01:01.637 - oc_logger - INFO - New record achieved. Previous FoM: 0.7829006436445778, new best FoM : 0.7802278584011161
06/06/2022 04:01:01.637 - oc_logger - INFO - Function evaluation number: 23, SI: 1, Sub-iteration number: 8, FoM: 0.7802278584011161
06/06/2022 04:01:01.801 - oc_logger - INFO - New record achieved. Previous FoM: 0.7802278584011161, new best FoM : 0.7791048796478638
06/06/2022 04:01:01.801 - oc_logger - INFO - Function evaluation number: 24, SI: 1, Sub-iteration number: 9, FoM: 0.7791048796478638
06/06/2022 04:01:01.964 - oc_logger - INFO - New record achieved. Previous FoM: 0.7791048796478638, new best FoM : 0.776145913948008
06/06/2022 04:01:01.965 - oc_logger - INFO - Function evaluation number: 25, SI: 1, Sub-iteration number: 9, FoM: 0.776145913948008
06/06/2022 04:01:02.120 - oc_logger - INFO - Function evaluation number: 26, SI: 1, Sub-iteration number: 10, FoM: 0.7800336323723004
06/06/2022 04:01:02.285 - oc_logger - INFO - Function evaluation number: 27, SI: 1, Sub-iteration number: 11, FoM: 0.7764722843067089
06/06/2022 04:01:02.427 - oc_logger - INFO - New record achieved. Previous FoM: 0.776145913948008, new best FoM : 0.7738962643386647
06/06/2022 04:01:02.427 - oc_logger - INFO - Function evaluation number: 28, SI: 1, Sub-iteration number: 12, FoM: 0.7738962643386647
06/06/2022 04:01:02.574 - oc_logger - INFO - New record achieved. Previous FoM: 0.7738962643386647, new best FoM : 0.771275533933744
06/06/2022 04:01:02.574 - oc_logger - INFO - Function evaluation number: 29, SI: 1, Sub-iteration number: 12, FoM: 0.771275533933744
06/06/2022 04:01:02.733 - oc_logger - INFO - New record achieved. Previous FoM: 0.771275533933744, new best FoM : 0.7688026665794969
06/06/2022 04:01:02.733 - oc_logger - INFO - Function evaluation number: 30, SI: 1, Sub-iteration number: 13, FoM: 0.7688026665794969
06/06/2022 04:01:02.887 - oc_logger - INFO - New record achieved. Previous FoM: 0.7688026665794969, new best FoM : 0.76561499690315
06/06/2022 04:01:02.887 - oc_logger - INFO - Function evaluation number: 31, SI: 1, Sub-iteration number: 13, FoM: 0.76561499690315
06/06/2022 04:01:03.029 - oc_logger - INFO - New record achieved. Previous FoM: 0.76561499690315, new best FoM : 0.7635650842026597
06/06/2022 04:01:03.029 - oc_logger - INFO - Function evaluation number: 32, SI: 1, Sub-iteration number: 14, FoM: 0.7635650842026597
06/06/2022 04:01:03.161 - oc_logger - INFO - New record achieved. Previous FoM: 0.7635650842026597, new best FoM : 0.7599089443187084
06/06/2022 04:01:03.161 - oc_logger - INFO - Function evaluation number: 33, SI: 1, Sub-iteration number: 14, FoM: 0.7599089443187084
06/06/2022 04:01:03.301 - oc_logger - INFO - New record achieved. Previous FoM: 0.7599089443187084, new best FoM : 0.7595312554699185
06/06/2022 04:01:03.301 - oc_logger - INFO - Function evaluation number: 34, SI: 1, Sub-iteration number: 15, FoM: 0.7595312554699185
06/06/2022 04:01:03.441 - oc_logger - INFO - New record achieved. Previous FoM: 0.7595312554699185, new best FoM : 0.7557342661827114
06/06/2022 04:01:03.441 - oc_logger - INFO - Function evaluation number: 35, SI: 1, Sub-iteration number: 15, FoM: 0.7557342661827114
06/06/2022 04:01:03.577 - oc_logger - INFO - Function evaluation number: 36, SI: 1, Sub-iteration number: 16, FoM: 0.7561802559270596
06/06/2022 04:01:03.717 - oc_logger - INFO - New record achieved. Previous FoM: 0.7557342661827114, new best FoM : 0.7523015854455057
06/06/2022 04:01:03.717 - oc_logger - INFO - Function evaluation number: 37, SI: 1, Sub-iteration number: 17, FoM: 0.7523015854455057
06/06/2022 04:01:03.855 - oc_logger - INFO - New record achieved. Previous FoM: 0.7523015854455057, new best FoM : 0.7484068129269124
06/06/2022 04:01:03.855 - oc_logger - INFO - Function evaluation number: 38, SI: 1, Sub-iteration number: 17, FoM: 0.7484068129269124
06/06/2022 04:01:03.995 - oc_logger - INFO - Function evaluation number: 39, SI: 1, Sub-iteration number: 18, FoM: 0.7503640738338564
06/06/2022 04:01:04.123 - oc_logger - INFO - New record achieved. Previous FoM: 0.7484068129269124, new best FoM : 0.7435569100789122
06/06/2022 04:01:04.123 - oc_logger - INFO - Function evaluation number: 40, SI: 1, Sub-iteration number: 19, FoM: 0.7435569100789122
06/06/2022 04:01:04.262 - oc_logger - INFO - New record achieved. Previous FoM: 0.7435569100789122, new best FoM : 0.7392310821812089
06/06/2022 04:01:04.262 - oc_logger - INFO - Function evaluation number: 41, SI: 1, Sub-iteration number: 19, FoM: 0.7392310821812089
06/06/2022 04:01:04.403 - oc_logger - INFO - New record achieved. Previous FoM: 0.7392310821812089, new best FoM : 0.7389057852609959
06/06/2022 04:01:04.403 - oc_logger - INFO - Function evaluation number: 42, SI: 1, Sub-iteration number: 20, FoM: 0.7389057852609959
06/06/2022 04:01:04.537 - oc_logger - INFO - New record achieved. Previous FoM: 0.7389057852609959, new best FoM : 0.7344673173264307
06/06/2022 04:01:04.537 - oc_logger - INFO - Function evaluation number: 43, SI: 1, Sub-iteration number: 20, FoM: 0.7344673173264307
06/06/2022 04:01:04.670 - oc_logger - INFO - New record achieved. Previous FoM: 0.7344673173264307, new best FoM : 0.7294669365591746
06/06/2022 04:01:04.670 - oc_logger - INFO - Function evaluation number: 44, SI: 1, Sub-iteration number: 21, FoM: 0.7294669365591746
06/06/2022 04:01:04.814 - oc_logger - INFO - New record achieved. Previous FoM: 0.7294669365591746, new best FoM : 0.7239247576635235
06/06/2022 04:01:04.814 - oc_logger - INFO - Function evaluation number: 45, SI: 1, Sub-iteration number: 21, FoM: 0.7239247576635235
06/06/2022 04:01:04.952 - oc_logger - INFO - Function evaluation number: 46, SI: 1, Sub-iteration number: 22, FoM: 0.7239988534989608
06/06/2022 04:01:05.092 - oc_logger - INFO - New record achieved. Previous FoM: 0.7239247576635235, new best FoM : 0.720691513978237
06/06/2022 04:01:05.092 - oc_logger - INFO - Function evaluation number: 47, SI: 1, Sub-iteration number: 23, FoM: 0.720691513978237
06/06/2022 04:01:05.228 - oc_logger - INFO - New record achieved. Previous FoM: 0.720691513978237, new best FoM : 0.7154394256285536
06/06/2022 04:01:05.228 - oc_logger - INFO - Function evaluation number: 48, SI: 1, Sub-iteration number: 23, FoM: 0.7154394256285536
06/06/2022 04:01:05.362 - oc_logger - INFO - Function evaluation number: 49, SI: 1, Sub-iteration number: 24, FoM: 0.716854363394864
06/06/2022 04:01:05.499 - oc_logger - INFO - New record achieved. Previous FoM: 0.7154394256285536, new best FoM : 0.7117516482435458
06/06/2022 04:01:05.499 - oc_logger - INFO - Function evaluation number: 50, SI: 1, Sub-iteration number: 25, FoM: 0.7117516482435458
06/06/2022 04:01:05.638 - oc_logger - INFO - New record achieved. Previous FoM: 0.7117516482435458, new best FoM : 0.7066112785232396
06/06/2022 04:01:05.638 - oc_logger - INFO - Function evaluation number: 51, SI: 1, Sub-iteration number: 25, FoM: 0.7066112785232396
06/06/2022 04:01:05.775 - oc_logger - INFO - New record achieved. Previous FoM: 0.7066112785232396, new best FoM : 0.7009069947640585
06/06/2022 04:01:05.775 - oc_logger - INFO - Function evaluation number: 52, SI: 1, Sub-iteration number: 26, FoM: 0.7009069947640585
06/06/2022 04:01:05.917 - oc_logger - INFO - New record achieved. Previous FoM: 0.7009069947640585, new best FoM : 0.6945645903586295
06/06/2022 04:01:05.917 - oc_logger - INFO - Function evaluation number: 53, SI: 1, Sub-iteration number: 26, FoM: 0.6945645903586295
06/06/2022 04:01:06.054 - oc_logger - INFO - New record achieved. Previous FoM: 0.6945645903586295, new best FoM : 0.6940098206413368
06/06/2022 04:01:06.054 - oc_logger - INFO - Function evaluation number: 54, SI: 1, Sub-iteration number: 27, FoM: 0.6940098206413368
06/06/2022 04:01:06.197 - oc_logger - INFO - New record achieved. Previous FoM: 0.6940098206413368, new best FoM : 0.6875370734729909
06/06/2022 04:01:06.197 - oc_logger - INFO - Function evaluation number: 55, SI: 1, Sub-iteration number: 27, FoM: 0.6875370734729909
06/06/2022 04:01:06.332 - oc_logger - INFO - New record achieved. Previous FoM: 0.6875370734729909, new best FoM : 0.6822131328544947
06/06/2022 04:01:06.333 - oc_logger - INFO - Function evaluation number: 56, SI: 1, Sub-iteration number: 28, FoM: 0.6822131328544947
06/06/2022 04:01:06.476 - oc_logger - INFO - New record achieved. Previous FoM: 0.6822131328544947, new best FoM : 0.6746558400385732
06/06/2022 04:01:06.476 - oc_logger - INFO - Function evaluation number: 57, SI: 1, Sub-iteration number: 28, FoM: 0.6746558400385732
06/06/2022 04:01:06.612 - oc_logger - INFO - Function evaluation number: 58, SI: 1, Sub-iteration number: 29, FoM: 0.6774685133957271
06/06/2022 04:01:06.751 - oc_logger - INFO - New record achieved. Previous FoM: 0.6746558400385732, new best FoM : 0.6696415720777606
06/06/2022 04:01:06.751 - oc_logger - INFO - Function evaluation number: 59, SI: 1, Sub-iteration number: 30, FoM: 0.6696415720777606
06/06/2022 04:01:06.884 - oc_logger - INFO - New record achieved. Previous FoM: 0.6696415720777606, new best FoM : 0.6623647007461789
06/06/2022 04:01:06.885 - oc_logger - INFO - Function evaluation number: 60, SI: 1, Sub-iteration number: 30, FoM: 0.6623647007461789
06/06/2022 04:01:07.027 - oc_logger - INFO - Function evaluation number: 61, SI: 1, Sub-iteration number: 31, FoM: 0.6667795511009899
06/06/2022 04:01:07.153 - oc_logger - INFO - New record achieved. Previous FoM: 0.6623647007461789, new best FoM : 0.6541317125367627
06/06/2022 04:01:07.153 - oc_logger - INFO - Function evaluation number: 62, SI: 1, Sub-iteration number: 32, FoM: 0.6541317125367627
06/06/2022 04:01:07.293 - oc_logger - INFO - New record achieved. Previous FoM: 0.6541317125367627, new best FoM : 0.646441160828655
06/06/2022 04:01:07.294 - oc_logger - INFO - Function evaluation number: 63, SI: 1, Sub-iteration number: 32, FoM: 0.646441160828655
06/06/2022 04:01:07.431 - oc_logger - INFO - New record achieved. Previous FoM: 0.646441160828655, new best FoM : 0.645745456127806
06/06/2022 04:01:07.431 - oc_logger - INFO - Function evaluation number: 64, SI: 1, Sub-iteration number: 33, FoM: 0.645745456127806
06/06/2022 04:01:07.574 - oc_logger - INFO - New record achieved. Previous FoM: 0.645745456127806, new best FoM : 0.6379692769197984
06/06/2022 04:01:07.574 - oc_logger - INFO - Function evaluation number: 65, SI: 1, Sub-iteration number: 33, FoM: 0.6379692769197984
06/06/2022 04:01:07.706 - oc_logger - INFO - New record achieved. Previous FoM: 0.6379692769197984, new best FoM : 0.6304082676895506
06/06/2022 04:01:07.706 - oc_logger - INFO - Function evaluation number: 66, SI: 1, Sub-iteration number: 34, FoM: 0.6304082676895506
06/06/2022 04:01:07.845 - oc_logger - INFO - New record achieved. Previous FoM: 0.6304082676895506, new best FoM : 0.6213537177146463
06/06/2022 04:01:07.845 - oc_logger - INFO - Function evaluation number: 67, SI: 1, Sub-iteration number: 34, FoM: 0.6213537177146463
06/06/2022 04:01:07.987 - oc_logger - INFO - New record achieved. Previous FoM: 0.6213537177146463, new best FoM : 0.6205702075228304
06/06/2022 04:01:07.987 - oc_logger - INFO - Function evaluation number: 68, SI: 1, Sub-iteration number: 35, FoM: 0.6205702075228304
06/06/2022 04:01:08.121 - oc_logger - INFO - New record achieved. Previous FoM: 0.6205702075228304, new best FoM : 0.6115349967458132
06/06/2022 04:01:08.121 - oc_logger - INFO - Function evaluation number: 69, SI: 1, Sub-iteration number: 35, FoM: 0.6115349967458132
06/06/2022 04:01:08.248 - oc_logger - INFO - Function evaluation number: 70, SI: 1, Sub-iteration number: 36, FoM: 0.6142889274938939
06/06/2022 04:01:08.388 - oc_logger - INFO - New record achieved. Previous FoM: 0.6115349967458132, new best FoM : 0.6054328166134231
06/06/2022 04:01:08.389 - oc_logger - INFO - Function evaluation number: 71, SI: 1, Sub-iteration number: 37, FoM: 0.6054328166134231
06/06/2022 04:01:08.521 - oc_logger - INFO - New record achieved. Previous FoM: 0.6054328166134231, new best FoM : 0.5970200885488041
06/06/2022 04:01:08.521 - oc_logger - INFO - Function evaluation number: 72, SI: 1, Sub-iteration number: 37, FoM: 0.5970200885488041
06/06/2022 04:01:08.662 - oc_logger - INFO - Function evaluation number: 73, SI: 1, Sub-iteration number: 38, FoM: 0.5978517733192447
06/06/2022 04:01:08.793 - oc_logger - INFO - New record achieved. Previous FoM: 0.5970200885488041, new best FoM : 0.584769907526679
06/06/2022 04:01:08.793 - oc_logger - INFO - Function evaluation number: 74, SI: 1, Sub-iteration number: 39, FoM: 0.584769907526679
06/06/2022 04:01:08.939 - oc_logger - INFO - New record achieved. Previous FoM: 0.584769907526679, new best FoM : 0.5759990213396331
06/06/2022 04:01:08.939 - oc_logger - INFO - Function evaluation number: 75, SI: 1, Sub-iteration number: 39, FoM: 0.5759990213396331
06/06/2022 04:01:09.078 - oc_logger - INFO - New record achieved. Previous FoM: 0.5759990213396331, new best FoM : 0.5732752344820122
06/06/2022 04:01:09.079 - oc_logger - INFO - Function evaluation number: 76, SI: 1, Sub-iteration number: 40, FoM: 0.5732752344820122
06/06/2022 04:01:09.219 - oc_logger - INFO - New record achieved. Previous FoM: 0.5732752344820122, new best FoM : 0.5644404062888377
06/06/2022 04:01:09.219 - oc_logger - INFO - Function evaluation number: 77, SI: 1, Sub-iteration number: 40, FoM: 0.5644404062888377
06/06/2022 04:01:09.356 - oc_logger - INFO - New record achieved. Previous FoM: 0.5644404062888377, new best FoM : 0.5583465650271744
06/06/2022 04:01:09.356 - oc_logger - INFO - Function evaluation number: 78, SI: 1, Sub-iteration number: 41, FoM: 0.5583465650271744
06/06/2022 04:01:09.497 - oc_logger - INFO - New record achieved. Previous FoM: 0.5583465650271744, new best FoM : 0.5491913158738145
06/06/2022 04:01:09.497 - oc_logger - INFO - Function evaluation number: 79, SI: 1, Sub-iteration number: 41, FoM: 0.5491913158738145
06/06/2022 04:01:09.615 - oc_logger - INFO - Function evaluation number: 80, SI: 1, Sub-iteration number: 42, FoM: 0.5517014565539515
06/06/2022 04:01:09.759 - oc_logger - INFO - New record achieved. Previous FoM: 0.5491913158738145, new best FoM : 0.5431427838985649
06/06/2022 04:01:09.759 - oc_logger - INFO - Function evaluation number: 81, SI: 1, Sub-iteration number: 43, FoM: 0.5431427838985649
06/06/2022 04:01:09.897 - oc_logger - INFO - New record achieved. Previous FoM: 0.5431427838985649, new best FoM : 0.5354613036968179
06/06/2022 04:01:09.897 - oc_logger - INFO - Function evaluation number: 82, SI: 1, Sub-iteration number: 43, FoM: 0.5354613036968179
06/06/2022 04:01:10.040 - oc_logger - INFO - Function evaluation number: 83, SI: 1, Sub-iteration number: 44, FoM: 0.538138667953865
06/06/2022 04:01:10.173 - oc_logger - INFO - New record achieved. Previous FoM: 0.5354613036968179, new best FoM : 0.5301531988958529
06/06/2022 04:01:10.174 - oc_logger - INFO - Function evaluation number: 84, SI: 1, Sub-iteration number: 45, FoM: 0.5301531988958529
06/06/2022 04:01:10.314 - oc_logger - INFO - New record achieved. Previous FoM: 0.5301531988958529, new best FoM : 0.5236838960246518
06/06/2022 04:01:10.314 - oc_logger - INFO - Function evaluation number: 85, SI: 1, Sub-iteration number: 45, FoM: 0.5236838960246518
06/06/2022 04:01:10.453 - oc_logger - INFO - New record achieved. Previous FoM: 0.5236838960246518, new best FoM : 0.5183722299579854
06/06/2022 04:01:10.453 - oc_logger - INFO - Function evaluation number: 86, SI: 1, Sub-iteration number: 46, FoM: 0.5183722299579854
06/06/2022 04:01:10.597 - oc_logger - INFO - New record achieved. Previous FoM: 0.5183722299579854, new best FoM : 0.5123998404570398
06/06/2022 04:01:10.597 - oc_logger - INFO - Function evaluation number: 87, SI: 1, Sub-iteration number: 46, FoM: 0.5123998404570398
06/06/2022 04:01:10.730 - oc_logger - INFO - Function evaluation number: 88, SI: 1, Sub-iteration number: 47, FoM: 0.5124242496044615
06/06/2022 04:01:10.871 - oc_logger - INFO - New record achieved. Previous FoM: 0.5123998404570398, new best FoM : 0.5041298184308322
06/06/2022 04:01:10.871 - oc_logger - INFO - Function evaluation number: 89, SI: 1, Sub-iteration number: 48, FoM: 0.5041298184308322
06/06/2022 04:01:11.007 - oc_logger - INFO - New record achieved. Previous FoM: 0.5041298184308322, new best FoM : 0.5007684283731368
06/06/2022 04:01:11.008 - oc_logger - INFO - Function evaluation number: 90, SI: 1, Sub-iteration number: 48, FoM: 0.5007684283731368
06/06/2022 04:01:11.141 - oc_logger - INFO - Function evaluation number: 91, SI: 1, Sub-iteration number: 49, FoM: 0.5023337343963367
06/06/2022 04:01:11.269 - oc_logger - INFO - New record achieved. Previous FoM: 0.5007684283731368, new best FoM : 0.5005221280130607
06/06/2022 04:01:11.269 - oc_logger - INFO - Function evaluation number: 92, SI: 1, Sub-iteration number: 50, FoM: 0.5005221280130607
06/06/2022 04:01:11.418 - oc_logger - INFO - New record achieved. Previous FoM: 0.5005221280130607, new best FoM : 0.49929445138224626
06/06/2022 04:01:11.418 - oc_logger - INFO - Function evaluation number: 93, SI: 1, Sub-iteration number: 50, FoM: 0.49929445138224626
06/06/2022 04:01:11.561 - oc_logger - INFO - Function evaluation number: 94, SI: 1, Sub-iteration number: 51, FoM: 0.49955064539127536
06/06/2022 04:01:11.699 - oc_logger - INFO - Function evaluation number: 95, SI: 1, Sub-iteration number: 52, FoM: 0.49951709338695305
06/06/2022 04:01:11.830 - oc_logger - INFO - Function evaluation number: 96, SI: 1, Sub-iteration number: 53, FoM: 0.5015970545976688
06/06/2022 04:01:11.975 - oc_logger - INFO - Function evaluation number: 97, SI: 1, Sub-iteration number: 54, FoM: 0.5056983149457526
06/06/2022 04:01:12.101 - oc_logger - INFO - Function evaluation number: 98, SI: 1, Sub-iteration number: 55, FoM: 0.511490225314393
06/06/2022 04:01:12.232 - oc_logger - INFO - Function evaluation number: 99, SI: 1, Sub-iteration number: 56, FoM: 0.5144101454972659
06/06/2022 04:01:12.366 - oc_logger - INFO - Function evaluation number: 100, SI: 1, Sub-iteration number: 56, FoM: 0.5052272020238615
06/06/2022 04:01:12.491 - oc_logger - INFO - Function evaluation number: 101, SI: 1, Sub-iteration number: 57, FoM: 0.5155824343610408
06/06/2022 04:01:12.600 - oc_logger - INFO - Function evaluation number: 102, SI: 1, Sub-iteration number: 57, FoM: 0.5050989963774821
06/06/2022 04:01:12.737 - oc_logger - INFO - Function evaluation number: 103, SI: 1, Sub-iteration number: 58, FoM: 0.518876024284018
06/06/2022 04:01:12.868 - oc_logger - INFO - Function evaluation number: 104, SI: 1, Sub-iteration number: 58, FoM: 0.5042581116594844
06/06/2022 04:01:13.006 - oc_logger - INFO - Function evaluation number: 105, SI: 1, Sub-iteration number: 59, FoM: 0.5149650525542009
06/06/2022 04:01:13.140 - oc_logger - INFO - Function evaluation number: 106, SI: 1, Sub-iteration number: 59, FoM: 0.5013355450942694
06/06/2022 04:01:13.281 - oc_logger - INFO - Function evaluation number: 107, SI: 1, Sub-iteration number: 60, FoM: 0.5054454397505861
06/06/2022 04:01:13.419 - oc_logger - INFO - Function evaluation number: 108, SI: 1, Sub-iteration number: 60, FoM: 0.5019310118111243
06/06/2022 04:01:13.552 - oc_logger - INFO - Function evaluation number: 109, SI: 1, Sub-iteration number: 61, FoM: 0.5055962395279007
06/06/2022 04:01:13.678 - oc_logger - INFO - Function evaluation number: 110, SI: 1, Sub-iteration number: 61, FoM: 0.5018327583277103
06/06/2022 04:01:13.813 - oc_logger - INFO - Function evaluation number: 111, SI: 1, Sub-iteration number: 62, FoM: 0.5088543308207152
06/06/2022 04:01:13.942 - oc_logger - INFO - Function evaluation number: 112, SI: 1, Sub-iteration number: 62, FoM: 0.5010652054992353
06/06/2022 04:01:14.082 - oc_logger - INFO - Function evaluation number: 113, SI: 1, Sub-iteration number: 63, FoM: 0.5022978300031222
06/06/2022 04:01:14.214 - oc_logger - INFO - Function evaluation number: 114, SI: 1, Sub-iteration number: 63, FoM: 0.5005257655568952
06/06/2022 04:01:14.355 - oc_logger - INFO - Function evaluation number: 115, SI: 1, Sub-iteration number: 64, FoM: 0.5049521022488108
06/06/2022 04:01:14.486 - oc_logger - INFO - Function evaluation number: 116, SI: 1, Sub-iteration number: 64, FoM: 0.5000957862440147
06/06/2022 04:01:14.630 - oc_logger - INFO - Function evaluation number: 117, SI: 1, Sub-iteration number: 65, FoM: 0.5050228450281868
06/06/2022 04:01:14.772 - oc_logger - INFO - Function evaluation number: 118, SI: 1, Sub-iteration number: 65, FoM: 0.5000479093639623
06/06/2022 04:01:14.917 - oc_logger - INFO - Function evaluation number: 119, SI: 1, Sub-iteration number: 66, FoM: 0.5000729510916094
06/06/2022 04:01:15.069 - oc_logger - INFO - Function evaluation number: 120, SI: 1, Sub-iteration number: 67, FoM: 0.505091572628882
06/06/2022 04:01:15.199 - oc_logger - INFO - Function evaluation number: 121, SI: 1, Sub-iteration number: 67, FoM: 0.4996906941696516
06/06/2022 04:01:15.344 - oc_logger - INFO - Function evaluation number: 122, SI: 1, Sub-iteration number: 68, FoM: 0.503228602988705
06/06/2022 04:01:15.488 - oc_logger - INFO - Function evaluation number: 123, SI: 1, Sub-iteration number: 68, FoM: 0.49971524585383775
06/06/2022 04:01:15.633 - oc_logger - INFO - Function evaluation number: 124, SI: 1, Sub-iteration number: 69, FoM: 0.5006899353107314
06/06/2022 04:01:15.776 - oc_logger - INFO - Function evaluation number: 125, SI: 1, Sub-iteration number: 69, FoM: 0.49971411589641024
06/06/2022 04:01:15.921 - oc_logger - INFO - Function evaluation number: 126, SI: 1, Sub-iteration number: 70, FoM: 0.5006501107807164
06/06/2022 04:01:16.066 - oc_logger - INFO - Function evaluation number: 127, SI: 1, Sub-iteration number: 70, FoM: 0.4996274979401699
06/06/2022 04:01:16.198 - oc_logger - INFO - Function evaluation number: 128, SI: 1, Sub-iteration number: 71, FoM: 0.5010083516369205
06/06/2022 04:01:16.333 - oc_logger - INFO - Function evaluation number: 129, SI: 1, Sub-iteration number: 71, FoM: 0.4993537965248571
06/06/2022 04:01:16.463 - oc_logger - INFO - Function evaluation number: 130, SI: 1, Sub-iteration number: 72, FoM: 0.5024898729786602
06/06/2022 04:01:16.601 - oc_logger - INFO - New record achieved. Previous FoM: 0.49929445138224626, new best FoM : 0.4992189678692588
06/06/2022 04:01:16.601 - oc_logger - INFO - Function evaluation number: 131, SI: 1, Sub-iteration number: 72, FoM: 0.4992189678692588
06/06/2022 04:01:16.726 - oc_logger - INFO - Function evaluation number: 132, SI: 1, Sub-iteration number: 73, FoM: 0.5012337705757637
06/06/2022 04:01:16.861 - oc_logger - INFO - Function evaluation number: 133, SI: 1, Sub-iteration number: 73, FoM: 0.4993242526367555
06/06/2022 04:01:16.862 - oc_logger - INFO - SI 1 finished - Number of evaluations: 133, Best FoM: 0.4992189678692588, Terminate reason: Convergence of the FoM.

06/06/2022 04:01:16.862 - oc_logger - INFO - Direct search start time has been reset.
06/06/2022 04:01:16.990 - oc_logger - INFO - Function evaluation number: 134, SI: 2, Sub-iteration number: 0, FoM: 0.4992189678692588
06/06/2022 04:01:17.123 - oc_logger - INFO - Function evaluation number: 135, SI: 2, Sub-iteration number: 0, FoM: 0.5001065771361748
06/06/2022 04:01:17.249 - oc_logger - INFO - Function evaluation number: 136, SI: 2, Sub-iteration number: 0, FoM: 0.49995243816495794
06/06/2022 04:01:17.385 - oc_logger - INFO - Function evaluation number: 137, SI: 2, Sub-iteration number: 0, FoM: 0.5003997741199238
06/06/2022 04:01:17.520 - oc_logger - INFO - New record achieved. Previous FoM: 0.4992189678692588, new best FoM : 0.4991739989183185
06/06/2022 04:01:17.520 - oc_logger - INFO - Function evaluation number: 138, SI: 2, Sub-iteration number: 0, FoM: 0.4991739989183185
06/06/2022 04:01:17.660 - oc_logger - INFO - Function evaluation number: 139, SI: 2, Sub-iteration number: 0, FoM: 0.4994653600800938
06/06/2022 04:01:17.792 - oc_logger - INFO - New record achieved. Previous FoM: 0.4991739989183185, new best FoM : 0.4991304671615735
06/06/2022 04:01:17.792 - oc_logger - INFO - Function evaluation number: 140, SI: 2, Sub-iteration number: 0, FoM: 0.4991304671615735
06/06/2022 04:01:17.937 - oc_logger - INFO - New record achieved. Previous FoM: 0.4991304671615735, new best FoM : 0.49888200640751024
06/06/2022 04:01:17.937 - oc_logger - INFO - Function evaluation number: 141, SI: 2, Sub-iteration number: 0, FoM: 0.49888200640751024
06/06/2022 04:01:18.075 - oc_logger - INFO - Function evaluation number: 142, SI: 2, Sub-iteration number: 0, FoM: 0.4993970298499002
06/06/2022 04:01:18.199 - oc_logger - INFO - New record achieved. Previous FoM: 0.49888200640751024, new best FoM : 0.4987949488388941
06/06/2022 04:01:18.200 - oc_logger - INFO - Function evaluation number: 143, SI: 2, Sub-iteration number: 0, FoM: 0.4987949488388941
06/06/2022 04:01:18.339 - oc_logger - INFO - New record achieved. Previous FoM: 0.4987949488388941, new best FoM : 0.49835787609126636
06/06/2022 04:01:18.339 - oc_logger - INFO - Function evaluation number: 144, SI: 2, Sub-iteration number: 1, FoM: 0.49835787609126636
06/06/2022 04:01:18.479 - oc_logger - INFO - New record achieved. Previous FoM: 0.49835787609126636, new best FoM : 0.4981960262830425
06/06/2022 04:01:18.479 - oc_logger - INFO - Function evaluation number: 145, SI: 2, Sub-iteration number: 1, FoM: 0.4981960262830425
06/06/2022 04:01:18.605 - oc_logger - INFO - Function evaluation number: 146, SI: 2, Sub-iteration number: 2, FoM: 0.49838519530042347
06/06/2022 04:01:18.737 - oc_logger - INFO - New record achieved. Previous FoM: 0.4981960262830425, new best FoM : 0.49807075432896286
06/06/2022 04:01:18.737 - oc_logger - INFO - Function evaluation number: 147, SI: 2, Sub-iteration number: 3, FoM: 0.49807075432896286
06/06/2022 04:01:18.858 - oc_logger - INFO - New record achieved. Previous FoM: 0.49807075432896286, new best FoM : 0.49793831217796847
06/06/2022 04:01:18.859 - oc_logger - INFO - Function evaluation number: 148, SI: 2, Sub-iteration number: 3, FoM: 0.49793831217796847
06/06/2022 04:01:18.996 - oc_logger - INFO - Function evaluation number: 149, SI: 2, Sub-iteration number: 4, FoM: 0.4981570622036199
06/06/2022 04:01:19.134 - oc_logger - INFO - Function evaluation number: 150, SI: 2, Sub-iteration number: 5, FoM: 0.4981104918118817
06/06/2022 04:01:19.258 - oc_logger - INFO - Function evaluation number: 151, SI: 2, Sub-iteration number: 6, FoM: 0.4980963234847432
06/06/2022 04:01:19.373 - oc_logger - INFO - Function evaluation number: 152, SI: 2, Sub-iteration number: 7, FoM: 0.49797587365153984
06/06/2022 04:01:19.517 - oc_logger - INFO - Function evaluation number: 153, SI: 2, Sub-iteration number: 8, FoM: 0.49833746000981627
06/06/2022 04:01:19.650 - oc_logger - INFO - Function evaluation number: 154, SI: 2, Sub-iteration number: 9, FoM: 0.4985738970675221
06/06/2022 04:01:19.782 - oc_logger - INFO - New record achieved. Previous FoM: 0.49793831217796847, new best FoM : 0.49729375406103216
06/06/2022 04:01:19.782 - oc_logger - INFO - Function evaluation number: 155, SI: 2, Sub-iteration number: 10, FoM: 0.49729375406103216
06/06/2022 04:01:19.920 - oc_logger - INFO - New record achieved. Previous FoM: 0.49729375406103216, new best FoM : 0.4971159675415413
06/06/2022 04:01:19.920 - oc_logger - INFO - Function evaluation number: 156, SI: 2, Sub-iteration number: 10, FoM: 0.4971159675415413
06/06/2022 04:01:20.065 - oc_logger - INFO - Function evaluation number: 157, SI: 2, Sub-iteration number: 11, FoM: 0.4984607014537521
06/06/2022 04:01:20.207 - oc_logger - INFO - Function evaluation number: 158, SI: 2, Sub-iteration number: 11, FoM: 0.4981914233261501
06/06/2022 04:01:20.343 - oc_logger - INFO - Function evaluation number: 159, SI: 2, Sub-iteration number: 12, FoM: 0.4975695062884571
06/06/2022 04:01:20.490 - oc_logger - INFO - Function evaluation number: 160, SI: 2, Sub-iteration number: 13, FoM: 0.4981828243061027
06/06/2022 04:01:20.619 - oc_logger - INFO - Function evaluation number: 161, SI: 2, Sub-iteration number: 14, FoM: 0.49762172517985637
06/06/2022 04:01:20.731 - oc_logger - INFO - Function evaluation number: 162, SI: 2, Sub-iteration number: 15, FoM: 0.497876212546136
06/06/2022 04:01:20.876 - oc_logger - INFO - Function evaluation number: 163, SI: 2, Sub-iteration number: 16, FoM: 0.49867849827077915
06/06/2022 04:01:21.011 - oc_logger - INFO - Function evaluation number: 164, SI: 2, Sub-iteration number: 16, FoM: 0.49792937101745005
06/06/2022 04:01:21.146 - oc_logger - INFO - Function evaluation number: 165, SI: 2, Sub-iteration number: 17, FoM: 0.49747277910207555
06/06/2022 04:01:21.270 - oc_logger - INFO - Function evaluation number: 166, SI: 2, Sub-iteration number: 18, FoM: 0.4972518650585609
06/06/2022 04:01:21.406 - oc_logger - INFO - New record achieved. Previous FoM: 0.4971159675415413, new best FoM : 0.4970268015146678
06/06/2022 04:01:21.406 - oc_logger - INFO - Function evaluation number: 167, SI: 2, Sub-iteration number: 19, FoM: 0.4970268015146678
06/06/2022 04:01:21.543 - oc_logger - INFO - New record achieved. Previous FoM: 0.4970268015146678, new best FoM : 0.49690241615437647
06/06/2022 04:01:21.543 - oc_logger - INFO - Function evaluation number: 168, SI: 2, Sub-iteration number: 19, FoM: 0.49690241615437647
06/06/2022 04:01:21.676 - oc_logger - INFO - Function evaluation number: 169, SI: 2, Sub-iteration number: 20, FoM: 0.4969322459853004
06/06/2022 04:01:21.793 - oc_logger - INFO - Function evaluation number: 170, SI: 2, Sub-iteration number: 21, FoM: 0.4969377418251373
06/06/2022 04:01:21.935 - oc_logger - INFO - Function evaluation number: 171, SI: 2, Sub-iteration number: 22, FoM: 0.49762162300068036
06/06/2022 04:01:22.063 - oc_logger - INFO - New record achieved. Previous FoM: 0.49690241615437647, new best FoM : 0.49656035633823115
06/06/2022 04:01:22.063 - oc_logger - INFO - Function evaluation number: 172, SI: 2, Sub-iteration number: 23, FoM: 0.49656035633823115
06/06/2022 04:01:22.197 - oc_logger - INFO - New record achieved. Previous FoM: 0.49656035633823115, new best FoM : 0.4964204423284283
06/06/2022 04:01:22.197 - oc_logger - INFO - Function evaluation number: 173, SI: 2, Sub-iteration number: 23, FoM: 0.4964204423284283
06/06/2022 04:01:22.327 - oc_logger - INFO - Function evaluation number: 174, SI: 2, Sub-iteration number: 24, FoM: 0.49652652641759654
06/06/2022 04:01:22.467 - oc_logger - INFO - Function evaluation number: 175, SI: 2, Sub-iteration number: 25, FoM: 0.49740591310344395
06/06/2022 04:01:22.597 - oc_logger - INFO - New record achieved. Previous FoM: 0.4964204423284283, new best FoM : 0.49626485272526966
06/06/2022 04:01:22.597 - oc_logger - INFO - Function evaluation number: 176, SI: 2, Sub-iteration number: 26, FoM: 0.49626485272526966
06/06/2022 04:01:22.736 - oc_logger - INFO - New record achieved. Previous FoM: 0.49626485272526966, new best FoM : 0.4961138983732014
06/06/2022 04:01:22.736 - oc_logger - INFO - Function evaluation number: 177, SI: 2, Sub-iteration number: 26, FoM: 0.4961138983732014
06/06/2022 04:01:22.863 - oc_logger - INFO - Function evaluation number: 178, SI: 2, Sub-iteration number: 27, FoM: 0.4961527454325725
06/06/2022 04:01:23.003 - oc_logger - INFO - Function evaluation number: 179, SI: 2, Sub-iteration number: 28, FoM: 0.49681129517847267
06/06/2022 04:01:23.135 - oc_logger - INFO - New record achieved. Previous FoM: 0.4961138983732014, new best FoM : 0.49589866231558055
06/06/2022 04:01:23.135 - oc_logger - INFO - Function evaluation number: 180, SI: 2, Sub-iteration number: 29, FoM: 0.49589866231558055
06/06/2022 04:01:23.276 - oc_logger - INFO - New record achieved. Previous FoM: 0.49589866231558055, new best FoM : 0.4957409296119427
06/06/2022 04:01:23.276 - oc_logger - INFO - Function evaluation number: 181, SI: 2, Sub-iteration number: 29, FoM: 0.4957409296119427
06/06/2022 04:01:23.406 - oc_logger - INFO - Function evaluation number: 182, SI: 2, Sub-iteration number: 30, FoM: 0.49575573223324987
06/06/2022 04:01:23.543 - oc_logger - INFO - Function evaluation number: 183, SI: 2, Sub-iteration number: 31, FoM: 0.4957624401591807
06/06/2022 04:01:23.677 - oc_logger - INFO - New record achieved. Previous FoM: 0.4957409296119427, new best FoM : 0.49548195028973263
06/06/2022 04:01:23.677 - oc_logger - INFO - Function evaluation number: 184, SI: 2, Sub-iteration number: 32, FoM: 0.49548195028973263
06/06/2022 04:01:23.810 - oc_logger - INFO - New record achieved. Previous FoM: 0.49548195028973263, new best FoM : 0.4953335926757908
06/06/2022 04:01:23.810 - oc_logger - INFO - Function evaluation number: 185, SI: 2, Sub-iteration number: 32, FoM: 0.4953335926757908
06/06/2022 04:01:23.945 - oc_logger - INFO - New record achieved. Previous FoM: 0.4953335926757908, new best FoM : 0.49506391922390347
06/06/2022 04:01:23.945 - oc_logger - INFO - Function evaluation number: 186, SI: 2, Sub-iteration number: 33, FoM: 0.49506391922390347
06/06/2022 04:01:24.084 - oc_logger - INFO - New record achieved. Previous FoM: 0.49506391922390347, new best FoM : 0.4948509058690277
06/06/2022 04:01:24.084 - oc_logger - INFO - Function evaluation number: 187, SI: 2, Sub-iteration number: 33, FoM: 0.4948509058690277
06/06/2022 04:01:24.221 - oc_logger - INFO - Function evaluation number: 188, SI: 2, Sub-iteration number: 34, FoM: 0.4955496521843391
06/06/2022 04:01:24.351 - oc_logger - INFO - Function evaluation number: 189, SI: 2, Sub-iteration number: 35, FoM: 0.49497194140775536
06/06/2022 04:01:24.477 - oc_logger - INFO - New record achieved. Previous FoM: 0.4948509058690277, new best FoM : 0.49455620305542414
06/06/2022 04:01:24.477 - oc_logger - INFO - Function evaluation number: 190, SI: 2, Sub-iteration number: 36, FoM: 0.49455620305542414
06/06/2022 04:01:24.621 - oc_logger - INFO - New record achieved. Previous FoM: 0.49455620305542414, new best FoM : 0.49433687583947006
06/06/2022 04:01:24.621 - oc_logger - INFO - Function evaluation number: 191, SI: 2, Sub-iteration number: 36, FoM: 0.49433687583947006
06/06/2022 04:01:24.756 - oc_logger - INFO - Function evaluation number: 192, SI: 2, Sub-iteration number: 37, FoM: 0.49453618481916806
06/06/2022 04:01:24.879 - oc_logger - INFO - New record achieved. Previous FoM: 0.49433687583947006, new best FoM : 0.4941162093887207
06/06/2022 04:01:24.879 - oc_logger - INFO - Function evaluation number: 193, SI: 2, Sub-iteration number: 38, FoM: 0.4941162093887207
06/06/2022 04:01:25.011 - oc_logger - INFO - New record achieved. Previous FoM: 0.4941162093887207, new best FoM : 0.4938831783439235
06/06/2022 04:01:25.011 - oc_logger - INFO - Function evaluation number: 194, SI: 2, Sub-iteration number: 38, FoM: 0.4938831783439235
06/06/2022 04:01:25.152 - oc_logger - INFO - Function evaluation number: 195, SI: 2, Sub-iteration number: 39, FoM: 0.4941180230071781
06/06/2022 04:01:25.287 - oc_logger - INFO - New record achieved. Previous FoM: 0.4938831783439235, new best FoM : 0.49377668558292365
06/06/2022 04:01:25.288 - oc_logger - INFO - Function evaluation number: 196, SI: 2, Sub-iteration number: 40, FoM: 0.49377668558292365
06/06/2022 04:01:25.423 - oc_logger - INFO - New record achieved. Previous FoM: 0.49377668558292365, new best FoM : 0.4935646400340128
06/06/2022 04:01:25.424 - oc_logger - INFO - Function evaluation number: 197, SI: 2, Sub-iteration number: 40, FoM: 0.4935646400340128
06/06/2022 04:01:25.557 - oc_logger - INFO - New record achieved. Previous FoM: 0.4935646400340128, new best FoM : 0.4931980081444354
06/06/2022 04:01:25.558 - oc_logger - INFO - Function evaluation number: 198, SI: 2, Sub-iteration number: 41, FoM: 0.4931980081444354
06/06/2022 04:01:25.697 - oc_logger - INFO - New record achieved. Previous FoM: 0.4931980081444354, new best FoM : 0.49289929127418763
06/06/2022 04:01:25.697 - oc_logger - INFO - Function evaluation number: 199, SI: 2, Sub-iteration number: 41, FoM: 0.49289929127418763
06/06/2022 04:01:25.842 - oc_logger - INFO - Function evaluation number: 200, SI: 2, Sub-iteration number: 42, FoM: 0.49354980067189336
06/06/2022 04:01:25.987 - oc_logger - INFO - New record achieved. Previous FoM: 0.49289929127418763, new best FoM : 0.4927926615250867
06/06/2022 04:01:25.987 - oc_logger - INFO - Function evaluation number: 201, SI: 2, Sub-iteration number: 43, FoM: 0.4927926615250867
06/06/2022 04:01:26.132 - oc_logger - INFO - New record achieved. Previous FoM: 0.4927926615250867, new best FoM : 0.4925329376580342
06/06/2022 04:01:26.132 - oc_logger - INFO - Function evaluation number: 202, SI: 2, Sub-iteration number: 43, FoM: 0.4925329376580342
06/06/2022 04:01:26.268 - oc_logger - INFO - Function evaluation number: 203, SI: 2, Sub-iteration number: 44, FoM: 0.4927688489914026
06/06/2022 04:01:26.387 - oc_logger - INFO - New record achieved. Previous FoM: 0.4925329376580342, new best FoM : 0.49212566783014156
06/06/2022 04:01:26.387 - oc_logger - INFO - Function evaluation number: 204, SI: 2, Sub-iteration number: 45, FoM: 0.49212566783014156
06/06/2022 04:01:26.514 - oc_logger - INFO - New record achieved. Previous FoM: 0.49212566783014156, new best FoM : 0.4918138115227948
06/06/2022 04:01:26.514 - oc_logger - INFO - Function evaluation number: 205, SI: 2, Sub-iteration number: 45, FoM: 0.4918138115227948
06/06/2022 04:01:26.647 - oc_logger - INFO - Function evaluation number: 206, SI: 2, Sub-iteration number: 46, FoM: 0.49183197524403366
