06/08/2022 09:41:23.410 - oc_logger - INFO - The optimization direction is minimization
06/08/2022 09:41:23.410 - oc_logger - INFO - QuOCS version number: 0.0.22
06/08/2022 09:41:23.414 - oc_logger - INFO - Function evaluation number: 1, FoM: 0.5936875247790295
06/08/2022 09:41:23.420 - oc_logger - INFO - Function evaluation number: 2, FoM: 0.5464081686727187
06/08/2022 09:41:23.426 - oc_logger - INFO - Function evaluation number: 3, FoM: 0.5871506059598776
06/08/2022 09:41:23.430 - oc_logger - INFO - Function evaluation number: 4, FoM: 0.5381220822661772
06/08/2022 09:41:23.433 - oc_logger - INFO - Function evaluation number: 5, FoM: 0.505326384631569
06/08/2022 09:41:23.437 - oc_logger - INFO - Function evaluation number: 6, FoM: 0.4526292249973809
06/08/2022 09:41:23.443 - oc_logger - INFO - Function evaluation number: 7, FoM: 0.3694659538758692
06/08/2022 09:41:23.447 - oc_logger - INFO - Function evaluation number: 8, FoM: 0.31604607588370437
06/08/2022 09:41:23.451 - oc_logger - INFO - Function evaluation number: 9, FoM: 0.18780742985851218
06/08/2022 09:41:23.453 - oc_logger - INFO - Function evaluation number: 10, FoM: 0.0551052891906153
06/08/2022 09:41:23.458 - oc_logger - INFO - Function evaluation number: 11, FoM: 0.06899672417060909
06/08/2022 09:41:23.462 - oc_logger - INFO - Function evaluation number: 12, FoM: 0.05242505614395987
06/08/2022 09:41:23.465 - oc_logger - INFO - Function evaluation number: 13, FoM: 0.055165357167989315
06/08/2022 09:41:23.469 - oc_logger - INFO - Function evaluation number: 14, FoM: 0.07656366567537476
06/08/2022 09:41:23.473 - oc_logger - INFO - Function evaluation number: 15, FoM: 0.061871249766487724
06/08/2022 09:41:23.478 - oc_logger - INFO - Function evaluation number: 16, FoM: 0.07842611911784347
06/08/2022 09:41:23.482 - oc_logger - INFO - Function evaluation number: 17, FoM: 0.03958576186534013
06/08/2022 09:41:23.486 - oc_logger - INFO - Function evaluation number: 18, FoM: 0.07664039993850769
06/08/2022 09:41:23.489 - oc_logger - INFO - Function evaluation number: 19, FoM: 0.0033960367635992306
06/08/2022 09:41:23.493 - oc_logger - INFO - Function evaluation number: 20, FoM: 0.016829760339105326
06/08/2022 09:41:23.498 - oc_logger - INFO - Function evaluation number: 21, FoM: 0.06750952620090667
06/08/2022 09:41:23.501 - oc_logger - INFO - Function evaluation number: 22, FoM: 0.018627831458441824
06/08/2022 09:41:23.505 - oc_logger - INFO - Function evaluation number: 23, FoM: 0.03530291684123066
06/08/2022 09:41:23.509 - oc_logger - INFO - Function evaluation number: 24, FoM: 0.006581146702993035
06/08/2022 09:41:23.513 - oc_logger - INFO - Function evaluation number: 25, FoM: 0.024248102073167965
06/08/2022 09:41:23.517 - oc_logger - INFO - Function evaluation number: 26, FoM: 0.005606786580363621
06/08/2022 09:41:23.521 - oc_logger - INFO - Function evaluation number: 27, FoM: 0.009021321407789551
06/08/2022 09:41:23.524 - oc_logger - INFO - Function evaluation number: 28, FoM: 0.002809350134621802
06/08/2022 09:41:23.529 - oc_logger - INFO - Function evaluation number: 29, FoM: 0.011386373484207013
06/08/2022 09:41:23.532 - oc_logger - INFO - Function evaluation number: 30, FoM: 0.001199323817741682
06/08/2022 09:41:23.537 - oc_logger - INFO - Function evaluation number: 31, FoM: 0.0018023409143888003
06/08/2022 09:41:23.540 - oc_logger - INFO - Function evaluation number: 32, FoM: 0.005914978067120269
06/08/2022 09:41:23.545 - oc_logger - INFO - Function evaluation number: 33, FoM: 0.0006677013963096723
06/08/2022 09:41:23.549 - oc_logger - INFO - Function evaluation number: 34, FoM: 0.0012616763070441017
06/08/2022 09:41:23.553 - oc_logger - INFO - Function evaluation number: 35, FoM: 0.0005009442533203678
06/08/2022 09:41:23.556 - oc_logger - INFO - Function evaluation number: 36, FoM: 0.002350191269075097
06/08/2022 09:41:23.561 - oc_logger - INFO - Function evaluation number: 37, FoM: 0.000305209968092246
06/08/2022 09:41:23.564 - oc_logger - INFO - Function evaluation number: 38, FoM: 0.000473320407370581
06/08/2022 09:41:23.567 - oc_logger - INFO - Function evaluation number: 39, FoM: 0.0012837518836590345
06/08/2022 09:41:23.572 - oc_logger - INFO - Function evaluation number: 40, FoM: 5.645074320681509e-05
06/08/2022 09:41:23.576 - oc_logger - INFO - Function evaluation number: 41, FoM: 0.00022368314862020178
06/08/2022 09:41:23.580 - oc_logger - INFO - Function evaluation number: 42, FoM: 0.0005844236796455071
06/08/2022 09:41:23.584 - oc_logger - INFO - Function evaluation number: 43, FoM: 8.238095820134461e-05
06/08/2022 09:41:23.587 - oc_logger - INFO - Function evaluation number: 44, FoM: 0.0002502541506017586
06/08/2022 09:41:23.590 - oc_logger - INFO - Function evaluation number: 45, FoM: 0.00010546207110229133
06/08/2022 09:41:23.595 - oc_logger - INFO - Function evaluation number: 46, FoM: 0.00013150661760763516
06/08/2022 09:41:23.599 - oc_logger - INFO - Function evaluation number: 47, FoM: 4.628570831499701e-05
06/08/2022 09:41:23.602 - oc_logger - INFO - Function evaluation number: 48, FoM: 0.00018500600014936808
06/08/2022 09:41:23.605 - oc_logger - INFO - Function evaluation number: 49, FoM: 1.5481572456899073e-05
06/08/2022 09:41:23.611 - oc_logger - INFO - Function evaluation number: 50, FoM: 2.5742225922442685e-05
06/08/2022 09:41:23.614 - oc_logger - INFO - Function evaluation number: 51, FoM: 8.751560889341814e-05
06/08/2022 09:41:23.618 - oc_logger - INFO - Function evaluation number: 52, FoM: 1.284854196348384e-05
06/08/2022 09:41:23.622 - oc_logger - INFO - Function evaluation number: 53, FoM: 2.3032390400468117e-05
06/08/2022 09:41:23.627 - oc_logger - INFO - Function evaluation number: 54, FoM: 1.0869312014438748e-05
06/08/2022 09:41:23.630 - oc_logger - INFO - Function evaluation number: 55, FoM: 3.9204797453118445e-05
06/08/2022 09:41:23.633 - oc_logger - INFO - Function evaluation number: 56, FoM: 1.8082473827174539e-06
06/08/2022 09:41:23.634 - oc_logger - INFO - Figure of merit : 1.8082473827174539e-06
06/08/2022 09:41:23.634 - oc_logger - INFO - parameters : [5.73143832e+00 5.80492327e-04]
06/08/2022 09:41:23.634 - oc_logger - INFO - terminate_reason : Convergence of the simplex.
