06/06/2022 04:01:37.996 - oc_logger - INFO - The optimization direction is minimization
06/06/2022 04:01:37.998 - oc_logger - INFO - QuOCS version number: 0.0.22
06/06/2022 04:01:37.998 - oc_logger - INFO - Direct search start time has been reset.
06/06/2022 04:01:38.128 - oc_logger - INFO - New record achieved. Previous FoM: 10000000000.0, new best FoM : 0.8370307232271371
06/06/2022 04:01:38.128 - oc_logger - INFO - Function evaluation number: 1, SI: 1, Sub-iteration number: 0, FoM: 0.8370307232271371
06/06/2022 04:01:38.273 - oc_logger - INFO - New record achieved. Previous FoM: 0.8370307232271371, new best FoM : 0.8307242935940893
06/06/2022 04:01:38.274 - oc_logger - INFO - Function evaluation number: 2, SI: 1, Sub-iteration number: 0, FoM: 0.8307242935940893
06/06/2022 04:01:38.397 - oc_logger - INFO - Function evaluation number: 3, SI: 1, Sub-iteration number: 0, FoM: 0.8365544929124318
06/06/2022 04:01:38.524 - oc_logger - INFO - Function evaluation number: 4, SI: 1, Sub-iteration number: 0, FoM: 0.8348219294402437
06/06/2022 04:01:38.663 - oc_logger - INFO - Function evaluation number: 5, SI: 1, Sub-iteration number: 0, FoM: 0.8380114886278881
06/06/2022 04:01:38.841 - oc_logger - INFO - Function evaluation number: 6, SI: 1, Sub-iteration number: 0, FoM: 0.8375624342878172
06/06/2022 04:01:38.988 - oc_logger - INFO - Function evaluation number: 7, SI: 1, Sub-iteration number: 0, FoM: 0.8369850737030737
06/06/2022 04:01:39.134 - oc_logger - INFO - Function evaluation number: 8, SI: 1, Sub-iteration number: 0, FoM: 0.836828248148358
06/06/2022 04:01:39.278 - oc_logger - INFO - Function evaluation number: 9, SI: 1, Sub-iteration number: 0, FoM: 0.8357571884478597
06/06/2022 04:01:39.421 - oc_logger - INFO - Function evaluation number: 10, SI: 1, Sub-iteration number: 0, FoM: 0.8399620377796371
06/06/2022 04:01:39.556 - oc_logger - INFO - Function evaluation number: 11, SI: 1, Sub-iteration number: 1, FoM: 0.8315171590751147
06/06/2022 04:01:39.681 - oc_logger - INFO - Function evaluation number: 12, SI: 1, Sub-iteration number: 2, FoM: 0.8325030255808533
06/06/2022 04:01:39.824 - oc_logger - INFO - Function evaluation number: 13, SI: 1, Sub-iteration number: 3, FoM: 0.8318171198547378
06/06/2022 04:01:39.961 - oc_logger - INFO - Function evaluation number: 14, SI: 1, Sub-iteration number: 4, FoM: 0.8311843849184349
06/06/2022 04:01:40.094 - oc_logger - INFO - New record achieved. Previous FoM: 0.8307242935940893, new best FoM : 0.8298111250895346
06/06/2022 04:01:40.094 - oc_logger - INFO - Function evaluation number: 15, SI: 1, Sub-iteration number: 5, FoM: 0.8298111250895346
06/06/2022 04:01:40.219 - oc_logger - INFO - New record achieved. Previous FoM: 0.8298111250895346, new best FoM : 0.8289100539680363
06/06/2022 04:01:40.219 - oc_logger - INFO - Function evaluation number: 16, SI: 1, Sub-iteration number: 5, FoM: 0.8289100539680363
06/06/2022 04:01:40.358 - oc_logger - INFO - New record achieved. Previous FoM: 0.8289100539680363, new best FoM : 0.8280234989979687
06/06/2022 04:01:40.358 - oc_logger - INFO - Function evaluation number: 17, SI: 1, Sub-iteration number: 6, FoM: 0.8280234989979687
06/06/2022 04:01:40.496 - oc_logger - INFO - New record achieved. Previous FoM: 0.8280234989979687, new best FoM : 0.8268961982361809
06/06/2022 04:01:40.496 - oc_logger - INFO - Function evaluation number: 18, SI: 1, Sub-iteration number: 6, FoM: 0.8268961982361809
06/06/2022 04:01:40.630 - oc_logger - INFO - New record achieved. Previous FoM: 0.8268961982361809, new best FoM : 0.8259180645741903
06/06/2022 04:01:40.630 - oc_logger - INFO - Function evaluation number: 19, SI: 1, Sub-iteration number: 7, FoM: 0.8259180645741903
06/06/2022 04:01:40.763 - oc_logger - INFO - New record achieved. Previous FoM: 0.8259180645741903, new best FoM : 0.8245302546330306
06/06/2022 04:01:40.764 - oc_logger - INFO - Function evaluation number: 20, SI: 1, Sub-iteration number: 7, FoM: 0.8245302546330306
06/06/2022 04:01:40.906 - oc_logger - INFO - New record achieved. Previous FoM: 0.8245302546330306, new best FoM : 0.8241653371190559
06/06/2022 04:01:40.906 - oc_logger - INFO - Function evaluation number: 21, SI: 1, Sub-iteration number: 8, FoM: 0.8241653371190559
06/06/2022 04:01:41.045 - oc_logger - INFO - New record achieved. Previous FoM: 0.8241653371190559, new best FoM : 0.8226511574004342
06/06/2022 04:01:41.045 - oc_logger - INFO - Function evaluation number: 22, SI: 1, Sub-iteration number: 8, FoM: 0.8226511574004342
06/06/2022 04:01:41.181 - oc_logger - INFO - New record achieved. Previous FoM: 0.8226511574004342, new best FoM : 0.8224172127579037
06/06/2022 04:01:41.181 - oc_logger - INFO - Function evaluation number: 23, SI: 1, Sub-iteration number: 9, FoM: 0.8224172127579037
06/06/2022 04:01:41.331 - oc_logger - INFO - New record achieved. Previous FoM: 0.8224172127579037, new best FoM : 0.8208087960720136
06/06/2022 04:01:41.332 - oc_logger - INFO - Function evaluation number: 24, SI: 1, Sub-iteration number: 9, FoM: 0.8208087960720136
06/06/2022 04:01:41.468 - oc_logger - INFO - Function evaluation number: 25, SI: 1, Sub-iteration number: 10, FoM: 0.8225830193128059
06/06/2022 04:01:41.596 - oc_logger - INFO - Function evaluation number: 26, SI: 1, Sub-iteration number: 11, FoM: 0.8211617603347148
06/06/2022 04:01:41.738 - oc_logger - INFO - New record achieved. Previous FoM: 0.8208087960720136, new best FoM : 0.8190021415523482
06/06/2022 04:01:41.738 - oc_logger - INFO - Function evaluation number: 27, SI: 1, Sub-iteration number: 12, FoM: 0.8190021415523482
06/06/2022 04:01:41.871 - oc_logger - INFO - New record achieved. Previous FoM: 0.8190021415523482, new best FoM : 0.8174233842951149
06/06/2022 04:01:41.871 - oc_logger - INFO - Function evaluation number: 28, SI: 1, Sub-iteration number: 12, FoM: 0.8174233842951149
06/06/2022 04:01:42.015 - oc_logger - INFO - New record achieved. Previous FoM: 0.8174233842951149, new best FoM : 0.8158974209491694
06/06/2022 04:01:42.016 - oc_logger - INFO - Function evaluation number: 29, SI: 1, Sub-iteration number: 13, FoM: 0.8158974209491694
06/06/2022 04:01:42.147 - oc_logger - INFO - New record achieved. Previous FoM: 0.8158974209491694, new best FoM : 0.8139214923958643
06/06/2022 04:01:42.147 - oc_logger - INFO - Function evaluation number: 30, SI: 1, Sub-iteration number: 13, FoM: 0.8139214923958643
06/06/2022 04:01:42.286 - oc_logger - INFO - New record achieved. Previous FoM: 0.8139214923958643, new best FoM : 0.8122427777112888
06/06/2022 04:01:42.286 - oc_logger - INFO - Function evaluation number: 31, SI: 1, Sub-iteration number: 14, FoM: 0.8122427777112888
06/06/2022 04:01:42.417 - oc_logger - INFO - New record achieved. Previous FoM: 0.8122427777112888, new best FoM : 0.8098197458502042
06/06/2022 04:01:42.417 - oc_logger - INFO - Function evaluation number: 32, SI: 1, Sub-iteration number: 14, FoM: 0.8098197458502042
06/06/2022 04:01:42.550 - oc_logger - INFO - Function evaluation number: 33, SI: 1, Sub-iteration number: 15, FoM: 0.8099425677450814
06/06/2022 04:01:42.680 - oc_logger - INFO - New record achieved. Previous FoM: 0.8098197458502042, new best FoM : 0.8083798772898813
06/06/2022 04:01:42.680 - oc_logger - INFO - Function evaluation number: 34, SI: 1, Sub-iteration number: 16, FoM: 0.8083798772898813
06/06/2022 04:01:42.824 - oc_logger - INFO - New record achieved. Previous FoM: 0.8083798772898813, new best FoM : 0.8060109141299705
06/06/2022 04:01:42.825 - oc_logger - INFO - Function evaluation number: 35, SI: 1, Sub-iteration number: 16, FoM: 0.8060109141299705
06/06/2022 04:01:43.002 - oc_logger - INFO - Function evaluation number: 36, SI: 1, Sub-iteration number: 17, FoM: 0.8069042219006829
06/06/2022 04:01:43.138 - oc_logger - INFO - New record achieved. Previous FoM: 0.8060109141299705, new best FoM : 0.805398562672902
06/06/2022 04:01:43.138 - oc_logger - INFO - Function evaluation number: 37, SI: 1, Sub-iteration number: 18, FoM: 0.805398562672902
06/06/2022 04:01:43.278 - oc_logger - INFO - New record achieved. Previous FoM: 0.805398562672902, new best FoM : 0.8032430554967355
06/06/2022 04:01:43.279 - oc_logger - INFO - Function evaluation number: 38, SI: 1, Sub-iteration number: 18, FoM: 0.8032430554967355
06/06/2022 04:01:43.415 - oc_logger - INFO - New record achieved. Previous FoM: 0.8032430554967355, new best FoM : 0.8006534894108134
06/06/2022 04:01:43.415 - oc_logger - INFO - Function evaluation number: 39, SI: 1, Sub-iteration number: 19, FoM: 0.8006534894108134
06/06/2022 04:01:43.552 - oc_logger - INFO - New record achieved. Previous FoM: 0.8006534894108134, new best FoM : 0.7978604211910845
06/06/2022 04:01:43.552 - oc_logger - INFO - Function evaluation number: 40, SI: 1, Sub-iteration number: 19, FoM: 0.7978604211910845
06/06/2022 04:01:43.686 - oc_logger - INFO - New record achieved. Previous FoM: 0.7978604211910845, new best FoM : 0.796730802069975
06/06/2022 04:01:43.686 - oc_logger - INFO - Function evaluation number: 41, SI: 1, Sub-iteration number: 20, FoM: 0.796730802069975
06/06/2022 04:01:43.808 - oc_logger - INFO - New record achieved. Previous FoM: 0.796730802069975, new best FoM : 0.7936133989734525
06/06/2022 04:01:43.808 - oc_logger - INFO - Function evaluation number: 42, SI: 1, Sub-iteration number: 20, FoM: 0.7936133989734525
06/06/2022 04:01:43.946 - oc_logger - INFO - New record achieved. Previous FoM: 0.7936133989734525, new best FoM : 0.7903516988763309
06/06/2022 04:01:43.946 - oc_logger - INFO - Function evaluation number: 43, SI: 1, Sub-iteration number: 21, FoM: 0.7903516988763309
06/06/2022 04:01:44.080 - oc_logger - INFO - New record achieved. Previous FoM: 0.7903516988763309, new best FoM : 0.7864089415027554
06/06/2022 04:01:44.080 - oc_logger - INFO - Function evaluation number: 44, SI: 1, Sub-iteration number: 21, FoM: 0.7864089415027554
06/06/2022 04:01:44.212 - oc_logger - INFO - Function evaluation number: 45, SI: 1, Sub-iteration number: 22, FoM: 0.7872366219806133
06/06/2022 04:01:44.333 - oc_logger - INFO - New record achieved. Previous FoM: 0.7864089415027554, new best FoM : 0.7851052549215883
06/06/2022 04:01:44.333 - oc_logger - INFO - Function evaluation number: 46, SI: 1, Sub-iteration number: 23, FoM: 0.7851052549215883
06/06/2022 04:01:44.469 - oc_logger - INFO - New record achieved. Previous FoM: 0.7851052549215883, new best FoM : 0.7814781307952134
06/06/2022 04:01:44.469 - oc_logger - INFO - Function evaluation number: 47, SI: 1, Sub-iteration number: 23, FoM: 0.7814781307952134
06/06/2022 04:01:44.598 - oc_logger - INFO - Function evaluation number: 48, SI: 1, Sub-iteration number: 24, FoM: 0.783240727046826
06/06/2022 04:01:44.733 - oc_logger - INFO - New record achieved. Previous FoM: 0.7814781307952134, new best FoM : 0.7768001889613066
06/06/2022 04:01:44.734 - oc_logger - INFO - Function evaluation number: 49, SI: 1, Sub-iteration number: 25, FoM: 0.7768001889613066
06/06/2022 04:01:44.859 - oc_logger - INFO - New record achieved. Previous FoM: 0.7768001889613066, new best FoM : 0.7726649335174193
06/06/2022 04:01:44.859 - oc_logger - INFO - Function evaluation number: 50, SI: 1, Sub-iteration number: 25, FoM: 0.7726649335174193
06/06/2022 04:01:44.990 - oc_logger - INFO - New record achieved. Previous FoM: 0.7726649335174193, new best FoM : 0.7721177078634767
06/06/2022 04:01:44.990 - oc_logger - INFO - Function evaluation number: 51, SI: 1, Sub-iteration number: 26, FoM: 0.7721177078634767
06/06/2022 04:01:45.124 - oc_logger - INFO - New record achieved. Previous FoM: 0.7721177078634767, new best FoM : 0.7677760094664555
06/06/2022 04:01:45.124 - oc_logger - INFO - Function evaluation number: 52, SI: 1, Sub-iteration number: 26, FoM: 0.7677760094664555
06/06/2022 04:01:45.264 - oc_logger - INFO - New record achieved. Previous FoM: 0.7677760094664555, new best FoM : 0.7637979312239276
06/06/2022 04:01:45.264 - oc_logger - INFO - Function evaluation number: 53, SI: 1, Sub-iteration number: 27, FoM: 0.7637979312239276
06/06/2022 04:01:45.397 - oc_logger - INFO - New record achieved. Previous FoM: 0.7637979312239276, new best FoM : 0.7584804569004513
06/06/2022 04:01:45.397 - oc_logger - INFO - Function evaluation number: 54, SI: 1, Sub-iteration number: 27, FoM: 0.7584804569004513
06/06/2022 04:01:45.536 - oc_logger - INFO - New record achieved. Previous FoM: 0.7584804569004513, new best FoM : 0.7563348394425897
06/06/2022 04:01:45.536 - oc_logger - INFO - Function evaluation number: 55, SI: 1, Sub-iteration number: 28, FoM: 0.7563348394425897
06/06/2022 04:01:45.670 - oc_logger - INFO - New record achieved. Previous FoM: 0.7563348394425897, new best FoM : 0.7504347365536111
06/06/2022 04:01:45.670 - oc_logger - INFO - Function evaluation number: 56, SI: 1, Sub-iteration number: 28, FoM: 0.7504347365536111
06/06/2022 04:01:45.812 - oc_logger - INFO - Function evaluation number: 57, SI: 1, Sub-iteration number: 29, FoM: 0.7517180778851998
06/06/2022 04:01:45.951 - oc_logger - INFO - New record achieved. Previous FoM: 0.7504347365536111, new best FoM : 0.7468081017115217
06/06/2022 04:01:45.951 - oc_logger - INFO - Function evaluation number: 58, SI: 1, Sub-iteration number: 30, FoM: 0.7468081017115217
06/06/2022 04:01:46.093 - oc_logger - INFO - New record achieved. Previous FoM: 0.7468081017115217, new best FoM : 0.7410603236923472
06/06/2022 04:01:46.094 - oc_logger - INFO - Function evaluation number: 59, SI: 1, Sub-iteration number: 30, FoM: 0.7410603236923472
06/06/2022 04:01:46.233 - oc_logger - INFO - Function evaluation number: 60, SI: 1, Sub-iteration number: 31, FoM: 0.7435986513479826
06/06/2022 04:01:46.364 - oc_logger - INFO - New record achieved. Previous FoM: 0.7410603236923472, new best FoM : 0.7343314913987697
06/06/2022 04:01:46.364 - oc_logger - INFO - Function evaluation number: 61, SI: 1, Sub-iteration number: 32, FoM: 0.7343314913987697
06/06/2022 04:01:46.501 - oc_logger - INFO - New record achieved. Previous FoM: 0.7343314913987697, new best FoM : 0.728035272486714
06/06/2022 04:01:46.501 - oc_logger - INFO - Function evaluation number: 62, SI: 1, Sub-iteration number: 32, FoM: 0.728035272486714
06/06/2022 04:01:46.645 - oc_logger - INFO - New record achieved. Previous FoM: 0.728035272486714, new best FoM : 0.724825679114099
06/06/2022 04:01:46.646 - oc_logger - INFO - Function evaluation number: 63, SI: 1, Sub-iteration number: 33, FoM: 0.724825679114099
06/06/2022 04:01:46.776 - oc_logger - INFO - New record achieved. Previous FoM: 0.724825679114099, new best FoM : 0.7177588606623402
06/06/2022 04:01:46.776 - oc_logger - INFO - Function evaluation number: 64, SI: 1, Sub-iteration number: 33, FoM: 0.7177588606623402
06/06/2022 04:01:46.919 - oc_logger - INFO - New record achieved. Previous FoM: 0.7177588606623402, new best FoM : 0.7116465641391503
06/06/2022 04:01:46.919 - oc_logger - INFO - Function evaluation number: 65, SI: 1, Sub-iteration number: 34, FoM: 0.7116465641391503
06/06/2022 04:01:47.050 - oc_logger - INFO - New record achieved. Previous FoM: 0.7116465641391503, new best FoM : 0.7032076581068145
06/06/2022 04:01:47.050 - oc_logger - INFO - Function evaluation number: 66, SI: 1, Sub-iteration number: 34, FoM: 0.7032076581068145
06/06/2022 04:01:47.195 - oc_logger - INFO - Function evaluation number: 67, SI: 1, Sub-iteration number: 35, FoM: 0.7058698171011512
06/06/2022 04:01:47.331 - oc_logger - INFO - New record achieved. Previous FoM: 0.7032076581068145, new best FoM : 0.6969928941805834
06/06/2022 04:01:47.331 - oc_logger - INFO - Function evaluation number: 68, SI: 1, Sub-iteration number: 36, FoM: 0.6969928941805834
06/06/2022 04:01:47.470 - oc_logger - INFO - New record achieved. Previous FoM: 0.6969928941805834, new best FoM : 0.6886522449639527
06/06/2022 04:01:47.470 - oc_logger - INFO - Function evaluation number: 69, SI: 1, Sub-iteration number: 36, FoM: 0.6886522449639527
06/06/2022 04:01:47.603 - oc_logger - INFO - Function evaluation number: 70, SI: 1, Sub-iteration number: 37, FoM: 0.6915435861091555
06/06/2022 04:01:47.746 - oc_logger - INFO - New record achieved. Previous FoM: 0.6886522449639527, new best FoM : 0.6851432365614832
06/06/2022 04:01:47.746 - oc_logger - INFO - Function evaluation number: 71, SI: 1, Sub-iteration number: 38, FoM: 0.6851432365614832
06/06/2022 04:01:47.883 - oc_logger - INFO - New record achieved. Previous FoM: 0.6851432365614832, new best FoM : 0.677482429204251
06/06/2022 04:01:47.883 - oc_logger - INFO - Function evaluation number: 72, SI: 1, Sub-iteration number: 38, FoM: 0.677482429204251
06/06/2022 04:01:48.024 - oc_logger - INFO - New record achieved. Previous FoM: 0.677482429204251, new best FoM : 0.6698879186789297
06/06/2022 04:01:48.024 - oc_logger - INFO - Function evaluation number: 73, SI: 1, Sub-iteration number: 39, FoM: 0.6698879186789297
06/06/2022 04:01:48.160 - oc_logger - INFO - New record achieved. Previous FoM: 0.6698879186789297, new best FoM : 0.660723201846686
06/06/2022 04:01:48.160 - oc_logger - INFO - Function evaluation number: 74, SI: 1, Sub-iteration number: 39, FoM: 0.660723201846686
06/06/2022 04:01:48.305 - oc_logger - INFO - New record achieved. Previous FoM: 0.660723201846686, new best FoM : 0.6587945533135553
06/06/2022 04:01:48.305 - oc_logger - INFO - Function evaluation number: 75, SI: 1, Sub-iteration number: 40, FoM: 0.6587945533135553
06/06/2022 04:01:48.441 - oc_logger - INFO - New record achieved. Previous FoM: 0.6587945533135553, new best FoM : 0.6493375345715466
06/06/2022 04:01:48.442 - oc_logger - INFO - Function evaluation number: 76, SI: 1, Sub-iteration number: 40, FoM: 0.6493375345715466
06/06/2022 04:01:48.586 - oc_logger - INFO - New record achieved. Previous FoM: 0.6493375345715466, new best FoM : 0.640850198677543
06/06/2022 04:01:48.586 - oc_logger - INFO - Function evaluation number: 77, SI: 1, Sub-iteration number: 41, FoM: 0.640850198677543
06/06/2022 04:01:48.726 - oc_logger - INFO - New record achieved. Previous FoM: 0.640850198677543, new best FoM : 0.629880700972987
06/06/2022 04:01:48.727 - oc_logger - INFO - Function evaluation number: 78, SI: 1, Sub-iteration number: 41, FoM: 0.629880700972987
06/06/2022 04:01:48.862 - oc_logger - INFO - Function evaluation number: 79, SI: 1, Sub-iteration number: 42, FoM: 0.6325621615737471
06/06/2022 04:01:48.999 - oc_logger - INFO - New record achieved. Previous FoM: 0.629880700972987, new best FoM : 0.6244760390048385
06/06/2022 04:01:48.999 - oc_logger - INFO - Function evaluation number: 80, SI: 1, Sub-iteration number: 43, FoM: 0.6244760390048385
06/06/2022 04:01:49.139 - oc_logger - INFO - New record achieved. Previous FoM: 0.6244760390048385, new best FoM : 0.6145522503528797
06/06/2022 04:01:49.139 - oc_logger - INFO - Function evaluation number: 81, SI: 1, Sub-iteration number: 43, FoM: 0.6145522503528797
06/06/2022 04:01:49.270 - oc_logger - INFO - Function evaluation number: 82, SI: 1, Sub-iteration number: 44, FoM: 0.6167121009060803
06/06/2022 04:01:49.408 - oc_logger - INFO - New record achieved. Previous FoM: 0.6145522503528797, new best FoM : 0.6010666482252973
06/06/2022 04:01:49.408 - oc_logger - INFO - Function evaluation number: 83, SI: 1, Sub-iteration number: 45, FoM: 0.6010666482252973
06/06/2022 04:01:49.543 - oc_logger - INFO - New record achieved. Previous FoM: 0.6010666482252973, new best FoM : 0.5907528397699288
06/06/2022 04:01:49.543 - oc_logger - INFO - Function evaluation number: 84, SI: 1, Sub-iteration number: 45, FoM: 0.5907528397699288
06/06/2022 04:01:49.686 - oc_logger - INFO - New record achieved. Previous FoM: 0.5907528397699288, new best FoM : 0.5907278618489172
06/06/2022 04:01:49.687 - oc_logger - INFO - Function evaluation number: 85, SI: 1, Sub-iteration number: 46, FoM: 0.5907278618489172
06/06/2022 04:01:49.823 - oc_logger - INFO - New record achieved. Previous FoM: 0.5907278618489172, new best FoM : 0.5807603659980649
06/06/2022 04:01:49.824 - oc_logger - INFO - Function evaluation number: 86, SI: 1, Sub-iteration number: 46, FoM: 0.5807603659980649
06/06/2022 04:01:49.967 - oc_logger - INFO - New record achieved. Previous FoM: 0.5807603659980649, new best FoM : 0.5722037268642205
06/06/2022 04:01:49.967 - oc_logger - INFO - Function evaluation number: 87, SI: 1, Sub-iteration number: 47, FoM: 0.5722037268642205
06/06/2022 04:01:50.097 - oc_logger - INFO - New record achieved. Previous FoM: 0.5722037268642205, new best FoM : 0.561475306056682
06/06/2022 04:01:50.097 - oc_logger - INFO - Function evaluation number: 88, SI: 1, Sub-iteration number: 47, FoM: 0.561475306056682
06/06/2022 04:01:50.241 - oc_logger - INFO - New record achieved. Previous FoM: 0.561475306056682, new best FoM : 0.5590130188845113
06/06/2022 04:01:50.241 - oc_logger - INFO - Function evaluation number: 89, SI: 1, Sub-iteration number: 48, FoM: 0.5590130188845113
06/06/2022 04:01:50.380 - oc_logger - INFO - New record achieved. Previous FoM: 0.5590130188845113, new best FoM : 0.5486681637816727
06/06/2022 04:01:50.380 - oc_logger - INFO - Function evaluation number: 90, SI: 1, Sub-iteration number: 48, FoM: 0.5486681637816727
06/06/2022 04:01:50.523 - oc_logger - INFO - Function evaluation number: 91, SI: 1, Sub-iteration number: 49, FoM: 0.5505642800991029
06/06/2022 04:01:50.651 - oc_logger - INFO - New record achieved. Previous FoM: 0.5486681637816727, new best FoM : 0.5408245180148615
06/06/2022 04:01:50.652 - oc_logger - INFO - Function evaluation number: 92, SI: 1, Sub-iteration number: 50, FoM: 0.5408245180148615
06/06/2022 04:01:50.796 - oc_logger - INFO - New record achieved. Previous FoM: 0.5408245180148615, new best FoM : 0.5319356666779251
06/06/2022 04:01:50.796 - oc_logger - INFO - Function evaluation number: 93, SI: 1, Sub-iteration number: 50, FoM: 0.5319356666779251
06/06/2022 04:01:50.931 - oc_logger - INFO - Function evaluation number: 94, SI: 1, Sub-iteration number: 51, FoM: 0.5351101279065047
06/06/2022 04:01:51.073 - oc_logger - INFO - New record achieved. Previous FoM: 0.5319356666779251, new best FoM : 0.5218010583059978
06/06/2022 04:01:51.073 - oc_logger - INFO - Function evaluation number: 95, SI: 1, Sub-iteration number: 52, FoM: 0.5218010583059978
06/06/2022 04:01:51.204 - oc_logger - INFO - New record achieved. Previous FoM: 0.5218010583059978, new best FoM : 0.5145255129625592
06/06/2022 04:01:51.204 - oc_logger - INFO - Function evaluation number: 96, SI: 1, Sub-iteration number: 52, FoM: 0.5145255129625592
06/06/2022 04:01:51.345 - oc_logger - INFO - New record achieved. Previous FoM: 0.5145255129625592, new best FoM : 0.5133267720277868
06/06/2022 04:01:51.345 - oc_logger - INFO - Function evaluation number: 97, SI: 1, Sub-iteration number: 53, FoM: 0.5133267720277868
06/06/2022 04:01:51.468 - oc_logger - INFO - New record achieved. Previous FoM: 0.5133267720277868, new best FoM : 0.5071542288075297
06/06/2022 04:01:51.468 - oc_logger - INFO - Function evaluation number: 98, SI: 1, Sub-iteration number: 53, FoM: 0.5071542288075297
06/06/2022 04:01:51.602 - oc_logger - INFO - New record achieved. Previous FoM: 0.5071542288075297, new best FoM : 0.5030114786858089
06/06/2022 04:01:51.603 - oc_logger - INFO - Function evaluation number: 99, SI: 1, Sub-iteration number: 54, FoM: 0.5030114786858089
06/06/2022 04:01:51.734 - oc_logger - INFO - New record achieved. Previous FoM: 0.5030114786858089, new best FoM : 0.49922820644941823
06/06/2022 04:01:51.734 - oc_logger - INFO - Function evaluation number: 100, SI: 1, Sub-iteration number: 54, FoM: 0.49922820644941823
06/06/2022 04:01:51.869 - oc_logger - INFO - Function evaluation number: 101, SI: 1, Sub-iteration number: 55, FoM: 0.500148232675432
06/06/2022 04:01:52.002 - oc_logger - INFO - New record achieved. Previous FoM: 0.49922820644941823, new best FoM : 0.49754015316889877
06/06/2022 04:01:52.002 - oc_logger - INFO - Function evaluation number: 102, SI: 1, Sub-iteration number: 56, FoM: 0.49754015316889877
06/06/2022 04:01:52.144 - oc_logger - INFO - New record achieved. Previous FoM: 0.49754015316889877, new best FoM : 0.4970363218457865
06/06/2022 04:01:52.144 - oc_logger - INFO - Function evaluation number: 103, SI: 1, Sub-iteration number: 56, FoM: 0.4970363218457865
06/06/2022 04:01:52.270 - oc_logger - INFO - New record achieved. Previous FoM: 0.4970363218457865, new best FoM : 0.4963864193463229
06/06/2022 04:01:52.270 - oc_logger - INFO - Function evaluation number: 104, SI: 1, Sub-iteration number: 57, FoM: 0.4963864193463229
06/06/2022 04:01:52.409 - oc_logger - INFO - Function evaluation number: 105, SI: 1, Sub-iteration number: 57, FoM: 0.4968342308631879
06/06/2022 04:01:52.543 - oc_logger - INFO - Function evaluation number: 106, SI: 1, Sub-iteration number: 58, FoM: 0.49696085103352816
06/06/2022 04:01:52.679 - oc_logger - INFO - Function evaluation number: 107, SI: 1, Sub-iteration number: 59, FoM: 0.5017535989136193
06/06/2022 04:01:52.815 - oc_logger - INFO - Function evaluation number: 108, SI: 1, Sub-iteration number: 60, FoM: 0.5055858652034259
06/06/2022 04:01:52.955 - oc_logger - INFO - Function evaluation number: 109, SI: 1, Sub-iteration number: 61, FoM: 0.5225870009438013
06/06/2022 04:01:53.070 - oc_logger - INFO - Function evaluation number: 110, SI: 1, Sub-iteration number: 61, FoM: 0.5082472799379668
06/06/2022 04:01:53.201 - oc_logger - INFO - Function evaluation number: 111, SI: 1, Sub-iteration number: 62, FoM: 0.5205762239158486
06/06/2022 04:01:53.332 - oc_logger - INFO - Function evaluation number: 112, SI: 1, Sub-iteration number: 62, FoM: 0.504699095850333
06/06/2022 04:01:53.476 - oc_logger - INFO - Function evaluation number: 113, SI: 1, Sub-iteration number: 63, FoM: 0.5124236544773211
06/06/2022 04:01:53.611 - oc_logger - INFO - Function evaluation number: 114, SI: 1, Sub-iteration number: 63, FoM: 0.501764544378415
06/06/2022 04:01:53.744 - oc_logger - INFO - Function evaluation number: 115, SI: 1, Sub-iteration number: 64, FoM: 0.5117666937741399
06/06/2022 04:01:53.871 - oc_logger - INFO - Function evaluation number: 116, SI: 1, Sub-iteration number: 64, FoM: 0.5012216313614948
06/06/2022 04:01:54.017 - oc_logger - INFO - Function evaluation number: 117, SI: 1, Sub-iteration number: 65, FoM: 0.5121990558564687
06/06/2022 04:01:54.152 - oc_logger - INFO - Function evaluation number: 118, SI: 1, Sub-iteration number: 65, FoM: 0.5002646106229821
06/06/2022 04:01:54.291 - oc_logger - INFO - Function evaluation number: 119, SI: 1, Sub-iteration number: 66, FoM: 0.5072602633140394
06/06/2022 04:01:54.420 - oc_logger - INFO - Function evaluation number: 120, SI: 1, Sub-iteration number: 66, FoM: 0.5002386974264659
06/06/2022 04:01:54.556 - oc_logger - INFO - Function evaluation number: 121, SI: 1, Sub-iteration number: 67, FoM: 0.5036153954232192
06/06/2022 04:01:54.672 - oc_logger - INFO - Function evaluation number: 122, SI: 1, Sub-iteration number: 67, FoM: 0.49886968446165214
06/06/2022 04:01:54.809 - oc_logger - INFO - Function evaluation number: 123, SI: 1, Sub-iteration number: 68, FoM: 0.5062038044240733
06/06/2022 04:01:54.929 - oc_logger - INFO - Function evaluation number: 124, SI: 1, Sub-iteration number: 68, FoM: 0.49863948139402636
06/06/2022 04:01:55.071 - oc_logger - INFO - Function evaluation number: 125, SI: 1, Sub-iteration number: 69, FoM: 0.5025459457405252
06/06/2022 04:01:55.200 - oc_logger - INFO - Function evaluation number: 126, SI: 1, Sub-iteration number: 69, FoM: 0.4986743864940404
06/06/2022 04:01:55.337 - oc_logger - INFO - Function evaluation number: 127, SI: 1, Sub-iteration number: 70, FoM: 0.5049132586890723
06/06/2022 04:01:55.478 - oc_logger - INFO - Function evaluation number: 128, SI: 1, Sub-iteration number: 70, FoM: 0.4979249656327277
06/06/2022 04:01:55.613 - oc_logger - INFO - Function evaluation number: 129, SI: 1, Sub-iteration number: 71, FoM: 0.5005160804805657
06/06/2022 04:01:55.739 - oc_logger - INFO - Function evaluation number: 130, SI: 1, Sub-iteration number: 71, FoM: 0.4983093899123203
06/06/2022 04:01:55.880 - oc_logger - INFO - Function evaluation number: 131, SI: 1, Sub-iteration number: 72, FoM: 0.5007679666569853
06/06/2022 04:01:56.008 - oc_logger - INFO - Function evaluation number: 132, SI: 1, Sub-iteration number: 72, FoM: 0.4982294294651023
06/06/2022 04:01:56.148 - oc_logger - INFO - Function evaluation number: 133, SI: 1, Sub-iteration number: 73, FoM: 0.49848608134278405
06/06/2022 04:01:56.270 - oc_logger - INFO - Function evaluation number: 134, SI: 1, Sub-iteration number: 74, FoM: 0.49753242544261544
06/06/2022 04:01:56.411 - oc_logger - INFO - Function evaluation number: 135, SI: 1, Sub-iteration number: 75, FoM: 0.49985801204736824
06/06/2022 04:01:56.533 - oc_logger - INFO - Function evaluation number: 136, SI: 1, Sub-iteration number: 75, FoM: 0.4973615896744409
06/06/2022 04:01:56.677 - oc_logger - INFO - Function evaluation number: 137, SI: 1, Sub-iteration number: 76, FoM: 0.4995597989975221
06/06/2022 04:01:56.802 - oc_logger - INFO - Function evaluation number: 138, SI: 1, Sub-iteration number: 76, FoM: 0.4973645657342848
06/06/2022 04:01:56.942 - oc_logger - INFO - Function evaluation number: 139, SI: 1, Sub-iteration number: 77, FoM: 0.5011369524430226
06/06/2022 04:01:57.078 - oc_logger - INFO - Function evaluation number: 140, SI: 1, Sub-iteration number: 77, FoM: 0.49714599436049267
06/06/2022 04:01:57.229 - oc_logger - INFO - Function evaluation number: 141, SI: 1, Sub-iteration number: 78, FoM: 0.49836973229952564
06/06/2022 04:01:57.373 - oc_logger - INFO - Function evaluation number: 142, SI: 1, Sub-iteration number: 78, FoM: 0.49729387688605164
06/06/2022 04:01:57.517 - oc_logger - INFO - Function evaluation number: 143, SI: 1, Sub-iteration number: 79, FoM: 0.4984136738144428
06/06/2022 04:01:57.659 - oc_logger - INFO - Function evaluation number: 144, SI: 1, Sub-iteration number: 79, FoM: 0.49724040930200886
06/06/2022 04:01:57.805 - oc_logger - INFO - Function evaluation number: 145, SI: 1, Sub-iteration number: 80, FoM: 0.49923584705897983
06/06/2022 04:01:57.942 - oc_logger - INFO - Function evaluation number: 146, SI: 1, Sub-iteration number: 80, FoM: 0.49699463430572877
06/06/2022 04:01:58.091 - oc_logger - INFO - Function evaluation number: 147, SI: 1, Sub-iteration number: 81, FoM: 0.498818167397997
06/06/2022 04:01:58.232 - oc_logger - INFO - Function evaluation number: 148, SI: 1, Sub-iteration number: 81, FoM: 0.49681579407168874
06/06/2022 04:01:58.372 - oc_logger - INFO - Function evaluation number: 149, SI: 1, Sub-iteration number: 82, FoM: 0.49792769502158807
06/06/2022 04:01:58.509 - oc_logger - INFO - Function evaluation number: 150, SI: 1, Sub-iteration number: 82, FoM: 0.4968002802436652
06/06/2022 04:01:58.671 - oc_logger - INFO - Function evaluation number: 151, SI: 1, Sub-iteration number: 83, FoM: 0.4979090890965142
06/06/2022 04:01:58.837 - oc_logger - INFO - Function evaluation number: 152, SI: 1, Sub-iteration number: 83, FoM: 0.4968023768198312
06/06/2022 04:01:59.010 - oc_logger - INFO - Function evaluation number: 153, SI: 1, Sub-iteration number: 84, FoM: 0.49755512274521674
06/06/2022 04:01:59.179 - oc_logger - INFO - Function evaluation number: 154, SI: 1, Sub-iteration number: 84, FoM: 0.49679481118056346
06/06/2022 04:01:59.335 - oc_logger - INFO - Function evaluation number: 155, SI: 1, Sub-iteration number: 85, FoM: 0.4975430039926789
06/06/2022 04:01:59.495 - oc_logger - INFO - Function evaluation number: 156, SI: 1, Sub-iteration number: 85, FoM: 0.4967650677612835
06/06/2022 04:01:59.661 - oc_logger - INFO - Function evaluation number: 157, SI: 1, Sub-iteration number: 86, FoM: 0.4981769691836636
06/06/2022 04:01:59.829 - oc_logger - INFO - Function evaluation number: 158, SI: 1, Sub-iteration number: 86, FoM: 0.4966580681018661
06/06/2022 04:01:59.972 - oc_logger - INFO - New record achieved. Previous FoM: 0.4963864193463229, new best FoM : 0.4956313400849529
06/06/2022 04:01:59.972 - oc_logger - INFO - Function evaluation number: 159, SI: 1, Sub-iteration number: 87, FoM: 0.4956313400849529
06/06/2022 04:02:00.134 - oc_logger - INFO - New record achieved. Previous FoM: 0.4956313400849529, new best FoM : 0.49548426590323935
06/06/2022 04:02:00.134 - oc_logger - INFO - Function evaluation number: 160, SI: 1, Sub-iteration number: 87, FoM: 0.49548426590323935
06/06/2022 04:02:00.296 - oc_logger - INFO - Function evaluation number: 161, SI: 1, Sub-iteration number: 88, FoM: 0.49747314903194684
06/06/2022 04:02:00.471 - oc_logger - INFO - Function evaluation number: 162, SI: 1, Sub-iteration number: 88, FoM: 0.49655522588241496
06/06/2022 04:02:00.622 - oc_logger - INFO - Function evaluation number: 163, SI: 1, Sub-iteration number: 89, FoM: 0.4968144988761827
06/06/2022 04:02:00.772 - oc_logger - INFO - Function evaluation number: 164, SI: 1, Sub-iteration number: 90, FoM: 0.4965517108810352
06/06/2022 04:02:00.920 - oc_logger - INFO - Function evaluation number: 165, SI: 1, Sub-iteration number: 91, FoM: 0.4975108622534994
06/06/2022 04:02:01.064 - oc_logger - INFO - Function evaluation number: 166, SI: 1, Sub-iteration number: 91, FoM: 0.49643137714653485
06/06/2022 04:02:01.207 - oc_logger - INFO - Function evaluation number: 167, SI: 1, Sub-iteration number: 92, FoM: 0.49664139912393024
06/06/2022 04:02:01.354 - oc_logger - INFO - Function evaluation number: 168, SI: 1, Sub-iteration number: 93, FoM: 0.4962654886427955
06/06/2022 04:02:01.498 - oc_logger - INFO - Function evaluation number: 169, SI: 1, Sub-iteration number: 94, FoM: 0.49626125684328437
06/06/2022 04:02:01.639 - oc_logger - INFO - Function evaluation number: 170, SI: 1, Sub-iteration number: 95, FoM: 0.49649007973920234
06/06/2022 04:02:01.785 - oc_logger - INFO - Function evaluation number: 171, SI: 1, Sub-iteration number: 96, FoM: 0.49586619595225445
06/06/2022 04:02:01.934 - oc_logger - INFO - Function evaluation number: 172, SI: 1, Sub-iteration number: 97, FoM: 0.4961283182564937
06/06/2022 04:02:02.083 - oc_logger - INFO - Function evaluation number: 173, SI: 1, Sub-iteration number: 98, FoM: 0.49593922874751306
06/06/2022 04:02:02.228 - oc_logger - INFO - Function evaluation number: 174, SI: 1, Sub-iteration number: 99, FoM: 0.4961288269767199
06/06/2022 04:02:02.372 - oc_logger - INFO - Function evaluation number: 175, SI: 1, Sub-iteration number: 100, FoM: 0.4987810597756488
06/06/2022 04:02:02.512 - oc_logger - INFO - Function evaluation number: 176, SI: 1, Sub-iteration number: 100, FoM: 0.4959446579611021
06/06/2022 04:02:02.654 - oc_logger - INFO - Function evaluation number: 177, SI: 1, Sub-iteration number: 101, FoM: 0.49549041300473085
06/06/2022 04:02:02.807 - oc_logger - INFO - New record achieved. Previous FoM: 0.49548426590323935, new best FoM : 0.4949300226852148
06/06/2022 04:02:02.807 - oc_logger - INFO - Function evaluation number: 178, SI: 1, Sub-iteration number: 102, FoM: 0.4949300226852148
06/06/2022 04:02:02.960 - oc_logger - INFO - New record achieved. Previous FoM: 0.4949300226852148, new best FoM : 0.49476190993199165
06/06/2022 04:02:02.960 - oc_logger - INFO - Function evaluation number: 179, SI: 1, Sub-iteration number: 102, FoM: 0.49476190993199165
06/06/2022 04:02:03.115 - oc_logger - INFO - Function evaluation number: 180, SI: 1, Sub-iteration number: 103, FoM: 0.4951303455389132
06/06/2022 04:02:03.260 - oc_logger - INFO - Function evaluation number: 181, SI: 1, Sub-iteration number: 104, FoM: 0.4963073095110052
06/06/2022 04:02:03.391 - oc_logger - INFO - Function evaluation number: 182, SI: 1, Sub-iteration number: 104, FoM: 0.49584300731050934
06/06/2022 04:02:03.541 - oc_logger - INFO - Function evaluation number: 183, SI: 1, Sub-iteration number: 105, FoM: 0.4961645091812187
06/06/2022 04:02:03.702 - oc_logger - INFO - Function evaluation number: 184, SI: 1, Sub-iteration number: 105, FoM: 0.4957789414703515
06/06/2022 04:02:03.855 - oc_logger - INFO - Function evaluation number: 185, SI: 1, Sub-iteration number: 106, FoM: 0.49521492926902
06/06/2022 04:02:04.007 - oc_logger - INFO - Function evaluation number: 186, SI: 1, Sub-iteration number: 107, FoM: 0.4955089943838151
06/06/2022 04:02:04.155 - oc_logger - INFO - Function evaluation number: 187, SI: 1, Sub-iteration number: 108, FoM: 0.49526675936507636
06/06/2022 04:02:04.300 - oc_logger - INFO - New record achieved. Previous FoM: 0.49476190993199165, new best FoM : 0.4947008617975711
06/06/2022 04:02:04.300 - oc_logger - INFO - Function evaluation number: 188, SI: 1, Sub-iteration number: 109, FoM: 0.4947008617975711
06/06/2022 04:02:04.442 - oc_logger - INFO - New record achieved. Previous FoM: 0.4947008617975711, new best FoM : 0.4946124244111961
06/06/2022 04:02:04.442 - oc_logger - INFO - Function evaluation number: 189, SI: 1, Sub-iteration number: 109, FoM: 0.4946124244111961
06/06/2022 04:02:04.575 - oc_logger - INFO - Function evaluation number: 190, SI: 1, Sub-iteration number: 110, FoM: 0.4946452396569524
06/06/2022 04:02:04.715 - oc_logger - INFO - Function evaluation number: 191, SI: 1, Sub-iteration number: 111, FoM: 0.49501014593771075
06/06/2022 04:02:04.850 - oc_logger - INFO - Function evaluation number: 192, SI: 1, Sub-iteration number: 112, FoM: 0.4958973790707232
06/06/2022 04:02:04.993 - oc_logger - INFO - Function evaluation number: 193, SI: 1, Sub-iteration number: 112, FoM: 0.4951763176755838
06/06/2022 04:02:05.120 - oc_logger - INFO - New record achieved. Previous FoM: 0.4946124244111961, new best FoM : 0.49424932175217584
06/06/2022 04:02:05.120 - oc_logger - INFO - Function evaluation number: 194, SI: 1, Sub-iteration number: 113, FoM: 0.49424932175217584
06/06/2022 04:02:05.261 - oc_logger - INFO - New record achieved. Previous FoM: 0.49424932175217584, new best FoM : 0.49410984974345706
06/06/2022 04:02:05.261 - oc_logger - INFO - Function evaluation number: 195, SI: 1, Sub-iteration number: 113, FoM: 0.49410984974345706
06/06/2022 04:02:05.413 - oc_logger - INFO - Function evaluation number: 196, SI: 1, Sub-iteration number: 114, FoM: 0.4941987047719282
06/06/2022 04:02:05.571 - oc_logger - INFO - Function evaluation number: 197, SI: 1, Sub-iteration number: 115, FoM: 0.4941951336413478
06/06/2022 04:02:05.727 - oc_logger - INFO - New record achieved. Previous FoM: 0.49410984974345706, new best FoM : 0.49408322103323554
06/06/2022 04:02:05.727 - oc_logger - INFO - Function evaluation number: 198, SI: 1, Sub-iteration number: 116, FoM: 0.49408322103323554
06/06/2022 04:02:05.895 - oc_logger - INFO - New record achieved. Previous FoM: 0.49408322103323554, new best FoM : 0.4940298014804233
06/06/2022 04:02:05.896 - oc_logger - INFO - Function evaluation number: 199, SI: 1, Sub-iteration number: 116, FoM: 0.4940298014804233
06/06/2022 04:02:06.065 - oc_logger - INFO - Function evaluation number: 200, SI: 1, Sub-iteration number: 117, FoM: 0.4940428518933341
06/06/2022 04:02:06.224 - oc_logger - INFO - New record achieved. Previous FoM: 0.4940298014804233, new best FoM : 0.4933738964801807
06/06/2022 04:02:06.225 - oc_logger - INFO - Function evaluation number: 201, SI: 1, Sub-iteration number: 118, FoM: 0.4933738964801807
06/06/2022 04:02:06.388 - oc_logger - INFO - New record achieved. Previous FoM: 0.4933738964801807, new best FoM : 0.49318776547444576
06/06/2022 04:02:06.388 - oc_logger - INFO - Function evaluation number: 202, SI: 1, Sub-iteration number: 118, FoM: 0.49318776547444576
06/06/2022 04:02:06.542 - oc_logger - INFO - Function evaluation number: 203, SI: 1, Sub-iteration number: 119, FoM: 0.4940476291636675
06/06/2022 04:02:06.702 - oc_logger - INFO - New record achieved. Previous FoM: 0.49318776547444576, new best FoM : 0.4931690070022816
06/06/2022 04:02:06.702 - oc_logger - INFO - Function evaluation number: 204, SI: 1, Sub-iteration number: 120, FoM: 0.4931690070022816
06/06/2022 04:02:06.866 - oc_logger - INFO - New record achieved. Previous FoM: 0.4931690070022816, new best FoM : 0.49299897708699114
06/06/2022 04:02:06.866 - oc_logger - INFO - Function evaluation number: 205, SI: 1, Sub-iteration number: 120, FoM: 0.49299897708699114
06/06/2022 04:02:07.025 - oc_logger - INFO - Function evaluation number: 206, SI: 1, Sub-iteration number: 121, FoM: 0.4933036053595975
06/06/2022 04:02:07.168 - oc_logger - INFO - New record achieved. Previous FoM: 0.49299897708699114, new best FoM : 0.4928747035401647
06/06/2022 04:02:07.169 - oc_logger - INFO - Function evaluation number: 207, SI: 1, Sub-iteration number: 122, FoM: 0.4928747035401647
06/06/2022 04:02:07.315 - oc_logger - INFO - New record achieved. Previous FoM: 0.4928747035401647, new best FoM : 0.49277001560784917
06/06/2022 04:02:07.315 - oc_logger - INFO - Function evaluation number: 208, SI: 1, Sub-iteration number: 122, FoM: 0.49277001560784917
06/06/2022 04:02:07.463 - oc_logger - INFO - Function evaluation number: 209, SI: 1, Sub-iteration number: 123, FoM: 0.49337513880767103
06/06/2022 04:02:07.624 - oc_logger - INFO - New record achieved. Previous FoM: 0.49277001560784917, new best FoM : 0.49257301660532016
06/06/2022 04:02:07.624 - oc_logger - INFO - Function evaluation number: 210, SI: 1, Sub-iteration number: 124, FoM: 0.49257301660532016
06/06/2022 04:02:07.792 - oc_logger - INFO - New record achieved. Previous FoM: 0.49257301660532016, new best FoM : 0.49243496490076377
06/06/2022 04:02:07.793 - oc_logger - INFO - Function evaluation number: 211, SI: 1, Sub-iteration number: 124, FoM: 0.49243496490076377
06/06/2022 04:02:08.006 - oc_logger - INFO - Function evaluation number: 212, SI: 1, Sub-iteration number: 125, FoM: 0.4924357066115801
06/06/2022 04:02:08.177 - oc_logger - INFO - Function evaluation number: 213, SI: 1, Sub-iteration number: 126, FoM: 0.49277868777475364
06/06/2022 04:02:08.361 - oc_logger - INFO - Function evaluation number: 214, SI: 1, Sub-iteration number: 127, FoM: 0.4927553540661833
06/06/2022 04:02:08.517 - oc_logger - INFO - New record achieved. Previous FoM: 0.49243496490076377, new best FoM : 0.49188807558662884
06/06/2022 04:02:08.517 - oc_logger - INFO - Function evaluation number: 215, SI: 1, Sub-iteration number: 128, FoM: 0.49188807558662884
06/06/2022 04:02:08.696 - oc_logger - INFO - New record achieved. Previous FoM: 0.49188807558662884, new best FoM : 0.4917545960242916
06/06/2022 04:02:08.696 - oc_logger - INFO - Function evaluation number: 216, SI: 1, Sub-iteration number: 128, FoM: 0.4917545960242916
06/06/2022 04:02:08.867 - oc_logger - INFO - Function evaluation number: 217, SI: 1, Sub-iteration number: 129, FoM: 0.49246630787455314
06/06/2022 04:02:09.049 - oc_logger - INFO - Function evaluation number: 218, SI: 1, Sub-iteration number: 130, FoM: 0.4923167605996822
06/06/2022 04:02:09.205 - oc_logger - INFO - New record achieved. Previous FoM: 0.4917545960242916, new best FoM : 0.4917290652897939
06/06/2022 04:02:09.205 - oc_logger - INFO - Function evaluation number: 219, SI: 1, Sub-iteration number: 131, FoM: 0.4917290652897939
06/06/2022 04:02:09.385 - oc_logger - INFO - New record achieved. Previous FoM: 0.4917290652897939, new best FoM : 0.4916213648677453
06/06/2022 04:02:09.386 - oc_logger - INFO - Function evaluation number: 220, SI: 1, Sub-iteration number: 131, FoM: 0.4916213648677453
06/06/2022 04:02:09.561 - oc_logger - INFO - Function evaluation number: 221, SI: 1, Sub-iteration number: 132, FoM: 0.49187863252247344
06/06/2022 04:02:09.731 - oc_logger - INFO - Function evaluation number: 222, SI: 1, Sub-iteration number: 133, FoM: 0.49251996566025014
06/06/2022 04:02:09.883 - oc_logger - INFO - New record achieved. Previous FoM: 0.4916213648677453, new best FoM : 0.49156724354974124
06/06/2022 04:02:09.883 - oc_logger - INFO - Function evaluation number: 223, SI: 1, Sub-iteration number: 134, FoM: 0.49156724354974124
06/06/2022 04:02:10.032 - oc_logger - INFO - New record achieved. Previous FoM: 0.49156724354974124, new best FoM : 0.4914879735790165
06/06/2022 04:02:10.032 - oc_logger - INFO - Function evaluation number: 224, SI: 1, Sub-iteration number: 134, FoM: 0.4914879735790165
06/06/2022 04:02:10.186 - oc_logger - INFO - Function evaluation number: 225, SI: 1, Sub-iteration number: 135, FoM: 0.4916088718120333
06/06/2022 04:02:10.338 - oc_logger - INFO - Function evaluation number: 226, SI: 1, Sub-iteration number: 136, FoM: 0.49259679799759326
06/06/2022 04:02:10.480 - oc_logger - INFO - Function evaluation number: 227, SI: 1, Sub-iteration number: 136, FoM: 0.4921652888821676
06/06/2022 04:02:10.615 - oc_logger - INFO - Function evaluation number: 228, SI: 1, Sub-iteration number: 137, FoM: 0.4922730621082575
06/06/2022 04:02:10.787 - oc_logger - INFO - New record achieved. Previous FoM: 0.4914879735790165, new best FoM : 0.4913658238215325
06/06/2022 04:02:10.787 - oc_logger - INFO - Function evaluation number: 229, SI: 1, Sub-iteration number: 138, FoM: 0.4913658238215325
06/06/2022 04:02:10.985 - oc_logger - INFO - New record achieved. Previous FoM: 0.4913658238215325, new best FoM : 0.49130384891703904
06/06/2022 04:02:10.985 - oc_logger - INFO - Function evaluation number: 230, SI: 1, Sub-iteration number: 138, FoM: 0.49130384891703904
06/06/2022 04:02:11.162 - oc_logger - INFO - Function evaluation number: 231, SI: 1, Sub-iteration number: 139, FoM: 0.4918356116722711
06/06/2022 04:02:11.376 - oc_logger - INFO - New record achieved. Previous FoM: 0.49130384891703904, new best FoM : 0.4910650232782495
06/06/2022 04:02:11.376 - oc_logger - INFO - Function evaluation number: 232, SI: 1, Sub-iteration number: 140, FoM: 0.4910650232782495
06/06/2022 04:02:11.562 - oc_logger - INFO - New record achieved. Previous FoM: 0.4910650232782495, new best FoM : 0.4909665989227122
06/06/2022 04:02:11.563 - oc_logger - INFO - Function evaluation number: 233, SI: 1, Sub-iteration number: 140, FoM: 0.4909665989227122
06/06/2022 04:02:11.774 - oc_logger - INFO - Function evaluation number: 234, SI: 1, Sub-iteration number: 141, FoM: 0.4914874623925388
06/06/2022 04:02:11.960 - oc_logger - INFO - Function evaluation number: 235, SI: 1, Sub-iteration number: 142, FoM: 0.4911275609995961
06/06/2022 04:02:12.174 - oc_logger - INFO - Function evaluation number: 236, SI: 1, Sub-iteration number: 143, FoM: 0.4910417198972632
06/06/2022 04:02:12.358 - oc_logger - INFO - Function evaluation number: 237, SI: 1, Sub-iteration number: 144, FoM: 0.49232136507130086
06/06/2022 04:02:12.536 - oc_logger - INFO - Function evaluation number: 238, SI: 1, Sub-iteration number: 144, FoM: 0.4914934415748399
06/06/2022 04:02:12.684 - oc_logger - INFO - New record achieved. Previous FoM: 0.4909665989227122, new best FoM : 0.4909376749046427
06/06/2022 04:02:12.684 - oc_logger - INFO - Function evaluation number: 239, SI: 1, Sub-iteration number: 145, FoM: 0.4909376749046427
06/06/2022 04:02:12.848 - oc_logger - INFO - New record achieved. Previous FoM: 0.4909376749046427, new best FoM : 0.4909008831623777
06/06/2022 04:02:12.849 - oc_logger - INFO - Function evaluation number: 240, SI: 1, Sub-iteration number: 145, FoM: 0.4909008831623777
06/06/2022 04:02:13.031 - oc_logger - INFO - New record achieved. Previous FoM: 0.4909008831623777, new best FoM : 0.4908235663630307
06/06/2022 04:02:13.031 - oc_logger - INFO - Function evaluation number: 241, SI: 1, Sub-iteration number: 146, FoM: 0.4908235663630307
06/06/2022 04:02:13.214 - oc_logger - INFO - New record achieved. Previous FoM: 0.4908235663630307, new best FoM : 0.49077535710647513
06/06/2022 04:02:13.216 - oc_logger - INFO - Function evaluation number: 242, SI: 1, Sub-iteration number: 146, FoM: 0.49077535710647513
06/06/2022 04:02:13.377 - oc_logger - INFO - Function evaluation number: 243, SI: 1, Sub-iteration number: 147, FoM: 0.4910161454955958
06/06/2022 04:02:13.548 - oc_logger - INFO - Function evaluation number: 244, SI: 1, Sub-iteration number: 148, FoM: 0.4909769594837815
06/06/2022 04:02:13.698 - oc_logger - INFO - New record achieved. Previous FoM: 0.49077535710647513, new best FoM : 0.49062094644746257
06/06/2022 04:02:13.699 - oc_logger - INFO - Function evaluation number: 245, SI: 1, Sub-iteration number: 149, FoM: 0.49062094644746257
06/06/2022 04:02:13.856 - oc_logger - INFO - New record achieved. Previous FoM: 0.49062094644746257, new best FoM : 0.4905736267362947
06/06/2022 04:02:13.856 - oc_logger - INFO - Function evaluation number: 246, SI: 1, Sub-iteration number: 149, FoM: 0.4905736267362947
06/06/2022 04:02:14.009 - oc_logger - INFO - Function evaluation number: 247, SI: 1, Sub-iteration number: 150, FoM: 0.4906511784646125
06/06/2022 04:02:14.154 - oc_logger - INFO - Function evaluation number: 248, SI: 1, Sub-iteration number: 151, FoM: 0.49058388995058044
06/06/2022 04:02:14.300 - oc_logger - INFO - New record achieved. Previous FoM: 0.4905736267362947, new best FoM : 0.4905710724599238
06/06/2022 04:02:14.301 - oc_logger - INFO - Function evaluation number: 249, SI: 1, Sub-iteration number: 152, FoM: 0.4905710724599238
06/06/2022 04:02:14.444 - oc_logger - INFO - Function evaluation number: 250, SI: 1, Sub-iteration number: 152, FoM: 0.490577461228632
06/06/2022 04:02:14.445 - oc_logger - INFO - SI 1 finished - Number of evaluations: 250, Best FoM: 0.4905710724599238, Terminate reason: Convergence of the FoM.

06/06/2022 04:02:14.445 - oc_logger - INFO - Direct search start time has been reset.
06/06/2022 04:02:14.588 - oc_logger - INFO - Function evaluation number: 251, SI: 2, Sub-iteration number: 0, FoM: 0.4905710724599238
06/06/2022 04:02:14.727 - oc_logger - INFO - Function evaluation number: 252, SI: 2, Sub-iteration number: 0, FoM: 0.4914563040072901
06/06/2022 04:02:14.872 - oc_logger - INFO - New record achieved. Previous FoM: 0.4905710724599238, new best FoM : 0.49022623932153986
06/06/2022 04:02:14.872 - oc_logger - INFO - Function evaluation number: 253, SI: 2, Sub-iteration number: 0, FoM: 0.49022623932153986
06/06/2022 04:02:15.015 - oc_logger - INFO - Function evaluation number: 254, SI: 2, Sub-iteration number: 0, FoM: 0.4904149684508302
06/06/2022 04:02:15.168 - oc_logger - INFO - New record achieved. Previous FoM: 0.49022623932153986, new best FoM : 0.49022332347341735
06/06/2022 04:02:15.168 - oc_logger - INFO - Function evaluation number: 255, SI: 2, Sub-iteration number: 0, FoM: 0.49022332347341735
06/06/2022 04:02:15.354 - oc_logger - INFO - Function evaluation number: 256, SI: 2, Sub-iteration number: 0, FoM: 0.4908015382498807
06/06/2022 04:02:15.510 - oc_logger - INFO - Function evaluation number: 257, SI: 2, Sub-iteration number: 0, FoM: 0.4904202525846464
06/06/2022 04:02:15.666 - oc_logger - INFO - New record achieved. Previous FoM: 0.49022332347341735, new best FoM : 0.4900009576135095
06/06/2022 04:02:15.666 - oc_logger - INFO - Function evaluation number: 258, SI: 2, Sub-iteration number: 0, FoM: 0.4900009576135095
06/06/2022 04:02:15.816 - oc_logger - INFO - Function evaluation number: 259, SI: 2, Sub-iteration number: 0, FoM: 0.4907588345816235
06/06/2022 04:02:15.960 - oc_logger - INFO - Function evaluation number: 260, SI: 2, Sub-iteration number: 0, FoM: 0.49148387691553164
06/06/2022 04:02:16.097 - oc_logger - INFO - New record achieved. Previous FoM: 0.4900009576135095, new best FoM : 0.4898922817977125
06/06/2022 04:02:16.097 - oc_logger - INFO - Function evaluation number: 261, SI: 2, Sub-iteration number: 1, FoM: 0.4898922817977125
06/06/2022 04:02:16.239 - oc_logger - INFO - New record achieved. Previous FoM: 0.4898922817977125, new best FoM : 0.48982641196629795
06/06/2022 04:02:16.239 - oc_logger - INFO - Function evaluation number: 262, SI: 2, Sub-iteration number: 1, FoM: 0.48982641196629795
06/06/2022 04:02:16.388 - oc_logger - INFO - Function evaluation number: 263, SI: 2, Sub-iteration number: 2, FoM: 0.4907294462182
06/06/2022 04:02:16.526 - oc_logger - INFO - Function evaluation number: 264, SI: 2, Sub-iteration number: 3, FoM: 0.48993198905706825
06/06/2022 04:02:16.674 - oc_logger - INFO - New record achieved. Previous FoM: 0.48982641196629795, new best FoM : 0.48977489985444433
06/06/2022 04:02:16.674 - oc_logger - INFO - Function evaluation number: 265, SI: 2, Sub-iteration number: 4, FoM: 0.48977489985444433
06/06/2022 04:02:16.822 - oc_logger - INFO - New record achieved. Previous FoM: 0.48977489985444433, new best FoM : 0.48971829532463007
06/06/2022 04:02:16.822 - oc_logger - INFO - Function evaluation number: 266, SI: 2, Sub-iteration number: 4, FoM: 0.48971829532463007
06/06/2022 04:02:16.967 - oc_logger - INFO - Function evaluation number: 267, SI: 2, Sub-iteration number: 5, FoM: 0.4905047172800574
06/06/2022 04:02:17.105 - oc_logger - INFO - New record achieved. Previous FoM: 0.48971829532463007, new best FoM : 0.48955514039330306
06/06/2022 04:02:17.105 - oc_logger - INFO - Function evaluation number: 268, SI: 2, Sub-iteration number: 6, FoM: 0.48955514039330306
06/06/2022 04:02:17.254 - oc_logger - INFO - New record achieved. Previous FoM: 0.48955514039330306, new best FoM : 0.4894596079634863
06/06/2022 04:02:17.254 - oc_logger - INFO - Function evaluation number: 269, SI: 2, Sub-iteration number: 6, FoM: 0.4894596079634863
06/06/2022 04:02:17.412 - oc_logger - INFO - Function evaluation number: 270, SI: 2, Sub-iteration number: 7, FoM: 0.49062862832232723
06/06/2022 04:02:17.560 - oc_logger - INFO - Function evaluation number: 271, SI: 2, Sub-iteration number: 7, FoM: 0.49021094193914794
06/06/2022 04:02:17.711 - oc_logger - INFO - Function evaluation number: 272, SI: 2, Sub-iteration number: 8, FoM: 0.48946538186410293
06/06/2022 04:02:17.857 - oc_logger - INFO - New record achieved. Previous FoM: 0.4894596079634863, new best FoM : 0.48934899139056787
06/06/2022 04:02:17.858 - oc_logger - INFO - Function evaluation number: 273, SI: 2, Sub-iteration number: 9, FoM: 0.48934899139056787
06/06/2022 04:02:18.007 - oc_logger - INFO - New record achieved. Previous FoM: 0.48934899139056787, new best FoM : 0.489262317106796
06/06/2022 04:02:18.007 - oc_logger - INFO - Function evaluation number: 274, SI: 2, Sub-iteration number: 9, FoM: 0.489262317106796
06/06/2022 04:02:18.166 - oc_logger - INFO - Function evaluation number: 275, SI: 2, Sub-iteration number: 10, FoM: 0.48936069530911386
06/06/2022 04:02:18.338 - oc_logger - INFO - Function evaluation number: 276, SI: 2, Sub-iteration number: 11, FoM: 0.4892980807676186
06/06/2022 04:02:18.489 - oc_logger - INFO - Function evaluation number: 277, SI: 2, Sub-iteration number: 12, FoM: 0.49011716255407645
06/06/2022 04:02:18.643 - oc_logger - INFO - Function evaluation number: 278, SI: 2, Sub-iteration number: 12, FoM: 0.4898203842456078
06/06/2022 04:02:18.804 - oc_logger - INFO - Function evaluation number: 279, SI: 2, Sub-iteration number: 13, FoM: 0.48939022359831297
06/06/2022 04:02:18.965 - oc_logger - INFO - New record achieved. Previous FoM: 0.489262317106796, new best FoM : 0.489030611579352
06/06/2022 04:02:18.966 - oc_logger - INFO - Function evaluation number: 280, SI: 2, Sub-iteration number: 14, FoM: 0.489030611579352
06/06/2022 04:02:19.115 - oc_logger - INFO - New record achieved. Previous FoM: 0.489030611579352, new best FoM : 0.488944732518686
06/06/2022 04:02:19.115 - oc_logger - INFO - Function evaluation number: 281, SI: 2, Sub-iteration number: 14, FoM: 0.488944732518686
