06/05/2022 01:13:32.571 - oc_logger - INFO - The optimization direction is minimization
06/05/2022 01:13:32.582 - oc_logger - INFO - QuOCS version number: 0.0.22
06/05/2022 01:13:32.582 - oc_logger - INFO - Direct search start time has been reset.
06/05/2022 01:13:32.721 - oc_logger - INFO - New record achieved. Previous FoM: 10000000000.0, new best FoM : 0.27316874860647666
06/05/2022 01:13:32.721 - oc_logger - INFO - Function evaluation number: 1, SI: 1, Sub-iteration number: 0, FoM: 0.27316874860647666
06/05/2022 01:13:32.866 - oc_logger - INFO - Function evaluation number: 2, SI: 1, Sub-iteration number: 0, FoM: 0.27321274639245874
06/05/2022 01:13:33.001 - oc_logger - INFO - Function evaluation number: 3, SI: 1, Sub-iteration number: 0, FoM: 0.27321064588037647
06/05/2022 01:13:33.136 - oc_logger - INFO - Function evaluation number: 4, SI: 1, Sub-iteration number: 0, FoM: 0.27317365617165834
06/05/2022 01:13:33.269 - oc_logger - INFO - Function evaluation number: 5, SI: 1, Sub-iteration number: 0, FoM: 0.2732599147035242
06/05/2022 01:13:33.395 - oc_logger - INFO - New record achieved. Previous FoM: 0.27316874860647666, new best FoM : 0.27315834918028736
06/05/2022 01:13:33.395 - oc_logger - INFO - Function evaluation number: 6, SI: 1, Sub-iteration number: 0, FoM: 0.27315834918028736
06/05/2022 01:13:33.544 - oc_logger - INFO - New record achieved. Previous FoM: 0.27315834918028736, new best FoM : 0.273151667419536
06/05/2022 01:13:33.544 - oc_logger - INFO - Function evaluation number: 7, SI: 1, Sub-iteration number: 0, FoM: 0.273151667419536
06/05/2022 01:13:33.695 - oc_logger - INFO - Function evaluation number: 8, SI: 1, Sub-iteration number: 0, FoM: 0.2732277107248007
06/05/2022 01:13:33.833 - oc_logger - INFO - Function evaluation number: 9, SI: 1, Sub-iteration number: 0, FoM: 0.2731786637412714
06/05/2022 01:13:33.963 - oc_logger - INFO - Function evaluation number: 10, SI: 1, Sub-iteration number: 1, FoM: 0.2733782375898399
06/05/2022 01:13:34.090 - oc_logger - INFO - Function evaluation number: 11, SI: 1, Sub-iteration number: 1, FoM: 0.27319856618701577
06/05/2022 01:13:34.090 - oc_logger - INFO - SI 1 finished - Number of evaluations: 11, Best FoM: 0.273151667419536, Terminate reason: Convergence of the FoM.

06/05/2022 01:13:34.091 - oc_logger - INFO - Direct search start time has been reset.
06/05/2022 01:13:34.222 - oc_logger - INFO - Function evaluation number: 12, SI: 2, Sub-iteration number: 0, FoM: 0.273151667419536
06/05/2022 01:13:34.351 - oc_logger - INFO - Function evaluation number: 13, SI: 2, Sub-iteration number: 0, FoM: 0.27319399207140915
06/05/2022 01:13:34.481 - oc_logger - INFO - Function evaluation number: 14, SI: 2, Sub-iteration number: 0, FoM: 0.27318476555050486
06/05/2022 01:13:34.606 - oc_logger - INFO - Function evaluation number: 15, SI: 2, Sub-iteration number: 0, FoM: 0.273162009875659
06/05/2022 01:13:34.737 - oc_logger - INFO - New record achieved. Previous FoM: 0.273151667419536, new best FoM : 0.2730966375539936
06/05/2022 01:13:34.737 - oc_logger - INFO - Function evaluation number: 16, SI: 2, Sub-iteration number: 0, FoM: 0.2730966375539936
06/05/2022 01:13:34.856 - oc_logger - INFO - Function evaluation number: 17, SI: 2, Sub-iteration number: 0, FoM: 0.27312012107066463
06/05/2022 01:13:34.977 - oc_logger - INFO - Function evaluation number: 18, SI: 2, Sub-iteration number: 0, FoM: 0.2731574806448205
06/05/2022 01:13:35.105 - oc_logger - INFO - Function evaluation number: 19, SI: 2, Sub-iteration number: 0, FoM: 0.2732031014259091
06/05/2022 01:13:35.238 - oc_logger - INFO - Function evaluation number: 20, SI: 2, Sub-iteration number: 0, FoM: 0.27317029504668044
06/05/2022 01:13:35.363 - oc_logger - INFO - Function evaluation number: 21, SI: 2, Sub-iteration number: 1, FoM: 0.27313958585494413
06/05/2022 01:13:35.363 - oc_logger - INFO - SI 2 finished - Number of evaluations: 10, Best FoM: 0.2730966375539936, Terminate reason: Convergence of the FoM.

06/05/2022 01:13:35.364 - oc_logger - INFO - Direct search start time has been reset.
06/05/2022 01:13:35.497 - oc_logger - INFO - Function evaluation number: 22, SI: 3, Sub-iteration number: 0, FoM: 0.2730966375539936
06/05/2022 01:13:35.627 - oc_logger - INFO - Function evaluation number: 23, SI: 3, Sub-iteration number: 0, FoM: 0.2730985057537747
06/05/2022 01:13:35.755 - oc_logger - INFO - Function evaluation number: 24, SI: 3, Sub-iteration number: 0, FoM: 0.2732939430864547
06/05/2022 01:13:35.888 - oc_logger - INFO - New record achieved. Previous FoM: 0.2730966375539936, new best FoM : 0.27309144302860533
06/05/2022 01:13:35.888 - oc_logger - INFO - Function evaluation number: 25, SI: 3, Sub-iteration number: 0, FoM: 0.27309144302860533
06/05/2022 01:13:36.009 - oc_logger - INFO - New record achieved. Previous FoM: 0.27309144302860533, new best FoM : 0.27300600956064924
06/05/2022 01:13:36.009 - oc_logger - INFO - Function evaluation number: 26, SI: 3, Sub-iteration number: 0, FoM: 0.27300600956064924
06/05/2022 01:13:36.137 - oc_logger - INFO - New record achieved. Previous FoM: 0.27300600956064924, new best FoM : 0.2729974828898273
06/05/2022 01:13:36.137 - oc_logger - INFO - Function evaluation number: 27, SI: 3, Sub-iteration number: 0, FoM: 0.2729974828898273
06/05/2022 01:13:36.274 - oc_logger - INFO - Function evaluation number: 28, SI: 3, Sub-iteration number: 0, FoM: 0.2731292142215265
06/05/2022 01:13:36.400 - oc_logger - INFO - New record achieved. Previous FoM: 0.2729974828898273, new best FoM : 0.2729945489166975
06/05/2022 01:13:36.400 - oc_logger - INFO - Function evaluation number: 29, SI: 3, Sub-iteration number: 0, FoM: 0.2729945489166975
06/05/2022 01:13:36.528 - oc_logger - INFO - Function evaluation number: 30, SI: 3, Sub-iteration number: 0, FoM: 0.2731125306274689
06/05/2022 01:13:36.659 - oc_logger - INFO - Function evaluation number: 31, SI: 3, Sub-iteration number: 1, FoM: 0.2731766358320409
06/05/2022 01:13:36.781 - oc_logger - INFO - Function evaluation number: 32, SI: 3, Sub-iteration number: 1, FoM: 0.2731011242454551
06/05/2022 01:13:36.781 - oc_logger - INFO - SI 3 finished - Number of evaluations: 11, Best FoM: 0.2729945489166975, Terminate reason: Convergence of the FoM.

06/05/2022 01:13:36.781 - oc_logger - INFO - Direct search start time has been reset.
06/05/2022 01:13:36.912 - oc_logger - INFO - Function evaluation number: 33, SI: 4, Sub-iteration number: 0, FoM: 0.2729945489166975
06/05/2022 01:13:37.041 - oc_logger - INFO - Function evaluation number: 34, SI: 4, Sub-iteration number: 0, FoM: 0.2730922248487866
06/05/2022 01:13:37.179 - oc_logger - INFO - Function evaluation number: 35, SI: 4, Sub-iteration number: 0, FoM: 0.27323516201614206
06/05/2022 01:13:37.307 - oc_logger - INFO - Function evaluation number: 36, SI: 4, Sub-iteration number: 0, FoM: 0.27313065464356767
06/05/2022 01:13:37.443 - oc_logger - INFO - New record achieved. Previous FoM: 0.2729945489166975, new best FoM : 0.2728708331069942
06/05/2022 01:13:37.443 - oc_logger - INFO - Function evaluation number: 37, SI: 4, Sub-iteration number: 0, FoM: 0.2728708331069942
06/05/2022 01:13:37.580 - oc_logger - INFO - New record achieved. Previous FoM: 0.2728708331069942, new best FoM : 0.27283020186574203
06/05/2022 01:13:37.581 - oc_logger - INFO - Function evaluation number: 38, SI: 4, Sub-iteration number: 0, FoM: 0.27283020186574203
06/05/2022 01:13:37.716 - oc_logger - INFO - Function evaluation number: 39, SI: 4, Sub-iteration number: 0, FoM: 0.2729902965832809
06/05/2022 01:13:37.909 - oc_logger - INFO - Function evaluation number: 40, SI: 4, Sub-iteration number: 0, FoM: 0.2729912571914759
06/05/2022 01:13:38.067 - oc_logger - INFO - Function evaluation number: 41, SI: 4, Sub-iteration number: 0, FoM: 0.27306497637815796
06/05/2022 01:13:38.254 - oc_logger - INFO - Function evaluation number: 42, SI: 4, Sub-iteration number: 1, FoM: 0.27310052155728926
06/05/2022 01:13:38.376 - oc_logger - INFO - Function evaluation number: 43, SI: 4, Sub-iteration number: 2, FoM: 0.2731857714293683
06/05/2022 01:13:38.506 - oc_logger - INFO - Function evaluation number: 44, SI: 4, Sub-iteration number: 2, FoM: 0.27304734474799575
06/05/2022 01:13:38.506 - oc_logger - INFO - SI 4 finished - Number of evaluations: 12, Best FoM: 0.27283020186574203, Terminate reason: Convergence of the FoM.

06/05/2022 01:13:38.506 - oc_logger - INFO - Direct search start time has been reset.
06/05/2022 01:13:38.623 - oc_logger - INFO - Function evaluation number: 45, SI: 5, Sub-iteration number: 0, FoM: 0.27283020186574203
06/05/2022 01:13:38.751 - oc_logger - INFO - New record achieved. Previous FoM: 0.27283020186574203, new best FoM : 0.27273026312986204
06/05/2022 01:13:38.751 - oc_logger - INFO - Function evaluation number: 46, SI: 5, Sub-iteration number: 0, FoM: 0.27273026312986204
06/05/2022 01:13:38.889 - oc_logger - INFO - Function evaluation number: 47, SI: 5, Sub-iteration number: 0, FoM: 0.27305441636567873
06/05/2022 01:13:39.026 - oc_logger - INFO - Function evaluation number: 48, SI: 5, Sub-iteration number: 0, FoM: 0.2729250375435195
06/05/2022 01:13:39.152 - oc_logger - INFO - New record achieved. Previous FoM: 0.27273026312986204, new best FoM : 0.272633977972771
06/05/2022 01:13:39.153 - oc_logger - INFO - Function evaluation number: 49, SI: 5, Sub-iteration number: 0, FoM: 0.272633977972771
06/05/2022 01:13:39.287 - oc_logger - INFO - New record achieved. Previous FoM: 0.272633977972771, new best FoM : 0.2725733995043327
06/05/2022 01:13:39.287 - oc_logger - INFO - Function evaluation number: 50, SI: 5, Sub-iteration number: 0, FoM: 0.2725733995043327
06/05/2022 01:13:39.419 - oc_logger - INFO - Function evaluation number: 51, SI: 5, Sub-iteration number: 0, FoM: 0.27278085841027533
06/05/2022 01:13:39.548 - oc_logger - INFO - Function evaluation number: 52, SI: 5, Sub-iteration number: 0, FoM: 0.2727182290725171
06/05/2022 01:13:39.680 - oc_logger - INFO - Function evaluation number: 53, SI: 5, Sub-iteration number: 0, FoM: 0.2729113051591574
06/05/2022 01:13:39.812 - oc_logger - INFO - Function evaluation number: 54, SI: 5, Sub-iteration number: 1, FoM: 0.27275097647678503
06/05/2022 01:13:39.947 - oc_logger - INFO - Function evaluation number: 55, SI: 5, Sub-iteration number: 2, FoM: 0.27263742849262707
06/05/2022 01:13:40.077 - oc_logger - INFO - New record achieved. Previous FoM: 0.2725733995043327, new best FoM : 0.27245417373880443
06/05/2022 01:13:40.077 - oc_logger - INFO - Function evaluation number: 56, SI: 5, Sub-iteration number: 3, FoM: 0.27245417373880443
06/05/2022 01:13:40.204 - oc_logger - INFO - New record achieved. Previous FoM: 0.27245417373880443, new best FoM : 0.2723938495218423
06/05/2022 01:13:40.204 - oc_logger - INFO - Function evaluation number: 57, SI: 5, Sub-iteration number: 3, FoM: 0.2723938495218423
06/05/2022 01:13:40.336 - oc_logger - INFO - Function evaluation number: 58, SI: 5, Sub-iteration number: 4, FoM: 0.27241391172983564
06/05/2022 01:13:40.468 - oc_logger - INFO - New record achieved. Previous FoM: 0.2723938495218423, new best FoM : 0.27238109116273057
06/05/2022 01:13:40.468 - oc_logger - INFO - Function evaluation number: 59, SI: 5, Sub-iteration number: 5, FoM: 0.27238109116273057
06/05/2022 01:13:40.596 - oc_logger - INFO - New record achieved. Previous FoM: 0.27238109116273057, new best FoM : 0.27232706702957676
06/05/2022 01:13:40.596 - oc_logger - INFO - Function evaluation number: 60, SI: 5, Sub-iteration number: 5, FoM: 0.27232706702957676
06/05/2022 01:13:40.720 - oc_logger - INFO - Function evaluation number: 61, SI: 5, Sub-iteration number: 6, FoM: 0.2723995686492806
06/05/2022 01:13:40.845 - oc_logger - INFO - Function evaluation number: 62, SI: 5, Sub-iteration number: 7, FoM: 0.2723297408886405
06/05/2022 01:13:40.972 - oc_logger - INFO - New record achieved. Previous FoM: 0.27232706702957676, new best FoM : 0.2722963180011997
06/05/2022 01:13:40.972 - oc_logger - INFO - Function evaluation number: 63, SI: 5, Sub-iteration number: 8, FoM: 0.2722963180011997
06/05/2022 01:13:41.095 - oc_logger - INFO - New record achieved. Previous FoM: 0.2722963180011997, new best FoM : 0.2722741609324515
06/05/2022 01:13:41.095 - oc_logger - INFO - Function evaluation number: 64, SI: 5, Sub-iteration number: 8, FoM: 0.2722741609324515
06/05/2022 01:13:41.214 - oc_logger - INFO - New record achieved. Previous FoM: 0.2722741609324515, new best FoM : 0.2721173129397876
06/05/2022 01:13:41.214 - oc_logger - INFO - Function evaluation number: 65, SI: 5, Sub-iteration number: 9, FoM: 0.2721173129397876
06/05/2022 01:13:41.345 - oc_logger - INFO - New record achieved. Previous FoM: 0.2721173129397876, new best FoM : 0.27204195810153964
06/05/2022 01:13:41.345 - oc_logger - INFO - Function evaluation number: 66, SI: 5, Sub-iteration number: 9, FoM: 0.27204195810153964
06/05/2022 01:13:41.481 - oc_logger - INFO - New record achieved. Previous FoM: 0.27204195810153964, new best FoM : 0.2719314641632049
06/05/2022 01:13:41.481 - oc_logger - INFO - Function evaluation number: 67, SI: 5, Sub-iteration number: 10, FoM: 0.2719314641632049
06/05/2022 01:13:41.609 - oc_logger - INFO - New record achieved. Previous FoM: 0.2719314641632049, new best FoM : 0.271822239885289
06/05/2022 01:13:41.609 - oc_logger - INFO - Function evaluation number: 68, SI: 5, Sub-iteration number: 10, FoM: 0.271822239885289
06/05/2022 01:13:41.743 - oc_logger - INFO - Function evaluation number: 69, SI: 5, Sub-iteration number: 11, FoM: 0.27192583041370266
06/05/2022 01:13:41.868 - oc_logger - INFO - Function evaluation number: 70, SI: 5, Sub-iteration number: 12, FoM: 0.2718980773781876
06/05/2022 01:13:42.002 - oc_logger - INFO - Function evaluation number: 71, SI: 5, Sub-iteration number: 13, FoM: 0.27219029212004253
06/05/2022 01:13:42.125 - oc_logger - INFO - New record achieved. Previous FoM: 0.271822239885289, new best FoM : 0.27173972201070984
06/05/2022 01:13:42.125 - oc_logger - INFO - Function evaluation number: 72, SI: 5, Sub-iteration number: 14, FoM: 0.27173972201070984
06/05/2022 01:13:42.260 - oc_logger - INFO - New record achieved. Previous FoM: 0.27173972201070984, new best FoM : 0.27164884751555773
06/05/2022 01:13:42.260 - oc_logger - INFO - Function evaluation number: 73, SI: 5, Sub-iteration number: 14, FoM: 0.27164884751555773
06/05/2022 01:13:42.393 - oc_logger - INFO - New record achieved. Previous FoM: 0.27164884751555773, new best FoM : 0.2715605926951925
06/05/2022 01:13:42.393 - oc_logger - INFO - Function evaluation number: 74, SI: 5, Sub-iteration number: 15, FoM: 0.2715605926951925
06/05/2022 01:13:42.523 - oc_logger - INFO - New record achieved. Previous FoM: 0.2715605926951925, new best FoM : 0.27143637157855527
06/05/2022 01:13:42.524 - oc_logger - INFO - Function evaluation number: 75, SI: 5, Sub-iteration number: 15, FoM: 0.27143637157855527
06/05/2022 01:13:42.642 - oc_logger - INFO - New record achieved. Previous FoM: 0.27143637157855527, new best FoM : 0.2713607353206291
06/05/2022 01:13:42.643 - oc_logger - INFO - Function evaluation number: 76, SI: 5, Sub-iteration number: 16, FoM: 0.2713607353206291
06/05/2022 01:13:42.767 - oc_logger - INFO - New record achieved. Previous FoM: 0.2713607353206291, new best FoM : 0.27121517572168075
06/05/2022 01:13:42.767 - oc_logger - INFO - Function evaluation number: 77, SI: 5, Sub-iteration number: 16, FoM: 0.27121517572168075
06/05/2022 01:13:42.896 - oc_logger - INFO - New record achieved. Previous FoM: 0.27121517572168075, new best FoM : 0.27115423810905004
06/05/2022 01:13:42.896 - oc_logger - INFO - Function evaluation number: 78, SI: 5, Sub-iteration number: 17, FoM: 0.27115423810905004
06/05/2022 01:13:43.033 - oc_logger - INFO - New record achieved. Previous FoM: 0.27115423810905004, new best FoM : 0.270989616340676
06/05/2022 01:13:43.034 - oc_logger - INFO - Function evaluation number: 79, SI: 5, Sub-iteration number: 17, FoM: 0.270989616340676
06/05/2022 01:13:43.162 - oc_logger - INFO - Function evaluation number: 80, SI: 5, Sub-iteration number: 18, FoM: 0.27128061586039764
06/05/2022 01:13:43.295 - oc_logger - INFO - Function evaluation number: 81, SI: 5, Sub-iteration number: 19, FoM: 0.2710059517371486
06/05/2022 01:13:43.411 - oc_logger - INFO - New record achieved. Previous FoM: 0.270989616340676, new best FoM : 0.2707965394088372
06/05/2022 01:13:43.411 - oc_logger - INFO - Function evaluation number: 82, SI: 5, Sub-iteration number: 20, FoM: 0.2707965394088372
06/05/2022 01:13:43.543 - oc_logger - INFO - New record achieved. Previous FoM: 0.2707965394088372, new best FoM : 0.2706329090566324
06/05/2022 01:13:43.543 - oc_logger - INFO - Function evaluation number: 83, SI: 5, Sub-iteration number: 20, FoM: 0.2706329090566324
06/05/2022 01:13:43.676 - oc_logger - INFO - New record achieved. Previous FoM: 0.2706329090566324, new best FoM : 0.2704385786796779
06/05/2022 01:13:43.676 - oc_logger - INFO - Function evaluation number: 84, SI: 5, Sub-iteration number: 21, FoM: 0.2704385786796779
06/05/2022 01:13:43.803 - oc_logger - INFO - New record achieved. Previous FoM: 0.2704385786796779, new best FoM : 0.2702146295888481
06/05/2022 01:13:43.803 - oc_logger - INFO - Function evaluation number: 85, SI: 5, Sub-iteration number: 21, FoM: 0.2702146295888481
06/05/2022 01:13:43.937 - oc_logger - INFO - New record achieved. Previous FoM: 0.2702146295888481, new best FoM : 0.27013124141911704
06/05/2022 01:13:43.937 - oc_logger - INFO - Function evaluation number: 86, SI: 5, Sub-iteration number: 22, FoM: 0.27013124141911704
06/05/2022 01:13:44.070 - oc_logger - INFO - New record achieved. Previous FoM: 0.27013124141911704, new best FoM : 0.2698801797819632
06/05/2022 01:13:44.070 - oc_logger - INFO - Function evaluation number: 87, SI: 5, Sub-iteration number: 22, FoM: 0.2698801797819632
06/05/2022 01:13:44.201 - oc_logger - INFO - New record achieved. Previous FoM: 0.2698801797819632, new best FoM : 0.26987367097868664
06/05/2022 01:13:44.202 - oc_logger - INFO - Function evaluation number: 88, SI: 5, Sub-iteration number: 23, FoM: 0.26987367097868664
06/05/2022 01:13:44.324 - oc_logger - INFO - New record achieved. Previous FoM: 0.26987367097868664, new best FoM : 0.26961320620833096
06/05/2022 01:13:44.324 - oc_logger - INFO - Function evaluation number: 89, SI: 5, Sub-iteration number: 23, FoM: 0.26961320620833096
06/05/2022 01:13:44.438 - oc_logger - INFO - New record achieved. Previous FoM: 0.26961320620833096, new best FoM : 0.26957827800211165
06/05/2022 01:13:44.438 - oc_logger - INFO - Function evaluation number: 90, SI: 5, Sub-iteration number: 24, FoM: 0.26957827800211165
06/05/2022 01:13:44.571 - oc_logger - INFO - New record achieved. Previous FoM: 0.26957827800211165, new best FoM : 0.26929201489921595
06/05/2022 01:13:44.571 - oc_logger - INFO - Function evaluation number: 91, SI: 5, Sub-iteration number: 24, FoM: 0.26929201489921595
06/05/2022 01:13:44.689 - oc_logger - INFO - Function evaluation number: 92, SI: 5, Sub-iteration number: 25, FoM: 0.26964644749285704
06/05/2022 01:13:44.809 - oc_logger - INFO - New record achieved. Previous FoM: 0.26929201489921595, new best FoM : 0.2689099656225342
06/05/2022 01:13:44.809 - oc_logger - INFO - Function evaluation number: 93, SI: 5, Sub-iteration number: 26, FoM: 0.2689099656225342
06/05/2022 01:13:44.939 - oc_logger - INFO - New record achieved. Previous FoM: 0.2689099656225342, new best FoM : 0.268564248915224
06/05/2022 01:13:44.939 - oc_logger - INFO - Function evaluation number: 94, SI: 5, Sub-iteration number: 26, FoM: 0.268564248915224
06/05/2022 01:13:45.069 - oc_logger - INFO - Function evaluation number: 95, SI: 5, Sub-iteration number: 27, FoM: 0.2685841968828746
06/05/2022 01:13:45.175 - oc_logger - INFO - New record achieved. Previous FoM: 0.268564248915224, new best FoM : 0.2677518896348011
06/05/2022 01:13:45.176 - oc_logger - INFO - Function evaluation number: 96, SI: 5, Sub-iteration number: 28, FoM: 0.2677518896348011
06/05/2022 01:13:45.306 - oc_logger - INFO - New record achieved. Previous FoM: 0.2677518896348011, new best FoM : 0.2672415369688428
06/05/2022 01:13:45.306 - oc_logger - INFO - Function evaluation number: 97, SI: 5, Sub-iteration number: 28, FoM: 0.2672415369688428
06/05/2022 01:13:45.434 - oc_logger - INFO - Function evaluation number: 98, SI: 5, Sub-iteration number: 29, FoM: 0.26732897274518885
06/05/2022 01:13:45.561 - oc_logger - INFO - New record achieved. Previous FoM: 0.2672415369688428, new best FoM : 0.26705774104541247
06/05/2022 01:13:45.561 - oc_logger - INFO - Function evaluation number: 99, SI: 5, Sub-iteration number: 30, FoM: 0.26705774104541247
06/05/2022 01:13:45.690 - oc_logger - INFO - New record achieved. Previous FoM: 0.26705774104541247, new best FoM : 0.2665770639042404
06/05/2022 01:13:45.690 - oc_logger - INFO - Function evaluation number: 100, SI: 5, Sub-iteration number: 30, FoM: 0.2665770639042404
06/05/2022 01:13:45.819 - oc_logger - INFO - Function evaluation number: 101, SI: 5, Sub-iteration number: 31, FoM: 0.26668979114859703
06/05/2022 01:13:45.941 - oc_logger - INFO - Function evaluation number: 102, SI: 5, Sub-iteration number: 32, FoM: 0.2666586700526725
06/05/2022 01:13:46.067 - oc_logger - INFO - New record achieved. Previous FoM: 0.2665770639042404, new best FoM : 0.26521696885862767
06/05/2022 01:13:46.068 - oc_logger - INFO - Function evaluation number: 103, SI: 5, Sub-iteration number: 33, FoM: 0.26521696885862767
06/05/2022 01:13:46.195 - oc_logger - INFO - New record achieved. Previous FoM: 0.26521696885862767, new best FoM : 0.2645401428483144
06/05/2022 01:13:46.195 - oc_logger - INFO - Function evaluation number: 104, SI: 5, Sub-iteration number: 33, FoM: 0.2645401428483144
06/05/2022 01:13:46.329 - oc_logger - INFO - New record achieved. Previous FoM: 0.2645401428483144, new best FoM : 0.26418881854911325
06/05/2022 01:13:46.329 - oc_logger - INFO - Function evaluation number: 105, SI: 5, Sub-iteration number: 34, FoM: 0.26418881854911325
06/05/2022 01:13:46.461 - oc_logger - INFO - New record achieved. Previous FoM: 0.26418881854911325, new best FoM : 0.26337484385438203
06/05/2022 01:13:46.461 - oc_logger - INFO - Function evaluation number: 106, SI: 5, Sub-iteration number: 34, FoM: 0.26337484385438203
06/05/2022 01:13:46.595 - oc_logger - INFO - Function evaluation number: 107, SI: 5, Sub-iteration number: 35, FoM: 0.2638539926297828
06/05/2022 01:13:46.724 - oc_logger - INFO - New record achieved. Previous FoM: 0.26337484385438203, new best FoM : 0.26240280542472205
06/05/2022 01:13:46.724 - oc_logger - INFO - Function evaluation number: 108, SI: 5, Sub-iteration number: 36, FoM: 0.26240280542472205
06/05/2022 01:13:46.850 - oc_logger - INFO - New record achieved. Previous FoM: 0.26240280542472205, new best FoM : 0.26143608183820133
06/05/2022 01:13:46.850 - oc_logger - INFO - Function evaluation number: 109, SI: 5, Sub-iteration number: 36, FoM: 0.26143608183820133
06/05/2022 01:13:46.979 - oc_logger - INFO - Function evaluation number: 110, SI: 5, Sub-iteration number: 37, FoM: 0.26269521769052995
06/05/2022 01:13:47.117 - oc_logger - INFO - Function evaluation number: 111, SI: 5, Sub-iteration number: 38, FoM: 0.2614506694318296
06/05/2022 01:13:47.249 - oc_logger - INFO - New record achieved. Previous FoM: 0.26143608183820133, new best FoM : 0.2605723735680975
06/05/2022 01:13:47.249 - oc_logger - INFO - Function evaluation number: 112, SI: 5, Sub-iteration number: 39, FoM: 0.2605723735680975
06/05/2022 01:13:47.377 - oc_logger - INFO - New record achieved. Previous FoM: 0.2605723735680975, new best FoM : 0.25965501428541393
06/05/2022 01:13:47.377 - oc_logger - INFO - Function evaluation number: 113, SI: 5, Sub-iteration number: 39, FoM: 0.25965501428541393
06/05/2022 01:13:47.503 - oc_logger - INFO - New record achieved. Previous FoM: 0.25965501428541393, new best FoM : 0.25897574732074125
06/05/2022 01:13:47.504 - oc_logger - INFO - Function evaluation number: 114, SI: 5, Sub-iteration number: 40, FoM: 0.25897574732074125
06/05/2022 01:13:47.628 - oc_logger - INFO - New record achieved. Previous FoM: 0.25897574732074125, new best FoM : 0.25787220379043796
06/05/2022 01:13:47.628 - oc_logger - INFO - Function evaluation number: 115, SI: 5, Sub-iteration number: 40, FoM: 0.25787220379043796
06/05/2022 01:13:47.746 - oc_logger - INFO - New record achieved. Previous FoM: 0.25787220379043796, new best FoM : 0.25599471320479383
06/05/2022 01:13:47.746 - oc_logger - INFO - Function evaluation number: 116, SI: 5, Sub-iteration number: 41, FoM: 0.25599471320479383
06/05/2022 01:13:47.873 - oc_logger - INFO - New record achieved. Previous FoM: 0.25599471320479383, new best FoM : 0.2543028826986109
06/05/2022 01:13:47.873 - oc_logger - INFO - Function evaluation number: 117, SI: 5, Sub-iteration number: 41, FoM: 0.2543028826986109
06/05/2022 01:13:48.002 - oc_logger - INFO - Function evaluation number: 118, SI: 5, Sub-iteration number: 42, FoM: 0.25612804034213155
06/05/2022 01:13:48.128 - oc_logger - INFO - Function evaluation number: 119, SI: 5, Sub-iteration number: 43, FoM: 0.2549038233143067
06/05/2022 01:13:48.255 - oc_logger - INFO - New record achieved. Previous FoM: 0.2543028826986109, new best FoM : 0.25293890048930434
06/05/2022 01:13:48.255 - oc_logger - INFO - Function evaluation number: 120, SI: 5, Sub-iteration number: 44, FoM: 0.25293890048930434
06/05/2022 01:13:48.389 - oc_logger - INFO - New record achieved. Previous FoM: 0.25293890048930434, new best FoM : 0.25133273544016355
06/05/2022 01:13:48.389 - oc_logger - INFO - Function evaluation number: 121, SI: 5, Sub-iteration number: 44, FoM: 0.25133273544016355
06/05/2022 01:13:48.523 - oc_logger - INFO - New record achieved. Previous FoM: 0.25133273544016355, new best FoM : 0.2507416085159405
06/05/2022 01:13:48.523 - oc_logger - INFO - Function evaluation number: 122, SI: 5, Sub-iteration number: 45, FoM: 0.2507416085159405
06/05/2022 01:13:48.656 - oc_logger - INFO - New record achieved. Previous FoM: 0.2507416085159405, new best FoM : 0.24899247000033065
06/05/2022 01:13:48.656 - oc_logger - INFO - Function evaluation number: 123, SI: 5, Sub-iteration number: 45, FoM: 0.24899247000033065
06/05/2022 01:13:48.786 - oc_logger - INFO - Function evaluation number: 124, SI: 5, Sub-iteration number: 46, FoM: 0.2491376489198358
06/05/2022 01:13:48.921 - oc_logger - INFO - New record achieved. Previous FoM: 0.24899247000033065, new best FoM : 0.24559679078303975
06/05/2022 01:13:48.922 - oc_logger - INFO - Function evaluation number: 125, SI: 5, Sub-iteration number: 47, FoM: 0.24559679078303975
06/05/2022 01:13:49.051 - oc_logger - INFO - New record achieved. Previous FoM: 0.24559679078303975, new best FoM : 0.24359787182619574
06/05/2022 01:13:49.051 - oc_logger - INFO - Function evaluation number: 126, SI: 5, Sub-iteration number: 47, FoM: 0.24359787182619574
06/05/2022 01:13:49.177 - oc_logger - INFO - Function evaluation number: 127, SI: 5, Sub-iteration number: 48, FoM: 0.24396446801013705
06/05/2022 01:13:49.300 - oc_logger - INFO - New record achieved. Previous FoM: 0.24359787182619574, new best FoM : 0.24250149670260168
06/05/2022 01:13:49.300 - oc_logger - INFO - Function evaluation number: 128, SI: 5, Sub-iteration number: 49, FoM: 0.24250149670260168
06/05/2022 01:13:49.430 - oc_logger - INFO - New record achieved. Previous FoM: 0.24250149670260168, new best FoM : 0.24075752329259759
06/05/2022 01:13:49.430 - oc_logger - INFO - Function evaluation number: 129, SI: 5, Sub-iteration number: 49, FoM: 0.24075752329259759
06/05/2022 01:13:49.557 - oc_logger - INFO - New record achieved. Previous FoM: 0.24075752329259759, new best FoM : 0.24041745909138934
06/05/2022 01:13:49.557 - oc_logger - INFO - Function evaluation number: 130, SI: 5, Sub-iteration number: 50, FoM: 0.24041745909138934
06/05/2022 01:13:49.685 - oc_logger - INFO - New record achieved. Previous FoM: 0.24041745909138934, new best FoM : 0.2389415605974856
06/05/2022 01:13:49.685 - oc_logger - INFO - Function evaluation number: 131, SI: 5, Sub-iteration number: 50, FoM: 0.2389415605974856
06/05/2022 01:13:49.812 - oc_logger - INFO - New record achieved. Previous FoM: 0.2389415605974856, new best FoM : 0.23849859483874436
06/05/2022 01:13:49.812 - oc_logger - INFO - Function evaluation number: 132, SI: 5, Sub-iteration number: 51, FoM: 0.23849859483874436
06/05/2022 01:13:49.945 - oc_logger - INFO - New record achieved. Previous FoM: 0.23849859483874436, new best FoM : 0.23717678950326393
06/05/2022 01:13:49.945 - oc_logger - INFO - Function evaluation number: 133, SI: 5, Sub-iteration number: 51, FoM: 0.23717678950326393
06/05/2022 01:13:50.079 - oc_logger - INFO - New record achieved. Previous FoM: 0.23717678950326393, new best FoM : 0.2366549715147731
06/05/2022 01:13:50.079 - oc_logger - INFO - Function evaluation number: 134, SI: 5, Sub-iteration number: 52, FoM: 0.2366549715147731
06/05/2022 01:13:50.202 - oc_logger - INFO - New record achieved. Previous FoM: 0.2366549715147731, new best FoM : 0.23558830208792447
06/05/2022 01:13:50.202 - oc_logger - INFO - Function evaluation number: 135, SI: 5, Sub-iteration number: 52, FoM: 0.23558830208792447
06/05/2022 01:13:50.334 - oc_logger - INFO - New record achieved. Previous FoM: 0.23558830208792447, new best FoM : 0.23546208830159632
06/05/2022 01:13:50.334 - oc_logger - INFO - Function evaluation number: 136, SI: 5, Sub-iteration number: 53, FoM: 0.23546208830159632
06/05/2022 01:13:50.469 - oc_logger - INFO - New record achieved. Previous FoM: 0.23546208830159632, new best FoM : 0.2344724361642836
06/05/2022 01:13:50.469 - oc_logger - INFO - Function evaluation number: 137, SI: 5, Sub-iteration number: 53, FoM: 0.2344724361642836
06/05/2022 01:13:50.598 - oc_logger - INFO - Function evaluation number: 138, SI: 5, Sub-iteration number: 54, FoM: 0.2346538540645282
06/05/2022 01:13:50.723 - oc_logger - INFO - New record achieved. Previous FoM: 0.2344724361642836, new best FoM : 0.23274604870916527
06/05/2022 01:13:50.723 - oc_logger - INFO - Function evaluation number: 139, SI: 5, Sub-iteration number: 55, FoM: 0.23274604870916527
06/05/2022 01:13:50.852 - oc_logger - INFO - New record achieved. Previous FoM: 0.23274604870916527, new best FoM : 0.23188110106716486
06/05/2022 01:13:50.852 - oc_logger - INFO - Function evaluation number: 140, SI: 5, Sub-iteration number: 55, FoM: 0.23188110106716486
06/05/2022 01:13:50.988 - oc_logger - INFO - Function evaluation number: 141, SI: 5, Sub-iteration number: 56, FoM: 0.23224548259894418
06/05/2022 01:13:51.112 - oc_logger - INFO - New record achieved. Previous FoM: 0.23188110106716486, new best FoM : 0.23114156693439558
06/05/2022 01:13:51.112 - oc_logger - INFO - Function evaluation number: 142, SI: 5, Sub-iteration number: 57, FoM: 0.23114156693439558
06/05/2022 01:13:51.244 - oc_logger - INFO - New record achieved. Previous FoM: 0.23114156693439558, new best FoM : 0.2304504921554673
06/05/2022 01:13:51.244 - oc_logger - INFO - Function evaluation number: 143, SI: 5, Sub-iteration number: 57, FoM: 0.2304504921554673
06/05/2022 01:13:51.372 - oc_logger - INFO - Function evaluation number: 144, SI: 5, Sub-iteration number: 58, FoM: 0.2304717583803012
06/05/2022 01:13:51.507 - oc_logger - INFO - New record achieved. Previous FoM: 0.2304504921554673, new best FoM : 0.23001104977871867
06/05/2022 01:13:51.507 - oc_logger - INFO - Function evaluation number: 145, SI: 5, Sub-iteration number: 59, FoM: 0.23001104977871867
06/05/2022 01:13:51.627 - oc_logger - INFO - New record achieved. Previous FoM: 0.23001104977871867, new best FoM : 0.2294788249684595
06/05/2022 01:13:51.628 - oc_logger - INFO - Function evaluation number: 146, SI: 5, Sub-iteration number: 59, FoM: 0.2294788249684595
06/05/2022 01:13:51.765 - oc_logger - INFO - Function evaluation number: 147, SI: 5, Sub-iteration number: 60, FoM: 0.22958372471789268
06/05/2022 01:13:51.893 - oc_logger - INFO - New record achieved. Previous FoM: 0.2294788249684595, new best FoM : 0.22874669356282773
06/05/2022 01:13:51.894 - oc_logger - INFO - Function evaluation number: 148, SI: 5, Sub-iteration number: 61, FoM: 0.22874669356282773
06/05/2022 01:13:52.023 - oc_logger - INFO - New record achieved. Previous FoM: 0.22874669356282773, new best FoM : 0.22827919752921
06/05/2022 01:13:52.024 - oc_logger - INFO - Function evaluation number: 149, SI: 5, Sub-iteration number: 61, FoM: 0.22827919752921
06/05/2022 01:13:52.158 - oc_logger - INFO - New record achieved. Previous FoM: 0.22827919752921, new best FoM : 0.22794114261002718
06/05/2022 01:13:52.158 - oc_logger - INFO - Function evaluation number: 150, SI: 5, Sub-iteration number: 62, FoM: 0.22794114261002718
06/05/2022 01:13:52.294 - oc_logger - INFO - New record achieved. Previous FoM: 0.22794114261002718, new best FoM : 0.22745050327113991
06/05/2022 01:13:52.294 - oc_logger - INFO - Function evaluation number: 151, SI: 5, Sub-iteration number: 62, FoM: 0.22745050327113991
06/05/2022 01:13:52.418 - oc_logger - INFO - New record achieved. Previous FoM: 0.22745050327113991, new best FoM : 0.22742300423322126
06/05/2022 01:13:52.418 - oc_logger - INFO - Function evaluation number: 152, SI: 5, Sub-iteration number: 63, FoM: 0.22742300423322126
06/05/2022 01:13:52.554 - oc_logger - INFO - New record achieved. Previous FoM: 0.22742300423322126, new best FoM : 0.22704466851957383
06/05/2022 01:13:52.554 - oc_logger - INFO - Function evaluation number: 153, SI: 5, Sub-iteration number: 63, FoM: 0.22704466851957383
06/05/2022 01:13:52.670 - oc_logger - INFO - Function evaluation number: 154, SI: 5, Sub-iteration number: 64, FoM: 0.22736645523752386
06/05/2022 01:13:52.793 - oc_logger - INFO - New record achieved. Previous FoM: 0.22704466851957383, new best FoM : 0.22666678761476156
06/05/2022 01:13:52.793 - oc_logger - INFO - Function evaluation number: 155, SI: 5, Sub-iteration number: 65, FoM: 0.22666678761476156
06/05/2022 01:13:52.917 - oc_logger - INFO - New record achieved. Previous FoM: 0.22666678761476156, new best FoM : 0.22630967485791298
06/05/2022 01:13:52.917 - oc_logger - INFO - Function evaluation number: 156, SI: 5, Sub-iteration number: 65, FoM: 0.22630967485791298
06/05/2022 01:13:53.053 - oc_logger - INFO - Function evaluation number: 157, SI: 5, Sub-iteration number: 66, FoM: 0.22670872559769262
06/05/2022 01:13:53.181 - oc_logger - INFO - New record achieved. Previous FoM: 0.22630967485791298, new best FoM : 0.2262889812628468
06/05/2022 01:13:53.181 - oc_logger - INFO - Function evaluation number: 158, SI: 5, Sub-iteration number: 67, FoM: 0.2262889812628468
06/05/2022 01:13:53.313 - oc_logger - INFO - New record achieved. Previous FoM: 0.2262889812628468, new best FoM : 0.22606878028032107
06/05/2022 01:13:53.313 - oc_logger - INFO - Function evaluation number: 159, SI: 5, Sub-iteration number: 67, FoM: 0.22606878028032107
06/05/2022 01:13:53.444 - oc_logger - INFO - New record achieved. Previous FoM: 0.22606878028032107, new best FoM : 0.22554389837271305
06/05/2022 01:13:53.445 - oc_logger - INFO - Function evaluation number: 160, SI: 5, Sub-iteration number: 68, FoM: 0.22554389837271305
06/05/2022 01:13:53.580 - oc_logger - INFO - New record achieved. Previous FoM: 0.22554389837271305, new best FoM : 0.22525505154031167
06/05/2022 01:13:53.580 - oc_logger - INFO - Function evaluation number: 161, SI: 5, Sub-iteration number: 68, FoM: 0.22525505154031167
06/05/2022 01:13:53.697 - oc_logger - INFO - New record achieved. Previous FoM: 0.22525505154031167, new best FoM : 0.2250653988216883
06/05/2022 01:13:53.697 - oc_logger - INFO - Function evaluation number: 162, SI: 5, Sub-iteration number: 69, FoM: 0.2250653988216883
06/05/2022 01:13:53.815 - oc_logger - INFO - New record achieved. Previous FoM: 0.2250653988216883, new best FoM : 0.22476510405549632
06/05/2022 01:13:53.815 - oc_logger - INFO - Function evaluation number: 163, SI: 5, Sub-iteration number: 69, FoM: 0.22476510405549632
06/05/2022 01:13:53.940 - oc_logger - INFO - Function evaluation number: 164, SI: 5, Sub-iteration number: 70, FoM: 0.22509710503839242
06/05/2022 01:13:54.075 - oc_logger - INFO - Function evaluation number: 165, SI: 5, Sub-iteration number: 71, FoM: 0.22525822622249614
06/05/2022 01:13:54.204 - oc_logger - INFO - New record achieved. Previous FoM: 0.22476510405549632, new best FoM : 0.22463849945764403
06/05/2022 01:13:54.204 - oc_logger - INFO - Function evaluation number: 166, SI: 5, Sub-iteration number: 72, FoM: 0.22463849945764403
06/05/2022 01:13:54.332 - oc_logger - INFO - New record achieved. Previous FoM: 0.22463849945764403, new best FoM : 0.22443764121886067
06/05/2022 01:13:54.332 - oc_logger - INFO - Function evaluation number: 167, SI: 5, Sub-iteration number: 72, FoM: 0.22443764121886067
06/05/2022 01:13:54.456 - oc_logger - INFO - Function evaluation number: 168, SI: 5, Sub-iteration number: 73, FoM: 0.2245469848497743
06/05/2022 01:13:54.583 - oc_logger - INFO - New record achieved. Previous FoM: 0.22443764121886067, new best FoM : 0.22421850642650565
06/05/2022 01:13:54.583 - oc_logger - INFO - Function evaluation number: 169, SI: 5, Sub-iteration number: 74, FoM: 0.22421850642650565
06/05/2022 01:13:54.718 - oc_logger - INFO - New record achieved. Previous FoM: 0.22421850642650565, new best FoM : 0.22402292671646262
06/05/2022 01:13:54.718 - oc_logger - INFO - Function evaluation number: 170, SI: 5, Sub-iteration number: 74, FoM: 0.22402292671646262
06/05/2022 01:13:54.852 - oc_logger - INFO - Function evaluation number: 171, SI: 5, Sub-iteration number: 75, FoM: 0.22416539649160416
06/05/2022 01:13:54.981 - oc_logger - INFO - New record achieved. Previous FoM: 0.22402292671646262, new best FoM : 0.22366258774700887
06/05/2022 01:13:54.981 - oc_logger - INFO - Function evaluation number: 172, SI: 5, Sub-iteration number: 76, FoM: 0.22366258774700887
06/05/2022 01:13:55.116 - oc_logger - INFO - New record achieved. Previous FoM: 0.22366258774700887, new best FoM : 0.22346371604068627
06/05/2022 01:13:55.116 - oc_logger - INFO - Function evaluation number: 173, SI: 5, Sub-iteration number: 76, FoM: 0.22346371604068627
06/05/2022 01:13:55.239 - oc_logger - INFO - Function evaluation number: 174, SI: 5, Sub-iteration number: 77, FoM: 0.22359572680500872
06/05/2022 01:13:55.373 - oc_logger - INFO - Function evaluation number: 175, SI: 5, Sub-iteration number: 78, FoM: 0.22367394437056998
06/05/2022 01:13:55.502 - oc_logger - INFO - New record achieved. Previous FoM: 0.22346371604068627, new best FoM : 0.22340174313207728
06/05/2022 01:13:55.502 - oc_logger - INFO - Function evaluation number: 176, SI: 5, Sub-iteration number: 79, FoM: 0.22340174313207728
06/05/2022 01:13:55.635 - oc_logger - INFO - New record achieved. Previous FoM: 0.22340174313207728, new best FoM : 0.22327236728572286
06/05/2022 01:13:55.635 - oc_logger - INFO - Function evaluation number: 177, SI: 5, Sub-iteration number: 79, FoM: 0.22327236728572286
06/05/2022 01:13:55.768 - oc_logger - INFO - Function evaluation number: 178, SI: 5, Sub-iteration number: 80, FoM: 0.2233820865760041
06/05/2022 01:13:55.902 - oc_logger - INFO - New record achieved. Previous FoM: 0.22327236728572286, new best FoM : 0.22305645672842345
06/05/2022 01:13:55.902 - oc_logger - INFO - Function evaluation number: 179, SI: 5, Sub-iteration number: 81, FoM: 0.22305645672842345
06/05/2022 01:13:56.030 - oc_logger - INFO - New record achieved. Previous FoM: 0.22305645672842345, new best FoM : 0.22295694735732685
06/05/2022 01:13:56.030 - oc_logger - INFO - Function evaluation number: 180, SI: 5, Sub-iteration number: 81, FoM: 0.22295694735732685
06/05/2022 01:13:56.163 - oc_logger - INFO - New record achieved. Previous FoM: 0.22295694735732685, new best FoM : 0.22295578985262576
06/05/2022 01:13:56.163 - oc_logger - INFO - Function evaluation number: 181, SI: 5, Sub-iteration number: 82, FoM: 0.22295578985262576
06/05/2022 01:13:56.288 - oc_logger - INFO - New record achieved. Previous FoM: 0.22295578985262576, new best FoM : 0.22284819624049435
06/05/2022 01:13:56.289 - oc_logger - INFO - Function evaluation number: 182, SI: 5, Sub-iteration number: 82, FoM: 0.22284819624049435
06/05/2022 01:13:56.426 - oc_logger - INFO - New record achieved. Previous FoM: 0.22284819624049435, new best FoM : 0.22273781041008012
06/05/2022 01:13:56.426 - oc_logger - INFO - Function evaluation number: 183, SI: 5, Sub-iteration number: 83, FoM: 0.22273781041008012
06/05/2022 01:13:56.555 - oc_logger - INFO - New record achieved. Previous FoM: 0.22273781041008012, new best FoM : 0.22260953901697922
06/05/2022 01:13:56.555 - oc_logger - INFO - Function evaluation number: 184, SI: 5, Sub-iteration number: 83, FoM: 0.22260953901697922
06/05/2022 01:13:56.682 - oc_logger - INFO - Function evaluation number: 185, SI: 5, Sub-iteration number: 84, FoM: 0.2226110412754364
06/05/2022 01:13:56.799 - oc_logger - INFO - New record achieved. Previous FoM: 0.22260953901697922, new best FoM : 0.22244060550116673
06/05/2022 01:13:56.799 - oc_logger - INFO - Function evaluation number: 186, SI: 5, Sub-iteration number: 85, FoM: 0.22244060550116673
06/05/2022 01:13:56.921 - oc_logger - INFO - New record achieved. Previous FoM: 0.22244060550116673, new best FoM : 0.22229728149239414
06/05/2022 01:13:56.922 - oc_logger - INFO - Function evaluation number: 187, SI: 5, Sub-iteration number: 85, FoM: 0.22229728149239414
06/05/2022 01:13:57.049 - oc_logger - INFO - Function evaluation number: 188, SI: 5, Sub-iteration number: 86, FoM: 0.22254330592822702
06/05/2022 01:13:57.182 - oc_logger - INFO - Function evaluation number: 189, SI: 5, Sub-iteration number: 87, FoM: 0.22246660804939256
06/05/2022 01:13:57.304 - oc_logger - INFO - New record achieved. Previous FoM: 0.22229728149239414, new best FoM : 0.22205175924110798
06/05/2022 01:13:57.304 - oc_logger - INFO - Function evaluation number: 190, SI: 5, Sub-iteration number: 88, FoM: 0.22205175924110798
06/05/2022 01:13:57.432 - oc_logger - INFO - New record achieved. Previous FoM: 0.22205175924110798, new best FoM : 0.22192303776270517
06/05/2022 01:13:57.432 - oc_logger - INFO - Function evaluation number: 191, SI: 5, Sub-iteration number: 88, FoM: 0.22192303776270517
06/05/2022 01:13:57.564 - oc_logger - INFO - Function evaluation number: 192, SI: 5, Sub-iteration number: 89, FoM: 0.22200866393868524
06/05/2022 01:13:57.692 - oc_logger - INFO - Function evaluation number: 193, SI: 5, Sub-iteration number: 90, FoM: 0.22205906420535437
06/05/2022 01:13:57.817 - oc_logger - INFO - New record achieved. Previous FoM: 0.22192303776270517, new best FoM : 0.22180741704669393
06/05/2022 01:13:57.817 - oc_logger - INFO - Function evaluation number: 194, SI: 5, Sub-iteration number: 91, FoM: 0.22180741704669393
06/05/2022 01:13:57.936 - oc_logger - INFO - New record achieved. Previous FoM: 0.22180741704669393, new best FoM : 0.22171338794261486
06/05/2022 01:13:57.936 - oc_logger - INFO - Function evaluation number: 195, SI: 5, Sub-iteration number: 91, FoM: 0.22171338794261486
06/05/2022 01:13:58.057 - oc_logger - INFO - Function evaluation number: 196, SI: 5, Sub-iteration number: 92, FoM: 0.22187464912763843
06/05/2022 01:13:58.188 - oc_logger - INFO - Function evaluation number: 197, SI: 5, Sub-iteration number: 93, FoM: 0.22180695501151726
06/05/2022 01:13:58.314 - oc_logger - INFO - New record achieved. Previous FoM: 0.22171338794261486, new best FoM : 0.22147011355052282
06/05/2022 01:13:58.314 - oc_logger - INFO - Function evaluation number: 198, SI: 5, Sub-iteration number: 94, FoM: 0.22147011355052282
06/05/2022 01:13:58.443 - oc_logger - INFO - New record achieved. Previous FoM: 0.22147011355052282, new best FoM : 0.221342231605402
06/05/2022 01:13:58.443 - oc_logger - INFO - Function evaluation number: 199, SI: 5, Sub-iteration number: 94, FoM: 0.221342231605402
06/05/2022 01:13:58.577 - oc_logger - INFO - Function evaluation number: 200, SI: 5, Sub-iteration number: 95, FoM: 0.22136961973295355
06/05/2022 01:13:58.703 - oc_logger - INFO - Function evaluation number: 201, SI: 5, Sub-iteration number: 96, FoM: 0.22140363929706597
06/05/2022 01:13:58.831 - oc_logger - INFO - Function evaluation number: 202, SI: 5, Sub-iteration number: 97, FoM: 0.22134825188816765
06/05/2022 01:13:58.960 - oc_logger - INFO - New record achieved. Previous FoM: 0.221342231605402, new best FoM : 0.22120552679291783
06/05/2022 01:13:58.960 - oc_logger - INFO - Function evaluation number: 203, SI: 5, Sub-iteration number: 98, FoM: 0.22120552679291783
06/05/2022 01:13:59.085 - oc_logger - INFO - New record achieved. Previous FoM: 0.22120552679291783, new best FoM : 0.22108752022332967
06/05/2022 01:13:59.085 - oc_logger - INFO - Function evaluation number: 204, SI: 5, Sub-iteration number: 98, FoM: 0.22108752022332967
06/05/2022 01:13:59.221 - oc_logger - INFO - New record achieved. Previous FoM: 0.22108752022332967, new best FoM : 0.22106099156616077
06/05/2022 01:13:59.221 - oc_logger - INFO - Function evaluation number: 205, SI: 5, Sub-iteration number: 99, FoM: 0.22106099156616077
06/05/2022 01:13:59.351 - oc_logger - INFO - New record achieved. Previous FoM: 0.22106099156616077, new best FoM : 0.22093658435587293
06/05/2022 01:13:59.351 - oc_logger - INFO - Function evaluation number: 206, SI: 5, Sub-iteration number: 99, FoM: 0.22093658435587293
06/05/2022 01:13:59.483 - oc_logger - INFO - New record achieved. Previous FoM: 0.22093658435587293, new best FoM : 0.2209279467610048
06/05/2022 01:13:59.483 - oc_logger - INFO - Function evaluation number: 207, SI: 5, Sub-iteration number: 100, FoM: 0.2209279467610048
06/05/2022 01:13:59.604 - oc_logger - INFO - New record achieved. Previous FoM: 0.2209279467610048, new best FoM : 0.2208092261076814
06/05/2022 01:13:59.604 - oc_logger - INFO - Function evaluation number: 208, SI: 5, Sub-iteration number: 100, FoM: 0.2208092261076814
06/05/2022 01:13:59.737 - oc_logger - INFO - New record achieved. Previous FoM: 0.2208092261076814, new best FoM : 0.2206870032665833
06/05/2022 01:13:59.738 - oc_logger - INFO - Function evaluation number: 209, SI: 5, Sub-iteration number: 101, FoM: 0.2206870032665833
06/05/2022 01:13:59.865 - oc_logger - INFO - New record achieved. Previous FoM: 0.2206870032665833, new best FoM : 0.22057560361000939
06/05/2022 01:13:59.865 - oc_logger - INFO - Function evaluation number: 210, SI: 5, Sub-iteration number: 101, FoM: 0.22057560361000939
06/05/2022 01:14:00.001 - oc_logger - INFO - Function evaluation number: 211, SI: 5, Sub-iteration number: 102, FoM: 0.22061065175621952
06/05/2022 01:14:00.135 - oc_logger - INFO - New record achieved. Previous FoM: 0.22057560361000939, new best FoM : 0.22052040042003274
06/05/2022 01:14:00.135 - oc_logger - INFO - Function evaluation number: 212, SI: 5, Sub-iteration number: 103, FoM: 0.22052040042003274
06/05/2022 01:14:00.267 - oc_logger - INFO - New record achieved. Previous FoM: 0.22052040042003274, new best FoM : 0.22038475756162812
06/05/2022 01:14:00.267 - oc_logger - INFO - Function evaluation number: 213, SI: 5, Sub-iteration number: 103, FoM: 0.22038475756162812
06/05/2022 01:14:00.393 - oc_logger - INFO - Function evaluation number: 214, SI: 5, Sub-iteration number: 104, FoM: 0.22049817196161692
06/05/2022 01:14:00.518 - oc_logger - INFO - New record achieved. Previous FoM: 0.22038475756162812, new best FoM : 0.2203146841133823
06/05/2022 01:14:00.518 - oc_logger - INFO - Function evaluation number: 215, SI: 5, Sub-iteration number: 105, FoM: 0.2203146841133823
06/05/2022 01:14:00.645 - oc_logger - INFO - New record achieved. Previous FoM: 0.2203146841133823, new best FoM : 0.22019820828085557
06/05/2022 01:14:00.645 - oc_logger - INFO - Function evaluation number: 216, SI: 5, Sub-iteration number: 105, FoM: 0.22019820828085557
06/05/2022 01:14:00.778 - oc_logger - INFO - New record achieved. Previous FoM: 0.22019820828085557, new best FoM : 0.22013210951807072
06/05/2022 01:14:00.779 - oc_logger - INFO - Function evaluation number: 217, SI: 5, Sub-iteration number: 106, FoM: 0.22013210951807072
06/05/2022 01:14:00.904 - oc_logger - INFO - New record achieved. Previous FoM: 0.22013210951807072, new best FoM : 0.22002706100334668
06/05/2022 01:14:00.905 - oc_logger - INFO - Function evaluation number: 218, SI: 5, Sub-iteration number: 106, FoM: 0.22002706100334668
06/05/2022 01:14:01.042 - oc_logger - INFO - Function evaluation number: 219, SI: 5, Sub-iteration number: 107, FoM: 0.22003690124563835
06/05/2022 01:14:01.170 - oc_logger - INFO - New record achieved. Previous FoM: 0.22002706100334668, new best FoM : 0.21971938268252433
06/05/2022 01:14:01.170 - oc_logger - INFO - Function evaluation number: 220, SI: 5, Sub-iteration number: 108, FoM: 0.21971938268252433
06/05/2022 01:14:01.303 - oc_logger - INFO - New record achieved. Previous FoM: 0.21971938268252433, new best FoM : 0.2195587650951356
06/05/2022 01:14:01.303 - oc_logger - INFO - Function evaluation number: 221, SI: 5, Sub-iteration number: 108, FoM: 0.2195587650951356
06/05/2022 01:14:01.437 - oc_logger - INFO - Function evaluation number: 222, SI: 5, Sub-iteration number: 109, FoM: 0.21965985610066086
06/05/2022 01:14:01.562 - oc_logger - INFO - New record achieved. Previous FoM: 0.2195587650951356, new best FoM : 0.2195101231978771
06/05/2022 01:14:01.562 - oc_logger - INFO - Function evaluation number: 223, SI: 5, Sub-iteration number: 110, FoM: 0.2195101231978771
06/05/2022 01:14:01.688 - oc_logger - INFO - New record achieved. Previous FoM: 0.2195101231978771, new best FoM : 0.21936622439566822
06/05/2022 01:14:01.688 - oc_logger - INFO - Function evaluation number: 224, SI: 5, Sub-iteration number: 110, FoM: 0.21936622439566822
06/05/2022 01:14:01.811 - oc_logger - INFO - Function evaluation number: 225, SI: 5, Sub-iteration number: 111, FoM: 0.21951386987422328
06/05/2022 01:14:01.930 - oc_logger - INFO - New record achieved. Previous FoM: 0.21936622439566822, new best FoM : 0.21915695027226179
06/05/2022 01:14:01.931 - oc_logger - INFO - Function evaluation number: 226, SI: 5, Sub-iteration number: 112, FoM: 0.21915695027226179
06/05/2022 01:14:02.062 - oc_logger - INFO - New record achieved. Previous FoM: 0.21915695027226179, new best FoM : 0.21898869822984923
06/05/2022 01:14:02.062 - oc_logger - INFO - Function evaluation number: 227, SI: 5, Sub-iteration number: 112, FoM: 0.21898869822984923
06/05/2022 01:14:02.191 - oc_logger - INFO - Function evaluation number: 228, SI: 5, Sub-iteration number: 113, FoM: 0.2192575747782337
06/05/2022 01:14:02.321 - oc_logger - INFO - New record achieved. Previous FoM: 0.21898869822984923, new best FoM : 0.2189537836039266
06/05/2022 01:14:02.321 - oc_logger - INFO - Function evaluation number: 229, SI: 5, Sub-iteration number: 114, FoM: 0.2189537836039266
06/05/2022 01:14:02.447 - oc_logger - INFO - New record achieved. Previous FoM: 0.2189537836039266, new best FoM : 0.21883011426080268
06/05/2022 01:14:02.447 - oc_logger - INFO - Function evaluation number: 230, SI: 5, Sub-iteration number: 114, FoM: 0.21883011426080268
06/05/2022 01:14:02.575 - oc_logger - INFO - New record achieved. Previous FoM: 0.21883011426080268, new best FoM : 0.21867079644684972
06/05/2022 01:14:02.575 - oc_logger - INFO - Function evaluation number: 231, SI: 5, Sub-iteration number: 115, FoM: 0.21867079644684972
06/05/2022 01:14:02.693 - oc_logger - INFO - New record achieved. Previous FoM: 0.21867079644684972, new best FoM : 0.21849040375568674
06/05/2022 01:14:02.694 - oc_logger - INFO - Function evaluation number: 232, SI: 5, Sub-iteration number: 115, FoM: 0.21849040375568674
06/05/2022 01:14:02.828 - oc_logger - INFO - New record achieved. Previous FoM: 0.21849040375568674, new best FoM : 0.21821904383127755
06/05/2022 01:14:02.828 - oc_logger - INFO - Function evaluation number: 233, SI: 5, Sub-iteration number: 116, FoM: 0.21821904383127755
06/05/2022 01:14:02.961 - oc_logger - INFO - New record achieved. Previous FoM: 0.21821904383127755, new best FoM : 0.21794841248259844
06/05/2022 01:14:02.962 - oc_logger - INFO - Function evaluation number: 234, SI: 5, Sub-iteration number: 116, FoM: 0.21794841248259844
06/05/2022 01:14:03.097 - oc_logger - INFO - Function evaluation number: 235, SI: 5, Sub-iteration number: 117, FoM: 0.2183996557442942
06/05/2022 01:14:03.228 - oc_logger - INFO - Function evaluation number: 236, SI: 5, Sub-iteration number: 118, FoM: 0.21815891953131206
06/05/2022 01:14:03.355 - oc_logger - INFO - New record achieved. Previous FoM: 0.21794841248259844, new best FoM : 0.21788537346195724
06/05/2022 01:14:03.355 - oc_logger - INFO - Function evaluation number: 237, SI: 5, Sub-iteration number: 119, FoM: 0.21788537346195724
06/05/2022 01:14:03.487 - oc_logger - INFO - New record achieved. Previous FoM: 0.21788537346195724, new best FoM : 0.2177044774484852
06/05/2022 01:14:03.487 - oc_logger - INFO - Function evaluation number: 238, SI: 5, Sub-iteration number: 119, FoM: 0.2177044774484852
06/05/2022 01:14:03.623 - oc_logger - INFO - Function evaluation number: 239, SI: 5, Sub-iteration number: 120, FoM: 0.2177398109197557
06/05/2022 01:14:03.745 - oc_logger - INFO - New record achieved. Previous FoM: 0.2177044774484852, new best FoM : 0.21705658901566593
06/05/2022 01:14:03.745 - oc_logger - INFO - Function evaluation number: 240, SI: 5, Sub-iteration number: 121, FoM: 0.21705658901566593
06/05/2022 01:14:03.880 - oc_logger - INFO - New record achieved. Previous FoM: 0.21705658901566593, new best FoM : 0.21669534659467482
06/05/2022 01:14:03.880 - oc_logger - INFO - Function evaluation number: 241, SI: 5, Sub-iteration number: 121, FoM: 0.21669534659467482
06/05/2022 01:14:04.002 - oc_logger - INFO - Function evaluation number: 242, SI: 5, Sub-iteration number: 122, FoM: 0.21710538601050933
06/05/2022 01:14:04.133 - oc_logger - INFO - Function evaluation number: 243, SI: 5, Sub-iteration number: 123, FoM: 0.21671553576663716
06/05/2022 01:14:04.264 - oc_logger - INFO - New record achieved. Previous FoM: 0.21669534659467482, new best FoM : 0.2166378883979071
06/05/2022 01:14:04.264 - oc_logger - INFO - Function evaluation number: 244, SI: 5, Sub-iteration number: 124, FoM: 0.2166378883979071
06/05/2022 01:14:04.394 - oc_logger - INFO - New record achieved. Previous FoM: 0.2166378883979071, new best FoM : 0.2163962924068028
06/05/2022 01:14:04.395 - oc_logger - INFO - Function evaluation number: 245, SI: 5, Sub-iteration number: 124, FoM: 0.2163962924068028
06/05/2022 01:14:04.522 - oc_logger - INFO - New record achieved. Previous FoM: 0.2163962924068028, new best FoM : 0.21624667563231847
06/05/2022 01:14:04.522 - oc_logger - INFO - Function evaluation number: 246, SI: 5, Sub-iteration number: 125, FoM: 0.21624667563231847
06/05/2022 01:14:04.657 - oc_logger - INFO - New record achieved. Previous FoM: 0.21624667563231847, new best FoM : 0.2159700735830592
06/05/2022 01:14:04.657 - oc_logger - INFO - Function evaluation number: 247, SI: 5, Sub-iteration number: 125, FoM: 0.2159700735830592
06/05/2022 01:14:04.782 - oc_logger - INFO - New record achieved. Previous FoM: 0.2159700735830592, new best FoM : 0.21564004698587635
06/05/2022 01:14:04.783 - oc_logger - INFO - Function evaluation number: 248, SI: 5, Sub-iteration number: 126, FoM: 0.21564004698587635
06/05/2022 01:14:04.919 - oc_logger - INFO - New record achieved. Previous FoM: 0.21564004698587635, new best FoM : 0.21531096307081465
06/05/2022 01:14:04.920 - oc_logger - INFO - Function evaluation number: 249, SI: 5, Sub-iteration number: 126, FoM: 0.21531096307081465
06/05/2022 01:14:05.054 - oc_logger - INFO - Function evaluation number: 250, SI: 5, Sub-iteration number: 127, FoM: 0.21578027413204692
06/05/2022 01:14:05.187 - oc_logger - INFO - New record achieved. Previous FoM: 0.21531096307081465, new best FoM : 0.21469932561477534
06/05/2022 01:14:05.187 - oc_logger - INFO - Function evaluation number: 251, SI: 5, Sub-iteration number: 128, FoM: 0.21469932561477534
06/05/2022 01:14:05.315 - oc_logger - INFO - New record achieved. Previous FoM: 0.21469932561477534, new best FoM : 0.2142184062110778
06/05/2022 01:14:05.315 - oc_logger - INFO - Function evaluation number: 252, SI: 5, Sub-iteration number: 128, FoM: 0.2142184062110778
06/05/2022 01:14:05.449 - oc_logger - INFO - Function evaluation number: 253, SI: 5, Sub-iteration number: 129, FoM: 0.2142703434189972
06/05/2022 01:14:05.579 - oc_logger - INFO - New record achieved. Previous FoM: 0.2142184062110778, new best FoM : 0.21394465586280742
06/05/2022 01:14:05.579 - oc_logger - INFO - Function evaluation number: 254, SI: 5, Sub-iteration number: 130, FoM: 0.21394465586280742
06/05/2022 01:14:05.709 - oc_logger - INFO - New record achieved. Previous FoM: 0.21394465586280742, new best FoM : 0.21351980509431912
06/05/2022 01:14:05.709 - oc_logger - INFO - Function evaluation number: 255, SI: 5, Sub-iteration number: 130, FoM: 0.21351980509431912
06/05/2022 01:14:05.829 - oc_logger - INFO - Function evaluation number: 256, SI: 5, Sub-iteration number: 131, FoM: 0.21431768848284172
06/05/2022 01:14:05.953 - oc_logger - INFO - Function evaluation number: 257, SI: 5, Sub-iteration number: 132, FoM: 0.2136424231180476
06/05/2022 01:14:06.077 - oc_logger - INFO - New record achieved. Previous FoM: 0.21351980509431912, new best FoM : 0.21271562481862527
06/05/2022 01:14:06.077 - oc_logger - INFO - Function evaluation number: 258, SI: 5, Sub-iteration number: 133, FoM: 0.21271562481862527
06/05/2022 01:14:06.209 - oc_logger - INFO - New record achieved. Previous FoM: 0.21271562481862527, new best FoM : 0.21222018919000285
06/05/2022 01:14:06.209 - oc_logger - INFO - Function evaluation number: 259, SI: 5, Sub-iteration number: 133, FoM: 0.21222018919000285
06/05/2022 01:14:06.339 - oc_logger - INFO - Function evaluation number: 260, SI: 5, Sub-iteration number: 134, FoM: 0.21224904488809837
06/05/2022 01:14:06.474 - oc_logger - INFO - New record achieved. Previous FoM: 0.21222018919000285, new best FoM : 0.21129054140814152
06/05/2022 01:14:06.474 - oc_logger - INFO - Function evaluation number: 261, SI: 5, Sub-iteration number: 135, FoM: 0.21129054140814152
06/05/2022 01:14:06.601 - oc_logger - INFO - New record achieved. Previous FoM: 0.21129054140814152, new best FoM : 0.21097408850056343
06/05/2022 01:14:06.601 - oc_logger - INFO - Function evaluation number: 262, SI: 5, Sub-iteration number: 135, FoM: 0.21097408850056343
06/05/2022 01:14:06.733 - oc_logger - INFO - New record achieved. Previous FoM: 0.21097408850056343, new best FoM : 0.21082941951552214
06/05/2022 01:14:06.734 - oc_logger - INFO - Function evaluation number: 263, SI: 5, Sub-iteration number: 136, FoM: 0.21082941951552214
06/05/2022 01:14:06.860 - oc_logger - INFO - New record achieved. Previous FoM: 0.21082941951552214, new best FoM : 0.2103835206630026
06/05/2022 01:14:06.860 - oc_logger - INFO - Function evaluation number: 264, SI: 5, Sub-iteration number: 136, FoM: 0.2103835206630026
06/05/2022 01:14:06.981 - oc_logger - INFO - Function evaluation number: 265, SI: 5, Sub-iteration number: 137, FoM: 0.21071508901316116
06/05/2022 01:14:07.111 - oc_logger - INFO - Function evaluation number: 266, SI: 5, Sub-iteration number: 138, FoM: 0.21146430486400547
06/05/2022 01:14:07.243 - oc_logger - INFO - New record achieved. Previous FoM: 0.2103835206630026, new best FoM : 0.2102522701797478
06/05/2022 01:14:07.243 - oc_logger - INFO - Function evaluation number: 267, SI: 5, Sub-iteration number: 139, FoM: 0.2102522701797478
06/05/2022 01:14:07.375 - oc_logger - INFO - New record achieved. Previous FoM: 0.2102522701797478, new best FoM : 0.2102467157543947
06/05/2022 01:14:07.375 - oc_logger - INFO - Function evaluation number: 268, SI: 5, Sub-iteration number: 139, FoM: 0.2102467157543947
06/05/2022 01:14:07.508 - oc_logger - INFO - Function evaluation number: 269, SI: 5, Sub-iteration number: 140, FoM: 0.21406780072915588
06/05/2022 01:14:07.635 - oc_logger - INFO - Function evaluation number: 270, SI: 5, Sub-iteration number: 140, FoM: 0.21287664016770136
06/05/2022 01:14:07.770 - oc_logger - INFO - New record achieved. Previous FoM: 0.2102467157543947, new best FoM : 0.20989045270053075
06/05/2022 01:14:07.770 - oc_logger - INFO - Function evaluation number: 271, SI: 5, Sub-iteration number: 141, FoM: 0.20989045270053075
06/05/2022 01:14:07.901 - oc_logger - INFO - Function evaluation number: 272, SI: 5, Sub-iteration number: 141, FoM: 0.209960207427355
06/05/2022 01:14:08.026 - oc_logger - INFO - Function evaluation number: 273, SI: 5, Sub-iteration number: 142, FoM: 0.21229916352051237
06/05/2022 01:14:08.148 - oc_logger - INFO - Function evaluation number: 274, SI: 5, Sub-iteration number: 142, FoM: 0.21044533166150658
06/05/2022 01:14:08.271 - oc_logger - INFO - Function evaluation number: 275, SI: 5, Sub-iteration number: 143, FoM: 0.2114285011751128
06/05/2022 01:14:08.394 - oc_logger - INFO - Function evaluation number: 276, SI: 5, Sub-iteration number: 144, FoM: 0.2125204510262486
06/05/2022 01:14:08.518 - oc_logger - INFO - Function evaluation number: 277, SI: 5, Sub-iteration number: 144, FoM: 0.21144632077182823
06/05/2022 01:14:08.645 - oc_logger - INFO - New record achieved. Previous FoM: 0.20989045270053075, new best FoM : 0.20912017263483973
06/05/2022 01:14:08.646 - oc_logger - INFO - Function evaluation number: 278, SI: 5, Sub-iteration number: 145, FoM: 0.20912017263483973
06/05/2022 01:14:08.773 - oc_logger - INFO - New record achieved. Previous FoM: 0.20912017263483973, new best FoM : 0.20891709369528488
06/05/2022 01:14:08.773 - oc_logger - INFO - Function evaluation number: 279, SI: 5, Sub-iteration number: 145, FoM: 0.20891709369528488
06/05/2022 01:14:08.886 - oc_logger - INFO - Function evaluation number: 280, SI: 5, Sub-iteration number: 146, FoM: 0.2095803924863171
06/05/2022 01:14:09.006 - oc_logger - INFO - Function evaluation number: 281, SI: 5, Sub-iteration number: 147, FoM: 0.21050138429424703
06/05/2022 01:14:09.131 - oc_logger - INFO - New record achieved. Previous FoM: 0.20891709369528488, new best FoM : 0.20852672383234605
06/05/2022 01:14:09.131 - oc_logger - INFO - Function evaluation number: 282, SI: 5, Sub-iteration number: 148, FoM: 0.20852672383234605
06/05/2022 01:14:09.264 - oc_logger - INFO - New record achieved. Previous FoM: 0.20852672383234605, new best FoM : 0.2083579680105725
06/05/2022 01:14:09.264 - oc_logger - INFO - Function evaluation number: 283, SI: 5, Sub-iteration number: 148, FoM: 0.2083579680105725
06/05/2022 01:14:09.395 - oc_logger - INFO - Function evaluation number: 284, SI: 5, Sub-iteration number: 149, FoM: 0.21095486571946265
06/05/2022 01:14:09.519 - oc_logger - INFO - Function evaluation number: 285, SI: 5, Sub-iteration number: 149, FoM: 0.21003791246300374
06/05/2022 01:14:09.645 - oc_logger - INFO - Function evaluation number: 286, SI: 5, Sub-iteration number: 150, FoM: 0.21052492662587186
06/05/2022 01:14:09.770 - oc_logger - INFO - Function evaluation number: 287, SI: 5, Sub-iteration number: 150, FoM: 0.20997236984196
06/05/2022 01:14:09.899 - oc_logger - INFO - Function evaluation number: 288, SI: 5, Sub-iteration number: 151, FoM: 0.20936315179532272
06/05/2022 01:14:10.027 - oc_logger - INFO - New record achieved. Previous FoM: 0.2083579680105725, new best FoM : 0.2083420172635625
06/05/2022 01:14:10.027 - oc_logger - INFO - Function evaluation number: 289, SI: 5, Sub-iteration number: 152, FoM: 0.2083420172635625
06/05/2022 01:14:10.154 - oc_logger - INFO - New record achieved. Previous FoM: 0.2083420172635625, new best FoM : 0.20822891731109583
06/05/2022 01:14:10.154 - oc_logger - INFO - Function evaluation number: 290, SI: 5, Sub-iteration number: 152, FoM: 0.20822891731109583
06/05/2022 01:14:10.287 - oc_logger - INFO - Function evaluation number: 291, SI: 5, Sub-iteration number: 153, FoM: 0.20836497475174964
06/05/2022 01:14:10.421 - oc_logger - INFO - Function evaluation number: 292, SI: 5, Sub-iteration number: 154, FoM: 0.2083548088505105
06/05/2022 01:14:10.555 - oc_logger - INFO - Function evaluation number: 293, SI: 5, Sub-iteration number: 155, FoM: 0.20825198802268519
06/05/2022 01:14:10.690 - oc_logger - INFO - New record achieved. Previous FoM: 0.20822891731109583, new best FoM : 0.207428425272717
06/05/2022 01:14:10.690 - oc_logger - INFO - Function evaluation number: 294, SI: 5, Sub-iteration number: 156, FoM: 0.207428425272717
06/05/2022 01:14:10.814 - oc_logger - INFO - New record achieved. Previous FoM: 0.207428425272717, new best FoM : 0.20730091926258642
06/05/2022 01:14:10.814 - oc_logger - INFO - Function evaluation number: 295, SI: 5, Sub-iteration number: 156, FoM: 0.20730091926258642
06/05/2022 01:14:10.941 - oc_logger - INFO - Function evaluation number: 296, SI: 5, Sub-iteration number: 157, FoM: 0.20825118720991775
06/05/2022 01:14:11.073 - oc_logger - INFO - Function evaluation number: 297, SI: 5, Sub-iteration number: 158, FoM: 0.20783600530667012
06/05/2022 01:14:11.213 - oc_logger - INFO - New record achieved. Previous FoM: 0.20730091926258642, new best FoM : 0.20715683225653825
06/05/2022 01:14:11.213 - oc_logger - INFO - Function evaluation number: 298, SI: 5, Sub-iteration number: 159, FoM: 0.20715683225653825
06/05/2022 01:14:11.343 - oc_logger - INFO - New record achieved. Previous FoM: 0.20715683225653825, new best FoM : 0.2070649232597539
06/05/2022 01:14:11.343 - oc_logger - INFO - Function evaluation number: 299, SI: 5, Sub-iteration number: 159, FoM: 0.2070649232597539
06/05/2022 01:14:11.474 - oc_logger - INFO - Function evaluation number: 300, SI: 5, Sub-iteration number: 160, FoM: 0.2079974197639224
06/05/2022 01:14:11.607 - oc_logger - INFO - Function evaluation number: 301, SI: 5, Sub-iteration number: 161, FoM: 0.20756585447582787
06/05/2022 01:14:11.738 - oc_logger - INFO - New record achieved. Previous FoM: 0.2070649232597539, new best FoM : 0.20694948600028962
06/05/2022 01:14:11.738 - oc_logger - INFO - Function evaluation number: 302, SI: 5, Sub-iteration number: 162, FoM: 0.20694948600028962
06/05/2022 01:14:11.872 - oc_logger - INFO - New record achieved. Previous FoM: 0.20694948600028962, new best FoM : 0.20686275202119286
06/05/2022 01:14:11.872 - oc_logger - INFO - Function evaluation number: 303, SI: 5, Sub-iteration number: 162, FoM: 0.20686275202119286
06/05/2022 01:14:12.000 - oc_logger - INFO - Function evaluation number: 304, SI: 5, Sub-iteration number: 163, FoM: 0.20689686636162374
06/05/2022 01:14:12.149 - oc_logger - INFO - Function evaluation number: 305, SI: 5, Sub-iteration number: 164, FoM: 0.21069000432198215
06/05/2022 01:14:12.304 - oc_logger - INFO - Function evaluation number: 306, SI: 5, Sub-iteration number: 164, FoM: 0.2076837055305214
06/05/2022 01:14:12.431 - oc_logger - INFO - New record achieved. Previous FoM: 0.20686275202119286, new best FoM : 0.20661317715931315
06/05/2022 01:14:12.432 - oc_logger - INFO - Function evaluation number: 307, SI: 5, Sub-iteration number: 165, FoM: 0.20661317715931315
06/05/2022 01:14:12.563 - oc_logger - INFO - New record achieved. Previous FoM: 0.20661317715931315, new best FoM : 0.20652957355376478
06/05/2022 01:14:12.564 - oc_logger - INFO - Function evaluation number: 308, SI: 5, Sub-iteration number: 165, FoM: 0.20652957355376478
06/05/2022 01:14:12.698 - oc_logger - INFO - Function evaluation number: 309, SI: 5, Sub-iteration number: 166, FoM: 0.20711310429069762
06/05/2022 01:14:12.833 - oc_logger - INFO - Function evaluation number: 310, SI: 5, Sub-iteration number: 167, FoM: 0.2068469562996058
06/05/2022 01:14:12.963 - oc_logger - INFO - Function evaluation number: 311, SI: 5, Sub-iteration number: 168, FoM: 0.2067739861539173
06/05/2022 01:14:13.103 - oc_logger - INFO - Function evaluation number: 312, SI: 5, Sub-iteration number: 169, FoM: 0.20693404306779373
06/05/2022 01:14:13.241 - oc_logger - INFO - New record achieved. Previous FoM: 0.20652957355376478, new best FoM : 0.20637600165065106
06/05/2022 01:14:13.241 - oc_logger - INFO - Function evaluation number: 313, SI: 5, Sub-iteration number: 170, FoM: 0.20637600165065106
06/05/2022 01:14:13.385 - oc_logger - INFO - New record achieved. Previous FoM: 0.20637600165065106, new best FoM : 0.20634670478988892
06/05/2022 01:14:13.385 - oc_logger - INFO - Function evaluation number: 314, SI: 5, Sub-iteration number: 170, FoM: 0.20634670478988892
06/05/2022 01:14:13.536 - oc_logger - INFO - Function evaluation number: 315, SI: 5, Sub-iteration number: 171, FoM: 0.2066294856421056
06/05/2022 01:14:13.681 - oc_logger - INFO - Function evaluation number: 316, SI: 5, Sub-iteration number: 172, FoM: 0.20656397838534268
06/05/2022 01:14:13.837 - oc_logger - INFO - Function evaluation number: 317, SI: 5, Sub-iteration number: 173, FoM: 0.20689863495590766
06/05/2022 01:14:13.979 - oc_logger - INFO - Function evaluation number: 318, SI: 5, Sub-iteration number: 173, FoM: 0.20670882646119815
06/05/2022 01:14:14.116 - oc_logger - INFO - Function evaluation number: 319, SI: 5, Sub-iteration number: 174, FoM: 0.20635316153910854
06/05/2022 01:14:14.242 - oc_logger - INFO - New record achieved. Previous FoM: 0.20634670478988892, new best FoM : 0.20622587915252677
06/05/2022 01:14:14.242 - oc_logger - INFO - Function evaluation number: 320, SI: 5, Sub-iteration number: 175, FoM: 0.20622587915252677
06/05/2022 01:14:14.377 - oc_logger - INFO - New record achieved. Previous FoM: 0.20622587915252677, new best FoM : 0.20618765133975914
06/05/2022 01:14:14.377 - oc_logger - INFO - Function evaluation number: 321, SI: 5, Sub-iteration number: 175, FoM: 0.20618765133975914
06/05/2022 01:14:14.504 - oc_logger - INFO - Function evaluation number: 322, SI: 5, Sub-iteration number: 176, FoM: 0.20683523380167745
06/05/2022 01:14:14.636 - oc_logger - INFO - Function evaluation number: 323, SI: 5, Sub-iteration number: 176, FoM: 0.20660895326119655
06/05/2022 01:14:14.750 - oc_logger - INFO - Function evaluation number: 324, SI: 5, Sub-iteration number: 177, FoM: 0.20626078606563647
06/05/2022 01:14:14.876 - oc_logger - INFO - New record achieved. Previous FoM: 0.20618765133975914, new best FoM : 0.20616066110802045
06/05/2022 01:14:14.876 - oc_logger - INFO - Function evaluation number: 325, SI: 5, Sub-iteration number: 178, FoM: 0.20616066110802045
06/05/2022 01:14:15.010 - oc_logger - INFO - New record achieved. Previous FoM: 0.20616066110802045, new best FoM : 0.20614445855306884
06/05/2022 01:14:15.010 - oc_logger - INFO - Function evaluation number: 326, SI: 5, Sub-iteration number: 178, FoM: 0.20614445855306884
06/05/2022 01:14:15.143 - oc_logger - INFO - Function evaluation number: 327, SI: 5, Sub-iteration number: 179, FoM: 0.2063217929400134
06/05/2022 01:14:15.263 - oc_logger - INFO - Function evaluation number: 328, SI: 5, Sub-iteration number: 180, FoM: 0.2064666457445441
06/05/2022 01:14:15.399 - oc_logger - INFO - Function evaluation number: 329, SI: 5, Sub-iteration number: 181, FoM: 0.20621511327922526
06/05/2022 01:14:15.530 - oc_logger - INFO - New record achieved. Previous FoM: 0.20614445855306884, new best FoM : 0.2060922643996438
06/05/2022 01:14:15.530 - oc_logger - INFO - Function evaluation number: 330, SI: 5, Sub-iteration number: 182, FoM: 0.2060922643996438
06/05/2022 01:14:15.661 - oc_logger - INFO - New record achieved. Previous FoM: 0.2060922643996438, new best FoM : 0.20607762349258607
06/05/2022 01:14:15.661 - oc_logger - INFO - Function evaluation number: 331, SI: 5, Sub-iteration number: 182, FoM: 0.20607762349258607
06/05/2022 01:14:15.791 - oc_logger - INFO - Function evaluation number: 332, SI: 5, Sub-iteration number: 183, FoM: 0.2064698665429925
06/05/2022 01:14:15.924 - oc_logger - INFO - Function evaluation number: 333, SI: 5, Sub-iteration number: 183, FoM: 0.20629582076395814
06/05/2022 01:14:16.052 - oc_logger - INFO - Function evaluation number: 334, SI: 5, Sub-iteration number: 184, FoM: 0.20611317458032374
06/05/2022 01:14:16.186 - oc_logger - INFO - New record achieved. Previous FoM: 0.20607762349258607, new best FoM : 0.20604584737344012
06/05/2022 01:14:16.186 - oc_logger - INFO - Function evaluation number: 335, SI: 5, Sub-iteration number: 185, FoM: 0.20604584737344012
06/05/2022 01:14:16.321 - oc_logger - INFO - New record achieved. Previous FoM: 0.20604584737344012, new best FoM : 0.20602234093001248
06/05/2022 01:14:16.321 - oc_logger - INFO - Function evaluation number: 336, SI: 5, Sub-iteration number: 185, FoM: 0.20602234093001248
06/05/2022 01:14:16.452 - oc_logger - INFO - Function evaluation number: 337, SI: 5, Sub-iteration number: 186, FoM: 0.20608162631363025
06/05/2022 01:14:16.583 - oc_logger - INFO - Function evaluation number: 338, SI: 5, Sub-iteration number: 187, FoM: 0.20606895040283635
06/05/2022 01:14:16.719 - oc_logger - INFO - Function evaluation number: 339, SI: 5, Sub-iteration number: 188, FoM: 0.20603865648531294
06/05/2022 01:14:16.720 - oc_logger - INFO - SI 5 finished - Number of evaluations: 295, Best FoM: 0.20602234093001248, Terminate reason: Convergence of the FoM.

06/05/2022 01:14:16.720 - oc_logger - INFO - Figure of merit : 0.20602234093001248
06/05/2022 01:14:16.720 - oc_logger - INFO - Std : 0.0
06/05/2022 01:14:16.720 - oc_logger - INFO - total number of function evaluations : 339
06/05/2022 01:14:16.721 - oc_logger - INFO - dcrab_freq_list : [array([[0.29510436, 0.63772057, 0.78317457, 1.35961526]]), array([[0.17080701, 0.43494269, 1.03944164, 1.30215524]]), array([[0.1489502 , 0.65982978, 1.11290066, 1.21051654]]), array([[0.03588261, 0.55416774, 0.9509519 , 1.44343514]]), array([[0.2369362 , 0.67491338, 1.09774414, 1.38884221]])]
06/05/2022 01:14:16.721 - oc_logger - INFO - dcrab_para_list : [array([ 8.78882674e-02,  7.74464149e-03,  3.69272021e-02,  5.76844689e-02,
        2.20043446e-02,  3.34724313e-01, -1.24764306e-17,  4.80947675e-18]), array([ 4.80457817e-02,  1.30668964e-02,  2.52161959e-02,  3.49120327e-01,
       -5.79320693e-18, -8.85872226e-18, -1.15291783e-17,  1.62989504e-18]), array([0.04984326, 0.00137614, 0.01760137, 0.02023753, 0.02044251,
       0.02611977, 0.34741078, 0.        ]), array([ 2.78090335e-02, -9.61257941e-03,  4.40896281e-03, -2.09796663e-02,
        3.51674097e-01, -2.57751388e-18, -2.96893777e-18, -1.05087878e-18]), array([-17.58193069,  20.25019079,  -6.01996051,  22.34285173,
        46.23743566, -31.63412057,   5.10777391,  -6.25814088])]
06/05/2022 01:14:16.721 - oc_logger - INFO - terminate_reason : Convergence of the FoM.
