06/06/2022 04:02:27.548 - oc_logger - INFO - The optimization direction is minimization
06/06/2022 04:02:27.550 - oc_logger - INFO - QuOCS version number: 0.0.22
06/06/2022 04:02:27.550 - oc_logger - INFO - Direct search start time has been reset.
06/06/2022 04:02:27.696 - oc_logger - INFO - New record achieved. Previous FoM: 10000000000.0, new best FoM : 0.3052110921356108
06/06/2022 04:02:27.696 - oc_logger - INFO - Function evaluation number: 1, SI: 1, Sub-iteration number: 0, FoM: 0.3052110921356108
06/06/2022 04:02:27.848 - oc_logger - INFO - New record achieved. Previous FoM: 0.3052110921356108, new best FoM : 0.3030990434671278
06/06/2022 04:02:27.851 - oc_logger - INFO - Function evaluation number: 2, SI: 1, Sub-iteration number: 0, FoM: 0.3030990434671278
06/06/2022 04:02:27.997 - oc_logger - INFO - Function evaluation number: 3, SI: 1, Sub-iteration number: 0, FoM: 0.3042394495810624
06/06/2022 04:02:28.145 - oc_logger - INFO - Function evaluation number: 4, SI: 1, Sub-iteration number: 0, FoM: 0.3047868839577943
06/06/2022 04:02:28.296 - oc_logger - INFO - Function evaluation number: 5, SI: 1, Sub-iteration number: 0, FoM: 0.3060762542004839
06/06/2022 04:02:28.450 - oc_logger - INFO - Function evaluation number: 6, SI: 1, Sub-iteration number: 0, FoM: 0.30572949379550307
06/06/2022 04:02:28.597 - oc_logger - INFO - Function evaluation number: 7, SI: 1, Sub-iteration number: 0, FoM: 0.30589831417534086
06/06/2022 04:02:28.741 - oc_logger - INFO - Function evaluation number: 8, SI: 1, Sub-iteration number: 0, FoM: 0.30511322959720943
06/06/2022 04:02:28.889 - oc_logger - INFO - Function evaluation number: 9, SI: 1, Sub-iteration number: 0, FoM: 0.30559064466787955
06/06/2022 04:02:29.033 - oc_logger - INFO - Function evaluation number: 10, SI: 1, Sub-iteration number: 0, FoM: 0.3038791241555562
06/06/2022 04:02:29.178 - oc_logger - INFO - Function evaluation number: 11, SI: 1, Sub-iteration number: 1, FoM: 0.30346911898613704
06/06/2022 04:02:29.318 - oc_logger - INFO - Function evaluation number: 12, SI: 1, Sub-iteration number: 2, FoM: 0.30334403552448075
06/06/2022 04:02:29.467 - oc_logger - INFO - New record achieved. Previous FoM: 0.3030990434671278, new best FoM : 0.3029330640673893
06/06/2022 04:02:29.467 - oc_logger - INFO - Function evaluation number: 13, SI: 1, Sub-iteration number: 3, FoM: 0.3029330640673893
06/06/2022 04:02:29.618 - oc_logger - INFO - New record achieved. Previous FoM: 0.3029330640673893, new best FoM : 0.3026600004020241
06/06/2022 04:02:29.618 - oc_logger - INFO - Function evaluation number: 14, SI: 1, Sub-iteration number: 3, FoM: 0.3026600004020241
06/06/2022 04:02:29.768 - oc_logger - INFO - New record achieved. Previous FoM: 0.3026600004020241, new best FoM : 0.30256917405368533
06/06/2022 04:02:29.768 - oc_logger - INFO - Function evaluation number: 15, SI: 1, Sub-iteration number: 4, FoM: 0.30256917405368533
06/06/2022 04:02:29.918 - oc_logger - INFO - New record achieved. Previous FoM: 0.30256917405368533, new best FoM : 0.3023063656064987
06/06/2022 04:02:29.918 - oc_logger - INFO - Function evaluation number: 16, SI: 1, Sub-iteration number: 4, FoM: 0.3023063656064987
06/06/2022 04:02:30.075 - oc_logger - INFO - New record achieved. Previous FoM: 0.3023063656064987, new best FoM : 0.30227411912399216
06/06/2022 04:02:30.075 - oc_logger - INFO - Function evaluation number: 17, SI: 1, Sub-iteration number: 5, FoM: 0.30227411912399216
06/06/2022 04:02:30.224 - oc_logger - INFO - New record achieved. Previous FoM: 0.30227411912399216, new best FoM : 0.3020174925368302
06/06/2022 04:02:30.224 - oc_logger - INFO - Function evaluation number: 18, SI: 1, Sub-iteration number: 5, FoM: 0.3020174925368302
06/06/2022 04:02:30.373 - oc_logger - INFO - New record achieved. Previous FoM: 0.3020174925368302, new best FoM : 0.3018822159484733
06/06/2022 04:02:30.373 - oc_logger - INFO - Function evaluation number: 19, SI: 1, Sub-iteration number: 6, FoM: 0.3018822159484733
06/06/2022 04:02:30.550 - oc_logger - INFO - New record achieved. Previous FoM: 0.3018822159484733, new best FoM : 0.3016410126956085
06/06/2022 04:02:30.550 - oc_logger - INFO - Function evaluation number: 20, SI: 1, Sub-iteration number: 6, FoM: 0.3016410126956085
06/06/2022 04:02:30.703 - oc_logger - INFO - New record achieved. Previous FoM: 0.3016410126956085, new best FoM : 0.30141195037077206
06/06/2022 04:02:30.704 - oc_logger - INFO - Function evaluation number: 21, SI: 1, Sub-iteration number: 7, FoM: 0.30141195037077206
06/06/2022 04:02:30.864 - oc_logger - INFO - New record achieved. Previous FoM: 0.30141195037077206, new best FoM : 0.3011379606788738
06/06/2022 04:02:30.864 - oc_logger - INFO - Function evaluation number: 22, SI: 1, Sub-iteration number: 7, FoM: 0.3011379606788738
06/06/2022 04:02:31.024 - oc_logger - INFO - Function evaluation number: 23, SI: 1, Sub-iteration number: 8, FoM: 0.30141936579463713
06/06/2022 04:02:31.175 - oc_logger - INFO - New record achieved. Previous FoM: 0.3011379606788738, new best FoM : 0.3011026086410118
06/06/2022 04:02:31.175 - oc_logger - INFO - Function evaluation number: 24, SI: 1, Sub-iteration number: 9, FoM: 0.3011026086410118
06/06/2022 04:02:31.330 - oc_logger - INFO - New record achieved. Previous FoM: 0.3011026086410118, new best FoM : 0.3009041946815576
06/06/2022 04:02:31.331 - oc_logger - INFO - Function evaluation number: 25, SI: 1, Sub-iteration number: 9, FoM: 0.3009041946815576
06/06/2022 04:02:31.490 - oc_logger - INFO - Function evaluation number: 26, SI: 1, Sub-iteration number: 10, FoM: 0.3011848278802821
06/06/2022 04:02:31.638 - oc_logger - INFO - New record achieved. Previous FoM: 0.3009041946815576, new best FoM : 0.30075993824970515
06/06/2022 04:02:31.638 - oc_logger - INFO - Function evaluation number: 27, SI: 1, Sub-iteration number: 11, FoM: 0.30075993824970515
06/06/2022 04:02:31.787 - oc_logger - INFO - New record achieved. Previous FoM: 0.30075993824970515, new best FoM : 0.3006270417327104
06/06/2022 04:02:31.788 - oc_logger - INFO - Function evaluation number: 28, SI: 1, Sub-iteration number: 11, FoM: 0.3006270417327104
06/06/2022 04:02:31.937 - oc_logger - INFO - New record achieved. Previous FoM: 0.3006270417327104, new best FoM : 0.2998554601170541
06/06/2022 04:02:31.937 - oc_logger - INFO - Function evaluation number: 29, SI: 1, Sub-iteration number: 12, FoM: 0.2998554601170541
06/06/2022 04:02:32.081 - oc_logger - INFO - New record achieved. Previous FoM: 0.2998554601170541, new best FoM : 0.2995209944241023
06/06/2022 04:02:32.082 - oc_logger - INFO - Function evaluation number: 30, SI: 1, Sub-iteration number: 12, FoM: 0.2995209944241023
06/06/2022 04:02:32.233 - oc_logger - INFO - Function evaluation number: 31, SI: 1, Sub-iteration number: 13, FoM: 0.30046269901594125
06/06/2022 04:02:32.385 - oc_logger - INFO - Function evaluation number: 32, SI: 1, Sub-iteration number: 14, FoM: 0.3003389054966298
06/06/2022 04:02:32.530 - oc_logger - INFO - Function evaluation number: 33, SI: 1, Sub-iteration number: 15, FoM: 0.3003244487643597
06/06/2022 04:02:32.664 - oc_logger - INFO - Function evaluation number: 34, SI: 1, Sub-iteration number: 16, FoM: 0.3001322165043391
06/06/2022 04:02:32.806 - oc_logger - INFO - Function evaluation number: 35, SI: 1, Sub-iteration number: 17, FoM: 0.2998859276871717
06/06/2022 04:02:32.941 - oc_logger - INFO - New record achieved. Previous FoM: 0.2995209944241023, new best FoM : 0.29937519601892004
06/06/2022 04:02:32.941 - oc_logger - INFO - Function evaluation number: 36, SI: 1, Sub-iteration number: 18, FoM: 0.29937519601892004
06/06/2022 04:02:33.112 - oc_logger - INFO - New record achieved. Previous FoM: 0.29937519601892004, new best FoM : 0.2991913108176808
06/06/2022 04:02:33.113 - oc_logger - INFO - Function evaluation number: 37, SI: 1, Sub-iteration number: 18, FoM: 0.2991913108176808
06/06/2022 04:02:33.260 - oc_logger - INFO - Function evaluation number: 38, SI: 1, Sub-iteration number: 19, FoM: 0.3003171699569196
06/06/2022 04:02:33.406 - oc_logger - INFO - Function evaluation number: 39, SI: 1, Sub-iteration number: 20, FoM: 0.30013570523272637
06/06/2022 04:02:33.551 - oc_logger - INFO - Function evaluation number: 40, SI: 1, Sub-iteration number: 21, FoM: 0.29967310744648934
06/06/2022 04:02:33.701 - oc_logger - INFO - Function evaluation number: 41, SI: 1, Sub-iteration number: 22, FoM: 0.29943022174615785
06/06/2022 04:02:33.858 - oc_logger - INFO - Function evaluation number: 42, SI: 1, Sub-iteration number: 23, FoM: 0.2992812253550219
06/06/2022 04:02:34.002 - oc_logger - INFO - New record achieved. Previous FoM: 0.2991913108176808, new best FoM : 0.2988494501520943
06/06/2022 04:02:34.002 - oc_logger - INFO - Function evaluation number: 43, SI: 1, Sub-iteration number: 24, FoM: 0.2988494501520943
06/06/2022 04:02:34.147 - oc_logger - INFO - New record achieved. Previous FoM: 0.2988494501520943, new best FoM : 0.29868048497128785
06/06/2022 04:02:34.148 - oc_logger - INFO - Function evaluation number: 44, SI: 1, Sub-iteration number: 24, FoM: 0.29868048497128785
06/06/2022 04:02:34.297 - oc_logger - INFO - New record achieved. Previous FoM: 0.29868048497128785, new best FoM : 0.29860267382556727
06/06/2022 04:02:34.297 - oc_logger - INFO - Function evaluation number: 45, SI: 1, Sub-iteration number: 25, FoM: 0.29860267382556727
06/06/2022 04:02:34.445 - oc_logger - INFO - New record achieved. Previous FoM: 0.29860267382556727, new best FoM : 0.2984320345178191
06/06/2022 04:02:34.445 - oc_logger - INFO - Function evaluation number: 46, SI: 1, Sub-iteration number: 25, FoM: 0.2984320345178191
06/06/2022 04:02:34.600 - oc_logger - INFO - Function evaluation number: 47, SI: 1, Sub-iteration number: 26, FoM: 0.2986968854381855
06/06/2022 04:02:34.757 - oc_logger - INFO - New record achieved. Previous FoM: 0.2984320345178191, new best FoM : 0.2977274028715978
06/06/2022 04:02:34.757 - oc_logger - INFO - Function evaluation number: 48, SI: 1, Sub-iteration number: 27, FoM: 0.2977274028715978
06/06/2022 04:02:34.908 - oc_logger - INFO - New record achieved. Previous FoM: 0.2977274028715978, new best FoM : 0.2974002466495972
06/06/2022 04:02:34.908 - oc_logger - INFO - Function evaluation number: 49, SI: 1, Sub-iteration number: 27, FoM: 0.2974002466495972
06/06/2022 04:02:35.067 - oc_logger - INFO - Function evaluation number: 50, SI: 1, Sub-iteration number: 28, FoM: 0.2974411227298668
06/06/2022 04:02:35.219 - oc_logger - INFO - Function evaluation number: 51, SI: 1, Sub-iteration number: 29, FoM: 0.29764688520959937
06/06/2022 04:02:35.365 - oc_logger - INFO - Function evaluation number: 52, SI: 1, Sub-iteration number: 30, FoM: 0.29828378597797056
06/06/2022 04:02:35.514 - oc_logger - INFO - New record achieved. Previous FoM: 0.2974002466495972, new best FoM : 0.2970423530957922
06/06/2022 04:02:35.514 - oc_logger - INFO - Function evaluation number: 53, SI: 1, Sub-iteration number: 31, FoM: 0.2970423530957922
06/06/2022 04:02:35.656 - oc_logger - INFO - New record achieved. Previous FoM: 0.2970423530957922, new best FoM : 0.2967897658442916
06/06/2022 04:02:35.657 - oc_logger - INFO - Function evaluation number: 54, SI: 1, Sub-iteration number: 31, FoM: 0.2967897658442916
06/06/2022 04:02:35.801 - oc_logger - INFO - Function evaluation number: 55, SI: 1, Sub-iteration number: 32, FoM: 0.2968149292908586
06/06/2022 04:02:35.940 - oc_logger - INFO - New record achieved. Previous FoM: 0.2967897658442916, new best FoM : 0.29583098677668773
06/06/2022 04:02:35.940 - oc_logger - INFO - Function evaluation number: 56, SI: 1, Sub-iteration number: 33, FoM: 0.29583098677668773
06/06/2022 04:02:36.088 - oc_logger - INFO - New record achieved. Previous FoM: 0.29583098677668773, new best FoM : 0.29538948491418515
06/06/2022 04:02:36.088 - oc_logger - INFO - Function evaluation number: 57, SI: 1, Sub-iteration number: 33, FoM: 0.29538948491418515
06/06/2022 04:02:36.237 - oc_logger - INFO - Function evaluation number: 58, SI: 1, Sub-iteration number: 34, FoM: 0.296102361444057
06/06/2022 04:02:36.389 - oc_logger - INFO - Function evaluation number: 59, SI: 1, Sub-iteration number: 35, FoM: 0.2955007032965391
06/06/2022 04:02:36.530 - oc_logger - INFO - New record achieved. Previous FoM: 0.29538948491418515, new best FoM : 0.29472632103667284
06/06/2022 04:02:36.530 - oc_logger - INFO - Function evaluation number: 60, SI: 1, Sub-iteration number: 36, FoM: 0.29472632103667284
06/06/2022 04:02:36.681 - oc_logger - INFO - New record achieved. Previous FoM: 0.29472632103667284, new best FoM : 0.2942649641379511
06/06/2022 04:02:36.681 - oc_logger - INFO - Function evaluation number: 61, SI: 1, Sub-iteration number: 36, FoM: 0.2942649641379511
06/06/2022 04:02:36.833 - oc_logger - INFO - Function evaluation number: 62, SI: 1, Sub-iteration number: 37, FoM: 0.29556413715993624
06/06/2022 04:02:36.983 - oc_logger - INFO - Function evaluation number: 63, SI: 1, Sub-iteration number: 38, FoM: 0.29437998264099496
06/06/2022 04:02:37.136 - oc_logger - INFO - New record achieved. Previous FoM: 0.2942649641379511, new best FoM : 0.29374116173429743
06/06/2022 04:02:37.136 - oc_logger - INFO - Function evaluation number: 64, SI: 1, Sub-iteration number: 39, FoM: 0.29374116173429743
06/06/2022 04:02:37.288 - oc_logger - INFO - New record achieved. Previous FoM: 0.29374116173429743, new best FoM : 0.2932941399609458
06/06/2022 04:02:37.288 - oc_logger - INFO - Function evaluation number: 65, SI: 1, Sub-iteration number: 39, FoM: 0.2932941399609458
06/06/2022 04:02:37.439 - oc_logger - INFO - New record achieved. Previous FoM: 0.2932941399609458, new best FoM : 0.29287675725112383
06/06/2022 04:02:37.440 - oc_logger - INFO - Function evaluation number: 66, SI: 1, Sub-iteration number: 40, FoM: 0.29287675725112383
06/06/2022 04:02:37.592 - oc_logger - INFO - New record achieved. Previous FoM: 0.29287675725112383, new best FoM : 0.2923415144992635
06/06/2022 04:02:37.592 - oc_logger - INFO - Function evaluation number: 67, SI: 1, Sub-iteration number: 40, FoM: 0.2923415144992635
06/06/2022 04:02:37.743 - oc_logger - INFO - Function evaluation number: 68, SI: 1, Sub-iteration number: 41, FoM: 0.2925649981728121
06/06/2022 04:02:37.892 - oc_logger - INFO - New record achieved. Previous FoM: 0.2923415144992635, new best FoM : 0.29134197241941184
06/06/2022 04:02:37.892 - oc_logger - INFO - Function evaluation number: 69, SI: 1, Sub-iteration number: 42, FoM: 0.29134197241941184
06/06/2022 04:02:38.044 - oc_logger - INFO - New record achieved. Previous FoM: 0.29134197241941184, new best FoM : 0.2906543240090802
06/06/2022 04:02:38.044 - oc_logger - INFO - Function evaluation number: 70, SI: 1, Sub-iteration number: 42, FoM: 0.2906543240090802
06/06/2022 04:02:38.197 - oc_logger - INFO - Function evaluation number: 71, SI: 1, Sub-iteration number: 43, FoM: 0.29172384611648206
06/06/2022 04:02:38.345 - oc_logger - INFO - Function evaluation number: 72, SI: 1, Sub-iteration number: 44, FoM: 0.2918908923598065
06/06/2022 04:02:38.485 - oc_logger - INFO - New record achieved. Previous FoM: 0.2906543240090802, new best FoM : 0.29011680337640566
06/06/2022 04:02:38.485 - oc_logger - INFO - Function evaluation number: 73, SI: 1, Sub-iteration number: 45, FoM: 0.29011680337640566
06/06/2022 04:02:38.630 - oc_logger - INFO - New record achieved. Previous FoM: 0.29011680337640566, new best FoM : 0.2895106677987207
06/06/2022 04:02:38.631 - oc_logger - INFO - Function evaluation number: 74, SI: 1, Sub-iteration number: 45, FoM: 0.2895106677987207
06/06/2022 04:02:38.781 - oc_logger - INFO - New record achieved. Previous FoM: 0.2895106677987207, new best FoM : 0.28841136350029295
06/06/2022 04:02:38.781 - oc_logger - INFO - Function evaluation number: 75, SI: 1, Sub-iteration number: 46, FoM: 0.28841136350029295
06/06/2022 04:02:38.970 - oc_logger - INFO - New record achieved. Previous FoM: 0.28841136350029295, new best FoM : 0.2875233665532101
06/06/2022 04:02:38.970 - oc_logger - INFO - Function evaluation number: 76, SI: 1, Sub-iteration number: 46, FoM: 0.2875233665532101
06/06/2022 04:02:39.115 - oc_logger - INFO - Function evaluation number: 77, SI: 1, Sub-iteration number: 47, FoM: 0.2881935649889672
06/06/2022 04:02:39.263 - oc_logger - INFO - New record achieved. Previous FoM: 0.2875233665532101, new best FoM : 0.28711829536807876
06/06/2022 04:02:39.263 - oc_logger - INFO - Function evaluation number: 78, SI: 1, Sub-iteration number: 48, FoM: 0.28711829536807876
06/06/2022 04:02:39.411 - oc_logger - INFO - New record achieved. Previous FoM: 0.28711829536807876, new best FoM : 0.28631658993116416
06/06/2022 04:02:39.411 - oc_logger - INFO - Function evaluation number: 79, SI: 1, Sub-iteration number: 48, FoM: 0.28631658993116416
06/06/2022 04:02:39.561 - oc_logger - INFO - Function evaluation number: 80, SI: 1, Sub-iteration number: 49, FoM: 0.28633097367091653
06/06/2022 04:02:39.712 - oc_logger - INFO - New record achieved. Previous FoM: 0.28631658993116416, new best FoM : 0.2857543867897755
06/06/2022 04:02:39.713 - oc_logger - INFO - Function evaluation number: 81, SI: 1, Sub-iteration number: 50, FoM: 0.2857543867897755
06/06/2022 04:02:39.863 - oc_logger - INFO - New record achieved. Previous FoM: 0.2857543867897755, new best FoM : 0.28495881579461546
06/06/2022 04:02:39.863 - oc_logger - INFO - Function evaluation number: 82, SI: 1, Sub-iteration number: 50, FoM: 0.28495881579461546
06/06/2022 04:02:40.012 - oc_logger - INFO - New record achieved. Previous FoM: 0.28495881579461546, new best FoM : 0.2844843963271423
06/06/2022 04:02:40.012 - oc_logger - INFO - Function evaluation number: 83, SI: 1, Sub-iteration number: 51, FoM: 0.2844843963271423
06/06/2022 04:02:40.161 - oc_logger - INFO - New record achieved. Previous FoM: 0.2844843963271423, new best FoM : 0.2835993167266331
06/06/2022 04:02:40.161 - oc_logger - INFO - Function evaluation number: 84, SI: 1, Sub-iteration number: 51, FoM: 0.2835993167266331
06/06/2022 04:02:40.311 - oc_logger - INFO - Function evaluation number: 85, SI: 1, Sub-iteration number: 52, FoM: 0.2838941629214212
06/06/2022 04:02:40.455 - oc_logger - INFO - New record achieved. Previous FoM: 0.2835993167266331, new best FoM : 0.28179476276336013
06/06/2022 04:02:40.456 - oc_logger - INFO - Function evaluation number: 86, SI: 1, Sub-iteration number: 53, FoM: 0.28179476276336013
06/06/2022 04:02:40.610 - oc_logger - INFO - New record achieved. Previous FoM: 0.28179476276336013, new best FoM : 0.28074475294758694
06/06/2022 04:02:40.610 - oc_logger - INFO - Function evaluation number: 87, SI: 1, Sub-iteration number: 53, FoM: 0.28074475294758694
06/06/2022 04:02:40.761 - oc_logger - INFO - New record achieved. Previous FoM: 0.28074475294758694, new best FoM : 0.27994769997483004
06/06/2022 04:02:40.761 - oc_logger - INFO - Function evaluation number: 88, SI: 1, Sub-iteration number: 54, FoM: 0.27994769997483004
06/06/2022 04:02:40.912 - oc_logger - INFO - New record achieved. Previous FoM: 0.27994769997483004, new best FoM : 0.2786809303012908
06/06/2022 04:02:40.912 - oc_logger - INFO - Function evaluation number: 89, SI: 1, Sub-iteration number: 54, FoM: 0.2786809303012908
06/06/2022 04:02:41.069 - oc_logger - INFO - Function evaluation number: 90, SI: 1, Sub-iteration number: 55, FoM: 0.27946049759111746
06/06/2022 04:02:41.225 - oc_logger - INFO - New record achieved. Previous FoM: 0.2786809303012908, new best FoM : 0.2781179405654879
06/06/2022 04:02:41.225 - oc_logger - INFO - Function evaluation number: 91, SI: 1, Sub-iteration number: 56, FoM: 0.2781179405654879
06/06/2022 04:02:41.381 - oc_logger - INFO - New record achieved. Previous FoM: 0.2781179405654879, new best FoM : 0.27692834703232894
06/06/2022 04:02:41.381 - oc_logger - INFO - Function evaluation number: 92, SI: 1, Sub-iteration number: 56, FoM: 0.27692834703232894
06/06/2022 04:02:41.531 - oc_logger - INFO - New record achieved. Previous FoM: 0.27692834703232894, new best FoM : 0.27649065949480933
06/06/2022 04:02:41.531 - oc_logger - INFO - Function evaluation number: 93, SI: 1, Sub-iteration number: 57, FoM: 0.27649065949480933
06/06/2022 04:02:41.666 - oc_logger - INFO - New record achieved. Previous FoM: 0.27649065949480933, new best FoM : 0.2752194298848818
06/06/2022 04:02:41.666 - oc_logger - INFO - Function evaluation number: 94, SI: 1, Sub-iteration number: 57, FoM: 0.2752194298848818
06/06/2022 04:02:41.798 - oc_logger - INFO - Function evaluation number: 95, SI: 1, Sub-iteration number: 58, FoM: 0.275580681793842
06/06/2022 04:02:41.917 - oc_logger - INFO - New record achieved. Previous FoM: 0.2752194298848818, new best FoM : 0.27287920947134225
06/06/2022 04:02:41.917 - oc_logger - INFO - Function evaluation number: 96, SI: 1, Sub-iteration number: 59, FoM: 0.27287920947134225
06/06/2022 04:02:42.064 - oc_logger - INFO - New record achieved. Previous FoM: 0.27287920947134225, new best FoM : 0.2713529465277207
06/06/2022 04:02:42.064 - oc_logger - INFO - Function evaluation number: 97, SI: 1, Sub-iteration number: 59, FoM: 0.2713529465277207
06/06/2022 04:02:42.206 - oc_logger - INFO - New record achieved. Previous FoM: 0.2713529465277207, new best FoM : 0.2712339663533331
06/06/2022 04:02:42.206 - oc_logger - INFO - Function evaluation number: 98, SI: 1, Sub-iteration number: 60, FoM: 0.2712339663533331
06/06/2022 04:02:42.347 - oc_logger - INFO - New record achieved. Previous FoM: 0.2712339663533331, new best FoM : 0.26969349825713984
06/06/2022 04:02:42.347 - oc_logger - INFO - Function evaluation number: 99, SI: 1, Sub-iteration number: 60, FoM: 0.26969349825713984
06/06/2022 04:02:42.481 - oc_logger - INFO - Function evaluation number: 100, SI: 1, Sub-iteration number: 61, FoM: 0.269919632643845
06/06/2022 04:02:42.625 - oc_logger - INFO - New record achieved. Previous FoM: 0.26969349825713984, new best FoM : 0.2671523004709472
06/06/2022 04:02:42.625 - oc_logger - INFO - Function evaluation number: 101, SI: 1, Sub-iteration number: 62, FoM: 0.2671523004709472
06/06/2022 04:02:42.765 - oc_logger - INFO - New record achieved. Previous FoM: 0.2671523004709472, new best FoM : 0.26556427131391713
06/06/2022 04:02:42.765 - oc_logger - INFO - Function evaluation number: 102, SI: 1, Sub-iteration number: 62, FoM: 0.26556427131391713
06/06/2022 04:02:42.916 - oc_logger - INFO - Function evaluation number: 103, SI: 1, Sub-iteration number: 63, FoM: 0.267972902323497
06/06/2022 04:02:43.062 - oc_logger - INFO - New record achieved. Previous FoM: 0.26556427131391713, new best FoM : 0.2649391213363169
06/06/2022 04:02:43.062 - oc_logger - INFO - Function evaluation number: 104, SI: 1, Sub-iteration number: 64, FoM: 0.2649391213363169
06/06/2022 04:02:43.207 - oc_logger - INFO - New record achieved. Previous FoM: 0.2649391213363169, new best FoM : 0.26342153621958164
06/06/2022 04:02:43.207 - oc_logger - INFO - Function evaluation number: 105, SI: 1, Sub-iteration number: 64, FoM: 0.26342153621958164
06/06/2022 04:02:43.350 - oc_logger - INFO - New record achieved. Previous FoM: 0.26342153621958164, new best FoM : 0.26219434145231013
06/06/2022 04:02:43.350 - oc_logger - INFO - Function evaluation number: 106, SI: 1, Sub-iteration number: 65, FoM: 0.26219434145231013
06/06/2022 04:02:43.501 - oc_logger - INFO - New record achieved. Previous FoM: 0.26219434145231013, new best FoM : 0.26048712815545405
06/06/2022 04:02:43.501 - oc_logger - INFO - Function evaluation number: 107, SI: 1, Sub-iteration number: 65, FoM: 0.26048712815545405
06/06/2022 04:02:43.644 - oc_logger - INFO - Function evaluation number: 108, SI: 1, Sub-iteration number: 66, FoM: 0.26051722942677524
06/06/2022 04:02:43.788 - oc_logger - INFO - New record achieved. Previous FoM: 0.26048712815545405, new best FoM : 0.25848773681501813
06/06/2022 04:02:43.788 - oc_logger - INFO - Function evaluation number: 109, SI: 1, Sub-iteration number: 67, FoM: 0.25848773681501813
06/06/2022 04:02:43.948 - oc_logger - INFO - New record achieved. Previous FoM: 0.25848773681501813, new best FoM : 0.25675991226002026
06/06/2022 04:02:43.948 - oc_logger - INFO - Function evaluation number: 110, SI: 1, Sub-iteration number: 67, FoM: 0.25675991226002026
06/06/2022 04:02:44.102 - oc_logger - INFO - New record achieved. Previous FoM: 0.25675991226002026, new best FoM : 0.2550336984994074
06/06/2022 04:02:44.102 - oc_logger - INFO - Function evaluation number: 111, SI: 1, Sub-iteration number: 68, FoM: 0.2550336984994074
06/06/2022 04:02:44.262 - oc_logger - INFO - New record achieved. Previous FoM: 0.2550336984994074, new best FoM : 0.25311874099361575
06/06/2022 04:02:44.262 - oc_logger - INFO - Function evaluation number: 112, SI: 1, Sub-iteration number: 68, FoM: 0.25311874099361575
06/06/2022 04:02:44.412 - oc_logger - INFO - Function evaluation number: 113, SI: 1, Sub-iteration number: 69, FoM: 0.25537706436780483
06/06/2022 04:02:44.565 - oc_logger - INFO - Function evaluation number: 114, SI: 1, Sub-iteration number: 70, FoM: 0.2559294422920132
06/06/2022 04:02:44.717 - oc_logger - INFO - New record achieved. Previous FoM: 0.25311874099361575, new best FoM : 0.25207172298462854
06/06/2022 04:02:44.717 - oc_logger - INFO - Function evaluation number: 115, SI: 1, Sub-iteration number: 71, FoM: 0.25207172298462854
06/06/2022 04:02:44.870 - oc_logger - INFO - New record achieved. Previous FoM: 0.25207172298462854, new best FoM : 0.25102782425511805
06/06/2022 04:02:44.870 - oc_logger - INFO - Function evaluation number: 116, SI: 1, Sub-iteration number: 71, FoM: 0.25102782425511805
06/06/2022 04:02:45.018 - oc_logger - INFO - New record achieved. Previous FoM: 0.25102782425511805, new best FoM : 0.24863229275596188
06/06/2022 04:02:45.018 - oc_logger - INFO - Function evaluation number: 117, SI: 1, Sub-iteration number: 72, FoM: 0.24863229275596188
06/06/2022 04:02:45.166 - oc_logger - INFO - New record achieved. Previous FoM: 0.24863229275596188, new best FoM : 0.2469869352155506
06/06/2022 04:02:45.166 - oc_logger - INFO - Function evaluation number: 118, SI: 1, Sub-iteration number: 72, FoM: 0.2469869352155506
06/06/2022 04:02:45.316 - oc_logger - INFO - Function evaluation number: 119, SI: 1, Sub-iteration number: 73, FoM: 0.24716622822200007
06/06/2022 04:02:45.472 - oc_logger - INFO - Function evaluation number: 120, SI: 1, Sub-iteration number: 74, FoM: 0.24792527583548662
06/06/2022 04:02:45.625 - oc_logger - INFO - New record achieved. Previous FoM: 0.2469869352155506, new best FoM : 0.24617107398528326
06/06/2022 04:02:45.625 - oc_logger - INFO - Function evaluation number: 121, SI: 1, Sub-iteration number: 75, FoM: 0.24617107398528326
06/06/2022 04:02:45.775 - oc_logger - INFO - New record achieved. Previous FoM: 0.24617107398528326, new best FoM : 0.2456993667327798
06/06/2022 04:02:45.776 - oc_logger - INFO - Function evaluation number: 122, SI: 1, Sub-iteration number: 75, FoM: 0.2456993667327798
06/06/2022 04:02:45.923 - oc_logger - INFO - Function evaluation number: 123, SI: 1, Sub-iteration number: 76, FoM: 0.24647585195038757
06/06/2022 04:02:46.081 - oc_logger - INFO - Function evaluation number: 124, SI: 1, Sub-iteration number: 77, FoM: 0.24849535593422634
06/06/2022 04:02:46.232 - oc_logger - INFO - New record achieved. Previous FoM: 0.2456993667327798, new best FoM : 0.2431332858150429
06/06/2022 04:02:46.232 - oc_logger - INFO - Function evaluation number: 125, SI: 1, Sub-iteration number: 78, FoM: 0.2431332858150429
06/06/2022 04:02:46.392 - oc_logger - INFO - New record achieved. Previous FoM: 0.2431332858150429, new best FoM : 0.24259247661247085
06/06/2022 04:02:46.392 - oc_logger - INFO - Function evaluation number: 126, SI: 1, Sub-iteration number: 78, FoM: 0.24259247661247085
06/06/2022 04:02:46.544 - oc_logger - INFO - Function evaluation number: 127, SI: 1, Sub-iteration number: 79, FoM: 0.24454943511754068
06/06/2022 04:02:46.702 - oc_logger - INFO - Function evaluation number: 128, SI: 1, Sub-iteration number: 80, FoM: 0.24824902370870516
06/06/2022 04:02:46.856 - oc_logger - INFO - Function evaluation number: 129, SI: 1, Sub-iteration number: 81, FoM: 0.24386468149519036
06/06/2022 04:02:47.004 - oc_logger - INFO - Function evaluation number: 130, SI: 1, Sub-iteration number: 82, FoM: 0.243009718570931
06/06/2022 04:02:47.151 - oc_logger - INFO - Function evaluation number: 131, SI: 1, Sub-iteration number: 83, FoM: 0.2492830177424742
06/06/2022 04:02:47.303 - oc_logger - INFO - Function evaluation number: 132, SI: 1, Sub-iteration number: 83, FoM: 0.24621903845961435
06/06/2022 04:02:47.454 - oc_logger - INFO - New record achieved. Previous FoM: 0.24259247661247085, new best FoM : 0.24251299581524688
06/06/2022 04:02:47.454 - oc_logger - INFO - Function evaluation number: 133, SI: 1, Sub-iteration number: 84, FoM: 0.24251299581524688
06/06/2022 04:02:47.611 - oc_logger - INFO - New record achieved. Previous FoM: 0.24251299581524688, new best FoM : 0.24226746574274471
06/06/2022 04:02:47.611 - oc_logger - INFO - Function evaluation number: 134, SI: 1, Sub-iteration number: 84, FoM: 0.24226746574274471
06/06/2022 04:02:47.782 - oc_logger - INFO - Function evaluation number: 135, SI: 1, Sub-iteration number: 85, FoM: 0.2438463311671084
06/06/2022 04:02:47.961 - oc_logger - INFO - Function evaluation number: 136, SI: 1, Sub-iteration number: 86, FoM: 0.24694441067704131
06/06/2022 04:02:48.120 - oc_logger - INFO - Function evaluation number: 137, SI: 1, Sub-iteration number: 86, FoM: 0.24553427441547115
06/06/2022 04:02:48.277 - oc_logger - INFO - New record achieved. Previous FoM: 0.24226746574274471, new best FoM : 0.24188864807526922
06/06/2022 04:02:48.278 - oc_logger - INFO - Function evaluation number: 138, SI: 1, Sub-iteration number: 87, FoM: 0.24188864807526922
06/06/2022 04:02:48.434 - oc_logger - INFO - New record achieved. Previous FoM: 0.24188864807526922, new best FoM : 0.24162390958225755
06/06/2022 04:02:48.434 - oc_logger - INFO - Function evaluation number: 139, SI: 1, Sub-iteration number: 87, FoM: 0.24162390958225755
06/06/2022 04:02:48.581 - oc_logger - INFO - Function evaluation number: 140, SI: 1, Sub-iteration number: 88, FoM: 0.2417702221195518
06/06/2022 04:02:48.733 - oc_logger - INFO - New record achieved. Previous FoM: 0.24162390958225755, new best FoM : 0.24112292564221582
06/06/2022 04:02:48.733 - oc_logger - INFO - Function evaluation number: 141, SI: 1, Sub-iteration number: 89, FoM: 0.24112292564221582
06/06/2022 04:02:48.889 - oc_logger - INFO - New record achieved. Previous FoM: 0.24112292564221582, new best FoM : 0.24087135306990948
06/06/2022 04:02:48.889 - oc_logger - INFO - Function evaluation number: 142, SI: 1, Sub-iteration number: 89, FoM: 0.24087135306990948
06/06/2022 04:02:49.045 - oc_logger - INFO - Function evaluation number: 143, SI: 1, Sub-iteration number: 90, FoM: 0.24202788243570672
06/06/2022 04:02:49.204 - oc_logger - INFO - Function evaluation number: 144, SI: 1, Sub-iteration number: 91, FoM: 0.24158968216164822
06/06/2022 04:02:49.356 - oc_logger - INFO - Function evaluation number: 145, SI: 1, Sub-iteration number: 92, FoM: 0.24106004265047531
06/06/2022 04:02:49.511 - oc_logger - INFO - Function evaluation number: 146, SI: 1, Sub-iteration number: 93, FoM: 0.24422221909392006
06/06/2022 04:02:49.662 - oc_logger - INFO - Function evaluation number: 147, SI: 1, Sub-iteration number: 93, FoM: 0.2425665264509268
06/06/2022 04:02:49.815 - oc_logger - INFO - New record achieved. Previous FoM: 0.24087135306990948, new best FoM : 0.2406470501029846
06/06/2022 04:02:49.815 - oc_logger - INFO - Function evaluation number: 148, SI: 1, Sub-iteration number: 94, FoM: 0.2406470501029846
06/06/2022 04:02:49.971 - oc_logger - INFO - New record achieved. Previous FoM: 0.2406470501029846, new best FoM : 0.24054517956480614
06/06/2022 04:02:49.971 - oc_logger - INFO - Function evaluation number: 149, SI: 1, Sub-iteration number: 94, FoM: 0.24054517956480614
06/06/2022 04:02:50.130 - oc_logger - INFO - Function evaluation number: 150, SI: 1, Sub-iteration number: 95, FoM: 0.24060147616601846
06/06/2022 04:02:50.289 - oc_logger - INFO - Function evaluation number: 151, SI: 1, Sub-iteration number: 96, FoM: 0.24213811473840208
06/06/2022 04:02:50.480 - oc_logger - INFO - Function evaluation number: 152, SI: 1, Sub-iteration number: 97, FoM: 0.24081944730267835
06/06/2022 04:02:50.653 - oc_logger - INFO - Function evaluation number: 153, SI: 1, Sub-iteration number: 98, FoM: 0.24164626313993542
06/06/2022 04:02:50.835 - oc_logger - INFO - New record achieved. Previous FoM: 0.24054517956480614, new best FoM : 0.24050132067233043
06/06/2022 04:02:50.835 - oc_logger - INFO - Function evaluation number: 154, SI: 1, Sub-iteration number: 99, FoM: 0.24050132067233043
06/06/2022 04:02:51.010 - oc_logger - INFO - Function evaluation number: 155, SI: 1, Sub-iteration number: 99, FoM: 0.24053085829654408
06/06/2022 04:02:51.198 - oc_logger - INFO - New record achieved. Previous FoM: 0.24050132067233043, new best FoM : 0.24001800390288186
06/06/2022 04:02:51.199 - oc_logger - INFO - Function evaluation number: 156, SI: 1, Sub-iteration number: 100, FoM: 0.24001800390288186
06/06/2022 04:02:51.366 - oc_logger - INFO - New record achieved. Previous FoM: 0.24001800390288186, new best FoM : 0.23992659850035258
06/06/2022 04:02:51.366 - oc_logger - INFO - Function evaluation number: 157, SI: 1, Sub-iteration number: 100, FoM: 0.23992659850035258
06/06/2022 04:02:51.540 - oc_logger - INFO - Function evaluation number: 158, SI: 1, Sub-iteration number: 101, FoM: 0.24103785629592844
06/06/2022 04:02:51.696 - oc_logger - INFO - Function evaluation number: 159, SI: 1, Sub-iteration number: 102, FoM: 0.240631542889421
06/06/2022 04:02:51.858 - oc_logger - INFO - New record achieved. Previous FoM: 0.23992659850035258, new best FoM : 0.23978645301494572
06/06/2022 04:02:51.859 - oc_logger - INFO - Function evaluation number: 160, SI: 1, Sub-iteration number: 103, FoM: 0.23978645301494572
06/06/2022 04:02:52.015 - oc_logger - INFO - New record achieved. Previous FoM: 0.23978645301494572, new best FoM : 0.2397243522221617
06/06/2022 04:02:52.016 - oc_logger - INFO - Function evaluation number: 161, SI: 1, Sub-iteration number: 103, FoM: 0.2397243522221617
06/06/2022 04:02:52.192 - oc_logger - INFO - Function evaluation number: 162, SI: 1, Sub-iteration number: 104, FoM: 0.2399598307895573
06/06/2022 04:02:52.355 - oc_logger - INFO - Function evaluation number: 163, SI: 1, Sub-iteration number: 105, FoM: 0.24077519265609248
06/06/2022 04:02:52.524 - oc_logger - INFO - Function evaluation number: 164, SI: 1, Sub-iteration number: 106, FoM: 0.23997149253649253
06/06/2022 04:02:52.714 - oc_logger - INFO - Function evaluation number: 165, SI: 1, Sub-iteration number: 107, FoM: 0.24056266410367322
06/06/2022 04:02:52.899 - oc_logger - INFO - Function evaluation number: 166, SI: 1, Sub-iteration number: 108, FoM: 0.2405211319851266
06/06/2022 04:02:53.075 - oc_logger - INFO - Function evaluation number: 167, SI: 1, Sub-iteration number: 109, FoM: 0.24142090356457047
06/06/2022 04:02:53.258 - oc_logger - INFO - Function evaluation number: 168, SI: 1, Sub-iteration number: 109, FoM: 0.24019919978365767
06/06/2022 04:02:53.442 - oc_logger - INFO - New record achieved. Previous FoM: 0.2397243522221617, new best FoM : 0.23960796820772257
06/06/2022 04:02:53.443 - oc_logger - INFO - Function evaluation number: 169, SI: 1, Sub-iteration number: 110, FoM: 0.23960796820772257
06/06/2022 04:02:53.633 - oc_logger - INFO - New record achieved. Previous FoM: 0.23960796820772257, new best FoM : 0.23957213053852666
06/06/2022 04:02:53.634 - oc_logger - INFO - Function evaluation number: 170, SI: 1, Sub-iteration number: 110, FoM: 0.23957213053852666
06/06/2022 04:02:53.808 - oc_logger - INFO - Function evaluation number: 171, SI: 1, Sub-iteration number: 111, FoM: 0.2407846170236766
06/06/2022 04:02:53.979 - oc_logger - INFO - Function evaluation number: 172, SI: 1, Sub-iteration number: 111, FoM: 0.24017408996626433
06/06/2022 04:02:54.157 - oc_logger - INFO - Function evaluation number: 173, SI: 1, Sub-iteration number: 112, FoM: 0.2397430917052059
06/06/2022 04:02:54.349 - oc_logger - INFO - Function evaluation number: 174, SI: 1, Sub-iteration number: 113, FoM: 0.2402532571892455
06/06/2022 04:02:54.532 - oc_logger - INFO - Function evaluation number: 175, SI: 1, Sub-iteration number: 114, FoM: 0.2396475215846149
06/06/2022 04:02:54.723 - oc_logger - INFO - Function evaluation number: 176, SI: 1, Sub-iteration number: 115, FoM: 0.2406701301906503
06/06/2022 04:02:54.891 - oc_logger - INFO - Function evaluation number: 177, SI: 1, Sub-iteration number: 115, FoM: 0.23991232733447077
06/06/2022 04:02:55.057 - oc_logger - INFO - Function evaluation number: 178, SI: 1, Sub-iteration number: 116, FoM: 0.24000520131115044
06/06/2022 04:02:55.212 - oc_logger - INFO - Function evaluation number: 179, SI: 1, Sub-iteration number: 117, FoM: 0.23975080712371022
06/06/2022 04:02:55.368 - oc_logger - INFO - Function evaluation number: 180, SI: 1, Sub-iteration number: 118, FoM: 0.24043943851961636
06/06/2022 04:02:55.524 - oc_logger - INFO - Function evaluation number: 181, SI: 1, Sub-iteration number: 118, FoM: 0.23976961194285928
06/06/2022 04:02:55.677 - oc_logger - INFO - Function evaluation number: 182, SI: 1, Sub-iteration number: 119, FoM: 0.23988030093733026
06/06/2022 04:02:55.829 - oc_logger - INFO - New record achieved. Previous FoM: 0.23957213053852666, new best FoM : 0.2393916562860482
06/06/2022 04:02:55.829 - oc_logger - INFO - Function evaluation number: 183, SI: 1, Sub-iteration number: 120, FoM: 0.2393916562860482
06/06/2022 04:02:55.984 - oc_logger - INFO - New record achieved. Previous FoM: 0.2393916562860482, new best FoM : 0.2393873307855665
06/06/2022 04:02:55.984 - oc_logger - INFO - Function evaluation number: 184, SI: 1, Sub-iteration number: 120, FoM: 0.2393873307855665
06/06/2022 04:02:56.150 - oc_logger - INFO - New record achieved. Previous FoM: 0.2393873307855665, new best FoM : 0.23933165337079265
06/06/2022 04:02:56.151 - oc_logger - INFO - Function evaluation number: 185, SI: 1, Sub-iteration number: 121, FoM: 0.23933165337079265
06/06/2022 04:02:56.320 - oc_logger - INFO - New record achieved. Previous FoM: 0.23933165337079265, new best FoM : 0.23932369612288473
06/06/2022 04:02:56.320 - oc_logger - INFO - Function evaluation number: 186, SI: 1, Sub-iteration number: 121, FoM: 0.23932369612288473
06/06/2022 04:02:56.485 - oc_logger - INFO - Function evaluation number: 187, SI: 1, Sub-iteration number: 122, FoM: 0.23979551151025102
06/06/2022 04:02:56.669 - oc_logger - INFO - Function evaluation number: 188, SI: 1, Sub-iteration number: 123, FoM: 0.24028087306265333
06/06/2022 04:02:56.835 - oc_logger - INFO - Function evaluation number: 189, SI: 1, Sub-iteration number: 123, FoM: 0.23962837559613315
06/06/2022 04:02:57.012 - oc_logger - INFO - Function evaluation number: 190, SI: 1, Sub-iteration number: 124, FoM: 0.23985024694366996
06/06/2022 04:02:57.170 - oc_logger - INFO - Function evaluation number: 191, SI: 1, Sub-iteration number: 124, FoM: 0.23961611546195283
06/06/2022 04:02:57.336 - oc_logger - INFO - Function evaluation number: 192, SI: 1, Sub-iteration number: 125, FoM: 0.23999917962897566
06/06/2022 04:02:57.487 - oc_logger - INFO - Function evaluation number: 193, SI: 1, Sub-iteration number: 125, FoM: 0.23959128173144562
06/06/2022 04:02:57.643 - oc_logger - INFO - Function evaluation number: 194, SI: 1, Sub-iteration number: 126, FoM: 0.2394866972018429
06/06/2022 04:02:57.798 - oc_logger - INFO - Function evaluation number: 195, SI: 1, Sub-iteration number: 127, FoM: 0.23956739474852407
06/06/2022 04:02:57.957 - oc_logger - INFO - New record achieved. Previous FoM: 0.23932369612288473, new best FoM : 0.23923908000273408
06/06/2022 04:02:57.957 - oc_logger - INFO - Function evaluation number: 196, SI: 1, Sub-iteration number: 128, FoM: 0.23923908000273408
06/06/2022 04:02:58.120 - oc_logger - INFO - New record achieved. Previous FoM: 0.23923908000273408, new best FoM : 0.23922284768407465
06/06/2022 04:02:58.120 - oc_logger - INFO - Function evaluation number: 197, SI: 1, Sub-iteration number: 128, FoM: 0.23922284768407465
06/06/2022 04:02:58.285 - oc_logger - INFO - Function evaluation number: 198, SI: 1, Sub-iteration number: 129, FoM: 0.2396935439120782
06/06/2022 04:02:58.458 - oc_logger - INFO - Function evaluation number: 199, SI: 1, Sub-iteration number: 129, FoM: 0.23949767240109665
06/06/2022 04:02:58.659 - oc_logger - INFO - Function evaluation number: 200, SI: 1, Sub-iteration number: 130, FoM: 0.2393811888921139
06/06/2022 04:02:58.846 - oc_logger - INFO - Function evaluation number: 201, SI: 1, Sub-iteration number: 131, FoM: 0.2395514203399124
06/06/2022 04:02:59.042 - oc_logger - INFO - Function evaluation number: 202, SI: 1, Sub-iteration number: 132, FoM: 0.2392421141293215
06/06/2022 04:02:59.215 - oc_logger - INFO - Function evaluation number: 203, SI: 1, Sub-iteration number: 133, FoM: 0.23934759297198394
06/06/2022 04:02:59.395 - oc_logger - INFO - Function evaluation number: 204, SI: 1, Sub-iteration number: 134, FoM: 0.23966668244039802
06/06/2022 04:02:59.579 - oc_logger - INFO - Function evaluation number: 205, SI: 1, Sub-iteration number: 134, FoM: 0.23940908345985001
06/06/2022 04:02:59.772 - oc_logger - INFO - Function evaluation number: 206, SI: 1, Sub-iteration number: 135, FoM: 0.2398595663669596
06/06/2022 04:02:59.947 - oc_logger - INFO - Function evaluation number: 207, SI: 1, Sub-iteration number: 135, FoM: 0.23938369818619576
06/06/2022 04:03:00.121 - oc_logger - INFO - New record achieved. Previous FoM: 0.23922284768407465, new best FoM : 0.23918024265594184
06/06/2022 04:03:00.121 - oc_logger - INFO - Function evaluation number: 208, SI: 1, Sub-iteration number: 136, FoM: 0.23918024265594184
06/06/2022 04:03:00.285 - oc_logger - INFO - New record achieved. Previous FoM: 0.23918024265594184, new best FoM : 0.2391720492658178
06/06/2022 04:03:00.285 - oc_logger - INFO - Function evaluation number: 209, SI: 1, Sub-iteration number: 136, FoM: 0.2391720492658178
06/06/2022 04:03:00.449 - oc_logger - INFO - Function evaluation number: 210, SI: 1, Sub-iteration number: 137, FoM: 0.23943112584498227
06/06/2022 04:03:00.612 - oc_logger - INFO - Function evaluation number: 211, SI: 1, Sub-iteration number: 137, FoM: 0.23932198041747788
06/06/2022 04:03:00.613 - oc_logger - INFO - SI 1 finished - Number of evaluations: 211, Best FoM: 0.2391720492658178, Terminate reason: Convergence of the FoM.

06/06/2022 04:03:00.613 - oc_logger - INFO - Direct search start time has been reset.
06/06/2022 04:03:00.797 - oc_logger - INFO - Function evaluation number: 212, SI: 2, Sub-iteration number: 0, FoM: 0.2391720492658178
06/06/2022 04:03:00.965 - oc_logger - INFO - Function evaluation number: 213, SI: 2, Sub-iteration number: 0, FoM: 0.23918115093699854
06/06/2022 04:03:01.145 - oc_logger - INFO - New record achieved. Previous FoM: 0.2391720492658178, new best FoM : 0.2391706367720411
06/06/2022 04:03:01.146 - oc_logger - INFO - Function evaluation number: 214, SI: 2, Sub-iteration number: 0, FoM: 0.2391706367720411
06/06/2022 04:03:01.325 - oc_logger - INFO - Function evaluation number: 215, SI: 2, Sub-iteration number: 0, FoM: 0.23917114960644115
06/06/2022 04:03:01.506 - oc_logger - INFO - Function evaluation number: 216, SI: 2, Sub-iteration number: 0, FoM: 0.23917143249062733
06/06/2022 04:03:01.691 - oc_logger - INFO - Function evaluation number: 217, SI: 2, Sub-iteration number: 0, FoM: 0.23917473216637064
06/06/2022 04:03:01.865 - oc_logger - INFO - Function evaluation number: 218, SI: 2, Sub-iteration number: 0, FoM: 0.23917804822094468
06/06/2022 04:03:02.014 - oc_logger - INFO - New record achieved. Previous FoM: 0.2391706367720411, new best FoM : 0.23916962680259046
06/06/2022 04:03:02.014 - oc_logger - INFO - Function evaluation number: 219, SI: 2, Sub-iteration number: 0, FoM: 0.23916962680259046
06/06/2022 04:03:02.190 - oc_logger - INFO - Function evaluation number: 220, SI: 2, Sub-iteration number: 0, FoM: 0.23917689067752967
06/06/2022 04:03:02.353 - oc_logger - INFO - Function evaluation number: 221, SI: 2, Sub-iteration number: 0, FoM: 0.24007943548711408
06/06/2022 04:03:02.525 - oc_logger - INFO - Function evaluation number: 222, SI: 2, Sub-iteration number: 1, FoM: 0.24079144874931913
06/06/2022 04:03:02.680 - oc_logger - INFO - Function evaluation number: 223, SI: 2, Sub-iteration number: 1, FoM: 0.23953256658786404
06/06/2022 04:03:02.833 - oc_logger - INFO - Function evaluation number: 224, SI: 2, Sub-iteration number: 2, FoM: 0.24003091335682358
06/06/2022 04:03:02.986 - oc_logger - INFO - Function evaluation number: 225, SI: 2, Sub-iteration number: 2, FoM: 0.2392926131142652
06/06/2022 04:03:02.986 - oc_logger - INFO - SI 2 finished - Number of evaluations: 14, Best FoM: 0.23916962680259046, Terminate reason: Convergence of the FoM.

06/06/2022 04:03:02.986 - oc_logger - INFO - Direct search start time has been reset.
06/06/2022 04:03:03.145 - oc_logger - INFO - Function evaluation number: 226, SI: 3, Sub-iteration number: 0, FoM: 0.23916962680259046
06/06/2022 04:03:03.300 - oc_logger - INFO - Function evaluation number: 227, SI: 3, Sub-iteration number: 0, FoM: 0.23953162913023196
06/06/2022 04:03:03.458 - oc_logger - INFO - Function evaluation number: 228, SI: 3, Sub-iteration number: 0, FoM: 0.2391710992653624
06/06/2022 04:03:03.609 - oc_logger - INFO - Function evaluation number: 229, SI: 3, Sub-iteration number: 0, FoM: 0.2391717770584748
06/06/2022 04:03:03.767 - oc_logger - INFO - Function evaluation number: 230, SI: 3, Sub-iteration number: 0, FoM: 0.2391700571500397
06/06/2022 04:03:03.920 - oc_logger - INFO - Function evaluation number: 231, SI: 3, Sub-iteration number: 0, FoM: 0.2391725322409537
06/06/2022 04:03:04.073 - oc_logger - INFO - Function evaluation number: 232, SI: 3, Sub-iteration number: 0, FoM: 0.2391712286120734
06/06/2022 04:03:04.233 - oc_logger - INFO - Function evaluation number: 233, SI: 3, Sub-iteration number: 0, FoM: 0.23917106597666105
06/06/2022 04:03:04.389 - oc_logger - INFO - New record achieved. Previous FoM: 0.23916962680259046, new best FoM : 0.23916775975498838
06/06/2022 04:03:04.389 - oc_logger - INFO - Function evaluation number: 234, SI: 3, Sub-iteration number: 0, FoM: 0.23916775975498838
06/06/2022 04:03:04.553 - oc_logger - INFO - Function evaluation number: 235, SI: 3, Sub-iteration number: 0, FoM: 0.239549684994263
06/06/2022 04:03:04.712 - oc_logger - INFO - Function evaluation number: 236, SI: 3, Sub-iteration number: 1, FoM: 0.23972714174575716
06/06/2022 04:03:04.860 - oc_logger - INFO - Function evaluation number: 237, SI: 3, Sub-iteration number: 1, FoM: 0.23932077273965235
06/06/2022 04:03:05.018 - oc_logger - INFO - Function evaluation number: 238, SI: 3, Sub-iteration number: 2, FoM: 0.23984942243037766
06/06/2022 04:03:05.175 - oc_logger - INFO - Function evaluation number: 239, SI: 3, Sub-iteration number: 2, FoM: 0.23930099782572278
06/06/2022 04:03:05.175 - oc_logger - INFO - SI 3 finished - Number of evaluations: 14, Best FoM: 0.23916775975498838, Terminate reason: Convergence of the FoM.

06/06/2022 04:03:05.175 - oc_logger - INFO - Figure of merit : 0.23916775975498838
06/06/2022 04:03:05.175 - oc_logger - INFO - Std : 0.0
06/06/2022 04:03:05.176 - oc_logger - INFO - total number of function evaluations : 239
06/06/2022 04:03:05.176 - oc_logger - INFO - dcrab_freq_list : [array([[0.27558642, 0.67733484, 1.15614482, 1.41149525]]), array([[0.27150842, 0.40488419, 0.9556191 , 1.56195664]]), array([[0.06451236, 0.65185409, 0.96229466, 1.35339357]])]
06/06/2022 04:03:05.176 - oc_logger - INFO - dcrab_para_list : [array([12.20886634, 15.40463607,  9.98612642, -5.80539253, -0.67135922,
       -0.41645965,  4.04178634,  1.41017328,  6.05215966]), array([ 8.48240278e-02, -2.53043804e-02,  2.23374469e-02, -5.17665641e-02,
       -9.06840918e-03, -8.84036726e-02,  3.25712125e-01,  1.56579021e-17,
        6.05215966e+00]), array([ 0.09544539,  0.04032301,  0.02787578, -0.05952007,  0.02446198,
        0.04317286,  0.03516009,  0.32595401,  6.05215966])]
06/06/2022 04:03:05.176 - oc_logger - INFO - terminate_reason : Convergence of the FoM.
