06/06/2022 06:22:59.735 - oc_logger - INFO - The optimization direction is minimization
06/06/2022 06:22:59.735 - oc_logger - INFO - QuOCS version number: 0.0.22
06/06/2022 06:22:59.735 - oc_logger - INFO - Direct search start time has been reset.
06/06/2022 06:22:59.738 - oc_logger - INFO - New record achieved. Previous FoM: 10000000000.0, new best FoM : 0.5221193463888141
06/06/2022 06:22:59.739 - oc_logger - INFO - Function evaluation number: 1, SI: 1, Sub-iteration number: 0, FoM: 0.5221193463888141
06/06/2022 06:22:59.745 - oc_logger - INFO - New record achieved. Previous FoM: 0.5221193463888141, new best FoM : 0.5208946325636596
06/06/2022 06:22:59.745 - oc_logger - INFO - Function evaluation number: 2, SI: 1, Sub-iteration number: 0, FoM: 0.5208946325636596
06/06/2022 06:22:59.749 - oc_logger - INFO - Function evaluation number: 3, SI: 1, Sub-iteration number: 0, FoM: 0.529023767156616
06/06/2022 06:22:59.752 - oc_logger - INFO - New record achieved. Previous FoM: 0.5208946325636596, new best FoM : 0.5116075692324265
06/06/2022 06:22:59.752 - oc_logger - INFO - Function evaluation number: 4, SI: 1, Sub-iteration number: 1, FoM: 0.5116075692324265
06/06/2022 06:22:59.756 - oc_logger - INFO - New record achieved. Previous FoM: 0.5116075692324265, new best FoM : 0.49943190440221685
06/06/2022 06:22:59.756 - oc_logger - INFO - Function evaluation number: 5, SI: 1, Sub-iteration number: 1, FoM: 0.49943190440221685
06/06/2022 06:22:59.759 - oc_logger - INFO - New record achieved. Previous FoM: 0.49943190440221685, new best FoM : 0.498450433333012
06/06/2022 06:22:59.760 - oc_logger - INFO - Function evaluation number: 6, SI: 1, Sub-iteration number: 2, FoM: 0.498450433333012
06/06/2022 06:22:59.763 - oc_logger - INFO - New record achieved. Previous FoM: 0.498450433333012, new best FoM : 0.48359282775111534
06/06/2022 06:22:59.763 - oc_logger - INFO - Function evaluation number: 7, SI: 1, Sub-iteration number: 2, FoM: 0.48359282775111534
06/06/2022 06:22:59.767 - oc_logger - INFO - New record achieved. Previous FoM: 0.48359282775111534, new best FoM : 0.4496129309852943
06/06/2022 06:22:59.767 - oc_logger - INFO - Function evaluation number: 8, SI: 1, Sub-iteration number: 3, FoM: 0.4496129309852943
06/06/2022 06:22:59.771 - oc_logger - INFO - New record achieved. Previous FoM: 0.4496129309852943, new best FoM : 0.3968262186417941
06/06/2022 06:22:59.771 - oc_logger - INFO - Function evaluation number: 9, SI: 1, Sub-iteration number: 3, FoM: 0.3968262186417941
06/06/2022 06:22:59.775 - oc_logger - INFO - New record achieved. Previous FoM: 0.3968262186417941, new best FoM : 0.3729882520732022
06/06/2022 06:22:59.775 - oc_logger - INFO - Function evaluation number: 10, SI: 1, Sub-iteration number: 4, FoM: 0.3729882520732022
06/06/2022 06:22:59.778 - oc_logger - INFO - New record achieved. Previous FoM: 0.3729882520732022, new best FoM : 0.29079567324051314
06/06/2022 06:22:59.778 - oc_logger - INFO - Function evaluation number: 11, SI: 1, Sub-iteration number: 4, FoM: 0.29079567324051314
06/06/2022 06:22:59.782 - oc_logger - INFO - New record achieved. Previous FoM: 0.29079567324051314, new best FoM : 0.17188799214158368
06/06/2022 06:22:59.782 - oc_logger - INFO - Function evaluation number: 12, SI: 1, Sub-iteration number: 5, FoM: 0.17188799214158368
06/06/2022 06:22:59.786 - oc_logger - INFO - New record achieved. Previous FoM: 0.17188799214158368, new best FoM : 0.028847741707767827
06/06/2022 06:22:59.786 - oc_logger - INFO - Function evaluation number: 13, SI: 1, Sub-iteration number: 5, FoM: 0.028847741707767827
06/06/2022 06:22:59.789 - oc_logger - INFO - New record achieved. Previous FoM: 0.028847741707767827, new best FoM : 0.017232392956115783
06/06/2022 06:22:59.790 - oc_logger - INFO - Function evaluation number: 14, SI: 1, Sub-iteration number: 6, FoM: 0.017232392956115783
06/06/2022 06:22:59.793 - oc_logger - INFO - Function evaluation number: 15, SI: 1, Sub-iteration number: 6, FoM: 0.05277425907461275
06/06/2022 06:22:59.796 - oc_logger - INFO - Function evaluation number: 16, SI: 1, Sub-iteration number: 7, FoM: 0.08056717411509595
06/06/2022 06:22:59.798 - oc_logger - INFO - New record achieved. Previous FoM: 0.017232392956115783, new best FoM : 0.014921669898886103
06/06/2022 06:22:59.798 - oc_logger - INFO - Function evaluation number: 17, SI: 1, Sub-iteration number: 7, FoM: 0.014921669898886103
06/06/2022 06:22:59.802 - oc_logger - INFO - Function evaluation number: 18, SI: 1, Sub-iteration number: 8, FoM: 0.03437815611535633
06/06/2022 06:22:59.804 - oc_logger - INFO - New record achieved. Previous FoM: 0.014921669898886103, new best FoM : 0.010501426711922557
06/06/2022 06:22:59.804 - oc_logger - INFO - Function evaluation number: 19, SI: 1, Sub-iteration number: 8, FoM: 0.010501426711922557
06/06/2022 06:22:59.808 - oc_logger - INFO - Function evaluation number: 20, SI: 1, Sub-iteration number: 9, FoM: 0.019989890761775042
06/06/2022 06:22:59.811 - oc_logger - INFO - Function evaluation number: 21, SI: 1, Sub-iteration number: 9, FoM: 0.021163556683716278
06/06/2022 06:22:59.814 - oc_logger - INFO - Function evaluation number: 22, SI: 1, Sub-iteration number: 9, FoM: 0.022943287525782896
06/06/2022 06:22:59.816 - oc_logger - INFO - Function evaluation number: 23, SI: 1, Sub-iteration number: 9, FoM: 0.014176296229464258
06/06/2022 06:22:59.818 - oc_logger - INFO - Function evaluation number: 24, SI: 1, Sub-iteration number: 10, FoM: 0.014406874986044427
06/06/2022 06:22:59.822 - oc_logger - INFO - New record achieved. Previous FoM: 0.010501426711922557, new best FoM : 0.0009474996280585124
06/06/2022 06:22:59.822 - oc_logger - INFO - Function evaluation number: 25, SI: 1, Sub-iteration number: 10, FoM: 0.0009474996280585124
06/06/2022 06:22:59.824 - oc_logger - INFO - Function evaluation number: 26, SI: 1, Sub-iteration number: 11, FoM: 0.004566479591225359
06/06/2022 06:22:59.827 - oc_logger - INFO - Function evaluation number: 27, SI: 1, Sub-iteration number: 12, FoM: 0.0178152848402936
06/06/2022 06:22:59.830 - oc_logger - INFO - Function evaluation number: 28, SI: 1, Sub-iteration number: 12, FoM: 0.004877652708393132
06/06/2022 06:22:59.833 - oc_logger - INFO - Function evaluation number: 29, SI: 1, Sub-iteration number: 13, FoM: 0.009312241459929482
06/06/2022 06:22:59.836 - oc_logger - INFO - Function evaluation number: 30, SI: 1, Sub-iteration number: 13, FoM: 0.0016925324912053785
06/06/2022 06:22:59.838 - oc_logger - INFO - Function evaluation number: 31, SI: 1, Sub-iteration number: 14, FoM: 0.006534771432163078
06/06/2022 06:22:59.840 - oc_logger - INFO - Function evaluation number: 32, SI: 1, Sub-iteration number: 14, FoM: 0.0015389486445152034
06/06/2022 06:22:59.844 - oc_logger - INFO - Function evaluation number: 33, SI: 1, Sub-iteration number: 15, FoM: 0.0023351605867637515
06/06/2022 06:22:59.846 - oc_logger - INFO - New record achieved. Previous FoM: 0.0009474996280585124, new best FoM : 0.0007167214601535576
06/06/2022 06:22:59.846 - oc_logger - INFO - Function evaluation number: 34, SI: 1, Sub-iteration number: 15, FoM: 0.0007167214601535576
06/06/2022 06:22:59.849 - oc_logger - INFO - Function evaluation number: 35, SI: 1, Sub-iteration number: 16, FoM: 0.0030888574063401286
06/06/2022 06:22:59.852 - oc_logger - INFO - New record achieved. Previous FoM: 0.0007167214601535576, new best FoM : 0.0003390194684296244
06/06/2022 06:22:59.852 - oc_logger - INFO - Function evaluation number: 36, SI: 1, Sub-iteration number: 16, FoM: 0.0003390194684296244
06/06/2022 06:22:59.856 - oc_logger - INFO - Function evaluation number: 37, SI: 1, Sub-iteration number: 17, FoM: 0.0005766717106832076
06/06/2022 06:22:59.859 - oc_logger - INFO - Function evaluation number: 38, SI: 1, Sub-iteration number: 18, FoM: 0.0016605127187879765
06/06/2022 06:22:59.862 - oc_logger - INFO - New record achieved. Previous FoM: 0.0003390194684296244, new best FoM : 0.0001331333196357143
06/06/2022 06:22:59.862 - oc_logger - INFO - Function evaluation number: 39, SI: 1, Sub-iteration number: 18, FoM: 0.0001331333196357143
06/06/2022 06:22:59.866 - oc_logger - INFO - Function evaluation number: 40, SI: 1, Sub-iteration number: 19, FoM: 0.0003668831372103387
06/06/2022 06:22:59.869 - oc_logger - INFO - New record achieved. Previous FoM: 0.0001331333196357143, new best FoM : 0.0001328925718053764
06/06/2022 06:22:59.869 - oc_logger - INFO - Function evaluation number: 41, SI: 1, Sub-iteration number: 19, FoM: 0.0001328925718053764
06/06/2022 06:22:59.873 - oc_logger - INFO - Function evaluation number: 42, SI: 1, Sub-iteration number: 20, FoM: 0.000600537616585628
06/06/2022 06:22:59.876 - oc_logger - INFO - New record achieved. Previous FoM: 0.0001328925718053764, new best FoM : 0.00010241755998874336
06/06/2022 06:22:59.876 - oc_logger - INFO - Function evaluation number: 43, SI: 1, Sub-iteration number: 20, FoM: 0.00010241755998874336
06/06/2022 06:22:59.880 - oc_logger - INFO - Function evaluation number: 44, SI: 1, Sub-iteration number: 21, FoM: 0.00010278924100470821
06/06/2022 06:22:59.882 - oc_logger - INFO - Function evaluation number: 45, SI: 1, Sub-iteration number: 22, FoM: 0.0003391791675596556
06/06/2022 06:22:59.885 - oc_logger - INFO - New record achieved. Previous FoM: 0.00010241755998874336, new best FoM : 1.5302510441239647e-05
06/06/2022 06:22:59.885 - oc_logger - INFO - Function evaluation number: 46, SI: 1, Sub-iteration number: 22, FoM: 1.5302510441239647e-05
06/06/2022 06:22:59.889 - oc_logger - INFO - Function evaluation number: 47, SI: 1, Sub-iteration number: 23, FoM: 1.5547728717590914e-05
06/06/2022 06:22:59.891 - oc_logger - INFO - Function evaluation number: 48, SI: 1, Sub-iteration number: 24, FoM: 0.00013304339373365615
06/06/2022 06:22:59.894 - oc_logger - INFO - Function evaluation number: 49, SI: 1, Sub-iteration number: 24, FoM: 4.344530983024786e-05
06/06/2022 06:22:59.897 - oc_logger - INFO - Function evaluation number: 50, SI: 1, Sub-iteration number: 25, FoM: 7.428518588414867e-05
06/06/2022 06:22:59.901 - oc_logger - INFO - New record achieved. Previous FoM: 1.5302510441239647e-05, new best FoM : 1.3985931790028161e-05
06/06/2022 06:22:59.901 - oc_logger - INFO - Function evaluation number: 51, SI: 1, Sub-iteration number: 25, FoM: 1.3985931790028161e-05
06/06/2022 06:22:59.901 - oc_logger - INFO - SI 1 finished - Number of evaluations: 51, Best FoM: 1.3985931790028161e-05, Terminate reason: Convergence of the simplex.

06/06/2022 06:22:59.901 - oc_logger - INFO - Figure of merit : 1.3985931790028161e-05
06/06/2022 06:22:59.901 - oc_logger - INFO - Std : 0.0
06/06/2022 06:22:59.901 - oc_logger - INFO - total number of function evaluations : 51
06/06/2022 06:22:59.901 - oc_logger - INFO - dcrab_freq_list : [array([], dtype=float64)]
06/06/2022 06:22:59.902 - oc_logger - INFO - dcrab_para_list : [array([5.91615341, 1.28647017])]
06/06/2022 06:22:59.902 - oc_logger - INFO - terminate_reason : Convergence of the simplex.
