06/05/2022 12:52:53.500 - oc_logger - INFO - The optimization direction is minimization
06/05/2022 12:52:53.502 - oc_logger - INFO - QuOCS version number: 0.0.22
06/05/2022 12:52:53.502 - oc_logger - INFO - Direct search start time has been reset.
06/05/2022 12:52:53.839 - oc_logger - INFO - New record achieved. Previous FoM: 10000000000.0, new best FoM : 0.9736910538037644
06/05/2022 12:52:53.839 - oc_logger - INFO - Function evaluation number: 1, SI: 1, Sub-iteration number: 0, FoM: 0.9736910538037644
06/05/2022 12:52:54.189 - oc_logger - INFO - New record achieved. Previous FoM: 0.9736910538037644, new best FoM : 0.9735724474721474
06/05/2022 12:52:54.189 - oc_logger - INFO - Function evaluation number: 2, SI: 1, Sub-iteration number: 0, FoM: 0.9735724474721474
06/05/2022 12:52:54.548 - oc_logger - INFO - Function evaluation number: 3, SI: 1, Sub-iteration number: 0, FoM: 0.9736190497512951
06/05/2022 12:52:54.896 - oc_logger - INFO - Function evaluation number: 4, SI: 1, Sub-iteration number: 0, FoM: 0.9737584142709798
06/05/2022 12:52:55.291 - oc_logger - INFO - New record achieved. Previous FoM: 0.9735724474721474, new best FoM : 0.9735480239107533
06/05/2022 12:52:55.291 - oc_logger - INFO - Function evaluation number: 5, SI: 1, Sub-iteration number: 0, FoM: 0.9735480239107533
06/05/2022 12:52:55.631 - oc_logger - INFO - Function evaluation number: 6, SI: 1, Sub-iteration number: 0, FoM: 0.9737250276498318
06/05/2022 12:52:55.869 - oc_logger - INFO - Function evaluation number: 7, SI: 1, Sub-iteration number: 0, FoM: 0.9737143791235697
06/05/2022 12:52:56.122 - oc_logger - INFO - Function evaluation number: 8, SI: 1, Sub-iteration number: 0, FoM: 0.9736129696041131
06/05/2022 12:52:56.361 - oc_logger - INFO - Function evaluation number: 9, SI: 1, Sub-iteration number: 0, FoM: 0.9737492250038853
06/05/2022 12:52:56.618 - oc_logger - INFO - Function evaluation number: 10, SI: 1, Sub-iteration number: 1, FoM: 0.9735495156330014
06/05/2022 12:52:56.618 - oc_logger - INFO - SI 1 finished - Number of evaluations: 10, Best FoM: 0.9735480239107533, Terminate reason: Convergence of the FoM.

06/05/2022 12:52:56.619 - oc_logger - INFO - Direct search start time has been reset.
06/05/2022 12:52:56.999 - oc_logger - INFO - Function evaluation number: 11, SI: 2, Sub-iteration number: 0, FoM: 0.9735480239107533
06/05/2022 12:52:57.475 - oc_logger - INFO - New record achieved. Previous FoM: 0.9735480239107533, new best FoM : 0.9735030605156201
06/05/2022 12:52:57.475 - oc_logger - INFO - Function evaluation number: 12, SI: 2, Sub-iteration number: 0, FoM: 0.9735030605156201
06/05/2022 12:52:57.949 - oc_logger - INFO - Function evaluation number: 13, SI: 2, Sub-iteration number: 0, FoM: 0.9750404154229023
06/05/2022 12:52:58.399 - oc_logger - INFO - Function evaluation number: 14, SI: 2, Sub-iteration number: 0, FoM: 0.9735201463475752
06/05/2022 12:52:58.702 - oc_logger - INFO - Function evaluation number: 15, SI: 2, Sub-iteration number: 0, FoM: 0.973609158606857
06/05/2022 12:52:58.980 - oc_logger - INFO - Function evaluation number: 16, SI: 2, Sub-iteration number: 0, FoM: 0.9736044987792524
06/05/2022 12:52:59.210 - oc_logger - INFO - Function evaluation number: 17, SI: 2, Sub-iteration number: 0, FoM: 0.9736083411630754
06/05/2022 12:52:59.445 - oc_logger - INFO - Function evaluation number: 18, SI: 2, Sub-iteration number: 0, FoM: 0.9736121419862485
06/05/2022 12:52:59.776 - oc_logger - INFO - Function evaluation number: 19, SI: 2, Sub-iteration number: 0, FoM: 0.9735296253909371
06/05/2022 12:53:00.057 - oc_logger - INFO - New record achieved. Previous FoM: 0.9735030605156201, new best FoM : 0.9720444580395035
06/05/2022 12:53:00.057 - oc_logger - INFO - Function evaluation number: 20, SI: 2, Sub-iteration number: 1, FoM: 0.9720444580395035
06/05/2022 12:53:00.288 - oc_logger - INFO - New record achieved. Previous FoM: 0.9720444580395035, new best FoM : 0.9716562760962237
06/05/2022 12:53:00.289 - oc_logger - INFO - Function evaluation number: 21, SI: 2, Sub-iteration number: 1, FoM: 0.9716562760962237
06/05/2022 12:53:00.827 - oc_logger - INFO - Function evaluation number: 22, SI: 2, Sub-iteration number: 2, FoM: 0.9730396905037345
06/05/2022 12:53:01.247 - oc_logger - INFO - Function evaluation number: 23, SI: 2, Sub-iteration number: 3, FoM: 0.9728984462484709
06/05/2022 12:53:01.834 - oc_logger - INFO - Function evaluation number: 24, SI: 2, Sub-iteration number: 4, FoM: 0.9727206420451829
06/05/2022 12:53:02.241 - oc_logger - INFO - Function evaluation number: 25, SI: 2, Sub-iteration number: 5, FoM: 0.9725012537155272
06/05/2022 12:53:02.501 - oc_logger - INFO - Function evaluation number: 26, SI: 2, Sub-iteration number: 6, FoM: 0.9722937858899949
06/05/2022 12:53:02.727 - oc_logger - INFO - Function evaluation number: 27, SI: 2, Sub-iteration number: 7, FoM: 0.9719992692065558
06/05/2022 12:53:02.951 - oc_logger - INFO - New record achieved. Previous FoM: 0.9716562760962237, new best FoM : 0.9716214359586924
06/05/2022 12:53:02.951 - oc_logger - INFO - Function evaluation number: 28, SI: 2, Sub-iteration number: 8, FoM: 0.9716214359586924
06/05/2022 12:53:03.189 - oc_logger - INFO - New record achieved. Previous FoM: 0.9716214359586924, new best FoM : 0.9713790895826265
06/05/2022 12:53:03.189 - oc_logger - INFO - Function evaluation number: 29, SI: 2, Sub-iteration number: 8, FoM: 0.9713790895826265
06/05/2022 12:53:03.425 - oc_logger - INFO - New record achieved. Previous FoM: 0.9713790895826265, new best FoM : 0.9710947842646213
06/05/2022 12:53:03.426 - oc_logger - INFO - Function evaluation number: 30, SI: 2, Sub-iteration number: 9, FoM: 0.9710947842646213
06/05/2022 12:53:03.698 - oc_logger - INFO - New record achieved. Previous FoM: 0.9710947842646213, new best FoM : 0.9707852362048865
06/05/2022 12:53:03.699 - oc_logger - INFO - Function evaluation number: 31, SI: 2, Sub-iteration number: 9, FoM: 0.9707852362048865
06/05/2022 12:53:03.962 - oc_logger - INFO - Function evaluation number: 32, SI: 2, Sub-iteration number: 10, FoM: 0.9710064059871495
06/05/2022 12:53:04.236 - oc_logger - INFO - New record achieved. Previous FoM: 0.9707852362048865, new best FoM : 0.9706726088178717
06/05/2022 12:53:04.236 - oc_logger - INFO - Function evaluation number: 33, SI: 2, Sub-iteration number: 11, FoM: 0.9706726088178717
06/05/2022 12:53:04.513 - oc_logger - INFO - New record achieved. Previous FoM: 0.9706726088178717, new best FoM : 0.9703878806137871
06/05/2022 12:53:04.514 - oc_logger - INFO - Function evaluation number: 34, SI: 2, Sub-iteration number: 11, FoM: 0.9703878806137871
06/05/2022 12:53:05.113 - oc_logger - INFO - New record achieved. Previous FoM: 0.9703878806137871, new best FoM : 0.9702613075500287
06/05/2022 12:53:05.113 - oc_logger - INFO - Function evaluation number: 35, SI: 2, Sub-iteration number: 12, FoM: 0.9702613075500287
06/05/2022 12:53:05.437 - oc_logger - INFO - New record achieved. Previous FoM: 0.9702613075500287, new best FoM : 0.9699455301599942
06/05/2022 12:53:05.437 - oc_logger - INFO - Function evaluation number: 36, SI: 2, Sub-iteration number: 12, FoM: 0.9699455301599942
06/05/2022 12:53:05.729 - oc_logger - INFO - New record achieved. Previous FoM: 0.9699455301599942, new best FoM : 0.9698380633394017
06/05/2022 12:53:05.729 - oc_logger - INFO - Function evaluation number: 37, SI: 2, Sub-iteration number: 13, FoM: 0.9698380633394017
06/05/2022 12:53:06.091 - oc_logger - INFO - New record achieved. Previous FoM: 0.9698380633394017, new best FoM : 0.9694953994400953
06/05/2022 12:53:06.091 - oc_logger - INFO - Function evaluation number: 38, SI: 2, Sub-iteration number: 13, FoM: 0.9694953994400953
06/05/2022 12:53:06.599 - oc_logger - INFO - New record achieved. Previous FoM: 0.9694953994400953, new best FoM : 0.9693399199473527
06/05/2022 12:53:06.599 - oc_logger - INFO - Function evaluation number: 39, SI: 2, Sub-iteration number: 14, FoM: 0.9693399199473527
06/05/2022 12:53:06.937 - oc_logger - INFO - New record achieved. Previous FoM: 0.9693399199473527, new best FoM : 0.9689588550418243
06/05/2022 12:53:06.937 - oc_logger - INFO - Function evaluation number: 40, SI: 2, Sub-iteration number: 14, FoM: 0.9689588550418243
06/05/2022 12:53:07.365 - oc_logger - INFO - New record achieved. Previous FoM: 0.9689588550418243, new best FoM : 0.96887146572932
06/05/2022 12:53:07.365 - oc_logger - INFO - Function evaluation number: 41, SI: 2, Sub-iteration number: 15, FoM: 0.96887146572932
06/05/2022 12:53:07.783 - oc_logger - INFO - New record achieved. Previous FoM: 0.96887146572932, new best FoM : 0.9684672702316289
06/05/2022 12:53:07.783 - oc_logger - INFO - Function evaluation number: 42, SI: 2, Sub-iteration number: 15, FoM: 0.9684672702316289
06/05/2022 12:53:08.198 - oc_logger - INFO - New record achieved. Previous FoM: 0.9684672702316289, new best FoM : 0.9684198936298227
06/05/2022 12:53:08.198 - oc_logger - INFO - Function evaluation number: 43, SI: 2, Sub-iteration number: 16, FoM: 0.9684198936298227
06/05/2022 12:53:08.544 - oc_logger - INFO - New record achieved. Previous FoM: 0.9684198936298227, new best FoM : 0.9680020724350911
06/05/2022 12:53:08.544 - oc_logger - INFO - Function evaluation number: 44, SI: 2, Sub-iteration number: 16, FoM: 0.9680020724350911
06/05/2022 12:53:08.895 - oc_logger - INFO - New record achieved. Previous FoM: 0.9680020724350911, new best FoM : 0.9678434193101337
06/05/2022 12:53:08.895 - oc_logger - INFO - Function evaluation number: 45, SI: 2, Sub-iteration number: 17, FoM: 0.9678434193101337
06/05/2022 12:53:09.175 - oc_logger - INFO - New record achieved. Previous FoM: 0.9678434193101337, new best FoM : 0.9673850604735011
06/05/2022 12:53:09.176 - oc_logger - INFO - Function evaluation number: 46, SI: 2, Sub-iteration number: 17, FoM: 0.9673850604735011
06/05/2022 12:53:09.508 - oc_logger - INFO - New record achieved. Previous FoM: 0.9673850604735011, new best FoM : 0.9673121523249051
06/05/2022 12:53:09.508 - oc_logger - INFO - Function evaluation number: 47, SI: 2, Sub-iteration number: 18, FoM: 0.9673121523249051
06/05/2022 12:53:09.803 - oc_logger - INFO - New record achieved. Previous FoM: 0.9673121523249051, new best FoM : 0.9668334119433658
06/05/2022 12:53:09.803 - oc_logger - INFO - Function evaluation number: 48, SI: 2, Sub-iteration number: 18, FoM: 0.9668334119433658
06/05/2022 12:53:10.117 - oc_logger - INFO - New record achieved. Previous FoM: 0.9668334119433658, new best FoM : 0.9665296788082243
06/05/2022 12:53:10.117 - oc_logger - INFO - Function evaluation number: 49, SI: 2, Sub-iteration number: 19, FoM: 0.9665296788082243
06/05/2022 12:53:10.413 - oc_logger - INFO - New record achieved. Previous FoM: 0.9665296788082243, new best FoM : 0.9659758730903931
06/05/2022 12:53:10.413 - oc_logger - INFO - Function evaluation number: 50, SI: 2, Sub-iteration number: 19, FoM: 0.9659758730903931
06/05/2022 12:53:10.758 - oc_logger - INFO - New record achieved. Previous FoM: 0.9659758730903931, new best FoM : 0.9658126166267217
06/05/2022 12:53:10.758 - oc_logger - INFO - Function evaluation number: 51, SI: 2, Sub-iteration number: 20, FoM: 0.9658126166267217
06/05/2022 12:53:11.094 - oc_logger - INFO - New record achieved. Previous FoM: 0.9658126166267217, new best FoM : 0.965214729959503
06/05/2022 12:53:11.094 - oc_logger - INFO - Function evaluation number: 52, SI: 2, Sub-iteration number: 20, FoM: 0.965214729959503
06/05/2022 12:53:11.384 - oc_logger - INFO - New record achieved. Previous FoM: 0.965214729959503, new best FoM : 0.9650679953802193
06/05/2022 12:53:11.384 - oc_logger - INFO - Function evaluation number: 53, SI: 2, Sub-iteration number: 21, FoM: 0.9650679953802193
06/05/2022 12:53:11.720 - oc_logger - INFO - New record achieved. Previous FoM: 0.9650679953802193, new best FoM : 0.9644298048235412
06/05/2022 12:53:11.721 - oc_logger - INFO - Function evaluation number: 54, SI: 2, Sub-iteration number: 21, FoM: 0.9644298048235412
06/05/2022 12:53:12.038 - oc_logger - INFO - New record achieved. Previous FoM: 0.9644298048235412, new best FoM : 0.9642436554587376
06/05/2022 12:53:12.038 - oc_logger - INFO - Function evaluation number: 55, SI: 2, Sub-iteration number: 22, FoM: 0.9642436554587376
06/05/2022 12:53:12.444 - oc_logger - INFO - New record achieved. Previous FoM: 0.9642436554587376, new best FoM : 0.9635550685006112
06/05/2022 12:53:12.444 - oc_logger - INFO - Function evaluation number: 56, SI: 2, Sub-iteration number: 22, FoM: 0.9635550685006112
06/05/2022 12:53:12.744 - oc_logger - INFO - New record achieved. Previous FoM: 0.9635550685006112, new best FoM : 0.9634256111212322
06/05/2022 12:53:12.744 - oc_logger - INFO - Function evaluation number: 57, SI: 2, Sub-iteration number: 23, FoM: 0.9634256111212322
06/05/2022 12:53:13.044 - oc_logger - INFO - New record achieved. Previous FoM: 0.9634256111212322, new best FoM : 0.962699132035666
06/05/2022 12:53:13.044 - oc_logger - INFO - Function evaluation number: 58, SI: 2, Sub-iteration number: 23, FoM: 0.962699132035666
06/05/2022 12:53:13.339 - oc_logger - INFO - New record achieved. Previous FoM: 0.962699132035666, new best FoM : 0.962464868738194
06/05/2022 12:53:13.340 - oc_logger - INFO - Function evaluation number: 59, SI: 2, Sub-iteration number: 24, FoM: 0.962464868738194
06/05/2022 12:53:13.612 - oc_logger - INFO - New record achieved. Previous FoM: 0.962464868738194, new best FoM : 0.96167522739222
06/05/2022 12:53:13.612 - oc_logger - INFO - Function evaluation number: 60, SI: 2, Sub-iteration number: 24, FoM: 0.96167522739222
06/05/2022 12:53:13.906 - oc_logger - INFO - New record achieved. Previous FoM: 0.96167522739222, new best FoM : 0.9613192662216632
06/05/2022 12:53:13.906 - oc_logger - INFO - Function evaluation number: 61, SI: 2, Sub-iteration number: 25, FoM: 0.9613192662216632
06/05/2022 12:53:14.203 - oc_logger - INFO - New record achieved. Previous FoM: 0.9613192662216632, new best FoM : 0.9604350311401675
06/05/2022 12:53:14.204 - oc_logger - INFO - Function evaluation number: 62, SI: 2, Sub-iteration number: 25, FoM: 0.9604350311401675
06/05/2022 12:53:14.492 - oc_logger - INFO - New record achieved. Previous FoM: 0.9604350311401675, new best FoM : 0.9601915280375695
06/05/2022 12:53:14.492 - oc_logger - INFO - Function evaluation number: 63, SI: 2, Sub-iteration number: 26, FoM: 0.9601915280375695
06/05/2022 12:53:14.823 - oc_logger - INFO - New record achieved. Previous FoM: 0.9601915280375695, new best FoM : 0.9592389581647602
06/05/2022 12:53:14.823 - oc_logger - INFO - Function evaluation number: 64, SI: 2, Sub-iteration number: 26, FoM: 0.9592389581647602
06/05/2022 12:53:15.171 - oc_logger - INFO - New record achieved. Previous FoM: 0.9592389581647602, new best FoM : 0.9588053223707056
06/05/2022 12:53:15.171 - oc_logger - INFO - Function evaluation number: 65, SI: 2, Sub-iteration number: 27, FoM: 0.9588053223707056
06/05/2022 12:53:15.577 - oc_logger - INFO - New record achieved. Previous FoM: 0.9588053223707056, new best FoM : 0.957735567850073
06/05/2022 12:53:15.577 - oc_logger - INFO - Function evaluation number: 66, SI: 2, Sub-iteration number: 27, FoM: 0.957735567850073
06/05/2022 12:53:15.870 - oc_logger - INFO - New record achieved. Previous FoM: 0.957735567850073, new best FoM : 0.9576005998481658
06/05/2022 12:53:15.871 - oc_logger - INFO - Function evaluation number: 67, SI: 2, Sub-iteration number: 28, FoM: 0.9576005998481658
06/05/2022 12:53:16.117 - oc_logger - INFO - New record achieved. Previous FoM: 0.9576005998481658, new best FoM : 0.9564832188258262
06/05/2022 12:53:16.117 - oc_logger - INFO - Function evaluation number: 68, SI: 2, Sub-iteration number: 28, FoM: 0.9564832188258262
06/05/2022 12:53:16.605 - oc_logger - INFO - New record achieved. Previous FoM: 0.9564832188258262, new best FoM : 0.9561675086284838
06/05/2022 12:53:16.605 - oc_logger - INFO - Function evaluation number: 69, SI: 2, Sub-iteration number: 29, FoM: 0.9561675086284838
06/05/2022 12:53:17.089 - oc_logger - INFO - New record achieved. Previous FoM: 0.9561675086284838, new best FoM : 0.9549594605355818
06/05/2022 12:53:17.089 - oc_logger - INFO - Function evaluation number: 70, SI: 2, Sub-iteration number: 29, FoM: 0.9549594605355818
06/05/2022 12:53:17.460 - oc_logger - INFO - New record achieved. Previous FoM: 0.9549594605355818, new best FoM : 0.9545512348931366
06/05/2022 12:53:17.460 - oc_logger - INFO - Function evaluation number: 71, SI: 2, Sub-iteration number: 30, FoM: 0.9545512348931366
06/05/2022 12:53:17.709 - oc_logger - INFO - New record achieved. Previous FoM: 0.9545512348931366, new best FoM : 0.9532265634291938
06/05/2022 12:53:17.709 - oc_logger - INFO - Function evaluation number: 72, SI: 2, Sub-iteration number: 30, FoM: 0.9532265634291938
06/05/2022 12:53:18.034 - oc_logger - INFO - New record achieved. Previous FoM: 0.9532265634291938, new best FoM : 0.9528118190336068
06/05/2022 12:53:18.034 - oc_logger - INFO - Function evaluation number: 73, SI: 2, Sub-iteration number: 31, FoM: 0.9528118190336068
06/05/2022 12:53:18.346 - oc_logger - INFO - New record achieved. Previous FoM: 0.9528118190336068, new best FoM : 0.9513660868590179
06/05/2022 12:53:18.347 - oc_logger - INFO - Function evaluation number: 74, SI: 2, Sub-iteration number: 31, FoM: 0.9513660868590179
06/05/2022 12:53:18.688 - oc_logger - INFO - New record achieved. Previous FoM: 0.9513660868590179, new best FoM : 0.9507815249978747
06/05/2022 12:53:18.688 - oc_logger - INFO - Function evaluation number: 75, SI: 2, Sub-iteration number: 32, FoM: 0.9507815249978747
06/05/2022 12:53:18.936 - oc_logger - INFO - New record achieved. Previous FoM: 0.9507815249978747, new best FoM : 0.9491700927011313
06/05/2022 12:53:18.936 - oc_logger - INFO - Function evaluation number: 76, SI: 2, Sub-iteration number: 32, FoM: 0.9491700927011313
06/05/2022 12:53:19.271 - oc_logger - INFO - New record achieved. Previous FoM: 0.9491700927011313, new best FoM : 0.9486274506322792
06/05/2022 12:53:19.271 - oc_logger - INFO - Function evaluation number: 77, SI: 2, Sub-iteration number: 33, FoM: 0.9486274506322792
06/05/2022 12:53:19.622 - oc_logger - INFO - New record achieved. Previous FoM: 0.9486274506322792, new best FoM : 0.9468551101464493
06/05/2022 12:53:19.622 - oc_logger - INFO - Function evaluation number: 78, SI: 2, Sub-iteration number: 33, FoM: 0.9468551101464493
06/05/2022 12:53:19.937 - oc_logger - INFO - New record achieved. Previous FoM: 0.9468551101464493, new best FoM : 0.9464586940780138
06/05/2022 12:53:19.937 - oc_logger - INFO - Function evaluation number: 79, SI: 2, Sub-iteration number: 34, FoM: 0.9464586940780138
06/05/2022 12:53:20.487 - oc_logger - INFO - New record achieved. Previous FoM: 0.9464586940780138, new best FoM : 0.9445592623293306
06/05/2022 12:53:20.487 - oc_logger - INFO - Function evaluation number: 80, SI: 2, Sub-iteration number: 34, FoM: 0.9445592623293306
06/05/2022 12:53:21.030 - oc_logger - INFO - New record achieved. Previous FoM: 0.9445592623293306, new best FoM : 0.943912279472179
06/05/2022 12:53:21.030 - oc_logger - INFO - Function evaluation number: 81, SI: 2, Sub-iteration number: 35, FoM: 0.943912279472179
06/05/2022 12:53:21.438 - oc_logger - INFO - New record achieved. Previous FoM: 0.943912279472179, new best FoM : 0.9418175365864331
06/05/2022 12:53:21.438 - oc_logger - INFO - Function evaluation number: 82, SI: 2, Sub-iteration number: 35, FoM: 0.9418175365864331
06/05/2022 12:53:21.790 - oc_logger - INFO - New record achieved. Previous FoM: 0.9418175365864331, new best FoM : 0.9414265249349927
06/05/2022 12:53:21.791 - oc_logger - INFO - Function evaluation number: 83, SI: 2, Sub-iteration number: 36, FoM: 0.9414265249349927
06/05/2022 12:53:22.250 - oc_logger - INFO - New record achieved. Previous FoM: 0.9414265249349927, new best FoM : 0.9391971052910828
06/05/2022 12:53:22.251 - oc_logger - INFO - Function evaluation number: 84, SI: 2, Sub-iteration number: 36, FoM: 0.9391971052910828
06/05/2022 12:53:22.672 - oc_logger - INFO - New record achieved. Previous FoM: 0.9391971052910828, new best FoM : 0.9382663407317037
06/05/2022 12:53:22.672 - oc_logger - INFO - Function evaluation number: 85, SI: 2, Sub-iteration number: 37, FoM: 0.9382663407317037
06/05/2022 12:53:22.905 - oc_logger - INFO - New record achieved. Previous FoM: 0.9382663407317037, new best FoM : 0.9357657873940677
06/05/2022 12:53:22.905 - oc_logger - INFO - Function evaluation number: 86, SI: 2, Sub-iteration number: 37, FoM: 0.9357657873940677
06/05/2022 12:53:23.160 - oc_logger - INFO - New record achieved. Previous FoM: 0.9357657873940677, new best FoM : 0.9348798463222956
06/05/2022 12:53:23.160 - oc_logger - INFO - Function evaluation number: 87, SI: 2, Sub-iteration number: 38, FoM: 0.9348798463222956
06/05/2022 12:53:23.398 - oc_logger - INFO - New record achieved. Previous FoM: 0.9348798463222956, new best FoM : 0.9321065686836537
06/05/2022 12:53:23.398 - oc_logger - INFO - Function evaluation number: 88, SI: 2, Sub-iteration number: 38, FoM: 0.9321065686836537
06/05/2022 12:53:23.706 - oc_logger - INFO - New record achieved. Previous FoM: 0.9321065686836537, new best FoM : 0.9312508003420591
06/05/2022 12:53:23.706 - oc_logger - INFO - Function evaluation number: 89, SI: 2, Sub-iteration number: 39, FoM: 0.9312508003420591
06/05/2022 12:53:24.137 - oc_logger - INFO - New record achieved. Previous FoM: 0.9312508003420591, new best FoM : 0.9282064563014897
06/05/2022 12:53:24.137 - oc_logger - INFO - Function evaluation number: 90, SI: 2, Sub-iteration number: 39, FoM: 0.9282064563014897
06/05/2022 12:53:24.483 - oc_logger - INFO - New record achieved. Previous FoM: 0.9282064563014897, new best FoM : 0.9272182560245729
06/05/2022 12:53:24.483 - oc_logger - INFO - Function evaluation number: 91, SI: 2, Sub-iteration number: 40, FoM: 0.9272182560245729
06/05/2022 12:53:24.784 - oc_logger - INFO - New record achieved. Previous FoM: 0.9272182560245729, new best FoM : 0.9238615691332394
06/05/2022 12:53:24.785 - oc_logger - INFO - Function evaluation number: 92, SI: 2, Sub-iteration number: 40, FoM: 0.9238615691332394
06/05/2022 12:53:25.092 - oc_logger - INFO - New record achieved. Previous FoM: 0.9238615691332394, new best FoM : 0.9231811829096017
06/05/2022 12:53:25.093 - oc_logger - INFO - Function evaluation number: 93, SI: 2, Sub-iteration number: 41, FoM: 0.9231811829096017
06/05/2022 12:53:25.462 - oc_logger - INFO - New record achieved. Previous FoM: 0.9231811829096017, new best FoM : 0.9198646016621277
06/05/2022 12:53:25.462 - oc_logger - INFO - Function evaluation number: 94, SI: 2, Sub-iteration number: 41, FoM: 0.9198646016621277
06/05/2022 12:53:25.707 - oc_logger - INFO - New record achieved. Previous FoM: 0.9198646016621277, new best FoM : 0.918925839742324
06/05/2022 12:53:25.707 - oc_logger - INFO - Function evaluation number: 95, SI: 2, Sub-iteration number: 42, FoM: 0.918925839742324
06/05/2022 12:53:26.029 - oc_logger - INFO - New record achieved. Previous FoM: 0.918925839742324, new best FoM : 0.9154432588507333
06/05/2022 12:53:26.029 - oc_logger - INFO - Function evaluation number: 96, SI: 2, Sub-iteration number: 42, FoM: 0.9154432588507333
06/05/2022 12:53:26.397 - oc_logger - INFO - New record achieved. Previous FoM: 0.9154432588507333, new best FoM : 0.9138500471392008
06/05/2022 12:53:26.397 - oc_logger - INFO - Function evaluation number: 97, SI: 2, Sub-iteration number: 43, FoM: 0.9138500471392008
06/05/2022 12:53:26.732 - oc_logger - INFO - New record achieved. Previous FoM: 0.9138500471392008, new best FoM : 0.9101195497939244
06/05/2022 12:53:26.732 - oc_logger - INFO - Function evaluation number: 98, SI: 2, Sub-iteration number: 43, FoM: 0.9101195497939244
06/05/2022 12:53:27.049 - oc_logger - INFO - New record achieved. Previous FoM: 0.9101195497939244, new best FoM : 0.9096490469821544
06/05/2022 12:53:27.049 - oc_logger - INFO - Function evaluation number: 99, SI: 2, Sub-iteration number: 44, FoM: 0.9096490469821544
06/05/2022 12:53:27.530 - oc_logger - INFO - New record achieved. Previous FoM: 0.9096490469821544, new best FoM : 0.9061365530814561
06/05/2022 12:53:27.530 - oc_logger - INFO - Function evaluation number: 100, SI: 2, Sub-iteration number: 44, FoM: 0.9061365530814561
06/05/2022 12:53:27.884 - oc_logger - INFO - New record achieved. Previous FoM: 0.9061365530814561, new best FoM : 0.9043689892511972
06/05/2022 12:53:27.884 - oc_logger - INFO - Function evaluation number: 101, SI: 2, Sub-iteration number: 45, FoM: 0.9043689892511972
06/05/2022 12:53:28.139 - oc_logger - INFO - New record achieved. Previous FoM: 0.9043689892511972, new best FoM : 0.9004900174542187
06/05/2022 12:53:28.139 - oc_logger - INFO - Function evaluation number: 102, SI: 2, Sub-iteration number: 45, FoM: 0.9004900174542187
06/05/2022 12:53:28.468 - oc_logger - INFO - New record achieved. Previous FoM: 0.9004900174542187, new best FoM : 0.9002603697422146
06/05/2022 12:53:28.468 - oc_logger - INFO - Function evaluation number: 103, SI: 2, Sub-iteration number: 46, FoM: 0.9002603697422146
06/05/2022 12:53:28.787 - oc_logger - INFO - New record achieved. Previous FoM: 0.9002603697422146, new best FoM : 0.8968040450206498
06/05/2022 12:53:28.787 - oc_logger - INFO - Function evaluation number: 104, SI: 2, Sub-iteration number: 46, FoM: 0.8968040450206498
06/05/2022 12:53:29.095 - oc_logger - INFO - New record achieved. Previous FoM: 0.8968040450206498, new best FoM : 0.8957330948851745
06/05/2022 12:53:29.095 - oc_logger - INFO - Function evaluation number: 105, SI: 2, Sub-iteration number: 47, FoM: 0.8957330948851745
06/05/2022 12:53:29.402 - oc_logger - INFO - New record achieved. Previous FoM: 0.8957330948851745, new best FoM : 0.8926333373021738
06/05/2022 12:53:29.402 - oc_logger - INFO - Function evaluation number: 106, SI: 2, Sub-iteration number: 47, FoM: 0.8926333373021738
06/05/2022 12:53:29.637 - oc_logger - INFO - New record achieved. Previous FoM: 0.8926333373021738, new best FoM : 0.8915341754680228
06/05/2022 12:53:29.637 - oc_logger - INFO - Function evaluation number: 107, SI: 2, Sub-iteration number: 48, FoM: 0.8915341754680228
06/05/2022 12:53:29.895 - oc_logger - INFO - New record achieved. Previous FoM: 0.8915341754680228, new best FoM : 0.889033292602109
06/05/2022 12:53:29.895 - oc_logger - INFO - Function evaluation number: 108, SI: 2, Sub-iteration number: 48, FoM: 0.889033292602109
06/05/2022 12:53:30.227 - oc_logger - INFO - Function evaluation number: 109, SI: 2, Sub-iteration number: 49, FoM: 0.8892265775656916
06/05/2022 12:53:30.547 - oc_logger - INFO - New record achieved. Previous FoM: 0.889033292602109, new best FoM : 0.8856337251020179
06/05/2022 12:53:30.547 - oc_logger - INFO - Function evaluation number: 110, SI: 2, Sub-iteration number: 50, FoM: 0.8856337251020179
06/05/2022 12:53:30.893 - oc_logger - INFO - New record achieved. Previous FoM: 0.8856337251020179, new best FoM : 0.8833247653360983
06/05/2022 12:53:30.893 - oc_logger - INFO - Function evaluation number: 111, SI: 2, Sub-iteration number: 50, FoM: 0.8833247653360983
06/05/2022 12:53:31.139 - oc_logger - INFO - Function evaluation number: 112, SI: 2, Sub-iteration number: 51, FoM: 0.883468117705729
06/05/2022 12:53:31.394 - oc_logger - INFO - New record achieved. Previous FoM: 0.8833247653360983, new best FoM : 0.881188507291574
06/05/2022 12:53:31.394 - oc_logger - INFO - Function evaluation number: 113, SI: 2, Sub-iteration number: 52, FoM: 0.881188507291574
06/05/2022 12:53:31.732 - oc_logger - INFO - New record achieved. Previous FoM: 0.881188507291574, new best FoM : 0.8796088946879506
06/05/2022 12:53:31.733 - oc_logger - INFO - Function evaluation number: 114, SI: 2, Sub-iteration number: 52, FoM: 0.8796088946879506
06/05/2022 12:53:32.047 - oc_logger - INFO - New record achieved. Previous FoM: 0.8796088946879506, new best FoM : 0.8787734778786767
06/05/2022 12:53:32.047 - oc_logger - INFO - Function evaluation number: 115, SI: 2, Sub-iteration number: 53, FoM: 0.8787734778786767
06/05/2022 12:53:32.378 - oc_logger - INFO - New record achieved. Previous FoM: 0.8787734778786767, new best FoM : 0.8775764240506843
06/05/2022 12:53:32.378 - oc_logger - INFO - Function evaluation number: 116, SI: 2, Sub-iteration number: 53, FoM: 0.8775764240506843
06/05/2022 12:53:32.708 - oc_logger - INFO - Function evaluation number: 117, SI: 2, Sub-iteration number: 54, FoM: 0.8779945413382881
06/05/2022 12:53:33.026 - oc_logger - INFO - New record achieved. Previous FoM: 0.8775764240506843, new best FoM : 0.8768518683736692
06/05/2022 12:53:33.026 - oc_logger - INFO - Function evaluation number: 118, SI: 2, Sub-iteration number: 55, FoM: 0.8768518683736692
06/05/2022 12:53:33.361 - oc_logger - INFO - New record achieved. Previous FoM: 0.8768518683736692, new best FoM : 0.8760071971437482
06/05/2022 12:53:33.361 - oc_logger - INFO - Function evaluation number: 119, SI: 2, Sub-iteration number: 55, FoM: 0.8760071971437482
06/05/2022 12:53:33.678 - oc_logger - INFO - Function evaluation number: 120, SI: 2, Sub-iteration number: 56, FoM: 0.8761018812213138
06/05/2022 12:53:34.075 - oc_logger - INFO - New record achieved. Previous FoM: 0.8760071971437482, new best FoM : 0.8746562714463805
06/05/2022 12:53:34.075 - oc_logger - INFO - Function evaluation number: 121, SI: 2, Sub-iteration number: 57, FoM: 0.8746562714463805
06/05/2022 12:53:34.448 - oc_logger - INFO - New record achieved. Previous FoM: 0.8746562714463805, new best FoM : 0.8741747127197804
06/05/2022 12:53:34.448 - oc_logger - INFO - Function evaluation number: 122, SI: 2, Sub-iteration number: 57, FoM: 0.8741747127197804
06/05/2022 12:53:34.779 - oc_logger - INFO - New record achieved. Previous FoM: 0.8741747127197804, new best FoM : 0.8741430989945231
06/05/2022 12:53:34.779 - oc_logger - INFO - Function evaluation number: 123, SI: 2, Sub-iteration number: 58, FoM: 0.8741430989945231
06/05/2022 12:53:35.108 - oc_logger - INFO - New record achieved. Previous FoM: 0.8741430989945231, new best FoM : 0.8735598667498314
06/05/2022 12:53:35.108 - oc_logger - INFO - Function evaluation number: 124, SI: 2, Sub-iteration number: 58, FoM: 0.8735598667498314
06/05/2022 12:53:35.416 - oc_logger - INFO - Function evaluation number: 125, SI: 2, Sub-iteration number: 59, FoM: 0.8738808655990885
06/05/2022 12:53:35.738 - oc_logger - INFO - Function evaluation number: 126, SI: 2, Sub-iteration number: 60, FoM: 0.8737506172073679
06/05/2022 12:53:36.093 - oc_logger - INFO - New record achieved. Previous FoM: 0.8735598667498314, new best FoM : 0.8722993058098278
06/05/2022 12:53:36.093 - oc_logger - INFO - Function evaluation number: 127, SI: 2, Sub-iteration number: 61, FoM: 0.8722993058098278
06/05/2022 12:53:36.578 - oc_logger - INFO - New record achieved. Previous FoM: 0.8722993058098278, new best FoM : 0.8717459354294609
06/05/2022 12:53:36.578 - oc_logger - INFO - Function evaluation number: 128, SI: 2, Sub-iteration number: 61, FoM: 0.8717459354294609
06/05/2022 12:53:37.361 - oc_logger - INFO - Function evaluation number: 129, SI: 2, Sub-iteration number: 62, FoM: 0.87250445600782
06/05/2022 12:53:37.717 - oc_logger - INFO - Function evaluation number: 130, SI: 2, Sub-iteration number: 63, FoM: 0.8726476211285177
06/05/2022 12:53:38.012 - oc_logger - INFO - New record achieved. Previous FoM: 0.8717459354294609, new best FoM : 0.8714135917759259
06/05/2022 12:53:38.012 - oc_logger - INFO - Function evaluation number: 131, SI: 2, Sub-iteration number: 64, FoM: 0.8714135917759259
06/05/2022 12:53:38.469 - oc_logger - INFO - New record achieved. Previous FoM: 0.8714135917759259, new best FoM : 0.8713193937301266
06/05/2022 12:53:38.469 - oc_logger - INFO - Function evaluation number: 132, SI: 2, Sub-iteration number: 64, FoM: 0.8713193937301266
06/05/2022 12:53:38.996 - oc_logger - INFO - Function evaluation number: 133, SI: 2, Sub-iteration number: 65, FoM: 0.871896314749184
06/05/2022 12:53:39.529 - oc_logger - INFO - Function evaluation number: 134, SI: 2, Sub-iteration number: 66, FoM: 0.872322874025907
06/05/2022 12:53:40.074 - oc_logger - INFO - Function evaluation number: 135, SI: 2, Sub-iteration number: 67, FoM: 0.871992874317789
06/05/2022 12:53:40.413 - oc_logger - INFO - Function evaluation number: 136, SI: 2, Sub-iteration number: 68, FoM: 0.8714457572611756
06/05/2022 12:53:40.736 - oc_logger - INFO - Function evaluation number: 137, SI: 2, Sub-iteration number: 69, FoM: 0.8716535202759543
06/05/2022 12:53:41.034 - oc_logger - INFO - New record achieved. Previous FoM: 0.8713193937301266, new best FoM : 0.870825461731906
06/05/2022 12:53:41.034 - oc_logger - INFO - Function evaluation number: 138, SI: 2, Sub-iteration number: 70, FoM: 0.870825461731906
06/05/2022 12:53:41.354 - oc_logger - INFO - New record achieved. Previous FoM: 0.870825461731906, new best FoM : 0.8705798313293299
06/05/2022 12:53:41.354 - oc_logger - INFO - Function evaluation number: 139, SI: 2, Sub-iteration number: 70, FoM: 0.8705798313293299
06/05/2022 12:53:41.703 - oc_logger - INFO - Function evaluation number: 140, SI: 2, Sub-iteration number: 71, FoM: 0.8710389487058057
06/05/2022 12:53:42.053 - oc_logger - INFO - New record achieved. Previous FoM: 0.8705798313293299, new best FoM : 0.8703655978526392
06/05/2022 12:53:42.053 - oc_logger - INFO - Function evaluation number: 141, SI: 2, Sub-iteration number: 72, FoM: 0.8703655978526392
06/05/2022 12:53:42.389 - oc_logger - INFO - New record achieved. Previous FoM: 0.8703655978526392, new best FoM : 0.8701397302718911
06/05/2022 12:53:42.389 - oc_logger - INFO - Function evaluation number: 142, SI: 2, Sub-iteration number: 72, FoM: 0.8701397302718911
06/05/2022 12:53:42.652 - oc_logger - INFO - Function evaluation number: 143, SI: 2, Sub-iteration number: 73, FoM: 0.8701824898509648
06/05/2022 12:53:42.933 - oc_logger - INFO - New record achieved. Previous FoM: 0.8701397302718911, new best FoM : 0.8700994812680558
06/05/2022 12:53:42.933 - oc_logger - INFO - Function evaluation number: 144, SI: 2, Sub-iteration number: 74, FoM: 0.8700994812680558
06/05/2022 12:53:43.263 - oc_logger - INFO - New record achieved. Previous FoM: 0.8700994812680558, new best FoM : 0.8698906805067735
06/05/2022 12:53:43.263 - oc_logger - INFO - Function evaluation number: 145, SI: 2, Sub-iteration number: 74, FoM: 0.8698906805067735
06/05/2022 12:53:43.584 - oc_logger - INFO - Function evaluation number: 146, SI: 2, Sub-iteration number: 75, FoM: 0.8706942397345347
06/05/2022 12:53:43.981 - oc_logger - INFO - New record achieved. Previous FoM: 0.8698906805067735, new best FoM : 0.8698888551506311
06/05/2022 12:53:43.981 - oc_logger - INFO - Function evaluation number: 147, SI: 2, Sub-iteration number: 76, FoM: 0.8698888551506311
06/05/2022 12:53:44.485 - oc_logger - INFO - New record achieved. Previous FoM: 0.8698888551506311, new best FoM : 0.8696835262143059
06/05/2022 12:53:44.485 - oc_logger - INFO - Function evaluation number: 148, SI: 2, Sub-iteration number: 76, FoM: 0.8696835262143059
06/05/2022 12:53:44.741 - oc_logger - INFO - New record achieved. Previous FoM: 0.8696835262143059, new best FoM : 0.8694971442759756
06/05/2022 12:53:44.741 - oc_logger - INFO - Function evaluation number: 149, SI: 2, Sub-iteration number: 77, FoM: 0.8694971442759756
06/05/2022 12:53:45.013 - oc_logger - INFO - New record achieved. Previous FoM: 0.8694971442759756, new best FoM : 0.8692014531587375
06/05/2022 12:53:45.013 - oc_logger - INFO - Function evaluation number: 150, SI: 2, Sub-iteration number: 77, FoM: 0.8692014531587375
06/05/2022 12:53:45.350 - oc_logger - INFO - New record achieved. Previous FoM: 0.8692014531587375, new best FoM : 0.8687510108339317
06/05/2022 12:53:45.351 - oc_logger - INFO - Function evaluation number: 151, SI: 2, Sub-iteration number: 78, FoM: 0.8687510108339317
06/05/2022 12:53:45.888 - oc_logger - INFO - New record achieved. Previous FoM: 0.8687510108339317, new best FoM : 0.8684777719370814
06/05/2022 12:53:45.888 - oc_logger - INFO - Function evaluation number: 152, SI: 2, Sub-iteration number: 78, FoM: 0.8684777719370814
06/05/2022 12:53:46.519 - oc_logger - INFO - Function evaluation number: 153, SI: 2, Sub-iteration number: 79, FoM: 0.8687463559272789
06/05/2022 12:53:47.100 - oc_logger - INFO - Function evaluation number: 154, SI: 2, Sub-iteration number: 80, FoM: 0.869099939896466
06/05/2022 12:53:47.561 - oc_logger - INFO - New record achieved. Previous FoM: 0.8684777719370814, new best FoM : 0.8681310450650078
06/05/2022 12:53:47.561 - oc_logger - INFO - Function evaluation number: 155, SI: 2, Sub-iteration number: 81, FoM: 0.8681310450650078
06/05/2022 12:53:47.885 - oc_logger - INFO - New record achieved. Previous FoM: 0.8681310450650078, new best FoM : 0.8679045211183161
06/05/2022 12:53:47.885 - oc_logger - INFO - Function evaluation number: 156, SI: 2, Sub-iteration number: 81, FoM: 0.8679045211183161
06/05/2022 12:53:48.250 - oc_logger - INFO - New record achieved. Previous FoM: 0.8679045211183161, new best FoM : 0.8677955907270667
06/05/2022 12:53:48.250 - oc_logger - INFO - Function evaluation number: 157, SI: 2, Sub-iteration number: 82, FoM: 0.8677955907270667
06/05/2022 12:53:48.607 - oc_logger - INFO - New record achieved. Previous FoM: 0.8677955907270667, new best FoM : 0.8675605166255063
06/05/2022 12:53:48.607 - oc_logger - INFO - Function evaluation number: 158, SI: 2, Sub-iteration number: 82, FoM: 0.8675605166255063
06/05/2022 12:53:49.013 - oc_logger - INFO - New record achieved. Previous FoM: 0.8675605166255063, new best FoM : 0.8670573284637544
06/05/2022 12:53:49.013 - oc_logger - INFO - Function evaluation number: 159, SI: 2, Sub-iteration number: 83, FoM: 0.8670573284637544
06/05/2022 12:53:49.597 - oc_logger - INFO - New record achieved. Previous FoM: 0.8670573284637544, new best FoM : 0.8666683054745691
06/05/2022 12:53:49.597 - oc_logger - INFO - Function evaluation number: 160, SI: 2, Sub-iteration number: 83, FoM: 0.8666683054745691
06/05/2022 12:53:50.067 - oc_logger - INFO - New record achieved. Previous FoM: 0.8666683054745691, new best FoM : 0.8664997516932382
06/05/2022 12:53:50.067 - oc_logger - INFO - Function evaluation number: 161, SI: 2, Sub-iteration number: 84, FoM: 0.8664997516932382
06/05/2022 12:53:50.665 - oc_logger - INFO - New record achieved. Previous FoM: 0.8664997516932382, new best FoM : 0.8661653525391272
06/05/2022 12:53:50.665 - oc_logger - INFO - Function evaluation number: 162, SI: 2, Sub-iteration number: 84, FoM: 0.8661653525391272
06/05/2022 12:53:51.209 - oc_logger - INFO - Function evaluation number: 163, SI: 2, Sub-iteration number: 85, FoM: 0.8666414311999532
06/05/2022 12:53:51.606 - oc_logger - INFO - Function evaluation number: 164, SI: 2, Sub-iteration number: 86, FoM: 0.8663802542723658
06/05/2022 12:53:52.014 - oc_logger - INFO - Function evaluation number: 165, SI: 2, Sub-iteration number: 87, FoM: 0.8674669011003204
06/05/2022 12:53:52.477 - oc_logger - INFO - Function evaluation number: 166, SI: 2, Sub-iteration number: 88, FoM: 0.8663527549666041
06/05/2022 12:53:52.942 - oc_logger - INFO - New record achieved. Previous FoM: 0.8661653525391272, new best FoM : 0.8653468363683585
06/05/2022 12:53:52.942 - oc_logger - INFO - Function evaluation number: 167, SI: 2, Sub-iteration number: 89, FoM: 0.8653468363683585
06/05/2022 12:53:53.384 - oc_logger - INFO - New record achieved. Previous FoM: 0.8653468363683585, new best FoM : 0.8651928653333714
06/05/2022 12:53:53.384 - oc_logger - INFO - Function evaluation number: 168, SI: 2, Sub-iteration number: 89, FoM: 0.8651928653333714
06/05/2022 12:53:53.791 - oc_logger - INFO - Function evaluation number: 169, SI: 2, Sub-iteration number: 90, FoM: 0.8657759263641898
06/05/2022 12:53:54.041 - oc_logger - INFO - Function evaluation number: 170, SI: 2, Sub-iteration number: 91, FoM: 0.8652176552799101
06/05/2022 12:53:54.302 - oc_logger - INFO - Function evaluation number: 171, SI: 2, Sub-iteration number: 92, FoM: 0.8658752537558835
06/05/2022 12:53:54.635 - oc_logger - INFO - Function evaluation number: 172, SI: 2, Sub-iteration number: 93, FoM: 0.8654033167183035
06/05/2022 12:53:55.075 - oc_logger - INFO - Function evaluation number: 173, SI: 2, Sub-iteration number: 94, FoM: 0.8653657716422014
06/05/2022 12:53:55.523 - oc_logger - INFO - New record achieved. Previous FoM: 0.8651928653333714, new best FoM : 0.8641314625398863
06/05/2022 12:53:55.523 - oc_logger - INFO - Function evaluation number: 174, SI: 2, Sub-iteration number: 95, FoM: 0.8641314625398863
06/05/2022 12:53:56.014 - oc_logger - INFO - New record achieved. Previous FoM: 0.8641314625398863, new best FoM : 0.8638380401571544
06/05/2022 12:53:56.015 - oc_logger - INFO - Function evaluation number: 175, SI: 2, Sub-iteration number: 95, FoM: 0.8638380401571544
06/05/2022 12:53:56.645 - oc_logger - INFO - Function evaluation number: 176, SI: 2, Sub-iteration number: 96, FoM: 0.8647985518508917
06/05/2022 12:53:57.162 - oc_logger - INFO - Function evaluation number: 177, SI: 2, Sub-iteration number: 97, FoM: 0.8655734480485899
06/05/2022 12:53:57.754 - oc_logger - INFO - Function evaluation number: 178, SI: 2, Sub-iteration number: 98, FoM: 0.8653100982294992
06/05/2022 12:53:58.350 - oc_logger - INFO - Function evaluation number: 179, SI: 2, Sub-iteration number: 99, FoM: 0.8643803546665008
06/05/2022 12:53:58.739 - oc_logger - INFO - Function evaluation number: 180, SI: 2, Sub-iteration number: 100, FoM: 0.8649468674720858
06/05/2022 12:53:58.994 - oc_logger - INFO - Function evaluation number: 181, SI: 2, Sub-iteration number: 101, FoM: 0.8642155437931559
06/05/2022 12:53:59.257 - oc_logger - INFO - New record achieved. Previous FoM: 0.8638380401571544, new best FoM : 0.8637452419605942
06/05/2022 12:53:59.257 - oc_logger - INFO - Function evaluation number: 182, SI: 2, Sub-iteration number: 102, FoM: 0.8637452419605942
06/05/2022 12:53:59.511 - oc_logger - INFO - New record achieved. Previous FoM: 0.8637452419605942, new best FoM : 0.8635647663082007
06/05/2022 12:53:59.511 - oc_logger - INFO - Function evaluation number: 183, SI: 2, Sub-iteration number: 102, FoM: 0.8635647663082007
06/05/2022 12:53:59.779 - oc_logger - INFO - Function evaluation number: 184, SI: 2, Sub-iteration number: 103, FoM: 0.8655505868079276
06/05/2022 12:54:00.089 - oc_logger - INFO - Function evaluation number: 185, SI: 2, Sub-iteration number: 103, FoM: 0.8647375407908963
06/05/2022 12:54:00.564 - oc_logger - INFO - Function evaluation number: 186, SI: 2, Sub-iteration number: 104, FoM: 0.8639412240693027
06/05/2022 12:54:00.832 - oc_logger - INFO - New record achieved. Previous FoM: 0.8635647663082007, new best FoM : 0.8628936345579593
06/05/2022 12:54:00.832 - oc_logger - INFO - Function evaluation number: 187, SI: 2, Sub-iteration number: 105, FoM: 0.8628936345579593
06/05/2022 12:54:01.189 - oc_logger - INFO - New record achieved. Previous FoM: 0.8628936345579593, new best FoM : 0.8625224291432259
06/05/2022 12:54:01.189 - oc_logger - INFO - Function evaluation number: 188, SI: 2, Sub-iteration number: 105, FoM: 0.8625224291432259
06/05/2022 12:54:01.613 - oc_logger - INFO - Function evaluation number: 189, SI: 2, Sub-iteration number: 106, FoM: 0.8638963778341129
06/05/2022 12:54:02.047 - oc_logger - INFO - Function evaluation number: 190, SI: 2, Sub-iteration number: 107, FoM: 0.8637339991064953
06/05/2022 12:54:02.454 - oc_logger - INFO - Function evaluation number: 191, SI: 2, Sub-iteration number: 108, FoM: 0.8628105263912291
06/05/2022 12:54:02.710 - oc_logger - INFO - Function evaluation number: 192, SI: 2, Sub-iteration number: 109, FoM: 0.8626984157381514
06/05/2022 12:54:02.992 - oc_logger - INFO - New record achieved. Previous FoM: 0.8625224291432259, new best FoM : 0.8621931163748175
06/05/2022 12:54:02.992 - oc_logger - INFO - Function evaluation number: 193, SI: 2, Sub-iteration number: 110, FoM: 0.8621931163748175
06/05/2022 12:54:03.445 - oc_logger - INFO - New record achieved. Previous FoM: 0.8621931163748175, new best FoM : 0.8619865434841754
06/05/2022 12:54:03.445 - oc_logger - INFO - Function evaluation number: 194, SI: 2, Sub-iteration number: 110, FoM: 0.8619865434841754
