06/07/2022 06:28:25.259 - oc_logger - INFO - The optimization direction is minimization
06/07/2022 06:28:25.259 - oc_logger - INFO - QuOCS version number: 0.0.22
06/07/2022 06:28:25.307 - oc_logger - INFO - Function evaluation number: 1, FoM: 0.4785086816692401
06/07/2022 06:28:25.320 - oc_logger - INFO - Function evaluation number: 2, FoM: 0.4618316392789735
06/07/2022 06:28:25.327 - oc_logger - INFO - Function evaluation number: 3, FoM: 0.4840477782614456
06/07/2022 06:28:25.336 - oc_logger - INFO - Function evaluation number: 4, FoM: 0.4557606547622831
06/07/2022 06:28:25.343 - oc_logger - INFO - Function evaluation number: 5, FoM: 0.4401822269020981
06/07/2022 06:28:25.351 - oc_logger - INFO - Function evaluation number: 6, FoM: 0.42007873540744955
06/07/2022 06:28:25.359 - oc_logger - INFO - Function evaluation number: 7, FoM: 0.38574312114982323
06/07/2022 06:28:25.367 - oc_logger - INFO - Function evaluation number: 8, FoM: 0.3595617841382758
06/07/2022 06:28:25.375 - oc_logger - INFO - Function evaluation number: 9, FoM: 0.30061396555033615
06/07/2022 06:28:25.382 - oc_logger - INFO - Function evaluation number: 10, FoM: 0.23478440248612065
06/07/2022 06:28:25.390 - oc_logger - INFO - Function evaluation number: 11, FoM: 0.12825720124324524
06/07/2022 06:28:25.399 - oc_logger - INFO - Function evaluation number: 12, FoM: 0.056224020894132365
06/07/2022 06:28:25.408 - oc_logger - INFO - Function evaluation number: 13, FoM: 0.02056970663694857
06/07/2022 06:28:25.416 - oc_logger - INFO - Function evaluation number: 14, FoM: 0.01655294027880161
06/07/2022 06:28:25.423 - oc_logger - INFO - Function evaluation number: 15, FoM: 0.27622945091301454
06/07/2022 06:28:25.431 - oc_logger - INFO - Function evaluation number: 16, FoM: 0.23190364216541814
06/07/2022 06:28:25.438 - oc_logger - INFO - Function evaluation number: 17, FoM: 0.00475708261384955
06/07/2022 06:28:25.446 - oc_logger - INFO - Function evaluation number: 18, FoM: 0.016126045948814838
06/07/2022 06:28:25.454 - oc_logger - INFO - Function evaluation number: 19, FoM: 0.056385858057300675
06/07/2022 06:28:25.462 - oc_logger - INFO - Function evaluation number: 20, FoM: 0.01630613659170632
06/07/2022 06:28:25.470 - oc_logger - INFO - Function evaluation number: 21, FoM: 0.004807838855975355
06/07/2022 06:28:25.478 - oc_logger - INFO - Function evaluation number: 22, FoM: 0.128073479277922
06/07/2022 06:28:25.486 - oc_logger - INFO - Function evaluation number: 23, FoM: 0.020393403131974575
06/07/2022 06:28:25.494 - oc_logger - INFO - Function evaluation number: 24, FoM: 0.004780829362985406
06/07/2022 06:28:25.501 - oc_logger - INFO - Function evaluation number: 25, FoM: 0.020415139638897628
06/07/2022 06:28:25.511 - oc_logger - INFO - Function evaluation number: 26, FoM: 0.05625720917968169
06/07/2022 06:28:25.520 - oc_logger - INFO - Function evaluation number: 27, FoM: 0.011385029110101197
06/07/2022 06:28:25.527 - oc_logger - INFO - Function evaluation number: 28, FoM: 0.02754433906921283
06/07/2022 06:28:25.534 - oc_logger - INFO - Function evaluation number: 29, FoM: 0.0041720026603433435
06/07/2022 06:28:25.540 - oc_logger - INFO - Function evaluation number: 30, FoM: 0.004196276786953446
06/07/2022 06:28:25.549 - oc_logger - INFO - Function evaluation number: 31, FoM: 0.011399509040089129
06/07/2022 06:28:25.556 - oc_logger - INFO - Function evaluation number: 32, FoM: 7.450393443964032e-05
06/07/2022 06:28:25.563 - oc_logger - INFO - Function evaluation number: 33, FoM: 9.90062517026713e-05
06/07/2022 06:28:25.570 - oc_logger - INFO - Function evaluation number: 34, FoM: 0.0047685494619695845
06/07/2022 06:28:25.580 - oc_logger - INFO - Function evaluation number: 35, FoM: 0.0020963273762903967
06/07/2022 06:28:25.589 - oc_logger - INFO - Function evaluation number: 36, FoM: 0.002375029747037738
06/07/2022 06:28:25.598 - oc_logger - INFO - Function evaluation number: 37, FoM: 0.0010182917265324498
06/07/2022 06:28:25.607 - oc_logger - INFO - Function evaluation number: 38, FoM: 0.0012175219886754185
06/07/2022 06:28:25.615 - oc_logger - INFO - Function evaluation number: 39, FoM: 0.00046928110252686395
06/07/2022 06:28:25.623 - oc_logger - INFO - Function evaluation number: 40, FoM: 0.0006486426499178188
06/07/2022 06:28:25.633 - oc_logger - INFO - Function evaluation number: 41, FoM: 0.00019228483118394202
06/07/2022 06:28:25.640 - oc_logger - INFO - Function evaluation number: 42, FoM: 0.00036667915691368513
06/07/2022 06:28:25.649 - oc_logger - INFO - Function evaluation number: 43, FoM: 5.3164870204680525e-05
06/07/2022 06:28:25.656 - oc_logger - INFO - Function evaluation number: 44, FoM: 7.616034224278145e-05
06/07/2022 06:28:25.665 - oc_logger - INFO - Function evaluation number: 45, FoM: 3.304698014772178e-05
06/07/2022 06:28:25.672 - oc_logger - INFO - Function evaluation number: 46, FoM: 0.00016058922956752042
06/07/2022 06:28:25.681 - oc_logger - INFO - Function evaluation number: 47, FoM: 1.556715486561444e-05
06/07/2022 06:28:25.688 - oc_logger - INFO - Function evaluation number: 48, FoM: 3.653892700483663e-05
06/07/2022 06:28:25.696 - oc_logger - INFO - Function evaluation number: 49, FoM: 1.377571008009948e-05
06/07/2022 06:28:25.706 - oc_logger - INFO - Function evaluation number: 50, FoM: 6.233544139899738e-05
06/07/2022 06:28:25.713 - oc_logger - INFO - Function evaluation number: 51, FoM: 9.220005955601351e-06
06/07/2022 06:28:25.722 - oc_logger - INFO - Function evaluation number: 52, FoM: 1.078898699247155e-05
06/07/2022 06:28:25.732 - oc_logger - INFO - Function evaluation number: 53, FoM: 3.387622806161339e-05
06/07/2022 06:28:25.741 - oc_logger - INFO - Function evaluation number: 54, FoM: 1.8580712017879364e-06
06/07/2022 06:28:25.752 - oc_logger - INFO - Function evaluation number: 55, FoM: 3.6422743410202685e-06
06/07/2022 06:28:25.763 - oc_logger - INFO - Function evaluation number: 56, FoM: 1.4619388812420198e-05
06/07/2022 06:28:25.771 - oc_logger - INFO - Function evaluation number: 57, FoM: 3.2613217078036882e-06
06/07/2022 06:28:25.782 - oc_logger - INFO - Function evaluation number: 58, FoM: 4.833901296796839e-06
06/07/2022 06:28:25.790 - oc_logger - INFO - Function evaluation number: 59, FoM: 1.4343608788491835e-06
06/07/2022 06:28:25.799 - oc_logger - INFO - Function evaluation number: 60, FoM: 6.5274266105586065e-06
06/07/2022 06:28:25.808 - oc_logger - INFO - Function evaluation number: 61, FoM: 8.19398824569717e-07
06/07/2022 06:28:25.811 - oc_logger - INFO - Figure of merit : 8.19398824569717e-07
06/07/2022 06:28:25.812 - oc_logger - INFO - parameters : [5.94055459 2.24213016]
06/07/2022 06:28:25.812 - oc_logger - INFO - terminate_reason : Convergence of the simplex.
