06/08/2022 10:32:28.218 - oc_logger - INFO - The optimization direction is minimization
06/08/2022 10:32:28.218 - oc_logger - INFO - QuOCS version number: 0.0.22
06/08/2022 10:32:29.096 - oc_logger - INFO - Function evaluation number: 1, FoM: 0.59368752477903
06/08/2022 10:32:29.558 - oc_logger - INFO - Function evaluation number: 2, FoM: 0.5626256785547227
06/08/2022 10:32:30.487 - oc_logger - INFO - Function evaluation number: 3, FoM: 0.5593161536017881
06/08/2022 10:32:30.973 - oc_logger - INFO - Function evaluation number: 4, FoM: 0.5229726963714935
06/08/2022 10:32:31.399 - oc_logger - INFO - Function evaluation number: 5, FoM: 0.48038455168433103
06/08/2022 10:32:31.818 - oc_logger - INFO - Function evaluation number: 6, FoM: 0.4760209088299677
06/08/2022 10:32:32.304 - oc_logger - INFO - Function evaluation number: 7, FoM: 0.4256665883410109
06/08/2022 10:32:32.732 - oc_logger - INFO - Function evaluation number: 8, FoM: 0.32680954889722635
06/08/2022 10:32:33.153 - oc_logger - INFO - Function evaluation number: 9, FoM: 0.1946499145972952
06/08/2022 10:32:33.578 - oc_logger - INFO - Function evaluation number: 10, FoM: 0.1361868318454973
06/08/2022 10:32:34.050 - oc_logger - INFO - Function evaluation number: 11, FoM: 0.0037566780547586553
06/08/2022 10:32:34.472 - oc_logger - INFO - Function evaluation number: 12, FoM: 0.07726628358865484
06/08/2022 10:32:34.893 - oc_logger - INFO - Function evaluation number: 13, FoM: 0.004484201103024277
06/08/2022 10:32:35.310 - oc_logger - INFO - Function evaluation number: 14, FoM: 0.07698167624480101
06/08/2022 10:32:35.782 - oc_logger - INFO - Function evaluation number: 15, FoM: 0.07710318698072083
06/08/2022 10:32:36.202 - oc_logger - INFO - Function evaluation number: 16, FoM: 0.07719095227333783
06/08/2022 10:32:36.618 - oc_logger - INFO - Function evaluation number: 17, FoM: 0.058859776660334706
06/08/2022 10:32:37.094 - oc_logger - INFO - Function evaluation number: 18, FoM: 0.08450060871679888
06/08/2022 10:32:37.502 - oc_logger - INFO - Function evaluation number: 19, FoM: 0.06743735215135227
06/08/2022 10:32:37.934 - oc_logger - INFO - Function evaluation number: 20, FoM: 0.01617487038124954
06/08/2022 10:32:38.366 - oc_logger - INFO - Function evaluation number: 21, FoM: 0.10843828912363551
06/08/2022 10:32:38.833 - oc_logger - INFO - Function evaluation number: 22, FoM: 0.031879732907096336
06/08/2022 10:32:39.255 - oc_logger - INFO - Function evaluation number: 23, FoM: 0.05328077906139517
06/08/2022 10:32:39.669 - oc_logger - INFO - Function evaluation number: 24, FoM: 0.014244301173679919
06/08/2022 10:32:40.098 - oc_logger - INFO - Function evaluation number: 25, FoM: 0.030753566388625142
06/08/2022 10:32:40.563 - oc_logger - INFO - Function evaluation number: 26, FoM: 0.003110897830413961
06/08/2022 10:32:40.982 - oc_logger - INFO - Function evaluation number: 27, FoM: 0.014729498636097071
06/08/2022 10:32:41.398 - oc_logger - INFO - Function evaluation number: 28, FoM: 0.007454309980982066
06/08/2022 10:32:41.866 - oc_logger - INFO - Function evaluation number: 29, FoM: 0.0070404472627195736
06/08/2022 10:32:42.284 - oc_logger - INFO - Function evaluation number: 30, FoM: 0.0033048301079745546
06/08/2022 10:32:42.705 - oc_logger - INFO - Function evaluation number: 31, FoM: 0.010444659341826146
06/08/2022 10:32:43.127 - oc_logger - INFO - Function evaluation number: 32, FoM: 0.00030914517412194975
06/08/2022 10:32:43.596 - oc_logger - INFO - Function evaluation number: 33, FoM: 0.000498913390734268
06/08/2022 10:32:44.017 - oc_logger - INFO - Function evaluation number: 34, FoM: 0.003850422930685715
06/08/2022 10:32:44.444 - oc_logger - INFO - Function evaluation number: 35, FoM: 0.001344685776699217
06/08/2022 10:32:44.862 - oc_logger - INFO - Function evaluation number: 36, FoM: 0.0021360897367301845
06/08/2022 10:32:45.342 - oc_logger - INFO - Function evaluation number: 37, FoM: 0.0004680141300987817
06/08/2022 10:32:45.766 - oc_logger - INFO - Function evaluation number: 38, FoM: 0.0006597838882909102
06/08/2022 10:32:46.185 - oc_logger - INFO - Function evaluation number: 39, FoM: 0.00021038641161741367
06/08/2022 10:32:46.656 - oc_logger - INFO - Function evaluation number: 40, FoM: 0.0009846457262474573
06/08/2022 10:32:47.086 - oc_logger - INFO - Function evaluation number: 41, FoM: 0.00010366460426836088
06/08/2022 10:32:47.504 - oc_logger - INFO - Function evaluation number: 42, FoM: 0.00020335124773618318
06/08/2022 10:32:47.916 - oc_logger - INFO - Function evaluation number: 43, FoM: 0.0005179304981891564
06/08/2022 10:32:48.386 - oc_logger - INFO - Function evaluation number: 44, FoM: 2.8603070906241257e-05
06/08/2022 10:32:48.820 - oc_logger - INFO - Function evaluation number: 45, FoM: 0.0001275653063346205
06/08/2022 10:32:49.238 - oc_logger - INFO - Function evaluation number: 46, FoM: 4.5131605493020643e-05
06/08/2022 10:32:49.663 - oc_logger - INFO - Function evaluation number: 47, FoM: 0.00017736724021877315
06/08/2022 10:32:50.132 - oc_logger - INFO - Function evaluation number: 48, FoM: 3.336128787745363e-05
06/08/2022 10:32:50.543 - oc_logger - INFO - Function evaluation number: 49, FoM: 5.004547328946174e-05
06/08/2022 10:32:50.974 - oc_logger - INFO - Function evaluation number: 50, FoM: 2.1408951727419634e-05
06/08/2022 10:32:51.441 - oc_logger - INFO - Function evaluation number: 51, FoM: 8.336731077385195e-05
06/08/2022 10:32:51.853 - oc_logger - INFO - Function evaluation number: 52, FoM: 4.163033297421848e-06
06/08/2022 10:32:52.262 - oc_logger - INFO - Function evaluation number: 53, FoM: 1.146177391997405e-05
06/08/2022 10:32:52.687 - oc_logger - INFO - Function evaluation number: 54, FoM: 3.700756220170742e-05
06/08/2022 10:32:53.161 - oc_logger - INFO - Function evaluation number: 55, FoM: 6.808848893591346e-06
06/08/2022 10:32:53.578 - oc_logger - INFO - Function evaluation number: 56, FoM: 1.4018341438770676e-05
06/08/2022 10:32:54.010 - oc_logger - INFO - Function evaluation number: 57, FoM: 5.056006404768887e-06
06/08/2022 10:32:54.431 - oc_logger - INFO - Function evaluation number: 58, FoM: 1.6016824882170155e-05
06/08/2022 10:32:54.912 - oc_logger - INFO - Function evaluation number: 59, FoM: 1.103257592838247e-06
06/08/2022 10:32:54.913 - oc_logger - INFO - Figure of merit : 1.103257592838247e-06
06/08/2022 10:32:54.913 - oc_logger - INFO - parameters : [5.78128878 1.16165292]
06/08/2022 10:32:54.913 - oc_logger - INFO - terminate_reason : Convergence of the simplex.
