06/07/2022 06:28:02.591 - oc_logger - INFO - The optimization direction is minimization
06/07/2022 06:28:02.592 - oc_logger - INFO - QuOCS version number: 0.0.22
06/07/2022 06:28:02.632 - oc_logger - INFO - Function evaluation number: 1, FoM: 0.4785086816692401
06/07/2022 06:28:02.644 - oc_logger - INFO - Function evaluation number: 2, FoM: 0.46290412275109294
06/07/2022 06:28:02.650 - oc_logger - INFO - Function evaluation number: 3, FoM: 0.47070716913002564
06/07/2022 06:28:02.655 - oc_logger - INFO - Function evaluation number: 4, FoM: 0.45419082629372687
06/07/2022 06:28:02.661 - oc_logger - INFO - Function evaluation number: 5, FoM: 0.44067984446665254
06/07/2022 06:28:02.668 - oc_logger - INFO - Function evaluation number: 6, FoM: 0.43207790041099436
06/07/2022 06:28:02.673 - oc_logger - INFO - Function evaluation number: 7, FoM: 0.4106777547027548
06/07/2022 06:28:02.678 - oc_logger - INFO - Function evaluation number: 8, FoM: 0.38356115843703575
06/07/2022 06:28:02.684 - oc_logger - INFO - Function evaluation number: 9, FoM: 0.33704770931661787
06/07/2022 06:28:02.689 - oc_logger - INFO - Function evaluation number: 10, FoM: 0.30150236361700666
06/07/2022 06:28:02.695 - oc_logger - INFO - Function evaluation number: 11, FoM: 0.2245224718540516
06/07/2022 06:28:02.702 - oc_logger - INFO - Function evaluation number: 12, FoM: 0.14460024805498362
06/07/2022 06:28:02.708 - oc_logger - INFO - Function evaluation number: 13, FoM: 0.03465909143474388
06/07/2022 06:28:02.714 - oc_logger - INFO - Function evaluation number: 14, FoM: 0.014298828277692799
06/07/2022 06:28:02.721 - oc_logger - INFO - Function evaluation number: 15, FoM: 0.02628200529033764
06/07/2022 06:28:02.728 - oc_logger - INFO - Function evaluation number: 16, FoM: 0.02701015233189652
06/07/2022 06:28:02.735 - oc_logger - INFO - Function evaluation number: 17, FoM: 0.10830553604125992
06/07/2022 06:28:02.741 - oc_logger - INFO - Function evaluation number: 18, FoM: 0.014002096605926662
06/07/2022 06:28:02.748 - oc_logger - INFO - Function evaluation number: 19, FoM: 0.1182973352124882
06/07/2022 06:28:02.754 - oc_logger - INFO - Function evaluation number: 20, FoM: 0.01686133357130193
06/07/2022 06:28:02.761 - oc_logger - INFO - Function evaluation number: 21, FoM: 0.03402751157987505
06/07/2022 06:28:02.767 - oc_logger - INFO - Function evaluation number: 22, FoM: 0.021476114408083058
06/07/2022 06:28:02.773 - oc_logger - INFO - Function evaluation number: 23, FoM: 0.014153849769794169
06/07/2022 06:28:02.780 - oc_logger - INFO - Function evaluation number: 24, FoM: 0.021412215318970862
06/07/2022 06:28:02.788 - oc_logger - INFO - Function evaluation number: 25, FoM: 0.004764508416676638
06/07/2022 06:28:02.796 - oc_logger - INFO - Function evaluation number: 26, FoM: 0.034148048880965454
06/07/2022 06:28:02.808 - oc_logger - INFO - Function evaluation number: 27, FoM: 0.004959944062718935
06/07/2022 06:28:02.816 - oc_logger - INFO - Function evaluation number: 28, FoM: 0.0342714591846347
06/07/2022 06:28:02.825 - oc_logger - INFO - Function evaluation number: 29, FoM: 0.005961266596253401
06/07/2022 06:28:02.833 - oc_logger - INFO - Function evaluation number: 30, FoM: 0.018327378540194394
06/07/2022 06:28:02.842 - oc_logger - INFO - Function evaluation number: 31, FoM: 0.0008898752471377946
06/07/2022 06:28:02.853 - oc_logger - INFO - Function evaluation number: 32, FoM: 0.0010696338712741227
06/07/2022 06:28:02.861 - oc_logger - INFO - Function evaluation number: 33, FoM: 0.006046980702139715
06/07/2022 06:28:02.871 - oc_logger - INFO - Function evaluation number: 34, FoM: 0.0018080525681436477
06/07/2022 06:28:02.879 - oc_logger - INFO - Function evaluation number: 35, FoM: 0.003599844550755016
06/07/2022 06:28:02.890 - oc_logger - INFO - Function evaluation number: 36, FoM: 0.0003925341706815244
06/07/2022 06:28:02.898 - oc_logger - INFO - Function evaluation number: 37, FoM: 0.0005792809451078407
06/07/2022 06:28:02.909 - oc_logger - INFO - Function evaluation number: 38, FoM: 0.0019017564940039255
06/07/2022 06:28:02.917 - oc_logger - INFO - Function evaluation number: 39, FoM: 0.00020781330997809988
06/07/2022 06:28:02.927 - oc_logger - INFO - Function evaluation number: 40, FoM: 0.0003889218815431583
06/07/2022 06:28:02.938 - oc_logger - INFO - Function evaluation number: 41, FoM: 0.0009808021232586839
06/07/2022 06:28:02.949 - oc_logger - INFO - Function evaluation number: 42, FoM: 4.523474475148781e-05
06/07/2022 06:28:02.958 - oc_logger - INFO - Function evaluation number: 43, FoM: 0.00023128006695927184
06/07/2022 06:28:02.968 - oc_logger - INFO - Function evaluation number: 44, FoM: 7.399114780459737e-05
06/07/2022 06:28:02.978 - oc_logger - INFO - Function evaluation number: 45, FoM: 0.0003283156138997878
06/07/2022 06:28:02.987 - oc_logger - INFO - Function evaluation number: 46, FoM: 7.456688049489735e-05
06/07/2022 06:28:02.997 - oc_logger - INFO - Function evaluation number: 47, FoM: 0.00019349780831035002
06/07/2022 06:28:03.005 - oc_logger - INFO - Function evaluation number: 48, FoM: 7.747144519898441e-06
06/07/2022 06:28:03.014 - oc_logger - INFO - Function evaluation number: 49, FoM: 3.515980416635145e-05
06/07/2022 06:28:03.022 - oc_logger - INFO - Function evaluation number: 50, FoM: 8.882704369828076e-05
06/07/2022 06:28:03.031 - oc_logger - INFO - Function evaluation number: 51, FoM: 1.1670154608123262e-05
06/07/2022 06:28:03.040 - oc_logger - INFO - Function evaluation number: 52, FoM: 4.0572124894389106e-05
06/07/2022 06:28:03.050 - oc_logger - INFO - Function evaluation number: 53, FoM: 1.6878221454019737e-05
06/07/2022 06:28:03.062 - oc_logger - INFO - Function evaluation number: 54, FoM: 2.0986820365220815e-05
06/07/2022 06:28:03.071 - oc_logger - INFO - Function evaluation number: 55, FoM: 7.574868627679976e-06
06/07/2022 06:28:03.081 - oc_logger - INFO - Function evaluation number: 56, FoM: 2.681487925659809e-05
06/07/2022 06:28:03.091 - oc_logger - INFO - Function evaluation number: 57, FoM: 1.918830677016814e-06
06/07/2022 06:28:03.116 - oc_logger - INFO - Function evaluation number: 58, FoM: 2.669665779664321e-06
06/07/2022 06:28:03.134 - oc_logger - INFO - Function evaluation number: 59, FoM: 1.208065849744866e-05
06/07/2022 06:28:03.146 - oc_logger - INFO - Function evaluation number: 60, FoM: 2.6934792931587737e-06
06/07/2022 06:28:03.156 - oc_logger - INFO - Function evaluation number: 61, FoM: 7.134287713372878e-06
06/07/2022 06:28:03.164 - oc_logger - INFO - Function evaluation number: 62, FoM: 2.4466043857529485e-07
06/07/2022 06:28:03.172 - oc_logger - INFO - Function evaluation number: 63, FoM: 5.967279730345609e-07
06/07/2022 06:28:03.182 - oc_logger - INFO - Function evaluation number: 64, FoM: 2.9243234958009623e-06
06/07/2022 06:28:03.190 - oc_logger - INFO - Function evaluation number: 65, FoM: 7.060101563372001e-07
06/07/2022 06:28:03.198 - oc_logger - INFO - Function evaluation number: 66, FoM: 1.7155669853607947e-06
06/07/2022 06:28:03.207 - oc_logger - INFO - Function evaluation number: 67, FoM: 1.0010787221403916e-07
06/07/2022 06:28:03.219 - oc_logger - INFO - Function evaluation number: 68, FoM: 8.060381885277579e-07
06/07/2022 06:28:03.229 - oc_logger - INFO - Function evaluation number: 69, FoM: 3.9328156664630853e-07
06/07/2022 06:28:03.239 - oc_logger - INFO - Function evaluation number: 70, FoM: 3.0816818730183826e-07
06/07/2022 06:28:03.250 - oc_logger - INFO - Function evaluation number: 71, FoM: 9.600695793920977e-08
06/07/2022 06:28:03.261 - oc_logger - INFO - Function evaluation number: 72, FoM: 4.565526945388143e-07
06/07/2022 06:28:03.271 - oc_logger - INFO - Function evaluation number: 73, FoM: 8.69788587820608e-08
06/07/2022 06:28:03.274 - oc_logger - INFO - Figure of merit : 8.69788587820608e-08
06/07/2022 06:28:03.274 - oc_logger - INFO - parameters : [5.9610954  2.89820027]
06/07/2022 06:28:03.275 - oc_logger - INFO - terminate_reason : Convergence of the simplex.
