06/05/2022 01:07:07.554 - oc_logger - INFO - The optimization direction is minimization
06/05/2022 01:07:07.558 - oc_logger - INFO - QuOCS version number: 0.0.22
06/05/2022 01:07:07.558 - oc_logger - INFO - Direct search start time has been reset.
06/05/2022 01:07:07.927 - oc_logger - INFO - New record achieved. Previous FoM: 10000000000.0, new best FoM : 0.7669690350411907
06/05/2022 01:07:07.927 - oc_logger - INFO - Function evaluation number: 1, SI: 1, Sub-iteration number: 0, FoM: 0.7669690350411907
06/05/2022 01:07:08.248 - oc_logger - INFO - New record achieved. Previous FoM: 0.7669690350411907, new best FoM : 0.7593209997092144
06/05/2022 01:07:08.251 - oc_logger - INFO - Function evaluation number: 2, SI: 1, Sub-iteration number: 0, FoM: 0.7593209997092144
06/05/2022 01:07:08.584 - oc_logger - INFO - New record achieved. Previous FoM: 0.7593209997092144, new best FoM : 0.7516516204645441
06/05/2022 01:07:08.584 - oc_logger - INFO - Function evaluation number: 3, SI: 1, Sub-iteration number: 0, FoM: 0.7516516204645441
06/05/2022 01:07:09.095 - oc_logger - INFO - Function evaluation number: 4, SI: 1, Sub-iteration number: 0, FoM: 0.7566540387398689
06/05/2022 01:07:09.512 - oc_logger - INFO - New record achieved. Previous FoM: 0.7516516204645441, new best FoM : 0.7515525967508856
06/05/2022 01:07:09.512 - oc_logger - INFO - Function evaluation number: 5, SI: 1, Sub-iteration number: 0, FoM: 0.7515525967508856
06/05/2022 01:07:09.983 - oc_logger - INFO - Function evaluation number: 6, SI: 1, Sub-iteration number: 0, FoM: 0.7671372309167732
06/05/2022 01:07:10.361 - oc_logger - INFO - Function evaluation number: 7, SI: 1, Sub-iteration number: 0, FoM: 0.7622479555921031
06/05/2022 01:07:10.758 - oc_logger - INFO - Function evaluation number: 8, SI: 1, Sub-iteration number: 0, FoM: 0.7588579744467192
06/05/2022 01:07:11.060 - oc_logger - INFO - Function evaluation number: 9, SI: 1, Sub-iteration number: 0, FoM: 0.7705387515439427
06/05/2022 01:07:11.450 - oc_logger - INFO - Function evaluation number: 10, SI: 1, Sub-iteration number: 1, FoM: 0.7773012574875948
06/05/2022 01:07:11.928 - oc_logger - INFO - Function evaluation number: 11, SI: 1, Sub-iteration number: 1, FoM: 0.7671280248046725
06/05/2022 01:07:12.335 - oc_logger - INFO - Function evaluation number: 12, SI: 1, Sub-iteration number: 2, FoM: 0.757066542537619
06/05/2022 01:07:12.743 - oc_logger - INFO - Function evaluation number: 13, SI: 1, Sub-iteration number: 3, FoM: 0.7673578129318039
06/05/2022 01:07:13.088 - oc_logger - INFO - Function evaluation number: 14, SI: 1, Sub-iteration number: 3, FoM: 0.7655264685973261
06/05/2022 01:07:13.392 - oc_logger - INFO - Function evaluation number: 15, SI: 1, Sub-iteration number: 4, FoM: 0.7628509875396934
06/05/2022 01:07:13.740 - oc_logger - INFO - Function evaluation number: 16, SI: 1, Sub-iteration number: 5, FoM: 0.765764311860908
06/05/2022 01:07:14.094 - oc_logger - INFO - Function evaluation number: 17, SI: 1, Sub-iteration number: 5, FoM: 0.7645347958377122
06/05/2022 01:07:14.346 - oc_logger - INFO - Function evaluation number: 18, SI: 1, Sub-iteration number: 6, FoM: 0.7647090540773182
06/05/2022 01:07:14.704 - oc_logger - INFO - Function evaluation number: 19, SI: 1, Sub-iteration number: 6, FoM: 0.7640763842443605
06/05/2022 01:07:15.063 - oc_logger - INFO - Function evaluation number: 20, SI: 1, Sub-iteration number: 7, FoM: 0.7641996657107982
06/05/2022 01:07:15.423 - oc_logger - INFO - Function evaluation number: 21, SI: 1, Sub-iteration number: 7, FoM: 0.7638663313215094
06/05/2022 01:07:15.780 - oc_logger - INFO - Function evaluation number: 22, SI: 1, Sub-iteration number: 8, FoM: 0.7639522160635939
06/05/2022 01:07:16.025 - oc_logger - INFO - Function evaluation number: 23, SI: 1, Sub-iteration number: 8, FoM: 0.7637714395976269
06/05/2022 01:07:16.331 - oc_logger - INFO - Function evaluation number: 24, SI: 1, Sub-iteration number: 9, FoM: 0.7638308518727809
06/05/2022 01:07:16.690 - oc_logger - INFO - Function evaluation number: 25, SI: 1, Sub-iteration number: 9, FoM: 0.7637295542790334
06/05/2022 01:07:17.007 - oc_logger - INFO - Function evaluation number: 26, SI: 1, Sub-iteration number: 10, FoM: 0.7637705192764399
06/05/2022 01:07:17.348 - oc_logger - INFO - Function evaluation number: 27, SI: 1, Sub-iteration number: 10, FoM: 0.7637117783941714
06/05/2022 01:07:17.628 - oc_logger - INFO - Function evaluation number: 28, SI: 1, Sub-iteration number: 11, FoM: 0.7637399805116696
06/05/2022 01:07:17.870 - oc_logger - INFO - Function evaluation number: 29, SI: 1, Sub-iteration number: 11, FoM: 0.7637047605005879
06/05/2022 01:07:18.151 - oc_logger - INFO - Function evaluation number: 30, SI: 1, Sub-iteration number: 12, FoM: 0.7637241620250816
06/05/2022 01:07:18.393 - oc_logger - INFO - Function evaluation number: 31, SI: 1, Sub-iteration number: 12, FoM: 0.7637023930500968
06/05/2022 01:07:18.642 - oc_logger - INFO - Function evaluation number: 32, SI: 1, Sub-iteration number: 13, FoM: 0.7637157356822578
06/05/2022 01:07:19.042 - oc_logger - INFO - Function evaluation number: 33, SI: 1, Sub-iteration number: 13, FoM: 0.763701926291921
06/05/2022 01:07:19.321 - oc_logger - INFO - Function evaluation number: 34, SI: 1, Sub-iteration number: 14, FoM: 0.7637111006786317
06/05/2022 01:07:19.679 - oc_logger - INFO - Function evaluation number: 35, SI: 1, Sub-iteration number: 14, FoM: 0.7637021538835399
06/05/2022 01:07:19.986 - oc_logger - INFO - New record achieved. Previous FoM: 0.7515525967508856, new best FoM : 0.7503286797249882
06/05/2022 01:07:19.986 - oc_logger - INFO - Function evaluation number: 36, SI: 1, Sub-iteration number: 14, FoM: 0.7503286797249882
06/05/2022 01:07:20.240 - oc_logger - INFO - Function evaluation number: 37, SI: 1, Sub-iteration number: 14, FoM: 0.762502040606002
06/05/2022 01:07:20.598 - oc_logger - INFO - Function evaluation number: 38, SI: 1, Sub-iteration number: 14, FoM: 0.755098154226015
06/05/2022 01:07:20.962 - oc_logger - INFO - Function evaluation number: 39, SI: 1, Sub-iteration number: 14, FoM: 0.7635536572849562
06/05/2022 01:07:21.241 - oc_logger - INFO - Function evaluation number: 40, SI: 1, Sub-iteration number: 14, FoM: 0.757051595788367
06/05/2022 01:07:21.552 - oc_logger - INFO - Function evaluation number: 41, SI: 1, Sub-iteration number: 14, FoM: 0.7637513930468907
06/05/2022 01:07:21.912 - oc_logger - INFO - Function evaluation number: 42, SI: 1, Sub-iteration number: 14, FoM: 0.7626294606526332
06/05/2022 01:07:22.244 - oc_logger - INFO - Function evaluation number: 43, SI: 1, Sub-iteration number: 14, FoM: 0.7630981647691324
06/05/2022 01:07:22.576 - oc_logger - INFO - Function evaluation number: 44, SI: 1, Sub-iteration number: 15, FoM: 0.7602850515274975
06/05/2022 01:07:22.938 - oc_logger - INFO - New record achieved. Previous FoM: 0.7503286797249882, new best FoM : 0.7197909632167394
06/05/2022 01:07:22.938 - oc_logger - INFO - Function evaluation number: 45, SI: 1, Sub-iteration number: 16, FoM: 0.7197909632167394
06/05/2022 01:07:23.301 - oc_logger - INFO - New record achieved. Previous FoM: 0.7197909632167394, new best FoM : 0.7044683195355872
06/05/2022 01:07:23.301 - oc_logger - INFO - Function evaluation number: 46, SI: 1, Sub-iteration number: 16, FoM: 0.7044683195355872
06/05/2022 01:07:23.660 - oc_logger - INFO - Function evaluation number: 47, SI: 1, Sub-iteration number: 17, FoM: 0.7420771801821109
06/05/2022 01:07:24.003 - oc_logger - INFO - Function evaluation number: 48, SI: 1, Sub-iteration number: 18, FoM: 0.7282638252207156
06/05/2022 01:07:24.358 - oc_logger - INFO - New record achieved. Previous FoM: 0.7044683195355872, new best FoM : 0.6181865212359203
06/05/2022 01:07:24.358 - oc_logger - INFO - Function evaluation number: 49, SI: 1, Sub-iteration number: 19, FoM: 0.6181865212359203
06/05/2022 01:07:24.721 - oc_logger - INFO - New record achieved. Previous FoM: 0.6181865212359203, new best FoM : 0.5777081907808144
06/05/2022 01:07:24.721 - oc_logger - INFO - Function evaluation number: 50, SI: 1, Sub-iteration number: 19, FoM: 0.5777081907808144
06/05/2022 01:07:25.062 - oc_logger - INFO - Function evaluation number: 51, SI: 1, Sub-iteration number: 20, FoM: 0.692966758983202
06/05/2022 01:07:25.333 - oc_logger - INFO - Function evaluation number: 52, SI: 1, Sub-iteration number: 21, FoM: 0.6667652058475324
06/05/2022 01:07:25.617 - oc_logger - INFO - Function evaluation number: 53, SI: 1, Sub-iteration number: 22, FoM: 0.6409895953618747
06/05/2022 01:07:25.976 - oc_logger - INFO - Function evaluation number: 54, SI: 1, Sub-iteration number: 23, FoM: 0.6149743692959619
06/05/2022 01:07:26.339 - oc_logger - INFO - New record achieved. Previous FoM: 0.5777081907808144, new best FoM : 0.5670922849214537
06/05/2022 01:07:26.339 - oc_logger - INFO - Function evaluation number: 55, SI: 1, Sub-iteration number: 24, FoM: 0.5670922849214537
06/05/2022 01:07:26.698 - oc_logger - INFO - New record achieved. Previous FoM: 0.5670922849214537, new best FoM : 0.5400625731117781
06/05/2022 01:07:26.698 - oc_logger - INFO - Function evaluation number: 56, SI: 1, Sub-iteration number: 24, FoM: 0.5400625731117781
06/05/2022 01:07:27.055 - oc_logger - INFO - New record achieved. Previous FoM: 0.5400625731117781, new best FoM : 0.5182199717911351
06/05/2022 01:07:27.055 - oc_logger - INFO - Function evaluation number: 57, SI: 1, Sub-iteration number: 25, FoM: 0.5182199717911351
06/05/2022 01:07:27.384 - oc_logger - INFO - New record achieved. Previous FoM: 0.5182199717911351, new best FoM : 0.48651680258260277
06/05/2022 01:07:27.384 - oc_logger - INFO - Function evaluation number: 58, SI: 1, Sub-iteration number: 25, FoM: 0.48651680258260277
06/05/2022 01:07:27.744 - oc_logger - INFO - New record achieved. Previous FoM: 0.48651680258260277, new best FoM : 0.4836689489121989
06/05/2022 01:07:27.744 - oc_logger - INFO - Function evaluation number: 59, SI: 1, Sub-iteration number: 26, FoM: 0.4836689489121989
06/05/2022 01:07:28.105 - oc_logger - INFO - New record achieved. Previous FoM: 0.4836689489121989, new best FoM : 0.45363186883771567
06/05/2022 01:07:28.105 - oc_logger - INFO - Function evaluation number: 60, SI: 1, Sub-iteration number: 26, FoM: 0.45363186883771567
06/05/2022 01:07:28.375 - oc_logger - INFO - New record achieved. Previous FoM: 0.45363186883771567, new best FoM : 0.45042597671804085
06/05/2022 01:07:28.375 - oc_logger - INFO - Function evaluation number: 61, SI: 1, Sub-iteration number: 27, FoM: 0.45042597671804085
06/05/2022 01:07:28.737 - oc_logger - INFO - New record achieved. Previous FoM: 0.45042597671804085, new best FoM : 0.42174587497318394
06/05/2022 01:07:28.738 - oc_logger - INFO - Function evaluation number: 62, SI: 1, Sub-iteration number: 27, FoM: 0.42174587497318394
06/05/2022 01:07:29.095 - oc_logger - INFO - New record achieved. Previous FoM: 0.42174587497318394, new best FoM : 0.409709167616364
06/05/2022 01:07:29.095 - oc_logger - INFO - Function evaluation number: 63, SI: 1, Sub-iteration number: 28, FoM: 0.409709167616364
06/05/2022 01:07:29.459 - oc_logger - INFO - New record achieved. Previous FoM: 0.409709167616364, new best FoM : 0.3871076876405002
06/05/2022 01:07:29.459 - oc_logger - INFO - Function evaluation number: 64, SI: 1, Sub-iteration number: 28, FoM: 0.3871076876405002
06/05/2022 01:07:29.806 - oc_logger - INFO - New record achieved. Previous FoM: 0.3871076876405002, new best FoM : 0.37921268530927454
06/05/2022 01:07:29.806 - oc_logger - INFO - Function evaluation number: 65, SI: 1, Sub-iteration number: 29, FoM: 0.37921268530927454
06/05/2022 01:07:30.167 - oc_logger - INFO - New record achieved. Previous FoM: 0.37921268530927454, new best FoM : 0.36100347637286123
06/05/2022 01:07:30.167 - oc_logger - INFO - Function evaluation number: 66, SI: 1, Sub-iteration number: 29, FoM: 0.36100347637286123
06/05/2022 01:07:30.462 - oc_logger - INFO - New record achieved. Previous FoM: 0.36100347637286123, new best FoM : 0.35110667836956466
06/05/2022 01:07:30.462 - oc_logger - INFO - Function evaluation number: 67, SI: 1, Sub-iteration number: 30, FoM: 0.35110667836956466
06/05/2022 01:07:30.757 - oc_logger - INFO - New record achieved. Previous FoM: 0.35110667836956466, new best FoM : 0.34012556199462696
06/05/2022 01:07:30.757 - oc_logger - INFO - Function evaluation number: 68, SI: 1, Sub-iteration number: 30, FoM: 0.34012556199462696
06/05/2022 01:07:31.116 - oc_logger - INFO - New record achieved. Previous FoM: 0.34012556199462696, new best FoM : 0.3344521920787442
06/05/2022 01:07:31.116 - oc_logger - INFO - Function evaluation number: 69, SI: 1, Sub-iteration number: 31, FoM: 0.3344521920787442
06/05/2022 01:07:31.474 - oc_logger - INFO - Function evaluation number: 70, SI: 1, Sub-iteration number: 31, FoM: 0.3346410764098138
06/05/2022 01:07:31.825 - oc_logger - INFO - Function evaluation number: 71, SI: 1, Sub-iteration number: 32, FoM: 0.3477111843741283
06/05/2022 01:07:32.170 - oc_logger - INFO - Function evaluation number: 72, SI: 1, Sub-iteration number: 33, FoM: 0.33570188115223853
06/05/2022 01:07:32.528 - oc_logger - INFO - Function evaluation number: 73, SI: 1, Sub-iteration number: 34, FoM: 0.35002716734641137
06/05/2022 01:07:32.852 - oc_logger - INFO - Function evaluation number: 74, SI: 1, Sub-iteration number: 35, FoM: 0.3722946679959317
06/05/2022 01:07:33.107 - oc_logger - INFO - Function evaluation number: 75, SI: 1, Sub-iteration number: 36, FoM: 0.41508048537161946
06/05/2022 01:07:33.375 - oc_logger - INFO - Function evaluation number: 76, SI: 1, Sub-iteration number: 36, FoM: 0.3768322796326897
06/05/2022 01:07:33.650 - oc_logger - INFO - Function evaluation number: 77, SI: 1, Sub-iteration number: 37, FoM: 0.4090931508847503
06/05/2022 01:07:34.010 - oc_logger - INFO - Function evaluation number: 78, SI: 1, Sub-iteration number: 37, FoM: 0.35400880705229476
06/05/2022 01:07:34.315 - oc_logger - INFO - Function evaluation number: 79, SI: 1, Sub-iteration number: 38, FoM: 0.3639216190156833
06/05/2022 01:07:34.645 - oc_logger - INFO - Function evaluation number: 80, SI: 1, Sub-iteration number: 39, FoM: 0.42401045299924567
06/05/2022 01:07:34.959 - oc_logger - INFO - Function evaluation number: 81, SI: 1, Sub-iteration number: 39, FoM: 0.3479826759753144
06/05/2022 01:07:35.272 - oc_logger - INFO - Function evaluation number: 82, SI: 1, Sub-iteration number: 40, FoM: 0.37051092527758855
06/05/2022 01:07:35.583 - oc_logger - INFO - Function evaluation number: 83, SI: 1, Sub-iteration number: 40, FoM: 0.34490776770963527
06/05/2022 01:07:35.842 - oc_logger - INFO - Function evaluation number: 84, SI: 1, Sub-iteration number: 41, FoM: 0.3608909237215948
06/05/2022 01:07:36.190 - oc_logger - INFO - Function evaluation number: 85, SI: 1, Sub-iteration number: 41, FoM: 0.3456797399522866
06/05/2022 01:07:36.436 - oc_logger - INFO - Function evaluation number: 86, SI: 1, Sub-iteration number: 42, FoM: 0.36110805050721617
06/05/2022 01:07:36.682 - oc_logger - INFO - Function evaluation number: 87, SI: 1, Sub-iteration number: 42, FoM: 0.3404222353424341
06/05/2022 01:07:37.004 - oc_logger - INFO - Function evaluation number: 88, SI: 1, Sub-iteration number: 43, FoM: 0.35102785835911987
06/05/2022 01:07:37.365 - oc_logger - INFO - Function evaluation number: 89, SI: 1, Sub-iteration number: 43, FoM: 0.33999490239059393
06/05/2022 01:07:37.682 - oc_logger - INFO - Function evaluation number: 90, SI: 1, Sub-iteration number: 44, FoM: 0.35310767534414955
06/05/2022 01:07:38.041 - oc_logger - INFO - Function evaluation number: 91, SI: 1, Sub-iteration number: 44, FoM: 0.33861428487749134
06/05/2022 01:07:38.401 - oc_logger - INFO - New record achieved. Previous FoM: 0.3344521920787442, new best FoM : 0.3289925411721403
06/05/2022 01:07:38.402 - oc_logger - INFO - Function evaluation number: 92, SI: 1, Sub-iteration number: 45, FoM: 0.3289925411721403
06/05/2022 01:07:38.763 - oc_logger - INFO - Function evaluation number: 93, SI: 1, Sub-iteration number: 45, FoM: 0.3319333539691002
06/05/2022 01:07:39.123 - oc_logger - INFO - Function evaluation number: 94, SI: 1, Sub-iteration number: 46, FoM: 0.3448087416700365
06/05/2022 01:07:39.484 - oc_logger - INFO - Function evaluation number: 95, SI: 1, Sub-iteration number: 47, FoM: 0.3423595442955083
06/05/2022 01:07:39.808 - oc_logger - INFO - Function evaluation number: 96, SI: 1, Sub-iteration number: 48, FoM: 0.3610260265421459
06/05/2022 01:07:40.134 - oc_logger - INFO - Function evaluation number: 97, SI: 1, Sub-iteration number: 48, FoM: 0.3339448662449954
06/05/2022 01:07:40.567 - oc_logger - INFO - Function evaluation number: 98, SI: 1, Sub-iteration number: 49, FoM: 0.34209966934088987
06/05/2022 01:07:40.960 - oc_logger - INFO - Function evaluation number: 99, SI: 1, Sub-iteration number: 49, FoM: 0.33428092439964774
06/05/2022 01:07:41.321 - oc_logger - INFO - Function evaluation number: 100, SI: 1, Sub-iteration number: 50, FoM: 0.32971990254548655
06/05/2022 01:07:41.678 - oc_logger - INFO - Function evaluation number: 101, SI: 1, Sub-iteration number: 51, FoM: 0.34205856662288425
06/05/2022 01:07:42.074 - oc_logger - INFO - Function evaluation number: 102, SI: 1, Sub-iteration number: 51, FoM: 0.33260209361509074
06/05/2022 01:07:42.441 - oc_logger - INFO - Function evaluation number: 103, SI: 1, Sub-iteration number: 52, FoM: 0.33550141542293965
06/05/2022 01:07:42.733 - oc_logger - INFO - Function evaluation number: 104, SI: 1, Sub-iteration number: 53, FoM: 0.3475142856350979
06/05/2022 01:07:43.085 - oc_logger - INFO - Function evaluation number: 105, SI: 1, Sub-iteration number: 53, FoM: 0.3313801449122311
06/05/2022 01:07:43.437 - oc_logger - INFO - Function evaluation number: 106, SI: 1, Sub-iteration number: 54, FoM: 0.3568040974848209
06/05/2022 01:07:43.794 - oc_logger - INFO - Function evaluation number: 107, SI: 1, Sub-iteration number: 54, FoM: 0.3290131557236151
06/05/2022 01:07:44.152 - oc_logger - INFO - Function evaluation number: 108, SI: 1, Sub-iteration number: 55, FoM: 0.3364773600631209
06/05/2022 01:07:44.512 - oc_logger - INFO - Function evaluation number: 109, SI: 1, Sub-iteration number: 55, FoM: 0.3303476065159904
06/05/2022 01:07:44.871 - oc_logger - INFO - Function evaluation number: 110, SI: 1, Sub-iteration number: 56, FoM: 0.3296104798121281
06/05/2022 01:07:45.230 - oc_logger - INFO - Function evaluation number: 111, SI: 1, Sub-iteration number: 57, FoM: 0.3320185340872691
06/05/2022 01:07:45.591 - oc_logger - INFO - Function evaluation number: 112, SI: 1, Sub-iteration number: 58, FoM: 0.33819939356667705
06/05/2022 01:07:45.849 - oc_logger - INFO - New record achieved. Previous FoM: 0.3289925411721403, new best FoM : 0.3289126921032881
06/05/2022 01:07:45.849 - oc_logger - INFO - Function evaluation number: 113, SI: 1, Sub-iteration number: 58, FoM: 0.3289126921032881
06/05/2022 01:07:46.139 - oc_logger - INFO - Function evaluation number: 114, SI: 1, Sub-iteration number: 59, FoM: 0.3323026887200745
06/05/2022 01:07:46.393 - oc_logger - INFO - New record achieved. Previous FoM: 0.3289126921032881, new best FoM : 0.32866202351946594
06/05/2022 01:07:46.393 - oc_logger - INFO - Function evaluation number: 115, SI: 1, Sub-iteration number: 59, FoM: 0.32866202351946594
06/05/2022 01:07:46.649 - oc_logger - INFO - New record achieved. Previous FoM: 0.32866202351946594, new best FoM : 0.32847959460138887
06/05/2022 01:07:46.649 - oc_logger - INFO - Function evaluation number: 116, SI: 1, Sub-iteration number: 60, FoM: 0.32847959460138887
06/05/2022 01:07:46.925 - oc_logger - INFO - Function evaluation number: 117, SI: 1, Sub-iteration number: 60, FoM: 0.3310229265154432
06/05/2022 01:07:47.393 - oc_logger - INFO - Function evaluation number: 118, SI: 1, Sub-iteration number: 61, FoM: 0.3288311204479005
06/05/2022 01:07:47.700 - oc_logger - INFO - Function evaluation number: 119, SI: 1, Sub-iteration number: 62, FoM: 0.3331104352534162
06/05/2022 01:07:48.029 - oc_logger - INFO - New record achieved. Previous FoM: 0.32847959460138887, new best FoM : 0.3270107940765856
06/05/2022 01:07:48.029 - oc_logger - INFO - Function evaluation number: 120, SI: 1, Sub-iteration number: 62, FoM: 0.3270107940765856
06/05/2022 01:07:48.561 - oc_logger - INFO - Function evaluation number: 121, SI: 1, Sub-iteration number: 63, FoM: 0.33898995196337645
06/05/2022 01:07:49.159 - oc_logger - INFO - New record achieved. Previous FoM: 0.3270107940765856, new best FoM : 0.32634385657417264
06/05/2022 01:07:49.159 - oc_logger - INFO - Function evaluation number: 122, SI: 1, Sub-iteration number: 63, FoM: 0.32634385657417264
06/05/2022 01:07:49.753 - oc_logger - INFO - Function evaluation number: 123, SI: 1, Sub-iteration number: 64, FoM: 0.32891956215747187
06/05/2022 01:07:50.346 - oc_logger - INFO - Function evaluation number: 124, SI: 1, Sub-iteration number: 65, FoM: 0.335423809853754
06/05/2022 01:07:50.890 - oc_logger - INFO - New record achieved. Previous FoM: 0.32634385657417264, new best FoM : 0.32621443115611015
06/05/2022 01:07:50.890 - oc_logger - INFO - Function evaluation number: 125, SI: 1, Sub-iteration number: 65, FoM: 0.32621443115611015
06/05/2022 01:07:51.411 - oc_logger - INFO - Function evaluation number: 126, SI: 1, Sub-iteration number: 66, FoM: 0.327386852620701
06/05/2022 01:07:51.801 - oc_logger - INFO - Function evaluation number: 127, SI: 1, Sub-iteration number: 67, FoM: 0.32884519479284446
06/05/2022 01:07:52.188 - oc_logger - INFO - Function evaluation number: 128, SI: 1, Sub-iteration number: 68, FoM: 0.32652078093897263
06/05/2022 01:07:52.569 - oc_logger - INFO - Function evaluation number: 129, SI: 1, Sub-iteration number: 69, FoM: 0.32732262150505
06/05/2022 01:07:52.950 - oc_logger - INFO - Function evaluation number: 130, SI: 1, Sub-iteration number: 70, FoM: 0.33353617217380305
06/05/2022 01:07:53.326 - oc_logger - INFO - New record achieved. Previous FoM: 0.32621443115611015, new best FoM : 0.3258733710067466
06/05/2022 01:07:53.326 - oc_logger - INFO - Function evaluation number: 131, SI: 1, Sub-iteration number: 70, FoM: 0.3258733710067466
06/05/2022 01:07:53.693 - oc_logger - INFO - Function evaluation number: 132, SI: 1, Sub-iteration number: 71, FoM: 0.3304334282801451
06/05/2022 01:07:53.951 - oc_logger - INFO - Function evaluation number: 133, SI: 1, Sub-iteration number: 71, FoM: 0.32614880694562354
06/05/2022 01:07:54.260 - oc_logger - INFO - Function evaluation number: 134, SI: 1, Sub-iteration number: 72, FoM: 0.3278825810101085
06/05/2022 01:07:54.580 - oc_logger - INFO - New record achieved. Previous FoM: 0.3258733710067466, new best FoM : 0.32583687921324156
06/05/2022 01:07:54.580 - oc_logger - INFO - Function evaluation number: 135, SI: 1, Sub-iteration number: 72, FoM: 0.32583687921324156
06/05/2022 01:07:54.904 - oc_logger - INFO - Function evaluation number: 136, SI: 1, Sub-iteration number: 73, FoM: 0.32906314751681554
06/05/2022 01:07:55.254 - oc_logger - INFO - New record achieved. Previous FoM: 0.32583687921324156, new best FoM : 0.32546838286905744
06/05/2022 01:07:55.255 - oc_logger - INFO - Function evaluation number: 137, SI: 1, Sub-iteration number: 73, FoM: 0.32546838286905744
06/05/2022 01:07:55.562 - oc_logger - INFO - Function evaluation number: 138, SI: 1, Sub-iteration number: 74, FoM: 0.3296370375751504
06/05/2022 01:07:55.859 - oc_logger - INFO - New record achieved. Previous FoM: 0.32546838286905744, new best FoM : 0.3253817916377041
06/05/2022 01:07:55.859 - oc_logger - INFO - Function evaluation number: 139, SI: 1, Sub-iteration number: 74, FoM: 0.3253817916377041
06/05/2022 01:07:56.225 - oc_logger - INFO - Function evaluation number: 140, SI: 1, Sub-iteration number: 75, FoM: 0.3330423065445155
06/05/2022 01:07:56.591 - oc_logger - INFO - New record achieved. Previous FoM: 0.3253817916377041, new best FoM : 0.3249068468651385
06/05/2022 01:07:56.591 - oc_logger - INFO - Function evaluation number: 141, SI: 1, Sub-iteration number: 75, FoM: 0.3249068468651385
06/05/2022 01:07:56.856 - oc_logger - INFO - Function evaluation number: 142, SI: 1, Sub-iteration number: 76, FoM: 0.3261695224044162
06/05/2022 01:07:57.198 - oc_logger - INFO - Function evaluation number: 143, SI: 1, Sub-iteration number: 77, FoM: 0.3269814696129443
06/05/2022 01:07:57.558 - oc_logger - INFO - Function evaluation number: 144, SI: 1, Sub-iteration number: 77, FoM: 0.325113807329813
06/05/2022 01:07:57.910 - oc_logger - INFO - Function evaluation number: 145, SI: 1, Sub-iteration number: 78, FoM: 0.3249494703630592
06/05/2022 01:07:58.185 - oc_logger - INFO - Function evaluation number: 146, SI: 1, Sub-iteration number: 79, FoM: 0.32502301723519356
06/05/2022 01:07:58.480 - oc_logger - INFO - Function evaluation number: 147, SI: 1, Sub-iteration number: 80, FoM: 0.32509958360306457
06/05/2022 01:07:58.776 - oc_logger - INFO - Function evaluation number: 148, SI: 1, Sub-iteration number: 81, FoM: 0.32642452212595807
06/05/2022 01:07:59.105 - oc_logger - INFO - New record achieved. Previous FoM: 0.3249068468651385, new best FoM : 0.3246651387263394
06/05/2022 01:07:59.105 - oc_logger - INFO - Function evaluation number: 149, SI: 1, Sub-iteration number: 81, FoM: 0.3246651387263394
06/05/2022 01:07:59.388 - oc_logger - INFO - Function evaluation number: 150, SI: 1, Sub-iteration number: 82, FoM: 0.32746126543333165
06/05/2022 01:07:59.741 - oc_logger - INFO - New record achieved. Previous FoM: 0.3246651387263394, new best FoM : 0.3245858920116571
06/05/2022 01:07:59.741 - oc_logger - INFO - Function evaluation number: 151, SI: 1, Sub-iteration number: 82, FoM: 0.3245858920116571
06/05/2022 01:08:00.112 - oc_logger - INFO - Function evaluation number: 152, SI: 1, Sub-iteration number: 83, FoM: 0.32564309733814756
06/05/2022 01:08:00.432 - oc_logger - INFO - New record achieved. Previous FoM: 0.3245858920116571, new best FoM : 0.32451848658334204
06/05/2022 01:08:00.432 - oc_logger - INFO - Function evaluation number: 153, SI: 1, Sub-iteration number: 83, FoM: 0.32451848658334204
06/05/2022 01:08:00.781 - oc_logger - INFO - Function evaluation number: 154, SI: 1, Sub-iteration number: 84, FoM: 0.3249057914518808
06/05/2022 01:08:01.141 - oc_logger - INFO - Function evaluation number: 155, SI: 1, Sub-iteration number: 85, FoM: 0.32626816397036706
06/05/2022 01:08:01.500 - oc_logger - INFO - New record achieved. Previous FoM: 0.32451848658334204, new best FoM : 0.32425043499578166
06/05/2022 01:08:01.500 - oc_logger - INFO - Function evaluation number: 156, SI: 1, Sub-iteration number: 85, FoM: 0.32425043499578166
06/05/2022 01:08:02.001 - oc_logger - INFO - Function evaluation number: 157, SI: 1, Sub-iteration number: 86, FoM: 0.3258207090449494
06/05/2022 01:08:02.312 - oc_logger - INFO - Function evaluation number: 158, SI: 1, Sub-iteration number: 86, FoM: 0.32426573938237746
06/05/2022 01:08:02.565 - oc_logger - INFO - Function evaluation number: 159, SI: 1, Sub-iteration number: 87, FoM: 0.32699166584011674
06/05/2022 01:08:02.825 - oc_logger - INFO - New record achieved. Previous FoM: 0.32425043499578166, new best FoM : 0.3241460700372204
06/05/2022 01:08:02.825 - oc_logger - INFO - Function evaluation number: 160, SI: 1, Sub-iteration number: 87, FoM: 0.3241460700372204
06/05/2022 01:08:03.116 - oc_logger - INFO - Function evaluation number: 161, SI: 1, Sub-iteration number: 88, FoM: 0.32535815056639605
06/05/2022 01:08:03.421 - oc_logger - INFO - Function evaluation number: 162, SI: 1, Sub-iteration number: 88, FoM: 0.3242354509357598
06/05/2022 01:08:03.689 - oc_logger - INFO - Function evaluation number: 163, SI: 1, Sub-iteration number: 89, FoM: 0.32508664543171484
06/05/2022 01:08:04.033 - oc_logger - INFO - Function evaluation number: 164, SI: 1, Sub-iteration number: 89, FoM: 0.32423203692220626
06/05/2022 01:08:04.394 - oc_logger - INFO - Function evaluation number: 165, SI: 1, Sub-iteration number: 90, FoM: 0.3252263710619159
06/05/2022 01:08:04.756 - oc_logger - INFO - Function evaluation number: 166, SI: 1, Sub-iteration number: 90, FoM: 0.3242225360446156
06/05/2022 01:08:05.118 - oc_logger - INFO - Function evaluation number: 167, SI: 1, Sub-iteration number: 91, FoM: 0.32438422859355565
06/05/2022 01:08:05.480 - oc_logger - INFO - Function evaluation number: 168, SI: 1, Sub-iteration number: 92, FoM: 0.3245726947350749
06/05/2022 01:08:05.842 - oc_logger - INFO - New record achieved. Previous FoM: 0.3241460700372204, new best FoM : 0.32406861465476244
06/05/2022 01:08:05.843 - oc_logger - INFO - Function evaluation number: 169, SI: 1, Sub-iteration number: 92, FoM: 0.32406861465476244
06/05/2022 01:08:06.205 - oc_logger - INFO - Function evaluation number: 170, SI: 1, Sub-iteration number: 93, FoM: 0.3240852192116569
06/05/2022 01:08:06.205 - oc_logger - INFO - SI 1 finished - Number of evaluations: 170, Best FoM: 0.32406861465476244, Terminate reason: Convergence of the FoM.

06/05/2022 01:08:06.205 - oc_logger - INFO - Direct search start time has been reset.
06/05/2022 01:08:06.568 - oc_logger - INFO - Function evaluation number: 171, SI: 2, Sub-iteration number: 0, FoM: 0.32406861465476244
06/05/2022 01:08:06.917 - oc_logger - INFO - Function evaluation number: 172, SI: 2, Sub-iteration number: 0, FoM: 0.3375777436203665
06/05/2022 01:08:07.275 - oc_logger - INFO - Function evaluation number: 173, SI: 2, Sub-iteration number: 0, FoM: 0.3464986820059972
06/05/2022 01:08:07.677 - oc_logger - INFO - Function evaluation number: 174, SI: 2, Sub-iteration number: 0, FoM: 0.3444839099267164
06/05/2022 01:08:08.083 - oc_logger - INFO - Function evaluation number: 175, SI: 2, Sub-iteration number: 0, FoM: 0.33058184699098203
06/05/2022 01:08:08.491 - oc_logger - INFO - Function evaluation number: 176, SI: 2, Sub-iteration number: 0, FoM: 0.3288235960474498
06/05/2022 01:08:08.846 - oc_logger - INFO - New record achieved. Previous FoM: 0.32406861465476244, new best FoM : 0.3206120528257457
06/05/2022 01:08:08.846 - oc_logger - INFO - Function evaluation number: 177, SI: 2, Sub-iteration number: 0, FoM: 0.3206120528257457
06/05/2022 01:08:09.208 - oc_logger - INFO - Function evaluation number: 178, SI: 2, Sub-iteration number: 0, FoM: 0.3373127424927794
06/05/2022 01:08:09.482 - oc_logger - INFO - Function evaluation number: 179, SI: 2, Sub-iteration number: 0, FoM: 0.3340070741774186
06/05/2022 01:08:09.838 - oc_logger - INFO - Function evaluation number: 180, SI: 2, Sub-iteration number: 1, FoM: 0.3611357245244424
06/05/2022 01:08:10.126 - oc_logger - INFO - Function evaluation number: 181, SI: 2, Sub-iteration number: 1, FoM: 0.33359724510051736
06/05/2022 01:08:10.486 - oc_logger - INFO - Function evaluation number: 182, SI: 2, Sub-iteration number: 2, FoM: 0.3377504503343177
06/05/2022 01:08:10.845 - oc_logger - INFO - Function evaluation number: 183, SI: 2, Sub-iteration number: 2, FoM: 0.32949188273349883
06/05/2022 01:08:11.206 - oc_logger - INFO - Function evaluation number: 184, SI: 2, Sub-iteration number: 3, FoM: 0.3342385982388819
06/05/2022 01:08:11.566 - oc_logger - INFO - Function evaluation number: 185, SI: 2, Sub-iteration number: 4, FoM: 0.3221691796683598
06/05/2022 01:08:11.889 - oc_logger - INFO - Function evaluation number: 186, SI: 2, Sub-iteration number: 5, FoM: 0.3347010022568938
06/05/2022 01:08:12.176 - oc_logger - INFO - Function evaluation number: 187, SI: 2, Sub-iteration number: 5, FoM: 0.32718780835640693
06/05/2022 01:08:12.489 - oc_logger - INFO - Function evaluation number: 188, SI: 2, Sub-iteration number: 6, FoM: 0.34123884434872265
06/05/2022 01:08:12.832 - oc_logger - INFO - Function evaluation number: 189, SI: 2, Sub-iteration number: 6, FoM: 0.3261503552017758
06/05/2022 01:08:13.187 - oc_logger - INFO - Function evaluation number: 190, SI: 2, Sub-iteration number: 7, FoM: 0.32433134900006455
06/05/2022 01:08:13.546 - oc_logger - INFO - New record achieved. Previous FoM: 0.3206120528257457, new best FoM : 0.3201784022833287
06/05/2022 01:08:13.546 - oc_logger - INFO - Function evaluation number: 191, SI: 2, Sub-iteration number: 8, FoM: 0.3201784022833287
06/05/2022 01:08:13.899 - oc_logger - INFO - Function evaluation number: 192, SI: 2, Sub-iteration number: 8, FoM: 0.32248610960690993
06/05/2022 01:08:14.261 - oc_logger - INFO - Function evaluation number: 193, SI: 2, Sub-iteration number: 9, FoM: 0.3297609077671252
06/05/2022 01:08:14.620 - oc_logger - INFO - Function evaluation number: 194, SI: 2, Sub-iteration number: 9, FoM: 0.3237193151912685
06/05/2022 01:08:14.910 - oc_logger - INFO - Function evaluation number: 195, SI: 2, Sub-iteration number: 10, FoM: 0.3258498122350567
06/05/2022 01:08:15.184 - oc_logger - INFO - Function evaluation number: 196, SI: 2, Sub-iteration number: 11, FoM: 0.3214928088859309
06/05/2022 01:08:15.598 - oc_logger - INFO - New record achieved. Previous FoM: 0.3201784022833287, new best FoM : 0.3194355936089889
06/05/2022 01:08:15.598 - oc_logger - INFO - Function evaluation number: 197, SI: 2, Sub-iteration number: 12, FoM: 0.3194355936089889
06/05/2022 01:08:15.994 - oc_logger - INFO - Function evaluation number: 198, SI: 2, Sub-iteration number: 12, FoM: 0.3217907313567717
06/05/2022 01:08:16.353 - oc_logger - INFO - Function evaluation number: 199, SI: 2, Sub-iteration number: 13, FoM: 0.32624122128732325
06/05/2022 01:08:16.713 - oc_logger - INFO - Function evaluation number: 200, SI: 2, Sub-iteration number: 13, FoM: 0.3210270414022942
06/05/2022 01:08:17.037 - oc_logger - INFO - Function evaluation number: 201, SI: 2, Sub-iteration number: 14, FoM: 0.33023629319729386
06/05/2022 01:08:17.396 - oc_logger - INFO - Function evaluation number: 202, SI: 2, Sub-iteration number: 14, FoM: 0.31966309216050126
06/05/2022 01:08:17.738 - oc_logger - INFO - Function evaluation number: 203, SI: 2, Sub-iteration number: 15, FoM: 0.3215727144329963
06/05/2022 01:08:18.073 - oc_logger - INFO - New record achieved. Previous FoM: 0.3194355936089889, new best FoM : 0.31890125522646473
06/05/2022 01:08:18.074 - oc_logger - INFO - Function evaluation number: 204, SI: 2, Sub-iteration number: 16, FoM: 0.31890125522646473
06/05/2022 01:08:18.385 - oc_logger - INFO - Function evaluation number: 205, SI: 2, Sub-iteration number: 16, FoM: 0.32124669816608864
06/05/2022 01:08:18.745 - oc_logger - INFO - Function evaluation number: 206, SI: 2, Sub-iteration number: 17, FoM: 0.32156223787310134
06/05/2022 01:08:19.008 - oc_logger - INFO - Function evaluation number: 207, SI: 2, Sub-iteration number: 18, FoM: 0.3213909700090517
06/05/2022 01:08:19.273 - oc_logger - INFO - Function evaluation number: 208, SI: 2, Sub-iteration number: 19, FoM: 0.322287108554719
06/05/2022 01:08:19.609 - oc_logger - INFO - New record achieved. Previous FoM: 0.31890125522646473, new best FoM : 0.3184200544016451
06/05/2022 01:08:19.609 - oc_logger - INFO - Function evaluation number: 209, SI: 2, Sub-iteration number: 19, FoM: 0.3184200544016451
06/05/2022 01:08:19.969 - oc_logger - INFO - Function evaluation number: 210, SI: 2, Sub-iteration number: 20, FoM: 0.32257143698714663
06/05/2022 01:08:20.265 - oc_logger - INFO - New record achieved. Previous FoM: 0.3184200544016451, new best FoM : 0.3183004835044193
06/05/2022 01:08:20.265 - oc_logger - INFO - Function evaluation number: 211, SI: 2, Sub-iteration number: 20, FoM: 0.3183004835044193
06/05/2022 01:08:20.581 - oc_logger - INFO - Function evaluation number: 212, SI: 2, Sub-iteration number: 21, FoM: 0.3216767305178001
06/05/2022 01:08:20.933 - oc_logger - INFO - Function evaluation number: 213, SI: 2, Sub-iteration number: 21, FoM: 0.318303456754904
06/05/2022 01:08:21.293 - oc_logger - INFO - Function evaluation number: 214, SI: 2, Sub-iteration number: 22, FoM: 0.31911046785055797
06/05/2022 01:08:21.615 - oc_logger - INFO - Function evaluation number: 215, SI: 2, Sub-iteration number: 23, FoM: 0.32562185547106437
06/05/2022 01:08:21.974 - oc_logger - INFO - New record achieved. Previous FoM: 0.3183004835044193, new best FoM : 0.3175225774223204
06/05/2022 01:08:21.974 - oc_logger - INFO - Function evaluation number: 216, SI: 2, Sub-iteration number: 23, FoM: 0.3175225774223204
06/05/2022 01:08:22.319 - oc_logger - INFO - Function evaluation number: 217, SI: 2, Sub-iteration number: 24, FoM: 0.32251840182721236
06/05/2022 01:08:22.668 - oc_logger - INFO - New record achieved. Previous FoM: 0.3175225774223204, new best FoM : 0.3175029790729724
06/05/2022 01:08:22.668 - oc_logger - INFO - Function evaluation number: 218, SI: 2, Sub-iteration number: 24, FoM: 0.3175029790729724
06/05/2022 01:08:23.029 - oc_logger - INFO - Function evaluation number: 219, SI: 2, Sub-iteration number: 25, FoM: 0.3218045786453727
06/05/2022 01:08:23.389 - oc_logger - INFO - New record achieved. Previous FoM: 0.3175029790729724, new best FoM : 0.31725912941831214
06/05/2022 01:08:23.389 - oc_logger - INFO - Function evaluation number: 220, SI: 2, Sub-iteration number: 25, FoM: 0.31725912941831214
06/05/2022 01:08:23.751 - oc_logger - INFO - Function evaluation number: 221, SI: 2, Sub-iteration number: 26, FoM: 0.32352298865130336
06/05/2022 01:08:24.048 - oc_logger - INFO - New record achieved. Previous FoM: 0.31725912941831214, new best FoM : 0.31704817387706385
06/05/2022 01:08:24.048 - oc_logger - INFO - Function evaluation number: 222, SI: 2, Sub-iteration number: 26, FoM: 0.31704817387706385
06/05/2022 01:08:24.338 - oc_logger - INFO - Function evaluation number: 223, SI: 2, Sub-iteration number: 27, FoM: 0.3204024507024589
06/05/2022 01:08:24.690 - oc_logger - INFO - Function evaluation number: 224, SI: 2, Sub-iteration number: 27, FoM: 0.3170775807052968
06/05/2022 01:08:25.049 - oc_logger - INFO - Function evaluation number: 225, SI: 2, Sub-iteration number: 28, FoM: 0.323052381485442
06/05/2022 01:08:25.408 - oc_logger - INFO - New record achieved. Previous FoM: 0.31704817387706385, new best FoM : 0.31678409676149266
06/05/2022 01:08:25.408 - oc_logger - INFO - Function evaluation number: 226, SI: 2, Sub-iteration number: 28, FoM: 0.31678409676149266
06/05/2022 01:08:25.769 - oc_logger - INFO - Function evaluation number: 227, SI: 2, Sub-iteration number: 29, FoM: 0.31837910886775755
06/05/2022 01:08:26.131 - oc_logger - INFO - Function evaluation number: 228, SI: 2, Sub-iteration number: 29, FoM: 0.3168677950487351
06/05/2022 01:08:26.542 - oc_logger - INFO - Function evaluation number: 229, SI: 2, Sub-iteration number: 30, FoM: 0.3170013901424108
06/05/2022 01:08:26.941 - oc_logger - INFO - Function evaluation number: 230, SI: 2, Sub-iteration number: 31, FoM: 0.31741890644018733
06/05/2022 01:08:27.296 - oc_logger - INFO - Function evaluation number: 231, SI: 2, Sub-iteration number: 32, FoM: 0.32050181460740945
06/05/2022 01:08:27.655 - oc_logger - INFO - New record achieved. Previous FoM: 0.31678409676149266, new best FoM : 0.3161179550564728
06/05/2022 01:08:27.655 - oc_logger - INFO - Function evaluation number: 232, SI: 2, Sub-iteration number: 32, FoM: 0.3161179550564728
06/05/2022 01:08:28.005 - oc_logger - INFO - Function evaluation number: 233, SI: 2, Sub-iteration number: 33, FoM: 0.3184289066992976
06/05/2022 01:08:28.344 - oc_logger - INFO - Function evaluation number: 234, SI: 2, Sub-iteration number: 33, FoM: 0.31627416788326557
06/05/2022 01:08:28.704 - oc_logger - INFO - Function evaluation number: 235, SI: 2, Sub-iteration number: 34, FoM: 0.318394964666188
06/05/2022 01:08:29.065 - oc_logger - INFO - Function evaluation number: 236, SI: 2, Sub-iteration number: 34, FoM: 0.3162398447342666
06/05/2022 01:08:29.426 - oc_logger - INFO - Function evaluation number: 237, SI: 2, Sub-iteration number: 35, FoM: 0.31846100992658544
06/05/2022 01:08:29.787 - oc_logger - INFO - Function evaluation number: 238, SI: 2, Sub-iteration number: 35, FoM: 0.31613166617819144
06/05/2022 01:08:30.186 - oc_logger - INFO - Function evaluation number: 239, SI: 2, Sub-iteration number: 36, FoM: 0.3177714222870174
06/05/2022 01:08:30.570 - oc_logger - INFO - New record achieved. Previous FoM: 0.3161179550564728, new best FoM : 0.3160890446354434
06/05/2022 01:08:30.570 - oc_logger - INFO - Function evaluation number: 240, SI: 2, Sub-iteration number: 36, FoM: 0.3160890446354434
06/05/2022 01:08:30.840 - oc_logger - INFO - Function evaluation number: 241, SI: 2, Sub-iteration number: 37, FoM: 0.3174111035166014
06/05/2022 01:08:31.183 - oc_logger - INFO - Function evaluation number: 242, SI: 2, Sub-iteration number: 37, FoM: 0.3161175709116426
06/05/2022 01:08:31.430 - oc_logger - INFO - Function evaluation number: 243, SI: 2, Sub-iteration number: 38, FoM: 0.31707390746986175
06/05/2022 01:08:31.734 - oc_logger - INFO - Function evaluation number: 244, SI: 2, Sub-iteration number: 38, FoM: 0.31611371966734914
06/05/2022 01:08:32.087 - oc_logger - INFO - Function evaluation number: 245, SI: 2, Sub-iteration number: 39, FoM: 0.31691994504298093
06/05/2022 01:08:32.447 - oc_logger - INFO - New record achieved. Previous FoM: 0.3160890446354434, new best FoM : 0.31603770694988464
06/05/2022 01:08:32.447 - oc_logger - INFO - Function evaluation number: 246, SI: 2, Sub-iteration number: 39, FoM: 0.31603770694988464
06/05/2022 01:08:32.869 - oc_logger - INFO - Function evaluation number: 247, SI: 2, Sub-iteration number: 40, FoM: 0.3175128374593944
06/05/2022 01:08:33.331 - oc_logger - INFO - New record achieved. Previous FoM: 0.31603770694988464, new best FoM : 0.31594374909396694
06/05/2022 01:08:33.331 - oc_logger - INFO - Function evaluation number: 248, SI: 2, Sub-iteration number: 40, FoM: 0.31594374909396694
06/05/2022 01:08:33.790 - oc_logger - INFO - Function evaluation number: 249, SI: 2, Sub-iteration number: 41, FoM: 0.3166843584102734
06/05/2022 01:08:34.212 - oc_logger - INFO - New record achieved. Previous FoM: 0.31594374909396694, new best FoM : 0.31573191132053413
06/05/2022 01:08:34.212 - oc_logger - INFO - Function evaluation number: 250, SI: 2, Sub-iteration number: 41, FoM: 0.31573191132053413
06/05/2022 01:08:34.623 - oc_logger - INFO - Function evaluation number: 251, SI: 2, Sub-iteration number: 42, FoM: 0.3165491125465507
06/05/2022 01:08:34.947 - oc_logger - INFO - New record achieved. Previous FoM: 0.31573191132053413, new best FoM : 0.31572652465681217
06/05/2022 01:08:34.947 - oc_logger - INFO - Function evaluation number: 252, SI: 2, Sub-iteration number: 42, FoM: 0.31572652465681217
06/05/2022 01:08:35.319 - oc_logger - INFO - Function evaluation number: 253, SI: 2, Sub-iteration number: 43, FoM: 0.3167594211879654
06/05/2022 01:08:35.624 - oc_logger - INFO - New record achieved. Previous FoM: 0.31572652465681217, new best FoM : 0.3156449003243522
06/05/2022 01:08:35.624 - oc_logger - INFO - Function evaluation number: 254, SI: 2, Sub-iteration number: 43, FoM: 0.3156449003243522
06/05/2022 01:08:35.979 - oc_logger - INFO - Function evaluation number: 255, SI: 2, Sub-iteration number: 44, FoM: 0.31768315967770355
06/05/2022 01:08:36.243 - oc_logger - INFO - New record achieved. Previous FoM: 0.3156449003243522, new best FoM : 0.31557070049394054
06/05/2022 01:08:36.243 - oc_logger - INFO - Function evaluation number: 256, SI: 2, Sub-iteration number: 44, FoM: 0.31557070049394054
06/05/2022 01:08:36.594 - oc_logger - INFO - Function evaluation number: 257, SI: 2, Sub-iteration number: 45, FoM: 0.3162418276423766
06/05/2022 01:08:36.954 - oc_logger - INFO - Function evaluation number: 258, SI: 2, Sub-iteration number: 45, FoM: 0.3156945507328014
06/05/2022 01:08:37.360 - oc_logger - INFO - Function evaluation number: 259, SI: 2, Sub-iteration number: 46, FoM: 0.31604960116542513
06/05/2022 01:08:37.777 - oc_logger - INFO - Function evaluation number: 260, SI: 2, Sub-iteration number: 47, FoM: 0.3161093523880989
06/05/2022 01:08:38.186 - oc_logger - INFO - Function evaluation number: 261, SI: 2, Sub-iteration number: 47, FoM: 0.3156793186350194
06/05/2022 01:08:38.593 - oc_logger - INFO - Function evaluation number: 262, SI: 2, Sub-iteration number: 48, FoM: 0.31611550898171925
06/05/2022 01:08:38.995 - oc_logger - INFO - Function evaluation number: 263, SI: 2, Sub-iteration number: 48, FoM: 0.3156549385608898
06/05/2022 01:08:39.355 - oc_logger - INFO - Function evaluation number: 264, SI: 2, Sub-iteration number: 49, FoM: 0.3158433619681158
06/05/2022 01:08:39.655 - oc_logger - INFO - Function evaluation number: 265, SI: 2, Sub-iteration number: 50, FoM: 0.3164304867861659
06/05/2022 01:08:40.051 - oc_logger - INFO - New record achieved. Previous FoM: 0.31557070049394054, new best FoM : 0.31556024816533923
06/05/2022 01:08:40.051 - oc_logger - INFO - Function evaluation number: 266, SI: 2, Sub-iteration number: 50, FoM: 0.31556024816533923
06/05/2022 01:08:40.055 - oc_logger - INFO - SI 2 finished - Number of evaluations: 96, Best FoM: 0.31556024816533923, Terminate reason: Convergence of the FoM.

06/05/2022 01:08:40.056 - oc_logger - INFO - Direct search start time has been reset.
06/05/2022 01:08:40.330 - oc_logger - INFO - Function evaluation number: 267, SI: 3, Sub-iteration number: 0, FoM: 0.31556024816533923
06/05/2022 01:08:40.693 - oc_logger - INFO - Function evaluation number: 268, SI: 3, Sub-iteration number: 0, FoM: 0.3323973557294826
06/05/2022 01:08:41.040 - oc_logger - INFO - Function evaluation number: 269, SI: 3, Sub-iteration number: 0, FoM: 0.32186206134640905
06/05/2022 01:08:41.465 - oc_logger - INFO - Function evaluation number: 270, SI: 3, Sub-iteration number: 0, FoM: 0.33906409588668407
06/05/2022 01:08:41.875 - oc_logger - INFO - Function evaluation number: 271, SI: 3, Sub-iteration number: 0, FoM: 0.3256631265721651
06/05/2022 01:08:42.284 - oc_logger - INFO - Function evaluation number: 272, SI: 3, Sub-iteration number: 0, FoM: 0.32749234690382956
06/05/2022 01:08:42.723 - oc_logger - INFO - New record achieved. Previous FoM: 0.31556024816533923, new best FoM : 0.3150059928939456
06/05/2022 01:08:42.723 - oc_logger - INFO - Function evaluation number: 273, SI: 3, Sub-iteration number: 0, FoM: 0.3150059928939456
06/05/2022 01:08:43.129 - oc_logger - INFO - Function evaluation number: 274, SI: 3, Sub-iteration number: 0, FoM: 0.3421579519135236
06/05/2022 01:08:43.525 - oc_logger - INFO - Function evaluation number: 275, SI: 3, Sub-iteration number: 0, FoM: 0.3332875720479981
06/05/2022 01:08:43.934 - oc_logger - INFO - Function evaluation number: 276, SI: 3, Sub-iteration number: 1, FoM: 0.32004131983508466
06/05/2022 01:08:44.340 - oc_logger - INFO - New record achieved. Previous FoM: 0.3150059928939456, new best FoM : 0.31465800275523936
06/05/2022 01:08:44.340 - oc_logger - INFO - Function evaluation number: 277, SI: 3, Sub-iteration number: 2, FoM: 0.31465800275523936
06/05/2022 01:08:44.752 - oc_logger - INFO - Function evaluation number: 278, SI: 3, Sub-iteration number: 2, FoM: 0.3172093525780749
06/05/2022 01:08:45.137 - oc_logger - INFO - Function evaluation number: 279, SI: 3, Sub-iteration number: 3, FoM: 0.3192639726810389
06/05/2022 01:08:45.543 - oc_logger - INFO - New record achieved. Previous FoM: 0.31465800275523936, new best FoM : 0.31355267089504135
06/05/2022 01:08:45.543 - oc_logger - INFO - Function evaluation number: 280, SI: 3, Sub-iteration number: 4, FoM: 0.31355267089504135
06/05/2022 01:08:45.957 - oc_logger - INFO - Function evaluation number: 281, SI: 3, Sub-iteration number: 4, FoM: 0.3167623002767761
06/05/2022 01:08:46.339 - oc_logger - INFO - New record achieved. Previous FoM: 0.31355267089504135, new best FoM : 0.31064423036435307
06/05/2022 01:08:46.339 - oc_logger - INFO - Function evaluation number: 282, SI: 3, Sub-iteration number: 5, FoM: 0.31064423036435307
06/05/2022 01:08:46.701 - oc_logger - INFO - Function evaluation number: 283, SI: 3, Sub-iteration number: 5, FoM: 0.3130501383655828
06/05/2022 01:08:47.063 - oc_logger - INFO - Function evaluation number: 284, SI: 3, Sub-iteration number: 6, FoM: 0.31338745714052063
06/05/2022 01:08:47.448 - oc_logger - INFO - Function evaluation number: 285, SI: 3, Sub-iteration number: 7, FoM: 0.3168487277185863
06/05/2022 01:08:47.859 - oc_logger - INFO - Function evaluation number: 286, SI: 3, Sub-iteration number: 8, FoM: 0.31998570032001294
06/05/2022 01:08:48.220 - oc_logger - INFO - Function evaluation number: 287, SI: 3, Sub-iteration number: 8, FoM: 0.31384850684615584
06/05/2022 01:08:48.570 - oc_logger - INFO - Function evaluation number: 288, SI: 3, Sub-iteration number: 9, FoM: 0.3218947134319733
06/05/2022 01:08:48.932 - oc_logger - INFO - Function evaluation number: 289, SI: 3, Sub-iteration number: 9, FoM: 0.3130700524469675
06/05/2022 01:08:49.206 - oc_logger - INFO - Function evaluation number: 290, SI: 3, Sub-iteration number: 10, FoM: 0.32011578112208816
06/05/2022 01:08:49.534 - oc_logger - INFO - Function evaluation number: 291, SI: 3, Sub-iteration number: 10, FoM: 0.3120493490770394
06/05/2022 01:08:49.878 - oc_logger - INFO - Function evaluation number: 292, SI: 3, Sub-iteration number: 11, FoM: 0.3190714566298668
06/05/2022 01:08:50.227 - oc_logger - INFO - Function evaluation number: 293, SI: 3, Sub-iteration number: 11, FoM: 0.3112493063731102
06/05/2022 01:08:50.530 - oc_logger - INFO - New record achieved. Previous FoM: 0.31064423036435307, new best FoM : 0.3095875296354521
06/05/2022 01:08:50.530 - oc_logger - INFO - Function evaluation number: 294, SI: 3, Sub-iteration number: 12, FoM: 0.3095875296354521
06/05/2022 01:08:50.856 - oc_logger - INFO - Function evaluation number: 295, SI: 3, Sub-iteration number: 12, FoM: 0.3114555426835782
06/05/2022 01:08:51.189 - oc_logger - INFO - Function evaluation number: 296, SI: 3, Sub-iteration number: 13, FoM: 0.31366896901855656
06/05/2022 01:08:51.551 - oc_logger - INFO - Function evaluation number: 297, SI: 3, Sub-iteration number: 14, FoM: 0.3125869493280168
06/05/2022 01:08:51.911 - oc_logger - INFO - Function evaluation number: 298, SI: 3, Sub-iteration number: 15, FoM: 0.31492720788207307
06/05/2022 01:08:52.268 - oc_logger - INFO - Function evaluation number: 299, SI: 3, Sub-iteration number: 15, FoM: 0.31021411082909234
06/05/2022 01:08:52.625 - oc_logger - INFO - Function evaluation number: 300, SI: 3, Sub-iteration number: 16, FoM: 0.3167237239309708
06/05/2022 01:08:52.984 - oc_logger - INFO - Function evaluation number: 301, SI: 3, Sub-iteration number: 16, FoM: 0.3099754850142158
06/05/2022 01:08:53.343 - oc_logger - INFO - Function evaluation number: 302, SI: 3, Sub-iteration number: 17, FoM: 0.317004242222087
06/05/2022 01:08:53.701 - oc_logger - INFO - Function evaluation number: 303, SI: 3, Sub-iteration number: 17, FoM: 0.30987622132699344
06/05/2022 01:08:54.059 - oc_logger - INFO - Function evaluation number: 304, SI: 3, Sub-iteration number: 18, FoM: 0.31037994678773095
06/05/2022 01:08:54.355 - oc_logger - INFO - Function evaluation number: 305, SI: 3, Sub-iteration number: 19, FoM: 0.3122490409674059
06/05/2022 01:08:54.641 - oc_logger - INFO - New record achieved. Previous FoM: 0.3095875296354521, new best FoM : 0.30945045219068035
06/05/2022 01:08:54.641 - oc_logger - INFO - Function evaluation number: 306, SI: 3, Sub-iteration number: 19, FoM: 0.30945045219068035
06/05/2022 01:08:54.989 - oc_logger - INFO - Function evaluation number: 307, SI: 3, Sub-iteration number: 20, FoM: 0.3111674317618375
06/05/2022 01:08:55.402 - oc_logger - INFO - Function evaluation number: 308, SI: 3, Sub-iteration number: 21, FoM: 0.31355348394455884
06/05/2022 01:08:55.812 - oc_logger - INFO - New record achieved. Previous FoM: 0.30945045219068035, new best FoM : 0.30868067763903884
06/05/2022 01:08:55.812 - oc_logger - INFO - Function evaluation number: 309, SI: 3, Sub-iteration number: 21, FoM: 0.30868067763903884
06/05/2022 01:08:56.216 - oc_logger - INFO - Function evaluation number: 310, SI: 3, Sub-iteration number: 22, FoM: 0.312145082568952
06/05/2022 01:08:56.547 - oc_logger - INFO - Function evaluation number: 311, SI: 3, Sub-iteration number: 22, FoM: 0.30876885248633734
06/05/2022 01:08:56.849 - oc_logger - INFO - Function evaluation number: 312, SI: 3, Sub-iteration number: 23, FoM: 0.31295403691847645
06/05/2022 01:08:57.210 - oc_logger - INFO - New record achieved. Previous FoM: 0.30868067763903884, new best FoM : 0.3084333871689374
06/05/2022 01:08:57.210 - oc_logger - INFO - Function evaluation number: 313, SI: 3, Sub-iteration number: 23, FoM: 0.3084333871689374
06/05/2022 01:08:57.577 - oc_logger - INFO - Function evaluation number: 314, SI: 3, Sub-iteration number: 24, FoM: 0.31275024700730814
06/05/2022 01:08:58.018 - oc_logger - INFO - New record achieved. Previous FoM: 0.3084333871689374, new best FoM : 0.3083202468686653
06/05/2022 01:08:58.018 - oc_logger - INFO - Function evaluation number: 315, SI: 3, Sub-iteration number: 24, FoM: 0.3083202468686653
06/05/2022 01:08:58.458 - oc_logger - INFO - Function evaluation number: 316, SI: 3, Sub-iteration number: 25, FoM: 0.31050822166945846
06/05/2022 01:08:58.894 - oc_logger - INFO - Function evaluation number: 317, SI: 3, Sub-iteration number: 25, FoM: 0.3084127045877042
06/05/2022 01:08:59.295 - oc_logger - INFO - Function evaluation number: 318, SI: 3, Sub-iteration number: 26, FoM: 0.3090970225893017
06/05/2022 01:08:59.655 - oc_logger - INFO - Function evaluation number: 319, SI: 3, Sub-iteration number: 27, FoM: 0.3096709332085148
06/05/2022 01:09:00.013 - oc_logger - INFO - New record achieved. Previous FoM: 0.3083202468686653, new best FoM : 0.3080743465606408
06/05/2022 01:09:00.014 - oc_logger - INFO - Function evaluation number: 320, SI: 3, Sub-iteration number: 27, FoM: 0.3080743465606408
06/05/2022 01:09:00.326 - oc_logger - INFO - Function evaluation number: 321, SI: 3, Sub-iteration number: 28, FoM: 0.31426475151389643
06/05/2022 01:09:00.681 - oc_logger - INFO - New record achieved. Previous FoM: 0.3080743465606408, new best FoM : 0.30765546435948
06/05/2022 01:09:00.682 - oc_logger - INFO - Function evaluation number: 322, SI: 3, Sub-iteration number: 28, FoM: 0.30765546435948
06/05/2022 01:09:01.047 - oc_logger - INFO - Function evaluation number: 323, SI: 3, Sub-iteration number: 29, FoM: 0.3103446817962042
06/05/2022 01:09:01.408 - oc_logger - INFO - Function evaluation number: 324, SI: 3, Sub-iteration number: 29, FoM: 0.30795415557497596
06/05/2022 01:09:01.768 - oc_logger - INFO - Function evaluation number: 325, SI: 3, Sub-iteration number: 30, FoM: 0.3107049130254327
06/05/2022 01:09:02.204 - oc_logger - INFO - Function evaluation number: 326, SI: 3, Sub-iteration number: 30, FoM: 0.3077129141065451
06/05/2022 01:09:02.488 - oc_logger - INFO - Function evaluation number: 327, SI: 3, Sub-iteration number: 31, FoM: 0.30846932966545404
06/05/2022 01:09:02.845 - oc_logger - INFO - Function evaluation number: 328, SI: 3, Sub-iteration number: 32, FoM: 0.31001885903079995
06/05/2022 01:09:03.204 - oc_logger - INFO - New record achieved. Previous FoM: 0.30765546435948, new best FoM : 0.3075181353719415
06/05/2022 01:09:03.204 - oc_logger - INFO - Function evaluation number: 329, SI: 3, Sub-iteration number: 32, FoM: 0.3075181353719415
06/05/2022 01:09:03.559 - oc_logger - INFO - Function evaluation number: 330, SI: 3, Sub-iteration number: 33, FoM: 0.30868953494695583
06/05/2022 01:09:03.918 - oc_logger - INFO - Function evaluation number: 331, SI: 3, Sub-iteration number: 33, FoM: 0.30753001271852387
06/05/2022 01:09:04.279 - oc_logger - INFO - New record achieved. Previous FoM: 0.3075181353719415, new best FoM : 0.307219244397549
06/05/2022 01:09:04.279 - oc_logger - INFO - Function evaluation number: 332, SI: 3, Sub-iteration number: 34, FoM: 0.307219244397549
06/05/2022 01:09:04.610 - oc_logger - INFO - Function evaluation number: 333, SI: 3, Sub-iteration number: 34, FoM: 0.3077333335821165
06/05/2022 01:09:04.905 - oc_logger - INFO - Function evaluation number: 334, SI: 3, Sub-iteration number: 35, FoM: 0.30860408919221105
06/05/2022 01:09:05.205 - oc_logger - INFO - Function evaluation number: 335, SI: 3, Sub-iteration number: 35, FoM: 0.3074277854214238
06/05/2022 01:09:05.457 - oc_logger - INFO - Function evaluation number: 336, SI: 3, Sub-iteration number: 36, FoM: 0.30944156747614837
06/05/2022 01:09:05.718 - oc_logger - INFO - Function evaluation number: 337, SI: 3, Sub-iteration number: 36, FoM: 0.30730577738032805
06/05/2022 01:09:06.002 - oc_logger - INFO - Function evaluation number: 338, SI: 3, Sub-iteration number: 37, FoM: 0.30862623272935785
06/05/2022 01:09:06.393 - oc_logger - INFO - Function evaluation number: 339, SI: 3, Sub-iteration number: 37, FoM: 0.3072318742935852
06/05/2022 01:09:06.744 - oc_logger - INFO - New record achieved. Previous FoM: 0.307219244397549, new best FoM : 0.30707751510558623
06/05/2022 01:09:06.744 - oc_logger - INFO - Function evaluation number: 340, SI: 3, Sub-iteration number: 38, FoM: 0.30707751510558623
06/05/2022 01:09:07.194 - oc_logger - INFO - Function evaluation number: 341, SI: 3, Sub-iteration number: 38, FoM: 0.3075329448923191
06/05/2022 01:09:07.629 - oc_logger - INFO - Function evaluation number: 342, SI: 3, Sub-iteration number: 39, FoM: 0.3084432816559348
06/05/2022 01:09:08.039 - oc_logger - INFO - New record achieved. Previous FoM: 0.30707751510558623, new best FoM : 0.3069985639872722
06/05/2022 01:09:08.039 - oc_logger - INFO - Function evaluation number: 343, SI: 3, Sub-iteration number: 39, FoM: 0.3069985639872722
06/05/2022 01:09:08.365 - oc_logger - INFO - Function evaluation number: 344, SI: 3, Sub-iteration number: 40, FoM: 0.308826384599838
06/05/2022 01:09:08.619 - oc_logger - INFO - New record achieved. Previous FoM: 0.3069985639872722, new best FoM : 0.3069345063488511
06/05/2022 01:09:08.619 - oc_logger - INFO - Function evaluation number: 345, SI: 3, Sub-iteration number: 40, FoM: 0.3069345063488511
06/05/2022 01:09:08.904 - oc_logger - INFO - Function evaluation number: 346, SI: 3, Sub-iteration number: 41, FoM: 0.30753438276000666
06/05/2022 01:09:09.263 - oc_logger - INFO - Function evaluation number: 347, SI: 3, Sub-iteration number: 41, FoM: 0.30698039183123305
06/05/2022 01:09:09.623 - oc_logger - INFO - Function evaluation number: 348, SI: 3, Sub-iteration number: 42, FoM: 0.3074212715156952
06/05/2022 01:09:09.907 - oc_logger - INFO - Function evaluation number: 349, SI: 3, Sub-iteration number: 43, FoM: 0.30724037053704534
06/05/2022 01:09:10.239 - oc_logger - INFO - Function evaluation number: 350, SI: 3, Sub-iteration number: 44, FoM: 0.30745125491920444
06/05/2022 01:09:10.506 - oc_logger - INFO - New record achieved. Previous FoM: 0.3069345063488511, new best FoM : 0.3069078711127675
06/05/2022 01:09:10.507 - oc_logger - INFO - Function evaluation number: 351, SI: 3, Sub-iteration number: 44, FoM: 0.3069078711127675
06/05/2022 01:09:10.774 - oc_logger - INFO - Function evaluation number: 352, SI: 3, Sub-iteration number: 45, FoM: 0.30746661041553036
06/05/2022 01:09:11.133 - oc_logger - INFO - New record achieved. Previous FoM: 0.3069078711127675, new best FoM : 0.3068392743085242
06/05/2022 01:09:11.133 - oc_logger - INFO - Function evaluation number: 353, SI: 3, Sub-iteration number: 45, FoM: 0.3068392743085242
06/05/2022 01:09:11.448 - oc_logger - INFO - Function evaluation number: 354, SI: 3, Sub-iteration number: 46, FoM: 0.30737854045717705
06/05/2022 01:09:11.808 - oc_logger - INFO - New record achieved. Previous FoM: 0.3068392743085242, new best FoM : 0.30680589432113214
06/05/2022 01:09:11.808 - oc_logger - INFO - Function evaluation number: 355, SI: 3, Sub-iteration number: 46, FoM: 0.30680589432113214
06/05/2022 01:09:12.177 - oc_logger - INFO - Function evaluation number: 356, SI: 3, Sub-iteration number: 47, FoM: 0.30742862118555403
06/05/2022 01:09:12.498 - oc_logger - INFO - New record achieved. Previous FoM: 0.30680589432113214, new best FoM : 0.3067961438259933
06/05/2022 01:09:12.498 - oc_logger - INFO - Function evaluation number: 357, SI: 3, Sub-iteration number: 47, FoM: 0.3067961438259933
06/05/2022 01:09:12.854 - oc_logger - INFO - Function evaluation number: 358, SI: 3, Sub-iteration number: 48, FoM: 0.3084929876532364
06/05/2022 01:09:13.224 - oc_logger - INFO - New record achieved. Previous FoM: 0.3067961438259933, new best FoM : 0.3067028048976139
06/05/2022 01:09:13.224 - oc_logger - INFO - Function evaluation number: 359, SI: 3, Sub-iteration number: 48, FoM: 0.3067028048976139
06/05/2022 01:09:13.563 - oc_logger - INFO - Function evaluation number: 360, SI: 3, Sub-iteration number: 49, FoM: 0.3076337821532861
06/05/2022 01:09:13.922 - oc_logger - INFO - New record achieved. Previous FoM: 0.3067028048976139, new best FoM : 0.3066987527213345
06/05/2022 01:09:13.922 - oc_logger - INFO - Function evaluation number: 361, SI: 3, Sub-iteration number: 49, FoM: 0.3066987527213345
06/05/2022 01:09:13.926 - oc_logger - INFO - SI 3 finished - Number of evaluations: 95, Best FoM: 0.3066987527213345, Terminate reason: Convergence of the FoM.

06/05/2022 01:09:13.926 - oc_logger - INFO - Figure of merit : 0.3066987527213345
06/05/2022 01:09:13.926 - oc_logger - INFO - Std : 0.0
06/05/2022 01:09:13.927 - oc_logger - INFO - total number of function evaluations : 361
06/05/2022 01:09:13.927 - oc_logger - INFO - dcrab_freq_list : [array([[ 1.47699508,  4.45321523,  8.4218095 , 11.59293042]]), array([[ 1.69229234,  4.55928485,  7.88510075, 14.04134211]]), array([[ 2.23826085,  6.17273508,  8.77317832, 14.16334341]])]
06/05/2022 01:09:13.927 - oc_logger - INFO - dcrab_para_list : [array([-1.00047062,  0.24051402, -0.34322252,  0.24270397, -0.21050218,
        0.17835968, -0.19629176,  0.40662749]), array([ 0.00571137, -0.07082687, -0.07128142, -0.05215186,  0.10699754,
        0.38865857, -0.0534157 ,  0.04884325]), array([-0.26421055,  0.06648623, -0.03091251,  0.13372555, -0.01564583,
        0.04230021, -0.15003996, -0.04636653])]
06/05/2022 01:09:13.927 - oc_logger - INFO - terminate_reason : Convergence of the FoM.
