17/06/2022 18:39:38.057 - oc_logger - INFO - The optimization direction is minimization
17/06/2022 18:39:38.057 - oc_logger - INFO - QuOCS version number: 0.0.27
17/06/2022 18:39:38.213 - oc_logger - INFO - Function evaluation number: 1, FoM: 0.008514471577626415
17/06/2022 18:39:38.371 - oc_logger - INFO - Function evaluation number: 2, FoM: 0.007766637430617562
17/06/2022 18:39:38.505 - oc_logger - INFO - Function evaluation number: 3, FoM: 0.009996992431985596
17/06/2022 18:39:38.662 - oc_logger - INFO - Function evaluation number: 4, FoM: 0.0070965470819701615
17/06/2022 18:39:38.810 - oc_logger - INFO - Function evaluation number: 5, FoM: 0.00604869917862727
17/06/2022 18:39:38.956 - oc_logger - INFO - Function evaluation number: 6, FoM: 0.005183338685314287
17/06/2022 18:39:39.115 - oc_logger - INFO - Function evaluation number: 7, FoM: 0.005111488356055127
17/06/2022 18:39:39.264 - oc_logger - INFO - Function evaluation number: 8, FoM: 0.004451022455601028
17/06/2022 18:39:39.406 - oc_logger - INFO - Function evaluation number: 9, FoM: 0.00396828452265352
17/06/2022 18:39:39.562 - oc_logger - INFO - Function evaluation number: 10, FoM: 0.003581890711632396
17/06/2022 18:39:39.708 - oc_logger - INFO - Function evaluation number: 11, FoM: 0.00407594820430246
17/06/2022 18:39:39.849 - oc_logger - INFO - Function evaluation number: 12, FoM: 0.004468249518561951
17/06/2022 18:39:40.007 - oc_logger - INFO - Function evaluation number: 13, FoM: 0.003899677392708245
17/06/2022 18:39:40.157 - oc_logger - INFO - Function evaluation number: 14, FoM: 0.005549375666971557
17/06/2022 18:39:40.295 - oc_logger - INFO - Function evaluation number: 15, FoM: 0.003875075027851782
17/06/2022 18:39:40.453 - oc_logger - INFO - Function evaluation number: 16, FoM: 0.003754303768306988
17/06/2022 18:39:40.618 - oc_logger - INFO - Function evaluation number: 17, FoM: 0.0047175193950299565
17/06/2022 18:39:40.773 - oc_logger - INFO - Function evaluation number: 18, FoM: 0.003670793368233727
17/06/2022 18:39:40.926 - oc_logger - INFO - Function evaluation number: 19, FoM: 0.0034090374954089953
17/06/2022 18:39:41.070 - oc_logger - INFO - Function evaluation number: 20, FoM: 0.0033318427313683285
17/06/2022 18:39:41.218 - oc_logger - INFO - Function evaluation number: 21, FoM: 0.003921130278161544
17/06/2022 18:39:41.366 - oc_logger - INFO - Function evaluation number: 22, FoM: 0.00357254077771052
17/06/2022 18:39:41.518 - oc_logger - INFO - Function evaluation number: 23, FoM: 0.0033319940214103783
17/06/2022 18:39:41.655 - oc_logger - INFO - Function evaluation number: 24, FoM: 0.0031646174640185265
17/06/2022 18:39:41.815 - oc_logger - INFO - Function evaluation number: 25, FoM: 0.0030376938689928856
17/06/2022 18:39:41.967 - oc_logger - INFO - Function evaluation number: 26, FoM: 0.002912941016249948
17/06/2022 18:39:42.102 - oc_logger - INFO - Function evaluation number: 27, FoM: 0.0027772030335483366
17/06/2022 18:39:42.252 - oc_logger - INFO - Function evaluation number: 28, FoM: 0.0029850757125632343
17/06/2022 18:39:42.400 - oc_logger - INFO - Function evaluation number: 29, FoM: 0.0024469134958085004
17/06/2022 18:39:42.549 - oc_logger - INFO - Function evaluation number: 30, FoM: 0.002191166703933267
17/06/2022 18:39:42.706 - oc_logger - INFO - Function evaluation number: 31, FoM: 0.00266299196967279
17/06/2022 18:39:42.860 - oc_logger - INFO - Function evaluation number: 32, FoM: 0.002007316478300991
17/06/2022 18:39:43.012 - oc_logger - INFO - Function evaluation number: 33, FoM: 0.0017290606646935824
17/06/2022 18:39:43.168 - oc_logger - INFO - Function evaluation number: 34, FoM: 0.0017004832697162797
17/06/2022 18:39:43.317 - oc_logger - INFO - Function evaluation number: 35, FoM: 0.0015333685011792442
17/06/2022 18:39:43.455 - oc_logger - INFO - Function evaluation number: 36, FoM: 0.001074289711103571
17/06/2022 18:39:43.608 - oc_logger - INFO - Function evaluation number: 37, FoM: 0.0008162351292239078
17/06/2022 18:39:43.749 - oc_logger - INFO - Function evaluation number: 38, FoM: 0.0005762682445278333
17/06/2022 18:39:43.901 - oc_logger - INFO - Function evaluation number: 39, FoM: 0.000356120238682478
17/06/2022 18:39:44.056 - oc_logger - INFO - Function evaluation number: 40, FoM: 0.00032008583059983664
17/06/2022 18:39:44.197 - oc_logger - INFO - Function evaluation number: 41, FoM: 0.000414413153854154
17/06/2022 18:39:44.356 - oc_logger - INFO - Function evaluation number: 42, FoM: 0.0001082480593153079
17/06/2022 18:39:44.505 - oc_logger - INFO - Function evaluation number: 43, FoM: 0.0004974606028493866
17/06/2022 18:39:44.649 - oc_logger - INFO - Function evaluation number: 44, FoM: 0.0005553431890050753
17/06/2022 18:39:44.798 - oc_logger - INFO - Function evaluation number: 45, FoM: 0.00024827911348490606
17/06/2022 18:39:44.947 - oc_logger - INFO - Function evaluation number: 46, FoM: 0.00035372096528341057
17/06/2022 18:39:45.095 - oc_logger - INFO - Function evaluation number: 47, FoM: 0.00018949121463385232
17/06/2022 18:39:45.239 - oc_logger - INFO - Function evaluation number: 48, FoM: 0.00038684867061644646
17/06/2022 18:39:45.394 - oc_logger - INFO - Function evaluation number: 49, FoM: 0.00016914528278244578
17/06/2022 18:39:45.546 - oc_logger - INFO - Function evaluation number: 50, FoM: 0.00027990632412744354
17/06/2022 18:39:45.683 - oc_logger - INFO - Function evaluation number: 51, FoM: 0.0001451290189329324
17/06/2022 18:39:45.840 - oc_logger - INFO - Function evaluation number: 52, FoM: 7.293373405437009e-05
17/06/2022 18:39:45.989 - oc_logger - INFO - Function evaluation number: 53, FoM: 0.00012358696261594027
17/06/2022 18:39:46.140 - oc_logger - INFO - Function evaluation number: 54, FoM: 4.701441596510758e-05
17/06/2022 18:39:46.292 - oc_logger - INFO - Function evaluation number: 55, FoM: 0.00010795021782694647
17/06/2022 18:39:46.451 - oc_logger - INFO - Function evaluation number: 56, FoM: 0.00020510833951237206
17/06/2022 18:39:46.591 - oc_logger - INFO - Function evaluation number: 57, FoM: 6.721160451939046e-05
17/06/2022 18:39:46.740 - oc_logger - INFO - Function evaluation number: 58, FoM: 0.0001017573177056752
17/06/2022 18:39:46.896 - oc_logger - INFO - Function evaluation number: 59, FoM: 5.418796171707818e-05
17/06/2022 18:39:47.036 - oc_logger - INFO - Function evaluation number: 60, FoM: 8.740557380626512e-05
17/06/2022 18:39:47.186 - oc_logger - INFO - Function evaluation number: 61, FoM: 4.3329978921646806e-05
17/06/2022 18:39:47.338 - oc_logger - INFO - Function evaluation number: 62, FoM: 1.3954991301079467e-05
17/06/2022 18:39:47.485 - oc_logger - INFO - Function evaluation number: 63, FoM: 2.7612998731552096e-05
17/06/2022 18:39:47.636 - oc_logger - INFO - Function evaluation number: 64, FoM: 6.693168210780698e-05
17/06/2022 18:39:47.786 - oc_logger - INFO - Function evaluation number: 65, FoM: 2.7567216299706487e-05
17/06/2022 18:39:47.941 - oc_logger - INFO - Function evaluation number: 66, FoM: 0.00012912984043755849
17/06/2022 18:39:48.090 - oc_logger - INFO - Function evaluation number: 67, FoM: 2.0800784537589045e-05
17/06/2022 18:39:48.243 - oc_logger - INFO - Function evaluation number: 68, FoM: 1.363942316334743e-05
17/06/2022 18:39:48.387 - oc_logger - INFO - Function evaluation number: 69, FoM: 3.0955898632112344e-05
17/06/2022 18:39:48.549 - oc_logger - INFO - Function evaluation number: 70, FoM: 5.136021409368752e-05
17/06/2022 18:39:48.705 - oc_logger - INFO - Function evaluation number: 71, FoM: 1.4144293630669047e-05
17/06/2022 18:39:48.849 - oc_logger - INFO - Function evaluation number: 72, FoM: 1.0703805697009905e-05
17/06/2022 18:39:49.003 - oc_logger - INFO - Function evaluation number: 73, FoM: 1.969638381937866e-05
17/06/2022 18:39:49.159 - oc_logger - INFO - Function evaluation number: 74, FoM: 2.2488946412546618e-05
17/06/2022 18:39:49.303 - oc_logger - INFO - Function evaluation number: 75, FoM: 9.332737546441372e-06
17/06/2022 18:39:49.459 - oc_logger - INFO - Function evaluation number: 76, FoM: 5.312343561714172e-06
17/06/2022 18:39:49.609 - oc_logger - INFO - Function evaluation number: 77, FoM: 7.57898509085031e-06
17/06/2022 18:39:49.756 - oc_logger - INFO - Function evaluation number: 78, FoM: 1.7678483477334694e-05
17/06/2022 18:39:49.912 - oc_logger - INFO - Function evaluation number: 79, FoM: 7.923457969405412e-06
17/06/2022 18:39:50.060 - oc_logger - INFO - Function evaluation number: 80, FoM: 1.8151319278736366e-05
17/06/2022 18:39:50.210 - oc_logger - INFO - Function evaluation number: 81, FoM: 6.723547755105308e-06
17/06/2022 18:39:50.364 - oc_logger - INFO - Function evaluation number: 82, FoM: 8.708214700114958e-06
17/06/2022 18:39:50.514 - oc_logger - INFO - Function evaluation number: 83, FoM: 6.431250498484253e-06
17/06/2022 18:39:50.667 - oc_logger - INFO - Function evaluation number: 84, FoM: 3.946432116097576e-06
17/06/2022 18:39:50.815 - oc_logger - INFO - Function evaluation number: 85, FoM: 4.572609378472592e-06
17/06/2022 18:39:50.962 - oc_logger - INFO - Function evaluation number: 86, FoM: 8.983949452034956e-06
17/06/2022 18:39:51.110 - oc_logger - INFO - Function evaluation number: 87, FoM: 4.9686013791072625e-06
17/06/2022 18:39:51.262 - oc_logger - INFO - Function evaluation number: 88, FoM: 4.676328297814614e-06
17/06/2022 18:39:51.416 - oc_logger - INFO - Function evaluation number: 89, FoM: 8.513529881959414e-06
17/06/2022 18:39:51.566 - oc_logger - INFO - Function evaluation number: 90, FoM: 4.1741871806832975e-06
17/06/2022 18:39:51.716 - oc_logger - INFO - Function evaluation number: 91, FoM: 3.748739519804367e-06
17/06/2022 18:39:51.863 - oc_logger - INFO - Function evaluation number: 92, FoM: 4.305334367793456e-06
17/06/2022 18:39:52.014 - oc_logger - INFO - Function evaluation number: 93, FoM: 4.380220701927229e-06
17/06/2022 18:39:52.169 - oc_logger - INFO - Function evaluation number: 94, FoM: 3.831288836519953e-06
17/06/2022 18:39:52.333 - oc_logger - INFO - Function evaluation number: 95, FoM: 4.042267598425298e-06
17/06/2022 18:39:52.551 - oc_logger - INFO - Function evaluation number: 96, FoM: 3.7010456958030957e-06
17/06/2022 18:39:52.699 - oc_logger - INFO - Function evaluation number: 97, FoM: 4.029741667244124e-06
17/06/2022 18:39:52.855 - oc_logger - INFO - Function evaluation number: 98, FoM: 3.6638678847511486e-06
17/06/2022 18:39:53.005 - oc_logger - INFO - Function evaluation number: 99, FoM: 4.439398464506361e-06
17/06/2022 18:39:53.153 - oc_logger - INFO - Function evaluation number: 100, FoM: 3.5905858305484983e-06
17/06/2022 18:39:53.157 - oc_logger - INFO - Figure of merit : 3.5905858305484983e-06
17/06/2022 18:39:53.158 - oc_logger - INFO - parameters : [-54.53114133  12.64748378   0.38455053]
17/06/2022 18:39:53.159 - oc_logger - INFO - terminate_reason : Exceeded number of allowed function evaluations per direct search.
