17/06/2022 19:24:06.876 - oc_logger - INFO - The optimization direction is minimization
17/06/2022 19:24:06.880 - oc_logger - INFO - QuOCS version number: 0.0.27
17/06/2022 19:24:06.880 - oc_logger - INFO - Direct search start time has been reset.
17/06/2022 19:24:07.042 - oc_logger - INFO - New record achieved. Previous FoM: 10000000000.0, new best FoM : 0.9674566088432687
17/06/2022 19:24:07.042 - oc_logger - INFO - Function evaluation number: 1, SI: 1, Sub-iteration number: 0, FoM: 0.9674566088432687
17/06/2022 19:24:07.205 - oc_logger - INFO - New record achieved. Previous FoM: 0.9674566088432687, new best FoM : 0.9601451689774322
17/06/2022 19:24:07.206 - oc_logger - INFO - Function evaluation number: 2, SI: 1, Sub-iteration number: 0, FoM: 0.9601451689774322
17/06/2022 19:24:07.367 - oc_logger - INFO - Function evaluation number: 3, SI: 1, Sub-iteration number: 0, FoM: 0.9693494996613476
17/06/2022 19:24:07.524 - oc_logger - INFO - Function evaluation number: 4, SI: 1, Sub-iteration number: 0, FoM: 0.9651798286175123
17/06/2022 19:24:07.686 - oc_logger - INFO - New record achieved. Previous FoM: 0.9601451689774322, new best FoM : 0.958976048611594
17/06/2022 19:24:07.686 - oc_logger - INFO - Function evaluation number: 5, SI: 1, Sub-iteration number: 0, FoM: 0.958976048611594
17/06/2022 19:24:07.862 - oc_logger - INFO - Function evaluation number: 6, SI: 1, Sub-iteration number: 0, FoM: 0.9595322752515273
17/06/2022 19:24:08.016 - oc_logger - INFO - Function evaluation number: 7, SI: 1, Sub-iteration number: 0, FoM: 0.9687057528083911
17/06/2022 19:24:08.165 - oc_logger - INFO - Function evaluation number: 8, SI: 1, Sub-iteration number: 0, FoM: 0.9688142618009866
17/06/2022 19:24:08.308 - oc_logger - INFO - Function evaluation number: 9, SI: 1, Sub-iteration number: 0, FoM: 0.9658428395401368
17/06/2022 19:24:08.446 - oc_logger - INFO - Function evaluation number: 10, SI: 1, Sub-iteration number: 0, FoM: 0.9711985934352539
17/06/2022 19:24:08.597 - oc_logger - INFO - Function evaluation number: 11, SI: 1, Sub-iteration number: 1, FoM: 0.9596643090052942
17/06/2022 19:24:08.740 - oc_logger - INFO - New record achieved. Previous FoM: 0.958976048611594, new best FoM : 0.9587131162477863
17/06/2022 19:24:08.740 - oc_logger - INFO - Function evaluation number: 12, SI: 1, Sub-iteration number: 2, FoM: 0.9587131162477863
17/06/2022 19:24:08.902 - oc_logger - INFO - New record achieved. Previous FoM: 0.9587131162477863, new best FoM : 0.9570150725840074
17/06/2022 19:24:08.902 - oc_logger - INFO - Function evaluation number: 13, SI: 1, Sub-iteration number: 2, FoM: 0.9570150725840074
17/06/2022 19:24:09.061 - oc_logger - INFO - New record achieved. Previous FoM: 0.9570150725840074, new best FoM : 0.950480143634912
17/06/2022 19:24:09.061 - oc_logger - INFO - Function evaluation number: 14, SI: 1, Sub-iteration number: 3, FoM: 0.950480143634912
17/06/2022 19:24:09.209 - oc_logger - INFO - New record achieved. Previous FoM: 0.950480143634912, new best FoM : 0.9465400030022679
17/06/2022 19:24:09.209 - oc_logger - INFO - Function evaluation number: 15, SI: 1, Sub-iteration number: 3, FoM: 0.9465400030022679
17/06/2022 19:24:09.367 - oc_logger - INFO - New record achieved. Previous FoM: 0.9465400030022679, new best FoM : 0.9375677655196615
17/06/2022 19:24:09.367 - oc_logger - INFO - Function evaluation number: 16, SI: 1, Sub-iteration number: 4, FoM: 0.9375677655196615
17/06/2022 19:24:09.516 - oc_logger - INFO - New record achieved. Previous FoM: 0.9375677655196615, new best FoM : 0.930371699474862
17/06/2022 19:24:09.516 - oc_logger - INFO - Function evaluation number: 17, SI: 1, Sub-iteration number: 4, FoM: 0.930371699474862
17/06/2022 19:24:09.659 - oc_logger - INFO - Function evaluation number: 18, SI: 1, Sub-iteration number: 5, FoM: 0.9388157058661257
17/06/2022 19:24:09.803 - oc_logger - INFO - Function evaluation number: 19, SI: 1, Sub-iteration number: 6, FoM: 0.9351977175841228
17/06/2022 19:24:09.946 - oc_logger - INFO - New record achieved. Previous FoM: 0.930371699474862, new best FoM : 0.9290755986164575
17/06/2022 19:24:09.946 - oc_logger - INFO - Function evaluation number: 20, SI: 1, Sub-iteration number: 7, FoM: 0.9290755986164575
17/06/2022 19:24:10.082 - oc_logger - INFO - New record achieved. Previous FoM: 0.9290755986164575, new best FoM : 0.923178938800074
17/06/2022 19:24:10.082 - oc_logger - INFO - Function evaluation number: 21, SI: 1, Sub-iteration number: 7, FoM: 0.923178938800074
17/06/2022 19:24:10.223 - oc_logger - INFO - Function evaluation number: 22, SI: 1, Sub-iteration number: 8, FoM: 0.93069422208677
17/06/2022 19:24:10.386 - oc_logger - INFO - New record achieved. Previous FoM: 0.923178938800074, new best FoM : 0.9173006676001629
17/06/2022 19:24:10.386 - oc_logger - INFO - Function evaluation number: 23, SI: 1, Sub-iteration number: 9, FoM: 0.9173006676001629
17/06/2022 19:24:10.544 - oc_logger - INFO - New record achieved. Previous FoM: 0.9173006676001629, new best FoM : 0.9100405391760094
17/06/2022 19:24:10.544 - oc_logger - INFO - Function evaluation number: 24, SI: 1, Sub-iteration number: 9, FoM: 0.9100405391760094
17/06/2022 19:24:10.701 - oc_logger - INFO - New record achieved. Previous FoM: 0.9100405391760094, new best FoM : 0.9080555337644307
17/06/2022 19:24:10.701 - oc_logger - INFO - Function evaluation number: 25, SI: 1, Sub-iteration number: 10, FoM: 0.9080555337644307
17/06/2022 19:24:10.874 - oc_logger - INFO - New record achieved. Previous FoM: 0.9080555337644307, new best FoM : 0.9001136875257938
17/06/2022 19:24:10.874 - oc_logger - INFO - Function evaluation number: 26, SI: 1, Sub-iteration number: 10, FoM: 0.9001136875257938
17/06/2022 19:24:11.016 - oc_logger - INFO - New record achieved. Previous FoM: 0.9001136875257938, new best FoM : 0.8901382811163976
17/06/2022 19:24:11.016 - oc_logger - INFO - Function evaluation number: 27, SI: 1, Sub-iteration number: 11, FoM: 0.8901382811163976
17/06/2022 19:24:11.165 - oc_logger - INFO - New record achieved. Previous FoM: 0.8901382811163976, new best FoM : 0.8790599539811538
17/06/2022 19:24:11.165 - oc_logger - INFO - Function evaluation number: 28, SI: 1, Sub-iteration number: 11, FoM: 0.8790599539811538
17/06/2022 19:24:11.310 - oc_logger - INFO - New record achieved. Previous FoM: 0.8790599539811538, new best FoM : 0.8704134657143068
17/06/2022 19:24:11.310 - oc_logger - INFO - Function evaluation number: 29, SI: 1, Sub-iteration number: 12, FoM: 0.8704134657143068
17/06/2022 19:24:11.453 - oc_logger - INFO - New record achieved. Previous FoM: 0.8704134657143068, new best FoM : 0.8563473501140566
17/06/2022 19:24:11.453 - oc_logger - INFO - Function evaluation number: 30, SI: 1, Sub-iteration number: 12, FoM: 0.8563473501140566
17/06/2022 19:24:11.605 - oc_logger - INFO - Function evaluation number: 31, SI: 1, Sub-iteration number: 13, FoM: 0.8688919667622831
17/06/2022 19:24:11.749 - oc_logger - INFO - Function evaluation number: 32, SI: 1, Sub-iteration number: 14, FoM: 0.8637722139028239
17/06/2022 19:24:11.897 - oc_logger - INFO - New record achieved. Previous FoM: 0.8563473501140566, new best FoM : 0.850344914397405
17/06/2022 19:24:11.897 - oc_logger - INFO - Function evaluation number: 33, SI: 1, Sub-iteration number: 15, FoM: 0.850344914397405
17/06/2022 19:24:12.038 - oc_logger - INFO - New record achieved. Previous FoM: 0.850344914397405, new best FoM : 0.8384927344528936
17/06/2022 19:24:12.038 - oc_logger - INFO - Function evaluation number: 34, SI: 1, Sub-iteration number: 15, FoM: 0.8384927344528936
17/06/2022 19:24:12.186 - oc_logger - INFO - New record achieved. Previous FoM: 0.8384927344528936, new best FoM : 0.8297817344254674
17/06/2022 19:24:12.187 - oc_logger - INFO - Function evaluation number: 35, SI: 1, Sub-iteration number: 16, FoM: 0.8297817344254674
17/06/2022 19:24:12.338 - oc_logger - INFO - New record achieved. Previous FoM: 0.8297817344254674, new best FoM : 0.8150989182690771
17/06/2022 19:24:12.338 - oc_logger - INFO - Function evaluation number: 36, SI: 1, Sub-iteration number: 16, FoM: 0.8150989182690771
17/06/2022 19:24:12.484 - oc_logger - INFO - New record achieved. Previous FoM: 0.8150989182690771, new best FoM : 0.8037510705055261
17/06/2022 19:24:12.484 - oc_logger - INFO - Function evaluation number: 37, SI: 1, Sub-iteration number: 17, FoM: 0.8037510705055261
17/06/2022 19:24:12.630 - oc_logger - INFO - New record achieved. Previous FoM: 0.8037510705055261, new best FoM : 0.7864279803760367
17/06/2022 19:24:12.630 - oc_logger - INFO - Function evaluation number: 38, SI: 1, Sub-iteration number: 17, FoM: 0.7864279803760367
17/06/2022 19:24:12.781 - oc_logger - INFO - New record achieved. Previous FoM: 0.7864279803760367, new best FoM : 0.7742923372457451
17/06/2022 19:24:12.781 - oc_logger - INFO - Function evaluation number: 39, SI: 1, Sub-iteration number: 18, FoM: 0.7742923372457451
17/06/2022 19:24:12.921 - oc_logger - INFO - New record achieved. Previous FoM: 0.7742923372457451, new best FoM : 0.7530293277236595
17/06/2022 19:24:12.921 - oc_logger - INFO - Function evaluation number: 40, SI: 1, Sub-iteration number: 18, FoM: 0.7530293277236595
17/06/2022 19:24:13.067 - oc_logger - INFO - Function evaluation number: 41, SI: 1, Sub-iteration number: 19, FoM: 0.7596443438221854
17/06/2022 19:24:13.209 - oc_logger - INFO - New record achieved. Previous FoM: 0.7530293277236595, new best FoM : 0.7343858229711526
17/06/2022 19:24:13.209 - oc_logger - INFO - Function evaluation number: 42, SI: 1, Sub-iteration number: 20, FoM: 0.7343858229711526
17/06/2022 19:24:13.355 - oc_logger - INFO - New record achieved. Previous FoM: 0.7343858229711526, new best FoM : 0.7119388982734771
17/06/2022 19:24:13.355 - oc_logger - INFO - Function evaluation number: 43, SI: 1, Sub-iteration number: 20, FoM: 0.7119388982734771
17/06/2022 19:24:13.503 - oc_logger - INFO - Function evaluation number: 44, SI: 1, Sub-iteration number: 21, FoM: 0.7242550266189807
17/06/2022 19:24:13.646 - oc_logger - INFO - New record achieved. Previous FoM: 0.7119388982734771, new best FoM : 0.7028711212908314
17/06/2022 19:24:13.646 - oc_logger - INFO - Function evaluation number: 45, SI: 1, Sub-iteration number: 22, FoM: 0.7028711212908314
17/06/2022 19:24:13.790 - oc_logger - INFO - New record achieved. Previous FoM: 0.7028711212908314, new best FoM : 0.6819293354902268
17/06/2022 19:24:13.790 - oc_logger - INFO - Function evaluation number: 46, SI: 1, Sub-iteration number: 22, FoM: 0.6819293354902268
17/06/2022 19:24:13.939 - oc_logger - INFO - New record achieved. Previous FoM: 0.6819293354902268, new best FoM : 0.6636828069081013
17/06/2022 19:24:13.939 - oc_logger - INFO - Function evaluation number: 47, SI: 1, Sub-iteration number: 23, FoM: 0.6636828069081013
17/06/2022 19:24:14.081 - oc_logger - INFO - New record achieved. Previous FoM: 0.6636828069081013, new best FoM : 0.6384545191073213
17/06/2022 19:24:14.081 - oc_logger - INFO - Function evaluation number: 48, SI: 1, Sub-iteration number: 23, FoM: 0.6384545191073213
17/06/2022 19:24:14.224 - oc_logger - INFO - New record achieved. Previous FoM: 0.6384545191073213, new best FoM : 0.6297715387119398
17/06/2022 19:24:14.224 - oc_logger - INFO - Function evaluation number: 49, SI: 1, Sub-iteration number: 24, FoM: 0.6297715387119398
17/06/2022 19:24:14.363 - oc_logger - INFO - New record achieved. Previous FoM: 0.6297715387119398, new best FoM : 0.6045482995106832
17/06/2022 19:24:14.363 - oc_logger - INFO - Function evaluation number: 50, SI: 1, Sub-iteration number: 24, FoM: 0.6045482995106832
17/06/2022 19:24:14.513 - oc_logger - INFO - New record achieved. Previous FoM: 0.6045482995106832, new best FoM : 0.5860600750884692
17/06/2022 19:24:14.513 - oc_logger - INFO - Function evaluation number: 51, SI: 1, Sub-iteration number: 25, FoM: 0.5860600750884692
17/06/2022 19:24:14.660 - oc_logger - INFO - New record achieved. Previous FoM: 0.5860600750884692, new best FoM : 0.5557212580363959
17/06/2022 19:24:14.660 - oc_logger - INFO - Function evaluation number: 52, SI: 1, Sub-iteration number: 25, FoM: 0.5557212580363959
17/06/2022 19:24:14.809 - oc_logger - INFO - Function evaluation number: 53, SI: 1, Sub-iteration number: 26, FoM: 0.5606351553250952
17/06/2022 19:24:14.953 - oc_logger - INFO - New record achieved. Previous FoM: 0.5557212580363959, new best FoM : 0.5344271085476802
17/06/2022 19:24:14.953 - oc_logger - INFO - Function evaluation number: 54, SI: 1, Sub-iteration number: 27, FoM: 0.5344271085476802
17/06/2022 19:24:15.097 - oc_logger - INFO - New record achieved. Previous FoM: 0.5344271085476802, new best FoM : 0.5049574500931753
17/06/2022 19:24:15.097 - oc_logger - INFO - Function evaluation number: 55, SI: 1, Sub-iteration number: 27, FoM: 0.5049574500931753
17/06/2022 19:24:15.241 - oc_logger - INFO - Function evaluation number: 56, SI: 1, Sub-iteration number: 28, FoM: 0.5102264562008016
17/06/2022 19:24:15.380 - oc_logger - INFO - New record achieved. Previous FoM: 0.5049574500931753, new best FoM : 0.46822037554345164
17/06/2022 19:24:15.380 - oc_logger - INFO - Function evaluation number: 57, SI: 1, Sub-iteration number: 29, FoM: 0.46822037554345164
17/06/2022 19:24:15.529 - oc_logger - INFO - New record achieved. Previous FoM: 0.46822037554345164, new best FoM : 0.43917565113187884
17/06/2022 19:24:15.529 - oc_logger - INFO - Function evaluation number: 58, SI: 1, Sub-iteration number: 29, FoM: 0.43917565113187884
17/06/2022 19:24:15.671 - oc_logger - INFO - New record achieved. Previous FoM: 0.43917565113187884, new best FoM : 0.437505361510952
17/06/2022 19:24:15.672 - oc_logger - INFO - Function evaluation number: 59, SI: 1, Sub-iteration number: 30, FoM: 0.437505361510952
17/06/2022 19:24:15.820 - oc_logger - INFO - New record achieved. Previous FoM: 0.437505361510952, new best FoM : 0.40977980960618554
17/06/2022 19:24:15.820 - oc_logger - INFO - Function evaluation number: 60, SI: 1, Sub-iteration number: 30, FoM: 0.40977980960618554
17/06/2022 19:24:15.962 - oc_logger - INFO - New record achieved. Previous FoM: 0.40977980960618554, new best FoM : 0.3995703682838093
17/06/2022 19:24:15.962 - oc_logger - INFO - Function evaluation number: 61, SI: 1, Sub-iteration number: 31, FoM: 0.3995703682838093
17/06/2022 19:24:16.114 - oc_logger - INFO - New record achieved. Previous FoM: 0.3995703682838093, new best FoM : 0.3752472456378674
17/06/2022 19:24:16.114 - oc_logger - INFO - Function evaluation number: 62, SI: 1, Sub-iteration number: 31, FoM: 0.3752472456378674
17/06/2022 19:24:16.260 - oc_logger - INFO - New record achieved. Previous FoM: 0.3752472456378674, new best FoM : 0.35567623170744245
17/06/2022 19:24:16.260 - oc_logger - INFO - Function evaluation number: 63, SI: 1, Sub-iteration number: 32, FoM: 0.35567623170744245
17/06/2022 19:24:16.409 - oc_logger - INFO - New record achieved. Previous FoM: 0.35567623170744245, new best FoM : 0.32920145887575336
17/06/2022 19:24:16.409 - oc_logger - INFO - Function evaluation number: 64, SI: 1, Sub-iteration number: 32, FoM: 0.32920145887575336
17/06/2022 19:24:16.553 - oc_logger - INFO - Function evaluation number: 65, SI: 1, Sub-iteration number: 33, FoM: 0.3404171186321654
17/06/2022 19:24:16.700 - oc_logger - INFO - New record achieved. Previous FoM: 0.32920145887575336, new best FoM : 0.28861347479407873
17/06/2022 19:24:16.700 - oc_logger - INFO - Function evaluation number: 66, SI: 1, Sub-iteration number: 34, FoM: 0.28861347479407873
17/06/2022 19:24:16.836 - oc_logger - INFO - New record achieved. Previous FoM: 0.28861347479407873, new best FoM : 0.25923979887884185
17/06/2022 19:24:16.836 - oc_logger - INFO - Function evaluation number: 67, SI: 1, Sub-iteration number: 34, FoM: 0.25923979887884185
17/06/2022 19:24:16.987 - oc_logger - INFO - Function evaluation number: 68, SI: 1, Sub-iteration number: 35, FoM: 0.27853149323397897
17/06/2022 19:24:17.131 - oc_logger - INFO - New record achieved. Previous FoM: 0.25923979887884185, new best FoM : 0.2554397283683322
17/06/2022 19:24:17.131 - oc_logger - INFO - Function evaluation number: 69, SI: 1, Sub-iteration number: 36, FoM: 0.2554397283683322
17/06/2022 19:24:17.274 - oc_logger - INFO - New record achieved. Previous FoM: 0.2554397283683322, new best FoM : 0.240723803687933
17/06/2022 19:24:17.274 - oc_logger - INFO - Function evaluation number: 70, SI: 1, Sub-iteration number: 36, FoM: 0.240723803687933
17/06/2022 19:24:17.417 - oc_logger - INFO - New record achieved. Previous FoM: 0.240723803687933, new best FoM : 0.23610743301097814
17/06/2022 19:24:17.417 - oc_logger - INFO - Function evaluation number: 71, SI: 1, Sub-iteration number: 37, FoM: 0.23610743301097814
17/06/2022 19:24:17.567 - oc_logger - INFO - New record achieved. Previous FoM: 0.23610743301097814, new best FoM : 0.22359600420038594
17/06/2022 19:24:17.567 - oc_logger - INFO - Function evaluation number: 72, SI: 1, Sub-iteration number: 37, FoM: 0.22359600420038594
17/06/2022 19:24:17.715 - oc_logger - INFO - Function evaluation number: 73, SI: 1, Sub-iteration number: 38, FoM: 0.26899637996451
17/06/2022 19:24:17.855 - oc_logger - INFO - Function evaluation number: 74, SI: 1, Sub-iteration number: 39, FoM: 0.23225429038945034
17/06/2022 19:24:17.994 - oc_logger - INFO - Function evaluation number: 75, SI: 1, Sub-iteration number: 40, FoM: 0.2291942056843007
17/06/2022 19:24:18.137 - oc_logger - INFO - New record achieved. Previous FoM: 0.22359600420038594, new best FoM : 0.18664881814999668
17/06/2022 19:24:18.137 - oc_logger - INFO - Function evaluation number: 76, SI: 1, Sub-iteration number: 41, FoM: 0.18664881814999668
17/06/2022 19:24:18.283 - oc_logger - INFO - New record achieved. Previous FoM: 0.18664881814999668, new best FoM : 0.1820727095449356
17/06/2022 19:24:18.283 - oc_logger - INFO - Function evaluation number: 77, SI: 1, Sub-iteration number: 41, FoM: 0.1820727095449356
17/06/2022 19:24:18.431 - oc_logger - INFO - Function evaluation number: 78, SI: 1, Sub-iteration number: 42, FoM: 0.18701693810206899
17/06/2022 19:24:18.576 - oc_logger - INFO - Function evaluation number: 79, SI: 1, Sub-iteration number: 43, FoM: 0.21436135717369442
17/06/2022 19:24:18.719 - oc_logger - INFO - Function evaluation number: 80, SI: 1, Sub-iteration number: 44, FoM: 0.25574245559203124
17/06/2022 19:24:18.863 - oc_logger - INFO - New record achieved. Previous FoM: 0.1820727095449356, new best FoM : 0.13883523580675639
17/06/2022 19:24:18.863 - oc_logger - INFO - Function evaluation number: 81, SI: 1, Sub-iteration number: 45, FoM: 0.13883523580675639
17/06/2022 19:24:19.012 - oc_logger - INFO - New record achieved. Previous FoM: 0.13883523580675639, new best FoM : 0.12577089465386038
17/06/2022 19:24:19.012 - oc_logger - INFO - Function evaluation number: 82, SI: 1, Sub-iteration number: 45, FoM: 0.12577089465386038
17/06/2022 19:24:19.159 - oc_logger - INFO - Function evaluation number: 83, SI: 1, Sub-iteration number: 46, FoM: 0.3470080572956541
17/06/2022 19:24:19.302 - oc_logger - INFO - Function evaluation number: 84, SI: 1, Sub-iteration number: 46, FoM: 0.21625740150377049
17/06/2022 19:24:19.449 - oc_logger - INFO - Function evaluation number: 85, SI: 1, Sub-iteration number: 47, FoM: 0.23704837479840357
17/06/2022 19:24:19.598 - oc_logger - INFO - Function evaluation number: 86, SI: 1, Sub-iteration number: 48, FoM: 0.16370893908198214
17/06/2022 19:24:19.817 - oc_logger - INFO - Function evaluation number: 87, SI: 1, Sub-iteration number: 49, FoM: 0.2625650336896206
17/06/2022 19:24:19.960 - oc_logger - INFO - Function evaluation number: 88, SI: 1, Sub-iteration number: 49, FoM: 0.20682527561162556
17/06/2022 19:24:20.105 - oc_logger - INFO - Function evaluation number: 89, SI: 1, Sub-iteration number: 50, FoM: 0.13084859139206928
17/06/2022 19:24:20.245 - oc_logger - INFO - New record achieved. Previous FoM: 0.12577089465386038, new best FoM : 0.1182180396732403
17/06/2022 19:24:20.245 - oc_logger - INFO - Function evaluation number: 90, SI: 1, Sub-iteration number: 51, FoM: 0.1182180396732403
17/06/2022 19:24:20.391 - oc_logger - INFO - New record achieved. Previous FoM: 0.1182180396732403, new best FoM : 0.1084523749567321
17/06/2022 19:24:20.391 - oc_logger - INFO - Function evaluation number: 91, SI: 1, Sub-iteration number: 51, FoM: 0.1084523749567321
17/06/2022 19:24:20.543 - oc_logger - INFO - Function evaluation number: 92, SI: 1, Sub-iteration number: 52, FoM: 0.11573283251028876
17/06/2022 19:24:20.686 - oc_logger - INFO - Function evaluation number: 93, SI: 1, Sub-iteration number: 53, FoM: 0.18600284396986333
17/06/2022 19:24:20.833 - oc_logger - INFO - New record achieved. Previous FoM: 0.1084523749567321, new best FoM : 0.10758605469628457
17/06/2022 19:24:20.833 - oc_logger - INFO - Function evaluation number: 94, SI: 1, Sub-iteration number: 54, FoM: 0.10758605469628457
17/06/2022 19:24:20.977 - oc_logger - INFO - New record achieved. Previous FoM: 0.10758605469628457, new best FoM : 0.10489783151164445
17/06/2022 19:24:20.977 - oc_logger - INFO - Function evaluation number: 95, SI: 1, Sub-iteration number: 54, FoM: 0.10489783151164445
17/06/2022 19:24:21.124 - oc_logger - INFO - Function evaluation number: 96, SI: 1, Sub-iteration number: 55, FoM: 0.15221302235033185
17/06/2022 19:24:21.270 - oc_logger - INFO - New record achieved. Previous FoM: 0.10489783151164445, new best FoM : 0.07440788832734158
17/06/2022 19:24:21.270 - oc_logger - INFO - Function evaluation number: 97, SI: 1, Sub-iteration number: 56, FoM: 0.07440788832734158
17/06/2022 19:24:21.420 - oc_logger - INFO - New record achieved. Previous FoM: 0.07440788832734158, new best FoM : 0.06458617511980735
17/06/2022 19:24:21.420 - oc_logger - INFO - Function evaluation number: 98, SI: 1, Sub-iteration number: 56, FoM: 0.06458617511980735
17/06/2022 19:24:21.569 - oc_logger - INFO - Function evaluation number: 99, SI: 1, Sub-iteration number: 57, FoM: 0.13504291141320857
17/06/2022 19:24:21.714 - oc_logger - INFO - New record achieved. Previous FoM: 0.06458617511980735, new best FoM : 0.05130434577922238
17/06/2022 19:24:21.714 - oc_logger - INFO - Function evaluation number: 100, SI: 1, Sub-iteration number: 58, FoM: 0.05130434577922238
17/06/2022 19:24:21.859 - oc_logger - INFO - New record achieved. Previous FoM: 0.05130434577922238, new best FoM : 0.042311211388165404
17/06/2022 19:24:21.859 - oc_logger - INFO - Function evaluation number: 101, SI: 1, Sub-iteration number: 58, FoM: 0.042311211388165404
17/06/2022 19:24:21.860 - oc_logger - INFO - SI 1 finished - Number of evaluations: 101, Best FoM: 0.042311211388165404, Terminate reason: Exceeded number of allowed function evaluations per direct search.

17/06/2022 19:24:21.861 - oc_logger - INFO - Direct search start time has been reset.
17/06/2022 19:24:22.007 - oc_logger - INFO - Function evaluation number: 102, SI: 2, Sub-iteration number: 0, FoM: 0.042311211388165404
17/06/2022 19:24:22.149 - oc_logger - INFO - Function evaluation number: 103, SI: 2, Sub-iteration number: 0, FoM: 0.042385134351009324
17/06/2022 19:24:22.291 - oc_logger - INFO - New record achieved. Previous FoM: 0.042311211388165404, new best FoM : 0.02675111054732371
17/06/2022 19:24:22.291 - oc_logger - INFO - Function evaluation number: 104, SI: 2, Sub-iteration number: 0, FoM: 0.02675111054732371
17/06/2022 19:24:22.441 - oc_logger - INFO - Function evaluation number: 105, SI: 2, Sub-iteration number: 0, FoM: 0.02867625793989237
17/06/2022 19:24:22.584 - oc_logger - INFO - Function evaluation number: 106, SI: 2, Sub-iteration number: 0, FoM: 0.039438057788565795
17/06/2022 19:24:22.723 - oc_logger - INFO - Function evaluation number: 107, SI: 2, Sub-iteration number: 0, FoM: 0.032772094772453686
17/06/2022 19:24:22.870 - oc_logger - INFO - Function evaluation number: 108, SI: 2, Sub-iteration number: 0, FoM: 0.047671391471975744
17/06/2022 19:24:23.013 - oc_logger - INFO - Function evaluation number: 109, SI: 2, Sub-iteration number: 0, FoM: 0.04823056800459824
17/06/2022 19:24:23.163 - oc_logger - INFO - Function evaluation number: 110, SI: 2, Sub-iteration number: 0, FoM: 0.04559031803500102
17/06/2022 19:24:23.304 - oc_logger - INFO - Function evaluation number: 111, SI: 2, Sub-iteration number: 0, FoM: 0.03868589939366207
17/06/2022 19:24:23.446 - oc_logger - INFO - Function evaluation number: 112, SI: 2, Sub-iteration number: 1, FoM: 0.040779880322456274
17/06/2022 19:24:23.586 - oc_logger - INFO - New record achieved. Previous FoM: 0.02675111054732371, new best FoM : 0.02644470760471107
17/06/2022 19:24:23.586 - oc_logger - INFO - Function evaluation number: 113, SI: 2, Sub-iteration number: 2, FoM: 0.02644470760471107
17/06/2022 19:24:23.733 - oc_logger - INFO - New record achieved. Previous FoM: 0.02644470760471107, new best FoM : 0.02468923489773378
17/06/2022 19:24:23.733 - oc_logger - INFO - Function evaluation number: 114, SI: 2, Sub-iteration number: 2, FoM: 0.02468923489773378
17/06/2022 19:24:23.880 - oc_logger - INFO - Function evaluation number: 115, SI: 2, Sub-iteration number: 3, FoM: 0.02980929352724404
17/06/2022 19:24:24.025 - oc_logger - INFO - New record achieved. Previous FoM: 0.02468923489773378, new best FoM : 0.024289571525850095
17/06/2022 19:24:24.025 - oc_logger - INFO - Function evaluation number: 116, SI: 2, Sub-iteration number: 4, FoM: 0.024289571525850095
17/06/2022 19:24:24.174 - oc_logger - INFO - New record achieved. Previous FoM: 0.024289571525850095, new best FoM : 0.022907250455826422
17/06/2022 19:24:24.174 - oc_logger - INFO - Function evaluation number: 117, SI: 2, Sub-iteration number: 4, FoM: 0.022907250455826422
17/06/2022 19:24:24.318 - oc_logger - INFO - New record achieved. Previous FoM: 0.022907250455826422, new best FoM : 0.022670797344937377
17/06/2022 19:24:24.318 - oc_logger - INFO - Function evaluation number: 118, SI: 2, Sub-iteration number: 5, FoM: 0.022670797344937377
17/06/2022 19:24:24.466 - oc_logger - INFO - New record achieved. Previous FoM: 0.022670797344937377, new best FoM : 0.021736062980052262
17/06/2022 19:24:24.466 - oc_logger - INFO - Function evaluation number: 119, SI: 2, Sub-iteration number: 5, FoM: 0.021736062980052262
17/06/2022 19:24:24.614 - oc_logger - INFO - Function evaluation number: 120, SI: 2, Sub-iteration number: 6, FoM: 0.02197479349828846
17/06/2022 19:24:24.759 - oc_logger - INFO - New record achieved. Previous FoM: 0.021736062980052262, new best FoM : 0.01544077234618002
17/06/2022 19:24:24.759 - oc_logger - INFO - Function evaluation number: 121, SI: 2, Sub-iteration number: 7, FoM: 0.01544077234618002
17/06/2022 19:24:24.911 - oc_logger - INFO - New record achieved. Previous FoM: 0.01544077234618002, new best FoM : 0.013650846941708372
17/06/2022 19:24:24.911 - oc_logger - INFO - Function evaluation number: 122, SI: 2, Sub-iteration number: 7, FoM: 0.013650846941708372
17/06/2022 19:24:25.059 - oc_logger - INFO - Function evaluation number: 123, SI: 2, Sub-iteration number: 8, FoM: 0.018745844352218266
17/06/2022 19:24:25.204 - oc_logger - INFO - New record achieved. Previous FoM: 0.013650846941708372, new best FoM : 0.012815318226535366
17/06/2022 19:24:25.204 - oc_logger - INFO - Function evaluation number: 124, SI: 2, Sub-iteration number: 9, FoM: 0.012815318226535366
17/06/2022 19:24:25.353 - oc_logger - INFO - New record achieved. Previous FoM: 0.012815318226535366, new best FoM : 0.01137410953869289
17/06/2022 19:24:25.353 - oc_logger - INFO - Function evaluation number: 125, SI: 2, Sub-iteration number: 9, FoM: 0.01137410953869289
17/06/2022 19:24:25.522 - oc_logger - INFO - Function evaluation number: 126, SI: 2, Sub-iteration number: 10, FoM: 0.014616791574555532
17/06/2022 19:24:25.676 - oc_logger - INFO - New record achieved. Previous FoM: 0.01137410953869289, new best FoM : 0.010387668052853738
17/06/2022 19:24:25.676 - oc_logger - INFO - Function evaluation number: 127, SI: 2, Sub-iteration number: 11, FoM: 0.010387668052853738
17/06/2022 19:24:25.822 - oc_logger - INFO - New record achieved. Previous FoM: 0.010387668052853738, new best FoM : 0.009332593936648759
17/06/2022 19:24:25.822 - oc_logger - INFO - Function evaluation number: 128, SI: 2, Sub-iteration number: 11, FoM: 0.009332593936648759
17/06/2022 19:24:25.970 - oc_logger - INFO - Function evaluation number: 129, SI: 2, Sub-iteration number: 12, FoM: 0.013724299193572431
17/06/2022 19:24:26.120 - oc_logger - INFO - New record achieved. Previous FoM: 0.009332593936648759, new best FoM : 0.00873385857284481
17/06/2022 19:24:26.120 - oc_logger - INFO - Function evaluation number: 130, SI: 2, Sub-iteration number: 13, FoM: 0.00873385857284481
17/06/2022 19:24:26.273 - oc_logger - INFO - New record achieved. Previous FoM: 0.00873385857284481, new best FoM : 0.008141584627705423
17/06/2022 19:24:26.274 - oc_logger - INFO - Function evaluation number: 131, SI: 2, Sub-iteration number: 13, FoM: 0.008141584627705423
17/06/2022 19:24:26.424 - oc_logger - INFO - New record achieved. Previous FoM: 0.008141584627705423, new best FoM : 0.006602116705197947
17/06/2022 19:24:26.424 - oc_logger - INFO - Function evaluation number: 132, SI: 2, Sub-iteration number: 14, FoM: 0.006602116705197947
17/06/2022 19:24:26.569 - oc_logger - INFO - New record achieved. Previous FoM: 0.006602116705197947, new best FoM : 0.0058836325014743895
17/06/2022 19:24:26.569 - oc_logger - INFO - Function evaluation number: 133, SI: 2, Sub-iteration number: 14, FoM: 0.0058836325014743895
17/06/2022 19:24:26.718 - oc_logger - INFO - Function evaluation number: 134, SI: 2, Sub-iteration number: 15, FoM: 0.015162093873105742
17/06/2022 19:24:26.862 - oc_logger - INFO - Function evaluation number: 135, SI: 2, Sub-iteration number: 16, FoM: 0.006273596661927172
17/06/2022 19:24:27.014 - oc_logger - INFO - Function evaluation number: 136, SI: 2, Sub-iteration number: 17, FoM: 0.007164164038034548
17/06/2022 19:24:27.164 - oc_logger - INFO - Function evaluation number: 137, SI: 2, Sub-iteration number: 18, FoM: 0.01779343636550279
17/06/2022 19:24:27.309 - oc_logger - INFO - Function evaluation number: 138, SI: 2, Sub-iteration number: 18, FoM: 0.011345976998668128
17/06/2022 19:24:27.456 - oc_logger - INFO - Function evaluation number: 139, SI: 2, Sub-iteration number: 19, FoM: 0.011297980217229497
17/06/2022 19:24:27.607 - oc_logger - INFO - Function evaluation number: 140, SI: 2, Sub-iteration number: 20, FoM: 0.006181271428843282
17/06/2022 19:24:27.744 - oc_logger - INFO - Function evaluation number: 141, SI: 2, Sub-iteration number: 21, FoM: 0.00888042352067564
17/06/2022 19:24:27.888 - oc_logger - INFO - Function evaluation number: 142, SI: 2, Sub-iteration number: 22, FoM: 0.01023229876762255
17/06/2022 19:24:28.038 - oc_logger - INFO - Function evaluation number: 143, SI: 2, Sub-iteration number: 23, FoM: 0.007464792434324075
17/06/2022 19:24:28.173 - oc_logger - INFO - Function evaluation number: 144, SI: 2, Sub-iteration number: 24, FoM: 0.010372581587320573
17/06/2022 19:24:28.318 - oc_logger - INFO - Function evaluation number: 145, SI: 2, Sub-iteration number: 24, FoM: 0.008020159428058005
17/06/2022 19:24:28.458 - oc_logger - INFO - Function evaluation number: 146, SI: 2, Sub-iteration number: 25, FoM: 0.011924829037966767
17/06/2022 19:24:28.608 - oc_logger - INFO - Function evaluation number: 147, SI: 2, Sub-iteration number: 25, FoM: 0.007884710273444617
17/06/2022 19:24:28.755 - oc_logger - INFO - Function evaluation number: 148, SI: 2, Sub-iteration number: 26, FoM: 0.010232988682401079
17/06/2022 19:24:28.902 - oc_logger - INFO - Function evaluation number: 149, SI: 2, Sub-iteration number: 26, FoM: 0.007536234937058461
17/06/2022 19:24:29.052 - oc_logger - INFO - Function evaluation number: 150, SI: 2, Sub-iteration number: 27, FoM: 0.01062325519849594
17/06/2022 19:24:29.195 - oc_logger - INFO - Function evaluation number: 151, SI: 2, Sub-iteration number: 27, FoM: 0.007237774805095465
17/06/2022 19:24:29.340 - oc_logger - INFO - Function evaluation number: 152, SI: 2, Sub-iteration number: 28, FoM: 0.008334837828652408
17/06/2022 19:24:29.487 - oc_logger - INFO - Function evaluation number: 153, SI: 2, Sub-iteration number: 28, FoM: 0.007020979590749543
17/06/2022 19:24:29.627 - oc_logger - INFO - Function evaluation number: 154, SI: 2, Sub-iteration number: 29, FoM: 0.007765633126631588
17/06/2022 19:24:29.779 - oc_logger - INFO - Function evaluation number: 155, SI: 2, Sub-iteration number: 30, FoM: 0.007973144195232207
17/06/2022 19:24:29.930 - oc_logger - INFO - Function evaluation number: 156, SI: 2, Sub-iteration number: 30, FoM: 0.006886188241861602
17/06/2022 19:24:30.069 - oc_logger - INFO - Function evaluation number: 157, SI: 2, Sub-iteration number: 31, FoM: 0.008156947587321217
17/06/2022 19:24:30.213 - oc_logger - INFO - Function evaluation number: 158, SI: 2, Sub-iteration number: 31, FoM: 0.00680493260472137
17/06/2022 19:24:30.351 - oc_logger - INFO - Function evaluation number: 159, SI: 2, Sub-iteration number: 32, FoM: 0.007586592970909578
17/06/2022 19:24:30.486 - oc_logger - INFO - Function evaluation number: 160, SI: 2, Sub-iteration number: 32, FoM: 0.006721838785485157
17/06/2022 19:24:30.618 - oc_logger - INFO - Function evaluation number: 161, SI: 2, Sub-iteration number: 33, FoM: 0.009057729710494344
17/06/2022 19:24:30.748 - oc_logger - INFO - Function evaluation number: 162, SI: 2, Sub-iteration number: 33, FoM: 0.006557680219800188
17/06/2022 19:24:30.885 - oc_logger - INFO - Function evaluation number: 163, SI: 2, Sub-iteration number: 34, FoM: 0.007507371116788786
17/06/2022 19:24:31.036 - oc_logger - INFO - Function evaluation number: 164, SI: 2, Sub-iteration number: 34, FoM: 0.006559386607160489
17/06/2022 19:24:31.185 - oc_logger - INFO - Function evaluation number: 165, SI: 2, Sub-iteration number: 35, FoM: 0.007166058430969291
17/06/2022 19:24:31.335 - oc_logger - INFO - Function evaluation number: 166, SI: 2, Sub-iteration number: 35, FoM: 0.006541109767440045
17/06/2022 19:24:31.490 - oc_logger - INFO - Function evaluation number: 167, SI: 2, Sub-iteration number: 36, FoM: 0.006153066999214252
17/06/2022 19:24:31.632 - oc_logger - INFO - Function evaluation number: 168, SI: 2, Sub-iteration number: 37, FoM: 0.00655458346204163
17/06/2022 19:24:31.775 - oc_logger - INFO - Function evaluation number: 169, SI: 2, Sub-iteration number: 38, FoM: 0.007676123785827493
17/06/2022 19:24:31.924 - oc_logger - INFO - Function evaluation number: 170, SI: 2, Sub-iteration number: 38, FoM: 0.006239650539173525
17/06/2022 19:24:32.065 - oc_logger - INFO - Function evaluation number: 171, SI: 2, Sub-iteration number: 39, FoM: 0.006484795368399077
17/06/2022 19:24:32.201 - oc_logger - INFO - Function evaluation number: 172, SI: 2, Sub-iteration number: 40, FoM: 0.006895535985453227
17/06/2022 19:24:32.343 - oc_logger - INFO - Function evaluation number: 173, SI: 2, Sub-iteration number: 40, FoM: 0.006156253827256819
17/06/2022 19:24:32.485 - oc_logger - INFO - Function evaluation number: 174, SI: 2, Sub-iteration number: 41, FoM: 0.005999289786280171
17/06/2022 19:24:32.633 - oc_logger - INFO - Function evaluation number: 175, SI: 2, Sub-iteration number: 42, FoM: 0.006772497638006358
17/06/2022 19:24:32.777 - oc_logger - INFO - Function evaluation number: 176, SI: 2, Sub-iteration number: 42, FoM: 0.006133976287215681
17/06/2022 19:24:32.921 - oc_logger - INFO - New record achieved. Previous FoM: 0.0058836325014743895, new best FoM : 0.0054502829739939695
17/06/2022 19:24:32.921 - oc_logger - INFO - Function evaluation number: 177, SI: 2, Sub-iteration number: 43, FoM: 0.0054502829739939695
17/06/2022 19:24:33.069 - oc_logger - INFO - Function evaluation number: 178, SI: 2, Sub-iteration number: 43, FoM: 0.005461717893471607
17/06/2022 19:24:33.213 - oc_logger - INFO - Function evaluation number: 179, SI: 2, Sub-iteration number: 44, FoM: 0.007086390580122948
17/06/2022 19:24:33.365 - oc_logger - INFO - Function evaluation number: 180, SI: 2, Sub-iteration number: 44, FoM: 0.006011207753996217
17/06/2022 19:24:33.513 - oc_logger - INFO - New record achieved. Previous FoM: 0.0054502829739939695, new best FoM : 0.005018165407606356
17/06/2022 19:24:33.513 - oc_logger - INFO - Function evaluation number: 181, SI: 2, Sub-iteration number: 45, FoM: 0.005018165407606356
17/06/2022 19:24:33.664 - oc_logger - INFO - New record achieved. Previous FoM: 0.005018165407606356, new best FoM : 0.004894409727543847
17/06/2022 19:24:33.664 - oc_logger - INFO - Function evaluation number: 182, SI: 2, Sub-iteration number: 45, FoM: 0.004894409727543847
17/06/2022 19:24:33.811 - oc_logger - INFO - Function evaluation number: 183, SI: 2, Sub-iteration number: 46, FoM: 0.005736253197321073
17/06/2022 19:24:33.957 - oc_logger - INFO - Function evaluation number: 184, SI: 2, Sub-iteration number: 47, FoM: 0.0056657684199241665
17/06/2022 19:24:34.105 - oc_logger - INFO - Function evaluation number: 185, SI: 2, Sub-iteration number: 48, FoM: 0.005198437933679245
17/06/2022 19:24:34.254 - oc_logger - INFO - Function evaluation number: 186, SI: 2, Sub-iteration number: 49, FoM: 0.006077814264892734
17/06/2022 19:24:34.398 - oc_logger - INFO - Function evaluation number: 187, SI: 2, Sub-iteration number: 50, FoM: 0.005028414094955913
17/06/2022 19:24:34.548 - oc_logger - INFO - Function evaluation number: 188, SI: 2, Sub-iteration number: 51, FoM: 0.006008325205703602
17/06/2022 19:24:34.693 - oc_logger - INFO - Function evaluation number: 189, SI: 2, Sub-iteration number: 52, FoM: 0.005420119983889693
17/06/2022 19:24:34.838 - oc_logger - INFO - Function evaluation number: 190, SI: 2, Sub-iteration number: 53, FoM: 0.006602319180598282
17/06/2022 19:24:34.985 - oc_logger - INFO - Function evaluation number: 191, SI: 2, Sub-iteration number: 53, FoM: 0.005512444818360884
17/06/2022 19:24:35.128 - oc_logger - INFO - New record achieved. Previous FoM: 0.004894409727543847, new best FoM : 0.004547317718329391
17/06/2022 19:24:35.129 - oc_logger - INFO - Function evaluation number: 192, SI: 2, Sub-iteration number: 54, FoM: 0.004547317718329391
17/06/2022 19:24:35.275 - oc_logger - INFO - New record achieved. Previous FoM: 0.004547317718329391, new best FoM : 0.0044795447836417646
17/06/2022 19:24:35.275 - oc_logger - INFO - Function evaluation number: 193, SI: 2, Sub-iteration number: 54, FoM: 0.0044795447836417646
17/06/2022 19:24:35.430 - oc_logger - INFO - Function evaluation number: 194, SI: 2, Sub-iteration number: 55, FoM: 0.005030360551408264
17/06/2022 19:24:35.575 - oc_logger - INFO - Function evaluation number: 195, SI: 2, Sub-iteration number: 56, FoM: 0.005681501128504074
17/06/2022 19:24:35.726 - oc_logger - INFO - Function evaluation number: 196, SI: 2, Sub-iteration number: 56, FoM: 0.005271982141579201
17/06/2022 19:24:35.873 - oc_logger - INFO - New record achieved. Previous FoM: 0.0044795447836417646, new best FoM : 0.0044489864471685125
17/06/2022 19:24:35.874 - oc_logger - INFO - Function evaluation number: 197, SI: 2, Sub-iteration number: 57, FoM: 0.0044489864471685125
17/06/2022 19:24:36.023 - oc_logger - INFO - New record achieved. Previous FoM: 0.0044489864471685125, new best FoM : 0.0044217321373895
17/06/2022 19:24:36.023 - oc_logger - INFO - Function evaluation number: 198, SI: 2, Sub-iteration number: 57, FoM: 0.0044217321373895
17/06/2022 19:24:36.165 - oc_logger - INFO - Function evaluation number: 199, SI: 2, Sub-iteration number: 58, FoM: 0.004498131176124076
17/06/2022 19:24:36.309 - oc_logger - INFO - New record achieved. Previous FoM: 0.0044217321373895, new best FoM : 0.00407193276112805
17/06/2022 19:24:36.309 - oc_logger - INFO - Function evaluation number: 200, SI: 2, Sub-iteration number: 59, FoM: 0.00407193276112805
17/06/2022 19:24:36.455 - oc_logger - INFO - New record achieved. Previous FoM: 0.00407193276112805, new best FoM : 0.004000426393062528
17/06/2022 19:24:36.455 - oc_logger - INFO - Function evaluation number: 201, SI: 2, Sub-iteration number: 59, FoM: 0.004000426393062528
17/06/2022 19:24:36.457 - oc_logger - INFO - SI 2 finished - Number of evaluations: 100, Best FoM: 0.004000426393062528, Terminate reason: Exceeded number of allowed function evaluations per direct search.

17/06/2022 19:24:36.457 - oc_logger - INFO - Direct search start time has been reset.
17/06/2022 19:24:36.609 - oc_logger - INFO - Function evaluation number: 202, SI: 3, Sub-iteration number: 0, FoM: 0.004000426393062528
17/06/2022 19:24:36.755 - oc_logger - INFO - Function evaluation number: 203, SI: 3, Sub-iteration number: 0, FoM: 0.005037820165229578
17/06/2022 19:24:36.902 - oc_logger - INFO - Function evaluation number: 204, SI: 3, Sub-iteration number: 0, FoM: 0.004347635656569482
17/06/2022 19:24:37.049 - oc_logger - INFO - Function evaluation number: 205, SI: 3, Sub-iteration number: 0, FoM: 0.005879491245975421
17/06/2022 19:24:37.194 - oc_logger - INFO - New record achieved. Previous FoM: 0.004000426393062528, new best FoM : 0.00387920376908768
17/06/2022 19:24:37.194 - oc_logger - INFO - Function evaluation number: 206, SI: 3, Sub-iteration number: 0, FoM: 0.00387920376908768
17/06/2022 19:24:37.343 - oc_logger - INFO - Function evaluation number: 207, SI: 3, Sub-iteration number: 0, FoM: 0.008948552370040108
17/06/2022 19:24:37.491 - oc_logger - INFO - Function evaluation number: 208, SI: 3, Sub-iteration number: 0, FoM: 0.004929489424006173
17/06/2022 19:24:37.637 - oc_logger - INFO - Function evaluation number: 209, SI: 3, Sub-iteration number: 0, FoM: 0.004435980878444545
17/06/2022 19:24:37.781 - oc_logger - INFO - Function evaluation number: 210, SI: 3, Sub-iteration number: 0, FoM: 0.004553929511443289
17/06/2022 19:24:37.923 - oc_logger - INFO - Function evaluation number: 211, SI: 3, Sub-iteration number: 0, FoM: 0.007015179832973506
17/06/2022 19:24:38.071 - oc_logger - INFO - Function evaluation number: 212, SI: 3, Sub-iteration number: 1, FoM: 0.00857637889174434
17/06/2022 19:24:38.217 - oc_logger - INFO - Function evaluation number: 213, SI: 3, Sub-iteration number: 1, FoM: 0.0061305574196008905
17/06/2022 19:24:38.363 - oc_logger - INFO - Function evaluation number: 214, SI: 3, Sub-iteration number: 2, FoM: 0.006939237705277046
17/06/2022 19:24:38.512 - oc_logger - INFO - Function evaluation number: 215, SI: 3, Sub-iteration number: 2, FoM: 0.005379370415773632
17/06/2022 19:24:38.657 - oc_logger - INFO - Function evaluation number: 216, SI: 3, Sub-iteration number: 3, FoM: 0.005051978505516086
17/06/2022 19:24:38.797 - oc_logger - INFO - Function evaluation number: 217, SI: 3, Sub-iteration number: 4, FoM: 0.0082466035358576
17/06/2022 19:24:38.940 - oc_logger - INFO - Function evaluation number: 218, SI: 3, Sub-iteration number: 4, FoM: 0.004607369612934842
17/06/2022 19:24:39.079 - oc_logger - INFO - Function evaluation number: 219, SI: 3, Sub-iteration number: 5, FoM: 0.006328822019456837
17/06/2022 19:24:39.222 - oc_logger - INFO - Function evaluation number: 220, SI: 3, Sub-iteration number: 5, FoM: 0.004506968333259254
17/06/2022 19:24:39.366 - oc_logger - INFO - Function evaluation number: 221, SI: 3, Sub-iteration number: 6, FoM: 0.006256499388905157
17/06/2022 19:24:39.510 - oc_logger - INFO - Function evaluation number: 222, SI: 3, Sub-iteration number: 6, FoM: 0.004332591810904618
17/06/2022 19:24:39.645 - oc_logger - INFO - New record achieved. Previous FoM: 0.00387920376908768, new best FoM : 0.0032599797153872734
17/06/2022 19:24:39.645 - oc_logger - INFO - Function evaluation number: 223, SI: 3, Sub-iteration number: 7, FoM: 0.0032599797153872734
17/06/2022 19:24:39.786 - oc_logger - INFO - New record achieved. Previous FoM: 0.0032599797153872734, new best FoM : 0.003247515806585999
17/06/2022 19:24:39.786 - oc_logger - INFO - Function evaluation number: 224, SI: 3, Sub-iteration number: 7, FoM: 0.003247515806585999
17/06/2022 19:24:39.931 - oc_logger - INFO - Function evaluation number: 225, SI: 3, Sub-iteration number: 8, FoM: 0.004982985200840506
17/06/2022 19:24:40.077 - oc_logger - INFO - Function evaluation number: 226, SI: 3, Sub-iteration number: 8, FoM: 0.004266781791174568
17/06/2022 19:24:40.220 - oc_logger - INFO - Function evaluation number: 227, SI: 3, Sub-iteration number: 9, FoM: 0.005298001576732325
17/06/2022 19:24:40.368 - oc_logger - INFO - Function evaluation number: 228, SI: 3, Sub-iteration number: 9, FoM: 0.004057561789716835
17/06/2022 19:24:40.511 - oc_logger - INFO - Function evaluation number: 229, SI: 3, Sub-iteration number: 10, FoM: 0.004009659358461981
17/06/2022 19:24:40.649 - oc_logger - INFO - Function evaluation number: 230, SI: 3, Sub-iteration number: 11, FoM: 0.003713286982557018
17/06/2022 19:24:40.794 - oc_logger - INFO - Function evaluation number: 231, SI: 3, Sub-iteration number: 12, FoM: 0.004718371081725348
17/06/2022 19:24:40.934 - oc_logger - INFO - Function evaluation number: 232, SI: 3, Sub-iteration number: 12, FoM: 0.00394428383871348
17/06/2022 19:24:41.075 - oc_logger - INFO - Function evaluation number: 233, SI: 3, Sub-iteration number: 13, FoM: 0.004198889705746223
17/06/2022 19:24:41.215 - oc_logger - INFO - Function evaluation number: 234, SI: 3, Sub-iteration number: 14, FoM: 0.004638373237463189
17/06/2022 19:24:41.347 - oc_logger - INFO - Function evaluation number: 235, SI: 3, Sub-iteration number: 14, FoM: 0.0038844116299170395
17/06/2022 19:24:41.481 - oc_logger - INFO - Function evaluation number: 236, SI: 3, Sub-iteration number: 15, FoM: 0.0037538659492971638
17/06/2022 19:24:41.628 - oc_logger - INFO - Function evaluation number: 237, SI: 3, Sub-iteration number: 16, FoM: 0.0046750159132388225
17/06/2022 19:24:41.774 - oc_logger - INFO - Function evaluation number: 238, SI: 3, Sub-iteration number: 16, FoM: 0.003776633656284223
17/06/2022 19:24:41.918 - oc_logger - INFO - Function evaluation number: 239, SI: 3, Sub-iteration number: 17, FoM: 0.0036158678602343786
17/06/2022 19:24:42.062 - oc_logger - INFO - Function evaluation number: 240, SI: 3, Sub-iteration number: 18, FoM: 0.004281166380805335
17/06/2022 19:24:42.202 - oc_logger - INFO - Function evaluation number: 241, SI: 3, Sub-iteration number: 18, FoM: 0.0036829149516933724
17/06/2022 19:24:42.349 - oc_logger - INFO - New record achieved. Previous FoM: 0.003247515806585999, new best FoM : 0.003052886260858978
17/06/2022 19:24:42.350 - oc_logger - INFO - Function evaluation number: 242, SI: 3, Sub-iteration number: 19, FoM: 0.003052886260858978
17/06/2022 19:24:42.500 - oc_logger - INFO - New record achieved. Previous FoM: 0.003052886260858978, new best FoM : 0.003019942870072123
17/06/2022 19:24:42.500 - oc_logger - INFO - Function evaluation number: 243, SI: 3, Sub-iteration number: 19, FoM: 0.003019942870072123
17/06/2022 19:24:42.645 - oc_logger - INFO - Function evaluation number: 244, SI: 3, Sub-iteration number: 20, FoM: 0.003541640148736147
17/06/2022 19:24:42.785 - oc_logger - INFO - Function evaluation number: 245, SI: 3, Sub-iteration number: 21, FoM: 0.003268636542113512
17/06/2022 19:24:42.929 - oc_logger - INFO - Function evaluation number: 246, SI: 3, Sub-iteration number: 22, FoM: 0.0032005952756803957
17/06/2022 19:24:43.072 - oc_logger - INFO - Function evaluation number: 247, SI: 3, Sub-iteration number: 23, FoM: 0.003789527352505706
17/06/2022 19:24:43.211 - oc_logger - INFO - Function evaluation number: 248, SI: 3, Sub-iteration number: 23, FoM: 0.0034498043174993054
17/06/2022 19:24:43.357 - oc_logger - INFO - Function evaluation number: 249, SI: 3, Sub-iteration number: 24, FoM: 0.0030326788827491624
17/06/2022 19:24:43.507 - oc_logger - INFO - Function evaluation number: 250, SI: 3, Sub-iteration number: 25, FoM: 0.0044908954930378275
17/06/2022 19:24:43.652 - oc_logger - INFO - Function evaluation number: 251, SI: 3, Sub-iteration number: 25, FoM: 0.0033151934605459843
17/06/2022 19:24:43.793 - oc_logger - INFO - New record achieved. Previous FoM: 0.003019942870072123, new best FoM : 0.0025521663733761857
17/06/2022 19:24:43.794 - oc_logger - INFO - Function evaluation number: 252, SI: 3, Sub-iteration number: 26, FoM: 0.0025521663733761857
17/06/2022 19:24:43.930 - oc_logger - INFO - New record achieved. Previous FoM: 0.0025521663733761857, new best FoM : 0.002471824071637263
17/06/2022 19:24:43.931 - oc_logger - INFO - Function evaluation number: 253, SI: 3, Sub-iteration number: 26, FoM: 0.002471824071637263
17/06/2022 19:24:44.075 - oc_logger - INFO - Function evaluation number: 254, SI: 3, Sub-iteration number: 27, FoM: 0.0036334390611514333
17/06/2022 19:24:44.221 - oc_logger - INFO - Function evaluation number: 255, SI: 3, Sub-iteration number: 27, FoM: 0.0032718311842765413
17/06/2022 19:24:44.369 - oc_logger - INFO - Function evaluation number: 256, SI: 3, Sub-iteration number: 28, FoM: 0.0031386792752583492
17/06/2022 19:24:44.512 - oc_logger - INFO - Function evaluation number: 257, SI: 3, Sub-iteration number: 29, FoM: 0.00251290085478284
17/06/2022 19:24:44.658 - oc_logger - INFO - Function evaluation number: 258, SI: 3, Sub-iteration number: 30, FoM: 0.003074058837314042
17/06/2022 19:24:44.802 - oc_logger - INFO - Function evaluation number: 259, SI: 3, Sub-iteration number: 31, FoM: 0.002769918572394503
17/06/2022 19:24:44.946 - oc_logger - INFO - Function evaluation number: 260, SI: 3, Sub-iteration number: 32, FoM: 0.002560891249138164
17/06/2022 19:24:45.089 - oc_logger - INFO - New record achieved. Previous FoM: 0.002471824071637263, new best FoM : 0.00223951711767989
17/06/2022 19:24:45.089 - oc_logger - INFO - Function evaluation number: 261, SI: 3, Sub-iteration number: 33, FoM: 0.00223951711767989
17/06/2022 19:24:45.233 - oc_logger - INFO - New record achieved. Previous FoM: 0.00223951711767989, new best FoM : 0.002186750815530103
17/06/2022 19:24:45.233 - oc_logger - INFO - Function evaluation number: 262, SI: 3, Sub-iteration number: 33, FoM: 0.002186750815530103
17/06/2022 19:24:45.378 - oc_logger - INFO - Function evaluation number: 263, SI: 3, Sub-iteration number: 34, FoM: 0.0027559394575694673
17/06/2022 19:24:45.525 - oc_logger - INFO - Function evaluation number: 264, SI: 3, Sub-iteration number: 35, FoM: 0.002673630786889647
17/06/2022 19:24:45.667 - oc_logger - INFO - Function evaluation number: 265, SI: 3, Sub-iteration number: 36, FoM: 0.0029315391473113683
17/06/2022 19:24:45.810 - oc_logger - INFO - Function evaluation number: 266, SI: 3, Sub-iteration number: 37, FoM: 0.002700214071172824
17/06/2022 19:24:45.958 - oc_logger - INFO - New record achieved. Previous FoM: 0.002186750815530103, new best FoM : 0.001825223509331786
17/06/2022 19:24:45.958 - oc_logger - INFO - Function evaluation number: 267, SI: 3, Sub-iteration number: 38, FoM: 0.001825223509331786
17/06/2022 19:24:46.105 - oc_logger - INFO - New record achieved. Previous FoM: 0.001825223509331786, new best FoM : 0.0017209643270353903
17/06/2022 19:24:46.105 - oc_logger - INFO - Function evaluation number: 268, SI: 3, Sub-iteration number: 38, FoM: 0.0017209643270353903
17/06/2022 19:24:46.253 - oc_logger - INFO - Function evaluation number: 269, SI: 3, Sub-iteration number: 39, FoM: 0.002356440031685225
17/06/2022 19:24:46.397 - oc_logger - INFO - Function evaluation number: 270, SI: 3, Sub-iteration number: 40, FoM: 0.0022341701386880963
17/06/2022 19:24:46.542 - oc_logger - INFO - Function evaluation number: 271, SI: 3, Sub-iteration number: 41, FoM: 0.0031239698196972032
17/06/2022 19:24:46.682 - oc_logger - INFO - Function evaluation number: 272, SI: 3, Sub-iteration number: 41, FoM: 0.0024258356887738586
17/06/2022 19:24:46.818 - oc_logger - INFO - Function evaluation number: 273, SI: 3, Sub-iteration number: 42, FoM: 0.002747994419087685
17/06/2022 19:24:46.964 - oc_logger - INFO - Function evaluation number: 274, SI: 3, Sub-iteration number: 42, FoM: 0.0024263387987125684
17/06/2022 19:24:47.106 - oc_logger - INFO - Function evaluation number: 275, SI: 3, Sub-iteration number: 43, FoM: 0.002466119026626412
17/06/2022 19:24:47.245 - oc_logger - INFO - Function evaluation number: 276, SI: 3, Sub-iteration number: 44, FoM: 0.002009360638237645
17/06/2022 19:24:47.385 - oc_logger - INFO - Function evaluation number: 277, SI: 3, Sub-iteration number: 45, FoM: 0.002006259474039984
17/06/2022 19:24:47.528 - oc_logger - INFO - New record achieved. Previous FoM: 0.0017209643270353903, new best FoM : 0.001676473636644804
17/06/2022 19:24:47.528 - oc_logger - INFO - Function evaluation number: 278, SI: 3, Sub-iteration number: 46, FoM: 0.001676473636644804
17/06/2022 19:24:47.675 - oc_logger - INFO - New record achieved. Previous FoM: 0.001676473636644804, new best FoM : 0.0016172804788735506
17/06/2022 19:24:47.675 - oc_logger - INFO - Function evaluation number: 279, SI: 3, Sub-iteration number: 46, FoM: 0.0016172804788735506
17/06/2022 19:24:47.824 - oc_logger - INFO - Function evaluation number: 280, SI: 3, Sub-iteration number: 47, FoM: 0.0018409186962271562
17/06/2022 19:24:47.969 - oc_logger - INFO - Function evaluation number: 281, SI: 3, Sub-iteration number: 48, FoM: 0.00249451985527116
17/06/2022 19:24:48.115 - oc_logger - INFO - Function evaluation number: 282, SI: 3, Sub-iteration number: 48, FoM: 0.0021488221347051306
17/06/2022 19:24:48.263 - oc_logger - INFO - New record achieved. Previous FoM: 0.0016172804788735506, new best FoM : 0.0015330189980251596
17/06/2022 19:24:48.263 - oc_logger - INFO - Function evaluation number: 283, SI: 3, Sub-iteration number: 49, FoM: 0.0015330189980251596
17/06/2022 19:24:48.413 - oc_logger - INFO - New record achieved. Previous FoM: 0.0015330189980251596, new best FoM : 0.0014940364039036647
17/06/2022 19:24:48.413 - oc_logger - INFO - Function evaluation number: 284, SI: 3, Sub-iteration number: 49, FoM: 0.0014940364039036647
17/06/2022 19:24:48.564 - oc_logger - INFO - Function evaluation number: 285, SI: 3, Sub-iteration number: 50, FoM: 0.0023011919627706767
17/06/2022 19:24:48.707 - oc_logger - INFO - Function evaluation number: 286, SI: 3, Sub-iteration number: 50, FoM: 0.0020337418356788373
17/06/2022 19:24:48.852 - oc_logger - INFO - Function evaluation number: 287, SI: 3, Sub-iteration number: 51, FoM: 0.0014962731309231536
17/06/2022 19:24:48.996 - oc_logger - INFO - New record achieved. Previous FoM: 0.0014940364039036647, new best FoM : 0.001256276717406024
17/06/2022 19:24:48.997 - oc_logger - INFO - Function evaluation number: 288, SI: 3, Sub-iteration number: 52, FoM: 0.001256276717406024
17/06/2022 19:24:49.142 - oc_logger - INFO - New record achieved. Previous FoM: 0.001256276717406024, new best FoM : 0.001175426198043561
17/06/2022 19:24:49.142 - oc_logger - INFO - Function evaluation number: 289, SI: 3, Sub-iteration number: 52, FoM: 0.001175426198043561
17/06/2022 19:24:49.288 - oc_logger - INFO - Function evaluation number: 290, SI: 3, Sub-iteration number: 53, FoM: 0.001394293550687986
17/06/2022 19:24:49.436 - oc_logger - INFO - Function evaluation number: 291, SI: 3, Sub-iteration number: 54, FoM: 0.0016345066277352327
17/06/2022 19:24:49.574 - oc_logger - INFO - Function evaluation number: 292, SI: 3, Sub-iteration number: 55, FoM: 0.0011952009840241473
17/06/2022 19:24:49.725 - oc_logger - INFO - Function evaluation number: 293, SI: 3, Sub-iteration number: 56, FoM: 0.0014590847124640316
17/06/2022 19:24:49.863 - oc_logger - INFO - New record achieved. Previous FoM: 0.001175426198043561, new best FoM : 0.0009885586352907927
17/06/2022 19:24:49.863 - oc_logger - INFO - Function evaluation number: 294, SI: 3, Sub-iteration number: 57, FoM: 0.0009885586352907927
17/06/2022 19:24:50.007 - oc_logger - INFO - New record achieved. Previous FoM: 0.0009885586352907927, new best FoM : 0.0009386674131841577
17/06/2022 19:24:50.007 - oc_logger - INFO - Function evaluation number: 295, SI: 3, Sub-iteration number: 57, FoM: 0.0009386674131841577
17/06/2022 19:24:50.148 - oc_logger - INFO - Function evaluation number: 296, SI: 3, Sub-iteration number: 58, FoM: 0.0009696666956351407
17/06/2022 19:24:50.295 - oc_logger - INFO - Function evaluation number: 297, SI: 3, Sub-iteration number: 59, FoM: 0.0012273407023228877
17/06/2022 19:24:50.445 - oc_logger - INFO - Function evaluation number: 298, SI: 3, Sub-iteration number: 60, FoM: 0.0010081368702317128
17/06/2022 19:24:50.593 - oc_logger - INFO - New record achieved. Previous FoM: 0.0009386674131841577, new best FoM : 0.0007830495853740072
17/06/2022 19:24:50.593 - oc_logger - INFO - Function evaluation number: 299, SI: 3, Sub-iteration number: 61, FoM: 0.0007830495853740072
17/06/2022 19:24:50.738 - oc_logger - INFO - New record achieved. Previous FoM: 0.0007830495853740072, new best FoM : 0.0007431368246054726
17/06/2022 19:24:50.738 - oc_logger - INFO - Function evaluation number: 300, SI: 3, Sub-iteration number: 61, FoM: 0.0007431368246054726
17/06/2022 19:24:50.879 - oc_logger - INFO - New record achieved. Previous FoM: 0.0007431368246054726, new best FoM : 0.0006069827973156361
17/06/2022 19:24:50.880 - oc_logger - INFO - Function evaluation number: 301, SI: 3, Sub-iteration number: 62, FoM: 0.0006069827973156361
17/06/2022 19:24:51.023 - oc_logger - INFO - New record achieved. Previous FoM: 0.0006069827973156361, new best FoM : 0.0005466919189728303
17/06/2022 19:24:51.023 - oc_logger - INFO - Function evaluation number: 302, SI: 3, Sub-iteration number: 62, FoM: 0.0005466919189728303
17/06/2022 19:24:51.025 - oc_logger - INFO - SI 3 finished - Number of evaluations: 101, Best FoM: 0.0005466919189728303, Terminate reason: Exceeded number of allowed function evaluations per direct search.

17/06/2022 19:24:51.025 - oc_logger - INFO - Direct search start time has been reset.
17/06/2022 19:24:51.171 - oc_logger - INFO - Function evaluation number: 303, SI: 4, Sub-iteration number: 0, FoM: 0.0005466919189728303
17/06/2022 19:24:51.316 - oc_logger - INFO - Function evaluation number: 304, SI: 4, Sub-iteration number: 0, FoM: 0.0017776656624856058
17/06/2022 19:24:51.461 - oc_logger - INFO - Function evaluation number: 305, SI: 4, Sub-iteration number: 0, FoM: 0.004620057475421935
17/06/2022 19:24:51.623 - oc_logger - INFO - Function evaluation number: 306, SI: 4, Sub-iteration number: 0, FoM: 0.002533331201530209
17/06/2022 19:24:51.766 - oc_logger - INFO - Function evaluation number: 307, SI: 4, Sub-iteration number: 0, FoM: 0.004733581169887424
17/06/2022 19:24:51.907 - oc_logger - INFO - Function evaluation number: 308, SI: 4, Sub-iteration number: 0, FoM: 0.002687560033157066
17/06/2022 19:24:52.052 - oc_logger - INFO - Function evaluation number: 309, SI: 4, Sub-iteration number: 0, FoM: 0.0018292003884599062
17/06/2022 19:24:52.190 - oc_logger - INFO - Function evaluation number: 310, SI: 4, Sub-iteration number: 0, FoM: 0.0022972724119076915
17/06/2022 19:24:52.332 - oc_logger - INFO - Function evaluation number: 311, SI: 4, Sub-iteration number: 0, FoM: 0.0006942880697879961
17/06/2022 19:24:52.477 - oc_logger - INFO - New record achieved. Previous FoM: 0.0005466919189728303, new best FoM : 0.0003453397135424474
17/06/2022 19:24:52.477 - oc_logger - INFO - Function evaluation number: 312, SI: 4, Sub-iteration number: 0, FoM: 0.0003453397135424474
17/06/2022 19:24:52.622 - oc_logger - INFO - Function evaluation number: 313, SI: 4, Sub-iteration number: 1, FoM: 0.009442825422192658
17/06/2022 19:24:52.766 - oc_logger - INFO - Function evaluation number: 314, SI: 4, Sub-iteration number: 1, FoM: 0.0022553522112621627
17/06/2022 19:24:52.910 - oc_logger - INFO - Function evaluation number: 315, SI: 4, Sub-iteration number: 2, FoM: 0.0023164731257673266
17/06/2022 19:24:53.051 - oc_logger - INFO - Function evaluation number: 316, SI: 4, Sub-iteration number: 3, FoM: 0.0038376797112648076
17/06/2022 19:24:53.194 - oc_logger - INFO - Function evaluation number: 317, SI: 4, Sub-iteration number: 3, FoM: 0.0014692883033718962
17/06/2022 19:24:53.341 - oc_logger - INFO - Function evaluation number: 318, SI: 4, Sub-iteration number: 4, FoM: 0.0023496307453060306
17/06/2022 19:24:53.485 - oc_logger - INFO - Function evaluation number: 319, SI: 4, Sub-iteration number: 4, FoM: 0.0013745390834781768
17/06/2022 19:24:53.622 - oc_logger - INFO - Function evaluation number: 320, SI: 4, Sub-iteration number: 5, FoM: 0.00286807410221801
17/06/2022 19:24:53.767 - oc_logger - INFO - Function evaluation number: 321, SI: 4, Sub-iteration number: 5, FoM: 0.0013203892917375004
17/06/2022 19:24:53.904 - oc_logger - INFO - Function evaluation number: 322, SI: 4, Sub-iteration number: 6, FoM: 0.002684167456548092
17/06/2022 19:24:54.049 - oc_logger - INFO - Function evaluation number: 323, SI: 4, Sub-iteration number: 6, FoM: 0.0013258326343149607
17/06/2022 19:24:54.179 - oc_logger - INFO - Function evaluation number: 324, SI: 4, Sub-iteration number: 7, FoM: 0.0035701249371480337
17/06/2022 19:24:54.317 - oc_logger - INFO - Function evaluation number: 325, SI: 4, Sub-iteration number: 7, FoM: 0.0012328174468904107
17/06/2022 19:24:54.467 - oc_logger - INFO - Function evaluation number: 326, SI: 4, Sub-iteration number: 8, FoM: 0.0017452751888619167
17/06/2022 19:24:54.615 - oc_logger - INFO - Function evaluation number: 327, SI: 4, Sub-iteration number: 9, FoM: 0.0029705331595692996
17/06/2022 19:24:54.762 - oc_logger - INFO - Function evaluation number: 328, SI: 4, Sub-iteration number: 9, FoM: 0.0010110705401014108
17/06/2022 19:24:54.905 - oc_logger - INFO - Function evaluation number: 329, SI: 4, Sub-iteration number: 10, FoM: 0.0017084642979102727
17/06/2022 19:24:55.050 - oc_logger - INFO - Function evaluation number: 330, SI: 4, Sub-iteration number: 10, FoM: 0.0010705146268082943
17/06/2022 19:24:55.185 - oc_logger - INFO - Function evaluation number: 331, SI: 4, Sub-iteration number: 11, FoM: 0.0022707053851506176
17/06/2022 19:24:55.313 - oc_logger - INFO - Function evaluation number: 332, SI: 4, Sub-iteration number: 11, FoM: 0.0008936978550571073
17/06/2022 19:24:55.450 - oc_logger - INFO - Function evaluation number: 333, SI: 4, Sub-iteration number: 12, FoM: 0.0013992263492971224
17/06/2022 19:24:55.597 - oc_logger - INFO - Function evaluation number: 334, SI: 4, Sub-iteration number: 12, FoM: 0.0009148142389865388
17/06/2022 19:24:55.742 - oc_logger - INFO - Function evaluation number: 335, SI: 4, Sub-iteration number: 13, FoM: 0.001581747780987186
17/06/2022 19:24:55.888 - oc_logger - INFO - Function evaluation number: 336, SI: 4, Sub-iteration number: 13, FoM: 0.0008698209506066146
17/06/2022 19:24:56.039 - oc_logger - INFO - Function evaluation number: 337, SI: 4, Sub-iteration number: 14, FoM: 0.001405187164295274
17/06/2022 19:24:56.181 - oc_logger - INFO - Function evaluation number: 338, SI: 4, Sub-iteration number: 14, FoM: 0.0008801702117828825
17/06/2022 19:24:56.325 - oc_logger - INFO - Function evaluation number: 339, SI: 4, Sub-iteration number: 15, FoM: 0.0018172710884132304
17/06/2022 19:24:56.468 - oc_logger - INFO - Function evaluation number: 340, SI: 4, Sub-iteration number: 15, FoM: 0.0007976932426798644
17/06/2022 19:24:56.617 - oc_logger - INFO - Function evaluation number: 341, SI: 4, Sub-iteration number: 16, FoM: 0.000962080588635339
17/06/2022 19:24:56.746 - oc_logger - INFO - Function evaluation number: 342, SI: 4, Sub-iteration number: 17, FoM: 0.0014193258893600014
17/06/2022 19:24:56.890 - oc_logger - INFO - Function evaluation number: 343, SI: 4, Sub-iteration number: 17, FoM: 0.0007015465302467883
17/06/2022 19:24:57.038 - oc_logger - INFO - Function evaluation number: 344, SI: 4, Sub-iteration number: 18, FoM: 0.0010305085992571295
17/06/2022 19:24:57.183 - oc_logger - INFO - Function evaluation number: 345, SI: 4, Sub-iteration number: 18, FoM: 0.0007074729665719204
17/06/2022 19:24:57.330 - oc_logger - INFO - Function evaluation number: 346, SI: 4, Sub-iteration number: 19, FoM: 0.0010348554354943085
17/06/2022 19:24:57.472 - oc_logger - INFO - Function evaluation number: 347, SI: 4, Sub-iteration number: 19, FoM: 0.0006795282268136082
17/06/2022 19:24:57.619 - oc_logger - INFO - Function evaluation number: 348, SI: 4, Sub-iteration number: 20, FoM: 0.0008892047449471363
17/06/2022 19:24:57.760 - oc_logger - INFO - Function evaluation number: 349, SI: 4, Sub-iteration number: 20, FoM: 0.0006751138849949712
17/06/2022 19:24:57.902 - oc_logger - INFO - Function evaluation number: 350, SI: 4, Sub-iteration number: 21, FoM: 0.0008924073038979463
17/06/2022 19:24:58.049 - oc_logger - INFO - Function evaluation number: 351, SI: 4, Sub-iteration number: 21, FoM: 0.0006695400645948535
17/06/2022 19:24:58.193 - oc_logger - INFO - Function evaluation number: 352, SI: 4, Sub-iteration number: 22, FoM: 0.000946509366055448
17/06/2022 19:24:58.342 - oc_logger - INFO - Function evaluation number: 353, SI: 4, Sub-iteration number: 22, FoM: 0.0006585325318045898
17/06/2022 19:24:58.493 - oc_logger - INFO - Function evaluation number: 354, SI: 4, Sub-iteration number: 23, FoM: 0.000990298622123742
17/06/2022 19:24:58.638 - oc_logger - INFO - Function evaluation number: 355, SI: 4, Sub-iteration number: 23, FoM: 0.0006146226342462757
17/06/2022 19:24:58.778 - oc_logger - INFO - Function evaluation number: 356, SI: 4, Sub-iteration number: 24, FoM: 0.0010155260372102237
17/06/2022 19:24:58.924 - oc_logger - INFO - Function evaluation number: 357, SI: 4, Sub-iteration number: 24, FoM: 0.0005618444563871838
17/06/2022 19:24:59.070 - oc_logger - INFO - Function evaluation number: 358, SI: 4, Sub-iteration number: 25, FoM: 0.0007755198820763587
17/06/2022 19:24:59.213 - oc_logger - INFO - Function evaluation number: 359, SI: 4, Sub-iteration number: 25, FoM: 0.0005797161546347018
17/06/2022 19:24:59.362 - oc_logger - INFO - Function evaluation number: 360, SI: 4, Sub-iteration number: 26, FoM: 0.0006270506258713171
17/06/2022 19:24:59.504 - oc_logger - INFO - Function evaluation number: 361, SI: 4, Sub-iteration number: 27, FoM: 0.000496649313587727
17/06/2022 19:24:59.651 - oc_logger - INFO - Function evaluation number: 362, SI: 4, Sub-iteration number: 28, FoM: 0.0007109365361828157
17/06/2022 19:24:59.793 - oc_logger - INFO - Function evaluation number: 363, SI: 4, Sub-iteration number: 28, FoM: 0.0005566560463591275
17/06/2022 19:24:59.939 - oc_logger - INFO - Function evaluation number: 364, SI: 4, Sub-iteration number: 29, FoM: 0.0005728787203664876
17/06/2022 19:25:00.090 - oc_logger - INFO - Function evaluation number: 365, SI: 4, Sub-iteration number: 30, FoM: 0.0006447323631887381
17/06/2022 19:25:00.235 - oc_logger - INFO - Function evaluation number: 366, SI: 4, Sub-iteration number: 30, FoM: 0.0005382819435419961
17/06/2022 19:25:00.380 - oc_logger - INFO - Function evaluation number: 367, SI: 4, Sub-iteration number: 31, FoM: 0.0007959348022803514
17/06/2022 19:25:00.518 - oc_logger - INFO - Function evaluation number: 368, SI: 4, Sub-iteration number: 31, FoM: 0.0005163945075628007
17/06/2022 19:25:00.652 - oc_logger - INFO - Function evaluation number: 369, SI: 4, Sub-iteration number: 32, FoM: 0.0004692889339441564
17/06/2022 19:25:00.794 - oc_logger - INFO - Function evaluation number: 370, SI: 4, Sub-iteration number: 33, FoM: 0.0004696478053420883
17/06/2022 19:25:00.937 - oc_logger - INFO - Function evaluation number: 371, SI: 4, Sub-iteration number: 34, FoM: 0.0006837637785510609
17/06/2022 19:25:01.083 - oc_logger - INFO - Function evaluation number: 372, SI: 4, Sub-iteration number: 34, FoM: 0.00048276825210413765
17/06/2022 19:25:01.220 - oc_logger - INFO - Function evaluation number: 373, SI: 4, Sub-iteration number: 35, FoM: 0.0004135249464893853
17/06/2022 19:25:01.359 - oc_logger - INFO - Function evaluation number: 374, SI: 4, Sub-iteration number: 36, FoM: 0.0004951640785627598
17/06/2022 19:25:01.504 - oc_logger - INFO - New record achieved. Previous FoM: 0.0003453397135424474, new best FoM : 0.0003344829648832537
17/06/2022 19:25:01.504 - oc_logger - INFO - Function evaluation number: 375, SI: 4, Sub-iteration number: 37, FoM: 0.0003344829648832537
17/06/2022 19:25:01.644 - oc_logger - INFO - Function evaluation number: 376, SI: 4, Sub-iteration number: 37, FoM: 0.0003376519094776542
17/06/2022 19:25:01.790 - oc_logger - INFO - Function evaluation number: 377, SI: 4, Sub-iteration number: 38, FoM: 0.0003552649563640653
17/06/2022 19:25:01.936 - oc_logger - INFO - Function evaluation number: 378, SI: 4, Sub-iteration number: 39, FoM: 0.00046566935749248195
17/06/2022 19:25:02.082 - oc_logger - INFO - New record achieved. Previous FoM: 0.0003344829648832537, new best FoM : 0.0002601666265749092
17/06/2022 19:25:02.082 - oc_logger - INFO - Function evaluation number: 379, SI: 4, Sub-iteration number: 40, FoM: 0.0002601666265749092
17/06/2022 19:25:02.228 - oc_logger - INFO - New record achieved. Previous FoM: 0.0002601666265749092, new best FoM : 0.0002524326341697414
17/06/2022 19:25:02.228 - oc_logger - INFO - Function evaluation number: 380, SI: 4, Sub-iteration number: 40, FoM: 0.0002524326341697414
17/06/2022 19:25:02.371 - oc_logger - INFO - Function evaluation number: 381, SI: 4, Sub-iteration number: 41, FoM: 0.0004216063497379796
17/06/2022 19:25:02.509 - oc_logger - INFO - Function evaluation number: 382, SI: 4, Sub-iteration number: 42, FoM: 0.00027152333301816434
17/06/2022 19:25:02.653 - oc_logger - INFO - Function evaluation number: 383, SI: 4, Sub-iteration number: 43, FoM: 0.00045600088739383704
17/06/2022 19:25:02.795 - oc_logger - INFO - New record achieved. Previous FoM: 0.0002524326341697414, new best FoM : 0.00020137243845985697
17/06/2022 19:25:02.795 - oc_logger - INFO - Function evaluation number: 384, SI: 4, Sub-iteration number: 44, FoM: 0.00020137243845985697
17/06/2022 19:25:02.941 - oc_logger - INFO - New record achieved. Previous FoM: 0.00020137243845985697, new best FoM : 0.0001973270048486464
17/06/2022 19:25:02.941 - oc_logger - INFO - Function evaluation number: 385, SI: 4, Sub-iteration number: 44, FoM: 0.0001973270048486464
17/06/2022 19:25:03.078 - oc_logger - INFO - Function evaluation number: 386, SI: 4, Sub-iteration number: 45, FoM: 0.00047197110169616696
17/06/2022 19:25:03.225 - oc_logger - INFO - Function evaluation number: 387, SI: 4, Sub-iteration number: 45, FoM: 0.00036162572416531535
17/06/2022 19:25:03.366 - oc_logger - INFO - Function evaluation number: 388, SI: 4, Sub-iteration number: 46, FoM: 0.000507851473868115
17/06/2022 19:25:03.511 - oc_logger - INFO - Function evaluation number: 389, SI: 4, Sub-iteration number: 46, FoM: 0.0003525647942401733
17/06/2022 19:25:03.655 - oc_logger - INFO - Function evaluation number: 390, SI: 4, Sub-iteration number: 47, FoM: 0.0003197769587870436
17/06/2022 19:25:03.795 - oc_logger - INFO - Function evaluation number: 391, SI: 4, Sub-iteration number: 48, FoM: 0.0002509682094964383
17/06/2022 19:25:03.944 - oc_logger - INFO - Function evaluation number: 392, SI: 4, Sub-iteration number: 49, FoM: 0.0003432810183455759
17/06/2022 19:25:04.085 - oc_logger - INFO - Function evaluation number: 393, SI: 4, Sub-iteration number: 50, FoM: 0.0003873943332698415
17/06/2022 19:25:04.225 - oc_logger - INFO - Function evaluation number: 394, SI: 4, Sub-iteration number: 50, FoM: 0.0002914772810419519
17/06/2022 19:25:04.362 - oc_logger - INFO - Function evaluation number: 395, SI: 4, Sub-iteration number: 51, FoM: 0.0006503401618218607
17/06/2022 19:25:04.506 - oc_logger - INFO - Function evaluation number: 396, SI: 4, Sub-iteration number: 51, FoM: 0.00026785179203026033
17/06/2022 19:25:04.652 - oc_logger - INFO - New record achieved. Previous FoM: 0.0001973270048486464, new best FoM : 0.00014487649454308915
17/06/2022 19:25:04.652 - oc_logger - INFO - Function evaluation number: 397, SI: 4, Sub-iteration number: 52, FoM: 0.00014487649454308915
17/06/2022 19:25:04.800 - oc_logger - INFO - New record achieved. Previous FoM: 0.00014487649454308915, new best FoM : 0.00012944787612012565
17/06/2022 19:25:04.800 - oc_logger - INFO - Function evaluation number: 398, SI: 4, Sub-iteration number: 52, FoM: 0.00012944787612012565
17/06/2022 19:25:04.942 - oc_logger - INFO - Function evaluation number: 399, SI: 4, Sub-iteration number: 53, FoM: 0.0003033575049105064
17/06/2022 19:25:05.083 - oc_logger - INFO - Function evaluation number: 400, SI: 4, Sub-iteration number: 54, FoM: 0.00020414348778652336
17/06/2022 19:25:05.084 - oc_logger - INFO - Setting is_running state: False
17/06/2022 19:25:05.084 - oc_logger - INFO - SI 4 finished - Number of evaluations: 99, Best FoM: 0.00012944787612012565, Terminate reason: Optimization time for direct search exceeded limit.

17/06/2022 19:25:05.084 - oc_logger - INFO - Figure of merit : 0.00012944787612012565
17/06/2022 19:25:05.084 - oc_logger - INFO - Std : 0.0
17/06/2022 19:25:05.084 - oc_logger - INFO - total number of function evaluations : 400
17/06/2022 19:25:05.085 - oc_logger - INFO - dcrab_freq_list : [array([[0.11063836, 0.58341334, 1.09381978, 1.20786091]]), array([[0.32284678, 0.62616001, 0.84541303, 1.42339155]]), array([[0.29487237, 0.79489323, 0.94691082, 1.56557235]]), array([[0.20664364, 0.47498473, 0.95041432, 1.58094177]])]
17/06/2022 19:25:05.085 - oc_logger - INFO - dcrab_para_list : [array([-0.42575571, -0.21209388,  1.31572334,  1.54801703,  1.29942318,
       -3.62375086, -0.06565946, -2.12346886,  0.36820961]), array([ 0.20273885,  0.75298964,  0.31449192, -0.03285688,  0.05288522,
       -0.71478694,  0.05206394, -0.20226775,  0.37053653]), array([ 0.19171785,  0.34448875, -0.19156476,  0.47087511,  0.34459102,
        0.58409079,  0.88929939,  0.26543591,  0.37607597]), array([-0.24528263,  0.16702527, -0.02868639, -0.13592692,  0.04000963,
        0.01470399,  0.18150377, -0.31445638,  0.37818173])]
17/06/2022 19:25:05.085 - oc_logger - INFO - terminate_reason : Optimization time for direct search exceeded limit.
17/06/2022 19:25:05.085 - oc_logger - INFO - Termination Reason : Maximum number of total function evaluations reached
