06/05/2022 11:20:49.052 - oc_logger - INFO - The optimization direction is minimization
06/05/2022 11:20:49.058 - oc_logger - INFO - QuOCS version number: 0.0.22
06/05/2022 11:20:49.058 - oc_logger - INFO - Direct search start time has been reset.
06/05/2022 11:20:49.402 - oc_logger - INFO - New record achieved. Previous FoM: 10000000000.0, new best FoM : 0.018603234256322376
06/05/2022 11:20:49.403 - oc_logger - INFO - Function evaluation number: 1, SI: 1, Sub-iteration number: 0, FoM: 0.018603234256322376
06/05/2022 11:20:49.776 - oc_logger - INFO - Function evaluation number: 2, SI: 1, Sub-iteration number: 0, FoM: 0.01864504390097599
06/05/2022 11:20:50.428 - oc_logger - INFO - Function evaluation number: 3, SI: 1, Sub-iteration number: 0, FoM: 0.01864234143613941
06/05/2022 11:20:50.970 - oc_logger - INFO - Function evaluation number: 4, SI: 1, Sub-iteration number: 0, FoM: 0.01866300063066373
06/05/2022 11:20:51.486 - oc_logger - INFO - Function evaluation number: 5, SI: 1, Sub-iteration number: 0, FoM: 0.018710804237661582
06/05/2022 11:20:51.991 - oc_logger - INFO - Function evaluation number: 6, SI: 1, Sub-iteration number: 0, FoM: 0.018662805004679095
06/05/2022 11:20:52.445 - oc_logger - INFO - Function evaluation number: 7, SI: 1, Sub-iteration number: 0, FoM: 0.01866344833936595
06/05/2022 11:20:52.893 - oc_logger - INFO - New record achieved. Previous FoM: 0.018603234256322376, new best FoM : 0.018519162321176563
06/05/2022 11:20:52.893 - oc_logger - INFO - Function evaluation number: 8, SI: 1, Sub-iteration number: 0, FoM: 0.018519162321176563
06/05/2022 11:20:53.362 - oc_logger - INFO - Function evaluation number: 9, SI: 1, Sub-iteration number: 0, FoM: 0.018672658557566613
06/05/2022 11:20:53.833 - oc_logger - INFO - Function evaluation number: 10, SI: 1, Sub-iteration number: 1, FoM: 0.018557240385243867
06/05/2022 11:20:54.277 - oc_logger - INFO - Function evaluation number: 11, SI: 1, Sub-iteration number: 2, FoM: 0.018566427069565905
06/05/2022 11:20:54.694 - oc_logger - INFO - Function evaluation number: 12, SI: 1, Sub-iteration number: 3, FoM: 0.018551396242193374
06/05/2022 11:20:55.162 - oc_logger - INFO - Function evaluation number: 13, SI: 1, Sub-iteration number: 4, FoM: 0.018523977116833956
06/05/2022 11:20:55.622 - oc_logger - INFO - New record achieved. Previous FoM: 0.018519162321176563, new best FoM : 0.01848956659003209
06/05/2022 11:20:55.622 - oc_logger - INFO - Function evaluation number: 14, SI: 1, Sub-iteration number: 5, FoM: 0.01848956659003209
06/05/2022 11:20:56.081 - oc_logger - INFO - New record achieved. Previous FoM: 0.01848956659003209, new best FoM : 0.018467971113883652
06/05/2022 11:20:56.081 - oc_logger - INFO - Function evaluation number: 15, SI: 1, Sub-iteration number: 5, FoM: 0.018467971113883652
06/05/2022 11:20:56.550 - oc_logger - INFO - New record achieved. Previous FoM: 0.018467971113883652, new best FoM : 0.018463063720568607
06/05/2022 11:20:56.550 - oc_logger - INFO - Function evaluation number: 16, SI: 1, Sub-iteration number: 6, FoM: 0.018463063720568607
06/05/2022 11:20:56.995 - oc_logger - INFO - New record achieved. Previous FoM: 0.018463063720568607, new best FoM : 0.018440379923756023
06/05/2022 11:20:56.995 - oc_logger - INFO - Function evaluation number: 17, SI: 1, Sub-iteration number: 6, FoM: 0.018440379923756023
06/05/2022 11:20:57.456 - oc_logger - INFO - New record achieved. Previous FoM: 0.018440379923756023, new best FoM : 0.018415416024688103
06/05/2022 11:20:57.456 - oc_logger - INFO - Function evaluation number: 18, SI: 1, Sub-iteration number: 7, FoM: 0.018415416024688103
06/05/2022 11:20:57.930 - oc_logger - INFO - New record achieved. Previous FoM: 0.018415416024688103, new best FoM : 0.018387153145172808
06/05/2022 11:20:57.930 - oc_logger - INFO - Function evaluation number: 19, SI: 1, Sub-iteration number: 7, FoM: 0.018387153145172808
06/05/2022 11:20:58.394 - oc_logger - INFO - Function evaluation number: 20, SI: 1, Sub-iteration number: 8, FoM: 0.018400398852940092
06/05/2022 11:20:58.815 - oc_logger - INFO - Function evaluation number: 21, SI: 1, Sub-iteration number: 9, FoM: 0.018395620024295734
06/05/2022 11:20:59.236 - oc_logger - INFO - New record achieved. Previous FoM: 0.018387153145172808, new best FoM : 0.01836441660097221
06/05/2022 11:20:59.236 - oc_logger - INFO - Function evaluation number: 22, SI: 1, Sub-iteration number: 10, FoM: 0.01836441660097221
06/05/2022 11:20:59.660 - oc_logger - INFO - New record achieved. Previous FoM: 0.01836441660097221, new best FoM : 0.018340379659485984
06/05/2022 11:20:59.660 - oc_logger - INFO - Function evaluation number: 23, SI: 1, Sub-iteration number: 10, FoM: 0.018340379659485984
06/05/2022 11:21:00.091 - oc_logger - INFO - New record achieved. Previous FoM: 0.018340379659485984, new best FoM : 0.01831766013688818
06/05/2022 11:21:00.091 - oc_logger - INFO - Function evaluation number: 24, SI: 1, Sub-iteration number: 11, FoM: 0.01831766013688818
06/05/2022 11:21:00.521 - oc_logger - INFO - New record achieved. Previous FoM: 0.01831766013688818, new best FoM : 0.01828855172234367
06/05/2022 11:21:00.521 - oc_logger - INFO - Function evaluation number: 25, SI: 1, Sub-iteration number: 11, FoM: 0.01828855172234367
06/05/2022 11:21:00.944 - oc_logger - INFO - New record achieved. Previous FoM: 0.01828855172234367, new best FoM : 0.018286225626383712
06/05/2022 11:21:00.944 - oc_logger - INFO - Function evaluation number: 26, SI: 1, Sub-iteration number: 12, FoM: 0.018286225626383712
06/05/2022 11:21:01.359 - oc_logger - INFO - New record achieved. Previous FoM: 0.018286225626383712, new best FoM : 0.018256622082922225
06/05/2022 11:21:01.359 - oc_logger - INFO - Function evaluation number: 27, SI: 1, Sub-iteration number: 12, FoM: 0.018256622082922225
06/05/2022 11:21:01.741 - oc_logger - INFO - New record achieved. Previous FoM: 0.018256622082922225, new best FoM : 0.01822564793120618
06/05/2022 11:21:01.741 - oc_logger - INFO - Function evaluation number: 28, SI: 1, Sub-iteration number: 13, FoM: 0.01822564793120618
06/05/2022 11:21:02.086 - oc_logger - INFO - New record achieved. Previous FoM: 0.01822564793120618, new best FoM : 0.018189141896755467
06/05/2022 11:21:02.087 - oc_logger - INFO - Function evaluation number: 29, SI: 1, Sub-iteration number: 13, FoM: 0.018189141896755467
06/05/2022 11:21:02.461 - oc_logger - INFO - Function evaluation number: 30, SI: 1, Sub-iteration number: 14, FoM: 0.018206932804477383
06/05/2022 11:21:02.802 - oc_logger - INFO - New record achieved. Previous FoM: 0.018189141896755467, new best FoM : 0.018176166367372737
06/05/2022 11:21:02.802 - oc_logger - INFO - Function evaluation number: 31, SI: 1, Sub-iteration number: 15, FoM: 0.018176166367372737
06/05/2022 11:21:03.126 - oc_logger - INFO - New record achieved. Previous FoM: 0.018176166367372737, new best FoM : 0.018143283914139885
06/05/2022 11:21:03.126 - oc_logger - INFO - Function evaluation number: 32, SI: 1, Sub-iteration number: 15, FoM: 0.018143283914139885
06/05/2022 11:21:03.589 - oc_logger - INFO - Function evaluation number: 33, SI: 1, Sub-iteration number: 16, FoM: 0.018151771546324302
06/05/2022 11:21:04.031 - oc_logger - INFO - New record achieved. Previous FoM: 0.018143283914139885, new best FoM : 0.01809581104975755
06/05/2022 11:21:04.031 - oc_logger - INFO - Function evaluation number: 34, SI: 1, Sub-iteration number: 17, FoM: 0.01809581104975755
06/05/2022 11:21:04.451 - oc_logger - INFO - New record achieved. Previous FoM: 0.01809581104975755, new best FoM : 0.018058519055062283
06/05/2022 11:21:04.451 - oc_logger - INFO - Function evaluation number: 35, SI: 1, Sub-iteration number: 17, FoM: 0.018058519055062283
06/05/2022 11:21:04.870 - oc_logger - INFO - New record achieved. Previous FoM: 0.018058519055062283, new best FoM : 0.018022346324256033
06/05/2022 11:21:04.870 - oc_logger - INFO - Function evaluation number: 36, SI: 1, Sub-iteration number: 18, FoM: 0.018022346324256033
06/05/2022 11:21:05.294 - oc_logger - INFO - New record achieved. Previous FoM: 0.018022346324256033, new best FoM : 0.017976997294989472
06/05/2022 11:21:05.294 - oc_logger - INFO - Function evaluation number: 37, SI: 1, Sub-iteration number: 18, FoM: 0.017976997294989472
06/05/2022 11:21:05.762 - oc_logger - INFO - Function evaluation number: 38, SI: 1, Sub-iteration number: 19, FoM: 0.017978360430289886
06/05/2022 11:21:06.251 - oc_logger - INFO - New record achieved. Previous FoM: 0.017976997294989472, new best FoM : 0.017952479643175034
06/05/2022 11:21:06.251 - oc_logger - INFO - Function evaluation number: 39, SI: 1, Sub-iteration number: 20, FoM: 0.017952479643175034
06/05/2022 11:21:06.735 - oc_logger - INFO - New record achieved. Previous FoM: 0.017952479643175034, new best FoM : 0.01791071777912745
06/05/2022 11:21:06.735 - oc_logger - INFO - Function evaluation number: 40, SI: 1, Sub-iteration number: 20, FoM: 0.01791071777912745
06/05/2022 11:21:07.148 - oc_logger - INFO - New record achieved. Previous FoM: 0.01791071777912745, new best FoM : 0.017898004264167433
06/05/2022 11:21:07.148 - oc_logger - INFO - Function evaluation number: 41, SI: 1, Sub-iteration number: 21, FoM: 0.017898004264167433
06/05/2022 11:21:07.578 - oc_logger - INFO - New record achieved. Previous FoM: 0.017898004264167433, new best FoM : 0.01785345604119115
06/05/2022 11:21:07.578 - oc_logger - INFO - Function evaluation number: 42, SI: 1, Sub-iteration number: 21, FoM: 0.01785345604119115
06/05/2022 11:21:08.012 - oc_logger - INFO - Function evaluation number: 43, SI: 1, Sub-iteration number: 22, FoM: 0.017859192259153778
06/05/2022 11:21:08.465 - oc_logger - INFO - New record achieved. Previous FoM: 0.01785345604119115, new best FoM : 0.017794673918743675
06/05/2022 11:21:08.465 - oc_logger - INFO - Function evaluation number: 44, SI: 1, Sub-iteration number: 23, FoM: 0.017794673918743675
06/05/2022 11:21:08.879 - oc_logger - INFO - New record achieved. Previous FoM: 0.017794673918743675, new best FoM : 0.01774567167222474
06/05/2022 11:21:08.879 - oc_logger - INFO - Function evaluation number: 45, SI: 1, Sub-iteration number: 23, FoM: 0.01774567167222474
06/05/2022 11:21:09.299 - oc_logger - INFO - New record achieved. Previous FoM: 0.01774567167222474, new best FoM : 0.017730744640423568
06/05/2022 11:21:09.299 - oc_logger - INFO - Function evaluation number: 46, SI: 1, Sub-iteration number: 24, FoM: 0.017730744640423568
06/05/2022 11:21:09.721 - oc_logger - INFO - New record achieved. Previous FoM: 0.017730744640423568, new best FoM : 0.017678496795936693
06/05/2022 11:21:09.721 - oc_logger - INFO - Function evaluation number: 47, SI: 1, Sub-iteration number: 24, FoM: 0.017678496795936693
06/05/2022 11:21:10.036 - oc_logger - INFO - New record achieved. Previous FoM: 0.017678496795936693, new best FoM : 0.017623710028076278
06/05/2022 11:21:10.036 - oc_logger - INFO - Function evaluation number: 48, SI: 1, Sub-iteration number: 25, FoM: 0.017623710028076278
06/05/2022 11:21:10.289 - oc_logger - INFO - New record achieved. Previous FoM: 0.017623710028076278, new best FoM : 0.017559335812611487
06/05/2022 11:21:10.289 - oc_logger - INFO - Function evaluation number: 49, SI: 1, Sub-iteration number: 25, FoM: 0.017559335812611487
06/05/2022 11:21:10.582 - oc_logger - INFO - Function evaluation number: 50, SI: 1, Sub-iteration number: 26, FoM: 0.01758325442238262
06/05/2022 11:21:10.908 - oc_logger - INFO - Function evaluation number: 51, SI: 1, Sub-iteration number: 27, FoM: 0.017564074210105085
06/05/2022 11:21:11.281 - oc_logger - INFO - New record achieved. Previous FoM: 0.017559335812611487, new best FoM : 0.017463135088864767
06/05/2022 11:21:11.281 - oc_logger - INFO - Function evaluation number: 52, SI: 1, Sub-iteration number: 28, FoM: 0.017463135088864767
06/05/2022 11:21:11.727 - oc_logger - INFO - New record achieved. Previous FoM: 0.017463135088864767, new best FoM : 0.017399492235846026
06/05/2022 11:21:11.728 - oc_logger - INFO - Function evaluation number: 53, SI: 1, Sub-iteration number: 28, FoM: 0.017399492235846026
06/05/2022 11:21:12.023 - oc_logger - INFO - Function evaluation number: 54, SI: 1, Sub-iteration number: 29, FoM: 0.017401314687857883
06/05/2022 11:21:12.431 - oc_logger - INFO - New record achieved. Previous FoM: 0.017399492235846026, new best FoM : 0.01733854047791039
06/05/2022 11:21:12.431 - oc_logger - INFO - Function evaluation number: 55, SI: 1, Sub-iteration number: 30, FoM: 0.01733854047791039
06/05/2022 11:21:12.812 - oc_logger - INFO - New record achieved. Previous FoM: 0.01733854047791039, new best FoM : 0.017274050616996828
06/05/2022 11:21:12.813 - oc_logger - INFO - Function evaluation number: 56, SI: 1, Sub-iteration number: 30, FoM: 0.017274050616996828
06/05/2022 11:21:13.186 - oc_logger - INFO - New record achieved. Previous FoM: 0.017274050616996828, new best FoM : 0.017200591498634177
06/05/2022 11:21:13.186 - oc_logger - INFO - Function evaluation number: 57, SI: 1, Sub-iteration number: 31, FoM: 0.017200591498634177
06/05/2022 11:21:13.558 - oc_logger - INFO - New record achieved. Previous FoM: 0.017200591498634177, new best FoM : 0.017119903204854903
06/05/2022 11:21:13.558 - oc_logger - INFO - Function evaluation number: 58, SI: 1, Sub-iteration number: 31, FoM: 0.017119903204854903
06/05/2022 11:21:13.918 - oc_logger - INFO - Function evaluation number: 59, SI: 1, Sub-iteration number: 32, FoM: 0.017151149343294425
06/05/2022 11:21:14.292 - oc_logger - INFO - New record achieved. Previous FoM: 0.017119903204854903, new best FoM : 0.017086537761224707
06/05/2022 11:21:14.292 - oc_logger - INFO - Function evaluation number: 60, SI: 1, Sub-iteration number: 33, FoM: 0.017086537761224707
06/05/2022 11:21:14.745 - oc_logger - INFO - New record achieved. Previous FoM: 0.017086537761224707, new best FoM : 0.01701332863790328
06/05/2022 11:21:14.745 - oc_logger - INFO - Function evaluation number: 61, SI: 1, Sub-iteration number: 33, FoM: 0.01701332863790328
06/05/2022 11:21:15.168 - oc_logger - INFO - Function evaluation number: 62, SI: 1, Sub-iteration number: 34, FoM: 0.01703858078483589
06/05/2022 11:21:15.593 - oc_logger - INFO - New record achieved. Previous FoM: 0.01701332863790328, new best FoM : 0.016927501351299612
06/05/2022 11:21:15.593 - oc_logger - INFO - Function evaluation number: 63, SI: 1, Sub-iteration number: 35, FoM: 0.016927501351299612
06/05/2022 11:21:16.019 - oc_logger - INFO - New record achieved. Previous FoM: 0.016927501351299612, new best FoM : 0.016848859753794465
06/05/2022 11:21:16.019 - oc_logger - INFO - Function evaluation number: 64, SI: 1, Sub-iteration number: 35, FoM: 0.016848859753794465
06/05/2022 11:21:16.439 - oc_logger - INFO - New record achieved. Previous FoM: 0.016848859753794465, new best FoM : 0.016756561239408718
06/05/2022 11:21:16.439 - oc_logger - INFO - Function evaluation number: 65, SI: 1, Sub-iteration number: 36, FoM: 0.016756561239408718
06/05/2022 11:21:16.856 - oc_logger - INFO - New record achieved. Previous FoM: 0.016756561239408718, new best FoM : 0.016657687517207864
06/05/2022 11:21:16.856 - oc_logger - INFO - Function evaluation number: 66, SI: 1, Sub-iteration number: 36, FoM: 0.016657687517207864
06/05/2022 11:21:17.300 - oc_logger - INFO - Function evaluation number: 67, SI: 1, Sub-iteration number: 37, FoM: 0.016726691444992503
06/05/2022 11:21:17.744 - oc_logger - INFO - New record achieved. Previous FoM: 0.016657687517207864, new best FoM : 0.01656216429346824
06/05/2022 11:21:17.744 - oc_logger - INFO - Function evaluation number: 68, SI: 1, Sub-iteration number: 38, FoM: 0.01656216429346824
06/05/2022 11:21:18.200 - oc_logger - INFO - New record achieved. Previous FoM: 0.01656216429346824, new best FoM : 0.016459019799734298
06/05/2022 11:21:18.200 - oc_logger - INFO - Function evaluation number: 69, SI: 1, Sub-iteration number: 38, FoM: 0.016459019799734298
06/05/2022 11:21:18.629 - oc_logger - INFO - Function evaluation number: 70, SI: 1, Sub-iteration number: 39, FoM: 0.01648323636754545
06/05/2022 11:21:19.053 - oc_logger - INFO - New record achieved. Previous FoM: 0.016459019799734298, new best FoM : 0.016437841908286677
06/05/2022 11:21:19.053 - oc_logger - INFO - Function evaluation number: 71, SI: 1, Sub-iteration number: 40, FoM: 0.016437841908286677
06/05/2022 11:21:19.477 - oc_logger - INFO - New record achieved. Previous FoM: 0.016437841908286677, new best FoM : 0.016349797325229676
06/05/2022 11:21:19.477 - oc_logger - INFO - Function evaluation number: 72, SI: 1, Sub-iteration number: 40, FoM: 0.016349797325229676
06/05/2022 11:21:19.899 - oc_logger - INFO - New record achieved. Previous FoM: 0.016349797325229676, new best FoM : 0.016278563305219484
06/05/2022 11:21:19.899 - oc_logger - INFO - Function evaluation number: 73, SI: 1, Sub-iteration number: 41, FoM: 0.016278563305219484
06/05/2022 11:21:20.265 - oc_logger - INFO - New record achieved. Previous FoM: 0.016278563305219484, new best FoM : 0.016175084146715868
06/05/2022 11:21:20.265 - oc_logger - INFO - Function evaluation number: 74, SI: 1, Sub-iteration number: 41, FoM: 0.016175084146715868
06/05/2022 11:21:20.591 - oc_logger - INFO - New record achieved. Previous FoM: 0.016175084146715868, new best FoM : 0.01614453058996934
06/05/2022 11:21:20.592 - oc_logger - INFO - Function evaluation number: 75, SI: 1, Sub-iteration number: 42, FoM: 0.01614453058996934
06/05/2022 11:21:20.953 - oc_logger - INFO - New record achieved. Previous FoM: 0.01614453058996934, new best FoM : 0.016034688679824383
06/05/2022 11:21:20.953 - oc_logger - INFO - Function evaluation number: 76, SI: 1, Sub-iteration number: 42, FoM: 0.016034688679824383
06/05/2022 11:21:21.325 - oc_logger - INFO - New record achieved. Previous FoM: 0.016034688679824383, new best FoM : 0.015928202126399338
06/05/2022 11:21:21.325 - oc_logger - INFO - Function evaluation number: 77, SI: 1, Sub-iteration number: 43, FoM: 0.015928202126399338
06/05/2022 11:21:21.695 - oc_logger - INFO - New record achieved. Previous FoM: 0.015928202126399338, new best FoM : 0.015795361848014666
06/05/2022 11:21:21.695 - oc_logger - INFO - Function evaluation number: 78, SI: 1, Sub-iteration number: 43, FoM: 0.015795361848014666
06/05/2022 11:21:22.071 - oc_logger - INFO - Function evaluation number: 79, SI: 1, Sub-iteration number: 44, FoM: 0.015827353324989635
06/05/2022 11:21:22.356 - oc_logger - INFO - New record achieved. Previous FoM: 0.015795361848014666, new best FoM : 0.01572430470374908
06/05/2022 11:21:22.356 - oc_logger - INFO - Function evaluation number: 80, SI: 1, Sub-iteration number: 45, FoM: 0.01572430470374908
06/05/2022 11:21:22.697 - oc_logger - INFO - New record achieved. Previous FoM: 0.01572430470374908, new best FoM : 0.015601375331161904
06/05/2022 11:21:22.697 - oc_logger - INFO - Function evaluation number: 81, SI: 1, Sub-iteration number: 45, FoM: 0.015601375331161904
06/05/2022 11:21:23.059 - oc_logger - INFO - New record achieved. Previous FoM: 0.015601375331161904, new best FoM : 0.015531310306801105
06/05/2022 11:21:23.059 - oc_logger - INFO - Function evaluation number: 82, SI: 1, Sub-iteration number: 46, FoM: 0.015531310306801105
06/05/2022 11:21:23.428 - oc_logger - INFO - New record achieved. Previous FoM: 0.015531310306801105, new best FoM : 0.015393540961191166
06/05/2022 11:21:23.428 - oc_logger - INFO - Function evaluation number: 83, SI: 1, Sub-iteration number: 46, FoM: 0.015393540961191166
06/05/2022 11:21:23.805 - oc_logger - INFO - Function evaluation number: 84, SI: 1, Sub-iteration number: 47, FoM: 0.015431263205667345
06/05/2022 11:21:24.135 - oc_logger - INFO - New record achieved. Previous FoM: 0.015393540961191166, new best FoM : 0.015203561630311113
06/05/2022 11:21:24.135 - oc_logger - INFO - Function evaluation number: 85, SI: 1, Sub-iteration number: 48, FoM: 0.015203561630311113
06/05/2022 11:21:24.472 - oc_logger - INFO - New record achieved. Previous FoM: 0.015203561630311113, new best FoM : 0.015050572423583652
06/05/2022 11:21:24.472 - oc_logger - INFO - Function evaluation number: 86, SI: 1, Sub-iteration number: 48, FoM: 0.015050572423583652
06/05/2022 11:21:24.842 - oc_logger - INFO - New record achieved. Previous FoM: 0.015050572423583652, new best FoM : 0.014990035684769976
06/05/2022 11:21:24.842 - oc_logger - INFO - Function evaluation number: 87, SI: 1, Sub-iteration number: 49, FoM: 0.014990035684769976
06/05/2022 11:21:25.196 - oc_logger - INFO - New record achieved. Previous FoM: 0.014990035684769976, new best FoM : 0.014824749921461322
06/05/2022 11:21:25.197 - oc_logger - INFO - Function evaluation number: 88, SI: 1, Sub-iteration number: 49, FoM: 0.014824749921461322
06/05/2022 11:21:25.506 - oc_logger - INFO - Function evaluation number: 89, SI: 1, Sub-iteration number: 50, FoM: 0.014825583837911105
06/05/2022 11:21:25.876 - oc_logger - INFO - New record achieved. Previous FoM: 0.014824749921461322, new best FoM : 0.01466821941760843
06/05/2022 11:21:25.876 - oc_logger - INFO - Function evaluation number: 90, SI: 1, Sub-iteration number: 51, FoM: 0.01466821941760843
06/05/2022 11:21:26.244 - oc_logger - INFO - New record achieved. Previous FoM: 0.01466821941760843, new best FoM : 0.014566282010681664
06/05/2022 11:21:26.244 - oc_logger - INFO - Function evaluation number: 91, SI: 1, Sub-iteration number: 51, FoM: 0.014566282010681664
06/05/2022 11:21:26.616 - oc_logger - INFO - Function evaluation number: 92, SI: 1, Sub-iteration number: 52, FoM: 0.014590718491841903
06/05/2022 11:21:26.984 - oc_logger - INFO - New record achieved. Previous FoM: 0.014566282010681664, new best FoM : 0.01446337744992332
06/05/2022 11:21:26.984 - oc_logger - INFO - Function evaluation number: 93, SI: 1, Sub-iteration number: 53, FoM: 0.01446337744992332
06/05/2022 11:21:27.330 - oc_logger - INFO - New record achieved. Previous FoM: 0.01446337744992332, new best FoM : 0.014434864402721459
06/05/2022 11:21:27.330 - oc_logger - INFO - Function evaluation number: 94, SI: 1, Sub-iteration number: 53, FoM: 0.014434864402721459
06/05/2022 11:21:27.677 - oc_logger - INFO - Function evaluation number: 95, SI: 1, Sub-iteration number: 54, FoM: 0.014530831009274436
06/05/2022 11:21:28.005 - oc_logger - INFO - Function evaluation number: 96, SI: 1, Sub-iteration number: 55, FoM: 0.014610506208092566
06/05/2022 11:21:28.263 - oc_logger - INFO - Function evaluation number: 97, SI: 1, Sub-iteration number: 56, FoM: 0.014448962731472892
06/05/2022 11:21:28.585 - oc_logger - INFO - Function evaluation number: 98, SI: 1, Sub-iteration number: 57, FoM: 0.01502581693259708
06/05/2022 11:21:28.920 - oc_logger - INFO - Function evaluation number: 99, SI: 1, Sub-iteration number: 57, FoM: 0.014723217896137286
06/05/2022 11:21:29.229 - oc_logger - INFO - Function evaluation number: 100, SI: 1, Sub-iteration number: 58, FoM: 0.014614719798390685
06/05/2022 11:21:29.495 - oc_logger - INFO - Function evaluation number: 101, SI: 1, Sub-iteration number: 59, FoM: 0.01520245053411795
06/05/2022 11:21:29.745 - oc_logger - INFO - Function evaluation number: 102, SI: 1, Sub-iteration number: 59, FoM: 0.014629008251654696
06/05/2022 11:21:30.097 - oc_logger - INFO - Function evaluation number: 103, SI: 1, Sub-iteration number: 60, FoM: 0.014480587160857317
06/05/2022 11:21:30.451 - oc_logger - INFO - Function evaluation number: 104, SI: 1, Sub-iteration number: 61, FoM: 0.014729586650450321
06/05/2022 11:21:30.804 - oc_logger - INFO - Function evaluation number: 105, SI: 1, Sub-iteration number: 61, FoM: 0.01453522253282391
06/05/2022 11:21:31.156 - oc_logger - INFO - Function evaluation number: 106, SI: 1, Sub-iteration number: 62, FoM: 0.014883117455160577
06/05/2022 11:21:31.508 - oc_logger - INFO - Function evaluation number: 107, SI: 1, Sub-iteration number: 62, FoM: 0.014501958834183704
06/05/2022 11:21:31.857 - oc_logger - INFO - Function evaluation number: 108, SI: 1, Sub-iteration number: 63, FoM: 0.014539264409986097
06/05/2022 11:21:32.157 - oc_logger - INFO - New record achieved. Previous FoM: 0.014434864402721459, new best FoM : 0.014370660151665104
06/05/2022 11:21:32.157 - oc_logger - INFO - Function evaluation number: 109, SI: 1, Sub-iteration number: 64, FoM: 0.014370660151665104
06/05/2022 11:21:32.530 - oc_logger - INFO - Function evaluation number: 110, SI: 1, Sub-iteration number: 64, FoM: 0.014373974276366885
06/05/2022 11:21:32.912 - oc_logger - INFO - New record achieved. Previous FoM: 0.014370660151665104, new best FoM : 0.014334346195046699
06/05/2022 11:21:32.912 - oc_logger - INFO - Function evaluation number: 111, SI: 1, Sub-iteration number: 65, FoM: 0.014334346195046699
06/05/2022 11:21:33.290 - oc_logger - INFO - New record achieved. Previous FoM: 0.014334346195046699, new best FoM : 0.014278547168539935
06/05/2022 11:21:33.290 - oc_logger - INFO - Function evaluation number: 112, SI: 1, Sub-iteration number: 65, FoM: 0.014278547168539935
06/05/2022 11:21:33.659 - oc_logger - INFO - Function evaluation number: 113, SI: 1, Sub-iteration number: 66, FoM: 0.014740352324830175
06/05/2022 11:21:34.029 - oc_logger - INFO - Function evaluation number: 114, SI: 1, Sub-iteration number: 66, FoM: 0.01447093610761152
06/05/2022 11:21:34.398 - oc_logger - INFO - Function evaluation number: 115, SI: 1, Sub-iteration number: 67, FoM: 0.01441469430115705
06/05/2022 11:21:34.910 - oc_logger - INFO - New record achieved. Previous FoM: 0.014278547168539935, new best FoM : 0.014179668125662515
06/05/2022 11:21:34.911 - oc_logger - INFO - Function evaluation number: 116, SI: 1, Sub-iteration number: 68, FoM: 0.014179668125662515
06/05/2022 11:21:35.349 - oc_logger - INFO - New record achieved. Previous FoM: 0.014179668125662515, new best FoM : 0.014114866639856283
06/05/2022 11:21:35.349 - oc_logger - INFO - Function evaluation number: 117, SI: 1, Sub-iteration number: 68, FoM: 0.014114866639856283
06/05/2022 11:21:35.763 - oc_logger - INFO - Function evaluation number: 118, SI: 1, Sub-iteration number: 69, FoM: 0.014287512735601915
06/05/2022 11:21:36.280 - oc_logger - INFO - Function evaluation number: 119, SI: 1, Sub-iteration number: 70, FoM: 0.01432912731258873
06/05/2022 11:21:36.598 - oc_logger - INFO - Function evaluation number: 120, SI: 1, Sub-iteration number: 71, FoM: 0.014495516599493552
06/05/2022 11:21:36.965 - oc_logger - INFO - Function evaluation number: 121, SI: 1, Sub-iteration number: 71, FoM: 0.014426057201910147
06/05/2022 11:21:37.331 - oc_logger - INFO - Function evaluation number: 122, SI: 1, Sub-iteration number: 72, FoM: 0.014249405771513457
06/05/2022 11:21:37.697 - oc_logger - INFO - New record achieved. Previous FoM: 0.014114866639856283, new best FoM : 0.01399479195222686
06/05/2022 11:21:37.697 - oc_logger - INFO - Function evaluation number: 123, SI: 1, Sub-iteration number: 73, FoM: 0.01399479195222686
06/05/2022 11:21:38.065 - oc_logger - INFO - New record achieved. Previous FoM: 0.01399479195222686, new best FoM : 0.01392614877808751
06/05/2022 11:21:38.065 - oc_logger - INFO - Function evaluation number: 124, SI: 1, Sub-iteration number: 73, FoM: 0.01392614877808751
06/05/2022 11:21:38.432 - oc_logger - INFO - Function evaluation number: 125, SI: 1, Sub-iteration number: 74, FoM: 0.01416576540454939
06/05/2022 11:21:38.802 - oc_logger - INFO - Function evaluation number: 126, SI: 1, Sub-iteration number: 75, FoM: 0.01404343939433661
06/05/2022 11:21:39.168 - oc_logger - INFO - New record achieved. Previous FoM: 0.01392614877808751, new best FoM : 0.013727089705542594
06/05/2022 11:21:39.168 - oc_logger - INFO - Function evaluation number: 127, SI: 1, Sub-iteration number: 76, FoM: 0.013727089705542594
06/05/2022 11:21:39.478 - oc_logger - INFO - New record achieved. Previous FoM: 0.013727089705542594, new best FoM : 0.013622664893845227
06/05/2022 11:21:39.478 - oc_logger - INFO - Function evaluation number: 128, SI: 1, Sub-iteration number: 76, FoM: 0.013622664893845227
06/05/2022 11:21:39.761 - oc_logger - INFO - Function evaluation number: 129, SI: 1, Sub-iteration number: 77, FoM: 0.014067682036480567
06/05/2022 11:21:40.103 - oc_logger - INFO - Function evaluation number: 130, SI: 1, Sub-iteration number: 78, FoM: 0.013770647707867734
06/05/2022 11:21:40.470 - oc_logger - INFO - Function evaluation number: 131, SI: 1, Sub-iteration number: 79, FoM: 0.013704356866935052
06/05/2022 11:21:40.839 - oc_logger - INFO - New record achieved. Previous FoM: 0.013622664893845227, new best FoM : 0.013522152124074482
06/05/2022 11:21:40.839 - oc_logger - INFO - Function evaluation number: 132, SI: 1, Sub-iteration number: 80, FoM: 0.013522152124074482
06/05/2022 11:21:41.210 - oc_logger - INFO - New record achieved. Previous FoM: 0.013522152124074482, new best FoM : 0.013413693470244126
06/05/2022 11:21:41.210 - oc_logger - INFO - Function evaluation number: 133, SI: 1, Sub-iteration number: 80, FoM: 0.013413693470244126
06/05/2022 11:21:41.579 - oc_logger - INFO - Function evaluation number: 134, SI: 1, Sub-iteration number: 81, FoM: 0.013629546915493895
06/05/2022 11:21:41.959 - oc_logger - INFO - New record achieved. Previous FoM: 0.013413693470244126, new best FoM : 0.013352175876458316
06/05/2022 11:21:41.959 - oc_logger - INFO - Function evaluation number: 135, SI: 1, Sub-iteration number: 82, FoM: 0.013352175876458316
06/05/2022 11:21:42.389 - oc_logger - INFO - New record achieved. Previous FoM: 0.013352175876458316, new best FoM : 0.01327908015532464
06/05/2022 11:21:42.389 - oc_logger - INFO - Function evaluation number: 136, SI: 1, Sub-iteration number: 82, FoM: 0.01327908015532464
06/05/2022 11:21:42.643 - oc_logger - INFO - Function evaluation number: 137, SI: 1, Sub-iteration number: 83, FoM: 0.013523121926444448
06/05/2022 11:21:42.888 - oc_logger - INFO - New record achieved. Previous FoM: 0.01327908015532464, new best FoM : 0.0131388602560355
06/05/2022 11:21:42.889 - oc_logger - INFO - Function evaluation number: 138, SI: 1, Sub-iteration number: 84, FoM: 0.0131388602560355
06/05/2022 11:21:43.251 - oc_logger - INFO - New record achieved. Previous FoM: 0.0131388602560355, new best FoM : 0.013019234981716421
06/05/2022 11:21:43.251 - oc_logger - INFO - Function evaluation number: 139, SI: 1, Sub-iteration number: 84, FoM: 0.013019234981716421
06/05/2022 11:21:43.586 - oc_logger - INFO - New record achieved. Previous FoM: 0.013019234981716421, new best FoM : 0.012940701990114212
06/05/2022 11:21:43.586 - oc_logger - INFO - Function evaluation number: 140, SI: 1, Sub-iteration number: 85, FoM: 0.012940701990114212
06/05/2022 11:21:43.915 - oc_logger - INFO - New record achieved. Previous FoM: 0.012940701990114212, new best FoM : 0.01281148746839289
06/05/2022 11:21:43.915 - oc_logger - INFO - Function evaluation number: 141, SI: 1, Sub-iteration number: 85, FoM: 0.01281148746839289
06/05/2022 11:21:44.286 - oc_logger - INFO - Function evaluation number: 142, SI: 1, Sub-iteration number: 86, FoM: 0.012919277430516907
06/05/2022 11:21:44.557 - oc_logger - INFO - Function evaluation number: 143, SI: 1, Sub-iteration number: 87, FoM: 0.012825641938392751
06/05/2022 11:21:44.909 - oc_logger - INFO - Function evaluation number: 144, SI: 1, Sub-iteration number: 88, FoM: 0.013067656984994014
06/05/2022 11:21:45.277 - oc_logger - INFO - New record achieved. Previous FoM: 0.01281148746839289, new best FoM : 0.012513712738116634
06/05/2022 11:21:45.277 - oc_logger - INFO - Function evaluation number: 145, SI: 1, Sub-iteration number: 89, FoM: 0.012513712738116634
06/05/2022 11:21:45.584 - oc_logger - INFO - New record achieved. Previous FoM: 0.012513712738116634, new best FoM : 0.012414831038116247
06/05/2022 11:21:45.584 - oc_logger - INFO - Function evaluation number: 146, SI: 1, Sub-iteration number: 89, FoM: 0.012414831038116247
06/05/2022 11:21:45.916 - oc_logger - INFO - New record achieved. Previous FoM: 0.012414831038116247, new best FoM : 0.01231207895983033
06/05/2022 11:21:45.916 - oc_logger - INFO - Function evaluation number: 147, SI: 1, Sub-iteration number: 90, FoM: 0.01231207895983033
06/05/2022 11:21:46.287 - oc_logger - INFO - New record achieved. Previous FoM: 0.01231207895983033, new best FoM : 0.012173333901721595
06/05/2022 11:21:46.287 - oc_logger - INFO - Function evaluation number: 148, SI: 1, Sub-iteration number: 90, FoM: 0.012173333901721595
06/05/2022 11:21:46.658 - oc_logger - INFO - Function evaluation number: 149, SI: 1, Sub-iteration number: 91, FoM: 0.012220075530538055
06/05/2022 11:21:47.029 - oc_logger - INFO - New record achieved. Previous FoM: 0.012173333901721595, new best FoM : 0.012134707852619941
06/05/2022 11:21:47.029 - oc_logger - INFO - Function evaluation number: 150, SI: 1, Sub-iteration number: 92, FoM: 0.012134707852619941
06/05/2022 11:21:47.400 - oc_logger - INFO - New record achieved. Previous FoM: 0.012134707852619941, new best FoM : 0.0120559068223266
06/05/2022 11:21:47.400 - oc_logger - INFO - Function evaluation number: 151, SI: 1, Sub-iteration number: 92, FoM: 0.0120559068223266
06/05/2022 11:21:47.770 - oc_logger - INFO - Function evaluation number: 152, SI: 1, Sub-iteration number: 93, FoM: 0.012149100509203925
06/05/2022 11:21:48.138 - oc_logger - INFO - New record achieved. Previous FoM: 0.0120559068223266, new best FoM : 0.011924172651388676
06/05/2022 11:21:48.138 - oc_logger - INFO - Function evaluation number: 153, SI: 1, Sub-iteration number: 94, FoM: 0.011924172651388676
06/05/2022 11:21:48.464 - oc_logger - INFO - New record achieved. Previous FoM: 0.011924172651388676, new best FoM : 0.011829448440354606
06/05/2022 11:21:48.465 - oc_logger - INFO - Function evaluation number: 154, SI: 1, Sub-iteration number: 94, FoM: 0.011829448440354606
06/05/2022 11:21:48.719 - oc_logger - INFO - Function evaluation number: 155, SI: 1, Sub-iteration number: 95, FoM: 0.011862090314462503
06/05/2022 11:21:49.031 - oc_logger - INFO - New record achieved. Previous FoM: 0.011829448440354606, new best FoM : 0.011592937498239975
06/05/2022 11:21:49.031 - oc_logger - INFO - Function evaluation number: 156, SI: 1, Sub-iteration number: 96, FoM: 0.011592937498239975
06/05/2022 11:21:49.335 - oc_logger - INFO - New record achieved. Previous FoM: 0.011592937498239975, new best FoM : 0.011476818322467608
06/05/2022 11:21:49.335 - oc_logger - INFO - Function evaluation number: 157, SI: 1, Sub-iteration number: 96, FoM: 0.011476818322467608
06/05/2022 11:21:49.734 - oc_logger - INFO - New record achieved. Previous FoM: 0.011476818322467608, new best FoM : 0.011175794360383406
06/05/2022 11:21:49.734 - oc_logger - INFO - Function evaluation number: 158, SI: 1, Sub-iteration number: 97, FoM: 0.011175794360383406
06/05/2022 11:21:50.171 - oc_logger - INFO - New record achieved. Previous FoM: 0.011175794360383406, new best FoM : 0.011001455880457311
06/05/2022 11:21:50.171 - oc_logger - INFO - Function evaluation number: 159, SI: 1, Sub-iteration number: 97, FoM: 0.011001455880457311
