06/06/2022 06:30:08.193 - oc_logger - INFO - The optimization direction is minimization
06/06/2022 06:30:08.193 - oc_logger - INFO - QuOCS version number: 0.0.22
06/06/2022 06:30:08.193 - oc_logger - INFO - Direct search start time has been reset.
06/06/2022 06:30:08.197 - oc_logger - INFO - New record achieved. Previous FoM: 10000000000.0, new best FoM : 0.4785086816692401
06/06/2022 06:30:08.197 - oc_logger - INFO - Function evaluation number: 1, SI: 1, Sub-iteration number: 0, FoM: 0.4785086816692401
06/06/2022 06:30:08.203 - oc_logger - INFO - Function evaluation number: 2, SI: 1, Sub-iteration number: 0, FoM: 0.4840638142220327
06/06/2022 06:30:08.206 - oc_logger - INFO - New record achieved. Previous FoM: 0.4785086816692401, new best FoM : 0.46183800492978855
06/06/2022 06:30:08.206 - oc_logger - INFO - Function evaluation number: 3, SI: 1, Sub-iteration number: 0, FoM: 0.46183800492978855
06/06/2022 06:30:08.210 - oc_logger - INFO - New record achieved. Previous FoM: 0.46183800492978855, new best FoM : 0.4557481019316866
06/06/2022 06:30:08.210 - oc_logger - INFO - Function evaluation number: 4, SI: 1, Sub-iteration number: 1, FoM: 0.4557481019316866
06/06/2022 06:30:08.213 - oc_logger - INFO - New record achieved. Previous FoM: 0.4557481019316866, new best FoM : 0.4401516567446975
06/06/2022 06:30:08.214 - oc_logger - INFO - Function evaluation number: 5, SI: 1, Sub-iteration number: 1, FoM: 0.4401516567446975
06/06/2022 06:30:08.217 - oc_logger - INFO - New record achieved. Previous FoM: 0.4401516567446975, new best FoM : 0.42005256134701086
06/06/2022 06:30:08.217 - oc_logger - INFO - Function evaluation number: 6, SI: 1, Sub-iteration number: 2, FoM: 0.42005256134701086
06/06/2022 06:30:08.221 - oc_logger - INFO - New record achieved. Previous FoM: 0.42005256134701086, new best FoM : 0.385699243417729
06/06/2022 06:30:08.221 - oc_logger - INFO - Function evaluation number: 7, SI: 1, Sub-iteration number: 2, FoM: 0.385699243417729
06/06/2022 06:30:08.225 - oc_logger - INFO - New record achieved. Previous FoM: 0.385699243417729, new best FoM : 0.3594687913974439
06/06/2022 06:30:08.225 - oc_logger - INFO - Function evaluation number: 8, SI: 1, Sub-iteration number: 3, FoM: 0.3594687913974439
06/06/2022 06:30:08.228 - oc_logger - INFO - New record achieved. Previous FoM: 0.3594687913974439, new best FoM : 0.3004594036899664
06/06/2022 06:30:08.228 - oc_logger - INFO - Function evaluation number: 9, SI: 1, Sub-iteration number: 3, FoM: 0.3004594036899664
06/06/2022 06:30:08.232 - oc_logger - INFO - New record achieved. Previous FoM: 0.3004594036899664, new best FoM : 0.23461642407805872
06/06/2022 06:30:08.232 - oc_logger - INFO - Function evaluation number: 10, SI: 1, Sub-iteration number: 4, FoM: 0.23461642407805872
06/06/2022 06:30:08.236 - oc_logger - INFO - New record achieved. Previous FoM: 0.23461642407805872, new best FoM : 0.12804696265929294
06/06/2022 06:30:08.236 - oc_logger - INFO - Function evaluation number: 11, SI: 1, Sub-iteration number: 4, FoM: 0.12804696265929294
06/06/2022 06:30:08.239 - oc_logger - INFO - New record achieved. Previous FoM: 0.12804696265929294, new best FoM : 0.05598023774572192
06/06/2022 06:30:08.239 - oc_logger - INFO - Function evaluation number: 12, SI: 1, Sub-iteration number: 5, FoM: 0.05598023774572192
06/06/2022 06:30:08.243 - oc_logger - INFO - New record achieved. Previous FoM: 0.05598023774572192, new best FoM : 0.02062753108529458
06/06/2022 06:30:08.243 - oc_logger - INFO - Function evaluation number: 13, SI: 1, Sub-iteration number: 5, FoM: 0.02062753108529458
06/06/2022 06:30:08.247 - oc_logger - INFO - New record achieved. Previous FoM: 0.02062753108529458, new best FoM : 0.016860931311744487
06/06/2022 06:30:08.247 - oc_logger - INFO - Function evaluation number: 14, SI: 1, Sub-iteration number: 6, FoM: 0.016860931311744487
06/06/2022 06:30:08.251 - oc_logger - INFO - Function evaluation number: 15, SI: 1, Sub-iteration number: 6, FoM: 0.2770030709591005
06/06/2022 06:30:08.253 - oc_logger - INFO - Function evaluation number: 16, SI: 1, Sub-iteration number: 7, FoM: 0.23273120497877642
06/06/2022 06:30:08.256 - oc_logger - INFO - New record achieved. Previous FoM: 0.016860931311744487, new best FoM : 0.004589032293226936
06/06/2022 06:30:08.256 - oc_logger - INFO - Function evaluation number: 17, SI: 1, Sub-iteration number: 7, FoM: 0.004589032293226936
06/06/2022 06:30:08.260 - oc_logger - INFO - Function evaluation number: 18, SI: 1, Sub-iteration number: 8, FoM: 0.01602106140755999
06/06/2022 06:30:08.263 - oc_logger - INFO - Function evaluation number: 19, SI: 1, Sub-iteration number: 9, FoM: 0.05619248198787952
06/06/2022 06:30:08.265 - oc_logger - INFO - Function evaluation number: 20, SI: 1, Sub-iteration number: 9, FoM: 0.016194233921222656
06/06/2022 06:30:08.268 - oc_logger - INFO - Function evaluation number: 21, SI: 1, Sub-iteration number: 10, FoM: 0.00465567581194315
06/06/2022 06:30:08.270 - oc_logger - INFO - Function evaluation number: 22, SI: 1, Sub-iteration number: 11, FoM: 0.1278315584727231
06/06/2022 06:30:08.273 - oc_logger - INFO - Function evaluation number: 23, SI: 1, Sub-iteration number: 11, FoM: 0.020440447944397366
06/06/2022 06:30:08.275 - oc_logger - INFO - Function evaluation number: 24, SI: 1, Sub-iteration number: 11, FoM: 0.0046207268802824775
06/06/2022 06:30:08.278 - oc_logger - INFO - Function evaluation number: 25, SI: 1, Sub-iteration number: 11, FoM: 0.02046336378129765
06/06/2022 06:30:08.281 - oc_logger - INFO - Function evaluation number: 26, SI: 1, Sub-iteration number: 12, FoM: 0.05602602445074312
06/06/2022 06:30:08.283 - oc_logger - INFO - Function evaluation number: 27, SI: 1, Sub-iteration number: 12, FoM: 0.011496908892601798
06/06/2022 06:30:08.286 - oc_logger - INFO - Function evaluation number: 28, SI: 1, Sub-iteration number: 13, FoM: 0.027340413565451138
06/06/2022 06:30:08.288 - oc_logger - INFO - New record achieved. Previous FoM: 0.004589032293226936, new best FoM : 0.004311483341107314
06/06/2022 06:30:08.288 - oc_logger - INFO - Function evaluation number: 29, SI: 1, Sub-iteration number: 13, FoM: 0.004311483341107314
06/06/2022 06:30:08.292 - oc_logger - INFO - Function evaluation number: 30, SI: 1, Sub-iteration number: 14, FoM: 0.00434237809926552
06/06/2022 06:30:08.294 - oc_logger - INFO - Function evaluation number: 31, SI: 1, Sub-iteration number: 15, FoM: 0.011514006876877092
06/06/2022 06:30:08.297 - oc_logger - INFO - New record achieved. Previous FoM: 0.004311483341107314, new best FoM : 8.13017838046104e-05
06/06/2022 06:30:08.297 - oc_logger - INFO - Function evaluation number: 32, SI: 1, Sub-iteration number: 15, FoM: 8.13017838046104e-05
06/06/2022 06:30:08.301 - oc_logger - INFO - New record achieved. Previous FoM: 8.13017838046104e-05, new best FoM : 4.9511251292155833e-05
06/06/2022 06:30:08.301 - oc_logger - INFO - Function evaluation number: 33, SI: 1, Sub-iteration number: 16, FoM: 4.9511251292155833e-05
06/06/2022 06:30:08.305 - oc_logger - INFO - Function evaluation number: 34, SI: 1, Sub-iteration number: 16, FoM: 0.002258894725550298
06/06/2022 06:30:08.307 - oc_logger - INFO - Function evaluation number: 35, SI: 1, Sub-iteration number: 17, FoM: 0.004604474156968075
06/06/2022 06:30:08.310 - oc_logger - INFO - Function evaluation number: 36, SI: 1, Sub-iteration number: 17, FoM: 0.00224224276845586
06/06/2022 06:30:08.312 - oc_logger - INFO - Function evaluation number: 37, SI: 1, Sub-iteration number: 18, FoM: 0.002216815635602609
06/06/2022 06:30:08.315 - oc_logger - INFO - Function evaluation number: 38, SI: 1, Sub-iteration number: 18, FoM: 0.0010623107607253823
06/06/2022 06:30:08.318 - oc_logger - INFO - Function evaluation number: 39, SI: 1, Sub-iteration number: 19, FoM: 0.0011673534189700074
06/06/2022 06:30:08.320 - oc_logger - INFO - Function evaluation number: 40, SI: 1, Sub-iteration number: 19, FoM: 0.0004949508665883506
06/06/2022 06:30:08.323 - oc_logger - INFO - Function evaluation number: 41, SI: 1, Sub-iteration number: 20, FoM: 0.0006198980961162892
06/06/2022 06:30:08.326 - oc_logger - INFO - Function evaluation number: 42, SI: 1, Sub-iteration number: 20, FoM: 0.00021375158750402967
06/06/2022 06:30:08.328 - oc_logger - INFO - Function evaluation number: 43, SI: 1, Sub-iteration number: 21, FoM: 0.0003436750029772728
06/06/2022 06:30:08.331 - oc_logger - INFO - Function evaluation number: 44, SI: 1, Sub-iteration number: 21, FoM: 7.377304711397858e-05
06/06/2022 06:30:08.333 - oc_logger - INFO - Function evaluation number: 45, SI: 1, Sub-iteration number: 22, FoM: 0.00010709689869603523
06/06/2022 06:30:08.336 - oc_logger - INFO - New record achieved. Previous FoM: 4.9511251292155833e-05, new best FoM : 3.488826132791445e-05
06/06/2022 06:30:08.336 - oc_logger - INFO - Function evaluation number: 46, SI: 1, Sub-iteration number: 22, FoM: 3.488826132791445e-05
06/06/2022 06:30:08.340 - oc_logger - INFO - Function evaluation number: 47, SI: 1, Sub-iteration number: 23, FoM: 0.0001580517526740266
06/06/2022 06:30:08.342 - oc_logger - INFO - New record achieved. Previous FoM: 3.488826132791445e-05, new best FoM : 1.5656016894016744e-05
06/06/2022 06:30:08.342 - oc_logger - INFO - Function evaluation number: 48, SI: 1, Sub-iteration number: 23, FoM: 1.5656016894016744e-05
06/06/2022 06:30:08.346 - oc_logger - INFO - Function evaluation number: 49, SI: 1, Sub-iteration number: 24, FoM: 3.112348844280799e-05
06/06/2022 06:30:08.349 - oc_logger - INFO - Function evaluation number: 50, SI: 1, Sub-iteration number: 25, FoM: 8.146735005176708e-05
06/06/2022 06:30:08.351 - oc_logger - INFO - New record achieved. Previous FoM: 1.5656016894016744e-05, new best FoM : 5.839580651700871e-06
06/06/2022 06:30:08.351 - oc_logger - INFO - Function evaluation number: 51, SI: 1, Sub-iteration number: 25, FoM: 5.839580651700871e-06
06/06/2022 06:30:08.355 - oc_logger - INFO - Function evaluation number: 52, SI: 1, Sub-iteration number: 26, FoM: 2.0576899687263506e-05
06/06/2022 06:30:08.357 - oc_logger - INFO - Function evaluation number: 53, SI: 1, Sub-iteration number: 26, FoM: 7.946355115695525e-06
06/06/2022 06:30:08.360 - oc_logger - INFO - Function evaluation number: 54, SI: 1, Sub-iteration number: 27, FoM: 2.9527420478681066e-05
06/06/2022 06:30:08.363 - oc_logger - INFO - New record achieved. Previous FoM: 5.839580651700871e-06, new best FoM : 4.350291832877495e-06
06/06/2022 06:30:08.363 - oc_logger - INFO - Function evaluation number: 55, SI: 1, Sub-iteration number: 27, FoM: 4.350291832877495e-06
06/06/2022 06:30:08.366 - oc_logger - INFO - Function evaluation number: 56, SI: 1, Sub-iteration number: 28, FoM: 6.639406539998838e-06
06/06/2022 06:30:08.369 - oc_logger - INFO - New record achieved. Previous FoM: 4.350291832877495e-06, new best FoM : 2.9096584406307358e-06
06/06/2022 06:30:08.369 - oc_logger - INFO - Function evaluation number: 57, SI: 1, Sub-iteration number: 28, FoM: 2.9096584406307358e-06
06/06/2022 06:30:08.373 - oc_logger - INFO - Function evaluation number: 58, SI: 1, Sub-iteration number: 29, FoM: 1.3086808109630255e-05
06/06/2022 06:30:08.376 - oc_logger - INFO - New record achieved. Previous FoM: 2.9096584406307358e-06, new best FoM : 1.1208211432300885e-06
06/06/2022 06:30:08.376 - oc_logger - INFO - Function evaluation number: 59, SI: 1, Sub-iteration number: 29, FoM: 1.1208211432300885e-06
06/06/2022 06:30:08.379 - oc_logger - INFO - Function evaluation number: 60, SI: 1, Sub-iteration number: 30, FoM: 2.428489577877002e-06
06/06/2022 06:30:08.382 - oc_logger - INFO - Function evaluation number: 61, SI: 1, Sub-iteration number: 31, FoM: 6.4973331010964586e-06
06/06/2022 06:30:08.384 - oc_logger - INFO - New record achieved. Previous FoM: 1.1208211432300885e-06, new best FoM : 5.547048984588798e-07
06/06/2022 06:30:08.384 - oc_logger - INFO - Function evaluation number: 62, SI: 1, Sub-iteration number: 31, FoM: 5.547048984588798e-07
06/06/2022 06:30:08.388 - oc_logger - INFO - Function evaluation number: 63, SI: 1, Sub-iteration number: 32, FoM: 1.975782272456428e-06
06/06/2022 06:30:08.391 - oc_logger - INFO - Function evaluation number: 64, SI: 1, Sub-iteration number: 32, FoM: 8.294088162941193e-07
06/06/2022 06:30:08.393 - oc_logger - INFO - Function evaluation number: 65, SI: 1, Sub-iteration number: 33, FoM: 2.48991703444279e-06
06/06/2022 06:30:08.396 - oc_logger - INFO - New record achieved. Previous FoM: 5.547048984588798e-07, new best FoM : 2.188207450792845e-07
06/06/2022 06:30:08.396 - oc_logger - INFO - Function evaluation number: 66, SI: 1, Sub-iteration number: 33, FoM: 2.188207450792845e-07
06/06/2022 06:30:08.400 - oc_logger - INFO - Function evaluation number: 67, SI: 1, Sub-iteration number: 34, FoM: 4.6527791708328436e-07
06/06/2022 06:30:08.402 - oc_logger - INFO - Function evaluation number: 68, SI: 1, Sub-iteration number: 35, FoM: 1.2551836727769938e-06
06/06/2022 06:30:08.404 - oc_logger - INFO - New record achieved. Previous FoM: 2.188207450792845e-07, new best FoM : 1.0206176115357124e-07
06/06/2022 06:30:08.404 - oc_logger - INFO - Function evaluation number: 69, SI: 1, Sub-iteration number: 35, FoM: 1.0206176115357124e-07
06/06/2022 06:30:08.409 - oc_logger - INFO - Function evaluation number: 70, SI: 1, Sub-iteration number: 36, FoM: 3.794818943525513e-07
06/06/2022 06:30:08.412 - oc_logger - INFO - Function evaluation number: 71, SI: 1, Sub-iteration number: 36, FoM: 1.5483545645622598e-07
06/06/2022 06:30:08.415 - oc_logger - INFO - Function evaluation number: 72, SI: 1, Sub-iteration number: 37, FoM: 4.722724273875656e-07
06/06/2022 06:30:08.417 - oc_logger - INFO - New record achieved. Previous FoM: 1.0206176115357124e-07, new best FoM : 4.730245573014713e-08
06/06/2022 06:30:08.417 - oc_logger - INFO - Function evaluation number: 73, SI: 1, Sub-iteration number: 37, FoM: 4.730245573014713e-08
06/06/2022 06:30:08.421 - oc_logger - INFO - Function evaluation number: 74, SI: 1, Sub-iteration number: 38, FoM: 9.12583322243421e-08
06/06/2022 06:30:08.425 - oc_logger - INFO - Function evaluation number: 75, SI: 1, Sub-iteration number: 39, FoM: 2.4657698860508503e-07
06/06/2022 06:30:08.429 - oc_logger - INFO - New record achieved. Previous FoM: 4.730245573014713e-08, new best FoM : 1.458838794210493e-08
06/06/2022 06:30:08.429 - oc_logger - INFO - Function evaluation number: 76, SI: 1, Sub-iteration number: 39, FoM: 1.458838794210493e-08
06/06/2022 06:30:08.435 - oc_logger - INFO - Function evaluation number: 77, SI: 1, Sub-iteration number: 40, FoM: 6.974496069567238e-08
06/06/2022 06:30:08.438 - oc_logger - INFO - Function evaluation number: 78, SI: 1, Sub-iteration number: 40, FoM: 2.4413855714833232e-08
06/06/2022 06:30:08.441 - oc_logger - INFO - Function evaluation number: 79, SI: 1, Sub-iteration number: 41, FoM: 8.535929485464777e-08
06/06/2022 06:30:08.443 - oc_logger - INFO - Function evaluation number: 80, SI: 1, Sub-iteration number: 41, FoM: 1.484842959698085e-08
06/06/2022 06:30:08.446 - oc_logger - INFO - Function evaluation number: 81, SI: 1, Sub-iteration number: 42, FoM: 2.13112143487848e-08
06/06/2022 06:30:08.449 - oc_logger - INFO - New record achieved. Previous FoM: 1.458838794210493e-08, new best FoM : 1.166949781250537e-08
06/06/2022 06:30:08.449 - oc_logger - INFO - Function evaluation number: 82, SI: 1, Sub-iteration number: 42, FoM: 1.166949781250537e-08
06/06/2022 06:30:08.453 - oc_logger - INFO - Function evaluation number: 83, SI: 1, Sub-iteration number: 43, FoM: 2.3179623775959612e-08
06/06/2022 06:30:08.457 - oc_logger - INFO - New record achieved. Previous FoM: 1.166949781250537e-08, new best FoM : 7.371955934587504e-09
06/06/2022 06:30:08.457 - oc_logger - INFO - Function evaluation number: 84, SI: 1, Sub-iteration number: 43, FoM: 7.371955934587504e-09
06/06/2022 06:30:08.461 - oc_logger - INFO - Function evaluation number: 85, SI: 1, Sub-iteration number: 44, FoM: 3.351479604951635e-08
06/06/2022 06:30:08.464 - oc_logger - INFO - New record achieved. Previous FoM: 7.371955934587504e-09, new best FoM : 2.4026903799878596e-09
06/06/2022 06:30:08.464 - oc_logger - INFO - Function evaluation number: 86, SI: 1, Sub-iteration number: 44, FoM: 2.4026903799878596e-09
06/06/2022 06:30:08.467 - oc_logger - INFO - Function evaluation number: 87, SI: 1, Sub-iteration number: 45, FoM: 6.958594700456899e-09
06/06/2022 06:30:08.471 - oc_logger - INFO - Function evaluation number: 88, SI: 1, Sub-iteration number: 46, FoM: 1.652847425592796e-08
06/06/2022 06:30:08.473 - oc_logger - INFO - New record achieved. Previous FoM: 2.4026903799878596e-09, new best FoM : 1.4368268796971506e-09
06/06/2022 06:30:08.473 - oc_logger - INFO - Function evaluation number: 89, SI: 1, Sub-iteration number: 46, FoM: 1.4368268796971506e-09
06/06/2022 06:30:08.477 - oc_logger - INFO - Function evaluation number: 90, SI: 1, Sub-iteration number: 47, FoM: 5.552185378121521e-09
06/06/2022 06:30:08.479 - oc_logger - INFO - Function evaluation number: 91, SI: 1, Sub-iteration number: 47, FoM: 2.638461227277844e-09
06/06/2022 06:30:08.482 - oc_logger - INFO - Function evaluation number: 92, SI: 1, Sub-iteration number: 48, FoM: 3.616922983340487e-09
06/06/2022 06:30:08.487 - oc_logger - INFO - New record achieved. Previous FoM: 1.4368268796971506e-09, new best FoM : 1.128108051418053e-09
06/06/2022 06:30:08.487 - oc_logger - INFO - Function evaluation number: 93, SI: 1, Sub-iteration number: 48, FoM: 1.128108051418053e-09
06/06/2022 06:30:08.491 - oc_logger - INFO - Function evaluation number: 94, SI: 1, Sub-iteration number: 49, FoM: 4.843727641201667e-09
06/06/2022 06:30:08.494 - oc_logger - INFO - New record achieved. Previous FoM: 1.128108051418053e-09, new best FoM : 5.163192096091507e-10
06/06/2022 06:30:08.494 - oc_logger - INFO - Function evaluation number: 95, SI: 1, Sub-iteration number: 49, FoM: 5.163192096091507e-10
06/06/2022 06:30:08.497 - oc_logger - INFO - Function evaluation number: 96, SI: 1, Sub-iteration number: 50, FoM: 1.0986651588495988e-09
06/06/2022 06:30:08.500 - oc_logger - INFO - Function evaluation number: 97, SI: 1, Sub-iteration number: 51, FoM: 2.717457703305115e-09
06/06/2022 06:30:08.504 - oc_logger - INFO - New record achieved. Previous FoM: 5.163192096091507e-10, new best FoM : 1.854059128447716e-10
06/06/2022 06:30:08.504 - oc_logger - INFO - Function evaluation number: 98, SI: 1, Sub-iteration number: 51, FoM: 1.854059128447716e-10
06/06/2022 06:30:08.508 - oc_logger - INFO - Function evaluation number: 99, SI: 1, Sub-iteration number: 52, FoM: 5.554621207437549e-10
06/06/2022 06:30:08.510 - oc_logger - INFO - Function evaluation number: 100, SI: 1, Sub-iteration number: 52, FoM: 2.2403479071897436e-10
06/06/2022 06:30:08.513 - oc_logger - INFO - Function evaluation number: 101, SI: 1, Sub-iteration number: 53, FoM: 9.506171405604391e-10
06/06/2022 06:30:08.517 - oc_logger - INFO - New record achieved. Previous FoM: 1.854059128447716e-10, new best FoM : 1.4957357574729713e-10
06/06/2022 06:30:08.517 - oc_logger - INFO - Function evaluation number: 102, SI: 1, Sub-iteration number: 53, FoM: 1.4957357574729713e-10
06/06/2022 06:30:08.522 - oc_logger - INFO - Function evaluation number: 103, SI: 1, Sub-iteration number: 54, FoM: 2.3712931618291577e-10
06/06/2022 06:30:08.524 - oc_logger - INFO - New record achieved. Previous FoM: 1.4957357574729713e-10, new best FoM : 1.2950551742108019e-10
06/06/2022 06:30:08.525 - oc_logger - INFO - Function evaluation number: 104, SI: 1, Sub-iteration number: 54, FoM: 1.2950551742108019e-10
06/06/2022 06:30:08.528 - oc_logger - INFO - Function evaluation number: 105, SI: 1, Sub-iteration number: 55, FoM: 2.3722179776086705e-10
06/06/2022 06:30:08.531 - oc_logger - INFO - New record achieved. Previous FoM: 1.2950551742108019e-10, new best FoM : 9.178457993641587e-11
06/06/2022 06:30:08.531 - oc_logger - INFO - Function evaluation number: 106, SI: 1, Sub-iteration number: 55, FoM: 9.178457993641587e-11
06/06/2022 06:30:08.536 - oc_logger - INFO - Function evaluation number: 107, SI: 1, Sub-iteration number: 56, FoM: 3.735156628437153e-10
06/06/2022 06:30:08.539 - oc_logger - INFO - New record achieved. Previous FoM: 9.178457993641587e-11, new best FoM : 1.8698265158434424e-11
06/06/2022 06:30:08.539 - oc_logger - INFO - Function evaluation number: 108, SI: 1, Sub-iteration number: 56, FoM: 1.8698265158434424e-11
06/06/2022 06:30:08.542 - oc_logger - INFO - Function evaluation number: 109, SI: 1, Sub-iteration number: 57, FoM: 6.137368391279097e-11
06/06/2022 06:30:08.545 - oc_logger - INFO - Function evaluation number: 110, SI: 1, Sub-iteration number: 58, FoM: 1.6899448507246007e-10
06/06/2022 06:30:08.548 - oc_logger - INFO - Function evaluation number: 111, SI: 1, Sub-iteration number: 58, FoM: 2.6615154524733953e-11
06/06/2022 06:30:08.550 - oc_logger - INFO - Function evaluation number: 112, SI: 1, Sub-iteration number: 59, FoM: 6.388134465851181e-11
06/06/2022 06:30:08.553 - oc_logger - INFO - Function evaluation number: 113, SI: 1, Sub-iteration number: 59, FoM: 2.771127771694637e-11
06/06/2022 06:30:08.556 - oc_logger - INFO - Function evaluation number: 114, SI: 1, Sub-iteration number: 60, FoM: 3.4917402302880873e-11
06/06/2022 06:30:08.558 - oc_logger - INFO - New record achieved. Previous FoM: 1.8698265158434424e-11, new best FoM : 1.1468381799772942e-11
06/06/2022 06:30:08.558 - oc_logger - INFO - Function evaluation number: 115, SI: 1, Sub-iteration number: 60, FoM: 1.1468381799772942e-11
06/06/2022 06:30:08.562 - oc_logger - INFO - Function evaluation number: 116, SI: 1, Sub-iteration number: 61, FoM: 5.732914143408152e-11
06/06/2022 06:30:08.564 - oc_logger - INFO - New record achieved. Previous FoM: 1.1468381799772942e-11, new best FoM : 6.058042956169629e-12
06/06/2022 06:30:08.565 - oc_logger - INFO - Function evaluation number: 117, SI: 1, Sub-iteration number: 61, FoM: 6.058042956169629e-12
06/06/2022 06:30:08.568 - oc_logger - INFO - Function evaluation number: 118, SI: 1, Sub-iteration number: 62, FoM: 1.1263212584822213e-11
06/06/2022 06:30:08.571 - oc_logger - INFO - Function evaluation number: 119, SI: 1, Sub-iteration number: 63, FoM: 2.910316432291893e-11
06/06/2022 06:30:08.573 - oc_logger - INFO - New record achieved. Previous FoM: 6.058042956169629e-12, new best FoM : 1.2190248810384219e-12
06/06/2022 06:30:08.573 - oc_logger - INFO - Function evaluation number: 120, SI: 1, Sub-iteration number: 63, FoM: 1.2190248810384219e-12
06/06/2022 06:30:08.577 - oc_logger - INFO - Function evaluation number: 121, SI: 1, Sub-iteration number: 64, FoM: 8.032907672372858e-12
06/06/2022 06:30:08.580 - oc_logger - INFO - Function evaluation number: 122, SI: 1, Sub-iteration number: 64, FoM: 2.5809354653461014e-12
06/06/2022 06:30:08.583 - oc_logger - INFO - Function evaluation number: 123, SI: 1, Sub-iteration number: 65, FoM: 9.661382804893037e-12
06/06/2022 06:30:08.585 - oc_logger - INFO - Function evaluation number: 124, SI: 1, Sub-iteration number: 65, FoM: 2.1311841180704505e-12
06/06/2022 06:30:08.587 - oc_logger - INFO - Function evaluation number: 125, SI: 1, Sub-iteration number: 66, FoM: 3.113287405653864e-12
06/06/2022 06:30:08.590 - oc_logger - INFO - New record achieved. Previous FoM: 1.2190248810384219e-12, new best FoM : 9.926504063173525e-13
06/06/2022 06:30:08.590 - oc_logger - INFO - Function evaluation number: 126, SI: 1, Sub-iteration number: 66, FoM: 9.926504063173525e-13
06/06/2022 06:30:08.595 - oc_logger - INFO - Function evaluation number: 127, SI: 1, Sub-iteration number: 67, FoM: 4.2977843506264435e-12
06/06/2022 06:30:08.598 - oc_logger - INFO - New record achieved. Previous FoM: 9.926504063173525e-13, new best FoM : 5.366818101038007e-13
06/06/2022 06:30:08.598 - oc_logger - INFO - Function evaluation number: 128, SI: 1, Sub-iteration number: 67, FoM: 5.366818101038007e-13
06/06/2022 06:30:08.603 - oc_logger - INFO - Function evaluation number: 129, SI: 1, Sub-iteration number: 68, FoM: 5.46451772720502e-13
06/06/2022 06:30:08.605 - oc_logger - INFO - Function evaluation number: 130, SI: 1, Sub-iteration number: 69, FoM: 2.1469492850201277e-12
06/06/2022 06:30:08.608 - oc_logger - INFO - New record achieved. Previous FoM: 5.366818101038007e-13, new best FoM : 2.0583534876550402e-13
06/06/2022 06:30:08.608 - oc_logger - INFO - Function evaluation number: 131, SI: 1, Sub-iteration number: 69, FoM: 2.0583534876550402e-13
06/06/2022 06:30:08.612 - oc_logger - INFO - Function evaluation number: 132, SI: 1, Sub-iteration number: 70, FoM: 4.027889133340068e-13
06/06/2022 06:30:08.614 - oc_logger - INFO - Function evaluation number: 133, SI: 1, Sub-iteration number: 71, FoM: 1.0649259252204502e-12
06/06/2022 06:30:08.617 - oc_logger - INFO - New record achieved. Previous FoM: 2.0583534876550402e-13, new best FoM : 1.376676550535194e-13
06/06/2022 06:30:08.617 - oc_logger - INFO - Function evaluation number: 134, SI: 1, Sub-iteration number: 71, FoM: 1.376676550535194e-13
06/06/2022 06:30:08.621 - oc_logger - INFO - Function evaluation number: 135, SI: 1, Sub-iteration number: 72, FoM: 1.5898393712632242e-13
06/06/2022 06:30:08.624 - oc_logger - INFO - Function evaluation number: 136, SI: 1, Sub-iteration number: 73, FoM: 5.824229987183571e-13
06/06/2022 06:30:08.628 - oc_logger - INFO - New record achieved. Previous FoM: 1.376676550535194e-13, new best FoM : 8.43769498715119e-15
06/06/2022 06:30:08.628 - oc_logger - INFO - Function evaluation number: 137, SI: 1, Sub-iteration number: 73, FoM: 8.43769498715119e-15
06/06/2022 06:30:08.631 - oc_logger - INFO - Function evaluation number: 138, SI: 1, Sub-iteration number: 74, FoM: 1.986188991054405e-13
06/06/2022 06:30:08.634 - oc_logger - INFO - Function evaluation number: 139, SI: 1, Sub-iteration number: 74, FoM: 1.4099832412739488e-13
06/06/2022 06:30:08.634 - oc_logger - INFO - SI 1 finished - Number of evaluations: 139, Best FoM: 8.43769498715119e-15, Terminate reason: Convergence of the simplex.

06/06/2022 06:30:08.634 - oc_logger - INFO - Direct search start time has been reset.
06/06/2022 06:30:08.638 - oc_logger - INFO - Function evaluation number: 140, SI: 2, Sub-iteration number: 0, FoM: 8.43769498715119e-15
06/06/2022 06:30:08.640 - oc_logger - INFO - Function evaluation number: 141, SI: 2, Sub-iteration number: 0, FoM: 0.0003367183984264166
06/06/2022 06:30:08.643 - oc_logger - INFO - Function evaluation number: 142, SI: 2, Sub-iteration number: 0, FoM: 0.00966414557756079
06/06/2022 06:30:08.646 - oc_logger - INFO - Function evaluation number: 143, SI: 2, Sub-iteration number: 1, FoM: 0.012638140303645296
06/06/2022 06:30:08.648 - oc_logger - INFO - Function evaluation number: 144, SI: 2, Sub-iteration number: 1, FoM: 0.005086656773167331
06/06/2022 06:30:08.651 - oc_logger - INFO - Function evaluation number: 145, SI: 2, Sub-iteration number: 2, FoM: 0.006081349464151398
06/06/2022 06:30:08.654 - oc_logger - INFO - Function evaluation number: 146, SI: 2, Sub-iteration number: 2, FoM: 0.0025433362362601297
06/06/2022 06:30:08.657 - oc_logger - INFO - Function evaluation number: 147, SI: 2, Sub-iteration number: 3, FoM: 0.003042776804924152
06/06/2022 06:30:08.660 - oc_logger - INFO - Function evaluation number: 148, SI: 2, Sub-iteration number: 3, FoM: 0.0012088597301394
06/06/2022 06:30:08.663 - oc_logger - INFO - Function evaluation number: 149, SI: 2, Sub-iteration number: 4, FoM: 0.0015844605936478073
06/06/2022 06:30:08.666 - oc_logger - INFO - Function evaluation number: 150, SI: 2, Sub-iteration number: 4, FoM: 0.0005260269346876179
06/06/2022 06:30:08.669 - oc_logger - INFO - Function evaluation number: 151, SI: 2, Sub-iteration number: 5, FoM: 0.0008706662045716573
06/06/2022 06:30:08.671 - oc_logger - INFO - Function evaluation number: 152, SI: 2, Sub-iteration number: 5, FoM: 0.00018072596229856686
06/06/2022 06:30:08.674 - oc_logger - INFO - Function evaluation number: 153, SI: 2, Sub-iteration number: 6, FoM: 0.0005106293330994216
06/06/2022 06:30:08.677 - oc_logger - INFO - Function evaluation number: 154, SI: 2, Sub-iteration number: 6, FoM: 0.00012204556293071711
06/06/2022 06:30:08.679 - oc_logger - INFO - Function evaluation number: 155, SI: 2, Sub-iteration number: 7, FoM: 0.0003035970176644698
06/06/2022 06:30:08.682 - oc_logger - INFO - Function evaluation number: 156, SI: 2, Sub-iteration number: 7, FoM: 6.02601132617675e-05
06/06/2022 06:30:08.685 - oc_logger - INFO - Function evaluation number: 157, SI: 2, Sub-iteration number: 8, FoM: 0.00018091579730583618
06/06/2022 06:30:08.688 - oc_logger - INFO - Function evaluation number: 158, SI: 2, Sub-iteration number: 8, FoM: 4.564664810535746e-05
06/06/2022 06:30:08.691 - oc_logger - INFO - Function evaluation number: 159, SI: 2, Sub-iteration number: 9, FoM: 0.00010606973089777316
06/06/2022 06:30:08.694 - oc_logger - INFO - Function evaluation number: 160, SI: 2, Sub-iteration number: 9, FoM: 1.8867059022431576e-05
06/06/2022 06:30:08.697 - oc_logger - INFO - Function evaluation number: 161, SI: 2, Sub-iteration number: 10, FoM: 6.413480595801602e-05
06/06/2022 06:30:08.699 - oc_logger - INFO - Function evaluation number: 162, SI: 2, Sub-iteration number: 10, FoM: 1.798660740137681e-05
06/06/2022 06:30:08.703 - oc_logger - INFO - Function evaluation number: 163, SI: 2, Sub-iteration number: 11, FoM: 3.6939090906962235e-05
06/06/2022 06:30:08.705 - oc_logger - INFO - Function evaluation number: 164, SI: 2, Sub-iteration number: 11, FoM: 5.00730204988642e-06
06/06/2022 06:30:08.708 - oc_logger - INFO - Function evaluation number: 165, SI: 2, Sub-iteration number: 12, FoM: 2.2859769583494227e-05
06/06/2022 06:30:08.710 - oc_logger - INFO - Function evaluation number: 166, SI: 2, Sub-iteration number: 12, FoM: 7.686735315926008e-06
06/06/2022 06:30:08.713 - oc_logger - INFO - Function evaluation number: 167, SI: 2, Sub-iteration number: 13, FoM: 1.2736386866496474e-05
06/06/2022 06:30:08.716 - oc_logger - INFO - Function evaluation number: 168, SI: 2, Sub-iteration number: 13, FoM: 2.5588894578820742e-06
06/06/2022 06:30:08.720 - oc_logger - INFO - Function evaluation number: 169, SI: 2, Sub-iteration number: 14, FoM: 7.693417702014926e-06
06/06/2022 06:30:08.723 - oc_logger - INFO - Function evaluation number: 170, SI: 2, Sub-iteration number: 14, FoM: 1.8977442746148654e-06
06/06/2022 06:30:08.725 - oc_logger - INFO - Function evaluation number: 171, SI: 2, Sub-iteration number: 15, FoM: 4.4521255075924415e-06
06/06/2022 06:30:08.728 - oc_logger - INFO - Function evaluation number: 172, SI: 2, Sub-iteration number: 15, FoM: 7.873399094915356e-07
06/06/2022 06:30:08.731 - oc_logger - INFO - Function evaluation number: 173, SI: 2, Sub-iteration number: 16, FoM: 2.728688630160292e-06
06/06/2022 06:30:08.733 - oc_logger - INFO - Function evaluation number: 174, SI: 2, Sub-iteration number: 16, FoM: 7.674026312187721e-07
06/06/2022 06:30:08.736 - oc_logger - INFO - Function evaluation number: 175, SI: 2, Sub-iteration number: 17, FoM: 1.5448491268443831e-06
06/06/2022 06:30:08.739 - oc_logger - INFO - Function evaluation number: 176, SI: 2, Sub-iteration number: 17, FoM: 1.9243427851201034e-07
06/06/2022 06:30:08.741 - oc_logger - INFO - Function evaluation number: 177, SI: 2, Sub-iteration number: 18, FoM: 9.77100484078619e-07
06/06/2022 06:30:08.744 - oc_logger - INFO - Function evaluation number: 178, SI: 2, Sub-iteration number: 18, FoM: 3.429841060054173e-07
06/06/2022 06:30:08.747 - oc_logger - INFO - Function evaluation number: 179, SI: 2, Sub-iteration number: 19, FoM: 5.292695152148141e-07
06/06/2022 06:30:08.749 - oc_logger - INFO - Function evaluation number: 180, SI: 2, Sub-iteration number: 19, FoM: 1.2784738379068017e-07
06/06/2022 06:30:08.753 - oc_logger - INFO - Function evaluation number: 181, SI: 2, Sub-iteration number: 20, FoM: 3.028091977164138e-07
06/06/2022 06:30:08.756 - oc_logger - INFO - Function evaluation number: 182, SI: 2, Sub-iteration number: 20, FoM: 5.9601821478239e-08
06/06/2022 06:30:08.758 - oc_logger - INFO - Function evaluation number: 183, SI: 2, Sub-iteration number: 21, FoM: 1.8803204338002644e-07
06/06/2022 06:30:08.761 - oc_logger - INFO - Function evaluation number: 184, SI: 2, Sub-iteration number: 21, FoM: 5.145684700558206e-08
06/06/2022 06:30:08.763 - oc_logger - INFO - Function evaluation number: 185, SI: 2, Sub-iteration number: 22, FoM: 1.0504857517190658e-07
06/06/2022 06:30:08.766 - oc_logger - INFO - Function evaluation number: 186, SI: 2, Sub-iteration number: 22, FoM: 1.4817124749377797e-08
06/06/2022 06:30:08.769 - oc_logger - INFO - Function evaluation number: 187, SI: 2, Sub-iteration number: 23, FoM: 6.763463344938714e-08
06/06/2022 06:30:08.771 - oc_logger - INFO - Function evaluation number: 188, SI: 2, Sub-iteration number: 23, FoM: 2.331915882614055e-08
06/06/2022 06:30:08.774 - oc_logger - INFO - Function evaluation number: 189, SI: 2, Sub-iteration number: 24, FoM: 3.62266965314717e-08
06/06/2022 06:30:08.776 - oc_logger - INFO - Function evaluation number: 190, SI: 2, Sub-iteration number: 24, FoM: 8.841482879162754e-09
06/06/2022 06:30:08.779 - oc_logger - INFO - Function evaluation number: 191, SI: 2, Sub-iteration number: 25, FoM: 1.9467767176095663e-08
06/06/2022 06:30:08.781 - oc_logger - INFO - Function evaluation number: 192, SI: 2, Sub-iteration number: 25, FoM: 4.197994063481758e-09
06/06/2022 06:30:08.784 - oc_logger - INFO - Function evaluation number: 193, SI: 2, Sub-iteration number: 26, FoM: 1.2946027250215764e-08
06/06/2022 06:30:08.787 - oc_logger - INFO - Function evaluation number: 194, SI: 2, Sub-iteration number: 26, FoM: 3.853517727137046e-09
06/06/2022 06:30:08.790 - oc_logger - INFO - Function evaluation number: 195, SI: 2, Sub-iteration number: 27, FoM: 6.686757147988942e-09
06/06/2022 06:30:08.792 - oc_logger - INFO - Function evaluation number: 196, SI: 2, Sub-iteration number: 27, FoM: 6.938205565631961e-10
06/06/2022 06:30:08.795 - oc_logger - INFO - Function evaluation number: 197, SI: 2, Sub-iteration number: 28, FoM: 4.764891703423757e-09
06/06/2022 06:30:08.798 - oc_logger - INFO - Function evaluation number: 198, SI: 2, Sub-iteration number: 28, FoM: 2.012428224063001e-09
06/06/2022 06:30:08.800 - oc_logger - INFO - Function evaluation number: 199, SI: 2, Sub-iteration number: 29, FoM: 2.296784984423539e-09
06/06/2022 06:30:08.802 - oc_logger - INFO - Function evaluation number: 200, SI: 2, Sub-iteration number: 29, FoM: 1.0135017269874425e-09
06/06/2022 06:30:08.805 - oc_logger - INFO - Function evaluation number: 201, SI: 2, Sub-iteration number: 30, FoM: 1.1411060985011545e-09
06/06/2022 06:30:08.807 - oc_logger - INFO - Function evaluation number: 202, SI: 2, Sub-iteration number: 30, FoM: 4.944431530873317e-10
06/06/2022 06:30:08.810 - oc_logger - INFO - Function evaluation number: 203, SI: 2, Sub-iteration number: 31, FoM: 1.3110801333482414e-10
06/06/2022 06:30:08.814 - oc_logger - INFO - Function evaluation number: 204, SI: 2, Sub-iteration number: 32, FoM: 1.7799071105883968e-09
06/06/2022 06:30:08.816 - oc_logger - INFO - Function evaluation number: 205, SI: 2, Sub-iteration number: 32, FoM: 4.994271662894789e-10
06/06/2022 06:30:08.818 - oc_logger - INFO - Function evaluation number: 206, SI: 2, Sub-iteration number: 32, FoM: 1.2201550880774903e-10
06/06/2022 06:30:08.821 - oc_logger - INFO - Function evaluation number: 207, SI: 2, Sub-iteration number: 32, FoM: 3.4862868147911286e-10
06/06/2022 06:30:08.824 - oc_logger - INFO - Function evaluation number: 208, SI: 2, Sub-iteration number: 33, FoM: 5.807674341440361e-10
06/06/2022 06:30:08.827 - oc_logger - INFO - Function evaluation number: 209, SI: 2, Sub-iteration number: 33, FoM: 2.596738379878616e-10
06/06/2022 06:30:08.831 - oc_logger - INFO - Function evaluation number: 210, SI: 2, Sub-iteration number: 34, FoM: 2.050271064035769e-10
06/06/2022 06:30:08.834 - oc_logger - INFO - Function evaluation number: 211, SI: 2, Sub-iteration number: 34, FoM: 5.3005710931586236e-11
06/06/2022 06:30:08.836 - oc_logger - INFO - Function evaluation number: 212, SI: 2, Sub-iteration number: 35, FoM: 1.7954271402942368e-10
06/06/2022 06:30:08.839 - oc_logger - INFO - Function evaluation number: 213, SI: 2, Sub-iteration number: 35, FoM: 5.8076432551956714e-11
06/06/2022 06:30:08.842 - oc_logger - INFO - Function evaluation number: 214, SI: 2, Sub-iteration number: 36, FoM: 9.270151313245378e-11
06/06/2022 06:30:08.844 - oc_logger - INFO - Function evaluation number: 215, SI: 2, Sub-iteration number: 36, FoM: 2.3243851288157202e-11
06/06/2022 06:30:08.847 - oc_logger - INFO - Function evaluation number: 216, SI: 2, Sub-iteration number: 37, FoM: 3.82938125653709e-11
06/06/2022 06:30:08.849 - oc_logger - INFO - Function evaluation number: 217, SI: 2, Sub-iteration number: 37, FoM: 3.363931355693239e-11
06/06/2022 06:30:08.852 - oc_logger - INFO - Function evaluation number: 218, SI: 2, Sub-iteration number: 38, FoM: 1.2007728145135843e-11
06/06/2022 06:30:08.854 - oc_logger - INFO - Function evaluation number: 219, SI: 2, Sub-iteration number: 39, FoM: 3.371203316504534e-11
06/06/2022 06:30:08.858 - oc_logger - INFO - Function evaluation number: 220, SI: 2, Sub-iteration number: 39, FoM: 1.2659651105195735e-11
06/06/2022 06:30:08.862 - oc_logger - INFO - Function evaluation number: 221, SI: 2, Sub-iteration number: 40, FoM: 1.5818235610254305e-11
06/06/2022 06:30:08.864 - oc_logger - INFO - Function evaluation number: 222, SI: 2, Sub-iteration number: 40, FoM: 6.454614620565735e-12
06/06/2022 06:30:08.867 - oc_logger - INFO - Function evaluation number: 223, SI: 2, Sub-iteration number: 41, FoM: 1.1100009800202315e-12
06/06/2022 06:30:08.870 - oc_logger - INFO - Function evaluation number: 224, SI: 2, Sub-iteration number: 42, FoM: 3.3187452785909954e-11
06/06/2022 06:30:08.873 - oc_logger - INFO - Function evaluation number: 225, SI: 2, Sub-iteration number: 42, FoM: 7.605693852497097e-12
06/06/2022 06:30:08.876 - oc_logger - INFO - Function evaluation number: 226, SI: 2, Sub-iteration number: 42, FoM: 1.3848922009174203e-12
06/06/2022 06:30:08.878 - oc_logger - INFO - Function evaluation number: 227, SI: 2, Sub-iteration number: 42, FoM: 5.369038547087257e-12
06/06/2022 06:30:08.881 - oc_logger - INFO - Function evaluation number: 228, SI: 2, Sub-iteration number: 43, FoM: 1.0951017870297619e-11
06/06/2022 06:30:08.883 - oc_logger - INFO - Function evaluation number: 229, SI: 2, Sub-iteration number: 43, FoM: 4.0538683521162966e-12
06/06/2022 06:30:08.886 - oc_logger - INFO - Function evaluation number: 230, SI: 2, Sub-iteration number: 44, FoM: 4.104494522039204e-12
06/06/2022 06:30:08.889 - oc_logger - INFO - Function evaluation number: 231, SI: 2, Sub-iteration number: 44, FoM: 2.7056135110115065e-12
06/06/2022 06:30:08.893 - oc_logger - INFO - Function evaluation number: 232, SI: 2, Sub-iteration number: 45, FoM: 1.3734569037637812e-12
06/06/2022 06:30:08.896 - oc_logger - INFO - Function evaluation number: 233, SI: 2, Sub-iteration number: 46, FoM: 2.7232660571030465e-12
06/06/2022 06:30:08.898 - oc_logger - INFO - Function evaluation number: 234, SI: 2, Sub-iteration number: 46, FoM: 5.053735208093713e-13
06/06/2022 06:30:08.901 - oc_logger - INFO - Function evaluation number: 235, SI: 2, Sub-iteration number: 47, FoM: 1.410871419693649e-12
06/06/2022 06:30:08.904 - oc_logger - INFO - Function evaluation number: 236, SI: 2, Sub-iteration number: 47, FoM: 4.1733283495659634e-13
06/06/2022 06:30:08.906 - oc_logger - INFO - Function evaluation number: 237, SI: 2, Sub-iteration number: 48, FoM: 9.948708523666028e-13
06/06/2022 06:30:08.909 - oc_logger - INFO - Function evaluation number: 238, SI: 2, Sub-iteration number: 48, FoM: 2.3225865675158275e-13
06/06/2022 06:30:08.911 - oc_logger - INFO - Function evaluation number: 239, SI: 2, Sub-iteration number: 49, FoM: 4.662936703425657e-13
06/06/2022 06:30:08.914 - oc_logger - INFO - Function evaluation number: 240, SI: 2, Sub-iteration number: 49, FoM: 8.215650382226158e-14
06/06/2022 06:30:08.917 - oc_logger - INFO - Function evaluation number: 241, SI: 2, Sub-iteration number: 50, FoM: 3.823608096809039e-13
06/06/2022 06:30:08.921 - oc_logger - INFO - Function evaluation number: 242, SI: 2, Sub-iteration number: 50, FoM: 1.3811174426336947e-13
06/06/2022 06:30:08.924 - oc_logger - INFO - Function evaluation number: 243, SI: 2, Sub-iteration number: 51, FoM: 1.6853185513809876e-13
06/06/2022 06:30:08.927 - oc_logger - INFO - Function evaluation number: 244, SI: 2, Sub-iteration number: 51, FoM: 7.638334409421077e-14
06/06/2022 06:30:08.930 - oc_logger - INFO - Function evaluation number: 245, SI: 2, Sub-iteration number: 52, FoM: 1.554312234475219e-14
06/06/2022 06:30:08.932 - oc_logger - INFO - Function evaluation number: 246, SI: 2, Sub-iteration number: 53, FoM: 3.319566843629218e-13
06/06/2022 06:30:08.935 - oc_logger - INFO - Function evaluation number: 247, SI: 2, Sub-iteration number: 53, FoM: 7.949196856316121e-14
06/06/2022 06:30:08.938 - oc_logger - INFO - Function evaluation number: 248, SI: 2, Sub-iteration number: 53, FoM: 1.1546319456101628e-14
06/06/2022 06:30:08.941 - oc_logger - INFO - Function evaluation number: 249, SI: 2, Sub-iteration number: 53, FoM: 5.395683899678261e-14
06/06/2022 06:30:08.941 - oc_logger - INFO - SI 2 finished - Number of evaluations: 110, Best FoM: 8.43769498715119e-15, Terminate reason: Convergence of the simplex.

06/06/2022 06:30:08.941 - oc_logger - INFO - Direct search start time has been reset.
06/06/2022 06:30:08.944 - oc_logger - INFO - Function evaluation number: 250, SI: 3, Sub-iteration number: 0, FoM: 8.43769498715119e-15
06/06/2022 06:30:08.946 - oc_logger - INFO - Function evaluation number: 251, SI: 3, Sub-iteration number: 0, FoM: 0.009578877892141291
06/06/2022 06:30:08.949 - oc_logger - INFO - Function evaluation number: 252, SI: 3, Sub-iteration number: 0, FoM: 0.0016075998715288087
06/06/2022 06:30:08.953 - oc_logger - INFO - Function evaluation number: 253, SI: 3, Sub-iteration number: 1, FoM: 0.01405662107654615
06/06/2022 06:30:08.956 - oc_logger - INFO - Function evaluation number: 254, SI: 3, Sub-iteration number: 1, FoM: 0.004761265968838746
06/06/2022 06:30:08.959 - oc_logger - INFO - Function evaluation number: 255, SI: 3, Sub-iteration number: 2, FoM: 0.007076322017273262
06/06/2022 06:30:08.962 - oc_logger - INFO - Function evaluation number: 256, SI: 3, Sub-iteration number: 2, FoM: 0.0020737010785367715
06/06/2022 06:30:08.965 - oc_logger - INFO - Function evaluation number: 257, SI: 3, Sub-iteration number: 3, FoM: 0.0038475752558578824
06/06/2022 06:30:08.967 - oc_logger - INFO - Function evaluation number: 258, SI: 3, Sub-iteration number: 3, FoM: 0.0006612008621500465
06/06/2022 06:30:08.970 - oc_logger - INFO - Function evaluation number: 259, SI: 3, Sub-iteration number: 4, FoM: 0.0021931736258407053
06/06/2022 06:30:08.972 - oc_logger - INFO - Function evaluation number: 260, SI: 3, Sub-iteration number: 4, FoM: 0.0006279121943923993
06/06/2022 06:30:08.975 - oc_logger - INFO - Function evaluation number: 261, SI: 3, Sub-iteration number: 5, FoM: 0.0013076678973514833
06/06/2022 06:30:08.977 - oc_logger - INFO - Function evaluation number: 262, SI: 3, Sub-iteration number: 5, FoM: 0.00017690250894975001
06/06/2022 06:30:08.980 - oc_logger - INFO - Function evaluation number: 263, SI: 3, Sub-iteration number: 6, FoM: 0.0007939688745164375
06/06/2022 06:30:08.983 - oc_logger - INFO - Function evaluation number: 264, SI: 3, Sub-iteration number: 6, FoM: 0.0002681803315041087
06/06/2022 06:30:08.985 - oc_logger - INFO - Function evaluation number: 265, SI: 3, Sub-iteration number: 7, FoM: 0.00044275717557562544
06/06/2022 06:30:08.988 - oc_logger - INFO - Function evaluation number: 266, SI: 3, Sub-iteration number: 7, FoM: 8.938074670228335e-05
06/06/2022 06:30:08.990 - oc_logger - INFO - Function evaluation number: 267, SI: 3, Sub-iteration number: 8, FoM: 0.0002677407579004809
06/06/2022 06:30:08.993 - oc_logger - INFO - Function evaluation number: 268, SI: 3, Sub-iteration number: 8, FoM: 6.636286620920195e-05
06/06/2022 06:30:08.995 - oc_logger - INFO - Function evaluation number: 269, SI: 3, Sub-iteration number: 9, FoM: 0.0001554472744982327
06/06/2022 06:30:08.998 - oc_logger - INFO - Function evaluation number: 270, SI: 3, Sub-iteration number: 9, FoM: 2.7995591588836355e-05
06/06/2022 06:30:09.000 - oc_logger - INFO - Function evaluation number: 271, SI: 3, Sub-iteration number: 10, FoM: 9.464472073028585e-05
06/06/2022 06:30:09.003 - oc_logger - INFO - Function evaluation number: 272, SI: 3, Sub-iteration number: 10, FoM: 2.625282376889082e-05
06/06/2022 06:30:09.005 - oc_logger - INFO - Function evaluation number: 273, SI: 3, Sub-iteration number: 11, FoM: 5.4186358589891626e-05
06/06/2022 06:30:09.008 - oc_logger - INFO - Function evaluation number: 274, SI: 3, Sub-iteration number: 11, FoM: 7.39789535619817e-06
06/06/2022 06:30:09.011 - oc_logger - INFO - Function evaluation number: 275, SI: 3, Sub-iteration number: 12, FoM: 3.372913364796393e-05
06/06/2022 06:30:09.014 - oc_logger - INFO - Function evaluation number: 276, SI: 3, Sub-iteration number: 12, FoM: 1.1304341084761305e-05
06/06/2022 06:30:09.017 - oc_logger - INFO - Function evaluation number: 277, SI: 3, Sub-iteration number: 13, FoM: 1.8686639285059314e-05
06/06/2022 06:30:09.019 - oc_logger - INFO - Function evaluation number: 278, SI: 3, Sub-iteration number: 13, FoM: 3.818347556139301e-06
06/06/2022 06:30:09.022 - oc_logger - INFO - Function evaluation number: 279, SI: 3, Sub-iteration number: 14, FoM: 1.1156445905990964e-05
06/06/2022 06:30:09.024 - oc_logger - INFO - Function evaluation number: 280, SI: 3, Sub-iteration number: 14, FoM: 2.7285552376410394e-06
06/06/2022 06:30:09.027 - oc_logger - INFO - Function evaluation number: 281, SI: 3, Sub-iteration number: 15, FoM: 6.549558594803884e-06
06/06/2022 06:30:09.031 - oc_logger - INFO - Function evaluation number: 282, SI: 3, Sub-iteration number: 15, FoM: 1.235283831002576e-06
06/06/2022 06:30:09.034 - oc_logger - INFO - Function evaluation number: 283, SI: 3, Sub-iteration number: 16, FoM: 3.943581798004914e-06
06/06/2022 06:30:09.037 - oc_logger - INFO - Function evaluation number: 284, SI: 3, Sub-iteration number: 16, FoM: 1.0483287534723829e-06
06/06/2022 06:30:09.039 - oc_logger - INFO - Function evaluation number: 285, SI: 3, Sub-iteration number: 17, FoM: 2.288280864237713e-06
06/06/2022 06:30:09.042 - oc_logger - INFO - Function evaluation number: 286, SI: 3, Sub-iteration number: 17, FoM: 3.5991350255670795e-07
06/06/2022 06:30:09.045 - oc_logger - INFO - Function evaluation number: 287, SI: 3, Sub-iteration number: 18, FoM: 1.4002518693434496e-06
06/06/2022 06:30:09.047 - oc_logger - INFO - Function evaluation number: 288, SI: 3, Sub-iteration number: 18, FoM: 4.3076365252581184e-07
06/06/2022 06:30:09.050 - oc_logger - INFO - Function evaluation number: 289, SI: 3, Sub-iteration number: 19, FoM: 7.935258867775019e-07
06/06/2022 06:30:09.053 - oc_logger - INFO - Function evaluation number: 290, SI: 3, Sub-iteration number: 19, FoM: 1.2333633103711605e-07
06/06/2022 06:30:09.055 - oc_logger - INFO - Function evaluation number: 291, SI: 3, Sub-iteration number: 20, FoM: 4.913488331759197e-07
06/06/2022 06:30:09.059 - oc_logger - INFO - Function evaluation number: 292, SI: 3, Sub-iteration number: 20, FoM: 1.5127789310120932e-07
06/06/2022 06:30:09.063 - oc_logger - INFO - Function evaluation number: 293, SI: 3, Sub-iteration number: 21, FoM: 2.74353720186582e-07
06/06/2022 06:30:09.065 - oc_logger - INFO - Function evaluation number: 294, SI: 3, Sub-iteration number: 21, FoM: 4.591495672556789e-08
06/06/2022 06:30:09.068 - oc_logger - INFO - Function evaluation number: 295, SI: 3, Sub-iteration number: 22, FoM: 1.6607043606953198e-07
06/06/2022 06:30:09.070 - oc_logger - INFO - Function evaluation number: 296, SI: 3, Sub-iteration number: 22, FoM: 4.916771911833706e-08
06/06/2022 06:30:09.073 - oc_logger - INFO - Function evaluation number: 297, SI: 3, Sub-iteration number: 23, FoM: 9.553552660079845e-08
06/06/2022 06:30:09.076 - oc_logger - INFO - Function evaluation number: 298, SI: 3, Sub-iteration number: 23, FoM: 1.2537686555624816e-08
06/06/2022 06:30:09.078 - oc_logger - INFO - Function evaluation number: 299, SI: 3, Sub-iteration number: 24, FoM: 6.036114852392416e-08
06/06/2022 06:30:09.081 - oc_logger - INFO - Function evaluation number: 300, SI: 3, Sub-iteration number: 24, FoM: 2.0379121279390233e-08
06/06/2022 06:30:09.083 - oc_logger - INFO - Function evaluation number: 301, SI: 3, Sub-iteration number: 25, FoM: 3.27589902981984e-08
06/06/2022 06:30:09.085 - oc_logger - INFO - Function evaluation number: 302, SI: 3, Sub-iteration number: 25, FoM: 7.352884967559703e-09
06/06/2022 06:30:09.089 - oc_logger - INFO - Function evaluation number: 303, SI: 3, Sub-iteration number: 26, FoM: 1.8961000547434992e-08
06/06/2022 06:30:09.093 - oc_logger - INFO - Function evaluation number: 304, SI: 3, Sub-iteration number: 26, FoM: 4.147322707481749e-09
06/06/2022 06:30:09.095 - oc_logger - INFO - Function evaluation number: 305, SI: 3, Sub-iteration number: 27, FoM: 1.160860885196513e-08
06/06/2022 06:30:09.098 - oc_logger - INFO - Function evaluation number: 306, SI: 3, Sub-iteration number: 27, FoM: 2.800550680248648e-09
06/06/2022 06:30:09.100 - oc_logger - INFO - Function evaluation number: 307, SI: 3, Sub-iteration number: 28, FoM: 6.605733071651798e-09
06/06/2022 06:30:09.103 - oc_logger - INFO - Function evaluation number: 308, SI: 3, Sub-iteration number: 28, FoM: 1.2405387828096082e-09
06/06/2022 06:30:09.106 - oc_logger - INFO - Function evaluation number: 309, SI: 3, Sub-iteration number: 29, FoM: 4.147839294255107e-09
06/06/2022 06:30:09.108 - oc_logger - INFO - Function evaluation number: 310, SI: 3, Sub-iteration number: 29, FoM: 1.1747951500495901e-09
06/06/2022 06:30:09.111 - oc_logger - INFO - Function evaluation number: 311, SI: 3, Sub-iteration number: 30, FoM: 2.272610322151536e-09
06/06/2022 06:30:09.113 - oc_logger - INFO - Function evaluation number: 312, SI: 3, Sub-iteration number: 30, FoM: 2.6166790956239083e-10
06/06/2022 06:30:09.116 - oc_logger - INFO - Function evaluation number: 313, SI: 3, Sub-iteration number: 31, FoM: 1.5040033662927499e-09
06/06/2022 06:30:09.119 - oc_logger - INFO - Function evaluation number: 314, SI: 3, Sub-iteration number: 31, FoM: 5.656732859904423e-10
06/06/2022 06:30:09.123 - oc_logger - INFO - Function evaluation number: 315, SI: 3, Sub-iteration number: 32, FoM: 7.737267493368449e-10
06/06/2022 06:30:09.126 - oc_logger - INFO - Function evaluation number: 316, SI: 3, Sub-iteration number: 32, FoM: 2.4596658043662956e-10
06/06/2022 06:30:09.129 - oc_logger - INFO - Function evaluation number: 317, SI: 3, Sub-iteration number: 33, FoM: 3.8123215695407e-10
06/06/2022 06:30:09.131 - oc_logger - INFO - Function evaluation number: 318, SI: 3, Sub-iteration number: 33, FoM: 3.800781911422746e-11
06/06/2022 06:30:09.134 - oc_logger - INFO - Function evaluation number: 319, SI: 3, Sub-iteration number: 34, FoM: 2.834581458444063e-10
06/06/2022 06:30:09.136 - oc_logger - INFO - Function evaluation number: 320, SI: 3, Sub-iteration number: 34, FoM: 1.2904677326730507e-10
06/06/2022 06:30:09.139 - oc_logger - INFO - Function evaluation number: 321, SI: 3, Sub-iteration number: 35, FoM: 1.3566270329334884e-10
06/06/2022 06:30:09.141 - oc_logger - INFO - Function evaluation number: 322, SI: 3, Sub-iteration number: 35, FoM: 6.672884467207041e-11
06/06/2022 06:30:09.143 - oc_logger - INFO - Function evaluation number: 323, SI: 3, Sub-iteration number: 36, FoM: 6.562661525322255e-11
06/06/2022 06:30:09.146 - oc_logger - INFO - Function evaluation number: 324, SI: 3, Sub-iteration number: 36, FoM: 3.1574409753432064e-11
06/06/2022 06:30:09.149 - oc_logger - INFO - Function evaluation number: 325, SI: 3, Sub-iteration number: 37, FoM: 8.731304568243559e-11
06/06/2022 06:30:09.153 - oc_logger - INFO - Function evaluation number: 326, SI: 3, Sub-iteration number: 37, FoM: 1.2185141784470943e-11
06/06/2022 06:30:09.156 - oc_logger - INFO - Function evaluation number: 327, SI: 3, Sub-iteration number: 38, FoM: 3.191091835219595e-11
06/06/2022 06:30:09.158 - oc_logger - INFO - Function evaluation number: 328, SI: 3, Sub-iteration number: 38, FoM: 1.459465881481492e-11
06/06/2022 06:30:09.161 - oc_logger - INFO - Function evaluation number: 329, SI: 3, Sub-iteration number: 39, FoM: 1.7147838704545393e-11
06/06/2022 06:30:09.164 - oc_logger - INFO - Function evaluation number: 330, SI: 3, Sub-iteration number: 39, FoM: 6.3797855887059995e-12
06/06/2022 06:30:09.167 - oc_logger - INFO - Function evaluation number: 331, SI: 3, Sub-iteration number: 40, FoM: 2.179356695108936e-11
06/06/2022 06:30:09.169 - oc_logger - INFO - Function evaluation number: 332, SI: 3, Sub-iteration number: 40, FoM: 2.4532598175142084e-12
06/06/2022 06:30:09.172 - oc_logger - INFO - Function evaluation number: 333, SI: 3, Sub-iteration number: 41, FoM: 6.8054450963472846e-12
06/06/2022 06:30:09.174 - oc_logger - INFO - Function evaluation number: 334, SI: 3, Sub-iteration number: 41, FoM: 1.7988943668001411e-12
06/06/2022 06:30:09.177 - oc_logger - INFO - Function evaluation number: 335, SI: 3, Sub-iteration number: 42, FoM: 7.331135698507296e-12
06/06/2022 06:30:09.180 - oc_logger - INFO - Function evaluation number: 336, SI: 3, Sub-iteration number: 42, FoM: 4.2787995369053533e-13
06/06/2022 06:30:09.182 - oc_logger - INFO - Function evaluation number: 337, SI: 3, Sub-iteration number: 43, FoM: 1.9901857939430556e-12
06/06/2022 06:30:09.185 - oc_logger - INFO - Function evaluation number: 338, SI: 3, Sub-iteration number: 43, FoM: 3.0331293032759277e-13
06/06/2022 06:30:09.187 - oc_logger - INFO - Function evaluation number: 339, SI: 3, Sub-iteration number: 44, FoM: 2.8677060726067793e-12
06/06/2022 06:30:09.190 - oc_logger - INFO - Function evaluation number: 340, SI: 3, Sub-iteration number: 44, FoM: 1.2467804566540508e-12
06/06/2022 06:30:09.192 - oc_logger - INFO - Function evaluation number: 341, SI: 3, Sub-iteration number: 44, FoM: 9.698908343125368e-13
06/06/2022 06:30:09.195 - oc_logger - INFO - Function evaluation number: 342, SI: 3, Sub-iteration number: 44, FoM: 1.63158375698913e-12
06/06/2022 06:30:09.198 - oc_logger - INFO - Function evaluation number: 343, SI: 3, Sub-iteration number: 45, FoM: 1.3538059562279159e-12
06/06/2022 06:30:09.200 - oc_logger - INFO - Function evaluation number: 344, SI: 3, Sub-iteration number: 45, FoM: 1.9817480989559044e-13
06/06/2022 06:30:09.203 - oc_logger - INFO - Function evaluation number: 345, SI: 3, Sub-iteration number: 46, FoM: 2.662869924563438e-12
06/06/2022 06:30:09.205 - oc_logger - INFO - Function evaluation number: 346, SI: 3, Sub-iteration number: 46, FoM: 6.210587599753126e-13
06/06/2022 06:30:09.208 - oc_logger - INFO - Function evaluation number: 347, SI: 3, Sub-iteration number: 47, FoM: 1.1965983759409937e-12
06/06/2022 06:30:09.211 - oc_logger - INFO - Function evaluation number: 348, SI: 3, Sub-iteration number: 47, FoM: 3.077538224260934e-13
06/06/2022 06:30:09.213 - oc_logger - INFO - Function evaluation number: 349, SI: 3, Sub-iteration number: 48, FoM: 6.019629239517599e-13
06/06/2022 06:30:09.216 - oc_logger - INFO - Function evaluation number: 350, SI: 3, Sub-iteration number: 48, FoM: 1.1435297153639112e-13
06/06/2022 06:30:09.217 - oc_logger - INFO - SI 3 finished - Number of evaluations: 101, Best FoM: 8.43769498715119e-15, Terminate reason: Convergence of the simplex.

06/06/2022 06:30:09.217 - oc_logger - INFO - Figure of merit : 8.43769498715119e-15
06/06/2022 06:30:09.217 - oc_logger - INFO - Std : 0.0
06/06/2022 06:30:09.217 - oc_logger - INFO - total number of function evaluations : 350
06/06/2022 06:30:09.217 - oc_logger - INFO - dcrab_freq_list : [array([], dtype=float64), array([], dtype=float64), array([], dtype=float64)]
06/06/2022 06:30:09.217 - oc_logger - INFO - dcrab_para_list : [array([5.94141647, 2.27219997]), array([5.94141647, 2.27219997]), array([5.94141647, 2.27219997])]
06/06/2022 06:30:09.217 - oc_logger - INFO - terminate_reason : Convergence of the simplex.
